22 30 0 8 19.777018
49 76 0 8 15.198432
29 40 0 8 15.128146
18 27 0 8 12.132688
28 35 0 8 10.224591
29 37 0 8 10.072453
25 37 0 8 9.434922
51 74 0 8 9.257654
38 46 0 8 8.637048
50 73 0 8 8.612147
50 88 0 8 7.910420
53 86 0 8 7.760581
35 76 0 8 7.715019
38 43 0 8 7.669716
41 46 0 8 6.897101
16 27 0 8 6.893073
22 27 0 8 6.742010
52 88 0 8 6.188619
55 82 0 8 5.727160
9 28 0 8 5.527417
51 56 0 8 5.520844
63 68 0 8 5.321610
41 75 0 8 5.200987
64 69 0 8 5.103000
40 46 0 8 5.064935
49 74 0 8 4.942142
59 80 0 8 4.857853
48 73 0 8 4.853452
57 82 0 8 4.797046
63 69 0 8 4.793178
43 75 0 8 4.575788
19 27 0 8 4.546893
45 75 0 8 4.476804
67 73 0 8 4.452325
18 81 0 8 4.386112
57 80 0 8 4.356927
58 74 0 8 4.303741
28 33 0 8 4.238798
9 16 0 8 4.143933
8 15 0 8 4.111051
7 16 0 8 4.070422
56 74 0 8 4.066657
58 63 0 8 3.997176
48 68 0 8 3.972869
58 78 0 8 3.952886
6 15 0 8 3.929624
73 90 0 8 3.866970
26 40 0 8 3.861399
18 24 0 8 3.710941
37 43 0 8 3.671282
49 87 0 8 3.522244
23 80 0 8 3.515427
61 74 0 8 3.503776
51 58 0 8 3.483318
52 86 0 8 3.452164
38 78 0 8 3.429674
51 79 0 8 3.421761
7 28 0 8 3.414677
4 15 0 8 3.412751
39 44 0 8 3.402991
51 85 0 8 3.369475
58 79 0 8 3.355924
44 77 0 8 3.337924
25 36 0 8 3.336708
56 81 0 8 3.327740
61 68 0 8 3.324260
60 74 0 8 3.283426
48 75 0 8 3.229141
45 68 0 8 3.196524
37 46 0 8 3.193438
74 79 0 8 3.174176
51 62 0 8 3.157642
39 47 0 8 3.154484
42 48 0 8 3.123652
4 17 0 8 3.120606
50 72 0 8 3.089246
47 77 0 8 3.078440
36 46 0 8 3.050456
16 28 0 8 3.048815
38 63 0 8 3.009792
45 61 0 8 2.931226
35 45 0 8 2.899010
39 77 0 8 2.888003
45 58 0 8 2.792505
35 67 0 8 2.788540
61 69 0 8 2.779226
16 31 0 8 2.762362
55 83 0 8 2.755508
63 74 0 8 2.740840
62 79 0 8 2.729340
39 54 0 8 2.709481
48 63 0 8 2.692065
14 33 0 8 2.659561
46 78 0 8 2.574126
41 74 0 8 2.563133
48 76 0 8 2.537174
57 79 0 8 2.534809
10 88 0 8 2.529557
42 72 0 8 2.520015
19 48 0 8 2.499750
64 71 0 8 2.499477
58 75 0 8 2.493628
17 70 0 8 2.450823
49 78 0 8 2.426298
24 76 0 8 2.423704
26 34 0 8 2.374395
53 71 0 8 2.361172
64 72 0 8 2.359893
56 79 0 8 2.356361
40 58 0 8 2.354389
11 88 0 8 2.319109
41 48 0 8 2.318169
23 59 0 8 2.309264
29 35 0 8 2.302804
61 71 0 8 2.289839
19 30 0 8 2.277041
64 75 0 8 2.275062
8 16 0 8 2.273061
24 49 0 8 2.247000
69 74 0 8 2.221295
24 33 0 8 2.212116
12 43 0 8 2.210071
29 62 0 8 2.193275
22 80 0 8 2.176961
60 78 0 8 2.169543
37 42 0 8 2.152555
53 82 0 8 2.107893
46 57 0 8 2.087805
36 89 0 8 2.082024
62 67 0 8 2.074434
43 48 0 8 2.059135
33 43 0 8 2.048368
38 48 0 8 2.048359
15 71 0 8 2.036544
9 51 0 8 2.035372
62 68 0 8 2.029451
5 18 0 8 2.016562
45 63 0 8 2.012914
60 75 0 8 1.988680
76 87 0 8 1.976769
30 53 0 8 1.974932
38 67 0 8 1.968280
31 70 0 8 1.962113
27 74 0 8 1.955040
20 71 0 8 1.950747
38 73 0 8 1.944003
59 79 0 8 1.934543
27 36 0 8 1.933288
56 85 0 8 1.900526
26 71 0 8 1.888337
13 32 0 8 1.840934
16 90 0 8 1.839281
36 78 0 8 1.838220
41 78 0 8 1.836636
56 65 0 8 1.831016
53 61 0 8 1.827425
8 13 0 8 1.820921
6 17 0 8 1.812899
35 49 0 8 1.797413
60 79 0 8 1.796594
11 91 0 8 1.795469
79 85 0 8 1.787649
18 58 0 8 1.785732
6 48 0 8 1.768963
65 71 0 8 1.752598
15 32 0 8 1.746463
19 86 0 8 1.744609
7 14 0 8 1.735603
25 78 0 8 1.735201
28 76 0 8 1.729743
59 81 0 8 1.729637
8 50 0 8 1.711798
26 65 0 8 1.710947
52 83 0 8 1.710599
41 76 0 8 1.709746
34 48 0 8 1.707729
43 67 0 8 1.706847
74 81 0 8 1.693115
38 75 0 8 1.692037
45 76 0 8 1.687177
46 69 0 8 1.684910
61 78 0 8 1.683846
42 47 0 8 1.680623
37 87 0 8 1.680048
6 84 0 8 1.667720
21 31 0 8 1.666987
14 20 0 8 1.653884
7 12 0 8 1.647422
53 87 0 8 1.641624
57 74 0 8 1.639454
45 67 0 8 1.636461
42 54 0 8 1.636384
55 61 0 8 1.633774
19 55 0 8 1.623579
50 71 0 8 1.621647
21 55 0 8 1.619349
40 49 0 8 1.616579
67 81 0 8 1.605830
19 84 0 8 1.596073
59 78 0 8 1.592300
59 66 0 8 1.591176
25 39 0 8 1.579307
43 78 0 8 1.574474
38 51 0 8 1.570855
7 13 0 8 1.570595
21 29 0 8 1.567173
28 72 0 8 1.559615
36 93 0 8 1.544699
65 78 0 8 1.543826
24 74 0 8 1.535684
34 65 0 8 1.528361
31 66 0 8 1.523038
15 73 0 8 1.522317
76 81 0 8 1.518980
28 34 0 8 1.518523
26 51 0 8 1.518472
43 79 0 8 1.516073
28 79 0 8 1.515758
50 84 0 8 1.515227
19 26 0 8 1.511762
69 78 0 8 1.507382
20 81 0 8 1.478121
30 57 0 8 1.477901
28 89 0 8 1.469995
27 81 0 8 1.469449
20 82 0 8 1.463702
58 69 0 8 1.461175
20 48 0 8 1.453806
13 86 0 8 1.452220
29 78 0 8 1.439768
10 16 0 8 1.437698
25 40 0 8 1.428451
36 61 0 8 1.427728
36 92 0 8 1.423718
5 12 0 8 1.421171
63 73 0 8 1.417635
6 11 0 8 1.406269
20 29 0 8 1.402512
37 45 0 8 1.399337
8 22 0 8 1.399264
66 76 0 8 1.398998
51 82 0 8 1.396754
23 89 0 8 1.395557
30 62 0 8 1.392054
41 53 0 8 1.387452
20 53 0 8 1.386521
10 53 0 8 1.382806
48 90 0 8 1.380452
14 31 0 8 1.378742
36 48 0 8 1.377612
21 57 0 8 1.375746
36 94 0 8 1.372130
20 87 0 8 1.365891
44 54 0 8 1.361254
41 61 0 8 1.360895
42 77 0 8 1.358974
88 93 0 8 1.355188
51 75 0 8 1.353417
52 60 0 8 1.351520
68 95 0 8 1.347037
18 59 0 8 1.346953
12 87 0 8 1.345519
65 70 0 8 1.345334
16 87 0 8 1.333560
30 50 0 8 1.328802
25 46 0 8 1.325186
13 19 0 8 1.320619
54 77 0 8 1.310521
62 73 0 8 1.305481
25 81 0 8 1.302182
64 73 0 8 1.294422
8 30 0 8 1.290714
65 85 0 8 1.287244
7 32 0 8 1.278155
34 67 0 8 1.278114
15 33 0 8 1.265233
57 70 0 8 1.264933
34 52 0 8 1.259517
6 86 0 8 1.259339
31 67 0 8 1.257954
17 52 0 8 1.249877
48 70 0 8 1.243125
24 59 0 8 1.232212
8 41 0 8 1.229714
63 78 0 8 1.224305
41 49 0 8 1.223944
62 75 0 8 1.211710
54 67 0 8 1.206369
11 82 0 8 1.202596
3 9 0 8 1.200555
56 84 0 8 1.197308
43 89 0 8 1.192763
20 27 0 8 1.189367
26 49 0 8 1.188049
18 69 0 8 1.187544
15 89 0 8 1.187307
63 75 0 8 1.182094
3 11 0 8 1.178788
62 88 0 8 1.177098
6 79 0 8 1.174307
58 68 0 8 1.167215
4 23 0 8 1.166442
73 79 0 8 1.163500
60 66 0 8 1.161499
47 54 0 8 1.160396
43 72 0 8 1.160064
80 92 0 8 1.157555
62 71 0 8 1.155775
37 57 0 8 1.155284
73 88 0 8 1.151051
55 65 0 8 1.150643
45 60 0 8 1.149891
22 33 0 8 1.147107
22 40 0 8 1.146520
8 23 0 8 1.142847
12 76 0 8 1.136037
9 87 0 8 1.135026
43 92 0 8 1.125073
61 67 0 8 1.124448
38 45 0 8 1.122856
12 89 0 8 1.121948
46 72 0 8 1.121936
37 92 0 8 1.118358
50 89 0 8 1.113952
71 88 0 8 1.111906
31 61 0 8 1.109250
56 72 0 8 1.106302
21 70 0 8 1.102912
40 48 0 8 1.100338
5 86 0 8 1.081875
6 13 0 8 1.076192
36 49 0 8 1.074974
24 81 0 8 1.072404
59 73 0 8 1.069270
28 37 0 8 1.069232
24 85 0 8 1.068943
16 34 0 8 1.067662
23 78 0 8 1.067596
34 40 0 8 1.067090
3 95 0 8 1.066704
22 62 0 8 1.063896
65 72 0 8 1.062075
43 62 0 8 1.052944
52 90 0 8 1.051145
13 51 0 8 1.050400
4 84 0 8 1.047464
49 79 0 8 1.044765
62 87 0 8 1.041903
55 68 0 8 1.041237
34 66 0 8 1.035913
42 66 0 8 1.034009
17 32 0 8 1.032801
40 62 0 8 1.029185
17 33 0 8 1.020668
34 89 0 8 1.015572
6 34 0 8 1.014605
7 17 0 8 1.013861
14 59 0 8 1.008458
40 78 0 8 1.008409
7 85 0 8 1.007549
37 50 0 8 1.004881
3 15 0 8 1.002400
51 91 0 8 1.001723
11 86 0 8 1.001222
75 81 0 8 0.999272
50 81 0 8 0.999268
23 70 0 8 0.998218
72 79 0 8 0.996733
50 56 0 8 0.996237
35 40 0 8 0.989293
42 76 0 8 0.985705
41 57 0 8 0.984509
4 16 0 8 0.984338
57 71 0 8 0.977426
33 52 0 8 0.973355
27 54 0 8 0.972947
51 87 0 8 0.971111
17 85 0 8 0.964583
37 82 0 8 0.964272
16 66 0 8 0.963137
16 85 0 8 0.953471
7 20 0 8 0.953407
9 33 0 8 0.952924
28 56 0 8 0.951666
37 78 0 8 0.950470
33 49 0 8 0.950003
55 66 0 8 0.949647
23 86 0 8 0.948801
26 69 0 8 0.939098
7 22 0 8 0.933353
16 29 0 8 0.933249
26 32 0 8 0.929783
9 14 0 8 0.917073
9 35 0 8 0.915306
24 71 0 8 0.913327
15 23 0 8 0.911324
33 82 0 8 0.911271
68 73 0 8 0.910876
40 63 0 8 0.910618
53 85 0 8 0.909755
36 42 0 8 0.907387
13 79 0 8 0.901602
90 95 0 8 0.901022
8 26 0 8 0.900915
20 45 0 8 0.900488
63 71 0 8 0.898884
5 56 0 8 0.898360
74 83 0 8 0.897285
8 87 0 8 0.892359
15 66 0 8 0.888555
46 93 0 8 0.886213
2 7 0 8 0.885571
43 68 0 8 0.883909
15 82 0 8 0.876867
59 72 0 8 0.876177
50 55 0 8 0.876108
6 82 0 8 0.873898
73 83 0 8 0.873287
41 63 0 8 0.872698
28 43 0 8 0.871073
3 28 0 8 0.870193
41 51 0 8 0.869068
50 90 0 8 0.867839
29 41 0 8 0.867373
23 30 0 8 0.865853
7 31 0 8 0.865564
3 85 0 8 0.865458
71 85 0 8 0.858642
43 65 0 8 0.856338
21 80 0 8 0.856048
5 13 0 8 0.853245
3 81 0 8 0.845381
42 83 0 8 0.845053
36 73 0 8 0.844988
15 48 0 8 0.841721
79 86 0 8 0.839268
35 66 0 8 0.838186
78 93 0 8 0.836594
8 71 0 8 0.835621
27 32 0 8 0.835374
31 80 0 8 0.834477
13 49 0 8 0.833109
59 68 0 8 0.829553
59 69 0 8 0.828757
30 46 0 8 0.828187
3 20 0 8 0.824159
2 88 0 8 0.824098
17 66 0 8 0.822644
43 95 0 8 0.819085
70 87 0 8 0.818702
38 90 0 8 0.818553
65 73 0 8 0.817055
14 52 0 8 0.816922
23 79 0 8 0.813923
12 66 0 8 0.813544
16 32 0 8 0.811596
20 26 0 8 0.809922
73 78 0 8 0.808707
37 55 0 8 0.807418
48 56 0 8 0.806471
29 59 0 8 0.803492
49 81 0 8 0.795698
4 71 0 8 0.795319
24 35 0 8 0.792167
10 89 0 8 0.791839
13 24 0 8 0.789533
64 96 0 8 0.786292
24 82 0 8 0.785683
25 56 0 8 0.785079
65 84 0 8 0.781425
36 50 0 8 0.779596
31 94 0 8 0.778412
61 95 0 8 0.774685
3 80 0 8 0.770353
46 73 0 8 0.767788
49 80 0 8 0.767737
22 81 0 8 0.765360
32 63 0 8 0.761645
14 50 0 8 0.760633
47 75 0 8 0.759728
36 70 0 8 0.759029
5 51 0 8 0.756774
54 79 0 8 0.755882
16 89 0 8 0.753749
20 89 0 8 0.751875
30 70 0 8 0.750452
55 80 0 8 0.748766
34 63 0 8 0.744812
30 37 0 8 0.742637
31 79 0 8 0.741847
53 84 0 8 0.741738
74 85 0 8 0.737011
14 34 0 8 0.733231
65 91 0 8 0.732464
62 69 0 8 0.731112
20 50 0 8 0.730658
73 92 0 8 0.729875
26 38 0 8 0.729596
52 82 0 8 0.727592
82 87 0 8 0.727486
53 60 0 8 0.727283
91 96 0 8 0.726214
10 81 0 8 0.723459
67 89 0 8 0.722884
44 75 0 8 0.720610
36 80 0 8 0.720023
18 80 0 8 0.718983
27 46 0 8 0.718851
55 84 0 8 0.716370
8 82 0 8 0.715329
37 90 0 8 0.714265
32 40 0 8 0.714154
59 75 0 8 0.713864
40 88 0 8 0.713614
30 81 0 8 0.713272
21 32 0 8 0.708595
4 82 0 8 0.708229
52 62 0 8 0.706171
53 62 0 8 0.706083
29 90 0 8 0.705127
60 83 0 8 0.704668
25 44 0 8 0.704528
61 66 0 8 0.702021
45 74 0 8 0.701076
21 81 0 8 0.699239
53 83 0 8 0.692624
31 49 0 8 0.691878
28 59 0 8 0.691195
78 90 0 8 0.690730
35 78 0 8 0.688918
24 60 0 8 0.686115
71 84 0 8 0.685628
58 85 0 8 0.684126
55 70 0 8 0.681117
80 85 0 8 0.678801
20 57 0 8 0.677946
24 58 0 8 0.673482
8 86 0 8 0.672312
59 64 0 8 0.671379
7 36 0 8 0.671355
5 70 0 8 0.671320
3 82 0 8 0.671237
45 57 0 8 0.668779
19 80 0 8 0.668690
17 27 0 8 0.667394
14 95 0 8 0.666331
15 31 0 8 0.664954
19 51 0 8 0.663724
12 71 0 8 0.663699
41 58 0 8 0.662058
22 31 0 8 0.661183
34 90 0 8 0.661040
13 65 0 8 0.660815
9 32 0 8 0.660519
10 18 0 8 0.660355
12 55 0 8 0.658910
36 96 0 8 0.658862
60 68 0 8 0.654848
23 56 0 8 0.654826
17 65 0 8 0.654675
21 83 0 8 0.652914
9 81 0 8 0.651414
9 52 0 8 0.651357
33 41 0 8 0.650977
6 73 0 8 0.646885
10 91 0 8 0.644581
33 69 0 8 0.643057
56 61 0 8 0.642442
26 50 0 8 0.640879
13 87 0 8 0.635057
8 21 0 8 0.633699
55 67 0 8 0.629611
64 79 0 8 0.628918
25 45 0 8 0.627925
17 35 0 8 0.626379
53 68 0 8 0.624851
15 93 0 8 0.624058
17 81 0 8 0.623751
13 57 0 8 0.622184
55 79 0 8 0.621518
5 15 0 8 0.620430
38 59 0 8 0.617808
15 86 0 8 0.615395
36 85 0 8 0.612927
39 84 0 8 0.612903
11 27 0 8 0.611622
4 69 0 8 0.609136
34 92 0 8 0.609038
8 57 0 8 0.607973
33 86 0 8 0.607678
26 86 0 8 0.606668
51 73 0 8 0.605875
41 69 0 8 0.600870
58 64 0 8 0.600480
11 17 0 8 0.600125
14 23 0 8 0.599790
4 53 0 8 0.599301
43 93 0 8 0.597002
14 66 0 8 0.594872
52 71 0 8 0.593476
7 55 0 8 0.593160
14 55 0 8 0.590395
42 70 0 8 0.590310
77 84 0 8 0.590290
49 72 0 8 0.589874
49 91 0 8 0.586565
25 86 0 8 0.585961
37 60 0 8 0.583031
49 57 0 8 0.582539
51 78 0 8 0.582029
87 93 0 8 0.581966
48 65 0 8 0.581272
3 91 0 8 0.577861
55 74 0 8 0.577209
14 28 0 8 0.576083
38 93 0 8 0.575378
86 93 0 8 0.574914
14 36 0 8 0.573502
5 22 0 8 0.573086
28 45 0 8 0.571062
69 75 0 8 0.570846
24 57 0 8 0.570396
18 78 0 8 0.569250
3 17 0 8 0.568450
15 27 0 8 0.566683
21 93 0 8 0.566561
76 95 0 8 0.565216
59 76 0 8 0.563497
50 70 0 8 0.562763
40 90 0 8 0.558325
25 32 0 8 0.557625
73 82 0 8 0.556681
5 33 0 8 0.556679
50 66 0 8 0.556482
27 35 0 8 0.556460
13 26 0 8 0.555546
18 74 0 8 0.550050
10 76 0 8 0.549445
20 59 0 8 0.548768
58 76 0 8 0.546660
41 79 0 8 0.546106
33 89 0 8 0.545984
6 76 0 8 0.544440
29 38 0 8 0.543848
9 84 0 8 0.542152
37 49 0 8 0.540881
63 72 0 8 0.538351
9 93 0 8 0.537271
3 16 0 8 0.535370
54 81 0 8 0.533338
11 16 0 8 0.530963
23 66 0 8 0.530695
6 30 0 8 0.528553
13 83 0 8 0.525117
42 56 0 8 0.524607
26 90 0 8 0.524438
76 85 0 8 0.524038
29 53 0 8 0.523205
40 93 0 8 0.521810
38 68 0 8 0.521421
63 89 0 8 0.521362
21 53 0 8 0.520719
17 23 0 8 0.520180
15 79 0 8 0.520135
41 59 0 8 0.518917
3 93 0 8 0.518170
21 89 0 8 0.517558
52 58 0 8 0.513231
20 91 0 8 0.512491
3 8 0 8 0.510989
5 19 0 8 0.510895
34 85 0 8 0.510403
8 33 0 8 0.508460
23 49 0 8 0.506306
59 85 0 8 0.506071
37 88 0 8 0.504690
8 53 0 8 0.502521
40 60 0 8 0.502099
56 67 0 8 0.501576
66 79 0 8 0.499939
49 61 0 8 0.497388
10 86 0 8 0.494739
23 36 0 8 0.492648
28 70 0 8 0.492601
51 57 0 8 0.492170
67 72 0 8 0.491983
31 53 0 8 0.491287
2 23 0 8 0.490290
25 94 0 8 0.485889
16 33 0 8 0.485104
5 31 0 8 0.480531
15 20 0 8 0.480055
43 61 0 8 0.480039
5 87 0 8 0.479801
3 10 0 8 0.478665
67 82 0 8 0.478399
25 47 0 8 0.478384
18 31 0 8 0.477478
60 84 0 8 0.476304
58 72 0 8 0.476043
2 45 0 8 0.474893
20 78 0 8 0.471822
46 76 0 8 0.471320
27 80 0 8 0.470480
46 94 0 8 0.469599
61 75 0 8 0.467674
25 90 0 8 0.466750
5 32 0 8 0.459458
28 62 0 8 0.456773
34 76 0 8 0.456457
7 82 0 8 0.455772
47 84 0 8 0.453685
36 43 0 8 0.453283
9 59 0 8 0.453074
35 71 0 8 0.452388
4 88 0 8 0.450210
2 52 0 8 0.449864
48 95 0 8 0.449804
11 90 0 8 0.449125
54 92 0 8 0.448576
6 59 0 8 0.447257
40 95 0 8 0.446890
17 53 0 8 0.446564
39 75 0 8 0.445029
52 57 0 8 0.443114
5 47 0 8 0.441138
79 91 0 8 0.440948
6 54 0 8 0.439884
43 96 0 8 0.439198
12 52 0 8 0.436317
4 13 0 8 0.435161
32 80 0 8 0.434920
13 20 0 8 0.434507
38 89 0 8 0.434369
31 40 0 8 0.434132
38 54 0 8 0.433423
8 95 0 8 0.432701
54 70 0 8 0.431073
50 96 0 8 0.430346
24 30 0 8 0.429902
17 91 0 8 0.428917
46 75 0 8 0.424622
21 56 0 8 0.423678
44 84 0 8 0.418072
5 17 0 8 0.417662
6 70 0 8 0.416135
11 79 0 8 0.416125
40 50 0 8 0.415040
87 96 0 8 0.413432
56 83 0 8 0.412762
26 62 0 8 0.412230
50 85 0 8 0.411957
5 11 0 8 0.410443
14 81 0 8 0.408130
68 74 0 8 0.408033
21 59 0 8 0.407460
16 78 0 8 0.407166
5 10 0 8 0.406806
39 51 0 8 0.405934
52 87 0 8 0.405485
12 67 0 8 0.404670
7 59 0 8 0.403816
38 61 0 8 0.402671
54 86 0 8 0.402293
54 83 0 8 0.401487
22 67 0 8 0.401426
3 21 0 8 0.398598
33 70 0 8 0.398167
25 41 0 8 0.398012
55 71 0 8 0.397739
24 84 0 8 0.396766
66 74 0 8 0.396349
8 66 0 8 0.396218
36 91 0 8 0.394355
39 79 0 8 0.394325
10 61 0 8 0.393712
26 91 0 8 0.393052
34 45 0 8 0.392745
61 79 0 8 0.389405
20 38 0 8 0.385957
6 31 0 8 0.384101
32 77 0 8 0.383674
32 37 0 8 0.382974
2 49 0 8 0.381986
55 86 0 8 0.381536
31 57 0 8 0.380859
20 73 0 8 0.379622
23 48 0 8 0.379596
33 57 0 8 0.378631
2 16 0 8 0.378499
32 54 0 8 0.377107
29 70 0 8 0.375524
48 84 0 8 0.373665
19 34 0 8 0.373308
3 59 0 8 0.372696
65 94 0 8 0.372209
17 86 0 8 0.370863
7 24 0 8 0.370600
79 88 0 8 0.370126
83 89 0 8 0.369460
58 67 0 8 0.367821
28 49 0 8 0.366062
13 89 0 8 0.365845
6 20 0 8 0.365090
20 55 0 8 0.364296
76 93 0 8 0.363183
32 44 0 8 0.362986
70 86 0 8 0.361434
2 17 0 8 0.358782
21 33 0 8 0.358581
42 82 0 8 0.357215
76 96 0 8 0.353045
4 48 0 8 0.352705
14 29 0 8 0.352496
11 96 0 8 0.350372
4 81 0 8 0.348886
66 87 0 8 0.348596
13 80 0 8 0.346412
17 80 0 8 0.345003
63 92 0 8 0.342876
19 92 0 8 0.340801
34 41 0 8 0.340757
72 83 0 8 0.340059
9 18 0 8 0.338225
22 69 0 8 0.337681
8 68 0 8 0.337631
32 79 0 8 0.337424
31 86 0 8 0.334406
25 51 0 8 0.333613
10 83 0 8 0.328994
77 87 0 8 0.328832
46 83 0 8 0.326690
10 36 0 8 0.325787
2 65 0 8 0.325325
57 75 0 8 0.325017
28 36 0 8 0.324114
56 70 0 8 0.323613
55 94 0 8 0.323476
14 53 0 8 0.323125
17 31 0 8 0.322888
25 35 0 8 0.322040
65 87 0 8 0.321161
9 83 0 8 0.320361
19 33 0 8 0.319706
36 87 0 8 0.318659
66 83 0 8 0.317535
80 95 0 8 0.317335
2 86 0 8 0.315966
8 17 0 8 0.313937
35 42 0 8 0.313582
5 21 0 8 0.313397
19 87 0 8 0.311781
3 49 0 8 0.311756
24 39 0 8 0.311634
23 73 0 8 0.311399
15 85 0 8 0.311267
11 48 0 8 0.311012
4 18 0 8 0.310875
21 84 0 8 0.309670
21 44 0 8 0.308432
37 69 0 8 0.308094
13 69 0 8 0.307805
30 51 0 8 0.306964
52 70 0 8 0.306364
3 14 0 8 0.305808
25 54 0 8 0.305613
78 83 0 8 0.305553
17 74 0 8 0.304173
10 29 0 8 0.303995
76 84 0 8 0.303935
85 93 0 8 0.303662
73 84 0 8 0.302307
35 58 0 8 0.300708
22 83 0 8 0.300335
25 77 0 8 0.299377
5 44 0 8 0.298298
13 22 0 8 0.297333
21 40 0 8 0.295604
37 61 0 8 0.294084
39 95 0 8 0.293966
30 90 0 8 0.293350
38 70 0 8 0.292590
8 48 0 8 0.292284
5 39 0 8 0.292244
3 35 0 8 0.292071
21 85 0 8 0.291489
33 47 0 8 0.288802
81 89 0 8 0.288167
29 94 0 8 0.288079
76 91 0 8 0.287501
4 10 0 8 0.287399
50 64 0 8 0.286807
72 87 0 8 0.284226
6 36 0 8 0.284136
48 89 0 8 0.284038
70 80 0 8 0.281352
33 79 0 8 0.280526
27 83 0 8 0.279503
31 60 0 8 0.277351
6 67 0 8 0.277108
77 83 0 8 0.276947
32 60 0 8 0.276330
8 34 0 8 0.275985
13 34 0 8 0.275542
56 82 0 8 0.275365
42 81 0 8 0.275268
43 83 0 8 0.274603
48 91 0 8 0.274349
4 31 0 8 0.274242
20 52 0 8 0.273962
23 93 0 8 0.272337
20 33 0 8 0.271836
13 84 0 8 0.271566
13 82 0 8 0.271074
55 72 0 8 0.270548
3 13 0 8 0.269916
57 65 0 8 0.266256
5 57 0 8 0.266066
2 30 0 8 0.265997
2 14 0 8 0.265364
12 72 0 8 0.263083
18 79 0 8 0.262860
3 67 0 8 0.262514
38 94 0 8 0.262192
29 68 0 8 0.260691
40 92 0 8 0.258958
72 77 0 8 0.258639
24 62 0 8 0.256606
19 89 0 8 0.255652
62 95 0 8 0.254796
42 50 0 8 0.254782
54 73 0 8 0.253847
4 40 0 8 0.252659
28 77 0 8 0.251866
28 74 0 8 0.250383
67 91 0 8 0.249458
54 93 0 8 0.248269
21 82 0 8 0.247875
52 95 0 8 0.246420
10 45 0 8 0.246116
81 96 0 8 0.246058
49 85 0 8 0.244905
6 95 0 8 0.244835
74 87 0 8 0.244616
6 16 0 8 0.243686
2 31 0 8 0.243650
8 67 0 8 0.243507
7 72 0 8 0.240891
54 87 0 8 0.240441
62 90 0 8 0.240339
87 92 0 8 0.240265
8 92 0 8 0.240095
48 72 0 8 0.239278
5 82 0 8 0.239245
23 53 0 8 0.238467
42 89 0 8 0.238424
7 27 0 8 0.237833
7 26 0 8 0.237241
23 85 0 8 0.236074
30 55 0 8 0.235632
32 52 0 8 0.235416
61 93 0 8 0.232241
40 96 0 8 0.231337
15 52 0 8 0.231274
41 60 0 8 0.228864
53 69 0 8 0.228335
32 87 0 8 0.227321
10 25 0 8 0.226992
10 35 0 8 0.225196
35 48 0 8 0.224712
12 86 0 8 0.224566
33 95 0 8 0.224509
41 52 0 8 0.223782
21 48 0 8 0.221709
55 75 0 8 0.220923
53 66 0 8 0.220716
24 45 0 8 0.220363
14 67 0 8 0.220087
81 95 0 8 0.219955
88 96 0 8 0.219879
30 60 0 8 0.219875
3 19 0 8 0.219435
8 88 0 8 0.219314
17 88 0 8 0.218816
51 80 0 8 0.218424
7 52 0 8 0.216712
3 41 0 8 0.216387
50 92 0 8 0.216304
36 88 0 8 0.213918
9 43 0 8 0.213134
20 75 0 8 0.212771
7 49 0 8 0.211714
46 58 0 8 0.210564
18 39 0 8 0.209862
49 60 0 8 0.209116
49 58 0 8 0.208957
45 94 0 8 0.208939
16 83 0 8 0.208255
32 47 0 8 0.206865
6 50 0 8 0.205577
34 54 0 8 0.204934
8 32 0 8 0.203954
4 50 0 8 0.203595
63 82 0 8 0.202190
29 63 0 8 0.200762
85 94 0 8 0.199918
3 92 0 8 0.199757
15 29 0 8 0.199741
7 50 0 8 0.199167
31 83 0 8 0.197028
13 95 0 8 0.196788
21 71 0 8 0.195206
23 90 0 8 0.192264
36 45 0 8 0.192105
29 52 0 8 0.190839
37 96 0 8 0.190733
21 52 0 8 0.189305
45 51 0 8 0.188175
2 18 0 8 0.187805
60 96 0 8 0.186571
2 90 0 8 0.185880
51 69 0 8 0.184079
11 59 0 8 0.182135
27 72 0 8 0.180113
23 77 0 8 0.176373
19 57 0 8 0.175191
35 84 0 8 0.173856
5 90 0 8 0.173092
28 85 0 8 0.172581
45 77 0 8 0.170901
32 39 0 8 0.170351
19 66 0 8 0.169445
23 32 0 8 0.169296
56 89 0 8 0.168505
50 58 0 8 0.168435
6 83 0 8 0.167755
40 56 0 8 0.166978
24 68 0 8 0.162680
4 90 0 8 0.161340
6 53 0 8 0.161209
24 69 0 8 0.160887
46 63 0 8 0.159466
66 71 0 8 0.159350
71 82 0 8 0.158150
2 74 0 8 0.156842
59 88 0 8 0.156740
36 84 0 8 0.155752
2 22 0 8 0.155505
30 73 0 8 0.154160
2 48 0 8 0.152559
13 52 0 8 0.152124
31 72 0 8 0.151958
20 60 0 8 0.151152
24 56 0 8 0.151022
89 95 0 8 0.150038
26 95 0 8 0.149319
26 73 0 8 0.148820
17 37 0 8 0.148324
11 56 0 8 0.146557
5 35 0 8 0.146440
32 57 0 8 0.146345
16 21 0 8 0.145030
23 95 0 8 0.144472
8 84 0 8 0.143987
17 41 0 8 0.143897
3 86 0 8 0.143270
5 84 0 8 0.143022
25 79 0 8 0.142606
12 48 0 8 0.142373
62 91 0 8 0.141251
23 28 0 8 0.140962
64 92 0 8 0.140747
4 33 0 8 0.140577
70 79 0 8 0.139769
47 52 0 8 0.138925
38 92 0 8 0.138750
38 91 0 8 0.137742
46 64 0 8 0.137360
13 35 0 8 0.137203
24 95 0 8 0.136295
14 89 0 8 0.135918
24 83 0 8 0.134433
5 83 0 8 0.133818
13 81 0 8 0.133066
22 82 0 8 0.133009
35 95 0 8 0.130959
4 68 0 8 0.130345
9 64 0 8 0.127597
4 52 0 8 0.127571
2 58 0 8 0.127501
7 15 0 8 0.127154
12 88 0 8 0.126314
9 45 0 8 0.126283
13 50 0 8 0.126168
47 72 0 8 0.123329
11 34 0 8 0.121683
49 75 0 8 0.121229
37 76 0 8 0.120294
26 93 0 8 0.120269
31 69 0 8 0.119966
6 12 0 8 0.119744
31 82 0 8 0.118895
13 54 0 8 0.118441
36 67 0 8 0.117712
31 56 0 8 0.117549
7 69 0 8 0.116400
6 41 0 8 0.116039
41 96 0 8 0.114939
19 54 0 8 0.114822
30 80 0 8 0.114373
56 92 0 8 0.112913
35 83 0 8 0.112862
10 31 0 8 0.112331
19 29 0 8 0.111976
25 84 0 8 0.111872
42 94 0 8 0.111145
44 95 0 8 0.111001
64 77 0 8 0.110849
18 35 0 8 0.110337
28 39 0 8 0.109360
46 65 0 8 0.108433
6 80 0 8 0.107680
63 79 0 8 0.107657
33 44 0 8 0.107424
23 69 0 8 0.107210
57 81 0 8 0.107091
55 81 0 8 0.106925
12 51 0 8 0.105937
48 67 0 8 0.105700
3 65 0 8 0.105387
5 72 0 8 0.105225
26 39 0 8 0.105051
33 39 0 8 0.103983
70 92 0 8 0.103494
65 89 0 8 0.102897
8 89 0 8 0.102821
17 25 0 8 0.102249
26 96 0 8 0.101200
62 94 0 8 0.099987
23 83 0 8 0.099872
3 94 0 8 0.099797
89 94 0 8 0.098484
65 80 0 8 0.098058
88 94 0 8 0.097301
42 88 0 8 0.097221
25 48 0 8 0.097119
46 62 0 8 0.096269
37 94 0 8 0.095604
17 64 0 8 0.094157
80 90 0 8 0.094003
35 75 0 8 0.093261
60 82 0 8 0.093143
54 94 0 8 0.092524
65 96 0 8 0.092138
2 40 0 8 0.091268
26 47 0 8 0.091243
79 84 0 8 0.091057
30 84 0 8 0.090710
2 28 0 8 0.090396
62 85 0 8 0.090250
63 95 0 8 0.088981
42 74 0 8 0.085097
45 78 0 8 0.083292
87 94 0 8 0.082503
31 90 0 8 0.082240
24 66 0 8 0.081291
14 46 0 8 0.081070
51 63 0 8 0.079544
14 83 0 8 0.079027
30 86 0 8 0.078785
5 95 0 8 0.078365
4 34 0 8 0.078100
28 44 0 8 0.077792
45 95 0 8 0.076629
15 47 0 8 0.075381
60 93 0 8 0.074152
11 89 0 8 0.074046
8 65 0 8 0.073689
68 92 0 8 0.072888
51 61 0 8 0.072384
41 47 0 8 0.072336
56 95 0 8 0.071978
2 76 0 8 0.071953
48 69 0 8 0.071666
4 86 0 8 0.071285
7 54 0 8 0.071208
66 72 0 8 0.070466
13 92 0 8 0.070321
6 55 0 8 0.069782
29 65 0 8 0.068712
2 19 0 8 0.068617
54 96 0 8 0.068189
58 90 0 8 0.067209
56 69 0 8 0.066141
5 77 0 8 0.064753
32 93 0 8 0.064065
35 43 0 8 0.063253
39 53 0 8 0.062200
25 50 0 8 0.061725
10 52 0 8 0.060181
34 43 0 8 0.059697
17 47 0 8 0.059429
45 79 0 8 0.059279
11 25 0 8 0.057714
80 96 0 8 0.057467
3 27 0 8 0.057287
23 29 0 8 0.057271
23 81 0 8 0.056520
35 54 0 8 0.056355
13 39 0 8 0.055744
14 22 0 8 0.054908
30 87 0 8 0.054035
37 91 0 8 0.053738
37 68 0 8 0.052687
72 88 0 8 0.052542
15 30 0 8 0.052402
32 62 0 8 0.052336
43 56 0 8 0.052143
32 43 0 8 0.051678
41 56 0 8 0.051098
44 64 0 8 0.050180
24 44 0 8 0.048261
31 54 0 8 0.047943
54 80 0 8 0.047714
12 50 0 8 0.046140
7 42 0 8 0.045659
41 62 0 8 0.045404
2 84 0 8 0.045199
74 96 0 8 0.044225
57 78 0 8 0.044116
13 70 0 8 0.043710
82 89 0 8 0.041790
17 22 0 8 0.041369
39 83 0 8 0.041261
61 92 0 8 0.039535
21 39 0 8 0.039151
14 96 0 8 0.038948
37 93 0 8 0.038654
2 87 0 8 0.036924
6 19 0 8 0.036367
81 92 0 8 0.035641
47 92 0 8 0.035215
2 66 0 8 0.034639
22 39 0 8 0.034605
8 54 0 8 0.034461
5 66 0 8 0.034381
26 57 0 8 0.034324
28 80 0 8 0.033519
39 94 0 8 0.032395
14 86 0 8 0.032067
54 78 0 8 0.031660
2 25 0 8 0.031517
10 58 0 8 0.030496
2 10 0 8 0.030339
54 89 0 8 0.030292
50 75 0 8 0.030111
26 66 0 8 0.029853
20 96 0 8 0.029821
25 75 0 8 0.029468
46 89 0 8 0.029299
26 70 0 8 0.028988
21 47 0 8 0.028789
3 78 0 8 0.028275
77 92 0 8 0.027639
49 69 0 8 0.025710
20 36 0 8 0.025299
18 30 0 8 0.025163
29 71 0 8 0.025126
72 81 0 8 0.024476
32 42 0 8 0.024319
31 68 0 8 0.024235
15 55 0 8 0.022320
18 50 0 8 0.022251
46 54 0 8 0.021802
7 39 0 8 0.020512
29 92 0 8 0.019689
72 94 0 8 0.019215
59 96 0 8 0.018746
80 93 0 8 0.018540
71 89 0 8 0.017883
14 80 0 8 0.017429
60 80 0 8 0.016887
34 71 0 8 0.016882
28 47 0 8 0.016871
32 53 0 8 0.016832
8 52 0 8 0.016343
4 83 0 8 0.016321
43 94 0 8 0.015681
6 90 0 8 0.015481
22 94 0 8 0.015140
18 47 0 8 0.014922
51 84 0 8 0.014888
35 70 0 8 0.014195
50 57 0 8 0.013541
40 81 0 8 0.011136
35 94 0 8 0.011118
42 55 0 8 0.010733
20 84 0 8 0.010669
89 96 0 8 0.010021
44 49 0 8 0.009852
36 52 0 8 0.009485
26 64 0 8 0.009142
16 22 0 8 0.009017
31 46 0 8 0.008994
27 84 0 8 0.008984
15 65 0 8 0.008251
23 40 0 8 0.006939
27 93 0 8 0.006728
48 74 0 8 0.006447
32 48 0 8 0.006077
14 73 0 8 0.005509
38 80 0 8 0.004494
41 87 0 8 0.003548
2 79 0 8 0.002819
7 88 0 8 0.002305
38 62 0 8 0.001213
43 88 0 8 0.000551
1 6 0 8 0.000000
1 7 0 8 0.000000
1 8 0 8 0.000000
1 9 0 8 0.000000
1 10 0 8 0.000000
1 11 0 8 0.000000
1 12 0 8 0.000000
1 13 0 8 0.000000
1 14 0 8 0.000000
1 15 0 8 0.000000
1 16 0 8 0.000000
1 17 0 8 0.000000
1 18 0 8 0.000000
1 19 0 8 0.000000
1 20 0 8 0.000000
1 21 0 8 0.000000
1 22 0 8 0.000000
1 23 0 8 0.000000
1 24 0 8 0.000000
1 25 0 8 0.000000
1 26 0 8 0.000000
1 27 0 8 0.000000
1 28 0 8 0.000000
1 29 0 8 0.000000
1 30 0 8 0.000000
1 31 0 8 0.000000
1 32 0 8 0.000000
1 33 0 8 0.000000
1 34 0 8 0.000000
1 35 0 8 0.000000
1 36 0 8 0.000000
1 37 0 8 0.000000
1 38 0 8 0.000000
1 39 0 8 0.000000
1 40 0 8 0.000000
1 41 0 8 0.000000
1 42 0 8 0.000000
1 43 0 8 0.000000
1 44 0 8 0.000000
1 45 0 8 0.000000
1 46 0 8 0.000000
1 47 0 8 0.000000
1 48 0 8 0.000000
1 49 0 8 0.000000
1 50 0 8 0.000000
1 51 0 8 0.000000
1 52 0 8 0.000000
1 53 0 8 0.000000
1 54 0 8 0.000000
1 55 0 8 0.000000
1 56 0 8 0.000000
1 57 0 8 0.000000
1 58 0 8 0.000000
1 59 0 8 0.000000
1 60 0 8 0.000000
1 61 0 8 0.000000
1 62 0 8 0.000000
1 63 0 8 0.000000
1 64 0 8 0.000000
1 65 0 8 0.000000
1 66 0 8 0.000000
1 67 0 8 0.000000
1 68 0 8 0.000000
1 69 0 8 0.000000
1 70 0 8 0.000000
1 71 0 8 0.000000
1 72 0 8 0.000000
1 73 0 8 0.000000
1 74 0 8 0.000000
1 75 0 8 0.000000
1 76 0 8 0.000000
1 77 0 8 0.000000
1 78 0 8 0.000000
1 79 0 8 0.000000
1 80 0 8 0.000000
1 81 0 8 0.000000
1 82 0 8 0.000000
1 83 0 8 0.000000
1 84 0 8 0.000000
1 85 0 8 0.000000
1 86 0 8 0.000000
1 87 0 8 0.000000
1 88 0 8 0.000000
1 89 0 8 0.000000
1 90 0 8 0.000000
1 91 0 8 0.000000
1 92 0 8 0.000000
1 93 0 8 0.000000
1 94 0 8 0.000000
1 95 0 8 0.000000
1 96 0 8 0.000000
1 97 0 8 0.000000
2 97 0 8 0.000000
3 97 0 8 0.000000
4 97 0 8 0.000000
5 97 0 8 0.000000
6 97 0 8 0.000000
7 97 0 8 0.000000
8 97 0 8 0.000000
9 97 0 8 0.000000
10 97 0 8 0.000000
11 97 0 8 0.000000
12 97 0 8 0.000000
13 97 0 8 0.000000
14 97 0 8 0.000000
15 97 0 8 0.000000
16 97 0 8 0.000000
17 97 0 8 0.000000
18 97 0 8 0.000000
19 97 0 8 0.000000
20 97 0 8 0.000000
21 97 0 8 0.000000
22 97 0 8 0.000000
23 97 0 8 0.000000
24 97 0 8 0.000000
25 97 0 8 0.000000
26 97 0 8 0.000000
27 97 0 8 0.000000
28 97 0 8 0.000000
29 97 0 8 0.000000
30 97 0 8 0.000000
31 97 0 8 0.000000
32 97 0 8 0.000000
33 97 0 8 0.000000
34 97 0 8 0.000000
35 97 0 8 0.000000
36 97 0 8 0.000000
37 97 0 8 0.000000
38 97 0 8 0.000000
39 97 0 8 0.000000
40 97 0 8 0.000000
41 97 0 8 0.000000
42 97 0 8 0.000000
43 97 0 8 0.000000
44 97 0 8 0.000000
45 97 0 8 0.000000
46 97 0 8 0.000000
47 97 0 8 0.000000
48 97 0 8 0.000000
49 97 0 8 0.000000
50 97 0 8 0.000000
51 97 0 8 0.000000
52 97 0 8 0.000000
53 97 0 8 0.000000
54 97 0 8 0.000000
55 97 0 8 0.000000
56 97 0 8 0.000000
57 97 0 8 0.000000
58 97 0 8 0.000000
59 97 0 8 0.000000
60 97 0 8 0.000000
61 97 0 8 0.000000
62 97 0 8 0.000000
63 97 0 8 0.000000
64 97 0 8 0.000000
65 97 0 8 0.000000
66 97 0 8 0.000000
67 97 0 8 0.000000
68 97 0 8 0.000000
69 97 0 8 0.000000
70 97 0 8 0.000000
71 97 0 8 0.000000
72 97 0 8 0.000000
73 97 0 8 0.000000
74 97 0 8 0.000000
75 97 0 8 0.000000
76 97 0 8 0.000000
77 97 0 8 0.000000
78 97 0 8 0.000000
79 97 0 8 0.000000
80 97 0 8 0.000000
81 97 0 8 0.000000
82 97 0 8 0.000000
83 97 0 8 0.000000
84 97 0 8 0.000000
85 97 0 8 0.000000
86 97 0 8 0.000000
87 97 0 8 0.000000
88 97 0 8 0.000000
89 97 0 8 0.000000
90 97 0 8 0.000000
91 97 0 8 0.000000
92 97 0 8 0.000000
25 91 0 8 -0.000843
12 31 0 8 -0.000982
14 93 0 8 -0.001763
36 56 0 8 -0.002349
6 44 0 8 -0.002833
35 61 0 8 -0.003181
22 46 0 8 -0.004205
7 87 0 8 -0.004497
66 92 0 8 -0.004627
62 86 0 8 -0.005095
3 89 0 8 -0.005425
56 71 0 8 -0.005690
18 84 0 8 -0.006934
14 21 0 8 -0.007825
17 82 0 8 -0.008360
24 54 0 8 -0.008654
18 44 0 8 -0.008716
28 54 0 8 -0.009520
54 76 0 8 -0.009543
24 37 0 8 -0.010275
4 79 0 8 -0.010520
14 25 0 8 -0.010922
3 83 0 8 -0.012105
72 80 0 8 -0.014140
32 55 0 8 -0.014690
15 70 0 8 -0.015542
29 54 0 8 -0.015692
35 79 0 8 -0.015734
80 86 0 8 -0.015817
54 90 0 8 -0.016207
10 69 0 8 -0.016710
2 32 0 8 -0.017453
29 34 0 8 -0.017885
17 43 0 8 -0.018156
2 72 0 8 -0.019093
90 96 0 8 -0.019725
5 42 0 8 -0.019837
42 73 0 8 -0.019842
16 82 0 8 -0.020015
55 91 0 8 -0.020517
65 79 0 8 -0.020896
44 72 0 8 -0.022144
50 82 0 8 -0.022284
3 23 0 8 -0.022593
17 34 0 8 -0.022802
18 43 0 8 -0.024018
49 83 0 8 -0.024075
19 39 0 8 -0.024077
16 69 0 8 -0.025303
26 46 0 8 -0.025367
21 87 0 8 -0.025987
24 47 0 8 -0.026471
3 69 0 8 -0.027252
24 77 0 8 -0.027274
15 42 0 8 -0.027583
24 43 0 8 -0.027678
7 44 0 8 -0.028066
10 38 0 8 -0.028188
12 65 0 8 -0.028327
18 41 0 8 -0.029166
44 96 0 8 -0.029173
34 73 0 8 -0.029473
47 96 0 8 -0.029879
2 36 0 8 -0.030077
36 62 0 8 -0.030206
23 62 0 8 -0.030241
21 50 0 8 -0.030625
2 12 0 8 -0.031040
26 61 0 8 -0.031101
77 96 0 8 -0.031559
70 89 0 8 -0.032295
33 50 0 8 -0.032641
15 91 0 8 -0.033329
10 66 0 8 -0.033458
32 96 0 8 -0.035057
85 92 0 8 -0.035184
12 19 0 8 -0.035478
26 52 0 8 -0.035587
63 93 0 8 -0.037842
2 81 0 8 -0.038417
43 51 0 8 -0.038652
39 96 0 8 -0.038681
2 96 0 8 -0.038794
2 44 0 8 -0.039690
29 96 0 8 -0.039900
39 64 0 8 -0.039919
2 47 0 8 -0.040651
23 39 0 8 -0.040682
18 77 0 8 -0.040754
11 83 0 8 -0.041223
10 65 0 8 -0.041444
10 32 0 8 -0.042464
2 77 0 8 -0.042937
57 87 0 8 -0.043068
44 87 0 8 -0.043201
17 90 0 8 -0.043282
59 71 0 8 -0.043654
38 96 0 8 -0.043952
69 94 0 8 -0.044062
6 33 0 8 -0.044226
26 92 0 8 -0.045278
37 48 0 8 -0.046367
66 85 0 8 -0.046456
42 53 0 8 -0.046726
2 57 0 8 -0.047406
46 84 0 8 -0.048170
2 71 0 8 -0.049846
4 70 0 8 -0.050254
14 41 0 8 -0.050333
21 77 0 8 -0.050342
32 58 0 8 -0.050345
4 59 0 8 -0.051462
35 55 0 8 -0.051475
2 39 0 8 -0.052626
15 40 0 8 -0.052880
24 61 0 8 -0.053027
10 54 0 8 -0.053029
47 95 0 8 -0.053091
68 91 0 8 -0.053847
58 65 0 8 -0.053987
5 91 0 8 -0.054155
77 86 0 8 -0.054397
7 47 0 8 -0.054551
6 94 0 8 -0.054624
85 96 0 8 -0.054625
11 46 0 8 -0.054769
57 88 0 8 -0.055557
53 80 0 8 -0.055643
77 95 0 8 -0.056076
51 95 0 8 -0.057009
36 95 0 8 -0.058107
68 94 0 8 -0.059717
7 29 0 8 -0.059824
25 82 0 8 -0.060171
26 59 0 8 -0.060831
49 90 0 8 -0.060890
15 96 0 8 -0.061076
54 72 0 8 -0.062177
46 74 0 8 -0.062651
42 95 0 8 -0.062846
74 89 0 8 -0.063037
75 84 0 8 -0.063194
32 86 0 8 -0.063734
69 90 0 8 -0.063883
35 62 0 8 -0.063931
32 69 0 8 -0.063976
2 37 0 8 -0.064957
38 85 0 8 -0.065090
2 73 0 8 -0.065544
3 39 0 8 -0.065992
63 94 0 8 -0.066158
7 35 0 8 -0.066602
21 96 0 8 -0.066771
75 94 0 8 -0.066863
44 94 0 8 -0.068022
27 90 0 8 -0.068646
2 95 0 8 -0.068931
6 51 0 8 -0.068992
16 91 0 8 -0.069558
47 94 0 8 -0.069669
36 90 0 8 -0.070665
26 88 0 8 -0.071584
25 95 0 8 -0.071982
44 90 0 8 -0.072642
77 94 0 8 -0.073586
64 76 0 8 -0.074787
47 53 0 8 -0.074836
19 90 0 8 -0.074905
12 27 0 8 -0.075241
35 96 0 8 -0.075353
70 84 0 8 -0.075559
8 55 0 8 -0.075743
27 39 0 8 -0.075905
4 56 0 8 -0.077771
37 54 0 8 -0.078988
31 96 0 8 -0.079366
30 59 0 8 -0.079642
4 9 0 8 -0.079898
67 90 0 8 -0.080099
44 92 0 8 -0.080108
6 39 0 8 -0.080193
64 94 0 8 -0.080859
8 91 0 8 -0.081572
15 88 0 8 -0.082254
7 81 0 8 -0.082619
86 96 0 8 -0.082796
53 96 0 8 -0.083135
52 85 0 8 -0.083214
25 70 0 8 -0.083253
7 18 0 8 -0.083685
30 38 0 8 -0.084602
30 82 0 8 -0.084918
53 59 0 8 -0.085313
35 82 0 8 -0.086005
2 42 0 8 -0.086289
55 76 0 8 -0.086332
16 54 0 8 -0.086425
31 50 0 8 -0.086449
22 68 0 8 -0.086675
11 23 0 8 -0.086800
47 90 0 8 -0.087841
17 69 0 8 -0.087909
77 85 0 8 -0.087922
59 94 0 8 -0.088379
19 52 0 8 -0.088632
3 44 0 8 -0.088713
6 47 0 8 -0.089722
34 96 0 8 -0.090075
70 91 0 8 -0.090292
2 94 0 8 -0.090454
14 71 0 8 -0.090789
73 80 0 8 -0.091340
61 96 0 8 -0.091595
6 87 0 8 -0.091915
31 93 0 8 -0.092503
19 93 0 8 -0.093173
83 91 0 8 -0.094055
61 86 0 8 -0.095232
59 91 0 8 -0.096000
26 85 0 8 -0.096718
6 71 0 8 -0.096746
21 86 0 8 -0.096779
3 96 0 8 -0.097029
21 91 0 8 -0.097202
4 19 0 8 -0.097665
55 93 0 8 -0.097768
57 89 0 8 -0.098474
13 75 0 8 -0.098921
15 67 0 8 -0.099117
30 69 0 8 -0.099941
2 21 0 8 -0.100009
26 44 0 8 -0.100036
46 92 0 8 -0.100716
2 54 0 8 -0.101366
65 86 0 8 -0.102470
17 46 0 8 -0.102893
72 86 0 8 -0.105246
47 78 0 8 -0.105758
2 67 0 8 -0.106135
87 95 0 8 -0.106276
58 92 0 8 -0.106285
42 96 0 8 -0.106358
3 52 0 8 -0.106896
49 63 0 8 -0.106928
22 47 0 8 -0.107118
40 91 0 8 -0.108251
5 16 0 8 -0.108476
74 94 0 8 -0.109104
83 96 0 8 -0.109185
28 53 0 8 -0.109278
40 77 0 8 -0.109645
44 51 0 8 -0.109824
39 85 0 8 -0.109835
49 88 0 8 -0.110984
5 96 0 8 -0.111269
45 93 0 8 -0.111317
53 92 0 8 -0.111956
71 96 0 8 -0.112137
41 94 0 8 -0.112175
15 38 0 8 -0.113158
9 26 0 8 -0.113886
77 88 0 8 -0.114206
31 48 0 8 -0.114314
14 70 0 8 -0.114871
53 94 0 8 -0.114923
15 44 0 8 -0.114985
77 90 0 8 -0.115244
32 95 0 8 -0.115491
27 77 0 8 -0.115560
44 52 0 8 -0.115705
3 71 0 8 -0.115786
2 11 0 8 -0.115831
19 43 0 8 -0.116456
47 83 0 8 -0.116577
8 96 0 8 -0.116627
71 92 0 8 -0.117361
16 93 0 8 -0.117439
34 69 0 8 -0.117650
33 54 0 8 -0.118147
33 42 0 8 -0.118269
40 74 0 8 -0.119008
23 47 0 8 -0.119448
27 70 0 8 -0.119680
4 73 0 8 -0.119834
23 44 0 8 -0.120488
24 92 0 8 -0.120755
3 47 0 8 -0.121095
30 94 0 8 -0.121383
6 96 0 8 -0.121659
18 96 0 8 -0.122958
10 43 0 8 -0.123005
9 92 0 8 -0.123864
23 54 0 8 -0.124362
17 96 0 8 -0.124925
45 70 0 8 -0.125544
10 96 0 8 -0.125816
41 82 0 8 -0.126641
33 53 0 8 -0.127153
31 47 0 8 -0.127236
29 64 0 8 -0.127595
80 88 0 8 -0.127613
3 77 0 8 -0.127904
2 68 0 8 -0.128020
14 90 0 8 -0.128349
32 66 0 8 -0.128835
39 92 0 8 -0.129477
27 47 0 8 -0.129699
2 92 0 8 -0.129854
42 93 0 8 -0.129858
10 50 0 8 -0.130223
44 93 0 8 -0.130555
15 84 0 8 -0.131651
35 87 0 8 -0.132187
54 95 0 8 -0.132387
16 96 0 8 -0.132678
6 42 0 8 -0.132741
20 42 0 8 -0.132889
63 96 0 8 -0.132902
44 53 0 8 -0.132977
15 90 0 8 -0.133358
14 30 0 8 -0.133450
47 93 0 8 -0.133716
4 96 0 8 -0.133962
75 82 0 8 -0.134102
2 24 0 8 -0.134166
20 72 0 8 -0.135324
6 88 0 8 -0.135763
86 91 0 8 -0.136494
4 44 0 8 -0.137057
47 60 0 8 -0.137160
24 94 0 8 -0.137988
58 96 0 8 -0.139052
6 60 0 8 -0.139759
31 81 0 8 -0.139848
25 96 0 8 -0.140124
32 89 0 8 -0.140132
25 66 0 8 -0.140134
38 86 0 8 -0.140153
4 47 0 8 -0.140376
18 23 0 8 -0.140479
77 93 0 8 -0.141234
14 87 0 8 -0.142124
13 44 0 8 -0.142140
51 72 0 8 -0.142400
73 91 0 8 -0.143147
73 87 0 8 -0.144307
55 77 0 8 -0.144313
6 32 0 8 -0.144740
55 60 0 8 -0.144898
14 49 0 8 -0.145027
36 64 0 8 -0.145487
44 91 0 8 -0.145864
9 79 0 8 -0.145919
2 91 0 8 -0.147166
4 77 0 8 -0.148268
23 96 0 8 -0.148617
47 91 0 8 -0.149395
26 77 0 8 -0.150218
22 53 0 8 -0.150501
12 17 0 8 -0.150755
33 94 0 8 -0.150766
34 95 0 8 -0.150850
39 52 0 8 -0.151934
26 31 0 8 -0.152750
39 56 0 8 -0.152814
34 93 0 8 -0.153410
50 93 0 8 -0.154358
81 87 0 8 -0.154490
27 44 0 8 -0.154908
52 80 0 8 -0.154908
31 78 0 8 -0.155034
59 93 0 8 -0.155070
67 96 0 8 -0.155129
28 38 0 8 -0.155971
77 91 0 8 -0.157795
53 91 0 8 -0.157822
7 77 0 8 -0.157915
3 57 0 8 -0.158156
12 91 0 8 -0.158928
41 91 0 8 -0.158970
35 52 0 8 -0.159381
2 55 0 8 -0.159501
9 21 0 8 -0.160004
28 91 0 8 -0.160011
22 44 0 8 -0.160011
12 90 0 8 -0.160310
17 44 0 8 -0.161285
4 94 0 8 -0.161330
39 90 0 8 -0.161666
9 31 0 8 -0.162629
19 44 0 8 -0.163191
51 81 0 8 -0.163423
48 96 0 8 -0.163864
47 66 0 8 -0.164110
78 94 0 8 -0.165030
23 94 0 8 -0.165183
52 93 0 8 -0.165553
28 71 0 8 -0.165619
5 80 0 8 -0.165742
24 88 0 8 -0.165757
6 46 0 8 -0.165959
47 88 0 8 -0.166519
32 94 0 8 -0.167605
55 89 0 8 -0.168588
15 95 0 8 -0.169053
5 20 0 8 -0.169246
33 66 0 8 -0.169329
4 76 0 8 -0.169717
72 96 0 8 -0.170258
70 96 0 8 -0.170530
29 85 0 8 -0.171026
48 92 0 8 -0.171196
60 76 0 8 -0.171412
33 73 0 8 -0.171462
17 77 0 8 -0.171558
84 96 0 8 -0.172057
47 85 0 8 -0.172893
13 71 0 8 -0.173037
39 93 0 8 -0.173106
31 55 0 8 -0.173434
2 93 0 8 -0.173610
3 33 0 8 -0.174983
82 94 0 8 -0.175062
60 88 0 8 -0.175171
4 66 0 8 -0.175974
16 44 0 8 -0.176947
6 77 0 8 -0.177108
84 95 0 8 -0.177964
61 83 0 8 -0.178769
10 27 0 8 -0.180149
38 72 0 8 -0.180186
16 47 0 8 -0.180221
16 84 0 8 -0.180518
9 24 0 8 -0.181540
47 87 0 8 -0.181597
4 39 0 8 -0.181727
13 31 0 8 -0.181814
46 86 0 8 -0.181962
33 77 0 8 -0.182220
52 89 0 8 -0.183648
44 86 0 8 -0.183868
19 37 0 8 -0.184319
34 87 0 8 -0.185181
35 44 0 8 -0.185281
44 74 0 8 -0.185444
47 79 0 8 -0.186268
7 30 0 8 -0.186660
14 94 0 8 -0.186891
34 62 0 8 -0.187084
30 66 0 8 -0.187507
54 91 0 8 -0.187555
45 59 0 8 -0.187836
3 46 0 8 -0.187878
2 82 0 8 -0.188037
16 92 0 8 -0.188054
2 29 0 8 -0.188202
18 65 0 8 -0.188569
2 85 0 8 -0.188772
17 54 0 8 -0.189655
12 25 0 8 -0.189812
70 82 0 8 -0.189995
41 92 0 8 -0.190171
6 93 0 8 -0.190380
2 38 0 8 -0.190437
17 95 0 8 -0.190728
13 27 0 8 -0.190966
69 96 0 8 -0.192300
75 96 0 8 -0.193105
39 91 0 8 -0.193403
45 96 0 8 -0.193617
5 92 0 8 -0.193973
44 88 0 8 -0.194458
3 84 0 8 -0.194687
16 63 0 8 -0.194821
30 68 0 8 -0.195548
44 83 0 8 -0.195679
5 55 0 8 -0.195784
44 78 0 8 -0.196855
60 71 0 8 -0.196901
21 95 0 8 -0.197873
2 83 0 8 -0.197953
13 30 0 8 -0.197990
77 89 0 8 -0.198037
2 60 0 8 -0.198130
8 81 0 8 -0.198891
41 64 0 8 -0.199237
11 33 0 8 -0.199804
3 34 0 8 -0.200788
47 64 0 8 -0.201084
23 92 0 8 -0.201626
6 91 0 8 -0.201957
16 94 0 8 -0.202260
7 96 0 8 -0.202270
15 83 0 8 -0.202328
20 32 0 8 -0.202611
64 70 0 8 -0.202673
53 88 0 8 -0.203889
6 69 0 8 -0.204528
13 96 0 8 -0.204908
20 30 0 8 -0.204959
21 43 0 8 -0.205026
37 89 0 8 -0.205885
52 61 0 8 -0.206194
12 96 0 8 -0.206282
66 96 0 8 -0.208307
30 52 0 8 -0.208899
7 93 0 8 -0.209792
45 91 0 8 -0.209903
14 42 0 8 -0.211353
19 96 0 8 -0.212555
13 94 0 8 -0.212596
32 68 0 8 -0.213107
52 81 0 8 -0.213789
4 91 0 8 -0.214186
32 50 0 8 -0.214701
79 89 0 8 -0.215143
29 93 0 8 -0.215290
57 96 0 8 -0.215840
56 96 0 8 -0.216129
27 95 0 8 -0.216296
44 89 0 8 -0.216943
17 57 0 8 -0.217026
45 66 0 8 -0.217298
3 90 0 8 -0.217389
5 54 0 8 -0.217425
56 64 0 8 -0.217623
49 95 0 8 -0.217835
14 39 0 8 -0.218172
7 63 0 8 -0.219060
51 92 0 8 -0.219208
8 80 0 8 -0.219680
3 55 0 8 -0.219882
26 94 0 8 -0.220241
10 90 0 8 -0.221097
34 91 0 8 -0.221441
47 89 0 8 -0.222195
2 51 0 8 -0.222472
5 85 0 8 -0.222781
76 94 0 8 -0.223321
21 76 0 8 -0.223376
55 96 0 8 -0.223541
53 77 0 8 -0.223969
59 86 0 8 -0.224723
17 83 0 8 -0.225027
39 70 0 8 -0.225041
10 34 0 8 -0.225470
30 93 0 8 -0.225597
33 96 0 8 -0.225664
75 87 0 8 -0.226582
11 32 0 8 -0.226813
3 56 0 8 -0.226847
47 55 0 8 -0.226918
24 96 0 8 -0.226952
2 89 0 8 -0.227759
86 94 0 8 -0.227956
44 70 0 8 -0.228365
2 64 0 8 -0.228517
44 55 0 8 -0.228706
64 89 0 8 -0.228807
88 95 0 8 -0.228860
5 94 0 8 -0.228878
85 95 0 8 -0.229086
18 86 0 8 -0.229208
31 39 0 8 -0.229852
17 39 0 8 -0.229912
66 95 0 8 -0.230390
32 84 0 8 -0.230665
2 53 0 8 -0.230803
8 69 0 8 -0.230818
22 43 0 8 -0.230920
23 42 0 8 -0.230937
39 72 0 8 -0.230964
16 39 0 8 -0.231176
51 66 0 8 -0.231809
2 56 0 8 -0.232130
44 66 0 8 -0.232800
8 44 0 8 -0.232865
15 77 0 8 -0.232937
47 81 0 8 -0.232968
59 77 0 8 -0.234384
54 85 0 8 -0.235124
68 77 0 8 -0.235281
70 81 0 8 -0.235375
17 55 0 8 -0.235677
24 80 0 8 -0.235702
14 92 0 8 -0.235980
7 37 0 8 -0.236022
78 88 0 8 -0.236338
31 92 0 8 -0.237586
4 95 0 8 -0.238032
5 14 0 8 -0.238304
5 34 0 8 -0.238454
56 78 0 8 -0.238472
8 47 0 8 -0.238504
63 87 0 8 -0.238545
38 76 0 8 -0.238642
82 95 0 8 -0.238685
4 57 0 8 -0.238847
23 67 0 8 -0.239496
75 80 0 8 -0.239810
21 37 0 8 -0.240151
2 33 0 8 -0.240574
2 26 0 8 -0.240935
62 96 0 8 -0.241570
47 86 0 8 -0.242118
13 47 0 8 -0.242156
52 96 0 8 -0.243195
57 68 0 8 -0.243286
13 21 0 8 -0.243536
35 88 0 8 -0.243600
4 24 0 8 -0.245081
26 63 0 8 -0.245434
47 70 0 8 -0.245500
14 61 0 8 -0.245607
39 66 0 8 -0.245693
70 77 0 8 -0.246068
30 95 0 8 -0.246211
57 84 0 8 -0.246588
17 94 0 8 -0.246909
27 60 0 8 -0.246969
13 88 0 8 -0.247455
17 50 0 8 -0.248432
50 83 0 8 -0.248876
4 63 0 8 -0.249062
35 69 0 8 -0.249302
23 52 0 8 -0.249472
2 15 0 8 -0.249689
24 48 0 8 -0.250003
21 94 0 8 -0.250006
10 19 0 8 -0.251505
2 41 0 8 -0.251644
36 47 0 8 -0.251681
10 95 0 8 -0.251731
66 77 0 8 -0.251842
8 77 0 8 -0.251913
55 95 0 8 -0.251937
52 68 0 8 -0.253273
39 88 0 8 -0.253295
14 44 0 8 -0.253601
16 42 0 8 -0.253864
47 56 0 8 -0.253871
39 87 0 8 -0.254916
13 77 0 8 -0.255770
16 95 0 8 -0.255964
20 66 0 8 -0.256282
28 55 0 8 -0.257139
2 50 0 8 -0.257778
5 52 0 8 -0.258652
43 54 0 8 -0.258670
44 85 0 8 -0.258715
32 92 0 8 -0.258807
12 95 0 8 -0.259577
3 70 0 8 -0.259631
14 47 0 8 -0.259741
3 66 0 8 -0.260146
39 86 0 8 -0.261505
5 46 0 8 -0.261785
57 92 0 8 -0.262132
2 75 0 8 -0.262720
3 58 0 8 -0.263000
42 67 0 8 -0.263038
46 56 0 8 -0.263101
62 72 0 8 -0.263165
7 66 0 8 -0.263177
9 96 0 8 -0.264987
17 71 0 8 -0.265159
31 44 0 8 -0.265294
6 25 0 8 -0.265498
3 54 0 8 -0.265985
27 96 0 8 -0.266012
4 21 0 8 -0.266150
51 77 0 8 -0.266153
14 77 0 8 -0.266704
56 62 0 8 -0.266736
63 70 0 8 -0.266910
34 70 0 8 -0.267064
18 87 0 8 -0.267394
6 57 0 8 -0.267466
9 67 0 8 -0.267519
58 94 0 8 -0.267783
44 60 0 8 -0.268010
2 8 0 8 -0.268876
20 44 0 8 -0.269094
52 77 0 8 -0.269167
23 61 0 8 -0.269850
21 27 0 8 -0.270628
83 95 0 8 -0.270750
9 44 0 8 -0.271109
44 67 0 8 -0.271580
48 60 0 8 -0.271823
82 96 0 8 -0.272309
67 79 0 8 -0.272483
30 67 0 8 -0.272669
44 71 0 8 -0.272782
40 94 0 8 -0.273018
26 83 0 8 -0.273131
39 55 0 8 -0.273255
68 96 0 8 -0.273594
20 65 0 8 -0.273914
30 96 0 8 -0.274053
51 65 0 8 -0.274201
17 26 0 8 -0.274368
51 94 0 8 -0.274413
11 55 0 8 -0.275457
19 47 0 8 -0.275494
20 47 0 8 -0.275610
57 64 0 8 -0.275650
45 62 0 8 -0.275660
17 89 0 8 -0.275768
52 73 0 8 -0.275824
33 83 0 8 -0.276295
34 77 0 8 -0.276318
9 47 0 8 -0.277674
5 59 0 8 -0.278235
44 82 0 8 -0.278601
82 91 0 8 -0.279005
47 71 0 8 -0.279387
24 32 0 8 -0.280159
44 80 0 8 -0.280274
12 73 0 8 -0.280341
30 44 0 8 -0.280385
20 88 0 8 -0.281091
26 54 0 8 -0.281101
39 46 0 8 -0.281202
20 28 0 8 -0.282024
7 83 0 8 -0.282142
57 69 0 8 -0.282254
22 32 0 8 -0.282406
24 29 0 8 -0.282854
10 17 0 8 -0.283107
19 76 0 8 -0.283148
2 35 0 8 -0.283175
72 95 0 8 -0.283389
11 47 0 8 -0.284883
81 91 0 8 -0.285051
37 56 0 8 -0.285276
47 82 0 8 -0.285347
15 39 0 8 -0.285503
16 77 0 8 -0.285719
36 53 0 8 -0.286038
12 44 0 8 -0.286227
44 65 0 8 -0.286386
18 66 0 8 -0.286452
30 47 0 8 -0.287174
10 44 0 8 -0.287217
8 94 0 8 -0.287614
39 89 0 8 -0.287649
54 84 0 8 -0.287779
52 84 0 8 -0.287906
11 31 0 8 -0.288781
59 89 0 8 -0.288793
44 56 0 8 -0.289787
66 91 0 8 -0.289801
51 96 0 8 -0.290350
3 30 0 8 -0.290852
19 77 0 8 -0.290983
20 77 0 8 -0.291105
38 69 0 8 -0.291342
39 76 0 8 -0.292274
24 79 0 8 -0.292949
47 74 0 8 -0.293026
12 47 0 8 -0.293157
9 77 0 8 -0.293285
47 65 0 8 -0.293821
10 47 0 8 -0.294171
30 77 0 8 -0.294874
47 67 0 8 -0.295079
71 77 0 8 -0.295094
3 75 0 8 -0.295159
17 93 0 8 -0.295456
70 83 0 8 -0.295847
44 68 0 8 -0.296105
15 87 0 8 -0.296276
66 86 0 8 -0.296798
30 71 0 8 -0.296908
18 73 0 8 -0.299808
44 50 0 8 -0.299865
16 72 0 8 -0.300005
54 68 0 8 -0.300204
35 47 0 8 -0.300274
47 59 0 8 -0.300349
10 79 0 8 -0.301269
77 82 0 8 -0.301390
57 62 0 8 -0.302477
60 70 0 8 -0.302753
39 74 0 8 -0.303070
47 68 0 8 -0.303275
39 45 0 8 -0.303393
60 92 0 8 -0.304053
2 34 0 8 -0.304587
61 88 0 8 -0.305459
49 92 0 8 -0.307301
44 57 0 8 -0.307477
5 75 0 8 -0.307582
29 48 0 8 -0.307715
40 47 0 8 -0.307856
44 69 0 8 -0.307958
8 39 0 8 -0.308761
22 96 0 8 -0.309437
12 77 0 8 -0.309639
24 65 0 8 -0.309791
65 77 0 8 -0.310341
10 77 0 8 -0.310710
12 85 0 8 -0.311281
49 73 0 8 -0.311642
2 69 0 8 -0.312318
48 88 0 8 -0.312382
28 96 0 8 -0.312487
31 77 0 8 -0.312666
72 84 0 8 -0.312689
15 94 0 8 -0.312833
16 62 0 8 -0.312863
65 95 0 8 -0.313190
7 94 0 8 -0.313584
60 91 0 8 -0.314145
2 13 0 8 -0.314401
47 57 0 8 -0.314921
47 69 0 8 -0.315414
67 77 0 8 -0.315457
67 76 0 8 -0.315894
20 63 0 8 -0.316868
52 94 0 8 -0.317594
44 81 0 8 -0.317717
27 64 0 8 -0.317796
2 70 0 8 -0.318743
11 44 0 8 -0.318851
52 65 0 8 -0.319024
25 92 0 8 -0.319213
42 92 0 8 -0.319475
24 75 0 8 -0.320881
40 67 0 8 -0.321025
25 89 0 8 -0.321518
39 69 0 8 -0.321592
5 25 0 8 -0.321786
58 77 0 8 -0.321831
62 74 0 8 -0.322271
15 54 0 8 -0.322286
16 35 0 8 -0.322716
30 40 0 8 -0.323033
84 94 0 8 -0.323233
66 94 0 8 -0.324292
50 77 0 8 -0.324392
6 27 0 8 -0.325949
53 93 0 8 -0.325980
4 32 0 8 -0.326049
12 80 0 8 -0.327275
32 49 0 8 -0.327852
32 46 0 8 -0.327877
75 95 0 8 -0.329909
71 86 0 8 -0.329965
47 80 0 8 -0.330003
21 28 0 8 -0.330152
72 92 0 8 -0.330981
52 66 0 8 -0.331243
57 77 0 8 -0.332627
69 77 0 8 -0.333147
29 44 0 8 -0.333288
7 92 0 8 -0.333759
34 44 0 8 -0.334012
12 45 0 8 -0.334129
62 92 0 8 -0.334660
57 85 0 8 -0.334870
34 84 0 8 -0.335092
54 66 0 8 -0.335351
3 60 0 8 -0.335707
56 77 0 8 -0.336036
49 96 0 8 -0.336781
11 69 0 8 -0.337492
4 54 0 8 -0.338162
34 60 0 8 -0.338781
21 72 0 8 -0.338838
31 95 0 8 -0.338929
6 14 0 8 -0.338956
34 50 0 8 -0.339056
11 94 0 8 -0.339628
28 69 0 8 -0.339982
64 95 0 8 -0.340973
21 78 0 8 -0.341260
83 94 0 8 -0.341285
29 47 0 8 -0.341358
49 94 0 8 -0.341788
21 74 0 8 -0.341799
2 62 0 8 -0.341883
46 96 0 8 -0.342031
34 47 0 8 -0.342099
22 77 0 8 -0.342483
10 94 0 8 -0.342538
54 88 0 8 -0.343270
3 25 0 8 -0.343272
50 94 0 8 -0.343551
36 81 0 8 -0.344887
36 44 0 8 -0.344899
11 77 0 8 -0.344931
73 95 0 8 -0.344955
22 54 0 8 -0.345664
6 52 0 8 -0.345804
9 34 0 8 -0.346481
7 45 0 8 -0.346630
12 57 0 8 -0.347104
2 43 0 8 -0.347907
24 36 0 8 -0.347927
21 46 0 8 -0.348418
44 59 0 8 -0.349423
48 85 0 8 -0.349584
14 38 0 8 -0.350336
38 95 0 8 -0.350727
69 80 0 8 -0.351459
11 39 0 8 -0.351629
35 77 0 8 -0.351658
42 86 0 8 -0.351677
10 85 0 8 -0.352780
30 92 0 8 -0.353804
47 76 0 8 -0.354643
41 65 0 8 -0.354727
13 67 0 8 -0.355133
53 65 0 8 -0.355202
4 67 0 8 -0.355231
29 39 0 8 -0.355623
53 64 0 8 -0.356078
4 25 0 8 -0.356321
20 39 0 8 -0.356798
19 32 0 8 -0.357014
86 95 0 8 -0.357122
60 77 0 8 -0.357129
33 84 0 8 -0.357356
27 56 0 8 -0.357720
39 73 0 8 -0.357768
2 20 0 8 -0.357836
70 94 0 8 -0.358081
27 94 0 8 -0.358770
7 43 0 8 -0.359020
20 31 0 8 -0.359068
9 76 0 8 -0.359162
7 95 0 8 -0.359405
9 39 0 8 -0.359470
53 95 0 8 -0.359563
39 80 0 8 -0.360040
33 51 0 8 -0.360174
2 9 0 8 -0.360516
29 77 0 8 -0.360550
3 37 0 8 -0.361163
39 71 0 8 -0.361687
2 27 0 8 -0.361911
2 78 0 8 -0.362864
25 93 0 8 -0.363363
40 70 0 8 -0.364497
26 81 0 8 -0.364512
73 96 0 8 -0.364700
60 69 0 8 -0.365564
17 40 0 8 -0.366020
46 66 0 8 -0.366627
50 95 0 8 -0.367170
67 92 0 8 -0.368196
38 47 0 8 -0.368999
39 82 0 8 -0.369403
10 28 0 8 -0.369422
42 69 0 8 -0.369505
4 85 0 8 -0.369810
5 68 0 8 -0.370066
26 76 0 8 -0.370314
23 46 0 8 -0.370637
73 93 0 8 -0.370683
30 39 0 8 -0.371768
18 93 0 8 -0.372063
33 91 0 8 -0.372775
36 77 0 8 -0.373110
44 73 0 8 -0.373126
67 85 0 8 -0.373245
5 88 0 8 -0.373330
5 76 0 8 -0.373768
14 32 0 8 -0.374153
42 65 0 8 -0.374826
39 49 0 8 -0.375057
4 42 0 8 -0.375202
31 65 0 8 -0.375893
80 89 0 8 -0.376300
71 83 0 8 -0.376479
23 65 0 8 -0.376912
22 71 0 8 -0.377478
27 87 0 8 -0.378407
46 77 0 8 -0.378557
50 80 0 8 -0.378611
40 79 0 8 -0.378828
4 14 0 8 -0.379195
18 34 0 8 -0.379480
12 39 0 8 -0.379514
58 80 0 8 -0.379937
44 62 0 8 -0.380084
39 65 0 8 -0.380374
53 70 0 8 -0.380803
10 39 0 8 -0.380827
17 30 0 8 -0.381153
16 46 0 8 -0.381619
37 44 0 8 -0.381859
59 65 0 8 -0.382135
47 73 0 8 -0.382161
14 35 0 8 -0.382250
49 84 0 8 -0.382283
78 96 0 8 -0.382365
22 66 0 8 -0.382677
43 55 0 8 -0.382857
67 95 0 8 -0.383245
56 75 0 8 -0.383369
7 53 0 8 -0.383462
38 44 0 8 -0.383485
29 82 0 8 -0.384269
69 83 0 8 -0.384966
5 89 0 8 -0.385274
21 92 0 8 -0.385456
17 87 0 8 -0.386061
39 67 0 8 -0.386645
12 64 0 8 -0.386843
64 85 0 8 -0.387078
39 59 0 8 -0.387124
44 63 0 8 -0.387960
21 34 0 8 -0.388735
44 79 0 8 -0.388769
9 42 0 8 -0.388901
11 67 0 8 -0.389027
47 62 0 8 -0.389287
5 37 0 8 -0.389949
79 96 0 8 -0.389997
57 67 0 8 -0.390323
44 76 0 8 -0.390973
37 47 0 8 -0.391105
63 80 0 8 -0.391821
73 89 0 8 -0.391933
8 73 0 8 -0.392079
3 68 0 8 -0.392151
23 50 0 8 -0.392452
39 68 0 8 -0.392612
64 90 0 8 -0.392818
55 92 0 8 -0.393727
23 41 0 8 -0.393993
34 75 0 8 -0.394268
14 65 0 8 -0.394934
12 92 0 8 -0.395114
63 86 0 8 -0.395569
12 20 0 8 -0.396530
20 95 0 8 -0.396861
42 90 0 8 -0.396967
47 63 0 8 -0.397354
5 67 0 8 -0.397467
39 50 0 8 -0.397596
37 77 0 8 -0.397922
23 45 0 8 -0.397966
54 82 0 8 -0.397999
28 42 0 8 -0.398395
3 18 0 8 -0.399155
11 95 0 8 -0.399518
64 83 0 8 -0.399659
29 45 0 8 -0.399957
16 53 0 8 -0.400323
12 32 0 8 -0.400524
44 61 0 8 -0.400800
32 76 0 8 -0.402183
46 53 0 8 -0.402210
12 35 0 8 -0.402830
57 95 0 8 -0.403557
39 78 0 8 -0.403900
28 93 0 8 -0.404280
62 80 0 8 -0.404570
48 61 0 8 -0.405030
57 72 0 8 -0.405044
35 64 0 8 -0.405218
81 90 0 8 -0.405337
9 54 0 8 -0.406318
9 15 0 8 -0.406376
6 92 0 8 -0.406462
5 64 0 8 -0.406553
25 42 0 8 -0.407421
39 57 0 8 -0.407689
40 84 0 8 -0.408436
24 72 0 8 -0.408579
12 26 0 8 -0.408862
80 87 0 8 -0.410295
32 85 0 8 -0.410424
47 61 0 8 -0.410504
48 55 0 8 -0.410622
45 73 0 8 -0.411127
62 77 0 8 -0.411173
64 82 0 8 -0.411204
18 68 0 8 -0.411800
15 53 0 8 -0.412294
2 46 0 8 -0.412916
11 29 0 8 -0.414165
18 29 0 8 -0.414303
46 95 0 8 -0.414591
49 77 0 8 -0.414964
9 90 0 8 -0.416091
18 60 0 8 -0.416256
70 95 0 8 -0.416287
49 67 0 8 -0.416335
12 53 0 8 -0.418224
9 94 0 8 -0.418702
20 25 0 8 -0.419045
6 72 0 8 -0.419140
24 86 0 8 -0.419181
2 80 0 8 -0.419500
63 77 0 8 -0.419694
67 78 0 8 -0.420950
58 89 0 8 -0.422435
5 79 0 8 -0.422696
43 76 0 8 -0.422768
9 80 0 8 -0.422811
22 45 0 8 -0.423034
28 64 0 8 -0.423246
41 85 0 8 -0.423325
5 63 0 8 -0.423441
55 69 0 8 -0.423711
6 68 0 8 -0.424074
19 50 0 8 -0.424324
26 42 0 8 -0.425448
56 90 0 8 -0.425615
81 94 0 8 -0.425683
21 88 0 8 -0.425947
4 41 0 8 -0.426011
33 64 0 8 -0.426759
39 81 0 8 -0.427354
21 64 0 8 -0.428829
14 19 0 8 -0.429622
3 42 0 8 -0.431048
4 75 0 8 -0.431289
35 90 0 8 -0.432416
12 93 0 8 -0.432465
17 24 0 8 -0.432552
53 73 0 8 -0.432730
42 79 0 8 -0.433524
61 77 0 8 -0.433583
8 59 0 8 -0.436639
26 33 0 8 -0.436642
14 26 0 8 -0.436714
39 60 0 8 -0.437721
21 67 0 8 -0.437733
23 91 0 8 -0.437736
2 59 0 8 -0.437749
5 53 0 8 -0.438086
24 50 0 8 -0.438336
6 21 0 8 -0.438516
16 52 0 8 -0.439041
8 93 0 8 -0.439449
35 73 0 8 -0.439488
48 77 0 8 -0.439988
8 31 0 8 -0.440583
31 71 0 8 -0.441108
46 67 0 8 -0.441188
48 83 0 8 -0.441658
31 41 0 8 -0.442081
48 82 0 8 -0.442098
21 42 0 8 -0.442689
11 85 0 8 -0.442776
34 39 0 8 -0.442873
34 68 0 8 -0.442981
34 94 0 8 -0.443454
16 80 0 8 -0.443865
7 90 0 8 -0.444173
65 93 0 8 -0.445148
7 21 0 8 -0.445248
69 95 0 8 -0.445701
66 80 0 8 -0.445874
16 56 0 8 -0.446697
24 87 0 8 -0.446761
8 70 0 8 -0.446999
4 92 0 8 -0.448412
33 55 0 8 -0.448980
26 75 0 8 -0.449208
43 74 0 8 -0.449229
15 92 0 8 -0.449295
41 77 0 8 -0.450043
74 95 0 8 -0.450170
30 43 0 8 -0.450275
34 78 0 8 -0.450557
21 30 0 8 -0.451670
11 51 0 8 -0.453648
5 27 0 8 -0.454398
20 67 0 8 -0.454469
38 57 0 8 -0.454563
4 64 0 8 -0.454623
54 64 0 8 -0.454762
4 72 0 8 -0.455778
25 71 0 8 -0.455940
36 60 0 8 -0.457232
84 91 0 8 -0.457642
41 84 0 8 -0.457947
25 63 0 8 -0.460058
14 27 0 8 -0.460690
30 42 0 8 -0.463368
17 61 0 8 -0.463414
10 73 0 8 -0.463549
10 64 0 8 -0.464063
71 87 0 8 -0.464255
61 76 0 8 -0.464298
7 91 0 8 -0.464928
23 33 0 8 -0.465055
8 64 0 8 -0.465329
68 75 0 8 -0.465752
3 45 0 8 -0.465813
42 78 0 8 -0.466551
19 95 0 8 -0.467147
17 84 0 8 -0.467441
24 31 0 8 -0.467754
30 64 0 8 -0.468287
85 90 0 8 -0.469060
9 95 0 8 -0.470844
9 66 0 8 -0.470897
59 92 0 8 -0.471040
7 71 0 8 -0.471594
11 60 0 8 -0.472490
17 92 0 8 -0.472845
62 84 0 8 -0.473089
17 72 0 8 -0.473436
5 36 0 8 -0.473538
71 95 0 8 -0.473748
84 93 0 8 -0.474176
50 67 0 8 -0.474412
20 58 0 8 -0.476188
54 71 0 8 -0.477040
28 66 0 8 -0.477336
40 54 0 8 -0.478818
29 61 0 8 -0.479277
24 51 0 8 -0.479416
28 92 0 8 -0.479543
56 63 0 8 -0.479670
37 95 0 8 -0.480083
18 95 0 8 -0.480761
18 94 0 8 -0.481005
14 60 0 8 -0.481130
32 41 0 8 -0.482188
45 54 0 8 -0.482210
7 56 0 8 -0.482471
22 95 0 8 -0.482692
13 85 0 8 -0.483143
60 95 0 8 -0.483698
5 93 0 8 -0.484165
34 53 0 8 -0.485116
38 77 0 8 -0.485306
4 22 0 8 -0.485444
5 28 0 8 -0.485522
12 33 0 8 -0.485846
30 83 0 8 -0.485851
42 91 0 8 -0.486853
70 75 0 8 -0.486961
20 69 0 8 -0.487523
79 95 0 8 -0.487530
67 94 0 8 -0.487607
42 64 0 8 -0.489117
10 15 0 8 -0.489568
18 32 0 8 -0.489747
3 79 0 8 -0.490929
13 91 0 8 -0.491127
5 26 0 8 -0.491230
71 93 0 8 -0.491267
24 89 0 8 -0.491326
9 69 0 8 -0.491551
14 72 0 8 -0.492877
24 34 0 8 -0.493504
36 66 0 8 -0.494797
2 63 0 8 -0.495962
84 90 0 8 -0.497079
3 31 0 8 -0.497253
75 89 0 8 -0.497351
42 57 0 8 -0.498047
33 80 0 8 -0.498069
9 86 0 8 -0.498826
10 42 0 8 -0.499047
21 54 0 8 -0.499370
55 87 0 8 -0.500121
22 84 0 8 -0.500264
43 77 0 8 -0.500393
37 52 0 8 -0.500731
17 75 0 8 -0.501174
78 95 0 8 -0.501377
68 84 0 8 -0.501910
36 86 0 8 -0.502168
58 95 0 8 -0.503798
39 62 0 8 -0.503961
45 81 0 8 -0.504018
19 94 0 8 -0.504124
54 75 0 8 -0.504576
85 91 0 8 -0.504657
72 93 0 8 -0.504693
41 95 0 8 -0.504946
19 31 0 8 -0.506300
6 64 0 8 -0.506744
8 42 0 8 -0.507814
18 71 0 8 -0.508219
22 42 0 8 -0.509201
43 60 0 8 -0.509534
34 88 0 8 -0.510070
38 49 0 8 -0.510328
6 24 0 8 -0.510375
25 72 0 8 -0.511082
21 60 0 8 -0.511261
16 55 0 8 -0.512410
32 91 0 8 -0.513068
46 88 0 8 -0.513243
57 90 0 8 -0.513727
5 29 0 8 -0.513799
16 71 0 8 -0.514070
23 72 0 8 -0.514073
59 95 0 8 -0.514094
39 63 0 8 -0.514404
18 51 0 8 -0.514682
33 59 0 8 -0.515046
83 93 0 8 -0.515252
68 83 0 8 -0.515519
19 71 0 8 -0.516601
22 49 0 8 -0.516680
64 74 0 8 -0.516712
57 66 0 8 -0.516736
26 67 0 8 -0.518095
4 60 0 8 -0.518106
84 92 0 8 -0.518484
18 64 0 8 -0.518584
24 53 0 8 -0.518956
45 92 0 8 -0.519831
43 86 0 8 -0.520099
12 79 0 8 -0.521659
16 36 0 8 -0.521819
11 75 0 8 -0.522263
66 84 0 8 -0.524068
17 78 0 8 -0.524336
44 58 0 8 -0.524427
38 60 0 8 -0.524557
27 57 0 8 -0.524583
11 40 0 8 -0.524932
69 89 0 8 -0.524965
48 59 0 8 -0.525253
35 81 0 8 -0.525311
70 93 0 8 -0.525457
10 37 0 8 -0.526270
6 81 0 8 -0.526644
39 48 0 8 -0.526670
31 42 0 8 -0.526751
15 35 0 8 -0.526798
8 85 0 8 -0.526846
40 59 0 8 -0.527270
80 94 0 8 -0.527733
25 34 0 8 -0.528111
60 89 0 8 -0.528349
47 58 0 8 -0.528510
13 55 0 8 -0.528618
4 49 0 8 -0.528672
43 52 0 8 -0.528678
4 20 0 8 -0.529293
4 26 0 8 -0.530029
68 93 0 8 -0.530037
39 61 0 8 -0.531428
74 92 0 8 -0.531714
7 25 0 8 -0.531917
2 61 0 8 -0.532155
26 37 0 8 -0.532293
53 67 0 8 -0.532520
33 92 0 8 -0.532939
5 24 0 8 -0.532949
32 88 0 8 -0.533502
33 85 0 8 -0.533503
33 74 0 8 -0.533703
49 93 0 8 -0.534127
82 93 0 8 -0.534722
28 90 0 8 -0.535073
35 80 0 8 -0.535545
41 73 0 8 -0.536527
14 37 0 8 -0.537210
26 36 0 8 -0.537270
3 22 0 8 -0.537365
5 30 0 8 -0.538240
29 91 0 8 -0.538578
13 66 0 8 -0.538703
54 69 0 8 -0.538760
75 91 0 8 -0.539038
13 38 0 8 -0.539435
9 71 0 8 -0.540250
6 85 0 8 -0.540452
63 90 0 8 -0.540480
15 62 0 8 -0.542266
66 88 0 8 -0.543114
65 92 0 8 -0.544195
35 51 0 8 -0.544482
10 82 0 8 -0.545304
20 92 0 8 -0.546088
12 94 0 8 -0.546337
26 55 0 8 -0.547396
68 80 0 8 -0.547722
41 72 0 8 -0.547823
15 74 0 8 -0.548558
26 53 0 8 -0.548692
25 65 0 8 -0.548971
25 53 0 8 -0.548972
70 85 0 8 -0.549191
43 64 0 8 -0.549501
21 38 0 8 -0.550123
10 68 0 8 -0.550804
71 91 0 8 -0.550904
49 62 0 8 -0.551125
29 46 0 8 -0.551610
58 66 0 8 -0.551791
76 92 0 8 -0.552795
20 86 0 8 -0.554234
4 51 0 8 -0.554435
25 76 0 8 -0.554675
3 40 0 8 -0.555053
28 95 0 8 -0.555245
21 90 0 8 -0.555976
9 50 0 8 -0.556053
14 54 0 8 -0.556985
7 34 0 8 -0.558139
25 83 0 8 -0.558140
60 65 0 8 -0.558513
81 93 0 8 -0.558950
22 92 0 8 -0.559042
29 50 0 8 -0.559292
75 92 0 8 -0.559471
45 84 0 8 -0.560360
18 55 0 8 -0.561969
45 82 0 8 -0.562854
20 54 0 8 -0.563280
8 35 0 8 -0.563646
18 91 0 8 -0.564517
19 53 0 8 -0.565461
10 51 0 8 -0.565582
65 82 0 8 -0.566234
52 91 0 8 -0.566955
9 88 0 8 -0.567036
33 65 0 8 -0.567042
12 54 0 8 -0.567310
54 74 0 8 -0.567852
31 88 0 8 -0.569193
9 72 0 8 -0.569308
30 54 0 8 -0.569380
4 55 0 8 -0.569455
3 72 0 8 -0.569907
20 94 0 8 -0.570128
36 54 0 8 -0.570631
69 92 0 8 -0.570639
7 61 0 8 -0.570717
35 85 0 8 -0.570821
78 84 0 8 -0.570869
3 32 0 8 -0.571667
6 62 0 8 -0.572474
55 73 0 8 -0.573348
29 95 0 8 -0.573384
27 92 0 8 -0.573744
5 78 0 8 -0.574306
16 25 0 8 -0.574496
62 82 0 8 -0.574682
50 87 0 8 -0.575759
42 52 0 8 -0.575971
46 87 0 8 -0.576087
19 65 0 8 -0.576106
24 40 0 8 -0.576598
35 91 0 8 -0.577120
32 70 0 8 -0.577356
7 84 0 8 -0.578274
69 85 0 8 -0.578330
16 86 0 8 -0.578755
41 54 0 8 -0.579010
20 74 0 8 -0.579774
43 50 0 8 -0.580709
5 71 0 8 -0.580777
23 57 0 8 -0.581506
27 82 0 8 -0.582025
8 60 0 8 -0.583252
80 91 0 8 -0.585386
24 90 0 8 -0.585800
32 65 0 8 -0.585901
13 93 0 8 -0.586540
35 63 0 8 -0.586968
4 46 0 8 -0.587256
46 90 0 8 -0.588686
14 62 0 8 -0.589114
64 81 0 8 -0.589648
57 63 0 8 -0.590766
48 94 0 8 -0.591197
49 54 0 8 -0.591531
73 86 0 8 -0.591936
48 71 0 8 -0.592659
66 93 0 8 -0.594252
17 42 0 8 -0.595106
36 41 0 8 -0.596180
7 64 0 8 -0.596315
6 22 0 8 -0.596356
62 70 0 8 -0.596764
28 82 0 8 -0.597200
66 82 0 8 -0.597873
14 64 0 8 -0.598826
4 93 0 8 -0.599507
37 72 0 8 -0.600183
53 75 0 8 -0.600428
3 43 0 8 -0.600582
15 57 0 8 -0.600643
45 50 0 8 -0.601204
29 80 0 8 -0.601370
18 63 0 8 -0.602259
18 56 0 8 -0.602420
57 86 0 8 -0.602530
32 61 0 8 -0.603358
42 87 0 8 -0.603914
9 55 0 8 -0.605156
12 84 0 8 -0.605165
5 60 0 8 -0.605485
18 92 0 8 -0.605539
82 92 0 8 -0.605987
12 75 0 8 -0.606370
49 89 0 8 -0.606779
27 53 0 8 -0.606781
25 30 0 8 -0.607979
12 61 0 8 -0.609068
52 92 0 8 -0.609088
60 94 0 8 -0.609877
3 29 0 8 -0.610133
19 68 0 8 -0.610313
31 85 0 8 -0.610782
3 74 0 8 -0.610849
9 65 0 8 -0.611167
18 70 0 8 -0.611281
45 83 0 8 -0.611617
25 52 0 8 -0.614504
12 18 0 8 -0.614894
30 78 0 8 -0.615556
53 89 0 8 -0.615722
5 69 0 8 -0.615737
8 24 0 8 -0.617367
11 84 0 8 -0.617603
35 53 0 8 -0.618444
43 66 0 8 -0.618567
61 94 0 8 -0.618639
34 64 0 8 -0.619557
28 94 0 8 -0.621155
18 26 0 8 -0.621560
71 94 0 8 -0.621671
21 69 0 8 -0.622972
4 27 0 8 -0.623507
45 55 0 8 -0.624074
29 86 0 8 -0.624092
27 40 0 8 -0.624389
5 45 0 8 -0.624439
25 87 0 8 -0.625806
61 82 0 8 -0.626647
18 54 0 8 -0.627048
32 72 0 8 -0.627785
4 80 0 8 -0.628745
57 83 0 8 -0.628847
32 90 0 8 -0.630050
54 65 0 8 -0.630884
12 21 0 8 -0.630950
15 59 0 8 -0.631044
3 88 0 8 -0.631516
18 48 0 8 -0.632257
15 21 0 8 -0.634021
37 84 0 8 -0.634924
6 18 0 8 -0.635082
17 56 0 8 -0.635747
51 86 0 8 -0.635962
43 49 0 8 -0.636027
28 87 0 8 -0.636651
14 91 0 8 -0.637373
21 65 0 8 -0.638284
10 24 0 8 -0.639317
20 83 0 8 -0.639510
27 91 0 8 -0.641038
7 67 0 8 -0.641585
42 84 0 8 -0.641773
3 51 0 8 -0.642097
18 61 0 8 -0.643236
11 19 0 8 -0.646588
37 51 0 8 -0.646661
46 59 0 8 -0.648181
5 49 0 8 -0.648882
4 74 0 8 -0.649037
15 78 0 8 -0.649088
28 65 0 8 -0.649285
58 91 0 8 -0.649957
19 91 0 8 -0.650884
25 55 0 8 -0.651439
83 90 0 8 -0.651441
4 11 0 8 -0.652119
7 57 0 8 -0.652192
79 92 0 8 -0.652496
4 87 0 8 -0.653469
57 94 0 8 -0.654110
56 94 0 8 -0.654439
15 72 0 8 -0.654620
9 36 0 8 -0.654920
54 59 0 8 -0.656309
52 72 0 8 -0.656959
18 52 0 8 -0.657522
18 53 0 8 -0.657738
27 42 0 8 -0.659218
4 65 0 8 -0.659658
46 71 0 8 -0.659829
10 74 0 8 -0.659958
20 51 0 8 -0.661228
71 81 0 8 -0.662083
16 30 0 8 -0.663149
58 86 0 8 -0.664464
4 78 0 8 -0.664726
32 78 0 8 -0.664797
20 62 0 8 -0.666861
11 54 0 8 -0.667007
31 64 0 8 -0.669498
40 71 0 8 -0.669503
16 81 0 8 -0.669692
7 60 0 8 -0.669906
45 71 0 8 -0.669935
3 63 0 8 -0.670426
34 46 0 8 -0.670500
25 49 0 8 -0.670704
39 58 0 8 -0.670721
25 60 0 8 -0.672257
11 92 0 8 -0.672968
74 90 0 8 -0.673075
36 72 0 8 -0.673199
20 46 0 8 -0.674250
18 72 0 8 -0.676458
9 27 0 8 -0.676526
14 85 0 8 -0.677995
20 35 0 8 -0.678138
4 38 0 8 -0.678673
27 86 0 8 -0.679544
8 45 0 8 -0.679761
25 73 0 8 -0.679938
6 45 0 8 -0.680964
37 71 0 8 -0.681019
11 81 0 8 -0.681565
15 56 0 8 -0.682336
3 64 0 8 -0.683400
18 38 0 8 -0.684503
10 33 0 8 -0.685047
5 50 0 8 -0.686603
26 80 0 8 -0.686958
3 61 0 8 -0.687468
28 60 0 8 -0.687526
28 61 0 8 -0.688629
15 50 0 8 -0.688633
52 69 0 8 -0.689144
9 29 0 8 -0.692314
11 20 0 8 -0.693491
40 76 0 8 -0.693912
46 70 0 8 -0.694114
15 26 0 8 -0.694646
71 90 0 8 -0.696670
14 51 0 8 -0.697614
34 82 0 8 -0.697924
64 78 0 8 -0.698536
33 72 0 8 -0.698647
7 19 0 8 -0.698862
4 89 0 8 -0.699433
4 36 0 8 -0.700199
22 28 0 8 -0.700221
55 90 0 8 -0.701598
27 37 0 8 -0.701878
37 67 0 8 -0.702199
54 60 0 8 -0.702247
21 51 0 8 -0.702300
61 91 0 8 -0.702472
9 91 0 8 -0.703185
32 51 0 8 -0.703401
10 93 0 8 -0.703469
63 91 0 8 -0.704488
17 51 0 8 -0.706513
28 51 0 8 -0.706603
83 92 0 8 -0.706725
22 70 0 8 -0.707814
3 87 0 8 -0.708284
16 70 0 8 -0.709209
42 85 0 8 -0.709930
31 52 0 8 -0.710307
7 80 0 8 -0.710394
57 91 0 8 -0.710593
23 84 0 8 -0.711554
33 46 0 8 -0.712666
5 65 0 8 -0.712809
3 73 0 8 -0.713147
51 60 0 8 -0.713783
28 57 0 8 -0.713916
17 48 0 8 -0.715091
23 35 0 8 -0.716020
53 58 0 8 -0.716060
20 34 0 8 -0.716244
11 22 0 8 -0.716695
26 89 0 8 -0.717156
81 86 0 8 -0.717329
42 75 0 8 -0.717979
11 72 0 8 -0.718505
12 34 0 8 -0.718538
15 24 0 8 -0.719222
35 86 0 8 -0.719562
70 90 0 8 -0.719666
51 83 0 8 -0.720541
36 75 0 8 -0.722066
15 51 0 8 -0.722330
6 63 0 8 -0.723361
24 41 0 8 -0.723681
11 24 0 8 -0.724776
43 63 0 8 -0.725207
6 23 0 8 -0.725510
22 78 0 8 -0.725534
11 21 0 8 -0.725616
78 85 0 8 -0.726383
34 72 0 8 -0.726775
22 37 0 8 -0.728489
23 82 0 8 -0.729401
36 63 0 8 -0.730709
29 88 0 8 -0.732478
43 73 0 8 -0.732806
23 60 0 8 -0.732810
26 45 0 8 -0.732891
64 91 0 8 -0.733423
4 35 0 8 -0.733845
38 79 0 8 -0.734257
25 62 0 8 -0.735683
10 30 0 8 -0.736360
60 73 0 8 -0.736660
36 55 0 8 -0.736715
84 89 0 8 -0.736995
19 45 0 8 -0.737438
8 90 0 8 -0.737903
59 87 0 8 -0.738709
15 41 0 8 -0.739900
21 79 0 8 -0.740216
22 86 0 8 -0.740556
42 49 0 8 -0.740615
16 51 0 8 -0.740913
61 72 0 8 -0.741104
56 80 0 8 -0.741371
68 90 0 8 -0.741534
65 75 0 8 -0.741576
11 52 0 8 -0.742626
3 53 0 8 -0.742696
4 58 0 8 -0.743388
58 81 0 8 -0.744078
24 63 0 8 -0.744393
81 88 0 8 -0.744404
78 92 0 8 -0.746179
74 91 0 8 -0.746750
9 38 0 8 -0.746844
27 43 0 8 -0.748517
34 86 0 8 -0.748608
11 66 0 8 -0.749013
3 26 0 8 -0.750017
27 55 0 8 -0.751426
16 67 0 8 -0.751906
38 87 0 8 -0.752841
33 87 0 8 -0.753021
16 64 0 8 -0.753422
33 67 0 8 -0.753988
25 31 0 8 -0.755962
67 93 0 8 -0.757622
18 88 0 8 -0.760381
30 63 0 8 -0.760693
17 67 0 8 -0.760836
45 65 0 8 -0.762050
30 36 0 8 -0.763523
3 62 0 8 -0.763831
19 82 0 8 -0.764002
72 91 0 8 -0.765226
12 23 0 8 -0.766419
23 43 0 8 -0.767370
75 88 0 8 -0.768747
11 50 0 8 -0.769191
19 69 0 8 -0.769252
16 43 0 8 -0.769975
73 94 0 8 -0.771069
86 92 0 8 -0.773412
33 61 0 8 -0.774173
4 45 0 8 -0.775947
42 68 0 8 -0.777598
32 81 0 8 -0.778809
34 57 0 8 -0.782440
25 67 0 8 -0.783952
15 80 0 8 -0.784303
38 66 0 8 -0.784758
25 38 0 8 -0.785089
64 93 0 8 -0.785234
13 72 0 8 -0.785242
8 36 0 8 -0.785401
65 83 0 8 -0.785428
74 86 0 8 -0.785557
19 46 0 8 -0.786856
26 35 0 8 -0.787252
13 90 0 8 -0.787831
32 83 0 8 -0.787953
42 60 0 8 -0.788656
25 85 0 8 -0.788773
29 73 0 8 -0.789771
72 85 0 8 -0.791148
19 25 0 8 -0.792281
19 42 0 8 -0.792654
5 41 0 8 -0.795911
3 12 0 8 -0.796410
6 75 0 8 -0.796654
6 28 0 8 -0.797597
25 33 0 8 -0.797818
21 49 0 8 -0.798526
8 37 0 8 -0.798593
45 80 0 8 -0.799406
29 66 0 8 -0.799524
27 63 0 8 -0.802415
32 75 0 8 -0.802622
4 28 0 8 -0.802828
29 84 0 8 -0.804306
27 76 0 8 -0.804454
70 88 0 8 -0.804860
12 49 0 8 -0.805533
6 66 0 8 -0.806426
19 72 0 8 -0.806473
36 82 0 8 -0.806575
22 55 0 8 -0.806871
31 84 0 8 -0.806997
42 71 0 8 -0.808258
9 53 0 8 -0.808581
79 90 0 8 -0.809322
8 19 0 8 -0.812078
26 87 0 8 -0.813012
28 50 0 8 -0.813300
21 73 0 8 -0.814822
5 48 0 8 -0.815423
19 59 0 8 -0.816043
31 89 0 8 -0.816298
7 46 0 8 -0.816467
9 17 0 8 -0.816502
55 85 0 8 -0.816819
53 74 0 8 -0.816883
13 58 0 8 -0.817644
14 69 0 8 -0.818055
24 42 0 8 -0.820350
25 64 0 8 -0.820638
13 45 0 8 -0.820913
33 75 0 8 -0.821271
45 87 0 8 -0.824061
20 70 0 8 -0.824096
12 22 0 8 -0.825034
50 69 0 8 -0.825168
19 83 0 8 -0.825403
17 76 0 8 -0.825616
14 56 0 8 -0.825975
14 43 0 8 -0.826979
15 25 0 8 -0.827164
32 82 0 8 -0.828888
21 41 0 8 -0.829056
22 52 0 8 -0.829196
10 21 0 8 -0.830006
66 90 0 8 -0.830065
18 89 0 8 -0.830230
18 83 0 8 -0.832514
41 90 0 8 -0.832852
33 93 0 8 -0.832918
25 88 0 8 -0.833049
24 55 0 8 -0.833453
74 93 0 8 -0.833493
59 74 0 8 -0.833940
8 25 0 8 -0.834260
21 26 0 8 -0.834623
64 84 0 8 -0.837373
46 85 0 8 -0.837426
53 79 0 8 -0.837772
3 48 0 8 -0.837903
12 82 0 8 -0.838448
27 33 0 8 -0.838725
27 51 0 8 -0.839003
20 80 0 8 -0.839272
70 76 0 8 -0.839464
29 42 0 8 -0.841940
60 85 0 8 -0.842343
26 84 0 8 -0.843256
13 33 0 8 -0.845415
72 82 0 8 -0.845423
45 86 0 8 -0.845920
46 82 0 8 -0.846341
21 61 0 8 -0.846815
68 85 0 8 -0.847358
7 41 0 8 -0.848962
59 90 0 8 -0.849088
42 63 0 8 -0.849486
16 41 0 8 -0.849616
30 91 0 8 -0.850472
19 64 0 8 -0.851294
22 87 0 8 -0.851472
56 91 0 8 -0.851619
21 66 0 8 -0.852188
67 88 0 8 -0.852521
12 83 0 8 -0.852575
8 20 0 8 -0.852854
46 91 0 8 -0.852998
18 42 0 8 -0.853238
13 53 0 8 -0.853511
59 84 0 8 -0.853567
33 90 0 8 -0.856176
56 88 0 8 -0.857029
10 20 0 8 -0.858384
48 64 0 8 -0.859787
46 61 0 8 -0.859848
28 83 0 8 -0.861182
32 56 0 8 -0.861289
14 48 0 8 -0.861800
13 42 0 8 -0.861972
27 75 0 8 -0.862263
19 73 0 8 -0.862953
75 93 0 8 -0.864184
54 62 0 8 -0.864581
28 63 0 8 -0.864812
51 76 0 8 -0.865174
15 69 0 8 -0.865344
56 68 0 8 -0.865784
49 71 0 8 -0.866358
37 86 0 8 -0.866803
5 74 0 8 -0.867193
9 25 0 8 -0.867971
22 61 0 8 -0.870696
42 61 0 8 -0.871159
78 91 0 8 -0.871741
11 76 0 8 -0.873367
21 36 0 8 -0.874447
32 64 0 8 -0.874864
68 79 0 8 -0.875081
69 91 0 8 -0.875330
37 58 0 8 -0.875494
27 67 0 8 -0.876295
8 56 0 8 -0.879393
20 56 0 8 -0.879457
6 65 0 8 -0.879580
27 62 0 8 -0.880200
52 59 0 8 -0.880639
55 88 0 8 -0.880662
65 90 0 8 -0.880812
5 62 0 8 -0.881839
28 84 0 8 -0.881977
40 61 0 8 -0.882668
6 26 0 8 -0.885118
72 89 0 8 -0.885175
75 83 0 8 -0.885869
12 24 0 8 -0.885897
17 59 0 8 -0.885928
14 88 0 8 -0.886517
71 79 0 8 -0.887307
24 91 0 8 -0.887637
25 43 0 8 -0.887802
20 61 0 8 -0.888779
45 53 0 8 -0.889469
75 90 0 8 -0.889693
13 43 0 8 -0.891721
10 92 0 8 -0.892805
3 24 0 8 -0.893350
66 81 0 8 -0.894118
5 23 0 8 -0.895101
13 63 0 8 -0.896414
58 83 0 8 -0.897784
79 94 0 8 -0.898440
31 45 0 8 -0.900600
10 78 0 8 -0.901691
6 89 0 8 -0.902058
34 58 0 8 -0.902783
48 66 0 8 -0.904139
18 82 0 8 -0.904428
10 26 0 8 -0.904602
32 45 0 8 -0.904724
23 58 0 8 -0.905816
23 34 0 8 -0.906785
32 71 0 8 -0.909414
22 90 0 8 -0.911708
41 86 0 8 -0.912533
56 93 0 8 -0.912824
43 69 0 8 -0.913516
8 14 0 8 -0.917445
3 36 0 8 -0.917884
10 22 0 8 -0.922132
22 36 0 8 -0.922817
26 68 0 8 -0.924143
6 29 0 8 -0.926240
15 34 0 8 -0.926555
72 90 0 8 -0.927259
20 93 0 8 -0.929818
19 85 0 8 -0.932227
9 89 0 8 -0.932710
49 65 0 8 -0.932746
50 86 0 8 -0.933433
8 27 0 8 -0.933889
71 80 0 8 -0.934442
21 45 0 8 -0.934475
11 28 0 8 -0.934971
8 78 0 8 -0.936513
3 50 0 8 -0.936547
18 75 0 8 -0.936760
15 28 0 8 -0.937749
5 73 0 8 -0.937839
13 64 0 8 -0.938227
27 69 0 8 -0.939058
30 48 0 8 -0.940597
5 38 0 8 -0.941494
62 83 0 8 -0.943008
52 64 0 8 -0.945657
15 46 0 8 -0.945736
26 41 0 8 -0.946015
15 64 0 8 -0.946092
24 52 0 8 -0.949782
17 79 0 8 -0.950956
22 64 0 8 -0.951000
51 64 0 8 -0.953287
64 88 0 8 -0.953997
63 85 0 8 -0.955432
20 85 0 8 -0.958314
8 83 0 8 -0.959308
67 87 0 8 -0.959998
61 80 0 8 -0.960385
30 89 0 8 -0.960440
8 51 0 8 -0.960647
36 57 0 8 -0.961751
45 90 0 8 -0.961976
23 88 0 8 -0.962006
79 93 0 8 -0.962398
63 81 0 8 -0.962487
55 64 0 8 -0.963296
25 59 0 8 -0.963810
41 93 0 8 -0.964653
45 64 0 8 -0.964741
37 70 0 8 -0.964859
7 75 0 8 -0.965081
13 23 0 8 -0.965455
40 66 0 8 -0.965566
11 80 0 8 -0.966583
17 60 0 8 -0.967514
27 45 0 8 -0.969066
50 65 0 8 -0.969379
11 38 0 8 -0.971611
27 85 0 8 -0.971661
17 29 0 8 -0.973142
12 62 0 8 -0.974320
51 93 0 8 -0.974910
33 78 0 8 -0.975323
18 49 0 8 -0.977440
9 23 0 8 -0.978297
48 57 0 8 -0.980414
62 89 0 8 -0.981069
6 56 0 8 -0.984498
53 72 0 8 -0.985377
56 76 0 8 -0.987362
30 76 0 8 -0.988325
26 82 0 8 -0.988516
58 82 0 8 -0.988967
28 86 0 8 -0.990668
54 63 0 8 -0.990830
20 68 0 8 -0.990960
36 83 0 8 -0.993139
10 23 0 8 -0.993296
43 82 0 8 -0.994048
5 61 0 8 -0.995298
28 48 0 8 -0.995306
49 82 0 8 -0.995679
6 35 0 8 -0.996057
82 88 0 8 -0.997242
62 93 0 8 -0.997736
49 56 0 8 -0.998387
40 80 0 8 -0.998456
5 43 0 8 -0.999215
22 72 0 8 -1.000962
56 87 0 8 -1.001542
59 82 0 8 -1.001856
33 71 0 8 -1.002582
26 72 0 8 -1.003248
66 73 0 8 -1.004293
54 61 0 8 -1.004393
43 91 0 8 -1.005040
11 61 0 8 -1.006099
31 62 0 8 -1.008649
57 93 0 8 -1.009982
74 80 0 8 -1.011106
23 37 0 8 -1.011570
27 61 0 8 -1.013144
41 66 0 8 -1.014139
17 38 0 8 -1.014732
40 53 0 8 -1.015444
6 37 0 8 -1.016519
8 72 0 8 -1.016795
76 82 0 8 -1.017044
16 76 0 8 -1.017402
14 82 0 8 -1.019449
29 81 0 8 -1.022551
4 37 0 8 -1.023356
9 70 0 8 -1.025447
3 76 0 8 -1.025447
52 67 0 8 -1.026136
65 81 0 8 -1.026635
40 86 0 8 -1.029249
9 48 0 8 -1.029276
17 36 0 8 -1.030180
66 78 0 8 -1.031011
12 70 0 8 -1.032307
23 64 0 8 -1.032959
25 80 0 8 -1.033415
76 88 0 8 -1.033423
26 79 0 8 -1.033805
34 81 0 8 -1.033936
35 92 0 8 -1.034013
9 20 0 8 -1.034292
63 76 0 8 -1.036392
45 52 0 8 -1.037176
5 81 0 8 -1.037605
19 70 0 8 -1.039271
37 75 0 8 -1.039351
31 87 0 8 -1.041256
34 59 0 8 -1.042899
11 43 0 8 -1.043275
12 42 0 8 -1.043514
22 88 0 8 -1.043834
50 78 0 8 -1.044179
23 87 0 8 -1.045462
43 70 0 8 -1.045757
34 61 0 8 -1.046111
62 78 0 8 -1.046609
23 63 0 8 -1.048073
24 78 0 8 -1.048287
4 29 0 8 -1.048906
15 60 0 8 -1.049804
16 50 0 8 -1.050171
50 61 0 8 -1.050490
13 25 0 8 -1.050540
7 89 0 8 -1.050820
28 73 0 8 -1.051477
25 69 0 8 -1.053570
67 83 0 8 -1.054615
31 91 0 8 -1.054866
49 55 0 8 -1.055247
14 84 0 8 -1.055838
18 40 0 8 -1.056481
38 84 0 8 -1.057133
16 59 0 8 -1.057238
53 81 0 8 -1.057693
9 22 0 8 -1.058616
18 37 0 8 -1.059157
51 67 0 8 -1.059722
17 49 0 8 -1.060537
45 72 0 8 -1.060581
61 85 0 8 -1.061962
37 66 0 8 -1.062127
19 35 0 8 -1.064471
20 90 0 8 -1.064538
7 86 0 8 -1.065166
42 51 0 8 -1.065170
41 70 0 8 -1.065187
15 58 0 8 -1.065924
48 54 0 8 -1.067499
11 26 0 8 -1.068125
18 28 0 8 -1.069451
40 72 0 8 -1.073826
21 75 0 8 -1.074857
11 65 0 8 -1.075531
12 30 0 8 -1.078692
34 42 0 8 -1.078710
55 62 0 8 -1.079140
36 59 0 8 -1.080831
49 68 0 8 -1.081064
19 24 0 8 -1.081661
76 89 0 8 -1.081758
34 49 0 8 -1.084554
29 87 0 8 -1.085353
38 56 0 8 -1.087387
69 93 0 8 -1.088564
16 88 0 8 -1.088795
24 93 0 8 -1.088809
38 81 0 8 -1.089157
42 80 0 8 -1.090734
11 57 0 8 -1.092004
45 85 0 8 -1.092089
16 48 0 8 -1.092543
6 38 0 8 -1.092937
17 28 0 8 -1.094299
37 64 0 8 -1.094981
27 48 0 8 -1.095452
8 49 0 8 -1.097188
68 88 0 8 -1.097234
40 83 0 8 -1.097435
53 90 0 8 -1.099970
64 80 0 8 -1.100114
60 87 0 8 -1.100258
20 64 0 8 -1.100918
24 70 0 8 -1.100973
36 79 0 8 -1.101000
31 37 0 8 -1.103270
40 85 0 8 -1.103432
28 75 0 8 -1.103740
37 79 0 8 -1.104408
50 68 0 8 -1.105265
34 80 0 8 -1.105480
66 89 0 8 -1.106375
28 78 0 8 -1.108381
69 82 0 8 -1.109568
11 93 0 8 -1.109746
19 88 0 8 -1.109982
51 68 0 8 -1.112124
50 60 0 8 -1.112509
51 90 0 8 -1.113053
37 74 0 8 -1.114251
35 74 0 8 -1.114972
52 75 0 8 -1.115062
63 84 0 8 -1.115576
11 49 0 8 -1.117017
4 12 0 8 -1.117384
67 80 0 8 -1.118026
30 72 0 8 -1.118748
51 71 0 8 -1.118972
7 68 0 8 -1.120638
9 85 0 8 -1.121078
14 79 0 8 -1.121201
4 30 0 8 -1.122773
4 62 0 8 -1.122881
23 55 0 8 -1.123075
37 83 0 8 -1.123245
7 23 0 8 -1.124388
36 68 0 8 -1.125057
60 67 0 8 -1.126795
33 88 0 8 -1.130675
61 89 0 8 -1.131784
16 60 0 8 -1.133300
14 75 0 8 -1.133687
34 56 0 8 -1.134483
11 53 0 8 -1.134768
10 49 0 8 -1.134770
64 87 0 8 -1.135459
33 62 0 8 -1.135992
13 40 0 8 -1.137146
29 89 0 8 -1.137315
76 90 0 8 -1.138244
41 83 0 8 -1.138287
41 81 0 8 -1.138926
42 58 0 8 -1.138959
46 55 0 8 -1.139320
27 71 0 8 -1.140558
21 68 0 8 -1.140734
24 64 0 8 -1.140866
60 86 0 8 -1.141012
18 33 0 8 -1.142659
10 71 0 8 -1.143249
59 83 0 8 -1.144334
22 34 0 8 -1.144721
61 70 0 8 -1.146613
78 89 0 8 -1.146686
34 51 0 8 -1.146779
29 69 0 8 -1.148302
25 68 0 8 -1.148351
38 71 0 8 -1.148729
65 88 0 8 -1.149596
58 88 0 8 -1.151569
16 75 0 8 -1.151714
7 70 0 8 -1.152593
34 79 0 8 -1.154116
4 43 0 8 -1.154480
11 42 0 8 -1.154812
9 74 0 8 -1.154895
55 78 0 8 -1.154943
67 84 0 8 -1.155341
8 28 0 8 -1.155945
10 56 0 8 -1.156025
38 65 0 8 -1.157601
15 22 0 8 -1.161232
51 88 0 8 -1.161764
58 93 0 8 -1.162994
14 63 0 8 -1.164073
48 87 0 8 -1.164181
4 61 0 8 -1.164324
32 38 0 8 -1.167711
52 74 0 8 -1.167782
43 53 0 8 -1.168966
8 62 0 8 -1.172635
12 46 0 8 -1.174626
29 67 0 8 -1.175440
36 65 0 8 -1.176358
61 81 0 8 -1.176848
35 72 0 8 -1.177499
31 76 0 8 -1.177595
69 87 0 8 -1.178157
23 71 0 8 -1.178223
15 76 0 8 -1.182080
11 41 0 8 -1.183044
53 63 0 8 -1.183926
12 41 0 8 -1.184900
10 41 0 8 -1.185084
66 75 0 8 -1.186081
50 79 0 8 -1.186183
8 79 0 8 -1.186431
14 68 0 8 -1.187629
82 90 0 8 -1.190032
58 71 0 8 -1.191599
9 37 0 8 -1.192583
33 45 0 8 -1.192608
68 89 0 8 -1.193482
50 59 0 8 -1.193874
31 43 0 8 -1.194637
35 65 0 8 -1.195764
17 45 0 8 -1.196715
18 45 0 8 -1.197116
11 71 0 8 -1.197480
16 23 0 8 -1.199748
33 40 0 8 -1.202727
34 83 0 8 -1.204929
23 31 0 8 -1.205019
43 90 0 8 -1.206519
12 68 0 8 -1.207657
35 93 0 8 -1.211612
27 66 0 8 -1.212853
57 73 0 8 -1.213786
13 18 0 8 -1.214129
69 76 0 8 -1.214425
22 93 0 8 -1.215902
27 65 0 8 -1.217646
53 76 0 8 -1.218242
19 75 0 8 -1.219150
22 89 0 8 -1.222510
7 51 0 8 -1.222742
29 75 0 8 -1.223199
65 74 0 8 -1.223714
51 89 0 8 -1.224518
52 63 0 8 -1.226681
24 46 0 8 -1.227091
29 55 0 8 -1.229350
8 61 0 8 -1.230121
7 33 0 8 -1.232582
40 65 0 8 -1.232908
27 89 0 8 -1.234146
74 82 0 8 -1.234564
8 38 0 8 -1.235045
12 40 0 8 -1.235054
10 55 0 8 -1.235693
50 91 0 8 -1.236216
69 81 0 8 -1.236660
26 58 0 8 -1.236737
19 40 0 8 -1.237439
60 72 0 8 -1.238526
22 50 0 8 -1.238747
36 74 0 8 -1.239986
10 67 0 8 -1.240381
46 81 0 8 -1.242631
18 67 0 8 -1.244314
32 74 0 8 -1.244755
18 90 0 8 -1.245447
72 78 0 8 -1.246193
10 70 0 8 -1.249000
83 88 0 8 -1.250907
26 48 0 8 -1.251035
48 78 0 8 -1.251225
30 65 0 8 -1.253718
13 59 0 8 -1.254023
9 75 0 8 -1.254795
30 35 0 8 -1.255979
73 85 0 8 -1.256491
56 86 0 8 -1.258176
45 88 0 8 -1.258224
38 55 0 8 -1.258652
9 57 0 8 -1.259021
16 57 0 8 -1.261410
35 89 0 8 -1.264469
11 36 0 8 -1.265041
42 59 0 8 -1.265239
12 60 0 8 -1.268563
49 66 0 8 -1.268788
46 52 0 8 -1.269282
10 60 0 8 -1.269897
25 74 0 8 -1.271003
8 40 0 8 -1.272506
22 65 0 8 -1.277385
48 93 0 8 -1.277780
5 58 0 8 -1.278576
19 81 0 8 -1.279526
63 83 0 8 -1.279660
40 82 0 8 -1.279895
9 19 0 8 -1.281991
28 40 0 8 -1.283318
43 80 0 8 -1.284166
41 71 0 8 -1.284466
9 63 0 8 -1.284873
61 90 0 8 -1.285181
33 76 0 8 -1.287042
18 25 0 8 -1.287994
7 76 0 8 -1.289789
19 74 0 8 -1.293387
15 75 0 8 -1.295936
6 40 0 8 -1.298225
15 36 0 8 -1.298687
17 73 0 8 -1.298756
16 40 0 8 -1.299826
8 75 0 8 -1.299885
28 67 0 8 -1.299931
62 76 0 8 -1.302273
67 75 0 8 -1.302457
11 70 0 8 -1.303850
22 91 0 8 -1.303984
51 59 0 8 -1.304281
11 87 0 8 -1.305839
11 63 0 8 -1.307458
12 78 0 8 -1.307866
25 61 0 8 -1.311490
43 58 0 8 -1.312313
35 57 0 8 -1.312406
32 59 0 8 -1.313445
22 73 0 8 -1.314859
67 86 0 8 -1.316214
13 37 0 8 -1.317808
61 87 0 8 -1.319229
25 57 0 8 -1.322153
34 74 0 8 -1.322618
35 46 0 8 -1.322657
18 46 0 8 -1.326618
22 51 0 8 -1.327614
12 38 0 8 -1.328214
22 29 0 8 -1.329110
28 81 0 8 -1.329743
78 86 0 8 -1.330118
73 81 0 8 -1.330305
64 86 0 8 -1.331321
20 40 0 8 -1.334005
13 74 0 8 -1.335541
35 68 0 8 -1.335852
63 88 0 8 -1.337024
51 70 0 8 -1.338165
32 67 0 8 -1.339299
58 84 0 8 -1.341358
7 65 0 8 -1.341974
33 60 0 8 -1.342379
19 60 0 8 -1.345094
6 43 0 8 -1.346776
61 73 0 8 -1.346910
52 78 0 8 -1.347133
5 40 0 8 -1.348920
46 80 0 8 -1.349052
19 56 0 8 -1.350142
30 88 0 8 -1.352915
27 73 0 8 -1.353251
75 86 0 8 -1.356089
22 79 0 8 -1.358466
18 62 0 8 -1.366267
27 38 0 8 -1.366378
40 89 0 8 -1.367120
28 88 0 8 -1.369265
23 75 0 8 -1.370164
42 62 0 8 -1.370596
30 58 0 8 -1.372565
18 76 0 8 -1.373389
34 55 0 8 -1.375595
27 68 0 8 -1.377614
68 87 0 8 -1.378675
43 57 0 8 -1.381685
58 87 0 8 -1.382661
16 68 0 8 -1.383339
31 75 0 8 -1.383566
36 51 0 8 -1.385697
49 86 0 8 -1.386670
35 41 0 8 -1.390345
38 88 0 8 -1.390711
13 62 0 8 -1.390927
7 73 0 8 -1.392891
14 24 0 8 -1.392931
10 57 0 8 -1.393502
6 78 0 8 -1.393574
16 79 0 8 -1.394295
24 67 0 8 -1.395351
22 75 0 8 -1.395661
40 52 0 8 -1.395742
36 76 0 8 -1.397567
6 74 0 8 -1.398854
19 78 0 8 -1.401767
14 78 0 8 -1.402766
27 52 0 8 -1.403275
33 56 0 8 -1.404166
61 84 0 8 -1.404908
9 78 0 8 -1.406105
16 65 0 8 -1.406130
41 67 0 8 -1.406934
11 78 0 8 -1.407327
23 68 0 8 -1.408085
13 68 0 8 -1.409292
16 37 0 8 -1.409869
3 38 0 8 -1.410491
69 84 0 8 -1.411256
22 85 0 8 -1.412791
59 70 0 8 -1.412999
10 87 0 8 -1.413183
11 45 0 8 -1.413300
58 73 0 8 -1.413631
36 69 0 8 -1.414223
40 73 0 8 -1.415938
76 83 0 8 -1.417003
78 87 0 8 -1.420805
36 71 0 8 -1.428359
68 76 0 8 -1.430127
17 68 0 8 -1.431118
28 52 0 8 -1.431421
30 45 0 8 -1.432396
6 49 0 8 -1.434555
29 76 0 8 -1.436739
9 60 0 8 -1.439539
30 61 0 8 -1.439867
16 73 0 8 -1.452186
13 29 0 8 -1.452276
33 48 0 8 -1.452932
13 46 0 8 -1.453605
16 49 0 8 -1.456334
6 58 0 8 -1.456382
16 24 0 8 -1.457543
28 58 0 8 -1.461329
40 87 0 8 -1.463349
30 75 0 8 -1.466071
14 76 0 8 -1.466314
9 82 0 8 -1.466796
21 35 0 8 -1.470213
9 49 0 8 -1.472029
19 38 0 8 -1.472844
13 73 0 8 -1.474195
20 43 0 8 -1.474346
48 80 0 8 -1.477024
15 68 0 8 -1.479325
24 38 0 8 -1.479923
27 88 0 8 -1.481720
20 49 0 8 -1.482018
10 75 0 8 -1.483288
14 57 0 8 -1.484394
11 30 0 8 -1.485802
23 74 0 8 -1.485902
11 68 0 8 -1.487377
52 76 0 8 -1.487384
8 29 0 8 -1.487945
22 60 0 8 -1.488864
12 63 0 8 -1.489499
10 72 0 8 -1.493944
75 85 0 8 -1.494210
27 34 0 8 -1.494764
12 56 0 8 -1.494846
15 43 0 8 -1.498909
9 40 0 8 -1.500793
19 67 0 8 -1.505408
10 46 0 8 -1.506868
10 63 0 8 -1.508685
7 58 0 8 -1.509519
19 28 0 8 -1.509524
10 48 0 8 -1.510716
49 59 0 8 -1.512321
74 84 0 8 -1.516423
37 73 0 8 -1.517239
15 49 0 8 -1.517938
25 58 0 8 -1.520415
29 49 0 8 -1.521283
28 46 0 8 -1.523918
16 26 0 8 -1.525938
40 75 0 8 -1.526485
6 61 0 8 -1.528534
21 63 0 8 -1.530790
13 60 0 8 -1.534661
38 58 0 8 -1.538808
40 64 0 8 -1.540199
38 50 0 8 -1.540417
22 63 0 8 -1.544250
56 73 0 8 -1.545356
60 90 0 8 -1.545624
26 43 0 8 -1.545711
13 56 0 8 -1.545953
32 73 0 8 -1.547737
37 65 0 8 -1.548771
27 78 0 8 -1.552313
68 82 0 8 -1.553392
38 83 0 8 -1.553532
68 86 0 8 -1.556287
41 89 0 8 -1.556921
22 74 0 8 -1.559015
26 78 0 8 -1.560266
22 38 0 8 -1.560631
9 68 0 8 -1.560715
10 84 0 8 -1.561510
45 69 0 8 -1.565740
12 36 0 8 -1.568008
69 88 0 8 -1.569937
69 86 0 8 -1.571591
15 61 0 8 -1.571814
7 79 0 8 -1.576798
18 85 0 8 -1.577508
38 64 0 8 -1.577828
53 78 0 8 -1.578806
8 74 0 8 -1.584552
40 51 0 8 -1.588785
27 58 0 8 -1.590824
67 74 0 8 -1.591437
56 66 0 8 -1.592536
29 36 0 8 -1.593099
37 53 0 8 -1.595946
27 41 0 8 -1.597289
13 36 0 8 -1.599344
22 59 0 8 -1.600807
12 69 0 8 -1.603955
15 45 0 8 -1.604860
13 28 0 8 -1.606183
30 49 0 8 -1.608494
59 67 0 8 -1.609132
13 41 0 8 -1.611514
9 56 0 8 -1.613156
13 76 0 8 -1.614180
28 68 0 8 -1.614210
14 74 0 8 -1.619272
19 58 0 8 -1.623164
37 81 0 8 -1.625603
31 51 0 8 -1.627014
30 56 0 8 -1.627929
23 76 0 8 -1.637132
21 62 0 8 -1.638194
9 30 0 8 -1.639394
65 76 0 8 -1.643625
74 88 0 8 -1.645798
23 51 0 8 -1.657793
27 50 0 8 -1.660268
40 55 0 8 -1.660533
48 62 0 8 -1.662606
29 72 0 8 -1.664069
52 79 0 8 -1.664471
37 59 0 8 -1.673241
9 61 0 8 -1.675304
38 53 0 8 -1.678731
9 62 0 8 -1.679603
15 81 0 8 -1.681689
35 56 0 8 -1.683494
45 89 0 8 -1.684060
33 58 0 8 -1.684111
7 48 0 8 -1.685136
79 87 0 8 -1.686034
30 74 0 8 -1.686489
60 81 0 8 -1.687337
11 18 0 8 -1.691786
68 81 0 8 -1.692593
49 64 0 8 -1.693780
43 85 0 8 -1.699592
33 68 0 8 -1.702036
40 69 0 8 -1.711012
46 51 0 8 -1.714666
11 64 0 8 -1.717613
12 37 0 8 -1.719484
7 62 0 8 -1.719841
57 76 0 8 -1.727168
13 48 0 8 -1.727568
43 84 0 8 -1.729120
41 68 0 8 -1.733107
31 59 0 8 -1.733631
23 38 0 8 -1.734728
19 63 0 8 -1.737785
20 41 0 8 -1.738223
7 78 0 8 -1.738577
19 79 0 8 -1.745667
22 48 0 8 -1.746468
8 18 0 8 -1.747400
8 63 0 8 -1.747512
22 76 0 8 -1.751794
40 68 0 8 -1.753245
19 49 0 8 -1.756677
17 63 0 8 -1.761802
43 87 0 8 -1.766534
29 43 0 8 -1.767283
15 37 0 8 -1.769229
29 58 0 8 -1.783384
50 63 0 8 -1.787830
31 63 0 8 -1.788948
20 79 0 8 -1.794819
8 46 0 8 -1.795277
18 57 0 8 -1.795501
17 62 0 8 -1.799649
17 58 0 8 -1.799994
9 41 0 8 -1.802801
14 40 0 8 -1.803645
50 76 0 8 -1.816257
68 78 0 8 -1.827609
50 74 0 8 -1.838776
45 56 0 8 -1.839283
22 58 0 8 -1.842986
30 85 0 8 -1.848891
26 60 0 8 -1.850948
20 37 0 8 -1.871979
40 45 0 8 -1.874992
15 63 0 8 -1.875162
41 80 0 8 -1.875726
19 62 0 8 -1.876859
22 35 0 8 -1.888830
49 70 0 8 -1.902912
21 58 0 8 -1.903725
16 74 0 8 -1.903768
29 83 0 8 -1.906809
30 41 0 8 -1.908324
41 55 0 8 -1.909133
13 78 0 8 -1.920096
43 81 0 8 -1.926624
11 37 0 8 -1.929280
7 38 0 8 -1.931262
8 76 0 8 -1.934310
33 38 0 8 -1.936548
35 50 0 8 -1.936679
29 51 0 8 -1.941009
35 60 0 8 -1.952411
31 73 0 8 -1.960724
29 57 0 8 -1.965745
36 58 0 8 -1.966580
38 52 0 8 -1.971425
33 81 0 8 -1.971681
8 58 0 8 -1.974797
12 81 0 8 -1.980885
7 74 0 8 -1.981753
37 63 0 8 -1.982108
27 49 0 8 -1.991754
20 76 0 8 -1.991786
62 81 0 8 -2.002304
22 57 0 8 -2.005045
35 59 0 8 -2.009177
12 28 0 8 -2.011613
12 29 0 8 -2.011913
29 74 0 8 -2.017267
7 40 0 8 -2.019233
26 56 0 8 -2.042700
71 78 0 8 -2.045908
10 40 0 8 -2.049350
10 80 0 8 -2.059939
43 59 0 8 -2.060109
19 41 0 8 -2.060827
22 56 0 8 -2.064353
14 58 0 8 -2.064697
41 88 0 8 -2.073630
26 74 0 8 -2.081108
31 74 0 8 -2.083623
76 86 0 8 -2.084347
43 71 0 8 -2.088153
9 58 0 8 -2.106434
29 60 0 8 -2.114032
71 76 0 8 -2.114094
13 61 0 8 -2.121724
29 56 0 8 -2.122161
19 61 0 8 -2.124940
30 79 0 8 -2.139407
58 70 0 8 -2.145303
70 78 0 8 -2.149586
46 68 0 8 -2.159812
11 58 0 8 -2.160662
18 36 0 8 -2.189256
27 59 0 8 -2.211650
9 46 0 8 -2.216932
69 79 0 8 -2.223805
48 79 0 8 -2.231946
38 82 0 8 -2.234774
41 50 0 8 -2.236470
29 79 0 8 -2.248299
48 53 0 8 -2.250499
8 43 0 8 -2.257958
46 60 0 8 -2.270372
31 58 0 8 -2.275137
50 62 0 8 -2.276890
48 86 0 8 -2.278327
31 38 0 8 -2.281140
28 41 0 8 -2.284489
27 79 0 8 -2.285384
38 74 0 8 -2.301312
37 80 0 8 -2.304202
46 79 0 8 -2.305859
48 81 0 8 -2.316388
24 73 0 8 -2.344172
55 63 0 8 -2.347592
40 57 0 8 -2.351925
33 63 0 8 -2.369195
16 45 0 8 -2.375826
31 36 0 8 -2.385947
11 35 0 8 -2.387066
19 36 0 8 -2.410203
11 62 0 8 -2.421221
37 85 0 8 -2.422810
9 73 0 8 -2.450051
48 58 0 8 -2.458267
37 62 0 8 -2.473866
12 74 0 8 -2.530747
16 58 0 8 -2.536689
14 45 0 8 -2.545695
16 61 0 8 -2.555985
12 58 0 8 -2.601579
10 59 0 8 -2.614300
16 38 0 8 -2.624205
10 62 0 8 -2.670369
22 41 0 8 -2.690268
12 59 0 8 -2.799980
11 73 0 8 -2.916795
11 74 0 8 -3.563597
