6 33 0 8 16.794107
67 75 0 8 15.567006
25 31 0 8 13.279207
62 67 0 8 13.125480
20 68 0 8 9.742673
69 75 0 8 9.117992
7 65 0 8 9.093308
68 82 0 8 8.778405
19 79 0 8 8.021854
62 75 0 8 7.521318
7 13 0 8 7.350647
64 77 0 8 6.591876
7 16 0 8 6.545645
23 79 0 8 6.404114
6 21 0 8 6.401951
21 33 0 8 6.285180
24 82 0 8 6.217007
69 77 0 8 6.169426
67 77 0 8 5.979726
8 35 0 8 5.930633
4 24 0 8 5.750987
2 29 0 8 5.628110
19 83 0 8 5.537956
8 13 0 8 5.453978
16 64 0 8 5.203150
20 79 0 8 5.187431
16 65 0 8 5.144022
12 17 0 8 4.945590
49 56 0 8 4.923844
13 37 0 8 4.714064
20 82 0 8 4.688412
23 81 0 8 4.512846
15 20 0 8 4.462528
3 34 0 8 4.302667
3 54 0 8 4.077360
16 79 0 8 4.019258
34 39 0 8 3.902949
68 79 0 8 3.879871
7 64 0 8 3.862793
63 81 0 8 3.833320
64 78 0 8 3.799578
12 63 0 8 3.771157
23 64 0 8 3.742991
56 67 0 8 3.697261
12 62 0 8 3.696170
56 61 0 8 3.663249
5 73 0 8 3.617463
67 80 0 8 3.514477
13 18 0 8 3.509566
48 55 0 8 3.475732
36 65 0 8 3.470580
15 63 0 8 3.462636
3 32 0 8 3.454971
34 49 0 8 3.384651
55 62 0 8 3.302946
23 76 0 8 3.296868
39 44 0 8 3.295677
49 54 0 8 3.171255
22 55 0 8 3.137581
75 80 0 8 3.120315
15 65 0 8 3.085558
5 52 0 8 3.067867
13 35 0 8 3.037045
70 76 0 8 3.036729
37 43 0 8 3.028433
65 75 0 8 2.981893
34 47 0 8 2.975692
22 33 0 8 2.951788
17 75 0 8 2.948445
54 73 0 8 2.933363
62 81 0 8 2.918901
33 65 0 8 2.909141
64 80 0 8 2.905981
25 30 0 8 2.871347
6 65 0 8 2.848990
4 68 0 8 2.843814
30 72 0 8 2.842748
52 73 0 8 2.795091
18 25 0 8 2.786003
3 70 0 8 2.785189
13 36 0 8 2.784835
17 62 0 8 2.758703
16 77 0 8 2.750464
7 52 0 8 2.717294
50 56 0 8 2.706309
52 60 0 8 2.679260
13 65 0 8 2.653584
32 40 0 8 2.626775
28 55 0 8 2.605542
48 60 0 8 2.583817
7 48 0 8 2.575057
6 37 0 8 2.570525
51 75 0 8 2.569243
29 39 0 8 2.565468
3 73 0 8 2.533286
48 54 0 8 2.531879
64 75 0 8 2.522650
23 30 0 8 2.510207
12 65 0 8 2.505044
15 61 0 8 2.504282
18 33 0 8 2.504118
17 65 0 8 2.494198
6 17 0 8 2.453931
33 69 0 8 2.450381
10 17 0 8 2.439397
15 81 0 8 2.408686
13 39 0 8 2.399834
17 69 0 8 2.368246
8 37 0 8 2.352826
14 66 0 8 2.337326
45 51 0 8 2.336781
12 81 0 8 2.330011
11 17 0 8 2.320521
23 67 0 8 2.276851
4 27 0 8 2.258977
10 65 0 8 2.251292
48 56 0 8 2.249957
6 18 0 8 2.228054
56 65 0 8 2.213338
69 81 0 8 2.211507
15 62 0 8 2.208958
20 83 0 8 2.182558
36 70 0 8 2.171550
47 54 0 8 2.133892
18 36 0 8 2.118309
8 18 0 8 2.111295
26 80 0 8 2.110736
31 67 0 8 2.106986
16 41 0 8 2.102509
51 56 0 8 2.081148
21 35 0 8 2.060687
23 82 0 8 2.059693
30 46 0 8 2.057030
45 67 0 8 2.046747
39 53 0 8 2.035133
32 49 0 8 2.026137
60 67 0 8 2.022285
19 80 0 8 2.020496
39 70 0 8 2.018399
24 30 0 8 2.016927
21 67 0 8 2.016593
24 45 0 8 2.014479
54 60 0 8 2.005397
45 52 0 8 2.003175
46 72 0 8 1.993213
22 36 0 8 1.988633
15 79 0 8 1.977498
21 62 0 8 1.971593
62 69 0 8 1.966685
2 64 0 8 1.956540
28 38 0 8 1.953755
47 72 0 8 1.946064
23 53 0 8 1.923166
16 23 0 8 1.922885
30 53 0 8 1.914247
32 54 0 8 1.909228
18 40 0 8 1.906656
19 30 0 8 1.896338
5 44 0 8 1.883087
26 38 0 8 1.883021
68 77 0 8 1.873041
61 67 0 8 1.871140
51 80 0 8 1.860693
3 69 0 8 1.858101
73 84 0 8 1.856686
10 37 0 8 1.845650
28 44 0 8 1.840959
3 47 0 8 1.836457
55 61 0 8 1.811100
24 58 0 8 1.785399
38 50 0 8 1.781882
53 74 0 8 1.779922
7 77 0 8 1.773457
41 58 0 8 1.763927
42 52 0 8 1.753857
40 62 0 8 1.744795
23 77 0 8 1.743427
18 62 0 8 1.739860
20 55 0 8 1.729587
23 83 0 8 1.725980
17 23 0 8 1.721502
41 72 0 8 1.709818
21 81 0 8 1.699748
20 69 0 8 1.698929
28 54 0 8 1.697086
40 63 0 8 1.696593
32 76 0 8 1.676179
57 79 0 8 1.663711
6 35 0 8 1.652995
62 72 0 8 1.649253
18 32 0 8 1.639959
62 78 0 8 1.631259
37 73 0 8 1.630587
23 28 0 8 1.623138
31 78 0 8 1.622922
43 50 0 8 1.619412
39 47 0 8 1.619285
49 63 0 8 1.617760
28 72 0 8 1.613020
23 69 0 8 1.610789
15 22 0 8 1.604516
1 65 0 8 1.603750
36 73 0 8 1.590163
46 74 0 8 1.588058
7 44 0 8 1.586821
70 82 0 8 1.584978
8 39 0 8 1.580108
12 37 0 8 1.575976
8 29 0 8 1.571086
27 73 0 8 1.566939
25 32 0 8 1.555239
8 22 0 8 1.537944
34 52 0 8 1.535588
19 54 0 8 1.516518
5 69 0 8 1.514020
17 27 0 8 1.509484
12 35 0 8 1.503527
50 55 0 8 1.500077
2 72 0 8 1.499048
44 72 0 8 1.494967
23 75 0 8 1.486151
20 29 0 8 1.483116
26 34 0 8 1.480713
22 53 0 8 1.478692
48 63 0 8 1.476701
52 63 0 8 1.471413
5 67 0 8 1.465375
56 76 0 8 1.464051
66 78 0 8 1.460833
4 38 0 8 1.457313
50 72 0 8 1.455585
13 38 0 8 1.454713
19 43 0 8 1.453434
37 42 0 8 1.452417
7 51 0 8 1.448731
5 27 0 8 1.447596
20 64 0 8 1.445144
36 43 0 8 1.445061
27 56 0 8 1.438987
45 56 0 8 1.438169
53 75 0 8 1.435679
23 29 0 8 1.434249
32 82 0 8 1.434230
23 84 0 8 1.427666
34 82 0 8 1.427056
27 38 0 8 1.420267
17 81 0 8 1.416048
3 16 0 8 1.415902
70 79 0 8 1.415892
15 29 0 8 1.414204
21 49 0 8 1.410222
30 49 0 8 1.406952
16 83 0 8 1.406634
21 71 0 8 1.406355
44 53 0 8 1.404719
37 50 0 8 1.403646
6 58 0 8 1.403025
22 30 0 8 1.390774
41 81 0 8 1.385598
12 33 0 8 1.381578
30 40 0 8 1.379639
5 31 0 8 1.375269
21 84 0 8 1.373221
64 69 0 8 1.372392
16 33 0 8 1.359996
18 35 0 8 1.357075
14 78 0 8 1.356586
49 55 0 8 1.344621
18 57 0 8 1.342110
18 84 0 8 1.339885
50 82 0 8 1.338158
17 33 0 8 1.336728
27 53 0 8 1.333873
66 77 0 8 1.320488
24 68 0 8 1.317466
34 41 0 8 1.312443
20 35 0 8 1.311713
29 51 0 8 1.308943
39 68 0 8 1.307277
28 49 0 8 1.307216
27 54 0 8 1.306095
57 63 0 8 1.301300
12 21 0 8 1.301225
22 46 0 8 1.298128
39 46 0 8 1.295788
22 79 0 8 1.295204
21 52 0 8 1.293269
62 76 0 8 1.293205
4 31 0 8 1.288244
39 55 0 8 1.284130
28 46 0 8 1.283587
35 85 0 8 1.283104
27 47 0 8 1.278466
15 77 0 8 1.274513
5 45 0 8 1.273328
17 31 0 8 1.271826
64 71 0 8 1.267972
3 74 0 8 1.267075
1 7 0 8 1.250534
52 74 0 8 1.238188
27 34 0 8 1.238073
29 76 0 8 1.232710
61 68 0 8 1.229457
4 49 0 8 1.224425
26 32 0 8 1.220245
48 80 0 8 1.209987
51 84 0 8 1.208614
15 31 0 8 1.207641
51 73 0 8 1.207600
26 51 0 8 1.202676
26 82 0 8 1.202088
13 80 0 8 1.199320
25 33 0 8 1.198913
26 47 0 8 1.198486
2 85 0 8 1.193514
43 67 0 8 1.193017
37 57 0 8 1.190369
27 79 0 8 1.188812
18 79 0 8 1.186583
29 43 0 8 1.185484
25 53 0 8 1.173213
20 37 0 8 1.169427
32 73 0 8 1.161019
20 50 0 8 1.159242
3 35 0 8 1.158318
6 36 0 8 1.156604
26 48 0 8 1.152517
6 31 0 8 1.150778
11 81 0 8 1.150508
54 69 0 8 1.148554
24 54 0 8 1.146757
35 53 0 8 1.145988
20 62 0 8 1.145641
1 22 0 8 1.143590
8 65 0 8 1.138899
26 63 0 8 1.138630
13 70 0 8 1.133969
36 47 0 8 1.131343
48 53 0 8 1.130230
23 49 0 8 1.117317
72 83 0 8 1.111848
19 38 0 8 1.110805
14 37 0 8 1.107937
33 42 0 8 1.105492
31 75 0 8 1.104990
43 74 0 8 1.104328
42 86 0 8 1.099854
8 61 0 8 1.097219
4 18 0 8 1.096809
22 73 0 8 1.096195
64 76 0 8 1.095413
16 66 0 8 1.086897
64 81 0 8 1.083958
18 83 0 8 1.082877
22 54 0 8 1.074793
40 46 0 8 1.070000
34 79 0 8 1.059279
47 70 0 8 1.058872
8 25 0 8 1.054716
28 57 0 8 1.054272
56 68 0 8 1.053725
35 42 0 8 1.049494
1 34 0 8 1.045486
17 82 0 8 1.045354
8 47 0 8 1.043864
30 41 0 8 1.040963
62 80 0 8 1.040393
22 32 0 8 1.039034
18 29 0 8 1.038030
77 82 0 8 1.037108
21 78 0 8 1.035930
36 67 0 8 1.035154
16 22 0 8 1.033811
14 65 0 8 1.032742
35 80 0 8 1.032675
76 84 0 8 1.026770
4 74 0 8 1.025893
17 63 0 8 1.023110
31 36 0 8 1.020827
1 16 0 8 1.019285
31 47 0 8 1.016755
24 49 0 8 1.015205
5 39 0 8 1.006201
25 76 0 8 1.005560
23 68 0 8 1.002271
7 61 0 8 1.001979
47 60 0 8 0.999964
27 33 0 8 0.998701
20 76 0 8 0.994583
18 80 0 8 0.989826
4 53 0 8 0.988916
8 53 0 8 0.976826
55 65 0 8 0.973943
4 64 0 8 0.973542
72 84 0 8 0.973254
7 80 0 8 0.971913
32 56 0 8 0.970813
5 14 0 8 0.970737
38 72 0 8 0.967559
6 12 0 8 0.965107
57 73 0 8 0.960695
58 74 0 8 0.954713
10 62 0 8 0.953474
51 76 0 8 0.948040
29 44 0 8 0.946800
36 84 0 8 0.945113
31 83 0 8 0.942969
2 63 0 8 0.936558
19 55 0 8 0.934196
24 64 0 8 0.934192
51 57 0 8 0.933506
46 51 0 8 0.933073
44 63 0 8 0.932533
28 52 0 8 0.926909
24 29 0 8 0.926684
40 74 0 8 0.923738
34 55 0 8 0.918564
22 74 0 8 0.915252
26 39 0 8 0.911591
54 59 0 8 0.910922
55 82 0 8 0.910062
23 47 0 8 0.909127
65 84 0 8 0.906698
13 30 0 8 0.906214
31 81 0 8 0.905098
29 84 0 8 0.902539
62 68 0 8 0.900698
17 34 0 8 0.899764
79 84 0 8 0.898793
6 11 0 8 0.896348
20 77 0 8 0.895211
7 68 0 8 0.893251
11 65 0 8 0.893040
37 53 0 8 0.891929
20 39 0 8 0.891356
22 72 0 8 0.891231
58 65 0 8 0.889849
38 51 0 8 0.888972
42 49 0 8 0.886847
35 43 0 8 0.883659
68 75 0 8 0.880973
50 57 0 8 0.880478
71 77 0 8 0.872131
51 83 0 8 0.868052
2 56 0 8 0.865955
47 74 0 8 0.864113
72 78 0 8 0.864027
39 75 0 8 0.862556
74 82 0 8 0.856351
26 58 0 8 0.855103
24 65 0 8 0.854667
59 80 0 8 0.845213
1 6 0 8 0.844959
4 43 0 8 0.843271
40 72 0 8 0.842071
61 75 0 8 0.841246
18 71 0 8 0.840990
52 77 0 8 0.839249
63 74 0 8 0.836733
29 85 0 8 0.836020
28 37 0 8 0.835972
30 71 0 8 0.834817
58 63 0 8 0.834335
43 63 0 8 0.834334
41 66 0 8 0.832377
24 42 0 8 0.831034
24 38 0 8 0.831021
3 45 0 8 0.829316
42 80 0 8 0.827641
52 76 0 8 0.827390
11 42 0 8 0.822049
28 73 0 8 0.819445
28 84 0 8 0.818595
25 44 0 8 0.815427
79 85 0 8 0.812873
36 77 0 8 0.810304
33 58 0 8 0.808428
8 51 0 8 0.808321
46 73 0 8 0.806402
3 75 0 8 0.805223
12 79 0 8 0.805041
33 43 0 8 0.804402
72 80 0 8 0.803955
19 68 0 8 0.800500
4 80 0 8 0.798174
16 48 0 8 0.796322
33 68 0 8 0.796047
26 77 0 8 0.794864
43 65 0 8 0.792733
44 56 0 8 0.792224
45 72 0 8 0.790556
33 38 0 8 0.788664
24 78 0 8 0.788520
41 80 0 8 0.786364
40 50 0 8 0.776082
39 50 0 8 0.773134
22 43 0 8 0.772367
28 53 0 8 0.771610
8 32 0 8 0.771351
47 80 0 8 0.769800
18 30 0 8 0.769423
27 68 0 8 0.768799
66 72 0 8 0.767250
60 65 0 8 0.767186
1 19 0 8 0.764600
7 38 0 8 0.763880
32 63 0 8 0.763706
8 19 0 8 0.763110
49 65 0 8 0.761784
2 86 0 8 0.761685
45 50 0 8 0.758810
4 57 0 8 0.756033
30 80 0 8 0.752082
34 73 0 8 0.751444
28 63 0 8 0.750413
23 34 0 8 0.750080
32 41 0 8 0.748758
76 82 0 8 0.748692
55 69 0 8 0.748124
22 59 0 8 0.744011
18 78 0 8 0.736344
11 84 0 8 0.734550
63 76 0 8 0.732640
19 46 0 8 0.728956
38 80 0 8 0.727420
21 39 0 8 0.726220
32 70 0 8 0.724733
13 63 0 8 0.722022
22 40 0 8 0.715449
18 26 0 8 0.715270
13 71 0 8 0.713939
6 13 0 8 0.712305
6 39 0 8 0.711106
69 74 0 8 0.710329
32 53 0 8 0.709327
29 54 0 8 0.708597
13 55 0 8 0.707027
5 17 0 8 0.705676
3 76 0 8 0.704497
36 51 0 8 0.701787
51 74 0 8 0.696854
4 50 0 8 0.695639
19 40 0 8 0.695524
32 60 0 8 0.695348
42 62 0 8 0.694156
14 36 0 8 0.693291
71 78 0 8 0.691569
6 19 0 8 0.689434
7 30 0 8 0.688875
31 68 0 8 0.687565
46 76 0 8 0.687310
74 81 0 8 0.683635
3 8 0 8 0.681913
47 55 0 8 0.679364
17 84 0 8 0.674742
17 85 0 8 0.674260
43 86 0 8 0.673580
33 82 0 8 0.671658
10 45 0 8 0.671122
76 85 0 8 0.669271
3 84 0 8 0.667742
23 36 0 8 0.664764
13 56 0 8 0.656864
12 83 0 8 0.656647
37 86 0 8 0.650970
5 74 0 8 0.650716
24 43 0 8 0.650569
6 41 0 8 0.649669
21 31 0 8 0.649500
14 73 0 8 0.649466
41 57 0 8 0.648678
34 56 0 8 0.648089
47 73 0 8 0.646973
10 60 0 8 0.645176
67 76 0 8 0.643178
2 44 0 8 0.641281
45 54 0 8 0.640894
21 65 0 8 0.640031
40 68 0 8 0.638233
2 27 0 8 0.636900
44 82 0 8 0.636418
31 58 0 8 0.634658
17 61 0 8 0.632287
37 64 0 8 0.630537
30 70 0 8 0.626943
37 44 0 8 0.624956
18 39 0 8 0.623021
7 37 0 8 0.621739
38 53 0 8 0.618117
41 60 0 8 0.610916
38 73 0 8 0.609722
8 40 0 8 0.608045
26 31 0 8 0.602398
4 21 0 8 0.599387
18 72 0 8 0.598509
17 66 0 8 0.597499
52 70 0 8 0.597446
1 70 0 8 0.596885
18 67 0 8 0.596628
3 59 0 8 0.594916
1 35 0 8 0.589988
51 85 0 8 0.589643
25 74 0 8 0.589374
39 60 0 8 0.586057
11 33 0 8 0.585512
43 55 0 8 0.583417
11 67 0 8 0.580891
20 30 0 8 0.579611
36 45 0 8 0.578151
72 85 0 8 0.577949
43 49 0 8 0.575407
68 83 0 8 0.573340
38 59 0 8 0.572855
30 74 0 8 0.572076
37 84 0 8 0.570395
44 70 0 8 0.569207
26 74 0 8 0.566364
24 86 0 8 0.566209
6 14 0 8 0.566168
8 31 0 8 0.564738
13 46 0 8 0.564493
5 34 0 8 0.562846
27 51 0 8 0.562219
70 78 0 8 0.560313
3 38 0 8 0.560288
50 76 0 8 0.559384
3 51 0 8 0.559162
7 33 0 8 0.558976
57 70 0 8 0.557204
19 85 0 8 0.554739
20 27 0 8 0.551459
5 13 0 8 0.550040
16 30 0 8 0.547912
7 46 0 8 0.546746
26 75 0 8 0.544499
15 67 0 8 0.540467
3 77 0 8 0.538961
28 47 0 8 0.537148
13 60 0 8 0.532155
18 28 0 8 0.532089
28 50 0 8 0.532024
34 50 0 8 0.526893
14 24 0 8 0.526630
24 40 0 8 0.526540
8 36 0 8 0.523815
75 81 0 8 0.522972
22 84 0 8 0.522782
52 86 0 8 0.521956
23 71 0 8 0.521077
35 86 0 8 0.517137
5 83 0 8 0.515455
28 40 0 8 0.514764
26 57 0 8 0.511622
17 48 0 8 0.509049
33 44 0 8 0.507947
15 60 0 8 0.506846
26 36 0 8 0.506641
6 51 0 8 0.505871
10 21 0 8 0.504609
25 50 0 8 0.504144
15 28 0 8 0.503904
37 66 0 8 0.503835
67 78 0 8 0.502537
1 38 0 8 0.502079
8 17 0 8 0.501779
40 76 0 8 0.498994
63 73 0 8 0.495968
14 19 0 8 0.491570
17 36 0 8 0.490269
63 82 0 8 0.487380
14 20 0 8 0.481182
26 84 0 8 0.480756
4 61 0 8 0.479627
13 85 0 8 0.476047
42 74 0 8 0.471982
53 59 0 8 0.471118
35 72 0 8 0.469706
47 64 0 8 0.469405
12 75 0 8 0.469213
20 78 0 8 0.467461
6 28 0 8 0.467126
2 46 0 8 0.466753
25 49 0 8 0.466555
50 71 0 8 0.465040
5 41 0 8 0.464875
21 76 0 8 0.464653
4 66 0 8 0.463358
50 86 0 8 0.459638
21 37 0 8 0.456499
4 14 0 8 0.456398
8 38 0 8 0.452950
19 24 0 8 0.452072
61 74 0 8 0.451943
1 83 0 8 0.451517
29 69 0 8 0.451002
4 59 0 8 0.450998
49 69 0 8 0.444039
25 45 0 8 0.442585
25 73 0 8 0.441828
32 50 0 8 0.438596
68 73 0 8 0.437840
42 69 0 8 0.437517
11 60 0 8 0.436712
11 63 0 8 0.435480
27 46 0 8 0.435115
51 60 0 8 0.434559
7 69 0 8 0.432166
54 84 0 8 0.431622
25 54 0 8 0.430436
16 81 0 8 0.429069
7 60 0 8 0.426701
2 34 0 8 0.422005
57 62 0 8 0.421719
5 46 0 8 0.421137
2 57 0 8 0.420706
2 8 0 8 0.420486
27 82 0 8 0.418928
11 55 0 8 0.418114
35 84 0 8 0.416926
27 42 0 8 0.412750
15 56 0 8 0.411346
15 66 0 8 0.410679
36 42 0 8 0.407445
13 86 0 8 0.407310
16 57 0 8 0.406979
22 76 0 8 0.406850
19 63 0 8 0.406813
51 66 0 8 0.404469
69 76 0 8 0.404301
59 84 0 8 0.404181
39 62 0 8 0.403404
51 70 0 8 0.402399
27 35 0 8 0.402385
26 70 0 8 0.399962
18 54 0 8 0.398403
33 40 0 8 0.396867
38 81 0 8 0.396848
4 11 0 8 0.396309
70 83 0 8 0.394827
62 70 0 8 0.394417
32 44 0 8 0.393255
18 58 0 8 0.392334
32 37 0 8 0.392069
2 48 0 8 0.392060
10 20 0 8 0.390854
1 37 0 8 0.390153
40 70 0 8 0.387455
13 67 0 8 0.383867
18 82 0 8 0.383085
66 76 0 8 0.381213
43 85 0 8 0.379556
20 28 0 8 0.379079
30 81 0 8 0.377461
42 51 0 8 0.375342
38 45 0 8 0.372288
34 74 0 8 0.370689
34 42 0 8 0.370393
5 71 0 8 0.369378
1 42 0 8 0.367570
10 33 0 8 0.366070
28 56 0 8 0.365031
19 29 0 8 0.363368
8 57 0 8 0.361224
40 84 0 8 0.361073
21 66 0 8 0.360645
6 66 0 8 0.359694
62 74 0 8 0.358454
2 66 0 8 0.358368
25 38 0 8 0.356432
15 59 0 8 0.355736
55 74 0 8 0.354554
21 79 0 8 0.354492
18 38 0 8 0.354240
17 86 0 8 0.353477
2 70 0 8 0.352112
11 79 0 8 0.351648
34 75 0 8 0.350894
42 57 0 8 0.350049
38 46 0 8 0.348601
34 64 0 8 0.347804
73 81 0 8 0.346217
5 40 0 8 0.345934
35 41 0 8 0.345825
60 72 0 8 0.344624
51 58 0 8 0.343703
35 70 0 8 0.343685
76 86 0 8 0.341595
4 65 0 8 0.340461
16 49 0 8 0.338758
11 41 0 8 0.338196
26 53 0 8 0.337822
43 60 0 8 0.336279
32 59 0 8 0.334928
2 37 0 8 0.333692
8 14 0 8 0.333576
68 78 0 8 0.333450
24 70 0 8 0.331984
46 52 0 8 0.331264
45 53 0 8 0.331237
1 36 0 8 0.329420
4 28 0 8 0.328833
56 81 0 8 0.326685
43 70 0 8 0.323944
13 81 0 8 0.323805
26 86 0 8 0.323406
57 76 0 8 0.322109
5 25 0 8 0.321144
26 41 0 8 0.320575
52 62 0 8 0.319543
17 76 0 8 0.319378
25 39 0 8 0.319344
22 42 0 8 0.317371
5 35 0 8 0.315740
70 75 0 8 0.315200
16 78 0 8 0.314583
36 86 0 8 0.312933
50 66 0 8 0.308039
10 42 0 8 0.307825
58 70 0 8 0.307722
30 83 0 8 0.306627
35 71 0 8 0.304547
57 74 0 8 0.303894
14 40 0 8 0.303514
47 85 0 8 0.302105
16 27 0 8 0.301026
4 76 0 8 0.300967
20 42 0 8 0.300195
45 80 0 8 0.298525
4 86 0 8 0.295110
31 63 0 8 0.294507
73 78 0 8 0.293513
2 7 0 8 0.291961
26 85 0 8 0.291690
48 59 0 8 0.291360
3 72 0 8 0.290724
38 58 0 8 0.287068
8 42 0 8 0.286490
55 60 0 8 0.284837
28 75 0 8 0.282355
35 69 0 8 0.281974
61 81 0 8 0.281062
20 66 0 8 0.279860
19 50 0 8 0.278250
18 24 0 8 0.275513
66 73 0 8 0.274795
8 67 0 8 0.273429
1 14 0 8 0.271979
22 41 0 8 0.271806
15 41 0 8 0.271523
41 76 0 8 0.270858
29 48 0 8 0.269205
3 53 0 8 0.269183
22 51 0 8 0.269064
34 86 0 8 0.268981
76 83 0 8 0.268589
53 84 0 8 0.267845
61 72 0 8 0.266312
55 85 0 8 0.265767
65 78 0 8 0.265455
8 16 0 8 0.264990
24 83 0 8 0.264241
2 28 0 8 0.264029
39 81 0 8 0.263930
18 48 0 8 0.263391
26 40 0 8 0.262174
19 86 0 8 0.261272
56 72 0 8 0.260876
21 36 0 8 0.256965
29 63 0 8 0.255780
15 80 0 8 0.254617
19 82 0 8 0.253707
8 60 0 8 0.253098
27 57 0 8 0.252176
25 84 0 8 0.250979
55 66 0 8 0.249458
42 65 0 8 0.247954
54 64 0 8 0.244090
55 71 0 8 0.243616
19 57 0 8 0.242301
24 31 0 8 0.242298
15 35 0 8 0.240709
42 76 0 8 0.239755
32 64 0 8 0.239507
65 86 0 8 0.239397
36 66 0 8 0.239383
15 47 0 8 0.238894
10 15 0 8 0.235824
25 71 0 8 0.235069
38 74 0 8 0.232279
58 82 0 8 0.231812
3 36 0 8 0.231110
36 53 0 8 0.230316
2 78 0 8 0.229346
14 77 0 8 0.228559
4 70 0 8 0.228233
15 83 0 8 0.225655
7 41 0 8 0.222201
22 61 0 8 0.221709
48 78 0 8 0.219165
41 73 0 8 0.218165
14 27 0 8 0.216921
6 52 0 8 0.216548
18 68 0 8 0.215614
24 74 0 8 0.214553
36 72 0 8 0.214547
37 75 0 8 0.214341
7 35 0 8 0.213253
46 53 0 8 0.212934
61 80 0 8 0.211196
2 73 0 8 0.209331
43 59 0 8 0.208848
16 36 0 8 0.206866
25 43 0 8 0.205300
8 80 0 8 0.204985
2 42 0 8 0.204714
1 67 0 8 0.204573
27 49 0 8 0.204123
30 58 0 8 0.204116
37 62 0 8 0.203551
31 65 0 8 0.201862
3 42 0 8 0.201092
4 33 0 8 0.200668
55 86 0 8 0.198849
19 32 0 8 0.198087
10 50 0 8 0.197641
50 70 0 8 0.196975
37 63 0 8 0.196891
59 66 0 8 0.196497
37 85 0 8 0.196402
7 57 0 8 0.195963
1 13 0 8 0.194165
39 85 0 8 0.193271
26 45 0 8 0.193128
29 57 0 8 0.190326
3 57 0 8 0.189136
45 70 0 8 0.188385
18 74 0 8 0.188154
50 61 0 8 0.187479
5 65 0 8 0.185157
16 63 0 8 0.185071
32 38 0 8 0.181924
34 78 0 8 0.180340
47 78 0 8 0.179937
26 59 0 8 0.177299
48 77 0 8 0.177183
20 80 0 8 0.176439
59 79 0 8 0.176218
55 84 0 8 0.175305
5 54 0 8 0.174737
1 58 0 8 0.174694
29 70 0 8 0.174540
22 81 0 8 0.173921
59 76 0 8 0.170292
7 39 0 8 0.170283
59 73 0 8 0.168741
10 32 0 8 0.168440
14 64 0 8 0.167413
53 80 0 8 0.165657
25 72 0 8 0.164155
11 69 0 8 0.161470
42 55 0 8 0.160284
32 57 0 8 0.160250
13 26 0 8 0.159948
6 24 0 8 0.159572
35 50 0 8 0.158142
23 46 0 8 0.157304
6 48 0 8 0.156537
11 48 0 8 0.156049
10 44 0 8 0.155684
37 65 0 8 0.155627
28 86 0 8 0.155165
49 86 0 8 0.154890
46 58 0 8 0.154278
31 72 0 8 0.153289
68 86 0 8 0.151160
8 84 0 8 0.148557
19 67 0 8 0.147969
49 80 0 8 0.147241
80 86 0 8 0.147044
70 81 0 8 0.146624
29 58 0 8 0.146512
48 58 0 8 0.146210
3 62 0 8 0.143952
66 74 0 8 0.143562
2 68 0 8 0.143350
19 59 0 8 0.143161
46 61 0 8 0.140327
2 71 0 8 0.138976
10 52 0 8 0.135719
21 56 0 8 0.134377
5 42 0 8 0.130109
38 76 0 8 0.129499
14 85 0 8 0.128481
23 63 0 8 0.127487
32 43 0 8 0.124125
3 64 0 8 0.124009
11 43 0 8 0.122660
6 57 0 8 0.121719
3 19 0 8 0.121151
22 49 0 8 0.120731
12 20 0 8 0.120526
17 80 0 8 0.120395
52 82 0 8 0.119206
44 83 0 8 0.118745
76 81 0 8 0.118570
21 38 0 8 0.118288
72 82 0 8 0.117827
2 24 0 8 0.114913
39 86 0 8 0.114072
27 71 0 8 0.113368
23 37 0 8 0.113031
10 61 0 8 0.111701
54 74 0 8 0.110071
42 77 0 8 0.109006
14 38 0 8 0.108809
47 61 0 8 0.108316
21 42 0 8 0.108140
12 59 0 8 0.108031
43 57 0 8 0.107878
26 42 0 8 0.107373
29 72 0 8 0.107098
29 86 0 8 0.106419
11 19 0 8 0.105633
29 42 0 8 0.105432
60 85 0 8 0.105240
40 52 0 8 0.105179
38 44 0 8 0.104769
72 86 0 8 0.104444
47 76 0 8 0.104298
12 86 0 8 0.103816
19 33 0 8 0.102094
18 76 0 8 0.101525
61 73 0 8 0.101232
20 84 0 8 0.100901
8 41 0 8 0.099401
42 56 0 8 0.097999
14 21 0 8 0.096698
23 66 0 8 0.095229
11 28 0 8 0.092774
41 63 0 8 0.090774
2 45 0 8 0.090607
21 69 0 8 0.090073
29 52 0 8 0.089780
1 51 0 8 0.089585
52 85 0 8 0.089501
60 75 0 8 0.087288
52 61 0 8 0.087223
10 83 0 8 0.085919
8 48 0 8 0.085564
44 58 0 8 0.084934
46 80 0 8 0.083923
12 22 0 8 0.083341
50 85 0 8 0.082407
11 73 0 8 0.082139
1 12 0 8 0.081162
44 59 0 8 0.080831
31 39 0 8 0.080236
55 73 0 8 0.079794
25 69 0 8 0.077977
75 85 0 8 0.073408
39 66 0 8 0.071831
54 63 0 8 0.071618
4 85 0 8 0.069152
28 34 0 8 0.068660
1 25 0 8 0.068200
11 36 0 8 0.067880
2 14 0 8 0.066866
40 80 0 8 0.064859
61 66 0 8 0.064686
8 70 0 8 0.063987
45 62 0 8 0.057287
41 74 0 8 0.056101
1 59 0 8 0.054889
14 43 0 8 0.054371
1 43 0 8 0.054257
36 41 0 8 0.052266
44 71 0 8 0.052070
53 58 0 8 0.051935
30 68 0 8 0.051187
12 58 0 8 0.050773
29 59 0 8 0.050563
51 67 0 8 0.047482
1 53 0 8 0.046429
4 39 0 8 0.045760
4 44 0 8 0.045066
14 51 0 8 0.044781
27 63 0 8 0.042788
16 38 0 8 0.041206
14 76 0 8 0.040891
26 37 0 8 0.040157
25 34 0 8 0.039764
21 77 0 8 0.039748
3 21 0 8 0.038560
32 83 0 8 0.036483
22 78 0 8 0.035816
58 85 0 8 0.034938
41 59 0 8 0.034919
35 68 0 8 0.033856
11 44 0 8 0.032693
2 65 0 8 0.032560
16 26 0 8 0.031674
50 63 0 8 0.029313
14 74 0 8 0.028965
61 86 0 8 0.027127
25 40 0 8 0.027096
78 85 0 8 0.027033
3 85 0 8 0.026246
28 67 0 8 0.024707
44 54 0 8 0.023582
75 83 0 8 0.022424
4 58 0 8 0.022355
34 84 0 8 0.020843
40 51 0 8 0.020510
5 18 0 8 0.020263
21 46 0 8 0.018013
15 78 0 8 0.017295
18 69 0 8 0.016600
3 71 0 8 0.016552
14 84 0 8 0.016400
44 62 0 8 0.016188
1 64 0 8 0.015044
15 45 0 8 0.014547
58 86 0 8 0.013339
8 72 0 8 0.012785
15 25 0 8 0.011876
25 48 0 8 0.011412
13 52 0 8 0.010581
11 37 0 8 0.010381
21 60 0 8 0.009693
16 59 0 8 0.009539
61 69 0 8 0.009257
11 56 0 8 0.008656
7 59 0 8 0.008093
29 34 0 8 0.006758
73 85 0 8 0.005470
14 30 0 8 0.005173
34 53 0 8 0.003335
21 58 0 8 0.003301
1 47 0 8 0.000843
1 9 0 8 0.000000
1 87 0 8 0.000000
2 9 0 8 0.000000
2 87 0 8 0.000000
3 9 0 8 0.000000
3 87 0 8 0.000000
4 9 0 8 0.000000
4 87 0 8 0.000000
5 87 0 8 0.000000
6 87 0 8 0.000000
7 87 0 8 0.000000
8 87 0 8 0.000000
9 14 0 8 0.000000
9 15 0 8 0.000000
9 16 0 8 0.000000
9 17 0 8 0.000000
9 18 0 8 0.000000
9 19 0 8 0.000000
9 20 0 8 0.000000
9 21 0 8 0.000000
9 22 0 8 0.000000
9 23 0 8 0.000000
9 24 0 8 0.000000
9 25 0 8 0.000000
9 26 0 8 0.000000
9 27 0 8 0.000000
9 28 0 8 0.000000
9 29 0 8 0.000000
9 30 0 8 0.000000
9 31 0 8 0.000000
9 32 0 8 0.000000
9 33 0 8 0.000000
9 34 0 8 0.000000
9 35 0 8 0.000000
9 36 0 8 0.000000
9 37 0 8 0.000000
9 38 0 8 0.000000
9 39 0 8 0.000000
9 40 0 8 0.000000
9 41 0 8 0.000000
9 42 0 8 0.000000
9 43 0 8 0.000000
9 44 0 8 0.000000
9 45 0 8 0.000000
9 46 0 8 0.000000
9 47 0 8 0.000000
9 48 0 8 0.000000
9 49 0 8 0.000000
9 50 0 8 0.000000
9 51 0 8 0.000000
9 52 0 8 0.000000
9 53 0 8 0.000000
9 54 0 8 0.000000
9 55 0 8 0.000000
9 56 0 8 0.000000
9 57 0 8 0.000000
9 58 0 8 0.000000
9 59 0 8 0.000000
9 60 0 8 0.000000
9 61 0 8 0.000000
9 62 0 8 0.000000
9 63 0 8 0.000000
9 64 0 8 0.000000
9 65 0 8 0.000000
9 66 0 8 0.000000
9 67 0 8 0.000000
9 68 0 8 0.000000
9 69 0 8 0.000000
9 70 0 8 0.000000
9 71 0 8 0.000000
9 72 0 8 0.000000
9 73 0 8 0.000000
9 74 0 8 0.000000
9 75 0 8 0.000000
9 76 0 8 0.000000
9 77 0 8 0.000000
9 78 0 8 0.000000
9 79 0 8 0.000000
9 80 0 8 0.000000
9 81 0 8 0.000000
9 82 0 8 0.000000
9 83 0 8 0.000000
9 84 0 8 0.000000
9 85 0 8 0.000000
9 86 0 8 0.000000
9 87 0 8 0.000000
10 87 0 8 0.000000
11 87 0 8 0.000000
12 87 0 8 0.000000
13 87 0 8 0.000000
14 87 0 8 0.000000
15 87 0 8 0.000000
16 87 0 8 0.000000
17 87 0 8 0.000000
18 87 0 8 0.000000
19 87 0 8 0.000000
20 87 0 8 0.000000
21 87 0 8 0.000000
22 87 0 8 0.000000
23 87 0 8 0.000000
24 87 0 8 0.000000
25 87 0 8 0.000000
26 87 0 8 0.000000
27 87 0 8 0.000000
28 87 0 8 0.000000
29 87 0 8 0.000000
30 87 0 8 0.000000
31 87 0 8 0.000000
32 87 0 8 0.000000
33 87 0 8 0.000000
34 87 0 8 0.000000
35 87 0 8 0.000000
36 87 0 8 0.000000
37 87 0 8 0.000000
38 87 0 8 0.000000
39 87 0 8 0.000000
40 87 0 8 0.000000
41 87 0 8 0.000000
42 87 0 8 0.000000
43 87 0 8 0.000000
44 87 0 8 0.000000
45 87 0 8 0.000000
46 87 0 8 0.000000
47 87 0 8 0.000000
48 87 0 8 0.000000
49 87 0 8 0.000000
50 87 0 8 0.000000
51 87 0 8 0.000000
52 87 0 8 0.000000
53 87 0 8 0.000000
54 87 0 8 0.000000
55 87 0 8 0.000000
56 87 0 8 0.000000
57 87 0 8 0.000000
58 87 0 8 0.000000
59 87 0 8 0.000000
60 87 0 8 0.000000
61 87 0 8 0.000000
62 87 0 8 0.000000
63 87 0 8 0.000000
64 87 0 8 0.000000
65 87 0 8 0.000000
66 87 0 8 0.000000
67 87 0 8 0.000000
68 87 0 8 0.000000
69 87 0 8 0.000000
70 87 0 8 0.000000
71 87 0 8 0.000000
72 87 0 8 0.000000
73 87 0 8 0.000000
74 87 0 8 0.000000
75 87 0 8 0.000000
76 87 0 8 0.000000
77 87 0 8 0.000000
78 87 0 8 0.000000
79 87 0 8 0.000000
80 87 0 8 0.000000
81 87 0 8 0.000000
82 87 0 8 0.000000
29 41 0 8 -0.001291
46 57 0 8 -0.003637
1 15 0 8 -0.005664
1 33 0 8 -0.006113
34 66 0 8 -0.006237
6 86 0 8 -0.007181
15 43 0 8 -0.007888
38 49 0 8 -0.009112
4 30 0 8 -0.009249
66 85 0 8 -0.010288
25 56 0 8 -0.012070
25 85 0 8 -0.013499
12 36 0 8 -0.013672
81 86 0 8 -0.014298
43 71 0 8 -0.014644
40 57 0 8 -0.015346
14 80 0 8 -0.015527
12 84 0 8 -0.015641
3 83 0 8 -0.016512
21 63 0 8 -0.016662
1 48 0 8 -0.016841
16 58 0 8 -0.016850
1 86 0 8 -0.017130
13 64 0 8 -0.017138
20 32 0 8 -0.017767
31 70 0 8 -0.017972
31 80 0 8 -0.018119
5 75 0 8 -0.020032
64 72 0 8 -0.021557
41 61 0 8 -0.021893
8 59 0 8 -0.022359
45 76 0 8 -0.022362
29 60 0 8 -0.024215
3 14 0 8 -0.024389
30 73 0 8 -0.027677
5 58 0 8 -0.028455
42 64 0 8 -0.028699
23 31 0 8 -0.029164
61 78 0 8 -0.029430
8 34 0 8 -0.030065
46 71 0 8 -0.031530
48 71 0 8 -0.031637
61 71 0 8 -0.032739
16 71 0 8 -0.033407
10 51 0 8 -0.034879
57 69 0 8 -0.035277
34 51 0 8 -0.036146
19 65 0 8 -0.036684
2 40 0 8 -0.036886
5 80 0 8 -0.038920
5 86 0 8 -0.039399
58 80 0 8 -0.039667
22 31 0 8 -0.039788
52 59 0 8 -0.040473
10 63 0 8 -0.040538
45 58 0 8 -0.040694
37 58 0 8 -0.042515
59 85 0 8 -0.042932
42 84 0 8 -0.043029
1 10 0 8 -0.044454
45 55 0 8 -0.045414
21 26 0 8 -0.045900
1 79 0 8 -0.046316
41 47 0 8 -0.046341
37 74 0 8 -0.046722
46 81 0 8 -0.046854
5 10 0 8 -0.048619
32 74 0 8 -0.048672
40 79 0 8 -0.049973
30 63 0 8 -0.049975
37 59 0 8 -0.050645
12 70 0 8 -0.051837
3 10 0 8 -0.051920
18 44 0 8 -0.052301
48 61 0 8 -0.052947
59 71 0 8 -0.054380
62 71 0 8 -0.054571
24 44 0 8 -0.054802
41 84 0 8 -0.054923
3 41 0 8 -0.055240
1 17 0 8 -0.056825
47 82 0 8 -0.057196
8 33 0 8 -0.057923
20 40 0 8 -0.057970
12 61 0 8 -0.058637
49 71 0 8 -0.059182
26 46 0 8 -0.059691
54 66 0 8 -0.061739
10 59 0 8 -0.063079
45 57 0 8 -0.063524
12 45 0 8 -0.064504
11 70 0 8 -0.064793
17 44 0 8 -0.065436
26 35 0 8 -0.066269
36 85 0 8 -0.067295
10 43 0 8 -0.068274
17 54 0 8 -0.068344
30 50 0 8 -0.068497
14 59 0 8 -0.068580
35 58 0 8 -0.069216
20 34 0 8 -0.069506
48 57 0 8 -0.069703
57 66 0 8 -0.069907
75 86 0 8 -0.070222
66 71 0 8 -0.070633
59 86 0 8 -0.070642
40 58 0 8 -0.070852
19 74 0 8 -0.071480
38 82 0 8 -0.071838
65 71 0 8 -0.073009
29 40 0 8 -0.073829
38 55 0 8 -0.073837
15 32 0 8 -0.074242
22 39 0 8 -0.074297
53 81 0 8 -0.074376
30 82 0 8 -0.074980
40 78 0 8 -0.075140
28 45 0 8 -0.075742
1 81 0 8 -0.076028
14 55 0 8 -0.077312
3 50 0 8 -0.077887
10 41 0 8 -0.078046
5 77 0 8 -0.078246
12 41 0 8 -0.079338
48 76 0 8 -0.079574
44 85 0 8 -0.079643
34 68 0 8 -0.079911
13 59 0 8 -0.079943
26 83 0 8 -0.079967
22 44 0 8 -0.080037
31 46 0 8 -0.080139
34 85 0 8 -0.080693
14 63 0 8 -0.081026
17 83 0 8 -0.081267
10 66 0 8 -0.081933
1 27 0 8 -0.082546
10 71 0 8 -0.082821
40 59 0 8 -0.082899
10 19 0 8 -0.083323
52 72 0 8 -0.084141
10 81 0 8 -0.086326
1 66 0 8 -0.089143
58 81 0 8 -0.089159
14 71 0 8 -0.090043
1 71 0 8 -0.090109
56 84 0 8 -0.090220
20 71 0 8 -0.090658
42 79 0 8 -0.090663
28 59 0 8 -0.090836
66 86 0 8 -0.091756
71 86 0 8 -0.092750
54 61 0 8 -0.093858
20 61 0 8 -0.094599
42 78 0 8 -0.095138
58 66 0 8 -0.097409
58 71 0 8 -0.098464
58 67 0 8 -0.098678
63 68 0 8 -0.099336
10 34 0 8 -0.099986
80 85 0 8 -0.102702
1 57 0 8 -0.103724
4 10 0 8 -0.104345
3 40 0 8 -0.104650
1 40 0 8 -0.105396
2 53 0 8 -0.105465
54 82 0 8 -0.105626
60 66 0 8 -0.106049
11 18 0 8 -0.106608
44 49 0 8 -0.107093
10 86 0 8 -0.107589
43 66 0 8 -0.109202
11 59 0 8 -0.110199
68 74 0 8 -0.111568
7 66 0 8 -0.111682
12 78 0 8 -0.113183
56 86 0 8 -0.113306
14 86 0 8 -0.113392
11 53 0 8 -0.113496
46 63 0 8 -0.114074
10 58 0 8 -0.114217
41 77 0 8 -0.116056
57 82 0 8 -0.116294
29 36 0 8 -0.118619
14 49 0 8 -0.118978
4 19 0 8 -0.119094
7 47 0 8 -0.119773
26 73 0 8 -0.120001
2 75 0 8 -0.121427
42 85 0 8 -0.122479
14 58 0 8 -0.124177
64 85 0 8 -0.125039
59 75 0 8 -0.125259
59 64 0 8 -0.125651
58 78 0 8 -0.125989
42 50 0 8 -0.126260
27 65 0 8 -0.126574
28 39 0 8 -0.126594
28 48 0 8 -0.127058
56 62 0 8 -0.127737
2 59 0 8 -0.127794
6 59 0 8 -0.128452
32 80 0 8 -0.128469
45 74 0 8 -0.128820
2 30 0 8 -0.129869
1 39 0 8 -0.130435
59 69 0 8 -0.131025
15 64 0 8 -0.131573
19 76 0 8 -0.131804
24 71 0 8 -0.132025
3 43 0 8 -0.133565
47 69 0 8 -0.133610
28 42 0 8 -0.133677
71 85 0 8 -0.133827
14 53 0 8 -0.133913
67 83 0 8 -0.134113
6 77 0 8 -0.134135
69 80 0 8 -0.135820
37 81 0 8 -0.136455
57 68 0 8 -0.137854
34 43 0 8 -0.137880
21 59 0 8 -0.138720
39 71 0 8 -0.139037
30 39 0 8 -0.139272
32 39 0 8 -0.139337
47 71 0 8 -0.139988
10 30 0 8 -0.140208
43 84 0 8 -0.140838
2 58 0 8 -0.142749
11 66 0 8 -0.143136
25 70 0 8 -0.143372
70 77 0 8 -0.143883
11 71 0 8 -0.144687
46 79 0 8 -0.145382
66 80 0 8 -0.146301
11 78 0 8 -0.148364
29 80 0 8 -0.149478
45 59 0 8 -0.149510
11 82 0 8 -0.151316
14 52 0 8 -0.151474
31 79 0 8 -0.151516
58 64 0 8 -0.151922
13 42 0 8 -0.152207
42 61 0 8 -0.152266
42 67 0 8 -0.152557
1 23 0 8 -0.152567
39 72 0 8 -0.152762
78 83 0 8 -0.153067
4 48 0 8 -0.153235
14 82 0 8 -0.153523
55 70 0 8 -0.154585
10 85 0 8 -0.155237
42 81 0 8 -0.155432
59 78 0 8 -0.156511
8 71 0 8 -0.157970
11 57 0 8 -0.161373
3 58 0 8 -0.162201
61 77 0 8 -0.163929
60 68 0 8 -0.164320
18 41 0 8 -0.164835
21 45 0 8 -0.165273
59 70 0 8 -0.166428
7 17 0 8 -0.167598
1 85 0 8 -0.168897
12 23 0 8 -0.169898
10 46 0 8 -0.170082
24 59 0 8 -0.171236
14 47 0 8 -0.173106
11 58 0 8 -0.173327
60 74 0 8 -0.173424
1 30 0 8 -0.173846
11 27 0 8 -0.174072
36 59 0 8 -0.175615
12 29 0 8 -0.179085
27 78 0 8 -0.180728
17 41 0 8 -0.181400
1 11 0 8 -0.182603
37 60 0 8 -0.183491
32 78 0 8 -0.183509
5 59 0 8 -0.184331
21 74 0 8 -0.184332
22 57 0 8 -0.185080
26 72 0 8 -0.186239
40 66 0 8 -0.186329
33 83 0 8 -0.186521
16 31 0 8 -0.186546
6 71 0 8 -0.186973
37 48 0 8 -0.186998
50 78 0 8 -0.187314
11 86 0 8 -0.187956
2 83 0 8 -0.188950
25 59 0 8 -0.189477
53 82 0 8 -0.189525
42 59 0 8 -0.189921
63 77 0 8 -0.192187
32 45 0 8 -0.192612
15 40 0 8 -0.193295
57 85 0 8 -0.193359
36 71 0 8 -0.193966
45 66 0 8 -0.194196
46 64 0 8 -0.195243
45 71 0 8 -0.196300
10 39 0 8 -0.197563
11 21 0 8 -0.197667
44 60 0 8 -0.198017
46 59 0 8 -0.198521
8 24 0 8 -0.198700
60 71 0 8 -0.198711
28 58 0 8 -0.199140
28 78 0 8 -0.200444
45 60 0 8 -0.200695
14 72 0 8 -0.200826
56 71 0 8 -0.202011
58 76 0 8 -0.203386
54 72 0 8 -0.203838
45 86 0 8 -0.204374
18 63 0 8 -0.204517
6 15 0 8 -0.204527
17 78 0 8 -0.205417
29 81 0 8 -0.205545
12 69 0 8 -0.205926
15 50 0 8 -0.206156
2 10 0 8 -0.206370
29 65 0 8 -0.207079
53 71 0 8 -0.207243
57 75 0 8 -0.208399
42 70 0 8 -0.208760
61 76 0 8 -0.209115
31 66 0 8 -0.212208
2 49 0 8 -0.212612
5 11 0 8 -0.213242
11 74 0 8 -0.213779
5 43 0 8 -0.214313
43 54 0 8 -0.214452
31 62 0 8 -0.215855
53 66 0 8 -0.216677
4 34 0 8 -0.216886
34 63 0 8 -0.217730
70 86 0 8 -0.218663
41 68 0 8 -0.219074
30 43 0 8 -0.219877
57 71 0 8 -0.219923
33 41 0 8 -0.220870
5 61 0 8 -0.222000
10 36 0 8 -0.222057
44 84 0 8 -0.222535
31 45 0 8 -0.222769
36 78 0 8 -0.223277
26 69 0 8 -0.223517
12 54 0 8 -0.224924
29 83 0 8 -0.226251
47 58 0 8 -0.226816
5 38 0 8 -0.227069
2 17 0 8 -0.227151
66 81 0 8 -0.227975
41 71 0 8 -0.228645
66 84 0 8 -0.229253
71 80 0 8 -0.229380
34 59 0 8 -0.229847
24 72 0 8 -0.229960
58 84 0 8 -0.230158
11 30 0 8 -0.231063
19 42 0 8 -0.232685
37 54 0 8 -0.233539
52 65 0 8 -0.233579
41 86 0 8 -0.234682
10 24 0 8 -0.234848
2 84 0 8 -0.235146
4 42 0 8 -0.235395
23 58 0 8 -0.236422
4 73 0 8 -0.236554
53 73 0 8 -0.236709
10 78 0 8 -0.238368
7 36 0 8 -0.238792
56 70 0 8 -0.241596
2 76 0 8 -0.242207
14 68 0 8 -0.242426
10 48 0 8 -0.242922
14 26 0 8 -0.243867
59 77 0 8 -0.244219
15 71 0 8 -0.244639
36 58 0 8 -0.245939
49 76 0 8 -0.246215
7 50 0 8 -0.246491
42 66 0 8 -0.246686
14 45 0 8 -0.247561
1 45 0 8 -0.247742
12 80 0 8 -0.248172
6 74 0 8 -0.248943
71 76 0 8 -0.249068
42 71 0 8 -0.249359
28 61 0 8 -0.249419
25 83 0 8 -0.249451
14 62 0 8 -0.250056
14 60 0 8 -0.250603
1 60 0 8 -0.250786
2 74 0 8 -0.251038
40 49 0 8 -0.251085
41 53 0 8 -0.251202
4 75 0 8 -0.251709
33 67 0 8 -0.252489
16 76 0 8 -0.253014
71 84 0 8 -0.253780
30 38 0 8 -0.254938
10 57 0 8 -0.255107
12 38 0 8 -0.255143
35 57 0 8 -0.255915
37 68 0 8 -0.256830
46 68 0 8 -0.257431
46 66 0 8 -0.257857
60 86 0 8 -0.258137
33 71 0 8 -0.258866
44 51 0 8 -0.259072
30 59 0 8 -0.259329
1 78 0 8 -0.259343
59 81 0 8 -0.259416
32 85 0 8 -0.260435
58 72 0 8 -0.260768
59 83 0 8 -0.260990
8 85 0 8 -0.261257
28 43 0 8 -0.261264
49 66 0 8 -0.261577
24 66 0 8 -0.261637
41 46 0 8 -0.261853
22 85 0 8 -0.262230
12 56 0 8 -0.262393
23 78 0 8 -0.262994
46 60 0 8 -0.263219
43 53 0 8 -0.263249
46 54 0 8 -0.265468
17 39 0 8 -0.265838
1 54 0 8 -0.266385
78 86 0 8 -0.266946
17 58 0 8 -0.266987
12 66 0 8 -0.269084
11 25 0 8 -0.269936
25 60 0 8 -0.270402
17 47 0 8 -0.271151
11 85 0 8 -0.271197
3 30 0 8 -0.271518
1 50 0 8 -0.271722
12 71 0 8 -0.271999
52 79 0 8 -0.272735
16 56 0 8 -0.273779
74 85 0 8 -0.274285
49 79 0 8 -0.276040
42 47 0 8 -0.276635
14 57 0 8 -0.277353
21 86 0 8 -0.277645
10 70 0 8 -0.277696
52 71 0 8 -0.278031
12 60 0 8 -0.278605
59 67 0 8 -0.278702
36 48 0 8 -0.278758
60 77 0 8 -0.281249
38 69 0 8 -0.281880
5 12 0 8 -0.282015
47 86 0 8 -0.282017
25 78 0 8 -0.282212
11 20 0 8 -0.282642
48 74 0 8 -0.283144
41 78 0 8 -0.283488
14 46 0 8 -0.283859
22 62 0 8 -0.283934
8 86 0 8 -0.284207
19 84 0 8 -0.284475
10 18 0 8 -0.284753
59 68 0 8 -0.285343
44 66 0 8 -0.285502
62 85 0 8 -0.285546
57 86 0 8 -0.285691
6 26 0 8 -0.285804
39 73 0 8 -0.288009
19 39 0 8 -0.288185
57 81 0 8 -0.288425
14 28 0 8 -0.289718
47 59 0 8 -0.291334
37 72 0 8 -0.291679
4 62 0 8 -0.292427
10 75 0 8 -0.293627
58 77 0 8 -0.293754
3 27 0 8 -0.293788
44 50 0 8 -0.293930
44 57 0 8 -0.294057
23 80 0 8 -0.294126
10 84 0 8 -0.294380
44 86 0 8 -0.294762
77 84 0 8 -0.295103
4 77 0 8 -0.295606
25 51 0 8 -0.296087
74 79 0 8 -0.297043
33 59 0 8 -0.297044
28 85 0 8 -0.298394
38 54 0 8 -0.298915
14 34 0 8 -0.300051
59 74 0 8 -0.300056
17 59 0 8 -0.300289
3 26 0 8 -0.300356
11 45 0 8 -0.300467
21 61 0 8 -0.300572
11 83 0 8 -0.302344
14 41 0 8 -0.302521
20 58 0 8 -0.302774
31 71 0 8 -0.302948
24 85 0 8 -0.303457
28 66 0 8 -0.304551
60 80 0 8 -0.305188
30 61 0 8 -0.306154
31 59 0 8 -0.306328
51 86 0 8 -0.307717
66 82 0 8 -0.307996
1 28 0 8 -0.308951
1 61 0 8 -0.309107
6 72 0 8 -0.309191
41 67 0 8 -0.309590
56 73 0 8 -0.310724
18 73 0 8 -0.310800
2 21 0 8 -0.312488
35 45 0 8 -0.313668
2 41 0 8 -0.314208
14 42 0 8 -0.314476
19 73 0 8 -0.317013
41 83 0 8 -0.317216
21 82 0 8 -0.317525
38 67 0 8 -0.317689
39 59 0 8 -0.317693
14 44 0 8 -0.317990
5 66 0 8 -0.319568
23 38 0 8 -0.320023
31 43 0 8 -0.320044
2 79 0 8 -0.320084
1 68 0 8 -0.320195
1 84 0 8 -0.320285
22 52 0 8 -0.321207
5 28 0 8 -0.321512
49 85 0 8 -0.321790
22 71 0 8 -0.322023
45 61 0 8 -0.322069
10 73 0 8 -0.323043
60 73 0 8 -0.323795
10 77 0 8 -0.324513
49 59 0 8 -0.324989
7 12 0 8 -0.325870
43 58 0 8 -0.326554
14 48 0 8 -0.326728
34 44 0 8 -0.326786
11 46 0 8 -0.326856
30 54 0 8 -0.327170
59 82 0 8 -0.327244
41 64 0 8 -0.327336
49 72 0 8 -0.327508
29 50 0 8 -0.328831
1 46 0 8 -0.328957
22 38 0 8 -0.329046
14 70 0 8 -0.329206
27 59 0 8 -0.330588
4 60 0 8 -0.330874
12 55 0 8 -0.332009
5 85 0 8 -0.332293
1 24 0 8 -0.332529
45 82 0 8 -0.333044
37 70 0 8 -0.336712
46 86 0 8 -0.338600
50 59 0 8 -0.339499
40 86 0 8 -0.340027
10 79 0 8 -0.341010
63 85 0 8 -0.341605
1 41 0 8 -0.341842
39 83 0 8 -0.342163
38 71 0 8 -0.343067
65 85 0 8 -0.343072
34 65 0 8 -0.343331
42 58 0 8 -0.343888
67 72 0 8 -0.343962
73 86 0 8 -0.344086
41 55 0 8 -0.344528
55 79 0 8 -0.345148
14 39 0 8 -0.345339
15 85 0 8 -0.346525
21 68 0 8 -0.346617
2 18 0 8 -0.347497
77 85 0 8 -0.350435
47 77 0 8 -0.350517
35 40 0 8 -0.350825
13 69 0 8 -0.351011
58 83 0 8 -0.351013
59 72 0 8 -0.352124
28 71 0 8 -0.352882
31 85 0 8 -0.354750
1 69 0 8 -0.354852
36 60 0 8 -0.355028
60 76 0 8 -0.355042
53 72 0 8 -0.355278
3 24 0 8 -0.355336
30 44 0 8 -0.355758
10 47 0 8 -0.355870
1 76 0 8 -0.355989
25 46 0 8 -0.357731
11 31 0 8 -0.357992
30 66 0 8 -0.358462
11 40 0 8 -0.358530
24 60 0 8 -0.358882
3 61 0 8 -0.359249
10 56 0 8 -0.359325
63 70 0 8 -0.359592
29 64 0 8 -0.359800
26 43 0 8 -0.359896
18 34 0 8 -0.360374
10 76 0 8 -0.361256
31 76 0 8 -0.361831
33 70 0 8 -0.361857
4 71 0 8 -0.362108
1 26 0 8 -0.362496
1 44 0 8 -0.364224
16 70 0 8 -0.364948
4 81 0 8 -0.364999
7 85 0 8 -0.365389
31 44 0 8 -0.365622
36 61 0 8 -0.365674
29 75 0 8 -0.365948
5 78 0 8 -0.366802
35 77 0 8 -0.367033
5 47 0 8 -0.367253
46 70 0 8 -0.367925
45 85 0 8 -0.367939
34 71 0 8 -0.368294
38 84 0 8 -0.368719
10 28 0 8 -0.368849
66 79 0 8 -0.369175
74 86 0 8 -0.371156
40 45 0 8 -0.371355
22 48 0 8 -0.371376
4 63 0 8 -0.371513
45 78 0 8 -0.372173
14 23 0 8 -0.373783
6 34 0 8 -0.374257
15 23 0 8 -0.374808
44 64 0 8 -0.375183
2 60 0 8 -0.376175
35 59 0 8 -0.376450
31 51 0 8 -0.377230
59 65 0 8 -0.377776
5 51 0 8 -0.377815
47 66 0 8 -0.378411
24 55 0 8 -0.379407
3 55 0 8 -0.379887
16 74 0 8 -0.381612
24 32 0 8 -0.382273
10 74 0 8 -0.382920
11 38 0 8 -0.383575
29 66 0 8 -0.384303
41 85 0 8 -0.384452
13 83 0 8 -0.384491
34 72 0 8 -0.384527
13 53 0 8 -0.385678
46 62 0 8 -0.385752
39 45 0 8 -0.385845
24 73 0 8 -0.387725
40 71 0 8 -0.389152
39 84 0 8 -0.389245
4 20 0 8 -0.389579
31 48 0 8 -0.389621
2 23 0 8 -0.390646
42 53 0 8 -0.390877
2 62 0 8 -0.391636
2 39 0 8 -0.391889
20 59 0 8 -0.392143
77 83 0 8 -0.392726
19 41 0 8 -0.393116
36 76 0 8 -0.393911
8 44 0 8 -0.393961
17 71 0 8 -0.394267
1 73 0 8 -0.395115
3 66 0 8 -0.395796
40 73 0 8 -0.398114
54 81 0 8 -0.398586
8 66 0 8 -0.398987
58 68 0 8 -0.399935
68 84 0 8 -0.400398
2 11 0 8 -0.401282
47 84 0 8 -0.402965
2 16 0 8 -0.403338
1 77 0 8 -0.404680
25 68 0 8 -0.404732
41 48 0 8 -0.406383
13 66 0 8 -0.408183
7 14 0 8 -0.408247
14 61 0 8 -0.409370
7 71 0 8 -0.409448
3 60 0 8 -0.409772
14 54 0 8 -0.411351
14 32 0 8 -0.411564
65 70 0 8 -0.413077
16 72 0 8 -0.413294
27 60 0 8 -0.413570
43 78 0 8 -0.415382
77 86 0 8 -0.416542
44 65 0 8 -0.416859
2 81 0 8 -0.417197
30 51 0 8 -0.417247
33 53 0 8 -0.417575
2 25 0 8 -0.417700
3 22 0 8 -0.418006
27 86 0 8 -0.418310
43 81 0 8 -0.418651
28 36 0 8 -0.419361
61 70 0 8 -0.420188
5 29 0 8 -0.420625
20 41 0 8 -0.420625
31 86 0 8 -0.421119
40 85 0 8 -0.421282
30 84 0 8 -0.421460
23 59 0 8 -0.421557
36 44 0 8 -0.421724
51 59 0 8 -0.423057
17 46 0 8 -0.423745
12 18 0 8 -0.423806
3 11 0 8 -0.424395
1 8 0 8 -0.425711
27 50 0 8 -0.425851
1 63 0 8 -0.427180
56 64 0 8 -0.429393
71 82 0 8 -0.429658
35 66 0 8 -0.430700
11 52 0 8 -0.430981
53 86 0 8 -0.431054
18 52 0 8 -0.431427
21 70 0 8 -0.432039
29 82 0 8 -0.432491
66 83 0 8 -0.432634
1 31 0 8 -0.432799
17 40 0 8 -0.434270
56 63 0 8 -0.435570
34 40 0 8 -0.436110
15 58 0 8 -0.436346
5 50 0 8 -0.436608
44 81 0 8 -0.437222
48 86 0 8 -0.437285
2 22 0 8 -0.437290
71 83 0 8 -0.437321
26 49 0 8 -0.437789
54 86 0 8 -0.439267
2 33 0 8 -0.439297
29 71 0 8 -0.439777
69 82 0 8 -0.440145
50 64 0 8 -0.440288
43 61 0 8 -0.440731
70 85 0 8 -0.440778
11 76 0 8 -0.441031
25 47 0 8 -0.441529
71 81 0 8 -0.442345
32 72 0 8 -0.442668
8 43 0 8 -0.443189
14 83 0 8 -0.443961
63 86 0 8 -0.445661
22 66 0 8 -0.445890
11 68 0 8 -0.448298
40 82 0 8 -0.448337
27 39 0 8 -0.448386
4 23 0 8 -0.449069
52 83 0 8 -0.449605
43 72 0 8 -0.450227
5 23 0 8 -0.450376
22 86 0 8 -0.450420
10 40 0 8 -0.451410
57 78 0 8 -0.452086
56 66 0 8 -0.452721
26 71 0 8 -0.455514
74 84 0 8 -0.456028
20 86 0 8 -0.456672
18 31 0 8 -0.457723
32 79 0 8 -0.457932
30 76 0 8 -0.458215
16 37 0 8 -0.458788
10 35 0 8 -0.459145
8 26 0 8 -0.460256
27 85 0 8 -0.460687
18 59 0 8 -0.461464
15 42 0 8 -0.462660
21 51 0 8 -0.462985
17 42 0 8 -0.464961
6 60 0 8 -0.465909
20 25 0 8 -0.466919
6 67 0 8 -0.467266
31 57 0 8 -0.467940
19 35 0 8 -0.469049
19 77 0 8 -0.470336
2 77 0 8 -0.472195
1 56 0 8 -0.472377
55 78 0 8 -0.472455
78 84 0 8 -0.473973
26 66 0 8 -0.474653
49 58 0 8 -0.475775
44 73 0 8 -0.475779
29 47 0 8 -0.475975
75 84 0 8 -0.476654
49 67 0 8 -0.476770
40 64 0 8 -0.478434
10 68 0 8 -0.478497
53 63 0 8 -0.479102
52 58 0 8 -0.479646
36 80 0 8 -0.480432
28 60 0 8 -0.480526
32 71 0 8 -0.481409
31 84 0 8 -0.481678
10 82 0 8 -0.482877
49 64 0 8 -0.483780
22 58 0 8 -0.484763
14 56 0 8 -0.485108
6 73 0 8 -0.486272
13 75 0 8 -0.486678
25 66 0 8 -0.487414
50 68 0 8 -0.488399
5 62 0 8 -0.488544
46 85 0 8 -0.488556
4 83 0 8 -0.488679
32 84 0 8 -0.488730
64 84 0 8 -0.489065
1 80 0 8 -0.489298
7 74 0 8 -0.491383
48 66 0 8 -0.491527
10 69 0 8 -0.492725
64 86 0 8 -0.493365
30 36 0 8 -0.495377
20 74 0 8 -0.496384
1 74 0 8 -0.497203
5 81 0 8 -0.497271
58 75 0 8 -0.498309
57 72 0 8 -0.498570
27 70 0 8 -0.499377
7 79 0 8 -0.500349
50 69 0 8 -0.500480
8 52 0 8 -0.501538
38 86 0 8 -0.501578
53 62 0 8 -0.501891
27 84 0 8 -0.502376
1 75 0 8 -0.503707
32 66 0 8 -0.504846
10 80 0 8 -0.505646
42 82 0 8 -0.506177
13 44 0 8 -0.507362
67 86 0 8 -0.507386
79 86 0 8 -0.507881
24 39 0 8 -0.508089
14 22 0 8 -0.508774
10 29 0 8 -0.509099
12 85 0 8 -0.509827
42 83 0 8 -0.510090
18 66 0 8 -0.510350
26 67 0 8 -0.510488
38 66 0 8 -0.510555
15 69 0 8 -0.511307
14 31 0 8 -0.511612
27 48 0 8 -0.513831
8 50 0 8 -0.514082
14 25 0 8 -0.514350
69 86 0 8 -0.516878
18 85 0 8 -0.517380
21 40 0 8 -0.517766
13 19 0 8 -0.518657
26 61 0 8 -0.519479
53 76 0 8 -0.519629
3 86 0 8 -0.519731
53 85 0 8 -0.519790
19 66 0 8 -0.519939
1 21 0 8 -0.521085
7 22 0 8 -0.521495
63 71 0 8 -0.522142
58 73 0 8 -0.522614
46 78 0 8 -0.524075
13 34 0 8 -0.524305
7 81 0 8 -0.525183
19 71 0 8 -0.525571
26 64 0 8 -0.526673
1 20 0 8 -0.526815
12 76 0 8 -0.526960
10 26 0 8 -0.527465
52 57 0 8 -0.527602
50 84 0 8 -0.528831
1 18 0 8 -0.529310
10 31 0 8 -0.529668
3 79 0 8 -0.530473
32 58 0 8 -0.532579
25 58 0 8 -0.532835
4 29 0 8 -0.532835
39 58 0 8 -0.532976
35 44 0 8 -0.533759
27 40 0 8 -0.534107
2 69 0 8 -0.534326
40 54 0 8 -0.537313
1 72 0 8 -0.537497
54 71 0 8 -0.537849
10 22 0 8 -0.538032
73 79 0 8 -0.538134
32 86 0 8 -0.538135
40 83 0 8 -0.539107
53 70 0 8 -0.539320
50 62 0 8 -0.539875
63 84 0 8 -0.540333
1 55 0 8 -0.540376
67 79 0 8 -0.540489
16 69 0 8 -0.541003
25 86 0 8 -0.541539
10 72 0 8 -0.541660
1 82 0 8 -0.542254
60 70 0 8 -0.542698
61 85 0 8 -0.543525
39 51 0 8 -0.544374
12 47 0 8 -0.544852
28 64 0 8 -0.545524
13 57 0 8 -0.545859
49 61 0 8 -0.546298
5 26 0 8 -0.546359
49 73 0 8 -0.547068
51 71 0 8 -0.547602
15 74 0 8 -0.548357
43 51 0 8 -0.548408
56 85 0 8 -0.548651
31 74 0 8 -0.548768
70 84 0 8 -0.549558
29 74 0 8 -0.550737
10 53 0 8 -0.551161
14 29 0 8 -0.551707
69 78 0 8 -0.552328
49 70 0 8 -0.552376
5 33 0 8 -0.554201
1 29 0 8 -0.555025
13 79 0 8 -0.555080
14 81 0 8 -0.556174
35 82 0 8 -0.557459
67 85 0 8 -0.557634
68 85 0 8 -0.558665
25 82 0 8 -0.558824
15 21 0 8 -0.560604
10 64 0 8 -0.561007
12 31 0 8 -0.561126
53 60 0 8 -0.561570
24 36 0 8 -0.562089
14 50 0 8 -0.562151
48 72 0 8 -0.562482
8 82 0 8 -0.562791
7 49 0 8 -0.563331
11 62 0 8 -0.563367
13 84 0 8 -0.564147
20 85 0 8 -0.564439
11 77 0 8 -0.564905
14 33 0 8 -0.565085
23 41 0 8 -0.565558
38 68 0 8 -0.565862
17 77 0 8 -0.565956
22 82 0 8 -0.565988
2 35 0 8 -0.566681
17 52 0 8 -0.568240
33 86 0 8 -0.568714
40 77 0 8 -0.570489
30 86 0 8 -0.570790
10 25 0 8 -0.571518
60 78 0 8 -0.571914
44 69 0 8 -0.572070
21 34 0 8 -0.572143
63 80 0 8 -0.572312
24 75 0 8 -0.572458
57 84 0 8 -0.575593
22 70 0 8 -0.575671
2 31 0 8 -0.576151
18 46 0 8 -0.576773
30 60 0 8 -0.577567
2 80 0 8 -0.577758
24 53 0 8 -0.577986
2 12 0 8 -0.578327
30 55 0 8 -0.578336
38 43 0 8 -0.578457
10 49 0 8 -0.578749
10 23 0 8 -0.580224
44 52 0 8 -0.580529
13 21 0 8 -0.581074
43 48 0 8 -0.582267
43 64 0 8 -0.582847
47 53 0 8 -0.583067
6 38 0 8 -0.583234
46 56 0 8 -0.583416
15 27 0 8 -0.583899
12 30 0 8 -0.584863
45 63 0 8 -0.585198
42 60 0 8 -0.585530
4 52 0 8 -0.586680
64 70 0 8 -0.588343
18 27 0 8 -0.589734
27 43 0 8 -0.589768
56 82 0 8 -0.590726
21 44 0 8 -0.591886
14 75 0 8 -0.593585
8 58 0 8 -0.594810
25 57 0 8 -0.595208
23 85 0 8 -0.595256
42 73 0 8 -0.596421
38 47 0 8 -0.597410
5 30 0 8 -0.597653
5 32 0 8 -0.598458
24 84 0 8 -0.598541
15 24 0 8 -0.599401
30 48 0 8 -0.599999
11 80 0 8 -0.600408
15 86 0 8 -0.600704
11 26 0 8 -0.600725
32 61 0 8 -0.600849
2 50 0 8 -0.601664
19 31 0 8 -0.601713
19 58 0 8 -0.602132
27 66 0 8 -0.602350
13 24 0 8 -0.602487
2 43 0 8 -0.602754
18 49 0 8 -0.604284
48 73 0 8 -0.607313
10 55 0 8 -0.607393
20 73 0 8 -0.607691
3 25 0 8 -0.607848
52 66 0 8 -0.608443
10 38 0 8 -0.608699
65 72 0 8 -0.609839
3 33 0 8 -0.610341
55 68 0 8 -0.610548
34 58 0 8 -0.611805
62 86 0 8 -0.612365
14 69 0 8 -0.613603
23 32 0 8 -0.614040
13 73 0 8 -0.614413
50 58 0 8 -0.614728
16 62 0 8 -0.617005
29 53 0 8 -0.617426
58 69 0 8 -0.618157
28 70 0 8 -0.619816
46 75 0 8 -0.621412
10 54 0 8 -0.623896
27 74 0 8 -0.624066
4 45 0 8 -0.625286
63 78 0 8 -0.625366
66 75 0 8 -0.625788
32 75 0 8 -0.626128
7 34 0 8 -0.626237
36 54 0 8 -0.627221
11 47 0 8 -0.628092
24 47 0 8 -0.628743
22 83 0 8 -0.629611
1 49 0 8 -0.629677
13 77 0 8 -0.630110
37 71 0 8 -0.631552
21 55 0 8 -0.631760
11 72 0 8 -0.632364
45 73 0 8 -0.632393
40 47 0 8 -0.633166
19 47 0 8 -0.633402
17 43 0 8 -0.633639
27 58 0 8 -0.634263
6 29 0 8 -0.634362
47 56 0 8 -0.634511
35 63 0 8 -0.634880
5 79 0 8 -0.636714
37 56 0 8 -0.638030
42 68 0 8 -0.638089
36 52 0 8 -0.638249
19 25 0 8 -0.638357
44 78 0 8 -0.638499
69 85 0 8 -0.640941
61 84 0 8 -0.640956
4 82 0 8 -0.642216
21 85 0 8 -0.642492
23 70 0 8 -0.642812
1 32 0 8 -0.644048
11 22 0 8 -0.644824
32 55 0 8 -0.645915
62 82 0 8 -0.647190
45 64 0 8 -0.653412
26 54 0 8 -0.654062
15 57 0 8 -0.655172
11 23 0 8 -0.655274
11 24 0 8 -0.655731
51 82 0 8 -0.656410
35 60 0 8 -0.657252
11 61 0 8 -0.657802
31 42 0 8 -0.659255
38 60 0 8 -0.659359
20 48 0 8 -0.659715
4 67 0 8 -0.659728
36 46 0 8 -0.659952
13 43 0 8 -0.661418
65 83 0 8 -0.662736
34 70 0 8 -0.664190
20 51 0 8 -0.665577
3 44 0 8 -0.665807
7 67 0 8 -0.667059
28 76 0 8 -0.667480
28 80 0 8 -0.668642
40 69 0 8 -0.668873
21 57 0 8 -0.669076
28 69 0 8 -0.669745
49 78 0 8 -0.672506
2 13 0 8 -0.673125
40 56 0 8 -0.674150
54 78 0 8 -0.675644
20 67 0 8 -0.675756
34 46 0 8 -0.676405
53 78 0 8 -0.676496
17 28 0 8 -0.678910
29 56 0 8 -0.679237
24 80 0 8 -0.681445
60 69 0 8 -0.681566
12 46 0 8 -0.681703
7 58 0 8 -0.681832
30 47 0 8 -0.682262
43 76 0 8 -0.683834
1 52 0 8 -0.684892
35 65 0 8 -0.685102
56 74 0 8 -0.685344
50 77 0 8 -0.686510
8 21 0 8 -0.686517
24 46 0 8 -0.686517
30 85 0 8 -0.687326
57 65 0 8 -0.687932
2 47 0 8 -0.688445
51 61 0 8 -0.689372
37 45 0 8 -0.689707
33 72 0 8 -0.690003
4 37 0 8 -0.690736
19 78 0 8 -0.691556
2 19 0 8 -0.691600
29 61 0 8 -0.693144
26 55 0 8 -0.694492
17 68 0 8 -0.695222
50 83 0 8 -0.696539
11 49 0 8 -0.697027
45 84 0 8 -0.697734
3 15 0 8 -0.697761
16 43 0 8 -0.699198
30 77 0 8 -0.699943
25 41 0 8 -0.700680
4 13 0 8 -0.700725
5 63 0 8 -0.701598
48 69 0 8 -0.701870
6 43 0 8 -0.702223
12 28 0 8 -0.702765
10 16 0 8 -0.703521
68 81 0 8 -0.704116
3 28 0 8 -0.705473
39 79 0 8 -0.705811
10 27 0 8 -0.706286
60 84 0 8 -0.706305
41 75 0 8 -0.706491
46 84 0 8 -0.711128
11 50 0 8 -0.711971
11 51 0 8 -0.712024
3 68 0 8 -0.713639
11 32 0 8 -0.714624
12 57 0 8 -0.714722
74 80 0 8 -0.714982
11 34 0 8 -0.715026
17 45 0 8 -0.716405
22 60 0 8 -0.717104
23 57 0 8 -0.717140
53 69 0 8 -0.717375
29 73 0 8 -0.719513
35 46 0 8 -0.719587
41 49 0 8 -0.720699
33 50 0 8 -0.722330
40 60 0 8 -0.722805
53 64 0 8 -0.724528
5 24 0 8 -0.724660
35 54 0 8 -0.724941
38 85 0 8 -0.725782
33 60 0 8 -0.726067
46 83 0 8 -0.726809
7 78 0 8 -0.727834
41 62 0 8 -0.728205
45 83 0 8 -0.728257
14 35 0 8 -0.729497
34 67 0 8 -0.730862
5 56 0 8 -0.731550
17 38 0 8 -0.732345
7 20 0 8 -0.733759
36 50 0 8 -0.734376
12 24 0 8 -0.735412
71 79 0 8 -0.736003
5 57 0 8 -0.736951
6 25 0 8 -0.737450
43 69 0 8 -0.738785
4 15 0 8 -0.739821
23 42 0 8 -0.739859
13 25 0 8 -0.740086
32 46 0 8 -0.740358
48 64 0 8 -0.740613
33 66 0 8 -0.742287
5 22 0 8 -0.742509
16 45 0 8 -0.742544
28 68 0 8 -0.742726
54 85 0 8 -0.743809
24 50 0 8 -0.745330
55 67 0 8 -0.745863
19 36 0 8 -0.746275
7 45 0 8 -0.748019
5 76 0 8 -0.749452
47 62 0 8 -0.750314
21 53 0 8 -0.750533
28 65 0 8 -0.752204
12 74 0 8 -0.753620
26 60 0 8 -0.756370
21 30 0 8 -0.757884
52 68 0 8 -0.758236
22 28 0 8 -0.758239
20 81 0 8 -0.759270
41 70 0 8 -0.759336
8 74 0 8 -0.760800
44 79 0 8 -0.760947
48 70 0 8 -0.763995
46 67 0 8 -0.764417
22 47 0 8 -0.766002
16 24 0 8 -0.766852
13 68 0 8 -0.767023
13 76 0 8 -0.767918
32 47 0 8 -0.768716
17 25 0 8 -0.769396
57 64 0 8 -0.769972
6 45 0 8 -0.770760
13 33 0 8 -0.771465
11 29 0 8 -0.773355
17 32 0 8 -0.773640
33 61 0 8 -0.773668
17 60 0 8 -0.774982
18 50 0 8 -0.775620
13 32 0 8 -0.776102
13 62 0 8 -0.776947
23 86 0 8 -0.777126
50 81 0 8 -0.778147
23 55 0 8 -0.778405
12 50 0 8 -0.778680
27 41 0 8 -0.779653
47 63 0 8 -0.782132
27 62 0 8 -0.782193
43 73 0 8 -0.782423
22 80 0 8 -0.782922
63 79 0 8 -0.782965
75 82 0 8 -0.784347
27 69 0 8 -0.785818
50 73 0 8 -0.787085
18 86 0 8 -0.787654
36 57 0 8 -0.788174
13 54 0 8 -0.788760
6 83 0 8 -0.790803
6 40 0 8 -0.791049
22 65 0 8 -0.792773
73 83 0 8 -0.793355
34 60 0 8 -0.793450
25 42 0 8 -0.794237
40 48 0 8 -0.795050
41 56 0 8 -0.795801
41 50 0 8 -0.796786
32 65 0 8 -0.797554
60 81 0 8 -0.797653
5 15 0 8 -0.799501
22 35 0 8 -0.801112
15 73 0 8 -0.801516
3 48 0 8 -0.803212
29 46 0 8 -0.803612
55 63 0 8 -0.803966
53 79 0 8 -0.805274
4 16 0 8 -0.806677
49 77 0 8 -0.808694
6 70 0 8 -0.808995
42 75 0 8 -0.809075
22 27 0 8 -0.809823
18 70 0 8 -0.809882
33 47 0 8 -0.810916
29 79 0 8 -0.811030
6 78 0 8 -0.812140
20 57 0 8 -0.814007
72 77 0 8 -0.817703
2 61 0 8 -0.818580
2 15 0 8 -0.819051
36 75 0 8 -0.819363
48 62 0 8 -0.820490
2 54 0 8 -0.820626
20 44 0 8 -0.820654
62 83 0 8 -0.821571
29 45 0 8 -0.822653
2 32 0 8 -0.823613
11 39 0 8 -0.823761
39 57 0 8 -0.825728
20 47 0 8 -0.826055
73 82 0 8 -0.827049
15 75 0 8 -0.827398
12 34 0 8 -0.827777
11 16 0 8 -0.828029
7 86 0 8 -0.829326
29 67 0 8 -0.830517
15 30 0 8 -0.830951
46 55 0 8 -0.831074
50 60 0 8 -0.832406
12 44 0 8 -0.832603
35 52 0 8 -0.833361
63 69 0 8 -0.833549
62 77 0 8 -0.834231
19 72 0 8 -0.835201
8 77 0 8 -0.835211
27 61 0 8 -0.835863
20 45 0 8 -0.836224
8 45 0 8 -0.837400
13 74 0 8 -0.837720
5 19 0 8 -0.839481
55 72 0 8 -0.839682
19 64 0 8 -0.841129
24 57 0 8 -0.842643
8 68 0 8 -0.843866
16 61 0 8 -0.847401
4 78 0 8 -0.850575
62 79 0 8 -0.851810
45 77 0 8 -0.852104
32 81 0 8 -0.853565
39 69 0 8 -0.853615
27 80 0 8 -0.855294
7 40 0 8 -0.856607
36 83 0 8 -0.856955
17 57 0 8 -0.857649
57 80 0 8 -0.858084
41 52 0 8 -0.858849
2 36 0 8 -0.860410
64 83 0 8 -0.861953
33 85 0 8 -0.861967
4 46 0 8 -0.862929
50 74 0 8 -0.864029
56 75 0 8 -0.864625
7 73 0 8 -0.867033
4 56 0 8 -0.868002
28 41 0 8 -0.869774
2 67 0 8 -0.870116
35 76 0 8 -0.870488
38 83 0 8 -0.871094
18 65 0 8 -0.871126
32 42 0 8 -0.872176
12 68 0 8 -0.874271
57 77 0 8 -0.875854
56 79 0 8 -0.877671
23 45 0 8 -0.878641
27 37 0 8 -0.879840
5 53 0 8 -0.881981
43 80 0 8 -0.882183
13 61 0 8 -0.883159
11 35 0 8 -0.883936
11 64 0 8 -0.884103
22 45 0 8 -0.884207
16 60 0 8 -0.884363
22 63 0 8 -0.884515
7 18 0 8 -0.885010
45 68 0 8 -0.885024
31 50 0 8 -0.885654
52 81 0 8 -0.887717
12 43 0 8 -0.887735
54 62 0 8 -0.889477
36 82 0 8 -0.890744
67 82 0 8 -0.890938
8 78 0 8 -0.892728
4 54 0 8 -0.893562
4 41 0 8 -0.894136
54 76 0 8 -0.895266
50 79 0 8 -0.895342
22 56 0 8 -0.896703
5 20 0 8 -0.897767
5 60 0 8 -0.899038
48 85 0 8 -0.901876
17 50 0 8 -0.902529
30 42 0 8 -0.903580
19 45 0 8 -0.903597
2 26 0 8 -0.904051
24 37 0 8 -0.904214
17 72 0 8 -0.904498
51 65 0 8 -0.907419
24 81 0 8 -0.908727
21 72 0 8 -0.909116
44 76 0 8 -0.909474
24 62 0 8 -0.910165
31 60 0 8 -0.910195
10 67 0 8 -0.913537
17 51 0 8 -0.916306
56 69 0 8 -0.916740
6 84 0 8 -0.916957
27 44 0 8 -0.921026
14 79 0 8 -0.921099
51 72 0 8 -0.922116
26 79 0 8 -0.922737
4 72 0 8 -0.924990
51 78 0 8 -0.926318
39 78 0 8 -0.927152
24 48 0 8 -0.927445
4 84 0 8 -0.928123
24 41 0 8 -0.928768
34 45 0 8 -0.929282
4 22 0 8 -0.931893
6 85 0 8 -0.933047
4 12 0 8 -0.934643
28 33 0 8 -0.934970
16 86 0 8 -0.935108
17 70 0 8 -0.935113
20 60 0 8 -0.935914
29 35 0 8 -0.936790
7 76 0 8 -0.937448
12 42 0 8 -0.938020
24 63 0 8 -0.942587
4 40 0 8 -0.944245
19 28 0 8 -0.946309
14 67 0 8 -0.947439
30 78 0 8 -0.948512
21 43 0 8 -0.949687
12 40 0 8 -0.952026
5 68 0 8 -0.952665
31 40 0 8 -0.952917
12 73 0 8 -0.953323
4 17 0 8 -0.954374
31 41 0 8 -0.954491
17 55 0 8 -0.955494
27 75 0 8 -0.955545
18 43 0 8 -0.955884
1 62 0 8 -0.955959
40 81 0 8 -0.957493
5 21 0 8 -0.957678
44 74 0 8 -0.958107
13 45 0 8 -0.959146
45 75 0 8 -0.960552
19 60 0 8 -0.961040
16 85 0 8 -0.961738
55 77 0 8 -0.966658
2 82 0 8 -0.967469
3 49 0 8 -0.967557
13 58 0 8 -0.967851
12 26 0 8 -0.969403
28 74 0 8 -0.969573
42 54 0 8 -0.969582
44 61 0 8 -0.969675
43 79 0 8 -0.971215
20 54 0 8 -0.971707
15 76 0 8 -0.971730
39 48 0 8 -0.972444
3 20 0 8 -0.974934
17 26 0 8 -0.975446
5 48 0 8 -0.975602
29 49 0 8 -0.976099
49 60 0 8 -0.976179
31 64 0 8 -0.977247
53 68 0 8 -0.978162
29 55 0 8 -0.979965
19 51 0 8 -0.982542
7 19 0 8 -0.982778
16 39 0 8 -0.985298
15 44 0 8 -0.985573
39 74 0 8 -0.986218
41 69 0 8 -0.986829
49 83 0 8 -0.987215
45 81 0 8 -0.988218
27 64 0 8 -0.990201
68 76 0 8 -0.992446
38 78 0 8 -0.993007
26 56 0 8 -0.994469
7 55 0 8 -0.994904
3 23 0 8 -0.999334
47 57 0 8 -1.000779
17 24 0 8 -1.001024
20 38 0 8 -1.001943
8 76 0 8 -1.004182
2 20 0 8 -1.006494
24 76 0 8 -1.006710
24 61 0 8 -1.006961
21 32 0 8 -1.008168
3 13 0 8 -1.008873
12 64 0 8 -1.011400
6 61 0 8 -1.011583
52 84 0 8 -1.014085
4 69 0 8 -1.014574
58 79 0 8 -1.015014
5 84 0 8 -1.018458
39 64 0 8 -1.018577
7 29 0 8 -1.018961
37 61 0 8 -1.020928
41 82 0 8 -1.022322
60 83 0 8 -1.022419
7 84 0 8 -1.022608
38 57 0 8 -1.023419
8 81 0 8 -1.026783
40 53 0 8 -1.027811
33 63 0 8 -1.028053
29 78 0 8 -1.028953
31 49 0 8 -1.029323
8 23 0 8 -1.029326
43 68 0 8 -1.029983
52 78 0 8 -1.030217
70 80 0 8 -1.034595
15 82 0 8 -1.035497
38 56 0 8 -1.036870
51 77 0 8 -1.038067
37 47 0 8 -1.040962
37 55 0 8 -1.041856
49 82 0 8 -1.043022
15 46 0 8 -1.044618
27 45 0 8 -1.044849
15 37 0 8 -1.045090
25 79 0 8 -1.045956
11 54 0 8 -1.046304
8 15 0 8 -1.046714
27 83 0 8 -1.048393
21 28 0 8 -1.048853
2 55 0 8 -1.050824
32 68 0 8 -1.053053
21 50 0 8 -1.053899
3 46 0 8 -1.054121
16 46 0 8 -1.058115
3 29 0 8 -1.058236
25 61 0 8 -1.058415
20 52 0 8 -1.059491
52 80 0 8 -1.061467
52 64 0 8 -1.065046
7 43 0 8 -1.065637
26 76 0 8 -1.069148
2 38 0 8 -1.070050
12 82 0 8 -1.070279
17 74 0 8 -1.072618
23 56 0 8 -1.073782
55 64 0 8 -1.074518
6 47 0 8 -1.074648
39 61 0 8 -1.078054
6 68 0 8 -1.078334
48 84 0 8 -1.078894
20 46 0 8 -1.082291
36 69 0 8 -1.082592
55 81 0 8 -1.082850
33 54 0 8 -1.084200
41 79 0 8 -1.084206
2 52 0 8 -1.084510
33 78 0 8 -1.086190
12 72 0 8 -1.087247
16 28 0 8 -1.089083
43 75 0 8 -1.089426
29 37 0 8 -1.091538
49 62 0 8 -1.091617
19 61 0 8 -1.091952
8 54 0 8 -1.093148
5 55 0 8 -1.095048
19 81 0 8 -1.095289
7 24 0 8 -1.095735
17 53 0 8 -1.096231
25 81 0 8 -1.096785
23 60 0 8 -1.097639
39 63 0 8 -1.099259
36 74 0 8 -1.100296
57 83 0 8 -1.101312
8 64 0 8 -1.103961
34 76 0 8 -1.104087
3 78 0 8 -1.106141
3 63 0 8 -1.106843
5 72 0 8 -1.108008
19 49 0 8 -1.109957
15 33 0 8 -1.110132
23 72 0 8 -1.110325
13 20 0 8 -1.111078
49 84 0 8 -1.111176
46 77 0 8 -1.112192
23 43 0 8 -1.113229
19 44 0 8 -1.115616
16 54 0 8 -1.116314
20 53 0 8 -1.116469
40 65 0 8 -1.117152
25 80 0 8 -1.117653
43 62 0 8 -1.120579
24 56 0 8 -1.120985
13 78 0 8 -1.121939
38 65 0 8 -1.122676
12 51 0 8 -1.123051
24 52 0 8 -1.123289
33 62 0 8 -1.127006
33 45 0 8 -1.131523
36 56 0 8 -1.131819
53 61 0 8 -1.132540
20 43 0 8 -1.132678
17 56 0 8 -1.133086
30 57 0 8 -1.133898
5 37 0 8 -1.134571
3 12 0 8 -1.135117
46 65 0 8 -1.136850
60 79 0 8 -1.138540
6 80 0 8 -1.139749
35 47 0 8 -1.140317
16 68 0 8 -1.141177
73 80 0 8 -1.141290
33 74 0 8 -1.141796
25 52 0 8 -1.142385
19 53 0 8 -1.145596
35 74 0 8 -1.147562
7 31 0 8 -1.148650
5 64 0 8 -1.151610
35 51 0 8 -1.155841
42 63 0 8 -1.156013
26 78 0 8 -1.156842
30 45 0 8 -1.159715
34 57 0 8 -1.161060
69 84 0 8 -1.161431
49 57 0 8 -1.161447
56 78 0 8 -1.163327
47 81 0 8 -1.168747
12 52 0 8 -1.168978
24 77 0 8 -1.170440
21 80 0 8 -1.171942
15 49 0 8 -1.172172
45 79 0 8 -1.180392
17 22 0 8 -1.182623
16 35 0 8 -1.182890
42 72 0 8 -1.183328
12 53 0 8 -1.183909
13 22 0 8 -1.184676
48 83 0 8 -1.184790
38 48 0 8 -1.187910
25 77 0 8 -1.188906
13 41 0 8 -1.189739
33 46 0 8 -1.189878
43 52 0 8 -1.190354
6 20 0 8 -1.190999
43 77 0 8 -1.192831
31 73 0 8 -1.193977
60 82 0 8 -1.195801
4 26 0 8 -1.198556
64 74 0 8 -1.201508
49 74 0 8 -1.201740
53 77 0 8 -1.205152
26 68 0 8 -1.210397
26 62 0 8 -1.212910
5 16 0 8 -1.213380
25 62 0 8 -1.215128
8 30 0 8 -1.215906
16 73 0 8 -1.216624
31 38 0 8 -1.217831
65 80 0 8 -1.218319
40 61 0 8 -1.219539
12 77 0 8 -1.221553
38 61 0 8 -1.223034
4 35 0 8 -1.225820
18 42 0 8 -1.227065
16 40 0 8 -1.227707
54 77 0 8 -1.228799
31 54 0 8 -1.229694
35 49 0 8 -1.230356
32 48 0 8 -1.231866
21 29 0 8 -1.233884
44 77 0 8 -1.236474
55 83 0 8 -1.236537
74 83 0 8 -1.236757
16 55 0 8 -1.237254
23 74 0 8 -1.243758
35 61 0 8 -1.244106
8 28 0 8 -1.244507
20 26 0 8 -1.245146
69 83 0 8 -1.245228
18 81 0 8 -1.249874
13 31 0 8 -1.249933
22 67 0 8 -1.252500
46 82 0 8 -1.256175
38 70 0 8 -1.258433
12 32 0 8 -1.260322
7 21 0 8 -1.264123
16 44 0 8 -1.265524
6 22 0 8 -1.268311
16 75 0 8 -1.268445
7 63 0 8 -1.268560
11 75 0 8 -1.269732
61 79 0 8 -1.272004
21 41 0 8 -1.272941
15 72 0 8 -1.274751
21 75 0 8 -1.279177
43 83 0 8 -1.279899
45 69 0 8 -1.279946
16 47 0 8 -1.281006
37 46 0 8 -1.282179
16 84 0 8 -1.284521
51 64 0 8 -1.287165
54 70 0 8 -1.288036
35 81 0 8 -1.290169
15 48 0 8 -1.295809
47 52 0 8 -1.297473
8 63 0 8 -1.300315
15 26 0 8 -1.302949
27 72 0 8 -1.303046
20 75 0 8 -1.305450
24 51 0 8 -1.305975
23 48 0 8 -1.307673
25 67 0 8 -1.311564
3 81 0 8 -1.314086
4 32 0 8 -1.314860
35 78 0 8 -1.315895
7 15 0 8 -1.317588
13 29 0 8 -1.321445
51 81 0 8 -1.321520
26 50 0 8 -1.321709
12 19 0 8 -1.322540
51 69 0 8 -1.329427
40 67 0 8 -1.330027
50 80 0 8 -1.330030
6 44 0 8 -1.332699
54 75 0 8 -1.337455
37 76 0 8 -1.337616
12 49 0 8 -1.342677
28 51 0 8 -1.344478
17 29 0 8 -1.345562
15 84 0 8 -1.345759
19 34 0 8 -1.346436
13 40 0 8 -1.349135
4 47 0 8 -1.350705
35 79 0 8 -1.350975
52 69 0 8 -1.352260
8 62 0 8 -1.352806
6 81 0 8 -1.354103
32 52 0 8 -1.354648
65 77 0 8 -1.358791
13 47 0 8 -1.359033
8 27 0 8 -1.360898
21 47 0 8 -1.363115
46 69 0 8 -1.364504
36 49 0 8 -1.365294
33 52 0 8 -1.368484
28 83 0 8 -1.369541
32 67 0 8 -1.369951
41 65 0 8 -1.370400
16 53 0 8 -1.370476
31 69 0 8 -1.375155
23 54 0 8 -1.375659
37 51 0 8 -1.378451
39 65 0 8 -1.379590
22 64 0 8 -1.381960
53 83 0 8 -1.384712
22 29 0 8 -1.387299
7 32 0 8 -1.389523
13 48 0 8 -1.391686
23 61 0 8 -1.392786
43 56 0 8 -1.392909
28 77 0 8 -1.398179
61 83 0 8 -1.400168
15 68 0 8 -1.400814
4 25 0 8 -1.404185
21 73 0 8 -1.405773
35 62 0 8 -1.406703
31 61 0 8 -1.406786
23 62 0 8 -1.408348
19 48 0 8 -1.413058
42 48 0 8 -1.415068
39 80 0 8 -1.417456
43 82 0 8 -1.419971
12 25 0 8 -1.420761
32 51 0 8 -1.421662
6 32 0 8 -1.422290
37 52 0 8 -1.422344
12 48 0 8 -1.425354
32 77 0 8 -1.426790
32 69 0 8 -1.427168
72 79 0 8 -1.427481
34 69 0 8 -1.429518
7 25 0 8 -1.429807
8 46 0 8 -1.429818
17 67 0 8 -1.433121
30 64 0 8 -1.435748
3 18 0 8 -1.437568
6 82 0 8 -1.438364
38 79 0 8 -1.438913
19 69 0 8 -1.439074
40 55 0 8 -1.439157
18 53 0 8 -1.448321
30 69 0 8 -1.449281
18 60 0 8 -1.449914
19 26 0 8 -1.451935
3 17 0 8 -1.455214
3 65 0 8 -1.458997
48 68 0 8 -1.464193
54 68 0 8 -1.464984
38 64 0 8 -1.467986
22 50 0 8 -1.470301
21 83 0 8 -1.471095
39 54 0 8 -1.473060
37 69 0 8 -1.474457
47 75 0 8 -1.475642
31 53 0 8 -1.482607
19 70 0 8 -1.483415
6 46 0 8 -1.483880
45 65 0 8 -1.486197
12 39 0 8 -1.486618
5 49 0 8 -1.487479
50 67 0 8 -1.489116
22 68 0 8 -1.489705
47 83 0 8 -1.491815
25 75 0 8 -1.492373
18 37 0 8 -1.494483
17 37 0 8 -1.501692
26 44 0 8 -1.502413
19 56 0 8 -1.504122
23 44 0 8 -1.507055
35 55 0 8 -1.512053
38 62 0 8 -1.514342
33 57 0 8 -1.514885
18 45 0 8 -1.517584
52 75 0 8 -1.517867
8 79 0 8 -1.527496
44 68 0 8 -1.527549
7 27 0 8 -1.527880
6 50 0 8 -1.530837
33 48 0 8 -1.532192
27 81 0 8 -1.533458
22 77 0 8 -1.534903
28 79 0 8 -1.536340
3 31 0 8 -1.537696
34 62 0 8 -1.538973
44 75 0 8 -1.541258
24 69 0 8 -1.541418
12 27 0 8 -1.545170
18 23 0 8 -1.548208
64 82 0 8 -1.554326
61 82 0 8 -1.560675
6 49 0 8 -1.562931
15 55 0 8 -1.565530
63 75 0 8 -1.565605
37 78 0 8 -1.570163
17 35 0 8 -1.570994
6 63 0 8 -1.571092
27 32 0 8 -1.572781
5 82 0 8 -1.573132
25 64 0 8 -1.574984
25 37 0 8 -1.578805
49 81 0 8 -1.581328
6 55 0 8 -1.583653
24 33 0 8 -1.584773
28 82 0 8 -1.584922
6 64 0 8 -1.586290
16 34 0 8 -1.586401
22 37 0 8 -1.586699
44 80 0 8 -1.589279
39 49 0 8 -1.590549
65 76 0 8 -1.591605
15 36 0 8 -1.592198
8 55 0 8 -1.592589
3 82 0 8 -1.597415
55 75 0 8 -1.598270
24 79 0 8 -1.602334
29 68 0 8 -1.603105
38 52 0 8 -1.603239
56 77 0 8 -1.605995
52 67 0 8 -1.609785
63 72 0 8 -1.611138
8 73 0 8 -1.613440
48 67 0 8 -1.614141
62 73 0 8 -1.614792
3 80 0 8 -1.615109
41 51 0 8 -1.621544
17 73 0 8 -1.627295
6 30 0 8 -1.628545
33 76 0 8 -1.638828
15 34 0 8 -1.642145
4 36 0 8 -1.643339
39 76 0 8 -1.644187
51 62 0 8 -1.644223
17 64 0 8 -1.644774
22 34 0 8 -1.645396
4 51 0 8 -1.648620
25 55 0 8 -1.650134
21 48 0 8 -1.652417
30 52 0 8 -1.655905
2 51 0 8 -1.656138
12 67 0 8 -1.657301
47 68 0 8 -1.657626
7 83 0 8 -1.657820
15 53 0 8 -1.658159
17 79 0 8 -1.659843
38 77 0 8 -1.662416
5 70 0 8 -1.663275
57 67 0 8 -1.663730
39 77 0 8 -1.666800
17 30 0 8 -1.668868
23 65 0 8 -1.669379
8 56 0 8 -1.674680
29 62 0 8 -1.677094
33 73 0 8 -1.679529
8 83 0 8 -1.681097
19 37 0 8 -1.683582
34 77 0 8 -1.685056
5 36 0 8 -1.686215
41 54 0 8 -1.689981
27 52 0 8 -1.692319
47 65 0 8 -1.693542
13 23 0 8 -1.694265
63 83 0 8 -1.695131
24 35 0 8 -1.705891
31 37 0 8 -1.706340
23 35 0 8 -1.706902
72 81 0 8 -1.708269
65 74 0 8 -1.709785
4 55 0 8 -1.711941
50 75 0 8 -1.712739
3 52 0 8 -1.712864
18 77 0 8 -1.717196
48 81 0 8 -1.719083
24 34 0 8 -1.719415
22 69 0 8 -1.720479
68 80 0 8 -1.725174
31 52 0 8 -1.729813
6 42 0 8 -1.735690
15 70 0 8 -1.743993
20 31 0 8 -1.745789
20 70 0 8 -1.746799
13 72 0 8 -1.746936
30 75 0 8 -1.750144
67 81 0 8 -1.750379
54 80 0 8 -1.750633
7 42 0 8 -1.751053
35 73 0 8 -1.768117
33 64 0 8 -1.768414
31 56 0 8 -1.768934
38 75 0 8 -1.778042
7 75 0 8 -1.781300
36 62 0 8 -1.787663
27 77 0 8 -1.794609
33 84 0 8 -1.798441
20 63 0 8 -1.800310
16 25 0 8 -1.802522
6 53 0 8 -1.807723
25 35 0 8 -1.808343
38 63 0 8 -1.811786
29 38 0 8 -1.813111
56 83 0 8 -1.815944
55 76 0 8 -1.819899
31 77 0 8 -1.822129
30 37 0 8 -1.823577
49 75 0 8 -1.824349
26 52 0 8 -1.836718
25 63 0 8 -1.836980
29 77 0 8 -1.838601
55 80 0 8 -1.841379
40 75 0 8 -1.845925
6 23 0 8 -1.847587
34 80 0 8 -1.848439
19 62 0 8 -1.850837
3 56 0 8 -1.856420
65 82 0 8 -1.870879
21 64 0 8 -1.876721
35 83 0 8 -1.882567
7 70 0 8 -1.883609
62 84 0 8 -1.885488
25 36 0 8 -1.885977
8 49 0 8 -1.892751
20 56 0 8 -1.894997
36 68 0 8 -1.898305
33 56 0 8 -1.899361
19 52 0 8 -1.900106
36 79 0 8 -1.904198
18 61 0 8 -1.904291
34 61 0 8 -1.909491
30 56 0 8 -1.910002
64 73 0 8 -1.911809
13 27 0 8 -1.912498
13 28 0 8 -1.916272
47 79 0 8 -1.929320
36 81 0 8 -1.944448
19 27 0 8 -1.946665
7 28 0 8 -1.946913
48 79 0 8 -1.949144
28 81 0 8 -1.958650
27 36 0 8 -1.963483
48 75 0 8 -1.963925
65 73 0 8 -1.964136
16 80 0 8 -1.966574
33 51 0 8 -1.969609
54 83 0 8 -1.970280
16 32 0 8 -1.974546
54 65 0 8 -1.975968
28 35 0 8 -1.979487
30 35 0 8 -1.981831
26 65 0 8 -1.983271
67 84 0 8 -1.986496
39 56 0 8 -1.988731
67 74 0 8 -1.991319
20 36 0 8 -1.993964
34 48 0 8 -1.995071
34 83 0 8 -1.995149
15 38 0 8 -1.997099
37 77 0 8 -1.998304
47 67 0 8 -1.999626
16 42 0 8 -1.999679
6 16 0 8 -2.006893
44 55 0 8 -2.007202
34 81 0 8 -2.008263
31 55 0 8 -2.014611
20 72 0 8 -2.032123
36 64 0 8 -2.034367
37 83 0 8 -2.034574
20 49 0 8 -2.041297
20 65 0 8 -2.045646
69 79 0 8 -2.047333
30 67 0 8 -2.050398
54 79 0 8 -2.054065
33 39 0 8 -2.054936
37 80 0 8 -2.057394
7 53 0 8 -2.063246
31 82 0 8 -2.068756
33 49 0 8 -2.080734
48 82 0 8 -2.082982
36 55 0 8 -2.087154
13 50 0 8 -2.100835
7 56 0 8 -2.103737
27 76 0 8 -2.105568
44 67 0 8 -2.108289
39 82 0 8 -2.108419
16 51 0 8 -2.111501
26 33 0 8 -2.118062
18 55 0 8 -2.121236
23 40 0 8 -2.123338
26 81 0 8 -2.123891
16 52 0 8 -2.135194
33 77 0 8 -2.140872
51 68 0 8 -2.147784
37 82 0 8 -2.148593
56 80 0 8 -2.153004
65 81 0 8 -2.163370
15 52 0 8 -2.177716
34 54 0 8 -2.180884
37 49 0 8 -2.184440
24 67 0 8 -2.185534
7 26 0 8 -2.197357
23 52 0 8 -2.199861
15 54 0 8 -2.201836
3 37 0 8 -2.213690
27 55 0 8 -2.217997
16 29 0 8 -2.222134
16 21 0 8 -2.223541
23 39 0 8 -2.229106
6 76 0 8 -2.230068
21 27 0 8 -2.248558
53 65 0 8 -2.255106
39 52 0 8 -2.268971
18 47 0 8 -2.279175
19 75 0 8 -2.282557
39 67 0 8 -2.304952
35 48 0 8 -2.317963
21 54 0 8 -2.342442
16 67 0 8 -2.349282
64 79 0 8 -2.355560
7 54 0 8 -2.360972
13 49 0 8 -2.364838
49 68 0 8 -2.374434
16 82 0 8 -2.391919
33 80 0 8 -2.394192
50 65 0 8 -2.395579
53 67 0 8 -2.403215
23 50 0 8 -2.432140
67 73 0 8 -2.441270
8 69 0 8 -2.446803
7 82 0 8 -2.465781
28 62 0 8 -2.479226
17 49 0 8 -2.483150
35 64 0 8 -2.491090
8 20 0 8 -2.513546
27 67 0 8 -2.526176
7 72 0 8 -2.535200
23 73 0 8 -2.536494
51 63 0 8 -2.557563
25 65 0 8 -2.608146
20 33 0 8 -2.611674
48 65 0 8 -2.612070
6 62 0 8 -2.616714
36 63 0 8 -2.623823
4 79 0 8 -2.625789
35 75 0 8 -2.629926
6 69 0 8 -2.637526
18 75 0 8 -2.652272
35 56 0 8 -2.654430
18 51 0 8 -2.667612
22 75 0 8 -2.692271
8 75 0 8 -2.708348
6 56 0 8 -2.708727
23 51 0 8 -2.719031
3 39 0 8 -2.729584
54 67 0 8 -2.749681
18 64 0 8 -2.759819
32 62 0 8 -2.761126
3 67 0 8 -2.829001
6 75 0 8 -2.839396
16 50 0 8 -2.839482
6 54 0 8 -2.845456
37 79 0 8 -2.852146
30 65 0 8 -2.868544
15 51 0 8 -2.893524
15 39 0 8 -2.909044
30 62 0 8 -2.932017
35 67 0 8 -2.968796
33 81 0 8 -3.095520
23 33 0 8 -3.129333
13 82 0 8 -3.226761
6 27 0 8 -3.281147
33 75 0 8 -3.430358
7 23 0 8 -3.455282
30 79 0 8 -3.478452
18 56 0 8 -3.501922
7 62 0 8 -3.573375
33 79 0 8 -3.671422
6 79 0 8 -3.837489
51 79 0 8 -4.053891
65 79 0 8 -4.169593
37 67 0 8 -4.303179
13 51 0 8 -4.306252
33 55 0 8 -4.667611
