82 94 0 8 10.304432
28 71 0 8 7.463208
83 88 0 8 7.126365
29 82 0 8 6.765716
19 96 0 8 6.742517
79 95 0 8 6.063264
81 95 0 8 5.838985
88 93 0 8 5.330843
29 39 0 8 5.319447
18 97 0 8 5.211660
42 83 0 8 5.181527
18 95 0 8 4.957211
38 85 0 8 4.856371
37 84 0 8 4.843095
20 99 0 8 4.704595
27 74 0 8 4.469873
39 83 0 8 4.428331
21 74 0 8 4.363017
20 97 0 8 4.306201
38 83 0 8 4.210137
38 88 0 8 3.955953
31 68 0 8 3.839907
31 90 0 8 3.791688
37 87 0 8 3.714645
61 86 0 8 3.552331
26 71 0 8 3.524210
23 77 0 8 3.497478
38 86 0 8 3.456586
29 72 0 8 3.422271
26 73 0 8 3.409952
33 91 0 8 3.404485
64 69 0 8 3.316384
12 33 0 8 3.270294
70 85 0 8 3.267018
23 80 0 8 3.260772
78 98 0 8 3.203772
22 99 0 8 3.193327
34 85 0 8 3.186129
21 96 0 8 3.162858
20 95 0 8 3.060592
31 66 0 8 3.058914
83 93 0 8 3.037250
17 93 0 8 3.006531
39 70 0 8 2.984697
34 69 0 8 2.984531
40 83 0 8 2.944271
74 96 0 8 2.941823
23 73 0 8 2.938040
23 63 0 8 2.937292
61 70 0 8 2.922154
34 71 0 8 2.913850
47 93 0 8 2.896551
28 83 0 8 2.874364
54 75 0 8 2.841357
15 81 0 8 2.797729
20 77 0 8 2.793933
14 84 0 8 2.784796
12 90 0 8 2.767936
6 12 0 8 2.763252
29 96 0 8 2.720709
13 70 0 8 2.719419
20 32 0 8 2.686009
33 90 0 8 2.681139
17 39 0 8 2.670880
80 85 0 8 2.636332
31 64 0 8 2.626453
25 82 0 8 2.617815
29 43 0 8 2.587499
33 41 0 8 2.484549
53 59 0 8 2.455234
13 73 0 8 2.453670
42 48 0 8 2.439058
85 96 0 8 2.433573
81 93 0 8 2.423337
11 40 0 8 2.402330
51 57 0 8 2.347338
29 70 0 8 2.337299
19 69 0 8 2.308581
28 69 0 8 2.295185
14 68 0 8 2.288548
4 31 0 8 2.281829
62 82 0 8 2.255075
84 92 0 8 2.237008
17 82 0 8 2.235580
33 39 0 8 2.231288
11 29 0 8 2.228012
58 85 0 8 2.222335
19 76 0 8 2.221475
30 82 0 8 2.211011
29 59 0 8 2.210564
5 31 0 8 2.209730
80 98 0 8 2.202650
18 30 0 8 2.195718
62 85 0 8 2.183560
31 84 0 8 2.168610
16 36 0 8 2.149585
33 70 0 8 2.137952
40 46 0 8 2.134346
41 76 0 8 2.131378
74 79 0 8 2.128661
15 76 0 8 2.127379
13 81 0 8 2.117227
64 96 0 8 2.105108
13 86 0 8 2.100301
34 86 0 8 2.092794
67 91 0 8 2.091644
76 89 0 8 2.089197
42 88 0 8 2.086390
5 95 0 8 2.080590
43 48 0 8 2.079262
32 97 0 8 2.077818
14 93 0 8 2.059293
32 81 0 8 2.054094
30 69 0 8 2.028738
14 85 0 8 2.026095
38 68 0 8 2.023580
76 90 0 8 2.018205
45 81 0 8 2.011239
36 76 0 8 2.008944
50 55 0 8 2.008015
5 14 0 8 2.007763
49 72 0 8 2.006993
63 70 0 8 1.989628
40 70 0 8 1.989390
48 75 0 8 1.982137
52 85 0 8 1.956200
17 56 0 8 1.951980
18 42 0 8 1.939806
25 81 0 8 1.936168
38 70 0 8 1.935091
47 53 0 8 1.932165
17 63 0 8 1.925461
20 79 0 8 1.924587
34 73 0 8 1.918514
18 81 0 8 1.902853
63 79 0 8 1.900423
24 78 0 8 1.899076
11 97 0 8 1.899070
22 64 0 8 1.891610
18 23 0 8 1.883780
1 7 0 8 1.874895
30 64 0 8 1.870879
46 81 0 8 1.870742
38 89 0 8 1.870602
8 32 0 8 1.864595
18 75 0 8 1.864418
16 87 0 8 1.863751
13 93 0 8 1.856724
24 92 0 8 1.856004
23 86 0 8 1.845103
27 56 0 8 1.844416
11 91 0 8 1.835232
23 30 0 8 1.828986
42 90 0 8 1.821148
44 50 0 8 1.814539
38 49 0 8 1.812343
39 89 0 8 1.808565
82 96 0 8 1.794067
86 99 0 8 1.785613
41 83 0 8 1.778792
40 58 0 8 1.773856
43 69 0 8 1.754860
49 55 0 8 1.745242
6 62 0 8 1.743119
11 89 0 8 1.725422
41 46 0 8 1.721780
11 63 0 8 1.719283
1 8 0 8 1.713217
15 66 0 8 1.711441
42 95 0 8 1.706253
19 27 0 8 1.698144
13 22 0 8 1.697523
46 80 0 8 1.679773
32 68 0 8 1.679535
52 58 0 8 1.672294
5 82 0 8 1.671352
87 92 0 8 1.668545
74 80 0 8 1.667536
11 33 0 8 1.656756
34 76 0 8 1.647870
61 76 0 8 1.645682
14 26 0 8 1.615204
14 87 0 8 1.610203
11 25 0 8 1.606904
71 91 0 8 1.605775
31 36 0 8 1.602041
57 83 0 8 1.598796
32 70 0 8 1.598338
46 51 0 8 1.596546
36 68 0 8 1.583237
88 96 0 8 1.581919
79 88 0 8 1.562050
22 76 0 8 1.556133
55 75 0 8 1.554087
16 35 0 8 1.551347
35 80 0 8 1.549644
57 62 0 8 1.545694
19 66 0 8 1.532780
6 35 0 8 1.520454
59 90 0 8 1.515755
29 88 0 8 1.515140
69 79 0 8 1.512642
11 71 0 8 1.509180
52 62 0 8 1.507978
55 60 0 8 1.494734
20 42 0 8 1.494718
14 89 0 8 1.492260
36 59 0 8 1.491744
2 10 0 8 1.489791
54 95 0 8 1.485705
52 77 0 8 1.480464
51 73 0 8 1.478823
18 86 0 8 1.469223
29 81 0 8 1.467810
21 81 0 8 1.466495
71 97 0 8 1.459105
15 28 0 8 1.458346
43 79 0 8 1.448454
19 32 0 8 1.443566
38 43 0 8 1.440519
47 52 0 8 1.435575
31 72 0 8 1.431876
44 71 0 8 1.430273
28 90 0 8 1.424280
8 15 0 8 1.423191
44 51 0 8 1.419384
46 79 0 8 1.415574
74 98 0 8 1.412753
57 64 0 8 1.404581
26 74 0 8 1.402907
8 31 0 8 1.402900
38 63 0 8 1.400165
22 75 0 8 1.395679
2 45 0 8 1.393219
27 82 0 8 1.389024
19 25 0 8 1.388840
48 88 0 8 1.388698
28 89 0 8 1.386483
42 77 0 8 1.386340
72 93 0 8 1.384522
16 96 0 8 1.384431
12 83 0 8 1.383956
40 66 0 8 1.382625
65 71 0 8 1.380784
26 44 0 8 1.372058
92 98 0 8 1.370481
4 27 0 8 1.370071
51 59 0 8 1.368258
44 69 0 8 1.367832
11 74 0 8 1.366201
7 36 0 8 1.364632
14 37 0 8 1.364229
31 37 0 8 1.358219
2 39 0 8 1.350042
28 73 0 8 1.348684
26 61 0 8 1.347595
12 85 0 8 1.346200
10 42 0 8 1.344635
23 90 0 8 1.342008
41 91 0 8 1.341403
29 84 0 8 1.339883
6 32 0 8 1.338834
50 65 0 8 1.334327
53 61 0 8 1.332634
23 75 0 8 1.330092
21 27 0 8 1.326193
25 71 0 8 1.319810
9 34 0 8 1.313457
53 62 0 8 1.308591
28 38 0 8 1.301368
39 48 0 8 1.300862
46 97 0 8 1.298355
4 10 0 8 1.296930
18 93 0 8 1.294110
56 62 0 8 1.288987
31 38 0 8 1.281423
19 79 0 8 1.280864
48 78 0 8 1.276902
9 67 0 8 1.276583
29 80 0 8 1.275558
47 58 0 8 1.273362
17 45 0 8 1.272023
22 41 0 8 1.270199
45 73 0 8 1.265582
42 51 0 8 1.264861
5 70 0 8 1.264359
62 75 0 8 1.264215
5 15 0 8 1.261936
76 81 0 8 1.258393
53 69 0 8 1.254221
32 42 0 8 1.249118
28 52 0 8 1.242455
10 83 0 8 1.241236
67 93 0 8 1.240835
79 89 0 8 1.240774
21 84 0 8 1.236549
5 10 0 8 1.231171
40 82 0 8 1.226315
33 44 0 8 1.225989
10 51 0 8 1.223172
5 17 0 8 1.220586
18 32 0 8 1.220431
9 85 0 8 1.219865
21 35 0 8 1.219778
8 33 0 8 1.215908
43 54 0 8 1.215222
29 48 0 8 1.214722
47 76 0 8 1.214702
6 49 0 8 1.213268
34 65 0 8 1.211637
14 25 0 8 1.207540
21 95 0 8 1.207104
81 98 0 8 1.205539
48 95 0 8 1.203100
20 30 0 8 1.199069
37 75 0 8 1.198178
22 28 0 8 1.196298
16 62 0 8 1.194277
30 79 0 8 1.194227
20 54 0 8 1.193606
23 79 0 8 1.188101
43 77 0 8 1.187703
50 59 0 8 1.187017
56 85 0 8 1.183726
61 66 0 8 1.180720
13 23 0 8 1.179940
42 75 0 8 1.179354
30 89 0 8 1.174311
43 51 0 8 1.173650
41 96 0 8 1.172916
29 91 0 8 1.168635
37 92 0 8 1.167597
35 88 0 8 1.164583
70 83 0 8 1.164518
15 43 0 8 1.163761
34 64 0 8 1.161497
56 97 0 8 1.160359
33 88 0 8 1.159692
3 8 0 8 1.156759
12 93 0 8 1.155679
11 70 0 8 1.155220
22 95 0 8 1.149671
43 66 0 8 1.144261
75 86 0 8 1.142692
82 90 0 8 1.142508
72 82 0 8 1.141519
51 65 0 8 1.138566
58 65 0 8 1.138159
53 71 0 8 1.137958
15 73 0 8 1.136944
14 76 0 8 1.135820
65 93 0 8 1.127707
35 86 0 8 1.127129
19 43 0 8 1.126656
55 82 0 8 1.125151
44 86 0 8 1.122414
61 90 0 8 1.120340
14 83 0 8 1.117040
23 40 0 8 1.115052
8 76 0 8 1.114598
79 97 0 8 1.109497
63 73 0 8 1.103048
2 9 0 8 1.098276
9 44 0 8 1.097131
59 66 0 8 1.096565
35 91 0 8 1.093111
5 88 0 8 1.088534
21 57 0 8 1.088471
40 95 0 8 1.086001
30 65 0 8 1.085850
63 69 0 8 1.084516
28 85 0 8 1.083000
7 26 0 8 1.082071
15 70 0 8 1.079018
55 72 0 8 1.073915
26 54 0 8 1.072371
53 58 0 8 1.069888
1 13 0 8 1.067736
45 76 0 8 1.067389
5 19 0 8 1.067164
17 25 0 8 1.066884
36 82 0 8 1.066178
38 55 0 8 1.063939
27 75 0 8 1.063938
7 68 0 8 1.062869
57 63 0 8 1.054871
21 99 0 8 1.053911
48 55 0 8 1.053876
81 90 0 8 1.052945
13 75 0 8 1.052459
12 97 0 8 1.050104
27 46 0 8 1.047956
30 36 0 8 1.047055
11 73 0 8 1.044051
4 25 0 8 1.043955
14 19 0 8 1.037447
46 63 0 8 1.036156
21 80 0 8 1.035961
18 80 0 8 1.034030
36 89 0 8 1.032353
13 85 0 8 1.031542
57 65 0 8 1.028753
14 50 0 8 1.028444
4 13 0 8 1.027885
77 95 0 8 1.027808
63 97 0 8 1.026598
32 99 0 8 1.023694
5 78 0 8 1.023141
39 88 0 8 1.022875
12 34 0 8 1.021710
7 15 0 8 1.021187
12 88 0 8 1.020803
7 96 0 8 1.018862
17 66 0 8 1.017774
40 88 0 8 1.016952
60 91 0 8 1.016542
33 81 0 8 1.016288
8 86 0 8 1.015261
17 65 0 8 1.014494
55 80 0 8 1.013368
65 96 0 8 1.013042
32 84 0 8 1.011687
36 63 0 8 1.011103
23 93 0 8 1.010840
62 86 0 8 1.009009
79 85 0 8 1.007568
7 13 0 8 1.006990
38 80 0 8 1.003245
17 23 0 8 1.001657
40 85 0 8 1.000729
42 62 0 8 0.999035
34 90 0 8 0.996295
17 95 0 8 0.995475
21 47 0 8 0.990694
12 92 0 8 0.988932
78 88 0 8 0.986641
33 38 0 8 0.986451
15 45 0 8 0.985258
64 76 0 8 0.983146
39 69 0 8 0.980604
26 69 0 8 0.980513
10 16 0 8 0.976200
20 72 0 8 0.974601
26 78 0 8 0.967253
44 75 0 8 0.967119
52 59 0 8 0.966555
9 54 0 8 0.966286
16 45 0 8 0.960716
31 60 0 8 0.960407
35 65 0 8 0.959719
15 90 0 8 0.959291
54 69 0 8 0.958460
62 72 0 8 0.958308
38 54 0 8 0.953901
41 88 0 8 0.951810
29 61 0 8 0.950960
6 53 0 8 0.949999
3 56 0 8 0.948732
20 76 0 8 0.947294
5 89 0 8 0.946980
27 38 0 8 0.939564
27 77 0 8 0.937045
3 12 0 8 0.935507
49 54 0 8 0.935379
2 68 0 8 0.934760
26 81 0 8 0.934571
22 29 0 8 0.931395
17 40 0 8 0.929870
42 81 0 8 0.928200
27 97 0 8 0.927649
5 16 0 8 0.923111
50 96 0 8 0.922623
19 62 0 8 0.920854
60 68 0 8 0.917807
57 90 0 8 0.916725
13 91 0 8 0.914991
6 90 0 8 0.913226
38 53 0 8 0.911309
25 72 0 8 0.909818
65 80 0 8 0.908659
40 60 0 8 0.907870
32 50 0 8 0.906769
77 97 0 8 0.901456
7 12 0 8 0.896328
11 66 0 8 0.894608
33 43 0 8 0.892816
28 68 0 8 0.892583
61 72 0 8 0.892361
80 89 0 8 0.888980
16 22 0 8 0.888482
2 22 0 8 0.888258
48 56 0 8 0.886527
55 65 0 8 0.881706
22 71 0 8 0.880252
33 46 0 8 0.875337
17 62 0 8 0.874876
16 27 0 8 0.871039
47 67 0 8 0.870047
23 99 0 8 0.869814
39 81 0 8 0.869404
41 69 0 8 0.869333
14 63 0 8 0.868603
27 55 0 8 0.868382
34 97 0 8 0.867102
56 76 0 8 0.865310
20 65 0 8 0.864992
49 63 0 8 0.862918
26 82 0 8 0.862604
77 98 0 8 0.860859
58 74 0 8 0.856852
48 97 0 8 0.855656
68 80 0 8 0.854981
28 41 0 8 0.854749
27 65 0 8 0.854283
34 75 0 8 0.853191
35 66 0 8 0.852503
30 66 0 8 0.850915
22 74 0 8 0.850849
43 76 0 8 0.850011
34 96 0 8 0.849306
62 91 0 8 0.848162
59 91 0 8 0.846655
66 96 0 8 0.845941
83 91 0 8 0.845714
41 61 0 8 0.845524
88 97 0 8 0.845187
52 64 0 8 0.843713
19 46 0 8 0.842631
12 53 0 8 0.841347
41 48 0 8 0.839340
12 84 0 8 0.838334
7 22 0 8 0.836900
13 60 0 8 0.832962
81 88 0 8 0.832903
25 66 0 8 0.831754
10 45 0 8 0.830320
28 77 0 8 0.830134
30 99 0 8 0.829883
12 41 0 8 0.828913
25 43 0 8 0.826217
9 57 0 8 0.825817
65 75 0 8 0.823715
22 49 0 8 0.821047
73 86 0 8 0.819574
3 79 0 8 0.817766
53 93 0 8 0.816592
89 94 0 8 0.814131
45 99 0 8 0.812698
27 53 0 8 0.811603
8 52 0 8 0.811119
16 23 0 8 0.811034
35 82 0 8 0.807815
67 74 0 8 0.806813
18 99 0 8 0.806708
72 89 0 8 0.806529
40 87 0 8 0.805254
50 73 0 8 0.803042
80 94 0 8 0.802600
1 85 0 8 0.798341
44 53 0 8 0.795158
12 25 0 8 0.794077
25 77 0 8 0.792773
28 96 0 8 0.791332
2 7 0 8 0.786496
21 26 0 8 0.785075
53 73 0 8 0.783818
32 46 0 8 0.783445
69 88 0 8 0.780914
81 99 0 8 0.780909
8 35 0 8 0.780794
37 61 0 8 0.780444
34 48 0 8 0.778433
68 95 0 8 0.777442
58 89 0 8 0.776538
3 69 0 8 0.775662
9 35 0 8 0.770914
71 96 0 8 0.769679
43 62 0 8 0.769601
19 64 0 8 0.769455
57 89 0 8 0.769381
54 70 0 8 0.768949
48 63 0 8 0.765543
24 70 0 8 0.762298
7 70 0 8 0.760144
45 96 0 8 0.759060
43 63 0 8 0.758743
3 13 0 8 0.753416
63 68 0 8 0.753351
28 70 0 8 0.753050
11 19 0 8 0.752958
86 93 0 8 0.752433
4 56 0 8 0.752130
47 54 0 8 0.750114
83 89 0 8 0.748396
4 83 0 8 0.748172
36 64 0 8 0.746963
2 15 0 8 0.746953
36 53 0 8 0.746944
27 64 0 8 0.745458
5 83 0 8 0.744692
14 52 0 8 0.744604
65 74 0 8 0.741572
14 81 0 8 0.741550
8 13 0 8 0.740747
71 95 0 8 0.740727
66 75 0 8 0.738496
25 92 0 8 0.737096
77 96 0 8 0.736144
60 65 0 8 0.734233
12 37 0 8 0.732506
23 66 0 8 0.732142
22 65 0 8 0.730788
59 95 0 8 0.729840
71 99 0 8 0.728464
52 63 0 8 0.726628
35 96 0 8 0.726284
33 40 0 8 0.725340
26 48 0 8 0.722339
36 50 0 8 0.721878
85 91 0 8 0.721818
15 35 0 8 0.721179
2 53 0 8 0.719446
3 51 0 8 0.718952
9 16 0 8 0.718392
40 89 0 8 0.716459
13 61 0 8 0.716426
24 84 0 8 0.715384
10 87 0 8 0.715072
24 94 0 8 0.713524
55 63 0 8 0.711601
85 98 0 8 0.711264
34 40 0 8 0.710952
62 69 0 8 0.709560
84 94 0 8 0.708911
22 27 0 8 0.707806
89 99 0 8 0.707447
22 89 0 8 0.707031
32 89 0 8 0.706195
8 20 0 8 0.706007
43 80 0 8 0.704397
31 97 0 8 0.703548
33 63 0 8 0.703386
26 51 0 8 0.702969
22 79 0 8 0.700854
54 67 0 8 0.697865
34 62 0 8 0.696428
4 11 0 8 0.696089
22 56 0 8 0.695364
3 94 0 8 0.695314
26 83 0 8 0.693767
23 60 0 8 0.693525
24 74 0 8 0.691355
4 9 0 8 0.690462
55 68 0 8 0.690242
19 87 0 8 0.688585
32 73 0 8 0.688036
55 93 0 8 0.684515
5 59 0 8 0.683341
20 86 0 8 0.683329
12 31 0 8 0.683021
51 66 0 8 0.682573
68 77 0 8 0.682538
70 82 0 8 0.682537
35 73 0 8 0.682218
55 74 0 8 0.680373
40 61 0 8 0.677591
39 84 0 8 0.675814
10 71 0 8 0.673746
44 49 0 8 0.673312
31 41 0 8 0.673163
21 29 0 8 0.672973
27 39 0 8 0.671188
5 66 0 8 0.669573
27 54 0 8 0.667275
21 77 0 8 0.666600
5 86 0 8 0.666284
35 61 0 8 0.666279
79 93 0 8 0.665472
44 58 0 8 0.664957
3 90 0 8 0.664781
15 86 0 8 0.664626
27 62 0 8 0.663443
19 58 0 8 0.663206
2 27 0 8 0.661994
45 56 0 8 0.659555
21 72 0 8 0.656980
29 62 0 8 0.655386
18 79 0 8 0.654902
66 99 0 8 0.654314
66 85 0 8 0.650791
66 79 0 8 0.650417
4 97 0 8 0.649514
6 47 0 8 0.647827
45 61 0 8 0.646363
78 84 0 8 0.645844
44 96 0 8 0.645613
3 83 0 8 0.644926
24 37 0 8 0.643986
17 54 0 8 0.643835
10 68 0 8 0.643606
10 96 0 8 0.643312
41 64 0 8 0.641074
16 93 0 8 0.637484
44 52 0 8 0.635280
72 84 0 8 0.634501
91 97 0 8 0.634234
36 77 0 8 0.634098
31 89 0 8 0.632636
15 97 0 8 0.629331
36 96 0 8 0.627314
30 80 0 8 0.626787
13 88 0 8 0.625028
17 26 0 8 0.624746
17 57 0 8 0.623811
51 63 0 8 0.623712
46 75 0 8 0.623532
54 64 0 8 0.623298
22 77 0 8 0.623111
58 90 0 8 0.622531
82 97 0 8 0.620220
7 43 0 8 0.618312
24 36 0 8 0.618175
50 76 0 8 0.618015
56 93 0 8 0.616695
7 19 0 8 0.616373
78 92 0 8 0.615998
84 98 0 8 0.615795
20 75 0 8 0.615672
30 95 0 8 0.613496
89 95 0 8 0.609675
1 36 0 8 0.609139
52 87 0 8 0.606964
27 68 0 8 0.606807
33 89 0 8 0.606327
29 46 0 8 0.605734
45 68 0 8 0.605692
33 50 0 8 0.604558
68 93 0 8 0.604417
13 34 0 8 0.603504
29 71 0 8 0.603155
6 67 0 8 0.602010
6 61 0 8 0.601242
14 72 0 8 0.601134
1 52 0 8 0.601077
9 31 0 8 0.600335
27 47 0 8 0.599471
17 90 0 8 0.598288
55 73 0 8 0.593859
7 71 0 8 0.593726
54 63 0 8 0.593164
3 9 0 8 0.592533
46 77 0 8 0.592513
79 94 0 8 0.592152
46 53 0 8 0.591223
49 93 0 8 0.589088
40 57 0 8 0.588867
3 60 0 8 0.587759
26 47 0 8 0.587524
24 98 0 8 0.585972
27 70 0 8 0.585439
36 85 0 8 0.583728
85 99 0 8 0.583082
11 47 0 8 0.582664
69 76 0 8 0.580655
2 34 0 8 0.579940
91 99 0 8 0.579699
14 75 0 8 0.577551
67 98 0 8 0.577503
16 94 0 8 0.577128
73 89 0 8 0.577046
41 58 0 8 0.576887
20 90 0 8 0.576872
4 34 0 8 0.576328
37 99 0 8 0.575129
12 64 0 8 0.573237
29 57 0 8 0.572509
18 63 0 8 0.570704
68 85 0 8 0.570004
26 97 0 8 0.568213
5 18 0 8 0.567507
16 24 0 8 0.566670
7 34 0 8 0.565001
9 70 0 8 0.564475
61 75 0 8 0.559189
62 68 0 8 0.558735
35 62 0 8 0.558286
12 21 0 8 0.558182
2 23 0 8 0.557888
1 82 0 8 0.557672
29 35 0 8 0.557059
10 34 0 8 0.556001
60 86 0 8 0.555876
32 51 0 8 0.555825
13 38 0 8 0.555125
19 30 0 8 0.554364
36 54 0 8 0.553824
33 84 0 8 0.553287
44 78 0 8 0.553075
5 27 0 8 0.549611
39 86 0 8 0.549434
22 37 0 8 0.547982
2 8 0 8 0.546970
67 73 0 8 0.546432
44 82 0 8 0.546131
1 95 0 8 0.545191
11 98 0 8 0.545067
35 93 0 8 0.544512
10 59 0 8 0.544176
72 83 0 8 0.543904
41 79 0 8 0.542959
45 74 0 8 0.542920
14 31 0 8 0.542212
38 62 0 8 0.540844
9 30 0 8 0.540506
52 95 0 8 0.538197
42 80 0 8 0.536295
25 33 0 8 0.535495
55 87 0 8 0.535059
65 85 0 8 0.533551
77 99 0 8 0.533400
73 90 0 8 0.533239
44 88 0 8 0.530397
15 21 0 8 0.529080
68 84 0 8 0.528617
54 74 0 8 0.528258
46 56 0 8 0.528218
22 48 0 8 0.527383
21 34 0 8 0.527328
11 35 0 8 0.526756
77 90 0 8 0.526348
35 47 0 8 0.525917
50 72 0 8 0.525778
60 87 0 8 0.525503
38 57 0 8 0.525106
47 55 0 8 0.524780
68 99 0 8 0.524591
22 68 0 8 0.523221
35 70 0 8 0.523120
1 39 0 8 0.522136
44 73 0 8 0.521731
2 65 0 8 0.520880
36 65 0 8 0.520763
1 16 0 8 0.518763
44 85 0 8 0.517893
12 79 0 8 0.517183
12 26 0 8 0.516331
35 64 0 8 0.516305
61 68 0 8 0.515940
67 85 0 8 0.515903
19 98 0 8 0.515277
3 47 0 8 0.515267
53 65 0 8 0.514613
8 67 0 8 0.513700
11 26 0 8 0.509713
23 41 0 8 0.508986
32 56 0 8 0.505721
67 87 0 8 0.505703
28 72 0 8 0.505637
36 41 0 8 0.504562
9 48 0 8 0.504454
73 79 0 8 0.504117
36 71 0 8 0.503505
55 64 0 8 0.502952
10 91 0 8 0.501935
16 67 0 8 0.499340
32 38 0 8 0.499136
79 87 0 8 0.499002
8 58 0 8 0.497899
45 92 0 8 0.497880
53 94 0 8 0.497328
50 97 0 8 0.496845
11 57 0 8 0.496782
35 42 0 8 0.494480
18 47 0 8 0.493604
32 53 0 8 0.492461
20 96 0 8 0.491328
32 64 0 8 0.490498
12 94 0 8 0.490388
37 78 0 8 0.489794
50 56 0 8 0.489060
63 95 0 8 0.487673
16 46 0 8 0.487384
7 25 0 8 0.486388
12 98 0 8 0.485670
17 86 0 8 0.485388
30 72 0 8 0.485113
42 76 0 8 0.484656
10 86 0 8 0.483410
20 69 0 8 0.483374
26 40 0 8 0.483245
37 91 0 8 0.483055
30 45 0 8 0.482424
9 45 0 8 0.479773
23 46 0 8 0.479491
21 62 0 8 0.478853
43 89 0 8 0.478316
12 35 0 8 0.477898
45 77 0 8 0.477772
27 57 0 8 0.477078
5 38 0 8 0.475997
19 41 0 8 0.475914
39 66 0 8 0.475843
20 92 0 8 0.473630
14 58 0 8 0.473310
4 78 0 8 0.473154
11 75 0 8 0.473129
49 81 0 8 0.472715
45 85 0 8 0.472687
2 55 0 8 0.472419
6 97 0 8 0.471060
9 64 0 8 0.470289
33 59 0 8 0.470277
22 70 0 8 0.469431
2 58 0 8 0.469231
31 78 0 8 0.469162
1 68 0 8 0.466681
2 69 0 8 0.466077
1 56 0 8 0.465383
56 80 0 8 0.465198
39 96 0 8 0.465062
28 56 0 8 0.464007
67 79 0 8 0.463755
3 10 0 8 0.463314
26 50 0 8 0.461408
21 78 0 8 0.461330
82 89 0 8 0.461226
14 24 0 8 0.461126
69 93 0 8 0.460198
34 63 0 8 0.459032
25 87 0 8 0.458636
13 39 0 8 0.457313
15 23 0 8 0.456164
39 76 0 8 0.456105
62 99 0 8 0.452418
11 67 0 8 0.451058
28 53 0 8 0.450611
47 69 0 8 0.450076
25 30 0 8 0.448888
36 69 0 8 0.447898
27 59 0 8 0.447609
7 31 0 8 0.447575
35 94 0 8 0.447363
56 92 0 8 0.446346
56 61 0 8 0.445946
56 95 0 8 0.443399
75 97 0 8 0.442511
35 75 0 8 0.442494
12 51 0 8 0.440335
1 6 0 8 0.437832
63 80 0 8 0.436996
34 66 0 8 0.436395
28 35 0 8 0.434424
1 35 0 8 0.433842
30 77 0 8 0.431344
20 81 0 8 0.429698
30 81 0 8 0.429343
32 94 0 8 0.428897
10 49 0 8 0.428085
2 77 0 8 0.426288
51 96 0 8 0.426064
59 96 0 8 0.423466
26 94 0 8 0.422805
61 77 0 8 0.422588
8 41 0 8 0.422496
17 29 0 8 0.422439
17 80 0 8 0.422400
9 97 0 8 0.421618
56 73 0 8 0.421510
47 64 0 8 0.421363
17 33 0 8 0.420268
10 74 0 8 0.420172
43 98 0 8 0.419594
43 99 0 8 0.418438
8 79 0 8 0.418283
24 68 0 8 0.417888
49 73 0 8 0.417734
4 79 0 8 0.417204
30 44 0 8 0.416695
59 74 0 8 0.415397
3 31 0 8 0.414606
15 38 0 8 0.414572
18 90 0 8 0.413920
46 68 0 8 0.413537
10 65 0 8 0.411453
24 55 0 8 0.409811
38 90 0 8 0.409625
47 90 0 8 0.409557
17 71 0 8 0.408805
33 74 0 8 0.406357
34 49 0 8 0.405320
38 98 0 8 0.404558
12 32 0 8 0.403510
54 85 0 8 0.403223
28 67 0 8 0.402585
2 30 0 8 0.401792
11 94 0 8 0.399683
6 58 0 8 0.399486
25 59 0 8 0.398494
35 55 0 8 0.398095
26 45 0 8 0.398074
24 87 0 8 0.396997
24 77 0 8 0.395040
39 97 0 8 0.394045
4 89 0 8 0.393125
44 60 0 8 0.392549
69 83 0 8 0.392037
39 94 0 8 0.389365
37 74 0 8 0.388272
36 43 0 8 0.387771
15 52 0 8 0.387483
45 94 0 8 0.386826
24 93 0 8 0.386276
19 88 0 8 0.384938
12 75 0 8 0.384093
13 58 0 8 0.383650
14 91 0 8 0.381400
23 76 0 8 0.380413
72 86 0 8 0.378251
46 52 0 8 0.377446
7 54 0 8 0.376114
1 58 0 8 0.375200
45 54 0 8 0.374624
17 30 0 8 0.374265
15 49 0 8 0.372159
29 34 0 8 0.369573
44 55 0 8 0.368768
1 26 0 8 0.368738
64 74 0 8 0.367400
4 55 0 8 0.365946
1 19 0 8 0.365213
8 95 0 8 0.363736
13 45 0 8 0.363679
44 77 0 8 0.363598
34 39 0 8 0.362406
41 78 0 8 0.361016
40 93 0 8 0.360165
3 97 0 8 0.359979
7 35 0 8 0.359842
32 44 0 8 0.359543
31 95 0 8 0.359230
6 95 0 8 0.359204
19 99 0 8 0.358087
14 34 0 8 0.357433
19 33 0 8 0.357417
48 76 0 8 0.357250
19 67 0 8 0.355858
12 62 0 8 0.355822
44 67 0 8 0.355616
17 58 0 8 0.355086
25 86 0 8 0.354921
51 56 0 8 0.354301
5 26 0 8 0.353680
10 48 0 8 0.353124
87 96 0 8 0.352883
17 55 0 8 0.352401
82 88 0 8 0.351858
59 83 0 8 0.351173
53 96 0 8 0.350882
44 97 0 8 0.349979
44 72 0 8 0.349345
57 85 0 8 0.347643
34 99 0 8 0.347329
4 30 0 8 0.344839
40 90 0 8 0.344504
5 52 0 8 0.344468
6 31 0 8 0.343669
36 99 0 8 0.343173
65 99 0 8 0.342389
61 82 0 8 0.341728
53 97 0 8 0.341401
5 35 0 8 0.340937
28 76 0 8 0.340694
14 90 0 8 0.340023
26 63 0 8 0.339657
58 98 0 8 0.339431
66 91 0 8 0.339372
30 68 0 8 0.339063
36 62 0 8 0.338965
33 72 0 8 0.338814
16 92 0 8 0.337909
31 70 0 8 0.336870
8 48 0 8 0.336841
67 84 0 8 0.336406
27 72 0 8 0.335897
56 90 0 8 0.335869
17 24 0 8 0.335866
3 18 0 8 0.335627
78 86 0 8 0.333728
68 82 0 8 0.332969
6 48 0 8 0.332060
3 24 0 8 0.331632
14 47 0 8 0.329959
25 46 0 8 0.329739
26 67 0 8 0.329594
15 69 0 8 0.329070
63 71 0 8 0.327962
19 93 0 8 0.327637
50 93 0 8 0.327472
85 93 0 8 0.327127
4 77 0 8 0.326519
29 37 0 8 0.326084
15 94 0 8 0.323735
22 30 0 8 0.322134
23 42 0 8 0.321462
7 60 0 8 0.320087
23 74 0 8 0.319766
5 75 0 8 0.318593
9 39 0 8 0.316225
45 84 0 8 0.315867
41 81 0 8 0.315734
27 48 0 8 0.315421
55 98 0 8 0.315421
3 42 0 8 0.315296
29 76 0 8 0.313959
11 31 0 8 0.313914
18 66 0 8 0.310910
32 69 0 8 0.309189
76 86 0 8 0.308941
48 71 0 8 0.307645
21 36 0 8 0.307077
26 99 0 8 0.306357
22 87 0 8 0.306025
26 39 0 8 0.305161
18 26 0 8 0.304980
71 87 0 8 0.304335
21 69 0 8 0.304335
17 87 0 8 0.304313
27 43 0 8 0.303806
21 51 0 8 0.303518
72 97 0 8 0.303441
47 59 0 8 0.299943
16 61 0 8 0.299526
16 65 0 8 0.299270
52 60 0 8 0.298674
23 32 0 8 0.297853
50 80 0 8 0.297297
67 86 0 8 0.296382
11 36 0 8 0.295980
56 75 0 8 0.295906
38 72 0 8 0.295686
5 13 0 8 0.292820
47 83 0 8 0.292719
32 86 0 8 0.292466
21 92 0 8 0.292416
18 77 0 8 0.291510
54 73 0 8 0.290197
7 75 0 8 0.289954
14 45 0 8 0.289175
27 33 0 8 0.289022
42 97 0 8 0.287988
46 69 0 8 0.287448
13 76 0 8 0.287305
22 50 0 8 0.286972
3 22 0 8 0.286641
18 68 0 8 0.284993
10 24 0 8 0.284844
18 31 0 8 0.283782
3 40 0 8 0.282960
18 82 0 8 0.281653
47 82 0 8 0.281639
39 46 0 8 0.280779
4 35 0 8 0.280727
11 37 0 8 0.280583
14 28 0 8 0.280169
16 91 0 8 0.279083
3 64 0 8 0.279073
5 12 0 8 0.279000
33 65 0 8 0.278869
14 62 0 8 0.278240
25 32 0 8 0.276876
11 20 0 8 0.276522
32 39 0 8 0.276101
23 55 0 8 0.275940
21 98 0 8 0.274166
25 49 0 8 0.274038
42 67 0 8 0.273049
48 74 0 8 0.272923
39 85 0 8 0.271220
1 24 0 8 0.270144
18 94 0 8 0.269598
75 89 0 8 0.268927
5 21 0 8 0.268077
18 65 0 8 0.267804
15 91 0 8 0.267295
31 73 0 8 0.266598
40 64 0 8 0.266166
53 77 0 8 0.263838
3 49 0 8 0.262908
15 26 0 8 0.262839
41 70 0 8 0.262694
26 65 0 8 0.261604
37 66 0 8 0.261257
7 27 0 8 0.261190
39 67 0 8 0.259798
4 20 0 8 0.258660
61 96 0 8 0.257408
38 64 0 8 0.256749
51 58 0 8 0.256699
30 93 0 8 0.256626
40 84 0 8 0.256398
45 50 0 8 0.255936
33 57 0 8 0.255776
12 87 0 8 0.255258
35 51 0 8 0.254642
55 77 0 8 0.254579
16 69 0 8 0.254496
23 67 0 8 0.253816
92 99 0 8 0.253066
27 88 0 8 0.252479
2 81 0 8 0.252457
43 75 0 8 0.251691
44 62 0 8 0.251677
56 82 0 8 0.251413
15 32 0 8 0.250122
23 57 0 8 0.249347
1 59 0 8 0.249240
36 45 0 8 0.248834
51 64 0 8 0.248636
6 69 0 8 0.248551
45 66 0 8 0.247794
1 75 0 8 0.247599
36 93 0 8 0.246597
36 42 0 8 0.246562
7 18 0 8 0.245977
24 33 0 8 0.245266
63 85 0 8 0.244843
2 66 0 8 0.244569
49 78 0 8 0.244237
30 98 0 8 0.244217
16 47 0 8 0.242166
11 45 0 8 0.240872
42 53 0 8 0.240801
56 77 0 8 0.240274
13 59 0 8 0.239665
12 70 0 8 0.236663
9 17 0 8 0.231308
30 74 0 8 0.230646
47 74 0 8 0.230612
64 72 0 8 0.228643
48 54 0 8 0.227730
11 46 0 8 0.227383
22 66 0 8 0.227341
34 77 0 8 0.227145
37 72 0 8 0.226733
16 39 0 8 0.224507
60 71 0 8 0.222970
12 52 0 8 0.222500
7 16 0 8 0.222365
77 85 0 8 0.222011
33 73 0 8 0.221690
25 40 0 8 0.221614
1 37 0 8 0.221408
12 81 0 8 0.221253
25 62 0 8 0.219410
34 70 0 8 0.218578
10 54 0 8 0.218542
34 94 0 8 0.217446
13 68 0 8 0.217202
50 63 0 8 0.216905
22 60 0 8 0.216837
44 79 0 8 0.216790
15 58 0 8 0.216426
61 93 0 8 0.216357
20 36 0 8 0.216014
11 90 0 8 0.215736
30 56 0 8 0.215278
52 57 0 8 0.214555
8 22 0 8 0.214435
66 77 0 8 0.214050
1 83 0 8 0.213970
68 97 0 8 0.212610
60 85 0 8 0.212358
27 89 0 8 0.212321
16 58 0 8 0.208805
74 82 0 8 0.208238
67 78 0 8 0.204571
25 73 0 8 0.204258
19 70 0 8 0.203825
57 96 0 8 0.202817
65 76 0 8 0.202308
12 57 0 8 0.202236
41 98 0 8 0.202019
27 51 0 8 0.201937
94 99 0 8 0.201189
50 78 0 8 0.200235
8 68 0 8 0.197424
39 63 0 8 0.197098
4 67 0 8 0.196840
33 60 0 8 0.196539
9 93 0 8 0.195391
16 86 0 8 0.195378
45 98 0 8 0.195288
48 80 0 8 0.195099
41 59 0 8 0.194974
65 97 0 8 0.194551
4 36 0 8 0.194452
30 73 0 8 0.193382
58 97 0 8 0.191783
42 47 0 8 0.191738
66 72 0 8 0.191703
34 52 0 8 0.190405
58 79 0 8 0.188620
6 23 0 8 0.187635
1 20 0 8 0.187600
3 84 0 8 0.187204
4 17 0 8 0.186051
45 75 0 8 0.185385
16 26 0 8 0.184627
85 95 0 8 0.184094
15 79 0 8 0.183387
9 42 0 8 0.182803
17 94 0 8 0.182723
24 73 0 8 0.180996
47 61 0 8 0.180297
14 94 0 8 0.179905
61 79 0 8 0.179463
35 83 0 8 0.178308
60 78 0 8 0.178193
15 92 0 8 0.177873
9 15 0 8 0.177751
50 98 0 8 0.176026
1 81 0 8 0.176004
49 87 0 8 0.174016
59 65 0 8 0.173489
86 94 0 8 0.172740
42 93 0 8 0.171084
1 74 0 8 0.170939
15 64 0 8 0.170635
42 79 0 8 0.170013
10 81 0 8 0.169626
16 21 0 8 0.169465
9 71 0 8 0.168873
11 68 0 8 0.168722
39 95 0 8 0.167781
58 88 0 8 0.167624
20 93 0 8 0.167003
2 47 0 8 0.166882
3 17 0 8 0.166152
12 43 0 8 0.165981
16 57 0 8 0.165781
3 92 0 8 0.165770
49 79 0 8 0.165547
2 72 0 8 0.165469
26 88 0 8 0.165259
66 94 0 8 0.164654
32 41 0 8 0.164342
73 97 0 8 0.164205
44 68 0 8 0.163026
7 21 0 8 0.162638
27 92 0 8 0.161842
19 24 0 8 0.161144
4 72 0 8 0.160888
67 89 0 8 0.160780
47 73 0 8 0.160642
21 58 0 8 0.160402
44 94 0 8 0.159195
45 89 0 8 0.158350
38 82 0 8 0.158200
8 49 0 8 0.158087
4 26 0 8 0.157507
19 73 0 8 0.157163
24 49 0 8 0.157072
1 12 0 8 0.156224
22 58 0 8 0.155988
6 83 0 8 0.155347
50 57 0 8 0.154953
21 85 0 8 0.153950
50 71 0 8 0.153421
16 64 0 8 0.152674
1 94 0 8 0.152397
45 95 0 8 0.152253
37 45 0 8 0.152126
21 60 0 8 0.151290
16 84 0 8 0.150743
1 48 0 8 0.150415
37 52 0 8 0.150312
24 91 0 8 0.149082
87 94 0 8 0.148545
51 98 0 8 0.147518
54 59 0 8 0.147360
11 43 0 8 0.147227
9 81 0 8 0.146608
66 84 0 8 0.144663
9 58 0 8 0.143216
1 57 0 8 0.142859
48 77 0 8 0.142774
20 70 0 8 0.142521
18 40 0 8 0.142095
5 25 0 8 0.141908
34 58 0 8 0.141613
5 99 0 8 0.141256
47 80 0 8 0.140264
56 65 0 8 0.140110
48 87 0 8 0.139917
34 68 0 8 0.139398
35 92 0 8 0.139155
29 64 0 8 0.137315
56 87 0 8 0.137147
47 56 0 8 0.136796
3 99 0 8 0.136115
2 97 0 8 0.134304
50 69 0 8 0.133936
60 67 0 8 0.133406
1 31 0 8 0.133025
31 53 0 8 0.132631
26 92 0 8 0.131402
54 89 0 8 0.131126
71 94 0 8 0.130580
78 94 0 8 0.130002
82 92 0 8 0.129546
72 94 0 8 0.129459
49 75 0 8 0.129351
6 15 0 8 0.129065
35 45 0 8 0.128771
48 82 0 8 0.128300
23 52 0 8 0.128127
14 48 0 8 0.127899
50 87 0 8 0.127846
55 92 0 8 0.127346
89 98 0 8 0.126478
21 44 0 8 0.126204
6 38 0 8 0.124477
21 86 0 8 0.123917
49 58 0 8 0.122088
35 50 0 8 0.122037
56 94 0 8 0.121103
52 68 0 8 0.120073
1 76 0 8 0.119133
2 91 0 8 0.118643
45 88 0 8 0.117953
50 84 0 8 0.116924
28 79 0 8 0.116177
45 72 0 8 0.116168
4 12 0 8 0.116020
3 14 0 8 0.115857
25 31 0 8 0.115677
6 28 0 8 0.115603
21 46 0 8 0.115039
4 71 0 8 0.115023
6 50 0 8 0.112274
46 54 0 8 0.111981
90 97 0 8 0.111885
1 38 0 8 0.111096
15 31 0 8 0.108497
23 97 0 8 0.108297
2 49 0 8 0.108117
37 49 0 8 0.108063
42 69 0 8 0.107824
52 65 0 8 0.107145
69 81 0 8 0.106203
15 30 0 8 0.106028
6 22 0 8 0.105687
70 99 0 8 0.105609
15 47 0 8 0.104601
15 95 0 8 0.104431
2 78 0 8 0.104374
77 84 0 8 0.104016
3 77 0 8 0.103728
17 92 0 8 0.103250
1 46 0 8 0.103229
21 91 0 8 0.103109
61 98 0 8 0.102997
33 66 0 8 0.102997
35 63 0 8 0.102660
13 36 0 8 0.102400
10 30 0 8 0.101913
2 31 0 8 0.101895
20 73 0 8 0.101488
3 32 0 8 0.098343
35 97 0 8 0.098280
16 38 0 8 0.097947
75 87 0 8 0.097667
7 50 0 8 0.097151
15 25 0 8 0.097064
20 37 0 8 0.096798
20 82 0 8 0.096753
35 90 0 8 0.096730
19 82 0 8 0.094678
40 91 0 8 0.094651
25 76 0 8 0.094198
91 98 0 8 0.094011
52 97 0 8 0.093982
6 85 0 8 0.093726
50 86 0 8 0.093269
59 67 0 8 0.092678
60 93 0 8 0.092149
18 54 0 8 0.092092
36 73 0 8 0.091020
28 60 0 8 0.089903
9 90 0 8 0.089890
58 64 0 8 0.089712
1 18 0 8 0.089589
12 40 0 8 0.089092
13 35 0 8 0.087318
40 73 0 8 0.085489
31 61 0 8 0.084168
2 67 0 8 0.083934
64 91 0 8 0.082449
7 89 0 8 0.082172
6 19 0 8 0.081116
2 19 0 8 0.078868
50 70 0 8 0.078849
25 51 0 8 0.078839
24 29 0 8 0.078361
8 19 0 8 0.077817
29 92 0 8 0.077748
26 75 0 8 0.077387
3 41 0 8 0.076980
36 60 0 8 0.076334
39 92 0 8 0.076029
60 94 0 8 0.075589
44 59 0 8 0.075386
31 88 0 8 0.074648
19 92 0 8 0.074508
11 48 0 8 0.074448
8 25 0 8 0.074207
51 72 0 8 0.074182
5 36 0 8 0.073463
36 80 0 8 0.071323
5 67 0 8 0.070918
6 99 0 8 0.070678
11 52 0 8 0.070522
72 77 0 8 0.069884
63 89 0 8 0.069866
8 40 0 8 0.068951
42 65 0 8 0.068216
51 83 0 8 0.067511
46 74 0 8 0.067055
41 65 0 8 0.066603
34 67 0 8 0.064849
7 67 0 8 0.064001
60 74 0 8 0.061853
14 20 0 8 0.060922
1 84 0 8 0.060763
49 62 0 8 0.060667
21 88 0 8 0.059913
4 94 0 8 0.058651
3 59 0 8 0.057836
10 55 0 8 0.056485
11 92 0 8 0.056211
18 83 0 8 0.055881
21 50 0 8 0.054465
19 89 0 8 0.053407
67 75 0 8 0.053311
43 71 0 8 0.052588
9 59 0 8 0.051784
23 95 0 8 0.051614
75 93 0 8 0.051082
3 62 0 8 0.051053
35 54 0 8 0.049827
27 63 0 8 0.049434
64 83 0 8 0.048842
15 44 0 8 0.048430
12 23 0 8 0.048425
73 84 0 8 0.048345
84 90 0 8 0.047935
30 88 0 8 0.046725
59 71 0 8 0.046709
24 57 0 8 0.046551
27 78 0 8 0.046514
40 96 0 8 0.046252
10 19 0 8 0.046173
3 27 0 8 0.045709
53 75 0 8 0.045574
43 96 0 8 0.045566
78 89 0 8 0.045226
6 73 0 8 0.044512
54 72 0 8 0.043221
26 34 0 8 0.042885
1 32 0 8 0.042631
1 89 0 8 0.041424
38 77 0 8 0.040759
16 30 0 8 0.038973
22 84 0 8 0.037293
64 80 0 8 0.036873
21 65 0 8 0.036590
3 36 0 8 0.034911
4 70 0 8 0.034401
63 83 0 8 0.034305
62 70 0 8 0.033550
9 20 0 8 0.033395
8 72 0 8 0.033256
11 41 0 8 0.033188
52 84 0 8 0.032877
29 93 0 8 0.032642
67 95 0 8 0.030805
32 66 0 8 0.030438
48 53 0 8 0.030222
38 52 0 8 0.029765
30 78 0 8 0.028480
18 85 0 8 0.028399
43 49 0 8 0.028118
16 56 0 8 0.027858
4 46 0 8 0.027607
13 54 0 8 0.027578
3 25 0 8 0.027320
13 52 0 8 0.027099
32 49 0 8 0.026103
10 32 0 8 0.025643
16 49 0 8 0.025444
54 87 0 8 0.025174
33 95 0 8 0.024936
2 96 0 8 0.024668
11 16 0 8 0.024452
40 80 0 8 0.024150
34 43 0 8 0.023265
64 70 0 8 0.022608
51 87 0 8 0.022568
83 98 0 8 0.022307
6 41 0 8 0.021845
81 87 0 8 0.021497
51 90 0 8 0.021113
1 92 0 8 0.020734
11 84 0 8 0.020721
74 89 0 8 0.020397
6 54 0 8 0.019598
48 98 0 8 0.019591
40 76 0 8 0.018036
15 67 0 8 0.017855
16 48 0 8 0.017482
43 50 0 8 0.017169
14 80 0 8 0.016899
16 59 0 8 0.016801
82 99 0 8 0.016127
35 67 0 8 0.016078
71 80 0 8 0.015628
74 88 0 8 0.014975
22 44 0 8 0.013731
24 76 0 8 0.013704
57 67 0 8 0.013418
8 50 0 8 0.013148
71 88 0 8 0.012886
3 91 0 8 0.012427
53 60 0 8 0.012159
49 56 0 8 0.011611
10 63 0 8 0.010735
50 95 0 8 0.010320
1 14 0 8 0.010101
75 98 0 8 0.010028
39 78 0 8 0.010015
8 26 0 8 0.009771
15 48 0 8 0.009576
49 64 0 8 0.009317
7 83 0 8 0.008213
60 99 0 8 0.007980
31 91 0 8 0.007637
4 33 0 8 0.007475
8 75 0 8 0.007448
33 75 0 8 0.007151
33 58 0 8 0.007121
26 76 0 8 0.006131
2 99 0 8 0.004958
1 47 0 8 0.003682
3 53 0 8 0.003260
16 77 0 8 0.003028
25 83 0 8 0.002576
15 99 0 8 0.001128
66 82 0 8 0.000961
3 70 0 8 0.000623
29 65 0 8 0.000237
33 94 0 8 -0.001227
66 80 0 8 -0.001280
2 42 0 8 -0.001410
36 92 0 8 -0.001738
58 69 0 8 -0.002128
22 73 0 8 -0.003242
21 89 0 8 -0.004540
31 69 0 8 -0.004593
20 61 0 8 -0.004709
6 16 0 8 -0.004940
24 56 0 8 -0.005250
90 95 0 8 -0.005772
34 44 0 8 -0.006103
54 84 0 8 -0.006946
80 92 0 8 -0.006986
49 94 0 8 -0.007205
76 98 0 8 -0.007332
69 92 0 8 -0.007556
9 98 0 8 -0.008387
4 49 0 8 -0.008391
45 78 0 8 -0.008680
6 63 0 8 -0.008791
25 79 0 8 -0.008930
6 24 0 8 -0.009391
75 80 0 8 -0.009867
46 92 0 8 -0.011591
8 87 0 8 -0.012135
11 23 0 8 -0.012142
60 73 0 8 -0.013258
71 89 0 8 -0.013898
43 85 0 8 -0.013925
6 71 0 8 -0.014583
45 93 0 8 -0.015964
8 16 0 8 -0.017083
56 64 0 8 -0.017494
73 92 0 8 -0.017671
47 98 0 8 -0.017909
27 94 0 8 -0.017910
24 82 0 8 -0.018023
7 72 0 8 -0.018283
16 99 0 8 -0.018959
28 47 0 8 -0.019105
60 66 0 8 -0.020996
54 83 0 8 -0.021737
68 83 0 8 -0.022344
18 76 0 8 -0.022702
44 98 0 8 -0.022874
22 59 0 8 -0.023034
75 92 0 8 -0.024490
78 87 0 8 -0.024785
28 99 0 8 -0.025373
2 18 0 8 -0.025791
13 99 0 8 -0.026019
71 78 0 8 -0.026508
37 98 0 8 -0.027824
82 98 0 8 -0.028017
8 30 0 8 -0.028081
23 70 0 8 -0.028808
4 74 0 8 -0.029540
1 97 0 8 -0.029727
66 76 0 8 -0.029781
6 25 0 8 -0.030082
39 44 0 8 -0.030460
14 30 0 8 -0.030760
51 68 0 8 -0.031012
13 31 0 8 -0.031235
64 89 0 8 -0.032527
4 23 0 8 -0.032850
3 78 0 8 -0.033416
66 78 0 8 -0.034072
15 42 0 8 -0.034172
47 60 0 8 -0.034681
29 79 0 8 -0.034811
6 13 0 8 -0.034861
4 53 0 8 -0.036185
30 94 0 8 -0.036453
6 74 0 8 -0.036986
28 78 0 8 -0.037441
22 72 0 8 -0.037481
58 70 0 8 -0.037626
52 92 0 8 -0.039016
63 98 0 8 -0.039355
29 68 0 8 -0.039513
4 95 0 8 -0.039630
11 95 0 8 -0.040158
2 94 0 8 -0.040462
10 79 0 8 -0.040583
1 78 0 8 -0.040725
23 96 0 8 -0.041892
41 71 0 8 -0.042291
9 29 0 8 -0.042800
57 80 0 8 -0.043847
3 98 0 8 -0.044778
25 57 0 8 -0.047875
17 22 0 8 -0.047982
16 83 0 8 -0.048117
64 92 0 8 -0.049300
45 63 0 8 -0.049921
18 51 0 8 -0.050161
52 98 0 8 -0.050200
7 24 0 8 -0.050270
23 68 0 8 -0.050360
27 35 0 8 -0.050440
84 91 0 8 -0.051312
29 60 0 8 -0.051485
67 99 0 8 -0.051612
5 30 0 8 -0.051633
30 37 0 8 -0.052016
37 48 0 8 -0.052055
17 27 0 8 -0.052214
6 65 0 8 -0.053047
37 71 0 8 -0.053787
81 96 0 8 -0.053804
32 71 0 8 -0.054224
37 94 0 8 -0.054346
46 65 0 8 -0.054539
11 96 0 8 -0.054608
2 11 0 8 -0.054702
26 77 0 8 -0.055248
64 71 0 8 -0.055752
38 65 0 8 -0.056208
47 84 0 8 -0.056956
28 84 0 8 -0.057610
33 80 0 8 -0.058335
7 99 0 8 -0.058941
20 28 0 8 -0.058964
2 44 0 8 -0.059824
6 70 0 8 -0.060341
7 57 0 8 -0.060925
34 83 0 8 -0.062237
39 99 0 8 -0.062924
8 92 0 8 -0.063405
10 76 0 8 -0.064070
3 46 0 8 -0.064084
40 74 0 8 -0.064525
27 44 0 8 -0.064936
6 68 0 8 -0.066376
15 50 0 8 -0.066624
10 36 0 8 -0.066709
50 58 0 8 -0.066990
27 61 0 8 -0.067006
4 98 0 8 -0.067501
28 87 0 8 -0.068659
42 57 0 8 -0.068681
27 84 0 8 -0.068779
39 61 0 8 -0.068813
24 34 0 8 -0.069217
6 57 0 8 -0.069623
42 78 0 8 -0.070204
81 94 0 8 -0.070649
40 50 0 8 -0.070902
10 75 0 8 -0.071338
7 76 0 8 -0.071701
26 33 0 8 -0.071939
23 98 0 8 -0.072387
44 61 0 8 -0.072455
39 87 0 8 -0.072463
53 99 0 8 -0.072575
30 46 0 8 -0.072675
63 82 0 8 -0.073623
27 37 0 8 -0.073870
14 78 0 8 -0.074180
44 91 0 8 -0.074470
18 71 0 8 -0.074525
62 83 0 8 -0.075207
88 99 0 8 -0.075497
52 99 0 8 -0.075634
50 74 0 8 -0.076625
24 71 0 8 -0.077641
2 33 0 8 -0.078046
46 72 0 8 -0.079249
16 89 0 8 -0.079344
5 87 0 8 -0.080999
71 98 0 8 -0.081173
65 83 0 8 -0.081535
65 94 0 8 -0.081709
49 57 0 8 -0.082355
55 81 0 8 -0.082422
10 67 0 8 -0.083275
1 60 0 8 -0.083872
30 92 0 8 -0.083887
14 97 0 8 -0.084970
19 59 0 8 -0.085101
1 54 0 8 -0.086026
4 54 0 8 -0.086085
69 74 0 8 -0.086398
13 49 0 8 -0.086643
83 92 0 8 -0.087201
3 73 0 8 -0.087424
8 21 0 8 -0.087650
77 83 0 8 -0.088073
40 45 0 8 -0.088631
19 29 0 8 -0.088828
81 92 0 8 -0.088881
23 92 0 8 -0.089270
4 32 0 8 -0.089518
7 65 0 8 -0.089744
7 37 0 8 -0.089882
8 54 0 8 -0.090363
24 65 0 8 -0.090392
17 43 0 8 -0.090859
2 70 0 8 -0.090885
24 90 0 8 -0.091303
9 65 0 8 -0.091866
8 36 0 8 -0.092299
44 65 0 8 -0.093156
86 95 0 8 -0.093374
54 60 0 8 -0.093440
35 60 0 8 -0.093677
60 70 0 8 -0.093935
27 67 0 8 -0.094768
50 89 0 8 -0.094823
19 45 0 8 -0.094935
16 29 0 8 -0.094969
3 74 0 8 -0.094971
17 77 0 8 -0.095215
24 75 0 8 -0.095346
39 47 0 8 -0.095753
8 81 0 8 -0.095893
56 84 0 8 -0.095940
75 99 0 8 -0.095989
41 52 0 8 -0.096261
47 57 0 8 -0.097146
72 79 0 8 -0.097406
25 34 0 8 -0.097584
34 95 0 8 -0.097759
38 67 0 8 -0.098328
2 87 0 8 -0.099100
42 85 0 8 -0.099699
17 64 0 8 -0.100390
23 82 0 8 -0.100785
87 98 0 8 -0.101292
24 61 0 8 -0.101500
53 66 0 8 -0.101825
29 90 0 8 -0.101890
33 64 0 8 -0.102958
25 50 0 8 -0.104154
3 48 0 8 -0.104283
22 67 0 8 -0.104867
42 89 0 8 -0.105345
19 42 0 8 -0.106724
24 38 0 8 -0.107953
14 88 0 8 -0.109244
40 75 0 8 -0.109273
2 20 0 8 -0.109310
4 87 0 8 -0.109550
4 73 0 8 -0.109623
49 91 0 8 -0.109759
79 99 0 8 -0.109908
61 84 0 8 -0.110245
79 98 0 8 -0.110643
19 71 0 8 -0.110761
18 88 0 8 -0.111004
77 94 0 8 -0.111352
35 77 0 8 -0.111793
23 94 0 8 -0.112524
12 80 0 8 -0.113077
53 84 0 8 -0.113498
69 89 0 8 -0.114914
24 99 0 8 -0.114953
55 78 0 8 -0.115944
17 49 0 8 -0.116625
75 81 0 8 -0.116634
21 53 0 8 -0.117198
36 78 0 8 -0.117284
48 73 0 8 -0.117312
5 39 0 8 -0.117463
3 15 0 8 -0.117575
33 54 0 8 -0.117839
30 62 0 8 -0.119070
25 65 0 8 -0.119383
7 61 0 8 -0.119883
14 66 0 8 -0.119977
1 91 0 8 -0.120702
42 72 0 8 -0.121171
8 24 0 8 -0.124224
46 55 0 8 -0.125157
37 81 0 8 -0.125500
41 73 0 8 -0.125968
9 33 0 8 -0.126405
46 85 0 8 -0.127321
33 99 0 8 -0.127813
15 51 0 8 -0.129105
52 69 0 8 -0.129237
8 96 0 8 -0.129966
29 98 0 8 -0.130244
48 85 0 8 -0.130611
65 91 0 8 -0.131693
17 50 0 8 -0.131965
5 96 0 8 -0.132083
65 72 0 8 -0.132378
35 53 0 8 -0.132478
10 84 0 8 -0.133183
45 90 0 8 -0.133551
18 25 0 8 -0.133587
64 85 0 8 -0.133591
14 92 0 8 -0.133640
9 32 0 8 -0.133667
11 24 0 8 -0.133787
12 54 0 8 -0.133936
47 75 0 8 -0.135007
74 93 0 8 -0.136682
3 65 0 8 -0.136948
24 39 0 8 -0.137287
6 26 0 8 -0.139457
63 86 0 8 -0.140375
28 33 0 8 -0.141085
32 65 0 8 -0.141307
11 69 0 8 -0.141825
71 79 0 8 -0.142083
76 96 0 8 -0.142420
10 92 0 8 -0.142627
9 22 0 8 -0.142916
18 98 0 8 -0.143130
87 97 0 8 -0.143606
8 91 0 8 -0.143786
31 56 0 8 -0.144020
29 78 0 8 -0.144021
6 92 0 8 -0.144137
45 67 0 8 -0.144169
3 93 0 8 -0.144293
68 98 0 8 -0.144695
29 86 0 8 -0.144699
57 76 0 8 -0.145665
80 97 0 8 -0.146742
70 79 0 8 -0.147075
34 82 0 8 -0.147255
61 91 0 8 -0.148065
18 48 0 8 -0.148356
22 69 0 8 -0.148524
53 98 0 8 -0.148855
7 73 0 8 -0.149122
13 80 0 8 -0.149427
31 39 0 8 -0.149939
4 99 0 8 -0.150043
2 24 0 8 -0.150317
4 39 0 8 -0.150930
31 59 0 8 -0.151381
19 97 0 8 -0.151563
1 33 0 8 -0.151926
45 70 0 8 -0.151972
29 44 0 8 -0.152073
48 59 0 8 -0.152088
30 91 0 8 -0.152227
25 63 0 8 -0.152242
20 56 0 8 -0.152512
9 84 0 8 -0.153179
48 60 0 8 -0.153996
17 59 0 8 -0.154361
27 41 0 8 -0.154933
46 96 0 8 -0.155400
71 90 0 8 -0.155436
31 92 0 8 -0.155888
50 67 0 8 -0.155932
3 45 0 8 -0.156162
23 35 0 8 -0.156230
4 80 0 8 -0.156923
32 57 0 8 -0.157368
2 84 0 8 -0.157736
51 78 0 8 -0.157749
6 18 0 8 -0.158285
21 54 0 8 -0.158578
24 72 0 8 -0.158671
4 69 0 8 -0.158808
42 91 0 8 -0.159295
10 50 0 8 -0.159298
56 74 0 8 -0.159585
62 67 0 8 -0.159915
22 36 0 8 -0.160677
52 67 0 8 -0.160851
6 64 0 8 -0.161248
71 82 0 8 -0.163860
44 56 0 8 -0.163924
36 72 0 8 -0.164637
73 80 0 8 -0.165441
40 69 0 8 -0.165873
57 88 0 8 -0.166219
53 78 0 8 -0.166251
59 64 0 8 -0.166575
31 52 0 8 -0.167278
15 57 0 8 -0.168045
71 84 0 8 -0.168317
30 52 0 8 -0.168456
41 49 0 8 -0.168563
62 77 0 8 -0.169445
57 84 0 8 -0.169449
41 80 0 8 -0.169718
25 68 0 8 -0.170721
4 90 0 8 -0.171346
21 31 0 8 -0.171508
55 96 0 8 -0.171534
9 74 0 8 -0.171609
65 81 0 8 -0.171981
49 90 0 8 -0.172220
2 95 0 8 -0.172821
12 91 0 8 -0.174130
16 90 0 8 -0.174485
1 66 0 8 -0.175227
62 84 0 8 -0.175662
9 73 0 8 -0.176007
17 75 0 8 -0.176154
6 17 0 8 -0.176232
21 61 0 8 -0.176280
5 42 0 8 -0.177155
17 32 0 8 -0.177468
52 81 0 8 -0.177499
57 73 0 8 -0.177548
9 94 0 8 -0.178545
26 96 0 8 -0.178606
3 20 0 8 -0.178631
25 56 0 8 -0.179626
28 75 0 8 -0.179936
31 49 0 8 -0.180462
28 74 0 8 -0.181179
22 52 0 8 -0.181265
63 77 0 8 -0.181515
23 37 0 8 -0.182220
7 49 0 8 -0.182241
59 82 0 8 -0.182261
2 74 0 8 -0.182701
37 51 0 8 -0.183327
1 77 0 8 -0.183369
5 68 0 8 -0.183405
1 21 0 8 -0.183626
35 68 0 8 -0.183937
1 99 0 8 -0.184551
27 49 0 8 -0.184626
35 89 0 8 -0.184691
33 67 0 8 -0.184766
24 95 0 8 -0.185277
61 89 0 8 -0.185475
46 67 0 8 -0.185635
2 62 0 8 -0.185790
15 20 0 8 -0.185961
39 79 0 8 -0.186037
17 53 0 8 -0.187343
10 26 0 8 -0.187922
66 83 0 8 -0.188007
1 98 0 8 -0.188928
8 83 0 8 -0.189042
1 88 0 8 -0.189128
24 48 0 8 -0.189139
50 92 0 8 -0.189291
9 24 0 8 -0.189480
28 80 0 8 -0.189944
1 28 0 8 -0.190155
18 28 0 8 -0.190800
51 85 0 8 -0.190826
44 92 0 8 -0.190915
19 51 0 8 -0.190979
1 70 0 8 -0.191175
56 63 0 8 -0.191322
51 79 0 8 -0.192010
9 78 0 8 -0.192091
20 45 0 8 -0.192245
2 48 0 8 -0.192284
54 79 0 8 -0.192742
14 57 0 8 -0.193141
30 49 0 8 -0.193224
53 92 0 8 -0.193382
27 32 0 8 -0.193602
32 85 0 8 -0.194504
46 93 0 8 -0.196708
24 47 0 8 -0.196733
9 21 0 8 -0.196803
14 56 0 8 -0.197485
9 80 0 8 -0.197938
26 42 0 8 -0.198452
67 92 0 8 -0.199004
27 73 0 8 -0.199569
5 24 0 8 -0.200390
1 10 0 8 -0.200772
59 70 0 8 -0.200967
2 92 0 8 -0.201106
84 96 0 8 -0.201152
35 76 0 8 -0.202355
36 67 0 8 -0.202481
24 69 0 8 -0.202547
20 66 0 8 -0.202783
33 87 0 8 -0.202832
9 91 0 8 -0.203133
28 92 0 8 -0.203258
8 28 0 8 -0.203434
1 17 0 8 -0.203766
10 98 0 8 -0.203776
37 62 0 8 -0.204307
22 34 0 8 -0.204450
41 89 0 8 -0.204570
8 97 0 8 -0.205144
37 79 0 8 -0.205490
47 81 0 8 -0.205591
14 49 0 8 -0.206513
68 79 0 8 -0.206728
10 20 0 8 -0.207627
40 77 0 8 -0.207788
28 97 0 8 -0.208516
16 81 0 8 -0.209493
39 73 0 8 -0.210067
2 75 0 8 -0.210127
22 55 0 8 -0.211164
14 69 0 8 -0.211323
16 73 0 8 -0.211446
20 88 0 8 -0.211662
8 62 0 8 -0.211743
1 65 0 8 -0.212116
21 82 0 8 -0.212171
86 91 0 8 -0.212768
27 34 0 8 -0.212812
65 84 0 8 -0.213388
38 92 0 8 -0.213868
12 20 0 8 -0.214570
92 97 0 8 -0.215124
21 32 0 8 -0.215699
7 78 0 8 -0.216121
2 13 0 8 -0.216389
17 42 0 8 -0.216417
4 28 0 8 -0.217138
9 86 0 8 -0.217187
37 68 0 8 -0.217483
24 44 0 8 -0.217722
21 73 0 8 -0.218275
13 19 0 8 -0.218545
24 67 0 8 -0.218853
38 78 0 8 -0.218934
43 86 0 8 -0.219138
5 51 0 8 -0.220258
40 94 0 8 -0.220323
7 14 0 8 -0.220635
58 82 0 8 -0.220818
45 51 0 8 -0.221178
24 42 0 8 -0.221205
3 44 0 8 -0.221573
15 62 0 8 -0.221945
22 62 0 8 -0.223302
9 50 0 8 -0.223394
25 67 0 8 -0.223431
37 43 0 8 -0.223523
12 44 0 8 -0.224246
69 86 0 8 -0.224682
19 40 0 8 -0.225647
17 88 0 8 -0.226048
24 80 0 8 -0.226183
31 98 0 8 -0.226194
40 79 0 8 -0.226818
18 70 0 8 -0.227416
21 30 0 8 -0.227724
69 84 0 8 -0.228245
52 89 0 8 -0.228294
9 68 0 8 -0.228443
19 65 0 8 -0.229344
20 25 0 8 -0.229934
16 53 0 8 -0.230878
36 97 0 8 -0.232322
28 48 0 8 -0.232573
8 78 0 8 -0.233259
8 27 0 8 -0.233710
67 94 0 8 -0.234684
50 94 0 8 -0.235101
22 47 0 8 -0.235236
6 43 0 8 -0.236086
10 90 0 8 -0.236131
86 98 0 8 -0.236865
4 15 0 8 -0.237018
21 49 0 8 -0.237238
12 24 0 8 -0.237600
2 37 0 8 -0.237886
46 76 0 8 -0.238128
28 94 0 8 -0.238572
35 85 0 8 -0.239175
26 86 0 8 -0.239372
14 61 0 8 -0.239658
74 99 0 8 -0.240084
33 92 0 8 -0.240318
7 82 0 8 -0.240326
16 43 0 8 -0.240343
10 37 0 8 -0.240810
62 90 0 8 -0.240924
78 95 0 8 -0.240933
11 99 0 8 -0.240956
7 63 0 8 -0.242817
42 59 0 8 -0.243184
21 63 0 8 -0.243266
47 87 0 8 -0.245241
26 53 0 8 -0.245518
18 74 0 8 -0.245585
25 95 0 8 -0.245900
22 98 0 8 -0.247321
22 40 0 8 -0.247338
9 25 0 8 -0.247829
2 71 0 8 -0.248192
45 71 0 8 -0.248401
46 98 0 8 -0.248896
8 61 0 8 -0.248917
28 59 0 8 -0.248978
25 91 0 8 -0.249014
1 9 0 8 -0.249764
8 45 0 8 -0.249883
8 51 0 8 -0.250602
26 70 0 8 -0.251346
6 66 0 8 -0.251365
3 96 0 8 -0.251433
31 58 0 8 -0.251607
58 63 0 8 -0.252106
8 99 0 8 -0.252370
24 89 0 8 -0.252743
14 73 0 8 -0.252809
20 74 0 8 -0.252878
15 72 0 8 -0.252987
30 63 0 8 -0.253037
21 94 0 8 -0.253085
56 68 0 8 -0.253807
18 67 0 8 -0.254194
84 97 0 8 -0.255078
4 81 0 8 -0.255726
4 19 0 8 -0.255756
6 79 0 8 -0.256125
14 35 0 8 -0.257010
24 43 0 8 -0.258594
28 49 0 8 -0.258923
29 85 0 8 -0.259427
9 56 0 8 -0.260390
38 74 0 8 -0.260689
60 76 0 8 -0.260966
80 86 0 8 -0.261057
6 60 0 8 -0.261838
6 87 0 8 -0.262684
12 60 0 8 -0.263486
19 57 0 8 -0.263698
47 66 0 8 -0.264032
43 59 0 8 -0.264430
34 56 0 8 -0.265188
60 96 0 8 -0.265682
88 98 0 8 -0.266147
12 63 0 8 -0.266527
24 51 0 8 -0.267599
47 95 0 8 -0.267827
6 98 0 8 -0.268433
1 22 0 8 -0.268681
80 99 0 8 -0.268704
42 70 0 8 -0.268780
76 94 0 8 -0.268910
9 18 0 8 -0.270496
70 77 0 8 -0.270844
40 98 0 8 -0.271165
24 66 0 8 -0.271218
6 84 0 8 -0.271939
13 25 0 8 -0.272634
5 53 0 8 -0.272770
37 97 0 8 -0.273979
4 24 0 8 -0.274102
54 88 0 8 -0.274230
43 60 0 8 -0.274629
33 98 0 8 -0.274675
12 59 0 8 -0.275183
3 61 0 8 -0.275342
1 43 0 8 -0.276374
6 89 0 8 -0.276528
17 74 0 8 -0.277674
10 66 0 8 -0.278060
8 37 0 8 -0.278219
1 34 0 8 -0.281197
73 87 0 8 -0.282036
37 58 0 8 -0.282520
5 91 0 8 -0.282708
9 92 0 8 -0.284128
4 57 0 8 -0.284207
57 71 0 8 -0.284323
51 71 0 8 -0.284392
36 61 0 8 -0.284596
85 92 0 8 -0.284775
34 78 0 8 -0.284954
41 60 0 8 -0.285105
55 66 0 8 -0.285392
2 85 0 8 -0.285728
40 62 0 8 -0.286311
10 27 0 8 -0.286656
19 74 0 8 -0.286726
32 82 0 8 -0.287074
53 79 0 8 -0.287490
57 68 0 8 -0.287794
13 18 0 8 -0.287965
3 57 0 8 -0.288280
37 69 0 8 -0.288498
10 64 0 8 -0.288805
15 87 0 8 -0.290026
71 76 0 8 -0.290134
1 62 0 8 -0.290250
52 72 0 8 -0.290295
51 61 0 8 -0.290368
19 49 0 8 -0.291160
25 41 0 8 -0.291334
4 63 0 8 -0.291588
7 66 0 8 -0.292115
2 12 0 8 -0.292320
27 98 0 8 -0.292327
3 34 0 8 -0.292663
19 61 0 8 -0.292729
30 57 0 8 -0.293315
46 91 0 8 -0.293793
4 22 0 8 -0.293988
4 92 0 8 -0.294110
4 18 0 8 -0.294188
6 94 0 8 -0.294429
5 98 0 8 -0.294859
9 14 0 8 -0.296766
2 26 0 8 -0.296925
30 39 0 8 -0.296927
35 43 0 8 -0.297455
60 88 0 8 -0.297726
58 96 0 8 -0.298300
33 68 0 8 -0.298769
19 75 0 8 -0.299983
40 71 0 8 -0.301948
13 33 0 8 -0.302452
43 92 0 8 -0.302706
56 99 0 8 -0.303405
23 48 0 8 -0.303490
7 91 0 8 -0.303689
58 67 0 8 -0.303710
53 67 0 8 -0.305175
20 51 0 8 -0.305396
24 50 0 8 -0.305671
32 59 0 8 -0.306040
49 98 0 8 -0.306384
23 36 0 8 -0.306465
25 39 0 8 -0.306666
4 68 0 8 -0.306933
26 52 0 8 -0.307362
5 43 0 8 -0.307558
36 57 0 8 -0.307608
10 94 0 8 -0.307929
15 60 0 8 -0.307992
6 37 0 8 -0.308127
13 67 0 8 -0.308139
40 67 0 8 -0.308541
36 74 0 8 -0.308760
25 47 0 8 -0.309010
1 87 0 8 -0.309773
62 92 0 8 -0.310535
45 83 0 8 -0.310730
43 57 0 8 -0.310762
68 78 0 8 -0.310787
7 42 0 8 -0.311205
1 61 0 8 -0.311503
10 43 0 8 -0.311788
78 93 0 8 -0.311809
28 88 0 8 -0.312028
48 58 0 8 -0.312068
61 92 0 8 -0.312187
13 92 0 8 -0.312330
1 96 0 8 -0.312765
19 37 0 8 -0.313315
56 70 0 8 -0.313374
5 54 0 8 -0.313461
20 78 0 8 -0.313557
70 84 0 8 -0.313874
1 15 0 8 -0.314488
12 29 0 8 -0.314852
7 87 0 8 -0.315446
67 96 0 8 -0.317020
34 54 0 8 -0.317025
47 96 0 8 -0.317493
3 58 0 8 -0.318082
14 43 0 8 -0.319327
59 98 0 8 -0.319500
64 93 0 8 -0.320068
11 27 0 8 -0.320694
79 92 0 8 -0.320937
33 52 0 8 -0.320988
25 75 0 8 -0.321029
30 48 0 8 -0.321541
68 92 0 8 -0.321838
8 17 0 8 -0.322096
42 52 0 8 -0.322099
47 88 0 8 -0.322223
37 67 0 8 -0.322248
33 78 0 8 -0.322623
31 86 0 8 -0.322685
15 55 0 8 -0.322713
20 44 0 8 -0.322725
10 88 0 8 -0.322795
79 96 0 8 -0.323303
21 33 0 8 -0.323443
16 82 0 8 -0.323511
9 43 0 8 -0.324427
28 51 0 8 -0.324439
3 89 0 8 -0.324863
22 35 0 8 -0.324937
69 97 0 8 -0.325210
60 95 0 8 -0.325866
23 81 0 8 -0.326169
37 59 0 8 -0.326683
27 99 0 8 -0.327201
24 52 0 8 -0.327327
20 91 0 8 -0.327484
49 60 0 8 -0.327679
14 41 0 8 -0.328212
24 46 0 8 -0.328750
66 98 0 8 -0.329221
15 84 0 8 -0.329267
24 32 0 8 -0.329673
32 75 0 8 -0.329839
58 99 0 8 -0.329925
1 86 0 8 -0.330018
84 99 0 8 -0.330169
20 33 0 8 -0.330246
9 96 0 8 -0.330288
23 49 0 8 -0.330907
12 69 0 8 -0.331010
1 51 0 8 -0.331235
84 93 0 8 -0.331302
56 66 0 8 -0.331472
51 99 0 8 -0.331515
75 88 0 8 -0.331901
8 47 0 8 -0.332053
63 91 0 8 -0.332302
12 71 0 8 -0.332650
21 41 0 8 -0.333123
54 62 0 8 -0.333210
55 79 0 8 -0.333236
66 92 0 8 -0.335481
68 75 0 8 -0.336033
38 58 0 8 -0.336435
11 56 0 8 -0.337050
59 85 0 8 -0.337228
9 69 0 8 -0.337263
16 97 0 8 -0.337478
13 30 0 8 -0.337535
28 50 0 8 -0.337755
2 98 0 8 -0.337858
43 82 0 8 -0.338235
21 90 0 8 -0.338340
7 94 0 8 -0.338447
51 97 0 8 -0.338493
4 45 0 8 -0.338635
72 99 0 8 -0.338740
10 85 0 8 -0.338890
53 82 0 8 -0.339314
35 87 0 8 -0.339565
56 91 0 8 -0.339602
20 68 0 8 -0.339771
49 92 0 8 -0.339969
5 33 0 8 -0.340022
2 61 0 8 -0.340410
72 98 0 8 -0.340423
66 86 0 8 -0.340602
1 67 0 8 -0.340811
42 68 0 8 -0.341194
20 67 0 8 -0.341293
68 87 0 8 -0.341657
9 99 0 8 -0.341777
7 92 0 8 -0.342242
10 15 0 8 -0.342843
54 71 0 8 -0.342967
24 60 0 8 -0.343009
12 78 0 8 -0.343038
32 76 0 8 -0.343307
17 61 0 8 -0.343654
10 21 0 8 -0.343692
30 67 0 8 -0.343884
49 97 0 8 -0.344162
24 35 0 8 -0.345143
16 55 0 8 -0.345241
27 87 0 8 -0.345294
18 44 0 8 -0.345600
16 37 0 8 -0.345887
30 54 0 8 -0.345889
74 92 0 8 -0.346337
26 98 0 8 -0.346566
26 59 0 8 -0.346803
40 92 0 8 -0.346932
1 44 0 8 -0.347772
7 62 0 8 -0.347998
73 78 0 8 -0.348046
61 85 0 8 -0.348534
18 24 0 8 -0.349510
26 46 0 8 -0.349960
36 83 0 8 -0.350110
93 98 0 8 -0.350659
26 89 0 8 -0.351091
18 72 0 8 -0.351913
4 66 0 8 -0.352046
6 56 0 8 -0.352528
44 84 0 8 -0.353336
2 25 0 8 -0.353561
33 76 0 8 -0.355136
29 66 0 8 -0.355540
17 48 0 8 -0.355549
29 87 0 8 -0.355639
46 90 0 8 -0.355844
69 87 0 8 -0.355946
25 98 0 8 -0.356001
49 85 0 8 -0.356461
73 94 0 8 -0.356860
48 86 0 8 -0.357550
39 53 0 8 -0.357583
26 37 0 8 -0.357731
6 36 0 8 -0.359030
37 53 0 8 -0.359452
11 87 0 8 -0.360085
58 93 0 8 -0.360545
35 81 0 8 -0.360604
6 11 0 8 -0.361296
20 43 0 8 -0.361590
39 72 0 8 -0.363480
7 64 0 8 -0.363681
78 85 0 8 -0.364239
54 61 0 8 -0.364795
9 26 0 8 -0.364875
41 62 0 8 -0.365175
24 54 0 8 -0.365584
38 56 0 8 -0.365969
18 91 0 8 -0.366161
57 92 0 8 -0.366242
59 99 0 8 -0.366836
36 51 0 8 -0.366917
5 92 0 8 -0.367206
6 14 0 8 -0.367487
9 28 0 8 -0.368182
32 48 0 8 -0.368437
25 70 0 8 -0.368854
34 91 0 8 -0.369685
16 80 0 8 -0.369735
7 40 0 8 -0.369864
38 61 0 8 -0.370139
25 84 0 8 -0.370389
4 75 0 8 -0.371173
64 98 0 8 -0.371761
11 17 0 8 -0.371913
34 89 0 8 -0.372176
8 98 0 8 -0.372911
70 98 0 8 -0.372944
24 41 0 8 -0.373477
42 87 0 8 -0.373519
10 99 0 8 -0.373569
23 38 0 8 -0.373677
48 81 0 8 -0.374552
21 52 0 8 -0.374793
66 95 0 8 -0.375100
38 59 0 8 -0.375122
43 72 0 8 -0.375203
18 53 0 8 -0.375220
81 89 0 8 -0.375270
6 46 0 8 -0.375656
46 87 0 8 -0.375810
4 37 0 8 -0.376067
58 78 0 8 -0.376964
11 54 0 8 -0.377767
3 37 0 8 -0.378087
9 63 0 8 -0.378635
70 94 0 8 -0.378774
86 92 0 8 -0.379209
10 22 0 8 -0.379800
76 84 0 8 -0.379991
59 92 0 8 -0.380557
11 58 0 8 -0.380693
1 11 0 8 -0.381464
61 83 0 8 -0.382466
34 57 0 8 -0.382592
24 53 0 8 -0.382635
32 55 0 8 -0.382728
24 31 0 8 -0.382794
37 50 0 8 -0.382920
45 87 0 8 -0.383009
9 76 0 8 -0.383697
7 98 0 8 -0.383829
76 92 0 8 -0.383965
52 83 0 8 -0.384138
41 56 0 8 -0.384347
8 66 0 8 -0.384453
12 50 0 8 -0.384772
3 29 0 8 -0.384830
23 43 0 8 -0.385135
64 99 0 8 -0.386659
1 27 0 8 -0.386662
67 76 0 8 -0.387046
66 73 0 8 -0.387289
77 88 0 8 -0.387460
28 62 0 8 -0.387541
15 24 0 8 -0.387802
8 84 0 8 -0.387875
25 35 0 8 -0.388372
67 97 0 8 -0.388773
52 70 0 8 -0.388880
6 78 0 8 -0.389879
44 90 0 8 -0.390297
78 97 0 8 -0.391379
20 98 0 8 -0.391545
10 33 0 8 -0.391562
58 87 0 8 -0.391820
25 54 0 8 -0.391969
30 75 0 8 -0.392231
69 75 0 8 -0.392290
2 56 0 8 -0.392640
77 92 0 8 -0.392854
11 78 0 8 -0.392915
24 64 0 8 -0.393214
6 72 0 8 -0.394691
35 49 0 8 -0.394720
12 72 0 8 -0.394833
28 55 0 8 -0.395100
26 35 0 8 -0.395343
42 71 0 8 -0.395626
78 96 0 8 -0.395654
64 84 0 8 -0.395679
56 69 0 8 -0.396114
13 28 0 8 -0.396115
59 75 0 8 -0.397325
5 93 0 8 -0.397614
30 86 0 8 -0.397676
32 98 0 8 -0.397929
5 76 0 8 -0.398119
31 76 0 8 -0.398393
32 37 0 8 -0.398500
51 92 0 8 -0.399115
13 41 0 8 -0.399120
5 50 0 8 -0.399157
11 77 0 8 -0.399867
24 45 0 8 -0.400262
2 73 0 8 -0.400450
54 94 0 8 -0.400927
18 34 0 8 -0.400930
58 94 0 8 -0.401088
17 47 0 8 -0.401197
46 78 0 8 -0.401337
11 81 0 8 -0.401416
29 95 0 8 -0.402990
69 91 0 8 -0.403390
51 94 0 8 -0.403467
11 49 0 8 -0.404019
24 97 0 8 -0.404179
20 59 0 8 -0.405298
16 60 0 8 -0.405591
35 78 0 8 -0.405642
10 18 0 8 -0.407343
46 86 0 8 -0.407381
41 51 0 8 -0.408062
53 91 0 8 -0.408165
8 46 0 8 -0.408168
34 60 0 8 -0.408859
49 84 0 8 -0.408898
51 60 0 8 -0.409247
47 92 0 8 -0.409310
28 63 0 8 -0.409551
43 78 0 8 -0.409640
6 27 0 8 -0.409855
54 92 0 8 -0.410873
70 78 0 8 -0.411000
64 94 0 8 -0.411207
31 93 0 8 -0.411709
41 66 0 8 -0.412206
68 81 0 8 -0.412269
32 92 0 8 -0.413698
7 90 0 8 -0.414180
75 90 0 8 -0.414812
11 30 0 8 -0.414821
30 97 0 8 -0.416505
10 78 0 8 -0.416662
10 58 0 8 -0.416900
18 50 0 8 -0.416966
37 42 0 8 -0.417779
20 26 0 8 -0.418106
7 85 0 8 -0.419227
55 61 0 8 -0.419524
39 80 0 8 -0.419911
52 73 0 8 -0.420575
24 96 0 8 -0.420615
36 79 0 8 -0.421102
50 60 0 8 -0.421334
19 50 0 8 -0.421711
17 38 0 8 -0.421828
24 58 0 8 -0.422013
11 50 0 8 -0.422163
3 67 0 8 -0.422354
52 78 0 8 -0.422828
21 93 0 8 -0.422893
9 95 0 8 -0.423113
80 87 0 8 -0.423359
42 96 0 8 -0.423560
15 53 0 8 -0.423711
30 53 0 8 -0.423733
2 52 0 8 -0.423737
65 82 0 8 -0.423971
67 72 0 8 -0.424702
6 44 0 8 -0.425163
42 92 0 8 -0.425219
36 87 0 8 -0.425589
2 16 0 8 -0.425960
32 47 0 8 -0.426058
72 96 0 8 -0.426248
28 46 0 8 -0.428001
14 98 0 8 -0.428264
8 65 0 8 -0.428311
30 76 0 8 -0.429071
12 36 0 8 -0.429072
5 77 0 8 -0.429098
39 49 0 8 -0.429306
63 74 0 8 -0.429558
72 80 0 8 -0.431074
51 67 0 8 -0.431723
5 32 0 8 -0.431727
1 41 0 8 -0.431793
30 87 0 8 -0.432455
76 99 0 8 -0.432667
45 82 0 8 -0.432768
48 92 0 8 -0.434976
72 92 0 8 -0.435314
38 47 0 8 -0.435565
4 58 0 8 -0.435845
69 99 0 8 -0.436493
30 70 0 8 -0.436861
29 94 0 8 -0.437100
10 70 0 8 -0.437698
69 78 0 8 -0.437984
25 45 0 8 -0.438464
41 99 0 8 -0.439284
10 44 0 8 -0.439572
45 59 0 8 -0.439809
54 86 0 8 -0.440261
7 28 0 8 -0.440424
20 57 0 8 -0.440658
9 82 0 8 -0.440891
58 81 0 8 -0.441114
11 72 0 8 -0.441204
19 84 0 8 -0.441213
13 56 0 8 -0.441285
73 98 0 8 -0.441606
58 95 0 8 -0.442672
58 77 0 8 -0.442807
1 73 0 8 -0.443231
83 94 0 8 -0.443400
26 57 0 8 -0.444370
37 82 0 8 -0.444475
3 87 0 8 -0.444542
21 71 0 8 -0.445248
1 50 0 8 -0.445898
72 85 0 8 -0.446647
41 72 0 8 -0.446839
28 95 0 8 -0.447733
55 62 0 8 -0.448186
41 94 0 8 -0.448609
27 52 0 8 -0.449906
33 55 0 8 -0.450002
21 83 0 8 -0.450004
25 69 0 8 -0.450062
74 97 0 8 -0.450530
14 99 0 8 -0.450579
1 53 0 8 -0.450633
68 94 0 8 -0.451204
11 22 0 8 -0.451352
12 30 0 8 -0.452015
7 56 0 8 -0.452022
12 27 0 8 -0.452287
58 92 0 8 -0.452818
31 51 0 8 -0.453086
24 63 0 8 -0.453870
41 54 0 8 -0.453995
2 40 0 8 -0.454216
52 94 0 8 -0.454741
6 20 0 8 -0.454903
10 25 0 8 -0.455126
10 53 0 8 -0.456694
37 77 0 8 -0.457040
32 67 0 8 -0.457387
26 43 0 8 -0.457720
46 62 0 8 -0.458019
24 59 0 8 -0.458744
1 49 0 8 -0.459005
72 78 0 8 -0.459124
47 97 0 8 -0.459215
5 37 0 8 -0.459379
63 92 0 8 -0.460254
19 48 0 8 -0.460443
24 30 0 8 -0.460634
84 95 0 8 -0.460734
66 71 0 8 -0.460833
10 61 0 8 -0.461038
18 46 0 8 -0.461662
6 39 0 8 -0.462617
32 40 0 8 -0.462666
78 91 0 8 -0.463385
57 78 0 8 -0.463541
93 99 0 8 -0.464089
39 77 0 8 -0.464356
50 79 0 8 -0.464383
19 36 0 8 -0.464407
22 92 0 8 -0.464554
77 86 0 8 -0.464642
58 66 0 8 -0.464730
8 43 0 8 -0.466638
53 90 0 8 -0.466839
24 62 0 8 -0.466857
22 53 0 8 -0.466978
20 94 0 8 -0.467437
17 98 0 8 -0.467906
20 35 0 8 -0.468113
2 59 0 8 -0.468748
9 87 0 8 -0.468960
34 84 0 8 -0.469566
30 40 0 8 -0.470025
56 72 0 8 -0.470284
6 91 0 8 -0.470337
17 34 0 8 -0.471025
7 80 0 8 -0.471348
81 91 0 8 -0.471420
13 42 0 8 -0.471642
23 83 0 8 -0.471685
59 78 0 8 -0.472284
21 76 0 8 -0.473007
9 36 0 8 -0.473060
71 92 0 8 -0.473420
3 63 0 8 -0.473544
9 61 0 8 -0.473700
6 51 0 8 -0.474738
75 95 0 8 -0.475268
9 53 0 8 -0.475455
49 95 0 8 -0.475796
23 34 0 8 -0.475845
25 78 0 8 -0.475936
32 91 0 8 -0.477083
14 74 0 8 -0.477311
46 95 0 8 -0.478130
13 79 0 8 -0.478967
78 99 0 8 -0.479066
59 68 0 8 -0.480337
26 85 0 8 -0.480693
51 69 0 8 -0.481185
65 92 0 8 -0.481499
13 94 0 8 -0.481508
55 67 0 8 -0.483430
56 67 0 8 -0.483638
39 64 0 8 -0.484355
22 90 0 8 -0.485049
27 83 0 8 -0.485091
1 72 0 8 -0.486016
5 11 0 8 -0.486108
16 79 0 8 -0.486273
19 26 0 8 -0.487390
41 92 0 8 -0.487843
10 35 0 8 -0.487983
36 48 0 8 -0.488099
12 67 0 8 -0.488368
4 14 0 8 -0.490726
59 94 0 8 -0.490758
36 75 0 8 -0.490910
9 37 0 8 -0.491246
9 60 0 8 -0.491967
14 67 0 8 -0.492042
9 27 0 8 -0.492066
37 85 0 8 -0.492119
10 73 0 8 -0.493093
18 92 0 8 -0.493393
87 99 0 8 -0.494771
47 94 0 8 -0.495563
60 92 0 8 -0.496086
53 74 0 8 -0.496134
4 84 0 8 -0.496763
55 71 0 8 -0.497089
8 93 0 8 -0.497521
27 45 0 8 -0.497689
14 54 0 8 -0.498146
19 35 0 8 -0.498646
58 75 0 8 -0.499658
1 64 0 8 -0.500367
49 99 0 8 -0.500623
69 77 0 8 -0.500769
42 86 0 8 -0.501680
49 69 0 8 -0.502231
25 37 0 8 -0.502283
44 74 0 8 -0.502426
6 86 0 8 -0.502850
37 86 0 8 -0.502962
35 56 0 8 -0.504677
14 95 0 8 -0.505446
53 86 0 8 -0.505969
1 80 0 8 -0.506660
13 46 0 8 -0.506750
10 89 0 8 -0.506823
19 47 0 8 -0.507034
1 71 0 8 -0.507548
14 53 0 8 -0.507718
77 91 0 8 -0.507748
19 28 0 8 -0.508362
20 29 0 8 -0.508988
66 87 0 8 -0.509199
66 93 0 8 -0.509528
53 87 0 8 -0.510304
15 36 0 8 -0.510357
13 24 0 8 -0.510561
8 53 0 8 -0.510725
4 48 0 8 -0.510910
19 55 0 8 -0.510972
32 87 0 8 -0.512453
13 96 0 8 -0.513109
48 89 0 8 -0.513606
5 28 0 8 -0.513883
60 80 0 8 -0.514800
45 86 0 8 -0.515171
3 19 0 8 -0.515486
67 77 0 8 -0.515926
89 97 0 8 -0.518810
2 63 0 8 -0.519269
47 99 0 8 -0.519861
62 80 0 8 -0.520367
6 40 0 8 -0.520417
36 88 0 8 -0.520510
1 55 0 8 -0.520697
4 51 0 8 -0.520845
24 81 0 8 -0.521114
71 85 0 8 -0.521147
64 90 0 8 -0.521363
39 58 0 8 -0.521630
50 66 0 8 -0.521831
37 90 0 8 -0.523185
4 93 0 8 -0.523512
1 40 0 8 -0.523696
6 96 0 8 -0.524010
49 76 0 8 -0.524166
5 56 0 8 -0.524482
57 94 0 8 -0.524528
19 60 0 8 -0.525996
74 84 0 8 -0.526077
7 33 0 8 -0.526187
4 50 0 8 -0.526735
61 94 0 8 -0.526868
29 54 0 8 -0.527112
20 55 0 8 -0.527809
16 98 0 8 -0.527894
34 93 0 8 -0.528125
31 48 0 8 -0.528929
13 55 0 8 -0.530293
19 77 0 8 -0.530356
16 70 0 8 -0.530789
70 86 0 8 -0.531037
16 78 0 8 -0.531431
54 68 0 8 -0.531457
48 62 0 8 -0.531690
46 58 0 8 -0.532163
24 83 0 8 -0.532261
7 17 0 8 -0.532334
57 72 0 8 -0.532556
74 86 0 8 -0.532792
16 28 0 8 -0.532905
54 78 0 8 -0.536247
50 82 0 8 -0.536537
1 45 0 8 -0.536609
21 37 0 8 -0.537215
12 61 0 8 -0.537315
27 60 0 8 -0.537440
11 60 0 8 -0.537584
29 49 0 8 -0.537953
70 92 0 8 -0.538405
5 63 0 8 -0.538423
80 93 0 8 -0.538445
36 86 0 8 -0.539136
34 80 0 8 -0.539161
27 58 0 8 -0.539172
5 61 0 8 -0.539350
39 82 0 8 -0.539634
32 45 0 8 -0.539842
90 99 0 8 -0.540134
15 74 0 8 -0.540320
41 75 0 8 -0.540368
70 96 0 8 -0.540501
76 82 0 8 -0.540505
2 14 0 8 -0.542608
20 80 0 8 -0.542939
16 74 0 8 -0.543292
20 52 0 8 -0.543410
28 66 0 8 -0.543480
43 67 0 8 -0.543519
51 62 0 8 -0.543628
24 79 0 8 -0.543825
14 55 0 8 -0.544217
3 50 0 8 -0.544297
41 53 0 8 -0.544445
60 98 0 8 -0.544782
27 79 0 8 -0.545094
59 80 0 8 -0.545426
56 98 0 8 -0.545555
15 56 0 8 -0.547172
31 50 0 8 -0.547321
18 45 0 8 -0.548082
2 36 0 8 -0.548835
57 70 0 8 -0.549424
37 96 0 8 -0.549541
15 33 0 8 -0.550195
37 57 0 8 -0.550915
10 69 0 8 -0.552044
8 57 0 8 -0.553465
13 87 0 8 -0.553859
13 57 0 8 -0.554014
37 46 0 8 -0.554522
58 73 0 8 -0.555250
16 33 0 8 -0.555282
37 56 0 8 -0.555445
44 87 0 8 -0.555926
3 23 0 8 -0.557409
53 76 0 8 -0.557431
32 83 0 8 -0.557654
51 70 0 8 -0.558132
31 94 0 8 -0.558141
62 98 0 8 -0.558443
24 85 0 8 -0.558588
37 63 0 8 -0.558939
41 86 0 8 -0.559046
9 89 0 8 -0.559352
48 84 0 8 -0.560635
75 96 0 8 -0.561145
2 82 0 8 -0.561581
1 69 0 8 -0.561927
57 74 0 8 -0.562598
55 84 0 8 -0.562650
45 62 0 8 -0.563555
22 54 0 8 -0.563641
12 39 0 8 -0.564038
35 71 0 8 -0.564165
9 46 0 8 -0.564989
54 90 0 8 -0.565102
8 29 0 8 -0.565295
8 94 0 8 -0.565790
10 97 0 8 -0.565950
64 79 0 8 -0.565966
55 76 0 8 -0.566090
29 97 0 8 -0.566325
36 94 0 8 -0.566462
37 64 0 8 -0.567092
70 87 0 8 -0.567365
63 88 0 8 -0.568659
7 53 0 8 -0.568666
66 74 0 8 -0.569994
28 98 0 8 -0.570342
36 49 0 8 -0.570829
24 40 0 8 -0.570968
67 80 0 8 -0.571546
87 93 0 8 -0.572171
23 54 0 8 -0.572395
61 78 0 8 -0.573698
62 88 0 8 -0.573933
32 52 0 8 -0.574538
16 25 0 8 -0.574912
53 85 0 8 -0.574918
64 75 0 8 -0.576343
21 39 0 8 -0.576407
31 43 0 8 -0.577267
8 90 0 8 -0.577545
13 32 0 8 -0.577596
54 91 0 8 -0.577624
53 95 0 8 -0.577676
52 90 0 8 -0.577911
7 84 0 8 -0.578058
18 58 0 8 -0.578204
62 78 0 8 -0.580480
19 78 0 8 -0.581035
2 28 0 8 -0.581256
2 51 0 8 -0.581713
2 64 0 8 -0.582569
61 81 0 8 -0.582954
90 98 0 8 -0.583028
47 65 0 8 -0.583469
37 47 0 8 -0.583623
29 74 0 8 -0.584130
9 49 0 8 -0.584171
57 69 0 8 -0.584504
35 69 0 8 -0.585163
2 21 0 8 -0.585519
34 92 0 8 -0.586017
48 91 0 8 -0.586424
6 55 0 8 -0.587140
56 78 0 8 -0.587732
19 94 0 8 -0.587862
15 22 0 8 -0.588094
18 37 0 8 -0.588359
10 39 0 8 -0.588434
44 89 0 8 -0.588804
22 32 0 8 -0.589169
18 69 0 8 -0.589298
10 82 0 8 -0.589397
7 81 0 8 -0.590126
42 98 0 8 -0.590127
26 56 0 8 -0.591372
40 48 0 8 -0.591662
56 83 0 8 -0.592481
38 44 0 8 -0.592756
20 49 0 8 -0.592852
10 93 0 8 -0.592995
44 80 0 8 -0.594508
62 95 0 8 -0.594708
75 83 0 8 -0.595452
45 57 0 8 -0.595547
14 40 0 8 -0.596474
18 78 0 8 -0.597173
43 64 0 8 -0.597463
34 74 0 8 -0.597493
10 52 0 8 -0.597684
35 40 0 8 -0.598026
7 69 0 8 -0.598562
13 65 0 8 -0.599278
10 60 0 8 -0.599383
1 29 0 8 -0.600222
65 77 0 8 -0.600414
55 94 0 8 -0.600928
52 76 0 8 -0.601587
12 99 0 8 -0.601594
37 70 0 8 -0.602673
8 82 0 8 -0.602777
8 42 0 8 -0.603411
80 96 0 8 -0.603929
2 46 0 8 -0.603985
23 72 0 8 -0.604060
25 38 0 8 -0.604217
63 87 0 8 -0.604430
67 83 0 8 -0.604789
13 90 0 8 -0.604806
4 16 0 8 -0.605542
2 50 0 8 -0.605975
10 72 0 8 -0.606022
40 78 0 8 -0.606905
8 74 0 8 -0.607663
39 65 0 8 -0.608070
10 41 0 8 -0.608255
20 89 0 8 -0.608645
8 56 0 8 -0.608860
24 86 0 8 -0.609197
16 66 0 8 -0.609227
74 87 0 8 -0.609630
9 55 0 8 -0.609701
10 80 0 8 -0.609719
67 81 0 8 -0.610346
12 74 0 8 -0.611238
10 29 0 8 -0.611926
80 91 0 8 -0.612675
2 32 0 8 -0.613175
17 37 0 8 -0.613844
47 63 0 8 -0.614183
8 64 0 8 -0.614525
31 45 0 8 -0.615368
83 97 0 8 -0.615517
13 77 0 8 -0.615772
57 98 0 8 -0.616519
22 78 0 8 -0.616854
58 91 0 8 -0.617234
28 44 0 8 -0.617251
4 47 0 8 -0.617873
32 63 0 8 -0.617938
3 66 0 8 -0.618832
17 51 0 8 -0.618879
21 97 0 8 -0.619672
49 70 0 8 -0.620098
5 84 0 8 -0.620224
13 37 0 8 -0.621257
16 68 0 8 -0.621351
48 69 0 8 -0.621487
13 21 0 8 -0.621529
19 72 0 8 -0.621893
24 88 0 8 -0.622139
64 87 0 8 -0.622283
62 79 0 8 -0.622570
11 53 0 8 -0.622836
15 41 0 8 -0.623421
17 78 0 8 -0.624147
31 46 0 8 -0.625962
14 36 0 8 -0.626521
33 47 0 8 -0.627086
79 84 0 8 -0.627610
49 83 0 8 -0.627966
11 86 0 8 -0.628187
6 59 0 8 -0.628705
34 98 0 8 -0.629449
6 34 0 8 -0.630135
7 32 0 8 -0.630210
69 98 0 8 -0.630767
47 78 0 8 -0.631073
18 73 0 8 -0.631487
42 99 0 8 -0.632559
55 86 0 8 -0.632921
5 58 0 8 -0.634568
36 98 0 8 -0.634701
29 47 0 8 -0.635020
65 98 0 8 -0.635182
10 57 0 8 -0.636043
52 93 0 8 -0.636250
61 80 0 8 -0.637123
37 55 0 8 -0.638091
83 99 0 8 -0.638379
55 85 0 8 -0.638565
15 88 0 8 -0.639035
9 47 0 8 -0.639054
40 81 0 8 -0.641319
13 69 0 8 -0.641626
55 83 0 8 -0.642382
12 47 0 8 -0.642933
16 71 0 8 -0.642981
41 95 0 8 -0.643099
4 64 0 8 -0.643679
42 58 0 8 -0.643763
73 99 0 8 -0.644382
18 29 0 8 -0.644828
23 78 0 8 -0.644887
15 98 0 8 -0.645042
52 71 0 8 -0.645242
30 35 0 8 -0.645518
63 75 0 8 -0.645521
9 19 0 8 -0.645859
35 84 0 8 -0.646262
3 95 0 8 -0.646946
70 75 0 8 -0.647189
9 72 0 8 -0.648047
55 91 0 8 -0.648259
14 64 0 8 -0.649056
17 67 0 8 -0.649432
49 67 0 8 -0.650325
75 82 0 8 -0.650693
1 25 0 8 -0.651724
7 86 0 8 -0.652112
23 51 0 8 -0.653726
3 16 0 8 -0.653774
37 89 0 8 -0.654214
4 96 0 8 -0.655330
13 29 0 8 -0.655345
20 31 0 8 -0.656616
28 86 0 8 -0.656756
36 52 0 8 -0.657140
64 81 0 8 -0.657232
5 49 0 8 -0.657863
13 95 0 8 -0.659186
69 94 0 8 -0.659423
46 94 0 8 -0.659665
26 62 0 8 -0.660657
23 61 0 8 -0.661861
2 41 0 8 -0.661915
76 87 0 8 -0.662373
8 59 0 8 -0.663847
10 56 0 8 -0.663870
19 86 0 8 -0.664136
41 85 0 8 -0.664598
26 60 0 8 -0.664926
36 55 0 8 -0.665130
54 98 0 8 -0.667187
37 80 0 8 -0.667834
51 91 0 8 -0.669806
4 38 0 8 -0.669823
30 55 0 8 -0.669879
12 19 0 8 -0.670065
7 47 0 8 -0.670482
37 88 0 8 -0.670815
27 40 0 8 -0.670894
81 86 0 8 -0.671064
20 46 0 8 -0.671660
1 30 0 8 -0.671683
17 76 0 8 -0.671954
5 79 0 8 -0.672380
50 75 0 8 -0.673227
15 34 0 8 -0.673742
34 72 0 8 -0.673797
31 87 0 8 -0.673872
51 84 0 8 -0.674119
1 63 0 8 -0.675763
1 79 0 8 -0.677160
63 94 0 8 -0.677924
61 67 0 8 -0.678528
37 44 0 8 -0.678721
21 48 0 8 -0.679467
37 60 0 8 -0.680138
26 72 0 8 -0.680747
58 80 0 8 -0.680908
22 38 0 8 -0.681256
49 74 0 8 -0.681317
52 75 0 8 -0.681617
75 84 0 8 -0.681809
27 69 0 8 -0.682017
63 84 0 8 -0.682638
51 75 0 8 -0.683183
3 21 0 8 -0.683591
29 42 0 8 -0.683787
51 93 0 8 -0.684143
36 84 0 8 -0.684766
44 54 0 8 -0.686201
73 91 0 8 -0.686283
26 49 0 8 -0.686342
7 20 0 8 -0.686362
51 86 0 8 -0.686933
51 95 0 8 -0.687602
70 80 0 8 -0.688440
1 90 0 8 -0.688507
8 85 0 8 -0.688768
26 84 0 8 -0.689652
43 97 0 8 -0.690477
65 87 0 8 -0.690621
60 69 0 8 -0.691118
55 99 0 8 -0.692735
9 75 0 8 -0.692762
78 90 0 8 -0.692774
32 96 0 8 -0.692908
61 69 0 8 -0.693432
37 73 0 8 -0.693902
5 65 0 8 -0.694457
20 85 0 8 -0.694866
15 37 0 8 -0.695025
33 56 0 8 -0.695488
74 94 0 8 -0.696557
12 68 0 8 -0.696806
17 96 0 8 -0.696849
2 35 0 8 -0.697631
2 29 0 8 -0.697754
3 52 0 8 -0.698432
19 54 0 8 -0.699207
3 43 0 8 -0.699847
8 39 0 8 -0.700090
25 60 0 8 -0.700462
40 49 0 8 -0.700634
22 80 0 8 -0.701773
56 86 0 8 -0.702267
27 42 0 8 -0.702347
15 68 0 8 -0.702507
85 94 0 8 -0.702985
46 89 0 8 -0.704058
14 42 0 8 -0.704387
42 49 0 8 -0.704471
19 80 0 8 -0.704522
12 46 0 8 -0.704628
16 31 0 8 -0.705373
28 61 0 8 -0.705446
11 65 0 8 -0.705760
7 38 0 8 -0.705873
59 76 0 8 -0.706652
54 76 0 8 -0.706958
11 55 0 8 -0.707292
15 78 0 8 -0.707375
23 89 0 8 -0.707832
31 67 0 8 -0.708911
5 48 0 8 -0.709865
7 97 0 8 -0.710651
8 71 0 8 -0.711363
61 99 0 8 -0.711782
31 71 0 8 -0.712058
32 77 0 8 -0.712415
72 81 0 8 -0.712457
15 75 0 8 -0.712496
18 60 0 8 -0.712923
14 22 0 8 -0.713607
26 58 0 8 -0.714403
65 78 0 8 -0.714768
60 72 0 8 -0.714794
77 87 0 8 -0.715008
9 23 0 8 -0.715234
60 82 0 8 -0.715410
68 91 0 8 -0.716163
59 87 0 8 -0.716662
54 97 0 8 -0.716770
42 64 0 8 -0.716943
69 90 0 8 -0.717353
74 81 0 8 -0.717355
37 93 0 8 -0.718288
41 50 0 8 -0.718662
14 46 0 8 -0.718788
6 93 0 8 -0.719166
58 71 0 8 -0.719175
32 78 0 8 -0.719532
27 91 0 8 -0.719610
52 91 0 8 -0.719845
10 62 0 8 -0.720617
63 76 0 8 -0.720633
13 74 0 8 -0.720705
46 88 0 8 -0.721858
17 31 0 8 -0.722194
21 59 0 8 -0.722212
2 57 0 8 -0.722235
66 89 0 8 -0.722569
60 81 0 8 -0.723947
49 71 0 8 -0.724613
22 57 0 8 -0.725108
80 88 0 8 -0.725291
75 94 0 8 -0.725546
14 70 0 8 -0.725564
41 84 0 8 -0.726253
65 79 0 8 -0.726873
29 45 0 8 -0.727503
1 23 0 8 -0.727840
2 79 0 8 -0.727973
11 88 0 8 -0.728043
5 29 0 8 -0.728288
50 77 0 8 -0.728812
23 59 0 8 -0.728991
32 54 0 8 -0.729972
26 66 0 8 -0.729976
20 71 0 8 -0.730629
43 68 0 8 -0.731470
20 41 0 8 -0.731556
14 27 0 8 -0.732027
39 93 0 8 -0.732083
17 83 0 8 -0.732397
23 56 0 8 -0.732443
21 42 0 8 -0.733156
15 96 0 8 -0.733507
2 54 0 8 -0.733750
82 93 0 8 -0.734420
16 72 0 8 -0.734595
66 90 0 8 -0.734894
42 54 0 8 -0.734900
33 49 0 8 -0.734946
9 66 0 8 -0.735738
60 79 0 8 -0.735772
11 76 0 8 -0.737193
68 76 0 8 -0.737776
5 94 0 8 -0.738116
14 21 0 8 -0.738855
38 51 0 8 -0.738979
35 98 0 8 -0.739235
49 80 0 8 -0.739413
7 55 0 8 -0.739678
55 90 0 8 -0.740173
53 88 0 8 -0.740296
23 91 0 8 -0.741875
8 55 0 8 -0.742235
31 99 0 8 -0.742454
4 60 0 8 -0.743411
37 54 0 8 -0.743993
48 94 0 8 -0.745525
20 53 0 8 -0.745737
10 23 0 8 -0.746285
2 89 0 8 -0.746384
28 45 0 8 -0.747514
65 90 0 8 -0.749696
69 95 0 8 -0.749931
19 52 0 8 -0.750053
2 90 0 8 -0.750378
3 68 0 8 -0.750773
36 47 0 8 -0.750926
8 60 0 8 -0.753254
22 94 0 8 -0.754149
68 74 0 8 -0.756115
23 33 0 8 -0.756414
54 81 0 8 -0.756505
5 90 0 8 -0.756906
48 66 0 8 -0.758024
81 97 0 8 -0.758273
21 68 0 8 -0.758480
30 58 0 8 -0.758543
8 44 0 8 -0.759086
13 84 0 8 -0.759234
27 95 0 8 -0.759931
19 56 0 8 -0.762838
26 91 0 8 -0.762981
8 34 0 8 -0.763671
36 56 0 8 -0.763918
1 93 0 8 -0.764119
62 87 0 8 -0.764345
63 81 0 8 -0.764667
44 63 0 8 -0.764733
7 46 0 8 -0.764762
58 84 0 8 -0.764825
4 85 0 8 -0.765718
11 51 0 8 -0.767681
62 74 0 8 -0.767688
30 96 0 8 -0.768437
13 66 0 8 -0.769052
53 72 0 8 -0.769124
28 58 0 8 -0.770089
33 82 0 8 -0.771189
49 77 0 8 -0.771384
25 90 0 8 -0.771754
34 42 0 8 -0.772829
43 83 0 8 -0.774612
29 36 0 8 -0.775594
49 65 0 8 -0.775630
14 82 0 8 -0.776842
59 84 0 8 -0.777515
47 89 0 8 -0.777589
60 89 0 8 -0.777757
63 78 0 8 -0.778001
3 76 0 8 -0.778679
33 51 0 8 -0.778688
64 77 0 8 -0.778925
36 46 0 8 -0.780014
20 38 0 8 -0.780366
15 77 0 8 -0.780427
6 52 0 8 -0.780497
23 39 0 8 -0.780742
67 88 0 8 -0.780775
10 47 0 8 -0.781301
2 17 0 8 -0.781954
5 73 0 8 -0.782350
9 83 0 8 -0.782999
13 43 0 8 -0.783122
1 42 0 8 -0.783223
45 53 0 8 -0.784036
63 99 0 8 -0.784097
20 84 0 8 -0.784631
12 95 0 8 -0.785495
38 91 0 8 -0.785645
10 95 0 8 -0.785800
5 47 0 8 -0.785990
61 74 0 8 -0.787704
3 55 0 8 -0.788601
76 83 0 8 -0.789055
6 33 0 8 -0.791089
28 57 0 8 -0.791468
25 64 0 8 -0.791791
63 72 0 8 -0.791957
7 39 0 8 -0.793824
57 77 0 8 -0.793960
40 59 0 8 -0.794028
60 84 0 8 -0.794388
45 91 0 8 -0.794848
34 87 0 8 -0.795666
54 99 0 8 -0.795823
2 76 0 8 -0.796110
38 95 0 8 -0.796272
19 91 0 8 -0.796413
18 57 0 8 -0.796436
17 99 0 8 -0.796827
27 80 0 8 -0.797166
44 83 0 8 -0.797861
7 41 0 8 -0.799383
14 71 0 8 -0.799833
26 36 0 8 -0.799860
22 42 0 8 -0.799901
53 80 0 8 -0.799963
15 80 0 8 -0.800996
16 75 0 8 -0.801835
2 38 0 8 -0.801840
9 52 0 8 -0.802201
14 60 0 8 -0.802640
73 96 0 8 -0.803853
40 52 0 8 -0.804214
82 87 0 8 -0.804379
32 43 0 8 -0.805012
51 77 0 8 -0.805939
2 43 0 8 -0.806345
69 82 0 8 -0.807250
31 42 0 8 -0.807685
13 51 0 8 -0.808501
3 80 0 8 -0.808652
25 99 0 8 -0.808743
22 81 0 8 -0.809044
27 85 0 8 -0.809344
50 81 0 8 -0.809920
42 55 0 8 -0.810259
6 77 0 8 -0.810837
25 85 0 8 -0.814235
64 78 0 8 -0.814242
8 23 0 8 -0.815230
16 88 0 8 -0.816148
64 86 0 8 -0.817080
8 14 0 8 -0.818348
46 61 0 8 -0.819253
9 62 0 8 -0.819644
17 91 0 8 -0.819870
16 42 0 8 -0.820021
44 64 0 8 -0.820186
7 29 0 8 -0.821589
15 65 0 8 -0.821644
90 96 0 8 -0.821759
39 71 0 8 -0.823130
7 51 0 8 -0.823616
25 48 0 8 -0.823972
61 95 0 8 -0.824321
13 53 0 8 -0.824683
63 96 0 8 -0.824996
42 73 0 8 -0.825055
31 40 0 8 -0.825585
50 99 0 8 -0.825940
16 63 0 8 -0.828503
51 76 0 8 -0.828796
14 51 0 8 -0.828875
36 66 0 8 -0.829924
17 79 0 8 -0.829976
21 45 0 8 -0.830351
50 61 0 8 -0.830665
21 87 0 8 -0.830971
49 96 0 8 -0.831378
43 91 0 8 -0.832502
43 58 0 8 -0.833637
43 94 0 8 -0.835027
20 39 0 8 -0.835342
4 61 0 8 -0.835660
30 41 0 8 -0.835814
37 95 0 8 -0.836225
33 61 0 8 -0.837203
64 82 0 8 -0.837810
22 86 0 8 -0.838042
52 74 0 8 -0.838049
23 44 0 8 -0.838305
6 82 0 8 -0.838902
46 84 0 8 -0.839714
63 90 0 8 -0.839956
49 88 0 8 -0.839967
27 90 0 8 -0.840874
31 54 0 8 -0.841592
13 82 0 8 -0.843516
3 35 0 8 -0.843726
33 45 0 8 -0.845195
37 65 0 8 -0.845353
41 74 0 8 -0.845546
20 87 0 8 -0.846034
14 32 0 8 -0.846091
26 87 0 8 -0.848852
23 58 0 8 -0.849210
19 44 0 8 -0.849385
19 38 0 8 -0.849666
44 76 0 8 -0.850762
43 95 0 8 -0.851094
3 71 0 8 -0.851625
42 84 0 8 -0.852192
47 71 0 8 -0.852508
38 50 0 8 -0.852598
13 40 0 8 -0.852853
3 26 0 8 -0.853354
46 99 0 8 -0.853385
57 97 0 8 -0.853945
45 65 0 8 -0.854182
58 68 0 8 -0.854198
38 84 0 8 -0.854210
6 75 0 8 -0.854316
7 77 0 8 -0.854581
13 98 0 8 -0.855061
72 90 0 8 -0.856005
14 77 0 8 -0.856187
40 54 0 8 -0.856540
41 90 0 8 -0.856914
30 38 0 8 -0.857589
59 69 0 8 -0.858135
2 86 0 8 -0.858539
51 74 0 8 -0.859883
2 60 0 8 -0.859915
45 69 0 8 -0.859971
42 94 0 8 -0.860224
27 36 0 8 -0.860661
46 82 0 8 -0.860892
29 40 0 8 -0.861417
13 78 0 8 -0.861465
18 35 0 8 -0.861806
32 79 0 8 -0.863101
16 76 0 8 -0.863381
12 49 0 8 -0.863834
82 91 0 8 -0.864359
84 89 0 8 -0.865167
56 79 0 8 -0.866112
40 68 0 8 -0.866985
18 27 0 8 -0.868301
37 76 0 8 -0.869426
38 73 0 8 -0.869716
34 46 0 8 -0.870120
2 93 0 8 -0.870937
57 99 0 8 -0.871053
47 70 0 8 -0.871737
46 73 0 8 -0.871772
49 86 0 8 -0.872007
28 37 0 8 -0.873267
30 84 0 8 -0.873311
8 69 0 8 -0.874002
47 85 0 8 -0.874486
48 67 0 8 -0.875359
15 63 0 8 -0.875895
32 80 0 8 -0.876391
53 68 0 8 -0.876406
23 84 0 8 -0.876791
13 97 0 8 -0.879483
13 89 0 8 -0.880394
33 69 0 8 -0.881427
14 39 0 8 -0.881835
14 65 0 8 -0.882584
47 77 0 8 -0.884051
74 83 0 8 -0.884242
54 66 0 8 -0.884275
67 90 0 8 -0.884577
43 74 0 8 -0.885109
28 42 0 8 -0.885293
12 48 0 8 -0.885662
18 87 0 8 -0.886201
25 94 0 8 -0.887545
72 87 0 8 -0.887747
5 20 0 8 -0.887776
91 96 0 8 -0.888123
45 97 0 8 -0.890198
41 57 0 8 -0.890697
23 87 0 8 -0.890840
48 72 0 8 -0.890960
69 85 0 8 -0.891792
25 55 0 8 -0.892523
3 54 0 8 -0.892667
50 91 0 8 -0.893128
65 70 0 8 -0.893544
49 82 0 8 -0.893607
53 63 0 8 -0.893870
17 97 0 8 -0.894695
4 88 0 8 -0.894987
62 94 0 8 -0.895610
43 84 0 8 -0.896019
40 56 0 8 -0.897234
13 27 0 8 -0.898097
40 47 0 8 -0.898108
43 88 0 8 -0.899607
27 66 0 8 -0.901447
26 55 0 8 -0.901508
11 64 0 8 -0.901545
44 99 0 8 -0.901803
38 93 0 8 -0.901825
22 46 0 8 -0.902615
19 34 0 8 -0.903267
66 81 0 8 -0.904297
57 91 0 8 -0.904380
53 64 0 8 -0.905098
42 56 0 8 -0.905636
27 50 0 8 -0.906577
38 94 0 8 -0.906810
13 83 0 8 -0.907615
39 98 0 8 -0.907846
50 68 0 8 -0.908016
25 61 0 8 -0.908239
17 72 0 8 -0.908625
16 52 0 8 -0.908838
59 86 0 8 -0.909853
8 88 0 8 -0.911205
46 64 0 8 -0.911602
10 28 0 8 -0.912195
35 74 0 8 -0.913669
38 60 0 8 -0.914177
13 48 0 8 -0.915393
41 47 0 8 -0.915451
21 67 0 8 -0.915452
16 85 0 8 -0.915665
5 81 0 8 -0.915895
10 31 0 8 -0.916061
20 27 0 8 -0.916164
14 29 0 8 -0.917181
12 45 0 8 -0.918363
45 55 0 8 -0.919416
9 77 0 8 -0.919884
41 93 0 8 -0.919939
7 45 0 8 -0.921519
41 68 0 8 -0.922543
7 30 0 8 -0.922619
67 82 0 8 -0.923522
18 96 0 8 -0.924549
3 75 0 8 -0.925587
28 34 0 8 -0.925850
6 80 0 8 -0.925930
15 89 0 8 -0.926621
31 81 0 8 -0.927431
32 95 0 8 -0.927767
57 66 0 8 -0.928143
56 81 0 8 -0.929928
45 58 0 8 -0.929980
52 66 0 8 -0.931370
16 32 0 8 -0.933645
5 45 0 8 -0.934132
16 50 0 8 -0.934349
35 46 0 8 -0.934666
5 40 0 8 -0.934820
61 87 0 8 -0.934858
34 79 0 8 -0.935512
23 53 0 8 -0.935594
12 96 0 8 -0.935691
39 68 0 8 -0.936100
58 86 0 8 -0.937008
31 77 0 8 -0.937778
71 81 0 8 -0.941596
41 55 0 8 -0.943248
49 89 0 8 -0.943966
43 81 0 8 -0.945661
6 21 0 8 -0.946323
15 59 0 8 -0.946347
16 40 0 8 -0.946995
9 40 0 8 -0.948409
46 70 0 8 -0.949677
22 93 0 8 -0.951427
18 52 0 8 -0.953906
47 72 0 8 -0.954025
4 42 0 8 -0.954672
8 18 0 8 -0.955206
5 85 0 8 -0.955541
28 64 0 8 -0.955704
18 64 0 8 -0.956107
60 83 0 8 -0.956712
12 89 0 8 -0.959259
29 50 0 8 -0.960087
50 83 0 8 -0.960678
6 76 0 8 -0.960748
13 50 0 8 -0.962018
8 77 0 8 -0.962905
43 65 0 8 -0.963202
52 61 0 8 -0.964293
17 36 0 8 -0.965930
21 70 0 8 -0.966143
43 90 0 8 -0.967189
38 48 0 8 -0.967906
57 86 0 8 -0.968271
64 97 0 8 -0.970857
28 36 0 8 -0.972907
5 69 0 8 -0.973369
22 97 0 8 -0.973770
3 11 0 8 -0.975405
15 29 0 8 -0.975995
74 90 0 8 -0.976462
8 63 0 8 -0.977131
43 52 0 8 -0.977362
64 73 0 8 -0.979752
40 99 0 8 -0.980963
2 80 0 8 -0.981782
25 93 0 8 -0.982025
43 87 0 8 -0.982756
73 83 0 8 -0.983386
25 36 0 8 -0.984077
4 52 0 8 -0.984857
48 99 0 8 -0.985234
9 38 0 8 -0.985592
42 66 0 8 -0.985770
17 84 0 8 -0.985898
4 91 0 8 -0.986653
38 76 0 8 -0.987158
76 88 0 8 -0.987297
77 89 0 8 -0.988839
50 64 0 8 -0.989644
13 62 0 8 -0.989830
35 52 0 8 -0.990736
31 96 0 8 -0.991621
57 87 0 8 -0.991808
29 52 0 8 -0.992372
42 60 0 8 -0.992459
33 53 0 8 -0.993167
19 95 0 8 -0.994000
31 63 0 8 -0.994227
34 61 0 8 -0.994255
25 53 0 8 -0.994564
6 30 0 8 -0.994578
18 43 0 8 -0.994962
18 56 0 8 -0.994984
16 54 0 8 -0.996232
13 71 0 8 -0.997095
11 34 0 8 -0.997736
22 45 0 8 -0.998738
32 74 0 8 -0.999424
49 68 0 8 -0.999798
70 93 0 8 -1.000352
13 26 0 8 -1.000768
57 79 0 8 -1.001761
51 81 0 8 -1.002147
27 71 0 8 -1.002904
65 88 0 8 -1.003668
16 34 0 8 -1.004374
6 29 0 8 -1.004501
12 76 0 8 -1.005445
32 58 0 8 -1.005517
52 96 0 8 -1.006306
7 93 0 8 -1.007420
29 58 0 8 -1.007500
11 18 0 8 -1.007534
4 41 0 8 -1.008906
45 60 0 8 -1.009178
10 77 0 8 -1.010061
69 96 0 8 -1.011118
52 86 0 8 -1.011431
7 44 0 8 -1.011906
20 60 0 8 -1.012491
9 88 0 8 -1.012643
18 61 0 8 -1.013434
47 62 0 8 -1.013655
8 73 0 8 -1.013691
28 43 0 8 -1.014114
34 53 0 8 -1.014809
18 84 0 8 -1.015740
3 30 0 8 -1.016289
27 76 0 8 -1.016527
3 81 0 8 -1.016846
17 73 0 8 -1.018808
39 91 0 8 -1.018844
36 91 0 8 -1.019930
7 74 0 8 -1.022512
18 59 0 8 -1.023461
26 93 0 8 -1.024485
22 39 0 8 -1.024945
9 51 0 8 -1.025588
54 96 0 8 -1.025965
12 66 0 8 -1.026435
74 91 0 8 -1.027314
16 95 0 8 -1.028549
38 97 0 8 -1.028702
19 39 0 8 -1.030101
10 17 0 8 -1.030309
23 47 0 8 -1.030495
39 57 0 8 -1.031357
63 93 0 8 -1.033217
47 91 0 8 -1.035770
17 46 0 8 -1.035776
59 77 0 8 -1.035946
71 93 0 8 -1.036047
73 93 0 8 -1.037225
17 44 0 8 -1.037705
14 23 0 8 -1.037846
50 62 0 8 -1.037884
4 59 0 8 -1.038170
46 66 0 8 -1.038982
46 57 0 8 -1.039729
11 82 0 8 -1.040656
29 67 0 8 -1.040736
87 95 0 8 -1.041054
40 55 0 8 -1.041880
29 51 0 8 -1.042568
76 91 0 8 -1.043218
71 83 0 8 -1.043593
35 99 0 8 -1.043701
31 62 0 8 -1.044331
59 81 0 8 -1.044836
38 71 0 8 -1.045120
18 49 0 8 -1.047521
17 81 0 8 -1.047665
19 85 0 8 -1.048262
21 55 0 8 -1.049033
68 90 0 8 -1.051533
60 90 0 8 -1.053595
12 22 0 8 -1.053622
20 64 0 8 -1.053782
8 38 0 8 -1.054297
49 66 0 8 -1.055800
21 75 0 8 -1.056833
72 95 0 8 -1.058430
29 99 0 8 -1.058688
14 79 0 8 -1.058790
31 79 0 8 -1.059067
7 58 0 8 -1.059314
83 95 0 8 -1.059788
46 60 0 8 -1.060314
59 79 0 8 -1.061095
54 82 0 8 -1.061548
16 51 0 8 -1.062155
74 95 0 8 -1.062553
54 77 0 8 -1.063968
36 95 0 8 -1.064595
4 21 0 8 -1.065132
73 88 0 8 -1.065780
42 50 0 8 -1.067473
42 82 0 8 -1.068377
43 70 0 8 -1.069234
82 95 0 8 -1.070125
29 55 0 8 -1.070637
62 93 0 8 -1.072136
19 31 0 8 -1.072420
80 90 0 8 -1.074563
31 57 0 8 -1.075182
48 65 0 8 -1.079280
3 39 0 8 -1.079662
36 44 0 8 -1.079890
12 18 0 8 -1.080581
15 40 0 8 -1.081769
32 62 0 8 -1.083140
36 58 0 8 -1.083252
86 97 0 8 -1.083929
3 85 0 8 -1.086701
68 73 0 8 -1.086804
44 57 0 8 -1.087878
49 59 0 8 -1.088672
62 73 0 8 -1.088976
27 96 0 8 -1.089098
7 88 0 8 -1.089708
57 82 0 8 -1.089842
6 42 0 8 -1.090724
30 85 0 8 -1.090834
45 52 0 8 -1.092720
17 69 0 8 -1.094287
9 79 0 8 -1.097280
14 96 0 8 -1.097400
5 22 0 8 -1.098158
38 96 0 8 -1.098229
37 83 0 8 -1.099363
6 45 0 8 -1.099455
18 39 0 8 -1.099524
5 55 0 8 -1.099821
30 71 0 8 -1.103035
77 82 0 8 -1.103390
18 36 0 8 -1.105800
15 46 0 8 -1.107612
54 65 0 8 -1.107666
4 82 0 8 -1.107861
29 56 0 8 -1.107961
48 93 0 8 -1.109062
5 57 0 8 -1.111838
76 95 0 8 -1.112801
6 81 0 8 -1.113628
4 62 0 8 -1.115718
25 97 0 8 -1.115921
22 91 0 8 -1.117813
78 83 0 8 -1.118263
40 53 0 8 -1.118713
17 68 0 8 -1.118890
26 64 0 8 -1.119320
62 96 0 8 -1.120234
25 74 0 8 -1.121042
22 33 0 8 -1.122169
35 59 0 8 -1.122599
73 81 0 8 -1.123787
56 89 0 8 -1.124594
7 23 0 8 -1.124856
3 82 0 8 -1.125039
13 20 0 8 -1.126059
20 62 0 8 -1.126073
4 40 0 8 -1.127134
68 88 0 8 -1.132867
34 55 0 8 -1.132941
8 80 0 8 -1.133151
28 91 0 8 -1.133430
13 47 0 8 -1.135012
26 41 0 8 -1.135739
79 90 0 8 -1.135865
3 88 0 8 -1.138542
29 69 0 8 -1.139210
85 97 0 8 -1.142250
27 81 0 8 -1.143614
75 91 0 8 -1.143642
35 58 0 8 -1.144015
26 79 0 8 -1.144889
5 62 0 8 -1.145223
73 82 0 8 -1.145394
57 75 0 8 -1.145609
53 83 0 8 -1.146493
21 79 0 8 -1.148423
52 80 0 8 -1.152627
15 82 0 8 -1.152857
32 61 0 8 -1.153374
19 81 0 8 -1.154248
23 65 0 8 -1.154947
18 41 0 8 -1.155171
25 96 0 8 -1.156174
39 60 0 8 -1.156247
77 93 0 8 -1.156753
15 93 0 8 -1.157624
15 39 0 8 -1.158658
21 38 0 8 -1.159423
56 96 0 8 -1.159465
88 95 0 8 -1.159497
3 28 0 8 -1.162761
38 87 0 8 -1.162803
54 80 0 8 -1.163199
76 97 0 8 -1.163633
14 33 0 8 -1.165570
10 40 0 8 -1.165708
45 64 0 8 -1.168788
33 48 0 8 -1.169363
15 27 0 8 -1.169441
34 50 0 8 -1.169495
51 89 0 8 -1.170763
20 58 0 8 -1.177107
50 88 0 8 -1.177223
55 97 0 8 -1.178394
12 55 0 8 -1.179725
8 70 0 8 -1.180217
39 75 0 8 -1.181606
29 73 0 8 -1.181700
22 43 0 8 -1.182430
17 85 0 8 -1.182564
43 56 0 8 -1.182816
11 44 0 8 -1.185624
32 93 0 8 -1.186939
41 97 0 8 -1.187130
17 52 0 8 -1.187347
7 52 0 8 -1.187381
89 96 0 8 -1.188904
34 45 0 8 -1.189322
39 51 0 8 -1.189823
11 28 0 8 -1.189827
48 57 0 8 -1.190954
14 38 0 8 -1.191978
66 97 0 8 -1.194416
40 51 0 8 -1.195946
13 72 0 8 -1.196249
57 95 0 8 -1.197018
26 31 0 8 -1.198011
70 81 0 8 -1.199705
15 54 0 8 -1.199820
20 48 0 8 -1.202554
23 50 0 8 -1.205300
39 50 0 8 -1.205507
20 34 0 8 -1.206600
36 90 0 8 -1.208972
68 89 0 8 -1.209498
7 59 0 8 -1.212562
60 97 0 8 -1.213187
14 59 0 8 -1.214280
48 64 0 8 -1.215073
6 88 0 8 -1.216451
26 32 0 8 -1.223901
70 76 0 8 -1.224515
28 93 0 8 -1.226577
11 93 0 8 -1.226757
65 95 0 8 -1.227250
10 46 0 8 -1.228217
79 91 0 8 -1.229096
13 63 0 8 -1.229790
52 88 0 8 -1.230404
55 89 0 8 -1.231352
62 71 0 8 -1.234022
30 83 0 8 -1.235289
4 44 0 8 -1.237471
33 83 0 8 -1.239138
44 66 0 8 -1.240404
11 61 0 8 -1.240445
31 47 0 8 -1.244831
5 80 0 8 -1.246295
13 44 0 8 -1.248798
29 53 0 8 -1.249143
50 85 0 8 -1.250124
17 89 0 8 -1.252626
86 96 0 8 -1.252796
12 17 0 8 -1.255647
38 45 0 8 -1.257075
71 77 0 8 -1.259810
12 56 0 8 -1.260662
19 63 0 8 -1.261432
53 81 0 8 -1.261828
45 80 0 8 -1.263415
23 64 0 8 -1.265513
29 75 0 8 -1.266373
12 38 0 8 -1.267176
21 66 0 8 -1.267655
49 61 0 8 -1.268634
62 76 0 8 -1.269402
30 61 0 8 -1.269425
18 89 0 8 -1.270369
22 51 0 8 -1.273684
14 44 0 8 -1.273818
47 86 0 8 -1.274764
30 60 0 8 -1.276493
40 72 0 8 -1.277486
48 90 0 8 -1.278355
31 80 0 8 -1.279097
23 69 0 8 -1.280143
15 71 0 8 -1.280819
55 69 0 8 -1.281081
5 74 0 8 -1.282084
33 77 0 8 -1.283101
23 28 0 8 -1.284593
11 42 0 8 -1.285055
47 68 0 8 -1.285446
17 70 0 8 -1.285823
59 89 0 8 -1.286202
20 83 0 8 -1.288698
40 86 0 8 -1.289109
12 65 0 8 -1.290460
65 73 0 8 -1.290531
88 94 0 8 -1.292093
28 82 0 8 -1.292809
41 87 0 8 -1.293457
11 80 0 8 -1.294835
52 79 0 8 -1.297085
28 54 0 8 -1.297837
40 97 0 8 -1.297937
23 31 0 8 -1.298302
18 62 0 8 -1.298829
29 38 0 8 -1.300676
17 60 0 8 -1.301123
2 83 0 8 -1.301820
25 58 0 8 -1.302200
59 72 0 8 -1.302803
44 93 0 8 -1.305179
60 75 0 8 -1.309402
12 28 0 8 -1.310139
31 74 0 8 -1.310155
31 44 0 8 -1.311509
8 89 0 8 -1.312387
55 70 0 8 -1.313561
42 74 0 8 -1.316535
39 52 0 8 -1.320505
76 93 0 8 -1.322327
43 73 0 8 -1.322641
16 44 0 8 -1.323528
29 77 0 8 -1.324107
17 28 0 8 -1.325446
65 89 0 8 -1.327732
2 88 0 8 -1.328669
21 40 0 8 -1.331851
35 48 0 8 -1.334075
4 65 0 8 -1.336378
5 23 0 8 -1.336489
17 41 0 8 -1.336746
12 82 0 8 -1.336813
5 60 0 8 -1.337320
3 33 0 8 -1.337392
53 89 0 8 -1.339433
26 90 0 8 -1.342063
30 50 0 8 -1.342948
5 97 0 8 -1.347090
27 93 0 8 -1.350718
23 71 0 8 -1.352082
11 59 0 8 -1.352847
57 93 0 8 -1.354324
9 41 0 8 -1.355573
16 41 0 8 -1.357998
20 50 0 8 -1.360168
23 85 0 8 -1.360778
19 90 0 8 -1.361920
5 44 0 8 -1.362630
4 43 0 8 -1.363022
7 48 0 8 -1.364312
4 29 0 8 -1.365946
28 65 0 8 -1.366405
11 21 0 8 -1.367408
11 79 0 8 -1.369401
39 74 0 8 -1.372637
55 95 0 8 -1.374557
60 77 0 8 -1.376111
73 95 0 8 -1.376572
3 86 0 8 -1.377341
61 71 0 8 -1.378901
33 93 0 8 -1.379850
61 73 0 8 -1.382291
25 52 0 8 -1.382748
13 64 0 8 -1.383465
46 71 0 8 -1.383924
70 91 0 8 -1.385500
29 89 0 8 -1.386729
41 63 0 8 -1.387622
29 41 0 8 -1.391848
15 83 0 8 -1.392623
43 61 0 8 -1.397645
5 64 0 8 -1.399239
70 89 0 8 -1.404015
56 88 0 8 -1.405908
30 47 0 8 -1.410919
21 43 0 8 -1.413211
38 66 0 8 -1.414339
26 38 0 8 -1.415312
45 79 0 8 -1.417932
18 55 0 8 -1.423727
29 83 0 8 -1.423804
26 68 0 8 -1.426484
34 47 0 8 -1.426704
3 38 0 8 -1.428628
11 62 0 8 -1.434285
32 72 0 8 -1.437297
18 33 0 8 -1.437670
76 85 0 8 -1.440493
51 82 0 8 -1.441335
48 61 0 8 -1.442034
58 72 0 8 -1.445317
38 99 0 8 -1.446046
39 56 0 8 -1.450003
48 70 0 8 -1.455536
36 70 0 8 -1.457208
11 85 0 8 -1.457797
4 76 0 8 -1.462761
19 53 0 8 -1.466060
29 63 0 8 -1.466790
62 89 0 8 -1.467246
25 80 0 8 -1.469156
5 71 0 8 -1.469344
22 83 0 8 -1.469816
75 85 0 8 -1.474848
23 62 0 8 -1.476555
4 86 0 8 -1.476668
68 96 0 8 -1.483071
33 62 0 8 -1.483568
5 46 0 8 -1.485003
11 32 0 8 -1.488039
30 51 0 8 -1.493487
30 59 0 8 -1.495017
41 67 0 8 -1.495762
54 93 0 8 -1.505215
42 63 0 8 -1.512020
5 72 0 8 -1.516922
21 56 0 8 -1.520398
21 28 0 8 -1.524157
12 86 0 8 -1.525724
35 44 0 8 -1.525949
22 88 0 8 -1.529637
12 58 0 8 -1.535344
51 80 0 8 -1.536985
7 79 0 8 -1.538165
28 81 0 8 -1.538232
43 53 0 8 -1.547601
33 42 0 8 -1.548015
32 60 0 8 -1.552550
44 81 0 8 -1.556480
21 64 0 8 -1.557589
34 81 0 8 -1.557596
22 31 0 8 -1.559999
25 88 0 8 -1.569879
34 51 0 8 -1.580099
48 79 0 8 -1.581195
33 86 0 8 -1.582425
65 86 0 8 -1.583610
72 91 0 8 -1.586024
35 72 0 8 -1.588603
50 90 0 8 -1.591942
20 63 0 8 -1.595202
57 81 0 8 -1.596075
69 80 0 8 -1.600268
68 86 0 8 -1.602042
52 82 0 8 -1.605619
70 95 0 8 -1.618228
20 47 0 8 -1.624088
58 76 0 8 -1.625399
47 79 0 8 -1.633534
48 96 0 8 -1.634227
70 90 0 8 -1.634830
39 45 0 8 -1.637040
30 42 0 8 -1.637549
25 44 0 8 -1.637787
25 42 0 8 -1.644558
3 72 0 8 -1.645945
83 90 0 8 -1.648163
79 86 0 8 -1.653773
70 88 0 8 -1.654533
22 63 0 8 -1.656795
10 38 0 8 -1.658929
43 55 0 8 -1.661556
26 80 0 8 -1.662294
28 40 0 8 -1.663539
35 57 0 8 -1.667856
72 88 0 8 -1.670126
61 97 0 8 -1.671738
58 83 0 8 -1.674588
31 55 0 8 -1.674617
74 85 0 8 -1.685670
32 88 0 8 -1.685680
55 88 0 8 -1.688813
30 43 0 8 -1.689938
27 86 0 8 -1.690928
30 90 0 8 -1.697103
36 81 0 8 -1.698400
15 85 0 8 -1.699992
46 59 0 8 -1.703946
5 41 0 8 -1.707757
48 83 0 8 -1.707915
22 82 0 8 -1.709830
44 95 0 8 -1.718029
11 39 0 8 -1.719478
14 86 0 8 -1.720734
12 77 0 8 -1.721860
31 65 0 8 -1.724398
61 88 0 8 -1.735914
73 85 0 8 -1.737882
56 71 0 8 -1.739738
38 81 0 8 -1.745988
23 29 0 8 -1.746619
35 41 0 8 -1.755833
19 68 0 8 -1.757429
38 69 0 8 -1.758843
43 93 0 8 -1.774870
11 83 0 8 -1.775499
7 95 0 8 -1.776520
25 89 0 8 -1.787216
39 55 0 8 -1.803713
59 73 0 8 -1.808681
40 65 0 8 -1.813878
42 61 0 8 -1.817298
64 88 0 8 -1.819504
39 62 0 8 -1.821933
23 45 0 8 -1.831827
33 96 0 8 -1.832898
39 59 0 8 -1.840771
46 83 0 8 -1.843951
64 95 0 8 -1.849823
83 96 0 8 -1.858922
41 82 0 8 -1.859983
85 90 0 8 -1.861278
15 61 0 8 -1.867231
12 73 0 8 -1.869391
22 96 0 8 -1.878081
35 95 0 8 -1.886742
51 88 0 8 -1.896708
48 68 0 8 -1.905504
71 86 0 8 -1.915410
31 83 0 8 -1.915822
33 79 0 8 -1.935828
20 40 0 8 -1.936772
39 54 0 8 -1.953670
11 38 0 8 -1.958072
5 34 0 8 -1.976269
22 61 0 8 -1.986594
33 97 0 8 -1.986617
38 46 0 8 -1.990557
31 82 0 8 -2.013311
35 79 0 8 -2.021059
31 75 0 8 -2.032756
41 77 0 8 -2.038794
59 93 0 8 -2.048461
62 97 0 8 -2.050120
59 97 0 8 -2.057102
12 42 0 8 -2.059831
28 39 0 8 -2.060042
70 97 0 8 -2.086810
44 70 0 8 -2.099061
53 70 0 8 -2.120749
34 59 0 8 -2.132189
33 71 0 8 -2.135743
34 41 0 8 -2.154654
59 88 0 8 -2.169159
38 75 0 8 -2.189936
80 95 0 8 -2.204530
66 88 0 8 -2.214368
18 38 0 8 -2.267602
22 85 0 8 -2.275842
26 95 0 8 -2.283411
33 85 0 8 -2.349609
40 63 0 8 -2.358668
32 90 0 8 -2.365916
39 90 0 8 -2.416610
31 85 0 8 -2.455753
17 35 0 8 -2.538393
19 83 0 8 -2.545399
34 88 0 8 -2.591401
23 88 0 8 -2.591801
38 79 0 8 -2.665504
62 81 0 8 -2.891245
