11 47 0 8 12.110736
47 55 0 8 11.539592
28 72 0 8 10.934779
6 58 0 8 10.068820
9 27 0 8 8.757856
32 68 0 8 8.293409
45 56 0 8 7.380507
56 67 0 8 6.823575
7 27 0 8 6.340370
61 70 0 8 6.336402
11 20 0 8 5.896488
13 19 0 8 5.424609
44 58 0 8 4.883917
56 61 0 8 4.867087
7 30 0 8 4.761616
27 71 0 8 4.716187
35 40 0 8 4.708210
7 20 0 8 4.610948
31 64 0 8 4.330342
31 67 0 8 4.143524
23 50 0 8 4.121936
9 23 0 8 4.110954
34 41 0 8 4.108252
46 57 0 8 4.100146
8 46 0 8 3.915115
6 44 0 8 3.901683
15 20 0 8 3.784339
5 43 0 8 3.733282
46 54 0 8 3.729131
47 53 0 8 3.678645
62 71 0 8 3.494444
31 43 0 8 3.374077
13 49 0 8 3.241843
37 42 0 8 3.205247
47 52 0 8 3.081095
36 67 0 8 3.022317
9 45 0 8 2.987673
28 68 0 8 2.967231
42 62 0 8 2.955422
18 52 0 8 2.948136
29 40 0 8 2.946455
46 70 0 8 2.926007
53 66 0 8 2.891306
27 33 0 8 2.842755
46 52 0 8 2.835962
8 38 0 8 2.760190
29 49 0 8 2.747803
23 64 0 8 2.747532
8 61 0 8 2.744419
17 24 0 8 2.739101
23 55 0 8 2.727527
30 72 0 8 2.716826
22 71 0 8 2.708420
32 64 0 8 2.687557
11 55 0 8 2.676395
35 43 0 8 2.629459
18 29 0 8 2.616762
15 64 0 8 2.588413
17 31 0 8 2.577829
20 25 0 8 2.560871
33 50 0 8 2.530219
36 43 0 8 2.461774
42 59 0 8 2.440583
29 35 0 8 2.430743
6 21 0 8 2.423712
26 52 0 8 2.409316
26 39 0 8 2.402870
13 35 0 8 2.381485
4 58 0 8 2.370383
6 30 0 8 2.310998
22 51 0 8 2.297764
33 59 0 8 2.297498
27 37 0 8 2.242126
8 14 0 8 2.239599
22 65 0 8 2.230867
21 51 0 8 2.216321
8 62 0 8 2.216070
19 29 0 8 2.209544
22 28 0 8 2.200498
44 53 0 8 2.200040
13 69 0 8 2.183892
6 46 0 8 2.182077
29 57 0 8 2.168927
45 55 0 8 2.141474
6 42 0 8 2.137522
48 54 0 8 2.129946
15 41 0 8 2.122269
22 39 0 8 2.119809
56 70 0 8 2.112961
5 41 0 8 2.097023
59 66 0 8 2.066652
61 67 0 8 2.058008
59 70 0 8 2.056113
34 43 0 8 2.020359
48 62 0 8 2.016870
10 27 0 8 2.007557
49 57 0 8 2.001389
15 23 0 8 2.000473
39 61 0 8 1.998292
44 57 0 8 1.994663
24 71 0 8 1.989220
5 34 0 8 1.979528
38 62 0 8 1.950015
23 39 0 8 1.949253
28 71 0 8 1.949146
36 42 0 8 1.948732
42 50 0 8 1.944203
32 72 0 8 1.927906
24 72 0 8 1.912026
45 62 0 8 1.909857
3 41 0 8 1.909119
10 42 0 8 1.905961
17 30 0 8 1.902105
5 20 0 8 1.899577
57 68 0 8 1.887738
60 67 0 8 1.883636
10 62 0 8 1.878654
26 47 0 8 1.870252
4 16 0 8 1.868333
39 62 0 8 1.842033
13 45 0 8 1.829682
34 58 0 8 1.822249
19 34 0 8 1.796465
31 62 0 8 1.783867
3 35 0 8 1.783696
11 30 0 8 1.776222
18 65 0 8 1.774724
16 23 0 8 1.766433
41 56 0 8 1.762931
40 53 0 8 1.761270
14 48 0 8 1.756921
13 33 0 8 1.756920
47 54 0 8 1.738707
23 34 0 8 1.732339
31 57 0 8 1.721964
30 56 0 8 1.717296
26 59 0 8 1.712057
62 72 0 8 1.708569
14 70 0 8 1.698706
52 74 0 8 1.696070
37 53 0 8 1.678917
54 71 0 8 1.675020
28 41 0 8 1.672455
32 65 0 8 1.653670
33 47 0 8 1.652425
30 38 0 8 1.641535
46 58 0 8 1.639357
40 71 0 8 1.623546
11 70 0 8 1.619981
27 45 0 8 1.614022
14 22 0 8 1.603735
9 57 0 8 1.602154
26 56 0 8 1.599418
24 60 0 8 1.594241
38 64 0 8 1.591233
65 73 0 8 1.573094
6 25 0 8 1.570140
16 22 0 8 1.566681
11 74 0 8 1.561807
34 74 0 8 1.545229
22 41 0 8 1.541282
4 22 0 8 1.537982
19 60 0 8 1.537825
2 39 0 8 1.530707
3 34 0 8 1.525662
17 58 0 8 1.524286
60 66 0 8 1.521877
24 45 0 8 1.519767
9 20 0 8 1.519341
33 45 0 8 1.513512
47 57 0 8 1.506357
20 56 0 8 1.504650
9 17 0 8 1.503496
20 48 0 8 1.502545
5 21 0 8 1.499063
29 42 0 8 1.498668
40 51 0 8 1.496476
10 54 0 8 1.492558
11 27 0 8 1.488109
67 72 0 8 1.483262
36 57 0 8 1.481256
32 54 0 8 1.480291
14 49 0 8 1.475504
55 70 0 8 1.468444
36 58 0 8 1.454879
32 71 0 8 1.448150
9 74 0 8 1.440269
61 66 0 8 1.433079
36 59 0 8 1.429790
39 60 0 8 1.426793
23 35 0 8 1.421840
11 53 0 8 1.418679
64 74 0 8 1.405867
22 63 0 8 1.391246
35 64 0 8 1.387171
3 57 0 8 1.382882
41 52 0 8 1.380352
46 69 0 8 1.376968
32 52 0 8 1.374061
18 58 0 8 1.372098
20 47 0 8 1.368045
32 53 0 8 1.354432
3 46 0 8 1.353923
6 43 0 8 1.352396
6 18 0 8 1.343212
3 38 0 8 1.342791
25 33 0 8 1.340386
11 22 0 8 1.339472
8 58 0 8 1.338978
28 34 0 8 1.334530
11 49 0 8 1.333587
27 41 0 8 1.329235
7 17 0 8 1.324854
53 69 0 8 1.319668
7 44 0 8 1.314524
51 69 0 8 1.314186
32 38 0 8 1.311924
29 65 0 8 1.306809
9 36 0 8 1.303337
11 41 0 8 1.296586
26 49 0 8 1.294756
5 33 0 8 1.290735
3 9 0 8 1.284806
13 50 0 8 1.284179
19 43 0 8 1.271034
5 54 0 8 1.270449
33 48 0 8 1.269114
4 33 0 8 1.267186
49 55 0 8 1.262888
33 40 0 8 1.250751
6 45 0 8 1.248745
4 15 0 8 1.241356
37 59 0 8 1.238528
66 73 0 8 1.230937
5 18 0 8 1.230567
20 55 0 8 1.229002
2 26 0 8 1.216861
51 68 0 8 1.215961
35 49 0 8 1.215211
2 21 0 8 1.215131
62 73 0 8 1.211006
17 65 0 8 1.207901
10 19 0 8 1.199902
16 21 0 8 1.197143
16 49 0 8 1.196717
15 48 0 8 1.192827
43 67 0 8 1.185965
25 44 0 8 1.183603
7 13 0 8 1.180502
38 73 0 8 1.180133
28 49 0 8 1.178091
15 21 0 8 1.174941
39 71 0 8 1.169751
25 43 0 8 1.166755
13 26 0 8 1.164797
5 50 0 8 1.154963
40 69 0 8 1.152762
8 17 0 8 1.145833
9 28 0 8 1.145314
22 37 0 8 1.142043
25 36 0 8 1.141232
7 54 0 8 1.135590
8 23 0 8 1.135380
4 12 0 8 1.133105
41 70 0 8 1.129565
35 50 0 8 1.127244
54 69 0 8 1.121747
44 59 0 8 1.118960
41 68 0 8 1.113289
25 48 0 8 1.111641
18 37 0 8 1.110907
29 68 0 8 1.107789
15 27 0 8 1.107766
12 25 0 8 1.102911
18 56 0 8 1.097136
11 28 0 8 1.086101
55 73 0 8 1.083119
30 55 0 8 1.082270
17 50 0 8 1.061125
8 52 0 8 1.059996
57 64 0 8 1.059534
30 65 0 8 1.054874
15 40 0 8 1.047749
30 69 0 8 1.044112
8 18 0 8 1.043273
21 39 0 8 1.042189
5 47 0 8 1.040891
18 34 0 8 1.037878
38 53 0 8 1.037272
25 45 0 8 1.036767
39 45 0 8 1.035761
20 46 0 8 1.034116
16 52 0 8 1.030306
20 57 0 8 1.029245
13 68 0 8 1.028393
4 44 0 8 1.025379
22 58 0 8 1.025284
45 74 0 8 1.020139
18 74 0 8 1.014879
9 18 0 8 1.010406
21 40 0 8 1.001843
3 74 0 8 0.998924
23 52 0 8 0.996280
61 69 0 8 0.989110
43 64 0 8 0.985794
42 52 0 8 0.985043
44 70 0 8 0.982644
63 73 0 8 0.981183
18 24 0 8 0.980733
28 52 0 8 0.979253
23 31 0 8 0.978342
5 36 0 8 0.977526
7 43 0 8 0.976878
5 28 0 8 0.975652
16 36 0 8 0.972895
3 24 0 8 0.967331
26 51 0 8 0.962060
3 16 0 8 0.961685
44 56 0 8 0.953369
7 50 0 8 0.952887
29 69 0 8 0.947766
29 71 0 8 0.947524
8 73 0 8 0.946335
17 63 0 8 0.937533
4 13 0 8 0.935446
8 19 0 8 0.934811
2 41 0 8 0.932213
28 70 0 8 0.928489
12 51 0 8 0.927624
41 51 0 8 0.924029
56 66 0 8 0.914487
19 47 0 8 0.912974
31 68 0 8 0.911838
44 62 0 8 0.911114
19 46 0 8 0.908954
18 32 0 8 0.903604
25 31 0 8 0.903576
64 73 0 8 0.901289
28 69 0 8 0.900889
32 42 0 8 0.898367
18 25 0 8 0.897911
5 26 0 8 0.897067
6 11 0 8 0.896574
21 29 0 8 0.896491
18 40 0 8 0.896358
3 21 0 8 0.890013
8 51 0 8 0.880043
54 61 0 8 0.879999
3 67 0 8 0.870212
6 48 0 8 0.869692
47 74 0 8 0.861640
10 21 0 8 0.860840
17 47 0 8 0.859050
4 49 0 8 0.858895
24 39 0 8 0.857530
3 17 0 8 0.857305
9 35 0 8 0.854363
5 14 0 8 0.851301
2 13 0 8 0.850538
22 57 0 8 0.849487
62 67 0 8 0.847599
54 70 0 8 0.847564
11 31 0 8 0.847213
11 25 0 8 0.842656
37 70 0 8 0.840328
31 71 0 8 0.839926
4 60 0 8 0.837447
3 60 0 8 0.833896
5 13 0 8 0.830693
22 61 0 8 0.830633
17 54 0 8 0.829643
66 72 0 8 0.827658
54 66 0 8 0.827091
18 71 0 8 0.825444
9 51 0 8 0.825335
29 39 0 8 0.821016
26 37 0 8 0.814999
45 70 0 8 0.811118
39 73 0 8 0.810396
39 59 0 8 0.810077
15 51 0 8 0.808016
9 46 0 8 0.799902
40 54 0 8 0.797241
52 66 0 8 0.796938
21 69 0 8 0.794952
31 65 0 8 0.792326
2 61 0 8 0.780687
35 71 0 8 0.776472
22 30 0 8 0.775140
8 41 0 8 0.757822
30 42 0 8 0.756909
13 36 0 8 0.755317
42 72 0 8 0.754439
4 42 0 8 0.754225
54 59 0 8 0.753240
30 45 0 8 0.751220
28 67 0 8 0.750736
5 40 0 8 0.749644
2 33 0 8 0.749425
11 26 0 8 0.748700
26 41 0 8 0.748206
27 38 0 8 0.743720
66 71 0 8 0.740240
26 35 0 8 0.736396
37 43 0 8 0.735857
39 57 0 8 0.732914
38 66 0 8 0.732551
24 38 0 8 0.730711
55 74 0 8 0.729554
35 42 0 8 0.728997
2 35 0 8 0.728714
27 73 0 8 0.726657
35 52 0 8 0.722113
31 40 0 8 0.722010
1 34 0 8 0.720687
7 16 0 8 0.720159
8 48 0 8 0.718839
11 57 0 8 0.718722
31 42 0 8 0.718001
22 53 0 8 0.717446
46 68 0 8 0.716717
22 47 0 8 0.716056
24 47 0 8 0.714754
21 38 0 8 0.711193
19 53 0 8 0.711018
45 51 0 8 0.710109
55 60 0 8 0.709351
19 50 0 8 0.705885
13 44 0 8 0.699633
13 43 0 8 0.697642
9 53 0 8 0.694818
14 20 0 8 0.694450
2 24 0 8 0.692875
68 74 0 8 0.691252
25 49 0 8 0.690574
6 34 0 8 0.689896
16 29 0 8 0.688572
6 69 0 8 0.687180
43 65 0 8 0.686980
25 70 0 8 0.686886
44 69 0 8 0.683290
37 51 0 8 0.681455
65 72 0 8 0.678172
65 71 0 8 0.678050
23 48 0 8 0.676671
5 35 0 8 0.676503
9 43 0 8 0.668501
41 64 0 8 0.668417
29 66 0 8 0.668212
26 67 0 8 0.667356
42 73 0 8 0.665612
3 22 0 8 0.661513
28 63 0 8 0.661045
24 74 0 8 0.658493
23 33 0 8 0.656761
14 19 0 8 0.655714
16 61 0 8 0.655166
32 45 0 8 0.654749
32 40 0 8 0.651990
28 43 0 8 0.649873
50 68 0 8 0.649432
30 52 0 8 0.649196
25 40 0 8 0.646986
6 17 0 8 0.644974
25 67 0 8 0.641793
23 67 0 8 0.634745
33 46 0 8 0.628131
59 64 0 8 0.625987
63 69 0 8 0.625048
3 8 0 8 0.622617
18 69 0 8 0.621638
33 66 0 8 0.620132
8 21 0 8 0.619265
21 60 0 8 0.617049
12 20 0 8 0.615059
3 68 0 8 0.613039
7 33 0 8 0.610144
32 44 0 8 0.609954
13 27 0 8 0.605957
27 34 0 8 0.603369
15 54 0 8 0.601262
49 60 0 8 0.599178
15 22 0 8 0.596567
16 73 0 8 0.591630
4 23 0 8 0.588235
48 63 0 8 0.586484
5 75 0 8 0.586200
38 43 0 8 0.582048
11 52 0 8 0.582011
30 36 0 8 0.581726
21 46 0 8 0.581425
7 62 0 8 0.580427
38 48 0 8 0.580386
3 54 0 8 0.579418
4 10 0 8 0.578938
12 50 0 8 0.577573
36 61 0 8 0.575741
30 58 0 8 0.574949
5 16 0 8 0.571996
25 75 0 8 0.569143
16 39 0 8 0.568010
6 37 0 8 0.567849
48 60 0 8 0.567077
17 43 0 8 0.565856
8 53 0 8 0.564563
1 61 0 8 0.558408
19 54 0 8 0.558390
30 73 0 8 0.558172
25 65 0 8 0.557815
10 38 0 8 0.557066
10 56 0 8 0.556122
12 61 0 8 0.555487
25 63 0 8 0.550504
1 52 0 8 0.548043
46 59 0 8 0.544782
46 66 0 8 0.544330
18 60 0 8 0.534877
11 51 0 8 0.534655
12 47 0 8 0.534331
4 34 0 8 0.534099
22 74 0 8 0.533736
32 43 0 8 0.531695
43 59 0 8 0.531391
25 35 0 8 0.529985
17 33 0 8 0.528697
37 64 0 8 0.526323
19 63 0 8 0.519375
6 40 0 8 0.518805
18 64 0 8 0.514170
52 58 0 8 0.514069
40 72 0 8 0.513755
20 41 0 8 0.513026
35 63 0 8 0.512293
21 42 0 8 0.509613
4 37 0 8 0.509601
28 50 0 8 0.508386
45 64 0 8 0.502144
14 45 0 8 0.499707
21 45 0 8 0.499245
7 45 0 8 0.498143
22 29 0 8 0.496032
41 66 0 8 0.495972
35 61 0 8 0.493051
37 65 0 8 0.492990
7 46 0 8 0.489657
14 55 0 8 0.488804
33 38 0 8 0.487550
44 55 0 8 0.485870
22 31 0 8 0.484704
13 48 0 8 0.484604
26 64 0 8 0.482925
60 74 0 8 0.482391
8 33 0 8 0.480154
34 70 0 8 0.479231
8 49 0 8 0.477653
44 73 0 8 0.477473
44 51 0 8 0.477252
37 45 0 8 0.476723
4 45 0 8 0.476253
13 55 0 8 0.475950
1 62 0 8 0.475769
17 52 0 8 0.474653
8 26 0 8 0.474561
4 26 0 8 0.473622
6 56 0 8 0.472935
60 70 0 8 0.472175
16 32 0 8 0.471964
63 70 0 8 0.471626
31 69 0 8 0.467385
7 49 0 8 0.466217
37 69 0 8 0.460625
32 51 0 8 0.458938
21 53 0 8 0.458894
28 46 0 8 0.458550
44 67 0 8 0.456677
25 72 0 8 0.456096
50 75 0 8 0.456090
50 57 0 8 0.455262
3 58 0 8 0.454761
3 55 0 8 0.454595
5 59 0 8 0.454271
12 48 0 8 0.453493
13 34 0 8 0.453445
4 53 0 8 0.452744
60 75 0 8 0.449801
2 37 0 8 0.447705
31 37 0 8 0.445126
26 40 0 8 0.444136
2 67 0 8 0.442858
18 39 0 8 0.442289
38 69 0 8 0.440128
37 68 0 8 0.439446
37 55 0 8 0.437675
38 60 0 8 0.437581
12 43 0 8 0.435154
37 66 0 8 0.434880
24 51 0 8 0.428468
16 51 0 8 0.422829
55 63 0 8 0.422306
26 44 0 8 0.420230
4 74 0 8 0.419437
5 48 0 8 0.419060
8 40 0 8 0.416317
29 54 0 8 0.412838
23 41 0 8 0.411085
15 36 0 8 0.409322
7 31 0 8 0.405826
40 74 0 8 0.405670
12 54 0 8 0.400899
37 56 0 8 0.397919
36 51 0 8 0.397685
64 70 0 8 0.397482
3 33 0 8 0.397452
48 59 0 8 0.393053
1 25 0 8 0.392190
21 62 0 8 0.388335
7 12 0 8 0.387954
20 65 0 8 0.387555
9 67 0 8 0.382948
41 57 0 8 0.380201
20 38 0 8 0.378370
35 60 0 8 0.377597
6 38 0 8 0.377358
15 52 0 8 0.374844
14 24 0 8 0.373029
33 54 0 8 0.370301
53 73 0 8 0.369854
16 67 0 8 0.368973
60 69 0 8 0.366284
6 41 0 8 0.366023
16 74 0 8 0.364914
21 65 0 8 0.364604
10 33 0 8 0.364414
39 58 0 8 0.363583
17 41 0 8 0.363562
2 8 0 8 0.357020
56 63 0 8 0.353268
38 71 0 8 0.350922
52 75 0 8 0.347980
12 59 0 8 0.347393
30 68 0 8 0.345570
15 61 0 8 0.343941
18 63 0 8 0.341880
26 45 0 8 0.341434
38 49 0 8 0.340461
22 59 0 8 0.340158
15 26 0 8 0.340152
41 74 0 8 0.338290
6 74 0 8 0.336726
6 52 0 8 0.335510
28 61 0 8 0.333748
35 72 0 8 0.332972
19 28 0 8 0.332538
17 60 0 8 0.330692
33 73 0 8 0.330317
31 36 0 8 0.330097
1 31 0 8 0.328292
1 38 0 8 0.327748
4 63 0 8 0.325782
2 32 0 8 0.323131
23 75 0 8 0.319804
28 60 0 8 0.317468
1 11 0 8 0.317433
21 71 0 8 0.316828
4 67 0 8 0.316566
45 58 0 8 0.316002
13 56 0 8 0.315582
9 33 0 8 0.314482
2 74 0 8 0.313910
30 35 0 8 0.312027
17 44 0 8 0.310013
20 44 0 8 0.309745
44 61 0 8 0.306428
10 15 0 8 0.304849
54 64 0 8 0.303775
9 56 0 8 0.301599
48 75 0 8 0.300036
36 64 0 8 0.299375
27 42 0 8 0.298339
35 55 0 8 0.297409
24 48 0 8 0.296587
31 58 0 8 0.296571
60 72 0 8 0.294370
1 48 0 8 0.294076
26 46 0 8 0.292778
35 48 0 8 0.292283
2 48 0 8 0.292100
15 39 0 8 0.291567
58 75 0 8 0.290767
1 17 0 8 0.290751
44 65 0 8 0.290601
27 62 0 8 0.290540
2 36 0 8 0.290170
14 30 0 8 0.283692
17 59 0 8 0.279652
9 21 0 8 0.278989
15 57 0 8 0.276904
17 74 0 8 0.276355
29 51 0 8 0.275921
1 15 0 8 0.274055
49 54 0 8 0.272752
15 42 0 8 0.271325
49 64 0 8 0.267455
3 23 0 8 0.265998
33 65 0 8 0.261823
33 61 0 8 0.260528
8 20 0 8 0.259809
36 56 0 8 0.259673
48 72 0 8 0.259213
34 47 0 8 0.257356
34 44 0 8 0.257304
35 41 0 8 0.257081
39 72 0 8 0.256291
45 73 0 8 0.255943
23 40 0 8 0.251377
5 72 0 8 0.251265
5 73 0 8 0.251072
4 50 0 8 0.247483
40 60 0 8 0.247199
21 58 0 8 0.246959
17 38 0 8 0.245381
22 69 0 8 0.241747
5 62 0 8 0.240278
36 73 0 8 0.240088
1 57 0 8 0.239992
51 65 0 8 0.236463
34 59 0 8 0.236163
22 64 0 8 0.235305
1 41 0 8 0.234607
57 63 0 8 0.230189
2 57 0 8 0.229221
3 37 0 8 0.228280
51 58 0 8 0.225754
43 55 0 8 0.225528
56 74 0 8 0.223821
5 51 0 8 0.223668
14 63 0 8 0.222041
42 68 0 8 0.221604
6 32 0 8 0.221037
4 31 0 8 0.219513
22 68 0 8 0.219015
30 62 0 8 0.214626
35 59 0 8 0.212341
45 60 0 8 0.210333
23 46 0 8 0.209958
11 46 0 8 0.209691
47 62 0 8 0.208989
21 34 0 8 0.207604
28 62 0 8 0.206485
22 62 0 8 0.206085
1 53 0 8 0.204747
18 33 0 8 0.204280
2 15 0 8 0.200182
25 51 0 8 0.200142
55 65 0 8 0.199351
30 44 0 8 0.194777
45 67 0 8 0.194718
29 73 0 8 0.193514
15 44 0 8 0.192139
45 75 0 8 0.190772
1 56 0 8 0.190106
46 55 0 8 0.185638
40 73 0 8 0.185548
7 65 0 8 0.183143
5 39 0 8 0.182570
14 23 0 8 0.182100
17 36 0 8 0.181787
18 31 0 8 0.180115
9 73 0 8 0.179571
1 74 0 8 0.178965
24 37 0 8 0.178734
18 27 0 8 0.177978
37 67 0 8 0.175289
14 62 0 8 0.174840
31 39 0 8 0.172201
39 66 0 8 0.171740
31 61 0 8 0.167635
4 41 0 8 0.167599
23 49 0 8 0.165533
36 60 0 8 0.162986
18 51 0 8 0.162663
51 66 0 8 0.160782
29 34 0 8 0.159636
8 74 0 8 0.158572
50 66 0 8 0.158083
2 75 0 8 0.156809
8 45 0 8 0.156080
3 14 0 8 0.152303
38 72 0 8 0.152298
24 31 0 8 0.150901
39 67 0 8 0.150284
51 75 0 8 0.150110
1 37 0 8 0.150058
48 69 0 8 0.147116
23 51 0 8 0.145980
55 61 0 8 0.145713
9 52 0 8 0.145317
60 65 0 8 0.144918
26 60 0 8 0.142465
57 70 0 8 0.141034
57 66 0 8 0.139611
1 39 0 8 0.137564
63 75 0 8 0.135060
44 60 0 8 0.134755
39 68 0 8 0.134634
2 58 0 8 0.133749
19 30 0 8 0.133395
16 44 0 8 0.131799
6 59 0 8 0.131497
44 71 0 8 0.131473
46 53 0 8 0.131170
53 61 0 8 0.130799
46 75 0 8 0.130149
1 30 0 8 0.129124
43 70 0 8 0.125964
42 63 0 8 0.122104
10 44 0 8 0.121066
20 58 0 8 0.119605
39 47 0 8 0.119098
17 67 0 8 0.118121
50 61 0 8 0.117687
15 72 0 8 0.117507
46 63 0 8 0.116513
53 65 0 8 0.114607
57 75 0 8 0.112362
15 47 0 8 0.111675
27 56 0 8 0.110722
65 74 0 8 0.110134
55 75 0 8 0.109855
31 75 0 8 0.108180
14 38 0 8 0.105876
14 32 0 8 0.103555
44 50 0 8 0.102527
8 15 0 8 0.101790
27 70 0 8 0.101260
5 12 0 8 0.100889
32 75 0 8 0.098007
7 26 0 8 0.097319
34 40 0 8 0.095058
31 44 0 8 0.094684
31 56 0 8 0.092063
8 47 0 8 0.091950
1 49 0 8 0.090736
53 63 0 8 0.090691
17 45 0 8 0.090652
46 74 0 8 0.089530
69 75 0 8 0.089110
20 74 0 8 0.089088
10 51 0 8 0.088825
3 71 0 8 0.088351
34 62 0 8 0.087747
12 66 0 8 0.085532
10 48 0 8 0.085036
51 74 0 8 0.083712
47 73 0 8 0.083634
30 50 0 8 0.082386
1 58 0 8 0.081349
39 50 0 8 0.081321
25 73 0 8 0.078883
2 59 0 8 0.078144
4 36 0 8 0.078111
17 29 0 8 0.077818
17 75 0 8 0.077354
14 47 0 8 0.075522
2 65 0 8 0.074133
14 51 0 8 0.073173
20 60 0 8 0.072601
36 74 0 8 0.071159
48 68 0 8 0.071140
19 66 0 8 0.069032
2 19 0 8 0.068164
21 48 0 8 0.063526
26 31 0 8 0.058782
5 69 0 8 0.058761
28 57 0 8 0.057432
5 10 0 8 0.056661
14 75 0 8 0.054780
2 40 0 8 0.052702
37 62 0 8 0.051677
24 56 0 8 0.051630
10 66 0 8 0.051269
11 23 0 8 0.048948
1 23 0 8 0.048011
2 68 0 8 0.048010
19 32 0 8 0.047928
1 54 0 8 0.047910
16 35 0 8 0.046700
9 42 0 8 0.046308
19 75 0 8 0.046302
14 26 0 8 0.044299
33 67 0 8 0.043873
8 59 0 8 0.042044
3 42 0 8 0.041918
42 58 0 8 0.041405
10 58 0 8 0.039214
7 56 0 8 0.039086
22 48 0 8 0.038991
6 20 0 8 0.038810
1 32 0 8 0.037679
1 73 0 8 0.036318
24 34 0 8 0.035192
64 75 0 8 0.034511
25 42 0 8 0.034489
17 61 0 8 0.032368
50 59 0 8 0.031812
27 74 0 8 0.029714
29 41 0 8 0.028929
15 62 0 8 0.028429
33 53 0 8 0.027546
40 55 0 8 0.027315
46 62 0 8 0.027145
43 56 0 8 0.025333
27 64 0 8 0.023872
34 54 0 8 0.022958
23 36 0 8 0.022888
32 37 0 8 0.022873
34 64 0 8 0.020722
47 75 0 8 0.020598
4 35 0 8 0.020341
3 69 0 8 0.017440
37 47 0 8 0.016756
35 69 0 8 0.016659
3 75 0 8 0.016478
18 26 0 8 0.016034
1 27 0 8 0.016024
14 43 0 8 0.015851
20 27 0 8 0.014209
21 47 0 8 0.013701
26 38 0 8 0.013077
34 49 0 8 0.012514
24 29 0 8 0.012465
6 26 0 8 0.008973
33 74 0 8 0.008831
33 63 0 8 0.007760
49 62 0 8 0.007408
27 65 0 8 0.006970
2 12 0 8 0.004906
2 22 0 8 0.004490
7 37 0 8 0.004485
30 40 0 8 0.000468
16 70 0 8 -0.001007
3 44 0 8 -0.001090
26 75 0 8 -0.003544
21 55 0 8 -0.005171
50 71 0 8 -0.005372
5 60 0 8 -0.005772
20 30 0 8 -0.006172
15 71 0 8 -0.006945
28 48 0 8 -0.010621
23 45 0 8 -0.010943
31 52 0 8 -0.011642
44 49 0 8 -0.012636
50 63 0 8 -0.013620
30 37 0 8 -0.014150
13 32 0 8 -0.014546
1 45 0 8 -0.014808
38 44 0 8 -0.014899
43 63 0 8 -0.014952
54 67 0 8 -0.015099
9 65 0 8 -0.016402
8 56 0 8 -0.016709
40 56 0 8 -0.019214
38 67 0 8 -0.019910
29 64 0 8 -0.020880
1 7 0 8 -0.022612
4 57 0 8 -0.022800
18 42 0 8 -0.023540
62 70 0 8 -0.024956
30 51 0 8 -0.025114
3 72 0 8 -0.025144
58 65 0 8 -0.025821
13 47 0 8 -0.028555
12 35 0 8 -0.029277
39 48 0 8 -0.030983
31 60 0 8 -0.031110
11 75 0 8 -0.031280
7 35 0 8 -0.032445
35 53 0 8 -0.032938
32 67 0 8 -0.033658
15 59 0 8 -0.035717
50 73 0 8 -0.036538
23 32 0 8 -0.036611
24 54 0 8 -0.036674
37 75 0 8 -0.037351
24 30 0 8 -0.039162
16 75 0 8 -0.039497
1 75 0 8 -0.039947
4 46 0 8 -0.041242
5 19 0 8 -0.042215
31 47 0 8 -0.042630
8 66 0 8 -0.042880
32 63 0 8 -0.043639
18 54 0 8 -0.043994
3 59 0 8 -0.045084
22 35 0 8 -0.045198
28 64 0 8 -0.046843
43 72 0 8 -0.049290
6 36 0 8 -0.050047
25 32 0 8 -0.051510
12 75 0 8 -0.054204
8 16 0 8 -0.055574
2 46 0 8 -0.056092
66 74 0 8 -0.058272
44 74 0 8 -0.058828
62 68 0 8 -0.060166
30 53 0 8 -0.060739
40 66 0 8 -0.061614
7 60 0 8 -0.061637
3 26 0 8 -0.062229
20 75 0 8 -0.062584
58 63 0 8 -0.064668
40 75 0 8 -0.064669
18 48 0 8 -0.067102
19 70 0 8 -0.068321
4 28 0 8 -0.070113
3 25 0 8 -0.071131
11 43 0 8 -0.071883
1 63 0 8 -0.075065
32 73 0 8 -0.078626
24 75 0 8 -0.078629
47 65 0 8 -0.079287
1 28 0 8 -0.079336
19 61 0 8 -0.081923
6 64 0 8 -0.083753
17 71 0 8 -0.084005
4 75 0 8 -0.087465
2 25 0 8 -0.088123
11 21 0 8 -0.088260
10 75 0 8 -0.088621
13 66 0 8 -0.090228
11 73 0 8 -0.091962
35 54 0 8 -0.093293
6 24 0 8 -0.094099
12 62 0 8 -0.095663
63 72 0 8 -0.097944
21 54 0 8 -0.099170
10 26 0 8 -0.099297
9 14 0 8 -0.099587
18 67 0 8 -0.100094
2 9 0 8 -0.101858
34 51 0 8 -0.102670
21 36 0 8 -0.106641
30 63 0 8 -0.107430
39 70 0 8 -0.108047
44 66 0 8 -0.110111
34 48 0 8 -0.111563
56 71 0 8 -0.111770
2 42 0 8 -0.113995
52 59 0 8 -0.114045
16 54 0 8 -0.114417
9 62 0 8 -0.115547
42 61 0 8 -0.116392
36 41 0 8 -0.116577
16 64 0 8 -0.118083
7 18 0 8 -0.118688
18 62 0 8 -0.118776
50 67 0 8 -0.119223
12 49 0 8 -0.120228
36 53 0 8 -0.121273
38 51 0 8 -0.122119
33 64 0 8 -0.122945
23 57 0 8 -0.123539
22 38 0 8 -0.123915
1 12 0 8 -0.124918
25 46 0 8 -0.125349
1 18 0 8 -0.127325
2 54 0 8 -0.128333
17 25 0 8 -0.128506
22 46 0 8 -0.131604
37 74 0 8 -0.132221
26 53 0 8 -0.133541
4 17 0 8 -0.135168
26 36 0 8 -0.136381
12 31 0 8 -0.136509
17 34 0 8 -0.137174
51 61 0 8 -0.137206
8 50 0 8 -0.137419
49 74 0 8 -0.138471
18 75 0 8 -0.138674
18 55 0 8 -0.139125
23 72 0 8 -0.139141
68 75 0 8 -0.139582
2 38 0 8 -0.139806
3 49 0 8 -0.141084
29 53 0 8 -0.141503
10 39 0 8 -0.141662
53 67 0 8 -0.141758
9 50 0 8 -0.142489
7 75 0 8 -0.142766
12 24 0 8 -0.143761
1 42 0 8 -0.144640
38 75 0 8 -0.144711
7 66 0 8 -0.145271
34 45 0 8 -0.145489
38 65 0 8 -0.147123
32 69 0 8 -0.147221
67 74 0 8 -0.147238
65 70 0 8 -0.147536
1 24 0 8 -0.148637
24 35 0 8 -0.148976
5 65 0 8 -0.149096
9 68 0 8 -0.149356
18 45 0 8 -0.151774
24 68 0 8 -0.152878
7 19 0 8 -0.153362
70 75 0 8 -0.153492
59 75 0 8 -0.153551
17 53 0 8 -0.153982
2 29 0 8 -0.155714
1 64 0 8 -0.155917
21 68 0 8 -0.156039
32 49 0 8 -0.156702
50 69 0 8 -0.156917
1 9 0 8 -0.158075
12 21 0 8 -0.158408
53 75 0 8 -0.160126
12 26 0 8 -0.162099
49 75 0 8 -0.162417
12 44 0 8 -0.162536
11 48 0 8 -0.162590
51 63 0 8 -0.162927
1 65 0 8 -0.163729
42 74 0 8 -0.166170
39 54 0 8 -0.166272
2 11 0 8 -0.166686
42 75 0 8 -0.166746
36 75 0 8 -0.167028
11 33 0 8 -0.167315
59 65 0 8 -0.168887
6 75 0 8 -0.170415
51 73 0 8 -0.170557
33 39 0 8 -0.171512
7 36 0 8 -0.171547
44 75 0 8 -0.171603
43 75 0 8 -0.172046
15 75 0 8 -0.173214
28 75 0 8 -0.173808
28 58 0 8 -0.174315
16 68 0 8 -0.174568
4 56 0 8 -0.176122
2 23 0 8 -0.176238
1 66 0 8 -0.177136
27 48 0 8 -0.177193
13 72 0 8 -0.177874
1 47 0 8 -0.177900
5 30 0 8 -0.178328
33 44 0 8 -0.178569
24 63 0 8 -0.179657
1 50 0 8 -0.181145
14 46 0 8 -0.181185
4 19 0 8 -0.181906
12 63 0 8 -0.182729
52 61 0 8 -0.182848
23 56 0 8 -0.186067
1 71 0 8 -0.187378
48 71 0 8 -0.188349
64 69 0 8 -0.189474
19 73 0 8 -0.190228
8 44 0 8 -0.190995
12 55 0 8 -0.193617
45 65 0 8 -0.194018
16 27 0 8 -0.194684
65 75 0 8 -0.195875
8 63 0 8 -0.196640
66 75 0 8 -0.198358
14 72 0 8 -0.199291
34 75 0 8 -0.202108
32 55 0 8 -0.202388
31 70 0 8 -0.202479
21 73 0 8 -0.203407
16 65 0 8 -0.204106
1 10 0 8 -0.204236
30 75 0 8 -0.204292
33 42 0 8 -0.204432
10 72 0 8 -0.204603
41 75 0 8 -0.206322
31 45 0 8 -0.207320
53 68 0 8 -0.208929
21 32 0 8 -0.209099
25 50 0 8 -0.209146
3 39 0 8 -0.209314
9 75 0 8 -0.209737
41 73 0 8 -0.211014
3 40 0 8 -0.214082
1 35 0 8 -0.214642
12 46 0 8 -0.217642
17 69 0 8 -0.217787
26 68 0 8 -0.218278
17 40 0 8 -0.218553
5 37 0 8 -0.220408
45 68 0 8 -0.221368
39 75 0 8 -0.221586
7 71 0 8 -0.221596
1 26 0 8 -0.221799
61 75 0 8 -0.222130
39 49 0 8 -0.222627
41 61 0 8 -0.222896
36 54 0 8 -0.222899
1 43 0 8 -0.226994
8 75 0 8 -0.227241
4 59 0 8 -0.227495
35 66 0 8 -0.227501
10 20 0 8 -0.228153
40 48 0 8 -0.229238
48 53 0 8 -0.230111
18 30 0 8 -0.230652
2 10 0 8 -0.232552
12 57 0 8 -0.233451
20 64 0 8 -0.233943
29 50 0 8 -0.234088
7 70 0 8 -0.235361
34 63 0 8 -0.235978
38 63 0 8 -0.237021
34 46 0 8 -0.237928
29 75 0 8 -0.237935
1 8 0 8 -0.238017
40 63 0 8 -0.238696
23 62 0 8 -0.239083
2 16 0 8 -0.239549
16 62 0 8 -0.240840
24 33 0 8 -0.241380
2 34 0 8 -0.241544
22 75 0 8 -0.241673
35 75 0 8 -0.243497
21 75 0 8 -0.243662
26 48 0 8 -0.243722
31 66 0 8 -0.244089
27 75 0 8 -0.244786
28 66 0 8 -0.244876
67 75 0 8 -0.245142
10 69 0 8 -0.245266
30 61 0 8 -0.245368
30 39 0 8 -0.246047
21 28 0 8 -0.247372
62 75 0 8 -0.247588
54 75 0 8 -0.249615
53 62 0 8 -0.249636
13 53 0 8 -0.250595
56 75 0 8 -0.252464
53 58 0 8 -0.252653
4 14 0 8 -0.252670
19 24 0 8 -0.254107
1 29 0 8 -0.254324
40 61 0 8 -0.255002
19 65 0 8 -0.257082
3 30 0 8 -0.257872
9 47 0 8 -0.258657
10 24 0 8 -0.259918
2 64 0 8 -0.260267
11 65 0 8 -0.261213
10 47 0 8 -0.261442
9 48 0 8 -0.261935
2 17 0 8 -0.262042
21 74 0 8 -0.262372
13 57 0 8 -0.262999
11 42 0 8 -0.263020
14 25 0 8 -0.263815
10 45 0 8 -0.264004
11 29 0 8 -0.268585
25 59 0 8 -0.268830
5 24 0 8 -0.269607
13 75 0 8 -0.270754
21 35 0 8 -0.271365
24 52 0 8 -0.273030
33 62 0 8 -0.274121
24 57 0 8 -0.275378
28 39 0 8 -0.278141
33 75 0 8 -0.278532
52 67 0 8 -0.279527
35 65 0 8 -0.280996
51 72 0 8 -0.281410
15 38 0 8 -0.282646
11 60 0 8 -0.282753
41 54 0 8 -0.284595
35 62 0 8 -0.287517
35 58 0 8 -0.288168
40 58 0 8 -0.289312
8 34 0 8 -0.289891
16 46 0 8 -0.290127
37 63 0 8 -0.290847
17 32 0 8 -0.291192
59 74 0 8 -0.291340
12 32 0 8 -0.293708
41 63 0 8 -0.294073
36 66 0 8 -0.296071
48 74 0 8 -0.296400
11 56 0 8 -0.296914
17 55 0 8 -0.297245
15 56 0 8 -0.297723
52 69 0 8 -0.299496
29 37 0 8 -0.300219
20 53 0 8 -0.302007
34 71 0 8 -0.302049
24 32 0 8 -0.302155
9 60 0 8 -0.305885
2 60 0 8 -0.306214
28 38 0 8 -0.306701
12 73 0 8 -0.308550
1 14 0 8 -0.308921
42 56 0 8 -0.309352
11 36 0 8 -0.309379
9 54 0 8 -0.310566
6 22 0 8 -0.310811
6 35 0 8 -0.312704
12 28 0 8 -0.315258
34 52 0 8 -0.315387
58 66 0 8 -0.315923
11 64 0 8 -0.316011
22 32 0 8 -0.316309
14 60 0 8 -0.316757
58 74 0 8 -0.316798
6 27 0 8 -0.316835
31 49 0 8 -0.317593
15 33 0 8 -0.318665
17 73 0 8 -0.321568
1 40 0 8 -0.322628
43 57 0 8 -0.322982
20 43 0 8 -0.323681
22 72 0 8 -0.323983
20 61 0 8 -0.324948
39 64 0 8 -0.327637
31 54 0 8 -0.328309
6 66 0 8 -0.328550
17 27 0 8 -0.329054
4 72 0 8 -0.329339
2 14 0 8 -0.332200
14 50 0 8 -0.332846
41 60 0 8 -0.332915
4 47 0 8 -0.332945
12 74 0 8 -0.335179
25 38 0 8 -0.338621
5 68 0 8 -0.340042
12 36 0 8 -0.340969
2 52 0 8 -0.342741
1 16 0 8 -0.343343
25 53 0 8 -0.343698
12 27 0 8 -0.344183
10 43 0 8 -0.344754
1 67 0 8 -0.344990
28 36 0 8 -0.345150
23 63 0 8 -0.347116
53 60 0 8 -0.347266
18 36 0 8 -0.347614
21 50 0 8 -0.347989
2 20 0 8 -0.348669
42 48 0 8 -0.348962
4 71 0 8 -0.350585
35 47 0 8 -0.351600
51 57 0 8 -0.353694
46 60 0 8 -0.353848
32 74 0 8 -0.356235
31 46 0 8 -0.356259
9 39 0 8 -0.356499
19 26 0 8 -0.356524
6 12 0 8 -0.356878
15 70 0 8 -0.357261
12 53 0 8 -0.358125
34 73 0 8 -0.359131
3 15 0 8 -0.360057
12 71 0 8 -0.360738
44 72 0 8 -0.362068
48 65 0 8 -0.362652
37 72 0 8 -0.362736
13 54 0 8 -0.362763
10 34 0 8 -0.362905
34 53 0 8 -0.364153
10 61 0 8 -0.364734
11 69 0 8 -0.364817
47 63 0 8 -0.365529
7 63 0 8 -0.366152
5 57 0 8 -0.368102
2 63 0 8 -0.369210
28 44 0 8 -0.369594
4 20 0 8 -0.370769
50 65 0 8 -0.371097
7 64 0 8 -0.371180
4 48 0 8 -0.371309
1 21 0 8 -0.371720
63 68 0 8 -0.371735
1 20 0 8 -0.372238
13 28 0 8 -0.372846
47 56 0 8 -0.373372
25 68 0 8 -0.373497
7 47 0 8 -0.374669
27 51 0 8 -0.374771
64 72 0 8 -0.375402
2 73 0 8 -0.375557
53 72 0 8 -0.376364
3 64 0 8 -0.378689
20 50 0 8 -0.380433
42 67 0 8 -0.380891
1 70 0 8 -0.383392
34 57 0 8 -0.384219
62 69 0 8 -0.384303
40 57 0 8 -0.384666
1 69 0 8 -0.384723
1 36 0 8 -0.384932
16 69 0 8 -0.385487
26 74 0 8 -0.385827
21 59 0 8 -0.386400
35 67 0 8 -0.387278
24 58 0 8 -0.388087
23 43 0 8 -0.388094
12 69 0 8 -0.388237
12 29 0 8 -0.389835
68 73 0 8 -0.389934
22 42 0 8 -0.390006
9 15 0 8 -0.392136
14 41 0 8 -0.393069
48 73 0 8 -0.393553
19 59 0 8 -0.396115
16 71 0 8 -0.397615
4 43 0 8 -0.398971
10 50 0 8 -0.400316
16 66 0 8 -0.401128
28 74 0 8 -0.401361
43 73 0 8 -0.402551
10 22 0 8 -0.402662
43 58 0 8 -0.403828
5 27 0 8 -0.404207
26 63 0 8 -0.404299
43 51 0 8 -0.404617
13 63 0 8 -0.404750
36 44 0 8 -0.405789
20 26 0 8 -0.406115
21 57 0 8 -0.407053
13 59 0 8 -0.407248
9 41 0 8 -0.408532
2 18 0 8 -0.409148
10 71 0 8 -0.411321
25 69 0 8 -0.411453
58 73 0 8 -0.411621
27 61 0 8 -0.413105
32 70 0 8 -0.413444
6 28 0 8 -0.413723
59 68 0 8 -0.414085
17 49 0 8 -0.415235
26 54 0 8 -0.416956
6 73 0 8 -0.417077
20 69 0 8 -0.417310
1 44 0 8 -0.417655
9 70 0 8 -0.417785
61 71 0 8 -0.418731
21 70 0 8 -0.419678
27 52 0 8 -0.420134
42 66 0 8 -0.421123
58 71 0 8 -0.422076
10 52 0 8 -0.422126
12 65 0 8 -0.422529
1 22 0 8 -0.423807
8 43 0 8 -0.423817
51 71 0 8 -0.424748
11 50 0 8 -0.425078
16 38 0 8 -0.426629
14 68 0 8 -0.428370
17 48 0 8 -0.428567
24 36 0 8 -0.429287
31 50 0 8 -0.429556
17 28 0 8 -0.429720
29 38 0 8 -0.430529
50 60 0 8 -0.431767
13 61 0 8 -0.432250
22 34 0 8 -0.432669
22 73 0 8 -0.434051
67 73 0 8 -0.434126
4 68 0 8 -0.434748
14 61 0 8 -0.435093
51 70 0 8 -0.435188
37 73 0 8 -0.435294
19 68 0 8 -0.436721
5 23 0 8 -0.437225
39 51 0 8 -0.437890
12 45 0 8 -0.438699
7 39 0 8 -0.440158
2 72 0 8 -0.440293
3 73 0 8 -0.440395
40 59 0 8 -0.440569
27 66 0 8 -0.444323
37 71 0 8 -0.444603
7 25 0 8 -0.446237
11 18 0 8 -0.446397
1 6 0 8 -0.447804
32 57 0 8 -0.448767
12 38 0 8 -0.449276
54 73 0 8 -0.451261
1 72 0 8 -0.452038
41 58 0 8 -0.454065
29 36 0 8 -0.458072
48 55 0 8 -0.458301
28 53 0 8 -0.459609
3 12 0 8 -0.461719
4 30 0 8 -0.462803
52 65 0 8 -0.463533
12 41 0 8 -0.464116
10 16 0 8 -0.465214
9 72 0 8 -0.467181
12 64 0 8 -0.467419
18 72 0 8 -0.467500
27 59 0 8 -0.468695
6 39 0 8 -0.469402
10 68 0 8 -0.472489
12 70 0 8 -0.472900
8 39 0 8 -0.475489
51 62 0 8 -0.475702
26 50 0 8 -0.475815
26 71 0 8 -0.476124
6 53 0 8 -0.476859
10 46 0 8 -0.476899
18 68 0 8 -0.479594
33 43 0 8 -0.480616
12 23 0 8 -0.481020
5 15 0 8 -0.482862
33 49 0 8 -0.483444
42 55 0 8 -0.484230
45 61 0 8 -0.485107
50 74 0 8 -0.486115
45 66 0 8 -0.486318
24 46 0 8 -0.486580
1 60 0 8 -0.486726
18 50 0 8 -0.487496
19 74 0 8 -0.487975
12 39 0 8 -0.488124
15 65 0 8 -0.488550
1 19 0 8 -0.488586
40 68 0 8 -0.488620
24 73 0 8 -0.492091
13 29 0 8 -0.492231
1 68 0 8 -0.492271
14 44 0 8 -0.493575
10 70 0 8 -0.494505
58 70 0 8 -0.494707
26 66 0 8 -0.495369
1 33 0 8 -0.496441
21 72 0 8 -0.496922
10 41 0 8 -0.497025
24 50 0 8 -0.499022
58 64 0 8 -0.499351
4 40 0 8 -0.500605
41 59 0 8 -0.501678
7 29 0 8 -0.501979
1 46 0 8 -0.502846
9 32 0 8 -0.503006
6 16 0 8 -0.505343
20 33 0 8 -0.505378
4 55 0 8 -0.507513
10 29 0 8 -0.507681
23 71 0 8 -0.509089
16 55 0 8 -0.509474
3 63 0 8 -0.509673
12 42 0 8 -0.510309
12 33 0 8 -0.510682
6 49 0 8 -0.510738
60 73 0 8 -0.511028
8 29 0 8 -0.511528
41 50 0 8 -0.511760
45 59 0 8 -0.513821
54 60 0 8 -0.514605
12 58 0 8 -0.516460
5 55 0 8 -0.517517
10 28 0 8 -0.518679
36 72 0 8 -0.518798
39 56 0 8 -0.520678
43 61 0 8 -0.521504
2 56 0 8 -0.521534
42 71 0 8 -0.522067
3 70 0 8 -0.522152
26 43 0 8 -0.522399
46 67 0 8 -0.523322
10 60 0 8 -0.524425
42 69 0 8 -0.529768
26 33 0 8 -0.532408
12 52 0 8 -0.532428
2 7 0 8 -0.533163
1 59 0 8 -0.533762
12 37 0 8 -0.533796
28 54 0 8 -0.535168
4 32 0 8 -0.536746
15 60 0 8 -0.537407
34 61 0 8 -0.539167
8 70 0 8 -0.539900
52 60 0 8 -0.540845
7 14 0 8 -0.541292
21 37 0 8 -0.544174
10 18 0 8 -0.545311
19 58 0 8 -0.546012
8 30 0 8 -0.546836
33 69 0 8 -0.548650
4 39 0 8 -0.550655
47 61 0 8 -0.550883
34 55 0 8 -0.551586
2 55 0 8 -0.551628
4 25 0 8 -0.551886
24 43 0 8 -0.553118
13 30 0 8 -0.554332
10 53 0 8 -0.554680
37 60 0 8 -0.555299
26 34 0 8 -0.555459
49 69 0 8 -0.555588
9 69 0 8 -0.556161
19 37 0 8 -0.565113
2 45 0 8 -0.565949
22 60 0 8 -0.568052
29 74 0 8 -0.570653
27 36 0 8 -0.572934
1 51 0 8 -0.572973
36 49 0 8 -0.574606
56 73 0 8 -0.574892
12 60 0 8 -0.575784
25 39 0 8 -0.578115
27 35 0 8 -0.581446
6 50 0 8 -0.583186
12 72 0 8 -0.583837
19 72 0 8 -0.583896
26 72 0 8 -0.584249
16 37 0 8 -0.584999
12 40 0 8 -0.585881
9 64 0 8 -0.587075
40 70 0 8 -0.588785
16 58 0 8 -0.589260
22 66 0 8 -0.589824
34 65 0 8 -0.589958
15 55 0 8 -0.590055
29 58 0 8 -0.590147
2 71 0 8 -0.591560
7 40 0 8 -0.591595
16 59 0 8 -0.591852
7 55 0 8 -0.593995
1 13 0 8 -0.594117
12 18 0 8 -0.595337
21 61 0 8 -0.595851
33 71 0 8 -0.596779
4 69 0 8 -0.596946
6 14 0 8 -0.597353
19 67 0 8 -0.598197
16 63 0 8 -0.598780
19 33 0 8 -0.598789
27 39 0 8 -0.601188
12 67 0 8 -0.604556
36 50 0 8 -0.606964
56 65 0 8 -0.608097
18 41 0 8 -0.608985
19 48 0 8 -0.609211
20 36 0 8 -0.610627
10 30 0 8 -0.610752
46 61 0 8 -0.612436
15 29 0 8 -0.612551
2 44 0 8 -0.612951
10 25 0 8 -0.614839
29 72 0 8 -0.617331
25 62 0 8 -0.617681
23 61 0 8 -0.619471
38 74 0 8 -0.620093
14 74 0 8 -0.620397
1 55 0 8 -0.621670
42 54 0 8 -0.622369
5 70 0 8 -0.624554
57 67 0 8 -0.625221
35 51 0 8 -0.626357
15 25 0 8 -0.628926
38 56 0 8 -0.629865
17 46 0 8 -0.630030
58 72 0 8 -0.630909
10 40 0 8 -0.631295
3 10 0 8 -0.631993
12 34 0 8 -0.632011
44 63 0 8 -0.635763
2 30 0 8 -0.636976
5 71 0 8 -0.637191
23 58 0 8 -0.637876
17 22 0 8 -0.638406
10 55 0 8 -0.638545
41 55 0 8 -0.638713
12 30 0 8 -0.638840
60 71 0 8 -0.639743
38 47 0 8 -0.640004
5 22 0 8 -0.641274
15 24 0 8 -0.642264
20 66 0 8 -0.642550
9 16 0 8 -0.643174
28 65 0 8 -0.643283
10 65 0 8 -0.643289
43 69 0 8 -0.643308
15 46 0 8 -0.645650
4 73 0 8 -0.646596
4 11 0 8 -0.647107
31 63 0 8 -0.647751
13 65 0 8 -0.648079
43 68 0 8 -0.648333
34 68 0 8 -0.648723
36 70 0 8 -0.649489
49 63 0 8 -0.649523
52 57 0 8 -0.650846
69 74 0 8 -0.651141
63 74 0 8 -0.651501
59 67 0 8 -0.651897
12 17 0 8 -0.651965
16 24 0 8 -0.652422
9 24 0 8 -0.653543
13 18 0 8 -0.653645
31 38 0 8 -0.654271
21 26 0 8 -0.654347
7 59 0 8 -0.657278
4 9 0 8 -0.658976
17 23 0 8 -0.661826
4 24 0 8 -0.661940
18 43 0 8 -0.661970
23 44 0 8 -0.662455
7 69 0 8 -0.663740
49 65 0 8 -0.665119
29 45 0 8 -0.665358
27 54 0 8 -0.666120
48 64 0 8 -0.666201
3 20 0 8 -0.666762
8 35 0 8 -0.667237
2 66 0 8 -0.668009
9 49 0 8 -0.668065
18 70 0 8 -0.668660
36 68 0 8 -0.669082
51 59 0 8 -0.669093
14 33 0 8 -0.669871
47 72 0 8 -0.670045
22 43 0 8 -0.670402
10 74 0 8 -0.670773
30 57 0 8 -0.671525
4 66 0 8 -0.672275
36 62 0 8 -0.672519
37 49 0 8 -0.672843
17 51 0 8 -0.673304
7 42 0 8 -0.674661
13 60 0 8 -0.675528
25 61 0 8 -0.675749
20 52 0 8 -0.678653
12 19 0 8 -0.678957
25 34 0 8 -0.678973
61 68 0 8 -0.680373
36 48 0 8 -0.681898
18 46 0 8 -0.682979
19 25 0 8 -0.684152
39 65 0 8 -0.684196
12 68 0 8 -0.684564
32 56 0 8 -0.686015
31 73 0 8 -0.686110
3 51 0 8 -0.688529
24 64 0 8 -0.689250
3 13 0 8 -0.689746
10 23 0 8 -0.689884
25 30 0 8 -0.691761
8 57 0 8 -0.692782
16 25 0 8 -0.694881
42 51 0 8 -0.696509
20 63 0 8 -0.697411
13 21 0 8 -0.698894
2 27 0 8 -0.699901
7 38 0 8 -0.700580
12 22 0 8 -0.701759
17 35 0 8 -0.702961
54 63 0 8 -0.705458
38 70 0 8 -0.707738
5 17 0 8 -0.707865
7 48 0 8 -0.708484
10 73 0 8 -0.709334
18 38 0 8 -0.711722
18 53 0 8 -0.711946
30 41 0 8 -0.712777
38 50 0 8 -0.712867
26 57 0 8 -0.712929
52 68 0 8 -0.713046
27 53 0 8 -0.714226
43 66 0 8 -0.714297
13 23 0 8 -0.714400
7 73 0 8 -0.714528
43 52 0 8 -0.715236
2 50 0 8 -0.715524
30 66 0 8 -0.715773
3 29 0 8 -0.716676
18 49 0 8 -0.716907
49 68 0 8 -0.717626
57 65 0 8 -0.717826
43 50 0 8 -0.718555
18 73 0 8 -0.721709
3 18 0 8 -0.723075
7 53 0 8 -0.724651
42 70 0 8 -0.726384
5 46 0 8 -0.731869
18 44 0 8 -0.732898
39 53 0 8 -0.733748
8 60 0 8 -0.734659
3 53 0 8 -0.735066
10 64 0 8 -0.736819
22 49 0 8 -0.736873
7 52 0 8 -0.737151
40 52 0 8 -0.739270
13 67 0 8 -0.739447
26 42 0 8 -0.740891
6 23 0 8 -0.741043
39 63 0 8 -0.741159
13 51 0 8 -0.744985
3 50 0 8 -0.750106
15 74 0 8 -0.750682
45 54 0 8 -0.751045
40 62 0 8 -0.751507
2 70 0 8 -0.751755
54 74 0 8 -0.751867
35 70 0 8 -0.754049
15 30 0 8 -0.755875
4 54 0 8 -0.756055
45 72 0 8 -0.757193
7 58 0 8 -0.757394
21 31 0 8 -0.757630
28 37 0 8 -0.757932
25 55 0 8 -0.758114
40 47 0 8 -0.758153
23 60 0 8 -0.758919
4 61 0 8 -0.762386
5 38 0 8 -0.763983
9 29 0 8 -0.767887
30 46 0 8 -0.770726
63 71 0 8 -0.771264
10 35 0 8 -0.772943
33 56 0 8 -0.773682
7 32 0 8 -0.774691
32 58 0 8 -0.777322
3 48 0 8 -0.778640
19 64 0 8 -0.779286
15 63 0 8 -0.779599
39 74 0 8 -0.780203
14 37 0 8 -0.780343
8 28 0 8 -0.781460
7 21 0 8 -0.783807
6 72 0 8 -0.784511
14 21 0 8 -0.784703
34 42 0 8 -0.785493
12 56 0 8 -0.785789
46 73 0 8 -0.785960
20 28 0 8 -0.787700
38 57 0 8 -0.789208
52 70 0 8 -0.789551
43 54 0 8 -0.790169
4 64 0 8 -0.790553
46 71 0 8 -0.792625
5 31 0 8 -0.795058
2 51 0 8 -0.795279
17 72 0 8 -0.796032
7 72 0 8 -0.796882
7 57 0 8 -0.797149
41 67 0 8 -0.800536
48 66 0 8 -0.801708
25 52 0 8 -0.802255
30 43 0 8 -0.802577
53 59 0 8 -0.802793
24 62 0 8 -0.803361
43 74 0 8 -0.804463
25 66 0 8 -0.804701
32 48 0 8 -0.805352
50 56 0 8 -0.805469
29 59 0 8 -0.805809
45 71 0 8 -0.806211
15 35 0 8 -0.808772
13 20 0 8 -0.810917
37 52 0 8 -0.812982
15 50 0 8 -0.813821
51 56 0 8 -0.815951
28 35 0 8 -0.816460
57 71 0 8 -0.816958
42 64 0 8 -0.818825
37 44 0 8 -0.820227
10 36 0 8 -0.820283
40 65 0 8 -0.820844
29 48 0 8 -0.821295
44 68 0 8 -0.821424
13 40 0 8 -0.821752
11 34 0 8 -0.822459
20 73 0 8 -0.822874
11 71 0 8 -0.824206
10 63 0 8 -0.826216
20 42 0 8 -0.830462
5 66 0 8 -0.830815
23 66 0 8 -0.831075
18 23 0 8 -0.831220
7 51 0 8 -0.831959
44 64 0 8 -0.831968
38 68 0 8 -0.832546
39 44 0 8 -0.833383
4 70 0 8 -0.833543
5 42 0 8 -0.835821
10 49 0 8 -0.836184
56 64 0 8 -0.836404
19 40 0 8 -0.838354
20 45 0 8 -0.838813
23 42 0 8 -0.839183
49 66 0 8 -0.840340
2 49 0 8 -0.842347
11 35 0 8 -0.842402
14 42 0 8 -0.844468
2 47 0 8 -0.844923
9 30 0 8 -0.845060
4 38 0 8 -0.846642
37 46 0 8 -0.848609
49 70 0 8 -0.848839
30 71 0 8 -0.849197
9 63 0 8 -0.850495
5 29 0 8 -0.850609
35 74 0 8 -0.851760
19 27 0 8 -0.852704
32 41 0 8 -0.853533
4 21 0 8 -0.854481
61 73 0 8 -0.854725
39 69 0 8 -0.855880
29 63 0 8 -0.856652
14 64 0 8 -0.858062
20 39 0 8 -0.858311
58 69 0 8 -0.859431
5 58 0 8 -0.859579
35 73 0 8 -0.859771
55 67 0 8 -0.862214
6 61 0 8 -0.864310
26 32 0 8 -0.866107
11 17 0 8 -0.870502
7 24 0 8 -0.870975
55 62 0 8 -0.872437
41 62 0 8 -0.873093
2 69 0 8 -0.875971
30 48 0 8 -0.877276
14 34 0 8 -0.880525
54 72 0 8 -0.881664
59 69 0 8 -0.882234
13 37 0 8 -0.885231
9 55 0 8 -0.886737
14 66 0 8 -0.892529
17 37 0 8 -0.893794
3 61 0 8 -0.894463
15 34 0 8 -0.894495
15 73 0 8 -0.895412
16 41 0 8 -0.897776
16 42 0 8 -0.897981
34 60 0 8 -0.898580
36 63 0 8 -0.898622
53 64 0 8 -0.898770
59 71 0 8 -0.899106
18 61 0 8 -0.902871
43 60 0 8 -0.904119
2 43 0 8 -0.904550
8 69 0 8 -0.904671
3 31 0 8 -0.906209
50 72 0 8 -0.907008
17 66 0 8 -0.907994
21 63 0 8 -0.908186
40 67 0 8 -0.909342
4 18 0 8 -0.910556
27 69 0 8 -0.910804
22 33 0 8 -0.912137
43 48 0 8 -0.913763
26 58 0 8 -0.913838
20 54 0 8 -0.914424
6 13 0 8 -0.914838
3 45 0 8 -0.919120
64 71 0 8 -0.920537
18 35 0 8 -0.921529
14 73 0 8 -0.921731
26 70 0 8 -0.922040
6 47 0 8 -0.925349
14 35 0 8 -0.927054
25 56 0 8 -0.928836
10 17 0 8 -0.929373
16 40 0 8 -0.929956
6 19 0 8 -0.932019
11 39 0 8 -0.932271
20 71 0 8 -0.933149
19 71 0 8 -0.934521
21 49 0 8 -0.936464
16 34 0 8 -0.936573
3 43 0 8 -0.938954
16 48 0 8 -0.939918
20 35 0 8 -0.940254
22 56 0 8 -0.940557
9 58 0 8 -0.940773
55 69 0 8 -0.941338
19 52 0 8 -0.944220
19 41 0 8 -0.944893
10 32 0 8 -0.945868
45 53 0 8 -0.946492
15 28 0 8 -0.948543
6 71 0 8 -0.950444
2 53 0 8 -0.951219
28 55 0 8 -0.951310
50 70 0 8 -0.951831
4 29 0 8 -0.959787
14 54 0 8 -0.961895
4 65 0 8 -0.962797
21 30 0 8 -0.963584
36 52 0 8 -0.964309
7 15 0 8 -0.964738
28 73 0 8 -0.966089
57 73 0 8 -0.966981
2 28 0 8 -0.968835
6 54 0 8 -0.969642
37 48 0 8 -0.971336
56 68 0 8 -0.971339
48 70 0 8 -0.971545
6 63 0 8 -0.972566
51 67 0 8 -0.972839
36 46 0 8 -0.972898
14 39 0 8 -0.973320
8 72 0 8 -0.977609
7 61 0 8 -0.979527
19 31 0 8 -0.980884
3 36 0 8 -0.981889
7 23 0 8 -0.982476
8 25 0 8 -0.986143
6 33 0 8 -0.987597
26 65 0 8 -0.988514
40 64 0 8 -0.989392
27 32 0 8 -0.990829
5 45 0 8 -0.990967
31 53 0 8 -0.991173
7 41 0 8 -0.993551
60 68 0 8 -0.993818
19 38 0 8 -0.994819
38 45 0 8 -0.996734
50 58 0 8 -0.996912
41 48 0 8 -0.997624
54 62 0 8 -0.999430
52 64 0 8 -1.000470
2 62 0 8 -1.001579
39 52 0 8 -1.002447
33 41 0 8 -1.003872
7 74 0 8 -1.004045
32 59 0 8 -1.008237
17 26 0 8 -1.008597
21 66 0 8 -1.009095
24 44 0 8 -1.009983
21 33 0 8 -1.010435
8 27 0 8 -1.011765
10 37 0 8 -1.012883
62 74 0 8 -1.013240
56 69 0 8 -1.013351
4 52 0 8 -1.014373
38 55 0 8 -1.015435
2 31 0 8 -1.015495
49 61 0 8 -1.016582
32 46 0 8 -1.018258
41 53 0 8 -1.018897
5 61 0 8 -1.018922
4 51 0 8 -1.021258
28 45 0 8 -1.023202
42 60 0 8 -1.023327
49 58 0 8 -1.023328
15 43 0 8 -1.024646
33 52 0 8 -1.024861
48 56 0 8 -1.026421
3 65 0 8 -1.027193
15 69 0 8 -1.028555
5 11 0 8 -1.031868
19 36 0 8 -1.033680
15 66 0 8 -1.034369
5 44 0 8 -1.035882
53 70 0 8 -1.038524
14 31 0 8 -1.039205
14 29 0 8 -1.039867
15 68 0 8 -1.040956
37 58 0 8 -1.041150
27 60 0 8 -1.041662
3 56 0 8 -1.043345
40 46 0 8 -1.043379
53 71 0 8 -1.043508
27 55 0 8 -1.044276
55 64 0 8 -1.045834
24 69 0 8 -1.047032
14 36 0 8 -1.047412
18 59 0 8 -1.047843
24 59 0 8 -1.047886
25 37 0 8 -1.047968
14 65 0 8 -1.048188
42 47 0 8 -1.048728
5 74 0 8 -1.051617
34 50 0 8 -1.052275
17 42 0 8 -1.055538
26 73 0 8 -1.056483
5 56 0 8 -1.059513
9 40 0 8 -1.059775
43 71 0 8 -1.062770
16 26 0 8 -1.063087
13 22 0 8 -1.064515
33 72 0 8 -1.067444
34 66 0 8 -1.067600
59 73 0 8 -1.068225
10 59 0 8 -1.068470
57 62 0 8 -1.070753
18 66 0 8 -1.072203
17 39 0 8 -1.072679
55 72 0 8 -1.072891
58 68 0 8 -1.073882
6 51 0 8 -1.074881
18 28 0 8 -1.076083
3 19 0 8 -1.077541
48 57 0 8 -1.080204
11 40 0 8 -1.083612
24 65 0 8 -1.083881
50 62 0 8 -1.084039
50 64 0 8 -1.085606
41 72 0 8 -1.086162
9 37 0 8 -1.087895
16 72 0 8 -1.089714
27 50 0 8 -1.091627
47 66 0 8 -1.091642
8 22 0 8 -1.091829
36 71 0 8 -1.091904
27 47 0 8 -1.093267
14 71 0 8 -1.098836
31 48 0 8 -1.101010
8 42 0 8 -1.101260
10 31 0 8 -1.102398
46 64 0 8 -1.103226
5 49 0 8 -1.104674
29 62 0 8 -1.104915
22 45 0 8 -1.106357
8 71 0 8 -1.108581
8 54 0 8 -1.112672
4 62 0 8 -1.113305
23 54 0 8 -1.117673
14 69 0 8 -1.120013
27 58 0 8 -1.124148
5 64 0 8 -1.124208
11 61 0 8 -1.124884
45 52 0 8 -1.126194
28 40 0 8 -1.129717
33 58 0 8 -1.130453
21 41 0 8 -1.131166
22 55 0 8 -1.131551
17 70 0 8 -1.133111
7 22 0 8 -1.134431
4 27 0 8 -1.136109
32 61 0 8 -1.139498
8 37 0 8 -1.140405
52 63 0 8 -1.141537
30 47 0 8 -1.141579
15 45 0 8 -1.143723
31 74 0 8 -1.145043
38 54 0 8 -1.146852
20 49 0 8 -1.149789
37 54 0 8 -1.153593
23 30 0 8 -1.153761
19 51 0 8 -1.155058
48 58 0 8 -1.155993
9 71 0 8 -1.161373
22 27 0 8 -1.161534
30 67 0 8 -1.162014
30 64 0 8 -1.162249
48 61 0 8 -1.162856
5 25 0 8 -1.165409
10 57 0 8 -1.170438
10 67 0 8 -1.170459
30 60 0 8 -1.171353
3 32 0 8 -1.171661
25 74 0 8 -1.172529
30 74 0 8 -1.172571
19 55 0 8 -1.174739
21 64 0 8 -1.175122
36 65 0 8 -1.178029
8 24 0 8 -1.180876
49 71 0 8 -1.180937
43 53 0 8 -1.181319
38 61 0 8 -1.182001
14 59 0 8 -1.182343
23 29 0 8 -1.183996
13 52 0 8 -1.184461
13 73 0 8 -1.185245
42 49 0 8 -1.187755
29 61 0 8 -1.190936
19 45 0 8 -1.193061
31 72 0 8 -1.193179
33 68 0 8 -1.193413
11 16 0 8 -1.193940
23 68 0 8 -1.194572
13 70 0 8 -1.194970
14 58 0 8 -1.199053
29 60 0 8 -1.200549
32 66 0 8 -1.202310
23 37 0 8 -1.202639
35 45 0 8 -1.204171
27 44 0 8 -1.206836
9 25 0 8 -1.207068
29 56 0 8 -1.209162
52 73 0 8 -1.211136
13 38 0 8 -1.212570
15 53 0 8 -1.215377
23 28 0 8 -1.216131
3 66 0 8 -1.216651
49 73 0 8 -1.216816
22 40 0 8 -1.217297
20 29 0 8 -1.218025
16 45 0 8 -1.219398
46 72 0 8 -1.220036
11 63 0 8 -1.220060
25 64 0 8 -1.222692
42 53 0 8 -1.224395
40 49 0 8 -1.225197
11 72 0 8 -1.225207
26 69 0 8 -1.226330
36 47 0 8 -1.226655
32 60 0 8 -1.229831
31 55 0 8 -1.230454
31 51 0 8 -1.231505
14 52 0 8 -1.231621
11 45 0 8 -1.231826
9 26 0 8 -1.231940
6 70 0 8 -1.238339
16 31 0 8 -1.239281
26 62 0 8 -1.240388
49 59 0 8 -1.240676
29 43 0 8 -1.243536
34 72 0 8 -1.245235
30 59 0 8 -1.255588
29 47 0 8 -1.255782
23 73 0 8 -1.259579
6 68 0 8 -1.261808
18 57 0 8 -1.263902
25 47 0 8 -1.265190
27 67 0 8 -1.269399
45 69 0 8 -1.271586
15 37 0 8 -1.271920
22 52 0 8 -1.273673
51 60 0 8 -1.275120
11 44 0 8 -1.276617
52 72 0 8 -1.276890
43 49 0 8 -1.276989
44 54 0 8 -1.286483
29 70 0 8 -1.287958
3 62 0 8 -1.289240
9 44 0 8 -1.293243
9 61 0 8 -1.294127
30 49 0 8 -1.294545
7 67 0 8 -1.295434
14 53 0 8 -1.296153
38 58 0 8 -1.298135
6 60 0 8 -1.298971
31 41 0 8 -1.300506
41 65 0 8 -1.302074
11 37 0 8 -1.302794
20 34 0 8 -1.303413
27 63 0 8 -1.305315
57 72 0 8 -1.305977
42 57 0 8 -1.305980
14 40 0 8 -1.306558
55 68 0 8 -1.307290
16 33 0 8 -1.307403
37 61 0 8 -1.308632
35 44 0 8 -1.312075
3 52 0 8 -1.316896
11 24 0 8 -1.317106
52 71 0 8 -1.317717
52 62 0 8 -1.318331
32 50 0 8 -1.318660
49 67 0 8 -1.324266
22 44 0 8 -1.327345
16 43 0 8 -1.329432
47 71 0 8 -1.332051
8 65 0 8 -1.332513
46 56 0 8 -1.333944
29 44 0 8 -1.339102
29 46 0 8 -1.340489
46 51 0 8 -1.343966
30 70 0 8 -1.345106
7 28 0 8 -1.350101
25 71 0 8 -1.351607
14 57 0 8 -1.356197
38 52 0 8 -1.357145
24 41 0 8 -1.358766
16 56 0 8 -1.359298
20 51 0 8 -1.361003
16 47 0 8 -1.363758
53 74 0 8 -1.364610
26 55 0 8 -1.365684
7 34 0 8 -1.367043
11 19 0 8 -1.367118
19 44 0 8 -1.369102
49 72 0 8 -1.369697
34 69 0 8 -1.370404
6 62 0 8 -1.371209
19 49 0 8 -1.380375
6 67 0 8 -1.380597
20 70 0 8 -1.386682
13 62 0 8 -1.388395
54 68 0 8 -1.390436
41 49 0 8 -1.391431
27 72 0 8 -1.393634
24 53 0 8 -1.397017
7 68 0 8 -1.398270
14 27 0 8 -1.399554
34 56 0 8 -1.400442
28 42 0 8 -1.400580
28 33 0 8 -1.402688
35 46 0 8 -1.402904
15 31 0 8 -1.405408
47 67 0 8 -1.407568
61 74 0 8 -1.410625
55 66 0 8 -1.417521
22 50 0 8 -1.424660
17 68 0 8 -1.425464
6 31 0 8 -1.435392
24 42 0 8 -1.442685
13 24 0 8 -1.449647
5 67 0 8 -1.451368
36 69 0 8 -1.451494
9 22 0 8 -1.452380
55 71 0 8 -1.458765
13 46 0 8 -1.459962
20 32 0 8 -1.462340
14 56 0 8 -1.462641
23 59 0 8 -1.464781
20 68 0 8 -1.465828
8 55 0 8 -1.468084
3 28 0 8 -1.470322
13 42 0 8 -1.475843
40 50 0 8 -1.476276
58 67 0 8 -1.479112
24 66 0 8 -1.479618
41 46 0 8 -1.487928
24 49 0 8 -1.491748
5 53 0 8 -1.497883
45 63 0 8 -1.498460
36 55 0 8 -1.503805
16 50 0 8 -1.507562
47 64 0 8 -1.508107
42 65 0 8 -1.509315
30 54 0 8 -1.514544
27 68 0 8 -1.514790
19 69 0 8 -1.514915
57 74 0 8 -1.516120
28 51 0 8 -1.516419
9 34 0 8 -1.517284
24 40 0 8 -1.517399
61 72 0 8 -1.517708
11 59 0 8 -1.519549
13 25 0 8 -1.522588
23 47 0 8 -1.525012
15 58 0 8 -1.525324
9 59 0 8 -1.527424
24 55 0 8 -1.529989
8 68 0 8 -1.533167
6 57 0 8 -1.535276
47 68 0 8 -1.536884
6 65 0 8 -1.543728
8 13 0 8 -1.552090
27 43 0 8 -1.563937
48 67 0 8 -1.565451
15 67 0 8 -1.572572
44 52 0 8 -1.573087
29 55 0 8 -1.573091
23 65 0 8 -1.573795
9 38 0 8 -1.574972
33 60 0 8 -1.576557
59 72 0 8 -1.577879
56 72 0 8 -1.579392
50 55 0 8 -1.588643
6 55 0 8 -1.590094
15 49 0 8 -1.592400
19 42 0 8 -1.596844
24 70 0 8 -1.597445
33 70 0 8 -1.603100
46 65 0 8 -1.603326
13 74 0 8 -1.613694
25 58 0 8 -1.615318
32 47 0 8 -1.619302
23 74 0 8 -1.619827
25 60 0 8 -1.621348
27 57 0 8 -1.626466
25 57 0 8 -1.634478
21 52 0 8 -1.640556
17 64 0 8 -1.644861
13 41 0 8 -1.653424
11 62 0 8 -1.654541
56 62 0 8 -1.655227
37 50 0 8 -1.657034
35 68 0 8 -1.672718
11 67 0 8 -1.680215
16 28 0 8 -1.680325
26 61 0 8 -1.691050
16 60 0 8 -1.692815
13 58 0 8 -1.700391
13 71 0 8 -1.701001
41 69 0 8 -1.703731
25 41 0 8 -1.703770
16 53 0 8 -1.705682
16 57 0 8 -1.710475
32 39 0 8 -1.711962
21 43 0 8 -1.719122
14 28 0 8 -1.731030
3 47 0 8 -1.732246
47 69 0 8 -1.737484
36 45 0 8 -1.741331
20 59 0 8 -1.746465
5 32 0 8 -1.754629
11 38 0 8 -1.754754
17 57 0 8 -1.758276
20 37 0 8 -1.759879
13 31 0 8 -1.761413
38 59 0 8 -1.766915
31 59 0 8 -1.769115
23 69 0 8 -1.777468
22 70 0 8 -1.777481
5 63 0 8 -1.779515
27 46 0 8 -1.781032
57 69 0 8 -1.791877
11 54 0 8 -1.798184
11 58 0 8 -1.800512
14 67 0 8 -1.807197
11 32 0 8 -1.807721
17 62 0 8 -1.820126
24 61 0 8 -1.823653
24 67 0 8 -1.833457
6 29 0 8 -1.834380
29 52 0 8 -1.839500
19 62 0 8 -1.840408
8 64 0 8 -1.842270
33 51 0 8 -1.845241
5 52 0 8 -1.846683
21 44 0 8 -1.848315
43 62 0 8 -1.857022
51 64 0 8 -1.867938
47 59 0 8 -1.869224
9 31 0 8 -1.869983
22 36 0 8 -1.874445
9 19 0 8 -1.882333
32 62 0 8 -1.883634
3 11 0 8 -1.883813
23 38 0 8 -1.887228
20 62 0 8 -1.889344
34 39 0 8 -1.890625
39 46 0 8 -1.903327
37 57 0 8 -1.912223
9 66 0 8 -1.920136
29 67 0 8 -1.923248
8 36 0 8 -1.924744
20 40 0 8 -1.931515
34 67 0 8 -1.934067
41 71 0 8 -1.952852
41 47 0 8 -1.953738
21 27 0 8 -1.967538
47 60 0 8 -1.970250
20 72 0 8 -1.971636
13 64 0 8 -1.972722
20 31 0 8 -1.973642
35 56 0 8 -1.983651
16 30 0 8 -2.003938
49 56 0 8 -2.006751
35 57 0 8 -2.008204
19 35 0 8 -2.027918
22 67 0 8 -2.030678
38 46 0 8 -2.051582
25 54 0 8 -2.052338
20 67 0 8 -2.060444
15 32 0 8 -2.062401
23 70 0 8 -2.069345
13 39 0 8 -2.091007
8 31 0 8 -2.107922
22 54 0 8 -2.124831
19 57 0 8 -2.125030
54 65 0 8 -2.149362
45 50 0 8 -2.174053
19 39 0 8 -2.179417
21 67 0 8 -2.200271
3 27 0 8 -2.223234
18 47 0 8 -2.232720
40 45 0 8 -2.248536
27 40 0 8 -2.250779
23 53 0 8 -2.252067
28 59 0 8 -2.279522
27 49 0 8 -2.280523
47 70 0 8 -2.294421
11 66 0 8 -2.298917
6 15 0 8 -2.313644
8 67 0 8 -2.315545
39 55 0 8 -2.344289
45 57 0 8 -2.410077
8 32 0 8 -2.429361
21 56 0 8 -2.444757
47 58 0 8 -2.502488
19 56 0 8 -2.529072
11 68 0 8 -2.594771
17 56 0 8 -2.638510
28 56 0 8 -2.974599
33 57 0 8 -3.039143
28 47 0 8 -3.160502
33 55 0 8 -3.213824
