30 66 0 8 20.578989
33 53 0 8 12.990082
28 35 0 8 11.461716
33 56 0 8 10.763767
23 39 0 8 9.703494
21 27 0 8 7.653731
17 69 0 8 7.642503
36 56 0 8 7.611437
26 35 0 8 6.989401
37 49 0 8 6.678195
25 38 0 8 6.495649
21 69 0 8 6.364047
64 71 0 8 6.268943
60 71 0 8 6.029189
60 65 0 8 5.945570
22 42 0 8 5.444461
32 66 0 8 5.383577
35 71 0 8 5.163646
13 73 0 8 4.983264
30 68 0 8 4.927493
59 67 0 8 4.852336
31 36 0 8 4.708718
39 45 0 8 4.643186
62 71 0 8 4.403820
61 71 0 8 4.261295
28 66 0 8 4.163461
19 39 0 8 4.063210
59 75 0 8 3.944528
37 52 0 8 3.781701
30 64 0 8 3.659532
36 55 0 8 3.633893
23 31 0 8 3.619521
41 47 0 8 3.558175
62 68 0 8 3.380995
8 13 0 8 3.104989
47 52 0 8 3.093183
30 35 0 8 2.996025
33 52 0 8 2.795260
23 43 0 8 2.674362
22 31 0 8 2.584953
31 39 0 8 2.565754
44 56 0 8 2.541130
19 75 0 8 2.484881
37 53 0 8 2.442263
16 69 0 8 2.411939
55 75 0 8 2.383871
24 29 0 8 2.301906
16 73 0 8 2.236832
36 58 0 8 2.161872
38 47 0 8 2.142081
40 52 0 8 2.127445
37 45 0 8 2.124985
38 45 0 8 2.118026
15 23 0 8 2.105304
41 46 0 8 2.087680
37 47 0 8 2.016964
24 35 0 8 1.986107
44 51 0 8 1.975693
25 42 0 8 1.973328
31 67 0 8 1.972732
25 35 0 8 1.971907
19 42 0 8 1.965742
41 52 0 8 1.932663
16 45 0 8 1.898113
33 57 0 8 1.872180
45 55 0 8 1.824968
57 63 0 8 1.762981
15 39 0 8 1.757176
19 43 0 8 1.751128
63 68 0 8 1.741614
36 59 0 8 1.729811
23 75 0 8 1.599834
56 61 0 8 1.590255
22 39 0 8 1.582668
22 76 0 8 1.573747
23 44 0 8 1.569678
31 75 0 8 1.553370
35 40 0 8 1.549564
19 59 0 8 1.538540
21 57 0 8 1.530898
16 76 0 8 1.524534
61 66 0 8 1.518615
44 58 0 8 1.509977
63 70 0 8 1.496490
43 72 0 8 1.491885
8 16 0 8 1.483703
51 63 0 8 1.481928
40 51 0 8 1.450226
50 61 0 8 1.449991
22 75 0 8 1.449210
40 48 0 8 1.448309
40 55 0 8 1.445576
18 23 0 8 1.411174
33 59 0 8 1.401612
23 36 0 8 1.388730
58 63 0 8 1.375662
39 58 0 8 1.362516
59 76 0 8 1.361080
55 72 0 8 1.360376
16 46 0 8 1.335632
37 46 0 8 1.332814
61 74 0 8 1.326899
19 44 0 8 1.321027
31 38 0 8 1.298657
23 42 0 8 1.295682
12 42 0 8 1.288780
10 21 0 8 1.283839
52 59 0 8 1.256242
13 69 0 8 1.254672
69 77 0 8 1.247639
16 25 0 8 1.236017
14 21 0 8 1.222425
35 66 0 8 1.220187
37 57 0 8 1.216619
42 73 0 8 1.214957
67 75 0 8 1.213109
30 67 0 8 1.198671
17 70 0 8 1.197954
16 48 0 8 1.196514
27 45 0 8 1.187229
34 59 0 8 1.176100
23 71 0 8 1.163631
15 26 0 8 1.158872
18 37 0 8 1.157631
17 46 0 8 1.149762
36 44 0 8 1.148297
45 54 0 8 1.124643
22 43 0 8 1.120337
15 51 0 8 1.118280
23 45 0 8 1.116471
25 46 0 8 1.109391
35 61 0 8 1.106820
19 51 0 8 1.101580
59 69 0 8 1.101241
38 49 0 8 1.084638
37 69 0 8 1.083666
12 70 0 8 1.071660
35 74 0 8 1.064238
28 71 0 8 1.062367
25 39 0 8 1.060024
21 74 0 8 1.037642
41 51 0 8 1.036173
43 52 0 8 1.023512
14 73 0 8 1.022350
14 78 0 8 1.013605
53 63 0 8 1.011295
14 53 0 8 1.009842
21 29 0 8 1.005559
15 44 0 8 1.003587
21 50 0 8 1.001902
70 76 0 8 0.992536
34 57 0 8 0.991887
46 52 0 8 0.991688
17 73 0 8 0.991481
54 61 0 8 0.991451
12 73 0 8 0.990523
49 57 0 8 0.987512
55 76 0 8 0.987024
15 43 0 8 0.986242
29 36 0 8 0.985803
56 63 0 8 0.973256
55 74 0 8 0.972785
16 72 0 8 0.957080
69 75 0 8 0.952620
22 70 0 8 0.947685
11 16 0 8 0.947540
9 16 0 8 0.946721
7 13 0 8 0.945524
32 75 0 8 0.940891
6 11 0 8 0.939078
38 68 0 8 0.937846
38 79 0 8 0.935252
50 58 0 8 0.929167
37 74 0 8 0.919308
66 74 0 8 0.918197
39 76 0 8 0.915580
18 40 0 8 0.909447
34 62 0 8 0.908712
15 25 0 8 0.901259
27 63 0 8 0.890978
10 38 0 8 0.882916
29 73 0 8 0.880859
37 56 0 8 0.863330
10 40 0 8 0.856060
34 46 0 8 0.848329
32 45 0 8 0.841285
26 32 0 8 0.834377
26 74 0 8 0.827621
9 14 0 8 0.825959
13 52 0 8 0.825055
40 47 0 8 0.824745
47 54 0 8 0.823978
40 50 0 8 0.821637
35 62 0 8 0.815615
42 57 0 8 0.814300
27 66 0 8 0.808910
62 74 0 8 0.790822
41 50 0 8 0.787702
42 47 0 8 0.778702
38 57 0 8 0.777725
46 55 0 8 0.771104
49 59 0 8 0.766924
31 43 0 8 0.763954
41 58 0 8 0.762359
56 68 0 8 0.757137
13 38 0 8 0.757021
42 68 0 8 0.756589
41 48 0 8 0.755298
8 77 0 8 0.751543
31 54 0 8 0.748613
31 40 0 8 0.748238
34 53 0 8 0.745878
34 67 0 8 0.740398
58 75 0 8 0.735928
16 28 0 8 0.734262
16 27 0 8 0.732177
12 77 0 8 0.731276
6 12 0 8 0.730536
9 18 0 8 0.726551
21 73 0 8 0.719870
15 40 0 8 0.718869
34 47 0 8 0.715422
38 46 0 8 0.712942
58 78 0 8 0.704339
60 68 0 8 0.703398
37 50 0 8 0.702929
32 54 0 8 0.702289
43 62 0 8 0.699297
52 57 0 8 0.691829
54 67 0 8 0.689984
39 72 0 8 0.689885
25 73 0 8 0.689272
18 57 0 8 0.688903
56 64 0 8 0.685523
32 78 0 8 0.681883
67 72 0 8 0.680941
34 40 0 8 0.678855
21 46 0 8 0.678276
52 78 0 8 0.677756
41 54 0 8 0.677435
17 34 0 8 0.675939
18 25 0 8 0.662216
27 59 0 8 0.642775
14 31 0 8 0.638365
12 76 0 8 0.636552
15 52 0 8 0.627055
13 77 0 8 0.627002
68 74 0 8 0.626769
25 54 0 8 0.624298
49 63 0 8 0.620134
20 39 0 8 0.619784
40 67 0 8 0.613888
18 42 0 8 0.604779
71 77 0 8 0.604486
29 39 0 8 0.601900
28 54 0 8 0.601789
13 21 0 8 0.598232
27 53 0 8 0.597907
12 23 0 8 0.597172
21 37 0 8 0.593964
18 69 0 8 0.585953
56 75 0 8 0.583696
40 69 0 8 0.582789
12 20 0 8 0.581576
14 61 0 8 0.580786
8 14 0 8 0.580493
37 48 0 8 0.579694
55 63 0 8 0.575701
48 55 0 8 0.573653
55 61 0 8 0.557160
27 35 0 8 0.556802
47 55 0 8 0.554070
13 79 0 8 0.548832
43 50 0 8 0.547983
16 37 0 8 0.545979
22 73 0 8 0.542964
15 22 0 8 0.540630
55 67 0 8 0.539514
20 72 0 8 0.537004
50 55 0 8 0.534578
7 59 0 8 0.532640
61 70 0 8 0.528119
33 39 0 8 0.527329
17 25 0 8 0.526314
47 69 0 8 0.524659
9 80 0 8 0.524342
65 71 0 8 0.521043
19 60 0 8 0.518548
19 26 0 8 0.516166
11 45 0 8 0.515706
50 73 0 8 0.503758
56 77 0 8 0.501227
29 65 0 8 0.500977
12 65 0 8 0.500078
44 62 0 8 0.494197
43 55 0 8 0.493257
40 79 0 8 0.488493
7 16 0 8 0.487432
29 50 0 8 0.484327
34 63 0 8 0.483647
32 49 0 8 0.481296
14 36 0 8 0.479800
20 68 0 8 0.478252
44 76 0 8 0.478194
23 67 0 8 0.477507
36 46 0 8 0.475933
58 70 0 8 0.474130
67 73 0 8 0.472367
10 69 0 8 0.472016
47 64 0 8 0.465593
26 33 0 8 0.463091
16 49 0 8 0.461196
20 51 0 8 0.453835
32 48 0 8 0.451292
31 58 0 8 0.451054
22 50 0 8 0.449527
46 53 0 8 0.446794
12 80 0 8 0.446577
32 61 0 8 0.445852
9 17 0 8 0.444275
41 67 0 8 0.443929
36 70 0 8 0.442382
22 65 0 8 0.442226
29 69 0 8 0.441427
14 39 0 8 0.440849
48 59 0 8 0.439834
31 70 0 8 0.437956
16 29 0 8 0.431265
59 64 0 8 0.430262
54 80 0 8 0.427316
14 25 0 8 0.426374
27 38 0 8 0.426034
39 78 0 8 0.423739
49 73 0 8 0.423388
43 51 0 8 0.421487
30 49 0 8 0.419302
34 44 0 8 0.419109
30 50 0 8 0.417861
7 12 0 8 0.417554
63 78 0 8 0.417058
29 56 0 8 0.415252
53 61 0 8 0.414271
13 55 0 8 0.413320
19 25 0 8 0.410340
40 45 0 8 0.410300
38 73 0 8 0.407886
22 29 0 8 0.404859
59 77 0 8 0.404708
43 69 0 8 0.403651
51 58 0 8 0.402657
53 74 0 8 0.401908
53 65 0 8 0.401481
24 32 0 8 0.401274
31 41 0 8 0.400944
36 52 0 8 0.398997
44 52 0 8 0.397046
44 72 0 8 0.396022
18 30 0 8 0.392521
50 67 0 8 0.392409
37 42 0 8 0.391119
34 42 0 8 0.390816
34 66 0 8 0.387067
46 79 0 8 0.385577
34 79 0 8 0.385437
6 40 0 8 0.384944
48 77 0 8 0.384450
23 70 0 8 0.384436
9 64 0 8 0.379355
10 64 0 8 0.378110
46 67 0 8 0.377890
49 61 0 8 0.374565
14 67 0 8 0.368842
7 33 0 8 0.368471
32 72 0 8 0.367722
17 31 0 8 0.366337
41 61 0 8 0.366100
39 55 0 8 0.362018
57 65 0 8 0.361306
42 58 0 8 0.359680
12 64 0 8 0.359434
16 47 0 8 0.354953
22 52 0 8 0.353913
36 74 0 8 0.353880
50 77 0 8 0.353510
40 63 0 8 0.350062
45 59 0 8 0.349093
36 47 0 8 0.344010
17 72 0 8 0.341535
16 59 0 8 0.339887
10 16 0 8 0.337734
58 74 0 8 0.336137
57 80 0 8 0.335375
57 68 0 8 0.335191
8 62 0 8 0.334824
21 47 0 8 0.333491
9 15 0 8 0.333487
17 36 0 8 0.332944
10 42 0 8 0.330625
40 53 0 8 0.328963
20 67 0 8 0.322282
14 52 0 8 0.321343
50 75 0 8 0.320311
17 50 0 8 0.320021
6 69 0 8 0.319227
25 63 0 8 0.318603
33 50 0 8 0.317753
10 60 0 8 0.313079
29 38 0 8 0.311628
9 67 0 8 0.309191
11 38 0 8 0.307723
59 74 0 8 0.305342
8 18 0 8 0.302066
34 49 0 8 0.298894
50 66 0 8 0.297697
43 54 0 8 0.297454
52 58 0 8 0.296580
61 78 0 8 0.295533
13 40 0 8 0.294792
7 45 0 8 0.293551
40 76 0 8 0.293048
17 29 0 8 0.289736
46 57 0 8 0.288820
49 67 0 8 0.288819
34 41 0 8 0.282984
13 72 0 8 0.282491
14 27 0 8 0.282199
15 77 0 8 0.280027
17 52 0 8 0.279377
51 74 0 8 0.277577
69 74 0 8 0.277186
61 67 0 8 0.276172
20 26 0 8 0.274787
51 72 0 8 0.274418
15 34 0 8 0.273706
6 54 0 8 0.273106
17 75 0 8 0.269819
20 71 0 8 0.269497
15 76 0 8 0.269101
12 74 0 8 0.266740
40 78 0 8 0.266342
36 76 0 8 0.265893
7 40 0 8 0.265165
34 65 0 8 0.264711
10 76 0 8 0.263391
12 19 0 8 0.263301
14 50 0 8 0.260414
13 19 0 8 0.259662
18 29 0 8 0.257829
14 77 0 8 0.257094
54 78 0 8 0.255956
12 69 0 8 0.255812
33 49 0 8 0.254608
42 60 0 8 0.254202
16 80 0 8 0.251594
36 54 0 8 0.251369
33 46 0 8 0.249010
15 78 0 8 0.247712
14 56 0 8 0.247593
27 49 0 8 0.247462
18 43 0 8 0.244951
18 59 0 8 0.244209
48 54 0 8 0.243331
27 65 0 8 0.242062
42 75 0 8 0.240695
68 73 0 8 0.239657
52 73 0 8 0.239361
15 37 0 8 0.238049
65 72 0 8 0.237346
25 34 0 8 0.236642
38 50 0 8 0.236494
65 77 0 8 0.234957
22 41 0 8 0.232949
39 65 0 8 0.231561
21 42 0 8 0.229626
65 73 0 8 0.229321
58 68 0 8 0.227777
41 57 0 8 0.227445
33 48 0 8 0.226006
41 49 0 8 0.224996
16 78 0 8 0.224726
8 80 0 8 0.224326
38 48 0 8 0.218702
9 39 0 8 0.218054
15 55 0 8 0.217600
32 69 0 8 0.215396
16 51 0 8 0.215222
26 66 0 8 0.215181
58 76 0 8 0.214278
42 51 0 8 0.211214
31 47 0 8 0.209328
23 59 0 8 0.204640
49 70 0 8 0.203865
8 70 0 8 0.203670
64 80 0 8 0.203102
6 55 0 8 0.201265
28 34 0 8 0.200218
8 79 0 8 0.199688
40 74 0 8 0.199676
27 77 0 8 0.197111
10 18 0 8 0.194558
7 79 0 8 0.193122
11 32 0 8 0.192825
21 55 0 8 0.192612
46 63 0 8 0.187874
59 65 0 8 0.187599
22 67 0 8 0.186463
11 41 0 8 0.183886
29 61 0 8 0.182850
18 44 0 8 0.182824
10 79 0 8 0.179372
36 45 0 8 0.178766
63 71 0 8 0.178374
11 34 0 8 0.173253
32 43 0 8 0.171711
42 67 0 8 0.171618
23 77 0 8 0.171356
22 59 0 8 0.171266
39 57 0 8 0.171183
38 53 0 8 0.171055
31 44 0 8 0.171017
27 78 0 8 0.170375
41 80 0 8 0.169396
20 35 0 8 0.167968
13 70 0 8 0.167525
20 60 0 8 0.166963
29 77 0 8 0.165736
13 78 0 8 0.164978
45 63 0 8 0.163881
6 57 0 8 0.163469
61 68 0 8 0.161075
30 73 0 8 0.161006
37 44 0 8 0.160336
39 69 0 8 0.159985
24 52 0 8 0.155391
34 45 0 8 0.155372
66 79 0 8 0.155359
15 54 0 8 0.154106
11 55 0 8 0.151904
29 59 0 8 0.151417
18 48 0 8 0.151269
42 55 0 8 0.151189
62 70 0 8 0.148989
7 68 0 8 0.148130
38 78 0 8 0.147819
26 78 0 8 0.146927
10 37 0 8 0.145679
40 80 0 8 0.145470
49 79 0 8 0.144764
15 65 0 8 0.143676
19 55 0 8 0.142493
10 35 0 8 0.142295
19 72 0 8 0.138030
13 48 0 8 0.137870
65 76 0 8 0.135903
9 77 0 8 0.134709
22 54 0 8 0.133009
8 15 0 8 0.130262
73 80 0 8 0.129519
47 80 0 8 0.128151
24 69 0 8 0.127593
45 61 0 8 0.127475
29 76 0 8 0.127265
23 34 0 8 0.126336
18 73 0 8 0.126282
14 58 0 8 0.125430
62 79 0 8 0.125279
38 54 0 8 0.125205
11 77 0 8 0.124835
42 59 0 8 0.124178
62 77 0 8 0.123739
39 79 0 8 0.122212
7 47 0 8 0.121150
10 33 0 8 0.119933
36 67 0 8 0.119802
14 34 0 8 0.119203
20 69 0 8 0.117141
32 77 0 8 0.115435
19 29 0 8 0.115340
38 80 0 8 0.114270
8 17 0 8 0.113166
38 75 0 8 0.112778
59 68 0 8 0.112518
13 61 0 8 0.111954
11 26 0 8 0.111928
11 76 0 8 0.111901
59 72 0 8 0.110559
19 24 0 8 0.110175
32 76 0 8 0.109717
36 61 0 8 0.109331
30 41 0 8 0.105935
17 57 0 8 0.105884
18 63 0 8 0.104771
43 60 0 8 0.104670
38 70 0 8 0.103998
8 20 0 8 0.103911
8 73 0 8 0.103137
32 60 0 8 0.103100
50 57 0 8 0.102799
60 67 0 8 0.101243
31 77 0 8 0.100707
20 31 0 8 0.100260
18 54 0 8 0.099169
9 20 0 8 0.098800
11 23 0 8 0.098721
34 80 0 8 0.098664
41 65 0 8 0.097665
50 62 0 8 0.095734
69 79 0 8 0.094997
8 53 0 8 0.092074
35 75 0 8 0.091514
7 32 0 8 0.090720
45 65 0 8 0.089707
11 57 0 8 0.089267
54 70 0 8 0.088839
54 74 0 8 0.088276
12 59 0 8 0.087882
11 48 0 8 0.087772
32 56 0 8 0.086548
11 53 0 8 0.086195
24 40 0 8 0.084206
28 77 0 8 0.083457
7 53 0 8 0.083102
10 73 0 8 0.082690
11 67 0 8 0.081544
6 13 0 8 0.081452
34 70 0 8 0.079599
27 70 0 8 0.078299
59 78 0 8 0.077703
32 74 0 8 0.076211
46 76 0 8 0.076159
6 49 0 8 0.073981
47 57 0 8 0.073946
25 49 0 8 0.072522
30 39 0 8 0.071477
18 67 0 8 0.070682
7 38 0 8 0.069640
53 76 0 8 0.069071
6 26 0 8 0.068679
46 54 0 8 0.067747
27 61 0 8 0.067501
29 78 0 8 0.067077
27 47 0 8 0.066411
25 70 0 8 0.066334
20 29 0 8 0.066198
6 70 0 8 0.065895
36 69 0 8 0.064804
25 53 0 8 0.064693
7 80 0 8 0.062992
63 74 0 8 0.062004
16 64 0 8 0.060448
20 59 0 8 0.057619
35 77 0 8 0.057293
51 79 0 8 0.056677
19 52 0 8 0.056121
37 76 0 8 0.055469
66 80 0 8 0.054630
25 69 0 8 0.053985
6 14 0 8 0.053218
9 73 0 8 0.053129
21 80 0 8 0.052985
6 23 0 8 0.052200
18 49 0 8 0.051639
6 29 0 8 0.050633
45 62 0 8 0.048631
10 32 0 8 0.047225
8 21 0 8 0.046764
24 38 0 8 0.045898
10 72 0 8 0.041554
7 67 0 8 0.038571
7 35 0 8 0.038462
13 80 0 8 0.038362
21 59 0 8 0.038231
31 76 0 8 0.036964
10 77 0 8 0.035390
30 63 0 8 0.032864
10 31 0 8 0.032050
12 71 0 8 0.031673
9 58 0 8 0.029085
65 70 0 8 0.029028
60 78 0 8 0.028975
65 78 0 8 0.028849
70 75 0 8 0.027730
20 55 0 8 0.027342
6 44 0 8 0.026971
21 61 0 8 0.025570
16 43 0 8 0.024799
27 51 0 8 0.024505
54 75 0 8 0.023767
51 61 0 8 0.022274
6 61 0 8 0.021550
35 67 0 8 0.021549
51 69 0 8 0.021396
6 68 0 8 0.018730
19 76 0 8 0.015722
20 44 0 8 0.015040
20 27 0 8 0.014689
25 44 0 8 0.013760
42 48 0 8 0.013577
44 80 0 8 0.013152
47 72 0 8 0.013144
15 68 0 8 0.012139
14 20 0 8 0.011632
22 40 0 8 0.011609
21 32 0 8 0.011458
24 31 0 8 0.011357
31 57 0 8 0.010957
45 50 0 8 0.010146
10 49 0 8 0.009705
6 25 0 8 0.009262
36 72 0 8 0.009239
56 67 0 8 0.008811
34 74 0 8 0.006350
9 62 0 8 0.005843
29 74 0 8 0.005637
41 66 0 8 0.005463
52 79 0 8 0.004917
49 76 0 8 0.004663
47 65 0 8 0.003554
35 72 0 8 0.003442
11 44 0 8 0.003064
24 55 0 8 0.002760
18 80 0 8 0.002458
20 28 0 8 0.002179
56 65 0 8 0.001605
23 78 0 8 0.000091
1 6 0 8 0.000000
1 7 0 8 0.000000
1 8 0 8 0.000000
1 9 0 8 0.000000
1 10 0 8 0.000000
1 11 0 8 0.000000
1 12 0 8 0.000000
1 13 0 8 0.000000
1 14 0 8 0.000000
1 15 0 8 0.000000
1 16 0 8 0.000000
1 17 0 8 0.000000
1 18 0 8 0.000000
1 19 0 8 0.000000
1 20 0 8 0.000000
1 21 0 8 0.000000
1 22 0 8 0.000000
1 23 0 8 0.000000
1 24 0 8 0.000000
1 25 0 8 0.000000
1 26 0 8 0.000000
1 27 0 8 0.000000
1 28 0 8 0.000000
1 29 0 8 0.000000
1 30 0 8 0.000000
1 31 0 8 0.000000
1 32 0 8 0.000000
1 33 0 8 0.000000
1 34 0 8 0.000000
1 35 0 8 0.000000
1 36 0 8 0.000000
1 37 0 8 0.000000
1 38 0 8 0.000000
1 39 0 8 0.000000
1 40 0 8 0.000000
1 41 0 8 0.000000
1 42 0 8 0.000000
1 43 0 8 0.000000
1 44 0 8 0.000000
1 45 0 8 0.000000
1 46 0 8 0.000000
1 47 0 8 0.000000
1 48 0 8 0.000000
1 49 0 8 0.000000
1 50 0 8 0.000000
1 51 0 8 0.000000
1 52 0 8 0.000000
1 53 0 8 0.000000
1 54 0 8 0.000000
1 55 0 8 0.000000
1 56 0 8 0.000000
1 57 0 8 0.000000
1 58 0 8 0.000000
1 59 0 8 0.000000
1 60 0 8 0.000000
1 61 0 8 0.000000
1 62 0 8 0.000000
1 63 0 8 0.000000
1 64 0 8 0.000000
1 65 0 8 0.000000
1 66 0 8 0.000000
1 67 0 8 0.000000
1 68 0 8 0.000000
1 69 0 8 0.000000
1 70 0 8 0.000000
1 71 0 8 0.000000
1 72 0 8 0.000000
1 73 0 8 0.000000
1 74 0 8 0.000000
1 75 0 8 0.000000
1 76 0 8 0.000000
1 77 0 8 0.000000
1 78 0 8 0.000000
1 79 0 8 0.000000
1 80 0 8 0.000000
1 81 0 8 0.000000
2 7 0 8 0.000000
2 8 0 8 0.000000
2 9 0 8 0.000000
2 10 0 8 0.000000
2 11 0 8 0.000000
2 12 0 8 0.000000
2 13 0 8 0.000000
2 14 0 8 0.000000
2 15 0 8 0.000000
2 16 0 8 0.000000
2 17 0 8 0.000000
2 18 0 8 0.000000
2 19 0 8 0.000000
2 20 0 8 0.000000
2 21 0 8 0.000000
2 22 0 8 0.000000
2 23 0 8 0.000000
2 24 0 8 0.000000
2 25 0 8 0.000000
2 26 0 8 0.000000
2 27 0 8 0.000000
2 28 0 8 0.000000
2 29 0 8 0.000000
2 30 0 8 0.000000
2 31 0 8 0.000000
2 32 0 8 0.000000
2 33 0 8 0.000000
2 34 0 8 0.000000
2 35 0 8 0.000000
2 36 0 8 0.000000
2 37 0 8 0.000000
2 38 0 8 0.000000
2 39 0 8 0.000000
2 40 0 8 0.000000
2 41 0 8 0.000000
2 42 0 8 0.000000
2 43 0 8 0.000000
2 44 0 8 0.000000
2 45 0 8 0.000000
2 46 0 8 0.000000
2 47 0 8 0.000000
2 48 0 8 0.000000
2 49 0 8 0.000000
2 50 0 8 0.000000
2 51 0 8 0.000000
2 52 0 8 0.000000
2 53 0 8 0.000000
2 54 0 8 0.000000
2 55 0 8 0.000000
2 56 0 8 0.000000
2 57 0 8 0.000000
2 58 0 8 0.000000
2 59 0 8 0.000000
2 60 0 8 0.000000
2 61 0 8 0.000000
2 62 0 8 0.000000
2 63 0 8 0.000000
2 64 0 8 0.000000
2 65 0 8 0.000000
2 66 0 8 0.000000
2 67 0 8 0.000000
2 68 0 8 0.000000
2 69 0 8 0.000000
2 70 0 8 0.000000
2 71 0 8 0.000000
2 72 0 8 0.000000
2 73 0 8 0.000000
2 74 0 8 0.000000
2 75 0 8 0.000000
2 76 0 8 0.000000
2 77 0 8 0.000000
2 78 0 8 0.000000
2 79 0 8 0.000000
2 80 0 8 0.000000
2 81 0 8 0.000000
3 8 0 8 0.000000
3 9 0 8 0.000000
3 10 0 8 0.000000
3 11 0 8 0.000000
3 12 0 8 0.000000
3 13 0 8 0.000000
3 14 0 8 0.000000
3 15 0 8 0.000000
3 16 0 8 0.000000
3 17 0 8 0.000000
3 18 0 8 0.000000
3 19 0 8 0.000000
3 20 0 8 0.000000
3 21 0 8 0.000000
3 22 0 8 0.000000
3 23 0 8 0.000000
3 24 0 8 0.000000
3 25 0 8 0.000000
3 26 0 8 0.000000
3 27 0 8 0.000000
3 28 0 8 0.000000
3 29 0 8 0.000000
3 30 0 8 0.000000
3 31 0 8 0.000000
3 32 0 8 0.000000
3 33 0 8 0.000000
3 34 0 8 0.000000
3 35 0 8 0.000000
3 36 0 8 0.000000
3 37 0 8 0.000000
3 38 0 8 0.000000
3 39 0 8 0.000000
3 40 0 8 0.000000
3 41 0 8 0.000000
3 42 0 8 0.000000
3 43 0 8 0.000000
3 44 0 8 0.000000
3 45 0 8 0.000000
3 46 0 8 0.000000
3 47 0 8 0.000000
3 48 0 8 0.000000
3 49 0 8 0.000000
3 50 0 8 0.000000
3 51 0 8 0.000000
3 52 0 8 0.000000
3 53 0 8 0.000000
3 54 0 8 0.000000
3 55 0 8 0.000000
3 56 0 8 0.000000
3 57 0 8 0.000000
3 58 0 8 0.000000
3 59 0 8 0.000000
3 60 0 8 0.000000
3 61 0 8 0.000000
3 62 0 8 0.000000
3 63 0 8 0.000000
3 64 0 8 0.000000
3 65 0 8 0.000000
3 66 0 8 0.000000
3 67 0 8 0.000000
3 68 0 8 0.000000
3 69 0 8 0.000000
3 70 0 8 0.000000
3 71 0 8 0.000000
3 72 0 8 0.000000
3 73 0 8 0.000000
3 74 0 8 0.000000
3 75 0 8 0.000000
3 76 0 8 0.000000
3 77 0 8 0.000000
3 78 0 8 0.000000
3 79 0 8 0.000000
3 80 0 8 0.000000
3 81 0 8 0.000000
4 9 0 8 0.000000
4 10 0 8 0.000000
4 11 0 8 0.000000
4 12 0 8 0.000000
4 13 0 8 0.000000
4 14 0 8 0.000000
4 15 0 8 0.000000
4 16 0 8 0.000000
4 17 0 8 0.000000
4 18 0 8 0.000000
4 19 0 8 0.000000
4 20 0 8 0.000000
4 21 0 8 0.000000
4 22 0 8 0.000000
4 23 0 8 0.000000
4 24 0 8 0.000000
4 25 0 8 0.000000
4 26 0 8 0.000000
4 27 0 8 0.000000
4 28 0 8 0.000000
4 29 0 8 0.000000
4 30 0 8 0.000000
4 31 0 8 0.000000
4 32 0 8 0.000000
4 33 0 8 0.000000
4 34 0 8 0.000000
4 35 0 8 0.000000
4 36 0 8 0.000000
4 37 0 8 0.000000
4 38 0 8 0.000000
4 39 0 8 0.000000
4 40 0 8 0.000000
4 41 0 8 0.000000
4 42 0 8 0.000000
4 43 0 8 0.000000
4 44 0 8 0.000000
4 45 0 8 0.000000
4 46 0 8 0.000000
4 47 0 8 0.000000
4 48 0 8 0.000000
4 49 0 8 0.000000
4 50 0 8 0.000000
4 51 0 8 0.000000
4 52 0 8 0.000000
4 53 0 8 0.000000
4 54 0 8 0.000000
4 55 0 8 0.000000
4 56 0 8 0.000000
4 57 0 8 0.000000
4 58 0 8 0.000000
4 59 0 8 0.000000
4 60 0 8 0.000000
4 61 0 8 0.000000
4 62 0 8 0.000000
4 63 0 8 0.000000
4 64 0 8 0.000000
4 65 0 8 0.000000
4 66 0 8 0.000000
4 67 0 8 0.000000
4 68 0 8 0.000000
4 69 0 8 0.000000
4 70 0 8 0.000000
4 71 0 8 0.000000
4 72 0 8 0.000000
4 73 0 8 0.000000
4 74 0 8 0.000000
4 75 0 8 0.000000
4 76 0 8 0.000000
4 77 0 8 0.000000
4 78 0 8 0.000000
4 79 0 8 0.000000
4 80 0 8 0.000000
4 81 0 8 0.000000
5 10 0 8 0.000000
5 11 0 8 0.000000
5 12 0 8 0.000000
5 13 0 8 0.000000
5 14 0 8 0.000000
5 15 0 8 0.000000
5 16 0 8 0.000000
5 17 0 8 0.000000
5 18 0 8 0.000000
5 19 0 8 0.000000
5 20 0 8 0.000000
5 21 0 8 0.000000
5 22 0 8 0.000000
5 23 0 8 0.000000
5 24 0 8 0.000000
5 25 0 8 0.000000
5 26 0 8 0.000000
5 27 0 8 0.000000
5 28 0 8 0.000000
5 29 0 8 0.000000
5 30 0 8 0.000000
5 31 0 8 0.000000
5 32 0 8 0.000000
5 33 0 8 0.000000
5 34 0 8 0.000000
5 35 0 8 0.000000
5 36 0 8 0.000000
5 37 0 8 0.000000
5 38 0 8 0.000000
5 39 0 8 0.000000
5 40 0 8 0.000000
5 41 0 8 0.000000
5 42 0 8 0.000000
5 43 0 8 0.000000
5 44 0 8 0.000000
5 45 0 8 0.000000
5 46 0 8 0.000000
5 47 0 8 0.000000
5 48 0 8 0.000000
5 49 0 8 0.000000
5 50 0 8 0.000000
5 51 0 8 0.000000
5 52 0 8 0.000000
5 53 0 8 0.000000
5 54 0 8 0.000000
5 55 0 8 0.000000
5 56 0 8 0.000000
5 57 0 8 0.000000
5 58 0 8 0.000000
5 59 0 8 0.000000
5 60 0 8 0.000000
5 61 0 8 0.000000
5 62 0 8 0.000000
5 63 0 8 0.000000
5 64 0 8 0.000000
5 65 0 8 0.000000
5 66 0 8 0.000000
5 67 0 8 0.000000
5 68 0 8 0.000000
5 69 0 8 0.000000
5 70 0 8 0.000000
5 71 0 8 0.000000
5 72 0 8 0.000000
5 73 0 8 0.000000
5 74 0 8 0.000000
5 75 0 8 0.000000
5 76 0 8 0.000000
5 77 0 8 0.000000
5 78 0 8 0.000000
5 79 0 8 0.000000
5 80 0 8 0.000000
5 81 0 8 0.000000
6 81 0 8 0.000000
7 81 0 8 0.000000
8 81 0 8 0.000000
9 81 0 8 0.000000
10 81 0 8 0.000000
11 81 0 8 0.000000
12 81 0 8 0.000000
13 81 0 8 0.000000
14 81 0 8 0.000000
15 81 0 8 0.000000
16 81 0 8 0.000000
17 81 0 8 0.000000
18 81 0 8 0.000000
19 81 0 8 0.000000
20 81 0 8 0.000000
21 81 0 8 0.000000
22 81 0 8 0.000000
23 81 0 8 0.000000
24 81 0 8 0.000000
25 81 0 8 0.000000
26 81 0 8 0.000000
27 81 0 8 0.000000
28 81 0 8 0.000000
29 81 0 8 0.000000
30 81 0 8 0.000000
31 81 0 8 0.000000
32 81 0 8 0.000000
33 81 0 8 0.000000
34 81 0 8 0.000000
35 81 0 8 0.000000
36 81 0 8 0.000000
37 81 0 8 0.000000
38 81 0 8 0.000000
39 81 0 8 0.000000
40 81 0 8 0.000000
41 81 0 8 0.000000
42 81 0 8 0.000000
43 81 0 8 0.000000
44 81 0 8 0.000000
45 81 0 8 0.000000
46 81 0 8 0.000000
47 81 0 8 0.000000
48 81 0 8 0.000000
49 81 0 8 0.000000
50 81 0 8 0.000000
51 81 0 8 0.000000
52 81 0 8 0.000000
53 81 0 8 0.000000
54 81 0 8 0.000000
55 81 0 8 0.000000
56 81 0 8 0.000000
57 81 0 8 0.000000
58 81 0 8 0.000000
59 81 0 8 0.000000
60 81 0 8 0.000000
61 81 0 8 0.000000
62 81 0 8 0.000000
63 81 0 8 0.000000
64 81 0 8 0.000000
65 81 0 8 0.000000
66 81 0 8 0.000000
67 81 0 8 0.000000
68 81 0 8 0.000000
69 81 0 8 0.000000
70 81 0 8 0.000000
71 81 0 8 0.000000
72 81 0 8 0.000000
73 81 0 8 0.000000
74 81 0 8 0.000000
75 81 0 8 0.000000
76 81 0 8 0.000000
25 67 0 8 -0.000701
12 68 0 8 -0.003272
20 76 0 8 -0.003511
10 15 0 8 -0.004749
22 51 0 8 -0.004884
31 55 0 8 -0.005534
20 36 0 8 -0.005717
46 74 0 8 -0.005870
7 77 0 8 -0.006249
47 73 0 8 -0.007010
39 75 0 8 -0.007239
30 74 0 8 -0.007547
75 80 0 8 -0.007837
39 49 0 8 -0.008139
51 67 0 8 -0.008936
6 15 0 8 -0.009183
7 22 0 8 -0.009258
29 62 0 8 -0.009289
37 58 0 8 -0.009557
20 73 0 8 -0.009609
73 79 0 8 -0.011469
29 51 0 8 -0.011597
27 58 0 8 -0.011614
24 72 0 8 -0.013241
7 74 0 8 -0.013611
29 72 0 8 -0.013818
55 70 0 8 -0.014178
44 68 0 8 -0.014563
23 46 0 8 -0.014774
20 41 0 8 -0.015425
55 69 0 8 -0.015802
51 68 0 8 -0.016186
7 41 0 8 -0.016965
45 80 0 8 -0.017336
6 62 0 8 -0.017645
9 24 0 8 -0.019053
25 79 0 8 -0.019118
16 71 0 8 -0.019657
46 78 0 8 -0.020047
6 76 0 8 -0.020342
64 77 0 8 -0.020844
44 50 0 8 -0.021057
24 56 0 8 -0.021682
36 78 0 8 -0.022207
11 69 0 8 -0.022765
19 79 0 8 -0.023123
9 42 0 8 -0.023128
74 80 0 8 -0.023477
7 36 0 8 -0.024666
45 79 0 8 -0.025141
23 37 0 8 -0.025381
20 43 0 8 -0.025578
48 79 0 8 -0.027261
24 59 0 8 -0.028036
6 80 0 8 -0.028868
14 48 0 8 -0.029908
44 65 0 8 -0.032683
60 80 0 8 -0.032858
18 72 0 8 -0.033184
24 80 0 8 -0.033268
6 24 0 8 -0.033400
8 34 0 8 -0.033503
50 63 0 8 -0.034363
42 80 0 8 -0.034842
20 52 0 8 -0.035886
14 80 0 8 -0.035945
48 70 0 8 -0.036258
8 72 0 8 -0.036429
26 77 0 8 -0.036475
27 80 0 8 -0.036538
20 80 0 8 -0.036588
6 20 0 8 -0.036733
8 45 0 8 -0.036749
41 75 0 8 -0.038043
37 61 0 8 -0.038102
8 78 0 8 -0.039837
11 29 0 8 -0.041515
18 24 0 8 -0.042055
6 33 0 8 -0.042661
15 49 0 8 -0.042845
14 71 0 8 -0.043305
22 58 0 8 -0.044266
7 42 0 8 -0.044682
53 59 0 8 -0.046669
6 56 0 8 -0.046992
8 58 0 8 -0.047859
6 59 0 8 -0.047940
29 43 0 8 -0.048684
17 67 0 8 -0.048873
49 54 0 8 -0.049431
6 67 0 8 -0.050846
7 27 0 8 -0.051057
6 16 0 8 -0.051398
24 30 0 8 -0.051695
28 61 0 8 -0.051933
63 79 0 8 -0.053380
22 60 0 8 -0.055098
26 71 0 8 -0.056242
18 31 0 8 -0.056664
6 48 0 8 -0.057907
22 80 0 8 -0.057912
6 79 0 8 -0.058128
68 76 0 8 -0.058550
34 52 0 8 -0.059146
50 80 0 8 -0.060036
7 72 0 8 -0.060038
17 55 0 8 -0.060699
69 80 0 8 -0.061258
8 25 0 8 -0.061933
18 79 0 8 -0.062081
7 76 0 8 -0.063106
48 61 0 8 -0.063898
50 72 0 8 -0.064219
6 22 0 8 -0.064497
7 49 0 8 -0.066786
24 79 0 8 -0.066988
56 79 0 8 -0.067202
24 65 0 8 -0.068373
57 77 0 8 -0.068413
49 75 0 8 -0.068947
11 80 0 8 -0.069829
38 58 0 8 -0.070269
49 65 0 8 -0.070374
14 54 0 8 -0.070482
42 54 0 8 -0.070934
18 65 0 8 -0.071316
10 63 0 8 -0.071794
20 78 0 8 -0.072417
57 62 0 8 -0.073444
6 65 0 8 -0.073447
20 79 0 8 -0.073674
32 64 0 8 -0.074352
29 80 0 8 -0.074631
6 78 0 8 -0.074930
44 79 0 8 -0.075085
50 79 0 8 -0.075124
12 79 0 8 -0.075460
7 24 0 8 -0.076006
7 55 0 8 -0.077117
25 40 0 8 -0.078112
20 58 0 8 -0.078394
9 38 0 8 -0.078914
62 80 0 8 -0.080915
9 34 0 8 -0.082398
6 39 0 8 -0.083315
7 20 0 8 -0.083591
72 80 0 8 -0.083712
10 28 0 8 -0.083811
6 72 0 8 -0.084044
36 43 0 8 -0.084215
11 22 0 8 -0.086297
24 78 0 8 -0.086352
11 47 0 8 -0.086700
16 79 0 8 -0.086904
14 63 0 8 -0.088347
27 74 0 8 -0.088475
46 71 0 8 -0.089247
32 47 0 8 -0.089868
63 80 0 8 -0.090675
8 60 0 8 -0.090818
66 71 0 8 -0.090926
40 59 0 8 -0.091218
16 42 0 8 -0.093394
6 77 0 8 -0.093542
6 17 0 8 -0.093700
24 50 0 8 -0.095259
31 50 0 8 -0.095609
27 50 0 8 -0.097007
6 34 0 8 -0.097102
20 49 0 8 -0.097219
15 79 0 8 -0.097237
40 72 0 8 -0.097531
6 63 0 8 -0.098310
28 78 0 8 -0.098792
27 54 0 8 -0.098866
6 64 0 8 -0.099276
16 24 0 8 -0.102171
61 80 0 8 -0.102785
45 58 0 8 -0.103731
17 38 0 8 -0.103893
23 35 0 8 -0.103923
68 79 0 8 -0.104914
8 29 0 8 -0.106672
18 51 0 8 -0.106950
18 60 0 8 -0.107061
10 34 0 8 -0.107174
6 60 0 8 -0.107185
8 51 0 8 -0.107387
70 80 0 8 -0.107851
10 68 0 8 -0.108528
24 54 0 8 -0.109393
10 80 0 8 -0.109824
8 24 0 8 -0.110684
28 70 0 8 -0.110952
24 58 0 8 -0.111431
8 68 0 8 -0.111511
6 47 0 8 -0.111741
50 70 0 8 -0.111861
31 53 0 8 -0.112092
11 50 0 8 -0.112095
38 55 0 8 -0.112354
52 62 0 8 -0.113371
65 80 0 8 -0.114819
29 70 0 8 -0.115167
32 53 0 8 -0.116138
33 38 0 8 -0.116518
6 32 0 8 -0.116735
11 40 0 8 -0.116804
14 28 0 8 -0.116896
15 24 0 8 -0.117532
29 79 0 8 -0.117861
29 34 0 8 -0.118082
65 74 0 8 -0.118200
31 45 0 8 -0.118592
6 46 0 8 -0.118995
15 74 0 8 -0.119311
29 41 0 8 -0.120773
43 77 0 8 -0.121049
74 79 0 8 -0.121087
12 24 0 8 -0.121699
14 38 0 8 -0.121968
25 80 0 8 -0.123340
24 60 0 8 -0.123522
58 80 0 8 -0.123684
9 74 0 8 -0.125452
28 39 0 8 -0.125505
6 41 0 8 -0.125540
31 78 0 8 -0.126294
6 73 0 8 -0.128155
31 79 0 8 -0.128227
26 37 0 8 -0.129058
7 31 0 8 -0.129095
26 41 0 8 -0.129161
6 21 0 8 -0.129741
8 19 0 8 -0.130394
11 24 0 8 -0.130616
6 31 0 8 -0.130644
10 24 0 8 -0.130897
6 27 0 8 -0.130903
30 54 0 8 -0.131445
62 72 0 8 -0.131717
24 77 0 8 -0.132037
17 74 0 8 -0.132496
20 46 0 8 -0.135192
7 73 0 8 -0.136623
18 70 0 8 -0.137697
28 63 0 8 -0.138228
7 46 0 8 -0.138814
37 70 0 8 -0.139635
22 57 0 8 -0.139670
29 67 0 8 -0.139713
6 71 0 8 -0.139889
39 56 0 8 -0.140114
48 67 0 8 -0.140908
20 56 0 8 -0.141094
27 46 0 8 -0.141262
6 36 0 8 -0.142001
57 72 0 8 -0.142040
20 50 0 8 -0.142043
12 45 0 8 -0.142418
13 65 0 8 -0.142604
6 50 0 8 -0.142911
21 79 0 8 -0.143092
11 59 0 8 -0.143207
11 20 0 8 -0.143652
24 36 0 8 -0.143894
7 17 0 8 -0.143912
10 20 0 8 -0.143961
15 42 0 8 -0.144148
32 65 0 8 -0.144359
10 57 0 8 -0.144466
34 50 0 8 -0.144988
20 77 0 8 -0.145215
40 64 0 8 -0.145883
20 65 0 8 -0.146102
35 58 0 8 -0.146130
21 53 0 8 -0.146437
8 54 0 8 -0.147601
20 32 0 8 -0.148129
13 37 0 8 -0.148194
7 43 0 8 -0.149690
10 62 0 8 -0.150132
33 44 0 8 -0.150229
25 72 0 8 -0.150239
24 42 0 8 -0.152073
24 66 0 8 -0.152175
17 71 0 8 -0.152234
53 71 0 8 -0.152723
35 52 0 8 -0.153578
8 49 0 8 -0.153936
57 78 0 8 -0.154067
29 35 0 8 -0.154625
33 40 0 8 -0.154657
20 40 0 8 -0.154714
51 80 0 8 -0.156148
7 78 0 8 -0.156808
15 73 0 8 -0.157212
15 20 0 8 -0.157533
28 58 0 8 -0.157830
41 63 0 8 -0.158105
43 80 0 8 -0.158894
36 75 0 8 -0.159017
7 65 0 8 -0.159999
56 72 0 8 -0.160409
31 63 0 8 -0.160585
56 76 0 8 -0.161005
8 69 0 8 -0.161299
13 46 0 8 -0.161387
34 43 0 8 -0.161916
19 54 0 8 -0.163019
21 45 0 8 -0.164218
12 18 0 8 -0.164644
41 78 0 8 -0.165198
50 56 0 8 -0.165651
10 29 0 8 -0.165727
66 78 0 8 -0.166082
36 80 0 8 -0.167620
13 45 0 8 -0.168230
17 27 0 8 -0.168552
72 79 0 8 -0.168562
21 77 0 8 -0.169075
30 53 0 8 -0.169266
7 29 0 8 -0.170505
59 80 0 8 -0.172101
33 72 0 8 -0.172551
17 80 0 8 -0.172706
6 45 0 8 -0.173894
22 71 0 8 -0.174417
47 79 0 8 -0.174552
6 37 0 8 -0.174889
6 43 0 8 -0.175045
20 34 0 8 -0.175360
19 45 0 8 -0.175539
22 49 0 8 -0.176350
46 65 0 8 -0.176901
28 64 0 8 -0.177007
24 67 0 8 -0.177643
10 27 0 8 -0.177856
33 76 0 8 -0.178835
31 71 0 8 -0.179037
51 77 0 8 -0.179293
7 44 0 8 -0.179736
7 70 0 8 -0.180084
41 72 0 8 -0.180299
9 72 0 8 -0.180693
6 35 0 8 -0.181064
13 24 0 8 -0.181672
20 33 0 8 -0.182108
14 64 0 8 -0.182306
34 76 0 8 -0.182529
65 75 0 8 -0.182532
21 38 0 8 -0.182847
67 79 0 8 -0.183057
7 21 0 8 -0.183856
24 46 0 8 -0.183858
48 57 0 8 -0.184152
43 73 0 8 -0.184517
48 71 0 8 -0.185956
19 48 0 8 -0.186973
42 53 0 8 -0.187381
27 40 0 8 -0.187456
34 78 0 8 -0.187480
71 80 0 8 -0.188122
7 26 0 8 -0.188625
10 65 0 8 -0.189009
7 14 0 8 -0.189164
7 69 0 8 -0.189403
14 24 0 8 -0.190394
18 78 0 8 -0.190401
52 76 0 8 -0.190617
12 48 0 8 -0.190814
18 56 0 8 -0.190928
68 77 0 8 -0.191332
10 56 0 8 -0.192535
40 56 0 8 -0.192555
24 76 0 8 -0.192654
7 39 0 8 -0.193038
11 78 0 8 -0.193500
40 58 0 8 -0.194901
26 80 0 8 -0.195182
27 52 0 8 -0.195590
24 63 0 8 -0.195753
67 80 0 8 -0.196298
16 70 0 8 -0.196362
69 78 0 8 -0.196837
36 77 0 8 -0.197202
21 70 0 8 -0.197435
52 74 0 8 -0.197839
14 79 0 8 -0.198821
46 61 0 8 -0.200222
26 47 0 8 -0.201277
31 61 0 8 -0.201655
60 79 0 8 -0.202733
16 34 0 8 -0.202814
8 41 0 8 -0.203164
15 80 0 8 -0.203698
11 33 0 8 -0.204160
11 73 0 8 -0.204273
16 74 0 8 -0.204301
9 79 0 8 -0.204928
10 48 0 8 -0.205448
9 46 0 8 -0.205964
20 57 0 8 -0.206094
24 68 0 8 -0.206317
54 64 0 8 -0.206392
31 80 0 8 -0.207440
50 65 0 8 -0.207631
29 44 0 8 -0.207784
67 78 0 8 -0.207834
19 80 0 8 -0.208311
41 62 0 8 -0.208667
9 65 0 8 -0.208863
20 37 0 8 -0.208987
36 50 0 8 -0.210273
26 44 0 8 -0.211066
33 78 0 8 -0.211311
35 80 0 8 -0.211653
11 58 0 8 -0.212424
24 34 0 8 -0.212476
7 18 0 8 -0.212639
13 34 0 8 -0.212660
9 53 0 8 -0.214442
11 42 0 8 -0.215723
18 41 0 8 -0.215938
72 78 0 8 -0.217287
24 71 0 8 -0.217655
43 74 0 8 -0.218312
26 34 0 8 -0.218607
11 79 0 8 -0.218747
11 27 0 8 -0.219289
32 58 0 8 -0.219525
20 25 0 8 -0.220430
51 71 0 8 -0.220581
51 59 0 8 -0.221149
8 46 0 8 -0.221274
6 19 0 8 -0.221730
9 70 0 8 -0.221974
29 57 0 8 -0.221993
19 58 0 8 -0.223736
18 26 0 8 -0.224117
26 63 0 8 -0.225448
41 70 0 8 -0.226439
6 38 0 8 -0.226517
9 69 0 8 -0.226999
40 62 0 8 -0.227449
70 78 0 8 -0.228176
6 74 0 8 -0.228498
15 70 0 8 -0.229525
62 78 0 8 -0.229918
35 78 0 8 -0.229994
34 71 0 8 -0.230229
32 50 0 8 -0.230624
27 79 0 8 -0.230946
38 62 0 8 -0.231075
65 79 0 8 -0.231197
49 78 0 8 -0.231604
9 60 0 8 -0.231917
23 48 0 8 -0.232434
46 70 0 8 -0.233217
12 39 0 8 -0.234302
24 44 0 8 -0.234916
11 75 0 8 -0.235200
32 70 0 8 -0.235580
40 46 0 8 -0.235594
29 46 0 8 -0.236065
13 20 0 8 -0.236406
21 65 0 8 -0.236517
7 15 0 8 -0.236639
9 78 0 8 -0.237357
24 62 0 8 -0.238227
63 72 0 8 -0.238334
54 73 0 8 -0.239616
13 42 0 8 -0.240741
67 74 0 8 -0.241644
10 41 0 8 -0.241812
8 50 0 8 -0.242694
48 80 0 8 -0.242916
12 72 0 8 -0.243619
7 60 0 8 -0.243913
23 80 0 8 -0.243987
13 58 0 8 -0.244097
20 53 0 8 -0.244888
61 79 0 8 -0.244956
6 51 0 8 -0.245214
52 72 0 8 -0.245375
17 24 0 8 -0.247208
24 43 0 8 -0.248151
53 80 0 8 -0.248264
29 75 0 8 -0.248869
23 51 0 8 -0.249203
6 53 0 8 -0.249247
55 80 0 8 -0.249340
54 65 0 8 -0.249716
49 80 0 8 -0.249819
58 65 0 8 -0.250210
46 80 0 8 -0.251491
6 18 0 8 -0.252209
27 72 0 8 -0.252354
72 77 0 8 -0.252640
24 57 0 8 -0.252721
26 36 0 8 -0.253275
14 22 0 8 -0.253289
19 40 0 8 -0.255664
13 18 0 8 -0.256089
21 49 0 8 -0.257315
24 70 0 8 -0.257794
54 63 0 8 -0.258194
24 51 0 8 -0.258350
51 73 0 8 -0.258981
41 60 0 8 -0.259101
14 19 0 8 -0.259558
27 69 0 8 -0.260447
33 55 0 8 -0.260597
11 43 0 8 -0.260726
73 78 0 8 -0.260821
44 54 0 8 -0.261215
38 67 0 8 -0.261641
20 62 0 8 -0.262004
6 58 0 8 -0.262118
27 41 0 8 -0.262254
31 72 0 8 -0.262413
6 52 0 8 -0.262757
20 74 0 8 -0.263279
13 22 0 8 -0.263312
24 74 0 8 -0.263326
33 65 0 8 -0.263448
24 47 0 8 -0.263894
9 29 0 8 -0.264150
7 54 0 8 -0.264238
43 79 0 8 -0.264356
40 70 0 8 -0.265157
6 75 0 8 -0.265383
46 69 0 8 -0.265489
32 79 0 8 -0.265616
6 30 0 8 -0.266128
20 63 0 8 -0.266164
39 80 0 8 -0.266760
20 61 0 8 -0.267483
68 80 0 8 -0.267739
19 70 0 8 -0.267782
14 72 0 8 -0.267853
32 80 0 8 -0.269278
22 35 0 8 -0.269979
52 80 0 8 -0.271002
37 80 0 8 -0.271009
18 27 0 8 -0.271388
25 33 0 8 -0.271535
27 67 0 8 -0.271612
11 68 0 8 -0.271650
45 73 0 8 -0.271967
9 59 0 8 -0.272282
18 36 0 8 -0.272699
9 61 0 8 -0.273169
23 56 0 8 -0.274149
24 49 0 8 -0.274208
48 62 0 8 -0.275262
17 79 0 8 -0.275804
28 79 0 8 -0.276097
60 75 0 8 -0.276443
41 71 0 8 -0.276543
15 58 0 8 -0.276954
29 60 0 8 -0.277101
6 42 0 8 -0.278456
18 62 0 8 -0.278616
41 68 0 8 -0.278939
11 21 0 8 -0.279027
8 65 0 8 -0.279466
64 74 0 8 -0.279535
55 60 0 8 -0.279914
43 76 0 8 -0.280102
20 54 0 8 -0.280799
24 48 0 8 -0.281050
19 31 0 8 -0.281351
12 17 0 8 -0.281934
53 72 0 8 -0.282374
40 54 0 8 -0.282743
11 49 0 8 -0.282834
67 76 0 8 -0.283030
10 78 0 8 -0.283908
14 62 0 8 -0.284065
43 61 0 8 -0.284147
13 59 0 8 -0.284185
26 72 0 8 -0.284330
7 34 0 8 -0.284595
28 80 0 8 -0.286331
52 75 0 8 -0.286379
42 78 0 8 -0.286474
55 78 0 8 -0.286779
24 53 0 8 -0.287238
42 77 0 8 -0.287305
23 79 0 8 -0.287659
60 66 0 8 -0.287712
8 36 0 8 -0.288158
39 54 0 8 -0.288375
24 61 0 8 -0.289364
43 53 0 8 -0.289505
44 77 0 8 -0.289509
11 65 0 8 -0.289892
36 49 0 8 -0.290124
11 60 0 8 -0.290269
8 63 0 8 -0.290329
52 61 0 8 -0.290960
61 77 0 8 -0.291282
10 53 0 8 -0.292085
7 50 0 8 -0.293108
23 32 0 8 -0.293429
54 62 0 8 -0.293832
12 38 0 8 -0.294197
9 43 0 8 -0.294486
15 75 0 8 -0.294680
16 77 0 8 -0.294691
6 66 0 8 -0.295144
27 55 0 8 -0.295340
48 78 0 8 -0.296179
38 72 0 8 -0.296298
63 77 0 8 -0.297251
27 33 0 8 -0.297838
24 41 0 8 -0.298042
24 73 0 8 -0.298332
23 40 0 8 -0.298597
70 79 0 8 -0.300540
17 53 0 8 -0.301847
17 43 0 8 -0.301857
29 64 0 8 -0.304257
56 80 0 8 -0.304267
12 67 0 8 -0.305441
43 65 0 8 -0.305460
14 26 0 8 -0.305493
24 75 0 8 -0.305833
7 25 0 8 -0.306456
11 28 0 8 -0.306583
20 70 0 8 -0.307248
40 77 0 8 -0.307924
7 23 0 8 -0.307973
57 74 0 8 -0.308380
68 78 0 8 -0.308548
20 48 0 8 -0.309101
43 58 0 8 -0.309204
61 76 0 8 -0.309821
11 52 0 8 -0.310142
60 72 0 8 -0.310819
6 28 0 8 -0.311240
18 46 0 8 -0.312550
25 71 0 8 -0.312955
43 59 0 8 -0.313210
24 39 0 8 -0.313833
46 60 0 8 -0.314314
66 72 0 8 -0.314521
33 74 0 8 -0.315089
55 77 0 8 -0.315783
44 53 0 8 -0.316105
29 68 0 8 -0.316303
23 41 0 8 -0.317045
61 75 0 8 -0.317623
33 80 0 8 -0.317822
31 66 0 8 -0.318209
46 64 0 8 -0.319437
20 64 0 8 -0.319920
17 44 0 8 -0.320050
9 71 0 8 -0.320421
29 71 0 8 -0.320440
8 57 0 8 -0.320851
13 76 0 8 -0.321989
36 57 0 8 -0.323429
54 79 0 8 -0.323970
37 79 0 8 -0.324385
29 48 0 8 -0.324806
44 75 0 8 -0.324938
71 79 0 8 -0.325275
30 80 0 8 -0.325791
44 71 0 8 -0.325813
17 77 0 8 -0.326011
48 60 0 8 -0.326510
60 69 0 8 -0.326544
25 31 0 8 -0.327151
51 65 0 8 -0.328531
11 72 0 8 -0.328670
46 59 0 8 -0.329779
39 44 0 8 -0.329988
22 77 0 8 -0.330184
21 76 0 8 -0.330307
19 77 0 8 -0.330586
19 73 0 8 -0.330818
19 65 0 8 -0.331529
25 62 0 8 -0.331598
15 33 0 8 -0.332790
20 38 0 8 -0.333546
42 79 0 8 -0.334261
24 37 0 8 -0.334347
71 78 0 8 -0.334353
26 54 0 8 -0.334926
10 67 0 8 -0.335293
37 77 0 8 -0.335470
20 45 0 8 -0.335518
24 33 0 8 -0.336141
20 75 0 8 -0.336357
10 58 0 8 -0.337096
15 60 0 8 -0.337948
9 45 0 8 -0.337988
36 79 0 8 -0.338189
64 78 0 8 -0.338411
9 57 0 8 -0.338421
24 64 0 8 -0.340246
23 72 0 8 -0.340538
20 30 0 8 -0.340554
22 27 0 8 -0.340585
22 32 0 8 -0.340699
26 79 0 8 -0.340727
17 58 0 8 -0.340862
19 78 0 8 -0.341954
10 55 0 8 -0.342074
15 50 0 8 -0.342158
23 55 0 8 -0.342210
23 65 0 8 -0.342724
67 77 0 8 -0.344708
26 65 0 8 -0.344821
20 42 0 8 -0.345200
31 74 0 8 -0.345770
43 78 0 8 -0.345976
58 67 0 8 -0.347725
58 72 0 8 -0.347918
53 60 0 8 -0.348880
47 61 0 8 -0.348940
58 77 0 8 -0.349674
27 76 0 8 -0.349698
10 17 0 8 -0.350167
39 52 0 8 -0.350469
63 75 0 8 -0.350516
29 37 0 8 -0.351508
20 47 0 8 -0.351641
25 61 0 8 -0.351737
12 22 0 8 -0.354064
7 62 0 8 -0.354917
14 29 0 8 -0.355594
41 79 0 8 -0.355774
45 71 0 8 -0.355972
63 76 0 8 -0.356137
42 50 0 8 -0.356707
54 66 0 8 -0.359271
21 63 0 8 -0.359485
18 45 0 8 -0.359495
52 77 0 8 -0.360295
37 78 0 8 -0.360834
8 44 0 8 -0.361997
21 48 0 8 -0.362274
53 67 0 8 -0.363797
43 57 0 8 -0.364022
17 26 0 8 -0.366074
16 75 0 8 -0.366729
38 76 0 8 -0.366880
21 58 0 8 -0.367711
8 74 0 8 -0.368268
45 56 0 8 -0.368366
25 78 0 8 -0.368705
9 40 0 8 -0.369366
11 18 0 8 -0.369555
7 37 0 8 -0.369666
60 77 0 8 -0.370705
29 45 0 8 -0.371646
57 70 0 8 -0.372223
29 53 0 8 -0.372629
10 50 0 8 -0.372716
13 36 0 8 -0.372889
29 66 0 8 -0.373128
20 66 0 8 -0.374078
13 29 0 8 -0.374365
57 67 0 8 -0.374602
9 35 0 8 -0.374849
8 38 0 8 -0.374909
15 47 0 8 -0.375538
29 63 0 8 -0.375648
22 47 0 8 -0.375689
15 67 0 8 -0.376506
34 54 0 8 -0.376620
22 79 0 8 -0.377643
50 78 0 8 -0.378458
53 79 0 8 -0.378529
19 57 0 8 -0.378895
53 69 0 8 -0.379137
18 33 0 8 -0.379789
8 67 0 8 -0.380541
50 68 0 8 -0.380954
35 79 0 8 -0.382199
43 49 0 8 -0.382213
29 55 0 8 -0.382673
27 43 0 8 -0.383080
13 47 0 8 -0.383429
9 51 0 8 -0.383593
27 39 0 8 -0.383764
27 64 0 8 -0.383961
24 45 0 8 -0.384464
32 41 0 8 -0.387178
68 75 0 8 -0.387572
9 54 0 8 -0.387584
18 75 0 8 -0.388899
26 42 0 8 -0.390169
12 37 0 8 -0.391093
64 79 0 8 -0.391289
34 60 0 8 -0.391464
7 52 0 8 -0.391545
34 55 0 8 -0.392864
30 77 0 8 -0.394981
21 60 0 8 -0.396252
37 67 0 8 -0.398020
44 69 0 8 -0.398825
9 32 0 8 -0.399726
48 53 0 8 -0.400257
11 19 0 8 -0.401016
16 67 0 8 -0.402089
9 63 0 8 -0.402499
40 75 0 8 -0.402870
49 77 0 8 -0.403081
26 61 0 8 -0.403341
7 71 0 8 -0.404069
11 70 0 8 -0.405020
14 32 0 8 -0.405197
27 34 0 8 -0.405259
12 35 0 8 -0.405282
46 68 0 8 -0.405344
22 64 0 8 -0.405383
62 67 0 8 -0.405684
29 54 0 8 -0.406945
47 77 0 8 -0.407160
9 55 0 8 -0.408987
14 51 0 8 -0.409646
21 54 0 8 -0.410598
26 38 0 8 -0.410713
37 54 0 8 -0.410971
13 62 0 8 -0.411542
46 72 0 8 -0.412355
30 78 0 8 -0.413659
19 63 0 8 -0.413774
9 21 0 8 -0.414206
13 49 0 8 -0.418433
15 72 0 8 -0.418504
44 55 0 8 -0.419121
13 60 0 8 -0.421695
45 72 0 8 -0.422604
17 54 0 8 -0.423252
33 54 0 8 -0.423887
61 72 0 8 -0.424232
26 31 0 8 -0.424541
30 62 0 8 -0.424731
40 60 0 8 -0.424929
8 76 0 8 -0.427678
51 75 0 8 -0.429144
28 40 0 8 -0.429272
36 62 0 8 -0.429540
57 79 0 8 -0.429571
37 51 0 8 -0.430063
55 65 0 8 -0.431483
8 26 0 8 -0.431965
37 43 0 8 -0.432055
15 21 0 8 -0.433004
11 74 0 8 -0.433074
29 47 0 8 -0.433079
10 52 0 8 -0.433153
11 62 0 8 -0.433375
44 78 0 8 -0.433537
18 38 0 8 -0.434266
19 74 0 8 -0.434575
9 76 0 8 -0.435312
46 75 0 8 -0.435671
21 68 0 8 -0.436398
13 66 0 8 -0.436496
53 62 0 8 -0.436630
7 61 0 8 -0.437776
25 76 0 8 -0.438456
12 31 0 8 -0.438786
45 75 0 8 -0.438868
33 41 0 8 -0.438903
11 39 0 8 -0.439113
60 70 0 8 -0.440301
9 47 0 8 -0.440490
11 51 0 8 -0.441177
43 67 0 8 -0.441394
27 60 0 8 -0.441435
9 52 0 8 -0.441654
9 48 0 8 -0.442003
17 76 0 8 -0.442057
62 75 0 8 -0.443168
9 23 0 8 -0.443703
37 71 0 8 -0.443711
15 41 0 8 -0.443772
16 39 0 8 -0.446060
15 61 0 8 -0.446459
8 32 0 8 -0.446589
43 75 0 8 -0.448846
16 68 0 8 -0.451325
18 55 0 8 -0.451339
32 46 0 8 -0.452761
43 48 0 8 -0.452975
23 54 0 8 -0.454308
8 48 0 8 -0.455175
38 61 0 8 -0.455189
41 53 0 8 -0.455309
11 36 0 8 -0.455599
7 63 0 8 -0.455908
26 49 0 8 -0.456901
9 33 0 8 -0.457453
17 66 0 8 -0.458933
35 65 0 8 -0.458965
7 48 0 8 -0.459338
22 55 0 8 -0.459461
23 61 0 8 -0.459818
9 31 0 8 -0.460522
32 57 0 8 -0.461778
31 69 0 8 -0.462290
33 51 0 8 -0.462302
53 70 0 8 -0.462538
25 45 0 8 -0.462932
55 79 0 8 -0.463548
55 73 0 8 -0.464032
27 71 0 8 -0.465184
33 67 0 8 -0.467497
27 57 0 8 -0.467935
10 43 0 8 -0.469039
26 70 0 8 -0.469213
7 75 0 8 -0.469321
53 58 0 8 -0.470119
52 65 0 8 -0.470140
28 72 0 8 -0.470390
15 56 0 8 -0.470948
58 79 0 8 -0.470983
26 60 0 8 -0.471203
61 73 0 8 -0.471231
36 42 0 8 -0.471688
16 32 0 8 -0.472374
12 29 0 8 -0.472654
44 73 0 8 -0.472928
19 53 0 8 -0.473378
8 59 0 8 -0.473408
54 72 0 8 -0.474483
17 78 0 8 -0.474598
40 57 0 8 -0.476363
8 71 0 8 -0.476499
11 54 0 8 -0.477552
12 78 0 8 -0.477707
35 59 0 8 -0.477939
41 56 0 8 -0.478362
18 47 0 8 -0.478818
34 72 0 8 -0.479512
23 33 0 8 -0.479558
56 74 0 8 -0.479832
29 58 0 8 -0.479888
37 65 0 8 -0.480162
12 41 0 8 -0.481801
34 77 0 8 -0.482476
12 51 0 8 -0.482547
12 21 0 8 -0.482566
22 45 0 8 -0.483900
54 59 0 8 -0.484344
33 79 0 8 -0.484404
14 65 0 8 -0.485528
23 76 0 8 -0.486054
31 65 0 8 -0.486119
14 41 0 8 -0.486445
9 26 0 8 -0.486817
19 67 0 8 -0.488126
19 50 0 8 -0.488168
10 54 0 8 -0.488569
18 77 0 8 -0.489750
12 50 0 8 -0.490685
10 70 0 8 -0.491669
34 58 0 8 -0.491728
28 50 0 8 -0.491804
8 35 0 8 -0.492855
47 76 0 8 -0.492947
8 75 0 8 -0.494063
18 71 0 8 -0.494477
29 52 0 8 -0.496222
25 50 0 8 -0.496892
33 60 0 8 -0.496932
9 36 0 8 -0.497221
13 67 0 8 -0.497372
38 44 0 8 -0.498556
37 73 0 8 -0.498965
31 49 0 8 -0.499614
51 56 0 8 -0.501054
70 77 0 8 -0.501394
31 73 0 8 -0.501493
53 78 0 8 -0.501760
7 51 0 8 -0.501894
13 74 0 8 -0.501918
42 63 0 8 -0.506050
33 47 0 8 -0.507416
23 50 0 8 -0.507541
15 29 0 8 -0.508989
25 32 0 8 -0.509105
21 78 0 8 -0.509333
34 64 0 8 -0.509834
35 54 0 8 -0.511953
7 58 0 8 -0.512617
8 22 0 8 -0.513369
10 47 0 8 -0.513916
13 53 0 8 -0.516650
25 77 0 8 -0.516702
8 43 0 8 -0.517189
7 57 0 8 -0.517357
19 62 0 8 -0.517599
47 67 0 8 -0.518322
19 46 0 8 -0.518693
56 78 0 8 -0.518841
22 48 0 8 -0.519554
48 66 0 8 -0.519635
12 75 0 8 -0.519818
12 55 0 8 -0.520571
17 42 0 8 -0.521215
8 47 0 8 -0.521615
51 78 0 8 -0.523127
17 30 0 8 -0.523164
19 34 0 8 -0.523618
35 73 0 8 -0.525331
21 33 0 8 -0.526134
31 60 0 8 -0.527808
10 26 0 8 -0.528363
31 46 0 8 -0.528434
14 49 0 8 -0.529160
10 71 0 8 -0.530126
19 27 0 8 -0.530126
10 19 0 8 -0.530387
42 72 0 8 -0.530460
33 42 0 8 -0.530634
36 65 0 8 -0.530691
8 55 0 8 -0.530847
30 52 0 8 -0.532985
11 25 0 8 -0.534659
53 77 0 8 -0.534765
15 36 0 8 -0.535241
47 66 0 8 -0.538374
48 72 0 8 -0.538837
9 56 0 8 -0.539148
32 38 0 8 -0.539312
40 49 0 8 -0.539805
17 41 0 8 -0.539845
34 68 0 8 -0.540595
10 74 0 8 -0.540785
48 74 0 8 -0.541018
14 69 0 8 -0.542685
41 76 0 8 -0.544876
32 44 0 8 -0.546347
51 70 0 8 -0.547540
31 56 0 8 -0.548743
13 23 0 8 -0.550701
58 73 0 8 -0.551062
57 76 0 8 -0.552806
18 32 0 8 -0.554433
32 55 0 8 -0.554967
37 72 0 8 -0.555640
39 70 0 8 -0.555791
14 59 0 8 -0.556440
26 56 0 8 -0.556567
45 52 0 8 -0.556612
36 51 0 8 -0.556720
10 44 0 8 -0.557787
15 30 0 8 -0.558706
49 72 0 8 -0.559093
25 48 0 8 -0.559571
15 71 0 8 -0.559803
64 70 0 8 -0.560004
71 76 0 8 -0.560697
19 64 0 8 -0.562103
9 25 0 8 -0.562181
17 61 0 8 -0.562428
8 31 0 8 -0.562674
21 72 0 8 -0.562858
17 51 0 8 -0.563083
31 42 0 8 -0.564682
18 61 0 8 -0.565242
31 37 0 8 -0.566366
9 50 0 8 -0.566558
15 46 0 8 -0.567796
8 30 0 8 -0.570033
64 75 0 8 -0.570056
53 66 0 8 -0.570400
63 69 0 8 -0.570402
10 59 0 8 -0.570702
32 42 0 8 -0.571213
18 64 0 8 -0.573222
43 64 0 8 -0.573621
8 40 0 8 -0.574250
25 57 0 8 -0.575955
17 39 0 8 -0.576424
44 63 0 8 -0.577552
29 49 0 8 -0.577931
17 63 0 8 -0.577952
23 69 0 8 -0.579097
28 51 0 8 -0.579300
28 43 0 8 -0.579321
35 57 0 8 -0.579831
38 43 0 8 -0.580080
46 58 0 8 -0.580848
50 71 0 8 -0.581505
10 61 0 8 -0.582198
33 64 0 8 -0.584156
35 60 0 8 -0.585092
9 75 0 8 -0.585094
7 19 0 8 -0.585531
12 63 0 8 -0.586185
14 43 0 8 -0.586464
9 44 0 8 -0.586852
45 70 0 8 -0.587059
8 52 0 8 -0.587188
11 61 0 8 -0.588665
48 65 0 8 -0.588742
13 63 0 8 -0.589132
14 75 0 8 -0.590183
16 23 0 8 -0.591066
46 51 0 8 -0.591244
14 74 0 8 -0.591681
55 62 0 8 -0.593910
30 79 0 8 -0.594349
11 56 0 8 -0.594750
9 49 0 8 -0.595164
26 76 0 8 -0.595371
48 56 0 8 -0.595783
51 57 0 8 -0.596109
28 48 0 8 -0.596842
59 70 0 8 -0.597149
16 40 0 8 -0.597166
13 56 0 8 -0.597187
15 48 0 8 -0.598527
38 65 0 8 -0.598942
18 34 0 8 -0.599039
11 46 0 8 -0.603331
14 60 0 8 -0.607284
32 51 0 8 -0.608246
19 33 0 8 -0.608362
59 79 0 8 -0.608513
46 77 0 8 -0.608650
23 29 0 8 -0.609694
15 62 0 8 -0.609707
7 56 0 8 -0.610744
14 30 0 8 -0.610948
45 74 0 8 -0.611963
50 64 0 8 -0.614109
26 62 0 8 -0.617091
45 77 0 8 -0.617190
16 65 0 8 -0.617459
9 19 0 8 -0.617486
8 66 0 8 -0.617541
14 68 0 8 -0.617755
44 60 0 8 -0.618059
26 43 0 8 -0.618219
12 60 0 8 -0.618595
9 27 0 8 -0.620063
52 63 0 8 -0.620276
12 47 0 8 -0.622938
49 60 0 8 -0.623680
64 72 0 8 -0.623728
32 37 0 8 -0.623758
7 64 0 8 -0.625812
47 78 0 8 -0.625867
35 55 0 8 -0.626063
60 76 0 8 -0.626468
28 74 0 8 -0.626900
13 26 0 8 -0.627676
14 40 0 8 -0.628036
30 72 0 8 -0.628555
14 42 0 8 -0.629208
42 49 0 8 -0.631159
13 44 0 8 -0.631723
45 78 0 8 -0.632106
11 31 0 8 -0.633286
17 23 0 8 -0.634479
8 27 0 8 -0.635109
7 66 0 8 -0.635239
54 77 0 8 -0.636296
28 65 0 8 -0.638181
18 68 0 8 -0.639536
9 37 0 8 -0.640560
17 48 0 8 -0.640560
8 28 0 8 -0.642568
22 68 0 8 -0.643141
16 58 0 8 -0.645233
17 60 0 8 -0.645791
27 75 0 8 -0.646971
12 66 0 8 -0.647139
17 47 0 8 -0.647533
11 71 0 8 -0.647612
30 48 0 8 -0.647785
12 27 0 8 -0.648346
12 61 0 8 -0.649838
49 62 0 8 -0.651386
8 37 0 8 -0.652432
51 76 0 8 -0.653302
25 68 0 8 -0.654319
46 73 0 8 -0.654483
19 66 0 8 -0.654564
15 57 0 8 -0.655096
16 33 0 8 -0.655097
17 62 0 8 -0.655231
17 68 0 8 -0.656173
8 64 0 8 -0.658171
14 33 0 8 -0.659505
28 37 0 8 -0.659621
13 54 0 8 -0.659990
27 68 0 8 -0.663442
11 17 0 8 -0.663732
17 45 0 8 -0.664755
18 35 0 8 -0.664847
7 28 0 8 -0.666407
16 22 0 8 -0.666454
16 44 0 8 -0.666627
22 46 0 8 -0.666628
29 40 0 8 -0.668435
39 59 0 8 -0.668757
30 46 0 8 -0.669324
22 69 0 8 -0.670608
45 60 0 8 -0.670988
63 73 0 8 -0.672513
12 32 0 8 -0.675547
41 69 0 8 -0.676142
38 60 0 8 -0.677589
25 56 0 8 -0.677893
40 65 0 8 -0.677894
17 65 0 8 -0.678400
19 47 0 8 -0.678692
25 36 0 8 -0.679201
49 56 0 8 -0.680552
29 42 0 8 -0.682067
43 70 0 8 -0.683345
51 66 0 8 -0.683936
33 61 0 8 -0.684021
26 59 0 8 -0.684551
44 59 0 8 -0.684600
41 77 0 8 -0.684879
36 53 0 8 -0.685343
26 55 0 8 -0.686290
14 37 0 8 -0.687224
60 74 0 8 -0.687431
30 70 0 8 -0.687535
12 49 0 8 -0.688250
42 76 0 8 -0.688802
54 71 0 8 -0.688853
12 26 0 8 -0.689591
42 61 0 8 -0.689766
36 63 0 8 -0.690764
28 45 0 8 -0.692647
10 51 0 8 -0.693031
13 57 0 8 -0.694118
13 25 0 8 -0.695352
11 64 0 8 -0.695487
39 77 0 8 -0.696203
33 77 0 8 -0.696795
11 30 0 8 -0.697021
27 62 0 8 -0.697877
30 76 0 8 -0.698726
38 59 0 8 -0.699459
19 56 0 8 -0.700034
39 73 0 8 -0.702575
11 37 0 8 -0.702813
42 70 0 8 -0.704003
12 34 0 8 -0.704239
42 52 0 8 -0.707080
30 55 0 8 -0.707547
44 74 0 8 -0.707846
27 42 0 8 -0.708502
9 41 0 8 -0.709235
7 30 0 8 -0.710519
16 56 0 8 -0.710681
50 60 0 8 -0.714586
37 68 0 8 -0.715746
46 56 0 8 -0.716642
9 68 0 8 -0.717081
35 44 0 8 -0.717478
34 73 0 8 -0.717917
25 41 0 8 -0.718866
48 76 0 8 -0.719168
15 64 0 8 -0.719468
56 66 0 8 -0.720847
38 56 0 8 -0.721567
51 64 0 8 -0.723082
34 51 0 8 -0.723107
32 63 0 8 -0.724067
43 68 0 8 -0.724621
38 77 0 8 -0.725135
15 35 0 8 -0.725271
43 56 0 8 -0.726922
62 76 0 8 -0.727302
16 60 0 8 -0.728201
47 74 0 8 -0.728548
60 73 0 8 -0.729367
10 45 0 8 -0.734649
53 68 0 8 -0.735492
19 35 0 8 -0.735662
10 39 0 8 -0.735746
18 50 0 8 -0.735822
39 51 0 8 -0.738090
14 44 0 8 -0.738246
22 78 0 8 -0.738510
33 66 0 8 -0.738799
15 45 0 8 -0.743983
26 57 0 8 -0.744120
11 35 0 8 -0.744678
32 62 0 8 -0.746783
57 66 0 8 -0.747775
43 63 0 8 -0.748402
28 60 0 8 -0.749140
17 22 0 8 -0.749435
35 42 0 8 -0.749957
19 71 0 8 -0.751008
13 31 0 8 -0.752506
33 75 0 8 -0.753126
12 43 0 8 -0.753292
16 30 0 8 -0.753853
34 48 0 8 -0.753892
11 63 0 8 -0.754620
26 46 0 8 -0.755143
57 69 0 8 -0.757206
54 76 0 8 -0.757516
52 67 0 8 -0.757853
34 75 0 8 -0.757949
28 67 0 8 -0.758955
12 40 0 8 -0.759054
12 36 0 8 -0.759863
35 56 0 8 -0.762476
14 57 0 8 -0.762962
47 63 0 8 -0.763671
17 64 0 8 -0.764446
58 71 0 8 -0.765586
26 68 0 8 -0.766259
15 28 0 8 -0.766301
10 25 0 8 -0.766858
18 76 0 8 -0.768208
33 63 0 8 -0.769375
13 71 0 8 -0.771883
15 69 0 8 -0.772574
26 51 0 8 -0.773319
10 66 0 8 -0.773677
30 59 0 8 -0.774570
47 62 0 8 -0.774866
52 60 0 8 -0.776848
13 68 0 8 -0.776897
8 61 0 8 -0.777023
25 60 0 8 -0.778095
31 48 0 8 -0.779397
10 36 0 8 -0.779985
32 68 0 8 -0.781527
16 63 0 8 -0.782866
42 74 0 8 -0.783526
13 27 0 8 -0.785073
9 30 0 8 -0.786337
30 57 0 8 -0.786532
8 39 0 8 -0.787000
42 56 0 8 -0.787980
14 70 0 8 -0.790477
9 22 0 8 -0.792655
32 73 0 8 -0.792748
27 56 0 8 -0.794371
13 51 0 8 -0.796037
57 71 0 8 -0.799171
44 70 0 8 -0.799203
35 46 0 8 -0.800380
30 65 0 8 -0.801182
44 57 0 8 -0.803769
54 60 0 8 -0.806113
14 46 0 8 -0.806517
17 28 0 8 -0.807711
50 76 0 8 -0.810884
38 51 0 8 -0.813334
23 47 0 8 -0.813841
53 73 0 8 -0.815971
26 50 0 8 -0.818083
26 64 0 8 -0.818260
43 66 0 8 -0.819849
11 66 0 8 -0.821015
16 57 0 8 -0.821118
8 23 0 8 -0.822184
26 39 0 8 -0.824097
10 46 0 8 -0.824775
39 47 0 8 -0.825731
36 68 0 8 -0.828674
19 36 0 8 -0.829283
46 62 0 8 -0.829558
36 60 0 8 -0.831419
23 58 0 8 -0.832853
9 28 0 8 -0.833366
14 47 0 8 -0.834320
38 71 0 8 -0.834877
49 71 0 8 -0.835155
10 75 0 8 -0.835171
39 67 0 8 -0.836333
13 64 0 8 -0.836641
47 58 0 8 -0.837210
22 72 0 8 -0.839348
14 66 0 8 -0.840598
45 76 0 8 -0.842069
19 30 0 8 -0.843191
39 60 0 8 -0.845200
32 67 0 8 -0.848941
47 60 0 8 -0.849913
48 68 0 8 -0.850654
32 71 0 8 -0.851396
44 67 0 8 -0.851440
23 63 0 8 -0.855259
38 63 0 8 -0.855533
28 68 0 8 -0.855771
30 60 0 8 -0.856495
9 66 0 8 -0.858349
49 69 0 8 -0.861997
35 70 0 8 -0.863466
15 63 0 8 -0.864489
44 64 0 8 -0.864869
23 38 0 8 -0.866623
28 69 0 8 -0.866902
8 56 0 8 -0.870715
62 73 0 8 -0.871649
14 76 0 8 -0.872849
8 42 0 8 -0.872914
57 64 0 8 -0.873774
31 64 0 8 -0.875780
12 58 0 8 -0.876892
12 62 0 8 -0.878006
22 53 0 8 -0.881076
13 35 0 8 -0.881262
41 59 0 8 -0.881524
36 41 0 8 -0.882575
28 47 0 8 -0.882681
50 74 0 8 -0.882811
30 36 0 8 -0.883926
32 39 0 8 -0.887317
56 70 0 8 -0.888165
17 49 0 8 -0.889919
21 39 0 8 -0.890110
35 47 0 8 -0.891302
22 63 0 8 -0.897813
18 74 0 8 -0.898427
45 68 0 8 -0.899868
14 45 0 8 -0.900084
57 73 0 8 -0.903249
48 69 0 8 -0.905798
10 30 0 8 -0.906247
35 43 0 8 -0.906451
27 32 0 8 -0.906542
21 28 0 8 -0.908278
16 54 0 8 -0.909615
51 60 0 8 -0.912571
42 65 0 8 -0.914655
25 37 0 8 -0.914842
28 49 0 8 -0.915491
36 66 0 8 -0.916997
37 64 0 8 -0.918314
27 73 0 8 -0.918914
31 68 0 8 -0.921675
39 48 0 8 -0.922913
59 66 0 8 -0.923504
44 61 0 8 -0.928015
50 59 0 8 -0.929959
59 73 0 8 -0.930700
30 56 0 8 -0.931307
40 68 0 8 -0.931970
25 30 0 8 -0.932165
35 76 0 8 -0.932522
23 52 0 8 -0.933857
40 73 0 8 -0.938437
15 38 0 8 -0.939125
69 76 0 8 -0.942706
46 66 0 8 -0.943482
64 69 0 8 -0.944819
54 68 0 8 -0.948753
48 58 0 8 -0.950228
10 22 0 8 -0.951428
56 62 0 8 -0.951432
49 68 0 8 -0.952054
30 43 0 8 -0.954902
34 69 0 8 -0.955052
21 41 0 8 -0.959190
47 53 0 8 -0.960109
19 49 0 8 -0.960512
17 40 0 8 -0.961623
18 58 0 8 -0.964830
66 76 0 8 -0.965896
18 39 0 8 -0.966597
34 39 0 8 -0.968212
17 59 0 8 -0.970406
30 51 0 8 -0.973118
10 23 0 8 -0.973293
30 71 0 8 -0.973380
19 69 0 8 -0.975439
12 57 0 8 -0.976893
58 66 0 8 -0.978754
8 33 0 8 -0.979595
41 64 0 8 -0.981644
64 76 0 8 -0.981649
48 73 0 8 -0.985845
26 58 0 8 -0.989857
16 31 0 8 -0.991790
35 63 0 8 -0.993185
15 32 0 8 -0.993862
41 55 0 8 -0.995763
33 69 0 8 -0.996884
64 73 0 8 -0.997705
56 71 0 8 -0.997845
41 74 0 8 -0.998335
27 37 0 8 -1.002041
45 69 0 8 -1.002060
21 64 0 8 -1.008036
38 66 0 8 -1.009340
57 75 0 8 -1.011191
54 69 0 8 -1.016025
25 75 0 8 -1.018204
18 53 0 8 -1.018683
39 71 0 8 -1.020378
47 75 0 8 -1.025902
47 68 0 8 -1.026793
21 40 0 8 -1.029155
12 46 0 8 -1.029563
47 71 0 8 -1.029660
28 75 0 8 -1.030303
21 26 0 8 -1.031070
26 48 0 8 -1.031890
22 37 0 8 -1.033580
17 37 0 8 -1.035141
35 50 0 8 -1.036077
19 41 0 8 -1.039241
30 58 0 8 -1.041544
61 69 0 8 -1.045648
26 40 0 8 -1.046534
26 67 0 8 -1.046829
38 74 0 8 -1.050761
66 77 0 8 -1.051445
22 38 0 8 -1.051551
39 62 0 8 -1.054849
13 30 0 8 -1.055119
35 53 0 8 -1.055197
22 44 0 8 -1.060937
25 65 0 8 -1.062844
21 44 0 8 -1.063884
48 63 0 8 -1.064085
25 52 0 8 -1.065970
33 58 0 8 -1.067617
36 71 0 8 -1.069021
56 73 0 8 -1.072894
59 71 0 8 -1.073573
16 61 0 8 -1.075048
16 26 0 8 -1.077431
35 51 0 8 -1.079010
47 70 0 8 -1.082599
55 68 0 8 -1.083029
12 44 0 8 -1.083218
49 74 0 8 -1.084075
23 60 0 8 -1.084822
40 66 0 8 -1.090196
27 44 0 8 -1.091989
28 46 0 8 -1.092384
21 43 0 8 -1.093642
34 61 0 8 -1.093695
37 60 0 8 -1.094968
16 21 0 8 -1.098991
15 31 0 8 -1.100882
22 36 0 8 -1.101378
21 67 0 8 -1.102837
14 55 0 8 -1.105969
31 59 0 8 -1.106638
26 75 0 8 -1.107776
37 63 0 8 -1.108701
13 32 0 8 -1.111138
51 62 0 8 -1.113155
30 75 0 8 -1.114735
14 23 0 8 -1.114748
49 64 0 8 -1.114831
16 38 0 8 -1.115713
35 48 0 8 -1.116994
16 66 0 8 -1.118037
12 30 0 8 -1.122779
25 74 0 8 -1.125345
36 64 0 8 -1.126554
23 62 0 8 -1.126592
16 50 0 8 -1.127330
25 51 0 8 -1.129258
14 35 0 8 -1.129759
32 52 0 8 -1.130430
33 43 0 8 -1.133744
58 69 0 8 -1.134321
23 74 0 8 -1.138131
12 56 0 8 -1.138147
23 53 0 8 -1.140284
12 25 0 8 -1.140862
25 59 0 8 -1.141791
13 41 0 8 -1.142046
13 43 0 8 -1.143225
25 47 0 8 -1.145966
17 32 0 8 -1.148453
43 71 0 8 -1.150401
58 64 0 8 -1.150401
25 58 0 8 -1.154346
26 69 0 8 -1.155807
21 56 0 8 -1.159126
15 27 0 8 -1.160857
22 74 0 8 -1.162424
26 53 0 8 -1.164586
12 52 0 8 -1.170003
44 66 0 8 -1.172423
42 69 0 8 -1.172868
22 62 0 8 -1.175714
31 51 0 8 -1.176905
21 62 0 8 -1.179116
37 55 0 8 -1.179628
36 48 0 8 -1.183323
13 75 0 8 -1.184059
21 35 0 8 -1.187865
15 66 0 8 -1.189509
52 71 0 8 -1.191655
16 62 0 8 -1.196287
39 74 0 8 -1.202947
48 75 0 8 -1.207127
17 56 0 8 -1.207368
28 42 0 8 -1.207712
26 73 0 8 -1.210162
13 50 0 8 -1.210278
25 43 0 8 -1.211745
45 57 0 8 -1.216026
16 52 0 8 -1.217335
25 66 0 8 -1.217803
42 62 0 8 -1.221796
21 66 0 8 -1.221901
49 58 0 8 -1.231819
25 55 0 8 -1.231870
28 36 0 8 -1.238877
16 36 0 8 -1.241922
27 48 0 8 -1.242989
28 33 0 8 -1.243838
18 66 0 8 -1.246214
30 61 0 8 -1.253831
12 33 0 8 -1.262575
28 57 0 8 -1.263480
28 76 0 8 -1.268691
19 61 0 8 -1.268898
32 59 0 8 -1.269084
40 71 0 8 -1.269571
21 34 0 8 -1.269913
12 53 0 8 -1.272052
49 66 0 8 -1.274471
28 55 0 8 -1.278090
66 73 0 8 -1.280582
21 36 0 8 -1.285993
21 71 0 8 -1.286484
21 31 0 8 -1.288108
26 52 0 8 -1.288212
28 41 0 8 -1.289805
55 71 0 8 -1.291402
44 49 0 8 -1.296052
28 44 0 8 -1.300669
22 61 0 8 -1.306197
42 64 0 8 -1.308587
38 52 0 8 -1.318702
34 56 0 8 -1.318803
21 51 0 8 -1.319757
30 44 0 8 -1.325183
21 52 0 8 -1.327729
42 66 0 8 -1.327809
31 52 0 8 -1.342378
19 32 0 8 -1.343760
49 55 0 8 -1.358224
31 62 0 8 -1.365318
40 61 0 8 -1.365450
16 53 0 8 -1.367686
12 54 0 8 -1.369913
30 69 0 8 -1.370908
13 39 0 8 -1.374220
22 34 0 8 -1.375239
17 35 0 8 -1.378001
45 66 0 8 -1.379065
38 64 0 8 -1.384590
19 68 0 8 -1.391087
22 33 0 8 -1.394772
35 49 0 8 -1.404380
15 59 0 8 -1.405205
23 57 0 8 -1.405542
50 69 0 8 -1.405955
19 37 0 8 -1.414888
33 70 0 8 -1.416073
13 33 0 8 -1.423410
52 69 0 8 -1.424865
48 64 0 8 -1.426277
30 40 0 8 -1.439072
45 53 0 8 -1.441812
30 38 0 8 -1.441851
19 28 0 8 -1.448539
36 73 0 8 -1.451167
45 67 0 8 -1.452455
16 41 0 8 -1.453849
32 40 0 8 -1.456651
28 52 0 8 -1.457432
17 33 0 8 -1.461575
23 68 0 8 -1.469147
55 64 0 8 -1.469256
37 62 0 8 -1.472891
28 38 0 8 -1.476206
35 41 0 8 -1.482255
45 51 0 8 -1.491024
16 35 0 8 -1.493464
27 36 0 8 -1.528938
39 61 0 8 -1.531328
22 30 0 8 -1.533739
53 75 0 8 -1.539868
19 38 0 8 -1.545712
30 37 0 8 -1.559030
35 64 0 8 -1.561379
12 28 0 8 -1.562564
39 64 0 8 -1.564051
35 68 0 8 -1.567512
53 64 0 8 -1.568038
30 42 0 8 -1.574456
52 64 0 8 -1.585335
23 73 0 8 -1.585939
15 53 0 8 -1.598818
28 59 0 8 -1.603366
23 49 0 8 -1.620946
41 73 0 8 -1.625205
56 69 0 8 -1.632092
21 30 0 8 -1.632249
30 45 0 8 -1.638761
62 69 0 8 -1.646849
33 71 0 8 -1.654795
47 56 0 8 -1.654916
30 47 0 8 -1.658249
42 71 0 8 -1.672348
39 68 0 8 -1.679696
16 55 0 8 -1.681809
23 66 0 8 -1.684582
55 66 0 8 -1.696778
33 62 0 8 -1.701245
22 56 0 8 -1.701316
25 64 0 8 -1.709284
52 66 0 8 -1.770258
35 69 0 8 -1.771871
39 66 0 8 -1.792167
37 59 0 8 -1.800068
39 53 0 8 -1.800877
18 52 0 8 -1.805693
66 75 0 8 -1.813451
26 45 0 8 -1.814962
52 68 0 8 -1.818093
33 73 0 8 -1.820693
18 28 0 8 -1.827575
39 63 0 8 -1.839130
28 73 0 8 -1.841480
23 30 0 8 -1.855477
28 53 0 8 -1.858408
37 75 0 8 -1.865129
23 64 0 8 -1.881408
28 62 0 8 -1.889591
22 66 0 8 -1.894617
45 64 0 8 -1.899634
47 59 0 8 -1.909561
37 66 0 8 -1.913164
52 70 0 8 -1.919350
39 50 0 8 -1.932497
22 28 0 8 -1.955877
21 75 0 8 -1.965404
23 28 0 8 -1.992482
35 45 0 8 -2.022592
28 56 0 8 -2.040871
13 28 0 8 -2.154579
33 45 0 8 -2.263705
39 46 0 8 -2.269169
38 69 0 8 -2.280849
33 68 0 8 -2.467536
