38 50 0 8 14.748869
29 61 0 8 13.742924
34 56 0 8 13.453842
61 78 0 8 12.718640
41 48 0 8 12.033855
32 58 0 8 11.077144
59 77 0 8 10.150442
63 78 0 8 9.406187
60 80 0 8 8.978827
35 56 0 8 8.799622
63 75 0 8 8.716614
26 38 0 8 8.188372
55 79 0 8 7.751230
29 62 0 8 7.259289
27 37 0 8 7.196586
6 75 0 8 7.085196
40 76 0 8 6.881090
24 66 0 8 6.549912
44 49 0 8 6.291713
62 77 0 8 6.019722
15 40 0 8 5.773800
8 75 0 8 5.746506
70 76 0 8 5.665499
26 41 0 8 5.573817
12 72 0 8 5.479750
64 74 0 8 5.411513
27 59 0 8 5.348756
31 37 0 8 5.208563
25 40 0 8 5.149596
8 73 0 8 5.021096
36 52 0 8 5.002179
60 78 0 8 4.992166
58 80 0 8 4.989863
25 62 0 8 4.768515
9 42 0 8 4.643701
25 66 0 8 4.566766
24 48 0 8 4.550981
45 50 0 8 4.368544
11 44 0 8 4.318069
8 49 0 8 4.132407
39 77 0 8 3.989622
11 49 0 8 3.986967
14 69 0 8 3.904102
47 52 0 8 3.892347
57 79 0 8 3.889410
27 77 0 8 3.825929
38 52 0 8 3.756633
49 72 0 8 3.634253
19 45 0 8 3.571577
16 66 0 8 3.534253
36 45 0 8 3.500535
11 16 0 8 3.452159
5 55 0 8 3.442466
35 54 0 8 3.414722
7 79 0 8 3.360893
5 54 0 8 3.203465
33 53 0 8 3.174177
16 23 0 8 3.098471
32 56 0 8 3.065673
28 34 0 8 3.038415
18 48 0 8 3.025278
42 47 0 8 3.006185
64 69 0 8 3.004317
23 47 0 8 2.983185
48 72 0 8 2.978261
29 60 0 8 2.948936
45 52 0 8 2.941608
47 69 0 8 2.869603
41 69 0 8 2.849901
42 72 0 8 2.841642
2 8 0 8 2.800963
28 66 0 8 2.775181
51 63 0 8 2.770960
28 65 0 8 2.736906
41 50 0 8 2.679518
20 45 0 8 2.656181
15 64 0 8 2.651846
16 48 0 8 2.606123
40 77 0 8 2.585202
47 67 0 8 2.584230
40 66 0 8 2.580657
47 71 0 8 2.563524
49 64 0 8 2.552518
68 74 0 8 2.495152
12 18 0 8 2.477690
44 72 0 8 2.446374
60 79 0 8 2.419647
12 48 0 8 2.418748
16 21 0 8 2.371677
58 79 0 8 2.364766
14 74 0 8 2.336223
10 16 0 8 2.321425
21 26 0 8 2.320904
21 48 0 8 2.319764
52 63 0 8 2.315760
29 77 0 8 2.291966
23 48 0 8 2.268093
16 24 0 8 2.262019
12 71 0 8 2.254910
49 71 0 8 2.246211
49 69 0 8 2.240626
25 64 0 8 2.233793
39 75 0 8 2.231471
31 59 0 8 2.230191
41 46 0 8 2.230098
39 56 0 8 2.212638
7 12 0 8 2.201987
35 53 0 8 2.177974
27 32 0 8 2.162310
33 64 0 8 2.143980
42 69 0 8 2.141795
7 54 0 8 2.127422
15 42 0 8 2.123903
43 48 0 8 2.105812
3 8 0 8 2.050538
35 55 0 8 2.042247
41 66 0 8 2.023757
63 77 0 8 2.021687
59 79 0 8 2.016494
7 39 0 8 2.009007
33 39 0 8 2.006745
43 72 0 8 1.988496
45 72 0 8 1.987970
8 14 0 8 1.967558
36 44 0 8 1.967445
19 46 0 8 1.960546
9 49 0 8 1.958679
20 46 0 8 1.954649
16 41 0 8 1.943591
5 79 0 8 1.929175
28 58 0 8 1.900289
42 74 0 8 1.898169
1 8 0 8 1.895264
16 45 0 8 1.870455
49 74 0 8 1.844966
64 70 0 8 1.843127
42 70 0 8 1.842162
9 22 0 8 1.834981
32 55 0 8 1.830199
43 49 0 8 1.823617
36 49 0 8 1.780638
46 72 0 8 1.770131
7 59 0 8 1.758887
39 79 0 8 1.758005
43 67 0 8 1.754516
6 78 0 8 1.726652
49 73 0 8 1.705857
28 53 0 8 1.700171
34 58 0 8 1.693499
7 55 0 8 1.692541
12 73 0 8 1.687384
25 41 0 8 1.683141
9 69 0 8 1.671870
15 25 0 8 1.661872
25 77 0 8 1.650581
52 71 0 8 1.649185
50 72 0 8 1.631914
56 79 0 8 1.631823
16 22 0 8 1.601046
22 66 0 8 1.584536
57 77 0 8 1.575684
24 78 0 8 1.570183
34 39 0 8 1.560962
50 64 0 8 1.532197
28 60 0 8 1.530426
40 64 0 8 1.516052
31 77 0 8 1.513963
24 74 0 8 1.509342
36 54 0 8 1.509084
29 53 0 8 1.501124
15 66 0 8 1.496640
37 54 0 8 1.490520
51 56 0 8 1.486235
7 51 0 8 1.483282
27 46 0 8 1.480380
13 42 0 8 1.479465
5 49 0 8 1.476692
40 62 0 8 1.473200
32 53 0 8 1.463555
32 61 0 8 1.452295
43 70 0 8 1.426977
25 72 0 8 1.421519
14 41 0 8 1.419307
18 25 0 8 1.418943
8 50 0 8 1.412971
28 63 0 8 1.403701
28 61 0 8 1.398240
64 75 0 8 1.398095
24 41 0 8 1.395928
52 76 0 8 1.385226
16 49 0 8 1.382081
4 48 0 8 1.363099
39 64 0 8 1.360386
35 79 0 8 1.352140
18 26 0 8 1.347843
33 59 0 8 1.336666
18 66 0 8 1.323052
26 37 0 8 1.315316
30 46 0 8 1.310745
26 39 0 8 1.292877
35 72 0 8 1.289809
27 67 0 8 1.263647
61 70 0 8 1.263379
19 25 0 8 1.256429
52 78 0 8 1.252841
59 78 0 8 1.237195
20 42 0 8 1.236830
35 65 0 8 1.216798
20 26 0 8 1.208867
11 54 0 8 1.207197
9 14 0 8 1.198266
33 70 0 8 1.196104
26 66 0 8 1.193784
20 47 0 8 1.179179
40 52 0 8 1.176112
17 24 0 8 1.166570
27 35 0 8 1.162591
8 16 0 8 1.159301
14 24 0 8 1.157575
51 57 0 8 1.146553
11 69 0 8 1.138930
16 67 0 8 1.135942
53 60 0 8 1.121855
17 65 0 8 1.117437
55 73 0 8 1.103727
12 69 0 8 1.102364
9 20 0 8 1.098848
50 69 0 8 1.093294
34 60 0 8 1.086314
17 48 0 8 1.079991
55 74 0 8 1.078354
26 51 0 8 1.076092
19 43 0 8 1.075573
39 49 0 8 1.074418
39 62 0 8 1.071338
42 73 0 8 1.067982
60 73 0 8 1.065871
38 49 0 8 1.063656
12 23 0 8 1.059535
11 67 0 8 1.059273
31 68 0 8 1.057269
29 78 0 8 1.052813
52 72 0 8 1.050030
32 60 0 8 1.047548
18 59 0 8 1.036187
39 51 0 8 1.029666
7 80 0 8 1.029085
51 64 0 8 1.027225
34 55 0 8 1.019042
6 63 0 8 1.016006
29 35 0 8 1.010486
18 52 0 8 1.003809
21 47 0 8 1.003552
9 45 0 8 0.996044
15 51 0 8 0.995639
61 75 0 8 0.994805
10 64 0 8 0.992591
17 25 0 8 0.992308
66 72 0 8 0.991968
13 51 0 8 0.991382
13 57 0 8 0.990922
42 50 0 8 0.988293
36 47 0 8 0.984747
37 59 0 8 0.984165
4 50 0 8 0.978807
26 40 0 8 0.968670
37 70 0 8 0.959314
27 47 0 8 0.956480
65 74 0 8 0.955550
33 57 0 8 0.955397
40 70 0 8 0.954055
49 62 0 8 0.948949
14 49 0 8 0.935004
12 17 0 8 0.932423
11 41 0 8 0.930594
15 60 0 8 0.930267
28 62 0 8 0.928802
14 22 0 8 0.924440
14 65 0 8 0.924368
54 69 0 8 0.923359
26 47 0 8 0.922629
33 56 0 8 0.915759
17 72 0 8 0.904168
41 59 0 8 0.897629
34 66 0 8 0.895475
6 36 0 8 0.893767
21 67 0 8 0.892663
54 65 0 8 0.892453
36 56 0 8 0.890359
8 43 0 8 0.888905
26 48 0 8 0.879670
4 79 0 8 0.874025
11 45 0 8 0.872679
14 23 0 8 0.869492
31 58 0 8 0.865724
45 69 0 8 0.864845
7 50 0 8 0.863838
42 66 0 8 0.858411
20 71 0 8 0.858187
36 70 0 8 0.852222
49 75 0 8 0.851763
29 63 0 8 0.848009
45 76 0 8 0.842824
29 70 0 8 0.834608
17 69 0 8 0.826384
15 21 0 8 0.825403
22 40 0 8 0.823533
60 75 0 8 0.823325
16 46 0 8 0.820536
11 50 0 8 0.811790
29 39 0 8 0.810476
64 76 0 8 0.805537
60 76 0 8 0.802980
68 77 0 8 0.800954
60 68 0 8 0.796777
10 78 0 8 0.796602
16 26 0 8 0.793243
60 65 0 8 0.789122
22 67 0 8 0.788419
49 76 0 8 0.787463
58 65 0 8 0.785950
13 30 0 8 0.785916
40 60 0 8 0.784454
65 75 0 8 0.775564
14 48 0 8 0.771157
4 33 0 8 0.770118
36 48 0 8 0.769638
32 38 0 8 0.768234
46 62 0 8 0.766958
11 73 0 8 0.766306
10 73 0 8 0.766176
6 68 0 8 0.765354
8 52 0 8 0.763783
65 71 0 8 0.762822
47 72 0 8 0.760304
16 64 0 8 0.750962
36 75 0 8 0.743911
10 49 0 8 0.742671
3 49 0 8 0.742065
44 55 0 8 0.739337
37 62 0 8 0.738763
27 33 0 8 0.736524
33 54 0 8 0.736339
25 44 0 8 0.735437
46 71 0 8 0.734756
4 9 0 8 0.733866
20 69 0 8 0.728738
24 33 0 8 0.726480
18 62 0 8 0.725610
30 57 0 8 0.725198
15 54 0 8 0.711763
30 67 0 8 0.708712
38 65 0 8 0.705580
9 58 0 8 0.704339
51 61 0 8 0.703741
55 62 0 8 0.703739
17 28 0 8 0.703288
8 35 0 8 0.701367
61 79 0 8 0.695263
55 68 0 8 0.695135
40 51 0 8 0.693457
23 46 0 8 0.691635
27 44 0 8 0.688917
44 62 0 8 0.688592
11 32 0 8 0.687814
14 71 0 8 0.685888
37 43 0 8 0.684804
65 78 0 8 0.684599
43 77 0 8 0.680829
32 70 0 8 0.677009
39 78 0 8 0.669739
11 52 0 8 0.667278
22 43 0 8 0.667206
3 72 0 8 0.660156
7 23 0 8 0.654594
42 71 0 8 0.654378
20 43 0 8 0.652516
1 9 0 8 0.642596
13 74 0 8 0.642065
13 21 0 8 0.641629
23 80 0 8 0.638069
67 74 0 8 0.633621
22 46 0 8 0.630139
20 76 0 8 0.629536
36 53 0 8 0.626550
71 78 0 8 0.625643
65 73 0 8 0.624118
12 42 0 8 0.622756
6 39 0 8 0.621819
40 69 0 8 0.618299
58 78 0 8 0.618234
48 73 0 8 0.617617
42 49 0 8 0.610871
5 78 0 8 0.610256
12 75 0 8 0.606909
74 80 0 8 0.606467
25 65 0 8 0.599898
57 68 0 8 0.596920
14 35 0 8 0.590931
10 53 0 8 0.585706
19 71 0 8 0.584622
19 36 0 8 0.584545
48 67 0 8 0.583505
1 11 0 8 0.579859
36 64 0 8 0.578932
35 58 0 8 0.576994
69 76 0 8 0.571898
35 71 0 8 0.567311
1 44 0 8 0.564989
18 42 0 8 0.563473
7 78 0 8 0.562048
22 62 0 8 0.558231
52 67 0 8 0.555430
37 44 0 8 0.551086
26 31 0 8 0.550407
30 43 0 8 0.549250
35 60 0 8 0.548468
42 56 0 8 0.548358
3 40 0 8 0.545851
5 69 0 8 0.545751
15 44 0 8 0.541802
18 54 0 8 0.535036
2 79 0 8 0.532403
15 41 0 8 0.530556
51 69 0 8 0.527939
1 17 0 8 0.525937
33 46 0 8 0.524289
32 75 0 8 0.523390
16 42 0 8 0.523054
26 50 0 8 0.522138
5 51 0 8 0.521419
53 77 0 8 0.519930
9 80 0 8 0.515727
33 71 0 8 0.515612
5 68 0 8 0.515397
12 49 0 8 0.513089
11 38 0 8 0.512277
7 33 0 8 0.510557
14 20 0 8 0.507200
17 60 0 8 0.505468
70 78 0 8 0.503245
19 51 0 8 0.501362
2 12 0 8 0.499861
19 76 0 8 0.499387
19 26 0 8 0.498343
27 62 0 8 0.495985
32 52 0 8 0.495520
8 13 0 8 0.495356
9 55 0 8 0.493289
11 76 0 8 0.488991
10 50 0 8 0.488610
33 58 0 8 0.485735
25 48 0 8 0.481275
5 60 0 8 0.480736
25 68 0 8 0.479899
39 55 0 8 0.474582
17 27 0 8 0.470790
55 75 0 8 0.470263
1 40 0 8 0.465548
6 25 0 8 0.465410
13 26 0 8 0.464967
64 77 0 8 0.464774
15 27 0 8 0.461557
24 54 0 8 0.455761
24 50 0 8 0.455633
17 67 0 8 0.455010
6 64 0 8 0.454909
18 44 0 8 0.451132
36 80 0 8 0.450690
54 59 0 8 0.450513
34 62 0 8 0.447099
51 65 0 8 0.446202
20 25 0 8 0.446110
59 71 0 8 0.445838
35 73 0 8 0.442954
8 74 0 8 0.442348
1 6 0 8 0.442038
35 74 0 8 0.440004
2 44 0 8 0.439593
14 39 0 8 0.437579
18 67 0 8 0.437175
32 80 0 8 0.432544
14 68 0 8 0.430577
21 46 0 8 0.422199
33 45 0 8 0.422070
28 36 0 8 0.421572
10 57 0 8 0.421090
6 15 0 8 0.417780
27 55 0 8 0.417544
5 80 0 8 0.415488
25 69 0 8 0.415179
31 61 0 8 0.414195
36 68 0 8 0.409357
30 58 0 8 0.407055
18 41 0 8 0.406417
36 67 0 8 0.405833
3 61 0 8 0.403787
65 70 0 8 0.403013
39 53 0 8 0.402934
40 48 0 8 0.401990
21 45 0 8 0.401552
30 36 0 8 0.400196
28 35 0 8 0.398967
48 66 0 8 0.398271
28 71 0 8 0.398216
3 54 0 8 0.394479
56 67 0 8 0.388412
33 63 0 8 0.388180
62 67 0 8 0.387383
31 46 0 8 0.386679
9 15 0 8 0.386117
63 74 0 8 0.385734
30 65 0 8 0.377950
53 76 0 8 0.374568
7 14 0 8 0.373057
17 51 0 8 0.371443
11 51 0 8 0.370091
28 37 0 8 0.368225
17 62 0 8 0.367200
12 44 0 8 0.364102
15 20 0 8 0.363923
4 41 0 8 0.361027
75 80 0 8 0.360384
32 42 0 8 0.358471
25 42 0 8 0.358364
21 54 0 8 0.356535
6 50 0 8 0.354081
4 43 0 8 0.353304
19 38 0 8 0.351088
29 73 0 8 0.349396
15 47 0 8 0.348948
58 68 0 8 0.348569
8 76 0 8 0.347100
28 38 0 8 0.346945
17 29 0 8 0.346781
24 73 0 8 0.346711
50 79 0 8 0.346512
32 62 0 8 0.343920
73 80 0 8 0.343761
10 15 0 8 0.343161
4 51 0 8 0.342316
53 72 0 8 0.340112
25 36 0 8 0.340101
2 11 0 8 0.339669
34 74 0 8 0.338344
15 68 0 8 0.337933
10 24 0 8 0.336850
28 55 0 8 0.336811
8 15 0 8 0.335781
29 79 0 8 0.335114
14 51 0 8 0.334054
20 44 0 8 0.332577
70 75 0 8 0.327543
51 77 0 8 0.326555
13 28 0 8 0.325368
61 71 0 8 0.324773
31 69 0 8 0.324575
51 80 0 8 0.323027
2 15 0 8 0.322212
5 59 0 8 0.321458
12 20 0 8 0.320345
4 39 0 8 0.319675
30 51 0 8 0.317738
1 23 0 8 0.315562
59 65 0 8 0.314633
8 71 0 8 0.313625
9 39 0 8 0.311584
9 35 0 8 0.310402
55 80 0 8 0.310013
10 42 0 8 0.309292
32 74 0 8 0.306007
9 41 0 8 0.302791
3 10 0 8 0.302231
37 47 0 8 0.300804
23 53 0 8 0.299991
63 79 0 8 0.299825
8 67 0 8 0.299271
41 62 0 8 0.299177
23 44 0 8 0.297788
14 66 0 8 0.296495
21 27 0 8 0.293116
6 17 0 8 0.292049
10 69 0 8 0.290792
8 42 0 8 0.290551
29 68 0 8 0.289718
52 73 0 8 0.289367
29 49 0 8 0.288994
12 51 0 8 0.288553
10 75 0 8 0.287991
7 74 0 8 0.287436
60 77 0 8 0.287011
38 57 0 8 0.284458
53 73 0 8 0.283700
31 55 0 8 0.282592
1 16 0 8 0.280616
15 33 0 8 0.280131
6 61 0 8 0.277235
18 65 0 8 0.276807
10 26 0 8 0.270781
33 47 0 8 0.270439
51 70 0 8 0.269596
23 54 0 8 0.269018
18 23 0 8 0.268776
58 74 0 8 0.267769
2 45 0 8 0.267551
10 51 0 8 0.267479
3 58 0 8 0.267269
60 69 0 8 0.265573
48 71 0 8 0.264791
55 60 0 8 0.264654
15 70 0 8 0.263161
7 57 0 8 0.263133
10 30 0 8 0.262912
44 70 0 8 0.262024
19 24 0 8 0.259846
6 13 0 8 0.259121
31 49 0 8 0.256176
52 68 0 8 0.254000
57 67 0 8 0.253520
10 70 0 8 0.250154
42 52 0 8 0.249217
24 38 0 8 0.249099
38 54 0 8 0.248159
31 53 0 8 0.247639
2 18 0 8 0.247623
31 67 0 8 0.247442
33 65 0 8 0.246770
6 42 0 8 0.244665
6 51 0 8 0.242456
47 73 0 8 0.240089
35 61 0 8 0.239916
32 57 0 8 0.239292
24 34 0 8 0.236813
44 71 0 8 0.236317
38 71 0 8 0.235718
34 73 0 8 0.234677
13 66 0 8 0.231431
43 74 0 8 0.229489
62 72 0 8 0.228943
63 69 0 8 0.228910
41 51 0 8 0.225830
34 63 0 8 0.224960
13 49 0 8 0.224327
37 76 0 8 0.222716
52 70 0 8 0.220186
3 15 0 8 0.219746
3 73 0 8 0.219109
37 72 0 8 0.217614
23 61 0 8 0.216476
1 14 0 8 0.215589
4 34 0 8 0.212925
9 48 0 8 0.212343
30 44 0 8 0.211476
17 78 0 8 0.209623
1 27 0 8 0.204692
6 31 0 8 0.202294
45 57 0 8 0.199891
49 80 0 8 0.199655
28 33 0 8 0.199418
29 66 0 8 0.198303
7 28 0 8 0.196809
34 65 0 8 0.196282
51 66 0 8 0.195811
65 80 0 8 0.195649
37 57 0 8 0.195638
13 25 0 8 0.194997
4 30 0 8 0.194940
11 19 0 8 0.194870
23 42 0 8 0.194848
63 70 0 8 0.193552
52 60 0 8 0.191841
36 43 0 8 0.190789
56 72 0 8 0.190135
55 64 0 8 0.189779
30 73 0 8 0.189526
3 47 0 8 0.188949
9 23 0 8 0.186875
50 61 0 8 0.186385
10 28 0 8 0.184869
40 68 0 8 0.183308
15 69 0 8 0.180870
13 20 0 8 0.179228
12 25 0 8 0.178090
42 55 0 8 0.177941
44 52 0 8 0.177022
46 57 0 8 0.176646
43 54 0 8 0.173511
32 77 0 8 0.172405
37 69 0 8 0.171075
44 51 0 8 0.170989
66 76 0 8 0.170740
10 23 0 8 0.167516
6 66 0 8 0.167348
24 67 0 8 0.166580
23 43 0 8 0.161803
47 70 0 8 0.160349
9 76 0 8 0.160006
53 69 0 8 0.158520
41 71 0 8 0.157616
13 33 0 8 0.157549
44 67 0 8 0.156793
1 79 0 8 0.155801
1 58 0 8 0.155631
31 54 0 8 0.155023
63 80 0 8 0.153993
7 13 0 8 0.153067
2 17 0 8 0.152436
1 67 0 8 0.151689
4 73 0 8 0.150245
24 68 0 8 0.149531
24 35 0 8 0.149407
32 44 0 8 0.147714
5 74 0 8 0.146569
1 61 0 8 0.144986
5 61 0 8 0.143321
26 42 0 8 0.143240
49 68 0 8 0.142454
66 73 0 8 0.141999
34 61 0 8 0.140806
2 9 0 8 0.140502
28 57 0 8 0.140255
25 43 0 8 0.138893
63 68 0 8 0.138786
59 80 0 8 0.137116
10 21 0 8 0.135549
58 77 0 8 0.134208
34 49 0 8 0.133311
4 58 0 8 0.132833
32 67 0 8 0.132824
6 11 0 8 0.132695
3 63 0 8 0.132479
53 64 0 8 0.131287
16 54 0 8 0.128150
32 59 0 8 0.127248
29 57 0 8 0.126131
21 30 0 8 0.125890
35 43 0 8 0.125433
40 65 0 8 0.123644
1 7 0 8 0.122818
7 63 0 8 0.121741
34 51 0 8 0.120383
30 70 0 8 0.118367
16 25 0 8 0.117548
15 65 0 8 0.116506
64 72 0 8 0.116460
2 53 0 8 0.115706
5 12 0 8 0.111786
19 41 0 8 0.111368
21 36 0 8 0.111286
11 36 0 8 0.110574
14 58 0 8 0.109662
43 55 0 8 0.109319
1 45 0 8 0.109238
73 78 0 8 0.108451
21 57 0 8 0.107853
13 67 0 8 0.107780
9 75 0 8 0.107019
36 57 0 8 0.105409
10 34 0 8 0.104266
33 52 0 8 0.103967
29 58 0 8 0.103942
53 61 0 8 0.103376
30 53 0 8 0.101894
4 65 0 8 0.100897
46 69 0 8 0.100782
3 76 0 8 0.100140
22 48 0 8 0.098874
15 48 0 8 0.095397
30 45 0 8 0.094863
64 80 0 8 0.094542
56 65 0 8 0.093725
39 50 0 8 0.093501
3 31 0 8 0.090886
26 80 0 8 0.090729
7 65 0 8 0.089796
39 57 0 8 0.089423
18 53 0 8 0.088054
63 76 0 8 0.086536
57 62 0 8 0.086124
9 61 0 8 0.085695
17 73 0 8 0.084960
20 40 0 8 0.083829
28 78 0 8 0.083426
10 37 0 8 0.083177
12 22 0 8 0.080754
2 7 0 8 0.080680
51 59 0 8 0.080265
5 28 0 8 0.079314
4 52 0 8 0.079172
42 68 0 8 0.076368
19 27 0 8 0.076145
30 39 0 8 0.075150
43 53 0 8 0.074883
33 79 0 8 0.074220
34 53 0 8 0.074213
14 73 0 8 0.071851
28 51 0 8 0.071592
15 76 0 8 0.069805
20 36 0 8 0.065805
8 17 0 8 0.065247
2 70 0 8 0.063311
43 71 0 8 0.058345
68 80 0 8 0.058213
36 58 0 8 0.057895
56 76 0 8 0.056748
14 61 0 8 0.055940
53 59 0 8 0.055676
12 47 0 8 0.055462
12 40 0 8 0.054232
17 40 0 8 0.054201
23 67 0 8 0.054038
54 79 0 8 0.053867
49 55 0 8 0.051755
8 51 0 8 0.051526
31 38 0 8 0.049332
7 35 0 8 0.047286
40 54 0 8 0.046484
43 62 0 8 0.045742
8 79 0 8 0.044880
7 76 0 8 0.044208
16 44 0 8 0.043618
50 55 0 8 0.042958
2 38 0 8 0.041975
35 80 0 8 0.041907
30 52 0 8 0.041381
61 76 0 8 0.040631
20 27 0 8 0.040225
21 66 0 8 0.038802
1 75 0 8 0.038512
41 68 0 8 0.038337
3 13 0 8 0.038121
68 78 0 8 0.037654
22 79 0 8 0.037477
35 66 0 8 0.036962
3 42 0 8 0.036898
2 36 0 8 0.036522
27 34 0 8 0.035793
40 74 0 8 0.035167
13 80 0 8 0.035114
15 57 0 8 0.034699
4 17 0 8 0.034167
3 30 0 8 0.034122
13 22 0 8 0.032284
15 23 0 8 0.027883
34 71 0 8 0.027596
39 54 0 8 0.027339
13 36 0 8 0.026488
30 61 0 8 0.024529
30 80 0 8 0.023635
6 57 0 8 0.021373
30 76 0 8 0.021080
9 27 0 8 0.019699
53 68 0 8 0.017938
5 76 0 8 0.017639
66 71 0 8 0.016113
8 65 0 8 0.015983
17 66 0 8 0.015293
7 77 0 8 0.015115
30 79 0 8 0.013994
54 68 0 8 0.013406
72 78 0 8 0.012985
54 62 0 8 0.012865
57 80 0 8 0.012112
8 56 0 8 0.011324
19 35 0 8 0.009736
18 70 0 8 0.009253
8 70 0 8 0.008353
70 80 0 8 0.008297
32 68 0 8 0.007797
34 54 0 8 0.006972
18 40 0 8 0.006071
23 41 0 8 0.005676
55 70 0 8 0.005583
30 63 0 8 0.003799
67 75 0 8 0.002874
31 62 0 8 0.002560
22 27 0 8 0.001031
9 73 0 8 0.000469
1 10 0 8 -0.000842
13 58 0 8 -0.001926
1 15 0 8 -0.003888
13 53 0 8 -0.004782
5 30 0 8 -0.006654
5 56 0 8 -0.006786
7 30 0 8 -0.007366
13 75 0 8 -0.010078
20 48 0 8 -0.010161
6 76 0 8 -0.012079
43 80 0 8 -0.012986
21 33 0 8 -0.014279
4 78 0 8 -0.015547
31 45 0 8 -0.016872
5 42 0 8 -0.017796
22 30 0 8 -0.018773
12 36 0 8 -0.020531
44 76 0 8 -0.020611
40 58 0 8 -0.020903
57 76 0 8 -0.021572
17 54 0 8 -0.022000
22 45 0 8 -0.023064
33 76 0 8 -0.025948
13 19 0 8 -0.027095
11 74 0 8 -0.027239
8 39 0 8 -0.027514
7 15 0 8 -0.028211
26 67 0 8 -0.028283
10 76 0 8 -0.028565
21 43 0 8 -0.029452
13 79 0 8 -0.029967
10 74 0 8 -0.030832
15 72 0 8 -0.030993
30 59 0 8 -0.031060
21 53 0 8 -0.031814
35 50 0 8 -0.031872
2 80 0 8 -0.033194
13 70 0 8 -0.033316
18 64 0 8 -0.036458
23 36 0 8 -0.037302
51 67 0 8 -0.037991
6 14 0 8 -0.038046
6 79 0 8 -0.039844
1 12 0 8 -0.040404
23 34 0 8 -0.040487
28 64 0 8 -0.041015
41 72 0 8 -0.041305
4 76 0 8 -0.041323
30 37 0 8 -0.041478
33 69 0 8 -0.042143
53 67 0 8 -0.042799
7 31 0 8 -0.043090
2 51 0 8 -0.043426
11 46 0 8 -0.043965
27 39 0 8 -0.044614
9 54 0 8 -0.045486
24 51 0 8 -0.045937
17 44 0 8 -0.048516
13 50 0 8 -0.049083
17 53 0 8 -0.049818
11 68 0 8 -0.050095
1 30 0 8 -0.050396
13 72 0 8 -0.051872
17 23 0 8 -0.051996
27 57 0 8 -0.053571
3 9 0 8 -0.054160
26 59 0 8 -0.055104
22 70 0 8 -0.056679
16 30 0 8 -0.056716
13 61 0 8 -0.056896
23 62 0 8 -0.056965
6 71 0 8 -0.058724
5 75 0 8 -0.061137
40 57 0 8 -0.061460
6 32 0 8 -0.062610
14 72 0 8 -0.062681
2 10 0 8 -0.062757
10 63 0 8 -0.063558
41 49 0 8 -0.063572
67 80 0 8 -0.064223
30 56 0 8 -0.065442
11 23 0 8 -0.066389
7 64 0 8 -0.066455
27 52 0 8 -0.068019
68 76 0 8 -0.068109
30 64 0 8 -0.068291
17 79 0 8 -0.068634
12 50 0 8 -0.069075
30 42 0 8 -0.070691
27 70 0 8 -0.071820
30 75 0 8 -0.072806
59 67 0 8 -0.072968
51 60 0 8 -0.077715
19 30 0 8 -0.078099
1 36 0 8 -0.078330
31 73 0 8 -0.079127
2 27 0 8 -0.081675
7 42 0 8 -0.082373
17 39 0 8 -0.083233
2 23 0 8 -0.084447
28 40 0 8 -0.084462
1 70 0 8 -0.084529
3 75 0 8 -0.085199
2 67 0 8 -0.085927
24 30 0 8 -0.086401
71 80 0 8 -0.086437
31 52 0 8 -0.087032
28 74 0 8 -0.087926
2 73 0 8 -0.088207
3 44 0 8 -0.088724
37 78 0 8 -0.088909
31 56 0 8 -0.090083
51 68 0 8 -0.091110
2 22 0 8 -0.091312
1 65 0 8 -0.091461
15 59 0 8 -0.093037
10 80 0 8 -0.095552
17 30 0 8 -0.097349
30 68 0 8 -0.097549
4 10 0 8 -0.100170
25 51 0 8 -0.101631
1 13 0 8 -0.102072
37 68 0 8 -0.103674
6 37 0 8 -0.105113
57 70 0 8 -0.105338
2 76 0 8 -0.105385
37 66 0 8 -0.105495
4 62 0 8 -0.106137
54 63 0 8 -0.106776
9 30 0 8 -0.107462
25 67 0 8 -0.108447
46 66 0 8 -0.108959
4 57 0 8 -0.109124
8 32 0 8 -0.110687
2 30 0 8 -0.111094
26 54 0 8 -0.111149
12 70 0 8 -0.111850
28 67 0 8 -0.113264
4 53 0 8 -0.113960
33 68 0 8 -0.114149
21 31 0 8 -0.114275
63 73 0 8 -0.114495
1 18 0 8 -0.115239
26 77 0 8 -0.115865
69 74 0 8 -0.116458
9 57 0 8 -0.116561
52 65 0 8 -0.116649
42 76 0 8 -0.117102
17 59 0 8 -0.117521
29 74 0 8 -0.117537
29 55 0 8 -0.118838
13 65 0 8 -0.119972
62 68 0 8 -0.120266
1 74 0 8 -0.120280
26 44 0 8 -0.120306
1 33 0 8 -0.121486
9 36 0 8 -0.121538
1 59 0 8 -0.122662
28 59 0 8 -0.123575
42 57 0 8 -0.124066
5 65 0 8 -0.124308
9 66 0 8 -0.125498
30 54 0 8 -0.125883
22 68 0 8 -0.126666
6 67 0 8 -0.127742
10 18 0 8 -0.128210
38 47 0 8 -0.128423
14 19 0 8 -0.129868
2 39 0 8 -0.130320
31 39 0 8 -0.130746
17 37 0 8 -0.130805
2 50 0 8 -0.131399
30 35 0 8 -0.131638
38 48 0 8 -0.131998
32 73 0 8 -0.132108
14 26 0 8 -0.132903
10 72 0 8 -0.133007
22 72 0 8 -0.135338
13 56 0 8 -0.137507
25 45 0 8 -0.137584
13 32 0 8 -0.139387
27 45 0 8 -0.139432
10 67 0 8 -0.139564
14 28 0 8 -0.139640
11 64 0 8 -0.139853
22 41 0 8 -0.140078
29 36 0 8 -0.140887
34 79 0 8 -0.141153
4 60 0 8 -0.141826
36 59 0 8 -0.142012
6 56 0 8 -0.142727
45 66 0 8 -0.142766
4 38 0 8 -0.143735
30 77 0 8 -0.144281
38 73 0 8 -0.144603
24 75 0 8 -0.145203
34 52 0 8 -0.145463
30 62 0 8 -0.146256
27 80 0 8 -0.147009
2 62 0 8 -0.147887
15 50 0 8 -0.148560
13 27 0 8 -0.150364
9 74 0 8 -0.152538
13 76 0 8 -0.152559
13 62 0 8 -0.153436
2 57 0 8 -0.154092
11 43 0 8 -0.155487
3 41 0 8 -0.155937
19 69 0 8 -0.155996
7 71 0 8 -0.156873
23 30 0 8 -0.157255
29 50 0 8 -0.157430
23 59 0 8 -0.157874
51 73 0 8 -0.158643
9 24 0 8 -0.158679
20 67 0 8 -0.159223
45 59 0 8 -0.164610
3 39 0 8 -0.164610
6 53 0 8 -0.164977
19 79 0 8 -0.167065
1 57 0 8 -0.167176
54 80 0 8 -0.167727
43 73 0 8 -0.168233
53 63 0 8 -0.168348
18 31 0 8 -0.169583
10 56 0 8 -0.170708
9 63 0 8 -0.171336
29 56 0 8 -0.171410
1 76 0 8 -0.171747
18 27 0 8 -0.171963
18 77 0 8 -0.172339
20 53 0 8 -0.173506
26 32 0 8 -0.173513
10 39 0 8 -0.174140
1 21 0 8 -0.174588
47 66 0 8 -0.174616
20 49 0 8 -0.177327
10 25 0 8 -0.177329
3 74 0 8 -0.177342
13 46 0 8 -0.177392
9 19 0 8 -0.179393
33 50 0 8 -0.179632
24 36 0 8 -0.179916
17 50 0 8 -0.180659
26 65 0 8 -0.180686
24 65 0 8 -0.181520
42 78 0 8 -0.182300
3 35 0 8 -0.184244
21 65 0 8 -0.184337
20 72 0 8 -0.184930
3 17 0 8 -0.185447
62 75 0 8 -0.186503
5 13 0 8 -0.187688
46 75 0 8 -0.188217
53 58 0 8 -0.189259
32 37 0 8 -0.190283
2 31 0 8 -0.191170
17 26 0 8 -0.192505
1 71 0 8 -0.193180
39 70 0 8 -0.193569
41 67 0 8 -0.193785
25 71 0 8 -0.194349
18 30 0 8 -0.195616
22 76 0 8 -0.196608
61 80 0 8 -0.198983
11 17 0 8 -0.199492
39 59 0 8 -0.199729
3 78 0 8 -0.200942
40 50 0 8 -0.200947
33 38 0 8 -0.201011
3 62 0 8 -0.201228
13 73 0 8 -0.201759
7 66 0 8 -0.201804
3 34 0 8 -0.203121
14 30 0 8 -0.203572
57 73 0 8 -0.204144
30 38 0 8 -0.204249
22 36 0 8 -0.204310
51 79 0 8 -0.205675
10 32 0 8 -0.205692
7 27 0 8 -0.206312
24 53 0 8 -0.206816
5 67 0 8 -0.207624
56 61 0 8 -0.208567
38 51 0 8 -0.208751
37 52 0 8 -0.209605
2 40 0 8 -0.212041
33 43 0 8 -0.212072
72 80 0 8 -0.212850
1 22 0 8 -0.213388
20 38 0 8 -0.214607
44 73 0 8 -0.215829
20 30 0 8 -0.215929
17 57 0 8 -0.215942
32 79 0 8 -0.218711
2 13 0 8 -0.218911
16 69 0 8 -0.219187
13 69 0 8 -0.219771
40 72 0 8 -0.220061
19 54 0 8 -0.220591
47 80 0 8 -0.221637
13 54 0 8 -0.222084
35 76 0 8 -0.222728
38 72 0 8 -0.223004
3 53 0 8 -0.224147
4 18 0 8 -0.225146
31 72 0 8 -0.225305
45 71 0 8 -0.225624
13 18 0 8 -0.225688
52 80 0 8 -0.225830
6 30 0 8 -0.225878
15 78 0 8 -0.226525
7 49 0 8 -0.226735
30 74 0 8 -0.226939
7 26 0 8 -0.227231
24 42 0 8 -0.227664
54 71 0 8 -0.227867
10 79 0 8 -0.228373
17 70 0 8 -0.228666
5 37 0 8 -0.229721
31 60 0 8 -0.232512
35 42 0 8 -0.232898
32 71 0 8 -0.233040
3 29 0 8 -0.234056
4 70 0 8 -0.234301
24 47 0 8 -0.234692
13 34 0 8 -0.235110
30 50 0 8 -0.235167
33 51 0 8 -0.235569
12 56 0 8 -0.235891
47 62 0 8 -0.236569
27 48 0 8 -0.240531
35 52 0 8 -0.241029
19 68 0 8 -0.242116
14 53 0 8 -0.243092
28 56 0 8 -0.243805
1 37 0 8 -0.245058
1 53 0 8 -0.246037
43 69 0 8 -0.246626
8 80 0 8 -0.247085
17 77 0 8 -0.248142
11 71 0 8 -0.248244
50 73 0 8 -0.249248
3 16 0 8 -0.249352
25 70 0 8 -0.250231
1 55 0 8 -0.250692
60 67 0 8 -0.250981
13 23 0 8 -0.251116
29 75 0 8 -0.251250
49 65 0 8 -0.251502
29 64 0 8 -0.251884
37 61 0 8 -0.253924
10 19 0 8 -0.255235
5 62 0 8 -0.255483
34 46 0 8 -0.257767
19 67 0 8 -0.257927
1 80 0 8 -0.258206
30 60 0 8 -0.258963
22 31 0 8 -0.260327
19 31 0 8 -0.260621
23 45 0 8 -0.261669
46 52 0 8 -0.263237
35 63 0 8 -0.263486
40 46 0 8 -0.264094
32 39 0 8 -0.264805
37 56 0 8 -0.264981
35 70 0 8 -0.265274
14 62 0 8 -0.265561
58 73 0 8 -0.267572
13 39 0 8 -0.268195
4 27 0 8 -0.270580
1 19 0 8 -0.270660
32 76 0 8 -0.271678
30 55 0 8 -0.272268
34 67 0 8 -0.272739
14 29 0 8 -0.273821
11 22 0 8 -0.273975
24 61 0 8 -0.274823
59 70 0 8 -0.274873
16 51 0 8 -0.275412
12 19 0 8 -0.275830
39 73 0 8 -0.276095
65 79 0 8 -0.276462
53 78 0 8 -0.276747
7 24 0 8 -0.276829
22 33 0 8 -0.277198
17 22 0 8 -0.277352
55 67 0 8 -0.277673
50 57 0 8 -0.277961
35 51 0 8 -0.278582
5 17 0 8 -0.278642
25 63 0 8 -0.279186
24 80 0 8 -0.279647
34 75 0 8 -0.279968
7 68 0 8 -0.280804
4 75 0 8 -0.281088
42 67 0 8 -0.282777
7 67 0 8 -0.283729
65 77 0 8 -0.284225
56 63 0 8 -0.284678
19 80 0 8 -0.285349
48 76 0 8 -0.285445
20 52 0 8 -0.285483
10 33 0 8 -0.286115
58 67 0 8 -0.287953
10 44 0 8 -0.288420
3 71 0 8 -0.289079
10 71 0 8 -0.289108
56 71 0 8 -0.289521
2 19 0 8 -0.289766
39 74 0 8 -0.289796
1 46 0 8 -0.290000
4 59 0 8 -0.291033
1 52 0 8 -0.292101
22 60 0 8 -0.292152
8 30 0 8 -0.292336
2 48 0 8 -0.292430
30 41 0 8 -0.292834
40 79 0 8 -0.292925
36 46 0 8 -0.293662
1 73 0 8 -0.294578
14 55 0 8 -0.294996
30 71 0 8 -0.295803
5 11 0 8 -0.296632
11 62 0 8 -0.296707
71 77 0 8 -0.297832
2 14 0 8 -0.297977
55 78 0 8 -0.298127
22 53 0 8 -0.300558
10 35 0 8 -0.300733
15 30 0 8 -0.300946
33 73 0 8 -0.301079
3 51 0 8 -0.302177
46 53 0 8 -0.302783
54 77 0 8 -0.303368
1 25 0 8 -0.303430
22 28 0 8 -0.304020
9 16 0 8 -0.304519
3 57 0 8 -0.305458
14 67 0 8 -0.305886
57 64 0 8 -0.308093
36 77 0 8 -0.308374
11 34 0 8 -0.309025
7 60 0 8 -0.309085
8 53 0 8 -0.309892
11 30 0 8 -0.310194
33 74 0 8 -0.310630
5 33 0 8 -0.310841
17 80 0 8 -0.311190
54 66 0 8 -0.311574
30 78 0 8 -0.312017
11 18 0 8 -0.312176
58 63 0 8 -0.313651
28 43 0 8 -0.313693
5 50 0 8 -0.314554
5 58 0 8 -0.316115
27 72 0 8 -0.316174
53 71 0 8 -0.316270
27 43 0 8 -0.316819
4 80 0 8 -0.316846
33 42 0 8 -0.316922
24 69 0 8 -0.317550
48 57 0 8 -0.318439
5 34 0 8 -0.318465
52 79 0 8 -0.318719
24 37 0 8 -0.319288
13 60 0 8 -0.319454
12 30 0 8 -0.319833
5 36 0 8 -0.320552
34 70 0 8 -0.321786
13 31 0 8 -0.321898
32 51 0 8 -0.321928
31 57 0 8 -0.322304
30 69 0 8 -0.323088
1 62 0 8 -0.324014
1 42 0 8 -0.324902
13 43 0 8 -0.325153
18 29 0 8 -0.325874
37 46 0 8 -0.326806
18 79 0 8 -0.327123
43 50 0 8 -0.327367
3 52 0 8 -0.328779
23 58 0 8 -0.329070
1 48 0 8 -0.330066
10 62 0 8 -0.330195
19 70 0 8 -0.330957
23 33 0 8 -0.331067
37 80 0 8 -0.332649
55 76 0 8 -0.332768
3 80 0 8 -0.332993
3 19 0 8 -0.333517
33 67 0 8 -0.334989
38 78 0 8 -0.335176
1 43 0 8 -0.335483
36 69 0 8 -0.335988
37 67 0 8 -0.337156
19 72 0 8 -0.337267
2 16 0 8 -0.337726
69 80 0 8 -0.338100
3 33 0 8 -0.338348
37 51 0 8 -0.338522
1 68 0 8 -0.341034
19 33 0 8 -0.341834
10 20 0 8 -0.342744
58 69 0 8 -0.342929
43 75 0 8 -0.343584
56 77 0 8 -0.343822
32 64 0 8 -0.343874
23 70 0 8 -0.344195
4 67 0 8 -0.344262
4 13 0 8 -0.344432
62 71 0 8 -0.344691
22 80 0 8 -0.344741
49 57 0 8 -0.346371
3 70 0 8 -0.347157
11 21 0 8 -0.348309
44 50 0 8 -0.348570
4 64 0 8 -0.348921
72 79 0 8 -0.349080
2 24 0 8 -0.349997
12 33 0 8 -0.350538
12 74 0 8 -0.350903
37 73 0 8 -0.352413
43 76 0 8 -0.352997
9 70 0 8 -0.353347
8 33 0 8 -0.353455
11 33 0 8 -0.354511
40 59 0 8 -0.355350
38 80 0 8 -0.355682
19 44 0 8 -0.356935
51 78 0 8 -0.357526
1 56 0 8 -0.357663
14 43 0 8 -0.358146
13 78 0 8 -0.359048
2 32 0 8 -0.360711
47 64 0 8 -0.360915
24 39 0 8 -0.360935
14 52 0 8 -0.360972
5 35 0 8 -0.361332
1 31 0 8 -0.361978
22 51 0 8 -0.362042
17 38 0 8 -0.362145
25 30 0 8 -0.362167
1 66 0 8 -0.362902
43 79 0 8 -0.363179
66 74 0 8 -0.363306
44 75 0 8 -0.363867
12 77 0 8 -0.364053
34 43 0 8 -0.364362
22 57 0 8 -0.364599
19 42 0 8 -0.364671
39 71 0 8 -0.364869
13 55 0 8 -0.365234
17 42 0 8 -0.365335
19 57 0 8 -0.367564
30 40 0 8 -0.367849
2 78 0 8 -0.369128
13 38 0 8 -0.369927
1 38 0 8 -0.370018
18 75 0 8 -0.371242
10 46 0 8 -0.371753
56 73 0 8 -0.372223
55 77 0 8 -0.373455
30 66 0 8 -0.374392
1 41 0 8 -0.374686
69 75 0 8 -0.374995
1 54 0 8 -0.375862
3 66 0 8 -0.376237
26 63 0 8 -0.376339
2 33 0 8 -0.377390
10 68 0 8 -0.377945
52 57 0 8 -0.380051
18 50 0 8 -0.380778
13 35 0 8 -0.380897
6 58 0 8 -0.381036
56 75 0 8 -0.381043
6 80 0 8 -0.381514
42 59 0 8 -0.381802
9 53 0 8 -0.382275
11 80 0 8 -0.382824
2 74 0 8 -0.383991
6 54 0 8 -0.384083
7 46 0 8 -0.384968
1 69 0 8 -0.386543
4 36 0 8 -0.387091
22 71 0 8 -0.387176
6 12 0 8 -0.387988
29 59 0 8 -0.388179
10 27 0 8 -0.388363
31 65 0 8 -0.392520
10 52 0 8 -0.394230
8 54 0 8 -0.394286
32 40 0 8 -0.394844
30 48 0 8 -0.395858
18 37 0 8 -0.395915
2 54 0 8 -0.395960
14 40 0 8 -0.397286
31 71 0 8 -0.397676
19 66 0 8 -0.397951
43 57 0 8 -0.398156
32 65 0 8 -0.398912
35 68 0 8 -0.399157
40 56 0 8 -0.399536
38 43 0 8 -0.399673
18 71 0 8 -0.400096
17 61 0 8 -0.401230
21 77 0 8 -0.402279
3 55 0 8 -0.402776
33 78 0 8 -0.402892
1 26 0 8 -0.404198
3 79 0 8 -0.404251
7 22 0 8 -0.404586
38 67 0 8 -0.405269
7 16 0 8 -0.405664
33 80 0 8 -0.406067
56 62 0 8 -0.406719
7 37 0 8 -0.406786
21 80 0 8 -0.407136
11 59 0 8 -0.407137
36 61 0 8 -0.407368
10 43 0 8 -0.409041
9 60 0 8 -0.409546
8 64 0 8 -0.409834
10 17 0 8 -0.410047
62 78 0 8 -0.410108
19 73 0 8 -0.410164
15 53 0 8 -0.410167
2 37 0 8 -0.410558
19 39 0 8 -0.411582
21 69 0 8 -0.411896
24 55 0 8 -0.412111
7 17 0 8 -0.413094
13 64 0 8 -0.413270
5 73 0 8 -0.414356
26 34 0 8 -0.414898
23 73 0 8 -0.415256
25 76 0 8 -0.415631
19 37 0 8 -0.416489
3 67 0 8 -0.416969
30 47 0 8 -0.418108
47 75 0 8 -0.419455
12 32 0 8 -0.419530
41 57 0 8 -0.420161
46 73 0 8 -0.421180
54 76 0 8 -0.421617
23 57 0 8 -0.422531
27 51 0 8 -0.422969
21 50 0 8 -0.423231
8 34 0 8 -0.423541
28 75 0 8 -0.424584
29 38 0 8 -0.424653
9 64 0 8 -0.424880
13 24 0 8 -0.425096
7 61 0 8 -0.425251
57 69 0 8 -0.425257
16 74 0 8 -0.425573
46 67 0 8 -0.426365
1 20 0 8 -0.426593
14 64 0 8 -0.426819
21 74 0 8 -0.426840
13 59 0 8 -0.426907
67 76 0 8 -0.427212
39 65 0 8 -0.427763
46 56 0 8 -0.427795
35 67 0 8 -0.427869
13 68 0 8 -0.429137
46 76 0 8 -0.429229
46 80 0 8 -0.429861
1 34 0 8 -0.431703
59 75 0 8 -0.431899
70 77 0 8 -0.432061
1 29 0 8 -0.432201
4 23 0 8 -0.433267
34 57 0 8 -0.434019
43 51 0 8 -0.434286
7 70 0 8 -0.434739
1 35 0 8 -0.434813
54 72 0 8 -0.435319
30 49 0 8 -0.435886
1 63 0 8 -0.436495
10 29 0 8 -0.437327
7 43 0 8 -0.438811
7 75 0 8 -0.439296
42 65 0 8 -0.440615
33 72 0 8 -0.441687
31 42 0 8 -0.441820
2 47 0 8 -0.443483
36 71 0 8 -0.443535
1 51 0 8 -0.445552
30 72 0 8 -0.445800
6 29 0 8 -0.447496
33 44 0 8 -0.448118
31 70 0 8 -0.450815
25 57 0 8 -0.450945
41 65 0 8 -0.451085
2 46 0 8 -0.451856
17 36 0 8 -0.452343
4 20 0 8 -0.452538
21 51 0 8 -0.453304
3 64 0 8 -0.454404
1 49 0 8 -0.454654
62 74 0 8 -0.455461
9 38 0 8 -0.455663
35 69 0 8 -0.456284
24 52 0 8 -0.457439
1 39 0 8 -0.457513
57 78 0 8 -0.457558
59 76 0 8 -0.458544
18 57 0 8 -0.458659
60 70 0 8 -0.458796
27 56 0 8 -0.458887
3 59 0 8 -0.459133
27 68 0 8 -0.459213
44 69 0 8 -0.459266
17 34 0 8 -0.459605
47 63 0 8 -0.459940
15 80 0 8 -0.460412
41 52 0 8 -0.460666
4 61 0 8 -0.460679
59 64 0 8 -0.460886
5 57 0 8 -0.461597
4 47 0 8 -0.462822
3 36 0 8 -0.463255
2 28 0 8 -0.463269
14 42 0 8 -0.463449
59 74 0 8 -0.463916
18 47 0 8 -0.464014
14 57 0 8 -0.464123
41 80 0 8 -0.464644
46 68 0 8 -0.465133
57 63 0 8 -0.466911
14 31 0 8 -0.466975
4 66 0 8 -0.467443
38 77 0 8 -0.467445
43 59 0 8 -0.467486
38 64 0 8 -0.467800
28 70 0 8 -0.468488
42 64 0 8 -0.470769
9 65 0 8 -0.473799
6 73 0 8 -0.474948
57 72 0 8 -0.475169
7 19 0 8 -0.475675
13 41 0 8 -0.476294
28 42 0 8 -0.476859
37 55 0 8 -0.477268
5 10 0 8 -0.478710
9 37 0 8 -0.479509
19 47 0 8 -0.481001
1 24 0 8 -0.482145
20 59 0 8 -0.483080
35 44 0 8 -0.483114
58 70 0 8 -0.483698
27 65 0 8 -0.484529
20 74 0 8 -0.484691
2 58 0 8 -0.485044
2 41 0 8 -0.485766
28 68 0 8 -0.485920
1 32 0 8 -0.487026
42 60 0 8 -0.488302
15 73 0 8 -0.488329
1 28 0 8 -0.491473
61 74 0 8 -0.492137
7 38 0 8 -0.492271
28 80 0 8 -0.492423
38 79 0 8 -0.492502
68 79 0 8 -0.492583
18 46 0 8 -0.493502
10 65 0 8 -0.494638
9 78 0 8 -0.496586
2 21 0 8 -0.496650
41 73 0 8 -0.497415
35 57 0 8 -0.498093
2 35 0 8 -0.499014
4 31 0 8 -0.500257
22 38 0 8 -0.500570
21 35 0 8 -0.501754
28 76 0 8 -0.503889
57 75 0 8 -0.506159
29 67 0 8 -0.506213
20 57 0 8 -0.506286
24 77 0 8 -0.506639
21 37 0 8 -0.506790
50 75 0 8 -0.506977
10 59 0 8 -0.507432
54 67 0 8 -0.507974
27 76 0 8 -0.508314
6 74 0 8 -0.508822
3 24 0 8 -0.509594
4 29 0 8 -0.509606
19 61 0 8 -0.509810
33 55 0 8 -0.509922
3 20 0 8 -0.509930
27 71 0 8 -0.511100
15 22 0 8 -0.511468
10 54 0 8 -0.511816
23 71 0 8 -0.511962
41 55 0 8 -0.512533
17 31 0 8 -0.513074
2 59 0 8 -0.514327
4 19 0 8 -0.514531
25 39 0 8 -0.514952
33 62 0 8 -0.515494
14 34 0 8 -0.515506
37 65 0 8 -0.515670
10 36 0 8 -0.516888
10 41 0 8 -0.517153
1 64 0 8 -0.518189
13 37 0 8 -0.518452
12 64 0 8 -0.518812
2 61 0 8 -0.520570
14 33 0 8 -0.520573
27 36 0 8 -0.520789
8 60 0 8 -0.521317
21 52 0 8 -0.521602
2 43 0 8 -0.522724
54 60 0 8 -0.522901
37 79 0 8 -0.524714
32 45 0 8 -0.525007
27 42 0 8 -0.526176
58 76 0 8 -0.526749
61 67 0 8 -0.526791
40 67 0 8 -0.527867
7 25 0 8 -0.530018
6 55 0 8 -0.530189
3 69 0 8 -0.531151
52 75 0 8 -0.532418
42 80 0 8 -0.533553
43 52 0 8 -0.534313
53 70 0 8 -0.534509
2 72 0 8 -0.534733
15 63 0 8 -0.535865
9 47 0 8 -0.535893
3 43 0 8 -0.536040
62 76 0 8 -0.538007
68 73 0 8 -0.538096
3 14 0 8 -0.538575
20 51 0 8 -0.539446
4 37 0 8 -0.541357
20 80 0 8 -0.541924
18 45 0 8 -0.542566
19 28 0 8 -0.542707
11 20 0 8 -0.544704
2 49 0 8 -0.545606
10 66 0 8 -0.546040
27 66 0 8 -0.546504
9 31 0 8 -0.547199
53 80 0 8 -0.547656
9 43 0 8 -0.547935
50 76 0 8 -0.549150
3 46 0 8 -0.549443
33 60 0 8 -0.549774
6 46 0 8 -0.550640
67 73 0 8 -0.550707
12 60 0 8 -0.550918
31 50 0 8 -0.551304
36 79 0 8 -0.551785
67 79 0 8 -0.553414
38 58 0 8 -0.554222
34 80 0 8 -0.555796
4 56 0 8 -0.556216
21 29 0 8 -0.556541
1 60 0 8 -0.556566
20 66 0 8 -0.558163
39 67 0 8 -0.558728
57 71 0 8 -0.558814
6 28 0 8 -0.559704
11 25 0 8 -0.560474
22 65 0 8 -0.560673
26 57 0 8 -0.561180
37 58 0 8 -0.561615
19 77 0 8 -0.561688
27 74 0 8 -0.562358
44 64 0 8 -0.563064
5 16 0 8 -0.564939
4 28 0 8 -0.567106
29 34 0 8 -0.567383
31 79 0 8 -0.568413
23 76 0 8 -0.568603
29 51 0 8 -0.569341
15 26 0 8 -0.569916
19 62 0 8 -0.570489
2 42 0 8 -0.571047
67 78 0 8 -0.571160
49 59 0 8 -0.571494
19 59 0 8 -0.572627
33 66 0 8 -0.572722
22 42 0 8 -0.574222
43 56 0 8 -0.574858
36 51 0 8 -0.575008
32 78 0 8 -0.576531
41 61 0 8 -0.576544
20 34 0 8 -0.576560
27 53 0 8 -0.578010
42 62 0 8 -0.578095
15 35 0 8 -0.578198
64 78 0 8 -0.578228
14 46 0 8 -0.579498
8 78 0 8 -0.579687
62 80 0 8 -0.579935
3 22 0 8 -0.581057
49 70 0 8 -0.581248
3 28 0 8 -0.581457
12 53 0 8 -0.582302
10 61 0 8 -0.582517
21 73 0 8 -0.582717
17 55 0 8 -0.582729
3 18 0 8 -0.582836
24 32 0 8 -0.583642
22 54 0 8 -0.584185
17 58 0 8 -0.584379
23 51 0 8 -0.584928
10 31 0 8 -0.585337
10 58 0 8 -0.585996
19 48 0 8 -0.586138
19 53 0 8 -0.586456
27 64 0 8 -0.587218
1 78 0 8 -0.587993
2 68 0 8 -0.588674
28 69 0 8 -0.589152
6 35 0 8 -0.590045
70 79 0 8 -0.590676
6 34 0 8 -0.592446
31 80 0 8 -0.593728
23 39 0 8 -0.594845
25 58 0 8 -0.595830
2 60 0 8 -0.597328
17 46 0 8 -0.598657
9 33 0 8 -0.598756
10 22 0 8 -0.599092
58 64 0 8 -0.599262
6 20 0 8 -0.599447
24 76 0 8 -0.599693
13 63 0 8 -0.599699
19 74 0 8 -0.599944
5 31 0 8 -0.600558
25 46 0 8 -0.600744
16 43 0 8 -0.600778
45 70 0 8 -0.601267
39 76 0 8 -0.602779
36 55 0 8 -0.603451
2 34 0 8 -0.603571
38 75 0 8 -0.603785
33 40 0 8 -0.603945
23 68 0 8 -0.604695
4 55 0 8 -0.604791
17 32 0 8 -0.605050
61 68 0 8 -0.606532
11 55 0 8 -0.606918
1 77 0 8 -0.607381
50 78 0 8 -0.608083
3 32 0 8 -0.608704
22 44 0 8 -0.609443
29 65 0 8 -0.609516
32 54 0 8 -0.609725
16 57 0 8 -0.609848
8 46 0 8 -0.610377
20 33 0 8 -0.610459
23 72 0 8 -0.610794
2 56 0 8 -0.611714
5 39 0 8 -0.612177
5 53 0 8 -0.614543
43 65 0 8 -0.615118
3 27 0 8 -0.615288
32 43 0 8 -0.617849
29 72 0 8 -0.617887
17 47 0 8 -0.617985
69 77 0 8 -0.618355
73 79 0 8 -0.618950
56 78 0 8 -0.619014
35 62 0 8 -0.619260
8 57 0 8 -0.619399
17 33 0 8 -0.619507
12 54 0 8 -0.619698
28 79 0 8 -0.620166
17 76 0 8 -0.620456
53 79 0 8 -0.620484
1 47 0 8 -0.620912
62 73 0 8 -0.621061
4 74 0 8 -0.621270
4 24 0 8 -0.621761
46 51 0 8 -0.622728
13 45 0 8 -0.622819
4 46 0 8 -0.623398
26 36 0 8 -0.623598
46 58 0 8 -0.624310
23 52 0 8 -0.624951
46 59 0 8 -0.625870
36 73 0 8 -0.625926
47 53 0 8 -0.626032
10 45 0 8 -0.626588
35 59 0 8 -0.626736
44 58 0 8 -0.627571
48 62 0 8 -0.627817
6 47 0 8 -0.628138
10 60 0 8 -0.628646
4 77 0 8 -0.631377
36 41 0 8 -0.632051
2 20 0 8 -0.632056
7 52 0 8 -0.632093
15 74 0 8 -0.633401
22 64 0 8 -0.634196
54 70 0 8 -0.634434
27 63 0 8 -0.634651
24 57 0 8 -0.636262
3 25 0 8 -0.636313
2 52 0 8 -0.636544
23 40 0 8 -0.636855
2 75 0 8 -0.637750
19 65 0 8 -0.637802
22 35 0 8 -0.639236
17 71 0 8 -0.639347
27 38 0 8 -0.639451
7 34 0 8 -0.639995
19 63 0 8 -0.640209
9 51 0 8 -0.640259
15 71 0 8 -0.640654
57 65 0 8 -0.641169
33 77 0 8 -0.641437
46 55 0 8 -0.641557
45 80 0 8 -0.642731
4 16 0 8 -0.643027
17 68 0 8 -0.643265
44 57 0 8 -0.644445
12 80 0 8 -0.644490
4 12 0 8 -0.645841
61 66 0 8 -0.649658
9 67 0 8 -0.651101
4 44 0 8 -0.651362
64 79 0 8 -0.652964
9 44 0 8 -0.653079
57 74 0 8 -0.653611
29 43 0 8 -0.653615
56 64 0 8 -0.654760
18 33 0 8 -0.654805
18 80 0 8 -0.655020
16 80 0 8 -0.656480
37 74 0 8 -0.657165
34 69 0 8 -0.657355
22 39 0 8 -0.657726
48 74 0 8 -0.658673
6 33 0 8 -0.659811
48 69 0 8 -0.660055
18 38 0 8 -0.660071
16 33 0 8 -0.661445
20 31 0 8 -0.661771
34 78 0 8 -0.663766
46 70 0 8 -0.664556
21 64 0 8 -0.665160
27 78 0 8 -0.665548
22 77 0 8 -0.665669
4 11 0 8 -0.666887
26 64 0 8 -0.667055
2 63 0 8 -0.667719
28 46 0 8 -0.667817
46 78 0 8 -0.668078
18 73 0 8 -0.668872
26 43 0 8 -0.669107
13 77 0 8 -0.669680
37 45 0 8 -0.669726
25 31 0 8 -0.670638
56 69 0 8 -0.671772
71 76 0 8 -0.671916
57 66 0 8 -0.672310
26 76 0 8 -0.672691
27 54 0 8 -0.673133
55 63 0 8 -0.675594
25 53 0 8 -0.675869
13 29 0 8 -0.677710
1 50 0 8 -0.677754
18 78 0 8 -0.679389
22 37 0 8 -0.680362
10 38 0 8 -0.680642
6 70 0 8 -0.681377
49 67 0 8 -0.681548
14 70 0 8 -0.681971
5 38 0 8 -0.682150
23 29 0 8 -0.683820
8 58 0 8 -0.683950
14 27 0 8 -0.687288
18 76 0 8 -0.687766
14 44 0 8 -0.688160
55 61 0 8 -0.688656
8 37 0 8 -0.690218
9 28 0 8 -0.690428
10 55 0 8 -0.690531
26 35 0 8 -0.692106
10 40 0 8 -0.693537
59 73 0 8 -0.693805
45 53 0 8 -0.694170
20 39 0 8 -0.694492
31 36 0 8 -0.695738
51 71 0 8 -0.697311
6 24 0 8 -0.700121
46 54 0 8 -0.700182
22 74 0 8 -0.703413
29 54 0 8 -0.704895
35 47 0 8 -0.705062
37 64 0 8 -0.706351
56 70 0 8 -0.710030
17 43 0 8 -0.710086
9 68 0 8 -0.710401
29 44 0 8 -0.710886
72 77 0 8 -0.711476
28 39 0 8 -0.711969
7 53 0 8 -0.713084
25 74 0 8 -0.714482
48 54 0 8 -0.714525
39 46 0 8 -0.714826
54 78 0 8 -0.715166
9 18 0 8 -0.716092
16 78 0 8 -0.716120
43 60 0 8 -0.717308
13 52 0 8 -0.717730
18 68 0 8 -0.718259
47 68 0 8 -0.719041
9 46 0 8 -0.720885
29 46 0 8 -0.723952
5 27 0 8 -0.724118
5 18 0 8 -0.724394
7 29 0 8 -0.725072
42 53 0 8 -0.725883
16 73 0 8 -0.726006
3 11 0 8 -0.726017
6 38 0 8 -0.726231
55 66 0 8 -0.726610
11 79 0 8 -0.726627
3 21 0 8 -0.727933
10 48 0 8 -0.728416
17 63 0 8 -0.728757
3 68 0 8 -0.730592
7 32 0 8 -0.731011
56 80 0 8 -0.731109
45 67 0 8 -0.732469
4 35 0 8 -0.733231
39 68 0 8 -0.733595
62 79 0 8 -0.734126
18 43 0 8 -0.735085
66 77 0 8 -0.735089
35 46 0 8 -0.735278
52 62 0 8 -0.735983
7 40 0 8 -0.736477
11 56 0 8 -0.737712
4 71 0 8 -0.737999
42 75 0 8 -0.739154
59 68 0 8 -0.739595
26 53 0 8 -0.739877
39 80 0 8 -0.740351
14 38 0 8 -0.741282
36 50 0 8 -0.741741
35 75 0 8 -0.743633
46 77 0 8 -0.744261
27 73 0 8 -0.744984
38 70 0 8 -0.745056
21 70 0 8 -0.745750
8 62 0 8 -0.747396
8 38 0 8 -0.749403
6 18 0 8 -0.749529
29 76 0 8 -0.750029
39 45 0 8 -0.750554
25 75 0 8 -0.750981
35 48 0 8 -0.751272
47 76 0 8 -0.752147
4 42 0 8 -0.752429
5 71 0 8 -0.752441
52 69 0 8 -0.752763
11 57 0 8 -0.753317
19 34 0 8 -0.753476
25 60 0 8 -0.753765
26 33 0 8 -0.754843
8 31 0 8 -0.757208
41 75 0 8 -0.757624
2 26 0 8 -0.759766
13 47 0 8 -0.759815
33 75 0 8 -0.761196
13 40 0 8 -0.761424
26 70 0 8 -0.763874
21 59 0 8 -0.763991
64 71 0 8 -0.764202
52 58 0 8 -0.764325
3 60 0 8 -0.764537
31 43 0 8 -0.765228
1 72 0 8 -0.765781
60 71 0 8 -0.766681
39 63 0 8 -0.766909
9 56 0 8 -0.767055
43 64 0 8 -0.767325
37 63 0 8 -0.768213
11 42 0 8 -0.769632
15 39 0 8 -0.771503
19 52 0 8 -0.771705
53 75 0 8 -0.771811
21 76 0 8 -0.773167
3 23 0 8 -0.774244
36 72 0 8 -0.774395
29 71 0 8 -0.774983
17 75 0 8 -0.775063
54 74 0 8 -0.775279
2 65 0 8 -0.775906
28 73 0 8 -0.777106
62 69 0 8 -0.777591
20 70 0 8 -0.777835
5 23 0 8 -0.778483
34 40 0 8 -0.778850
26 71 0 8 -0.779246
4 49 0 8 -0.782162
27 61 0 8 -0.782726
5 66 0 8 -0.783781
12 46 0 8 -0.784680
3 56 0 8 -0.784986
3 37 0 8 -0.786644
33 61 0 8 -0.787693
9 17 0 8 -0.788372
6 48 0 8 -0.788557
4 68 0 8 -0.788670
36 74 0 8 -0.789343
40 47 0 8 -0.789367
4 14 0 8 -0.789654
4 21 0 8 -0.789744
5 32 0 8 -0.790623
2 55 0 8 -0.791103
43 61 0 8 -0.791251
44 54 0 8 -0.791347
8 55 0 8 -0.791643
42 48 0 8 -0.792611
2 64 0 8 -0.792708
7 18 0 8 -0.792925
20 73 0 8 -0.793892
4 54 0 8 -0.795302
13 71 0 8 -0.795372
11 24 0 8 -0.795982
13 44 0 8 -0.796479
6 23 0 8 -0.796538
19 50 0 8 -0.798162
26 78 0 8 -0.799514
39 72 0 8 -0.801151
6 65 0 8 -0.801511
16 50 0 8 -0.802664
3 77 0 8 -0.803162
24 64 0 8 -0.803391
16 75 0 8 -0.804413
47 57 0 8 -0.804465
16 68 0 8 -0.805655
42 58 0 8 -0.805861
5 40 0 8 -0.809657
16 72 0 8 -0.810758
55 65 0 8 -0.810963
54 73 0 8 -0.812372
4 22 0 8 -0.813409
29 80 0 8 -0.813761
21 60 0 8 -0.815602
21 44 0 8 -0.817645
17 41 0 8 -0.818498
58 71 0 8 -0.819099
51 62 0 8 -0.819111
14 78 0 8 -0.819924
11 28 0 8 -0.820896
47 65 0 8 -0.821080
42 79 0 8 -0.823078
18 28 0 8 -0.824620
12 67 0 8 -0.824874
31 76 0 8 -0.825089
12 41 0 8 -0.825779
15 32 0 8 -0.827273
18 39 0 8 -0.828242
24 63 0 8 -0.829122
2 25 0 8 -0.829499
8 27 0 8 -0.830944
43 68 0 8 -0.831264
23 38 0 8 -0.832621
11 39 0 8 -0.832753
19 29 0 8 -0.833253
23 69 0 8 -0.834253
11 27 0 8 -0.834917
8 19 0 8 -0.835853
51 72 0 8 -0.837529
18 36 0 8 -0.840848
61 73 0 8 -0.841062
7 73 0 8 -0.841689
14 79 0 8 -0.845054
43 78 0 8 -0.845217
15 67 0 8 -0.845531
12 31 0 8 -0.846216
20 65 0 8 -0.846385
4 32 0 8 -0.847933
46 79 0 8 -0.848501
12 57 0 8 -0.851105
17 74 0 8 -0.851107
6 43 0 8 -0.852883
18 24 0 8 -0.852886
6 52 0 8 -0.853037
32 69 0 8 -0.855944
20 41 0 8 -0.857686
2 66 0 8 -0.858994
34 59 0 8 -0.859033
25 79 0 8 -0.859036
23 60 0 8 -0.860767
40 80 0 8 -0.861304
50 80 0 8 -0.861351
52 66 0 8 -0.861372
12 76 0 8 -0.861950
8 63 0 8 -0.863085
50 60 0 8 -0.864099
23 66 0 8 -0.865434
40 78 0 8 -0.866897
21 38 0 8 -0.867279
23 35 0 8 -0.867819
34 42 0 8 -0.868626
4 25 0 8 -0.869702
5 22 0 8 -0.869996
53 74 0 8 -0.870349
44 80 0 8 -0.870657
5 43 0 8 -0.871845
42 51 0 8 -0.871932
3 26 0 8 -0.872779
59 66 0 8 -0.872938
21 55 0 8 -0.875413
12 79 0 8 -0.876744
18 55 0 8 -0.878095
15 56 0 8 -0.879259
21 68 0 8 -0.880071
33 41 0 8 -0.880861
23 74 0 8 -0.881173
47 59 0 8 -0.882032
66 79 0 8 -0.882190
2 29 0 8 -0.882822
5 46 0 8 -0.884692
2 77 0 8 -0.884795
5 24 0 8 -0.885168
2 71 0 8 -0.886270
21 32 0 8 -0.886506
22 75 0 8 -0.886792
12 38 0 8 -0.887226
23 56 0 8 -0.889244
50 58 0 8 -0.889833
53 65 0 8 -0.889880
68 75 0 8 -0.895081
38 66 0 8 -0.897392
7 58 0 8 -0.898654
23 75 0 8 -0.898705
24 70 0 8 -0.898919
8 72 0 8 -0.899282
14 76 0 8 -0.900320
4 63 0 8 -0.902256
47 60 0 8 -0.902761
14 63 0 8 -0.903191
25 47 0 8 -0.903736
24 43 0 8 -0.904108
36 60 0 8 -0.905232
7 62 0 8 -0.905736
37 75 0 8 -0.906998
3 65 0 8 -0.911247
19 78 0 8 -0.911852
37 49 0 8 -0.912843
6 19 0 8 -0.914627
6 21 0 8 -0.916051
11 66 0 8 -0.916915
7 69 0 8 -0.917470
16 29 0 8 -0.917847
18 51 0 8 -0.918683
66 80 0 8 -0.918690
7 56 0 8 -0.918737
14 21 0 8 -0.919610
38 60 0 8 -0.921659
20 29 0 8 -0.924836
38 62 0 8 -0.924973
5 70 0 8 -0.926050
31 63 0 8 -0.926627
26 73 0 8 -0.927247
51 75 0 8 -0.929839
38 59 0 8 -0.930077
5 15 0 8 -0.930240
34 76 0 8 -0.931184
36 62 0 8 -0.931376
11 70 0 8 -0.932480
27 40 0 8 -0.932993
3 45 0 8 -0.933534
12 62 0 8 -0.934009
26 79 0 8 -0.934025
18 32 0 8 -0.934725
21 62 0 8 -0.935434
5 63 0 8 -0.935473
7 36 0 8 -0.935621
15 77 0 8 -0.935806
67 77 0 8 -0.937196
8 18 0 8 -0.937428
58 66 0 8 -0.938754
18 74 0 8 -0.939385
6 27 0 8 -0.941580
19 55 0 8 -0.941601
21 42 0 8 -0.943222
29 69 0 8 -0.943651
16 71 0 8 -0.944489
5 41 0 8 -0.944548
5 47 0 8 -0.945199
6 16 0 8 -0.945291
11 61 0 8 -0.946349
25 59 0 8 -0.947309
18 63 0 8 -0.947790
69 79 0 8 -0.947861
31 64 0 8 -0.947960
6 62 0 8 -0.948371
31 66 0 8 -0.949887
4 69 0 8 -0.951340
5 29 0 8 -0.951707
4 45 0 8 -0.952000
62 70 0 8 -0.953414
61 69 0 8 -0.953786
37 60 0 8 -0.954887
22 61 0 8 -0.954978
6 59 0 8 -0.955253
5 14 0 8 -0.955413
23 31 0 8 -0.956553
24 58 0 8 -0.958288
9 26 0 8 -0.958369
51 76 0 8 -0.958928
20 79 0 8 -0.959531
41 63 0 8 -0.959913
49 54 0 8 -0.960110
7 20 0 8 -0.960486
36 76 0 8 -0.961514
42 77 0 8 -0.961757
21 39 0 8 -0.962766
27 60 0 8 -0.963290
6 49 0 8 -0.965269
15 28 0 8 -0.966149
9 59 0 8 -0.966860
74 79 0 8 -0.968507
41 53 0 8 -0.970085
9 29 0 8 -0.970145
54 61 0 8 -0.972578
12 63 0 8 -0.972968
5 20 0 8 -0.974083
28 54 0 8 -0.974734
14 59 0 8 -0.977045
44 59 0 8 -0.977349
19 64 0 8 -0.978373
7 21 0 8 -0.981283
65 76 0 8 -0.982698
22 73 0 8 -0.983977
14 37 0 8 -0.985726
26 62 0 8 -0.986423
46 60 0 8 -0.986431
43 58 0 8 -0.987429
5 64 0 8 -0.988148
33 49 0 8 -0.988338
23 64 0 8 -0.988423
34 68 0 8 -0.988924
53 62 0 8 -0.991725
38 46 0 8 -0.992295
36 42 0 8 -0.992867
64 73 0 8 -0.995010
27 58 0 8 -0.996634
19 32 0 8 -0.997130
21 79 0 8 -0.997149
9 71 0 8 -0.997869
48 56 0 8 -0.998545
28 52 0 8 -0.999776
39 61 0 8 -1.000008
31 75 0 8 -1.001868
4 26 0 8 -1.002057
36 63 0 8 -1.003159
22 47 0 8 -1.003243
26 46 0 8 -1.005296
10 47 0 8 -1.008600
15 79 0 8 -1.008932
49 79 0 8 -1.010205
29 48 0 8 -1.010647
11 58 0 8 -1.012539
19 58 0 8 -1.014697
56 68 0 8 -1.014873
44 74 0 8 -1.015759
6 69 0 8 -1.015770
18 58 0 8 -1.015852
24 46 0 8 -1.015885
9 50 0 8 -1.017541
21 41 0 8 -1.018225
41 70 0 8 -1.024621
14 36 0 8 -1.026361
9 21 0 8 -1.028201
36 78 0 8 -1.030181
8 23 0 8 -1.030927
26 45 0 8 -1.033744
53 66 0 8 -1.033962
31 47 0 8 -1.034786
52 59 0 8 -1.036084
21 40 0 8 -1.039228
56 74 0 8 -1.039866
22 34 0 8 -1.040257
21 75 0 8 -1.040702
42 54 0 8 -1.041297
22 63 0 8 -1.044603
14 80 0 8 -1.045211
56 66 0 8 -1.046272
13 48 0 8 -1.046790
11 26 0 8 -1.046955
2 69 0 8 -1.047031
20 60 0 8 -1.049744
35 78 0 8 -1.049968
28 50 0 8 -1.050508
38 69 0 8 -1.050898
63 71 0 8 -1.054062
21 63 0 8 -1.055663
22 50 0 8 -1.055810
24 62 0 8 -1.056714
5 72 0 8 -1.056804
26 56 0 8 -1.058987
20 75 0 8 -1.059111
50 65 0 8 -1.059954
12 55 0 8 -1.060076
49 63 0 8 -1.060189
29 45 0 8 -1.060438
46 65 0 8 -1.062884
46 64 0 8 -1.063304
38 53 0 8 -1.063902
20 35 0 8 -1.065965
11 53 0 8 -1.066223
24 60 0 8 -1.068430
43 63 0 8 -1.070464
12 37 0 8 -1.072690
41 56 0 8 -1.074044
12 58 0 8 -1.075945
16 40 0 8 -1.077590
29 42 0 8 -1.078681
54 75 0 8 -1.080002
52 74 0 8 -1.080534
20 54 0 8 -1.081921
34 64 0 8 -1.082239
66 78 0 8 -1.082838
25 50 0 8 -1.082995
25 78 0 8 -1.083745
14 56 0 8 -1.084025
17 35 0 8 -1.084682
11 63 0 8 -1.085485
3 50 0 8 -1.086913
15 31 0 8 -1.086972
3 38 0 8 -1.088467
36 65 0 8 -1.088805
5 21 0 8 -1.090306
48 80 0 8 -1.092441
26 49 0 8 -1.093159
32 47 0 8 -1.093807
12 66 0 8 -1.093888
27 41 0 8 -1.094454
71 79 0 8 -1.095178
11 31 0 8 -1.095506
48 53 0 8 -1.098752
37 53 0 8 -1.099632
16 35 0 8 -1.100658
15 24 0 8 -1.102475
7 72 0 8 -1.102668
19 49 0 8 -1.104536
21 28 0 8 -1.105412
21 61 0 8 -1.106511
8 22 0 8 -1.106734
3 48 0 8 -1.108116
22 69 0 8 -1.110090
6 40 0 8 -1.110397
23 63 0 8 -1.111441
32 46 0 8 -1.112778
19 60 0 8 -1.113976
20 58 0 8 -1.114706
38 76 0 8 -1.114956
21 49 0 8 -1.117055
14 54 0 8 -1.118612
4 15 0 8 -1.118635
40 49 0 8 -1.118805
31 78 0 8 -1.121996
8 44 0 8 -1.122470
23 49 0 8 -1.122573
9 32 0 8 -1.122783
22 59 0 8 -1.123263
5 19 0 8 -1.123889
8 21 0 8 -1.124479
18 34 0 8 -1.124750
25 33 0 8 -1.126417
34 77 0 8 -1.128066
16 62 0 8 -1.129107
19 75 0 8 -1.129668
10 77 0 8 -1.129676
9 40 0 8 -1.131202
6 22 0 8 -1.132829
18 35 0 8 -1.132956
24 45 0 8 -1.134087
34 50 0 8 -1.136710
15 29 0 8 -1.137992
39 47 0 8 -1.138258
25 73 0 8 -1.140093
67 72 0 8 -1.141255
6 77 0 8 -1.141862
8 36 0 8 -1.146137
22 78 0 8 -1.146186
25 80 0 8 -1.149967
39 66 0 8 -1.150811
58 75 0 8 -1.153298
5 52 0 8 -1.154082
15 37 0 8 -1.154474
54 64 0 8 -1.155554
12 52 0 8 -1.158574
45 58 0 8 -1.159951
17 56 0 8 -1.160679
19 40 0 8 -1.160840
25 32 0 8 -1.161273
12 61 0 8 -1.162411
17 64 0 8 -1.162417
51 74 0 8 -1.162854
37 71 0 8 -1.164018
28 77 0 8 -1.164201
39 69 0 8 -1.165847
15 46 0 8 -1.167096
9 62 0 8 -1.168973
21 58 0 8 -1.170009
47 74 0 8 -1.171678
4 40 0 8 -1.172959
9 77 0 8 -1.172985
27 79 0 8 -1.178059
35 45 0 8 -1.184923
31 51 0 8 -1.185441
50 59 0 8 -1.190024
19 56 0 8 -1.191937
46 63 0 8 -1.192440
34 41 0 8 -1.193524
18 56 0 8 -1.194057
8 48 0 8 -1.194911
26 69 0 8 -1.195002
20 37 0 8 -1.196828
46 74 0 8 -1.200094
50 74 0 8 -1.200684
16 55 0 8 -1.201289
26 72 0 8 -1.201722
48 65 0 8 -1.203478
22 58 0 8 -1.206902
66 75 0 8 -1.206969
5 25 0 8 -1.210747
20 61 0 8 -1.212829
35 40 0 8 -1.213326
22 56 0 8 -1.214015
14 77 0 8 -1.219907
42 63 0 8 -1.220703
32 63 0 8 -1.220843
23 65 0 8 -1.222553
20 28 0 8 -1.224094
17 52 0 8 -1.224928
38 68 0 8 -1.225623
41 76 0 8 -1.227246
20 55 0 8 -1.232393
21 56 0 8 -1.232519
23 32 0 8 -1.234420
38 56 0 8 -1.237685
18 61 0 8 -1.240519
21 34 0 8 -1.240716
39 58 0 8 -1.244509
20 68 0 8 -1.244811
46 61 0 8 -1.245176
16 65 0 8 -1.245221
60 66 0 8 -1.250013
26 75 0 8 -1.250823
8 77 0 8 -1.254199
4 72 0 8 -1.256847
16 52 0 8 -1.257229
16 53 0 8 -1.266341
20 64 0 8 -1.267096
8 59 0 8 -1.267321
40 75 0 8 -1.268242
7 44 0 8 -1.268451
37 77 0 8 -1.273309
59 69 0 8 -1.280123
41 47 0 8 -1.281835
45 62 0 8 -1.283175
50 67 0 8 -1.285046
16 38 0 8 -1.285663
34 47 0 8 -1.285739
5 77 0 8 -1.287261
65 72 0 8 -1.287662
14 50 0 8 -1.288286
15 55 0 8 -1.288765
61 77 0 8 -1.288818
16 28 0 8 -1.289151
26 68 0 8 -1.291253
23 28 0 8 -1.293219
31 40 0 8 -1.293904
11 72 0 8 -1.294363
31 44 0 8 -1.295044
29 52 0 8 -1.298066
23 78 0 8 -1.299891
22 29 0 8 -1.300480
26 58 0 8 -1.301990
9 34 0 8 -1.304959
11 37 0 8 -1.305082
40 73 0 8 -1.305594
38 63 0 8 -1.311595
59 72 0 8 -1.314580
39 52 0 8 -1.314632
6 45 0 8 -1.315372
17 45 0 8 -1.318055
52 64 0 8 -1.319390
20 50 0 8 -1.319688
45 73 0 8 -1.320883
24 44 0 8 -1.324421
14 75 0 8 -1.325310
43 66 0 8 -1.325963
26 61 0 8 -1.327416
18 69 0 8 -1.327574
11 65 0 8 -1.327721
26 74 0 8 -1.327797
27 75 0 8 -1.329165
9 72 0 8 -1.330063
48 70 0 8 -1.332275
24 31 0 8 -1.332353
49 78 0 8 -1.333001
50 68 0 8 -1.333469
51 58 0 8 -1.333934
50 70 0 8 -1.338430
27 69 0 8 -1.338601
44 60 0 8 -1.338772
20 32 0 8 -1.339050
16 79 0 8 -1.340034
12 21 0 8 -1.344910
20 77 0 8 -1.347755
23 79 0 8 -1.349992
20 62 0 8 -1.350168
44 53 0 8 -1.350744
38 61 0 8 -1.351962
11 40 0 8 -1.355673
9 79 0 8 -1.357048
33 48 0 8 -1.361081
23 55 0 8 -1.363914
24 56 0 8 -1.364833
5 26 0 8 -1.365100
3 12 0 8 -1.367483
26 60 0 8 -1.370607
22 55 0 8 -1.371893
45 68 0 8 -1.377424
38 44 0 8 -1.379939
21 71 0 8 -1.382854
24 29 0 8 -1.383703
48 59 0 8 -1.384095
25 56 0 8 -1.386118
39 48 0 8 -1.393927
14 32 0 8 -1.394585
12 43 0 8 -1.395478
25 54 0 8 -1.400562
8 29 0 8 -1.401038
22 52 0 8 -1.401481
44 79 0 8 -1.401947
8 28 0 8 -1.403810
11 35 0 8 -1.404111
12 27 0 8 -1.415500
34 72 0 8 -1.419023
5 44 0 8 -1.419935
6 60 0 8 -1.423119
55 71 0 8 -1.424059
26 55 0 8 -1.424072
23 37 0 8 -1.426560
44 56 0 8 -1.427740
12 29 0 8 -1.428645
14 60 0 8 -1.431609
31 41 0 8 -1.434209
24 79 0 8 -1.439147
11 29 0 8 -1.440228
28 49 0 8 -1.440926
12 35 0 8 -1.441661
16 76 0 8 -1.442469
37 48 0 8 -1.443228
16 37 0 8 -1.446107
29 37 0 8 -1.447149
39 44 0 8 -1.452658
12 24 0 8 -1.452871
20 78 0 8 -1.454715
15 58 0 8 -1.455201
41 78 0 8 -1.456536
32 72 0 8 -1.457002
24 40 0 8 -1.457076
11 47 0 8 -1.459063
44 65 0 8 -1.465034
15 43 0 8 -1.476542
47 58 0 8 -1.479021
29 47 0 8 -1.481235
15 34 0 8 -1.482612
40 63 0 8 -1.484614
16 70 0 8 -1.485549
18 72 0 8 -1.500297
35 64 0 8 -1.500498
41 54 0 8 -1.501324
9 52 0 8 -1.501611
20 56 0 8 -1.502570
58 72 0 8 -1.503378
48 77 0 8 -1.506349
48 75 0 8 -1.506626
32 50 0 8 -1.510800
25 55 0 8 -1.514268
12 39 0 8 -1.515899
47 78 0 8 -1.518347
8 61 0 8 -1.520212
14 25 0 8 -1.520925
15 62 0 8 -1.523904
32 66 0 8 -1.526379
22 32 0 8 -1.533567
44 63 0 8 -1.538507
38 55 0 8 -1.539310
8 26 0 8 -1.542271
5 48 0 8 -1.543545
8 20 0 8 -1.543999
15 38 0 8 -1.545976
15 52 0 8 -1.546429
37 50 0 8 -1.551732
16 31 0 8 -1.551889
16 34 0 8 -1.559706
20 63 0 8 -1.566519
41 64 0 8 -1.566706
55 69 0 8 -1.569430
50 56 0 8 -1.571071
17 49 0 8 -1.573476
40 53 0 8 -1.580122
48 61 0 8 -1.583816
16 59 0 8 -1.585581
47 54 0 8 -1.590738
18 60 0 8 -1.595424
11 77 0 8 -1.602416
8 24 0 8 -1.603839
7 45 0 8 -1.606643
5 45 0 8 -1.619410
16 36 0 8 -1.620414
11 60 0 8 -1.622018
47 56 0 8 -1.623417
7 48 0 8 -1.624011
41 77 0 8 -1.624153
38 74 0 8 -1.624285
24 59 0 8 -1.630373
25 34 0 8 -1.635916
6 41 0 8 -1.638176
44 68 0 8 -1.643314
25 35 0 8 -1.644526
16 39 0 8 -1.652293
21 78 0 8 -1.655606
16 32 0 8 -1.667494
6 72 0 8 -1.668018
12 78 0 8 -1.670654
6 26 0 8 -1.670662
50 71 0 8 -1.671001
18 49 0 8 -1.673608
25 52 0 8 -1.681869
27 50 0 8 -1.682282
16 60 0 8 -1.711163
31 74 0 8 -1.718143
52 61 0 8 -1.719910
47 55 0 8 -1.722007
11 48 0 8 -1.724048
16 27 0 8 -1.727544
7 47 0 8 -1.728576
14 47 0 8 -1.730948
45 65 0 8 -1.750069
8 68 0 8 -1.751656
12 45 0 8 -1.753374
41 79 0 8 -1.755863
37 42 0 8 -1.755917
28 44 0 8 -1.756508
9 25 0 8 -1.761868
23 50 0 8 -1.762990
28 72 0 8 -1.765002
8 69 0 8 -1.789737
55 72 0 8 -1.792166
28 41 0 8 -1.792838
45 54 0 8 -1.795585
47 61 0 8 -1.806028
25 37 0 8 -1.806269
50 62 0 8 -1.808513
12 68 0 8 -1.809393
45 51 0 8 -1.825235
28 45 0 8 -1.831867
42 61 0 8 -1.833801
24 72 0 8 -1.835041
52 77 0 8 -1.837253
47 77 0 8 -1.838328
23 77 0 8 -1.844486
69 78 0 8 -1.847550
15 36 0 8 -1.851222
45 55 0 8 -1.851727
49 66 0 8 -1.853128
8 45 0 8 -1.860891
12 26 0 8 -1.863039
24 71 0 8 -1.869462
15 61 0 8 -1.871146
34 44 0 8 -1.871369
24 49 0 8 -1.873826
49 56 0 8 -1.875736
6 44 0 8 -1.877428
39 60 0 8 -1.884295
8 47 0 8 -1.885711
40 71 0 8 -1.889382
48 68 0 8 -1.890699
45 64 0 8 -1.893489
48 79 0 8 -1.899508
7 41 0 8 -1.906179
45 61 0 8 -1.907247
38 45 0 8 -1.921310
12 34 0 8 -1.923464
25 49 0 8 -1.923498
35 49 0 8 -1.927315
41 58 0 8 -1.932473
15 49 0 8 -1.945573
41 60 0 8 -1.949723
11 78 0 8 -1.952131
29 41 0 8 -1.953167
26 52 0 8 -1.954681
60 74 0 8 -1.956324
25 38 0 8 -1.965288
16 77 0 8 -1.973541
50 63 0 8 -1.985412
16 58 0 8 -2.001713
45 74 0 8 -2.012984
8 66 0 8 -2.017817
8 41 0 8 -2.018790
12 28 0 8 -2.031256
36 66 0 8 -2.051009
25 61 0 8 -2.051331
16 56 0 8 -2.072790
12 59 0 8 -2.083193
63 72 0 8 -2.094299
32 41 0 8 -2.097946
49 60 0 8 -2.101939
15 75 0 8 -2.106359
45 60 0 8 -2.126354
60 72 0 8 -2.131456
16 47 0 8 -2.139474
22 49 0 8 -2.140901
14 45 0 8 -2.142556
21 72 0 8 -2.156579
35 41 0 8 -2.157610
47 79 0 8 -2.159159
34 48 0 8 -2.160940
28 47 0 8 -2.162540
49 77 0 8 -2.171108
27 49 0 8 -2.176290
8 40 0 8 -2.185623
49 61 0 8 -2.196719
40 61 0 8 -2.202857
45 63 0 8 -2.212089
49 58 0 8 -2.213990
11 75 0 8 -2.258128
35 77 0 8 -2.262212
32 48 0 8 -2.280022
16 63 0 8 -2.318569
41 74 0 8 -2.350315
12 65 0 8 -2.350886
31 48 0 8 -2.351759
16 61 0 8 -2.355086
44 77 0 8 -2.374011
40 55 0 8 -2.380512
45 56 0 8 -2.401958
28 48 0 8 -2.414057
50 66 0 8 -2.445070
61 72 0 8 -2.448805
34 45 0 8 -2.488082
15 45 0 8 -2.489009
44 61 0 8 -2.501142
45 79 0 8 -2.528053
48 64 0 8 -2.583044
44 66 0 8 -2.606955
48 58 0 8 -2.649146
45 78 0 8 -2.650335
45 75 0 8 -2.666437
29 40 0 8 -2.697367
48 60 0 8 -2.711700
8 25 0 8 -2.751546
32 49 0 8 -2.761347
45 77 0 8 -2.764607
40 45 0 8 -2.886786
44 78 0 8 -3.057347
48 55 0 8 -3.167131
48 78 0 8 -3.221959
50 77 0 8 -3.238210
48 63 0 8 -3.594368
