6 49 0 8 13.927582
14 28 0 8 13.647559
14 29 0 8 9.621093
3 50 0 8 7.706460
18 36 0 8 7.681248
6 47 0 8 6.939993
22 40 0 8 6.546975
4 51 0 8 5.757539
8 41 0 8 5.606808
10 36 0 8 5.592568
7 43 0 8 5.324546
40 47 0 8 5.197306
4 9 0 8 5.114441
4 11 0 8 5.048430
17 27 0 8 4.869553
7 40 0 8 4.824782
36 42 0 8 4.809200
10 18 0 8 4.778672
9 49 0 8 4.675889
10 39 0 8 4.651279
4 50 0 8 4.591182
5 38 0 8 4.436304
18 29 0 8 4.412972
37 42 0 8 4.371136
2 37 0 8 4.313463
3 9 0 8 4.306885
8 38 0 8 4.303764
3 35 0 8 4.235922
43 49 0 8 4.181840
5 41 0 8 4.132823
9 42 0 8 4.105384
6 50 0 8 4.077988
24 44 0 8 4.032776
3 30 0 8 4.030245
20 37 0 8 3.941041
7 42 0 8 3.907592
10 48 0 8 3.877159
16 25 0 8 3.778314
34 45 0 8 3.730005
10 21 0 8 3.694642
21 44 0 8 3.659090
25 33 0 8 3.649840
34 49 0 8 3.640086
33 42 0 8 3.633378
21 40 0 8 3.627250
6 40 0 8 3.601781
18 23 0 8 3.585901
15 30 0 8 3.563706
15 28 0 8 3.546542
37 47 0 8 3.492110
22 45 0 8 3.488882
1 14 0 8 3.364796
2 11 0 8 3.189575
32 44 0 8 3.155096
32 47 0 8 3.137193
32 48 0 8 3.086807
19 25 0 8 3.034334
29 48 0 8 3.002306
20 42 0 8 2.990882
35 43 0 8 2.990147
10 16 0 8 2.974901
6 44 0 8 2.944470
6 28 0 8 2.934130
7 34 0 8 2.914454
9 39 0 8 2.884830
24 34 0 8 2.883836
17 25 0 8 2.877422
9 48 0 8 2.823101
30 42 0 8 2.762544
26 33 0 8 2.761617
14 25 0 8 2.759171
9 20 0 8 2.733221
23 46 0 8 2.722848
23 29 0 8 2.719828
2 31 0 8 2.666584
7 31 0 8 2.604326
10 42 0 8 2.601752
15 22 0 8 2.543328
14 24 0 8 2.515617
7 16 0 8 2.512837
11 43 0 8 2.493360
6 37 0 8 2.470864
6 46 0 8 2.464006
19 27 0 8 2.450176
17 33 0 8 2.447938
3 36 0 8 2.412982
4 16 0 8 2.399830
26 37 0 8 2.362469
26 31 0 8 2.361707
24 32 0 8 2.348263
7 13 0 8 2.338260
4 46 0 8 2.318973
4 15 0 8 2.315395
5 39 0 8 2.303579
10 37 0 8 2.289016
14 23 0 8 2.285082
21 35 0 8 2.282207
20 25 0 8 2.268363
10 40 0 8 2.258351
21 37 0 8 2.257438
6 13 0 8 2.220286
11 51 0 8 2.217182
3 42 0 8 2.188178
8 39 0 8 2.170033
2 13 0 8 2.164319
23 32 0 8 2.159519
22 49 0 8 2.151536
17 41 0 8 2.147958
27 39 0 8 2.115967
13 45 0 8 2.105029
33 45 0 8 2.097733
20 46 0 8 2.093205
28 49 0 8 2.056965
16 39 0 8 2.046676
15 49 0 8 2.035374
22 43 0 8 2.012176
5 48 0 8 1.993287
5 12 0 8 1.980007
3 47 0 8 1.971955
9 22 0 8 1.950755
1 50 0 8 1.939410
8 17 0 8 1.906777
8 48 0 8 1.902928
13 50 0 8 1.883972
27 33 0 8 1.860577
12 27 0 8 1.811537
38 48 0 8 1.798354
16 35 0 8 1.787700
21 36 0 8 1.787477
42 50 0 8 1.767667
10 44 0 8 1.746642
12 38 0 8 1.738712
19 33 0 8 1.730204
39 48 0 8 1.729293
2 32 0 8 1.691404
17 26 0 8 1.682471
34 53 0 8 1.677813
16 36 0 8 1.670501
4 53 0 8 1.628168
7 22 0 8 1.610619
24 40 0 8 1.578607
41 48 0 8 1.565741
4 20 0 8 1.505881
17 38 0 8 1.491937
10 31 0 8 1.486916
12 45 0 8 1.485671
14 19 0 8 1.477880
12 41 0 8 1.469498
30 40 0 8 1.456467
9 43 0 8 1.452903
24 35 0 8 1.434676
32 40 0 8 1.434495
2 52 0 8 1.431128
7 21 0 8 1.422681
19 48 0 8 1.394503
1 44 0 8 1.376287
37 46 0 8 1.369594
15 25 0 8 1.325829
1 37 0 8 1.312130
14 27 0 8 1.308714
35 50 0 8 1.297404
31 40 0 8 1.282464
28 34 0 8 1.276236
1 49 0 8 1.263825
12 29 0 8 1.262428
12 36 0 8 1.255078
23 37 0 8 1.249448
7 39 0 8 1.241621
9 30 0 8 1.224937
15 26 0 8 1.219719
32 43 0 8 1.216239
6 23 0 8 1.206437
20 44 0 8 1.206339
6 11 0 8 1.205602
13 34 0 8 1.204621
17 23 0 8 1.203985
7 35 0 8 1.201252
23 34 0 8 1.191267
37 43 0 8 1.186594
3 16 0 8 1.182549
1 45 0 8 1.179154
27 42 0 8 1.170575
7 37 0 8 1.166422
10 23 0 8 1.165678
5 17 0 8 1.147247
15 53 0 8 1.133026
2 46 0 8 1.121514
24 42 0 8 1.120094
15 24 0 8 1.106675
29 36 0 8 1.077223
1 6 0 8 1.072675
11 24 0 8 1.070168
36 45 0 8 1.061306
25 35 0 8 1.050222
28 50 0 8 1.045647
14 50 0 8 1.036770
2 42 0 8 1.032266
5 33 0 8 1.026070
11 22 0 8 1.013174
29 47 0 8 1.006610
9 18 0 8 0.997746
2 49 0 8 0.993348
11 49 0 8 0.991772
2 22 0 8 0.970318
7 53 0 8 0.968415
34 51 0 8 0.952390
3 43 0 8 0.928324
18 40 0 8 0.920417
1 51 0 8 0.919200
1 16 0 8 0.914217
28 47 0 8 0.903574
35 45 0 8 0.899413
12 48 0 8 0.886058
15 31 0 8 0.885002
3 20 0 8 0.878083
29 40 0 8 0.876104
22 27 0 8 0.873024
45 50 0 8 0.870843
4 30 0 8 0.869226
1 52 0 8 0.863812
9 52 0 8 0.850679
33 48 0 8 0.841855
11 30 0 8 0.827050
37 44 0 8 0.822577
29 45 0 8 0.817954
1 15 0 8 0.813083
11 44 0 8 0.808311
24 52 0 8 0.807365
9 53 0 8 0.800357
37 52 0 8 0.774241
10 29 0 8 0.772585
4 49 0 8 0.772179
3 24 0 8 0.744483
33 52 0 8 0.743869
21 33 0 8 0.743783
19 26 0 8 0.731291
16 37 0 8 0.724636
15 20 0 8 0.714355
31 49 0 8 0.712353
27 32 0 8 0.704280
12 39 0 8 0.704163
23 44 0 8 0.702550
1 22 0 8 0.702512
33 38 0 8 0.700861
13 46 0 8 0.683551
23 35 0 8 0.674986
26 38 0 8 0.665302
34 46 0 8 0.658049
15 36 0 8 0.652779
3 19 0 8 0.650727
2 30 0 8 0.650326
2 53 0 8 0.648851
24 36 0 8 0.646769
20 40 0 8 0.638593
30 46 0 8 0.622935
6 52 0 8 0.602720
9 23 0 8 0.601478
12 26 0 8 0.595617
4 39 0 8 0.588596
6 24 0 8 0.586871
13 28 0 8 0.577578
24 48 0 8 0.570017
47 52 0 8 0.566313
25 30 0 8 0.566135
28 33 0 8 0.551032
11 48 0 8 0.550269
2 25 0 8 0.547513
10 46 0 8 0.544801
17 52 0 8 0.541186
19 30 0 8 0.536096
26 51 0 8 0.518358
23 47 0 8 0.512260
33 41 0 8 0.510545
13 49 0 8 0.510243
35 46 0 8 0.503653
19 28 0 8 0.502878
25 53 0 8 0.502135
1 46 0 8 0.501600
14 26 0 8 0.500639
15 39 0 8 0.492918
17 30 0 8 0.491620
12 19 0 8 0.486629
16 31 0 8 0.484950
27 41 0 8 0.477530
15 33 0 8 0.471771
26 41 0 8 0.469331
2 10 0 8 0.468961
13 26 0 8 0.457860
31 50 0 8 0.454374
14 39 0 8 0.437385
12 17 0 8 0.436704
21 48 0 8 0.433838
2 45 0 8 0.432808
48 53 0 8 0.432664
17 32 0 8 0.429852
16 51 0 8 0.418467
28 52 0 8 0.405922
21 32 0 8 0.405644
15 35 0 8 0.391966
14 51 0 8 0.382130
26 39 0 8 0.379223
11 19 0 8 0.378068
6 35 0 8 0.375772
13 30 0 8 0.373734
5 26 0 8 0.371475
19 50 0 8 0.368885
7 51 0 8 0.366362
16 22 0 8 0.366345
42 52 0 8 0.364677
15 51 0 8 0.362471
3 14 0 8 0.358981
35 53 0 8 0.358176
18 52 0 8 0.356649
18 47 0 8 0.355353
26 36 0 8 0.351570
29 41 0 8 0.348049
8 27 0 8 0.345652
1 53 0 8 0.343941
38 45 0 8 0.338480
8 18 0 8 0.335469
22 32 0 8 0.334855
17 39 0 8 0.331318
46 52 0 8 0.329615
5 13 0 8 0.320202
8 33 0 8 0.315538
40 53 0 8 0.304337
9 21 0 8 0.300305
19 31 0 8 0.299492
31 45 0 8 0.299084
7 49 0 8 0.296586
12 31 0 8 0.294133
31 37 0 8 0.293503
23 45 0 8 0.292658
19 24 0 8 0.290244
11 33 0 8 0.282940
12 33 0 8 0.277043
8 26 0 8 0.276165
29 42 0 8 0.271690
47 53 0 8 0.263195
26 48 0 8 0.249510
6 21 0 8 0.245021
28 44 0 8 0.244942
9 29 0 8 0.234240
35 44 0 8 0.233068
22 53 0 8 0.227371
37 50 0 8 0.217940
11 20 0 8 0.215528
7 48 0 8 0.212334
27 38 0 8 0.210445
23 52 0 8 0.210264
19 32 0 8 0.195816
17 24 0 8 0.195566
1 25 0 8 0.195450
6 51 0 8 0.191451
18 32 0 8 0.189223
41 53 0 8 0.181400
14 48 0 8 0.167160
36 43 0 8 0.166758
45 51 0 8 0.165050
10 34 0 8 0.162929
2 50 0 8 0.162145
1 33 0 8 0.158831
10 50 0 8 0.154477
14 36 0 8 0.149795
1 7 0 8 0.148090
7 36 0 8 0.143591
33 51 0 8 0.141281
15 46 0 8 0.141107
17 34 0 8 0.140019
27 47 0 8 0.137854
4 32 0 8 0.134033
1 42 0 8 0.125172
2 9 0 8 0.105883
17 53 0 8 0.105664
34 40 0 8 0.100818
1 12 0 8 0.095021
46 51 0 8 0.088942
8 29 0 8 0.087616
19 42 0 8 0.084543
8 53 0 8 0.074088
45 53 0 8 0.071927
31 51 0 8 0.070166
31 52 0 8 0.068112
5 45 0 8 0.062057
11 31 0 8 0.059228
13 51 0 8 0.043324
13 38 0 8 0.038350
6 36 0 8 0.035251
8 45 0 8 0.033687
8 25 0 8 0.028302
18 35 0 8 0.028100
26 53 0 8 0.021878
5 25 0 8 0.017395
16 46 0 8 0.016685
25 38 0 8 0.016635
30 53 0 8 0.015811
30 45 0 8 0.015032
9 40 0 8 0.009976
12 25 0 8 0.005042
16 29 0 8 0.001490
30 49 0 8 -0.005283
8 13 0 8 -0.005674
7 26 0 8 -0.007466
31 41 0 8 -0.010370
27 46 0 8 -0.010735
14 38 0 8 -0.021448
42 47 0 8 -0.024717
5 27 0 8 -0.026484
13 22 0 8 -0.027458
24 53 0 8 -0.027527
39 53 0 8 -0.038747
11 27 0 8 -0.044196
27 43 0 8 -0.044962
23 43 0 8 -0.046358
3 53 0 8 -0.048232
27 36 0 8 -0.053700
32 50 0 8 -0.063256
15 32 0 8 -0.065858
23 42 0 8 -0.069125
25 43 0 8 -0.069510
7 45 0 8 -0.073071
38 53 0 8 -0.077901
18 33 0 8 -0.079016
13 20 0 8 -0.079491
11 46 0 8 -0.083576
7 50 0 8 -0.084972
1 29 0 8 -0.085356
4 19 0 8 -0.093676
1 36 0 8 -0.093989
2 34 0 8 -0.096730
19 49 0 8 -0.106230
27 53 0 8 -0.106792
3 13 0 8 -0.109671
16 44 0 8 -0.110526
9 50 0 8 -0.113840
1 18 0 8 -0.115610
28 37 0 8 -0.117092
5 53 0 8 -0.118114
27 37 0 8 -0.121627
24 30 0 8 -0.123572
3 33 0 8 -0.130216
2 33 0 8 -0.130603
9 26 0 8 -0.131030
3 49 0 8 -0.132756
2 51 0 8 -0.134162
34 52 0 8 -0.134238
21 43 0 8 -0.136737
17 48 0 8 -0.156560
1 27 0 8 -0.160665
5 51 0 8 -0.161874
13 41 0 8 -0.164639
35 42 0 8 -0.165505
25 41 0 8 -0.166686
31 53 0 8 -0.167494
12 50 0 8 -0.170536
2 39 0 8 -0.177676
1 8 0 8 -0.177717
12 37 0 8 -0.179395
40 45 0 8 -0.181072
5 44 0 8 -0.181246
11 39 0 8 -0.184683
37 49 0 8 -0.184980
8 32 0 8 -0.185303
20 26 0 8 -0.189603
2 12 0 8 -0.190031
16 50 0 8 -0.195794
35 41 0 8 -0.197325
17 36 0 8 -0.198261
8 31 0 8 -0.206854
4 13 0 8 -0.207492
14 21 0 8 -0.210592
3 32 0 8 -0.214259
30 35 0 8 -0.216016
1 9 0 8 -0.216787
5 34 0 8 -0.219072
32 41 0 8 -0.223142
1 41 0 8 -0.227319
5 18 0 8 -0.227372
12 30 0 8 -0.228026
37 53 0 8 -0.228306
11 45 0 8 -0.229048
2 27 0 8 -0.229342
33 39 0 8 -0.230501
17 51 0 8 -0.231177
13 53 0 8 -0.234754
7 24 0 8 -0.235888
31 38 0 8 -0.237249
1 21 0 8 -0.238231
1 38 0 8 -0.238656
19 34 0 8 -0.245839
12 49 0 8 -0.246347
9 34 0 8 -0.247238
5 11 0 8 -0.247961
2 14 0 8 -0.252215
1 26 0 8 -0.253607
13 25 0 8 -0.253860
4 10 0 8 -0.254186
11 41 0 8 -0.255348
3 18 0 8 -0.258413
42 53 0 8 -0.259219
13 39 0 8 -0.259574
25 52 0 8 -0.261149
29 38 0 8 -0.265452
32 38 0 8 -0.273138
2 35 0 8 -0.273424
4 12 0 8 -0.276477
11 35 0 8 -0.279163
16 33 0 8 -0.282454
3 34 0 8 -0.285181
19 52 0 8 -0.288244
24 37 0 8 -0.290943
26 52 0 8 -0.293672
25 31 0 8 -0.295373
34 42 0 8 -0.302753
8 36 0 8 -0.304010
18 48 0 8 -0.304611
19 37 0 8 -0.305415
24 43 0 8 -0.306606
27 35 0 8 -0.307121
4 33 0 8 -0.308040
7 25 0 8 -0.308916
5 36 0 8 -0.311800
12 23 0 8 -0.318425
15 27 0 8 -0.320941
14 41 0 8 -0.321857
30 43 0 8 -0.322390
15 23 0 8 -0.325882
29 51 0 8 -0.327013
10 17 0 8 -0.329095
18 41 0 8 -0.330918
38 51 0 8 -0.335617
36 41 0 8 -0.335932
42 51 0 8 -0.338363
12 53 0 8 -0.340173
11 36 0 8 -0.343433
5 29 0 8 -0.346430
26 45 0 8 -0.347214
12 51 0 8 -0.347909
11 38 0 8 -0.360091
25 45 0 8 -0.361995
28 53 0 8 -0.367034
11 47 0 8 -0.368575
25 39 0 8 -0.369362
29 52 0 8 -0.370042
4 27 0 8 -0.377379
36 51 0 8 -0.379006
38 52 0 8 -0.380181
3 10 0 8 -0.388196
3 38 0 8 -0.392040
5 52 0 8 -0.392817
16 32 0 8 -0.393350
8 35 0 8 -0.396613
17 35 0 8 -0.401301
5 32 0 8 -0.406107
29 39 0 8 -0.407059
23 41 0 8 -0.409259
18 26 0 8 -0.410181
41 52 0 8 -0.410971
18 38 0 8 -0.414539
3 45 0 8 -0.416926
12 46 0 8 -0.418226
18 37 0 8 -0.419401
3 40 0 8 -0.420713
21 45 0 8 -0.422435
26 43 0 8 -0.427272
8 52 0 8 -0.428660
18 43 0 8 -0.428894
20 35 0 8 -0.431111
2 20 0 8 -0.431544
8 24 0 8 -0.433796
8 51 0 8 -0.434320
12 28 0 8 -0.436956
5 14 0 8 -0.437110
22 35 0 8 -0.439068
21 28 0 8 -0.441030
34 43 0 8 -0.441675
12 44 0 8 -0.445227
25 34 0 8 -0.447564
19 47 0 8 -0.448297
14 35 0 8 -0.449515
1 40 0 8 -0.450378
25 46 0 8 -0.451294
31 39 0 8 -0.455444
12 34 0 8 -0.457060
26 35 0 8 -0.459349
14 52 0 8 -0.462312
13 42 0 8 -0.464314
10 53 0 8 -0.465531
3 22 0 8 -0.469325
8 44 0 8 -0.470105
9 35 0 8 -0.472359
9 31 0 8 -0.481296
30 47 0 8 -0.482314
38 43 0 8 -0.486971
27 45 0 8 -0.491060
2 17 0 8 -0.493664
30 48 0 8 -0.495433
3 8 0 8 -0.496314
34 39 0 8 -0.496466
10 41 0 8 -0.496513
2 41 0 8 -0.499035
16 27 0 8 -0.500360
34 41 0 8 -0.501630
19 53 0 8 -0.502121
15 29 0 8 -0.502513
26 47 0 8 -0.502795
43 52 0 8 -0.503478
24 38 0 8 -0.505470
11 18 0 8 -0.507796
30 52 0 8 -0.509741
22 31 0 8 -0.510508
9 47 0 8 -0.510961
1 28 0 8 -0.511851
25 36 0 8 -0.514271
5 10 0 8 -0.514403
24 41 0 8 -0.516208
17 29 0 8 -0.519896
3 52 0 8 -0.520974
5 31 0 8 -0.522658
2 8 0 8 -0.524522
45 52 0 8 -0.525111
4 40 0 8 -0.525368
3 23 0 8 -0.530610
7 12 0 8 -0.531875
4 36 0 8 -0.532068
9 38 0 8 -0.533190
17 45 0 8 -0.533633
23 38 0 8 -0.534402
41 51 0 8 -0.534891
16 53 0 8 -0.542765
32 46 0 8 -0.543390
2 28 0 8 -0.546429
30 37 0 8 -0.556909
11 17 0 8 -0.558503
5 23 0 8 -0.562096
20 30 0 8 -0.562905
12 52 0 8 -0.563224
10 38 0 8 -0.564057
1 39 0 8 -0.567004
4 43 0 8 -0.573607
1 23 0 8 -0.575464
8 14 0 8 -0.578029
16 48 0 8 -0.579107
2 38 0 8 -0.579243
14 22 0 8 -0.582615
30 39 0 8 -0.584206
9 51 0 8 -0.584458
32 37 0 8 -0.588879
28 36 0 8 -0.588995
23 30 0 8 -0.589209
17 31 0 8 -0.590146
25 37 0 8 -0.593661
4 31 0 8 -0.593851
19 51 0 8 -0.594085
22 30 0 8 -0.596751
5 35 0 8 -0.598223
7 47 0 8 -0.599453
22 33 0 8 -0.599937
10 32 0 8 -0.599998
33 53 0 8 -0.600218
1 17 0 8 -0.600869
8 34 0 8 -0.601141
5 43 0 8 -0.602193
1 34 0 8 -0.602350
38 44 0 8 -0.603039
3 26 0 8 -0.607486
21 51 0 8 -0.607527
39 52 0 8 -0.609060
23 53 0 8 -0.610414
26 34 0 8 -0.611939
44 53 0 8 -0.612436
12 24 0 8 -0.616627
4 24 0 8 -0.617712
1 35 0 8 -0.619060
6 32 0 8 -0.629501
23 33 0 8 -0.630140
4 41 0 8 -0.630360
28 51 0 8 -0.634513
3 39 0 8 -0.636093
34 44 0 8 -0.638268
31 44 0 8 -0.639288
12 18 0 8 -0.640543
24 39 0 8 -0.641064
30 51 0 8 -0.644711
12 20 0 8 -0.645122
4 22 0 8 -0.646437
8 23 0 8 -0.647118
29 50 0 8 -0.651376
13 37 0 8 -0.651711
19 38 0 8 -0.653342
43 48 0 8 -0.654687
21 46 0 8 -0.659082
2 26 0 8 -0.659511
30 38 0 8 -0.659595
35 52 0 8 -0.662988
5 40 0 8 -0.664754
4 35 0 8 -0.665161
12 32 0 8 -0.666094
39 45 0 8 -0.666912
5 24 0 8 -0.667496
5 19 0 8 -0.675057
18 50 0 8 -0.676230
17 37 0 8 -0.676997
5 30 0 8 -0.681517
16 41 0 8 -0.684740
3 48 0 8 -0.687477
15 38 0 8 -0.687887
3 41 0 8 -0.690681
2 15 0 8 -0.690903
27 51 0 8 -0.691646
25 40 0 8 -0.692080
37 45 0 8 -0.693210
20 49 0 8 -0.695077
12 35 0 8 -0.696182
17 22 0 8 -0.698004
18 24 0 8 -0.700927
6 30 0 8 -0.701695
16 28 0 8 -0.703603
19 41 0 8 -0.706254
5 15 0 8 -0.710750
28 35 0 8 -0.712350
30 41 0 8 -0.713013
16 26 0 8 -0.713751
8 43 0 8 -0.722991
13 40 0 8 -0.723001
6 48 0 8 -0.727370
2 7 0 8 -0.734613
8 19 0 8 -0.736652
30 36 0 8 -0.736664
21 30 0 8 -0.739083
25 49 0 8 -0.739299
21 53 0 8 -0.742493
15 41 0 8 -0.743597
8 30 0 8 -0.743702
16 45 0 8 -0.743792
7 29 0 8 -0.747489
27 52 0 8 -0.750323
46 53 0 8 -0.751535
3 12 0 8 -0.755960
13 36 0 8 -0.756333
9 41 0 8 -0.760147
1 31 0 8 -0.760316
40 46 0 8 -0.763131
15 45 0 8 -0.768283
21 49 0 8 -0.771149
15 44 0 8 -0.772530
28 38 0 8 -0.772851
8 15 0 8 -0.775603
24 50 0 8 -0.776636
20 33 0 8 -0.776996
28 41 0 8 -0.780001
3 28 0 8 -0.781157
14 45 0 8 -0.786003
36 47 0 8 -0.788533
11 29 0 8 -0.790722
8 16 0 8 -0.792256
25 51 0 8 -0.793780
2 16 0 8 -0.797346
5 46 0 8 -0.798034
24 31 0 8 -0.798543
20 53 0 8 -0.801227
29 53 0 8 -0.801374
19 45 0 8 -0.802197
2 24 0 8 -0.802312
27 34 0 8 -0.803364
5 50 0 8 -0.803703
15 34 0 8 -0.806276
41 46 0 8 -0.808236
9 28 0 8 -0.812649
13 44 0 8 -0.815057
34 48 0 8 -0.816276
36 44 0 8 -0.816715
7 41 0 8 -0.820420
13 19 0 8 -0.821714
19 40 0 8 -0.826591
8 46 0 8 -0.829204
16 38 0 8 -0.834500
11 25 0 8 -0.838144
18 53 0 8 -0.840847
44 51 0 8 -0.841474
1 48 0 8 -0.842835
20 39 0 8 -0.844102
31 43 0 8 -0.844303
4 38 0 8 -0.844843
8 28 0 8 -0.844895
11 23 0 8 -0.846684
23 39 0 8 -0.849357
31 42 0 8 -0.853237
39 50 0 8 -0.853830
13 27 0 8 -0.854665
11 26 0 8 -0.855830
12 42 0 8 -0.855865
4 29 0 8 -0.862039
13 18 0 8 -0.864160
34 50 0 8 -0.869794
23 36 0 8 -0.869971
26 40 0 8 -0.871984
22 38 0 8 -0.873361
44 50 0 8 -0.879447
13 33 0 8 -0.879735
12 43 0 8 -0.883948
5 42 0 8 -0.885520
14 32 0 8 -0.890170
16 23 0 8 -0.890818
27 48 0 8 -0.893087
7 46 0 8 -0.894692
21 47 0 8 -0.894980
17 44 0 8 -0.897447
17 43 0 8 -0.898306
32 53 0 8 -0.899711
5 22 0 8 -0.902388
3 31 0 8 -0.904745
6 53 0 8 -0.908149
23 48 0 8 -0.911166
14 40 0 8 -0.912349
5 28 0 8 -0.914260
8 42 0 8 -0.915788
5 37 0 8 -0.917028
26 32 0 8 -0.917982
36 53 0 8 -0.920547
5 47 0 8 -0.921569
17 50 0 8 -0.922601
1 13 0 8 -0.922649
19 35 0 8 -0.924093
38 46 0 8 -0.924503
4 47 0 8 -0.928564
25 48 0 8 -0.928699
5 16 0 8 -0.929403
10 20 0 8 -0.936723
22 41 0 8 -0.944092
26 46 0 8 -0.945059
38 50 0 8 -0.945116
13 31 0 8 -0.948008
6 20 0 8 -0.948708
22 28 0 8 -0.954896
8 21 0 8 -0.955188
7 52 0 8 -0.956711
7 38 0 8 -0.959831
18 28 0 8 -0.963674
20 38 0 8 -0.964375
36 48 0 8 -0.965461
30 44 0 8 -0.966256
8 50 0 8 -0.968881
8 37 0 8 -0.970748
37 51 0 8 -0.971012
6 43 0 8 -0.972376
26 42 0 8 -0.973300
38 49 0 8 -0.977790
11 50 0 8 -0.980497
41 50 0 8 -0.983478
1 30 0 8 -0.984168
8 22 0 8 -0.984727
16 43 0 8 -0.985777
39 51 0 8 -0.988723
18 49 0 8 -0.989984
9 46 0 8 -0.992428
35 49 0 8 -0.994111
40 50 0 8 -0.994332
5 20 0 8 -0.996428
43 50 0 8 -1.008198
4 34 0 8 -1.008293
23 40 0 8 -1.009647
5 49 0 8 -1.010289
3 17 0 8 -1.014643
11 34 0 8 -1.017423
24 47 0 8 -1.019115
35 40 0 8 -1.020290
16 40 0 8 -1.021510
13 52 0 8 -1.025793
17 42 0 8 -1.033846
20 41 0 8 -1.042477
32 39 0 8 -1.042698
44 52 0 8 -1.052654
41 49 0 8 -1.056979
22 42 0 8 -1.058691
14 30 0 8 -1.064084
26 49 0 8 -1.065845
25 47 0 8 -1.066230
13 24 0 8 -1.072002
20 27 0 8 -1.077109
36 52 0 8 -1.078507
8 40 0 8 -1.078672
11 53 0 8 -1.079307
22 34 0 8 -1.084908
8 20 0 8 -1.087347
16 49 0 8 -1.089127
32 52 0 8 -1.090776
1 43 0 8 -1.090945
8 49 0 8 -1.102473
15 52 0 8 -1.103759
16 42 0 8 -1.105479
4 52 0 8 -1.106496
18 44 0 8 -1.110228
23 51 0 8 -1.117879
10 51 0 8 -1.120508
18 39 0 8 -1.124400
31 48 0 8 -1.126339
13 48 0 8 -1.131143
4 45 0 8 -1.136577
6 12 0 8 -1.137446
27 40 0 8 -1.139362
5 21 0 8 -1.140894
4 26 0 8 -1.141133
11 28 0 8 -1.141317
24 46 0 8 -1.141349
24 51 0 8 -1.142646
17 46 0 8 -1.143839
9 36 0 8 -1.145304
25 42 0 8 -1.151210
33 49 0 8 -1.151811
4 42 0 8 -1.157922
36 50 0 8 -1.159367
22 48 0 8 -1.159980
39 49 0 8 -1.161657
3 37 0 8 -1.162370
13 47 0 8 -1.167274
4 25 0 8 -1.169354
26 50 0 8 -1.171468
29 34 0 8 -1.173558
14 53 0 8 -1.181660
7 27 0 8 -1.186036
2 29 0 8 -1.186552
35 51 0 8 -1.188677
17 47 0 8 -1.191241
33 43 0 8 -1.193068
13 29 0 8 -1.203450
38 47 0 8 -1.211972
11 21 0 8 -1.216835
2 40 0 8 -1.217405
21 38 0 8 -1.220846
6 31 0 8 -1.225006
9 25 0 8 -1.226508
18 25 0 8 -1.228121
11 32 0 8 -1.229843
20 34 0 8 -1.234061
10 30 0 8 -1.234825
4 17 0 8 -1.237949
13 23 0 8 -1.239590
6 22 0 8 -1.244652
24 33 0 8 -1.247071
28 43 0 8 -1.248827
25 32 0 8 -1.252077
15 40 0 8 -1.253786
15 37 0 8 -1.259752
11 16 0 8 -1.265204
20 51 0 8 -1.273608
2 48 0 8 -1.273675
29 35 0 8 -1.278873
17 28 0 8 -1.283326
9 17 0 8 -1.284808
6 38 0 8 -1.285154
19 39 0 8 -1.287481
12 22 0 8 -1.290436
6 17 0 8 -1.297635
13 35 0 8 -1.302123
10 19 0 8 -1.305052
12 40 0 8 -1.306595
14 46 0 8 -1.309320
41 47 0 8 -1.310127
21 41 0 8 -1.319719
6 25 0 8 -1.320943
11 40 0 8 -1.321797
33 46 0 8 -1.325031
17 49 0 8 -1.328177
11 52 0 8 -1.341913
39 47 0 8 -1.350518
11 42 0 8 -1.353090
22 52 0 8 -1.354442
4 14 0 8 -1.357445
33 40 0 8 -1.359328
7 15 0 8 -1.365451
8 47 0 8 -1.366516
15 42 0 8 -1.374019
10 43 0 8 -1.378022
1 20 0 8 -1.381181
6 15 0 8 -1.381476
6 41 0 8 -1.389235
10 15 0 8 -1.398474
18 45 0 8 -1.403066
43 53 0 8 -1.409070
10 26 0 8 -1.411390
27 50 0 8 -1.414842
2 18 0 8 -1.415913
35 48 0 8 -1.417850
39 44 0 8 -1.420818
19 36 0 8 -1.422406
2 23 0 8 -1.424283
17 40 0 8 -1.427724
19 29 0 8 -1.432171
6 19 0 8 -1.434979
3 27 0 8 -1.443345
7 17 0 8 -1.446845
37 48 0 8 -1.451667
1 32 0 8 -1.454604
16 52 0 8 -1.457553
1 47 0 8 -1.459760
10 47 0 8 -1.461418
14 34 0 8 -1.461630
1 19 0 8 -1.464676
32 45 0 8 -1.466427
11 37 0 8 -1.467412
43 51 0 8 -1.472248
14 33 0 8 -1.476277
15 48 0 8 -1.479438
40 48 0 8 -1.481476
14 31 0 8 -1.485344
28 45 0 8 -1.487491
22 39 0 8 -1.490167
10 27 0 8 -1.493444
14 37 0 8 -1.497455
26 44 0 8 -1.498633
1 24 0 8 -1.500028
29 46 0 8 -1.500814
21 29 0 8 -1.503876
12 47 0 8 -1.512719
9 33 0 8 -1.512998
40 51 0 8 -1.521083
23 50 0 8 -1.522461
39 46 0 8 -1.522954
10 45 0 8 -1.523299
7 20 0 8 -1.531345
12 21 0 8 -1.533322
28 39 0 8 -1.543139
18 51 0 8 -1.544513
4 18 0 8 -1.548552
24 45 0 8 -1.554321
32 51 0 8 -1.555370
29 37 0 8 -1.558600
16 34 0 8 -1.560380
40 49 0 8 -1.572776
20 52 0 8 -1.576559
18 27 0 8 -1.580606
22 51 0 8 -1.581342
18 34 0 8 -1.581903
19 43 0 8 -1.602723
27 49 0 8 -1.606840
21 52 0 8 -1.612720
9 16 0 8 -1.615095
1 11 0 8 -1.630951
16 30 0 8 -1.657400
9 45 0 8 -1.659509
28 48 0 8 -1.660878
20 36 0 8 -1.664011
22 46 0 8 -1.665690
9 19 0 8 -1.690871
33 47 0 8 -1.708666
4 48 0 8 -1.710321
28 40 0 8 -1.720913
10 33 0 8 -1.724061
27 44 0 8 -1.739842
24 29 0 8 -1.762920
23 31 0 8 -1.782065
3 11 0 8 -1.782185
20 29 0 8 -1.784869
10 25 0 8 -1.789961
10 28 0 8 -1.794587
3 15 0 8 -1.819187
15 47 0 8 -1.820570
30 50 0 8 -1.821366
22 29 0 8 -1.824123
3 29 0 8 -1.824448
10 52 0 8 -1.826873
35 47 0 8 -1.834567
29 43 0 8 -1.839001
34 47 0 8 -1.839995
20 45 0 8 -1.845290
42 48 0 8 -1.846103
31 36 0 8 -1.855976
2 36 0 8 -1.887426
19 44 0 8 -1.890935
7 19 0 8 -1.900467
42 49 0 8 -1.907494
7 23 0 8 -1.915572
14 47 0 8 -1.921749
22 44 0 8 -1.934152
6 45 0 8 -1.949905
29 44 0 8 -1.951039
14 49 0 8 -1.969592
14 20 0 8 -1.980976
25 50 0 8 -1.989036
21 42 0 8 -1.992110
2 19 0 8 -1.998032
20 48 0 8 -2.017986
31 46 0 8 -2.031060
18 31 0 8 -2.033860
10 35 0 8 -2.034487
40 52 0 8 -2.037346
28 46 0 8 -2.038538
15 43 0 8 -2.043355
13 32 0 8 -2.051044
7 28 0 8 -2.053138
1 10 0 8 -2.064036
21 39 0 8 -2.065226
21 26 0 8 -2.073139
3 21 0 8 -2.079673
33 44 0 8 -2.081666
9 15 0 8 -2.087281
16 24 0 8 -2.102734
13 43 0 8 -2.103493
10 24 0 8 -2.118678
6 26 0 8 -2.122017
23 28 0 8 -2.124335
3 51 0 8 -2.137463
18 42 0 8 -2.144117
3 25 0 8 -2.146478
33 50 0 8 -2.152699
6 18 0 8 -2.158976
16 21 0 8 -2.173862
7 33 0 8 -2.176782
3 46 0 8 -2.200477
9 14 0 8 -2.220465
14 44 0 8 -2.235120
14 43 0 8 -2.240288
6 34 0 8 -2.251198
6 16 0 8 -2.260334
22 37 0 8 -2.273995
28 42 0 8 -2.278346
20 31 0 8 -2.293364
4 37 0 8 -2.293983
29 49 0 8 -2.305448
32 42 0 8 -2.310329
9 32 0 8 -2.312518
6 39 0 8 -2.313188
10 49 0 8 -2.365436
32 49 0 8 -2.371428
4 44 0 8 -2.383785
25 44 0 8 -2.415886
21 27 0 8 -2.430747
20 28 0 8 -2.475012
7 14 0 8 -2.484975
21 50 0 8 -2.494237
2 43 0 8 -2.497918
6 33 0 8 -2.503550
9 24 0 8 -2.515993
10 22 0 8 -2.561491
21 34 0 8 -2.563051
20 50 0 8 -2.583390
36 49 0 8 -2.603927
20 47 0 8 -2.652513
6 27 0 8 -2.661184
16 47 0 8 -2.671531
9 27 0 8 -2.680321
7 32 0 8 -2.693121
22 36 0 8 -2.693227
4 28 0 8 -2.707211
19 46 0 8 -2.742744
7 44 0 8 -2.748936
15 50 0 8 -2.759193
2 44 0 8 -2.784882
18 30 0 8 -2.788008
20 32 0 8 -2.879741
4 23 0 8 -2.889964
3 44 0 8 -2.899361
31 47 0 8 -2.918332
23 49 0 8 -2.928183
21 31 0 8 -2.952927
44 49 0 8 -2.969559
4 21 0 8 -2.995213
9 37 0 8 -3.016285
18 46 0 8 -3.025990
15 21 0 8 -3.070001
7 18 0 8 -3.103513
7 30 0 8 -3.130119
22 50 0 8 -3.139552
20 43 0 8 -3.168344
9 44 0 8 -3.190219
36 46 0 8 -3.246507
13 21 0 8 -3.247329
6 14 0 8 -3.290531
22 47 0 8 -3.371779
24 49 0 8 -3.381644
2 21 0 8 -3.411275
6 29 0 8 -3.612190
2 47 0 8 -3.793414
14 42 0 8 -3.976904
6 42 0 8 -4.138042
