50 62 0 8 15.699602
52 61 0 8 13.641655
28 63 0 8 13.555356
45 65 0 8 10.021605
33 39 0 8 8.567213
34 62 0 8 7.915073
54 59 0 8 7.029003
3 46 0 8 6.949862
32 61 0 8 6.760696
28 41 0 8 6.542276
26 32 0 8 6.397502
30 39 0 8 5.579911
5 46 0 8 5.389240
3 48 0 8 5.359015
18 47 0 8 5.281236
13 37 0 8 5.242135
53 58 0 8 5.077562
33 38 0 8 5.008497
21 46 0 8 4.914841
8 28 0 8 4.877831
11 42 0 8 4.869573
9 30 0 8 4.751101
20 49 0 8 4.699363
3 21 0 8 4.623048
6 41 0 8 4.509252
6 28 0 8 4.502387
33 40 0 8 4.462842
33 41 0 8 4.409116
50 61 0 8 4.301868
30 45 0 8 4.301572
2 20 0 8 4.282832
7 25 0 8 4.198825
10 27 0 8 4.177061
51 58 0 8 3.979915
9 43 0 8 3.952959
22 53 0 8 3.729447
27 34 0 8 3.657945
52 59 0 8 3.650324
41 47 0 8 3.609962
30 59 0 8 3.551404
7 19 0 8 3.463550
8 13 0 8 3.444682
48 64 0 8 3.409853
7 13 0 8 3.348299
17 27 0 8 3.272163
13 27 0 8 3.260178
8 37 0 8 3.081310
28 33 0 8 3.061676
26 51 0 8 3.061414
38 43 0 8 3.047339
15 61 0 8 3.036181
27 49 0 8 3.033056
5 19 0 8 2.992939
50 65 0 8 2.990096
12 59 0 8 2.961227
7 29 0 8 2.919419
48 66 0 8 2.897243
20 26 0 8 2.896843
8 43 0 8 2.875032
31 50 0 8 2.841755
30 64 0 8 2.826449
7 31 0 8 2.825570
1 50 0 8 2.784260
45 59 0 8 2.773122
33 47 0 8 2.766080
5 10 0 8 2.763122
34 64 0 8 2.757832
47 63 0 8 2.751502
24 58 0 8 2.725459
28 47 0 8 2.702950
18 32 0 8 2.695603
28 45 0 8 2.682093
12 24 0 8 2.666930
10 28 0 8 2.657296
49 60 0 8 2.653326
8 55 0 8 2.649449
32 63 0 8 2.645744
11 39 0 8 2.610439
47 60 0 8 2.602023
47 54 0 8 2.581553
12 42 0 8 2.570773
8 25 0 8 2.465092
4 16 0 8 2.449969
10 15 0 8 2.448113
27 32 0 8 2.422230
17 57 0 8 2.392449
51 61 0 8 2.386633
9 41 0 8 2.367431
31 39 0 8 2.355746
26 58 0 8 2.339358
4 18 0 8 2.326274
11 55 0 8 2.211332
11 21 0 8 2.189254
14 20 0 8 2.162974
8 41 0 8 2.162312
39 64 0 8 2.155648
36 63 0 8 2.124400
32 55 0 8 2.111479
9 29 0 8 2.106036
17 29 0 8 2.097799
5 35 0 8 2.096554
24 51 0 8 2.091511
5 27 0 8 2.079211
11 38 0 8 2.049122
37 46 0 8 2.042011
19 44 0 8 2.019308
15 53 0 8 2.009885
5 34 0 8 2.008952
50 64 0 8 1.995197
9 28 0 8 1.987833
20 51 0 8 1.984187
11 26 0 8 1.981457
32 59 0 8 1.960377
34 45 0 8 1.954110
10 43 0 8 1.953420
32 52 0 8 1.943781
5 43 0 8 1.933383
25 44 0 8 1.930763
18 43 0 8 1.927935
19 26 0 8 1.879144
24 55 0 8 1.848927
6 47 0 8 1.844597
35 65 0 8 1.822867
46 66 0 8 1.791363
11 40 0 8 1.788592
49 55 0 8 1.782229
39 62 0 8 1.723416
18 33 0 8 1.670530
44 64 0 8 1.659116
58 63 0 8 1.646646
10 45 0 8 1.640867
3 44 0 8 1.640385
53 59 0 8 1.610390
10 48 0 8 1.607590
19 24 0 8 1.597338
10 37 0 8 1.594995
29 38 0 8 1.594345
3 35 0 8 1.579837
18 49 0 8 1.562970
11 52 0 8 1.554505
46 55 0 8 1.551448
25 40 0 8 1.545164
25 45 0 8 1.539397
13 40 0 8 1.528329
27 41 0 8 1.520384
30 35 0 8 1.514531
41 65 0 8 1.501154
28 37 0 8 1.501102
43 50 0 8 1.498058
14 27 0 8 1.483383
19 64 0 8 1.466580
27 39 0 8 1.465321
26 52 0 8 1.461415
26 36 0 8 1.459288
51 62 0 8 1.456568
36 65 0 8 1.447363
2 34 0 8 1.435175
52 66 0 8 1.431783
42 52 0 8 1.430056
9 39 0 8 1.428343
33 63 0 8 1.425899
31 61 0 8 1.416231
31 45 0 8 1.415252
7 26 0 8 1.408729
6 33 0 8 1.402308
4 17 0 8 1.392205
24 42 0 8 1.386315
20 25 0 8 1.385768
21 62 0 8 1.380419
8 15 0 8 1.364358
5 42 0 8 1.358327
25 48 0 8 1.355455
38 52 0 8 1.352881
10 63 0 8 1.351635
11 59 0 8 1.351304
12 45 0 8 1.347147
30 48 0 8 1.344845
10 56 0 8 1.332009
30 40 0 8 1.321462
24 48 0 8 1.319500
15 50 0 8 1.317582
49 54 0 8 1.316160
8 33 0 8 1.312373
31 38 0 8 1.302379
8 45 0 8 1.290220
42 55 0 8 1.284337
12 58 0 8 1.270926
40 46 0 8 1.268112
2 50 0 8 1.266576
21 36 0 8 1.260662
13 43 0 8 1.259381
1 62 0 8 1.256201
3 11 0 8 1.255886
21 29 0 8 1.241105
31 55 0 8 1.236575
40 45 0 8 1.236308
42 59 0 8 1.229064
33 49 0 8 1.212059
8 44 0 8 1.210337
49 62 0 8 1.206299
2 62 0 8 1.203653
26 66 0 8 1.198029
13 56 0 8 1.197047
2 22 0 8 1.192696
31 43 0 8 1.191184
23 59 0 8 1.189193
60 65 0 8 1.187581
2 42 0 8 1.179047
36 47 0 8 1.177400
42 65 0 8 1.176167
4 14 0 8 1.176088
36 55 0 8 1.156721
53 62 0 8 1.155631
38 63 0 8 1.155311
1 49 0 8 1.145825
41 49 0 8 1.137306
27 54 0 8 1.136256
41 59 0 8 1.128538
43 48 0 8 1.126795
17 56 0 8 1.122961
1 34 0 8 1.116460
48 62 0 8 1.110633
44 59 0 8 1.109549
7 34 0 8 1.100609
36 64 0 8 1.089813
51 63 0 8 1.088111
3 15 0 8 1.080535
19 36 0 8 1.073457
1 25 0 8 1.062185
5 53 0 8 1.059958
11 46 0 8 1.059007
35 42 0 8 1.053150
2 61 0 8 1.051310
18 51 0 8 1.051173
6 42 0 8 1.045595
23 31 0 8 1.036876
15 43 0 8 1.031146
48 53 0 8 1.025884
40 64 0 8 1.020657
9 40 0 8 1.020596
15 24 0 8 1.018830
3 42 0 8 1.018479
25 52 0 8 1.012467
8 18 0 8 1.009167
4 60 0 8 1.008768
1 31 0 8 1.006430
30 58 0 8 1.004795
23 47 0 8 1.002292
43 56 0 8 0.995331
19 51 0 8 0.986010
13 44 0 8 0.985301
19 53 0 8 0.982033
30 38 0 8 0.978337
22 65 0 8 0.978251
15 46 0 8 0.972108
23 53 0 8 0.966125
13 32 0 8 0.964414
32 44 0 8 0.962779
21 26 0 8 0.957907
44 51 0 8 0.934925
18 41 0 8 0.934166
16 44 0 8 0.932413
19 50 0 8 0.924860
18 61 0 8 0.923513
31 62 0 8 0.921753
12 66 0 8 0.919686
58 64 0 8 0.919208
33 60 0 8 0.917578
2 18 0 8 0.916575
7 14 0 8 0.916571
7 43 0 8 0.914770
10 61 0 8 0.912413
35 52 0 8 0.911393
27 36 0 8 0.910162
2 51 0 8 0.908316
19 46 0 8 0.904450
33 54 0 8 0.902177
24 30 0 8 0.894720
29 34 0 8 0.891711
20 29 0 8 0.886847
25 36 0 8 0.885781
23 60 0 8 0.884740
11 48 0 8 0.880369
34 41 0 8 0.872277
30 41 0 8 0.869184
26 46 0 8 0.863959
21 40 0 8 0.858080
23 39 0 8 0.857349
5 11 0 8 0.857064
3 29 0 8 0.852597
54 61 0 8 0.851680
12 19 0 8 0.850014
11 19 0 8 0.844935
5 13 0 8 0.838085
21 27 0 8 0.831765
42 49 0 8 0.830353
5 56 0 8 0.827445
9 14 0 8 0.812322
16 60 0 8 0.806655
29 57 0 8 0.805309
11 36 0 8 0.798559
12 55 0 8 0.797155
51 65 0 8 0.794355
6 45 0 8 0.793653
45 66 0 8 0.791761
25 34 0 8 0.791398
4 44 0 8 0.790501
6 13 0 8 0.789874
6 16 0 8 0.788903
57 63 0 8 0.786480
2 21 0 8 0.773794
13 24 0 8 0.773616
22 58 0 8 0.763499
37 44 0 8 0.762195
27 47 0 8 0.759706
27 35 0 8 0.749123
5 15 0 8 0.743478
26 35 0 8 0.740883
20 35 0 8 0.734698
22 31 0 8 0.731650
25 43 0 8 0.729702
8 51 0 8 0.725626
29 62 0 8 0.724124
15 38 0 8 0.719962
2 55 0 8 0.712199
10 33 0 8 0.708618
11 23 0 8 0.704021
9 34 0 8 0.701355
28 65 0 8 0.700380
19 45 0 8 0.696664
13 33 0 8 0.683521
9 21 0 8 0.677243
18 28 0 8 0.674776
21 53 0 8 0.674768
32 66 0 8 0.671109
41 51 0 8 0.664543
12 46 0 8 0.662839
1 45 0 8 0.658555
6 52 0 8 0.642296
35 66 0 8 0.641156
15 32 0 8 0.636524
35 48 0 8 0.629875
36 60 0 8 0.629001
30 56 0 8 0.627771
42 58 0 8 0.627429
23 40 0 8 0.624800
35 59 0 8 0.618500
15 39 0 8 0.613801
26 44 0 8 0.609921
44 61 0 8 0.609792
7 52 0 8 0.607289
40 57 0 8 0.605593
34 44 0 8 0.603981
10 42 0 8 0.602593
23 36 0 8 0.586519
18 50 0 8 0.586465
32 41 0 8 0.585398
23 58 0 8 0.583121
6 14 0 8 0.579744
26 59 0 8 0.578159
50 66 0 8 0.575123
43 54 0 8 0.573679
7 59 0 8 0.569429
29 50 0 8 0.569131
56 62 0 8 0.566485
3 58 0 8 0.560581
26 62 0 8 0.556210
5 61 0 8 0.556140
3 19 0 8 0.549274
15 42 0 8 0.548016
19 25 0 8 0.544813
3 20 0 8 0.543539
16 57 0 8 0.542480
4 57 0 8 0.539155
32 54 0 8 0.538809
50 56 0 8 0.536240
3 17 0 8 0.532853
36 48 0 8 0.525321
36 41 0 8 0.523316
20 28 0 8 0.518809
16 47 0 8 0.509504
14 64 0 8 0.507374
10 51 0 8 0.505186
11 30 0 8 0.503451
20 42 0 8 0.502425
32 65 0 8 0.498610
36 53 0 8 0.496680
3 63 0 8 0.495020
24 62 0 8 0.493871
32 62 0 8 0.492354
12 54 0 8 0.488845
1 65 0 8 0.486774
6 20 0 8 0.486737
5 44 0 8 0.482150
12 40 0 8 0.475456
2 65 0 8 0.473726
12 61 0 8 0.468898
36 46 0 8 0.466747
2 53 0 8 0.464363
4 9 0 8 0.462161
15 41 0 8 0.458030
52 65 0 8 0.452834
15 22 0 8 0.448227
35 64 0 8 0.446014
35 58 0 8 0.440858
6 18 0 8 0.438565
25 59 0 8 0.426320
5 48 0 8 0.425153
53 65 0 8 0.424553
44 57 0 8 0.421048
2 30 0 8 0.420258
6 37 0 8 0.418943
32 49 0 8 0.418738
9 37 0 8 0.418048
8 17 0 8 0.414298
7 16 0 8 0.412739
9 27 0 8 0.412080
47 66 0 8 0.410808
12 53 0 8 0.409557
9 38 0 8 0.409259
23 48 0 8 0.407977
6 40 0 8 0.407716
14 39 0 8 0.405546
16 28 0 8 0.401239
26 50 0 8 0.399432
1 7 0 8 0.398213
3 66 0 8 0.394607
14 25 0 8 0.388869
6 66 0 8 0.387909
8 52 0 8 0.387865
29 63 0 8 0.385258
24 46 0 8 0.384475
25 42 0 8 0.376702
5 64 0 8 0.375883
43 65 0 8 0.375862
12 49 0 8 0.373649
35 51 0 8 0.372122
23 45 0 8 0.367079
25 37 0 8 0.367056
51 56 0 8 0.361548
12 18 0 8 0.354121
14 24 0 8 0.351141
30 54 0 8 0.350789
3 38 0 8 0.350604
18 42 0 8 0.346134
1 12 0 8 0.346096
15 37 0 8 0.344042
8 57 0 8 0.343399
33 64 0 8 0.343253
33 55 0 8 0.339721
19 29 0 8 0.338536
21 42 0 8 0.332789
46 52 0 8 0.328790
20 44 0 8 0.327978
12 41 0 8 0.327280
30 63 0 8 0.327157
28 49 0 8 0.325561
8 59 0 8 0.322402
49 57 0 8 0.321510
18 27 0 8 0.320960
13 57 0 8 0.320461
21 37 0 8 0.315803
22 40 0 8 0.310847
14 43 0 8 0.309547
38 59 0 8 0.309351
7 28 0 8 0.308356
30 42 0 8 0.307071
36 42 0 8 0.305647
55 65 0 8 0.305025
3 25 0 8 0.302780
15 31 0 8 0.301588
37 59 0 8 0.301138
38 61 0 8 0.298251
3 37 0 8 0.296215
6 43 0 8 0.296118
7 22 0 8 0.295723
5 26 0 8 0.293478
51 64 0 8 0.293358
36 54 0 8 0.292558
1 55 0 8 0.290888
15 55 0 8 0.290629
16 25 0 8 0.288625
46 53 0 8 0.283556
13 42 0 8 0.283002
1 42 0 8 0.281996
18 60 0 8 0.281048
34 50 0 8 0.280397
19 39 0 8 0.279352
31 52 0 8 0.278600
3 62 0 8 0.271152
3 34 0 8 0.267453
44 66 0 8 0.263961
4 11 0 8 0.263706
23 43 0 8 0.262698
22 63 0 8 0.261936
9 16 0 8 0.259471
14 51 0 8 0.258186
21 65 0 8 0.257772
12 57 0 8 0.254879
39 55 0 8 0.251107
11 44 0 8 0.250105
34 65 0 8 0.247145
40 48 0 8 0.246558
6 15 0 8 0.245849
46 56 0 8 0.241882
12 63 0 8 0.234355
42 66 0 8 0.229117
40 51 0 8 0.224059
1 46 0 8 0.221943
2 38 0 8 0.221842
23 66 0 8 0.220853
24 37 0 8 0.220201
28 53 0 8 0.219601
1 64 0 8 0.218224
25 31 0 8 0.216665
6 25 0 8 0.216519
10 16 0 8 0.216170
5 65 0 8 0.215671
19 43 0 8 0.214655
22 36 0 8 0.214251
2 23 0 8 0.214186
2 48 0 8 0.213894
14 57 0 8 0.211335
11 43 0 8 0.210285
19 58 0 8 0.207147
16 29 0 8 0.206755
14 60 0 8 0.198778
24 44 0 8 0.197073
1 38 0 8 0.192832
29 55 0 8 0.189603
29 52 0 8 0.189341
8 66 0 8 0.188645
5 29 0 8 0.184029
18 31 0 8 0.181683
23 51 0 8 0.178055
31 59 0 8 0.175626
7 17 0 8 0.175363
41 48 0 8 0.174503
23 64 0 8 0.174484
31 57 0 8 0.174229
46 59 0 8 0.171686
56 61 0 8 0.171285
7 32 0 8 0.166604
40 54 0 8 0.163832
8 23 0 8 0.160351
6 44 0 8 0.159029
9 17 0 8 0.155879
1 18 0 8 0.155374
4 63 0 8 0.153548
2 7 0 8 0.152132
46 62 0 8 0.151525
7 48 0 8 0.151347
37 43 0 8 0.151300
4 49 0 8 0.150809
20 47 0 8 0.148788
44 56 0 8 0.147949
5 54 0 8 0.143463
39 54 0 8 0.141381
10 31 0 8 0.138974
16 22 0 8 0.138297
39 48 0 8 0.137573
37 64 0 8 0.134963
12 43 0 8 0.134459
9 66 0 8 0.131264
41 54 0 8 0.130962
9 19 0 8 0.130599
25 60 0 8 0.130448
25 32 0 8 0.123560
1 16 0 8 0.122391
24 53 0 8 0.121058
16 23 0 8 0.120785
34 66 0 8 0.120100
2 66 0 8 0.118911
4 46 0 8 0.117699
23 46 0 8 0.117663
9 51 0 8 0.115916
1 36 0 8 0.113634
14 61 0 8 0.108805
18 55 0 8 0.107391
11 24 0 8 0.106991
38 64 0 8 0.104098
11 66 0 8 0.103739
55 60 0 8 0.102290
59 66 0 8 0.101161
13 18 0 8 0.099973
27 62 0 8 0.098913
17 49 0 8 0.096407
58 66 0 8 0.095426
10 29 0 8 0.092063
52 58 0 8 0.089090
39 56 0 8 0.089082
1 17 0 8 0.088048
49 66 0 8 0.086794
34 49 0 8 0.086195
35 63 0 8 0.085958
21 34 0 8 0.083860
31 40 0 8 0.081644
1 20 0 8 0.078620
1 37 0 8 0.076245
3 64 0 8 0.071971
43 53 0 8 0.071148
19 65 0 8 0.068907
24 43 0 8 0.067421
33 52 0 8 0.065686
32 47 0 8 0.065195
4 23 0 8 0.062585
10 18 0 8 0.060221
4 55 0 8 0.060209
30 47 0 8 0.057231
36 56 0 8 0.056583
47 57 0 8 0.054606
4 65 0 8 0.050874
14 56 0 8 0.049564
16 63 0 8 0.048499
19 42 0 8 0.048212
22 37 0 8 0.045463
15 66 0 8 0.043332
8 31 0 8 0.041792
48 61 0 8 0.041727
23 63 0 8 0.041082
4 15 0 8 0.039991
19 33 0 8 0.039499
2 43 0 8 0.037487
16 49 0 8 0.033114
18 52 0 8 0.032925
16 33 0 8 0.030874
15 33 0 8 0.030721
16 21 0 8 0.028714
37 54 0 8 0.024519
1 26 0 8 0.023433
12 32 0 8 0.023133
13 51 0 8 0.022478
12 22 0 8 0.021276
34 48 0 8 0.020552
48 65 0 8 0.018662
29 51 0 8 0.018025
16 27 0 8 0.016406
17 61 0 8 0.014199
23 55 0 8 0.013881
24 36 0 8 0.012894
12 64 0 8 0.012565
2 49 0 8 0.011379
14 44 0 8 0.010498
4 10 0 8 0.007954
2 45 0 8 0.006824
6 59 0 8 0.002409
29 41 0 8 0.002141
13 31 0 8 0.001225
8 54 0 8 -0.002545
18 39 0 8 -0.008568
47 53 0 8 -0.009000
17 60 0 8 -0.009732
39 66 0 8 -0.011971
38 66 0 8 -0.013528
7 36 0 8 -0.016199
18 53 0 8 -0.016376
54 66 0 8 -0.021772
38 54 0 8 -0.023547
9 33 0 8 -0.027381
29 61 0 8 -0.027618
25 55 0 8 -0.029101
7 21 0 8 -0.029908
45 61 0 8 -0.030766
4 13 0 8 -0.033273
16 41 0 8 -0.033359
15 20 0 8 -0.034448
7 58 0 8 -0.034636
15 21 0 8 -0.036210
39 65 0 8 -0.039116
35 43 0 8 -0.039868
47 58 0 8 -0.040167
5 22 0 8 -0.041800
44 50 0 8 -0.043725
16 52 0 8 -0.045224
5 52 0 8 -0.045824
1 24 0 8 -0.046737
15 65 0 8 -0.047299
26 53 0 8 -0.047580
15 30 0 8 -0.049627
53 66 0 8 -0.051864
9 15 0 8 -0.052330
4 12 0 8 -0.054018
2 10 0 8 -0.054740
2 29 0 8 -0.054892
32 42 0 8 -0.055628
10 22 0 8 -0.056810
15 57 0 8 -0.056970
34 61 0 8 -0.058658
4 61 0 8 -0.060698
3 22 0 8 -0.062732
17 25 0 8 -0.062874
10 35 0 8 -0.062944
16 26 0 8 -0.066012
4 43 0 8 -0.068872
24 31 0 8 -0.069348
13 38 0 8 -0.070960
4 28 0 8 -0.071058
25 54 0 8 -0.073483
1 59 0 8 -0.075293
26 56 0 8 -0.076789
4 19 0 8 -0.077628
4 37 0 8 -0.080520
18 46 0 8 -0.081241
41 66 0 8 -0.082169
21 39 0 8 -0.085416
39 44 0 8 -0.091017
13 41 0 8 -0.092715
17 26 0 8 -0.093524
14 26 0 8 -0.094833
18 29 0 8 -0.095899
2 46 0 8 -0.097727
51 57 0 8 -0.098096
20 59 0 8 -0.098698
17 42 0 8 -0.098709
14 19 0 8 -0.098779
31 42 0 8 -0.099310
19 48 0 8 -0.103232
17 40 0 8 -0.103269
26 60 0 8 -0.105550
51 60 0 8 -0.108457
14 50 0 8 -0.111149
27 48 0 8 -0.112138
10 49 0 8 -0.112984
47 59 0 8 -0.115982
14 33 0 8 -0.119371
27 51 0 8 -0.120012
15 56 0 8 -0.121665
46 51 0 8 -0.122129
11 53 0 8 -0.123849
9 24 0 8 -0.125991
21 59 0 8 -0.129706
6 30 0 8 -0.130283
6 11 0 8 -0.130451
38 47 0 8 -0.132049
23 52 0 8 -0.135222
19 30 0 8 -0.137353
34 39 0 8 -0.137377
26 40 0 8 -0.137774
7 37 0 8 -0.140696
42 47 0 8 -0.141029
46 61 0 8 -0.142348
34 55 0 8 -0.143675
7 61 0 8 -0.144810
21 61 0 8 -0.145439
24 59 0 8 -0.147920
10 44 0 8 -0.148377
46 54 0 8 -0.151568
35 56 0 8 -0.151991
3 50 0 8 -0.152053
14 22 0 8 -0.152347
6 17 0 8 -0.152420
4 53 0 8 -0.155194
43 59 0 8 -0.156943
13 59 0 8 -0.162068
10 54 0 8 -0.162307
8 16 0 8 -0.162359
40 56 0 8 -0.164499
4 39 0 8 -0.165480
18 23 0 8 -0.167302
24 35 0 8 -0.168028
10 53 0 8 -0.169050
31 46 0 8 -0.169098
17 33 0 8 -0.169331
28 39 0 8 -0.169931
43 52 0 8 -0.171218
2 44 0 8 -0.172326
1 13 0 8 -0.174798
29 36 0 8 -0.179977
27 56 0 8 -0.181308
4 47 0 8 -0.182784
7 53 0 8 -0.186794
14 49 0 8 -0.196904
8 42 0 8 -0.197380
1 6 0 8 -0.198304
16 66 0 8 -0.199768
26 55 0 8 -0.200727
14 66 0 8 -0.201203
5 32 0 8 -0.201727
56 65 0 8 -0.202450
4 52 0 8 -0.203968
3 57 0 8 -0.204306
5 23 0 8 -0.205048
18 62 0 8 -0.206517
28 57 0 8 -0.206571
1 29 0 8 -0.207853
34 54 0 8 -0.209149
39 60 0 8 -0.209937
44 55 0 8 -0.210240
1 43 0 8 -0.210260
40 55 0 8 -0.210810
14 47 0 8 -0.210962
17 59 0 8 -0.213331
1 14 0 8 -0.215330
14 28 0 8 -0.215594
2 12 0 8 -0.219099
41 58 0 8 -0.219157
47 55 0 8 -0.219763
29 53 0 8 -0.220341
17 45 0 8 -0.225334
44 60 0 8 -0.226512
4 48 0 8 -0.227024
14 31 0 8 -0.228089
17 44 0 8 -0.228453
16 56 0 8 -0.230162
19 66 0 8 -0.232115
1 23 0 8 -0.233061
38 55 0 8 -0.233532
49 56 0 8 -0.233605
14 62 0 8 -0.234673
2 63 0 8 -0.235577
14 37 0 8 -0.236712
10 34 0 8 -0.238025
18 40 0 8 -0.240265
55 66 0 8 -0.240302
26 64 0 8 -0.240964
13 19 0 8 -0.241830
46 64 0 8 -0.242079
18 65 0 8 -0.243950
17 22 0 8 -0.244773
8 60 0 8 -0.245202
6 36 0 8 -0.246280
6 38 0 8 -0.246453
8 14 0 8 -0.247631
46 57 0 8 -0.248412
18 44 0 8 -0.248445
6 39 0 8 -0.248502
22 50 0 8 -0.249444
7 15 0 8 -0.250721
13 35 0 8 -0.250968
5 28 0 8 -0.252749
45 63 0 8 -0.252949
11 37 0 8 -0.253357
10 20 0 8 -0.255048
12 23 0 8 -0.255309
35 44 0 8 -0.256735
2 40 0 8 -0.256876
55 63 0 8 -0.258877
34 46 0 8 -0.260358
4 66 0 8 -0.262385
22 44 0 8 -0.264395
37 42 0 8 -0.265733
1 60 0 8 -0.265856
17 66 0 8 -0.265931
15 40 0 8 -0.266732
10 17 0 8 -0.267792
16 46 0 8 -0.269252
18 25 0 8 -0.270736
3 40 0 8 -0.271013
2 58 0 8 -0.277693
40 47 0 8 -0.277798
29 46 0 8 -0.280244
3 23 0 8 -0.280539
34 58 0 8 -0.281249
52 62 0 8 -0.282094
2 33 0 8 -0.282655
1 66 0 8 -0.284180
17 47 0 8 -0.285416
31 58 0 8 -0.285645
29 44 0 8 -0.285797
24 39 0 8 -0.285829
21 66 0 8 -0.288495
5 66 0 8 -0.290334
42 48 0 8 -0.293177
19 38 0 8 -0.293438
43 62 0 8 -0.294749
12 52 0 8 -0.295348
11 56 0 8 -0.296958
32 45 0 8 -0.298814
22 29 0 8 -0.299496
12 33 0 8 -0.300561
1 40 0 8 -0.301377
7 57 0 8 -0.303367
25 47 0 8 -0.303917
14 30 0 8 -0.304477
1 19 0 8 -0.306339
7 49 0 8 -0.306348
16 37 0 8 -0.307031
8 40 0 8 -0.307686
39 46 0 8 -0.310003
13 23 0 8 -0.311662
48 56 0 8 -0.314104
6 27 0 8 -0.314138
23 38 0 8 -0.314158
4 38 0 8 -0.314747
29 56 0 8 -0.314817
53 64 0 8 -0.317092
42 50 0 8 -0.320859
5 30 0 8 -0.321222
41 56 0 8 -0.321289
5 21 0 8 -0.321634
9 32 0 8 -0.322198
6 50 0 8 -0.322380
4 21 0 8 -0.324250
56 66 0 8 -0.324867
3 43 0 8 -0.325091
14 29 0 8 -0.329693
4 22 0 8 -0.333525
24 32 0 8 -0.334336
2 41 0 8 -0.335998
11 16 0 8 -0.336281
15 26 0 8 -0.336869
41 60 0 8 -0.337619
1 48 0 8 -0.338629
17 37 0 8 -0.339321
22 35 0 8 -0.340291
2 64 0 8 -0.341573
10 32 0 8 -0.343583
22 49 0 8 -0.348814
22 64 0 8 -0.351191
25 39 0 8 -0.352051
40 66 0 8 -0.352194
36 66 0 8 -0.352966
44 53 0 8 -0.356854
40 53 0 8 -0.357031
42 61 0 8 -0.357116
45 53 0 8 -0.358389
5 57 0 8 -0.358937
21 48 0 8 -0.359026
11 17 0 8 -0.359339
33 45 0 8 -0.359351
15 36 0 8 -0.359406
17 51 0 8 -0.359522
19 27 0 8 -0.360376
6 32 0 8 -0.362769
14 21 0 8 -0.363432
57 62 0 8 -0.363499
28 44 0 8 -0.363775
37 51 0 8 -0.365381
24 56 0 8 -0.365531
2 24 0 8 -0.366445
19 56 0 8 -0.366477
38 58 0 8 -0.367018
4 25 0 8 -0.368019
27 45 0 8 -0.368087
9 47 0 8 -0.369087
8 19 0 8 -0.369588
4 27 0 8 -0.370432
9 58 0 8 -0.371684
23 61 0 8 -0.372863
5 16 0 8 -0.373331
10 23 0 8 -0.373500
7 20 0 8 -0.374103
19 60 0 8 -0.374212
16 31 0 8 -0.375176
12 27 0 8 -0.376735
17 41 0 8 -0.377642
10 41 0 8 -0.379863
9 63 0 8 -0.380042
4 62 0 8 -0.381439
16 51 0 8 -0.382746
4 26 0 8 -0.384985
7 27 0 8 -0.385477
3 16 0 8 -0.385710
34 42 0 8 -0.385881
55 61 0 8 -0.388403
16 54 0 8 -0.388606
1 32 0 8 -0.390799
4 29 0 8 -0.392518
35 47 0 8 -0.392856
13 34 0 8 -0.393313
3 36 0 8 -0.394175
21 50 0 8 -0.394935
2 16 0 8 -0.400226
29 60 0 8 -0.402419
7 66 0 8 -0.402459
16 43 0 8 -0.403439
35 40 0 8 -0.403871
1 35 0 8 -0.404071
5 45 0 8 -0.406216
31 60 0 8 -0.408686
32 50 0 8 -0.410581
4 31 0 8 -0.411212
26 49 0 8 -0.411956
50 55 0 8 -0.412120
11 62 0 8 -0.413366
3 26 0 8 -0.414849
21 47 0 8 -0.415928
16 40 0 8 -0.415981
4 32 0 8 -0.418686
6 57 0 8 -0.419158
45 56 0 8 -0.420545
40 63 0 8 -0.426232
52 60 0 8 -0.426467
5 24 0 8 -0.427048
16 65 0 8 -0.427426
1 44 0 8 -0.427779
38 50 0 8 -0.428673
14 48 0 8 -0.429096
39 57 0 8 -0.429337
20 38 0 8 -0.435129
5 14 0 8 -0.436367
3 32 0 8 -0.436721
12 17 0 8 -0.445462
52 64 0 8 -0.447936
6 49 0 8 -0.448005
16 53 0 8 -0.449490
60 66 0 8 -0.451451
17 43 0 8 -0.453579
25 64 0 8 -0.454233
53 60 0 8 -0.455164
27 58 0 8 -0.457456
14 63 0 8 -0.458070
15 35 0 8 -0.458420
20 58 0 8 -0.459091
57 66 0 8 -0.460934
5 58 0 8 -0.461158
6 58 0 8 -0.463455
28 66 0 8 -0.464843
22 47 0 8 -0.465327
23 44 0 8 -0.465865
7 18 0 8 -0.466390
2 9 0 8 -0.466657
14 40 0 8 -0.467163
2 57 0 8 -0.472147
3 12 0 8 -0.473219
16 48 0 8 -0.474319
2 37 0 8 -0.475547
4 45 0 8 -0.476186
5 49 0 8 -0.478002
8 20 0 8 -0.481517
18 24 0 8 -0.481533
28 34 0 8 -0.482450
18 38 0 8 -0.485729
2 32 0 8 -0.486621
14 38 0 8 -0.489242
1 57 0 8 -0.491596
26 43 0 8 -0.492995
38 49 0 8 -0.496202
16 58 0 8 -0.498104
16 24 0 8 -0.500198
14 45 0 8 -0.500358
16 36 0 8 -0.500556
16 55 0 8 -0.503359
45 64 0 8 -0.505574
16 32 0 8 -0.505779
11 63 0 8 -0.505829
44 58 0 8 -0.506966
4 59 0 8 -0.507680
5 17 0 8 -0.507879
27 57 0 8 -0.510192
23 57 0 8 -0.510374
1 27 0 8 -0.510664
37 65 0 8 -0.510855
20 56 0 8 -0.511099
31 63 0 8 -0.512757
24 60 0 8 -0.512774
16 64 0 8 -0.514625
13 60 0 8 -0.515445
17 23 0 8 -0.515988
5 12 0 8 -0.518708
16 45 0 8 -0.521956
16 50 0 8 -0.522235
45 52 0 8 -0.524655
26 31 0 8 -0.524923
4 56 0 8 -0.525348
11 33 0 8 -0.525697
16 39 0 8 -0.527433
17 53 0 8 -0.531287
35 54 0 8 -0.532295
39 53 0 8 -0.532699
31 53 0 8 -0.535100
57 64 0 8 -0.537273
26 37 0 8 -0.537554
17 30 0 8 -0.537802
14 59 0 8 -0.539542
34 43 0 8 -0.540968
25 50 0 8 -0.541904
18 57 0 8 -0.541905
24 66 0 8 -0.544985
17 50 0 8 -0.545454
4 54 0 8 -0.545992
23 49 0 8 -0.546064
4 40 0 8 -0.546368
18 56 0 8 -0.547771
30 36 0 8 -0.548541
21 49 0 8 -0.548749
22 34 0 8 -0.550283
16 62 0 8 -0.550347
14 23 0 8 -0.550499
16 42 0 8 -0.552887
15 47 0 8 -0.553706
48 58 0 8 -0.553799
13 47 0 8 -0.553882
37 58 0 8 -0.553986
11 25 0 8 -0.555469
4 34 0 8 -0.556090
37 66 0 8 -0.558649
32 56 0 8 -0.559144
29 59 0 8 -0.563676
9 36 0 8 -0.565355
43 49 0 8 -0.566426
1 56 0 8 -0.566774
48 60 0 8 -0.567364
12 34 0 8 -0.567481
13 25 0 8 -0.568622
4 42 0 8 -0.569213
21 58 0 8 -0.570180
29 47 0 8 -0.571808
4 41 0 8 -0.571862
5 60 0 8 -0.572441
14 32 0 8 -0.572551
22 61 0 8 -0.579267
28 48 0 8 -0.579515
43 55 0 8 -0.580806
48 57 0 8 -0.582035
31 41 0 8 -0.583029
48 55 0 8 -0.584330
17 39 0 8 -0.584505
3 13 0 8 -0.585549
10 60 0 8 -0.586167
17 63 0 8 -0.587105
19 57 0 8 -0.587696
1 53 0 8 -0.588802
7 51 0 8 -0.590970
3 49 0 8 -0.591383
17 46 0 8 -0.591480
23 30 0 8 -0.591921
17 32 0 8 -0.592152
26 38 0 8 -0.592414
16 35 0 8 -0.592887
32 37 0 8 -0.594395
30 57 0 8 -0.596232
7 62 0 8 -0.596492
18 37 0 8 -0.597345
37 47 0 8 -0.598963
27 33 0 8 -0.599291
1 61 0 8 -0.601115
49 63 0 8 -0.603524
13 46 0 8 -0.603777
1 47 0 8 -0.605756
24 33 0 8 -0.606035
16 61 0 8 -0.606127
20 31 0 8 -0.606492
49 65 0 8 -0.609723
17 48 0 8 -0.611609
52 57 0 8 -0.612008
19 41 0 8 -0.612242
39 47 0 8 -0.613745
24 57 0 8 -0.615103
14 55 0 8 -0.618904
27 37 0 8 -0.620687
14 54 0 8 -0.621668
34 47 0 8 -0.622296
27 60 0 8 -0.624148
17 36 0 8 -0.625053
2 39 0 8 -0.625727
41 57 0 8 -0.625761
19 49 0 8 -0.627388
46 58 0 8 -0.627837
14 58 0 8 -0.628313
20 45 0 8 -0.628474
29 66 0 8 -0.629454
5 62 0 8 -0.629485
12 20 0 8 -0.630426
9 50 0 8 -0.631033
53 61 0 8 -0.631213
10 24 0 8 -0.632261
29 58 0 8 -0.633041
15 45 0 8 -0.634264
4 51 0 8 -0.634987
6 60 0 8 -0.635103
49 59 0 8 -0.636701
16 38 0 8 -0.641706
30 37 0 8 -0.642194
19 52 0 8 -0.644797
4 36 0 8 -0.646634
24 34 0 8 -0.646661
17 54 0 8 -0.647009
13 66 0 8 -0.649270
22 66 0 8 -0.649319
12 65 0 8 -0.650145
2 36 0 8 -0.650945
25 63 0 8 -0.651281
6 19 0 8 -0.652126
4 58 0 8 -0.654232
25 57 0 8 -0.655610
21 55 0 8 -0.655734
4 64 0 8 -0.656244
11 35 0 8 -0.656741
4 24 0 8 -0.656982
12 62 0 8 -0.661590
44 49 0 8 -0.666790
15 62 0 8 -0.667210
7 47 0 8 -0.667693
17 65 0 8 -0.668724
2 17 0 8 -0.669261
21 60 0 8 -0.671283
16 59 0 8 -0.672750
50 60 0 8 -0.672807
44 54 0 8 -0.674103
1 63 0 8 -0.674307
16 34 0 8 -0.677154
15 29 0 8 -0.678356
42 64 0 8 -0.678525
48 63 0 8 -0.679765
13 50 0 8 -0.682464
4 50 0 8 -0.683993
2 60 0 8 -0.687691
44 52 0 8 -0.688794
12 39 0 8 -0.689681
37 63 0 8 -0.689806
3 55 0 8 -0.691417
21 43 0 8 -0.691755
22 54 0 8 -0.691922
7 23 0 8 -0.701209
17 55 0 8 -0.701456
24 54 0 8 -0.703821
1 52 0 8 -0.704877
37 57 0 8 -0.705333
27 66 0 8 -0.705793
28 40 0 8 -0.708890
3 27 0 8 -0.709646
25 61 0 8 -0.711878
15 34 0 8 -0.712285
31 49 0 8 -0.712727
37 60 0 8 -0.715586
29 37 0 8 -0.716160
14 41 0 8 -0.716182
45 51 0 8 -0.716710
3 14 0 8 -0.719184
22 55 0 8 -0.720062
54 60 0 8 -0.720185
42 54 0 8 -0.720332
13 36 0 8 -0.722647
17 31 0 8 -0.723167
38 65 0 8 -0.724267
19 31 0 8 -0.724717
35 50 0 8 -0.725740
1 30 0 8 -0.725793
15 60 0 8 -0.726912
1 54 0 8 -0.727719
21 44 0 8 -0.729302
37 49 0 8 -0.729968
4 30 0 8 -0.731087
9 45 0 8 -0.731140
3 56 0 8 -0.732426
50 57 0 8 -0.733367
33 51 0 8 -0.734754
6 53 0 8 -0.735174
47 56 0 8 -0.735750
13 28 0 8 -0.736739
36 62 0 8 -0.737563
14 46 0 8 -0.740446
4 20 0 8 -0.742936
22 32 0 8 -0.745074
1 58 0 8 -0.745141
23 62 0 8 -0.746736
5 47 0 8 -0.749780
20 65 0 8 -0.750979
5 37 0 8 -0.753966
18 66 0 8 -0.753984
2 52 0 8 -0.754461
7 44 0 8 -0.756271
28 60 0 8 -0.757967
13 29 0 8 -0.758879
8 53 0 8 -0.759530
25 66 0 8 -0.759969
31 66 0 8 -0.763368
46 60 0 8 -0.765139
2 14 0 8 -0.766185
18 26 0 8 -0.774123
14 53 0 8 -0.775849
4 33 0 8 -0.777734
18 34 0 8 -0.778461
14 42 0 8 -0.778618
4 35 0 8 -0.778724
1 22 0 8 -0.780264
10 21 0 8 -0.781054
13 62 0 8 -0.781232
15 58 0 8 -0.781362
23 29 0 8 -0.781551
35 61 0 8 -0.782325
7 46 0 8 -0.784447
15 51 0 8 -0.786154
2 11 0 8 -0.788968
13 53 0 8 -0.789001
17 28 0 8 -0.790745
37 53 0 8 -0.792939
17 52 0 8 -0.796943
21 57 0 8 -0.797495
33 65 0 8 -0.799109
10 57 0 8 -0.800360
57 65 0 8 -0.800774
51 59 0 8 -0.801832
17 58 0 8 -0.802106
16 30 0 8 -0.802190
10 40 0 8 -0.803153
33 53 0 8 -0.803170
11 31 0 8 -0.804649
22 60 0 8 -0.805186
1 15 0 8 -0.805785
17 64 0 8 -0.806256
39 49 0 8 -0.806677
3 52 0 8 -0.807033
9 65 0 8 -0.807332
22 57 0 8 -0.807562
5 31 0 8 -0.808306
6 61 0 8 -0.810657
24 64 0 8 -0.814513
15 44 0 8 -0.814750
31 54 0 8 -0.816005
14 52 0 8 -0.816006
21 31 0 8 -0.816263
11 22 0 8 -0.817057
12 29 0 8 -0.817398
17 35 0 8 -0.817845
28 62 0 8 -0.818195
14 65 0 8 -0.818255
8 50 0 8 -0.819268
34 56 0 8 -0.820045
23 35 0 8 -0.820320
17 24 0 8 -0.825130
36 45 0 8 -0.827593
50 59 0 8 -0.829769
49 58 0 8 -0.834027
47 65 0 8 -0.835222
22 46 0 8 -0.837047
28 51 0 8 -0.837703
25 41 0 8 -0.838195
34 40 0 8 -0.838284
29 43 0 8 -0.838904
22 38 0 8 -0.839022
1 21 0 8 -0.839710
20 52 0 8 -0.839747
7 60 0 8 -0.841560
48 54 0 8 -0.842930
27 44 0 8 -0.844333
3 39 0 8 -0.845629
32 51 0 8 -0.850060
6 54 0 8 -0.851295
42 51 0 8 -0.852744
36 57 0 8 -0.855194
24 40 0 8 -0.855228
40 62 0 8 -0.856629
30 53 0 8 -0.857049
22 41 0 8 -0.857604
38 45 0 8 -0.858190
5 38 0 8 -0.860485
14 36 0 8 -0.861045
9 56 0 8 -0.862746
9 44 0 8 -0.863810
27 38 0 8 -0.865514
53 63 0 8 -0.865940
32 40 0 8 -0.867491
7 42 0 8 -0.870704
6 51 0 8 -0.873592
24 47 0 8 -0.876337
33 57 0 8 -0.877100
22 48 0 8 -0.879290
8 21 0 8 -0.879583
20 48 0 8 -0.880652
7 12 0 8 -0.881737
1 10 0 8 -0.883145
36 58 0 8 -0.883388
14 35 0 8 -0.885398
37 52 0 8 -0.886724
20 37 0 8 -0.888347
35 60 0 8 -0.888699
31 44 0 8 -0.890721
8 30 0 8 -0.892677
11 18 0 8 -0.893674
31 37 0 8 -0.894333
1 11 0 8 -0.899552
10 19 0 8 -0.901698
3 28 0 8 -0.901866
13 22 0 8 -0.902784
15 54 0 8 -0.904634
13 49 0 8 -0.906938
20 53 0 8 -0.907177
1 41 0 8 -0.908126
8 56 0 8 -0.908611
19 47 0 8 -0.909880
11 57 0 8 -0.913323
37 45 0 8 -0.914083
44 65 0 8 -0.916448
6 35 0 8 -0.918101
17 62 0 8 -0.920294
3 51 0 8 -0.924049
12 37 0 8 -0.925009
15 28 0 8 -0.925071
12 35 0 8 -0.925532
7 56 0 8 -0.925962
54 65 0 8 -0.928137
31 48 0 8 -0.929831
21 32 0 8 -0.930387
32 39 0 8 -0.930758
25 58 0 8 -0.931218
11 47 0 8 -0.931978
6 23 0 8 -0.932163
11 60 0 8 -0.932850
19 54 0 8 -0.937608
3 24 0 8 -0.938408
30 65 0 8 -0.939520
2 47 0 8 -0.939945
42 57 0 8 -0.943096
12 36 0 8 -0.943190
61 66 0 8 -0.943400
19 34 0 8 -0.946380
39 58 0 8 -0.950040
22 42 0 8 -0.953583
7 55 0 8 -0.954599
28 46 0 8 -0.955244
27 65 0 8 -0.956664
3 60 0 8 -0.960323
1 39 0 8 -0.961272
5 50 0 8 -0.966296
28 43 0 8 -0.966817
42 60 0 8 -0.966830
12 38 0 8 -0.967969
26 42 0 8 -0.968917
55 64 0 8 -0.970448
30 44 0 8 -0.970733
11 61 0 8 -0.973671
2 35 0 8 -0.974976
11 54 0 8 -0.975781
18 48 0 8 -0.980316
47 64 0 8 -0.980806
18 59 0 8 -0.981703
35 45 0 8 -0.982120
43 66 0 8 -0.984240
24 49 0 8 -0.985461
38 60 0 8 -0.987359
37 56 0 8 -0.988246
24 65 0 8 -0.988932
45 58 0 8 -0.991494
21 30 0 8 -0.993126
13 21 0 8 -0.994718
2 19 0 8 -0.995314
7 24 0 8 -0.996678
6 64 0 8 -1.000997
44 63 0 8 -1.004893
41 50 0 8 -1.005478
21 64 0 8 -1.009061
3 47 0 8 -1.012599
12 60 0 8 -1.015959
2 13 0 8 -1.018380
23 41 0 8 -1.020410
49 64 0 8 -1.021328
28 38 0 8 -1.022034
8 62 0 8 -1.024873
15 23 0 8 -1.025585
11 65 0 8 -1.027072
7 64 0 8 -1.028991
17 34 0 8 -1.031790
22 45 0 8 -1.032486
10 46 0 8 -1.034499
32 64 0 8 -1.036571
36 49 0 8 -1.037410
47 52 0 8 -1.037584
26 61 0 8 -1.039481
8 61 0 8 -1.040966
40 65 0 8 -1.042553
2 15 0 8 -1.043175
12 44 0 8 -1.046210
54 64 0 8 -1.046474
43 51 0 8 -1.048049
2 25 0 8 -1.048574
34 51 0 8 -1.051410
35 49 0 8 -1.051749
12 21 0 8 -1.052079
12 48 0 8 -1.053089
18 63 0 8 -1.055228
6 65 0 8 -1.055623
9 57 0 8 -1.059083
42 53 0 8 -1.062352
3 53 0 8 -1.062460
26 47 0 8 -1.062985
9 22 0 8 -1.063610
37 48 0 8 -1.064474
38 57 0 8 -1.064930
19 59 0 8 -1.066544
26 33 0 8 -1.066917
47 62 0 8 -1.069273
10 62 0 8 -1.070727
17 38 0 8 -1.073066
14 34 0 8 -1.073662
40 60 0 8 -1.074777
6 24 0 8 -1.075165
15 25 0 8 -1.079869
9 20 0 8 -1.089243
41 62 0 8 -1.090623
7 50 0 8 -1.090722
10 39 0 8 -1.095417
23 32 0 8 -1.097309
3 9 0 8 -1.097570
5 40 0 8 -1.099073
36 44 0 8 -1.099970
27 40 0 8 -1.101579
3 54 0 8 -1.103720
26 57 0 8 -1.105026
7 45 0 8 -1.106219
9 49 0 8 -1.106662
40 49 0 8 -1.116775
29 65 0 8 -1.118748
35 57 0 8 -1.119933
2 54 0 8 -1.121620
32 48 0 8 -1.121895
10 36 0 8 -1.128324
56 64 0 8 -1.130191
5 59 0 8 -1.131291
29 54 0 8 -1.131494
43 57 0 8 -1.133799
9 60 0 8 -1.134167
19 37 0 8 -1.135143
26 48 0 8 -1.137847
9 46 0 8 -1.143187
34 60 0 8 -1.143399
31 56 0 8 -1.143570
23 50 0 8 -1.154412
25 33 0 8 -1.154933
1 51 0 8 -1.156974
51 66 0 8 -1.157265
18 64 0 8 -1.159616
25 49 0 8 -1.167108
26 65 0 8 -1.167813
6 55 0 8 -1.169504
30 66 0 8 -1.171292
21 51 0 8 -1.179173
5 51 0 8 -1.179808
10 66 0 8 -1.181771
18 58 0 8 -1.182091
20 50 0 8 -1.182785
12 26 0 8 -1.182927
24 50 0 8 -1.183089
3 10 0 8 -1.184100
27 43 0 8 -1.188988
44 62 0 8 -1.194625
31 47 0 8 -1.194899
39 61 0 8 -1.195222
19 35 0 8 -1.196798
23 42 0 8 -1.198422
45 60 0 8 -1.199964
5 25 0 8 -1.203140
6 21 0 8 -1.208483
23 37 0 8 -1.208588
2 28 0 8 -1.211153
29 39 0 8 -1.214229
45 54 0 8 -1.215290
7 35 0 8 -1.220278
39 63 0 8 -1.222798
54 63 0 8 -1.223269
6 46 0 8 -1.224793
9 25 0 8 -1.226610
26 63 0 8 -1.230885
3 59 0 8 -1.231911
30 62 0 8 -1.232230
11 20 0 8 -1.240106
10 26 0 8 -1.243007
18 36 0 8 -1.247739
7 63 0 8 -1.247810
6 22 0 8 -1.249022
45 57 0 8 -1.249742
37 62 0 8 -1.250093
58 65 0 8 -1.255542
8 32 0 8 -1.256039
8 29 0 8 -1.256309
36 52 0 8 -1.256740
20 60 0 8 -1.259087
8 39 0 8 -1.260061
9 55 0 8 -1.264219
27 64 0 8 -1.264714
9 18 0 8 -1.265163
18 54 0 8 -1.265875
25 46 0 8 -1.265980
32 43 0 8 -1.266415
3 18 0 8 -1.267685
18 30 0 8 -1.270067
39 51 0 8 -1.270153
46 65 0 8 -1.270264
6 34 0 8 -1.271275
13 55 0 8 -1.272446
13 26 0 8 -1.273498
56 63 0 8 -1.274774
1 9 0 8 -1.275762
9 35 0 8 -1.278675
21 28 0 8 -1.279794
47 61 0 8 -1.282515
29 40 0 8 -1.284376
3 45 0 8 -1.287404
54 62 0 8 -1.290542
29 49 0 8 -1.290810
3 65 0 8 -1.290935
11 41 0 8 -1.291966
6 29 0 8 -1.293423
25 56 0 8 -1.294216
7 54 0 8 -1.295934
23 65 0 8 -1.298108
43 60 0 8 -1.301318
50 58 0 8 -1.304792
40 50 0 8 -1.307548
35 46 0 8 -1.314647
39 45 0 8 -1.315351
9 23 0 8 -1.319697
1 8 0 8 -1.320148
11 64 0 8 -1.320410
15 52 0 8 -1.321075
2 31 0 8 -1.322791
41 46 0 8 -1.327875
1 28 0 8 -1.330307
40 58 0 8 -1.330307
45 55 0 8 -1.332488
13 65 0 8 -1.334946
1 33 0 8 -1.335247
13 30 0 8 -1.336271
33 44 0 8 -1.338067
49 61 0 8 -1.339230
10 55 0 8 -1.340576
19 40 0 8 -1.341766
12 25 0 8 -1.343950
25 35 0 8 -1.347294
38 56 0 8 -1.349237
9 31 0 8 -1.350296
25 65 0 8 -1.353141
6 48 0 8 -1.355926
9 54 0 8 -1.358312
10 47 0 8 -1.358769
38 51 0 8 -1.358909
2 56 0 8 -1.363113
52 63 0 8 -1.366819
22 43 0 8 -1.370131
38 44 0 8 -1.370248
23 34 0 8 -1.376340
33 59 0 8 -1.387769
2 8 0 8 -1.393730
29 48 0 8 -1.394406
26 39 0 8 -1.396790
23 56 0 8 -1.397701
22 33 0 8 -1.404342
30 55 0 8 -1.407336
36 59 0 8 -1.414139
5 55 0 8 -1.414741
13 45 0 8 -1.425241
21 41 0 8 -1.432980
8 58 0 8 -1.433269
43 61 0 8 -1.436301
10 52 0 8 -1.436680
24 52 0 8 -1.441797
5 36 0 8 -1.442353
15 27 0 8 -1.443199
15 63 0 8 -1.445991
11 45 0 8 -1.447402
13 48 0 8 -1.448695
3 30 0 8 -1.449411
50 63 0 8 -1.449613
15 49 0 8 -1.451474
33 66 0 8 -1.452644
40 52 0 8 -1.453533
33 62 0 8 -1.453708
42 62 0 8 -1.455646
20 57 0 8 -1.457340
35 55 0 8 -1.458448
24 29 0 8 -1.459031
32 60 0 8 -1.459737
5 18 0 8 -1.465435
20 41 0 8 -1.465636
40 61 0 8 -1.466091
3 41 0 8 -1.472990
37 50 0 8 -1.473840
37 61 0 8 -1.481552
22 59 0 8 -1.488636
32 53 0 8 -1.492635
22 28 0 8 -1.497428
59 64 0 8 -1.499584
39 52 0 8 -1.499697
6 63 0 8 -1.503312
10 58 0 8 -1.503532
8 22 0 8 -1.504295
20 30 0 8 -1.505987
32 57 0 8 -1.506268
8 47 0 8 -1.520406
7 40 0 8 -1.525023
25 51 0 8 -1.528694
41 64 0 8 -1.531310
9 64 0 8 -1.534681
20 63 0 8 -1.537683
7 38 0 8 -1.537909
3 8 0 8 -1.539702
19 63 0 8 -1.541498
38 46 0 8 -1.542629
46 63 0 8 -1.546737
12 51 0 8 -1.549580
39 50 0 8 -1.557122
19 55 0 8 -1.559538
7 65 0 8 -1.561418
18 45 0 8 -1.562561
13 63 0 8 -1.562763
8 64 0 8 -1.567462
29 64 0 8 -1.570777
13 52 0 8 -1.573793
31 51 0 8 -1.574268
36 51 0 8 -1.575920
25 30 0 8 -1.583001
15 48 0 8 -1.583557
22 56 0 8 -1.587757
23 28 0 8 -1.592270
31 36 0 8 -1.592911
21 35 0 8 -1.593237
37 55 0 8 -1.602190
20 62 0 8 -1.602678
3 31 0 8 -1.603445
12 28 0 8 -1.605785
11 29 0 8 -1.606418
8 65 0 8 -1.610594
23 54 0 8 -1.614081
9 52 0 8 -1.615651
28 55 0 8 -1.616515
6 62 0 8 -1.617544
43 64 0 8 -1.618971
35 53 0 8 -1.620672
21 45 0 8 -1.621093
21 52 0 8 -1.621822
12 56 0 8 -1.632378
21 63 0 8 -1.638119
10 25 0 8 -1.639053
41 61 0 8 -1.641676
31 65 0 8 -1.645036
6 12 0 8 -1.648525
29 42 0 8 -1.654180
29 35 0 8 -1.666311
9 61 0 8 -1.669796
34 57 0 8 -1.671117
41 55 0 8 -1.673579
26 34 0 8 -1.674145
24 63 0 8 -1.677292
20 66 0 8 -1.681738
32 38 0 8 -1.687726
15 59 0 8 -1.692472
8 49 0 8 -1.701291
34 52 0 8 -1.707160
28 35 0 8 -1.713095
19 28 0 8 -1.715463
11 50 0 8 -1.729057
25 62 0 8 -1.730465
21 56 0 8 -1.739522
11 58 0 8 -1.741752
43 63 0 8 -1.743016
8 46 0 8 -1.743235
59 65 0 8 -1.751248
33 46 0 8 -1.754754
2 26 0 8 -1.755196
6 56 0 8 -1.756412
19 62 0 8 -1.760491
10 64 0 8 -1.763147
43 58 0 8 -1.763233
26 54 0 8 -1.768780
28 61 0 8 -1.771404
27 53 0 8 -1.775274
22 52 0 8 -1.779434
19 32 0 8 -1.782249
29 45 0 8 -1.783160
18 35 0 8 -1.786379
27 46 0 8 -1.790794
13 58 0 8 -1.793966
7 33 0 8 -1.810495
21 54 0 8 -1.813502
34 63 0 8 -1.816596
9 53 0 8 -1.819825
13 64 0 8 -1.819874
27 52 0 8 -1.825466
8 26 0 8 -1.825907
27 61 0 8 -1.829230
41 63 0 8 -1.832004
12 47 0 8 -1.844631
28 42 0 8 -1.854938
35 62 0 8 -1.858882
13 61 0 8 -1.868404
25 53 0 8 -1.871516
33 50 0 8 -1.874667
28 50 0 8 -1.879546
32 46 0 8 -1.886798
8 35 0 8 -1.897781
10 38 0 8 -1.906796
38 48 0 8 -1.906980
5 63 0 8 -1.911465
30 60 0 8 -1.914316
12 30 0 8 -1.917489
48 59 0 8 -1.921597
5 39 0 8 -1.925702
7 41 0 8 -1.934616
13 54 0 8 -1.943398
23 33 0 8 -1.945916
28 54 0 8 -1.949274
7 39 0 8 -1.949863
6 26 0 8 -1.955572
25 38 0 8 -1.977146
12 31 0 8 -1.986274
28 36 0 8 -1.990787
13 39 0 8 -1.991813
20 40 0 8 -2.000800
20 39 0 8 -2.001456
6 31 0 8 -2.011791
32 58 0 8 -2.015083
19 61 0 8 -2.024082
34 53 0 8 -2.026469
8 24 0 8 -2.030908
24 38 0 8 -2.035796
24 61 0 8 -2.041056
34 59 0 8 -2.042283
33 48 0 8 -2.053272
27 55 0 8 -2.055903
31 64 0 8 -2.056360
9 26 0 8 -2.063067
15 64 0 8 -2.065923
41 52 0 8 -2.066225
38 62 0 8 -2.088588
8 63 0 8 -2.090885
42 63 0 8 -2.097400
45 62 0 8 -2.109395
2 59 0 8 -2.109613
22 62 0 8 -2.119508
10 30 0 8 -2.138609
9 48 0 8 -2.143413
9 42 0 8 -2.144450
5 41 0 8 -2.163710
9 62 0 8 -2.171237
30 51 0 8 -2.175653
10 50 0 8 -2.189332
10 65 0 8 -2.207084
22 51 0 8 -2.215074
22 30 0 8 -2.216668
2 27 0 8 -2.218231
20 43 0 8 -2.221967
30 61 0 8 -2.256360
11 51 0 8 -2.266193
28 52 0 8 -2.282424
36 50 0 8 -2.302555
30 43 0 8 -2.324608
36 43 0 8 -2.343209
8 36 0 8 -2.357409
26 41 0 8 -2.358872
41 53 0 8 -2.365060
55 62 0 8 -2.369244
38 53 0 8 -2.370780
20 64 0 8 -2.382863
33 43 0 8 -2.403785
13 20 0 8 -2.404016
30 49 0 8 -2.405032
24 41 0 8 -2.441905
27 63 0 8 -2.453879
8 27 0 8 -2.457580
20 27 0 8 -2.464363
27 50 0 8 -2.468788
28 59 0 8 -2.469744
9 59 0 8 -2.471831
30 46 0 8 -2.486367
21 38 0 8 -2.487727
20 33 0 8 -2.494379
10 59 0 8 -2.495061
45 50 0 8 -2.507999
20 46 0 8 -2.511386
22 39 0 8 -2.529783
33 58 0 8 -2.535905
3 61 0 8 -2.565469
28 58 0 8 -2.577075
8 38 0 8 -2.585477
20 34 0 8 -2.596186
21 33 0 8 -2.596789
30 50 0 8 -2.609171
11 32 0 8 -2.645315
20 54 0 8 -2.651603
20 36 0 8 -2.653883
3 33 0 8 -2.661292
22 27 0 8 -2.670193
26 45 0 8 -2.671538
42 56 0 8 -2.688958
7 30 0 8 -2.702006
40 59 0 8 -2.709690
11 49 0 8 -2.718376
5 20 0 8 -2.726113
35 41 0 8 -2.727425
33 61 0 8 -2.788975
8 34 0 8 -2.825823
33 42 0 8 -2.862101
27 59 0 8 -2.872993
11 27 0 8 -2.885185
39 59 0 8 -2.896802
20 55 0 8 -2.899361
24 45 0 8 -2.900096
28 56 0 8 -2.903290
27 42 0 8 -2.962442
8 48 0 8 -2.962760
33 56 0 8 -2.989049
12 50 0 8 -3.034043
36 61 0 8 -3.150559
28 64 0 8 -3.216236
20 32 0 8 -3.251864
20 61 0 8 -3.276581
5 33 0 8 -3.309910
11 28 0 8 -3.377660
30 52 0 8 -3.763601
11 34 0 8 -4.121350
