18 39 0 8 16.616863
11 65 0 8 15.091585
9 67 0 8 10.795480
56 66 0 8 9.974483
7 43 0 8 8.710574
18 37 0 8 8.693772
28 58 0 8 8.614378
6 52 0 8 8.591719
24 62 0 8 8.535463
5 45 0 8 7.886765
11 42 0 8 6.804273
13 20 0 8 6.592061
12 18 0 8 6.571253
60 65 0 8 6.560162
59 65 0 8 6.529898
15 38 0 8 6.319276
12 37 0 8 6.060421
25 55 0 8 6.000580
24 58 0 8 5.666238
6 48 0 8 5.461110
12 21 0 8 5.035323
25 44 0 8 5.004729
8 56 0 8 4.999421
33 47 0 8 4.893402
21 62 0 8 4.828641
27 61 0 8 4.714067
9 66 0 8 4.691831
26 34 0 8 4.612237
16 62 0 8 4.462457
6 46 0 8 4.374890
15 22 0 8 4.349590
11 67 0 8 4.292185
13 44 0 8 4.220783
28 50 0 8 4.194540
24 61 0 8 4.048015
12 39 0 8 4.024585
20 64 0 8 3.991312
8 66 0 8 3.960481
31 50 0 8 3.926464
22 36 0 8 3.918836
10 44 0 8 3.896427
46 55 0 8 3.702240
22 35 0 8 3.690515
20 62 0 8 3.620348
50 58 0 8 3.610350
21 59 0 8 3.495144
12 64 0 8 3.483157
37 42 0 8 3.447434
13 39 0 8 3.359262
25 35 0 8 3.275326
28 55 0 8 3.203230
38 43 0 8 3.168058
8 44 0 8 3.148240
32 55 0 8 3.091413
29 49 0 8 3.020599
8 59 0 8 3.007279
52 66 0 8 2.992938
23 61 0 8 2.973566
12 20 0 8 2.911371
26 35 0 8 2.907381
13 18 0 8 2.864505
22 37 0 8 2.850329
15 40 0 8 2.814947
48 55 0 8 2.812661
34 45 0 8 2.796949
8 52 0 8 2.788779
26 33 0 8 2.758583
46 52 0 8 2.750970
16 23 0 8 2.743516
24 64 0 8 2.659261
6 49 0 8 2.658545
10 35 0 8 2.656991
49 54 0 8 2.636814
26 31 0 8 2.612778
59 66 0 8 2.597274
34 47 0 8 2.543487
12 63 0 8 2.525189
21 58 0 8 2.506393
13 37 0 8 2.490546
5 47 0 8 2.456805
56 65 0 8 2.445379
15 39 0 8 2.416674
50 55 0 8 2.352963
12 19 0 8 2.330853
28 54 0 8 2.298011
31 39 0 8 2.264629
16 64 0 8 2.256235
37 44 0 8 2.206631
15 36 0 8 2.191444
12 42 0 8 2.190096
25 42 0 8 2.112174
60 66 0 8 2.035783
51 56 0 8 2.025255
33 45 0 8 2.022946
56 67 0 8 2.004283
46 51 0 8 1.990921
31 37 0 8 1.985298
18 36 0 8 1.977202
7 41 0 8 1.975528
9 42 0 8 1.946698
36 43 0 8 1.929422
21 65 0 8 1.861914
56 68 0 8 1.835516
45 54 0 8 1.777130
9 53 0 8 1.737869
26 37 0 8 1.688856
19 53 0 8 1.681171
10 23 0 8 1.643565
29 57 0 8 1.625935
7 29 0 8 1.620041
25 33 0 8 1.607183
22 31 0 8 1.594348
16 39 0 8 1.581942
13 64 0 8 1.580461
34 53 0 8 1.568836
34 41 0 8 1.566312
32 50 0 8 1.553678
22 38 0 8 1.548086
29 48 0 8 1.526541
21 28 0 8 1.508488
12 40 0 8 1.500987
13 27 0 8 1.475228
16 21 0 8 1.459832
38 48 0 8 1.444439
10 67 0 8 1.441268
17 22 0 8 1.437910
5 43 0 8 1.414154
6 55 0 8 1.406834
49 57 0 8 1.382202
22 62 0 8 1.356037
25 32 0 8 1.341799
31 46 0 8 1.332350
25 58 0 8 1.316473
25 59 0 8 1.315385
16 24 0 8 1.306928
21 27 0 8 1.283905
4 46 0 8 1.282018
8 25 0 8 1.281434
25 31 0 8 1.278907
29 54 0 8 1.265611
26 32 0 8 1.265042
4 49 0 8 1.260263
17 48 0 8 1.241837
35 44 0 8 1.241663
18 59 0 8 1.227822
37 64 0 8 1.224761
20 40 0 8 1.195815
26 60 0 8 1.193230
8 42 0 8 1.173497
19 57 0 8 1.169336
33 48 0 8 1.159945
7 45 0 8 1.153292
27 41 0 8 1.150683
11 23 0 8 1.147966
20 46 0 8 1.140883
52 64 0 8 1.134194
10 46 0 8 1.132817
24 63 0 8 1.121454
23 35 0 8 1.118314
27 58 0 8 1.117809
16 63 0 8 1.109999
27 57 0 8 1.105129
16 66 0 8 1.097873
34 51 0 8 1.092707
34 61 0 8 1.090325
21 44 0 8 1.088097
45 57 0 8 1.085929
13 24 0 8 1.084973
20 44 0 8 1.084915
9 27 0 8 1.081716
20 60 0 8 1.078375
7 57 0 8 1.076803
44 59 0 8 1.063504
31 47 0 8 1.042453
19 46 0 8 1.031984
31 42 0 8 1.027912
40 64 0 8 1.027428
43 54 0 8 1.004131
16 65 0 8 0.994877
29 47 0 8 0.993764
39 63 0 8 0.991688
22 39 0 8 0.988639
22 34 0 8 0.988482
11 35 0 8 0.980814
7 64 0 8 0.980043
56 61 0 8 0.971281
16 61 0 8 0.969998
31 58 0 8 0.951317
16 49 0 8 0.947355
52 69 0 8 0.942083
24 35 0 8 0.917962
44 55 0 8 0.907940
16 69 0 8 0.907818
38 45 0 8 0.904606
29 61 0 8 0.895614
9 28 0 8 0.895160
17 64 0 8 0.893436
49 56 0 8 0.876821
17 37 0 8 0.860853
29 45 0 8 0.858908
10 65 0 8 0.858782
43 60 0 8 0.853921
8 32 0 8 0.833212
7 56 0 8 0.832219
20 26 0 8 0.828270
28 49 0 8 0.813765
49 60 0 8 0.807575
42 48 0 8 0.805149
27 67 0 8 0.798153
19 61 0 8 0.790074
15 29 0 8 0.788391
28 56 0 8 0.782601
31 48 0 8 0.773328
6 50 0 8 0.769080
8 55 0 8 0.758613
54 59 0 8 0.756643
15 68 0 8 0.754666
9 15 0 8 0.754627
33 43 0 8 0.752836
17 35 0 8 0.752397
24 59 0 8 0.749117
20 61 0 8 0.748515
52 65 0 8 0.740667
25 36 0 8 0.739912
9 40 0 8 0.733161
9 43 0 8 0.728035
54 61 0 8 0.724205
21 42 0 8 0.723423
16 37 0 8 0.719777
3 36 0 8 0.719065
47 55 0 8 0.718746
9 23 0 8 0.711496
4 53 0 8 0.710911
55 60 0 8 0.707474
5 49 0 8 0.702720
7 13 0 8 0.699940
13 63 0 8 0.697703
14 53 0 8 0.695528
28 62 0 8 0.693676
5 67 0 8 0.687690
64 69 0 8 0.679566
60 67 0 8 0.668716
52 58 0 8 0.664866
27 60 0 8 0.659206
10 42 0 8 0.655891
4 51 0 8 0.651670
7 54 0 8 0.647263
12 60 0 8 0.643578
36 47 0 8 0.641896
36 42 0 8 0.640529
6 45 0 8 0.624654
3 39 0 8 0.623549
4 48 0 8 0.622299
3 10 0 8 0.605938
41 68 0 8 0.598437
20 65 0 8 0.596439
4 29 0 8 0.589332
15 31 0 8 0.584438
8 41 0 8 0.584156
8 51 0 8 0.583007
49 55 0 8 0.581202
41 48 0 8 0.579058
12 25 0 8 0.576265
15 48 0 8 0.569099
7 60 0 8 0.568557
16 27 0 8 0.567426
19 26 0 8 0.564656
9 68 0 8 0.563647
32 59 0 8 0.562569
48 61 0 8 0.562420
27 52 0 8 0.554490
33 51 0 8 0.552010
28 33 0 8 0.550717
7 36 0 8 0.549416
27 36 0 8 0.542234
25 50 0 8 0.536872
36 41 0 8 0.531217
7 69 0 8 0.530189
33 57 0 8 0.530055
29 53 0 8 0.527553
15 60 0 8 0.520877
4 23 0 8 0.517303
20 45 0 8 0.517201
5 54 0 8 0.515410
9 56 0 8 0.512193
59 68 0 8 0.507687
25 37 0 8 0.504843
20 63 0 8 0.496922
22 27 0 8 0.488633
6 69 0 8 0.487437
35 59 0 8 0.485038
15 67 0 8 0.477680
18 40 0 8 0.477347
3 60 0 8 0.477152
17 42 0 8 0.470649
4 36 0 8 0.459219
20 68 0 8 0.456951
11 51 0 8 0.453364
6 59 0 8 0.452373
15 42 0 8 0.450012
29 52 0 8 0.441202
5 36 0 8 0.438838
14 51 0 8 0.437646
56 63 0 8 0.435483
5 53 0 8 0.432487
6 61 0 8 0.425473
3 55 0 8 0.425285
17 51 0 8 0.423433
23 36 0 8 0.421420
12 24 0 8 0.417129
19 41 0 8 0.415000
10 63 0 8 0.414268
3 53 0 8 0.410793
12 17 0 8 0.407549
5 34 0 8 0.406893
8 26 0 8 0.406820
22 48 0 8 0.404831
27 65 0 8 0.397504
18 64 0 8 0.397297
4 61 0 8 0.392126
27 54 0 8 0.389169
13 48 0 8 0.389165
4 18 0 8 0.388121
21 37 0 8 0.387961
10 66 0 8 0.380324
19 24 0 8 0.378385
3 22 0 8 0.377124
52 59 0 8 0.373965
25 63 0 8 0.373657
45 62 0 8 0.370991
22 54 0 8 0.366630
9 36 0 8 0.366149
11 44 0 8 0.360032
32 58 0 8 0.359561
15 41 0 8 0.359131
34 56 0 8 0.358562
45 60 0 8 0.357109
28 61 0 8 0.349026
8 24 0 8 0.347888
29 67 0 8 0.341618
5 50 0 8 0.341266
29 51 0 8 0.341026
23 53 0 8 0.339630
6 54 0 8 0.338303
42 55 0 8 0.335600
5 15 0 8 0.335210
53 62 0 8 0.332311
48 57 0 8 0.332092
6 66 0 8 0.329906
38 64 0 8 0.329539
5 48 0 8 0.328245
27 69 0 8 0.328014
19 65 0 8 0.316326
9 19 0 8 0.314398
20 43 0 8 0.309434
58 64 0 8 0.308359
47 67 0 8 0.302705
42 59 0 8 0.298718
55 69 0 8 0.287704
40 57 0 8 0.287484
57 68 0 8 0.287131
4 10 0 8 0.286997
3 41 0 8 0.284489
52 57 0 8 0.283712
11 68 0 8 0.283549
39 59 0 8 0.279921
3 18 0 8 0.277185
27 53 0 8 0.276493
23 67 0 8 0.272723
6 68 0 8 0.269523
32 47 0 8 0.268918
25 41 0 8 0.266200
43 53 0 8 0.260069
9 60 0 8 0.259709
15 63 0 8 0.258946
5 56 0 8 0.258581
45 59 0 8 0.258510
7 48 0 8 0.256839
47 69 0 8 0.253208
23 34 0 8 0.252946
23 63 0 8 0.251178
10 18 0 8 0.251154
7 68 0 8 0.250489
10 64 0 8 0.240552
9 65 0 8 0.240515
4 52 0 8 0.238886
57 64 0 8 0.235112
43 50 0 8 0.231295
13 59 0 8 0.228401
14 21 0 8 0.226690
9 69 0 8 0.226545
9 45 0 8 0.222001
51 62 0 8 0.204458
17 53 0 8 0.203266
14 23 0 8 0.203141
4 54 0 8 0.201892
27 49 0 8 0.200299
10 26 0 8 0.200172
3 8 0 8 0.197030
4 57 0 8 0.195899
21 64 0 8 0.194456
10 45 0 8 0.190803
26 44 0 8 0.190613
31 38 0 8 0.183924
5 60 0 8 0.182982
3 65 0 8 0.182038
41 69 0 8 0.181928
32 46 0 8 0.178646
21 49 0 8 0.176327
41 61 0 8 0.176223
29 34 0 8 0.175970
21 63 0 8 0.171339
15 64 0 8 0.167673
3 29 0 8 0.166310
13 58 0 8 0.166235
7 38 0 8 0.165303
12 38 0 8 0.164933
33 58 0 8 0.162848
20 69 0 8 0.161393
6 21 0 8 0.155658
36 69 0 8 0.154981
36 45 0 8 0.149266
15 69 0 8 0.141377
29 43 0 8 0.137919
3 47 0 8 0.136294
22 45 0 8 0.134754
21 69 0 8 0.134548
5 10 0 8 0.129555
33 55 0 8 0.128434
22 47 0 8 0.128367
23 69 0 8 0.127175
20 52 0 8 0.123897
14 60 0 8 0.122218
10 43 0 8 0.121434
8 67 0 8 0.119746
41 60 0 8 0.119461
3 25 0 8 0.117516
26 68 0 8 0.115043
10 21 0 8 0.114374
29 50 0 8 0.114090
9 20 0 8 0.109774
29 55 0 8 0.109566
8 35 0 8 0.108077
53 60 0 8 0.107320
23 45 0 8 0.105639
3 48 0 8 0.104586
18 61 0 8 0.104142
3 15 0 8 0.102420
52 68 0 8 0.097307
13 68 0 8 0.096442
5 23 0 8 0.096255
59 67 0 8 0.095923
20 25 0 8 0.094479
20 67 0 8 0.092935
14 48 0 8 0.092765
4 50 0 8 0.092560
4 65 0 8 0.092193
3 50 0 8 0.088463
9 29 0 8 0.087953
9 54 0 8 0.087470
27 45 0 8 0.084126
35 64 0 8 0.083654
34 49 0 8 0.081473
27 51 0 8 0.080523
23 56 0 8 0.077986
15 43 0 8 0.076029
43 49 0 8 0.071847
37 47 0 8 0.071045
7 19 0 8 0.069317
35 66 0 8 0.068661
47 53 0 8 0.066884
28 47 0 8 0.064342
4 45 0 8 0.062105
29 41 0 8 0.061289
4 27 0 8 0.061269
38 63 0 8 0.058819
7 47 0 8 0.058103
4 67 0 8 0.057792
10 69 0 8 0.055165
34 68 0 8 0.053941
4 58 0 8 0.050800
21 33 0 8 0.050793
40 46 0 8 0.044951
34 57 0 8 0.043787
28 63 0 8 0.040815
37 63 0 8 0.038010
33 38 0 8 0.036683
27 32 0 8 0.035318
21 68 0 8 0.033209
18 35 0 8 0.032001
53 61 0 8 0.030496
16 22 0 8 0.029954
11 41 0 8 0.028401
5 57 0 8 0.028305
4 43 0 8 0.025168
53 58 0 8 0.020893
3 66 0 8 0.020666
41 46 0 8 0.019421
53 66 0 8 0.019206
16 60 0 8 0.018071
11 52 0 8 0.016497
18 63 0 8 0.014812
26 53 0 8 0.014369
3 35 0 8 0.013781
12 43 0 8 0.013181
52 63 0 8 0.012449
13 25 0 8 0.009020
3 27 0 8 0.006828
4 69 0 8 0.004898
4 56 0 8 0.004399
41 62 0 8 0.004080
20 27 0 8 0.003946
29 68 0 8 0.001346
57 69 0 8 0.000325
1 6 0 8 0.000000
1 7 0 8 0.000000
1 8 0 8 0.000000
1 9 0 8 0.000000
1 10 0 8 0.000000
1 11 0 8 0.000000
1 12 0 8 0.000000
1 13 0 8 0.000000
1 14 0 8 0.000000
1 15 0 8 0.000000
1 16 0 8 0.000000
1 17 0 8 0.000000
1 18 0 8 0.000000
1 19 0 8 0.000000
1 20 0 8 0.000000
1 21 0 8 0.000000
1 22 0 8 0.000000
1 23 0 8 0.000000
1 24 0 8 0.000000
1 25 0 8 0.000000
1 26 0 8 0.000000
1 27 0 8 0.000000
1 28 0 8 0.000000
1 29 0 8 0.000000
1 30 0 8 0.000000
1 31 0 8 0.000000
1 32 0 8 0.000000
1 33 0 8 0.000000
1 34 0 8 0.000000
1 35 0 8 0.000000
1 36 0 8 0.000000
1 37 0 8 0.000000
1 38 0 8 0.000000
1 39 0 8 0.000000
1 40 0 8 0.000000
1 41 0 8 0.000000
1 42 0 8 0.000000
1 43 0 8 0.000000
1 44 0 8 0.000000
1 45 0 8 0.000000
1 46 0 8 0.000000
1 47 0 8 0.000000
1 48 0 8 0.000000
1 49 0 8 0.000000
1 50 0 8 0.000000
1 51 0 8 0.000000
1 52 0 8 0.000000
1 53 0 8 0.000000
1 54 0 8 0.000000
1 55 0 8 0.000000
1 56 0 8 0.000000
1 57 0 8 0.000000
1 58 0 8 0.000000
1 59 0 8 0.000000
1 60 0 8 0.000000
1 61 0 8 0.000000
1 62 0 8 0.000000
1 63 0 8 0.000000
1 64 0 8 0.000000
1 65 0 8 0.000000
1 66 0 8 0.000000
1 67 0 8 0.000000
1 68 0 8 0.000000
1 69 0 8 0.000000
1 70 0 8 0.000000
1 71 0 8 0.000000
1 72 0 8 0.000000
2 7 0 8 0.000000
2 8 0 8 0.000000
2 9 0 8 0.000000
2 10 0 8 0.000000
2 11 0 8 0.000000
2 12 0 8 0.000000
2 13 0 8 0.000000
2 14 0 8 0.000000
2 15 0 8 0.000000
2 16 0 8 0.000000
2 17 0 8 0.000000
2 18 0 8 0.000000
2 19 0 8 0.000000
2 20 0 8 0.000000
2 21 0 8 0.000000
2 22 0 8 0.000000
2 23 0 8 0.000000
2 24 0 8 0.000000
2 25 0 8 0.000000
2 26 0 8 0.000000
2 27 0 8 0.000000
2 28 0 8 0.000000
2 29 0 8 0.000000
2 30 0 8 0.000000
2 31 0 8 0.000000
2 32 0 8 0.000000
2 33 0 8 0.000000
2 34 0 8 0.000000
2 35 0 8 0.000000
2 36 0 8 0.000000
2 37 0 8 0.000000
2 38 0 8 0.000000
2 39 0 8 0.000000
2 40 0 8 0.000000
2 41 0 8 0.000000
2 42 0 8 0.000000
2 43 0 8 0.000000
2 44 0 8 0.000000
2 45 0 8 0.000000
2 46 0 8 0.000000
2 47 0 8 0.000000
2 48 0 8 0.000000
2 49 0 8 0.000000
2 50 0 8 0.000000
2 51 0 8 0.000000
2 52 0 8 0.000000
2 53 0 8 0.000000
2 54 0 8 0.000000
2 55 0 8 0.000000
2 56 0 8 0.000000
2 57 0 8 0.000000
2 58 0 8 0.000000
2 59 0 8 0.000000
2 60 0 8 0.000000
2 61 0 8 0.000000
2 62 0 8 0.000000
2 63 0 8 0.000000
2 64 0 8 0.000000
2 65 0 8 0.000000
2 66 0 8 0.000000
2 67 0 8 0.000000
2 68 0 8 0.000000
2 69 0 8 0.000000
2 70 0 8 0.000000
2 71 0 8 0.000000
2 72 0 8 0.000000
3 30 0 8 0.000000
3 70 0 8 0.000000
3 71 0 8 0.000000
3 72 0 8 0.000000
4 30 0 8 0.000000
4 70 0 8 0.000000
4 71 0 8 0.000000
4 72 0 8 0.000000
5 30 0 8 0.000000
5 70 0 8 0.000000
5 71 0 8 0.000000
5 72 0 8 0.000000
6 30 0 8 0.000000
6 70 0 8 0.000000
6 71 0 8 0.000000
6 72 0 8 0.000000
7 30 0 8 0.000000
7 70 0 8 0.000000
7 71 0 8 0.000000
7 72 0 8 0.000000
8 30 0 8 0.000000
8 70 0 8 0.000000
8 71 0 8 0.000000
8 72 0 8 0.000000
9 30 0 8 0.000000
9 70 0 8 0.000000
9 71 0 8 0.000000
9 72 0 8 0.000000
10 30 0 8 0.000000
10 70 0 8 0.000000
10 71 0 8 0.000000
10 72 0 8 0.000000
11 30 0 8 0.000000
11 70 0 8 0.000000
11 71 0 8 0.000000
11 72 0 8 0.000000
12 30 0 8 0.000000
12 70 0 8 0.000000
12 71 0 8 0.000000
12 72 0 8 0.000000
13 30 0 8 0.000000
13 70 0 8 0.000000
13 71 0 8 0.000000
13 72 0 8 0.000000
14 30 0 8 0.000000
14 70 0 8 0.000000
14 71 0 8 0.000000
14 72 0 8 0.000000
15 30 0 8 0.000000
15 70 0 8 0.000000
15 71 0 8 0.000000
15 72 0 8 0.000000
16 30 0 8 0.000000
16 70 0 8 0.000000
16 71 0 8 0.000000
16 72 0 8 0.000000
17 30 0 8 0.000000
17 70 0 8 0.000000
17 71 0 8 0.000000
17 72 0 8 0.000000
18 30 0 8 0.000000
18 70 0 8 0.000000
18 71 0 8 0.000000
18 72 0 8 0.000000
19 30 0 8 0.000000
19 70 0 8 0.000000
19 71 0 8 0.000000
19 72 0 8 0.000000
20 30 0 8 0.000000
20 70 0 8 0.000000
20 71 0 8 0.000000
20 72 0 8 0.000000
21 30 0 8 0.000000
21 70 0 8 0.000000
21 71 0 8 0.000000
21 72 0 8 0.000000
22 30 0 8 0.000000
22 70 0 8 0.000000
22 71 0 8 0.000000
22 72 0 8 0.000000
23 30 0 8 0.000000
23 70 0 8 0.000000
23 71 0 8 0.000000
23 72 0 8 0.000000
24 30 0 8 0.000000
24 70 0 8 0.000000
24 71 0 8 0.000000
24 72 0 8 0.000000
25 30 0 8 0.000000
25 70 0 8 0.000000
25 71 0 8 0.000000
25 72 0 8 0.000000
26 70 0 8 0.000000
26 71 0 8 0.000000
26 72 0 8 0.000000
27 70 0 8 0.000000
27 71 0 8 0.000000
27 72 0 8 0.000000
28 70 0 8 0.000000
28 71 0 8 0.000000
28 72 0 8 0.000000
29 70 0 8 0.000000
29 71 0 8 0.000000
29 72 0 8 0.000000
30 35 0 8 0.000000
30 36 0 8 0.000000
30 37 0 8 0.000000
30 38 0 8 0.000000
30 39 0 8 0.000000
30 40 0 8 0.000000
30 41 0 8 0.000000
30 42 0 8 0.000000
30 43 0 8 0.000000
30 44 0 8 0.000000
30 45 0 8 0.000000
30 46 0 8 0.000000
30 47 0 8 0.000000
30 48 0 8 0.000000
30 49 0 8 0.000000
30 50 0 8 0.000000
30 51 0 8 0.000000
30 52 0 8 0.000000
30 53 0 8 0.000000
30 54 0 8 0.000000
30 55 0 8 0.000000
30 56 0 8 0.000000
30 57 0 8 0.000000
30 58 0 8 0.000000
30 59 0 8 0.000000
30 60 0 8 0.000000
30 61 0 8 0.000000
30 62 0 8 0.000000
30 63 0 8 0.000000
30 64 0 8 0.000000
30 65 0 8 0.000000
30 66 0 8 0.000000
30 67 0 8 0.000000
30 68 0 8 0.000000
30 69 0 8 0.000000
30 70 0 8 0.000000
30 71 0 8 0.000000
30 72 0 8 0.000000
31 70 0 8 0.000000
31 71 0 8 0.000000
31 72 0 8 0.000000
32 70 0 8 0.000000
32 71 0 8 0.000000
32 72 0 8 0.000000
33 70 0 8 0.000000
33 71 0 8 0.000000
33 72 0 8 0.000000
34 70 0 8 0.000000
34 71 0 8 0.000000
34 72 0 8 0.000000
35 70 0 8 0.000000
35 71 0 8 0.000000
35 72 0 8 0.000000
36 70 0 8 0.000000
36 71 0 8 0.000000
36 72 0 8 0.000000
37 70 0 8 0.000000
37 71 0 8 0.000000
37 72 0 8 0.000000
38 70 0 8 0.000000
38 71 0 8 0.000000
38 72 0 8 0.000000
39 70 0 8 0.000000
39 71 0 8 0.000000
39 72 0 8 0.000000
40 70 0 8 0.000000
40 71 0 8 0.000000
40 72 0 8 0.000000
41 70 0 8 0.000000
41 71 0 8 0.000000
41 72 0 8 0.000000
42 70 0 8 0.000000
42 71 0 8 0.000000
42 72 0 8 0.000000
43 70 0 8 0.000000
43 71 0 8 0.000000
43 72 0 8 0.000000
44 70 0 8 0.000000
44 71 0 8 0.000000
44 72 0 8 0.000000
45 70 0 8 0.000000
45 71 0 8 0.000000
45 72 0 8 0.000000
46 70 0 8 0.000000
46 71 0 8 0.000000
46 72 0 8 0.000000
47 70 0 8 0.000000
47 71 0 8 0.000000
47 72 0 8 0.000000
48 70 0 8 0.000000
48 71 0 8 0.000000
48 72 0 8 0.000000
49 70 0 8 0.000000
49 71 0 8 0.000000
49 72 0 8 0.000000
50 70 0 8 0.000000
50 71 0 8 0.000000
50 72 0 8 0.000000
51 70 0 8 0.000000
51 71 0 8 0.000000
51 72 0 8 0.000000
52 70 0 8 0.000000
52 71 0 8 0.000000
52 72 0 8 0.000000
53 70 0 8 0.000000
53 71 0 8 0.000000
53 72 0 8 0.000000
54 70 0 8 0.000000
54 71 0 8 0.000000
54 72 0 8 0.000000
55 70 0 8 0.000000
55 71 0 8 0.000000
55 72 0 8 0.000000
56 70 0 8 0.000000
56 71 0 8 0.000000
56 72 0 8 0.000000
57 70 0 8 0.000000
57 71 0 8 0.000000
57 72 0 8 0.000000
58 70 0 8 0.000000
58 71 0 8 0.000000
58 72 0 8 0.000000
59 70 0 8 0.000000
59 71 0 8 0.000000
59 72 0 8 0.000000
60 70 0 8 0.000000
60 71 0 8 0.000000
60 72 0 8 0.000000
61 70 0 8 0.000000
61 71 0 8 0.000000
61 72 0 8 0.000000
62 70 0 8 0.000000
62 71 0 8 0.000000
62 72 0 8 0.000000
63 70 0 8 0.000000
63 71 0 8 0.000000
63 72 0 8 0.000000
64 70 0 8 0.000000
64 71 0 8 0.000000
64 72 0 8 0.000000
65 70 0 8 0.000000
65 71 0 8 0.000000
65 72 0 8 0.000000
66 71 0 8 0.000000
66 72 0 8 0.000000
67 72 0 8 0.000000
10 17 0 8 -0.000537
38 54 0 8 -0.001911
57 62 0 8 -0.002661
13 40 0 8 -0.006212
24 50 0 8 -0.006966
14 32 0 8 -0.007080
39 47 0 8 -0.007977
43 59 0 8 -0.009748
54 68 0 8 -0.010738
38 47 0 8 -0.012463
14 63 0 8 -0.013497
3 54 0 8 -0.017241
6 41 0 8 -0.017392
5 27 0 8 -0.017878
44 63 0 8 -0.019821
13 69 0 8 -0.020758
33 69 0 8 -0.021412
18 38 0 8 -0.022272
8 49 0 8 -0.025081
23 32 0 8 -0.027659
25 60 0 8 -0.029975
20 58 0 8 -0.030033
4 34 0 8 -0.031629
25 51 0 8 -0.032415
5 69 0 8 -0.034601
62 69 0 8 -0.038173
6 56 0 8 -0.038703
45 65 0 8 -0.041065
8 61 0 8 -0.043813
43 63 0 8 -0.045082
35 61 0 8 -0.046614
51 58 0 8 -0.048231
50 60 0 8 -0.049159
46 69 0 8 -0.050141
26 57 0 8 -0.051161
14 69 0 8 -0.056376
3 14 0 8 -0.059011
35 60 0 8 -0.059513
3 69 0 8 -0.063101
49 69 0 8 -0.064631
13 61 0 8 -0.069534
14 50 0 8 -0.069714
14 35 0 8 -0.070550
3 26 0 8 -0.071640
38 69 0 8 -0.073868
53 68 0 8 -0.075333
11 48 0 8 -0.076317
9 38 0 8 -0.076404
11 29 0 8 -0.077186
14 39 0 8 -0.077868
28 35 0 8 -0.078624
17 69 0 8 -0.079078
3 43 0 8 -0.079658
36 68 0 8 -0.079730
43 69 0 8 -0.080157
41 57 0 8 -0.080538
3 17 0 8 -0.082775
23 65 0 8 -0.084011
8 69 0 8 -0.084745
35 58 0 8 -0.086185
55 66 0 8 -0.088421
3 32 0 8 -0.092244
60 69 0 8 -0.092601
43 57 0 8 -0.093705
51 67 0 8 -0.094298
34 54 0 8 -0.095454
27 44 0 8 -0.098539
45 63 0 8 -0.099061
14 24 0 8 -0.100681
22 68 0 8 -0.101357
26 45 0 8 -0.104382
7 33 0 8 -0.105546
40 69 0 8 -0.106686
10 60 0 8 -0.106789
9 21 0 8 -0.108138
12 66 0 8 -0.108196
45 55 0 8 -0.108948
27 50 0 8 -0.109957
3 37 0 8 -0.111603
11 37 0 8 -0.115433
14 68 0 8 -0.115561
27 62 0 8 -0.118212
16 38 0 8 -0.122941
28 59 0 8 -0.125144
28 46 0 8 -0.127043
25 34 0 8 -0.127079
50 69 0 8 -0.128556
3 68 0 8 -0.129347
23 57 0 8 -0.129902
24 60 0 8 -0.130699
22 53 0 8 -0.131077
17 63 0 8 -0.131643
26 43 0 8 -0.132008
5 64 0 8 -0.132881
21 56 0 8 -0.133875
29 65 0 8 -0.134273
4 14 0 8 -0.134837
8 14 0 8 -0.135128
10 54 0 8 -0.135804
23 54 0 8 -0.136320
15 66 0 8 -0.139336
40 63 0 8 -0.140080
55 61 0 8 -0.141270
19 62 0 8 -0.141375
36 51 0 8 -0.143440
5 62 0 8 -0.143829
24 55 0 8 -0.143898
6 43 0 8 -0.147321
51 68 0 8 -0.149988
63 69 0 8 -0.150165
3 58 0 8 -0.151219
3 11 0 8 -0.151875
13 42 0 8 -0.152841
19 68 0 8 -0.154805
25 69 0 8 -0.156690
3 63 0 8 -0.157184
22 69 0 8 -0.158359
33 67 0 8 -0.159612
24 66 0 8 -0.160366
5 41 0 8 -0.160527
17 68 0 8 -0.162098
33 49 0 8 -0.162343
31 55 0 8 -0.163753
6 64 0 8 -0.164099
42 66 0 8 -0.167700
4 35 0 8 -0.169189
35 55 0 8 -0.170904
7 49 0 8 -0.171579
3 34 0 8 -0.171672
19 49 0 8 -0.172739
19 27 0 8 -0.174138
34 58 0 8 -0.176800
55 63 0 8 -0.179219
17 24 0 8 -0.179789
48 68 0 8 -0.179931
23 52 0 8 -0.182222
4 28 0 8 -0.184553
14 59 0 8 -0.185982
49 68 0 8 -0.186082
10 24 0 8 -0.188008
3 21 0 8 -0.188944
4 17 0 8 -0.189136
26 67 0 8 -0.189283
46 68 0 8 -0.189918
14 57 0 8 -0.191682
14 40 0 8 -0.192074
32 69 0 8 -0.192913
18 23 0 8 -0.193459
14 27 0 8 -0.196778
14 41 0 8 -0.197098
14 25 0 8 -0.201716
45 68 0 8 -0.203846
45 50 0 8 -0.204197
12 35 0 8 -0.204241
10 41 0 8 -0.204590
7 14 0 8 -0.205299
18 69 0 8 -0.206043
5 14 0 8 -0.206653
4 62 0 8 -0.208595
5 51 0 8 -0.209553
15 20 0 8 -0.210976
15 27 0 8 -0.214874
33 44 0 8 -0.215077
5 29 0 8 -0.215799
44 49 0 8 -0.218456
6 23 0 8 -0.218538
45 69 0 8 -0.218898
3 57 0 8 -0.219478
12 59 0 8 -0.219908
17 41 0 8 -0.221914
5 33 0 8 -0.222213
8 68 0 8 -0.222809
50 63 0 8 -0.226180
27 34 0 8 -0.226254
8 43 0 8 -0.228209
13 60 0 8 -0.228714
56 62 0 8 -0.229105
17 44 0 8 -0.229200
6 31 0 8 -0.230614
11 36 0 8 -0.232002
46 67 0 8 -0.232071
4 41 0 8 -0.236274
27 43 0 8 -0.236718
14 20 0 8 -0.236741
9 33 0 8 -0.237329
34 50 0 8 -0.238082
26 54 0 8 -0.238535
29 60 0 8 -0.238954
14 44 0 8 -0.239551
9 41 0 8 -0.241621
3 56 0 8 -0.244019
3 16 0 8 -0.244222
3 46 0 8 -0.245512
59 69 0 8 -0.246011
14 34 0 8 -0.248079
32 45 0 8 -0.248368
12 65 0 8 -0.248861
7 55 0 8 -0.251080
41 65 0 8 -0.251563
23 51 0 8 -0.255636
23 60 0 8 -0.257199
14 45 0 8 -0.257602
14 55 0 8 -0.258712
44 58 0 8 -0.259740
8 17 0 8 -0.260461
5 55 0 8 -0.261051
17 32 0 8 -0.263012
14 67 0 8 -0.264070
51 69 0 8 -0.266146
14 52 0 8 -0.267005
48 54 0 8 -0.268858
21 55 0 8 -0.270021
41 54 0 8 -0.270963
32 60 0 8 -0.272538
3 49 0 8 -0.273293
10 34 0 8 -0.273813
32 43 0 8 -0.273836
7 61 0 8 -0.273951
41 58 0 8 -0.278694
14 54 0 8 -0.278839
5 68 0 8 -0.279912
18 26 0 8 -0.280506
4 26 0 8 -0.280796
21 54 0 8 -0.280800
53 65 0 8 -0.283735
32 48 0 8 -0.285032
9 34 0 8 -0.287032
34 43 0 8 -0.288183
47 61 0 8 -0.288516
6 33 0 8 -0.289787
5 17 0 8 -0.289873
8 53 0 8 -0.290371
57 67 0 8 -0.291167
10 52 0 8 -0.292165
4 31 0 8 -0.293349
62 68 0 8 -0.293816
3 28 0 8 -0.294049
5 61 0 8 -0.294381
54 60 0 8 -0.295037
27 47 0 8 -0.295308
7 26 0 8 -0.295462
4 68 0 8 -0.295551
3 67 0 8 -0.295571
10 68 0 8 -0.296282
20 36 0 8 -0.297595
22 67 0 8 -0.297756
9 31 0 8 -0.298247
17 33 0 8 -0.299843
19 60 0 8 -0.300503
29 69 0 8 -0.301466
8 63 0 8 -0.302519
14 31 0 8 -0.306406
19 52 0 8 -0.306547
8 50 0 8 -0.306591
14 28 0 8 -0.307144
63 68 0 8 -0.307814
61 68 0 8 -0.313019
42 69 0 8 -0.313304
40 62 0 8 -0.313597
14 46 0 8 -0.316032
9 61 0 8 -0.316388
24 49 0 8 -0.316596
33 63 0 8 -0.316857
4 21 0 8 -0.317272
33 41 0 8 -0.317382
11 69 0 8 -0.317628
3 20 0 8 -0.318193
33 56 0 8 -0.318243
10 49 0 8 -0.318487
48 69 0 8 -0.319656
27 68 0 8 -0.320380
54 69 0 8 -0.320570
4 63 0 8 -0.320974
17 55 0 8 -0.321046
3 31 0 8 -0.321267
4 47 0 8 -0.321298
3 45 0 8 -0.322806
27 35 0 8 -0.323406
3 24 0 8 -0.323655
36 62 0 8 -0.324475
38 49 0 8 -0.326000
3 38 0 8 -0.326712
37 69 0 8 -0.327458
31 69 0 8 -0.327642
19 43 0 8 -0.329781
3 59 0 8 -0.329966
56 64 0 8 -0.331341
4 59 0 8 -0.331581
13 23 0 8 -0.331755
26 69 0 8 -0.331891
17 25 0 8 -0.332825
7 44 0 8 -0.333704
10 59 0 8 -0.334144
53 69 0 8 -0.334364
14 29 0 8 -0.335174
35 68 0 8 -0.335210
17 23 0 8 -0.336080
17 50 0 8 -0.336165
6 25 0 8 -0.337131
21 61 0 8 -0.337164
23 41 0 8 -0.337493
3 51 0 8 -0.338797
7 51 0 8 -0.339411
34 69 0 8 -0.340291
17 47 0 8 -0.340609
54 63 0 8 -0.341147
51 57 0 8 -0.341461
10 36 0 8 -0.341852
14 58 0 8 -0.342838
29 36 0 8 -0.344308
9 57 0 8 -0.344458
14 49 0 8 -0.344755
14 43 0 8 -0.345462
4 22 0 8 -0.346131
39 69 0 8 -0.350504
14 47 0 8 -0.351131
35 69 0 8 -0.353791
28 69 0 8 -0.355078
12 27 0 8 -0.356474
40 45 0 8 -0.357941
14 22 0 8 -0.358115
31 36 0 8 -0.359973
58 69 0 8 -0.360603
15 28 0 8 -0.360773
14 33 0 8 -0.360824
21 39 0 8 -0.361494
6 14 0 8 -0.363912
14 66 0 8 -0.364397
4 55 0 8 -0.367850
17 67 0 8 -0.370411
33 60 0 8 -0.370487
44 53 0 8 -0.370526
14 37 0 8 -0.370675
3 33 0 8 -0.372311
7 17 0 8 -0.374598
11 66 0 8 -0.374911
12 51 0 8 -0.375039
58 63 0 8 -0.376293
3 44 0 8 -0.377808
3 52 0 8 -0.378120
11 53 0 8 -0.378130
44 69 0 8 -0.378338
7 65 0 8 -0.378605
18 65 0 8 -0.380288
14 61 0 8 -0.380494
7 23 0 8 -0.382055
19 50 0 8 -0.382796
37 66 0 8 -0.385987
51 63 0 8 -0.387572
32 53 0 8 -0.389179
40 66 0 8 -0.391183
56 69 0 8 -0.391707
22 41 0 8 -0.391780
3 12 0 8 -0.394081
35 47 0 8 -0.394633
3 23 0 8 -0.396863
7 66 0 8 -0.397361
4 13 0 8 -0.397749
44 67 0 8 -0.399076
18 68 0 8 -0.399499
6 44 0 8 -0.401741
8 28 0 8 -0.401745
23 38 0 8 -0.402664
34 40 0 8 -0.403180
17 45 0 8 -0.404542
61 69 0 8 -0.406866
3 64 0 8 -0.407087
5 52 0 8 -0.407759
44 64 0 8 -0.410369
3 61 0 8 -0.410448
11 31 0 8 -0.410460
14 65 0 8 -0.410467
25 68 0 8 -0.412672
53 64 0 8 -0.414524
4 11 0 8 -0.414770
9 63 0 8 -0.415482
25 49 0 8 -0.415483
14 36 0 8 -0.415505
13 34 0 8 -0.416704
17 57 0 8 -0.417523
22 64 0 8 -0.417597
7 40 0 8 -0.417751
9 51 0 8 -0.417770
14 62 0 8 -0.419622
36 54 0 8 -0.419715
17 54 0 8 -0.420518
24 69 0 8 -0.420782
17 29 0 8 -0.421103
34 59 0 8 -0.423112
11 33 0 8 -0.423232
48 58 0 8 -0.425549
17 66 0 8 -0.426683
14 26 0 8 -0.427672
5 58 0 8 -0.427726
40 65 0 8 -0.428676
17 31 0 8 -0.429796
32 57 0 8 -0.431539
7 27 0 8 -0.431907
17 26 0 8 -0.432411
14 19 0 8 -0.432973
17 49 0 8 -0.433907
14 64 0 8 -0.434621
4 44 0 8 -0.436391
4 66 0 8 -0.441249
47 66 0 8 -0.441661
9 14 0 8 -0.442085
10 29 0 8 -0.442489
9 17 0 8 -0.442519
3 9 0 8 -0.442782
9 47 0 8 -0.442837
17 34 0 8 -0.446389
28 52 0 8 -0.448446
12 69 0 8 -0.451406
4 32 0 8 -0.452853
41 50 0 8 -0.453224
16 26 0 8 -0.454533
26 61 0 8 -0.459042
43 68 0 8 -0.460248
58 68 0 8 -0.460920
26 59 0 8 -0.460943
49 63 0 8 -0.461218
17 27 0 8 -0.467537
3 62 0 8 -0.467788
5 16 0 8 -0.468636
17 59 0 8 -0.468784
29 44 0 8 -0.470929
23 28 0 8 -0.470955
25 47 0 8 -0.471265
19 29 0 8 -0.471932
19 45 0 8 -0.475086
26 62 0 8 -0.476512
23 68 0 8 -0.476944
24 52 0 8 -0.477368
3 40 0 8 -0.478358
18 27 0 8 -0.479860
12 33 0 8 -0.480053
6 51 0 8 -0.480198
11 40 0 8 -0.480395
17 58 0 8 -0.480900
11 32 0 8 -0.481090
41 56 0 8 -0.481205
3 42 0 8 -0.482086
27 33 0 8 -0.483140
36 63 0 8 -0.483522
17 43 0 8 -0.484580
27 39 0 8 -0.484800
29 35 0 8 -0.484897
40 59 0 8 -0.486578
15 34 0 8 -0.489642
34 63 0 8 -0.490217
14 56 0 8 -0.490403
17 28 0 8 -0.490903
36 46 0 8 -0.491571
11 25 0 8 -0.492079
32 44 0 8 -0.492835
44 51 0 8 -0.493012
14 42 0 8 -0.493575
19 69 0 8 -0.496760
9 50 0 8 -0.496809
23 29 0 8 -0.498151
8 29 0 8 -0.500425
32 63 0 8 -0.501734
49 59 0 8 -0.502894
14 38 0 8 -0.503119
6 29 0 8 -0.504476
3 19 0 8 -0.504966
18 43 0 8 -0.506572
47 57 0 8 -0.508241
39 68 0 8 -0.508569
28 41 0 8 -0.509151
6 17 0 8 -0.510460
39 44 0 8 -0.510907
17 61 0 8 -0.512578
8 45 0 8 -0.514209
21 53 0 8 -0.515591
3 13 0 8 -0.517376
17 39 0 8 -0.517463
5 46 0 8 -0.518326
10 15 0 8 -0.518927
11 17 0 8 -0.518938
17 46 0 8 -0.521824
61 67 0 8 -0.522496
17 38 0 8 -0.523053
31 40 0 8 -0.523656
17 60 0 8 -0.525773
15 23 0 8 -0.526345
32 68 0 8 -0.529351
10 39 0 8 -0.529595
47 68 0 8 -0.530326
33 68 0 8 -0.533737
8 54 0 8 -0.534090
12 68 0 8 -0.534771
33 64 0 8 -0.536039
44 66 0 8 -0.537326
5 66 0 8 -0.542536
36 56 0 8 -0.542736
36 61 0 8 -0.543087
5 63 0 8 -0.543262
36 44 0 8 -0.544682
8 34 0 8 -0.545772
52 67 0 8 -0.547021
4 25 0 8 -0.547593
28 53 0 8 -0.549002
19 56 0 8 -0.551385
11 21 0 8 -0.553607
5 18 0 8 -0.555895
50 64 0 8 -0.556318
45 51 0 8 -0.556617
17 65 0 8 -0.559245
29 46 0 8 -0.559860
18 25 0 8 -0.560472
31 59 0 8 -0.560938
47 63 0 8 -0.561794
35 62 0 8 -0.562081
41 67 0 8 -0.562262
11 50 0 8 -0.562338
13 28 0 8 -0.562893
21 45 0 8 -0.563159
46 53 0 8 -0.563639
25 67 0 8 -0.563924
18 57 0 8 -0.572798
31 68 0 8 -0.573000
10 40 0 8 -0.575903
34 66 0 8 -0.576670
34 52 0 8 -0.577036
35 67 0 8 -0.579523
11 63 0 8 -0.579539
42 67 0 8 -0.581747
17 36 0 8 -0.585147
40 48 0 8 -0.585632
6 22 0 8 -0.586762
18 62 0 8 -0.587300
5 25 0 8 -0.588208
29 59 0 8 -0.589624
7 53 0 8 -0.590555
4 9 0 8 -0.591013
17 52 0 8 -0.591488
13 19 0 8 -0.591941
29 40 0 8 -0.594361
50 66 0 8 -0.595068
28 68 0 8 -0.595687
38 62 0 8 -0.595823
5 40 0 8 -0.598039
25 61 0 8 -0.598234
36 64 0 8 -0.598810
47 58 0 8 -0.599253
8 47 0 8 -0.600225
4 19 0 8 -0.603011
7 63 0 8 -0.603428
21 35 0 8 -0.606357
7 22 0 8 -0.607612
57 63 0 8 -0.609469
27 64 0 8 -0.610241
32 52 0 8 -0.610609
5 19 0 8 -0.614174
16 25 0 8 -0.616371
7 34 0 8 -0.617719
26 63 0 8 -0.618236
50 68 0 8 -0.620622
22 40 0 8 -0.620875
10 20 0 8 -0.621232
17 40 0 8 -0.622713
53 63 0 8 -0.623161
53 59 0 8 -0.624556
17 62 0 8 -0.626166
5 65 0 8 -0.627378
13 50 0 8 -0.628739
29 63 0 8 -0.630355
36 53 0 8 -0.630611
45 52 0 8 -0.632309
32 39 0 8 -0.636714
58 66 0 8 -0.638564
54 67 0 8 -0.638617
9 48 0 8 -0.640995
8 23 0 8 -0.641229
31 63 0 8 -0.641846
8 31 0 8 -0.642700
11 59 0 8 -0.644204
4 24 0 8 -0.644438
5 21 0 8 -0.645827
43 64 0 8 -0.647725
42 68 0 8 -0.649683
13 36 0 8 -0.653881
8 57 0 8 -0.654037
45 67 0 8 -0.654236
40 68 0 8 -0.654418
33 65 0 8 -0.654489
5 11 0 8 -0.655067
22 46 0 8 -0.655217
55 68 0 8 -0.655886
11 61 0 8 -0.657433
43 56 0 8 -0.658202
6 53 0 8 -0.658215
55 65 0 8 -0.658662
53 67 0 8 -0.659804
21 32 0 8 -0.661394
10 38 0 8 -0.661626
7 32 0 8 -0.662604
6 63 0 8 -0.662851
50 59 0 8 -0.663115
43 61 0 8 -0.664491
35 41 0 8 -0.664943
32 66 0 8 -0.665527
55 67 0 8 -0.665536
11 24 0 8 -0.665661
6 19 0 8 -0.669537
7 28 0 8 -0.671138
8 40 0 8 -0.671615
43 52 0 8 -0.672220
11 46 0 8 -0.679688
24 68 0 8 -0.680080
9 49 0 8 -0.680698
7 50 0 8 -0.681279
23 40 0 8 -0.681439
34 55 0 8 -0.683826
32 65 0 8 -0.685070
17 56 0 8 -0.687889
23 62 0 8 -0.688035
16 59 0 8 -0.688291
13 45 0 8 -0.688507
16 36 0 8 -0.688649
6 16 0 8 -0.688655
42 63 0 8 -0.689814
12 44 0 8 -0.691576
4 33 0 8 -0.691629
60 68 0 8 -0.692563
10 50 0 8 -0.693914
24 32 0 8 -0.695858
41 53 0 8 -0.697217
50 65 0 8 -0.697371
48 64 0 8 -0.699545
10 31 0 8 -0.701891
6 67 0 8 -0.707127
39 45 0 8 -0.707292
20 41 0 8 -0.707556
24 51 0 8 -0.708673
22 63 0 8 -0.709598
8 60 0 8 -0.713701
31 51 0 8 -0.714354
4 38 0 8 -0.714835
52 60 0 8 -0.715781
22 33 0 8 -0.716172
24 45 0 8 -0.718347
55 62 0 8 -0.720927
47 52 0 8 -0.722136
26 50 0 8 -0.722336
24 33 0 8 -0.722951
50 61 0 8 -0.726121
11 57 0 8 -0.726412
6 47 0 8 -0.728424
51 66 0 8 -0.728426
4 60 0 8 -0.728652
48 56 0 8 -0.729547
44 68 0 8 -0.729578
28 43 0 8 -0.730727
8 36 0 8 -0.733161
31 57 0 8 -0.734896
25 57 0 8 -0.736347
24 57 0 8 -0.737252
44 50 0 8 -0.737757
16 68 0 8 -0.739949
46 57 0 8 -0.742945
26 36 0 8 -0.743538
12 67 0 8 -0.746985
9 52 0 8 -0.747641
41 63 0 8 -0.750664
6 11 0 8 -0.751847
38 52 0 8 -0.751889
21 40 0 8 -0.752321
50 67 0 8 -0.753203
25 66 0 8 -0.754464
15 57 0 8 -0.755691
23 59 0 8 -0.756180
7 37 0 8 -0.756247
20 59 0 8 -0.758382
27 63 0 8 -0.759575
25 64 0 8 -0.762561
38 68 0 8 -0.764144
32 67 0 8 -0.764872
10 47 0 8 -0.765501
5 20 0 8 -0.767444
26 56 0 8 -0.767666
4 12 0 8 -0.768104
8 21 0 8 -0.771592
39 50 0 8 -0.773743
19 51 0 8 -0.776155
13 66 0 8 -0.777037
43 51 0 8 -0.778738
51 59 0 8 -0.780209
35 63 0 8 -0.780816
8 19 0 8 -0.781207
19 63 0 8 -0.781365
31 45 0 8 -0.782515
8 48 0 8 -0.783243
55 64 0 8 -0.784049
22 55 0 8 -0.790039
5 32 0 8 -0.790736
52 62 0 8 -0.791052
24 29 0 8 -0.792623
12 31 0 8 -0.795390
47 64 0 8 -0.796849
34 60 0 8 -0.802827
16 33 0 8 -0.804174
44 60 0 8 -0.805877
38 44 0 8 -0.807090
18 56 0 8 -0.811716
4 37 0 8 -0.811823
27 55 0 8 -0.812393
28 57 0 8 -0.812620
24 43 0 8 -0.812671
11 28 0 8 -0.814389
15 32 0 8 -0.816927
23 44 0 8 -0.817658
45 53 0 8 -0.818766
23 50 0 8 -0.819451
46 59 0 8 -0.820024
10 25 0 8 -0.820229
29 56 0 8 -0.820384
6 36 0 8 -0.821160
18 42 0 8 -0.821670
43 55 0 8 -0.822854
25 56 0 8 -0.823067
10 37 0 8 -0.823706
12 23 0 8 -0.824349
24 34 0 8 -0.824453
7 16 0 8 -0.825905
21 34 0 8 -0.829682
15 54 0 8 -0.829826
18 49 0 8 -0.831012
5 24 0 8 -0.831696
10 51 0 8 -0.832143
6 13 0 8 -0.833441
58 65 0 8 -0.834283
12 34 0 8 -0.837318
4 64 0 8 -0.839338
33 50 0 8 -0.843655
24 38 0 8 -0.843688
37 68 0 8 -0.847760
38 55 0 8 -0.847890
28 40 0 8 -0.848380
12 46 0 8 -0.850344
49 58 0 8 -0.850567
41 49 0 8 -0.850846
39 61 0 8 -0.851161
19 38 0 8 -0.852400
4 16 0 8 -0.854808
46 56 0 8 -0.855047
50 57 0 8 -0.857868
42 64 0 8 -0.859470
28 48 0 8 -0.860188
11 34 0 8 -0.860394
46 62 0 8 -0.863351
12 41 0 8 -0.863373
6 28 0 8 -0.865239
19 40 0 8 -0.865808
34 42 0 8 -0.866635
11 58 0 8 -0.867063
38 50 0 8 -0.867257
8 13 0 8 -0.867386
6 57 0 8 -0.867773
7 21 0 8 -0.870185
48 63 0 8 -0.870873
6 65 0 8 -0.871554
10 53 0 8 -0.873156
25 40 0 8 -0.873483
5 28 0 8 -0.877542
40 51 0 8 -0.877667
11 43 0 8 -0.878947
20 42 0 8 -0.879127
46 63 0 8 -0.879645
27 48 0 8 -0.880545
22 28 0 8 -0.882799
25 43 0 8 -0.883115
10 56 0 8 -0.886010
19 64 0 8 -0.889505
7 15 0 8 -0.891384
36 57 0 8 -0.891622
42 60 0 8 -0.895303
11 19 0 8 -0.895527
40 55 0 8 -0.895548
8 58 0 8 -0.895746
23 49 0 8 -0.897869
19 34 0 8 -0.899040
12 45 0 8 -0.899223
40 49 0 8 -0.899273
12 58 0 8 -0.900315
7 39 0 8 -0.900879
35 40 0 8 -0.901151
32 61 0 8 -0.901883
24 31 0 8 -0.902639
7 35 0 8 -0.903278
34 67 0 8 -0.903489
9 58 0 8 -0.904863
5 44 0 8 -0.906352
19 35 0 8 -0.911776
33 52 0 8 -0.912345
38 59 0 8 -0.912603
45 61 0 8 -0.914666
21 50 0 8 -0.916057
21 57 0 8 -0.918495
10 48 0 8 -0.919532
25 48 0 8 -0.920627
35 50 0 8 -0.921614
8 65 0 8 -0.922283
57 65 0 8 -0.926243
39 62 0 8 -0.927010
32 51 0 8 -0.927359
28 44 0 8 -0.929038
24 44 0 8 -0.930199
51 60 0 8 -0.932641
42 47 0 8 -0.932846
23 64 0 8 -0.933958
25 45 0 8 -0.934675
28 65 0 8 -0.936736
42 61 0 8 -0.939321
16 51 0 8 -0.939510
6 35 0 8 -0.939721
9 22 0 8 -0.939918
48 53 0 8 -0.941278
21 26 0 8 -0.942174
18 24 0 8 -0.944490
4 40 0 8 -0.944693
39 52 0 8 -0.946056
26 47 0 8 -0.946534
54 65 0 8 -0.946596
11 47 0 8 -0.947360
4 42 0 8 -0.947640
21 29 0 8 -0.948163
43 67 0 8 -0.950048
39 58 0 8 -0.952870
5 31 0 8 -0.952972
40 47 0 8 -0.954061
48 67 0 8 -0.961178
21 47 0 8 -0.961464
33 62 0 8 -0.961869
49 67 0 8 -0.962128
34 64 0 8 -0.964185
29 58 0 8 -0.966148
50 56 0 8 -0.967735
5 35 0 8 -0.969855
6 62 0 8 -0.969936
21 43 0 8 -0.972525
35 46 0 8 -0.973613
11 27 0 8 -0.974556
4 39 0 8 -0.975226
13 52 0 8 -0.980326
7 20 0 8 -0.981303
47 54 0 8 -0.981533
19 59 0 8 -0.982091
37 45 0 8 -0.984885
4 20 0 8 -0.986455
13 43 0 8 -0.988722
6 27 0 8 -0.990499
26 40 0 8 -0.991142
31 43 0 8 -0.993644
35 45 0 8 -0.998171
28 66 0 8 -1.001086
48 59 0 8 -1.001634
32 37 0 8 -1.002704
6 34 0 8 -1.003023
51 61 0 8 -1.004350
38 51 0 8 -1.008513
36 52 0 8 -1.008850
45 66 0 8 -1.009277
32 49 0 8 -1.010293
7 46 0 8 -1.011216
24 48 0 8 -1.011414
5 59 0 8 -1.011574
23 58 0 8 -1.014933
23 43 0 8 -1.015561
20 49 0 8 -1.015872
24 36 0 8 -1.016760
7 24 0 8 -1.017081
32 40 0 8 -1.021452
43 58 0 8 -1.022045
21 67 0 8 -1.022509
33 42 0 8 -1.027344
32 41 0 8 -1.028853
11 62 0 8 -1.032480
15 46 0 8 -1.032971
34 65 0 8 -1.034285
23 55 0 8 -1.035569
7 25 0 8 -1.047411
20 50 0 8 -1.049700
11 49 0 8 -1.058192
9 35 0 8 -1.059268
37 43 0 8 -1.059375
16 40 0 8 -1.059519
38 53 0 8 -1.060700
20 53 0 8 -1.062173
26 41 0 8 -1.062361
36 65 0 8 -1.064314
35 57 0 8 -1.066919
22 57 0 8 -1.067015
40 67 0 8 -1.069303
32 54 0 8 -1.070854
20 57 0 8 -1.073356
32 38 0 8 -1.076914
21 41 0 8 -1.077379
31 67 0 8 -1.082136
15 49 0 8 -1.084010
21 46 0 8 -1.087053
10 32 0 8 -1.089843
7 18 0 8 -1.091234
5 22 0 8 -1.091708
15 33 0 8 -1.093737
12 57 0 8 -1.093851
15 62 0 8 -1.095050
41 55 0 8 -1.095996
20 39 0 8 -1.096987
28 51 0 8 -1.097048
10 55 0 8 -1.098318
13 56 0 8 -1.098336
34 46 0 8 -1.098983
39 55 0 8 -1.099923
34 44 0 8 -1.099936
26 58 0 8 -1.102948
44 54 0 8 -1.103103
26 42 0 8 -1.105982
9 64 0 8 -1.107711
47 60 0 8 -1.107985
19 67 0 8 -1.108850
45 58 0 8 -1.113093
57 66 0 8 -1.119074
33 59 0 8 -1.119163
10 22 0 8 -1.121282
19 32 0 8 -1.122428
20 56 0 8 -1.122524
16 28 0 8 -1.123242
15 56 0 8 -1.124163
44 61 0 8 -1.127167
40 58 0 8 -1.127522
43 65 0 8 -1.131153
35 51 0 8 -1.133542
13 26 0 8 -1.133573
10 57 0 8 -1.133597
38 67 0 8 -1.134718
28 34 0 8 -1.137424
23 33 0 8 -1.141553
12 61 0 8 -1.149255
27 42 0 8 -1.150406
33 54 0 8 -1.150995
36 58 0 8 -1.154563
38 57 0 8 -1.154980
49 61 0 8 -1.156108
25 65 0 8 -1.156306
8 46 0 8 -1.156598
48 60 0 8 -1.160941
40 54 0 8 -1.163681
13 54 0 8 -1.168432
44 57 0 8 -1.169353
35 48 0 8 -1.171911
41 52 0 8 -1.172921
58 67 0 8 -1.178623
11 54 0 8 -1.178706
13 57 0 8 -1.182993
16 58 0 8 -1.183202
37 58 0 8 -1.183478
26 64 0 8 -1.183530
15 45 0 8 -1.185949
16 56 0 8 -1.188397
54 64 0 8 -1.188864
23 48 0 8 -1.192252
31 49 0 8 -1.192371
13 55 0 8 -1.194510
33 40 0 8 -1.194781
34 39 0 8 -1.195355
8 37 0 8 -1.195412
24 47 0 8 -1.196199
15 59 0 8 -1.196941
44 62 0 8 -1.197890
27 46 0 8 -1.201461
11 22 0 8 -1.201589
15 65 0 8 -1.202332
5 37 0 8 -1.203397
13 21 0 8 -1.207220
7 12 0 8 -1.209257
5 38 0 8 -1.210074
11 18 0 8 -1.210724
8 27 0 8 -1.217061
43 66 0 8 -1.218617
27 59 0 8 -1.218725
37 50 0 8 -1.219287
28 39 0 8 -1.219583
32 64 0 8 -1.219938
33 53 0 8 -1.222578
37 57 0 8 -1.223076
29 66 0 8 -1.223789
51 64 0 8 -1.227455
11 39 0 8 -1.228014
4 15 0 8 -1.228070
35 53 0 8 -1.228566
19 55 0 8 -1.229926
21 66 0 8 -1.230656
31 62 0 8 -1.231439
19 44 0 8 -1.232201
21 31 0 8 -1.238452
45 56 0 8 -1.240857
16 54 0 8 -1.245095
44 56 0 8 -1.249462
25 52 0 8 -1.249899
19 58 0 8 -1.251081
6 42 0 8 -1.251988
13 35 0 8 -1.252174
16 57 0 8 -1.253590
21 60 0 8 -1.256793
7 31 0 8 -1.258061
61 66 0 8 -1.258872
23 47 0 8 -1.260151
26 55 0 8 -1.260170
37 61 0 8 -1.261328
9 25 0 8 -1.268727
23 31 0 8 -1.269370
42 49 0 8 -1.269864
41 59 0 8 -1.270462
6 32 0 8 -1.272800
35 49 0 8 -1.273312
7 42 0 8 -1.273469
13 65 0 8 -1.276219
27 38 0 8 -1.276275
7 67 0 8 -1.277262
25 62 0 8 -1.279194
12 53 0 8 -1.279717
16 29 0 8 -1.280978
49 65 0 8 -1.282228
44 65 0 8 -1.285245
51 65 0 8 -1.285575
37 60 0 8 -1.291330
9 55 0 8 -1.291813
11 26 0 8 -1.293706
29 38 0 8 -1.295161
52 61 0 8 -1.298530
11 55 0 8 -1.303458
37 59 0 8 -1.305345
36 67 0 8 -1.306642
31 44 0 8 -1.308027
15 21 0 8 -1.317811
28 60 0 8 -1.319874
35 42 0 8 -1.321535
16 43 0 8 -1.322337
25 54 0 8 -1.323121
13 47 0 8 -1.323529
13 29 0 8 -1.327382
26 49 0 8 -1.331145
13 32 0 8 -1.332389
12 32 0 8 -1.333126
6 26 0 8 -1.333281
10 28 0 8 -1.334517
22 50 0 8 -1.334655
15 51 0 8 -1.336160
24 40 0 8 -1.337813
24 46 0 8 -1.338389
15 24 0 8 -1.339049
39 64 0 8 -1.339171
37 49 0 8 -1.341298
31 52 0 8 -1.341972
47 56 0 8 -1.344220
40 50 0 8 -1.344906
28 45 0 8 -1.344923
48 62 0 8 -1.348887
8 33 0 8 -1.353273
22 61 0 8 -1.353643
46 58 0 8 -1.354040
47 59 0 8 -1.354596
19 66 0 8 -1.356274
19 33 0 8 -1.356372
36 50 0 8 -1.357895
23 46 0 8 -1.357925
13 53 0 8 -1.358094
35 54 0 8 -1.358231
41 47 0 8 -1.359788
21 51 0 8 -1.360409
27 56 0 8 -1.360926
16 52 0 8 -1.364501
25 53 0 8 -1.367045
15 35 0 8 -1.367126
54 66 0 8 -1.370040
33 46 0 8 -1.374100
24 56 0 8 -1.376626
8 62 0 8 -1.379106
10 27 0 8 -1.380462
9 46 0 8 -1.383065
13 67 0 8 -1.383396
11 20 0 8 -1.385884
5 26 0 8 -1.393102
38 66 0 8 -1.395536
6 60 0 8 -1.402208
29 62 0 8 -1.404156
39 53 0 8 -1.404621
5 13 0 8 -1.406949
16 34 0 8 -1.406960
16 53 0 8 -1.407019
21 36 0 8 -1.408096
15 26 0 8 -1.410287
18 28 0 8 -1.414031
16 48 0 8 -1.414287
44 52 0 8 -1.415094
12 47 0 8 -1.420689
7 52 0 8 -1.422420
22 32 0 8 -1.423500
39 67 0 8 -1.423899
9 59 0 8 -1.429069
8 39 0 8 -1.431620
20 29 0 8 -1.431676
22 52 0 8 -1.432646
26 48 0 8 -1.435366
36 59 0 8 -1.442587
31 54 0 8 -1.443482
32 42 0 8 -1.445264
42 53 0 8 -1.445529
10 33 0 8 -1.448285
22 49 0 8 -1.450715
21 52 0 8 -1.450906
28 67 0 8 -1.452829
18 55 0 8 -1.455328
34 48 0 8 -1.458600
50 62 0 8 -1.458744
5 42 0 8 -1.462887
54 62 0 8 -1.464233
41 51 0 8 -1.467592
26 52 0 8 -1.469135
34 62 0 8 -1.470600
24 53 0 8 -1.474377
22 58 0 8 -1.475504
62 67 0 8 -1.477449
45 64 0 8 -1.477780
16 42 0 8 -1.480339
12 49 0 8 -1.483984
33 66 0 8 -1.487086
46 66 0 8 -1.487778
27 37 0 8 -1.489155
27 66 0 8 -1.498206
43 62 0 8 -1.502658
32 62 0 8 -1.503186
40 53 0 8 -1.505941
49 66 0 8 -1.508237
22 29 0 8 -1.508464
7 58 0 8 -1.510695
35 56 0 8 -1.511499
31 61 0 8 -1.516302
16 67 0 8 -1.520268
6 58 0 8 -1.521256
22 56 0 8 -1.524262
49 62 0 8 -1.524353
26 39 0 8 -1.524533
20 51 0 8 -1.529299
12 55 0 8 -1.532601
26 51 0 8 -1.534631
19 36 0 8 -1.537607
37 65 0 8 -1.543759
7 59 0 8 -1.546489
19 54 0 8 -1.546983
29 42 0 8 -1.547838
36 49 0 8 -1.548091
32 56 0 8 -1.548857
39 51 0 8 -1.556087
41 66 0 8 -1.556142
10 62 0 8 -1.557654
42 50 0 8 -1.561534
11 60 0 8 -1.561884
42 52 0 8 -1.562733
13 22 0 8 -1.562967
31 41 0 8 -1.564849
13 31 0 8 -1.565180
5 12 0 8 -1.565702
42 56 0 8 -1.566465
20 28 0 8 -1.571482
35 65 0 8 -1.572960
49 64 0 8 -1.574109
10 58 0 8 -1.577095
13 41 0 8 -1.580257
36 55 0 8 -1.588360
38 46 0 8 -1.588382
31 53 0 8 -1.589130
9 44 0 8 -1.594952
35 43 0 8 -1.601417
12 62 0 8 -1.608794
36 48 0 8 -1.610219
22 59 0 8 -1.614226
11 16 0 8 -1.615293
9 32 0 8 -1.616356
15 53 0 8 -1.620675
26 38 0 8 -1.625659
5 39 0 8 -1.628104
20 37 0 8 -1.628158
24 41 0 8 -1.631119
24 67 0 8 -1.631710
6 20 0 8 -1.631918
33 61 0 8 -1.635089
24 37 0 8 -1.638698
40 60 0 8 -1.639892
13 49 0 8 -1.640395
46 54 0 8 -1.641691
37 46 0 8 -1.643773
39 54 0 8 -1.646124
13 62 0 8 -1.648149
25 46 0 8 -1.648586
8 18 0 8 -1.655478
24 39 0 8 -1.661099
10 61 0 8 -1.661788
8 15 0 8 -1.662406
47 62 0 8 -1.667997
19 47 0 8 -1.670263
12 29 0 8 -1.682673
21 48 0 8 -1.684258
11 45 0 8 -1.688410
15 55 0 8 -1.699122
19 25 0 8 -1.716381
47 65 0 8 -1.717473
22 42 0 8 -1.725212
18 41 0 8 -1.726390
20 54 0 8 -1.727136
36 60 0 8 -1.732005
23 66 0 8 -1.732229
48 66 0 8 -1.736730
22 43 0 8 -1.740510
20 34 0 8 -1.741501
11 38 0 8 -1.743254
31 66 0 8 -1.743817
22 44 0 8 -1.744421
20 55 0 8 -1.744768
25 39 0 8 -1.745158
40 61 0 8 -1.748134
39 60 0 8 -1.749517
18 58 0 8 -1.751303
35 52 0 8 -1.753623
31 60 0 8 -1.754601
7 62 0 8 -1.754835
41 64 0 8 -1.757552
39 46 0 8 -1.767009
18 53 0 8 -1.780670
13 38 0 8 -1.781430
48 65 0 8 -1.785155
59 64 0 8 -1.786518
29 64 0 8 -1.792885
6 38 0 8 -1.800386
18 45 0 8 -1.801018
42 58 0 8 -1.809651
19 42 0 8 -1.811300
16 47 0 8 -1.813566
22 51 0 8 -1.819797
26 66 0 8 -1.828317
37 53 0 8 -1.828843
9 24 0 8 -1.829281
28 64 0 8 -1.833695
37 55 0 8 -1.841427
18 67 0 8 -1.847875
42 54 0 8 -1.850893
39 66 0 8 -1.852100
40 52 0 8 -1.856727
33 39 0 8 -1.862724
6 40 0 8 -1.871545
15 52 0 8 -1.884202
43 48 0 8 -1.884946
15 25 0 8 -1.891950
8 64 0 8 -1.892951
6 24 0 8 -1.893410
37 67 0 8 -1.901996
19 28 0 8 -1.903401
18 44 0 8 -1.908616
19 39 0 8 -1.913274
46 64 0 8 -1.915225
24 54 0 8 -1.923678
27 40 0 8 -1.924280
12 54 0 8 -1.947901
24 65 0 8 -1.952358
10 19 0 8 -1.964535
9 26 0 8 -1.970120
21 38 0 8 -1.975822
25 38 0 8 -1.978240
38 60 0 8 -1.980293
38 58 0 8 -1.981760
39 57 0 8 -1.986120
31 56 0 8 -1.990908
37 54 0 8 -1.993337
12 26 0 8 -2.006925
8 20 0 8 -2.010937
40 56 0 8 -2.013259
20 32 0 8 -2.015610
46 60 0 8 -2.021799
20 31 0 8 -2.027686
22 60 0 8 -2.029593
9 37 0 8 -2.030515
18 33 0 8 -2.040436
19 31 0 8 -2.060699
12 50 0 8 -2.075949
12 56 0 8 -2.077075
26 46 0 8 -2.077405
15 50 0 8 -2.078236
28 36 0 8 -2.086063
20 48 0 8 -2.096352
12 52 0 8 -2.098176
31 64 0 8 -2.099395
36 66 0 8 -2.099622
13 51 0 8 -2.099953
18 54 0 8 -2.116294
18 31 0 8 -2.142017
11 56 0 8 -2.144525
46 65 0 8 -2.148397
9 16 0 8 -2.152208
9 62 0 8 -2.154462
31 65 0 8 -2.155094
9 39 0 8 -2.155761
37 51 0 8 -2.160386
8 22 0 8 -2.162956
20 66 0 8 -2.169156
26 65 0 8 -2.171900
20 35 0 8 -2.172243
29 37 0 8 -2.179991
23 39 0 8 -2.180971
23 37 0 8 -2.190371
16 45 0 8 -2.191175
20 38 0 8 -2.191885
38 61 0 8 -2.200674
42 51 0 8 -2.213323
9 18 0 8 -2.224982
18 66 0 8 -2.226191
16 41 0 8 -2.226508
18 29 0 8 -2.235733
16 46 0 8 -2.237895
11 64 0 8 -2.245035
42 65 0 8 -2.263833
28 37 0 8 -2.266596
6 37 0 8 -2.281564
29 39 0 8 -2.292186
13 33 0 8 -2.314232
38 56 0 8 -2.320451
13 46 0 8 -2.325697
19 48 0 8 -2.326087
24 42 0 8 -2.326417
16 55 0 8 -2.332348
37 48 0 8 -2.343273
12 36 0 8 -2.347276
39 65 0 8 -2.376920
28 38 0 8 -2.378018
6 15 0 8 -2.388920
8 38 0 8 -2.393624
18 34 0 8 -2.395409
15 61 0 8 -2.428310
18 32 0 8 -2.429341
38 65 0 8 -2.449332
20 47 0 8 -2.461784
46 61 0 8 -2.462302
37 62 0 8 -2.468456
16 32 0 8 -2.481836
18 50 0 8 -2.503747
16 31 0 8 -2.530611
18 51 0 8 -2.534841
10 16 0 8 -2.546785
23 42 0 8 -2.561303
39 56 0 8 -2.584167
22 65 0 8 -2.584232
6 18 0 8 -2.594930
20 33 0 8 -2.595985
15 37 0 8 -2.615138
42 57 0 8 -2.623366
15 58 0 8 -2.640607
22 66 0 8 -2.653289
12 28 0 8 -2.657871
39 49 0 8 -2.661901
18 52 0 8 -2.701385
15 47 0 8 -2.707788
6 12 0 8 -2.710174
42 62 0 8 -2.725849
8 16 0 8 -2.726396
16 50 0 8 -2.746596
18 60 0 8 -2.747817
6 39 0 8 -2.757688
15 44 0 8 -2.791467
37 52 0 8 -2.795512
37 56 0 8 -2.827834
12 48 0 8 -2.849634
28 42 0 8 -2.889383
18 47 0 8 -2.940767
16 35 0 8 -2.951378
19 37 0 8 -3.035769
12 22 0 8 -3.083161
18 46 0 8 -3.405504
39 48 0 8 -3.511286
16 44 0 8 -3.591813
18 48 0 8 -3.907228
