58 63 0 8 19.533739
7 66 0 8 19.123451
23 54 0 8 14.561527
7 64 0 8 13.805057
5 41 0 8 12.614277
13 35 0 8 12.386272
22 57 0 8 12.382138
8 64 0 8 11.880249
20 35 0 8 10.434820
12 61 0 8 8.962479
5 66 0 8 8.373163
15 61 0 8 8.358365
3 45 0 8 8.043837
14 21 0 8 7.990671
21 26 0 8 7.906058
43 54 0 8 7.759112
9 36 0 8 7.651313
19 57 0 8 7.529539
43 50 0 8 7.392778
55 65 0 8 7.382823
46 54 0 8 6.973202
21 27 0 8 6.477896
5 15 0 8 6.473310
4 51 0 8 6.455075
10 15 0 8 6.215596
22 36 0 8 5.821527
10 17 0 8 5.786651
46 67 0 8 5.773127
23 58 0 8 5.768639
6 38 0 8 5.465194
2 48 0 8 5.397500
10 16 0 8 5.357129
20 42 0 8 5.324818
19 60 0 8 5.316916
25 44 0 8 5.201144
13 36 0 8 4.896753
34 40 0 8 4.773101
22 45 0 8 4.764895
59 64 0 8 4.715772
3 41 0 8 4.715734
33 40 0 8 4.632467
6 25 0 8 4.552621
23 57 0 8 4.481756
3 44 0 8 4.359254
29 34 0 8 4.289797
4 44 0 8 4.248632
16 37 0 8 4.234758
41 46 0 8 4.180651
29 48 0 8 4.169431
59 67 0 8 4.092154
6 13 0 8 4.084788
16 63 0 8 3.945955
23 46 0 8 3.927969
55 67 0 8 3.817822
25 43 0 8 3.811579
15 42 0 8 3.806375
16 30 0 8 3.752210
8 16 0 8 3.632778
12 19 0 8 3.512081
14 19 0 8 3.504955
1 45 0 8 3.484391
33 52 0 8 3.390114
24 43 0 8 3.318099
41 53 0 8 3.264499
13 20 0 8 3.259063
9 38 0 8 3.237034
44 60 0 8 3.232178
10 64 0 8 3.212014
3 25 0 8 3.200816
23 43 0 8 3.185295
26 34 0 8 3.184747
29 47 0 8 3.165770
29 59 0 8 3.141794
21 33 0 8 3.132921
37 42 0 8 3.067041
12 17 0 8 2.963509
3 46 0 8 2.959106
7 38 0 8 2.954268
47 52 0 8 2.927743
20 57 0 8 2.921685
17 31 0 8 2.886479
13 25 0 8 2.886325
47 53 0 8 2.883220
50 60 0 8 2.850508
33 45 0 8 2.846938
17 64 0 8 2.826514
31 65 0 8 2.821994
49 57 0 8 2.808610
59 65 0 8 2.777685
16 27 0 8 2.773627
13 32 0 8 2.769386
14 34 0 8 2.729697
5 68 0 8 2.726239
4 54 0 8 2.722648
24 29 0 8 2.718147
7 39 0 8 2.709597
9 15 0 8 2.666912
16 24 0 8 2.664078
33 41 0 8 2.662009
52 66 0 8 2.660786
22 37 0 8 2.653695
42 61 0 8 2.633589
20 26 0 8 2.628726
7 19 0 8 2.623517
13 18 0 8 2.616881
10 44 0 8 2.613991
13 38 0 8 2.595248
10 40 0 8 2.587520
1 48 0 8 2.576479
1 47 0 8 2.571931
21 29 0 8 2.567669
24 31 0 8 2.504471
2 24 0 8 2.503171
40 66 0 8 2.475965
11 25 0 8 2.465216
48 59 0 8 2.461952
32 51 0 8 2.448673
24 42 0 8 2.423019
11 35 0 8 2.420199
32 39 0 8 2.392616
22 58 0 8 2.389152
21 32 0 8 2.378311
3 29 0 8 2.376889
8 45 0 8 2.375832
19 38 0 8 2.364160
39 62 0 8 2.322909
14 30 0 8 2.315141
52 67 0 8 2.296448
38 45 0 8 2.286980
9 37 0 8 2.276823
20 40 0 8 2.256149
49 67 0 8 2.252234
7 50 0 8 2.248396
17 33 0 8 2.244558
5 52 0 8 2.227542
46 55 0 8 2.209099
36 56 0 8 2.206678
11 42 0 8 2.206437
22 30 0 8 2.202381
27 33 0 8 2.181921
51 62 0 8 2.180837
6 35 0 8 2.178748
41 49 0 8 2.158089
18 32 0 8 2.140315
16 26 0 8 2.123302
48 67 0 8 2.121745
6 46 0 8 2.120307
5 46 0 8 2.108814
54 64 0 8 2.089692
9 40 0 8 2.085077
18 43 0 8 2.069390
21 30 0 8 2.047958
17 54 0 8 2.046130
5 48 0 8 2.014107
31 55 0 8 2.013803
20 34 0 8 2.011099
20 44 0 8 2.007987
19 58 0 8 1.970899
17 53 0 8 1.956467
9 57 0 8 1.944908
12 56 0 8 1.936931
12 21 0 8 1.936695
4 67 0 8 1.932092
36 48 0 8 1.929968
37 60 0 8 1.925932
14 25 0 8 1.922967
7 68 0 8 1.921077
5 49 0 8 1.916848
6 12 0 8 1.916069
14 58 0 8 1.912341
14 32 0 8 1.908082
34 54 0 8 1.900647
14 40 0 8 1.893053
30 49 0 8 1.891185
18 28 0 8 1.870524
17 32 0 8 1.851363
18 31 0 8 1.848469
10 19 0 8 1.847273
41 66 0 8 1.847165
50 57 0 8 1.833762
16 40 0 8 1.824205
23 38 0 8 1.807957
8 46 0 8 1.805274
19 61 0 8 1.796880
13 28 0 8 1.796030
10 36 0 8 1.779545
28 51 0 8 1.772721
42 66 0 8 1.772054
11 31 0 8 1.766709
56 64 0 8 1.765028
20 27 0 8 1.757302
5 19 0 8 1.736853
30 45 0 8 1.729007
14 22 0 8 1.719005
8 35 0 8 1.707713
3 59 0 8 1.701330
25 59 0 8 1.693937
3 58 0 8 1.690964
11 48 0 8 1.690596
40 53 0 8 1.690314
6 39 0 8 1.685025
2 43 0 8 1.684306
22 40 0 8 1.683763
54 66 0 8 1.679508
4 61 0 8 1.675936
23 34 0 8 1.664348
47 59 0 8 1.661702
21 36 0 8 1.636125
18 30 0 8 1.634211
6 43 0 8 1.632827
32 55 0 8 1.625238
30 44 0 8 1.621688
33 56 0 8 1.615908
23 45 0 8 1.613197
25 54 0 8 1.595169
7 29 0 8 1.593052
4 46 0 8 1.589773
2 29 0 8 1.581980
23 67 0 8 1.577635
6 19 0 8 1.553618
17 28 0 8 1.541729
31 47 0 8 1.531929
34 41 0 8 1.529224
27 35 0 8 1.518665
20 33 0 8 1.518165
17 36 0 8 1.517840
25 65 0 8 1.513962
18 35 0 8 1.508664
52 62 0 8 1.508424
21 28 0 8 1.505922
16 47 0 8 1.496516
38 60 0 8 1.492764
2 63 0 8 1.485546
6 63 0 8 1.484085
3 68 0 8 1.480588
24 63 0 8 1.479329
30 63 0 8 1.465811
25 38 0 8 1.459420
15 45 0 8 1.457354
21 34 0 8 1.446201
37 44 0 8 1.440984
28 35 0 8 1.438718
18 48 0 8 1.434668
26 31 0 8 1.410689
14 49 0 8 1.400864
34 60 0 8 1.399803
39 51 0 8 1.387868
16 51 0 8 1.383770
53 67 0 8 1.370951
27 43 0 8 1.364824
22 61 0 8 1.357055
51 63 0 8 1.353842
3 56 0 8 1.351565
20 58 0 8 1.350406
19 56 0 8 1.349703
35 43 0 8 1.337178
30 52 0 8 1.336145
15 60 0 8 1.335528
14 36 0 8 1.320786
3 26 0 8 1.320175
13 68 0 8 1.311834
29 58 0 8 1.305861
39 46 0 8 1.301095
22 53 0 8 1.287581
51 61 0 8 1.286067
24 32 0 8 1.283478
17 22 0 8 1.278205
6 42 0 8 1.268188
2 12 0 8 1.265882
4 25 0 8 1.265766
49 65 0 8 1.257432
1 67 0 8 1.246185
9 42 0 8 1.245735
3 22 0 8 1.238737
42 53 0 8 1.237421
8 26 0 8 1.233409
47 55 0 8 1.216913
5 60 0 8 1.214551
15 56 0 8 1.212473
2 9 0 8 1.207818
20 28 0 8 1.206345
10 38 0 8 1.198619
15 59 0 8 1.192083
16 42 0 8 1.184195
49 56 0 8 1.180753
42 58 0 8 1.174074
4 52 0 8 1.171110
37 45 0 8 1.170832
10 20 0 8 1.170020
13 55 0 8 1.166825
34 42 0 8 1.165745
28 62 0 8 1.162738
26 43 0 8 1.155079
25 37 0 8 1.152922
20 64 0 8 1.151215
18 65 0 8 1.147026
53 64 0 8 1.142130
37 59 0 8 1.136487
14 45 0 8 1.135595
14 51 0 8 1.132575
41 65 0 8 1.129688
26 63 0 8 1.129217
20 68 0 8 1.125956
1 19 0 8 1.125006
24 30 0 8 1.110898
10 35 0 8 1.100644
38 68 0 8 1.098280
5 61 0 8 1.097512
43 56 0 8 1.090425
42 65 0 8 1.086446
11 60 0 8 1.082564
2 47 0 8 1.081210
4 64 0 8 1.078990
24 61 0 8 1.074938
3 42 0 8 1.070024
31 42 0 8 1.066469
14 31 0 8 1.066024
31 61 0 8 1.058885
37 47 0 8 1.055942
6 36 0 8 1.047520
22 41 0 8 1.044477
42 67 0 8 1.042708
23 47 0 8 1.040314
12 63 0 8 1.038559
37 54 0 8 1.036720
31 62 0 8 1.029308
40 52 0 8 1.025360
6 20 0 8 1.020978
10 63 0 8 1.005617
4 9 0 8 1.003894
8 24 0 8 1.000648
43 49 0 8 0.983376
8 54 0 8 0.983242
55 61 0 8 0.982121
18 25 0 8 0.979782
18 27 0 8 0.969576
41 68 0 8 0.953831
13 62 0 8 0.953569
10 66 0 8 0.952783
4 49 0 8 0.949721
27 57 0 8 0.948880
9 33 0 8 0.948576
31 49 0 8 0.946751
47 61 0 8 0.945216
44 56 0 8 0.940433
42 49 0 8 0.938507
11 47 0 8 0.938174
10 24 0 8 0.931626
47 66 0 8 0.927122
54 67 0 8 0.926699
45 60 0 8 0.922835
14 48 0 8 0.904319
26 32 0 8 0.894803
1 40 0 8 0.890998
46 66 0 8 0.887955
30 67 0 8 0.886007
3 18 0 8 0.883339
15 63 0 8 0.879925
2 18 0 8 0.875647
25 47 0 8 0.875045
48 61 0 8 0.871707
28 58 0 8 0.869754
13 21 0 8 0.861028
26 35 0 8 0.850427
8 40 0 8 0.838874
10 59 0 8 0.831031
9 39 0 8 0.827406
5 47 0 8 0.825993
6 34 0 8 0.825097
3 63 0 8 0.814999
2 46 0 8 0.800337
14 27 0 8 0.799010
45 65 0 8 0.797346
16 65 0 8 0.795955
12 41 0 8 0.794445
14 55 0 8 0.784529
1 44 0 8 0.783997
17 58 0 8 0.780899
32 62 0 8 0.773259
1 50 0 8 0.762269
6 32 0 8 0.759787
28 40 0 8 0.750924
44 63 0 8 0.742004
16 67 0 8 0.741267
58 65 0 8 0.740069
41 52 0 8 0.739119
47 68 0 8 0.738964
12 59 0 8 0.738578
40 63 0 8 0.737996
27 40 0 8 0.737371
16 44 0 8 0.735638
44 55 0 8 0.734862
27 34 0 8 0.730879
60 68 0 8 0.729483
5 67 0 8 0.729044
17 35 0 8 0.728805
46 51 0 8 0.728285
7 26 0 8 0.726662
6 50 0 8 0.724324
21 63 0 8 0.723388
38 44 0 8 0.721036
25 68 0 8 0.721036
38 47 0 8 0.717424
46 65 0 8 0.706084
40 65 0 8 0.702540
7 14 0 8 0.701922
51 56 0 8 0.699103
46 64 0 8 0.698460
28 61 0 8 0.697849
3 17 0 8 0.697783
15 54 0 8 0.696347
32 59 0 8 0.690719
9 41 0 8 0.689359
11 66 0 8 0.687925
19 35 0 8 0.687815
11 22 0 8 0.682746
18 29 0 8 0.675435
6 64 0 8 0.670226
36 60 0 8 0.670005
20 43 0 8 0.665614
24 36 0 8 0.662030
27 45 0 8 0.661261
31 38 0 8 0.660279
53 65 0 8 0.655958
18 52 0 8 0.653110
35 51 0 8 0.652894
19 31 0 8 0.651125
5 40 0 8 0.643583
52 60 0 8 0.637980
1 68 0 8 0.637903
6 41 0 8 0.636247
18 62 0 8 0.634503
55 64 0 8 0.633480
6 22 0 8 0.626253
1 30 0 8 0.625884
15 57 0 8 0.621987
24 64 0 8 0.621158
13 27 0 8 0.617539
33 43 0 8 0.615516
14 29 0 8 0.604057
3 34 0 8 0.584230
30 42 0 8 0.584174
4 34 0 8 0.579563
7 20 0 8 0.578785
15 50 0 8 0.573434
15 67 0 8 0.570154
10 27 0 8 0.566837
40 61 0 8 0.565341
34 44 0 8 0.563219
2 28 0 8 0.561536
1 60 0 8 0.558679
21 65 0 8 0.557748
45 53 0 8 0.556893
9 31 0 8 0.555046
4 57 0 8 0.550475
19 54 0 8 0.550304
26 45 0 8 0.546475
12 36 0 8 0.546440
2 15 0 8 0.538750
32 38 0 8 0.538018
21 35 0 8 0.537699
5 36 0 8 0.536164
31 37 0 8 0.535475
19 34 0 8 0.535209
1 31 0 8 0.525504
17 46 0 8 0.521885
26 60 0 8 0.521444
7 65 0 8 0.521256
25 45 0 8 0.520506
9 35 0 8 0.519647
30 54 0 8 0.516707
49 54 0 8 0.516233
28 43 0 8 0.513598
15 35 0 8 0.513138
2 25 0 8 0.510322
24 57 0 8 0.500793
19 53 0 8 0.498700
7 49 0 8 0.490169
39 60 0 8 0.487179
12 58 0 8 0.486072
25 40 0 8 0.483755
28 49 0 8 0.471415
48 62 0 8 0.471127
1 39 0 8 0.468179
2 34 0 8 0.467499
5 12 0 8 0.465422
11 49 0 8 0.464453
23 66 0 8 0.458174
1 54 0 8 0.457745
7 45 0 8 0.455948
13 51 0 8 0.455699
22 52 0 8 0.446219
18 56 0 8 0.440703
4 62 0 8 0.439036
46 68 0 8 0.435538
26 51 0 8 0.431220
61 68 0 8 0.430553
2 32 0 8 0.430158
16 61 0 8 0.422656
4 42 0 8 0.422444
28 55 0 8 0.420848
49 63 0 8 0.415562
22 65 0 8 0.414416
18 46 0 8 0.414042
21 51 0 8 0.413733
48 64 0 8 0.400133
17 52 0 8 0.399955
11 52 0 8 0.394841
17 37 0 8 0.394323
53 62 0 8 0.393965
31 60 0 8 0.389248
9 17 0 8 0.387948
43 52 0 8 0.385027
4 26 0 8 0.384876
3 49 0 8 0.384296
1 14 0 8 0.382993
19 68 0 8 0.382638
8 19 0 8 0.382275
10 68 0 8 0.378151
19 47 0 8 0.372495
23 59 0 8 0.370852
8 67 0 8 0.369278
11 53 0 8 0.358767
33 68 0 8 0.350571
2 26 0 8 0.346850
25 66 0 8 0.342787
2 13 0 8 0.341454
9 53 0 8 0.340615
18 24 0 8 0.335973
12 64 0 8 0.332190
5 45 0 8 0.331876
4 22 0 8 0.328985
10 62 0 8 0.325586
49 60 0 8 0.323550
56 67 0 8 0.321288
14 37 0 8 0.320863
16 28 0 8 0.319495
18 33 0 8 0.314561
48 57 0 8 0.314160
1 66 0 8 0.307239
35 67 0 8 0.297917
11 23 0 8 0.294693
38 67 0 8 0.293267
7 17 0 8 0.292953
26 48 0 8 0.289813
53 66 0 8 0.285107
2 21 0 8 0.284704
46 62 0 8 0.283491
61 66 0 8 0.282122
29 42 0 8 0.280470
17 66 0 8 0.278194
48 66 0 8 0.268084
41 67 0 8 0.262888
8 52 0 8 0.260765
16 23 0 8 0.246820
54 62 0 8 0.243966
32 68 0 8 0.243949
30 50 0 8 0.243479
3 40 0 8 0.242149
28 63 0 8 0.240058
6 29 0 8 0.238359
29 39 0 8 0.234507
14 67 0 8 0.233459
37 64 0 8 0.229828
4 18 0 8 0.226289
44 65 0 8 0.224509
44 50 0 8 0.220850
12 48 0 8 0.217687
53 60 0 8 0.216781
56 65 0 8 0.215153
32 50 0 8 0.211959
36 64 0 8 0.211502
9 46 0 8 0.207152
43 62 0 8 0.203228
2 38 0 8 0.203133
20 39 0 8 0.197451
18 64 0 8 0.197283
47 65 0 8 0.196782
15 33 0 8 0.191689
11 45 0 8 0.189012
60 65 0 8 0.183224
6 28 0 8 0.180672
20 66 0 8 0.179472
15 55 0 8 0.179059
50 62 0 8 0.175050
48 68 0 8 0.173163
35 62 0 8 0.172601
7 54 0 8 0.170970
39 64 0 8 0.169127
59 66 0 8 0.165984
22 56 0 8 0.165082
8 50 0 8 0.160519
8 23 0 8 0.160475
53 59 0 8 0.157048
32 60 0 8 0.156499
36 50 0 8 0.156014
12 43 0 8 0.153665
58 67 0 8 0.152496
56 66 0 8 0.152378
17 49 0 8 0.152320
41 58 0 8 0.151963
8 61 0 8 0.151267
35 57 0 8 0.150386
44 53 0 8 0.150001
16 62 0 8 0.147830
16 58 0 8 0.147201
26 61 0 8 0.143870
4 31 0 8 0.143775
25 41 0 8 0.142067
2 67 0 8 0.140787
10 55 0 8 0.139388
1 36 0 8 0.139346
48 53 0 8 0.138979
19 39 0 8 0.137735
4 50 0 8 0.135822
4 45 0 8 0.133949
11 64 0 8 0.132326
31 45 0 8 0.131682
34 68 0 8 0.131609
38 66 0 8 0.128540
13 41 0 8 0.128188
25 46 0 8 0.127759
62 67 0 8 0.126375
35 42 0 8 0.125251
52 63 0 8 0.123436
6 14 0 8 0.121908
8 38 0 8 0.120249
1 16 0 8 0.119940
11 59 0 8 0.118293
23 33 0 8 0.111594
29 37 0 8 0.111593
8 65 0 8 0.107695
55 62 0 8 0.106854
58 68 0 8 0.105604
22 64 0 8 0.100984
10 25 0 8 0.100124
2 59 0 8 0.100085
31 41 0 8 0.099044
4 11 0 8 0.098488
1 10 0 8 0.096898
44 58 0 8 0.096318
11 55 0 8 0.094377
29 60 0 8 0.092437
47 67 0 8 0.088715
56 61 0 8 0.087678
32 65 0 8 0.081811
3 14 0 8 0.079295
44 57 0 8 0.079087
48 54 0 8 0.078594
7 35 0 8 0.075393
62 68 0 8 0.069985
51 67 0 8 0.065724
20 63 0 8 0.064940
31 51 0 8 0.059936
27 61 0 8 0.058037
23 39 0 8 0.057928
28 38 0 8 0.054844
57 62 0 8 0.051537
35 54 0 8 0.050488
4 19 0 8 0.041591
33 39 0 8 0.041320
30 62 0 8 0.039537
12 68 0 8 0.038147
40 45 0 8 0.034726
13 39 0 8 0.030362
6 11 0 8 0.030297
16 25 0 8 0.028405
20 37 0 8 0.027420
60 67 0 8 0.020719
33 65 0 8 0.019248
22 60 0 8 0.016693
30 46 0 8 0.015792
24 65 0 8 0.014608
19 33 0 8 0.009565
15 49 0 8 0.008894
6 62 0 8 0.000806
19 26 0 8 -0.006241
4 65 0 8 -0.007637
27 56 0 8 -0.013968
32 56 0 8 -0.016352
1 26 0 8 -0.017672
48 56 0 8 -0.019808
8 55 0 8 -0.021214
30 56 0 8 -0.021959
40 46 0 8 -0.025084
37 66 0 8 -0.029525
51 65 0 8 -0.029987
9 68 0 8 -0.031181
19 36 0 8 -0.032680
42 62 0 8 -0.034290
3 24 0 8 -0.037329
8 37 0 8 -0.037412
49 64 0 8 -0.038316
1 25 0 8 -0.040641
17 68 0 8 -0.040789
1 64 0 8 -0.042980
1 17 0 8 -0.043002
38 64 0 8 -0.043664
44 49 0 8 -0.045645
24 62 0 8 -0.046629
26 62 0 8 -0.050480
44 68 0 8 -0.052703
20 62 0 8 -0.061718
22 68 0 8 -0.061991
18 42 0 8 -0.062770
8 59 0 8 -0.063270
16 39 0 8 -0.068972
30 48 0 8 -0.069189
14 61 0 8 -0.069942
37 56 0 8 -0.071749
25 32 0 8 -0.072145
37 65 0 8 -0.072462
16 41 0 8 -0.077422
31 53 0 8 -0.080018
8 63 0 8 -0.081525
15 39 0 8 -0.082836
2 56 0 8 -0.083231
1 49 0 8 -0.083590
25 67 0 8 -0.083592
1 61 0 8 -0.085239
18 26 0 8 -0.085500
9 29 0 8 -0.085687
1 52 0 8 -0.086933
4 55 0 8 -0.093991
32 37 0 8 -0.094841
55 66 0 8 -0.094932
12 60 0 8 -0.095056
7 22 0 8 -0.095133
32 48 0 8 -0.100395
36 52 0 8 -0.100432
30 66 0 8 -0.100559
20 55 0 8 -0.101620
13 66 0 8 -0.104915
31 39 0 8 -0.106603
28 39 0 8 -0.106807
43 66 0 8 -0.107028
1 46 0 8 -0.109343
21 62 0 8 -0.112694
7 31 0 8 -0.115636
46 58 0 8 -0.115841
2 66 0 8 -0.117011
38 65 0 8 -0.120201
6 52 0 8 -0.121884
34 49 0 8 -0.127727
8 53 0 8 -0.131449
3 50 0 8 -0.131635
19 40 0 8 -0.132202
32 49 0 8 -0.134094
23 53 0 8 -0.136782
18 39 0 8 -0.136995
28 36 0 8 -0.137555
52 59 0 8 -0.139390
2 16 0 8 -0.139487
5 38 0 8 -0.141047
1 28 0 8 -0.141596
35 49 0 8 -0.141717
17 43 0 8 -0.142814
49 61 0 8 -0.142943
2 52 0 8 -0.144930
57 65 0 8 -0.146089
25 64 0 8 -0.147421
2 19 0 8 -0.147469
1 51 0 8 -0.148471
10 39 0 8 -0.149814
24 44 0 8 -0.152179
24 45 0 8 -0.154995
10 49 0 8 -0.156708
34 46 0 8 -0.160074
4 30 0 8 -0.161857
25 34 0 8 -0.164674
36 62 0 8 -0.168498
50 64 0 8 -0.168706
32 43 0 8 -0.169484
1 57 0 8 -0.178214
19 46 0 8 -0.179995
6 60 0 8 -0.180106
15 22 0 8 -0.184035
15 51 0 8 -0.184298
41 56 0 8 -0.189838
2 58 0 8 -0.190819
6 17 0 8 -0.193053
22 51 0 8 -0.193378
4 41 0 8 -0.195579
8 47 0 8 -0.202459
18 60 0 8 -0.202681
9 47 0 8 -0.206179
28 65 0 8 -0.209472
3 33 0 8 -0.209801
6 31 0 8 -0.212810
20 50 0 8 -0.213467
41 62 0 8 -0.215138
28 44 0 8 -0.217321
49 62 0 8 -0.217983
2 62 0 8 -0.219114
42 50 0 8 -0.219193
35 50 0 8 -0.219560
1 9 0 8 -0.220691
38 51 0 8 -0.227047
18 68 0 8 -0.227338
14 24 0 8 -0.227970
35 68 0 8 -0.228263
21 58 0 8 -0.228337
55 68 0 8 -0.230811
2 30 0 8 -0.231687
24 59 0 8 -0.234068
52 68 0 8 -0.236603
18 50 0 8 -0.241767
44 51 0 8 -0.243889
24 33 0 8 -0.245163
20 25 0 8 -0.245866
9 60 0 8 -0.245997
27 63 0 8 -0.251192
10 28 0 8 -0.251473
1 41 0 8 -0.252260
9 24 0 8 -0.252876
29 68 0 8 -0.253132
28 34 0 8 -0.257193
8 36 0 8 -0.257279
7 42 0 8 -0.257999
33 49 0 8 -0.261628
43 48 0 8 -0.261765
28 48 0 8 -0.262208
27 44 0 8 -0.263616
23 28 0 8 -0.263799
12 40 0 8 -0.264592
18 53 0 8 -0.264736
3 27 0 8 -0.266858
16 45 0 8 -0.266923
4 23 0 8 -0.267095
12 27 0 8 -0.267730
8 30 0 8 -0.267835
16 46 0 8 -0.268880
42 68 0 8 -0.269691
34 43 0 8 -0.270116
1 27 0 8 -0.271878
32 54 0 8 -0.277476
16 55 0 8 -0.279877
8 66 0 8 -0.280038
28 67 0 8 -0.281338
11 20 0 8 -0.282196
2 11 0 8 -0.286262
56 68 0 8 -0.286666
36 68 0 8 -0.289336
17 51 0 8 -0.292285
10 57 0 8 -0.293887
38 50 0 8 -0.294263
31 68 0 8 -0.294790
43 60 0 8 -0.295308
16 29 0 8 -0.298325
1 55 0 8 -0.300304
2 64 0 8 -0.304334
22 38 0 8 -0.309650
25 39 0 8 -0.310501
30 47 0 8 -0.311346
48 58 0 8 -0.311721
21 44 0 8 -0.322990
1 23 0 8 -0.323512
18 59 0 8 -0.324124
1 62 0 8 -0.327426
6 61 0 8 -0.328779
18 55 0 8 -0.329445
16 68 0 8 -0.330232
4 39 0 8 -0.332334
1 21 0 8 -0.336581
31 57 0 8 -0.336725
28 68 0 8 -0.339910
9 51 0 8 -0.343157
24 39 0 8 -0.344872
24 67 0 8 -0.350648
28 59 0 8 -0.351808
12 49 0 8 -0.351872
2 20 0 8 -0.351980
38 55 0 8 -0.352120
15 27 0 8 -0.353103
31 40 0 8 -0.354315
53 58 0 8 -0.355493
43 64 0 8 -0.356589
3 10 0 8 -0.357150
42 55 0 8 -0.357607
3 47 0 8 -0.357676
11 29 0 8 -0.358629
3 28 0 8 -0.358816
26 54 0 8 -0.359774
9 59 0 8 -0.359910
2 51 0 8 -0.361121
6 18 0 8 -0.366254
11 57 0 8 -0.366764
44 62 0 8 -0.367005
8 15 0 8 -0.370361
4 60 0 8 -0.371545
31 59 0 8 -0.371646
13 34 0 8 -0.373336
9 56 0 8 -0.373653
1 34 0 8 -0.375731
35 52 0 8 -0.378076
41 59 0 8 -0.379059
1 20 0 8 -0.379229
19 65 0 8 -0.380587
50 55 0 8 -0.381185
26 42 0 8 -0.385659
35 48 0 8 -0.387098
11 51 0 8 -0.391570
26 39 0 8 -0.393725
41 51 0 8 -0.394292
31 36 0 8 -0.394538
35 40 0 8 -0.394841
2 41 0 8 -0.396674
31 52 0 8 -0.398022
36 43 0 8 -0.399826
53 68 0 8 -0.400399
25 31 0 8 -0.400800
3 19 0 8 -0.401871
26 44 0 8 -0.402046
43 68 0 8 -0.403052
22 31 0 8 -0.403483
7 23 0 8 -0.404354
4 14 0 8 -0.404974
58 64 0 8 -0.405004
20 31 0 8 -0.405267
29 56 0 8 -0.405446
5 10 0 8 -0.407277
13 53 0 8 -0.409527
20 41 0 8 -0.410711
30 60 0 8 -0.412206
39 65 0 8 -0.413546
56 62 0 8 -0.414398
18 45 0 8 -0.415760
20 54 0 8 -0.418600
1 32 0 8 -0.419690
5 51 0 8 -0.420923
27 68 0 8 -0.422064
8 51 0 8 -0.424165
25 50 0 8 -0.428681
25 55 0 8 -0.430912
18 38 0 8 -0.433814
21 48 0 8 -0.434226
11 26 0 8 -0.437161
58 66 0 8 -0.440132
40 64 0 8 -0.440275
1 7 0 8 -0.441520
28 52 0 8 -0.441536
41 57 0 8 -0.444568
9 62 0 8 -0.445831
18 61 0 8 -0.447123
15 44 0 8 -0.451007
50 68 0 8 -0.451511
15 46 0 8 -0.451527
29 45 0 8 -0.451678
4 43 0 8 -0.451738
49 59 0 8 -0.451832
21 37 0 8 -0.452874
18 40 0 8 -0.453271
30 39 0 8 -0.456139
12 23 0 8 -0.459268
1 22 0 8 -0.459927
12 51 0 8 -0.463832
2 22 0 8 -0.464960
53 61 0 8 -0.467354
2 10 0 8 -0.467581
1 18 0 8 -0.469433
28 33 0 8 -0.471069
17 57 0 8 -0.473197
20 61 0 8 -0.479348
6 26 0 8 -0.479820
33 42 0 8 -0.482182
22 66 0 8 -0.483106
15 68 0 8 -0.484297
2 45 0 8 -0.487421
51 59 0 8 -0.487773
4 28 0 8 -0.488910
4 32 0 8 -0.490643
57 68 0 8 -0.493045
16 34 0 8 -0.495496
1 6 0 8 -0.496350
43 63 0 8 -0.497678
57 64 0 8 -0.497878
1 11 0 8 -0.498819
22 27 0 8 -0.499364
2 17 0 8 -0.500223
26 40 0 8 -0.503693
2 61 0 8 -0.504003
2 39 0 8 -0.505661
4 35 0 8 -0.507241
24 47 0 8 -0.507522
2 14 0 8 -0.507769
11 41 0 8 -0.508504
16 43 0 8 -0.508651
59 68 0 8 -0.513722
21 52 0 8 -0.517524
16 32 0 8 -0.518252
23 51 0 8 -0.520654
13 19 0 8 -0.521658
20 65 0 8 -0.521959
14 39 0 8 -0.522539
3 23 0 8 -0.523345
24 51 0 8 -0.525000
45 50 0 8 -0.525272
15 64 0 8 -0.528112
27 50 0 8 -0.528359
27 38 0 8 -0.529327
52 57 0 8 -0.530052
16 60 0 8 -0.530815
11 58 0 8 -0.531261
11 44 0 8 -0.532070
51 68 0 8 -0.535315
1 59 0 8 -0.535867
4 48 0 8 -0.537804
18 51 0 8 -0.538600
16 35 0 8 -0.538732
17 34 0 8 -0.543795
20 46 0 8 -0.544662
14 26 0 8 -0.545781
23 42 0 8 -0.548678
32 42 0 8 -0.548717
2 68 0 8 -0.549938
2 44 0 8 -0.550119
2 55 0 8 -0.550619
6 30 0 8 -0.552337
3 51 0 8 -0.553102
23 62 0 8 -0.556784
50 63 0 8 -0.557208
37 62 0 8 -0.558530
5 33 0 8 -0.560921
17 62 0 8 -0.561240
44 52 0 8 -0.561683
30 64 0 8 -0.561998
36 53 0 8 -0.563787
4 13 0 8 -0.565334
23 40 0 8 -0.566862
11 67 0 8 -0.567100
43 51 0 8 -0.573935
50 61 0 8 -0.577103
18 58 0 8 -0.577702
23 68 0 8 -0.578001
55 63 0 8 -0.578329
19 51 0 8 -0.580443
23 44 0 8 -0.581025
40 68 0 8 -0.582860
9 23 0 8 -0.583842
12 22 0 8 -0.584092
31 46 0 8 -0.588662
18 47 0 8 -0.592920
27 32 0 8 -0.593132
15 41 0 8 -0.593947
33 53 0 8 -0.594337
3 52 0 8 -0.595274
3 66 0 8 -0.595667
2 36 0 8 -0.596284
1 24 0 8 -0.596385
14 28 0 8 -0.597710
28 60 0 8 -0.602467
13 43 0 8 -0.603029
15 31 0 8 -0.603167
30 40 0 8 -0.603454
2 65 0 8 -0.604077
19 30 0 8 -0.606724
11 32 0 8 -0.607866
10 22 0 8 -0.608709
3 55 0 8 -0.610592
28 42 0 8 -0.611073
5 13 0 8 -0.611362
14 46 0 8 -0.614625
25 52 0 8 -0.616477
18 23 0 8 -0.617853
26 59 0 8 -0.618573
47 63 0 8 -0.618981
7 32 0 8 -0.621303
13 67 0 8 -0.621562
32 52 0 8 -0.622164
51 64 0 8 -0.622229
17 50 0 8 -0.622579
17 24 0 8 -0.623298
2 50 0 8 -0.623777
2 31 0 8 -0.625262
16 49 0 8 -0.625679
6 54 0 8 -0.628217
12 67 0 8 -0.631566
6 58 0 8 -0.633069
5 59 0 8 -0.635061
30 68 0 8 -0.635099
49 68 0 8 -0.635132
37 68 0 8 -0.635701
50 58 0 8 -0.638629
32 61 0 8 -0.638826
13 24 0 8 -0.639362
8 62 0 8 -0.640026
10 43 0 8 -0.640375
1 15 0 8 -0.640393
1 53 0 8 -0.640530
36 67 0 8 -0.642754
13 65 0 8 -0.643008
15 23 0 8 -0.643186
10 51 0 8 -0.647523
11 56 0 8 -0.647523
40 48 0 8 -0.648763
20 45 0 8 -0.648921
17 63 0 8 -0.652775
6 68 0 8 -0.653094
1 13 0 8 -0.653570
1 29 0 8 -0.654377
16 54 0 8 -0.657965
5 56 0 8 -0.659045
30 65 0 8 -0.660091
32 64 0 8 -0.660215
4 33 0 8 -0.661256
54 61 0 8 -0.661758
26 68 0 8 -0.663387
27 62 0 8 -0.664044
6 47 0 8 -0.665270
33 48 0 8 -0.666900
21 31 0 8 -0.670502
2 35 0 8 -0.672076
57 63 0 8 -0.674754
12 18 0 8 -0.675172
5 63 0 8 -0.676035
34 62 0 8 -0.677825
7 63 0 8 -0.677980
30 58 0 8 -0.680103
22 28 0 8 -0.680263
34 63 0 8 -0.683882
51 66 0 8 -0.684637
22 44 0 8 -0.684819
20 30 0 8 -0.685215
14 33 0 8 -0.686282
52 61 0 8 -0.688463
3 67 0 8 -0.688483
3 11 0 8 -0.689323
27 55 0 8 -0.693361
15 62 0 8 -0.694021
33 61 0 8 -0.694358
8 68 0 8 -0.696768
21 39 0 8 -0.697486
34 57 0 8 -0.700348
39 68 0 8 -0.703140
20 51 0 8 -0.704512
6 65 0 8 -0.706623
31 67 0 8 -0.708864
34 58 0 8 -0.709537
12 62 0 8 -0.710275
2 8 0 8 -0.712315
22 49 0 8 -0.712561
42 56 0 8 -0.715035
33 62 0 8 -0.715662
47 57 0 8 -0.717725
2 7 0 8 -0.720080
39 52 0 8 -0.723059
36 57 0 8 -0.724599
63 68 0 8 -0.725624
39 63 0 8 -0.726686
34 65 0 8 -0.726936
28 50 0 8 -0.727303
45 67 0 8 -0.728563
25 63 0 8 -0.729134
8 34 0 8 -0.730984
51 58 0 8 -0.733123
18 63 0 8 -0.734842
37 57 0 8 -0.738120
16 21 0 8 -0.739521
18 67 0 8 -0.739867
40 51 0 8 -0.739925
2 54 0 8 -0.740013
32 63 0 8 -0.741823
26 46 0 8 -0.742068
36 54 0 8 -0.743012
5 11 0 8 -0.745849
7 41 0 8 -0.746336
50 66 0 8 -0.746913
21 54 0 8 -0.747368
3 31 0 8 -0.747472
12 42 0 8 -0.748048
17 56 0 8 -0.748383
34 66 0 8 -0.749351
9 28 0 8 -0.749754
12 28 0 8 -0.752149
20 67 0 8 -0.754517
5 42 0 8 -0.754586
37 67 0 8 -0.755617
26 57 0 8 -0.760235
46 63 0 8 -0.760893
43 67 0 8 -0.765702
46 57 0 8 -0.765800
5 32 0 8 -0.766492
17 42 0 8 -0.766627
21 67 0 8 -0.772687
10 31 0 8 -0.774868
25 62 0 8 -0.774876
13 47 0 8 -0.775614
1 63 0 8 -0.777537
46 61 0 8 -0.783534
14 47 0 8 -0.784156
6 27 0 8 -0.787409
13 31 0 8 -0.789671
17 23 0 8 -0.792832
12 25 0 8 -0.793686
17 26 0 8 -0.794373
25 61 0 8 -0.795812
13 54 0 8 -0.797975
47 56 0 8 -0.804662
47 58 0 8 -0.805140
40 55 0 8 -0.805268
5 17 0 8 -0.806814
29 55 0 8 -0.807300
11 50 0 8 -0.808301
60 66 0 8 -0.811775
19 25 0 8 -0.812450
27 47 0 8 -0.813912
12 52 0 8 -0.813970
3 57 0 8 -0.814614
28 66 0 8 -0.815658
7 56 0 8 -0.816620
32 58 0 8 -0.817151
24 56 0 8 -0.821952
19 55 0 8 -0.823452
7 37 0 8 -0.823561
25 56 0 8 -0.824470
15 37 0 8 -0.825439
30 59 0 8 -0.825994
36 47 0 8 -0.826627
42 52 0 8 -0.827915
11 40 0 8 -0.829222
10 26 0 8 -0.830111
4 10 0 8 -0.830500
4 68 0 8 -0.830806
33 58 0 8 -0.831172
61 67 0 8 -0.832489
3 62 0 8 -0.833721
1 65 0 8 -0.834176
30 43 0 8 -0.835416
28 41 0 8 -0.839319
20 32 0 8 -0.839559
34 67 0 8 -0.841415
4 20 0 8 -0.842598
13 58 0 8 -0.842980
29 43 0 8 -0.844828
39 50 0 8 -0.846823
14 42 0 8 -0.847092
25 51 0 8 -0.847431
9 22 0 8 -0.850180
39 56 0 8 -0.851826
15 43 0 8 -0.854478
35 47 0 8 -0.857541
15 26 0 8 -0.857922
28 54 0 8 -0.858415
17 39 0 8 -0.859102
31 48 0 8 -0.860267
11 68 0 8 -0.860526
31 63 0 8 -0.860760
32 44 0 8 -0.862530
43 53 0 8 -0.863377
3 39 0 8 -0.865299
6 37 0 8 -0.865783
16 38 0 8 -0.866634
44 61 0 8 -0.867101
43 61 0 8 -0.867696
29 40 0 8 -0.868137
37 51 0 8 -0.868643
7 57 0 8 -0.868913
10 21 0 8 -0.871414
38 61 0 8 -0.871416
1 58 0 8 -0.872269
13 29 0 8 -0.872963
1 35 0 8 -0.873856
48 55 0 8 -0.876137
28 45 0 8 -0.876799
27 60 0 8 -0.877455
27 48 0 8 -0.877846
5 20 0 8 -0.879648
11 16 0 8 -0.880214
43 58 0 8 -0.880454
4 56 0 8 -0.881398
52 64 0 8 -0.883081
55 60 0 8 -0.884169
30 51 0 8 -0.885104
22 32 0 8 -0.886607
6 24 0 8 -0.887761
23 65 0 8 -0.888294
1 42 0 8 -0.890358
12 26 0 8 -0.891153
39 57 0 8 -0.894290
32 67 0 8 -0.894351
34 45 0 8 -0.895666
8 41 0 8 -0.898372
4 59 0 8 -0.898979
2 23 0 8 -0.903537
15 28 0 8 -0.904241
5 54 0 8 -0.904257
7 21 0 8 -0.906163
39 54 0 8 -0.907863
23 55 0 8 -0.907899
18 44 0 8 -0.908912
37 46 0 8 -0.908939
42 51 0 8 -0.910348
6 51 0 8 -0.910439
20 48 0 8 -0.910467
50 65 0 8 -0.911607
47 62 0 8 -0.914325
19 28 0 8 -0.917483
34 39 0 8 -0.917707
22 43 0 8 -0.918707
11 61 0 8 -0.918814
22 62 0 8 -0.920269
13 63 0 8 -0.926612
11 21 0 8 -0.931173
34 61 0 8 -0.934035
31 43 0 8 -0.935331
15 30 0 8 -0.937006
40 59 0 8 -0.937462
4 53 0 8 -0.937944
42 57 0 8 -0.940447
7 28 0 8 -0.940476
15 58 0 8 -0.941760
26 67 0 8 -0.942203
39 67 0 8 -0.945193
10 32 0 8 -0.945926
13 59 0 8 -0.946420
54 68 0 8 -0.947017
36 51 0 8 -0.952902
17 27 0 8 -0.955174
7 60 0 8 -0.957005
3 54 0 8 -0.958725
21 59 0 8 -0.962160
32 53 0 8 -0.962779
27 51 0 8 -0.963720
46 59 0 8 -0.965510
41 64 0 8 -0.966389
3 32 0 8 -0.967046
42 47 0 8 -0.967836
51 60 0 8 -0.974692
1 43 0 8 -0.975366
4 58 0 8 -0.975994
36 66 0 8 -0.977463
45 62 0 8 -0.977591
12 54 0 8 -0.980587
12 29 0 8 -0.981484
18 49 0 8 -0.985070
27 36 0 8 -0.987642
15 36 0 8 -0.988028
29 67 0 8 -0.989979
25 48 0 8 -0.990327
3 15 0 8 -0.994063
29 65 0 8 -0.994349
28 46 0 8 -0.999080
21 68 0 8 -1.001922
35 60 0 8 -1.004951
28 56 0 8 -1.005279
10 65 0 8 -1.007371
36 44 0 8 -1.009487
5 44 0 8 -1.012623
28 37 0 8 -1.014004
34 48 0 8 -1.019209
17 44 0 8 -1.023158
3 16 0 8 -1.025458
18 54 0 8 -1.026129
44 64 0 8 -1.026662
11 19 0 8 -1.029609
3 53 0 8 -1.031263
11 62 0 8 -1.032045
36 45 0 8 -1.032051
40 49 0 8 -1.032202
3 20 0 8 -1.037234
32 40 0 8 -1.037477
11 30 0 8 -1.038055
26 56 0 8 -1.038902
45 52 0 8 -1.039158
8 48 0 8 -1.040373
43 55 0 8 -1.047701
29 51 0 8 -1.047931
4 38 0 8 -1.048825
2 49 0 8 -1.054087
13 23 0 8 -1.054714
32 45 0 8 -1.058933
44 59 0 8 -1.059560
26 55 0 8 -1.059672
14 62 0 8 -1.062190
38 58 0 8 -1.062286
17 65 0 8 -1.062779
23 32 0 8 -1.063673
45 68 0 8 -1.063771
42 48 0 8 -1.063974
4 21 0 8 -1.067946
16 56 0 8 -1.074773
11 18 0 8 -1.076530
3 9 0 8 -1.078540
33 44 0 8 -1.081074
29 62 0 8 -1.081600
37 58 0 8 -1.084671
30 38 0 8 -1.084757
24 68 0 8 -1.085384
35 65 0 8 -1.088246
5 55 0 8 -1.088943
9 58 0 8 -1.089746
38 52 0 8 -1.089769
13 52 0 8 -1.090010
9 54 0 8 -1.093401
8 22 0 8 -1.095057
1 8 0 8 -1.097005
14 43 0 8 -1.097807
47 54 0 8 -1.098801
39 58 0 8 -1.099995
10 34 0 8 -1.100392
30 35 0 8 -1.100960
45 64 0 8 -1.102111
2 37 0 8 -1.102130
40 50 0 8 -1.102156
48 63 0 8 -1.109914
1 33 0 8 -1.110890
3 38 0 8 -1.111676
52 65 0 8 -1.112556
29 44 0 8 -1.112993
3 12 0 8 -1.113320
9 64 0 8 -1.114024
6 23 0 8 -1.114862
6 56 0 8 -1.115317
27 53 0 8 -1.116280
21 56 0 8 -1.117323
14 66 0 8 -1.117398
30 61 0 8 -1.119884
24 38 0 8 -1.120020
22 55 0 8 -1.122577
40 67 0 8 -1.123506
13 30 0 8 -1.123657
4 17 0 8 -1.125107
13 50 0 8 -1.125303
4 66 0 8 -1.125785
16 66 0 8 -1.126150
24 46 0 8 -1.126426
31 58 0 8 -1.127866
36 63 0 8 -1.128814
41 50 0 8 -1.131526
16 48 0 8 -1.132392
18 36 0 8 -1.135853
36 59 0 8 -1.138741
31 44 0 8 -1.141032
23 60 0 8 -1.141173
19 62 0 8 -1.142736
1 37 0 8 -1.142825
57 66 0 8 -1.153436
28 53 0 8 -1.153983
4 24 0 8 -1.154641
40 54 0 8 -1.156603
54 65 0 8 -1.157296
13 61 0 8 -1.158868
25 60 0 8 -1.159201
41 54 0 8 -1.159370
3 30 0 8 -1.164591
11 34 0 8 -1.167157
8 28 0 8 -1.175479
9 20 0 8 -1.175864
11 39 0 8 -1.180377
6 40 0 8 -1.181713
7 34 0 8 -1.182154
15 65 0 8 -1.183085
8 21 0 8 -1.184544
14 41 0 8 -1.185132
5 14 0 8 -1.187653
4 63 0 8 -1.189135
45 58 0 8 -1.189474
12 34 0 8 -1.191047
14 68 0 8 -1.191302
16 57 0 8 -1.191358
8 42 0 8 -1.192395
22 34 0 8 -1.193368
28 47 0 8 -1.194217
28 64 0 8 -1.194988
11 65 0 8 -1.195551
54 59 0 8 -1.199825
5 58 0 8 -1.200398
5 28 0 8 -1.201771
18 37 0 8 -1.202901
27 67 0 8 -1.204398
38 62 0 8 -1.205768
21 60 0 8 -1.205779
1 38 0 8 -1.207783
9 55 0 8 -1.208539
7 62 0 8 -1.210247
21 42 0 8 -1.212134
27 39 0 8 -1.215327
11 46 0 8 -1.218167
39 44 0 8 -1.218896
26 38 0 8 -1.219453
21 45 0 8 -1.224184
24 58 0 8 -1.227057
12 20 0 8 -1.233616
45 61 0 8 -1.234083
2 27 0 8 -1.234472
21 64 0 8 -1.234832
26 65 0 8 -1.235997
52 58 0 8 -1.236305
19 32 0 8 -1.236417
14 50 0 8 -1.242487
28 57 0 8 -1.242741
35 66 0 8 -1.246031
5 34 0 8 -1.246512
46 52 0 8 -1.248982
9 52 0 8 -1.251499
29 50 0 8 -1.253805
12 65 0 8 -1.255234
38 56 0 8 -1.258123
15 32 0 8 -1.258959
24 66 0 8 -1.259138
5 62 0 8 -1.259712
13 42 0 8 -1.265563
16 31 0 8 -1.266472
6 49 0 8 -1.266831
51 57 0 8 -1.268289
27 64 0 8 -1.269921
32 46 0 8 -1.273770
23 41 0 8 -1.279161
1 56 0 8 -1.279746
6 67 0 8 -1.279757
26 64 0 8 -1.280384
7 48 0 8 -1.281873
11 28 0 8 -1.281994
57 67 0 8 -1.289176
19 45 0 8 -1.289322
8 60 0 8 -1.290421
7 67 0 8 -1.291542
23 48 0 8 -1.295617
5 53 0 8 -1.298222
24 52 0 8 -1.298482
4 47 0 8 -1.299357
40 62 0 8 -1.302061
23 50 0 8 -1.302174
34 50 0 8 -1.302268
21 53 0 8 -1.303277
49 66 0 8 -1.304960
34 59 0 8 -1.310777
12 44 0 8 -1.312239
12 45 0 8 -1.313036
22 48 0 8 -1.315076
8 49 0 8 -1.320038
31 56 0 8 -1.320412
6 16 0 8 -1.320903
42 63 0 8 -1.322746
35 63 0 8 -1.323758
45 59 0 8 -1.325208
5 30 0 8 -1.327956
18 57 0 8 -1.328389
3 48 0 8 -1.328793
43 59 0 8 -1.329615
26 36 0 8 -1.330747
5 29 0 8 -1.331526
26 49 0 8 -1.332760
41 61 0 8 -1.333118
37 52 0 8 -1.337019
23 61 0 8 -1.338517
37 49 0 8 -1.343054
17 48 0 8 -1.343374
23 37 0 8 -1.348441
22 29 0 8 -1.349952
49 58 0 8 -1.352270
21 55 0 8 -1.352447
16 52 0 8 -1.354181
36 65 0 8 -1.354369
27 37 0 8 -1.355478
4 29 0 8 -1.355590
21 40 0 8 -1.364093
8 27 0 8 -1.364841
2 42 0 8 -1.365011
25 42 0 8 -1.366454
25 49 0 8 -1.367986
26 52 0 8 -1.368687
20 49 0 8 -1.369538
40 57 0 8 -1.370312
8 14 0 8 -1.374967
36 42 0 8 -1.376365
39 47 0 8 -1.376809
25 30 0 8 -1.377664
35 44 0 8 -1.382255
32 66 0 8 -1.388705
8 13 0 8 -1.392208
13 40 0 8 -1.392728
3 37 0 8 -1.392848
41 60 0 8 -1.393574
26 41 0 8 -1.394167
20 29 0 8 -1.394381
39 55 0 8 -1.401329
32 41 0 8 -1.406652
39 59 0 8 -1.411878
2 60 0 8 -1.412142
17 60 0 8 -1.413820
17 30 0 8 -1.415361
6 48 0 8 -1.417021
4 16 0 8 -1.417471
26 50 0 8 -1.420804
18 66 0 8 -1.420977
34 52 0 8 -1.423384
44 66 0 8 -1.426524
15 66 0 8 -1.426577
7 59 0 8 -1.428853
15 40 0 8 -1.429117
10 46 0 8 -1.434550
33 50 0 8 -1.436249
16 59 0 8 -1.438530
13 26 0 8 -1.440270
29 41 0 8 -1.440752
34 64 0 8 -1.446780
42 64 0 8 -1.450235
4 15 0 8 -1.455603
29 35 0 8 -1.456511
2 40 0 8 -1.459595
9 44 0 8 -1.462200
19 24 0 8 -1.464563
35 46 0 8 -1.467755
38 63 0 8 -1.469412
40 56 0 8 -1.470238
1 12 0 8 -1.475716
10 18 0 8 -1.480348
5 23 0 8 -1.480591
22 47 0 8 -1.484912
3 13 0 8 -1.488365
34 51 0 8 -1.490891
46 53 0 8 -1.491041
13 49 0 8 -1.494035
20 38 0 8 -1.496897
40 60 0 8 -1.499296
8 32 0 8 -1.501142
7 51 0 8 -1.501592
37 63 0 8 -1.502150
39 49 0 8 -1.502714
9 18 0 8 -1.503722
42 60 0 8 -1.512556
39 61 0 8 -1.514442
11 27 0 8 -1.516254
15 48 0 8 -1.519428
12 32 0 8 -1.522042
3 43 0 8 -1.526449
16 50 0 8 -1.528407
26 53 0 8 -1.531231
13 37 0 8 -1.532779
32 57 0 8 -1.534112
14 65 0 8 -1.537063
7 13 0 8 -1.539154
24 41 0 8 -1.542436
2 53 0 8 -1.545255
27 49 0 8 -1.548073
31 66 0 8 -1.550702
53 63 0 8 -1.550849
7 25 0 8 -1.552258
15 21 0 8 -1.552694
7 55 0 8 -1.553590
31 64 0 8 -1.557093
9 14 0 8 -1.557525
3 64 0 8 -1.558654
13 44 0 8 -1.562764
8 18 0 8 -1.565577
45 51 0 8 -1.571367
46 60 0 8 -1.573492
9 25 0 8 -1.574797
5 18 0 8 -1.578729
15 38 0 8 -1.579759
7 16 0 8 -1.580850
42 59 0 8 -1.582676
20 60 0 8 -1.583140
6 53 0 8 -1.586703
19 41 0 8 -1.590459
13 56 0 8 -1.591577
3 65 0 8 -1.595008
6 21 0 8 -1.596048
45 57 0 8 -1.598042
29 63 0 8 -1.598633
6 45 0 8 -1.599088
15 52 0 8 -1.599425
39 48 0 8 -1.599885
9 32 0 8 -1.601993
19 67 0 8 -1.602101
31 50 0 8 -1.602513
18 34 0 8 -1.603517
26 58 0 8 -1.606440
32 47 0 8 -1.611139
7 18 0 8 -1.613377
14 52 0 8 -1.613750
33 51 0 8 -1.615058
19 49 0 8 -1.615972
25 53 0 8 -1.618144
12 37 0 8 -1.618637
33 60 0 8 -1.619905
48 60 0 8 -1.620707
8 56 0 8 -1.624063
24 60 0 8 -1.624663
38 57 0 8 -1.626283
54 60 0 8 -1.626632
49 55 0 8 -1.627796
14 53 0 8 -1.628694
22 67 0 8 -1.632099
12 39 0 8 -1.633405
12 55 0 8 -1.636116
16 33 0 8 -1.636714
7 43 0 8 -1.640800
13 60 0 8 -1.642423
16 36 0 8 -1.643324
35 58 0 8 -1.643499
56 63 0 8 -1.649491
41 48 0 8 -1.650131
14 20 0 8 -1.653204
13 48 0 8 -1.654836
44 54 0 8 -1.657364
12 33 0 8 -1.661437
2 33 0 8 -1.664121
7 33 0 8 -1.664504
43 65 0 8 -1.667740
10 42 0 8 -1.667804
12 53 0 8 -1.669509
26 47 0 8 -1.671727
15 34 0 8 -1.671873
2 57 0 8 -1.674936
38 46 0 8 -1.675001
14 44 0 8 -1.675318
14 35 0 8 -1.676119
25 36 0 8 -1.677289
26 66 0 8 -1.681711
23 35 0 8 -1.687619
33 67 0 8 -1.687916
50 67 0 8 -1.688964
19 66 0 8 -1.690817
35 45 0 8 -1.692446
23 31 0 8 -1.694328
20 47 0 8 -1.695159
6 44 0 8 -1.696033
17 61 0 8 -1.699813
17 25 0 8 -1.706941
35 61 0 8 -1.708177
22 39 0 8 -1.713524
27 52 0 8 -1.715747
4 27 0 8 -1.717280
38 54 0 8 -1.717629
35 53 0 8 -1.728692
12 38 0 8 -1.734436
6 57 0 8 -1.735433
21 46 0 8 -1.736235
30 55 0 8 -1.736418
26 33 0 8 -1.741007
20 53 0 8 -1.743313
3 21 0 8 -1.749188
7 30 0 8 -1.750593
12 50 0 8 -1.750650
17 45 0 8 -1.750724
24 37 0 8 -1.751067
18 41 0 8 -1.752170
27 41 0 8 -1.752892
23 49 0 8 -1.755586
21 43 0 8 -1.757972
23 56 0 8 -1.759460
14 54 0 8 -1.760821
5 65 0 8 -1.768443
22 63 0 8 -1.768881
24 48 0 8 -1.769230
7 52 0 8 -1.769610
14 60 0 8 -1.771914
19 42 0 8 -1.774296
22 42 0 8 -1.778082
36 58 0 8 -1.779548
29 36 0 8 -1.780731
21 47 0 8 -1.782417
13 46 0 8 -1.785920
39 66 0 8 -1.787520
35 55 0 8 -1.788982
7 36 0 8 -1.790181
10 23 0 8 -1.792952
6 59 0 8 -1.796762
21 41 0 8 -1.799196
8 25 0 8 -1.806460
21 49 0 8 -1.806543
8 57 0 8 -1.806721
35 64 0 8 -1.811206
8 33 0 8 -1.817768
27 42 0 8 -1.818951
24 54 0 8 -1.819838
8 31 0 8 -1.820011
38 43 0 8 -1.824459
50 59 0 8 -1.825083
48 65 0 8 -1.830747
24 35 0 8 -1.831980
30 57 0 8 -1.835281
11 24 0 8 -1.835391
24 40 0 8 -1.835417
46 56 0 8 -1.839688
14 57 0 8 -1.850616
36 49 0 8 -1.851956
17 29 0 8 -1.855023
7 15 0 8 -1.855898
19 50 0 8 -1.870060
5 39 0 8 -1.877524
22 54 0 8 -1.877603
25 35 0 8 -1.881242
19 48 0 8 -1.884589
9 63 0 8 -1.887678
34 47 0 8 -1.889756
26 37 0 8 -1.892745
11 63 0 8 -1.893574
15 25 0 8 -1.899983
19 44 0 8 -1.900589
5 22 0 8 -1.911898
17 67 0 8 -1.914190
17 59 0 8 -1.917981
14 59 0 8 -1.918168
10 54 0 8 -1.918274
9 16 0 8 -1.920343
40 58 0 8 -1.920365
14 38 0 8 -1.925578
45 56 0 8 -1.926779
23 63 0 8 -1.931330
8 29 0 8 -1.937123
12 30 0 8 -1.938095
6 33 0 8 -1.938834
11 36 0 8 -1.939046
43 57 0 8 -1.940212
37 53 0 8 -1.944257
24 34 0 8 -1.947038
54 63 0 8 -1.947719
9 19 0 8 -1.956370
12 47 0 8 -1.958715
11 43 0 8 -1.960299
41 55 0 8 -1.962226
24 55 0 8 -1.962608
35 41 0 8 -1.963542
20 52 0 8 -1.964631
6 66 0 8 -1.965980
29 38 0 8 -1.975561
4 37 0 8 -1.988918
50 56 0 8 -1.991387
7 24 0 8 -1.991774
14 56 0 8 -1.992132
11 37 0 8 -1.993244
16 64 0 8 -1.995044
37 48 0 8 -2.000270
4 36 0 8 -2.009126
11 38 0 8 -2.019274
5 21 0 8 -2.021014
4 12 0 8 -2.021446
16 53 0 8 -2.027339
5 31 0 8 -2.028125
34 55 0 8 -2.028639
20 36 0 8 -2.032853
9 43 0 8 -2.045408
13 33 0 8 -2.046894
5 16 0 8 -2.060029
12 46 0 8 -2.064909
39 45 0 8 -2.065313
34 53 0 8 -2.066812
5 24 0 8 -2.068893
6 55 0 8 -2.070204
39 53 0 8 -2.072976
9 26 0 8 -2.076511
44 67 0 8 -2.081190
36 46 0 8 -2.082483
11 17 0 8 -2.094620
25 58 0 8 -2.096999
14 64 0 8 -2.098855
45 63 0 8 -2.101065
4 40 0 8 -2.102372
33 63 0 8 -2.108143
27 54 0 8 -2.109003
15 47 0 8 -2.120305
15 53 0 8 -2.122456
8 39 0 8 -2.129812
9 48 0 8 -2.134722
23 64 0 8 -2.136893
24 49 0 8 -2.143615
8 58 0 8 -2.144313
27 65 0 8 -2.161639
17 47 0 8 -2.161695
13 45 0 8 -2.167693
30 36 0 8 -2.168606
36 41 0 8 -2.174695
9 50 0 8 -2.181448
5 43 0 8 -2.183084
9 34 0 8 -2.183150
13 64 0 8 -2.188515
3 35 0 8 -2.204006
36 61 0 8 -2.210857
22 50 0 8 -2.213391
13 57 0 8 -2.215863
10 58 0 8 -2.228100
37 50 0 8 -2.228927
10 48 0 8 -2.232342
30 41 0 8 -2.238506
47 60 0 8 -2.240876
30 37 0 8 -2.243674
34 56 0 8 -2.248805
7 47 0 8 -2.253247
27 46 0 8 -2.255460
8 44 0 8 -2.262569
20 59 0 8 -2.266246
8 20 0 8 -2.267976
17 55 0 8 -2.270513
41 63 0 8 -2.273401
12 35 0 8 -2.273875
24 53 0 8 -2.279142
17 40 0 8 -2.280781
12 24 0 8 -2.303529
38 53 0 8 -2.314575
9 21 0 8 -2.315079
9 45 0 8 -2.318496
45 54 0 8 -2.319013
23 30 0 8 -2.322982
9 61 0 8 -2.336511
35 59 0 8 -2.339016
21 61 0 8 -2.346219
19 63 0 8 -2.347423
38 49 0 8 -2.349849
9 67 0 8 -2.353334
10 50 0 8 -2.353446
19 52 0 8 -2.358402
21 50 0 8 -2.360647
42 54 0 8 -2.367516
27 58 0 8 -2.368175
7 58 0 8 -2.374337
9 65 0 8 -2.396149
7 53 0 8 -2.403315
22 59 0 8 -2.404488
35 56 0 8 -2.405535
24 50 0 8 -2.405697
31 54 0 8 -2.406073
37 43 0 8 -2.407563
11 33 0 8 -2.418035
10 61 0 8 -2.439478
5 26 0 8 -2.441121
12 66 0 8 -2.441371
23 29 0 8 -2.445841
7 27 0 8 -2.448887
29 66 0 8 -2.452221
10 52 0 8 -2.453858
19 29 0 8 -2.458893
22 46 0 8 -2.462955
45 66 0 8 -2.464727
10 56 0 8 -2.468284
29 57 0 8 -2.470838
20 56 0 8 -2.490742
22 33 0 8 -2.497234
3 61 0 8 -2.499003
12 57 0 8 -2.534158
14 63 0 8 -2.549862
13 22 0 8 -2.551452
25 33 0 8 -2.559959
5 57 0 8 -2.561383
21 57 0 8 -2.580220
27 59 0 8 -2.616323
23 52 0 8 -2.617260
25 57 0 8 -2.646312
27 66 0 8 -2.648089
33 57 0 8 -2.650144
30 53 0 8 -2.659591
9 27 0 8 -2.664367
29 46 0 8 -2.668424
29 49 0 8 -2.695622
33 46 0 8 -2.700495
8 17 0 8 -2.706560
6 15 0 8 -2.713465
7 44 0 8 -2.720862
45 55 0 8 -2.728582
36 55 0 8 -2.751726
37 61 0 8 -2.756192
5 25 0 8 -2.768950
37 55 0 8 -2.770632
38 59 0 8 -2.784595
22 35 0 8 -2.788591
19 43 0 8 -2.790911
33 64 0 8 -2.794755
10 45 0 8 -2.794992
19 64 0 8 -2.799310
33 55 0 8 -2.800702
3 36 0 8 -2.819787
33 66 0 8 -2.826251
17 38 0 8 -2.832865
23 36 0 8 -2.854463
5 50 0 8 -2.857710
9 49 0 8 -2.888813
15 29 0 8 -2.915898
41 47 0 8 -2.940623
12 31 0 8 -2.944908
33 59 0 8 -2.959806
47 64 0 8 -2.993922
21 66 0 8 -2.995810
19 37 0 8 -3.000611
19 27 0 8 -3.045821
5 35 0 8 -3.053042
9 66 0 8 -3.064582
3 60 0 8 -3.068702
29 54 0 8 -3.100089
5 64 0 8 -3.122633
8 43 0 8 -3.135699
10 60 0 8 -3.149625
29 61 0 8 -3.155188
29 52 0 8 -3.162115
3 8 0 8 -3.170636
10 37 0 8 -3.183406
33 38 0 8 -3.183771
10 30 0 8 -3.193807
10 47 0 8 -3.208955
29 64 0 8 -3.210879
10 67 0 8 -3.218903
7 61 0 8 -3.242167
40 47 0 8 -3.264829
10 29 0 8 -3.325479
7 40 0 8 -3.368888
10 53 0 8 -3.384212
7 46 0 8 -3.399709
9 30 0 8 -3.456925
29 53 0 8 -3.459727
15 20 0 8 -3.478545
21 38 0 8 -3.508128
16 22 0 8 -3.604165
7 12 0 8 -3.622195
5 27 0 8 -3.623477
33 54 0 8 -3.699556
10 41 0 8 -3.716302
19 59 0 8 -3.752558
11 54 0 8 -3.762698
5 37 0 8 -3.829567
17 41 0 8 -3.881836
15 24 0 8 -3.926940
33 47 0 8 -3.949081
14 23 0 8 -3.992201
38 48 0 8 -4.174507
10 33 0 8 -4.176281
