26 77 0 8 17.881891
10 22 0 8 13.784096
13 20 0 8 13.186128
47 55 0 8 12.409542
24 57 0 8 12.198930
13 18 0 8 11.263385
19 48 0 8 8.838172
7 22 0 8 8.710741
21 30 0 8 8.258422
19 34 0 8 7.498908
47 52 0 8 6.694196
5 10 0 8 6.538335
19 44 0 8 6.066301
21 52 0 8 5.939478
43 55 0 8 5.275078
24 53 0 8 5.192722
17 31 0 8 5.101410
20 48 0 8 5.060435
26 80 0 8 5.050519
56 70 0 8 4.754417
23 52 0 8 4.667879
60 65 0 8 4.535625
5 20 0 8 4.493171
74 80 0 8 4.425406
18 29 0 8 4.391105
23 56 0 8 4.166660
59 65 0 8 4.064348
34 45 0 8 3.814213
18 31 0 8 3.801861
19 30 0 8 3.778751
19 47 0 8 3.633892
6 11 0 8 3.443268
33 54 0 8 3.421067
33 63 0 8 3.406048
23 30 0 8 3.376528
20 78 0 8 3.326253
7 16 0 8 3.274629
16 35 0 8 3.193366
41 58 0 8 3.156209
50 59 0 8 2.936534
35 41 0 8 2.920451
36 41 0 8 2.887306
33 46 0 8 2.863354
16 41 0 8 2.849231
55 66 0 8 2.805038
46 58 0 8 2.781998
36 67 0 8 2.744314
57 63 0 8 2.719130
36 71 0 8 2.718550
33 72 0 8 2.694569
35 42 0 8 2.677822
20 28 0 8 2.675978
44 59 0 8 2.644716
46 56 0 8 2.639336
25 57 0 8 2.637330
24 70 0 8 2.614835
10 81 0 8 2.593927
28 79 0 8 2.581380
52 59 0 8 2.570498
47 54 0 8 2.557006
22 49 0 8 2.545435
4 80 0 8 2.531790
7 41 0 8 2.525154
28 73 0 8 2.506564
6 39 0 8 2.506347
22 81 0 8 2.481328
75 81 0 8 2.468180
8 73 0 8 2.464660
51 60 0 8 2.457503
16 24 0 8 2.446589
36 68 0 8 2.425611
16 45 0 8 2.416327
33 67 0 8 2.405941
69 80 0 8 2.383482
30 42 0 8 2.377192
8 35 0 8 2.376111
26 74 0 8 2.375726
3 77 0 8 2.358156
18 45 0 8 2.339546
10 78 0 8 2.333204
22 50 0 8 2.317520
12 32 0 8 2.301229
41 54 0 8 2.300621
60 70 0 8 2.287796
23 28 0 8 2.273410
46 54 0 8 2.268485
30 45 0 8 2.257806
36 69 0 8 2.247978
25 77 0 8 2.240947
32 67 0 8 2.234996
21 46 0 8 2.211963
55 64 0 8 2.210743
23 55 0 8 2.204364
22 51 0 8 2.179408
33 76 0 8 2.163642
14 25 0 8 2.160014
50 57 0 8 2.158687
17 42 0 8 2.156992
23 60 0 8 2.154396
13 48 0 8 2.131654
21 32 0 8 2.128170
36 76 0 8 2.127868
63 68 0 8 2.124802
14 29 0 8 2.117050
56 62 0 8 2.106935
8 46 0 8 2.101212
13 28 0 8 2.093606
27 79 0 8 2.085197
2 77 0 8 2.078345
3 32 0 8 2.060112
56 64 0 8 2.053561
51 57 0 8 2.034815
4 35 0 8 2.020030
48 79 0 8 2.009939
30 43 0 8 1.996806
12 24 0 8 1.992596
22 52 0 8 1.965735
62 71 0 8 1.964784
21 58 0 8 1.958557
30 73 0 8 1.948450
64 70 0 8 1.937260
64 69 0 8 1.930726
18 48 0 8 1.923887
14 20 0 8 1.921841
12 39 0 8 1.908521
70 75 0 8 1.897129
45 50 0 8 1.883107
20 56 0 8 1.878053
24 45 0 8 1.865420
57 70 0 8 1.865366
27 48 0 8 1.856324
43 54 0 8 1.843237
8 47 0 8 1.837507
26 43 0 8 1.827915
46 66 0 8 1.827107
3 10 0 8 1.817999
42 59 0 8 1.809054
12 37 0 8 1.807393
41 68 0 8 1.776289
24 74 0 8 1.774222
21 47 0 8 1.772861
68 81 0 8 1.772653
51 65 0 8 1.772644
52 68 0 8 1.766838
14 48 0 8 1.759801
4 25 0 8 1.758484
49 73 0 8 1.740598
30 41 0 8 1.740078
6 37 0 8 1.738820
18 42 0 8 1.737688
7 36 0 8 1.736196
47 76 0 8 1.734826
5 46 0 8 1.732046
6 12 0 8 1.709077
33 55 0 8 1.705233
5 45 0 8 1.693251
63 73 0 8 1.689037
11 72 0 8 1.676687
3 9 0 8 1.674577
23 50 0 8 1.669085
19 57 0 8 1.654428
20 79 0 8 1.645678
33 59 0 8 1.634650
11 16 0 8 1.633147
60 72 0 8 1.630609
23 47 0 8 1.625195
50 56 0 8 1.622341
57 76 0 8 1.613036
32 47 0 8 1.612655
39 52 0 8 1.600947
35 53 0 8 1.597175
55 70 0 8 1.593481
27 49 0 8 1.590006
2 26 0 8 1.576389
18 70 0 8 1.562905
52 74 0 8 1.558958
9 44 0 8 1.556399
10 27 0 8 1.548937
32 72 0 8 1.548859
72 80 0 8 1.545734
32 68 0 8 1.545621
68 74 0 8 1.545589
34 67 0 8 1.544955
42 54 0 8 1.543139
25 42 0 8 1.528384
44 67 0 8 1.520511
36 58 0 8 1.512016
14 73 0 8 1.509360
56 61 0 8 1.497557
5 79 0 8 1.493335
30 44 0 8 1.491991
12 17 0 8 1.491040
50 58 0 8 1.490750
55 73 0 8 1.487861
32 71 0 8 1.486182
45 54 0 8 1.481625
21 77 0 8 1.471652
17 41 0 8 1.467919
46 60 0 8 1.463413
20 31 0 8 1.461140
54 67 0 8 1.456385
25 81 0 8 1.454420
63 69 0 8 1.445852
26 53 0 8 1.440765
17 48 0 8 1.436111
2 80 0 8 1.425764
8 23 0 8 1.424089
25 80 0 8 1.422615
66 76 0 8 1.420453
21 72 0 8 1.420225
32 41 0 8 1.402990
4 22 0 8 1.399149
63 71 0 8 1.395585
29 46 0 8 1.395322
9 76 0 8 1.394148
71 77 0 8 1.386625
53 62 0 8 1.385447
22 53 0 8 1.385020
17 75 0 8 1.384931
34 78 0 8 1.384549
42 69 0 8 1.381090
29 36 0 8 1.380344
16 25 0 8 1.379275
7 34 0 8 1.373583
12 78 0 8 1.369192
30 57 0 8 1.363793
18 49 0 8 1.355847
44 75 0 8 1.355750
11 24 0 8 1.344073
56 63 0 8 1.336250
33 38 0 8 1.330735
60 66 0 8 1.324755
31 37 0 8 1.320876
23 73 0 8 1.318532
42 74 0 8 1.317263
60 69 0 8 1.309438
53 80 0 8 1.309432
10 56 0 8 1.308015
55 62 0 8 1.304035
20 29 0 8 1.303269
53 61 0 8 1.302121
66 75 0 8 1.301350
60 68 0 8 1.300808
14 46 0 8 1.299804
63 79 0 8 1.296814
66 71 0 8 1.280398
36 44 0 8 1.277322
25 36 0 8 1.271302
6 18 0 8 1.265958
7 46 0 8 1.256910
28 63 0 8 1.256422
12 23 0 8 1.249624
9 39 0 8 1.247624
58 75 0 8 1.247573
9 15 0 8 1.246045
62 68 0 8 1.240265
43 52 0 8 1.240006
24 81 0 8 1.234743
6 24 0 8 1.228417
15 33 0 8 1.228111
4 41 0 8 1.227924
40 60 0 8 1.225214
14 43 0 8 1.217298
47 74 0 8 1.209361
29 76 0 8 1.208162
7 33 0 8 1.201952
14 31 0 8 1.199876
33 74 0 8 1.191743
44 78 0 8 1.184829
9 32 0 8 1.184576
28 56 0 8 1.180823
11 22 0 8 1.179774
3 12 0 8 1.177799
62 76 0 8 1.177330
9 49 0 8 1.169735
10 35 0 8 1.168614
5 48 0 8 1.168040
3 35 0 8 1.167272
3 78 0 8 1.166558
41 70 0 8 1.165847
7 75 0 8 1.159625
28 33 0 8 1.159618
31 46 0 8 1.151203
21 45 0 8 1.149901
42 81 0 8 1.149512
24 48 0 8 1.148715
41 78 0 8 1.145053
59 73 0 8 1.136468
7 32 0 8 1.136240
17 28 0 8 1.107898
26 51 0 8 1.104096
12 18 0 8 1.103809
32 49 0 8 1.101637
33 40 0 8 1.097809
51 69 0 8 1.095467
15 28 0 8 1.095008
25 43 0 8 1.094590
28 81 0 8 1.090804
40 79 0 8 1.087434
36 50 0 8 1.087353
46 71 0 8 1.083041
6 20 0 8 1.082323
64 72 0 8 1.079941
33 75 0 8 1.076674
18 56 0 8 1.074586
15 21 0 8 1.073079
25 34 0 8 1.071051
4 11 0 8 1.068579
35 44 0 8 1.068564
34 55 0 8 1.066207
21 76 0 8 1.064782
9 75 0 8 1.063871
5 28 0 8 1.063177
43 51 0 8 1.060811
47 53 0 8 1.058114
45 71 0 8 1.057222
9 36 0 8 1.056275
42 49 0 8 1.046860
7 59 0 8 1.045684
55 60 0 8 1.044392
32 74 0 8 1.044273
17 35 0 8 1.042712
13 27 0 8 1.039981
53 60 0 8 1.038762
65 70 0 8 1.038625
7 54 0 8 1.036450
45 80 0 8 1.035994
36 59 0 8 1.035107
31 50 0 8 1.034528
10 25 0 8 1.034014
28 74 0 8 1.026087
5 81 0 8 1.018482
44 55 0 8 1.018298
11 19 0 8 1.015386
34 74 0 8 1.011883
44 68 0 8 1.000049
48 64 0 8 0.999611
33 58 0 8 0.997412
27 35 0 8 0.991405
9 27 0 8 0.991100
44 60 0 8 0.990902
7 43 0 8 0.990563
34 43 0 8 0.990178
43 63 0 8 0.985577
13 46 0 8 0.980136
42 78 0 8 0.977013
31 38 0 8 0.976016
9 16 0 8 0.974618
60 67 0 8 0.971601
33 68 0 8 0.964752
38 53 0 8 0.958185
29 75 0 8 0.955828
35 77 0 8 0.945318
67 76 0 8 0.944989
62 74 0 8 0.931869
6 31 0 8 0.926710
55 69 0 8 0.925988
19 31 0 8 0.924343
21 43 0 8 0.919614
28 55 0 8 0.919601
19 70 0 8 0.917298
3 64 0 8 0.917195
42 77 0 8 0.914439
69 76 0 8 0.913786
11 81 0 8 0.912120
26 54 0 8 0.903740
31 45 0 8 0.903612
22 54 0 8 0.901843
11 39 0 8 0.901679
56 71 0 8 0.896362
39 61 0 8 0.884629
11 50 0 8 0.884617
63 70 0 8 0.875272
37 45 0 8 0.874367
21 36 0 8 0.868007
47 57 0 8 0.867119
8 64 0 8 0.866228
31 63 0 8 0.864379
17 70 0 8 0.862415
30 47 0 8 0.860114
50 77 0 8 0.858146
19 80 0 8 0.857658
33 62 0 8 0.855294
14 19 0 8 0.850971
3 26 0 8 0.849272
23 49 0 8 0.848160
42 57 0 8 0.843547
12 25 0 8 0.842069
16 34 0 8 0.830935
25 51 0 8 0.825209
27 63 0 8 0.823688
29 73 0 8 0.822545
43 58 0 8 0.821017
42 66 0 8 0.819786
3 34 0 8 0.817035
54 78 0 8 0.815180
10 24 0 8 0.811800
2 54 0 8 0.810761
42 64 0 8 0.810171
4 77 0 8 0.808669
67 72 0 8 0.807647
44 74 0 8 0.802773
8 14 0 8 0.801069
20 68 0 8 0.799827
18 32 0 8 0.798005
67 73 0 8 0.797496
10 45 0 8 0.796020
70 77 0 8 0.794510
12 74 0 8 0.790480
3 22 0 8 0.781461
40 55 0 8 0.781085
27 43 0 8 0.778800
1 27 0 8 0.778490
66 81 0 8 0.777454
13 31 0 8 0.777362
54 59 0 8 0.774736
50 64 0 8 0.774158
8 52 0 8 0.774012
30 36 0 8 0.773677
8 27 0 8 0.770144
13 42 0 8 0.769576
8 19 0 8 0.765709
23 70 0 8 0.765038
24 50 0 8 0.764823
8 26 0 8 0.764465
6 79 0 8 0.764146
61 76 0 8 0.762892
39 49 0 8 0.762572
50 75 0 8 0.762447
61 75 0 8 0.757848
28 77 0 8 0.753016
3 16 0 8 0.750284
15 25 0 8 0.747073
58 65 0 8 0.746858
1 19 0 8 0.744402
2 42 0 8 0.742452
15 22 0 8 0.742314
24 72 0 8 0.738011
49 55 0 8 0.735286
8 17 0 8 0.735058
39 73 0 8 0.732202
10 48 0 8 0.729144
56 72 0 8 0.729019
3 80 0 8 0.725761
35 60 0 8 0.721608
19 54 0 8 0.720553
47 68 0 8 0.719502
29 55 0 8 0.717775
35 51 0 8 0.716100
4 14 0 8 0.715072
35 45 0 8 0.707290
44 61 0 8 0.702559
11 31 0 8 0.697377
53 65 0 8 0.696953
28 80 0 8 0.696866
3 63 0 8 0.695441
8 34 0 8 0.695394
29 45 0 8 0.694737
26 49 0 8 0.693921
8 72 0 8 0.692572
1 11 0 8 0.688930
17 36 0 8 0.687487
29 59 0 8 0.686746
66 74 0 8 0.685492
30 61 0 8 0.682317
46 72 0 8 0.681184
55 79 0 8 0.678994
29 69 0 8 0.674450
4 30 0 8 0.673390
49 79 0 8 0.671293
27 78 0 8 0.671125
4 81 0 8 0.666372
8 42 0 8 0.662272
35 74 0 8 0.658424
47 78 0 8 0.651923
50 65 0 8 0.651008
46 78 0 8 0.649459
2 64 0 8 0.648388
57 69 0 8 0.645112
8 20 0 8 0.644196
12 40 0 8 0.643274
25 45 0 8 0.641729
35 46 0 8 0.641449
21 55 0 8 0.635972
13 79 0 8 0.635474
5 11 0 8 0.634856
70 76 0 8 0.634564
5 34 0 8 0.634158
53 73 0 8 0.633670
14 42 0 8 0.631872
34 62 0 8 0.629772
1 10 0 8 0.629755
43 48 0 8 0.628904
2 15 0 8 0.625652
54 81 0 8 0.625019
30 64 0 8 0.622723
70 78 0 8 0.621372
1 16 0 8 0.618777
42 76 0 8 0.616724
5 14 0 8 0.615436
14 50 0 8 0.613913
31 66 0 8 0.613751
22 56 0 8 0.613543
23 51 0 8 0.613168
10 28 0 8 0.610519
44 56 0 8 0.609565
22 57 0 8 0.607309
9 61 0 8 0.605953
9 56 0 8 0.604556
8 22 0 8 0.600112
62 79 0 8 0.599130
11 76 0 8 0.597513
27 44 0 8 0.595808
31 77 0 8 0.590658
51 63 0 8 0.589280
9 24 0 8 0.586444
29 67 0 8 0.584882
3 71 0 8 0.584645
19 24 0 8 0.581291
23 71 0 8 0.580771
58 68 0 8 0.580558
24 59 0 8 0.580424
3 42 0 8 0.576918
51 56 0 8 0.574475
40 75 0 8 0.567936
14 52 0 8 0.567918
44 64 0 8 0.567630
41 56 0 8 0.565115
41 71 0 8 0.564055
12 61 0 8 0.562129
9 43 0 8 0.562035
68 75 0 8 0.561781
31 48 0 8 0.558239
28 62 0 8 0.558165
23 29 0 8 0.557243
2 71 0 8 0.554042
24 37 0 8 0.553742
36 54 0 8 0.549014
27 36 0 8 0.548743
53 58 0 8 0.548448
11 61 0 8 0.546391
42 73 0 8 0.539187
8 78 0 8 0.537830
21 50 0 8 0.535176
4 59 0 8 0.534410
35 68 0 8 0.533153
46 73 0 8 0.531923
31 72 0 8 0.530187
47 81 0 8 0.526750
15 24 0 8 0.524289
41 79 0 8 0.523473
21 33 0 8 0.521949
19 58 0 8 0.521927
11 73 0 8 0.521680
52 64 0 8 0.521208
15 81 0 8 0.519969
41 75 0 8 0.516527
16 78 0 8 0.515723
40 53 0 8 0.515545
28 49 0 8 0.514761
12 73 0 8 0.514596
28 61 0 8 0.514572
13 78 0 8 0.510839
21 70 0 8 0.510831
17 33 0 8 0.510527
18 39 0 8 0.510447
29 35 0 8 0.510038
1 46 0 8 0.509009
6 38 0 8 0.507813
51 62 0 8 0.507446
66 80 0 8 0.507315
7 19 0 8 0.507050
25 65 0 8 0.506477
27 32 0 8 0.505847
19 61 0 8 0.505807
9 81 0 8 0.504787
24 32 0 8 0.501256
34 57 0 8 0.500944
9 72 0 8 0.500916
14 45 0 8 0.498220
9 14 0 8 0.494299
2 67 0 8 0.490618
62 69 0 8 0.490235
34 59 0 8 0.488674
26 73 0 8 0.485321
9 55 0 8 0.479888
35 81 0 8 0.478412
19 50 0 8 0.477758
7 25 0 8 0.475278
27 39 0 8 0.474365
17 63 0 8 0.474363
33 43 0 8 0.473849
43 73 0 8 0.473684
1 22 0 8 0.469491
56 80 0 8 0.469103
9 17 0 8 0.467998
5 21 0 8 0.466529
41 74 0 8 0.464795
6 59 0 8 0.463680
19 43 0 8 0.461903
58 66 0 8 0.460521
6 16 0 8 0.460485
21 54 0 8 0.460227
46 68 0 8 0.459902
24 60 0 8 0.459862
27 38 0 8 0.458117
46 69 0 8 0.457821
7 58 0 8 0.456360
2 10 0 8 0.455096
25 30 0 8 0.454553
28 60 0 8 0.452470
8 16 0 8 0.450961
41 76 0 8 0.450761
21 57 0 8 0.449853
10 44 0 8 0.449733
28 35 0 8 0.448602
21 74 0 8 0.447783
29 56 0 8 0.443444
9 78 0 8 0.442915
36 42 0 8 0.440208
3 62 0 8 0.438255
23 45 0 8 0.437992
58 77 0 8 0.435339
26 57 0 8 0.434898
4 53 0 8 0.434865
49 65 0 8 0.429245
24 54 0 8 0.429223
48 54 0 8 0.428597
9 74 0 8 0.428277
40 59 0 8 0.427775
2 16 0 8 0.427662
18 44 0 8 0.427004
8 58 0 8 0.422723
4 38 0 8 0.422598
33 45 0 8 0.422529
2 66 0 8 0.422100
8 32 0 8 0.420650
45 78 0 8 0.420035
34 61 0 8 0.419869
64 73 0 8 0.418932
25 67 0 8 0.415702
49 76 0 8 0.415615
35 56 0 8 0.413689
44 72 0 8 0.413621
5 56 0 8 0.409533
48 71 0 8 0.409405
8 75 0 8 0.405825
11 18 0 8 0.404101
74 79 0 8 0.404056
38 60 0 8 0.403827
32 43 0 8 0.401565
13 22 0 8 0.400357
43 67 0 8 0.400304
72 77 0 8 0.397611
29 81 0 8 0.393475
49 57 0 8 0.392388
1 52 0 8 0.389404
17 66 0 8 0.389378
4 71 0 8 0.387287
27 81 0 8 0.384408
44 58 0 8 0.383319
71 78 0 8 0.383149
34 48 0 8 0.382906
19 39 0 8 0.379473
14 79 0 8 0.377580
11 36 0 8 0.376874
29 77 0 8 0.376544
31 39 0 8 0.376351
10 80 0 8 0.375498
37 65 0 8 0.370564
67 74 0 8 0.370144
54 61 0 8 0.369706
30 49 0 8 0.367676
55 63 0 8 0.366624
7 13 0 8 0.366056
19 60 0 8 0.364499
53 74 0 8 0.361920
2 11 0 8 0.361106
35 75 0 8 0.360379
34 41 0 8 0.359504
31 47 0 8 0.356790
15 46 0 8 0.356295
1 61 0 8 0.353664
16 29 0 8 0.353422
11 49 0 8 0.352277
13 45 0 8 0.351524
18 46 0 8 0.349968
59 67 0 8 0.347567
19 41 0 8 0.346870
5 66 0 8 0.345516
11 27 0 8 0.342747
28 67 0 8 0.340996
25 46 0 8 0.340187
38 44 0 8 0.337523
36 53 0 8 0.337019
1 33 0 8 0.336727
49 68 0 8 0.331423
6 17 0 8 0.330398
12 38 0 8 0.329779
13 19 0 8 0.329684
23 67 0 8 0.329037
62 73 0 8 0.327960
4 37 0 8 0.322438
28 70 0 8 0.321192
27 56 0 8 0.320294
2 40 0 8 0.319508
2 30 0 8 0.316084
37 53 0 8 0.315663
7 30 0 8 0.315611
3 65 0 8 0.315214
6 27 0 8 0.315055
2 27 0 8 0.312874
23 57 0 8 0.311939
27 80 0 8 0.311450
18 41 0 8 0.310865
22 65 0 8 0.310065
21 66 0 8 0.309691
13 63 0 8 0.302714
27 75 0 8 0.302196
23 41 0 8 0.301191
37 79 0 8 0.300751
68 79 0 8 0.300668
67 81 0 8 0.298857
10 76 0 8 0.297367
25 35 0 8 0.296819
45 56 0 8 0.295152
27 73 0 8 0.294381
9 35 0 8 0.294008
49 69 0 8 0.293902
5 78 0 8 0.293555
38 79 0 8 0.290059
3 44 0 8 0.286778
18 65 0 8 0.286697
30 76 0 8 0.285215
7 71 0 8 0.284330
12 41 0 8 0.283825
33 47 0 8 0.283041
14 58 0 8 0.282304
28 71 0 8 0.278076
22 47 0 8 0.276508
5 26 0 8 0.275782
44 71 0 8 0.273291
19 51 0 8 0.271488
8 36 0 8 0.269345
5 35 0 8 0.267278
10 31 0 8 0.265132
63 76 0 8 0.264939
41 61 0 8 0.261760
36 43 0 8 0.258161
21 29 0 8 0.255661
38 52 0 8 0.251946
21 27 0 8 0.249282
1 66 0 8 0.247838
5 12 0 8 0.246698
1 32 0 8 0.236505
43 59 0 8 0.235622
5 25 0 8 0.234629
2 9 0 8 0.233600
8 50 0 8 0.233363
30 48 0 8 0.229195
23 42 0 8 0.227594
12 35 0 8 0.227421
59 77 0 8 0.227082
14 47 0 8 0.222727
1 17 0 8 0.220567
10 17 0 8 0.215322
3 27 0 8 0.213304
9 26 0 8 0.210361
52 75 0 8 0.208176
43 70 0 8 0.205751
14 24 0 8 0.204957
43 56 0 8 0.204661
29 58 0 8 0.198367
48 74 0 8 0.197689
30 58 0 8 0.196568
16 74 0 8 0.195846
52 63 0 8 0.195598
3 61 0 8 0.192989
24 68 0 8 0.192903
36 46 0 8 0.189766
16 36 0 8 0.188690
1 72 0 8 0.188282
38 66 0 8 0.186177
37 78 0 8 0.185476
11 17 0 8 0.184360
27 61 0 8 0.184342
6 74 0 8 0.183536
6 32 0 8 0.182728
1 71 0 8 0.179004
3 15 0 8 0.178746
4 17 0 8 0.177874
38 65 0 8 0.174966
54 64 0 8 0.174958
2 75 0 8 0.173766
14 39 0 8 0.171681
10 33 0 8 0.171643
25 75 0 8 0.171307
10 34 0 8 0.169891
13 29 0 8 0.169120
56 73 0 8 0.167996
15 59 0 8 0.167594
19 26 0 8 0.167485
57 62 0 8 0.167089
42 52 0 8 0.165412
40 54 0 8 0.165017
26 72 0 8 0.162154
27 59 0 8 0.160611
68 76 0 8 0.160385
57 74 0 8 0.159707
16 44 0 8 0.157936
10 65 0 8 0.156722
2 56 0 8 0.156526
4 46 0 8 0.155673
3 79 0 8 0.154175
12 71 0 8 0.153989
1 80 0 8 0.153657
27 51 0 8 0.153536
30 60 0 8 0.152498
29 48 0 8 0.152303
9 25 0 8 0.149273
16 32 0 8 0.147537
5 36 0 8 0.146836
14 32 0 8 0.144991
51 59 0 8 0.144742
22 27 0 8 0.144239
39 65 0 8 0.143897
19 27 0 8 0.143102
40 51 0 8 0.143047
32 58 0 8 0.141828
15 71 0 8 0.141781
40 52 0 8 0.141707
11 79 0 8 0.141697
50 68 0 8 0.140666
35 76 0 8 0.140663
14 41 0 8 0.140416
4 21 0 8 0.137333
17 27 0 8 0.136791
12 68 0 8 0.136295
61 77 0 8 0.136154
1 29 0 8 0.133928
9 23 0 8 0.133333
33 42 0 8 0.129555
40 65 0 8 0.128392
29 64 0 8 0.128381
25 64 0 8 0.128265
20 65 0 8 0.127862
34 51 0 8 0.127138
17 26 0 8 0.126815
32 76 0 8 0.126773
42 58 0 8 0.126548
11 25 0 8 0.126535
33 80 0 8 0.126498
23 63 0 8 0.126050
5 16 0 8 0.125769
7 12 0 8 0.125240
15 72 0 8 0.124391
15 32 0 8 0.123870
18 68 0 8 0.122851
4 57 0 8 0.122416
47 67 0 8 0.120793
5 77 0 8 0.120309
58 69 0 8 0.119959
62 78 0 8 0.118055
24 79 0 8 0.116897
10 77 0 8 0.115250
7 52 0 8 0.114561
2 39 0 8 0.113560
56 78 0 8 0.113225
4 39 0 8 0.111550
4 27 0 8 0.110254
50 55 0 8 0.110209
6 72 0 8 0.110174
25 59 0 8 0.109443
62 81 0 8 0.109171
9 50 0 8 0.108831
7 70 0 8 0.108694
10 16 0 8 0.108520
70 81 0 8 0.108103
10 36 0 8 0.105788
2 63 0 8 0.105455
23 61 0 8 0.105144
6 35 0 8 0.104992
37 73 0 8 0.104316
14 54 0 8 0.103697
15 50 0 8 0.101081
1 45 0 8 0.100662
70 80 0 8 0.100049
37 44 0 8 0.099362
8 49 0 8 0.099149
40 58 0 8 0.099088
21 44 0 8 0.098619
25 62 0 8 0.098498
16 80 0 8 0.094880
15 31 0 8 0.094094
8 62 0 8 0.092468
71 79 0 8 0.091903
73 81 0 8 0.091308
55 75 0 8 0.091133
62 80 0 8 0.091076
30 69 0 8 0.089150
5 27 0 8 0.087821
39 59 0 8 0.087364
12 75 0 8 0.086332
6 19 0 8 0.085061
9 57 0 8 0.084459
16 31 0 8 0.083623
8 41 0 8 0.083220
2 52 0 8 0.083015
38 49 0 8 0.082475
30 75 0 8 0.082266
26 61 0 8 0.080076
5 38 0 8 0.080013
24 51 0 8 0.078987
54 63 0 8 0.077677
15 48 0 8 0.077276
2 29 0 8 0.076827
61 68 0 8 0.074637
35 71 0 8 0.069733
1 53 0 8 0.069358
1 50 0 8 0.068912
47 71 0 8 0.067929
10 71 0 8 0.067720
25 44 0 8 0.067398
20 44 0 8 0.066019
34 75 0 8 0.065661
59 74 0 8 0.064224
45 64 0 8 0.063761
1 8 0 8 0.063755
28 48 0 8 0.063262
48 62 0 8 0.062371
4 76 0 8 0.062147
49 60 0 8 0.060712
24 40 0 8 0.060582
16 81 0 8 0.060128
35 49 0 8 0.059587
52 62 0 8 0.058272
40 63 0 8 0.058097
61 72 0 8 0.058074
22 61 0 8 0.056674
3 53 0 8 0.055782
15 54 0 8 0.054768
2 28 0 8 0.053970
18 23 0 8 0.052081
46 64 0 8 0.051931
32 62 0 8 0.051900
4 45 0 8 0.050203
6 67 0 8 0.049577
12 31 0 8 0.049196
57 67 0 8 0.047548
46 80 0 8 0.047051
44 76 0 8 0.045907
4 66 0 8 0.045320
12 59 0 8 0.044696
31 79 0 8 0.043916
13 26 0 8 0.043717
6 53 0 8 0.043642
64 76 0 8 0.043493
53 63 0 8 0.042575
7 72 0 8 0.040885
20 76 0 8 0.039355
15 58 0 8 0.039068
41 50 0 8 0.037324
37 52 0 8 0.034706
45 52 0 8 0.034507
16 21 0 8 0.032975
9 31 0 8 0.031532
33 61 0 8 0.031272
5 13 0 8 0.030888
3 54 0 8 0.030778
56 74 0 8 0.028913
2 55 0 8 0.028449
48 80 0 8 0.028415
9 68 0 8 0.027946
45 76 0 8 0.027119
41 65 0 8 0.024694
29 43 0 8 0.024138
61 66 0 8 0.023672
57 78 0 8 0.021802
27 34 0 8 0.019339
1 30 0 8 0.019187
1 74 0 8 0.019110
12 44 0 8 0.017799
7 31 0 8 0.017640
42 75 0 8 0.016940
1 79 0 8 0.016404
4 28 0 8 0.016044
7 17 0 8 0.013475
1 57 0 8 0.013342
11 52 0 8 0.013065
27 71 0 8 0.012273
26 35 0 8 0.011095
41 80 0 8 0.010981
40 73 0 8 0.010803
11 23 0 8 0.010491
21 71 0 8 0.008173
4 40 0 8 0.007834
50 67 0 8 0.007243
35 40 0 8 0.007178
16 76 0 8 0.006953
44 49 0 8 0.006911
21 34 0 8 0.006363
28 38 0 8 0.005884
59 78 0 8 0.005865
2 72 0 8 0.004095
22 76 0 8 0.003480
25 47 0 8 0.003319
23 62 0 8 0.002778
15 49 0 8 0.002650
25 70 0 8 0.002053
1 48 0 8 -0.000532
26 70 0 8 -0.001286
46 55 0 8 -0.001289
12 48 0 8 -0.001823
2 61 0 8 -0.001882
58 70 0 8 -0.002274
33 70 0 8 -0.002821
19 65 0 8 -0.004130
2 62 0 8 -0.004738
1 26 0 8 -0.005254
42 61 0 8 -0.005827
3 66 0 8 -0.009201
12 46 0 8 -0.009873
4 52 0 8 -0.010523
1 42 0 8 -0.011814
51 58 0 8 -0.012320
3 49 0 8 -0.013988
32 42 0 8 -0.014391
10 26 0 8 -0.016531
4 44 0 8 -0.016905
24 41 0 8 -0.016944
1 20 0 8 -0.018912
6 40 0 8 -0.019228
1 24 0 8 -0.019325
5 54 0 8 -0.019383
11 48 0 8 -0.019729
42 50 0 8 -0.019998
34 39 0 8 -0.020131
21 80 0 8 -0.020304
3 30 0 8 -0.023607
48 59 0 8 -0.023638
25 38 0 8 -0.023953
53 76 0 8 -0.025811
36 55 0 8 -0.026356
2 65 0 8 -0.026461
20 71 0 8 -0.026571
12 81 0 8 -0.028065
4 32 0 8 -0.030665
1 65 0 8 -0.030788
11 32 0 8 -0.031290
23 36 0 8 -0.031795
50 60 0 8 -0.032030
8 39 0 8 -0.032387
25 48 0 8 -0.033188
57 65 0 8 -0.033344
1 44 0 8 -0.034741
44 63 0 8 -0.035458
1 67 0 8 -0.037069
5 17 0 8 -0.037220
25 74 0 8 -0.037414
24 42 0 8 -0.038251
61 78 0 8 -0.038334
3 13 0 8 -0.039091
37 59 0 8 -0.039472
29 71 0 8 -0.040167
31 75 0 8 -0.040495
1 6 0 8 -0.040592
36 74 0 8 -0.040715
3 50 0 8 -0.043420
12 79 0 8 -0.043499
14 21 0 8 -0.043829
2 48 0 8 -0.044391
19 32 0 8 -0.044745
1 25 0 8 -0.044847
1 62 0 8 -0.045222
14 71 0 8 -0.045463
44 57 0 8 -0.045847
7 47 0 8 -0.046050
65 79 0 8 -0.046712
6 73 0 8 -0.046880
1 69 0 8 -0.047207
4 18 0 8 -0.047873
27 66 0 8 -0.048557
11 77 0 8 -0.048815
9 66 0 8 -0.051550
43 81 0 8 -0.052280
42 79 0 8 -0.052914
37 49 0 8 -0.053166
5 47 0 8 -0.053233
26 75 0 8 -0.054353
20 37 0 8 -0.054598
55 61 0 8 -0.054877
49 64 0 8 -0.055003
15 20 0 8 -0.055300
39 71 0 8 -0.056398
43 57 0 8 -0.056998
1 12 0 8 -0.058334
22 70 0 8 -0.058367
37 55 0 8 -0.060783
26 79 0 8 -0.061083
1 40 0 8 -0.061894
51 66 0 8 -0.065107
7 45 0 8 -0.067140
73 79 0 8 -0.067182
38 69 0 8 -0.067437
51 79 0 8 -0.067967
4 15 0 8 -0.068130
18 34 0 8 -0.069584
52 61 0 8 -0.072273
1 35 0 8 -0.072631
5 41 0 8 -0.073354
12 42 0 8 -0.073861
22 45 0 8 -0.074393
43 50 0 8 -0.074645
15 78 0 8 -0.075590
35 73 0 8 -0.076440
27 37 0 8 -0.077167
15 67 0 8 -0.077958
3 20 0 8 -0.078843
46 79 0 8 -0.079411
42 70 0 8 -0.080235
14 28 0 8 -0.082120
1 38 0 8 -0.082524
18 53 0 8 -0.084158
49 54 0 8 -0.084290
3 72 0 8 -0.084636
34 76 0 8 -0.085065
12 58 0 8 -0.089959
17 72 0 8 -0.090126
1 54 0 8 -0.090827
39 78 0 8 -0.092612
29 38 0 8 -0.092742
22 78 0 8 -0.093428
65 75 0 8 -0.093509
29 70 0 8 -0.094267
38 43 0 8 -0.094322
24 78 0 8 -0.096168
10 79 0 8 -0.098430
27 72 0 8 -0.098470
3 14 0 8 -0.099275
17 30 0 8 -0.099586
16 58 0 8 -0.101179
2 81 0 8 -0.101351
10 18 0 8 -0.101453
36 61 0 8 -0.101723
23 64 0 8 -0.101790
46 77 0 8 -0.102726
17 54 0 8 -0.104780
62 75 0 8 -0.105239
4 33 0 8 -0.105617
15 23 0 8 -0.107347
14 69 0 8 -0.108979
64 71 0 8 -0.109093
29 68 0 8 -0.109227
31 62 0 8 -0.109532
41 62 0 8 -0.111459
33 64 0 8 -0.111640
39 51 0 8 -0.111822
37 63 0 8 -0.113335
9 80 0 8 -0.114757
20 74 0 8 -0.114796
52 58 0 8 -0.115876
58 71 0 8 -0.116209
4 48 0 8 -0.116625
5 30 0 8 -0.117111
71 81 0 8 -0.117470
11 66 0 8 -0.121051
22 64 0 8 -0.125234
17 45 0 8 -0.125649
8 65 0 8 -0.125824
5 50 0 8 -0.126184
2 51 0 8 -0.127964
48 63 0 8 -0.128422
4 68 0 8 -0.128970
8 68 0 8 -0.130464
1 41 0 8 -0.130580
49 62 0 8 -0.130661
41 48 0 8 -0.131078
1 76 0 8 -0.131497
45 73 0 8 -0.131826
21 51 0 8 -0.133017
50 71 0 8 -0.133033
14 27 0 8 -0.134903
46 81 0 8 -0.135063
32 45 0 8 -0.135135
22 73 0 8 -0.135806
64 81 0 8 -0.141126
30 68 0 8 -0.143118
45 67 0 8 -0.145367
36 51 0 8 -0.145670
25 69 0 8 -0.147541
22 41 0 8 -0.150987
38 50 0 8 -0.151766
3 23 0 8 -0.152603
38 45 0 8 -0.153324
31 81 0 8 -0.155226
15 29 0 8 -0.155294
31 78 0 8 -0.156715
22 28 0 8 -0.156785
39 60 0 8 -0.157031
46 74 0 8 -0.157326
2 58 0 8 -0.157344
53 77 0 8 -0.157617
1 23 0 8 -0.158835
1 60 0 8 -0.158890
42 68 0 8 -0.159546
21 59 0 8 -0.161384
26 50 0 8 -0.161854
55 76 0 8 -0.162564
35 64 0 8 -0.163255
3 28 0 8 -0.163807
1 49 0 8 -0.163912
1 39 0 8 -0.164010
12 34 0 8 -0.164042
1 7 0 8 -0.165670
17 32 0 8 -0.167105
18 81 0 8 -0.169072
6 47 0 8 -0.170899
54 68 0 8 -0.170905
32 81 0 8 -0.171492
52 60 0 8 -0.171569
9 37 0 8 -0.171620
42 60 0 8 -0.171767
2 79 0 8 -0.172730
3 38 0 8 -0.172966
61 67 0 8 -0.173465
1 64 0 8 -0.175017
31 40 0 8 -0.175430
49 67 0 8 -0.175996
5 67 0 8 -0.176094
36 62 0 8 -0.176201
9 34 0 8 -0.176262
18 75 0 8 -0.176460
20 38 0 8 -0.177123
1 28 0 8 -0.178754
52 70 0 8 -0.179120
68 77 0 8 -0.179145
1 13 0 8 -0.179701
54 75 0 8 -0.182475
1 37 0 8 -0.182610
24 29 0 8 -0.183615
58 64 0 8 -0.184168
1 51 0 8 -0.186581
19 79 0 8 -0.186866
17 74 0 8 -0.187225
30 72 0 8 -0.187716
39 50 0 8 -0.187747
37 50 0 8 -0.188750
10 64 0 8 -0.189928
1 15 0 8 -0.191079
1 14 0 8 -0.193076
6 76 0 8 -0.194662
29 39 0 8 -0.194798
12 70 0 8 -0.195077
2 73 0 8 -0.195675
36 64 0 8 -0.195977
30 80 0 8 -0.196122
1 31 0 8 -0.196657
2 23 0 8 -0.197350
49 78 0 8 -0.197823
9 30 0 8 -0.198164
61 71 0 8 -0.199101
1 18 0 8 -0.200073
3 51 0 8 -0.200152
16 46 0 8 -0.200571
7 61 0 8 -0.200653
16 75 0 8 -0.201086
60 75 0 8 -0.201188
13 32 0 8 -0.201421
18 61 0 8 -0.202790
43 60 0 8 -0.202887
12 49 0 8 -0.203025
26 60 0 8 -0.203085
1 73 0 8 -0.203291
43 72 0 8 -0.203714
30 52 0 8 -0.204171
33 65 0 8 -0.204473
44 77 0 8 -0.204825
3 68 0 8 -0.205350
39 81 0 8 -0.205410
66 73 0 8 -0.206427
53 81 0 8 -0.206583
20 47 0 8 -0.206640
26 78 0 8 -0.208274
19 59 0 8 -0.209525
12 36 0 8 -0.210083
1 77 0 8 -0.210814
51 74 0 8 -0.210965
9 62 0 8 -0.211208
37 60 0 8 -0.211694
65 80 0 8 -0.211904
25 66 0 8 -0.211942
30 77 0 8 -0.212575
51 80 0 8 -0.212676
7 65 0 8 -0.212956
28 76 0 8 -0.213474
38 78 0 8 -0.215261
65 72 0 8 -0.215942
7 35 0 8 -0.216015
49 70 0 8 -0.216023
17 59 0 8 -0.216180
34 40 0 8 -0.216910
40 66 0 8 -0.218418
69 81 0 8 -0.218777
19 53 0 8 -0.219784
6 64 0 8 -0.221096
32 52 0 8 -0.221433
7 14 0 8 -0.221467
7 81 0 8 -0.221645
38 81 0 8 -0.221724
16 62 0 8 -0.222537
3 39 0 8 -0.223247
13 50 0 8 -0.223435
9 29 0 8 -0.226491
39 48 0 8 -0.227225
1 75 0 8 -0.228421
34 79 0 8 -0.228812
52 73 0 8 -0.228817
8 81 0 8 -0.229116
59 66 0 8 -0.229333
4 16 0 8 -0.230527
31 61 0 8 -0.231297
1 81 0 8 -0.231317
26 63 0 8 -0.232473
8 71 0 8 -0.233540
21 64 0 8 -0.233581
15 47 0 8 -0.234557
3 81 0 8 -0.235098
7 53 0 8 -0.235571
43 74 0 8 -0.235728
2 38 0 8 -0.235772
44 51 0 8 -0.236704
40 50 0 8 -0.237001
40 48 0 8 -0.237420
20 27 0 8 -0.237860
43 69 0 8 -0.239246
16 66 0 8 -0.239814
33 66 0 8 -0.240458
15 40 0 8 -0.240826
24 35 0 8 -0.240951
22 31 0 8 -0.241172
50 70 0 8 -0.243549
52 80 0 8 -0.243597
25 76 0 8 -0.243809
16 30 0 8 -0.244242
34 64 0 8 -0.244423
34 68 0 8 -0.244770
29 44 0 8 -0.245125
26 69 0 8 -0.245297
2 69 0 8 -0.245435
14 63 0 8 -0.246733
35 80 0 8 -0.246862
1 9 0 8 -0.247646
54 66 0 8 -0.247676
15 39 0 8 -0.248243
2 76 0 8 -0.250474
1 78 0 8 -0.252308
4 34 0 8 -0.252966
11 64 0 8 -0.253535
33 81 0 8 -0.253940
8 18 0 8 -0.254014
1 55 0 8 -0.254585
16 37 0 8 -0.254796
13 36 0 8 -0.255296
40 61 0 8 -0.255549
47 72 0 8 -0.256313
37 43 0 8 -0.256645
37 81 0 8 -0.257065
14 44 0 8 -0.258181
20 33 0 8 -0.258462
31 80 0 8 -0.258849
43 78 0 8 -0.258959
31 76 0 8 -0.259723
8 79 0 8 -0.260158
29 40 0 8 -0.262780
16 48 0 8 -0.263411
66 72 0 8 -0.263962
11 26 0 8 -0.264258
9 38 0 8 -0.264558
34 47 0 8 -0.265616
32 80 0 8 -0.265900
17 73 0 8 -0.266171
28 39 0 8 -0.266188
47 65 0 8 -0.267060
27 62 0 8 -0.267323
27 45 0 8 -0.267535
33 69 0 8 -0.267709
53 70 0 8 -0.268372
28 40 0 8 -0.268533
1 59 0 8 -0.268906
24 38 0 8 -0.269704
20 60 0 8 -0.269916
7 23 0 8 -0.270101
15 30 0 8 -0.270916
48 81 0 8 -0.270951
48 78 0 8 -0.271281
38 73 0 8 -0.273767
7 42 0 8 -0.274602
11 35 0 8 -0.274647
2 49 0 8 -0.275730
17 71 0 8 -0.276564
34 72 0 8 -0.276746
39 66 0 8 -0.276829
20 41 0 8 -0.277520
40 81 0 8 -0.282573
30 50 0 8 -0.284437
15 64 0 8 -0.284966
47 56 0 8 -0.285479
9 53 0 8 -0.285781
27 57 0 8 -0.286482
1 21 0 8 -0.286710
52 71 0 8 -0.287139
28 65 0 8 -0.287214
38 51 0 8 -0.289731
18 25 0 8 -0.289809
12 76 0 8 -0.289921
20 63 0 8 -0.290438
13 81 0 8 -0.291210
12 52 0 8 -0.293217
5 52 0 8 -0.294170
56 66 0 8 -0.296694
5 73 0 8 -0.297694
40 64 0 8 -0.300268
36 49 0 8 -0.300540
23 79 0 8 -0.300795
4 13 0 8 -0.301443
7 64 0 8 -0.302515
1 63 0 8 -0.302739
17 51 0 8 -0.303421
38 58 0 8 -0.303764
2 13 0 8 -0.305288
45 58 0 8 -0.305588
22 43 0 8 -0.305820
11 69 0 8 -0.306637
9 70 0 8 -0.307063
27 53 0 8 -0.311542
48 69 0 8 -0.312501
57 77 0 8 -0.312536
39 69 0 8 -0.312965
11 75 0 8 -0.313683
34 71 0 8 -0.314438
66 78 0 8 -0.315182
27 58 0 8 -0.315523
37 66 0 8 -0.317259
1 34 0 8 -0.317556
19 42 0 8 -0.317721
32 78 0 8 -0.318232
49 56 0 8 -0.318234
6 34 0 8 -0.319536
27 40 0 8 -0.319802
2 34 0 8 -0.322003
7 50 0 8 -0.323423
2 44 0 8 -0.323573
49 63 0 8 -0.323857
20 69 0 8 -0.324796
6 51 0 8 -0.325341
39 63 0 8 -0.325853
47 75 0 8 -0.327150
49 81 0 8 -0.327391
17 38 0 8 -0.327400
15 36 0 8 -0.328456
29 61 0 8 -0.329254
31 73 0 8 -0.330514
65 78 0 8 -0.331558
17 46 0 8 -0.332837
20 39 0 8 -0.332903
6 33 0 8 -0.333266
50 62 0 8 -0.335381
10 61 0 8 -0.336614
39 67 0 8 -0.337251
1 58 0 8 -0.338034
30 51 0 8 -0.338972
8 56 0 8 -0.339307
15 51 0 8 -0.339531
22 63 0 8 -0.339937
51 78 0 8 -0.340829
8 38 0 8 -0.343182
2 20 0 8 -0.343194
58 63 0 8 -0.343359
6 30 0 8 -0.345395
72 81 0 8 -0.347029
6 52 0 8 -0.347325
34 44 0 8 -0.348988
5 39 0 8 -0.351981
34 65 0 8 -0.352196
8 54 0 8 -0.353683
49 77 0 8 -0.355206
45 72 0 8 -0.356048
37 74 0 8 -0.357996
41 77 0 8 -0.358258
6 36 0 8 -0.359121
9 40 0 8 -0.359273
23 72 0 8 -0.359560
19 33 0 8 -0.360022
2 7 0 8 -0.360625
64 75 0 8 -0.360678
6 65 0 8 -0.361414
39 64 0 8 -0.361840
15 74 0 8 -0.362209
11 20 0 8 -0.363157
35 58 0 8 -0.363411
31 64 0 8 -0.365097
17 79 0 8 -0.365765
2 37 0 8 -0.366064
40 49 0 8 -0.366331
11 45 0 8 -0.366459
30 62 0 8 -0.367005
24 36 0 8 -0.367989
20 51 0 8 -0.368059
6 15 0 8 -0.368997
45 81 0 8 -0.369064
39 79 0 8 -0.369234
34 50 0 8 -0.370439
1 56 0 8 -0.372277
34 53 0 8 -0.372360
16 59 0 8 -0.372980
5 65 0 8 -0.373953
30 35 0 8 -0.376240
11 80 0 8 -0.376316
54 62 0 8 -0.376473
4 61 0 8 -0.376551
7 29 0 8 -0.379579
31 49 0 8 -0.379660
59 72 0 8 -0.380570
52 72 0 8 -0.380582
13 60 0 8 -0.380775
39 56 0 8 -0.381950
38 72 0 8 -0.382103
40 47 0 8 -0.383486
32 39 0 8 -0.384904
29 41 0 8 -0.386174
18 78 0 8 -0.386920
40 78 0 8 -0.387571
19 52 0 8 -0.388130
28 43 0 8 -0.389623
28 58 0 8 -0.390849
12 20 0 8 -0.391212
22 40 0 8 -0.391471
18 37 0 8 -0.391644
40 45 0 8 -0.392177
23 34 0 8 -0.393317
2 60 0 8 -0.393421
59 64 0 8 -0.394646
19 62 0 8 -0.396047
4 9 0 8 -0.396674
24 73 0 8 -0.397162
31 54 0 8 -0.397882
8 74 0 8 -0.397939
20 45 0 8 -0.398242
4 51 0 8 -0.399190
11 43 0 8 -0.399467
22 60 0 8 -0.399651
10 67 0 8 -0.399755
5 33 0 8 -0.400221
30 79 0 8 -0.400697
29 49 0 8 -0.402140
11 34 0 8 -0.404908
49 59 0 8 -0.405742
16 79 0 8 -0.405962
2 19 0 8 -0.406329
25 40 0 8 -0.406581
2 53 0 8 -0.407162
20 81 0 8 -0.407368
2 17 0 8 -0.407564
7 76 0 8 -0.408484
26 39 0 8 -0.408586
11 37 0 8 -0.410434
9 79 0 8 -0.410557
32 44 0 8 -0.411802
16 39 0 8 -0.413992
50 80 0 8 -0.414876
2 8 0 8 -0.414908
69 79 0 8 -0.415201
10 49 0 8 -0.417272
7 69 0 8 -0.417733
29 51 0 8 -0.418168
12 51 0 8 -0.418187
11 54 0 8 -0.419144
27 65 0 8 -0.420196
23 65 0 8 -0.421317
8 15 0 8 -0.421400
4 23 0 8 -0.422151
2 25 0 8 -0.422234
39 74 0 8 -0.422918
26 41 0 8 -0.424164
39 53 0 8 -0.425215
17 78 0 8 -0.425510
3 41 0 8 -0.427267
37 61 0 8 -0.427285
15 80 0 8 -0.428580
35 65 0 8 -0.429478
6 42 0 8 -0.429480
7 20 0 8 -0.430361
13 49 0 8 -0.430565
16 73 0 8 -0.434002
28 52 0 8 -0.434179
24 61 0 8 -0.435097
7 78 0 8 -0.435674
1 70 0 8 -0.435941
18 73 0 8 -0.436178
14 60 0 8 -0.436731
9 58 0 8 -0.437186
4 72 0 8 -0.438662
18 57 0 8 -0.439179
7 48 0 8 -0.439588
30 66 0 8 -0.440103
44 79 0 8 -0.440901
5 22 0 8 -0.442192
10 74 0 8 -0.442850
11 30 0 8 -0.442919
10 62 0 8 -0.442940
14 26 0 8 -0.450065
69 78 0 8 -0.450127
48 75 0 8 -0.452472
36 75 0 8 -0.453216
7 67 0 8 -0.453448
6 81 0 8 -0.453468
16 56 0 8 -0.453616
51 75 0 8 -0.454971
45 79 0 8 -0.455617
28 47 0 8 -0.457192
62 67 0 8 -0.458873
13 66 0 8 -0.459962
6 56 0 8 -0.460555
10 43 0 8 -0.460793
10 63 0 8 -0.461065
21 42 0 8 -0.461336
14 55 0 8 -0.462545
13 61 0 8 -0.462552
3 69 0 8 -0.463552
9 48 0 8 -0.464577
18 26 0 8 -0.466326
21 26 0 8 -0.466503
4 74 0 8 -0.466855
20 46 0 8 -0.466916
13 39 0 8 -0.468066
43 66 0 8 -0.468452
6 69 0 8 -0.468629
38 63 0 8 -0.468956
65 73 0 8 -0.470053
13 65 0 8 -0.470158
22 74 0 8 -0.470573
13 38 0 8 -0.472616
4 78 0 8 -0.472891
25 72 0 8 -0.473056
23 39 0 8 -0.473310
4 26 0 8 -0.473480
16 72 0 8 -0.474278
12 21 0 8 -0.475313
29 79 0 8 -0.475526
56 75 0 8 -0.475808
41 49 0 8 -0.476155
25 78 0 8 -0.479105
20 72 0 8 -0.479282
56 81 0 8 -0.479832
11 59 0 8 -0.480054
18 33 0 8 -0.480067
9 21 0 8 -0.480192
54 69 0 8 -0.483439
44 65 0 8 -0.483694
3 40 0 8 -0.484766
12 80 0 8 -0.485295
38 61 0 8 -0.485402
24 33 0 8 -0.485580
35 66 0 8 -0.485653
49 61 0 8 -0.485815
31 60 0 8 -0.487860
37 62 0 8 -0.488343
35 59 0 8 -0.489163
27 50 0 8 -0.490280
1 47 0 8 -0.490310
5 32 0 8 -0.490522
50 78 0 8 -0.491852
35 69 0 8 -0.493164
9 51 0 8 -0.494786
54 74 0 8 -0.496407
5 72 0 8 -0.496446
3 31 0 8 -0.497514
1 36 0 8 -0.497667
27 47 0 8 -0.498327
59 69 0 8 -0.499469
12 45 0 8 -0.499899
23 80 0 8 -0.500273
2 78 0 8 -0.500664
33 52 0 8 -0.502118
15 37 0 8 -0.502221
59 80 0 8 -0.502257
26 48 0 8 -0.502913
4 79 0 8 -0.503007
36 45 0 8 -0.503102
2 57 0 8 -0.503570
14 65 0 8 -0.503761
67 78 0 8 -0.505574
40 74 0 8 -0.506334
51 70 0 8 -0.506861
22 80 0 8 -0.507006
14 62 0 8 -0.507240
23 53 0 8 -0.508789
62 77 0 8 -0.509434
8 44 0 8 -0.510234
14 53 0 8 -0.510265
38 54 0 8 -0.510887
5 60 0 8 -0.510911
49 58 0 8 -0.511150
37 54 0 8 -0.511362
46 65 0 8 -0.513060
50 81 0 8 -0.513232
15 38 0 8 -0.514636
27 68 0 8 -0.516755
65 81 0 8 -0.516921
73 80 0 8 -0.517446
1 43 0 8 -0.517983
64 77 0 8 -0.518825
61 73 0 8 -0.518916
7 15 0 8 -0.519521
36 72 0 8 -0.520019
46 67 0 8 -0.520164
64 78 0 8 -0.520321
6 61 0 8 -0.520540
21 73 0 8 -0.521778
51 64 0 8 -0.524152
59 79 0 8 -0.524394
48 61 0 8 -0.524461
2 45 0 8 -0.525044
26 64 0 8 -0.526091
37 47 0 8 -0.526302
16 61 0 8 -0.527095
6 70 0 8 -0.527550
37 76 0 8 -0.528808
48 77 0 8 -0.530707
51 81 0 8 -0.530942
7 49 0 8 -0.531418
25 53 0 8 -0.531606
2 74 0 8 -0.531647
4 31 0 8 -0.532077
5 23 0 8 -0.532342
39 45 0 8 -0.534240
3 67 0 8 -0.535151
31 51 0 8 -0.535561
21 61 0 8 -0.536279
67 79 0 8 -0.536386
68 73 0 8 -0.536872
6 28 0 8 -0.536887
51 71 0 8 -0.538732
46 51 0 8 -0.540229
2 21 0 8 -0.540283
37 51 0 8 -0.540539
42 47 0 8 -0.541242
51 76 0 8 -0.541697
17 39 0 8 -0.542636
1 68 0 8 -0.542879
15 79 0 8 -0.542926
2 24 0 8 -0.543231
17 67 0 8 -0.543286
58 81 0 8 -0.544291
29 47 0 8 -0.545055
29 37 0 8 -0.545412
31 36 0 8 -0.547775
57 81 0 8 -0.548162
25 79 0 8 -0.549270
31 42 0 8 -0.550289
2 43 0 8 -0.550678
44 70 0 8 -0.551406
10 68 0 8 -0.552868
34 77 0 8 -0.553389
15 45 0 8 -0.553394
39 46 0 8 -0.553984
14 56 0 8 -0.554077
2 32 0 8 -0.554554
45 75 0 8 -0.554727
46 62 0 8 -0.555279
14 72 0 8 -0.555349
20 55 0 8 -0.555710
30 70 0 8 -0.556000
21 38 0 8 -0.557861
4 12 0 8 -0.558312
33 49 0 8 -0.558644
60 79 0 8 -0.559009
44 73 0 8 -0.560016
6 49 0 8 -0.561002
6 80 0 8 -0.561508
22 38 0 8 -0.562307
11 51 0 8 -0.562715
2 12 0 8 -0.564876
16 64 0 8 -0.564906
38 77 0 8 -0.565206
39 68 0 8 -0.565749
13 40 0 8 -0.566078
2 35 0 8 -0.566655
28 36 0 8 -0.567260
26 32 0 8 -0.567643
21 79 0 8 -0.567679
38 59 0 8 -0.568191
25 58 0 8 -0.568314
28 51 0 8 -0.569715
11 44 0 8 -0.569830
11 58 0 8 -0.569899
39 55 0 8 -0.569975
16 38 0 8 -0.571575
30 59 0 8 -0.572076
13 35 0 8 -0.573054
23 75 0 8 -0.574112
29 72 0 8 -0.577052
5 31 0 8 -0.577222
24 46 0 8 -0.577462
27 54 0 8 -0.577605
22 72 0 8 -0.578253
37 42 0 8 -0.578471
9 47 0 8 -0.579729
13 56 0 8 -0.580711
13 76 0 8 -0.580903
10 20 0 8 -0.583053
50 73 0 8 -0.583414
15 66 0 8 -0.585477
3 76 0 8 -0.585539
61 79 0 8 -0.585650
28 42 0 8 -0.585874
13 71 0 8 -0.587019
57 79 0 8 -0.587448
16 26 0 8 -0.587841
12 72 0 8 -0.588590
44 81 0 8 -0.588746
30 54 0 8 -0.589666
16 53 0 8 -0.591453
18 80 0 8 -0.591837
3 18 0 8 -0.592149
26 40 0 8 -0.592616
30 38 0 8 -0.592651
43 49 0 8 -0.595717
47 62 0 8 -0.595817
2 70 0 8 -0.595818
31 65 0 8 -0.596719
27 52 0 8 -0.596741
27 77 0 8 -0.596745
9 67 0 8 -0.596840
2 46 0 8 -0.597007
47 58 0 8 -0.597055
36 81 0 8 -0.600445
9 77 0 8 -0.602102
27 64 0 8 -0.602150
2 31 0 8 -0.603691
40 62 0 8 -0.603953
28 37 0 8 -0.605297
8 28 0 8 -0.605874
61 80 0 8 -0.606148
32 38 0 8 -0.606340
11 28 0 8 -0.606586
15 53 0 8 -0.606727
53 78 0 8 -0.609756
33 71 0 8 -0.610637
7 38 0 8 -0.610932
13 37 0 8 -0.611173
5 68 0 8 -0.611249
41 46 0 8 -0.611743
40 71 0 8 -0.612650
4 20 0 8 -0.615099
23 66 0 8 -0.615236
30 81 0 8 -0.615601
3 60 0 8 -0.615619
13 25 0 8 -0.616109
41 73 0 8 -0.616926
41 47 0 8 -0.617966
61 81 0 8 -0.618065
35 78 0 8 -0.618441
20 67 0 8 -0.619904
13 41 0 8 -0.620016
23 77 0 8 -0.620028
20 35 0 8 -0.620283
52 79 0 8 -0.620442
6 45 0 8 -0.621569
16 50 0 8 -0.623117
32 37 0 8 -0.623859
34 58 0 8 -0.624950
11 65 0 8 -0.628400
38 56 0 8 -0.629216
5 51 0 8 -0.630303
21 69 0 8 -0.630814
16 71 0 8 -0.631451
23 76 0 8 -0.631624
6 75 0 8 -0.631977
30 40 0 8 -0.632308
17 58 0 8 -0.632695
2 41 0 8 -0.633004
2 59 0 8 -0.633364
43 53 0 8 -0.634922
14 30 0 8 -0.635130
67 80 0 8 -0.637213
2 22 0 8 -0.637342
29 60 0 8 -0.638193
7 39 0 8 -0.640906
10 19 0 8 -0.641073
6 78 0 8 -0.641684
8 31 0 8 -0.642035
31 57 0 8 -0.642872
3 58 0 8 -0.642954
2 18 0 8 -0.643787
26 66 0 8 -0.644225
67 75 0 8 -0.645124
12 55 0 8 -0.646030
25 37 0 8 -0.646331
17 40 0 8 -0.647968
5 63 0 8 -0.648506
11 74 0 8 -0.648734
35 61 0 8 -0.650157
58 79 0 8 -0.650182
21 28 0 8 -0.650777
12 28 0 8 -0.652711
46 75 0 8 -0.652868
2 36 0 8 -0.654101
36 57 0 8 -0.654166
38 74 0 8 -0.655707
11 70 0 8 -0.656605
5 40 0 8 -0.657542
41 59 0 8 -0.660156
10 38 0 8 -0.660777
27 76 0 8 -0.660975
40 68 0 8 -0.661877
6 58 0 8 -0.661993
28 69 0 8 -0.662928
54 76 0 8 -0.662957
16 27 0 8 -0.664600
14 23 0 8 -0.664680
9 64 0 8 -0.667190
49 80 0 8 -0.668475
11 38 0 8 -0.669085
65 74 0 8 -0.669624
22 62 0 8 -0.670176
12 27 0 8 -0.670335
6 13 0 8 -0.670445
38 62 0 8 -0.671332
52 78 0 8 -0.673183
33 50 0 8 -0.673416
53 67 0 8 -0.675147
30 53 0 8 -0.675748
40 56 0 8 -0.676021
38 48 0 8 -0.676118
48 56 0 8 -0.676286
25 41 0 8 -0.676504
3 75 0 8 -0.676992
34 66 0 8 -0.678290
26 45 0 8 -0.678513
27 69 0 8 -0.678677
62 72 0 8 -0.679494
23 78 0 8 -0.680782
59 71 0 8 -0.681220
10 58 0 8 -0.681879
29 80 0 8 -0.682791
28 34 0 8 -0.684007
14 22 0 8 -0.684563
45 66 0 8 -0.684837
9 46 0 8 -0.685358
9 73 0 8 -0.686146
20 30 0 8 -0.686174
30 65 0 8 -0.686377
40 57 0 8 -0.686929
5 71 0 8 -0.687418
10 46 0 8 -0.689819
5 62 0 8 -0.690578
38 64 0 8 -0.692353
51 61 0 8 -0.692976
27 70 0 8 -0.693412
22 77 0 8 -0.694443
13 72 0 8 -0.694826
38 68 0 8 -0.694986
6 54 0 8 -0.696975
49 66 0 8 -0.698259
21 40 0 8 -0.701067
33 39 0 8 -0.701839
41 53 0 8 -0.702251
8 29 0 8 -0.702546
39 44 0 8 -0.702917
3 17 0 8 -0.703426
6 62 0 8 -0.703603
14 40 0 8 -0.704475
56 79 0 8 -0.704542
20 49 0 8 -0.705277
26 58 0 8 -0.705450
13 43 0 8 -0.706798
22 79 0 8 -0.707678
10 51 0 8 -0.707824
4 47 0 8 -0.707915
72 79 0 8 -0.708165
16 70 0 8 -0.708594
51 73 0 8 -0.710942
15 65 0 8 -0.711366
54 72 0 8 -0.713432
29 65 0 8 -0.713608
9 69 0 8 -0.715497
25 71 0 8 -0.715527
40 46 0 8 -0.717816
9 65 0 8 -0.717919
16 40 0 8 -0.718674
39 72 0 8 -0.718759
8 61 0 8 -0.718795
5 29 0 8 -0.718920
29 62 0 8 -0.719147
75 80 0 8 -0.719345
43 76 0 8 -0.719900
20 40 0 8 -0.720829
56 65 0 8 -0.721156
53 69 0 8 -0.721872
5 19 0 8 -0.722284
52 69 0 8 -0.723013
11 29 0 8 -0.723176
64 79 0 8 -0.723304
38 75 0 8 -0.724122
20 50 0 8 -0.725188
2 14 0 8 -0.726474
25 61 0 8 -0.726569
38 76 0 8 -0.729964
32 51 0 8 -0.730256
55 65 0 8 -0.731955
14 38 0 8 -0.731983
31 74 0 8 -0.732449
41 69 0 8 -0.732607
76 81 0 8 -0.733535
7 66 0 8 -0.734014
52 77 0 8 -0.734258
12 65 0 8 -0.734763
17 37 0 8 -0.735205
6 68 0 8 -0.735639
42 71 0 8 -0.736495
53 79 0 8 -0.736695
17 81 0 8 -0.736998
32 69 0 8 -0.738617
28 72 0 8 -0.738894
13 74 0 8 -0.740083
31 71 0 8 -0.741190
70 79 0 8 -0.741531
62 70 0 8 -0.742000
25 39 0 8 -0.743123
16 54 0 8 -0.743415
10 40 0 8 -0.744144
45 57 0 8 -0.745495
26 68 0 8 -0.746166
21 41 0 8 -0.747590
13 73 0 8 -0.748042
3 37 0 8 -0.748498
37 69 0 8 -0.748956
13 51 0 8 -0.749751
43 79 0 8 -0.750848
2 50 0 8 -0.751381
21 63 0 8 -0.752975
8 63 0 8 -0.754468
40 70 0 8 -0.754936
42 72 0 8 -0.756546
66 79 0 8 -0.757220
40 69 0 8 -0.757757
18 77 0 8 -0.759333
50 63 0 8 -0.760082
42 55 0 8 -0.763923
45 51 0 8 -0.764156
30 39 0 8 -0.764539
38 57 0 8 -0.764977
14 49 0 8 -0.765260
6 14 0 8 -0.765694
54 73 0 8 -0.766178
22 29 0 8 -0.766327
4 65 0 8 -0.766713
14 68 0 8 -0.767777
37 56 0 8 -0.767846
19 49 0 8 -0.768368
32 65 0 8 -0.769109
2 33 0 8 -0.769354
35 67 0 8 -0.770897
17 25 0 8 -0.773270
13 64 0 8 -0.773427
43 71 0 8 -0.775635
3 56 0 8 -0.775776
3 29 0 8 -0.776412
50 79 0 8 -0.776738
10 32 0 8 -0.777254
4 19 0 8 -0.777895
3 8 0 8 -0.778422
17 29 0 8 -0.778592
26 31 0 8 -0.779853
9 20 0 8 -0.781137
26 36 0 8 -0.781220
46 76 0 8 -0.782108
26 76 0 8 -0.782113
2 47 0 8 -0.782510
38 71 0 8 -0.784040
33 79 0 8 -0.785180
45 65 0 8 -0.786040
27 60 0 8 -0.786859
7 37 0 8 -0.788361
72 78 0 8 -0.789092
37 71 0 8 -0.791452
24 80 0 8 -0.792075
23 81 0 8 -0.792185
21 49 0 8 -0.793231
48 65 0 8 -0.794343
24 39 0 8 -0.794527
5 75 0 8 -0.794642
65 77 0 8 -0.795387
21 39 0 8 -0.798692
26 38 0 8 -0.798826
16 51 0 8 -0.799313
8 76 0 8 -0.799758
31 56 0 8 -0.800012
11 40 0 8 -0.801399
15 35 0 8 -0.801926
9 45 0 8 -0.802452
18 64 0 8 -0.802736
4 69 0 8 -0.803290
14 78 0 8 -0.803676
38 47 0 8 -0.803726
9 54 0 8 -0.805439
16 43 0 8 -0.805643
30 37 0 8 -0.806360
21 68 0 8 -0.806723
60 80 0 8 -0.807966
34 73 0 8 -0.808149
6 55 0 8 -0.808987
29 78 0 8 -0.809808
47 64 0 8 -0.810929
65 71 0 8 -0.812277
10 39 0 8 -0.812998
39 76 0 8 -0.813704
73 78 0 8 -0.814315
74 81 0 8 -0.815269
3 48 0 8 -0.815720
17 56 0 8 -0.816149
6 25 0 8 -0.816915
37 72 0 8 -0.818334
18 27 0 8 -0.819721
24 64 0 8 -0.819868
17 55 0 8 -0.820312
13 59 0 8 -0.820424
47 79 0 8 -0.821121
13 34 0 8 -0.821343
44 62 0 8 -0.821423
11 41 0 8 -0.823002
9 71 0 8 -0.823194
35 72 0 8 -0.825407
31 41 0 8 -0.825797
4 75 0 8 -0.826097
53 75 0 8 -0.827157
32 40 0 8 -0.827503
27 67 0 8 -0.827978
29 42 0 8 -0.828088
18 24 0 8 -0.828148
18 40 0 8 -0.830104
19 68 0 8 -0.831242
5 49 0 8 -0.831847
29 34 0 8 -0.832419
14 64 0 8 -0.832455
36 56 0 8 -0.832555
20 66 0 8 -0.833696
4 54 0 8 -0.833902
45 62 0 8 -0.834028
36 70 0 8 -0.834189
3 11 0 8 -0.835615
8 40 0 8 -0.836321
9 59 0 8 -0.836566
52 76 0 8 -0.837630
27 41 0 8 -0.838464
24 56 0 8 -0.839107
15 44 0 8 -0.839663
13 62 0 8 -0.842855
16 52 0 8 -0.843426
57 80 0 8 -0.843609
40 76 0 8 -0.847033
63 74 0 8 -0.848170
19 77 0 8 -0.848313
8 30 0 8 -0.849452
35 62 0 8 -0.849619
8 21 0 8 -0.852109
7 51 0 8 -0.852731
49 72 0 8 -0.853498
17 49 0 8 -0.854361
33 53 0 8 -0.854432
17 22 0 8 -0.854955
11 42 0 8 -0.855654
54 79 0 8 -0.855873
9 52 0 8 -0.856560
34 70 0 8 -0.857469
16 57 0 8 -0.859003
57 71 0 8 -0.859232
6 44 0 8 -0.859392
7 21 0 8 -0.859561
15 76 0 8 -0.859584
8 25 0 8 -0.859657
37 64 0 8 -0.859921
17 52 0 8 -0.860804
17 44 0 8 -0.860968
12 60 0 8 -0.861581
44 80 0 8 -0.862282
20 32 0 8 -0.862968
69 75 0 8 -0.866300
40 72 0 8 -0.866766
20 73 0 8 -0.867120
59 81 0 8 -0.870868
4 50 0 8 -0.870905
26 42 0 8 -0.871676
22 37 0 8 -0.872077
35 70 0 8 -0.872640
4 49 0 8 -0.873119
16 49 0 8 -0.874085
66 77 0 8 -0.875832
31 69 0 8 -0.876521
14 70 0 8 -0.876979
31 67 0 8 -0.878122
35 57 0 8 -0.879977
4 29 0 8 -0.881219
26 34 0 8 -0.882449
25 49 0 8 -0.882618
19 45 0 8 -0.882788
14 33 0 8 -0.882904
8 13 0 8 -0.883715
27 74 0 8 -0.884628
13 44 0 8 -0.884629
12 57 0 8 -0.885473
38 80 0 8 -0.885598
28 41 0 8 -0.888882
4 67 0 8 -0.889862
20 61 0 8 -0.889992
23 38 0 8 -0.890483
9 28 0 8 -0.892067
35 48 0 8 -0.893340
26 81 0 8 -0.894317
51 77 0 8 -0.894543
4 24 0 8 -0.894594
32 48 0 8 -0.894627
38 67 0 8 -0.896919
22 44 0 8 -0.898225
12 66 0 8 -0.899393
29 66 0 8 -0.901511
55 68 0 8 -0.901624
33 78 0 8 -0.903309
12 56 0 8 -0.903910
35 79 0 8 -0.904446
7 79 0 8 -0.907607
43 61 0 8 -0.908365
47 73 0 8 -0.909606
36 48 0 8 -0.911456
15 27 0 8 -0.912399
20 26 0 8 -0.913150
52 65 0 8 -0.913452
50 69 0 8 -0.914356
10 47 0 8 -0.914397
7 44 0 8 -0.915697
10 29 0 8 -0.915796
19 25 0 8 -0.915833
39 62 0 8 -0.917081
24 31 0 8 -0.917095
36 79 0 8 -0.918884
3 52 0 8 -0.919529
18 38 0 8 -0.919691
8 66 0 8 -0.919975
5 80 0 8 -0.923197
19 46 0 8 -0.924515
48 58 0 8 -0.924893
19 38 0 8 -0.927371
28 78 0 8 -0.929524
34 56 0 8 -0.931057
31 59 0 8 -0.931499
24 66 0 8 -0.932134
14 51 0 8 -0.932230
21 37 0 8 -0.933763
11 60 0 8 -0.933846
48 66 0 8 -0.935218
25 31 0 8 -0.936770
18 51 0 8 -0.936951
3 74 0 8 -0.937335
38 70 0 8 -0.938239
42 51 0 8 -0.938261
58 73 0 8 -0.938893
7 63 0 8 -0.939084
32 64 0 8 -0.939166
5 37 0 8 -0.940124
43 75 0 8 -0.945886
22 67 0 8 -0.946321
49 74 0 8 -0.946418
21 65 0 8 -0.949028
53 72 0 8 -0.949287
16 65 0 8 -0.950433
3 36 0 8 -0.951053
18 79 0 8 -0.951854
16 67 0 8 -0.952203
21 35 0 8 -0.952402
21 62 0 8 -0.952842
6 77 0 8 -0.954328
40 80 0 8 -0.954900
17 50 0 8 -0.955018
54 71 0 8 -0.957403
27 33 0 8 -0.960277
14 35 0 8 -0.961566
14 37 0 8 -0.963605
12 53 0 8 -0.963888
63 81 0 8 -0.964463
18 28 0 8 -0.964466
24 43 0 8 -0.964850
30 67 0 8 -0.965829
33 73 0 8 -0.967216
11 21 0 8 -0.967683
17 62 0 8 -0.969299
15 75 0 8 -0.969424
26 62 0 8 -0.970435
7 57 0 8 -0.971512
6 29 0 8 -0.971875
15 63 0 8 -0.973566
5 44 0 8 -0.976856
41 81 0 8 -0.978078
51 68 0 8 -0.978903
46 59 0 8 -0.979349
50 72 0 8 -0.979501
20 62 0 8 -0.979724
4 10 0 8 -0.979724
28 44 0 8 -0.981036
3 25 0 8 -0.982550
37 57 0 8 -0.982586
10 75 0 8 -0.982908
23 58 0 8 -0.984198
22 34 0 8 -0.986109
39 54 0 8 -0.988567
6 63 0 8 -0.988994
10 52 0 8 -0.989421
19 63 0 8 -0.989955
56 76 0 8 -0.990254
49 71 0 8 -0.991154
41 63 0 8 -0.991872
50 61 0 8 -0.992369
28 64 0 8 -0.993855
13 24 0 8 -0.995582
39 75 0 8 -0.999724
16 68 0 8 -1.000280
7 27 0 8 -1.001247
33 60 0 8 -1.003958
31 44 0 8 -1.005436
45 63 0 8 -1.006182
8 80 0 8 -1.006353
7 74 0 8 -1.006608
49 75 0 8 -1.007545
24 49 0 8 -1.007985
9 42 0 8 -1.008761
12 22 0 8 -1.008764
42 48 0 8 -1.010992
8 48 0 8 -1.011176
39 58 0 8 -1.011387
9 63 0 8 -1.012128
7 28 0 8 -1.012634
12 63 0 8 -1.012950
39 47 0 8 -1.014868
10 37 0 8 -1.016763
31 43 0 8 -1.017657
6 26 0 8 -1.019013
26 44 0 8 -1.020645
29 74 0 8 -1.020747
37 48 0 8 -1.021223
23 40 0 8 -1.023097
25 68 0 8 -1.025062
4 64 0 8 -1.026384
36 60 0 8 -1.026746
61 69 0 8 -1.026969
5 18 0 8 -1.027249
16 33 0 8 -1.027891
18 36 0 8 -1.028296
15 73 0 8 -1.028423
19 73 0 8 -1.028429
34 49 0 8 -1.028597
32 60 0 8 -1.028698
26 65 0 8 -1.029762
17 61 0 8 -1.030087
6 41 0 8 -1.030262
5 59 0 8 -1.030462
13 47 0 8 -1.031440
10 50 0 8 -1.032240
13 30 0 8 -1.033269
14 59 0 8 -1.033559
7 62 0 8 -1.035488
15 77 0 8 -1.035594
6 66 0 8 -1.037619
6 48 0 8 -1.040759
13 69 0 8 -1.041068
14 81 0 8 -1.042366
31 58 0 8 -1.042375
9 41 0 8 -1.042563
19 66 0 8 -1.042868
32 59 0 8 -1.043013
34 81 0 8 -1.046741
64 74 0 8 -1.047680
3 59 0 8 -1.049923
10 57 0 8 -1.050271
47 59 0 8 -1.050875
11 78 0 8 -1.051034
14 61 0 8 -1.052244
32 61 0 8 -1.052574
54 65 0 8 -1.052822
43 62 0 8 -1.053325
3 55 0 8 -1.054326
46 53 0 8 -1.058443
48 68 0 8 -1.059048
8 51 0 8 -1.059175
8 37 0 8 -1.059762
58 78 0 8 -1.059913
3 19 0 8 -1.060567
3 24 0 8 -1.061149
27 42 0 8 -1.066063
36 63 0 8 -1.066421
61 74 0 8 -1.066803
18 50 0 8 -1.066862
7 40 0 8 -1.067088
27 46 0 8 -1.068741
34 54 0 8 -1.069068
12 64 0 8 -1.071346
32 79 0 8 -1.072214
25 54 0 8 -1.072937
32 66 0 8 -1.074552
13 21 0 8 -1.074811
44 69 0 8 -1.075942
64 80 0 8 -1.076015
3 33 0 8 -1.077667
53 59 0 8 -1.077725
14 34 0 8 -1.078288
14 75 0 8 -1.080195
69 74 0 8 -1.080225
12 67 0 8 -1.080658
2 68 0 8 -1.082165
3 45 0 8 -1.082559
39 70 0 8 -1.084651
28 75 0 8 -1.085056
60 81 0 8 -1.086875
8 77 0 8 -1.086911
57 75 0 8 -1.088212
17 65 0 8 -1.089596
50 74 0 8 -1.091563
40 67 0 8 -1.092850
11 68 0 8 -1.095157
42 65 0 8 -1.095679
21 31 0 8 -1.095749
42 67 0 8 -1.097483
15 52 0 8 -1.097659
14 80 0 8 -1.101329
22 69 0 8 -1.101630
6 71 0 8 -1.102045
18 35 0 8 -1.102698
25 50 0 8 -1.103644
58 72 0 8 -1.104312
22 39 0 8 -1.108016
39 57 0 8 -1.108700
55 80 0 8 -1.108921
23 46 0 8 -1.109776
6 21 0 8 -1.110340
59 76 0 8 -1.110978
29 53 0 8 -1.111405
37 80 0 8 -1.111809
25 32 0 8 -1.112493
24 71 0 8 -1.115080
16 42 0 8 -1.117034
23 69 0 8 -1.117916
51 72 0 8 -1.120285
38 46 0 8 -1.121402
9 60 0 8 -1.121611
32 73 0 8 -1.125798
19 36 0 8 -1.127130
56 67 0 8 -1.127411
5 61 0 8 -1.127593
14 57 0 8 -1.127775
12 77 0 8 -1.128904
5 42 0 8 -1.132446
18 74 0 8 -1.134997
38 55 0 8 -1.135895
54 60 0 8 -1.138219
8 59 0 8 -1.140173
24 76 0 8 -1.140320
28 68 0 8 -1.141325
34 42 0 8 -1.142729
10 54 0 8 -1.143822
53 66 0 8 -1.143893
37 75 0 8 -1.144135
8 69 0 8 -1.144235
15 57 0 8 -1.144984
57 73 0 8 -1.145085
21 60 0 8 -1.145842
15 42 0 8 -1.146574
14 77 0 8 -1.148114
37 77 0 8 -1.150582
6 57 0 8 -1.153511
32 50 0 8 -1.156247
15 43 0 8 -1.156668
13 77 0 8 -1.157551
39 80 0 8 -1.157845
26 52 0 8 -1.158560
19 81 0 8 -1.158565
3 57 0 8 -1.158960
20 43 0 8 -1.159126
4 56 0 8 -1.160089
31 55 0 8 -1.160957
5 53 0 8 -1.160972
35 43 0 8 -1.161087
6 43 0 8 -1.164367
17 53 0 8 -1.165252
12 19 0 8 -1.167219
8 67 0 8 -1.170209
29 63 0 8 -1.171145
41 55 0 8 -1.173353
63 72 0 8 -1.174465
31 53 0 8 -1.174786
12 26 0 8 -1.175414
13 80 0 8 -1.175984
48 73 0 8 -1.176083
65 76 0 8 -1.179680
40 77 0 8 -1.179943
11 57 0 8 -1.180671
5 24 0 8 -1.182277
21 67 0 8 -1.183987
20 75 0 8 -1.185723
24 44 0 8 -1.187966
5 74 0 8 -1.188359
52 57 0 8 -1.190749
10 66 0 8 -1.191992
23 74 0 8 -1.193021
28 54 0 8 -1.194970
15 61 0 8 -1.195288
45 53 0 8 -1.195969
10 55 0 8 -1.198368
26 37 0 8 -1.199790
15 69 0 8 -1.199891
19 40 0 8 -1.202459
24 58 0 8 -1.202724
28 53 0 8 -1.205448
57 68 0 8 -1.205786
18 43 0 8 -1.206407
46 52 0 8 -1.206800
17 77 0 8 -1.210925
35 50 0 8 -1.211034
9 33 0 8 -1.217888
36 65 0 8 -1.219092
54 80 0 8 -1.220903
25 56 0 8 -1.223314
6 22 0 8 -1.224431
21 48 0 8 -1.225134
59 68 0 8 -1.226426
43 68 0 8 -1.226805
41 52 0 8 -1.226871
37 67 0 8 -1.227556
28 45 0 8 -1.229995
35 52 0 8 -1.232061
12 29 0 8 -1.232100
30 78 0 8 -1.232347
7 55 0 8 -1.232674
59 75 0 8 -1.233497
15 68 0 8 -1.235991
11 67 0 8 -1.239322
69 77 0 8 -1.240989
32 75 0 8 -1.243190
17 57 0 8 -1.243697
52 81 0 8 -1.244369
60 77 0 8 -1.247631
35 54 0 8 -1.248108
71 80 0 8 -1.249464
57 66 0 8 -1.251521
10 21 0 8 -1.251795
19 37 0 8 -1.253206
12 54 0 8 -1.253869
29 50 0 8 -1.254063
44 53 0 8 -1.254233
11 56 0 8 -1.254260
19 29 0 8 -1.255608
3 73 0 8 -1.255785
33 44 0 8 -1.258917
37 58 0 8 -1.259108
20 52 0 8 -1.261338
10 70 0 8 -1.264564
50 66 0 8 -1.267311
25 33 0 8 -1.268088
11 62 0 8 -1.269302
19 28 0 8 -1.271263
46 63 0 8 -1.273353
13 33 0 8 -1.278070
17 76 0 8 -1.279319
8 43 0 8 -1.289311
25 55 0 8 -1.290162
23 54 0 8 -1.290666
42 80 0 8 -1.290719
19 75 0 8 -1.295993
17 60 0 8 -1.297108
15 70 0 8 -1.297327
24 65 0 8 -1.297344
22 30 0 8 -1.299674
28 57 0 8 -1.300312
34 80 0 8 -1.300921
5 15 0 8 -1.300948
39 77 0 8 -1.301386
48 53 0 8 -1.304005
8 33 0 8 -1.307273
11 33 0 8 -1.308506
20 64 0 8 -1.309436
14 76 0 8 -1.309702
45 61 0 8 -1.310123
18 63 0 8 -1.310185
29 54 0 8 -1.310450
13 75 0 8 -1.310979
16 22 0 8 -1.311838
26 71 0 8 -1.312650
63 77 0 8 -1.315057
36 80 0 8 -1.315195
15 55 0 8 -1.315946
15 41 0 8 -1.316478
17 24 0 8 -1.318505
54 70 0 8 -1.319589
37 68 0 8 -1.320750
45 60 0 8 -1.321082
20 70 0 8 -1.321824
25 73 0 8 -1.322034
36 47 0 8 -1.323382
41 72 0 8 -1.324634
33 51 0 8 -1.329210
4 73 0 8 -1.330250
41 51 0 8 -1.333789
34 46 0 8 -1.336048
43 65 0 8 -1.336157
51 67 0 8 -1.337148
13 53 0 8 -1.337671
23 48 0 8 -1.337923
10 53 0 8 -1.340304
14 67 0 8 -1.340825
17 68 0 8 -1.341507
28 59 0 8 -1.341583
45 74 0 8 -1.345350
19 78 0 8 -1.348426
61 70 0 8 -1.349692
23 35 0 8 -1.353963
11 71 0 8 -1.354660
4 62 0 8 -1.357234
20 36 0 8 -1.359134
6 23 0 8 -1.362470
24 62 0 8 -1.364777
16 28 0 8 -1.365822
8 70 0 8 -1.369933
23 37 0 8 -1.370025
41 66 0 8 -1.371120
10 60 0 8 -1.371251
59 70 0 8 -1.371542
14 74 0 8 -1.377344
15 56 0 8 -1.378372
15 34 0 8 -1.378713
46 61 0 8 -1.379335
22 48 0 8 -1.379496
5 70 0 8 -1.380058
21 81 0 8 -1.383620
35 47 0 8 -1.383911
44 66 0 8 -1.384789
67 77 0 8 -1.386360
6 50 0 8 -1.386707
17 34 0 8 -1.389559
7 80 0 8 -1.393568
21 78 0 8 -1.394330
20 53 0 8 -1.396295
57 64 0 8 -1.397110
45 69 0 8 -1.397600
37 70 0 8 -1.398478
8 60 0 8 -1.398500
30 63 0 8 -1.400217
63 75 0 8 -1.401208
36 78 0 8 -1.401225
5 58 0 8 -1.410499
48 70 0 8 -1.411284
63 78 0 8 -1.412658
55 74 0 8 -1.413093
34 52 0 8 -1.415849
5 55 0 8 -1.418406
24 47 0 8 -1.418769
4 70 0 8 -1.419375
24 67 0 8 -1.419987
13 23 0 8 -1.421469
47 60 0 8 -1.425464
7 56 0 8 -1.425707
11 63 0 8 -1.427785
13 58 0 8 -1.428720
25 60 0 8 -1.433083
55 67 0 8 -1.435598
20 57 0 8 -1.442530
30 46 0 8 -1.451787
20 59 0 8 -1.452687
43 64 0 8 -1.454483
7 73 0 8 -1.457926
17 64 0 8 -1.464423
47 80 0 8 -1.471794
19 76 0 8 -1.473094
23 31 0 8 -1.474621
13 67 0 8 -1.477307
10 30 0 8 -1.479694
47 63 0 8 -1.479896
68 78 0 8 -1.480781
26 67 0 8 -1.480799
28 46 0 8 -1.482091
58 80 0 8 -1.482952
8 57 0 8 -1.482955
19 69 0 8 -1.484178
27 55 0 8 -1.485489
20 42 0 8 -1.485734
55 81 0 8 -1.486501
24 30 0 8 -1.487182
18 30 0 8 -1.488029
3 21 0 8 -1.488994
54 77 0 8 -1.492743
23 59 0 8 -1.495174
15 62 0 8 -1.495637
17 80 0 8 -1.507122
28 66 0 8 -1.509599
18 76 0 8 -1.510184
9 22 0 8 -1.510310
48 55 0 8 -1.510354
33 56 0 8 -1.510928
60 78 0 8 -1.511094
32 56 0 8 -1.512449
41 67 0 8 -1.512755
22 71 0 8 -1.514529
36 66 0 8 -1.518963
25 63 0 8 -1.520147
22 42 0 8 -1.524539
15 26 0 8 -1.526337
17 47 0 8 -1.530239
10 15 0 8 -1.536522
34 60 0 8 -1.539298
4 58 0 8 -1.539551
52 66 0 8 -1.541797
16 23 0 8 -1.545085
30 74 0 8 -1.545506
22 66 0 8 -1.547192
18 72 0 8 -1.551254
5 76 0 8 -1.553963
32 63 0 8 -1.554903
48 57 0 8 -1.566511
55 77 0 8 -1.567136
17 23 0 8 -1.567546
16 60 0 8 -1.567959
7 68 0 8 -1.570541
53 64 0 8 -1.571326
9 18 0 8 -1.572093
60 71 0 8 -1.573130
43 77 0 8 -1.573601
18 59 0 8 -1.573894
12 47 0 8 -1.574383
18 69 0 8 -1.575861
45 70 0 8 -1.577351
5 57 0 8 -1.578763
63 80 0 8 -1.581456
55 71 0 8 -1.585704
12 33 0 8 -1.585798
23 32 0 8 -1.587517
45 68 0 8 -1.587842
4 43 0 8 -1.589729
12 50 0 8 -1.589909
32 46 0 8 -1.594482
11 46 0 8 -1.597624
31 70 0 8 -1.599694
37 46 0 8 -1.599838
45 55 0 8 -1.605106
53 68 0 8 -1.608693
20 25 0 8 -1.617471
29 57 0 8 -1.618795
31 68 0 8 -1.618926
23 43 0 8 -1.619381
31 52 0 8 -1.620862
3 70 0 8 -1.621098
21 56 0 8 -1.622924
9 19 0 8 -1.628290
10 69 0 8 -1.628823
17 69 0 8 -1.632261
19 55 0 8 -1.641574
42 62 0 8 -1.642955
13 68 0 8 -1.643249
42 53 0 8 -1.644381
44 50 0 8 -1.647147
6 60 0 8 -1.649364
18 66 0 8 -1.651370
19 35 0 8 -1.653661
4 63 0 8 -1.657743
28 50 0 8 -1.659017
26 59 0 8 -1.659157
16 69 0 8 -1.663313
47 61 0 8 -1.664155
20 54 0 8 -1.665510
32 70 0 8 -1.669785
22 55 0 8 -1.674924
14 36 0 8 -1.676582
5 43 0 8 -1.679655
34 63 0 8 -1.680739
7 26 0 8 -1.682830
11 55 0 8 -1.690359
18 67 0 8 -1.690622
21 53 0 8 -1.693069
58 76 0 8 -1.696030
34 69 0 8 -1.704316
11 53 0 8 -1.711839
12 30 0 8 -1.712158
45 59 0 8 -1.717358
33 57 0 8 -1.719688
32 55 0 8 -1.721502
48 76 0 8 -1.721921
42 63 0 8 -1.723175
6 46 0 8 -1.724235
17 43 0 8 -1.732097
8 24 0 8 -1.742589
14 66 0 8 -1.746727
48 67 0 8 -1.750141
5 64 0 8 -1.755241
4 42 0 8 -1.756728
42 56 0 8 -1.761841
46 70 0 8 -1.763118
24 52 0 8 -1.773799
12 69 0 8 -1.774743
16 77 0 8 -1.775033
13 70 0 8 -1.776366
10 72 0 8 -1.781132
4 60 0 8 -1.782888
24 69 0 8 -1.784858
19 71 0 8 -1.788084
20 34 0 8 -1.797535
60 74 0 8 -1.797820
3 43 0 8 -1.798492
7 24 0 8 -1.798830
8 45 0 8 -1.799331
10 73 0 8 -1.804164
22 35 0 8 -1.809535
47 77 0 8 -1.816312
32 77 0 8 -1.817043
29 52 0 8 -1.821216
56 69 0 8 -1.826982
8 53 0 8 -1.830632
10 59 0 8 -1.839458
12 43 0 8 -1.843309
24 34 0 8 -1.846011
41 64 0 8 -1.849178
13 57 0 8 -1.850379
44 54 0 8 -1.851362
33 41 0 8 -1.852320
36 52 0 8 -1.856572
60 73 0 8 -1.856673
4 36 0 8 -1.859192
21 75 0 8 -1.861216
26 46 0 8 -1.861996
18 60 0 8 -1.864460
53 71 0 8 -1.864987
13 54 0 8 -1.868751
35 55 0 8 -1.875835
19 67 0 8 -1.876874
16 63 0 8 -1.879353
32 53 0 8 -1.884211
57 72 0 8 -1.892535
60 76 0 8 -1.910222
30 55 0 8 -1.911746
23 68 0 8 -1.918373
58 67 0 8 -1.937429
13 52 0 8 -1.944770
48 60 0 8 -1.948649
22 75 0 8 -1.949143
24 63 0 8 -1.949263
45 77 0 8 -1.952369
22 32 0 8 -1.963654
16 47 0 8 -1.969253
23 44 0 8 -1.975088
19 74 0 8 -1.987823
33 48 0 8 -2.002992
30 71 0 8 -2.011540
3 47 0 8 -2.012840
11 47 0 8 -2.018376
15 60 0 8 -2.018845
48 72 0 8 -2.025205
10 41 0 8 -2.026712
32 57 0 8 -2.027941
30 56 0 8 -2.031390
12 62 0 8 -2.037762
58 74 0 8 -2.041558
44 52 0 8 -2.053301
35 63 0 8 -2.075917
22 59 0 8 -2.092042
8 55 0 8 -2.098336
22 58 0 8 -2.099440
25 52 0 8 -2.113253
50 76 0 8 -2.121509
32 54 0 8 -2.143039
3 46 0 8 -2.143532
18 58 0 8 -2.145105
20 58 0 8 -2.153453
24 75 0 8 -2.155515
52 67 0 8 -2.158350
7 60 0 8 -2.175010
41 60 0 8 -2.178775
47 69 0 8 -2.187010
19 72 0 8 -2.204376
19 56 0 8 -2.212949
7 77 0 8 -2.214304
16 55 0 8 -2.227489
47 66 0 8 -2.235354
18 54 0 8 -2.243426
56 77 0 8 -2.244171
24 77 0 8 -2.245205
41 57 0 8 -2.263001
47 70 0 8 -2.265686
71 76 0 8 -2.275621
18 71 0 8 -2.287909
10 42 0 8 -2.298315
36 77 0 8 -2.298554
55 78 0 8 -2.313567
20 77 0 8 -2.329599
20 80 0 8 -2.341178
18 62 0 8 -2.353159
26 56 0 8 -2.358775
55 72 0 8 -2.360589
5 69 0 8 -2.392758
19 64 0 8 -2.422198
10 23 0 8 -2.451261
43 80 0 8 -2.495327
18 52 0 8 -2.503668
4 55 0 8 -2.508111
7 18 0 8 -2.520523
56 68 0 8 -2.532129
26 55 0 8 -2.566691
13 55 0 8 -2.574264
68 80 0 8 -2.588525
46 57 0 8 -2.681230
22 68 0 8 -2.697286
24 55 0 8 -2.719765
23 33 0 8 -2.730977
18 55 0 8 -2.809683
36 73 0 8 -2.853653
22 36 0 8 -2.938925
26 33 0 8 -3.018012
33 77 0 8 -3.142418
22 46 0 8 -3.147615
18 47 0 8 -3.187456
22 33 0 8 -3.303494
26 47 0 8 -3.616103
