65 75 0 8 18.077290
39 63 0 8 14.557419
24 91 0 8 12.998960
44 49 0 8 11.949287
31 36 0 8 11.740720
36 50 0 8 11.615019
42 60 0 8 11.556604
77 87 0 8 11.552373
42 48 0 8 11.318078
39 60 0 8 11.179403
44 62 0 8 11.141249
58 75 0 8 11.113614
42 63 0 8 10.255198
8 97 0 8 9.628313
38 44 0 8 9.614380
58 67 0 8 9.427737
25 77 0 8 9.401298
19 35 0 8 9.325535
42 62 0 8 9.270945
52 57 0 8 8.823031
13 68 0 8 8.663862
19 53 0 8 8.314653
79 87 0 8 8.123100
41 72 0 8 8.004440
26 37 0 8 7.836792
8 94 0 8 7.829604
17 53 0 8 7.732175
73 87 0 8 7.471825
21 69 0 8 7.275446
59 64 0 8 7.023086
57 66 0 8 6.925394
16 92 0 8 6.897192
74 81 0 8 6.655013
46 62 0 8 6.609851
58 65 0 8 6.576881
86 98 0 8 6.526327
33 54 0 8 6.184208
8 96 0 8 6.141947
28 37 0 8 6.087759
37 49 0 8 6.051747
16 21 0 8 6.006632
48 62 0 8 5.800932
34 50 0 8 5.757752
13 69 0 8 5.646060
34 52 0 8 5.529009
58 66 0 8 5.437344
25 76 0 8 5.206080
25 87 0 8 5.107509
42 47 0 8 4.974181
74 85 0 8 4.879588
13 70 0 8 4.838623
47 62 0 8 4.798141
70 88 0 8 4.763445
56 69 0 8 4.758152
16 69 0 8 4.745531
37 51 0 8 4.669034
9 85 0 8 4.612631
41 48 0 8 4.580001
33 56 0 8 4.559382
67 72 0 8 4.492665
22 51 0 8 4.486190
4 16 0 8 4.344157
18 58 0 8 4.270019
30 35 0 8 4.180054
57 68 0 8 4.164693
4 9 0 8 4.123004
37 60 0 8 4.066202
68 74 0 8 4.045532
17 56 0 8 3.945185
38 47 0 8 3.923717
36 47 0 8 3.892195
38 49 0 8 3.890926
52 80 0 8 3.854704
79 84 0 8 3.835194
38 43 0 8 3.808820
73 79 0 8 3.735052
12 94 0 8 3.723433
59 66 0 8 3.708270
22 76 0 8 3.690651
47 60 0 8 3.682183
38 48 0 8 3.657735
21 26 0 8 3.605479
8 95 0 8 3.512691
40 49 0 8 3.471526
24 65 0 8 3.470029
47 61 0 8 3.461634
34 43 0 8 3.378034
20 27 0 8 3.344506
25 72 0 8 3.334675
49 61 0 8 3.307121
22 72 0 8 3.305500
28 51 0 8 3.301381
37 67 0 8 3.216189
19 36 0 8 3.199929
34 55 0 8 3.144469
4 98 0 8 3.141992
9 81 0 8 3.075674
35 53 0 8 3.072424
26 76 0 8 3.069514
6 13 0 8 3.053878
12 89 0 8 3.041267
61 69 0 8 3.039139
33 50 0 8 3.027604
73 84 0 8 2.983844
14 30 0 8 2.962629
61 68 0 8 2.916392
18 51 0 8 2.890443
5 97 0 8 2.820408
21 77 0 8 2.767771
40 60 0 8 2.766506
42 61 0 8 2.756526
20 56 0 8 2.712797
25 73 0 8 2.711058
21 91 0 8 2.698794
71 86 0 8 2.672627
19 55 0 8 2.667696
31 95 0 8 2.639527
34 57 0 8 2.624519
37 56 0 8 2.593901
30 68 0 8 2.593099
5 11 0 8 2.589591
39 62 0 8 2.589453
36 59 0 8 2.579723
16 88 0 8 2.573653
6 85 0 8 2.569359
55 61 0 8 2.518392
37 42 0 8 2.506562
14 74 0 8 2.501617
39 44 0 8 2.494896
70 81 0 8 2.490199
9 82 0 8 2.489880
14 56 0 8 2.487499
4 85 0 8 2.486250
13 31 0 8 2.484492
29 78 0 8 2.446358
74 80 0 8 2.437632
52 82 0 8 2.437382
34 54 0 8 2.417861
74 84 0 8 2.412151
7 78 0 8 2.407212
53 66 0 8 2.393128
45 64 0 8 2.392854
77 91 0 8 2.392115
32 53 0 8 2.373915
22 37 0 8 2.341778
79 86 0 8 2.330279
5 16 0 8 2.289630
45 76 0 8 2.275841
38 88 0 8 2.265684
80 85 0 8 2.260966
48 60 0 8 2.231200
7 13 0 8 2.192047
39 47 0 8 2.191884
22 56 0 8 2.181580
12 98 0 8 2.179407
51 76 0 8 2.174453
15 94 0 8 2.171484
18 56 0 8 2.160219
23 78 0 8 2.157648
12 91 0 8 2.155673
10 90 0 8 2.153649
13 85 0 8 2.126873
45 62 0 8 2.125222
41 75 0 8 2.119798
57 81 0 8 2.106221
11 38 0 8 2.104147
29 74 0 8 2.101906
18 71 0 8 2.091206
23 87 0 8 2.070971
51 72 0 8 2.065607
50 57 0 8 2.063830
14 43 0 8 2.055279
37 46 0 8 2.052273
31 87 0 8 2.051414
50 61 0 8 2.050275
57 71 0 8 2.043633
23 54 0 8 2.040233
74 79 0 8 1.996156
78 94 0 8 1.976324
66 71 0 8 1.974743
49 71 0 8 1.974015
25 91 0 8 1.972744
54 96 0 8 1.969897
43 71 0 8 1.969250
28 72 0 8 1.963122
59 71 0 8 1.953820
81 91 0 8 1.928585
16 91 0 8 1.927777
5 98 0 8 1.919952
49 62 0 8 1.918649
7 90 0 8 1.913215
28 50 0 8 1.912935
14 75 0 8 1.908234
4 96 0 8 1.887830
45 51 0 8 1.877602
8 17 0 8 1.865093
15 30 0 8 1.854441
74 89 0 8 1.848693
9 17 0 8 1.847954
47 69 0 8 1.846158
14 24 0 8 1.834356
15 87 0 8 1.833584
56 74 0 8 1.831177
6 46 0 8 1.821602
61 66 0 8 1.812312
16 82 0 8 1.806735
38 74 0 8 1.792749
22 73 0 8 1.790867
85 91 0 8 1.789902
68 81 0 8 1.783293
7 74 0 8 1.772915
82 90 0 8 1.771604
16 24 0 8 1.765586
14 45 0 8 1.761766
75 90 0 8 1.761571
56 97 0 8 1.758074
36 44 0 8 1.755920
74 88 0 8 1.753898
28 36 0 8 1.733116
50 73 0 8 1.731106
16 31 0 8 1.726733
49 72 0 8 1.722027
19 30 0 8 1.721846
27 33 0 8 1.721470
18 66 0 8 1.715756
18 90 0 8 1.713349
29 45 0 8 1.712497
26 65 0 8 1.708097
43 84 0 8 1.701827
11 29 0 8 1.700042
49 76 0 8 1.695693
67 84 0 8 1.693629
50 90 0 8 1.692963
59 97 0 8 1.690293
55 68 0 8 1.685194
54 76 0 8 1.677659
68 82 0 8 1.677428
54 82 0 8 1.674785
15 69 0 8 1.674051
22 31 0 8 1.660652
40 63 0 8 1.650944
53 80 0 8 1.648704
54 91 0 8 1.643484
20 38 0 8 1.642655
38 78 0 8 1.633126
13 76 0 8 1.627378
66 77 0 8 1.618371
50 66 0 8 1.618274
18 34 0 8 1.616520
13 74 0 8 1.612109
25 96 0 8 1.610393
41 61 0 8 1.609482
26 49 0 8 1.606101
36 45 0 8 1.603435
23 64 0 8 1.593308
10 27 0 8 1.592791
18 72 0 8 1.578091
2 12 0 8 1.577098
33 68 0 8 1.570821
58 72 0 8 1.569567
24 88 0 8 1.559482
10 68 0 8 1.558878
38 73 0 8 1.556503
55 80 0 8 1.556244
50 59 0 8 1.555279
54 66 0 8 1.555259
54 64 0 8 1.554064
59 76 0 8 1.551155
43 98 0 8 1.542429
71 83 0 8 1.540247
11 17 0 8 1.539417
31 59 0 8 1.532792
92 98 0 8 1.531954
46 88 0 8 1.531206
43 48 0 8 1.531027
56 73 0 8 1.528018
71 81 0 8 1.527454
28 33 0 8 1.526357
27 89 0 8 1.521128
32 67 0 8 1.516862
19 29 0 8 1.512598
43 69 0 8 1.507457
30 55 0 8 1.495420
23 37 0 8 1.491990
10 20 0 8 1.490988
41 60 0 8 1.489858
26 33 0 8 1.489624
69 84 0 8 1.485307
75 86 0 8 1.483539
25 59 0 8 1.483276
47 63 0 8 1.481436
53 72 0 8 1.475888
12 65 0 8 1.473064
34 61 0 8 1.470715
8 29 0 8 1.467265
53 58 0 8 1.455827
23 35 0 8 1.453960
51 67 0 8 1.451180
70 89 0 8 1.449735
16 73 0 8 1.448375
34 41 0 8 1.447835
16 43 0 8 1.444233
8 15 0 8 1.442515
39 55 0 8 1.440816
6 72 0 8 1.440121
54 70 0 8 1.438240
36 52 0 8 1.423857
22 58 0 8 1.421514
49 67 0 8 1.418063
27 37 0 8 1.417202
87 92 0 8 1.416475
16 78 0 8 1.414880
4 99 0 8 1.414027
50 60 0 8 1.408221
24 77 0 8 1.404459
38 83 0 8 1.403581
36 77 0 8 1.402583
5 68 0 8 1.399179
53 90 0 8 1.398843
81 89 0 8 1.397234
57 89 0 8 1.395951
70 85 0 8 1.394584
53 85 0 8 1.393806
35 54 0 8 1.389612
12 92 0 8 1.388951
43 52 0 8 1.388650
33 91 0 8 1.385405
27 38 0 8 1.380286
6 20 0 8 1.379441
12 47 0 8 1.378524
21 46 0 8 1.369078
26 59 0 8 1.359376
17 87 0 8 1.359260
52 68 0 8 1.359228
82 95 0 8 1.358167
89 96 0 8 1.355355
63 81 0 8 1.353012
81 92 0 8 1.351150
68 85 0 8 1.348038
86 94 0 8 1.343885
58 64 0 8 1.342318
21 89 0 8 1.341935
19 76 0 8 1.339750
76 91 0 8 1.337732
54 78 0 8 1.335715
15 20 0 8 1.335167
16 27 0 8 1.334933
10 30 0 8 1.334419
16 90 0 8 1.333714
33 88 0 8 1.333419
21 33 0 8 1.332104
69 88 0 8 1.330894
8 98 0 8 1.326947
26 51 0 8 1.326160
45 57 0 8 1.325341
44 61 0 8 1.319131
68 84 0 8 1.318864
6 101 0 8 1.314346
32 47 0 8 1.308843
17 69 0 8 1.305343
20 92 0 8 1.302174
54 90 0 8 1.289461
68 88 0 8 1.289095
6 75 0 8 1.288165
7 12 0 8 1.286895
64 80 0 8 1.285276
31 64 0 8 1.282558
55 73 0 8 1.279838
85 99 0 8 1.279495
15 56 0 8 1.276936
17 61 0 8 1.276518
22 79 0 8 1.275348
41 47 0 8 1.271753
12 45 0 8 1.271618
22 36 0 8 1.271064
12 70 0 8 1.269009
41 51 0 8 1.267409
16 87 0 8 1.262493
94 99 0 8 1.261693
23 84 0 8 1.261354
6 71 0 8 1.253929
70 96 0 8 1.253128
12 64 0 8 1.251981
29 65 0 8 1.250902
31 70 0 8 1.250894
11 30 0 8 1.247727
22 29 0 8 1.236846
21 79 0 8 1.234862
10 65 0 8 1.233732
85 92 0 8 1.233685
7 94 0 8 1.232244
11 93 0 8 1.229351
78 87 0 8 1.227586
20 82 0 8 1.224319
25 35 0 8 1.220509
53 69 0 8 1.220044
39 69 0 8 1.220008
27 36 0 8 1.216320
41 67 0 8 1.215003
43 86 0 8 1.213432
14 85 0 8 1.212541
11 85 0 8 1.207831
4 53 0 8 1.207582
36 67 0 8 1.206703
37 58 0 8 1.203031
35 68 0 8 1.199069
15 86 0 8 1.196717
16 29 0 8 1.187916
37 48 0 8 1.187384
89 94 0 8 1.186139
6 99 0 8 1.185996
16 34 0 8 1.185136
6 78 0 8 1.183834
49 87 0 8 1.179188
9 29 0 8 1.176868
95 100 0 8 1.168150
65 77 0 8 1.167877
52 66 0 8 1.163804
41 73 0 8 1.163471
37 62 0 8 1.159069
38 70 0 8 1.158784
80 87 0 8 1.156878
14 78 0 8 1.156641
46 61 0 8 1.154679
46 91 0 8 1.153826
12 63 0 8 1.153642
36 65 0 8 1.151695
13 97 0 8 1.151619
93 98 0 8 1.149833
72 89 0 8 1.149583
5 54 0 8 1.149381
29 54 0 8 1.148481
48 68 0 8 1.148234
24 37 0 8 1.145906
30 36 0 8 1.142430
60 81 0 8 1.140033
22 88 0 8 1.139218
9 92 0 8 1.136443
43 100 0 8 1.135513
75 81 0 8 1.134251
5 12 0 8 1.133418
15 90 0 8 1.129820
74 82 0 8 1.127009
37 63 0 8 1.126114
72 79 0 8 1.122079
11 69 0 8 1.119238
18 84 0 8 1.118422
38 62 0 8 1.118390
57 91 0 8 1.116153
11 98 0 8 1.114825
28 81 0 8 1.114550
79 89 0 8 1.113491
38 69 0 8 1.110978
23 28 0 8 1.110924
11 25 0 8 1.109192
86 96 0 8 1.106183
13 27 0 8 1.105739
34 42 0 8 1.105309
70 94 0 8 1.103744
17 50 0 8 1.102062
32 74 0 8 1.101788
44 57 0 8 1.101759
13 23 0 8 1.101308
22 34 0 8 1.100641
65 78 0 8 1.099777
52 73 0 8 1.098110
32 79 0 8 1.093261
7 29 0 8 1.091848
31 86 0 8 1.090776
7 96 0 8 1.085941
70 79 0 8 1.084659
9 76 0 8 1.082867
35 92 0 8 1.082793
26 89 0 8 1.080851
7 14 0 8 1.080642
9 94 0 8 1.080593
89 97 0 8 1.078921
33 93 0 8 1.073242
15 81 0 8 1.072420
4 58 0 8 1.071847
16 96 0 8 1.071005
4 82 0 8 1.069354
62 67 0 8 1.068199
21 63 0 8 1.063407
18 85 0 8 1.062861
78 99 0 8 1.061988
64 75 0 8 1.060459
23 29 0 8 1.060424
76 83 0 8 1.059894
68 89 0 8 1.058287
78 90 0 8 1.057582
27 32 0 8 1.052832
14 97 0 8 1.052244
32 45 0 8 1.052000
50 93 0 8 1.051029
20 66 0 8 1.047673
44 88 0 8 1.043513
18 77 0 8 1.041567
43 55 0 8 1.040428
80 99 0 8 1.039945
16 30 0 8 1.039056
15 31 0 8 1.038823
46 51 0 8 1.037467
12 85 0 8 1.036295
34 56 0 8 1.035060
32 57 0 8 1.031616
20 90 0 8 1.031467
22 64 0 8 1.029344
24 81 0 8 1.022833
24 43 0 8 1.021750
68 96 0 8 1.021496
6 14 0 8 1.019952
6 98 0 8 1.019053
44 60 0 8 1.019009
47 77 0 8 1.017754
3 100 0 8 1.017555
27 96 0 8 1.014743
16 38 0 8 1.013229
14 33 0 8 1.011586
4 14 0 8 1.009646
4 92 0 8 1.006402
45 60 0 8 1.006324
20 87 0 8 1.005604
14 100 0 8 0.998488
9 28 0 8 0.996406
82 96 0 8 0.996131
45 83 0 8 0.995531
29 34 0 8 0.993818
46 57 0 8 0.993598
21 35 0 8 0.992937
30 100 0 8 0.990539
16 22 0 8 0.989640
41 63 0 8 0.987968
22 63 0 8 0.986630
55 66 0 8 0.986108
39 89 0 8 0.985706
8 13 0 8 0.985613
8 57 0 8 0.985571
64 87 0 8 0.985083
9 21 0 8 0.982250
30 54 0 8 0.980221
29 46 0 8 0.979673
15 79 0 8 0.977848
8 62 0 8 0.977584
15 25 0 8 0.977165
10 84 0 8 0.975526
72 87 0 8 0.974762
15 26 0 8 0.967054
41 49 0 8 0.966855
24 54 0 8 0.966133
40 67 0 8 0.965844
33 55 0 8 0.964872
70 84 0 8 0.964870
15 52 0 8 0.962312
39 92 0 8 0.962177
29 99 0 8 0.959433
38 81 0 8 0.958484
28 41 0 8 0.958387
26 60 0 8 0.957959
42 72 0 8 0.954905
7 98 0 8 0.954292
82 99 0 8 0.952420
26 57 0 8 0.949947
30 75 0 8 0.949462
39 81 0 8 0.948316
16 56 0 8 0.946676
59 72 0 8 0.945730
50 68 0 8 0.942187
82 94 0 8 0.939727
39 58 0 8 0.938922
27 58 0 8 0.936641
27 90 0 8 0.936148
61 81 0 8 0.934338
77 93 0 8 0.933518
61 79 0 8 0.932399
14 95 0 8 0.931872
69 79 0 8 0.929641
5 99 0 8 0.929130
3 80 0 8 0.928560
4 95 0 8 0.928259
48 61 0 8 0.927598
24 90 0 8 0.927576
90 97 0 8 0.924234
6 77 0 8 0.922664
32 77 0 8 0.921225
15 22 0 8 0.920541
13 57 0 8 0.920049
27 100 0 8 0.918198
9 49 0 8 0.918176
13 95 0 8 0.917137
13 71 0 8 0.911894
32 66 0 8 0.911273
70 82 0 8 0.911183
30 72 0 8 0.911080
4 101 0 8 0.909975
3 11 0 8 0.909273
10 24 0 8 0.904118
64 96 0 8 0.901306
50 72 0 8 0.897291
8 86 0 8 0.895417
46 54 0 8 0.891645
16 94 0 8 0.890816
6 15 0 8 0.889184
47 90 0 8 0.888133
3 98 0 8 0.888094
77 92 0 8 0.885261
14 83 0 8 0.883491
55 71 0 8 0.881928
11 97 0 8 0.880884
18 79 0 8 0.880488
68 101 0 8 0.880184
11 43 0 8 0.878868
19 49 0 8 0.878840
77 82 0 8 0.872703
93 100 0 8 0.872378
73 80 0 8 0.868621
38 56 0 8 0.868540
26 47 0 8 0.863271
80 95 0 8 0.862756
21 88 0 8 0.862461
74 91 0 8 0.862391
64 79 0 8 0.861530
20 80 0 8 0.861476
22 35 0 8 0.861459
21 59 0 8 0.858871
25 40 0 8 0.858353
55 93 0 8 0.856651
13 77 0 8 0.856647
5 25 0 8 0.855785
18 89 0 8 0.848301
61 85 0 8 0.843476
34 84 0 8 0.839909
17 28 0 8 0.839784
55 86 0 8 0.836289
84 98 0 8 0.836207
63 89 0 8 0.830853
43 58 0 8 0.830596
26 44 0 8 0.829393
41 78 0 8 0.828948
79 95 0 8 0.828710
14 90 0 8 0.827635
24 30 0 8 0.827590
14 20 0 8 0.824481
85 96 0 8 0.823262
11 94 0 8 0.822744
78 98 0 8 0.817518
28 39 0 8 0.817124
58 78 0 8 0.815332
18 92 0 8 0.813765
85 100 0 8 0.812602
17 72 0 8 0.812483
82 89 0 8 0.811581
7 58 0 8 0.810485
5 86 0 8 0.809818
9 15 0 8 0.809763
8 54 0 8 0.806062
81 86 0 8 0.805738
71 78 0 8 0.805497
24 84 0 8 0.805131
35 77 0 8 0.801043
46 96 0 8 0.798406
32 40 0 8 0.798250
9 99 0 8 0.797877
18 23 0 8 0.797674
70 99 0 8 0.795966
35 56 0 8 0.789046
6 18 0 8 0.787152
5 31 0 8 0.786036
43 73 0 8 0.785597
6 66 0 8 0.783036
64 89 0 8 0.782902
61 72 0 8 0.777557
22 84 0 8 0.777387
18 52 0 8 0.776742
3 10 0 8 0.776437
57 80 0 8 0.775176
50 87 0 8 0.773140
96 101 0 8 0.773047
52 99 0 8 0.772769
21 53 0 8 0.772546
92 97 0 8 0.771090
22 43 0 8 0.770947
46 60 0 8 0.767807
66 91 0 8 0.767803
39 75 0 8 0.766243
3 78 0 8 0.761218
59 83 0 8 0.759323
71 93 0 8 0.757490
7 31 0 8 0.755930
47 93 0 8 0.755205
23 51 0 8 0.754843
11 88 0 8 0.754015
73 85 0 8 0.753927
6 53 0 8 0.753862
34 59 0 8 0.753674
80 102 0 8 0.753189
89 98 0 8 0.750594
22 100 0 8 0.748606
72 86 0 8 0.743919
18 24 0 8 0.743298
38 45 0 8 0.743201
23 71 0 8 0.742575
8 33 0 8 0.742521
20 32 0 8 0.742209
37 78 0 8 0.740709
31 93 0 8 0.740705
28 55 0 8 0.740099
8 58 0 8 0.737205
27 82 0 8 0.736943
18 27 0 8 0.736850
50 56 0 8 0.733922
43 72 0 8 0.733683
9 75 0 8 0.732789
69 81 0 8 0.732730
42 50 0 8 0.732197
20 52 0 8 0.730128
30 52 0 8 0.729442
21 76 0 8 0.728599
33 70 0 8 0.727933
80 92 0 8 0.726549
28 62 0 8 0.726499
67 85 0 8 0.726486
43 95 0 8 0.725754
10 55 0 8 0.723353
70 77 0 8 0.722422
81 87 0 8 0.719256
51 84 0 8 0.717511
30 79 0 8 0.715064
74 83 0 8 0.711494
26 86 0 8 0.710017
56 95 0 8 0.709048
43 70 0 8 0.708928
57 70 0 8 0.708890
23 92 0 8 0.708370
46 73 0 8 0.707443
7 22 0 8 0.706648
76 94 0 8 0.705897
16 53 0 8 0.704082
28 74 0 8 0.703177
23 33 0 8 0.699666
54 79 0 8 0.698443
37 61 0 8 0.697526
45 59 0 8 0.697393
26 84 0 8 0.697188
30 80 0 8 0.697044
64 102 0 8 0.696678
40 47 0 8 0.696502
40 72 0 8 0.691519
3 90 0 8 0.690658
21 55 0 8 0.689769
27 54 0 8 0.687495
26 69 0 8 0.685091
56 72 0 8 0.685087
50 77 0 8 0.684319
83 101 0 8 0.683818
11 95 0 8 0.683739
23 83 0 8 0.682434
12 90 0 8 0.682254
54 65 0 8 0.681395
69 99 0 8 0.680666
49 70 0 8 0.679398
28 42 0 8 0.678459
22 28 0 8 0.678033
30 97 0 8 0.677123
43 79 0 8 0.676394
4 20 0 8 0.674787
10 70 0 8 0.672157
28 45 0 8 0.671667
32 54 0 8 0.671309
34 98 0 8 0.670667
46 63 0 8 0.669496
21 92 0 8 0.668653
51 62 0 8 0.668343
17 91 0 8 0.668223
75 101 0 8 0.667517
51 71 0 8 0.667001
41 58 0 8 0.664107
12 99 0 8 0.663975
8 78 0 8 0.663357
45 73 0 8 0.661269
80 90 0 8 0.658842
65 93 0 8 0.655688
68 93 0 8 0.653516
24 94 0 8 0.652705
44 84 0 8 0.652223
17 42 0 8 0.650947
47 76 0 8 0.650521
45 90 0 8 0.649965
14 69 0 8 0.647957
16 98 0 8 0.646041
26 72 0 8 0.645712
12 31 0 8 0.644469
19 31 0 8 0.643951
23 96 0 8 0.643495
9 91 0 8 0.641249
27 83 0 8 0.639361
24 100 0 8 0.638500
24 85 0 8 0.635493
20 29 0 8 0.634876
76 102 0 8 0.634642
32 41 0 8 0.634095
3 94 0 8 0.633997
8 73 0 8 0.633235
70 83 0 8 0.631654
29 51 0 8 0.631493
2 15 0 8 0.629877
24 74 0 8 0.628041
35 64 0 8 0.627971
57 97 0 8 0.627787
21 50 0 8 0.623084
19 62 0 8 0.621613
46 77 0 8 0.621433
28 59 0 8 0.620058
69 97 0 8 0.617767
62 75 0 8 0.617179
7 20 0 8 0.616187
20 26 0 8 0.616050
86 99 0 8 0.615067
10 53 0 8 0.615052
55 64 0 8 0.613791
23 91 0 8 0.613638
87 102 0 8 0.611951
10 32 0 8 0.611845
22 71 0 8 0.611248
49 69 0 8 0.609340
39 48 0 8 0.609324
2 43 0 8 0.607953
28 88 0 8 0.607623
28 76 0 8 0.605273
92 99 0 8 0.602476
64 77 0 8 0.601653
51 86 0 8 0.600830
14 22 0 8 0.600036
20 89 0 8 0.599415
15 100 0 8 0.598501
6 56 0 8 0.595446
41 77 0 8 0.595153
51 64 0 8 0.593681
72 83 0 8 0.593574
33 92 0 8 0.592624
53 78 0 8 0.592483
31 54 0 8 0.590063
37 45 0 8 0.589372
28 85 0 8 0.589214
5 92 0 8 0.587752
59 80 0 8 0.585240
66 95 0 8 0.583272
66 76 0 8 0.581954
17 73 0 8 0.581758
76 101 0 8 0.581489
31 43 0 8 0.580795
85 94 0 8 0.580674
47 75 0 8 0.578666
49 93 0 8 0.575552
48 67 0 8 0.575535
34 45 0 8 0.574203
75 95 0 8 0.573951
29 38 0 8 0.572757
7 69 0 8 0.572284
36 73 0 8 0.571749
11 19 0 8 0.571676
3 82 0 8 0.571200
32 48 0 8 0.569790
38 91 0 8 0.568084
3 24 0 8 0.567811
6 11 0 8 0.565409
23 73 0 8 0.564533
45 80 0 8 0.564472
38 61 0 8 0.564017
71 76 0 8 0.558129
7 76 0 8 0.555415
31 77 0 8 0.554234
5 69 0 8 0.553532
25 46 0 8 0.548488
65 71 0 8 0.544774
71 87 0 8 0.544530
11 90 0 8 0.544131
23 66 0 8 0.543364
63 75 0 8 0.543180
8 92 0 8 0.542096
45 99 0 8 0.540570
36 49 0 8 0.540498
22 67 0 8 0.540470
3 54 0 8 0.540121
5 70 0 8 0.539976
15 43 0 8 0.539578
34 64 0 8 0.538317
56 77 0 8 0.537648
29 79 0 8 0.537637
35 85 0 8 0.537266
15 97 0 8 0.536877
24 87 0 8 0.535840
21 41 0 8 0.534919
34 92 0 8 0.534317
32 55 0 8 0.534054
3 68 0 8 0.533769
32 51 0 8 0.533169
31 46 0 8 0.533109
4 88 0 8 0.532280
65 72 0 8 0.531779
10 97 0 8 0.530350
20 86 0 8 0.530084
22 50 0 8 0.529300
30 85 0 8 0.529294
14 86 0 8 0.527664
17 35 0 8 0.527223
3 8 0 8 0.526313
10 76 0 8 0.525616
9 25 0 8 0.524817
15 89 0 8 0.523934
92 102 0 8 0.523664
20 79 0 8 0.519686
27 72 0 8 0.518646
24 78 0 8 0.518566
18 69 0 8 0.517327
75 98 0 8 0.516669
32 86 0 8 0.516657
2 66 0 8 0.516225
2 11 0 8 0.516190
10 71 0 8 0.515743
20 64 0 8 0.514106
73 97 0 8 0.513716
74 95 0 8 0.513679
27 55 0 8 0.512139
5 64 0 8 0.508275
86 97 0 8 0.507284
88 98 0 8 0.506921
30 89 0 8 0.506862
41 65 0 8 0.505835
11 65 0 8 0.505423
30 43 0 8 0.504767
12 52 0 8 0.504648
36 42 0 8 0.501328
10 88 0 8 0.499133
58 85 0 8 0.499127
70 80 0 8 0.497548
40 51 0 8 0.497547
45 79 0 8 0.497524
51 83 0 8 0.496643
82 97 0 8 0.495104
3 99 0 8 0.494890
36 64 0 8 0.491103
21 27 0 8 0.489590
81 99 0 8 0.489159
41 84 0 8 0.488818
33 45 0 8 0.488791
13 65 0 8 0.488788
25 86 0 8 0.486914
25 81 0 8 0.485571
32 84 0 8 0.484994
7 23 0 8 0.482708
27 76 0 8 0.482036
23 30 0 8 0.480122
45 97 0 8 0.479642
24 93 0 8 0.479453
48 69 0 8 0.478555
43 82 0 8 0.477238
17 81 0 8 0.475297
7 64 0 8 0.473720
24 75 0 8 0.471882
67 88 0 8 0.471362
7 95 0 8 0.470344
31 97 0 8 0.469687
25 66 0 8 0.469351
11 78 0 8 0.468758
5 33 0 8 0.466777
36 58 0 8 0.466204
68 95 0 8 0.465733
78 83 0 8 0.464562
45 67 0 8 0.462246
19 56 0 8 0.459280
20 93 0 8 0.459204
19 26 0 8 0.458981
14 93 0 8 0.458859
5 93 0 8 0.458324
19 25 0 8 0.457790
35 101 0 8 0.456823
97 102 0 8 0.455596
16 89 0 8 0.454906
27 45 0 8 0.453800
40 87 0 8 0.453513
6 30 0 8 0.453459
62 93 0 8 0.452381
38 102 0 8 0.452211
22 95 0 8 0.451209
83 93 0 8 0.451059
18 82 0 8 0.450306
6 64 0 8 0.449708
8 99 0 8 0.449267
78 86 0 8 0.449076
2 87 0 8 0.448905
53 93 0 8 0.448419
10 99 0 8 0.447923
84 95 0 8 0.447634
28 66 0 8 0.446299
17 80 0 8 0.445166
2 14 0 8 0.445079
42 51 0 8 0.443937
62 97 0 8 0.443682
14 36 0 8 0.442934
47 55 0 8 0.442309
15 92 0 8 0.441838
63 76 0 8 0.441801
10 25 0 8 0.441557
11 23 0 8 0.441060
12 23 0 8 0.440692
50 82 0 8 0.440487
61 89 0 8 0.439586
14 88 0 8 0.439144
46 94 0 8 0.437824
31 66 0 8 0.437511
59 93 0 8 0.437272
47 68 0 8 0.436223
59 98 0 8 0.435704
14 35 0 8 0.434871
48 58 0 8 0.434765
6 27 0 8 0.433263
47 85 0 8 0.431554
60 72 0 8 0.431060
23 31 0 8 0.430192
37 95 0 8 0.429963
43 78 0 8 0.428638
32 61 0 8 0.428140
28 94 0 8 0.427210
15 78 0 8 0.426393
15 82 0 8 0.425658
83 89 0 8 0.424788
42 58 0 8 0.423209
19 89 0 8 0.421688
8 16 0 8 0.421116
77 99 0 8 0.418643
51 91 0 8 0.418466
7 33 0 8 0.418300
46 83 0 8 0.418049
6 33 0 8 0.416511
5 10 0 8 0.416460
40 89 0 8 0.415381
6 100 0 8 0.413229
44 102 0 8 0.412804
13 21 0 8 0.411720
80 91 0 8 0.411556
30 45 0 8 0.411090
44 85 0 8 0.411083
65 83 0 8 0.410697
40 76 0 8 0.409930
9 101 0 8 0.409795
29 64 0 8 0.409498
3 45 0 8 0.409495
72 78 0 8 0.409333
27 88 0 8 0.408881
21 49 0 8 0.408761
20 94 0 8 0.407290
52 98 0 8 0.406479
33 66 0 8 0.406057
35 40 0 8 0.403918
58 63 0 8 0.401283
59 86 0 8 0.399716
17 51 0 8 0.399527
64 76 0 8 0.398882
27 70 0 8 0.398065
4 13 0 8 0.397787
53 89 0 8 0.397066
36 41 0 8 0.396907
33 64 0 8 0.396830
35 51 0 8 0.394915
9 55 0 8 0.394786
6 90 0 8 0.394366
17 24 0 8 0.394312
35 81 0 8 0.393997
71 100 0 8 0.393623
39 68 0 8 0.391498
3 14 0 8 0.391346
3 102 0 8 0.391305
3 27 0 8 0.390577
22 53 0 8 0.388125
29 86 0 8 0.387662
38 46 0 8 0.387633
14 38 0 8 0.387552
53 95 0 8 0.387455
37 81 0 8 0.387127
21 93 0 8 0.386710
21 28 0 8 0.385427
48 63 0 8 0.385087
64 90 0 8 0.384576
10 31 0 8 0.384302
56 82 0 8 0.382545
58 71 0 8 0.382391
22 42 0 8 0.382165
45 95 0 8 0.381926
32 58 0 8 0.380996
47 89 0 8 0.375834
65 73 0 8 0.375723
75 88 0 8 0.375688
18 67 0 8 0.375633
86 95 0 8 0.374607
60 69 0 8 0.373104
13 81 0 8 0.372310
17 94 0 8 0.372291
15 95 0 8 0.371683
14 102 0 8 0.370636
44 70 0 8 0.369678
49 82 0 8 0.369562
6 62 0 8 0.368947
12 50 0 8 0.367694
64 100 0 8 0.365603
55 82 0 8 0.365110
26 82 0 8 0.364856
3 31 0 8 0.364215
36 100 0 8 0.363771
19 97 0 8 0.362898
25 43 0 8 0.361348
4 97 0 8 0.359898
3 13 0 8 0.358696
51 66 0 8 0.358124
5 78 0 8 0.357820
32 37 0 8 0.357481
10 35 0 8 0.357306
4 78 0 8 0.356609
36 79 0 8 0.354361
15 23 0 8 0.353863
4 93 0 8 0.353184
9 40 0 8 0.352473
27 35 0 8 0.352388
19 92 0 8 0.351666
27 95 0 8 0.351615
50 102 0 8 0.351386
55 70 0 8 0.351097
24 83 0 8 0.350386
42 49 0 8 0.348076
49 88 0 8 0.347684
29 95 0 8 0.345644
10 43 0 8 0.344979
13 30 0 8 0.344753
6 68 0 8 0.344549
79 88 0 8 0.344462
19 94 0 8 0.343755
6 28 0 8 0.342702
58 82 0 8 0.342420
40 46 0 8 0.340597
6 102 0 8 0.340571
18 33 0 8 0.339701
94 101 0 8 0.339510
29 92 0 8 0.339241
21 54 0 8 0.338669
10 95 0 8 0.337710
35 46 0 8 0.336675
10 74 0 8 0.333278
4 68 0 8 0.330154
7 93 0 8 0.329569
26 45 0 8 0.329438
29 93 0 8 0.328472
50 58 0 8 0.327805
12 69 0 8 0.326968
10 86 0 8 0.326430
51 57 0 8 0.325093
34 86 0 8 0.323707
3 43 0 8 0.323069
9 56 0 8 0.322408
12 82 0 8 0.322160
21 81 0 8 0.321542
65 82 0 8 0.319708
29 97 0 8 0.318569
28 67 0 8 0.318540
80 86 0 8 0.317304
73 96 0 8 0.317091
10 94 0 8 0.315607
13 50 0 8 0.314773
56 98 0 8 0.314695
24 98 0 8 0.314503
45 65 0 8 0.314152
10 96 0 8 0.314111
74 90 0 8 0.314063
78 96 0 8 0.313910
34 53 0 8 0.313372
9 100 0 8 0.312491
13 98 0 8 0.311547
43 87 0 8 0.311472
17 32 0 8 0.310722
40 53 0 8 0.309821
26 88 0 8 0.309505
40 92 0 8 0.308980
36 71 0 8 0.308826
56 61 0 8 0.308642
70 97 0 8 0.308460
27 59 0 8 0.307831
37 47 0 8 0.307560
26 61 0 8 0.306339
70 92 0 8 0.306104
47 81 0 8 0.305818
28 79 0 8 0.305612
50 55 0 8 0.304405
31 102 0 8 0.304269
51 60 0 8 0.303717
59 82 0 8 0.302909
5 66 0 8 0.302755
2 86 0 8 0.302664
91 97 0 8 0.302229
74 93 0 8 0.300652
55 67 0 8 0.300156
37 69 0 8 0.300078
46 98 0 8 0.299038
13 99 0 8 0.299010
25 51 0 8 0.298814
35 59 0 8 0.297879
45 74 0 8 0.297614
31 72 0 8 0.297579
13 55 0 8 0.296555
19 27 0 8 0.296383
60 75 0 8 0.296066
7 24 0 8 0.294960
64 88 0 8 0.294796
15 59 0 8 0.293667
39 84 0 8 0.292603
57 88 0 8 0.290636
8 35 0 8 0.289225
17 52 0 8 0.288245
17 70 0 8 0.287756
38 72 0 8 0.287230
20 75 0 8 0.286102
92 100 0 8 0.285682
7 97 0 8 0.284185
17 92 0 8 0.284073
5 51 0 8 0.283730
49 58 0 8 0.283280
40 74 0 8 0.283145
45 84 0 8 0.282516
53 91 0 8 0.282267
42 65 0 8 0.281335
76 90 0 8 0.281019
47 71 0 8 0.280822
52 65 0 8 0.279937
33 96 0 8 0.279750
9 50 0 8 0.277941
61 73 0 8 0.277685
77 95 0 8 0.277677
11 54 0 8 0.277451
48 70 0 8 0.276925
18 54 0 8 0.276656
54 102 0 8 0.276274
52 81 0 8 0.274126
15 88 0 8 0.272609
27 62 0 8 0.272178
12 26 0 8 0.271890
2 69 0 8 0.266342
10 23 0 8 0.265698
76 95 0 8 0.265627
12 60 0 8 0.264315
30 40 0 8 0.261603
7 15 0 8 0.260305
7 35 0 8 0.260015
14 34 0 8 0.259944
10 52 0 8 0.257975
12 93 0 8 0.257659
14 98 0 8 0.257569
22 93 0 8 0.257392
53 101 0 8 0.255996
77 96 0 8 0.255590
2 95 0 8 0.255032
35 93 0 8 0.254856
28 53 0 8 0.254565
29 102 0 8 0.254194
7 62 0 8 0.252100
17 100 0 8 0.251765
2 82 0 8 0.251198
94 102 0 8 0.248682
59 78 0 8 0.248015
56 80 0 8 0.247956
5 30 0 8 0.247242
70 78 0 8 0.243018
18 83 0 8 0.242448
43 102 0 8 0.242433
66 100 0 8 0.242186
48 73 0 8 0.239946
30 87 0 8 0.239428
25 65 0 8 0.239341
70 90 0 8 0.238005
4 66 0 8 0.237483
68 97 0 8 0.237081
75 80 0 8 0.235907
65 101 0 8 0.235875
3 86 0 8 0.234092
83 95 0 8 0.233609
38 66 0 8 0.233242
46 89 0 8 0.232913
19 71 0 8 0.232309
6 97 0 8 0.230472
55 65 0 8 0.230349
19 77 0 8 0.229551
29 100 0 8 0.229146
64 97 0 8 0.228654
26 87 0 8 0.226008
3 85 0 8 0.225912
5 65 0 8 0.225734
25 95 0 8 0.225134
8 90 0 8 0.224733
89 95 0 8 0.224015
30 53 0 8 0.222705
73 82 0 8 0.222621
26 53 0 8 0.222558
64 70 0 8 0.220506
2 24 0 8 0.219905
11 86 0 8 0.218910
86 100 0 8 0.218346
31 90 0 8 0.218247
19 41 0 8 0.217205
24 99 0 8 0.216301
79 99 0 8 0.216178
83 88 0 8 0.215860
18 31 0 8 0.215691
54 99 0 8 0.215654
32 89 0 8 0.215146
6 51 0 8 0.215127
14 92 0 8 0.214340
36 53 0 8 0.212968
2 93 0 8 0.212379
46 68 0 8 0.210682
29 91 0 8 0.210463
4 102 0 8 0.207500
40 65 0 8 0.206904
15 29 0 8 0.206463
25 36 0 8 0.206010
40 93 0 8 0.204718
20 51 0 8 0.204260
55 74 0 8 0.203848
12 56 0 8 0.203838
15 33 0 8 0.203753
29 36 0 8 0.202789
80 89 0 8 0.202026
41 62 0 8 0.200134
24 35 0 8 0.199267
11 102 0 8 0.199127
53 82 0 8 0.198166
65 91 0 8 0.198141
22 40 0 8 0.197024
78 97 0 8 0.193594
65 90 0 8 0.193302
3 84 0 8 0.193022
69 92 0 8 0.192931
3 51 0 8 0.192888
40 71 0 8 0.191899
8 89 0 8 0.191780
48 72 0 8 0.191389
16 83 0 8 0.190448
61 67 0 8 0.190307
15 102 0 8 0.189586
9 66 0 8 0.188662
38 50 0 8 0.188537
23 99 0 8 0.187919
9 87 0 8 0.187318
30 101 0 8 0.186006
27 50 0 8 0.185106
33 101 0 8 0.183971
3 29 0 8 0.183362
9 36 0 8 0.183272
48 64 0 8 0.182609
32 60 0 8 0.182017
37 68 0 8 0.181657
24 69 0 8 0.179572
23 40 0 8 0.179455
5 90 0 8 0.179234
3 87 0 8 0.178773
52 96 0 8 0.176036
18 32 0 8 0.175901
23 62 0 8 0.175298
8 14 0 8 0.175287
43 67 0 8 0.175055
31 75 0 8 0.173750
4 94 0 8 0.173673
6 74 0 8 0.172964
20 53 0 8 0.172787
22 66 0 8 0.172075
7 16 0 8 0.171954
10 45 0 8 0.171560
2 68 0 8 0.171494
9 27 0 8 0.171416
13 78 0 8 0.169968
22 59 0 8 0.167947
26 96 0 8 0.167145
9 34 0 8 0.165308
60 67 0 8 0.164956
11 22 0 8 0.164774
57 90 0 8 0.164491
29 70 0 8 0.164032
56 68 0 8 0.161806
9 77 0 8 0.160351
2 55 0 8 0.158868
20 101 0 8 0.158662
56 67 0 8 0.158339
11 81 0 8 0.158132
45 61 0 8 0.156458
31 84 0 8 0.156349
28 58 0 8 0.155894
84 91 0 8 0.155016
79 93 0 8 0.154754
12 97 0 8 0.154233
82 102 0 8 0.154105
29 57 0 8 0.152479
2 16 0 8 0.151474
25 41 0 8 0.150528
3 16 0 8 0.149372
6 96 0 8 0.149354
2 7 0 8 0.146684
16 97 0 8 0.146577
25 32 0 8 0.146442
12 100 0 8 0.146306
59 84 0 8 0.146287
65 98 0 8 0.145858
4 27 0 8 0.145432
44 54 0 8 0.145418
80 100 0 8 0.144319
17 26 0 8 0.143756
5 80 0 8 0.143692
15 21 0 8 0.143138
17 96 0 8 0.141588
3 30 0 8 0.141389
19 52 0 8 0.140552
64 98 0 8 0.140170
2 64 0 8 0.139700
25 102 0 8 0.139470
8 101 0 8 0.137014
42 59 0 8 0.136064
21 45 0 8 0.135199
11 50 0 8 0.134547
2 80 0 8 0.134143
13 22 0 8 0.132985
11 83 0 8 0.131916
6 86 0 8 0.131184
75 102 0 8 0.131048
13 44 0 8 0.130749
65 102 0 8 0.130225
54 100 0 8 0.129611
4 24 0 8 0.128606
25 78 0 8 0.127176
27 68 0 8 0.126492
93 101 0 8 0.126307
77 83 0 8 0.126229
63 94 0 8 0.126208
54 83 0 8 0.125932
79 98 0 8 0.125655
10 93 0 8 0.123871
73 81 0 8 0.123655
10 75 0 8 0.122550
6 52 0 8 0.122179
34 102 0 8 0.121521
47 80 0 8 0.120821
13 93 0 8 0.120394
53 97 0 8 0.120152
10 56 0 8 0.119254
10 15 0 8 0.118702
15 72 0 8 0.118488
52 59 0 8 0.118402
2 78 0 8 0.118287
4 48 0 8 0.117846
79 85 0 8 0.117589
10 78 0 8 0.117011
9 19 0 8 0.116561
52 67 0 8 0.115692
19 70 0 8 0.115249
30 65 0 8 0.113184
32 64 0 8 0.111430
2 33 0 8 0.110578
66 90 0 8 0.109795
23 49 0 8 0.109758
65 84 0 8 0.108894
3 93 0 8 0.108390
14 21 0 8 0.108193
58 86 0 8 0.107496
83 99 0 8 0.107390
33 99 0 8 0.107369
27 86 0 8 0.107041
28 75 0 8 0.106018
15 71 0 8 0.105903
87 101 0 8 0.105885
11 101 0 8 0.104650
33 62 0 8 0.101088
5 13 0 8 0.100725
19 24 0 8 0.099747
2 61 0 8 0.099734
21 34 0 8 0.098396
50 67 0 8 0.098155
56 84 0 8 0.097604
5 24 0 8 0.096786
23 102 0 8 0.096334
42 86 0 8 0.095406
15 98 0 8 0.095121
30 71 0 8 0.094891
2 83 0 8 0.094073
49 83 0 8 0.093141
35 97 0 8 0.093121
15 24 0 8 0.091237
2 79 0 8 0.091090
5 32 0 8 0.090827
32 42 0 8 0.090608
43 101 0 8 0.090181
48 84 0 8 0.089841
11 40 0 8 0.087764
49 65 0 8 0.087337
33 84 0 8 0.087294
42 52 0 8 0.085281
13 102 0 8 0.085008
7 80 0 8 0.084278
40 69 0 8 0.083397
16 70 0 8 0.083379
33 100 0 8 0.082936
42 66 0 8 0.081819
43 56 0 8 0.079783
28 63 0 8 0.079506
94 100 0 8 0.079259
83 100 0 8 0.077040
83 98 0 8 0.076048
85 95 0 8 0.075666
21 74 0 8 0.075500
10 83 0 8 0.073025
24 66 0 8 0.072992
2 52 0 8 0.072582
81 96 0 8 0.072068
30 99 0 8 0.071970
26 40 0 8 0.070840
91 102 0 8 0.070665
51 73 0 8 0.070052
35 70 0 8 0.069702
52 79 0 8 0.069567
33 80 0 8 0.069541
32 50 0 8 0.068648
37 89 0 8 0.066909
2 54 0 8 0.066057
13 37 0 8 0.065768
38 60 0 8 0.064445
41 89 0 8 0.064166
20 83 0 8 0.063902
28 71 0 8 0.063838
73 101 0 8 0.062570
37 64 0 8 0.062287
66 102 0 8 0.061927
31 82 0 8 0.061561
77 85 0 8 0.060734
3 38 0 8 0.060227
40 84 0 8 0.060023
19 102 0 8 0.058390
7 99 0 8 0.057668
34 79 0 8 0.056610
56 92 0 8 0.056383
31 92 0 8 0.056333
3 73 0 8 0.055876
7 82 0 8 0.054664
17 62 0 8 0.054282
54 85 0 8 0.054255
12 35 0 8 0.053671
89 102 0 8 0.053234
88 96 0 8 0.052214
40 45 0 8 0.052164
5 56 0 8 0.052111
7 27 0 8 0.051497
56 62 0 8 0.047602
8 31 0 8 0.047357
45 78 0 8 0.047054
19 28 0 8 0.046932
93 102 0 8 0.046332
66 99 0 8 0.045877
42 84 0 8 0.044966
43 61 0 8 0.043799
60 68 0 8 0.042578
21 94 0 8 0.042117
70 76 0 8 0.041111
4 28 0 8 0.040621
53 76 0 8 0.039768
23 93 0 8 0.039553
6 57 0 8 0.037265
56 99 0 8 0.036827
52 100 0 8 0.036696
32 72 0 8 0.036324
52 74 0 8 0.035413
24 76 0 8 0.035286
2 17 0 8 0.035217
51 74 0 8 0.034586
2 73 0 8 0.034045
40 61 0 8 0.033175
84 90 0 8 0.032658
29 101 0 8 0.031896
5 18 0 8 0.031683
79 101 0 8 0.031627
7 100 0 8 0.031331
20 33 0 8 0.031234
34 82 0 8 0.031124
19 32 0 8 0.030928
72 93 0 8 0.030810
32 93 0 8 0.030011
71 92 0 8 0.029766
14 27 0 8 0.029143
21 100 0 8 0.028934
57 83 0 8 0.028011
29 50 0 8 0.027796
25 93 0 8 0.027280
4 34 0 8 0.027062
18 96 0 8 0.026972
71 94 0 8 0.026120
4 54 0 8 0.025072
23 45 0 8 0.025030
10 102 0 8 0.023941
57 76 0 8 0.023876
50 63 0 8 0.023832
30 70 0 8 0.022857
47 64 0 8 0.022389
59 67 0 8 0.021860
86 102 0 8 0.021743
4 100 0 8 0.021285
71 96 0 8 0.020441
66 98 0 8 0.020381
56 65 0 8 0.019955
7 67 0 8 0.018974
34 74 0 8 0.018389
2 50 0 8 0.018045
28 49 0 8 0.017400
2 8 0 8 0.017154
55 102 0 8 0.016451
10 19 0 8 0.015795
32 69 0 8 0.014808
26 85 0 8 0.013343
63 92 0 8 0.013273
54 81 0 8 0.012646
10 82 0 8 0.012472
13 86 0 8 0.012359
50 62 0 8 0.012141
79 100 0 8 0.011593
52 92 0 8 0.011253
59 79 0 8 0.010498
12 81 0 8 0.010098
33 102 0 8 0.009974
65 100 0 8 0.008688
62 98 0 8 0.006601
9 96 0 8 0.004818
13 101 0 8 0.003217
17 84 0 8 0.002861
47 92 0 8 0.002758
24 38 0 8 0.002107
30 90 0 8 0.000911
40 83 0 8 0.000405
19 60 0 8 0.000354
1 6 0 8 0.000000
1 7 0 8 0.000000
1 8 0 8 0.000000
1 9 0 8 0.000000
1 10 0 8 0.000000
1 11 0 8 0.000000
1 12 0 8 0.000000
1 13 0 8 0.000000
1 14 0 8 0.000000
1 15 0 8 0.000000
1 16 0 8 0.000000
1 17 0 8 0.000000
1 18 0 8 0.000000
1 19 0 8 0.000000
1 20 0 8 0.000000
1 21 0 8 0.000000
1 22 0 8 0.000000
1 23 0 8 0.000000
1 24 0 8 0.000000
1 25 0 8 0.000000
1 26 0 8 0.000000
1 27 0 8 0.000000
1 28 0 8 0.000000
1 29 0 8 0.000000
1 30 0 8 0.000000
1 31 0 8 0.000000
1 32 0 8 0.000000
1 33 0 8 0.000000
1 34 0 8 0.000000
1 35 0 8 0.000000
1 36 0 8 0.000000
1 37 0 8 0.000000
1 38 0 8 0.000000
1 39 0 8 0.000000
1 40 0 8 0.000000
1 41 0 8 0.000000
1 42 0 8 0.000000
1 43 0 8 0.000000
1 44 0 8 0.000000
1 45 0 8 0.000000
1 46 0 8 0.000000
1 47 0 8 0.000000
1 48 0 8 0.000000
1 49 0 8 0.000000
1 50 0 8 0.000000
1 51 0 8 0.000000
1 52 0 8 0.000000
1 53 0 8 0.000000
1 54 0 8 0.000000
1 55 0 8 0.000000
1 56 0 8 0.000000
1 57 0 8 0.000000
1 58 0 8 0.000000
1 59 0 8 0.000000
1 60 0 8 0.000000
1 61 0 8 0.000000
1 62 0 8 0.000000
1 63 0 8 0.000000
1 64 0 8 0.000000
1 65 0 8 0.000000
1 66 0 8 0.000000
1 67 0 8 0.000000
1 68 0 8 0.000000
1 69 0 8 0.000000
1 70 0 8 0.000000
1 71 0 8 0.000000
1 72 0 8 0.000000
1 73 0 8 0.000000
1 74 0 8 0.000000
1 75 0 8 0.000000
1 76 0 8 0.000000
1 77 0 8 0.000000
1 78 0 8 0.000000
1 79 0 8 0.000000
1 80 0 8 0.000000
1 81 0 8 0.000000
1 82 0 8 0.000000
1 83 0 8 0.000000
1 84 0 8 0.000000
1 85 0 8 0.000000
1 86 0 8 0.000000
1 87 0 8 0.000000
1 88 0 8 0.000000
1 89 0 8 0.000000
1 90 0 8 0.000000
1 91 0 8 0.000000
1 92 0 8 0.000000
1 93 0 8 0.000000
1 94 0 8 0.000000
1 95 0 8 0.000000
1 96 0 8 0.000000
1 97 0 8 0.000000
1 98 0 8 0.000000
1 99 0 8 0.000000
1 100 0 8 0.000000
1 101 0 8 0.000000
1 102 0 8 0.000000
78 84 0 8 -0.000524
39 94 0 8 -0.004115
6 79 0 8 -0.004608
20 69 0 8 -0.004769
46 93 0 8 -0.005205
20 77 0 8 -0.005955
90 96 0 8 -0.006175
36 55 0 8 -0.006693
4 81 0 8 -0.007139
7 84 0 8 -0.007247
26 94 0 8 -0.009639
41 76 0 8 -0.009688
30 38 0 8 -0.010720
9 38 0 8 -0.010882
2 99 0 8 -0.010997
24 101 0 8 -0.011439
5 100 0 8 -0.011563
90 101 0 8 -0.011778
12 19 0 8 -0.012123
48 93 0 8 -0.012529
28 35 0 8 -0.012589
39 56 0 8 -0.012880
6 80 0 8 -0.013073
24 57 0 8 -0.013621
47 73 0 8 -0.014057
41 50 0 8 -0.014303
46 71 0 8 -0.014346
51 100 0 8 -0.014645
30 58 0 8 -0.014935
41 79 0 8 -0.015772
27 56 0 8 -0.015910
34 66 0 8 -0.015977
43 59 0 8 -0.017914
53 65 0 8 -0.018823
78 100 0 8 -0.019850
84 93 0 8 -0.020850
91 101 0 8 -0.021279
16 95 0 8 -0.023630
2 96 0 8 -0.024601
7 73 0 8 -0.025069
2 38 0 8 -0.025172
33 59 0 8 -0.025375
48 81 0 8 -0.025963
68 73 0 8 -0.026322
83 90 0 8 -0.026336
27 94 0 8 -0.026673
68 79 0 8 -0.027133
43 93 0 8 -0.027658
11 70 0 8 -0.028003
27 34 0 8 -0.029041
35 94 0 8 -0.029251
84 102 0 8 -0.029639
75 94 0 8 -0.029961
36 54 0 8 -0.031148
67 93 0 8 -0.031381
23 68 0 8 -0.031914
12 46 0 8 -0.032607
7 77 0 8 -0.032930
60 102 0 8 -0.033034
23 101 0 8 -0.034756
9 79 0 8 -0.034849
34 87 0 8 -0.035244
29 40 0 8 -0.035768
87 96 0 8 -0.036849
26 41 0 8 -0.036906
26 35 0 8 -0.037127
18 65 0 8 -0.037827
3 15 0 8 -0.037866
82 100 0 8 -0.038425
7 51 0 8 -0.039204
3 40 0 8 -0.039213
3 74 0 8 -0.039659
37 43 0 8 -0.040032
44 89 0 8 -0.040812
14 70 0 8 -0.040870
2 102 0 8 -0.041352
6 65 0 8 -0.042320
4 11 0 8 -0.042730
36 92 0 8 -0.042777
22 81 0 8 -0.043201
12 21 0 8 -0.043232
17 65 0 8 -0.043290
3 55 0 8 -0.043580
95 101 0 8 -0.044191
2 98 0 8 -0.044223
30 78 0 8 -0.045091
61 75 0 8 -0.045633
23 46 0 8 -0.046091
34 101 0 8 -0.046110
11 18 0 8 -0.046330
27 97 0 8 -0.047458
2 101 0 8 -0.047519
33 87 0 8 -0.048354
21 42 0 8 -0.048744
3 95 0 8 -0.050259
53 102 0 8 -0.050737
84 101 0 8 -0.051258
61 102 0 8 -0.051696
15 57 0 8 -0.052104
42 67 0 8 -0.052565
67 86 0 8 -0.052786
52 88 0 8 -0.052799
11 80 0 8 -0.055413
35 55 0 8 -0.055714
77 88 0 8 -0.056027
35 71 0 8 -0.056644
19 93 0 8 -0.057501
2 58 0 8 -0.057678
16 101 0 8 -0.059330
90 95 0 8 -0.059506
2 56 0 8 -0.059814
55 90 0 8 -0.061842
54 95 0 8 -0.062287
39 59 0 8 -0.062577
52 83 0 8 -0.062975
2 25 0 8 -0.063042
13 35 0 8 -0.063233
9 98 0 8 -0.064615
85 101 0 8 -0.064704
26 79 0 8 -0.065067
7 25 0 8 -0.065381
21 99 0 8 -0.065645
22 102 0 8 -0.066332
63 88 0 8 -0.066733
2 51 0 8 -0.069226
59 74 0 8 -0.069586
38 93 0 8 -0.069970
22 101 0 8 -0.070163
24 70 0 8 -0.070220
48 88 0 8 -0.070273
55 91 0 8 -0.070517
12 55 0 8 -0.070536
18 73 0 8 -0.071307
64 101 0 8 -0.071399
29 52 0 8 -0.071420
30 102 0 8 -0.071543
3 70 0 8 -0.071763
47 84 0 8 -0.071885
56 64 0 8 -0.072249
60 79 0 8 -0.072847
2 40 0 8 -0.073347
6 82 0 8 -0.073359
57 87 0 8 -0.073713
19 85 0 8 -0.074088
15 28 0 8 -0.074524
76 98 0 8 -0.075202
24 49 0 8 -0.076826
31 56 0 8 -0.076938
20 70 0 8 -0.077306
34 94 0 8 -0.078006
69 95 0 8 -0.078132
72 77 0 8 -0.078415
20 71 0 8 -0.078658
39 51 0 8 -0.079187
38 64 0 8 -0.080055
54 92 0 8 -0.080676
71 101 0 8 -0.081113
30 49 0 8 -0.081841
2 100 0 8 -0.081890
32 83 0 8 -0.082096
62 101 0 8 -0.082412
15 34 0 8 -0.082474
83 97 0 8 -0.082746
21 101 0 8 -0.083991
55 77 0 8 -0.084067
2 48 0 8 -0.084608
43 97 0 8 -0.084742
2 31 0 8 -0.085163
45 50 0 8 -0.085277
47 102 0 8 -0.085515
8 25 0 8 -0.085646
28 48 0 8 -0.085985
34 88 0 8 -0.086406
71 95 0 8 -0.086800
11 100 0 8 -0.087347
56 90 0 8 -0.088029
8 102 0 8 -0.088044
30 76 0 8 -0.088527
62 96 0 8 -0.088580
35 44 0 8 -0.088719
15 101 0 8 -0.088997
24 29 0 8 -0.091280
3 26 0 8 -0.091922
51 63 0 8 -0.092431
26 80 0 8 -0.093768
45 63 0 8 -0.094572
2 67 0 8 -0.094817
25 70 0 8 -0.095187
40 102 0 8 -0.095949
23 75 0 8 -0.095974
32 101 0 8 -0.096453
40 58 0 8 -0.096549
19 83 0 8 -0.096798
38 100 0 8 -0.098130
45 53 0 8 -0.098951
10 67 0 8 -0.099080
33 42 0 8 -0.099542
10 16 0 8 -0.099559
10 58 0 8 -0.101223
58 96 0 8 -0.101519
51 87 0 8 -0.103250
28 84 0 8 -0.103319
3 91 0 8 -0.103713
26 55 0 8 -0.104544
16 100 0 8 -0.105124
18 29 0 8 -0.105497
26 101 0 8 -0.106345
25 75 0 8 -0.107597
76 100 0 8 -0.109343
27 98 0 8 -0.109444
41 69 0 8 -0.109681
84 99 0 8 -0.110030
10 51 0 8 -0.110166
31 96 0 8 -0.110360
2 34 0 8 -0.111169
31 49 0 8 -0.112928
2 19 0 8 -0.113047
26 63 0 8 -0.114297
34 83 0 8 -0.114301
6 95 0 8 -0.114517
56 101 0 8 -0.114602
19 74 0 8 -0.114860
3 79 0 8 -0.114954
41 74 0 8 -0.115321
11 20 0 8 -0.115784
38 89 0 8 -0.116105
32 52 0 8 -0.116253
70 102 0 8 -0.116410
4 69 0 8 -0.116551
19 72 0 8 -0.117020
35 62 0 8 -0.117182
14 73 0 8 -0.117317
19 78 0 8 -0.117871
10 101 0 8 -0.118118
4 59 0 8 -0.118207
23 100 0 8 -0.118979
40 81 0 8 -0.119138
91 98 0 8 -0.119271
11 74 0 8 -0.119477
32 90 0 8 -0.119509
41 66 0 8 -0.120181
32 71 0 8 -0.120912
82 92 0 8 -0.121066
5 85 0 8 -0.121384
74 86 0 8 -0.121948
31 80 0 8 -0.122711
40 86 0 8 -0.122800
29 35 0 8 -0.123086
89 101 0 8 -0.123984
52 64 0 8 -0.124025
61 84 0 8 -0.124141
6 23 0 8 -0.124577
24 51 0 8 -0.125715
3 89 0 8 -0.126165
41 52 0 8 -0.126965
16 102 0 8 -0.127025
18 86 0 8 -0.127042
5 75 0 8 -0.127736
25 34 0 8 -0.127865
40 97 0 8 -0.128563
46 78 0 8 -0.129243
46 65 0 8 -0.129378
5 19 0 8 -0.129700
2 32 0 8 -0.129900
78 102 0 8 -0.129913
3 76 0 8 -0.132674
14 49 0 8 -0.132881
35 83 0 8 -0.133225
83 102 0 8 -0.133431
23 41 0 8 -0.133867
73 100 0 8 -0.134013
23 34 0 8 -0.134234
57 93 0 8 -0.134377
67 102 0 8 -0.134681
12 27 0 8 -0.134897
2 9 0 8 -0.135009
3 101 0 8 -0.135544
15 93 0 8 -0.135557
40 48 0 8 -0.136611
21 71 0 8 -0.136951
5 84 0 8 -0.137216
13 45 0 8 -0.137447
2 36 0 8 -0.137888
65 79 0 8 -0.139011
5 52 0 8 -0.140111
24 64 0 8 -0.140338
18 25 0 8 -0.141259
90 99 0 8 -0.142720
8 24 0 8 -0.143655
2 84 0 8 -0.144119
53 94 0 8 -0.144268
24 55 0 8 -0.144429
16 55 0 8 -0.144525
40 101 0 8 -0.145321
66 79 0 8 -0.145786
7 43 0 8 -0.147707
59 81 0 8 -0.148003
37 88 0 8 -0.148005
20 84 0 8 -0.148213
55 84 0 8 -0.148265
11 96 0 8 -0.148740
43 50 0 8 -0.150849
17 22 0 8 -0.151567
46 67 0 8 -0.151896
57 79 0 8 -0.152585
57 101 0 8 -0.153676
68 90 0 8 -0.154888
10 40 0 8 -0.154891
35 49 0 8 -0.155055
3 28 0 8 -0.155297
40 68 0 8 -0.155473
18 102 0 8 -0.156398
53 83 0 8 -0.157746
23 56 0 8 -0.158062
31 50 0 8 -0.158869
2 22 0 8 -0.159713
6 22 0 8 -0.159994
21 58 0 8 -0.160490
51 101 0 8 -0.160522
50 96 0 8 -0.160662
2 71 0 8 -0.161125
62 81 0 8 -0.161351
28 101 0 8 -0.161913
81 102 0 8 -0.162005
3 64 0 8 -0.162134
10 36 0 8 -0.163387
74 96 0 8 -0.163487
28 89 0 8 -0.163496
48 100 0 8 -0.164308
13 25 0 8 -0.166004
22 80 0 8 -0.166407
68 99 0 8 -0.167065
7 92 0 8 -0.168146
35 76 0 8 -0.168147
6 89 0 8 -0.168640
33 46 0 8 -0.168874
2 39 0 8 -0.169687
51 56 0 8 -0.170151
63 93 0 8 -0.170275
2 60 0 8 -0.170317
35 102 0 8 -0.171661
35 100 0 8 -0.171690
2 20 0 8 -0.171820
64 92 0 8 -0.172095
2 63 0 8 -0.172435
3 25 0 8 -0.173151
7 40 0 8 -0.173373
61 90 0 8 -0.173375
58 84 0 8 -0.174064
2 88 0 8 -0.174168
80 101 0 8 -0.174318
90 102 0 8 -0.174391
31 40 0 8 -0.174504
9 102 0 8 -0.174726
36 57 0 8 -0.174786
2 28 0 8 -0.174811
13 26 0 8 -0.175986
14 29 0 8 -0.176478
39 72 0 8 -0.176737
18 81 0 8 -0.176851
35 50 0 8 -0.177239
86 101 0 8 -0.177916
40 70 0 8 -0.178508
47 94 0 8 -0.178644
29 94 0 8 -0.178645
18 101 0 8 -0.178712
45 87 0 8 -0.179034
17 39 0 8 -0.180004
9 20 0 8 -0.180059
15 96 0 8 -0.180111
21 72 0 8 -0.180216
65 94 0 8 -0.180255
18 61 0 8 -0.180366
17 85 0 8 -0.180651
7 101 0 8 -0.181101
90 98 0 8 -0.181393
77 100 0 8 -0.182600
36 43 0 8 -0.182601
77 86 0 8 -0.183644
14 91 0 8 -0.183751
2 94 0 8 -0.183977
26 100 0 8 -0.184025
36 81 0 8 -0.184151
2 49 0 8 -0.184227
50 75 0 8 -0.185150
66 94 0 8 -0.185190
52 60 0 8 -0.185293
20 68 0 8 -0.185408
41 55 0 8 -0.186624
2 70 0 8 -0.187294
35 84 0 8 -0.187387
67 101 0 8 -0.187860
2 41 0 8 -0.187916
2 62 0 8 -0.189663
2 91 0 8 -0.190398
57 65 0 8 -0.190404
29 77 0 8 -0.190427
2 89 0 8 -0.190872
3 46 0 8 -0.192224
13 79 0 8 -0.192463
2 97 0 8 -0.192602
36 96 0 8 -0.192662
33 75 0 8 -0.192741
7 46 0 8 -0.193515
45 71 0 8 -0.193704
24 31 0 8 -0.194870
37 97 0 8 -0.195097
45 102 0 8 -0.195148
2 45 0 8 -0.195808
22 27 0 8 -0.196480
10 46 0 8 -0.197425
39 73 0 8 -0.197611
36 99 0 8 -0.197628
28 100 0 8 -0.197934
7 85 0 8 -0.198235
27 80 0 8 -0.198402
2 18 0 8 -0.198445
18 74 0 8 -0.198631
48 78 0 8 -0.199482
30 50 0 8 -0.199614
89 100 0 8 -0.199725
80 98 0 8 -0.200438
36 70 0 8 -0.200775
56 79 0 8 -0.201024
26 90 0 8 -0.201324
18 26 0 8 -0.201601
7 83 0 8 -0.203544
79 92 0 8 -0.203891
16 74 0 8 -0.204093
64 86 0 8 -0.204236
2 10 0 8 -0.204946
2 30 0 8 -0.205123
13 52 0 8 -0.205251
32 94 0 8 -0.205649
3 75 0 8 -0.206019
8 30 0 8 -0.207673
15 61 0 8 -0.207963
49 89 0 8 -0.208276
27 74 0 8 -0.208897
28 44 0 8 -0.208905
32 100 0 8 -0.209086
2 47 0 8 -0.209163
5 71 0 8 -0.209603
29 53 0 8 -0.209998
24 102 0 8 -0.210006
16 33 0 8 -0.210130
77 97 0 8 -0.210692
69 100 0 8 -0.210919
59 77 0 8 -0.211166
17 23 0 8 -0.211320
3 44 0 8 -0.211465
2 53 0 8 -0.212489
6 76 0 8 -0.212850
15 40 0 8 -0.213299
22 90 0 8 -0.213613
85 93 0 8 -0.214244
2 26 0 8 -0.214676
55 94 0 8 -0.215217
4 10 0 8 -0.215273
20 102 0 8 -0.215622
51 102 0 8 -0.216329
2 42 0 8 -0.217354
16 23 0 8 -0.218467
22 74 0 8 -0.218705
48 57 0 8 -0.218912
3 67 0 8 -0.219505
18 99 0 8 -0.219969
2 75 0 8 -0.220471
2 27 0 8 -0.221149
35 57 0 8 -0.221342
43 76 0 8 -0.221409
54 98 0 8 -0.221603
33 98 0 8 -0.223059
27 102 0 8 -0.223179
36 48 0 8 -0.223378
2 57 0 8 -0.223571
21 37 0 8 -0.223939
32 102 0 8 -0.223969
2 81 0 8 -0.224347
68 102 0 8 -0.224679
12 40 0 8 -0.224802
42 79 0 8 -0.224999
66 73 0 8 -0.226069
20 67 0 8 -0.226857
15 64 0 8 -0.227720
2 13 0 8 -0.227863
9 95 0 8 -0.228023
67 95 0 8 -0.229661
8 23 0 8 -0.229883
2 72 0 8 -0.229970
28 54 0 8 -0.230620
20 25 0 8 -0.230730
2 90 0 8 -0.230842
18 55 0 8 -0.230913
20 100 0 8 -0.231812
82 101 0 8 -0.232330
40 88 0 8 -0.233063
55 99 0 8 -0.233562
48 102 0 8 -0.234875
95 102 0 8 -0.234960
62 72 0 8 -0.235403
3 35 0 8 -0.236742
17 55 0 8 -0.237277
29 42 0 8 -0.237654
4 64 0 8 -0.238403
12 71 0 8 -0.239428
18 57 0 8 -0.239820
71 102 0 8 -0.239868
31 88 0 8 -0.240401
59 102 0 8 -0.240728
2 29 0 8 -0.241188
40 62 0 8 -0.241796
6 40 0 8 -0.242644
86 93 0 8 -0.242910
42 89 0 8 -0.243038
64 91 0 8 -0.243156
35 79 0 8 -0.243464
63 90 0 8 -0.243721
33 49 0 8 -0.244045
17 99 0 8 -0.244285
17 49 0 8 -0.244526
53 99 0 8 -0.244665
8 100 0 8 -0.244870
23 53 0 8 -0.244918
30 41 0 8 -0.244957
20 40 0 8 -0.244988
66 74 0 8 -0.245291
17 88 0 8 -0.245597
41 94 0 8 -0.245725
40 91 0 8 -0.246078
50 81 0 8 -0.246128
7 38 0 8 -0.246682
67 81 0 8 -0.246934
12 29 0 8 -0.247691
2 44 0 8 -0.248573
40 100 0 8 -0.250435
35 72 0 8 -0.250643
18 98 0 8 -0.250685
2 35 0 8 -0.250734
84 100 0 8 -0.252281
87 98 0 8 -0.252982
64 78 0 8 -0.253112
12 80 0 8 -0.254429
2 23 0 8 -0.254909
48 83 0 8 -0.255063
21 95 0 8 -0.255410
32 78 0 8 -0.255774
3 97 0 8 -0.256953
7 102 0 8 -0.257003
12 30 0 8 -0.257047
29 80 0 8 -0.257206
72 102 0 8 -0.257998
49 102 0 8 -0.258793
5 40 0 8 -0.259393
59 68 0 8 -0.260134
27 53 0 8 -0.260371
36 91 0 8 -0.260460
76 96 0 8 -0.260758
29 73 0 8 -0.261706
25 84 0 8 -0.262214
27 41 0 8 -0.262274
3 61 0 8 -0.262457
7 75 0 8 -0.263050
5 94 0 8 -0.263051
10 28 0 8 -0.264397
73 88 0 8 -0.265335
78 93 0 8 -0.265560
37 72 0 8 -0.266102
34 81 0 8 -0.266423
66 86 0 8 -0.266928
8 74 0 8 -0.267121
3 83 0 8 -0.268249
28 40 0 8 -0.268269
48 80 0 8 -0.268828
38 96 0 8 -0.268857
17 67 0 8 -0.268878
45 100 0 8 -0.269092
48 101 0 8 -0.269901
37 66 0 8 -0.270500
21 60 0 8 -0.270773
3 32 0 8 -0.270784
38 58 0 8 -0.271761
4 90 0 8 -0.272383
2 85 0 8 -0.272976
71 91 0 8 -0.273418
9 88 0 8 -0.273894
11 89 0 8 -0.274557
40 94 0 8 -0.274680
35 82 0 8 -0.274997
65 97 0 8 -0.275051
9 97 0 8 -0.275699
46 69 0 8 -0.275896
83 94 0 8 -0.276351
88 97 0 8 -0.277702
4 67 0 8 -0.278877
85 102 0 8 -0.279450
2 74 0 8 -0.279514
10 29 0 8 -0.280114
86 92 0 8 -0.280658
2 46 0 8 -0.280831
8 18 0 8 -0.280884
84 96 0 8 -0.281054
83 91 0 8 -0.281331
2 21 0 8 -0.281969
30 61 0 8 -0.283071
19 98 0 8 -0.283904
22 49 0 8 -0.284141
32 62 0 8 -0.284808
18 59 0 8 -0.285925
29 83 0 8 -0.285934
16 85 0 8 -0.285948
58 99 0 8 -0.286680
51 65 0 8 -0.286704
45 58 0 8 -0.286843
2 92 0 8 -0.287384
54 93 0 8 -0.287708
48 59 0 8 -0.287797
17 101 0 8 -0.288055
49 64 0 8 -0.288202
72 81 0 8 -0.289036
43 92 0 8 -0.289113
2 65 0 8 -0.289592
2 59 0 8 -0.289642
57 99 0 8 -0.290350
36 101 0 8 -0.290825
11 52 0 8 -0.292040
39 102 0 8 -0.292567
3 53 0 8 -0.292800
5 101 0 8 -0.292908
45 66 0 8 -0.293228
18 93 0 8 -0.293606
11 92 0 8 -0.293707
33 76 0 8 -0.294046
58 81 0 8 -0.294342
19 101 0 8 -0.295095
21 90 0 8 -0.295230
5 102 0 8 -0.295618
19 47 0 8 -0.295941
26 34 0 8 -0.296261
76 92 0 8 -0.296547
24 46 0 8 -0.296827
69 87 0 8 -0.296886
39 61 0 8 -0.297144
20 31 0 8 -0.297170
63 102 0 8 -0.297305
15 65 0 8 -0.297908
5 96 0 8 -0.298525
18 78 0 8 -0.298895
38 101 0 8 -0.299637
27 92 0 8 -0.300231
88 102 0 8 -0.300295
46 64 0 8 -0.300388
5 91 0 8 -0.300965
62 79 0 8 -0.302250
14 79 0 8 -0.302357
2 37 0 8 -0.302554
96 102 0 8 -0.302572
91 100 0 8 -0.302628
9 59 0 8 -0.303083
64 71 0 8 -0.303711
64 69 0 8 -0.305002
26 54 0 8 -0.306287
81 94 0 8 -0.306604
63 85 0 8 -0.307587
22 41 0 8 -0.307890
58 76 0 8 -0.307976
33 71 0 8 -0.307982
38 80 0 8 -0.309119
40 75 0 8 -0.309729
7 34 0 8 -0.309813
40 78 0 8 -0.310125
10 18 0 8 -0.310380
17 30 0 8 -0.310750
36 97 0 8 -0.311989
24 95 0 8 -0.312771
20 99 0 8 -0.313414
70 101 0 8 -0.313466
10 63 0 8 -0.313492
7 65 0 8 -0.313841
11 64 0 8 -0.316353
28 102 0 8 -0.316822
14 48 0 8 -0.316930
28 80 0 8 -0.317143
51 88 0 8 -0.317399
38 99 0 8 -0.317600
23 77 0 8 -0.320020
33 40 0 8 -0.320087
34 75 0 8 -0.320372
21 32 0 8 -0.320626
12 95 0 8 -0.321136
3 96 0 8 -0.321221
5 88 0 8 -0.321442
26 71 0 8 -0.321629
64 72 0 8 -0.321959
39 96 0 8 -0.322006
64 82 0 8 -0.323320
67 100 0 8 -0.323741
19 54 0 8 -0.323816
41 102 0 8 -0.323998
40 96 0 8 -0.325006
46 70 0 8 -0.325153
50 64 0 8 -0.325163
66 82 0 8 -0.325452
31 99 0 8 -0.327175
4 35 0 8 -0.327492
41 70 0 8 -0.327507
2 77 0 8 -0.327643
20 95 0 8 -0.328357
14 58 0 8 -0.329006
3 59 0 8 -0.329655
31 51 0 8 -0.329794
5 58 0 8 -0.330277
3 48 0 8 -0.330462
82 98 0 8 -0.331071
52 102 0 8 -0.331510
5 57 0 8 -0.332773
30 56 0 8 -0.332777
29 56 0 8 -0.333057
32 70 0 8 -0.333706
78 101 0 8 -0.333934
74 100 0 8 -0.334927
11 34 0 8 -0.335002
14 53 0 8 -0.335821
39 101 0 8 -0.336197
5 48 0 8 -0.336781
6 49 0 8 -0.336943
58 101 0 8 -0.337149
60 101 0 8 -0.337447
5 35 0 8 -0.337855
9 68 0 8 -0.339497
23 61 0 8 -0.340021
9 86 0 8 -0.340226
33 78 0 8 -0.340949
19 91 0 8 -0.341292
63 101 0 8 -0.341642
34 51 0 8 -0.342396
3 9 0 8 -0.342585
77 90 0 8 -0.343181
10 100 0 8 -0.343558
46 101 0 8 -0.343772
12 66 0 8 -0.344137
5 79 0 8 -0.344227
28 60 0 8 -0.344605
31 101 0 8 -0.345016
88 101 0 8 -0.345077
11 24 0 8 -0.345283
20 88 0 8 -0.345298
54 101 0 8 -0.345500
4 83 0 8 -0.346079
4 18 0 8 -0.346143
19 82 0 8 -0.346155
53 88 0 8 -0.346354
71 88 0 8 -0.346463
3 19 0 8 -0.347293
29 60 0 8 -0.347665
13 33 0 8 -0.347824
41 101 0 8 -0.347871
22 82 0 8 -0.347901
3 20 0 8 -0.348441
69 102 0 8 -0.348709
49 63 0 8 -0.349316
26 52 0 8 -0.349385
42 102 0 8 -0.349417
45 68 0 8 -0.350125
12 101 0 8 -0.351177
14 82 0 8 -0.351682
21 102 0 8 -0.351825
71 77 0 8 -0.352328
77 102 0 8 -0.352448
43 81 0 8 -0.352542
88 95 0 8 -0.353061
4 86 0 8 -0.353232
19 100 0 8 -0.353354
44 82 0 8 -0.353590
69 91 0 8 -0.355010
16 93 0 8 -0.355081
15 73 0 8 -0.355352
31 71 0 8 -0.355757
40 99 0 8 -0.356458
71 85 0 8 -0.356468
44 51 0 8 -0.356769
20 81 0 8 -0.357038
12 102 0 8 -0.357544
22 68 0 8 -0.357560
58 102 0 8 -0.357868
39 80 0 8 -0.358763
2 76 0 8 -0.359289
15 68 0 8 -0.359525
26 70 0 8 -0.359654
4 74 0 8 -0.359827
88 100 0 8 -0.359884
75 93 0 8 -0.359996
30 77 0 8 -0.360388
62 82 0 8 -0.361234
72 80 0 8 -0.361579
20 49 0 8 -0.361710
23 95 0 8 -0.361854
25 88 0 8 -0.361999
30 93 0 8 -0.362177
3 60 0 8 -0.362527
88 99 0 8 -0.362559
59 101 0 8 -0.363373
3 66 0 8 -0.363543
63 84 0 8 -0.364178
22 83 0 8 -0.364802
59 100 0 8 -0.365297
81 101 0 8 -0.365355
29 58 0 8 -0.365781
40 59 0 8 -0.365952
21 98 0 8 -0.366393
73 89 0 8 -0.367334
46 99 0 8 -0.367359
69 74 0 8 -0.367730
61 95 0 8 -0.367754
11 99 0 8 -0.368185
29 49 0 8 -0.368648
62 102 0 8 -0.369027
47 74 0 8 -0.369790
40 95 0 8 -0.370313
10 49 0 8 -0.371826
29 43 0 8 -0.372096
26 32 0 8 -0.372541
3 57 0 8 -0.372557
27 43 0 8 -0.372823
72 101 0 8 -0.373662
17 25 0 8 -0.374262
41 85 0 8 -0.374276
39 79 0 8 -0.374336
24 52 0 8 -0.375301
3 69 0 8 -0.375366
81 100 0 8 -0.375879
3 92 0 8 -0.376379
71 80 0 8 -0.377612
42 81 0 8 -0.377662
3 18 0 8 -0.378421
3 49 0 8 -0.378545
11 16 0 8 -0.378885
41 83 0 8 -0.380083
65 95 0 8 -0.381056
31 83 0 8 -0.381734
19 84 0 8 -0.382251
51 93 0 8 -0.382419
21 84 0 8 -0.382558
63 100 0 8 -0.383611
36 46 0 8 -0.383749
25 71 0 8 -0.383859
25 79 0 8 -0.383859
41 81 0 8 -0.384434
49 101 0 8 -0.385140
31 78 0 8 -0.385175
18 48 0 8 -0.385431
18 68 0 8 -0.387049
34 70 0 8 -0.387183
26 75 0 8 -0.387193
67 99 0 8 -0.387485
45 69 0 8 -0.387706
81 93 0 8 -0.387861
27 42 0 8 -0.388471
7 17 0 8 -0.388679
32 96 0 8 -0.388916
58 90 0 8 -0.388933
73 102 0 8 -0.389470
23 60 0 8 -0.389613
15 58 0 8 -0.391050
7 18 0 8 -0.391301
28 92 0 8 -0.391560
3 34 0 8 -0.391799
23 47 0 8 -0.391862
13 82 0 8 -0.392506
34 78 0 8 -0.393841
72 88 0 8 -0.393888
39 82 0 8 -0.394275
10 77 0 8 -0.394951
55 89 0 8 -0.395647
51 96 0 8 -0.396824
61 101 0 8 -0.396983
81 88 0 8 -0.397430
5 14 0 8 -0.397547
19 38 0 8 -0.398219
40 66 0 8 -0.398237
5 44 0 8 -0.398330
56 83 0 8 -0.398330
20 48 0 8 -0.398575
30 98 0 8 -0.399204
17 83 0 8 -0.399563
20 63 0 8 -0.399649
54 73 0 8 -0.400786
6 83 0 8 -0.400913
12 32 0 8 -0.401002
69 78 0 8 -0.401335
61 100 0 8 -0.401454
15 80 0 8 -0.401699
24 32 0 8 -0.401794
73 93 0 8 -0.403170
40 85 0 8 -0.404608
9 33 0 8 -0.405558
18 100 0 8 -0.407441
37 91 0 8 -0.407804
79 102 0 8 -0.408212
75 84 0 8 -0.408531
26 39 0 8 -0.408710
65 88 0 8 -0.410211
55 79 0 8 -0.411311
48 89 0 8 -0.411372
44 58 0 8 -0.412713
22 91 0 8 -0.412740
33 67 0 8 -0.413104
27 84 0 8 -0.414099
36 85 0 8 -0.414309
37 44 0 8 -0.414627
54 88 0 8 -0.414635
69 83 0 8 -0.414821
36 66 0 8 -0.416453
13 20 0 8 -0.417109
93 99 0 8 -0.417380
43 62 0 8 -0.419945
3 39 0 8 -0.420419
9 18 0 8 -0.420671
34 73 0 8 -0.420712
36 84 0 8 -0.421275
7 47 0 8 -0.421679
23 97 0 8 -0.421799
63 71 0 8 -0.421887
3 58 0 8 -0.422078
12 25 0 8 -0.422197
3 72 0 8 -0.422694
53 100 0 8 -0.423027
75 92 0 8 -0.423866
36 61 0 8 -0.424183
90 100 0 8 -0.424891
4 37 0 8 -0.425184
26 102 0 8 -0.425903
48 82 0 8 -0.426428
8 45 0 8 -0.427044
7 89 0 8 -0.427567
7 56 0 8 -0.428020
32 44 0 8 -0.429429
54 59 0 8 -0.429894
29 96 0 8 -0.430061
42 101 0 8 -0.430639
34 96 0 8 -0.430707
38 52 0 8 -0.431429
49 95 0 8 -0.431848
57 102 0 8 -0.432080
44 83 0 8 -0.432566
22 33 0 8 -0.432915
67 90 0 8 -0.432980
80 97 0 8 -0.433160
33 89 0 8 -0.434453
32 73 0 8 -0.434474
14 54 0 8 -0.435030
9 84 0 8 -0.435415
27 93 0 8 -0.435818
9 71 0 8 -0.436121
33 86 0 8 -0.436781
3 47 0 8 -0.437168
65 99 0 8 -0.437422
32 43 0 8 -0.437701
47 70 0 8 -0.437809
63 72 0 8 -0.438853
36 94 0 8 -0.439173
22 39 0 8 -0.439865
33 47 0 8 -0.440098
14 40 0 8 -0.440741
7 86 0 8 -0.440817
45 101 0 8 -0.441440
39 66 0 8 -0.441645
55 78 0 8 -0.442576
14 28 0 8 -0.443275
9 90 0 8 -0.443788
38 82 0 8 -0.444080
15 44 0 8 -0.444222
11 84 0 8 -0.444449
6 35 0 8 -0.445391
15 35 0 8 -0.445913
67 89 0 8 -0.446192
42 93 0 8 -0.446207
17 102 0 8 -0.446318
47 86 0 8 -0.446466
44 101 0 8 -0.446709
40 90 0 8 -0.446939
7 37 0 8 -0.447140
12 96 0 8 -0.447188
21 43 0 8 -0.447429
56 102 0 8 -0.447928
34 72 0 8 -0.448126
20 97 0 8 -0.448426
21 87 0 8 -0.449377
30 67 0 8 -0.449615
35 52 0 8 -0.449753
45 72 0 8 -0.450145
9 63 0 8 -0.450196
19 81 0 8 -0.451033
7 66 0 8 -0.451191
61 83 0 8 -0.451440
12 33 0 8 -0.451553
45 93 0 8 -0.451801
4 15 0 8 -0.451918
11 48 0 8 -0.454259
28 93 0 8 -0.454550
45 52 0 8 -0.454600
22 46 0 8 -0.454939
54 86 0 8 -0.455629
13 96 0 8 -0.456442
36 98 0 8 -0.456681
74 101 0 8 -0.456779
76 99 0 8 -0.456819
3 88 0 8 -0.457126
22 89 0 8 -0.457739
76 87 0 8 -0.458407
59 94 0 8 -0.459564
21 61 0 8 -0.459860
60 76 0 8 -0.460078
25 39 0 8 -0.460161
11 66 0 8 -0.460460
36 86 0 8 -0.460928
33 57 0 8 -0.461579
41 68 0 8 -0.461581
47 101 0 8 -0.462017
21 83 0 8 -0.462396
22 48 0 8 -0.463142
28 68 0 8 -0.463527
69 101 0 8 -0.464920
79 90 0 8 -0.465753
27 65 0 8 -0.465811
3 17 0 8 -0.465952
27 60 0 8 -0.466622
64 84 0 8 -0.466972
17 77 0 8 -0.466986
29 88 0 8 -0.467098
4 29 0 8 -0.468227
9 51 0 8 -0.469353
54 94 0 8 -0.469499
23 67 0 8 -0.469577
62 83 0 8 -0.470461
66 101 0 8 -0.471007
53 67 0 8 -0.471400
54 61 0 8 -0.471671
75 99 0 8 -0.472373
28 47 0 8 -0.472635
8 84 0 8 -0.473247
34 58 0 8 -0.473424
88 93 0 8 -0.473507
69 93 0 8 -0.474720
3 33 0 8 -0.474867
53 73 0 8 -0.475070
21 51 0 8 -0.475613
34 93 0 8 -0.475812
6 84 0 8 -0.476119
10 85 0 8 -0.476620
4 84 0 8 -0.476863
80 88 0 8 -0.476967
9 70 0 8 -0.479648
67 94 0 8 -0.479791
54 69 0 8 -0.480148
67 74 0 8 -0.480407
37 101 0 8 -0.480470
3 52 0 8 -0.481679
5 17 0 8 -0.481988
66 97 0 8 -0.482605
7 53 0 8 -0.482968
43 54 0 8 -0.482982
61 87 0 8 -0.483804
79 96 0 8 -0.483860
24 41 0 8 -0.484075
46 102 0 8 -0.484199
74 99 0 8 -0.485607
9 39 0 8 -0.485841
51 77 0 8 -0.486041
3 63 0 8 -0.487996
46 81 0 8 -0.488128
43 88 0 8 -0.488560
66 81 0 8 -0.488762
43 99 0 8 -0.489593
62 100 0 8 -0.489865
84 89 0 8 -0.489890
38 75 0 8 -0.490608
74 102 0 8 -0.491027
55 100 0 8 -0.491139
66 78 0 8 -0.491243
80 96 0 8 -0.491338
17 29 0 8 -0.491796
52 93 0 8 -0.491841
67 75 0 8 -0.491916
16 32 0 8 -0.491994
51 99 0 8 -0.492465
33 97 0 8 -0.492593
14 101 0 8 -0.492788
77 101 0 8 -0.492939
4 40 0 8 -0.493319
32 88 0 8 -0.493924
48 65 0 8 -0.494745
55 83 0 8 -0.495031
31 63 0 8 -0.495169
73 83 0 8 -0.495394
37 102 0 8 -0.496244
44 72 0 8 -0.496825
40 64 0 8 -0.497129
87 95 0 8 -0.497261
31 100 0 8 -0.497507
49 55 0 8 -0.497514
35 98 0 8 -0.497665
45 54 0 8 -0.497802
4 72 0 8 -0.499910
30 73 0 8 -0.500113
87 100 0 8 -0.500504
8 19 0 8 -0.500827
56 100 0 8 -0.501121
21 57 0 8 -0.501384
48 85 0 8 -0.502558
67 76 0 8 -0.503209
40 98 0 8 -0.503448
28 96 0 8 -0.503783
10 54 0 8 -0.504166
70 100 0 8 -0.504597
54 62 0 8 -0.505649
12 53 0 8 -0.506002
44 55 0 8 -0.506924
44 67 0 8 -0.508380
9 14 0 8 -0.508516
10 92 0 8 -0.508601
5 87 0 8 -0.509419
19 50 0 8 -0.509450
46 80 0 8 -0.511125
46 95 0 8 -0.511315
3 56 0 8 -0.511356
7 54 0 8 -0.511526
43 51 0 8 -0.512184
3 62 0 8 -0.512925
41 88 0 8 -0.513607
32 95 0 8 -0.513664
35 95 0 8 -0.514612
25 85 0 8 -0.515149
12 24 0 8 -0.515432
17 78 0 8 -0.515443
23 70 0 8 -0.515506
8 75 0 8 -0.516175
43 83 0 8 -0.516633
52 90 0 8 -0.517007
33 83 0 8 -0.517168
23 32 0 8 -0.517659
12 37 0 8 -0.517937
76 81 0 8 -0.518258
31 52 0 8 -0.518279
15 85 0 8 -0.518491
41 53 0 8 -0.519357
5 15 0 8 -0.520587
55 101 0 8 -0.521647
29 55 0 8 -0.521743
13 67 0 8 -0.521820
25 101 0 8 -0.522144
25 100 0 8 -0.524202
55 95 0 8 -0.524687
6 55 0 8 -0.524846
56 71 0 8 -0.524930
16 86 0 8 -0.525636
43 94 0 8 -0.526717
62 88 0 8 -0.527506
27 40 0 8 -0.527691
42 100 0 8 -0.527750
10 21 0 8 -0.528364
5 67 0 8 -0.528461
37 84 0 8 -0.528626
4 36 0 8 -0.529179
34 48 0 8 -0.529959
11 37 0 8 -0.529984
41 93 0 8 -0.530576
8 69 0 8 -0.530672
17 33 0 8 -0.532217
60 91 0 8 -0.533787
72 84 0 8 -0.534835
57 74 0 8 -0.535863
3 41 0 8 -0.536021
22 77 0 8 -0.537085
19 95 0 8 -0.537246
40 80 0 8 -0.537255
8 65 0 8 -0.537880
61 96 0 8 -0.538018
84 97 0 8 -0.538025
18 50 0 8 -0.539486
6 37 0 8 -0.539787
36 95 0 8 -0.540182
34 46 0 8 -0.540606
49 98 0 8 -0.540858
69 85 0 8 -0.541235
19 79 0 8 -0.541850
44 94 0 8 -0.542758
69 80 0 8 -0.543274
5 23 0 8 -0.543455
60 66 0 8 -0.543526
24 40 0 8 -0.544429
35 47 0 8 -0.545342
35 80 0 8 -0.546311
68 100 0 8 -0.546445
48 77 0 8 -0.546658
10 72 0 8 -0.547162
25 61 0 8 -0.547419
6 81 0 8 -0.548999
15 74 0 8 -0.549058
5 27 0 8 -0.549217
54 80 0 8 -0.549650
66 92 0 8 -0.550017
9 62 0 8 -0.550018
6 34 0 8 -0.550321
17 75 0 8 -0.551389
27 51 0 8 -0.552037
3 81 0 8 -0.552140
6 12 0 8 -0.555021
69 89 0 8 -0.556757
30 82 0 8 -0.556915
57 67 0 8 -0.557282
52 95 0 8 -0.557321
4 50 0 8 -0.557607
27 39 0 8 -0.558312
3 23 0 8 -0.558767
37 92 0 8 -0.558787
63 77 0 8 -0.560020
13 40 0 8 -0.560033
11 67 0 8 -0.560404
44 74 0 8 -0.561883
66 85 0 8 -0.561963
25 98 0 8 -0.562492
72 99 0 8 -0.562677
38 68 0 8 -0.564776
77 89 0 8 -0.565275
68 77 0 8 -0.565385
4 46 0 8 -0.566468
6 87 0 8 -0.566844
14 68 0 8 -0.567084
51 59 0 8 -0.567295
11 91 0 8 -0.568239
9 61 0 8 -0.568610
16 80 0 8 -0.569195
17 93 0 8 -0.569294
92 101 0 8 -0.569389
76 82 0 8 -0.569963
66 96 0 8 -0.569992
62 84 0 8 -0.570397
7 19 0 8 -0.571263
84 94 0 8 -0.572491
35 61 0 8 -0.572848
32 59 0 8 -0.572904
23 36 0 8 -0.573531
26 46 0 8 -0.573825
48 98 0 8 -0.574249
22 60 0 8 -0.574726
33 82 0 8 -0.575300
12 49 0 8 -0.576238
9 43 0 8 -0.576244
15 84 0 8 -0.576517
24 67 0 8 -0.576772
38 51 0 8 -0.577373
52 101 0 8 -0.578263
32 39 0 8 -0.578422
31 65 0 8 -0.578496
39 100 0 8 -0.579374
36 51 0 8 -0.579502
4 23 0 8 -0.580709
62 99 0 8 -0.581513
60 100 0 8 -0.581527
6 16 0 8 -0.584457
18 35 0 8 -0.584664
16 68 0 8 -0.584896
4 80 0 8 -0.585592
16 59 0 8 -0.585774
29 90 0 8 -0.586062
60 93 0 8 -0.586073
47 95 0 8 -0.587755
75 97 0 8 -0.587997
13 83 0 8 -0.588318
25 80 0 8 -0.588394
64 95 0 8 -0.588653
23 86 0 8 -0.589328
6 31 0 8 -0.591369
32 85 0 8 -0.592852
17 36 0 8 -0.592871
7 88 0 8 -0.593416
43 53 0 8 -0.594128
35 73 0 8 -0.594310
53 92 0 8 -0.594443
34 40 0 8 -0.595334
4 75 0 8 -0.596041
3 22 0 8 -0.596202
57 86 0 8 -0.596712
25 99 0 8 -0.596936
33 90 0 8 -0.597934
12 17 0 8 -0.598213
14 96 0 8 -0.598226
15 27 0 8 -0.598412
50 70 0 8 -0.598512
33 44 0 8 -0.598590
18 53 0 8 -0.598646
70 95 0 8 -0.599707
24 79 0 8 -0.600273
15 83 0 8 -0.600495
13 90 0 8 -0.600521
27 101 0 8 -0.600759
21 39 0 8 -0.600840
82 88 0 8 -0.600963
23 80 0 8 -0.601069
11 87 0 8 -0.601287
46 75 0 8 -0.601332
63 68 0 8 -0.601445
18 44 0 8 -0.601571
13 100 0 8 -0.601855
9 32 0 8 -0.603792
18 40 0 8 -0.605032
49 100 0 8 -0.605150
16 57 0 8 -0.605307
46 72 0 8 -0.605764
30 95 0 8 -0.607133
20 72 0 8 -0.607191
52 91 0 8 -0.607223
59 96 0 8 -0.607462
28 34 0 8 -0.607514
67 98 0 8 -0.607672
57 72 0 8 -0.608581
10 80 0 8 -0.609207
25 49 0 8 -0.609735
43 74 0 8 -0.609844
35 75 0 8 -0.610216
29 66 0 8 -0.610727
54 89 0 8 -0.612049
62 95 0 8 -0.612086
14 80 0 8 -0.612142
15 32 0 8 -0.612231
13 94 0 8 -0.613297
52 71 0 8 -0.613461
25 50 0 8 -0.613915
44 100 0 8 -0.614701
4 63 0 8 -0.614962
27 99 0 8 -0.615002
41 46 0 8 -0.615043
39 57 0 8 -0.615352
36 102 0 8 -0.615771
13 29 0 8 -0.615955
32 97 0 8 -0.616279
8 49 0 8 -0.616657
71 84 0 8 -0.616809
12 59 0 8 -0.617204
40 73 0 8 -0.617975
40 79 0 8 -0.617996
42 96 0 8 -0.618661
9 67 0 8 -0.618833
3 42 0 8 -0.619989
52 84 0 8 -0.620650
14 65 0 8 -0.620681
41 64 0 8 -0.621179
20 62 0 8 -0.621475
32 91 0 8 -0.621965
39 46 0 8 -0.622182
32 38 0 8 -0.623182
6 58 0 8 -0.623402
8 87 0 8 -0.623435
33 63 0 8 -0.623785
13 36 0 8 -0.624144
56 76 0 8 -0.624376
28 86 0 8 -0.624396
14 26 0 8 -0.624426
23 50 0 8 -0.624753
4 38 0 8 -0.625400
61 93 0 8 -0.625410
51 95 0 8 -0.627710
5 28 0 8 -0.627952
20 78 0 8 -0.629306
73 99 0 8 -0.629451
19 34 0 8 -0.629580
4 91 0 8 -0.630551
3 21 0 8 -0.631057
4 32 0 8 -0.632549
26 67 0 8 -0.632583
30 84 0 8 -0.633305
24 34 0 8 -0.633606
39 49 0 8 -0.633664
6 61 0 8 -0.633907
4 47 0 8 -0.634184
28 64 0 8 -0.634396
17 57 0 8 -0.635045
3 50 0 8 -0.635626
22 98 0 8 -0.636380
21 86 0 8 -0.636528
17 66 0 8 -0.636542
25 83 0 8 -0.636621
68 83 0 8 -0.636675
20 46 0 8 -0.637430
37 83 0 8 -0.637472
32 99 0 8 -0.638875
18 43 0 8 -0.640952
41 100 0 8 -0.641617
75 89 0 8 -0.641665
31 55 0 8 -0.642618
4 62 0 8 -0.642905
17 60 0 8 -0.643604
29 84 0 8 -0.646137
25 92 0 8 -0.648726
64 99 0 8 -0.649543
11 55 0 8 -0.649688
41 87 0 8 -0.651637
51 78 0 8 -0.652213
51 69 0 8 -0.652557
23 82 0 8 -0.653308
89 99 0 8 -0.653689
56 89 0 8 -0.653984
30 92 0 8 -0.655056
28 99 0 8 -0.656441
14 46 0 8 -0.658761
40 57 0 8 -0.658978
10 38 0 8 -0.659423
38 76 0 8 -0.660122
16 35 0 8 -0.660289
7 32 0 8 -0.660382
20 41 0 8 -0.660544
62 74 0 8 -0.660602
50 86 0 8 -0.660793
24 82 0 8 -0.661200
48 75 0 8 -0.661200
42 73 0 8 -0.661364
16 45 0 8 -0.662439
26 38 0 8 -0.662865
52 69 0 8 -0.663359
15 75 0 8 -0.664005
50 101 0 8 -0.664072
79 91 0 8 -0.664314
38 86 0 8 -0.664742
61 70 0 8 -0.665340
22 32 0 8 -0.667209
18 28 0 8 -0.667384
11 28 0 8 -0.667925
5 83 0 8 -0.668056
59 92 0 8 -0.668648
49 57 0 8 -0.668806
14 32 0 8 -0.668813
45 89 0 8 -0.668955
4 65 0 8 -0.669226
18 97 0 8 -0.669237
15 53 0 8 -0.669344
25 94 0 8 -0.669527
56 75 0 8 -0.669895
48 99 0 8 -0.669983
39 67 0 8 -0.670836
6 94 0 8 -0.671944
43 96 0 8 -0.672064
17 43 0 8 -0.672866
48 66 0 8 -0.672866
20 73 0 8 -0.673305
18 91 0 8 -0.676504
7 70 0 8 -0.676704
47 100 0 8 -0.676991
30 63 0 8 -0.677224
14 67 0 8 -0.677283
37 71 0 8 -0.677370
31 73 0 8 -0.677908
6 93 0 8 -0.677924
25 38 0 8 -0.678970
91 99 0 8 -0.679008
44 50 0 8 -0.679139
49 56 0 8 -0.679663
68 76 0 8 -0.679893
49 94 0 8 -0.680239
50 76 0 8 -0.680353
6 73 0 8 -0.680498
28 83 0 8 -0.680741
7 49 0 8 -0.680886
12 86 0 8 -0.681426
20 36 0 8 -0.681858
20 30 0 8 -0.682433
6 69 0 8 -0.683152
34 99 0 8 -0.683507
73 92 0 8 -0.683534
40 77 0 8 -0.683762
14 19 0 8 -0.684706
72 100 0 8 -0.685440
48 74 0 8 -0.686565
80 93 0 8 -0.686670
67 80 0 8 -0.686865
57 69 0 8 -0.687531
4 12 0 8 -0.687624
10 50 0 8 -0.689177
6 25 0 8 -0.689283
44 66 0 8 -0.689666
26 99 0 8 -0.689858
55 98 0 8 -0.689870
43 65 0 8 -0.690023
50 91 0 8 -0.690750
67 83 0 8 -0.690909
78 91 0 8 -0.691092
50 83 0 8 -0.691264
4 17 0 8 -0.691408
4 49 0 8 -0.691874
59 65 0 8 -0.691879
73 98 0 8 -0.692065
67 96 0 8 -0.693776
35 66 0 8 -0.694548
29 68 0 8 -0.694787
5 34 0 8 -0.695045
39 78 0 8 -0.695385
23 90 0 8 -0.695723
8 93 0 8 -0.696760
22 54 0 8 -0.698093
3 12 0 8 -0.698712
4 33 0 8 -0.699148
24 92 0 8 -0.699863
41 99 0 8 -0.700940
35 65 0 8 -0.701575
22 70 0 8 -0.701620
8 66 0 8 -0.702328
20 76 0 8 -0.702343
45 91 0 8 -0.702444
50 84 0 8 -0.702704
26 77 0 8 -0.703397
65 86 0 8 -0.703762
47 67 0 8 -0.703786
32 75 0 8 -0.705003
17 98 0 8 -0.705548
49 60 0 8 -0.706558
60 99 0 8 -0.707403
14 25 0 8 -0.709558
69 96 0 8 -0.709997
20 60 0 8 -0.710277
13 43 0 8 -0.711420
11 26 0 8 -0.711609
44 99 0 8 -0.711612
42 68 0 8 -0.712166
18 49 0 8 -0.712197
17 71 0 8 -0.712702
32 98 0 8 -0.712810
83 96 0 8 -0.713207
46 100 0 8 -0.713688
55 81 0 8 -0.713712
19 64 0 8 -0.713743
60 78 0 8 -0.713842
29 63 0 8 -0.714141
9 72 0 8 -0.714479
55 63 0 8 -0.715387
20 91 0 8 -0.715533
69 86 0 8 -0.715578
19 66 0 8 -0.716790
14 89 0 8 -0.717282
83 92 0 8 -0.717917
9 46 0 8 -0.717966
47 99 0 8 -0.717975
54 87 0 8 -0.718320
7 28 0 8 -0.719158
79 94 0 8 -0.719503
5 76 0 8 -0.719802
18 87 0 8 -0.719970
78 95 0 8 -0.720539
48 94 0 8 -0.720648
5 43 0 8 -0.720716
52 86 0 8 -0.723254
75 100 0 8 -0.723288
41 91 0 8 -0.723871
4 76 0 8 -0.723971
20 59 0 8 -0.724214
13 32 0 8 -0.724365
40 56 0 8 -0.724471
52 61 0 8 -0.724498
59 75 0 8 -0.724922
12 18 0 8 -0.726763
15 67 0 8 -0.727638
25 48 0 8 -0.727743
77 94 0 8 -0.727745
56 70 0 8 -0.728288
5 20 0 8 -0.728395
13 64 0 8 -0.728614
41 95 0 8 -0.728740
17 27 0 8 -0.728911
17 63 0 8 -0.728927
35 48 0 8 -0.729246
44 87 0 8 -0.730198
13 49 0 8 -0.730562
10 33 0 8 -0.731410
23 76 0 8 -0.731519
46 59 0 8 -0.732695
26 56 0 8 -0.732997
27 73 0 8 -0.734276
71 97 0 8 -0.734964
3 65 0 8 -0.735148
50 100 0 8 -0.736076
73 78 0 8 -0.736427
33 48 0 8 -0.736654
61 71 0 8 -0.737197
57 85 0 8 -0.737451
23 55 0 8 -0.738856
55 62 0 8 -0.738986
17 41 0 8 -0.739464
5 49 0 8 -0.739483
15 36 0 8 -0.740354
64 83 0 8 -0.740742
61 78 0 8 -0.741244
57 75 0 8 -0.742914
33 38 0 8 -0.744801
18 38 0 8 -0.746062
24 44 0 8 -0.746687
14 52 0 8 -0.746778
39 95 0 8 -0.746978
35 43 0 8 -0.747427
17 45 0 8 -0.748011
62 86 0 8 -0.748084
43 66 0 8 -0.748539
5 41 0 8 -0.748879
66 93 0 8 -0.749006
10 91 0 8 -0.749714
11 39 0 8 -0.749901
20 28 0 8 -0.751116
44 98 0 8 -0.751651
13 41 0 8 -0.752050
47 54 0 8 -0.752153
63 79 0 8 -0.752472
31 91 0 8 -0.752862
51 80 0 8 -0.752892
11 49 0 8 -0.754184
38 90 0 8 -0.754386
32 68 0 8 -0.754435
66 83 0 8 -0.755057
50 97 0 8 -0.755223
57 100 0 8 -0.755453
40 52 0 8 -0.755620
10 69 0 8 -0.755814
17 76 0 8 -0.756469
37 86 0 8 -0.756508
37 96 0 8 -0.757059
26 95 0 8 -0.757767
8 34 0 8 -0.759256
12 67 0 8 -0.761135
67 97 0 8 -0.761428
19 58 0 8 -0.761513
30 81 0 8 -0.762869
3 36 0 8 -0.763505
7 57 0 8 -0.763553
60 84 0 8 -0.763565
11 21 0 8 -0.763898
18 45 0 8 -0.764347
61 80 0 8 -0.764394
60 97 0 8 -0.764694
10 44 0 8 -0.764955
23 39 0 8 -0.765156
63 99 0 8 -0.766328
41 71 0 8 -0.767234
8 91 0 8 -0.767516
77 84 0 8 -0.767932
4 89 0 8 -0.769597
16 67 0 8 -0.770115
47 59 0 8 -0.770513
10 26 0 8 -0.770567
41 54 0 8 -0.770705
85 98 0 8 -0.770749
30 66 0 8 -0.770903
6 17 0 8 -0.771159
39 65 0 8 -0.772019
12 77 0 8 -0.772104
8 40 0 8 -0.772743
56 85 0 8 -0.773047
39 99 0 8 -0.773266
5 45 0 8 -0.773395
11 44 0 8 -0.773690
29 67 0 8 -0.774383
31 76 0 8 -0.774419
8 27 0 8 -0.774880
5 62 0 8 -0.775541
78 88 0 8 -0.776067
19 33 0 8 -0.776248
20 54 0 8 -0.776333
9 65 0 8 -0.776354
6 59 0 8 -0.776391
25 30 0 8 -0.776440
8 80 0 8 -0.777357
6 26 0 8 -0.777579
15 51 0 8 -0.778062
7 63 0 8 -0.778297
35 96 0 8 -0.781710
62 71 0 8 -0.781848
51 94 0 8 -0.782613
29 89 0 8 -0.784283
59 89 0 8 -0.784473
5 73 0 8 -0.785106
57 84 0 8 -0.787388
26 78 0 8 -0.788295
51 89 0 8 -0.789205
17 97 0 8 -0.790118
41 96 0 8 -0.790376
3 77 0 8 -0.791098
62 76 0 8 -0.791159
52 89 0 8 -0.791500
17 40 0 8 -0.791646
32 65 0 8 -0.791794
5 95 0 8 -0.792479
21 31 0 8 -0.793366
59 95 0 8 -0.793436
21 67 0 8 -0.794133
44 79 0 8 -0.794436
61 88 0 8 -0.795226
40 55 0 8 -0.796106
54 77 0 8 -0.796618
26 31 0 8 -0.796750
43 91 0 8 -0.797491
59 73 0 8 -0.798459
26 50 0 8 -0.798975
18 64 0 8 -0.799626
19 40 0 8 -0.800180
9 80 0 8 -0.800234
31 67 0 8 -0.800263
22 57 0 8 -0.801389
67 78 0 8 -0.801922
23 79 0 8 -0.802459
41 57 0 8 -0.802897
17 74 0 8 -0.803068
65 80 0 8 -0.804123
68 87 0 8 -0.805051
42 82 0 8 -0.806417
13 51 0 8 -0.808443
11 61 0 8 -0.808711
58 92 0 8 -0.808818
5 26 0 8 -0.808952
6 91 0 8 -0.809237
61 92 0 8 -0.809457
6 67 0 8 -0.809627
13 19 0 8 -0.810011
3 71 0 8 -0.810951
19 46 0 8 -0.810967
13 62 0 8 -0.811416
53 61 0 8 -0.812110
43 80 0 8 -0.812657
58 97 0 8 -0.812982
45 70 0 8 -0.813172
5 59 0 8 -0.813664
45 81 0 8 -0.815087
21 40 0 8 -0.815484
12 41 0 8 -0.816882
61 76 0 8 -0.817573
44 63 0 8 -0.817593
33 60 0 8 -0.817760
29 76 0 8 -0.818526
12 76 0 8 -0.818649
5 53 0 8 -0.819396
5 39 0 8 -0.819840
28 56 0 8 -0.819902
12 84 0 8 -0.820584
56 66 0 8 -0.820600
3 37 0 8 -0.822541
36 78 0 8 -0.822941
9 73 0 8 -0.824236
57 96 0 8 -0.824821
47 88 0 8 -0.824916
48 95 0 8 -0.824935
21 48 0 8 -0.825178
44 96 0 8 -0.825771
23 38 0 8 -0.825785
36 88 0 8 -0.826057
33 53 0 8 -0.827085
26 64 0 8 -0.827431
46 97 0 8 -0.828389
33 52 0 8 -0.828557
32 81 0 8 -0.828805
40 50 0 8 -0.829479
15 99 0 8 -0.829493
40 54 0 8 -0.830077
48 79 0 8 -0.830258
42 99 0 8 -0.830515
72 96 0 8 -0.831686
6 70 0 8 -0.831822
52 97 0 8 -0.833114
6 21 0 8 -0.834086
31 61 0 8 -0.834233
66 89 0 8 -0.834551
63 69 0 8 -0.835042
25 57 0 8 -0.835056
5 36 0 8 -0.835227
14 87 0 8 -0.838423
6 29 0 8 -0.838425
30 48 0 8 -0.840441
13 91 0 8 -0.841084
53 70 0 8 -0.841357
59 99 0 8 -0.841889
69 90 0 8 -0.843110
9 64 0 8 -0.843275
25 47 0 8 -0.843313
30 51 0 8 -0.843441
8 38 0 8 -0.844540
53 59 0 8 -0.845562
11 35 0 8 -0.846236
15 38 0 8 -0.846571
9 30 0 8 -0.847239
4 22 0 8 -0.847476
34 63 0 8 -0.847712
5 72 0 8 -0.848028
70 93 0 8 -0.848955
25 90 0 8 -0.849206
44 95 0 8 -0.849693
9 89 0 8 -0.850325
16 28 0 8 -0.850612
24 53 0 8 -0.850661
5 82 0 8 -0.850862
75 83 0 8 -0.850989
8 28 0 8 -0.851404
20 96 0 8 -0.851900
68 98 0 8 -0.852946
18 80 0 8 -0.853482
7 39 0 8 -0.853513
51 68 0 8 -0.853657
31 44 0 8 -0.855728
47 79 0 8 -0.856702
41 90 0 8 -0.856866
64 74 0 8 -0.857056
58 93 0 8 -0.857688
63 83 0 8 -0.857706
43 90 0 8 -0.857884
33 79 0 8 -0.858826
23 52 0 8 -0.859169
18 63 0 8 -0.859693
34 90 0 8 -0.859872
41 97 0 8 -0.861060
65 76 0 8 -0.861099
26 73 0 8 -0.861697
16 99 0 8 -0.861714
11 76 0 8 -0.861999
80 94 0 8 -0.862325
27 77 0 8 -0.862352
65 89 0 8 -0.862952
23 63 0 8 -0.863659
58 100 0 8 -0.864289
12 42 0 8 -0.864445
37 93 0 8 -0.864621
48 97 0 8 -0.864895
25 67 0 8 -0.865593
44 78 0 8 -0.867042
34 49 0 8 -0.868901
7 50 0 8 -0.869133
17 31 0 8 -0.869664
28 43 0 8 -0.869857
39 88 0 8 -0.870769
14 99 0 8 -0.870913
34 68 0 8 -0.871591
6 38 0 8 -0.872067
9 41 0 8 -0.872374
64 94 0 8 -0.873269
19 45 0 8 -0.873601
5 89 0 8 -0.873926
17 64 0 8 -0.874988
12 20 0 8 -0.876238
4 21 0 8 -0.877962
57 78 0 8 -0.879256
14 94 0 8 -0.879276
25 62 0 8 -0.879389
60 94 0 8 -0.879678
7 21 0 8 -0.880204
62 78 0 8 -0.880786
53 81 0 8 -0.881198
5 81 0 8 -0.881783
71 89 0 8 -0.882379
58 83 0 8 -0.882806
38 67 0 8 -0.883153
24 59 0 8 -0.883495
9 37 0 8 -0.884078
21 47 0 8 -0.884841
18 37 0 8 -0.885467
40 82 0 8 -0.885737
7 52 0 8 -0.885886
9 60 0 8 -0.886007
61 82 0 8 -0.886090
23 94 0 8 -0.886160
45 82 0 8 -0.886829
67 82 0 8 -0.887081
31 48 0 8 -0.887832
32 63 0 8 -0.889078
45 75 0 8 -0.889385
9 93 0 8 -0.889944
33 73 0 8 -0.890654
28 91 0 8 -0.890854
50 89 0 8 -0.891384
52 94 0 8 -0.891454
11 56 0 8 -0.892575
37 80 0 8 -0.894014
24 56 0 8 -0.894129
39 76 0 8 -0.894485
12 78 0 8 -0.894775
13 84 0 8 -0.894781
22 45 0 8 -0.894932
19 73 0 8 -0.895339
14 66 0 8 -0.895737
31 89 0 8 -0.896667
4 42 0 8 -0.897326
43 85 0 8 -0.898418
66 80 0 8 -0.898770
10 89 0 8 -0.899197
65 87 0 8 -0.899821
21 65 0 8 -0.901933
35 99 0 8 -0.903682
45 85 0 8 -0.904479
34 67 0 8 -0.904647
31 98 0 8 -0.904938
76 84 0 8 -0.904988
8 64 0 8 -0.905002
45 94 0 8 -0.906236
24 63 0 8 -0.906415
67 79 0 8 -0.906837
48 71 0 8 -0.907931
4 30 0 8 -0.909327
20 50 0 8 -0.909373
55 92 0 8 -0.909434
87 94 0 8 -0.909639
67 92 0 8 -0.910018
30 83 0 8 -0.910943
6 48 0 8 -0.911334
36 83 0 8 -0.912478
68 80 0 8 -0.912508
11 71 0 8 -0.913442
62 89 0 8 -0.913783
41 59 0 8 -0.915302
54 75 0 8 -0.915670
53 68 0 8 -0.916078
9 74 0 8 -0.916467
68 78 0 8 -0.916855
31 74 0 8 -0.917775
38 71 0 8 -0.917893
13 92 0 8 -0.918385
11 77 0 8 -0.918811
51 79 0 8 -0.918919
4 45 0 8 -0.919177
37 55 0 8 -0.919563
35 74 0 8 -0.920157
58 70 0 8 -0.921082
61 91 0 8 -0.921627
45 92 0 8 -0.921951
51 70 0 8 -0.921957
20 37 0 8 -0.922162
5 63 0 8 -0.922189
35 63 0 8 -0.922568
39 98 0 8 -0.925794
37 100 0 8 -0.926970
29 62 0 8 -0.926993
10 48 0 8 -0.928276
16 40 0 8 -0.928999
52 62 0 8 -0.932111
4 44 0 8 -0.932848
8 51 0 8 -0.932909
54 97 0 8 -0.932960
9 48 0 8 -0.933398
11 62 0 8 -0.933897
49 84 0 8 -0.935285
37 99 0 8 -0.935921
48 53 0 8 -0.935953
39 83 0 8 -0.935962
26 92 0 8 -0.936554
18 76 0 8 -0.938246
70 87 0 8 -0.938315
78 89 0 8 -0.938338
24 80 0 8 -0.938417
51 97 0 8 -0.940544
11 58 0 8 -0.940832
4 71 0 8 -0.940884
22 99 0 8 -0.941059
12 57 0 8 -0.941090
23 98 0 8 -0.941540
70 98 0 8 -0.941936
60 86 0 8 -0.942476
17 44 0 8 -0.942494
43 57 0 8 -0.943240
13 56 0 8 -0.943350
43 64 0 8 -0.943914
23 89 0 8 -0.944419
11 79 0 8 -0.946392
13 61 0 8 -0.946935
22 97 0 8 -0.946971
42 76 0 8 -0.947065
29 47 0 8 -0.947220
60 95 0 8 -0.947384
54 68 0 8 -0.948320
64 73 0 8 -0.949285
20 55 0 8 -0.950026
20 61 0 8 -0.950285
29 41 0 8 -0.951219
22 55 0 8 -0.951372
42 75 0 8 -0.951669
15 77 0 8 -0.951982
69 75 0 8 -0.952441
26 66 0 8 -0.955517
65 96 0 8 -0.956077
25 53 0 8 -0.956083
5 60 0 8 -0.957093
8 82 0 8 -0.957466
67 73 0 8 -0.957777
44 52 0 8 -0.958381
30 64 0 8 -0.958413
39 54 0 8 -0.958849
36 60 0 8 -0.959644
59 88 0 8 -0.959670
8 88 0 8 -0.959832
37 76 0 8 -0.961394
14 50 0 8 -0.962123
33 51 0 8 -0.962510
22 69 0 8 -0.963076
47 56 0 8 -0.963266
52 58 0 8 -0.963742
11 32 0 8 -0.963844
50 69 0 8 -0.964125
56 78 0 8 -0.964504
20 57 0 8 -0.965631
25 89 0 8 -0.965981
56 96 0 8 -0.966586
51 58 0 8 -0.967452
30 96 0 8 -0.967655
4 55 0 8 -0.968834
37 50 0 8 -0.969019
12 61 0 8 -0.969024
4 77 0 8 -0.969588
46 82 0 8 -0.970288
52 85 0 8 -0.971253
16 71 0 8 -0.971794
45 77 0 8 -0.972040
4 52 0 8 -0.972110
42 54 0 8 -0.973432
35 67 0 8 -0.973587
49 92 0 8 -0.974299
10 17 0 8 -0.974506
28 73 0 8 -0.975279
44 71 0 8 -0.975411
9 22 0 8 -0.976928
32 80 0 8 -0.976990
9 58 0 8 -0.977474
8 67 0 8 -0.977839
54 67 0 8 -0.978195
71 79 0 8 -0.978308
27 67 0 8 -0.979707
38 97 0 8 -0.980473
58 94 0 8 -0.981309
13 80 0 8 -0.981637
27 91 0 8 -0.981638
36 72 0 8 -0.982775
8 26 0 8 -0.982810
59 91 0 8 -0.983191
31 38 0 8 -0.983199
28 90 0 8 -0.983422
39 74 0 8 -0.983672
10 42 0 8 -0.983916
20 39 0 8 -0.983916
36 82 0 8 -0.984389
41 80 0 8 -0.985209
51 61 0 8 -0.985555
29 48 0 8 -0.985613
28 61 0 8 -0.987650
18 30 0 8 -0.987944
10 39 0 8 -0.987968
21 64 0 8 -0.988038
11 60 0 8 -0.989041
6 50 0 8 -0.989208
18 88 0 8 -0.989211
38 55 0 8 -0.989893
19 63 0 8 -0.990076
58 98 0 8 -0.990553
8 32 0 8 -0.990564
63 78 0 8 -0.992687
41 98 0 8 -0.993656
49 78 0 8 -0.993698
63 91 0 8 -0.993894
60 88 0 8 -0.994896
33 65 0 8 -0.995489
70 91 0 8 -0.995764
48 96 0 8 -0.996759
4 61 0 8 -0.997347
5 46 0 8 -0.998108
9 69 0 8 -0.999773
28 69 0 8 -1.000209
51 90 0 8 -1.001089
60 96 0 8 -1.002245
14 41 0 8 -1.002279
19 86 0 8 -1.002487
61 99 0 8 -1.003019
27 71 0 8 -1.003538
28 52 0 8 -1.004434
37 53 0 8 -1.004835
37 52 0 8 -1.005149
49 96 0 8 -1.005163
42 53 0 8 -1.005372
73 86 0 8 -1.005505
60 89 0 8 -1.005605
17 54 0 8 -1.005758
7 91 0 8 -1.005949
29 82 0 8 -1.006102
88 94 0 8 -1.006123
30 44 0 8 -1.007400
9 54 0 8 -1.007662
60 70 0 8 -1.010306
58 95 0 8 -1.010625
14 61 0 8 -1.011331
26 98 0 8 -1.012745
14 44 0 8 -1.012979
6 32 0 8 -1.014482
61 94 0 8 -1.014796
47 82 0 8 -1.015701
49 66 0 8 -1.016585
72 95 0 8 -1.017141
4 41 0 8 -1.017731
30 60 0 8 -1.019488
43 89 0 8 -1.019674
53 64 0 8 -1.019861
64 85 0 8 -1.020132
6 88 0 8 -1.021050
64 81 0 8 -1.022074
14 71 0 8 -1.022298
13 63 0 8 -1.023708
44 77 0 8 -1.024120
57 63 0 8 -1.024830
45 98 0 8 -1.024951
11 41 0 8 -1.025434
14 39 0 8 -1.027783
39 90 0 8 -1.028651
34 80 0 8 -1.028723
17 95 0 8 -1.028800
71 99 0 8 -1.029005
17 68 0 8 -1.029158
9 83 0 8 -1.029162
34 100 0 8 -1.029216
50 71 0 8 -1.030172
50 92 0 8 -1.030650
33 61 0 8 -1.031983
23 72 0 8 -1.033010
44 65 0 8 -1.033091
85 90 0 8 -1.033270
42 70 0 8 -1.034461
9 52 0 8 -1.035015
61 98 0 8 -1.035112
20 65 0 8 -1.036032
17 48 0 8 -1.036055
44 64 0 8 -1.037485
37 98 0 8 -1.037999
38 65 0 8 -1.038843
18 46 0 8 -1.041731
18 75 0 8 -1.042830
66 84 0 8 -1.042831
69 98 0 8 -1.047374
32 56 0 8 -1.047724
23 48 0 8 -1.048181
7 48 0 8 -1.048582
62 73 0 8 -1.049226
35 69 0 8 -1.051373
4 73 0 8 -1.051563
47 58 0 8 -1.051859
10 60 0 8 -1.052484
63 80 0 8 -1.052509
44 76 0 8 -1.053184
48 76 0 8 -1.053399
79 97 0 8 -1.054585
56 81 0 8 -1.055007
44 86 0 8 -1.055167
19 48 0 8 -1.058254
71 82 0 8 -1.058330
31 85 0 8 -1.059103
84 92 0 8 -1.059566
9 26 0 8 -1.060516
34 39 0 8 -1.061089
17 79 0 8 -1.061516
4 60 0 8 -1.061930
47 52 0 8 -1.062297
70 86 0 8 -1.062552
51 81 0 8 -1.062699
67 91 0 8 -1.063062
58 87 0 8 -1.063258
42 90 0 8 -1.063302
28 77 0 8 -1.063803
36 68 0 8 -1.064640
50 98 0 8 -1.064800
31 94 0 8 -1.065045
10 57 0 8 -1.065632
22 65 0 8 -1.066372
19 99 0 8 -1.066834
11 53 0 8 -1.066957
15 91 0 8 -1.067158
53 62 0 8 -1.067970
76 93 0 8 -1.068466
50 85 0 8 -1.068994
13 87 0 8 -1.069152
64 93 0 8 -1.069169
15 37 0 8 -1.069283
62 68 0 8 -1.069324
87 97 0 8 -1.069441
5 50 0 8 -1.069677
39 64 0 8 -1.070326
44 59 0 8 -1.070340
74 87 0 8 -1.070646
16 46 0 8 -1.070704
26 58 0 8 -1.071381
51 92 0 8 -1.072204
21 68 0 8 -1.072937
49 99 0 8 -1.073803
13 89 0 8 -1.074661
15 48 0 8 -1.074958
25 69 0 8 -1.075121
24 60 0 8 -1.075216
69 94 0 8 -1.076445
87 99 0 8 -1.076545
46 79 0 8 -1.076614
46 84 0 8 -1.077469
10 64 0 8 -1.077900
7 81 0 8 -1.078216
16 36 0 8 -1.078471
19 67 0 8 -1.081128
7 44 0 8 -1.081202
58 77 0 8 -1.081291
42 94 0 8 -1.081656
63 95 0 8 -1.082533
39 77 0 8 -1.082610
56 63 0 8 -1.084451
11 51 0 8 -1.084465
57 73 0 8 -1.084579
49 59 0 8 -1.087129
63 96 0 8 -1.087133
12 88 0 8 -1.087586
13 58 0 8 -1.088106
56 87 0 8 -1.089579
54 72 0 8 -1.089990
78 85 0 8 -1.092065
5 47 0 8 -1.092659
39 71 0 8 -1.093188
12 34 0 8 -1.093228
11 72 0 8 -1.095481
18 60 0 8 -1.095485
42 83 0 8 -1.098670
24 68 0 8 -1.098907
53 86 0 8 -1.099153
5 61 0 8 -1.099649
75 91 0 8 -1.100044
30 88 0 8 -1.101713
7 79 0 8 -1.103439
44 69 0 8 -1.105163
9 78 0 8 -1.105769
26 68 0 8 -1.106737
56 91 0 8 -1.107020
39 93 0 8 -1.107082
48 92 0 8 -1.108492
18 94 0 8 -1.109542
60 73 0 8 -1.109882
11 33 0 8 -1.111262
10 34 0 8 -1.112381
75 85 0 8 -1.112811
86 91 0 8 -1.113915
4 39 0 8 -1.114774
28 97 0 8 -1.115696
61 74 0 8 -1.118016
68 94 0 8 -1.118391
57 77 0 8 -1.121309
34 95 0 8 -1.122169
34 65 0 8 -1.122737
21 29 0 8 -1.122804
9 53 0 8 -1.125654
16 84 0 8 -1.125947
4 26 0 8 -1.127357
60 98 0 8 -1.128426
10 41 0 8 -1.129051
51 98 0 8 -1.129702
74 92 0 8 -1.129748
46 55 0 8 -1.129879
33 77 0 8 -1.130070
67 87 0 8 -1.131425
59 69 0 8 -1.131788
48 90 0 8 -1.133046
35 78 0 8 -1.133122
14 37 0 8 -1.133917
11 36 0 8 -1.134053
34 76 0 8 -1.134240
4 57 0 8 -1.135084
33 74 0 8 -1.135620
8 56 0 8 -1.136268
13 54 0 8 -1.137704
20 43 0 8 -1.138275
17 89 0 8 -1.138469
47 83 0 8 -1.141124
53 84 0 8 -1.141360
35 87 0 8 -1.141365
7 68 0 8 -1.142020
32 49 0 8 -1.142386
24 96 0 8 -1.143248
7 30 0 8 -1.143836
39 85 0 8 -1.144393
26 93 0 8 -1.144858
6 45 0 8 -1.144967
36 80 0 8 -1.145284
34 77 0 8 -1.145773
5 42 0 8 -1.146358
53 63 0 8 -1.146794
33 72 0 8 -1.147147
8 48 0 8 -1.147217
16 37 0 8 -1.147576
8 46 0 8 -1.148306
62 80 0 8 -1.148513
66 87 0 8 -1.148650
72 85 0 8 -1.148697
12 44 0 8 -1.148856
56 94 0 8 -1.148931
42 69 0 8 -1.151644
50 99 0 8 -1.152681
67 77 0 8 -1.154202
31 39 0 8 -1.154653
62 91 0 8 -1.154946
60 92 0 8 -1.155415
14 55 0 8 -1.156845
12 22 0 8 -1.157128
31 57 0 8 -1.158146
42 88 0 8 -1.158440
55 87 0 8 -1.158891
59 87 0 8 -1.158982
32 76 0 8 -1.159056
29 81 0 8 -1.159186
41 82 0 8 -1.159217
12 83 0 8 -1.159288
8 59 0 8 -1.160066
12 48 0 8 -1.160825
23 74 0 8 -1.162348
13 75 0 8 -1.163088
54 63 0 8 -1.163386
14 60 0 8 -1.163944
60 71 0 8 -1.164052
25 54 0 8 -1.165460
39 53 0 8 -1.166143
10 22 0 8 -1.166497
60 83 0 8 -1.166880
27 66 0 8 -1.168441
26 97 0 8 -1.169974
10 47 0 8 -1.170950
52 63 0 8 -1.171060
34 47 0 8 -1.171114
57 98 0 8 -1.171558
48 56 0 8 -1.173037
46 86 0 8 -1.173174
31 47 0 8 -1.173180
24 48 0 8 -1.173371
47 96 0 8 -1.173941
69 82 0 8 -1.174264
19 51 0 8 -1.174437
73 91 0 8 -1.174464
11 46 0 8 -1.176056
65 70 0 8 -1.176561
21 75 0 8 -1.176956
9 45 0 8 -1.177658
7 72 0 8 -1.178757
23 43 0 8 -1.179650
18 39 0 8 -1.179924
81 97 0 8 -1.181080
10 59 0 8 -1.181310
11 57 0 8 -1.182438
63 98 0 8 -1.183576
34 85 0 8 -1.183829
15 49 0 8 -1.184879
24 73 0 8 -1.185313
68 86 0 8 -1.185984
37 82 0 8 -1.187358
6 54 0 8 -1.187524
15 54 0 8 -1.188558
5 77 0 8 -1.188694
35 45 0 8 -1.188717
19 96 0 8 -1.190877
61 86 0 8 -1.192857
37 59 0 8 -1.193245
16 26 0 8 -1.194827
14 64 0 8 -1.196192
75 96 0 8 -1.197007
49 91 0 8 -1.199515
53 75 0 8 -1.200380
22 61 0 8 -1.201538
37 57 0 8 -1.202118
39 91 0 8 -1.202270
22 38 0 8 -1.202802
29 69 0 8 -1.203367
6 63 0 8 -1.203446
29 44 0 8 -1.203986
5 29 0 8 -1.204128
24 33 0 8 -1.205831
17 34 0 8 -1.206035
19 69 0 8 -1.206548
30 94 0 8 -1.208512
19 75 0 8 -1.209143
6 24 0 8 -1.209308
17 47 0 8 -1.211928
44 93 0 8 -1.212335
30 57 0 8 -1.214093
30 47 0 8 -1.214417
10 66 0 8 -1.215003
13 18 0 8 -1.215173
6 47 0 8 -1.215497
53 96 0 8 -1.216060
4 31 0 8 -1.216360
13 34 0 8 -1.216373
45 96 0 8 -1.216380
25 60 0 8 -1.217559
7 61 0 8 -1.217939
77 98 0 8 -1.218878
46 85 0 8 -1.220409
60 74 0 8 -1.221180
53 79 0 8 -1.221375
20 45 0 8 -1.222626
20 98 0 8 -1.224111
42 56 0 8 -1.224708
54 71 0 8 -1.226973
7 45 0 8 -1.227789
5 21 0 8 -1.229181
28 98 0 8 -1.229738
8 20 0 8 -1.230966
6 92 0 8 -1.233728
51 82 0 8 -1.234276
27 87 0 8 -1.234605
44 75 0 8 -1.235125
14 62 0 8 -1.235706
25 64 0 8 -1.235742
42 57 0 8 -1.235943
29 98 0 8 -1.236386
76 88 0 8 -1.236747
7 26 0 8 -1.237583
58 74 0 8 -1.237700
37 87 0 8 -1.238006
16 25 0 8 -1.239294
44 73 0 8 -1.241224
19 61 0 8 -1.241370
35 91 0 8 -1.242628
18 95 0 8 -1.242877
74 98 0 8 -1.242890
55 75 0 8 -1.244971
20 34 0 8 -1.245595
49 73 0 8 -1.246063
13 73 0 8 -1.246090
28 46 0 8 -1.249092
47 72 0 8 -1.249295
35 88 0 8 -1.249653
36 76 0 8 -1.252160
13 42 0 8 -1.252795
49 79 0 8 -1.253601
42 95 0 8 -1.254542
13 66 0 8 -1.254670
38 59 0 8 -1.255304
7 60 0 8 -1.255306
49 97 0 8 -1.255439
42 64 0 8 -1.255919
44 90 0 8 -1.256798
28 95 0 8 -1.257062
28 87 0 8 -1.257562
28 82 0 8 -1.260230
10 79 0 8 -1.260884
14 81 0 8 -1.261428
36 56 0 8 -1.261534
9 35 0 8 -1.261603
87 93 0 8 -1.262491
49 80 0 8 -1.262730
82 93 0 8 -1.263583
62 69 0 8 -1.264372
60 85 0 8 -1.264876
35 86 0 8 -1.267234
6 41 0 8 -1.268135
20 47 0 8 -1.268213
31 45 0 8 -1.268849
16 66 0 8 -1.269329
30 39 0 8 -1.270338
46 74 0 8 -1.270470
29 72 0 8 -1.271965
8 71 0 8 -1.272624
53 60 0 8 -1.272918
32 92 0 8 -1.274449
49 54 0 8 -1.276372
39 86 0 8 -1.276685
49 81 0 8 -1.277257
32 46 0 8 -1.278002
50 88 0 8 -1.278126
11 47 0 8 -1.278719
23 44 0 8 -1.280333
28 70 0 8 -1.281289
38 98 0 8 -1.281781
57 82 0 8 -1.282016
21 73 0 8 -1.283767
63 70 0 8 -1.285289
28 38 0 8 -1.286283
31 68 0 8 -1.286527
12 39 0 8 -1.287565
13 48 0 8 -1.287660
11 42 0 8 -1.288585
22 30 0 8 -1.289254
59 90 0 8 -1.289529
46 90 0 8 -1.292694
27 78 0 8 -1.293088
20 44 0 8 -1.293741
30 42 0 8 -1.293805
55 69 0 8 -1.294626
53 98 0 8 -1.295396
28 78 0 8 -1.295414
4 51 0 8 -1.296120
26 48 0 8 -1.296569
11 82 0 8 -1.298197
31 62 0 8 -1.298998
30 74 0 8 -1.299721
27 85 0 8 -1.299952
26 42 0 8 -1.302545
73 90 0 8 -1.303685
17 58 0 8 -1.305800
57 95 0 8 -1.307511
14 63 0 8 -1.307897
33 95 0 8 -1.308245
56 88 0 8 -1.309113
60 80 0 8 -1.310486
22 94 0 8 -1.312149
81 98 0 8 -1.312422
30 86 0 8 -1.313828
31 69 0 8 -1.314077
15 41 0 8 -1.314891
7 71 0 8 -1.316680
16 76 0 8 -1.316970
16 77 0 8 -1.317563
66 88 0 8 -1.318120
15 39 0 8 -1.318356
13 53 0 8 -1.318655
35 60 0 8 -1.319333
25 37 0 8 -1.319860
26 83 0 8 -1.321629
20 35 0 8 -1.322172
73 94 0 8 -1.322995
85 97 0 8 -1.323620
33 58 0 8 -1.324545
5 55 0 8 -1.325540
12 73 0 8 -1.325672
42 92 0 8 -1.327504
4 56 0 8 -1.328833
38 84 0 8 -1.330316
16 60 0 8 -1.331168
47 97 0 8 -1.331452
34 44 0 8 -1.331676
13 28 0 8 -1.332290
19 65 0 8 -1.332939
39 97 0 8 -1.333120
63 73 0 8 -1.334343
23 88 0 8 -1.334450
6 43 0 8 -1.336886
17 38 0 8 -1.337235
47 78 0 8 -1.341054
23 81 0 8 -1.341598
6 36 0 8 -1.341848
11 63 0 8 -1.342905
15 76 0 8 -1.343827
46 56 0 8 -1.345649
13 39 0 8 -1.347650
16 49 0 8 -1.348139
15 70 0 8 -1.348738
48 91 0 8 -1.353127
10 73 0 8 -1.355481
20 74 0 8 -1.356196
54 60 0 8 -1.356950
37 73 0 8 -1.357361
58 69 0 8 -1.357791
63 97 0 8 -1.358707
48 86 0 8 -1.359189
6 19 0 8 -1.359702
45 88 0 8 -1.359791
31 53 0 8 -1.361695
8 83 0 8 -1.362369
4 79 0 8 -1.362796
91 96 0 8 -1.363110
11 75 0 8 -1.363908
38 85 0 8 -1.364140
38 77 0 8 -1.364629
43 63 0 8 -1.367171
8 39 0 8 -1.369111
39 70 0 8 -1.369980
10 98 0 8 -1.370454
13 47 0 8 -1.370945
19 68 0 8 -1.371677
42 97 0 8 -1.371711
37 54 0 8 -1.372061
24 89 0 8 -1.373342
49 68 0 8 -1.375261
43 49 0 8 -1.375701
25 55 0 8 -1.376110
24 97 0 8 -1.376292
47 87 0 8 -1.376435
18 41 0 8 -1.376684
4 70 0 8 -1.377086
7 41 0 8 -1.377600
18 62 0 8 -1.378184
46 53 0 8 -1.379333
29 85 0 8 -1.379566
43 60 0 8 -1.379586
47 66 0 8 -1.380272
31 37 0 8 -1.380642
47 53 0 8 -1.380826
82 87 0 8 -1.380827
50 95 0 8 -1.383582
48 87 0 8 -1.384338
48 55 0 8 -1.385661
14 84 0 8 -1.389949
55 88 0 8 -1.390009
16 39 0 8 -1.390086
37 90 0 8 -1.390960
16 64 0 8 -1.391759
81 90 0 8 -1.392285
25 42 0 8 -1.393781
8 55 0 8 -1.394935
23 58 0 8 -1.395687
57 92 0 8 -1.396535
8 68 0 8 -1.398651
22 92 0 8 -1.399491
15 60 0 8 -1.400362
55 97 0 8 -1.402104
24 86 0 8 -1.402317
16 75 0 8 -1.404440
27 52 0 8 -1.405631
44 68 0 8 -1.406152
17 37 0 8 -1.406317
21 36 0 8 -1.406735
13 72 0 8 -1.407643
27 63 0 8 -1.407920
25 58 0 8 -1.409423
25 56 0 8 -1.409959
12 74 0 8 -1.411027
21 97 0 8 -1.411374
15 63 0 8 -1.411702
41 92 0 8 -1.412592
7 87 0 8 -1.412931
16 50 0 8 -1.415096
23 85 0 8 -1.415188
42 98 0 8 -1.415722
32 82 0 8 -1.418607
48 54 0 8 -1.418838
15 55 0 8 -1.419123
76 89 0 8 -1.419398
61 97 0 8 -1.421698
25 74 0 8 -1.421783
24 61 0 8 -1.421881
58 88 0 8 -1.422839
14 47 0 8 -1.423311
34 97 0 8 -1.427536
30 91 0 8 -1.429078
42 77 0 8 -1.429512
12 62 0 8 -1.431144
37 70 0 8 -1.431432
21 30 0 8 -1.432356
19 80 0 8 -1.436519
38 94 0 8 -1.436740
4 25 0 8 -1.436913
72 82 0 8 -1.437033
36 63 0 8 -1.440443
81 95 0 8 -1.442421
25 31 0 8 -1.442715
33 94 0 8 -1.442768
13 24 0 8 -1.443446
8 43 0 8 -1.444690
6 39 0 8 -1.448925
25 63 0 8 -1.449719
59 70 0 8 -1.452128
30 46 0 8 -1.452140
52 87 0 8 -1.452528
5 74 0 8 -1.452686
7 59 0 8 -1.453604
60 65 0 8 -1.453851
6 60 0 8 -1.454311
18 42 0 8 -1.454427
10 81 0 8 -1.460844
21 70 0 8 -1.462612
21 66 0 8 -1.462614
27 75 0 8 -1.462650
23 59 0 8 -1.462665
17 86 0 8 -1.465417
14 31 0 8 -1.466723
60 77 0 8 -1.466863
31 60 0 8 -1.467070
17 82 0 8 -1.474357
55 60 0 8 -1.476141
8 79 0 8 -1.481643
15 62 0 8 -1.481833
8 37 0 8 -1.482935
39 45 0 8 -1.483877
6 44 0 8 -1.486348
12 28 0 8 -1.486381
49 74 0 8 -1.487347
51 85 0 8 -1.488609
7 55 0 8 -1.488637
15 66 0 8 -1.491094
6 42 0 8 -1.491248
37 74 0 8 -1.494259
58 73 0 8 -1.494428
47 65 0 8 -1.494465
53 77 0 8 -1.494996
36 89 0 8 -1.495585
5 38 0 8 -1.495586
54 84 0 8 -1.496624
14 51 0 8 -1.497451
31 41 0 8 -1.504447
73 95 0 8 -1.505239
72 92 0 8 -1.505771
21 52 0 8 -1.507241
29 87 0 8 -1.508450
47 98 0 8 -1.508460
25 52 0 8 -1.508960
9 44 0 8 -1.509011
26 43 0 8 -1.510934
72 98 0 8 -1.514692
13 88 0 8 -1.518728
72 91 0 8 -1.520892
37 79 0 8 -1.521879
37 94 0 8 -1.522277
13 59 0 8 -1.526681
31 79 0 8 -1.526717
5 22 0 8 -1.526774
22 62 0 8 -1.527232
12 36 0 8 -1.527240
44 56 0 8 -1.527404
33 69 0 8 -1.528006
18 47 0 8 -1.528377
25 97 0 8 -1.530386
27 48 0 8 -1.532980
34 89 0 8 -1.533589
17 59 0 8 -1.536304
7 36 0 8 -1.536917
35 89 0 8 -1.537331
16 51 0 8 -1.541314
49 75 0 8 -1.542865
74 97 0 8 -1.546404
42 74 0 8 -1.547357
62 85 0 8 -1.555130
52 75 0 8 -1.556353
27 46 0 8 -1.557643
56 93 0 8 -1.558107
33 85 0 8 -1.561515
29 39 0 8 -1.563868
20 58 0 8 -1.565297
21 80 0 8 -1.565518
66 72 0 8 -1.566072
12 51 0 8 -1.567013
11 68 0 8 -1.568046
7 42 0 8 -1.569904
29 71 0 8 -1.573066
24 47 0 8 -1.573284
30 69 0 8 -1.575387
22 78 0 8 -1.576956
20 85 0 8 -1.577465
46 76 0 8 -1.577489
44 81 0 8 -1.577545
8 52 0 8 -1.578273
30 59 0 8 -1.579244
63 86 0 8 -1.580668
39 52 0 8 -1.581655
27 69 0 8 -1.582060
18 36 0 8 -1.585418
51 75 0 8 -1.585648
23 65 0 8 -1.587723
24 71 0 8 -1.588661
19 42 0 8 -1.590540
11 31 0 8 -1.592551
15 42 0 8 -1.595636
35 90 0 8 -1.596908
71 90 0 8 -1.596951
29 61 0 8 -1.597253
22 96 0 8 -1.599258
4 19 0 8 -1.600838
10 87 0 8 -1.600865
9 42 0 8 -1.605808
19 44 0 8 -1.607280
68 75 0 8 -1.608085
14 76 0 8 -1.608355
45 55 0 8 -1.610242
44 80 0 8 -1.611661
58 89 0 8 -1.613993
10 61 0 8 -1.614381
70 75 0 8 -1.617968
13 60 0 8 -1.618138
9 47 0 8 -1.619144
8 47 0 8 -1.620248
27 49 0 8 -1.621755
19 39 0 8 -1.623435
16 42 0 8 -1.623819
14 42 0 8 -1.627599
16 47 0 8 -1.628255
20 42 0 8 -1.629597
12 38 0 8 -1.629740
9 57 0 8 -1.635277
74 94 0 8 -1.638335
29 59 0 8 -1.640354
26 81 0 8 -1.640608
72 94 0 8 -1.642891
22 52 0 8 -1.646621
53 87 0 8 -1.646695
37 77 0 8 -1.649439
18 70 0 8 -1.651831
57 64 0 8 -1.652642
35 41 0 8 -1.653331
13 46 0 8 -1.656398
55 96 0 8 -1.657955
4 43 0 8 -1.659129
36 75 0 8 -1.660111
25 33 0 8 -1.660800
31 81 0 8 -1.661154
35 42 0 8 -1.662889
8 63 0 8 -1.663072
38 95 0 8 -1.666605
16 48 0 8 -1.671641
33 81 0 8 -1.673057
71 98 0 8 -1.674331
53 71 0 8 -1.674425
31 42 0 8 -1.676859
30 62 0 8 -1.677313
11 73 0 8 -1.683147
24 45 0 8 -1.685149
19 37 0 8 -1.689896
13 38 0 8 -1.693648
23 69 0 8 -1.695178
16 62 0 8 -1.696048
47 91 0 8 -1.699322
60 82 0 8 -1.706933
62 77 0 8 -1.707062
55 85 0 8 -1.707351
8 72 0 8 -1.711321
12 79 0 8 -1.712986
49 77 0 8 -1.713237
9 23 0 8 -1.715546
42 55 0 8 -1.715683
16 63 0 8 -1.723132
42 78 0 8 -1.725910
50 94 0 8 -1.727587
22 87 0 8 -1.728110
17 90 0 8 -1.729960
34 60 0 8 -1.734192
78 92 0 8 -1.734810
57 94 0 8 -1.735896
22 47 0 8 -1.737901
15 47 0 8 -1.738098
24 42 0 8 -1.738834
58 80 0 8 -1.739867
16 61 0 8 -1.742998
38 63 0 8 -1.743246
21 82 0 8 -1.743484
26 91 0 8 -1.743518
42 80 0 8 -1.743985
50 65 0 8 -1.746337
27 57 0 8 -1.747913
26 74 0 8 -1.749091
21 96 0 8 -1.749601
39 50 0 8 -1.750661
72 97 0 8 -1.751256
15 46 0 8 -1.754314
50 78 0 8 -1.756673
22 44 0 8 -1.757692
11 45 0 8 -1.758499
49 86 0 8 -1.759896
10 37 0 8 -1.761136
36 62 0 8 -1.761707
68 92 0 8 -1.762441
19 59 0 8 -1.763119
30 37 0 8 -1.763366
34 71 0 8 -1.763854
24 50 0 8 -1.769210
62 70 0 8 -1.769215
8 44 0 8 -1.772198
12 72 0 8 -1.777104
23 42 0 8 -1.779407
33 43 0 8 -1.779694
44 97 0 8 -1.786768
36 93 0 8 -1.786805
11 27 0 8 -1.788093
16 41 0 8 -1.788174
32 87 0 8 -1.788710
55 72 0 8 -1.790894
62 94 0 8 -1.796040
12 75 0 8 -1.801704
12 58 0 8 -1.801834
49 90 0 8 -1.802333
25 44 0 8 -1.815251
26 62 0 8 -1.815422
12 68 0 8 -1.815796
21 38 0 8 -1.816392
45 86 0 8 -1.818230
76 85 0 8 -1.819866
46 92 0 8 -1.821326
9 16 0 8 -1.821621
5 37 0 8 -1.822374
52 76 0 8 -1.823260
16 79 0 8 -1.824486
21 85 0 8 -1.825243
19 88 0 8 -1.827058
15 45 0 8 -1.830429
14 23 0 8 -1.838759
14 72 0 8 -1.841006
27 79 0 8 -1.844385
52 72 0 8 -1.845379
8 22 0 8 -1.851100
53 74 0 8 -1.853891
37 65 0 8 -1.855280
9 24 0 8 -1.856211
33 39 0 8 -1.856829
42 85 0 8 -1.861063
46 58 0 8 -1.863604
47 57 0 8 -1.866134
75 82 0 8 -1.866476
27 81 0 8 -1.868212
43 75 0 8 -1.871545
35 58 0 8 -1.872693
60 90 0 8 -1.878094
65 81 0 8 -1.878949
63 82 0 8 -1.879702
10 62 0 8 -1.884421
42 91 0 8 -1.886054
25 68 0 8 -1.886982
63 74 0 8 -1.888408
24 62 0 8 -1.888894
66 75 0 8 -1.895849
52 78 0 8 -1.902939
16 72 0 8 -1.905747
43 77 0 8 -1.908221
24 72 0 8 -1.908630
33 41 0 8 -1.909288
41 86 0 8 -1.910498
29 75 0 8 -1.914165
28 65 0 8 -1.915512
46 66 0 8 -1.915665
38 54 0 8 -1.924354
8 36 0 8 -1.927450
76 86 0 8 -1.929869
21 56 0 8 -1.930533
58 91 0 8 -1.932518
72 90 0 8 -1.939984
24 39 0 8 -1.940506
28 57 0 8 -1.941101
76 97 0 8 -1.941154
16 58 0 8 -1.942038
36 87 0 8 -1.943701
27 61 0 8 -1.943725
44 92 0 8 -1.947523
22 85 0 8 -1.952555
27 44 0 8 -1.955923
8 60 0 8 -1.962005
46 52 0 8 -1.962281
14 77 0 8 -1.964650
39 87 0 8 -1.972879
21 78 0 8 -1.973882
36 74 0 8 -1.976184
22 86 0 8 -1.978875
12 54 0 8 -1.980388
8 41 0 8 -1.980675
50 74 0 8 -1.981364
14 57 0 8 -2.002686
59 85 0 8 -2.004640
63 87 0 8 -2.010293
29 37 0 8 -2.022584
16 54 0 8 -2.026157
69 76 0 8 -2.029689
8 50 0 8 -2.039076
16 65 0 8 -2.049076
62 90 0 8 -2.049778
61 77 0 8 -2.053813
8 61 0 8 -2.054772
4 87 0 8 -2.055992
38 57 0 8 -2.058934
49 85 0 8 -2.061450
15 50 0 8 -2.064277
37 75 0 8 -2.074900
24 36 0 8 -2.081544
23 57 0 8 -2.087328
60 87 0 8 -2.088474
16 52 0 8 -2.091145
68 91 0 8 -2.098893
8 85 0 8 -2.099395
9 31 0 8 -2.100288
12 43 0 8 -2.105660
19 87 0 8 -2.111242
54 74 0 8 -2.114906
44 91 0 8 -2.116919
36 90 0 8 -2.122770
34 69 0 8 -2.127045
65 85 0 8 -2.131202
16 81 0 8 -2.144078
27 64 0 8 -2.147241
17 46 0 8 -2.151711
14 59 0 8 -2.159016
22 75 0 8 -2.163895
11 59 0 8 -2.175527
38 79 0 8 -2.181206
52 70 0 8 -2.185782
58 68 0 8 -2.188207
57 62 0 8 -2.196146
82 91 0 8 -2.214405
41 56 0 8 -2.220303
8 53 0 8 -2.226898
43 68 0 8 -2.228814
42 71 0 8 -2.230796
25 82 0 8 -2.236743
19 43 0 8 -2.257674
37 85 0 8 -2.264774
62 92 0 8 -2.268051
56 86 0 8 -2.270506
21 62 0 8 -2.288811
31 58 0 8 -2.312881
58 79 0 8 -2.315255
65 74 0 8 -2.317585
8 81 0 8 -2.326619
24 58 0 8 -2.333175
55 76 0 8 -2.340554
65 92 0 8 -2.384243
21 44 0 8 -2.384649
8 77 0 8 -2.407322
34 91 0 8 -2.408456
52 77 0 8 -2.409959
45 56 0 8 -2.418158
62 87 0 8 -2.419919
34 62 0 8 -2.460781
69 77 0 8 -2.483953
8 42 0 8 -2.488599
19 90 0 8 -2.489793
27 47 0 8 -2.497448
25 45 0 8 -2.500725
46 87 0 8 -2.513058
8 70 0 8 -2.525618
38 53 0 8 -2.529822
38 92 0 8 -2.530451
12 87 0 8 -2.541820
75 87 0 8 -2.546390
50 80 0 8 -2.562072
26 36 0 8 -2.575636
42 87 0 8 -2.585236
38 87 0 8 -2.614013
8 21 0 8 -2.644206
44 53 0 8 -2.688143
50 79 0 8 -2.691210
36 69 0 8 -2.741446
16 44 0 8 -3.001918
8 76 0 8 -3.014982
19 57 0 8 -3.131597
