14 57 0 8 10.145677
18 57 0 8 7.898313
4 13 0 8 7.001595
49 54 0 8 6.870595
52 76 0 8 6.706213
73 84 0 8 6.257014
9 48 0 8 5.882958
12 50 0 8 5.730273
50 55 0 8 5.653636
48 80 0 8 5.400750
4 43 0 8 5.336242
10 50 0 8 5.281502
49 58 0 8 5.216602
2 13 0 8 5.163689
67 73 0 8 5.127868
50 73 0 8 4.716222
10 51 0 8 4.703324
48 62 0 8 4.569861
46 60 0 8 4.227409
52 77 0 8 4.212421
15 61 0 8 4.197904
50 67 0 8 4.027740
19 31 0 8 3.965767
26 31 0 8 3.929585
17 24 0 8 3.897857
26 32 0 8 3.833764
4 11 0 8 3.768964
51 58 0 8 3.592653
52 58 0 8 3.589043
68 73 0 8 3.579822
11 59 0 8 3.558717
6 21 0 8 3.524576
74 79 0 8 3.411369
37 42 0 8 3.403620
31 42 0 8 3.400079
52 80 0 8 3.369170
55 76 0 8 3.366617
67 86 0 8 3.252890
51 67 0 8 3.245049
6 45 0 8 3.244601
34 65 0 8 3.176918
68 77 0 8 3.154952
18 61 0 8 3.150725
12 48 0 8 3.124638
30 36 0 8 3.118824
14 20 0 8 3.113904
8 18 0 8 3.049689
46 84 0 8 3.049419
5 18 0 8 3.039818
5 61 0 8 3.007763
49 55 0 8 3.004414
29 34 0 8 3.002954
7 23 0 8 2.971619
23 28 0 8 2.966172
12 54 0 8 2.963137
71 79 0 8 2.960308
38 46 0 8 2.952946
8 36 0 8 2.927177
51 76 0 8 2.924829
74 84 0 8 2.918432
8 61 0 8 2.899752
65 79 0 8 2.874573
54 66 0 8 2.871117
62 80 0 8 2.868129
20 55 0 8 2.845675
6 39 0 8 2.841568
73 86 0 8 2.840545
47 61 0 8 2.785596
26 44 0 8 2.765212
7 47 0 8 2.751810
28 66 0 8 2.726722
59 66 0 8 2.717730
23 41 0 8 2.714933
16 28 0 8 2.712856
46 58 0 8 2.702279
25 60 0 8 2.699333
4 40 0 8 2.668837
43 64 0 8 2.661115
26 46 0 8 2.659206
6 48 0 8 2.652446
22 58 0 8 2.628721
6 80 0 8 2.613816
58 76 0 8 2.591160
22 59 0 8 2.543687
16 42 0 8 2.529222
22 27 0 8 2.529051
65 75 0 8 2.498672
40 46 0 8 2.496925
15 57 0 8 2.491418
11 43 0 8 2.490192
74 85 0 8 2.488277
64 78 0 8 2.487775
66 76 0 8 2.484347
15 60 0 8 2.481391
73 78 0 8 2.458961
67 78 0 8 2.448539
21 55 0 8 2.444242
56 75 0 8 2.442987
22 75 0 8 2.422508
32 85 0 8 2.398965
6 13 0 8 2.393023
13 23 0 8 2.376745
29 54 0 8 2.366249
59 64 0 8 2.355641
8 50 0 8 2.348118
38 43 0 8 2.341881
22 33 0 8 2.341329
46 73 0 8 2.336634
73 81 0 8 2.335892
75 82 0 8 2.332212
10 15 0 8 2.326050
35 51 0 8 2.324307
79 84 0 8 2.308958
42 81 0 8 2.280366
14 61 0 8 2.278601
49 85 0 8 2.264074
12 51 0 8 2.262723
11 44 0 8 2.242616
17 70 0 8 2.239981
23 33 0 8 2.239744
27 60 0 8 2.237662
67 84 0 8 2.232689
3 65 0 8 2.231906
34 43 0 8 2.206416
44 66 0 8 2.203684
6 69 0 8 2.198569
21 35 0 8 2.197470
50 78 0 8 2.193375
8 30 0 8 2.189576
44 79 0 8 2.178541
62 79 0 8 2.170455
16 38 0 8 2.167784
19 25 0 8 2.161964
69 76 0 8 2.161877
59 69 0 8 2.153326
35 79 0 8 2.143616
67 81 0 8 2.141970
11 47 0 8 2.126881
23 66 0 8 2.109448
11 20 0 8 2.103625
28 41 0 8 2.097185
72 82 0 8 2.096732
32 42 0 8 2.092766
30 35 0 8 2.078426
16 64 0 8 2.073395
11 40 0 8 2.073362
59 78 0 8 2.063715
62 75 0 8 2.029728
37 46 0 8 2.028790
69 85 0 8 2.025673
20 75 0 8 2.004762
2 20 0 8 2.002060
10 34 0 8 1.997488
76 81 0 8 1.993219
12 26 0 8 1.990160
13 33 0 8 1.986654
5 20 0 8 1.986368
22 64 0 8 1.981744
55 62 0 8 1.977961
5 14 0 8 1.977160
71 82 0 8 1.968764
8 21 0 8 1.966926
49 60 0 8 1.966334
57 66 0 8 1.960346
75 86 0 8 1.959858
43 67 0 8 1.952850
59 68 0 8 1.939133
25 31 0 8 1.923818
2 15 0 8 1.922816
13 49 0 8 1.918848
19 81 0 8 1.911969
56 68 0 8 1.911588
13 40 0 8 1.910651
55 77 0 8 1.906975
26 36 0 8 1.905882
54 72 0 8 1.898845
43 60 0 8 1.889930
51 62 0 8 1.873494
11 75 0 8 1.871337
65 71 0 8 1.864741
7 60 0 8 1.863929
77 85 0 8 1.863519
26 85 0 8 1.862008
8 45 0 8 1.859646
38 44 0 8 1.857790
48 54 0 8 1.857704
46 52 0 8 1.847474
49 65 0 8 1.844061
11 35 0 8 1.831890
62 78 0 8 1.831040
24 61 0 8 1.819545
21 27 0 8 1.818181
67 72 0 8 1.816978
10 68 0 8 1.815121
72 78 0 8 1.813728
40 52 0 8 1.807506
34 42 0 8 1.803064
58 67 0 8 1.801984
19 47 0 8 1.790433
7 46 0 8 1.788981
76 85 0 8 1.786828
10 59 0 8 1.785527
46 67 0 8 1.776565
22 45 0 8 1.776419
31 86 0 8 1.773034
52 75 0 8 1.764057
33 72 0 8 1.754648
24 30 0 8 1.751707
23 77 0 8 1.741071
11 24 0 8 1.736030
51 84 0 8 1.735465
20 31 0 8 1.733352
13 24 0 8 1.729508
19 44 0 8 1.728952
67 79 0 8 1.720309
7 56 0 8 1.719273
72 77 0 8 1.717967
44 70 0 8 1.717753
75 84 0 8 1.694444
39 56 0 8 1.686135
7 52 0 8 1.681052
68 76 0 8 1.680093
14 19 0 8 1.679771
16 61 0 8 1.677641
41 79 0 8 1.669394
3 54 0 8 1.660714
21 32 0 8 1.659584
23 43 0 8 1.658997
28 81 0 8 1.653514
24 40 0 8 1.650365
34 84 0 8 1.647037
45 84 0 8 1.645596
9 80 0 8 1.639853
13 18 0 8 1.625433
2 11 0 8 1.624703
18 74 0 8 1.623994
17 39 0 8 1.623639
51 70 0 8 1.622733
67 74 0 8 1.619099
5 34 0 8 1.615640
26 50 0 8 1.614215
28 64 0 8 1.611397
5 70 0 8 1.605394
17 51 0 8 1.595383
22 63 0 8 1.592876
2 62 0 8 1.591670
5 76 0 8 1.591452
19 26 0 8 1.588668
21 65 0 8 1.588356
35 84 0 8 1.586233
17 65 0 8 1.586208
21 82 0 8 1.576054
23 31 0 8 1.575283
3 18 0 8 1.573043
8 68 0 8 1.570537
24 71 0 8 1.566438
45 50 0 8 1.565231
37 76 0 8 1.564291
10 85 0 8 1.560498
41 47 0 8 1.553078
32 71 0 8 1.548340
3 29 0 8 1.544890
16 21 0 8 1.543687
36 47 0 8 1.540594
61 81 0 8 1.540519
55 60 0 8 1.539061
35 46 0 8 1.536239
50 85 0 8 1.521668
55 69 0 8 1.519618
28 60 0 8 1.514436
2 39 0 8 1.511934
42 52 0 8 1.510574
37 49 0 8 1.505723
17 77 0 8 1.503854
20 81 0 8 1.502934
20 52 0 8 1.498944
49 72 0 8 1.498529
30 37 0 8 1.495604
13 19 0 8 1.493822
16 77 0 8 1.493440
36 83 0 8 1.484936
20 71 0 8 1.483540
4 58 0 8 1.480852
8 83 0 8 1.479322
51 73 0 8 1.470555
14 22 0 8 1.470075
54 63 0 8 1.469556
4 20 0 8 1.467144
55 65 0 8 1.466307
7 85 0 8 1.463924
15 69 0 8 1.461674
30 50 0 8 1.458697
32 62 0 8 1.456482
10 71 0 8 1.453267
37 43 0 8 1.450621
45 65 0 8 1.440658
60 67 0 8 1.438748
36 60 0 8 1.436033
12 38 0 8 1.430439
52 72 0 8 1.420825
58 85 0 8 1.415525
55 72 0 8 1.413126
10 54 0 8 1.400636
23 80 0 8 1.395189
10 65 0 8 1.392647
64 80 0 8 1.391370
27 44 0 8 1.391223
2 40 0 8 1.391026
50 72 0 8 1.383276
46 66 0 8 1.380996
24 51 0 8 1.374353
21 71 0 8 1.374264
4 74 0 8 1.371808
29 38 0 8 1.371669
14 21 0 8 1.371048
23 65 0 8 1.367670
20 59 0 8 1.365355
61 68 0 8 1.364831
54 62 0 8 1.362606
6 43 0 8 1.362328
5 41 0 8 1.361032
40 55 0 8 1.359436
9 69 0 8 1.358496
51 82 0 8 1.349961
58 72 0 8 1.348850
29 73 0 8 1.344218
14 33 0 8 1.341804
15 52 0 8 1.339511
5 33 0 8 1.337741
17 49 0 8 1.336922
44 80 0 8 1.335560
35 45 0 8 1.335431
17 44 0 8 1.335282
24 35 0 8 1.333453
68 81 0 8 1.333063
48 59 0 8 1.331941
21 36 0 8 1.330147
34 83 0 8 1.328529
73 83 0 8 1.328301
70 77 0 8 1.324387
9 62 0 8 1.321355
77 82 0 8 1.318856
32 65 0 8 1.302838
69 83 0 8 1.301976
48 84 0 8 1.299336
16 56 0 8 1.296084
34 66 0 8 1.294614
11 36 0 8 1.294276
23 42 0 8 1.292600
24 79 0 8 1.291303
15 22 0 8 1.289490
6 38 0 8 1.286311
58 81 0 8 1.281018
64 79 0 8 1.280140
18 58 0 8 1.275397
49 86 0 8 1.272654
33 77 0 8 1.267548
69 81 0 8 1.267538
44 65 0 8 1.266464
8 47 0 8 1.265518
35 40 0 8 1.263184
13 38 0 8 1.262956
3 32 0 8 1.256763
44 60 0 8 1.255440
28 37 0 8 1.253366
36 41 0 8 1.247105
26 84 0 8 1.239667
71 76 0 8 1.233544
15 84 0 8 1.231635
10 30 0 8 1.230887
49 67 0 8 1.228841
37 73 0 8 1.226490
19 61 0 8 1.223490
62 86 0 8 1.223322
28 82 0 8 1.223228
52 62 0 8 1.219738
4 25 0 8 1.215318
20 43 0 8 1.214955
25 55 0 8 1.212613
23 36 0 8 1.212203
29 72 0 8 1.209209
37 67 0 8 1.207481
30 47 0 8 1.206207
52 78 0 8 1.201244
55 70 0 8 1.198328
26 37 0 8 1.197733
40 72 0 8 1.196534
3 73 0 8 1.192726
55 71 0 8 1.192164
22 28 0 8 1.190009
59 81 0 8 1.188949
32 57 0 8 1.187992
9 44 0 8 1.187191
33 64 0 8 1.173972
32 83 0 8 1.173100
8 60 0 8 1.171653
17 83 0 8 1.171246
70 82 0 8 1.171154
21 85 0 8 1.169953
42 70 0 8 1.169764
38 83 0 8 1.165873
41 72 0 8 1.163838
37 84 0 8 1.160001
8 74 0 8 1.157589
8 62 0 8 1.150576
10 75 0 8 1.150405
2 16 0 8 1.147771
4 45 0 8 1.145072
11 29 0 8 1.143131
17 28 0 8 1.138652
2 68 0 8 1.137246
22 36 0 8 1.135881
7 68 0 8 1.133709
28 54 0 8 1.131304
25 75 0 8 1.131142
14 84 0 8 1.129454
23 30 0 8 1.129003
39 80 0 8 1.124728
5 31 0 8 1.124368
15 33 0 8 1.123155
27 37 0 8 1.122411
10 35 0 8 1.121884
49 77 0 8 1.119419
47 81 0 8 1.114616
34 40 0 8 1.111389
2 23 0 8 1.109553
20 28 0 8 1.105569
7 13 0 8 1.104876
12 40 0 8 1.103413
28 59 0 8 1.103347
26 82 0 8 1.099661
24 29 0 8 1.099298
32 50 0 8 1.093130
45 55 0 8 1.090627
3 31 0 8 1.088855
6 24 0 8 1.087530
59 74 0 8 1.084762
26 35 0 8 1.082502
20 29 0 8 1.082296
42 47 0 8 1.082075
19 53 0 8 1.081663
15 65 0 8 1.080858
50 63 0 8 1.080360
48 74 0 8 1.079234
24 33 0 8 1.077277
37 57 0 8 1.076000
66 85 0 8 1.072682
7 65 0 8 1.068464
33 50 0 8 1.068385
25 48 0 8 1.065090
54 86 0 8 1.064669
48 79 0 8 1.064253
4 79 0 8 1.062403
43 51 0 8 1.060647
81 86 0 8 1.057820
54 82 0 8 1.053558
35 83 0 8 1.051596
30 53 0 8 1.050058
28 36 0 8 1.042365
49 81 0 8 1.038435
29 39 0 8 1.031578
59 86 0 8 1.030147
26 60 0 8 1.028512
4 42 0 8 1.028392
15 55 0 8 1.027323
54 77 0 8 1.025985
15 78 0 8 1.025770
45 62 0 8 1.025248
68 75 0 8 1.019501
68 86 0 8 1.018964
56 62 0 8 1.018038
8 48 0 8 1.013268
28 55 0 8 1.009317
5 75 0 8 1.009155
30 44 0 8 1.006924
15 45 0 8 1.006795
41 64 0 8 1.005754
51 72 0 8 1.005642
39 75 0 8 1.004770
21 59 0 8 1.004695
9 47 0 8 1.001594
13 22 0 8 0.998676
45 76 0 8 0.996613
34 85 0 8 0.993960
3 35 0 8 0.989861
25 58 0 8 0.986433
56 76 0 8 0.983212
1 77 0 8 0.982549
60 66 0 8 0.978549
29 35 0 8 0.977561
76 86 0 8 0.973408
16 34 0 8 0.972114
40 56 0 8 0.971087
29 36 0 8 0.965016
46 81 0 8 0.960087
50 87 0 8 0.958509
39 70 0 8 0.955990
22 40 0 8 0.952724
45 80 0 8 0.951876
14 35 0 8 0.951866
27 48 0 8 0.950526
2 27 0 8 0.946973
1 31 0 8 0.945491
33 71 0 8 0.944431
9 24 0 8 0.941248
5 28 0 8 0.939703
54 73 0 8 0.938718
10 63 0 8 0.937076
37 77 0 8 0.935444
70 86 0 8 0.933256
19 24 0 8 0.932896
9 59 0 8 0.931376
21 74 0 8 0.929570
51 69 0 8 0.925096
38 84 0 8 0.923033
30 59 0 8 0.922736
29 86 0 8 0.921559
25 57 0 8 0.918595
11 82 0 8 0.915043
17 56 0 8 0.913003
69 79 0 8 0.909232
3 55 0 8 0.909175
21 44 0 8 0.908189
3 24 0 8 0.903800
19 32 0 8 0.896273
65 72 0 8 0.895979
52 71 0 8 0.894742
36 81 0 8 0.894638
19 39 0 8 0.894586
12 22 0 8 0.893861
19 42 0 8 0.891763
22 37 0 8 0.888467
9 70 0 8 0.886810
30 40 0 8 0.883831
15 47 0 8 0.882068
43 59 0 8 0.879925
38 59 0 8 0.874386
10 67 0 8 0.873476
38 47 0 8 0.870441
5 30 0 8 0.867940
3 8 0 8 0.867855
62 69 0 8 0.867330
20 72 0 8 0.867193
20 35 0 8 0.866013
10 18 0 8 0.865892
36 84 0 8 0.865821
33 63 0 8 0.864792
16 31 0 8 0.862221
14 42 0 8 0.861096
3 79 0 8 0.859990
4 41 0 8 0.857204
25 82 0 8 0.856416
43 62 0 8 0.856205
44 78 0 8 0.855601
8 63 0 8 0.852670
12 52 0 8 0.852590
9 16 0 8 0.850259
18 24 0 8 0.847825
41 55 0 8 0.847103
62 82 0 8 0.846138
32 78 0 8 0.843255
7 53 0 8 0.841897
16 75 0 8 0.837129
36 45 0 8 0.836801
56 67 0 8 0.835968
44 67 0 8 0.833000
8 49 0 8 0.829931
33 51 0 8 0.827652
54 60 0 8 0.827356
62 85 0 8 0.825889
3 14 0 8 0.825335
24 42 0 8 0.824318
12 32 0 8 0.824236
19 48 0 8 0.824232
22 87 0 8 0.823627
12 72 0 8 0.823379
5 23 0 8 0.822889
2 48 0 8 0.822517
38 56 0 8 0.821721
10 79 0 8 0.816443
21 68 0 8 0.811631
16 43 0 8 0.808664
60 79 0 8 0.807739
32 82 0 8 0.805675
7 22 0 8 0.805514
31 56 0 8 0.804841
42 85 0 8 0.804560
15 62 0 8 0.803006
53 80 0 8 0.802835
20 42 0 8 0.801213
33 59 0 8 0.799648
47 84 0 8 0.799411
49 73 0 8 0.798972
44 83 0 8 0.796921
10 48 0 8 0.795576
41 61 0 8 0.792268
75 81 0 8 0.789419
41 65 0 8 0.786335
23 63 0 8 0.782995
36 58 0 8 0.782341
33 61 0 8 0.780363
50 68 0 8 0.779739
24 77 0 8 0.775956
65 82 0 8 0.774960
73 87 0 8 0.774478
74 86 0 8 0.774060
49 75 0 8 0.773878
2 82 0 8 0.769314
36 42 0 8 0.769189
4 64 0 8 0.767428
52 68 0 8 0.767250
23 78 0 8 0.767110
33 39 0 8 0.766731
42 65 0 8 0.766589
25 86 0 8 0.764484
15 83 0 8 0.763777
30 51 0 8 0.763659
19 38 0 8 0.762731
6 64 0 8 0.761022
23 29 0 8 0.759188
27 54 0 8 0.756941
16 29 0 8 0.754366
22 84 0 8 0.751361
31 82 0 8 0.750460
9 83 0 8 0.750073
39 47 0 8 0.749123
8 33 0 8 0.742379
63 83 0 8 0.741748
22 62 0 8 0.740687
24 47 0 8 0.740226
2 36 0 8 0.739580
30 80 0 8 0.739516
48 86 0 8 0.739400
39 71 0 8 0.738370
30 67 0 8 0.735450
16 37 0 8 0.733552
9 53 0 8 0.732009
23 70 0 8 0.731061
4 24 0 8 0.727184
22 30 0 8 0.724409
34 60 0 8 0.723935
24 64 0 8 0.723919
52 63 0 8 0.721367
53 60 0 8 0.720640
12 63 0 8 0.717273
39 50 0 8 0.714008
35 82 0 8 0.713872
60 68 0 8 0.713166
13 79 0 8 0.712158
11 66 0 8 0.710321
19 54 0 8 0.710046
62 70 0 8 0.707965
29 78 0 8 0.707126
6 15 0 8 0.706743
56 78 0 8 0.706642
56 64 0 8 0.703808
10 40 0 8 0.702899
2 46 0 8 0.701466
1 13 0 8 0.700674
24 68 0 8 0.697625
6 22 0 8 0.697606
18 45 0 8 0.696055
2 19 0 8 0.695923
11 45 0 8 0.695155
31 64 0 8 0.694661
76 83 0 8 0.691447
58 66 0 8 0.690331
13 28 0 8 0.690091
8 84 0 8 0.689830
20 32 0 8 0.687896
3 22 0 8 0.687604
60 78 0 8 0.685573
26 69 0 8 0.683498
53 59 0 8 0.682738
6 20 0 8 0.682540
15 71 0 8 0.681712
6 47 0 8 0.680972
47 53 0 8 0.680525
33 41 0 8 0.680174
28 73 0 8 0.679801
11 30 0 8 0.679571
29 67 0 8 0.673535
1 21 0 8 0.672540
55 83 0 8 0.671877
16 66 0 8 0.670915
29 37 0 8 0.669122
11 65 0 8 0.667093
63 85 0 8 0.664284
56 82 0 8 0.662522
20 65 0 8 0.662360
56 74 0 8 0.662349
4 33 0 8 0.661692
24 62 0 8 0.661053
11 48 0 8 0.659637
30 39 0 8 0.659520
3 74 0 8 0.656437
66 71 0 8 0.655209
31 40 0 8 0.653315
37 44 0 8 0.653260
21 79 0 8 0.653001
1 16 0 8 0.650773
10 37 0 8 0.647134
7 36 0 8 0.646364
80 85 0 8 0.645918
36 50 0 8 0.643266
4 84 0 8 0.641271
8 15 0 8 0.640970
58 69 0 8 0.640567
50 81 0 8 0.639871
60 81 0 8 0.638083
43 63 0 8 0.637395
12 53 0 8 0.636669
70 79 0 8 0.635553
24 74 0 8 0.633928
5 36 0 8 0.632707
4 39 0 8 0.630867
72 80 0 8 0.627358
50 56 0 8 0.626149
32 66 0 8 0.625468
45 85 0 8 0.623195
62 77 0 8 0.615923
19 50 0 8 0.614333
12 71 0 8 0.612669
74 80 0 8 0.612284
37 45 0 8 0.612245
43 58 0 8 0.607863
3 67 0 8 0.605204
53 83 0 8 0.602083
54 65 0 8 0.600570
15 25 0 8 0.600038
21 64 0 8 0.597040
10 20 0 8 0.596553
40 78 0 8 0.596274
63 71 0 8 0.594039
25 30 0 8 0.593754
58 83 0 8 0.592179
37 66 0 8 0.591116
45 74 0 8 0.586216
37 63 0 8 0.585398
17 38 0 8 0.584609
35 85 0 8 0.584598
10 58 0 8 0.583957
32 87 0 8 0.583425
13 50 0 8 0.579093
19 60 0 8 0.578232
13 43 0 8 0.578031
56 81 0 8 0.576487
34 39 0 8 0.575046
14 71 0 8 0.574976
16 41 0 8 0.573738
48 66 0 8 0.570217
28 69 0 8 0.569804
51 74 0 8 0.568012
40 79 0 8 0.566536
2 7 0 8 0.566339
29 44 0 8 0.564361
10 87 0 8 0.563217
38 57 0 8 0.562491
50 69 0 8 0.561059
1 85 0 8 0.556333
24 66 0 8 0.555061
9 74 0 8 0.553061
12 69 0 8 0.552817
6 18 0 8 0.550376
20 34 0 8 0.550232
31 50 0 8 0.549433
71 84 0 8 0.547009
49 76 0 8 0.544999
11 46 0 8 0.544546
11 31 0 8 0.543621
14 29 0 8 0.541883
11 74 0 8 0.541322
63 72 0 8 0.540727
16 44 0 8 0.539490
37 86 0 8 0.537991
38 85 0 8 0.537124
19 29 0 8 0.535990
49 61 0 8 0.534848
34 86 0 8 0.533548
68 79 0 8 0.532842
3 76 0 8 0.528453
44 81 0 8 0.528400
64 85 0 8 0.528136
16 39 0 8 0.527858
1 56 0 8 0.527390
28 75 0 8 0.524912
1 41 0 8 0.523984
21 73 0 8 0.523811
23 69 0 8 0.523574
20 73 0 8 0.523278
29 71 0 8 0.523224
2 43 0 8 0.522858
65 86 0 8 0.522109
17 78 0 8 0.521816
12 30 0 8 0.520434
12 79 0 8 0.520348
21 31 0 8 0.519282
47 52 0 8 0.517654
16 26 0 8 0.517422
3 56 0 8 0.516916
36 56 0 8 0.516540
36 52 0 8 0.515983
12 67 0 8 0.515335
10 16 0 8 0.512113
16 65 0 8 0.511692
19 30 0 8 0.511412
38 54 0 8 0.510847
24 80 0 8 0.510751
17 69 0 8 0.510265
76 84 0 8 0.506962
13 46 0 8 0.504381
7 58 0 8 0.503469
47 59 0 8 0.503389
13 82 0 8 0.501406
30 38 0 8 0.501160
21 77 0 8 0.500977
42 77 0 8 0.499957
34 62 0 8 0.499540
21 52 0 8 0.494147
35 74 0 8 0.494010
17 22 0 8 0.492370
3 16 0 8 0.491790
21 57 0 8 0.491755
27 32 0 8 0.488095
22 74 0 8 0.487628
26 33 0 8 0.483145
65 78 0 8 0.482416
5 39 0 8 0.480087
6 58 0 8 0.478338
18 59 0 8 0.477302
39 87 0 8 0.474878
62 87 0 8 0.473424
66 77 0 8 0.472922
33 57 0 8 0.472236
16 25 0 8 0.472155
21 63 0 8 0.469984
53 58 0 8 0.469408
46 53 0 8 0.467921
21 70 0 8 0.467019
3 28 0 8 0.465821
56 61 0 8 0.464322
23 34 0 8 0.463917
3 17 0 8 0.462818
54 83 0 8 0.461037
26 34 0 8 0.460997
25 41 0 8 0.458392
19 35 0 8 0.457933
16 74 0 8 0.457051
23 59 0 8 0.456993
5 40 0 8 0.455709
24 34 0 8 0.455515
7 40 0 8 0.455060
8 16 0 8 0.454289
33 79 0 8 0.453560
25 77 0 8 0.453454
4 77 0 8 0.452453
61 87 0 8 0.452414
25 34 0 8 0.450305
8 53 0 8 0.448584
62 74 0 8 0.448473
68 82 0 8 0.446981
48 83 0 8 0.446681
15 54 0 8 0.443922
20 51 0 8 0.443337
55 73 0 8 0.443032
13 51 0 8 0.441655
23 60 0 8 0.441579
59 75 0 8 0.441074
6 55 0 8 0.440753
6 59 0 8 0.439796
30 68 0 8 0.437913
11 17 0 8 0.437516
22 55 0 8 0.436983
22 67 0 8 0.434711
3 44 0 8 0.433165
47 54 0 8 0.432710
43 52 0 8 0.431587
28 85 0 8 0.431185
34 82 0 8 0.428747
6 12 0 8 0.428105
16 83 0 8 0.427788
15 58 0 8 0.426209
19 51 0 8 0.425863
21 33 0 8 0.422277
62 76 0 8 0.421763
14 38 0 8 0.421561
31 41 0 8 0.421488
17 55 0 8 0.417471
34 74 0 8 0.416364
26 83 0 8 0.415150
18 81 0 8 0.408495
20 86 0 8 0.407551
4 12 0 8 0.407110
3 40 0 8 0.406883
1 11 0 8 0.406231
18 78 0 8 0.404680
37 71 0 8 0.400029
29 85 0 8 0.396870
2 85 0 8 0.396298
20 27 0 8 0.395136
41 49 0 8 0.393779
9 27 0 8 0.393040
13 58 0 8 0.392812
78 84 0 8 0.392539
69 75 0 8 0.391937
54 67 0 8 0.391267
3 33 0 8 0.390204
45 72 0 8 0.388799
10 19 0 8 0.388492
20 76 0 8 0.382705
37 83 0 8 0.380808
65 80 0 8 0.380734
6 60 0 8 0.376347
72 79 0 8 0.373767
37 47 0 8 0.371542
39 78 0 8 0.370670
56 71 0 8 0.368209
8 22 0 8 0.367356
1 63 0 8 0.365338
27 53 0 8 0.364112
15 66 0 8 0.361781
45 54 0 8 0.360141
66 78 0 8 0.359332
19 59 0 8 0.359330
8 20 0 8 0.358723
63 86 0 8 0.358360
65 84 0 8 0.358171
58 65 0 8 0.355075
11 25 0 8 0.354560
10 24 0 8 0.353178
52 87 0 8 0.352366
52 61 0 8 0.352294
68 78 0 8 0.350873
75 83 0 8 0.349108
12 65 0 8 0.347417
57 70 0 8 0.347308
16 33 0 8 0.345039
56 80 0 8 0.344795
12 56 0 8 0.344729
48 70 0 8 0.342951
4 66 0 8 0.341076
38 86 0 8 0.339679
13 66 0 8 0.338084
19 84 0 8 0.336489
31 46 0 8 0.335183
17 71 0 8 0.334986
17 26 0 8 0.334966
25 37 0 8 0.334777
21 34 0 8 0.334576
3 19 0 8 0.333849
15 68 0 8 0.333420
14 83 0 8 0.331743
17 58 0 8 0.331631
63 76 0 8 0.330754
9 17 0 8 0.329511
8 78 0 8 0.328254
46 77 0 8 0.326556
68 80 0 8 0.325588
42 57 0 8 0.325116
65 87 0 8 0.324138
50 62 0 8 0.323452
39 72 0 8 0.323364
39 82 0 8 0.323095
16 24 0 8 0.322880
2 29 0 8 0.322484
25 70 0 8 0.322122
22 69 0 8 0.321065
1 71 0 8 0.318961
46 83 0 8 0.315764
26 65 0 8 0.315103
14 85 0 8 0.314858
38 74 0 8 0.314492
5 32 0 8 0.312586
7 16 0 8 0.311172
32 41 0 8 0.308557
10 21 0 8 0.308257
24 75 0 8 0.308222
3 34 0 8 0.307353
32 56 0 8 0.307014
56 63 0 8 0.305256
25 43 0 8 0.305012
17 47 0 8 0.304446
71 78 0 8 0.304307
9 26 0 8 0.303822
3 53 0 8 0.303728
75 80 0 8 0.303308
53 77 0 8 0.303127
24 31 0 8 0.301422
64 74 0 8 0.300766
9 18 0 8 0.300280
39 48 0 8 0.299047
40 47 0 8 0.299007
52 70 0 8 0.299001
39 68 0 8 0.296519
4 19 0 8 0.296419
7 32 0 8 0.295420
58 63 0 8 0.294555
17 37 0 8 0.292963
60 87 0 8 0.292136
5 42 0 8 0.290421
19 40 0 8 0.290010
33 75 0 8 0.289642
44 59 0 8 0.289454
17 72 0 8 0.288731
16 80 0 8 0.288438
8 34 0 8 0.288232
22 85 0 8 0.288117
24 59 0 8 0.287556
2 38 0 8 0.286452
54 85 0 8 0.286085
28 44 0 8 0.282331
15 36 0 8 0.281397
11 32 0 8 0.281214
36 67 0 8 0.280100
4 72 0 8 0.279097
62 67 0 8 0.276333
40 58 0 8 0.276054
45 79 0 8 0.272171
57 83 0 8 0.268102
21 47 0 8 0.267893
62 83 0 8 0.267537
14 80 0 8 0.267192
36 87 0 8 0.265426
53 69 0 8 0.265414
31 78 0 8 0.265179
63 87 0 8 0.264352
77 84 0 8 0.262652
33 87 0 8 0.262399
21 41 0 8 0.261435
3 27 0 8 0.260482
8 28 0 8 0.260179
12 19 0 8 0.258756
55 79 0 8 0.258576
43 69 0 8 0.257926
31 79 0 8 0.257004
32 84 0 8 0.256709
13 42 0 8 0.256537
39 63 0 8 0.255348
10 55 0 8 0.244396
18 71 0 8 0.242484
36 74 0 8 0.241920
13 87 0 8 0.240778
34 49 0 8 0.237241
64 82 0 8 0.236400
60 69 0 8 0.234323
56 83 0 8 0.233475
37 54 0 8 0.231722
31 66 0 8 0.231700
41 75 0 8 0.228744
43 48 0 8 0.227997
30 82 0 8 0.227794
74 83 0 8 0.226366
56 85 0 8 0.226012
7 61 0 8 0.225282
57 69 0 8 0.223268
1 45 0 8 0.222017
54 74 0 8 0.221909
63 70 0 8 0.221077
40 63 0 8 0.220938
40 51 0 8 0.219801
24 49 0 8 0.219513
29 47 0 8 0.219096
14 50 0 8 0.218961
4 87 0 8 0.218590
3 81 0 8 0.218363
14 52 0 8 0.217607
48 71 0 8 0.216867
71 85 0 8 0.214863
45 53 0 8 0.214694
41 83 0 8 0.213318
3 58 0 8 0.213076
9 21 0 8 0.211922
10 82 0 8 0.211080
5 82 0 8 0.209694
66 79 0 8 0.209097
2 45 0 8 0.208154
41 67 0 8 0.207078
32 40 0 8 0.206513
74 82 0 8 0.206107
37 58 0 8 0.205656
45 69 0 8 0.205306
37 59 0 8 0.203692
1 42 0 8 0.203681
40 76 0 8 0.202891
6 41 0 8 0.202690
2 69 0 8 0.201284
13 70 0 8 0.200592
68 87 0 8 0.200534
10 72 0 8 0.199759
23 83 0 8 0.199067
29 50 0 8 0.198946
10 23 0 8 0.198008
33 46 0 8 0.196195
33 44 0 8 0.196082
41 59 0 8 0.192246
35 60 0 8 0.190618
7 51 0 8 0.190318
4 35 0 8 0.190207
2 28 0 8 0.190139
5 84 0 8 0.189253
45 61 0 8 0.189220
3 9 0 8 0.188631
38 82 0 8 0.188215
1 7 0 8 0.187878
80 86 0 8 0.187853
36 79 0 8 0.187144
6 11 0 8 0.186944
27 86 0 8 0.186245
30 76 0 8 0.185394
36 69 0 8 0.185386
4 75 0 8 0.184823
2 67 0 8 0.184157
28 58 0 8 0.182165
18 60 0 8 0.181075
1 29 0 8 0.179901
60 73 0 8 0.178023
65 83 0 8 0.175280
47 67 0 8 0.175121
49 70 0 8 0.174742
6 81 0 8 0.173266
1 27 0 8 0.173002
1 18 0 8 0.172165
37 79 0 8 0.171571
24 37 0 8 0.170507
8 87 0 8 0.167708
46 56 0 8 0.167316
18 53 0 8 0.167245
3 64 0 8 0.167054
30 83 0 8 0.166517
30 61 0 8 0.166024
22 68 0 8 0.166014
12 57 0 8 0.164373
9 19 0 8 0.161897
25 51 0 8 0.161572
27 57 0 8 0.160983
1 59 0 8 0.160840
54 68 0 8 0.159855
11 52 0 8 0.156305
13 41 0 8 0.156248
49 63 0 8 0.155583
16 68 0 8 0.153904
18 55 0 8 0.152300
37 56 0 8 0.151498
1 78 0 8 0.150058
39 59 0 8 0.146366
31 47 0 8 0.146362
25 83 0 8 0.146057
39 49 0 8 0.145999
14 67 0 8 0.145439
41 53 0 8 0.145040
42 78 0 8 0.143502
8 38 0 8 0.139001
21 87 0 8 0.138708
26 73 0 8 0.138003
11 16 0 8 0.137491
18 64 0 8 0.137346
70 83 0 8 0.136688
33 84 0 8 0.136320
31 44 0 8 0.136237
27 36 0 8 0.135589
63 80 0 8 0.134881
34 44 0 8 0.134536
17 81 0 8 0.133532
18 62 0 8 0.131729
8 56 0 8 0.131145
33 82 0 8 0.129950
38 61 0 8 0.128729
16 59 0 8 0.128493
5 78 0 8 0.126592
49 83 0 8 0.126368
14 26 0 8 0.124920
43 55 0 8 0.124877
23 35 0 8 0.124442
32 76 0 8 0.124329
13 20 0 8 0.124308
25 65 0 8 0.123943
59 84 0 8 0.123869
31 57 0 8 0.122250
55 64 0 8 0.122052
1 83 0 8 0.121808
51 68 0 8 0.121752
26 42 0 8 0.119370
41 52 0 8 0.118948
40 77 0 8 0.117840
32 63 0 8 0.115540
11 37 0 8 0.113287
1 17 0 8 0.113075
2 12 0 8 0.112857
24 44 0 8 0.111869
16 57 0 8 0.111839
40 45 0 8 0.111639
2 66 0 8 0.110661
11 23 0 8 0.110041
61 67 0 8 0.109065
9 78 0 8 0.108832
60 74 0 8 0.107918
30 87 0 8 0.104460
35 44 0 8 0.103010
42 71 0 8 0.101804
26 57 0 8 0.100920
4 65 0 8 0.100455
1 65 0 8 0.099968
8 13 0 8 0.099494
43 83 0 8 0.096052
51 87 0 8 0.095804
2 57 0 8 0.090899
7 28 0 8 0.088262
6 70 0 8 0.087441
7 19 0 8 0.086844
64 70 0 8 0.086835
46 64 0 8 0.083875
15 39 0 8 0.083706
58 87 0 8 0.082768
39 77 0 8 0.081295
8 58 0 8 0.080193
35 48 0 8 0.079441
48 53 0 8 0.079088
17 74 0 8 0.075645
43 70 0 8 0.074838
31 53 0 8 0.074771
1 28 0 8 0.074524
5 29 0 8 0.073501
14 24 0 8 0.070255
36 86 0 8 0.069705
70 78 0 8 0.069430
61 86 0 8 0.068728
7 84 0 8 0.068638
30 58 0 8 0.067444
12 80 0 8 0.066805
35 56 0 8 0.066803
1 87 0 8 0.066096
45 68 0 8 0.065926
2 61 0 8 0.065463
23 39 0 8 0.064265
15 67 0 8 0.061688
9 64 0 8 0.060944
7 27 0 8 0.058361
42 87 0 8 0.056857
42 83 0 8 0.054836
44 73 0 8 0.054655
50 84 0 8 0.053969
38 64 0 8 0.053694
5 65 0 8 0.053489
34 41 0 8 0.051192
4 63 0 8 0.050584
81 87 0 8 0.049274
10 36 0 8 0.048386
7 48 0 8 0.048193
43 76 0 8 0.047987
4 18 0 8 0.047164
78 86 0 8 0.046801
4 46 0 8 0.046621
5 87 0 8 0.046200
2 83 0 8 0.043626
52 84 0 8 0.042613
7 70 0 8 0.042042
5 26 0 8 0.041029
39 66 0 8 0.040766
3 80 0 8 0.040098
73 79 0 8 0.039950
1 39 0 8 0.038132
74 81 0 8 0.037595
16 86 0 8 0.035887
1 36 0 8 0.035019
21 29 0 8 0.034526
5 38 0 8 0.032160
7 17 0 8 0.029152
32 38 0 8 0.028649
22 57 0 8 0.028076
52 86 0 8 0.026283
53 71 0 8 0.025956
5 15 0 8 0.024744
7 39 0 8 0.024364
1 10 0 8 0.022862
76 87 0 8 0.022240
21 62 0 8 0.022056
64 77 0 8 0.019573
14 75 0 8 0.014492
24 82 0 8 0.013551
70 85 0 8 0.012788
30 74 0 8 0.011608
16 22 0 8 0.011184
31 63 0 8 0.011159
18 83 0 8 0.010932
32 75 0 8 0.010881
60 77 0 8 0.010867
53 64 0 8 0.009535
45 67 0 8 0.008513
53 70 0 8 0.007083
49 78 0 8 0.006871
56 65 0 8 0.006784
36 61 0 8 0.006550
7 63 0 8 0.003740
8 71 0 8 0.002241
38 75 0 8 0.000308
53 62 0 8 0.000295
4 44 0 8 -0.000049
40 71 0 8 -0.000712
72 86 0 8 -0.001045
54 70 0 8 -0.001823
23 64 0 8 -0.002560
15 74 0 8 -0.003641
10 49 0 8 -0.004415
36 59 0 8 -0.004855
5 43 0 8 -0.004913
17 76 0 8 -0.005439
12 55 0 8 -0.006096
33 68 0 8 -0.006265
5 37 0 8 -0.006656
17 29 0 8 -0.007015
49 57 0 8 -0.007980
53 84 0 8 -0.008046
7 37 0 8 -0.008230
22 46 0 8 -0.008944
31 38 0 8 -0.010462
15 30 0 8 -0.011106
3 86 0 8 -0.012347
23 56 0 8 -0.013132
30 70 0 8 -0.013877
38 79 0 8 -0.015242
5 53 0 8 -0.016397
26 66 0 8 -0.017131
17 86 0 8 -0.017255
39 74 0 8 -0.017431
72 85 0 8 -0.017687
19 85 0 8 -0.018107
58 84 0 8 -0.019064
57 68 0 8 -0.019438
16 60 0 8 -0.019921
6 74 0 8 -0.020718
17 82 0 8 -0.020820
35 63 0 8 -0.022669
17 42 0 8 -0.022732
8 80 0 8 -0.025035
53 61 0 8 -0.027020
70 80 0 8 -0.027411
51 83 0 8 -0.028733
19 52 0 8 -0.029034
66 82 0 8 -0.030599
9 86 0 8 -0.030911
1 82 0 8 -0.031641
11 56 0 8 -0.031770
53 87 0 8 -0.032198
16 27 0 8 -0.032556
38 66 0 8 -0.033252
7 44 0 8 -0.033955
29 83 0 8 -0.034870
13 77 0 8 -0.036145
28 57 0 8 -0.037604
1 20 0 8 -0.038746
23 81 0 8 -0.039629
3 13 0 8 -0.040512
64 86 0 8 -0.042210
25 68 0 8 -0.042464
26 70 0 8 -0.042603
56 77 0 8 -0.044090
45 56 0 8 -0.044147
62 68 0 8 -0.044324
55 78 0 8 -0.045676
31 65 0 8 -0.045866
15 29 0 8 -0.046850
1 38 0 8 -0.046961
14 48 0 8 -0.047927
5 58 0 8 -0.048790
28 35 0 8 -0.049037
3 45 0 8 -0.049375
11 86 0 8 -0.050030
1 53 0 8 -0.050893
5 67 0 8 -0.050904
6 16 0 8 -0.051024
60 84 0 8 -0.052754
44 64 0 8 -0.053493
53 63 0 8 -0.054270
71 80 0 8 -0.056338
19 77 0 8 -0.057705
5 63 0 8 -0.057870
37 53 0 8 -0.059571
67 85 0 8 -0.059885
13 37 0 8 -0.060038
29 61 0 8 -0.060175
30 75 0 8 -0.060515
1 69 0 8 -0.060759
2 37 0 8 -0.060968
14 81 0 8 -0.061113
57 84 0 8 -0.062143
40 54 0 8 -0.062783
30 57 0 8 -0.063411
60 80 0 8 -0.065952
54 87 0 8 -0.066006
32 74 0 8 -0.066344
19 74 0 8 -0.070165
50 61 0 8 -0.071144
18 52 0 8 -0.072121
25 59 0 8 -0.074517
7 64 0 8 -0.077171
58 74 0 8 -0.077937
33 54 0 8 -0.078759
4 55 0 8 -0.080370
11 72 0 8 -0.080644
3 60 0 8 -0.081253
53 66 0 8 -0.081391
15 87 0 8 -0.081425
12 34 0 8 -0.082422
1 74 0 8 -0.082587
9 87 0 8 -0.083450
7 80 0 8 -0.083794
18 80 0 8 -0.084172
18 87 0 8 -0.084187
42 72 0 8 -0.084848
35 73 0 8 -0.085316
12 36 0 8 -0.087297
23 44 0 8 -0.088030
41 82 0 8 -0.088231
37 61 0 8 -0.088629
31 61 0 8 -0.090204
20 77 0 8 -0.090943
13 63 0 8 -0.091063
7 15 0 8 -0.092382
27 46 0 8 -0.092562
4 59 0 8 -0.092855
67 87 0 8 -0.093349
1 70 0 8 -0.093419
19 87 0 8 -0.094597
1 35 0 8 -0.094625
10 42 0 8 -0.094918
1 15 0 8 -0.095382
17 33 0 8 -0.096449
17 41 0 8 -0.097177
25 39 0 8 -0.097827
6 78 0 8 -0.097879
6 87 0 8 -0.098607
31 83 0 8 -0.098869
51 59 0 8 -0.099674
51 65 0 8 -0.099828
55 68 0 8 -0.099902
26 56 0 8 -0.101920
43 50 0 8 -0.101978
45 52 0 8 -0.102742
20 82 0 8 -0.103870
1 32 0 8 -0.104118
2 76 0 8 -0.104555
6 19 0 8 -0.105399
40 87 0 8 -0.106884
3 85 0 8 -0.110296
25 53 0 8 -0.111012
46 63 0 8 -0.111291
16 71 0 8 -0.111424
17 87 0 8 -0.111526
22 60 0 8 -0.112872
53 86 0 8 -0.114652
24 60 0 8 -0.115098
32 37 0 8 -0.115536
51 64 0 8 -0.117831
28 87 0 8 -0.118073
71 77 0 8 -0.118326
25 87 0 8 -0.119042
9 54 0 8 -0.121836
8 51 0 8 -0.122356
37 69 0 8 -0.122736
12 43 0 8 -0.122844
43 49 0 8 -0.124361
69 74 0 8 -0.124501
28 49 0 8 -0.124707
46 54 0 8 -0.125103
7 87 0 8 -0.125179
77 86 0 8 -0.125368
3 48 0 8 -0.125570
31 72 0 8 -0.125857
54 59 0 8 -0.126326
12 74 0 8 -0.128316
39 69 0 8 -0.129355
63 78 0 8 -0.129646
5 68 0 8 -0.130408
28 40 0 8 -0.131118
25 79 0 8 -0.131325
17 63 0 8 -0.131458
1 9 0 8 -0.131905
24 41 0 8 -0.133018
29 87 0 8 -0.133066
5 44 0 8 -0.134532
80 87 0 8 -0.134788
1 52 0 8 -0.135620
47 87 0 8 -0.135688
18 56 0 8 -0.135776
56 79 0 8 -0.137307
15 32 0 8 -0.137672
47 68 0 8 -0.138325
7 78 0 8 -0.138513
24 72 0 8 -0.138858
31 49 0 8 -0.139644
2 87 0 8 -0.139871
53 74 0 8 -0.140452
28 83 0 8 -0.140532
4 17 0 8 -0.140948
21 80 0 8 -0.144681
59 70 0 8 -0.146559
3 87 0 8 -0.147688
23 53 0 8 -0.148256
5 47 0 8 -0.148633
14 63 0 8 -0.149230
16 70 0 8 -0.150140
48 87 0 8 -0.150202
74 87 0 8 -0.151004
13 48 0 8 -0.151043
4 80 0 8 -0.151111
13 62 0 8 -0.151629
29 53 0 8 -0.151943
57 87 0 8 -0.152035
57 64 0 8 -0.152173
9 23 0 8 -0.152733
56 87 0 8 -0.153237
18 47 0 8 -0.153371
23 71 0 8 -0.153824
6 73 0 8 -0.154165
37 85 0 8 -0.154225
12 49 0 8 -0.155345
44 85 0 8 -0.155485
38 80 0 8 -0.155716
65 70 0 8 -0.155887
15 38 0 8 -0.158930
5 35 0 8 -0.159210
44 87 0 8 -0.159473
71 83 0 8 -0.161361
1 86 0 8 -0.161378
19 86 0 8 -0.161619
33 76 0 8 -0.161975
43 81 0 8 -0.162479
20 57 0 8 -0.162669
1 79 0 8 -0.163725
1 67 0 8 -0.166080
2 54 0 8 -0.166383
42 63 0 8 -0.166627
26 87 0 8 -0.166977
27 41 0 8 -0.167585
1 64 0 8 -0.168219
41 50 0 8 -0.168619
33 55 0 8 -0.168819
4 27 0 8 -0.169432
9 85 0 8 -0.170093
24 57 0 8 -0.171853
3 70 0 8 -0.171940
14 87 0 8 -0.172297
20 69 0 8 -0.172625
4 82 0 8 -0.173228
48 56 0 8 -0.173597
5 81 0 8 -0.173718
1 43 0 8 -0.174198
67 77 0 8 -0.176187
20 33 0 8 -0.176329
42 68 0 8 -0.176480
40 81 0 8 -0.176958
2 42 0 8 -0.179108
12 87 0 8 -0.180103
11 60 0 8 -0.180141
23 55 0 8 -0.182152
33 43 0 8 -0.182238
29 40 0 8 -0.183052
11 42 0 8 -0.183915
64 87 0 8 -0.184234
16 58 0 8 -0.184393
60 71 0 8 -0.184561
45 60 0 8 -0.184595
48 72 0 8 -0.185734
24 63 0 8 -0.186503
10 53 0 8 -0.187068
25 47 0 8 -0.187120
1 26 0 8 -0.188616
47 66 0 8 -0.188807
59 87 0 8 -0.190135
49 79 0 8 -0.190940
43 87 0 8 -0.191641
77 87 0 8 -0.192116
54 80 0 8 -0.192679
34 51 0 8 -0.193163
3 68 0 8 -0.194241
11 28 0 8 -0.196124
4 53 0 8 -0.197769
61 77 0 8 -0.198932
12 84 0 8 -0.199415
69 87 0 8 -0.200231
2 53 0 8 -0.201042
22 34 0 8 -0.201059
24 70 0 8 -0.201809
56 84 0 8 -0.201847
19 63 0 8 -0.202977
13 47 0 8 -0.203442
17 40 0 8 -0.204141
5 64 0 8 -0.205871
45 87 0 8 -0.206920
41 76 0 8 -0.207033
12 39 0 8 -0.207775
26 62 0 8 -0.208265
16 87 0 8 -0.209058
9 61 0 8 -0.209601
47 80 0 8 -0.210500
3 61 0 8 -0.210534
10 31 0 8 -0.210877
1 24 0 8 -0.211109
37 87 0 8 -0.212194
36 53 0 8 -0.212720
7 66 0 8 -0.212884
1 80 0 8 -0.213053
22 51 0 8 -0.213693
1 6 0 8 -0.214343
21 60 0 8 -0.214467
1 47 0 8 -0.214476
10 17 0 8 -0.214846
64 69 0 8 -0.214975
38 87 0 8 -0.214987
58 77 0 8 -0.215442
6 34 0 8 -0.215471
1 19 0 8 -0.215922
66 72 0 8 -0.216196
5 12 0 8 -0.216270
7 29 0 8 -0.216735
25 81 0 8 -0.216916
53 73 0 8 -0.218605
12 42 0 8 -0.218777
3 20 0 8 -0.219169
15 31 0 8 -0.220026
42 51 0 8 -0.221330
12 66 0 8 -0.221395
57 77 0 8 -0.221684
25 52 0 8 -0.222522
2 55 0 8 -0.222646
4 73 0 8 -0.222991
4 57 0 8 -0.223095
15 76 0 8 -0.223263
29 80 0 8 -0.223521
53 72 0 8 -0.223881
40 53 0 8 -0.224559
45 75 0 8 -0.225000
1 54 0 8 -0.225347
4 21 0 8 -0.225411
9 41 0 8 -0.226012
82 87 0 8 -0.226229
8 76 0 8 -0.228070
6 40 0 8 -0.228536
46 87 0 8 -0.228991
3 12 0 8 -0.229404
71 87 0 8 -0.229443
27 87 0 8 -0.229941
29 82 0 8 -0.231134
10 77 0 8 -0.232205
68 74 0 8 -0.232238
14 53 0 8 -0.232393
25 40 0 8 -0.232976
1 40 0 8 -0.233670
38 55 0 8 -0.234557
47 86 0 8 -0.234688
43 80 0 8 -0.235683
54 61 0 8 -0.235779
11 19 0 8 -0.235954
7 75 0 8 -0.236010
55 87 0 8 -0.236354
38 81 0 8 -0.237262
1 48 0 8 -0.237418
37 70 0 8 -0.239393
17 32 0 8 -0.239687
7 33 0 8 -0.239990
1 57 0 8 -0.240315
40 83 0 8 -0.240890
33 45 0 8 -0.242666
2 70 0 8 -0.242958
56 66 0 8 -0.244355
35 57 0 8 -0.244548
7 82 0 8 -0.244833
2 18 0 8 -0.245130
7 35 0 8 -0.247547
35 42 0 8 -0.248258
8 46 0 8 -0.249491
8 26 0 8 -0.249732
66 87 0 8 -0.250062
22 76 0 8 -0.250463
36 71 0 8 -0.251090
48 57 0 8 -0.251444
49 87 0 8 -0.252103
39 44 0 8 -0.252376
15 70 0 8 -0.252463
11 68 0 8 -0.252986
79 87 0 8 -0.253284
1 12 0 8 -0.253455
20 44 0 8 -0.254672
16 23 0 8 -0.254723
44 71 0 8 -0.254882
35 87 0 8 -0.255994
20 60 0 8 -0.256155
22 83 0 8 -0.257120
19 75 0 8 -0.257128
21 58 0 8 -0.257143
32 86 0 8 -0.257970
12 44 0 8 -0.258633
11 22 0 8 -0.258678
39 55 0 8 -0.258969
9 14 0 8 -0.259105
35 43 0 8 -0.259193
59 83 0 8 -0.259321
21 48 0 8 -0.259893
47 69 0 8 -0.259920
33 58 0 8 -0.260869
2 63 0 8 -0.261155
33 66 0 8 -0.262346
43 86 0 8 -0.262794
35 41 0 8 -0.263170
23 87 0 8 -0.263564
13 34 0 8 -0.263820
21 42 0 8 -0.264640
9 39 0 8 -0.265045
16 53 0 8 -0.265539
6 53 0 8 -0.265886
36 46 0 8 -0.266020
2 58 0 8 -0.266518
70 87 0 8 -0.266692
34 69 0 8 -0.267168
75 87 0 8 -0.268251
17 45 0 8 -0.268511
5 25 0 8 -0.268918
38 77 0 8 -0.271839
19 68 0 8 -0.272162
11 87 0 8 -0.272407
1 61 0 8 -0.273336
2 34 0 8 -0.273379
32 55 0 8 -0.273870
30 62 0 8 -0.273988
17 35 0 8 -0.274121
1 8 0 8 -0.274194
46 86 0 8 -0.275224
2 14 0 8 -0.275461
54 84 0 8 -0.275985
39 81 0 8 -0.276870
11 53 0 8 -0.278139
21 66 0 8 -0.278202
10 86 0 8 -0.278255
13 25 0 8 -0.278636
25 76 0 8 -0.279052
37 64 0 8 -0.279808
12 37 0 8 -0.279820
7 74 0 8 -0.280406
9 25 0 8 -0.280560
27 49 0 8 -0.281184
8 25 0 8 -0.282332
7 14 0 8 -0.282640
30 86 0 8 -0.283445
42 82 0 8 -0.284465
34 52 0 8 -0.284607
20 87 0 8 -0.284918
17 23 0 8 -0.285198
34 87 0 8 -0.286119
34 71 0 8 -0.286373
49 84 0 8 -0.287192
3 41 0 8 -0.287324
1 49 0 8 -0.287477
63 81 0 8 -0.288729
6 75 0 8 -0.288794
24 87 0 8 -0.289280
78 87 0 8 -0.289358
1 33 0 8 -0.289833
22 56 0 8 -0.290059
24 73 0 8 -0.290399
10 29 0 8 -0.291646
1 50 0 8 -0.292118
71 86 0 8 -0.292348
19 46 0 8 -0.292357
5 80 0 8 -0.292485
22 86 0 8 -0.292622
47 75 0 8 -0.294280
1 60 0 8 -0.295088
2 65 0 8 -0.295358
4 34 0 8 -0.295379
5 83 0 8 -0.295825
73 82 0 8 -0.296374
41 87 0 8 -0.297223
3 37 0 8 -0.297306
72 87 0 8 -0.298050
13 55 0 8 -0.299120
24 53 0 8 -0.299164
14 72 0 8 -0.299854
13 53 0 8 -0.300120
5 17 0 8 -0.300195
49 66 0 8 -0.300287
59 76 0 8 -0.300715
15 63 0 8 -0.300771
1 75 0 8 -0.302793
26 53 0 8 -0.303485
19 80 0 8 -0.303773
2 21 0 8 -0.304034
1 62 0 8 -0.304525
27 56 0 8 -0.305127
10 83 0 8 -0.306261
1 44 0 8 -0.306312
35 86 0 8 -0.306647
22 53 0 8 -0.307119
42 53 0 8 -0.307650
28 74 0 8 -0.309627
7 43 0 8 -0.311362
41 58 0 8 -0.312125
9 56 0 8 -0.312594
26 63 0 8 -0.312935
28 34 0 8 -0.313526
63 79 0 8 -0.316028
40 82 0 8 -0.316441
17 80 0 8 -0.317564
61 69 0 8 -0.317837
17 34 0 8 -0.320290
57 74 0 8 -0.321301
1 76 0 8 -0.322654
57 67 0 8 -0.323257
52 79 0 8 -0.323268
32 52 0 8 -0.323380
31 87 0 8 -0.324784
53 82 0 8 -0.325168
4 86 0 8 -0.327163
24 78 0 8 -0.328794
16 69 0 8 -0.328995
17 57 0 8 -0.329046
36 64 0 8 -0.330240
53 79 0 8 -0.331349
1 37 0 8 -0.331461
53 65 0 8 -0.332048
2 64 0 8 -0.332079
33 81 0 8 -0.332167
3 11 0 8 -0.332655
51 81 0 8 -0.335288
50 65 0 8 -0.335393
9 46 0 8 -0.337050
46 70 0 8 -0.337773
37 62 0 8 -0.338092
22 48 0 8 -0.338694
44 56 0 8 -0.338769
13 68 0 8 -0.339539
9 63 0 8 -0.339714
35 53 0 8 -0.339936
38 53 0 8 -0.340519
20 56 0 8 -0.340973
7 57 0 8 -0.341101
61 85 0 8 -0.341102
11 41 0 8 -0.341212
29 62 0 8 -0.341244
12 33 0 8 -0.341793
15 75 0 8 -0.342068
48 82 0 8 -0.342121
20 78 0 8 -0.342950
7 79 0 8 -0.343136
42 61 0 8 -0.343497
1 23 0 8 -0.344782
13 74 0 8 -0.345948
41 63 0 8 -0.347270
41 73 0 8 -0.347773
1 81 0 8 -0.348189
14 62 0 8 -0.349079
63 82 0 8 -0.349259
57 86 0 8 -0.349779
19 65 0 8 -0.350280
2 60 0 8 -0.351996
11 34 0 8 -0.352126
18 70 0 8 -0.352132
40 86 0 8 -0.352938
1 25 0 8 -0.353238
31 81 0 8 -0.353656
53 68 0 8 -0.354906
14 82 0 8 -0.355695
16 81 0 8 -0.359359
1 55 0 8 -0.360102
13 71 0 8 -0.360198
15 53 0 8 -0.361674
1 46 0 8 -0.361954
1 14 0 8 -0.362046
14 69 0 8 -0.362110
25 35 0 8 -0.362128
10 84 0 8 -0.363741
6 61 0 8 -0.363790
23 68 0 8 -0.366014
1 58 0 8 -0.366463
6 33 0 8 -0.367211
12 18 0 8 -0.368771
1 72 0 8 -0.368993
55 61 0 8 -0.369437
1 84 0 8 -0.369448
69 82 0 8 -0.369893
43 72 0 8 -0.370093
44 53 0 8 -0.370862
15 59 0 8 -0.371090
20 38 0 8 -0.372066
53 85 0 8 -0.372632
29 56 0 8 -0.373358
17 53 0 8 -0.373542
53 81 0 8 -0.374713
7 45 0 8 -0.375927
7 34 0 8 -0.376095
9 82 0 8 -0.376889
16 46 0 8 -0.377051
22 65 0 8 -0.379561
11 57 0 8 -0.379838
57 72 0 8 -0.380144
38 45 0 8 -0.380718
29 68 0 8 -0.382272
22 52 0 8 -0.382380
38 71 0 8 -0.382945
39 53 0 8 -0.383091
7 76 0 8 -0.384273
6 82 0 8 -0.384462
1 22 0 8 -0.384803
52 57 0 8 -0.384825
53 75 0 8 -0.385568
39 45 0 8 -0.386301
18 75 0 8 -0.386609
3 83 0 8 -0.389593
34 64 0 8 -0.390234
2 52 0 8 -0.390674
16 82 0 8 -0.392385
32 53 0 8 -0.393280
23 86 0 8 -0.393927
27 47 0 8 -0.394144
58 68 0 8 -0.394617
1 66 0 8 -0.395260
46 65 0 8 -0.397153
47 62 0 8 -0.397486
65 85 0 8 -0.398535
60 75 0 8 -0.398663
41 66 0 8 -0.399009
5 46 0 8 -0.399232
14 32 0 8 -0.400647
41 86 0 8 -0.400838
12 86 0 8 -0.402855
4 14 0 8 -0.405222
51 78 0 8 -0.405535
13 27 0 8 -0.406342
32 61 0 8 -0.407081
12 35 0 8 -0.407406
44 86 0 8 -0.407705
5 19 0 8 -0.408057
70 84 0 8 -0.408512
55 82 0 8 -0.409019
13 65 0 8 -0.409286
20 53 0 8 -0.409524
47 83 0 8 -0.410887
34 53 0 8 -0.411250
14 64 0 8 -0.412172
46 82 0 8 -0.412206
38 51 0 8 -0.412418
21 53 0 8 -0.412459
39 64 0 8 -0.413794
44 54 0 8 -0.415002
3 15 0 8 -0.415085
9 68 0 8 -0.415474
53 78 0 8 -0.415906
9 45 0 8 -0.416388
8 66 0 8 -0.416875
28 33 0 8 -0.417877
6 62 0 8 -0.421850
25 42 0 8 -0.422716
23 38 0 8 -0.423958
63 69 0 8 -0.424019
28 65 0 8 -0.425115
29 64 0 8 -0.425503
45 70 0 8 -0.425954
38 63 0 8 -0.426165
4 9 0 8 -0.426933
9 30 0 8 -0.427747
32 72 0 8 -0.427924
8 64 0 8 -0.428972
4 76 0 8 -0.429819
54 79 0 8 -0.429824
9 75 0 8 -0.431078
24 56 0 8 -0.431832
47 56 0 8 -0.431965
38 68 0 8 -0.432270
34 80 0 8 -0.433024
7 42 0 8 -0.434380
50 76 0 8 -0.436277
9 38 0 8 -0.436785
33 85 0 8 -0.438030
69 86 0 8 -0.438891
30 63 0 8 -0.439005
6 63 0 8 -0.440981
17 64 0 8 -0.441198
31 77 0 8 -0.441383
45 73 0 8 -0.441893
34 46 0 8 -0.442063
9 51 0 8 -0.442791
14 31 0 8 -0.443068
2 50 0 8 -0.444630
18 85 0 8 -0.444898
41 57 0 8 -0.446817
52 69 0 8 -0.446981
28 53 0 8 -0.447374
12 47 0 8 -0.447660
20 66 0 8 -0.448640
43 79 0 8 -0.449264
5 77 0 8 -0.450088
37 72 0 8 -0.450658
7 67 0 8 -0.450676
39 60 0 8 -0.450982
21 67 0 8 -0.451980
10 44 0 8 -0.452210
1 34 0 8 -0.452255
5 10 0 8 -0.452319
47 63 0 8 -0.454719
20 41 0 8 -0.455331
50 70 0 8 -0.455339
13 26 0 8 -0.456083
15 82 0 8 -0.456729
14 40 0 8 -0.457119
28 84 0 8 -0.458229
34 48 0 8 -0.458242
3 38 0 8 -0.459237
39 85 0 8 -0.459241
18 28 0 8 -0.459541
27 52 0 8 -0.461238
13 44 0 8 -0.461836
36 72 0 8 -0.461982
33 53 0 8 -0.462508
18 63 0 8 -0.463531
48 68 0 8 -0.464912
15 37 0 8 -0.465129
7 12 0 8 -0.465541
47 57 0 8 -0.466144
11 64 0 8 -0.466840
2 80 0 8 -0.469165
7 18 0 8 -0.470760
29 69 0 8 -0.470938
73 85 0 8 -0.471226
22 54 0 8 -0.474748
57 82 0 8 -0.476279
9 22 0 8 -0.476302
27 75 0 8 -0.476415
26 40 0 8 -0.477766
35 49 0 8 -0.478457
5 85 0 8 -0.478473
27 58 0 8 -0.478731
59 82 0 8 -0.478857
26 54 0 8 -0.480500
9 20 0 8 -0.480722
1 68 0 8 -0.481645
25 33 0 8 -0.482187
12 20 0 8 -0.482205
59 71 0 8 -0.482293
28 56 0 8 -0.482523
19 71 0 8 -0.483178
50 57 0 8 -0.484707
34 47 0 8 -0.485031
1 51 0 8 -0.485313
16 63 0 8 -0.485462
5 24 0 8 -0.486082
17 31 0 8 -0.487368
54 75 0 8 -0.487918
79 86 0 8 -0.488075
53 76 0 8 -0.488318
1 73 0 8 -0.490853
30 65 0 8 -0.491211
10 64 0 8 -0.491947
57 63 0 8 -0.492647
44 68 0 8 -0.494580
27 66 0 8 -0.494644
43 53 0 8 -0.494961
32 60 0 8 -0.495566
2 31 0 8 -0.497659
63 75 0 8 -0.498414
21 26 0 8 -0.498923
11 63 0 8 -0.500108
10 76 0 8 -0.500682
11 83 0 8 -0.500834
47 71 0 8 -0.502691
19 45 0 8 -0.503735
53 67 0 8 -0.504099
52 65 0 8 -0.505875
3 84 0 8 -0.505889
7 41 0 8 -0.505994
64 84 0 8 -0.508279
37 60 0 8 -0.509527
18 39 0 8 -0.509553
7 86 0 8 -0.509638
48 61 0 8 -0.511937
2 35 0 8 -0.512110
9 43 0 8 -0.512861
1 30 0 8 -0.513518
18 46 0 8 -0.513754
68 85 0 8 -0.514881
33 70 0 8 -0.515658
48 63 0 8 -0.515981
42 86 0 8 -0.517249
42 69 0 8 -0.519041
2 9 0 8 -0.521062
25 64 0 8 -0.522433
5 49 0 8 -0.522637
41 56 0 8 -0.522809
21 28 0 8 -0.526241
45 57 0 8 -0.526983
15 56 0 8 -0.528351
11 71 0 8 -0.529306
28 71 0 8 -0.530402
23 32 0 8 -0.530963
11 51 0 8 -0.531374
23 67 0 8 -0.532031
64 83 0 8 -0.532169
13 35 0 8 -0.532608
29 75 0 8 -0.533186
41 48 0 8 -0.534823
57 81 0 8 -0.535121
61 80 0 8 -0.535853
46 61 0 8 -0.536709
31 37 0 8 -0.536864
57 80 0 8 -0.537382
6 65 0 8 -0.538845
5 60 0 8 -0.540540
12 17 0 8 -0.540584
13 45 0 8 -0.540643
39 62 0 8 -0.540659
40 80 0 8 -0.542639
6 17 0 8 -0.543422
42 80 0 8 -0.543601
9 84 0 8 -0.544170
2 51 0 8 -0.544847
20 26 0 8 -0.545642
3 63 0 8 -0.545806
59 85 0 8 -0.545809
18 66 0 8 -0.548968
44 51 0 8 -0.549133
66 80 0 8 -0.549484
9 57 0 8 -0.549537
12 59 0 8 -0.550797
57 75 0 8 -0.552427
13 60 0 8 -0.552752
3 57 0 8 -0.553870
19 73 0 8 -0.554265
48 81 0 8 -0.554296
31 48 0 8 -0.555476
6 83 0 8 -0.556117
3 77 0 8 -0.556971
45 63 0 8 -0.557090
8 43 0 8 -0.557156
7 24 0 8 -0.557486
2 44 0 8 -0.558335
5 71 0 8 -0.559664
7 49 0 8 -0.560357
34 55 0 8 -0.561226
63 84 0 8 -0.561606
21 51 0 8 -0.563658
63 77 0 8 -0.564656
67 80 0 8 -0.566660
29 66 0 8 -0.567903
18 50 0 8 -0.569028
7 62 0 8 -0.569570
11 18 0 8 -0.570356
8 77 0 8 -0.571011
7 69 0 8 -0.571123
8 44 0 8 -0.571178
48 60 0 8 -0.571458
13 39 0 8 -0.572639
17 30 0 8 -0.572719
21 40 0 8 -0.574626
27 69 0 8 -0.575022
38 73 0 8 -0.576699
16 78 0 8 -0.576807
2 47 0 8 -0.584562
36 51 0 8 -0.584596
14 58 0 8 -0.588129
40 75 0 8 -0.588386
52 66 0 8 -0.589290
42 73 0 8 -0.589637
35 81 0 8 -0.590137
9 72 0 8 -0.590461
45 66 0 8 -0.590938
11 80 0 8 -0.591324
10 32 0 8 -0.592221
9 42 0 8 -0.592225
52 83 0 8 -0.592777
3 43 0 8 -0.595209
19 82 0 8 -0.595321
14 73 0 8 -0.596715
36 63 0 8 -0.597901
3 71 0 8 -0.598459
18 69 0 8 -0.598607
19 64 0 8 -0.598650
43 85 0 8 -0.599074
50 75 0 8 -0.601339
26 76 0 8 -0.601541
50 58 0 8 -0.602371
30 42 0 8 -0.602948
15 46 0 8 -0.603212
15 77 0 8 -0.603736
17 50 0 8 -0.604258
65 74 0 8 -0.604296
7 38 0 8 -0.605193
17 36 0 8 -0.606157
20 40 0 8 -0.606917
9 67 0 8 -0.607213
79 85 0 8 -0.608185
6 66 0 8 -0.608577
37 82 0 8 -0.609356
66 73 0 8 -0.610760
44 63 0 8 -0.611184
27 38 0 8 -0.611454
25 61 0 8 -0.611972
19 33 0 8 -0.614001
30 46 0 8 -0.615334
51 85 0 8 -0.616986
47 60 0 8 -0.617227
3 51 0 8 -0.617232
36 70 0 8 -0.620783
5 16 0 8 -0.620937
61 83 0 8 -0.621515
44 62 0 8 -0.621787
16 32 0 8 -0.622862
16 40 0 8 -0.624547
68 83 0 8 -0.624744
24 84 0 8 -0.625755
71 81 0 8 -0.626113
55 84 0 8 -0.626281
21 84 0 8 -0.626915
59 79 0 8 -0.627177
24 46 0 8 -0.628471
48 58 0 8 -0.631847
26 71 0 8 -0.632065
11 21 0 8 -0.632194
6 26 0 8 -0.632464
5 62 0 8 -0.633339
13 84 0 8 -0.633583
17 61 0 8 -0.634607
4 70 0 8 -0.635138
38 76 0 8 -0.637279
24 54 0 8 -0.638677
2 86 0 8 -0.638817
9 66 0 8 -0.639405
9 40 0 8 -0.639841
45 81 0 8 -0.640667
12 83 0 8 -0.640915
14 54 0 8 -0.641202
35 80 0 8 -0.642090
10 70 0 8 -0.642308
6 28 0 8 -0.642342
27 82 0 8 -0.643307
41 71 0 8 -0.645141
21 45 0 8 -0.645566
23 49 0 8 -0.646082
8 82 0 8 -0.646796
61 76 0 8 -0.647122
25 80 0 8 -0.647997
67 83 0 8 -0.648628
47 64 0 8 -0.648660
47 82 0 8 -0.649999
5 66 0 8 -0.650901
27 64 0 8 -0.650979
45 77 0 8 -0.651043
42 66 0 8 -0.651259
20 49 0 8 -0.652392
23 85 0 8 -0.653095
6 29 0 8 -0.653360
20 64 0 8 -0.653479
4 61 0 8 -0.655239
3 69 0 8 -0.656199
20 47 0 8 -0.656616
4 29 0 8 -0.657712
12 78 0 8 -0.659555
30 56 0 8 -0.659874
31 74 0 8 -0.659967
25 85 0 8 -0.661599
55 66 0 8 -0.662304
19 57 0 8 -0.663154
35 72 0 8 -0.663959
41 78 0 8 -0.664873
64 73 0 8 -0.665663
30 55 0 8 -0.666365
5 72 0 8 -0.666491
18 68 0 8 -0.667118
15 81 0 8 -0.667862
7 83 0 8 -0.669202
16 50 0 8 -0.669288
3 10 0 8 -0.671183
14 78 0 8 -0.672218
39 67 0 8 -0.672472
31 36 0 8 -0.672541
20 46 0 8 -0.672579
8 86 0 8 -0.674528
3 59 0 8 -0.674549
44 61 0 8 -0.676113
14 44 0 8 -0.676165
10 81 0 8 -0.676364
41 77 0 8 -0.676975
23 61 0 8 -0.677735
9 52 0 8 -0.677910
9 34 0 8 -0.678258
56 72 0 8 -0.679521
32 67 0 8 -0.679610
9 79 0 8 -0.680551
51 86 0 8 -0.681472
15 20 0 8 -0.681706
12 29 0 8 -0.683138
3 46 0 8 -0.683605
56 73 0 8 -0.683851
18 49 0 8 -0.684624
3 23 0 8 -0.685856
45 58 0 8 -0.686907
27 83 0 8 -0.688939
19 34 0 8 -0.689354
32 73 0 8 -0.689382
9 50 0 8 -0.690201
9 65 0 8 -0.691053
20 74 0 8 -0.691241
9 49 0 8 -0.693931
65 77 0 8 -0.694068
6 71 0 8 -0.694311
35 52 0 8 -0.694525
33 73 0 8 -0.695887
31 80 0 8 -0.696479
21 30 0 8 -0.696617
63 68 0 8 -0.696754
60 70 0 8 -0.697350
6 86 0 8 -0.697815
56 69 0 8 -0.698889
24 76 0 8 -0.699003
9 28 0 8 -0.699439
4 83 0 8 -0.699704
13 21 0 8 -0.699905
50 79 0 8 -0.699976
56 86 0 8 -0.701532
23 73 0 8 -0.702233
40 59 0 8 -0.703191
34 45 0 8 -0.704728
48 69 0 8 -0.705883
20 70 0 8 -0.706318
3 47 0 8 -0.706814
47 70 0 8 -0.708638
13 80 0 8 -0.708676
58 82 0 8 -0.708880
63 74 0 8 -0.709361
3 78 0 8 -0.709424
51 57 0 8 -0.710761
50 82 0 8 -0.711107
6 57 0 8 -0.711821
69 80 0 8 -0.711918
47 73 0 8 -0.711957
57 85 0 8 -0.712291
14 37 0 8 -0.712534
20 63 0 8 -0.713181
36 65 0 8 -0.713517
21 43 0 8 -0.713591
15 72 0 8 -0.715164
19 27 0 8 -0.715474
16 36 0 8 -0.715852
19 28 0 8 -0.717637
67 82 0 8 -0.719429
75 85 0 8 -0.719612
9 15 0 8 -0.721934
77 83 0 8 -0.722007
4 60 0 8 -0.722170
78 83 0 8 -0.722749
6 44 0 8 -0.722957
29 74 0 8 -0.723722
17 79 0 8 -0.724728
29 76 0 8 -0.725844
29 48 0 8 -0.725939
36 49 0 8 -0.726441
9 29 0 8 -0.727505
48 64 0 8 -0.729157
63 73 0 8 -0.729195
25 78 0 8 -0.730319
51 63 0 8 -0.731303
57 73 0 8 -0.731435
27 63 0 8 -0.732977
7 21 0 8 -0.735789
54 64 0 8 -0.736223
45 86 0 8 -0.736427
2 8 0 8 -0.736952
21 69 0 8 -0.739080
17 59 0 8 -0.739178
10 27 0 8 -0.739587
9 60 0 8 -0.740584
2 49 0 8 -0.740899
7 54 0 8 -0.741267
48 55 0 8 -0.742226
40 85 0 8 -0.743480
27 43 0 8 -0.744465
29 63 0 8 -0.745517
12 68 0 8 -0.746294
25 73 0 8 -0.746660
40 64 0 8 -0.748449
3 72 0 8 -0.748948
8 54 0 8 -0.749115
49 69 0 8 -0.749593
35 75 0 8 -0.751199
32 51 0 8 -0.751609
42 76 0 8 -0.751618
27 79 0 8 -0.751994
38 48 0 8 -0.752301
23 54 0 8 -0.753599
5 22 0 8 -0.753699
9 37 0 8 -0.754121
23 75 0 8 -0.755805
52 67 0 8 -0.755969
41 69 0 8 -0.756039
13 69 0 8 -0.756969
24 69 0 8 -0.757123
49 56 0 8 -0.758349
8 57 0 8 -0.758693
2 59 0 8 -0.760672
23 48 0 8 -0.760762
17 60 0 8 -0.760901
39 83 0 8 -0.761326
10 22 0 8 -0.762503
13 54 0 8 -0.762997
9 77 0 8 -0.763579
28 76 0 8 -0.765955
12 62 0 8 -0.766925
39 65 0 8 -0.767490
69 84 0 8 -0.768313
39 86 0 8 -0.768831
28 48 0 8 -0.769813
37 55 0 8 -0.772122
54 76 0 8 -0.775269
66 81 0 8 -0.776089
46 80 0 8 -0.776456
36 44 0 8 -0.777017
33 47 0 8 -0.777789
22 41 0 8 -0.778491
25 32 0 8 -0.778828
58 86 0 8 -0.779588
12 41 0 8 -0.780470
18 77 0 8 -0.780580
18 23 0 8 -0.784059
26 86 0 8 -0.784634
5 74 0 8 -0.785074
21 38 0 8 -0.785090
5 55 0 8 -0.786824
43 74 0 8 -0.786953
72 83 0 8 -0.787393
6 23 0 8 -0.787515
20 45 0 8 -0.789511
10 78 0 8 -0.789553
59 73 0 8 -0.791091
41 70 0 8 -0.791302
8 37 0 8 -0.791377
13 59 0 8 -0.791955
55 75 0 8 -0.792050
23 46 0 8 -0.794735
35 58 0 8 -0.795751
25 38 0 8 -0.796768
51 80 0 8 -0.797302
20 83 0 8 -0.797689
8 85 0 8 -0.798232
13 67 0 8 -0.798363
27 34 0 8 -0.799283
17 48 0 8 -0.799692
2 77 0 8 -0.801369
15 64 0 8 -0.801616
39 61 0 8 -0.802545
12 61 0 8 -0.802731
5 54 0 8 -0.803071
43 68 0 8 -0.803601
19 56 0 8 -0.803654
45 82 0 8 -0.804208
15 86 0 8 -0.805379
8 19 0 8 -0.806484
12 46 0 8 -0.806569
15 42 0 8 -0.807280
46 62 0 8 -0.808290
13 56 0 8 -0.808909
24 86 0 8 -0.809083
67 75 0 8 -0.812997
5 69 0 8 -0.813005
60 86 0 8 -0.813106
12 81 0 8 -0.813293
16 30 0 8 -0.813403
27 65 0 8 -0.813815
13 64 0 8 -0.813950
11 84 0 8 -0.816182
5 27 0 8 -0.816680
26 79 0 8 -0.817894
5 11 0 8 -0.819644
32 48 0 8 -0.822001
20 85 0 8 -0.822081
26 80 0 8 -0.822702
14 70 0 8 -0.824107
14 86 0 8 -0.825479
28 43 0 8 -0.828304
7 25 0 8 -0.829471
22 32 0 8 -0.830450
4 37 0 8 -0.831122
39 84 0 8 -0.832193
59 72 0 8 -0.832492
5 13 0 8 -0.837663
64 71 0 8 -0.837699
11 61 0 8 -0.838479
16 62 0 8 -0.839117
5 21 0 8 -0.839432
6 42 0 8 -0.839554
32 68 0 8 -0.839669
30 52 0 8 -0.840591
4 28 0 8 -0.841675
11 58 0 8 -0.841703
43 66 0 8 -0.842106
21 56 0 8 -0.843117
40 66 0 8 -0.843753
38 50 0 8 -0.844730
32 79 0 8 -0.845274
18 48 0 8 -0.846524
24 83 0 8 -0.846528
32 46 0 8 -0.846683
60 72 0 8 -0.847555
59 80 0 8 -0.847708
29 49 0 8 -0.848479
14 30 0 8 -0.849989
40 74 0 8 -0.850945
2 41 0 8 -0.851137
31 51 0 8 -0.851815
11 38 0 8 -0.853388
27 55 0 8 -0.853512
14 55 0 8 -0.854678
15 85 0 8 -0.855833
19 70 0 8 -0.857537
55 74 0 8 -0.858797
31 52 0 8 -0.862189
12 31 0 8 -0.862264
2 25 0 8 -0.863419
57 76 0 8 -0.867573
18 41 0 8 -0.868080
31 70 0 8 -0.869363
32 69 0 8 -0.870147
8 81 0 8 -0.873401
65 73 0 8 -0.873559
10 69 0 8 -0.875191
4 23 0 8 -0.875297
36 66 0 8 -0.875475
13 78 0 8 -0.876071
18 44 0 8 -0.876484
28 46 0 8 -0.876537
9 35 0 8 -0.876941
14 41 0 8 -0.877299
14 47 0 8 -0.879530
17 54 0 8 -0.879561
33 65 0 8 -0.881546
12 60 0 8 -0.881645
54 78 0 8 -0.881660
16 84 0 8 -0.882454
4 56 0 8 -0.882650
27 68 0 8 -0.883705
22 80 0 8 -0.884050
26 52 0 8 -0.885067
20 25 0 8 -0.885084
32 49 0 8 -0.885535
22 71 0 8 -0.886241
6 35 0 8 -0.887284
4 16 0 8 -0.887725
8 29 0 8 -0.887923
46 78 0 8 -0.888166
43 73 0 8 -0.888997
24 55 0 8 -0.889979
17 25 0 8 -0.891448
3 75 0 8 -0.893219
17 75 0 8 -0.894568
6 36 0 8 -0.896242
8 40 0 8 -0.896393
24 45 0 8 -0.896563
12 45 0 8 -0.896843
29 58 0 8 -0.897460
52 60 0 8 -0.897947
31 71 0 8 -0.899588
49 64 0 8 -0.899847
18 40 0 8 -0.901216
6 79 0 8 -0.901266
61 78 0 8 -0.902791
2 73 0 8 -0.902832
5 52 0 8 -0.903021
47 78 0 8 -0.903088
9 31 0 8 -0.906805
24 32 0 8 -0.908159
47 65 0 8 -0.908182
4 31 0 8 -0.908890
16 55 0 8 -0.909354
28 47 0 8 -0.909357
4 62 0 8 -0.909462
41 80 0 8 -0.909464
4 78 0 8 -0.910262
18 72 0 8 -0.912008
35 64 0 8 -0.912067
8 72 0 8 -0.912958
60 85 0 8 -0.913270
33 49 0 8 -0.914804
9 81 0 8 -0.915028
41 54 0 8 -0.915098
40 57 0 8 -0.917195
25 63 0 8 -0.917791
44 82 0 8 -0.918354
11 73 0 8 -0.919170
17 27 0 8 -0.920027
9 36 0 8 -0.920601
3 39 0 8 -0.920681
19 36 0 8 -0.921660
24 48 0 8 -0.921818
12 21 0 8 -0.922043
61 75 0 8 -0.922205
14 68 0 8 -0.926432
15 23 0 8 -0.926470
30 84 0 8 -0.927058
70 76 0 8 -0.927757
2 75 0 8 -0.929305
27 73 0 8 -0.930906
6 27 0 8 -0.931186
22 44 0 8 -0.931840
10 57 0 8 -0.932323
45 78 0 8 -0.933560
25 56 0 8 -0.933939
21 39 0 8 -0.934815
4 52 0 8 -0.935997
39 54 0 8 -0.936261
16 47 0 8 -0.936671
14 46 0 8 -0.936847
46 55 0 8 -0.937123
14 28 0 8 -0.937321
9 71 0 8 -0.939368
20 30 0 8 -0.939472
10 80 0 8 -0.939816
48 85 0 8 -0.943478
30 81 0 8 -0.943998
8 17 0 8 -0.944957
2 24 0 8 -0.945888
7 72 0 8 -0.946784
2 33 0 8 -0.946814
19 66 0 8 -0.948775
18 82 0 8 -0.949369
6 25 0 8 -0.952635
26 75 0 8 -0.955986
2 56 0 8 -0.956816
34 73 0 8 -0.957509
29 70 0 8 -0.959324
23 40 0 8 -0.959568
19 72 0 8 -0.959705
41 62 0 8 -0.960282
32 47 0 8 -0.960293
4 47 0 8 -0.960507
8 31 0 8 -0.962106
11 81 0 8 -0.962419
14 77 0 8 -0.963538
22 78 0 8 -0.964049
6 68 0 8 -0.965967
46 79 0 8 -0.966500
48 77 0 8 -0.970876
4 36 0 8 -0.975957
37 48 0 8 -0.976382
17 43 0 8 -0.977488
10 52 0 8 -0.978223
20 84 0 8 -0.979105
35 69 0 8 -0.979336
15 35 0 8 -0.980959
36 62 0 8 -0.981486
34 63 0 8 -0.982275
44 75 0 8 -0.982641
28 67 0 8 -0.983339
14 51 0 8 -0.983761
6 54 0 8 -0.983892
34 61 0 8 -0.985389
30 71 0 8 -0.985675
6 30 0 8 -0.986089
60 83 0 8 -0.989170
51 71 0 8 -0.990378
41 46 0 8 -0.990580
47 77 0 8 -0.991097
28 51 0 8 -0.991610
41 84 0 8 -0.992173
29 77 0 8 -0.992265
30 73 0 8 -0.992332
15 80 0 8 -0.993529
2 26 0 8 -0.993656
46 74 0 8 -0.994248
7 31 0 8 -0.994747
42 74 0 8 -0.994909
33 80 0 8 -0.997034
4 71 0 8 -0.997404
52 59 0 8 -0.998454
7 71 0 8 -0.999364
14 25 0 8 -0.999576
57 71 0 8 -1.000522
25 74 0 8 -1.001634
19 49 0 8 -1.002985
27 40 0 8 -1.005992
37 74 0 8 -1.006062
51 75 0 8 -1.006110
28 45 0 8 -1.007229
18 32 0 8 -1.007398
10 66 0 8 -1.007535
37 78 0 8 -1.007769
7 30 0 8 -1.007839
8 23 0 8 -1.008264
36 48 0 8 -1.010345
26 45 0 8 -1.010819
17 85 0 8 -1.012216
26 72 0 8 -1.012519
25 49 0 8 -1.013581
42 59 0 8 -1.014040
12 64 0 8 -1.015288
35 66 0 8 -1.015740
4 48 0 8 -1.016005
18 25 0 8 -1.017539
34 72 0 8 -1.017767
16 85 0 8 -1.018923
52 85 0 8 -1.018938
9 76 0 8 -1.019660
49 68 0 8 -1.020428
40 67 0 8 -1.025915
30 79 0 8 -1.026040
14 45 0 8 -1.029939
40 84 0 8 -1.030327
44 69 0 8 -1.031343
7 77 0 8 -1.032072
5 57 0 8 -1.032231
67 76 0 8 -1.033800
10 47 0 8 -1.034055
22 50 0 8 -1.034587
44 84 0 8 -1.034685
46 85 0 8 -1.037259
60 82 0 8 -1.037422
21 72 0 8 -1.039197
35 47 0 8 -1.040780
8 55 0 8 -1.040811
4 69 0 8 -1.042649
42 75 0 8 -1.043683
58 78 0 8 -1.047539
50 66 0 8 -1.047623
56 70 0 8 -1.048941
27 67 0 8 -1.051188
16 54 0 8 -1.052479
21 78 0 8 -1.052501
10 43 0 8 -1.052581
27 35 0 8 -1.053127
72 84 0 8 -1.053298
15 27 0 8 -1.053498
18 42 0 8 -1.053667
25 50 0 8 -1.054490
26 81 0 8 -1.054726
30 66 0 8 -1.055123
34 56 0 8 -1.055849
25 71 0 8 -1.056899
7 81 0 8 -1.057572
18 73 0 8 -1.058740
16 45 0 8 -1.058810
43 65 0 8 -1.059381
66 75 0 8 -1.059841
9 32 0 8 -1.062048
45 71 0 8 -1.063833
14 59 0 8 -1.064865
5 51 0 8 -1.066413
70 75 0 8 -1.066811
17 62 0 8 -1.067259
40 70 0 8 -1.068084
55 63 0 8 -1.068104
25 66 0 8 -1.068557
59 77 0 8 -1.068570
18 65 0 8 -1.069488
15 40 0 8 -1.070420
15 44 0 8 -1.072805
28 62 0 8 -1.073063
37 68 0 8 -1.074491
50 71 0 8 -1.074952
12 75 0 8 -1.075863
19 83 0 8 -1.076052
46 57 0 8 -1.076341
8 52 0 8 -1.078575
42 62 0 8 -1.079844
14 79 0 8 -1.080059
62 81 0 8 -1.080176
9 58 0 8 -1.080282
18 86 0 8 -1.081181
44 55 0 8 -1.081335
18 67 0 8 -1.081347
8 35 0 8 -1.082685
28 77 0 8 -1.083462
8 24 0 8 -1.083666
70 81 0 8 -1.084032
13 30 0 8 -1.088224
31 39 0 8 -1.089949
57 79 0 8 -1.093270
18 35 0 8 -1.095068
54 69 0 8 -1.095927
61 82 0 8 -1.095935
13 81 0 8 -1.095936
7 50 0 8 -1.097015
45 83 0 8 -1.097092
2 30 0 8 -1.097288
8 59 0 8 -1.097686
28 86 0 8 -1.101889
64 75 0 8 -1.102918
38 69 0 8 -1.102974
40 48 0 8 -1.103710
6 77 0 8 -1.104615
36 54 0 8 -1.104926
20 80 0 8 -1.105283
6 52 0 8 -1.108428
61 66 0 8 -1.109247
25 44 0 8 -1.110136
16 35 0 8 -1.110872
7 20 0 8 -1.110902
34 76 0 8 -1.111882
22 73 0 8 -1.112827
4 51 0 8 -1.113076
11 50 0 8 -1.113928
51 61 0 8 -1.114853
29 79 0 8 -1.116744
29 60 0 8 -1.118604
12 77 0 8 -1.119540
4 32 0 8 -1.120170
26 49 0 8 -1.122809
46 51 0 8 -1.123964
13 83 0 8 -1.125590
3 52 0 8 -1.127602
41 81 0 8 -1.129743
51 79 0 8 -1.130363
20 54 0 8 -1.130533
26 51 0 8 -1.131684
65 76 0 8 -1.133148
10 46 0 8 -1.133522
2 22 0 8 -1.134229
19 62 0 8 -1.136405
5 48 0 8 -1.137258
48 78 0 8 -1.137364
30 85 0 8 -1.138227
36 43 0 8 -1.139200
27 80 0 8 -1.139243
25 69 0 8 -1.140678
38 52 0 8 -1.140740
29 41 0 8 -1.141755
13 86 0 8 -1.142781
42 79 0 8 -1.144155
27 85 0 8 -1.145372
18 54 0 8 -1.146474
3 82 0 8 -1.146811
35 54 0 8 -1.146939
20 61 0 8 -1.147863
61 73 0 8 -1.147949
41 85 0 8 -1.148388
35 59 0 8 -1.148494
2 78 0 8 -1.148921
51 66 0 8 -1.150349
2 84 0 8 -1.150567
61 70 0 8 -1.152928
24 43 0 8 -1.153597
5 73 0 8 -1.153833
57 65 0 8 -1.154398
10 61 0 8 -1.154521
8 42 0 8 -1.156646
30 48 0 8 -1.157082
51 60 0 8 -1.157413
45 59 0 8 -1.158297
37 51 0 8 -1.160409
50 80 0 8 -1.161714
4 68 0 8 -1.163605
61 72 0 8 -1.163817
17 52 0 8 -1.164666
5 79 0 8 -1.166669
5 56 0 8 -1.168031
2 74 0 8 -1.169654
13 72 0 8 -1.169670
36 77 0 8 -1.172703
2 81 0 8 -1.175068
27 50 0 8 -1.175673
30 54 0 8 -1.177982
11 76 0 8 -1.178334
73 80 0 8 -1.179675
25 67 0 8 -1.179686
58 70 0 8 -1.179753
11 27 0 8 -1.180408
61 84 0 8 -1.184055
2 71 0 8 -1.184324
42 54 0 8 -1.185035
17 66 0 8 -1.185613
30 78 0 8 -1.186192
21 83 0 8 -1.186260
23 47 0 8 -1.190308
78 85 0 8 -1.191171
6 46 0 8 -1.191201
29 51 0 8 -1.192026
2 32 0 8 -1.192544
31 85 0 8 -1.193397
20 79 0 8 -1.194803
9 33 0 8 -1.198733
47 55 0 8 -1.198837
4 54 0 8 -1.199143
32 64 0 8 -1.200869
30 45 0 8 -1.201505
8 70 0 8 -1.201848
14 49 0 8 -1.202494
44 50 0 8 -1.202682
2 72 0 8 -1.203105
13 32 0 8 -1.203238
32 44 0 8 -1.203824
12 82 0 8 -1.204745
66 83 0 8 -1.205314
43 75 0 8 -1.207784
41 74 0 8 -1.208205
54 71 0 8 -1.208627
10 73 0 8 -1.208893
57 78 0 8 -1.209106
46 59 0 8 -1.210881
8 32 0 8 -1.212484
18 27 0 8 -1.213064
58 79 0 8 -1.217967
22 79 0 8 -1.218421
6 14 0 8 -1.219383
28 61 0 8 -1.219765
33 69 0 8 -1.220001
14 66 0 8 -1.220395
3 42 0 8 -1.220526
28 78 0 8 -1.223626
30 49 0 8 -1.224859
66 86 0 8 -1.225178
6 72 0 8 -1.227455
34 57 0 8 -1.228105
6 32 0 8 -1.229033
4 30 0 8 -1.229584
3 21 0 8 -1.232706
12 73 0 8 -1.234445
61 71 0 8 -1.234447
54 81 0 8 -1.236267
19 69 0 8 -1.236294
52 64 0 8 -1.238332
9 73 0 8 -1.239106
28 70 0 8 -1.240760
2 17 0 8 -1.242224
40 69 0 8 -1.245958
27 61 0 8 -1.246374
50 64 0 8 -1.246638
2 79 0 8 -1.247328
24 39 0 8 -1.247353
32 80 0 8 -1.249653
11 26 0 8 -1.250682
11 54 0 8 -1.251332
45 64 0 8 -1.251535
19 67 0 8 -1.251972
32 81 0 8 -1.252828
16 49 0 8 -1.255911
19 58 0 8 -1.255963
62 84 0 8 -1.256609
8 14 0 8 -1.258875
4 38 0 8 -1.260552
23 37 0 8 -1.261773
45 51 0 8 -1.262262
50 86 0 8 -1.263084
9 55 0 8 -1.265014
6 56 0 8 -1.265426
6 37 0 8 -1.266376
28 63 0 8 -1.267065
3 49 0 8 -1.267642
58 71 0 8 -1.269140
40 65 0 8 -1.271312
36 85 0 8 -1.272927
6 67 0 8 -1.273270
42 64 0 8 -1.273537
6 84 0 8 -1.274425
29 52 0 8 -1.275031
15 21 0 8 -1.281008
36 57 0 8 -1.283807
10 33 0 8 -1.285523
12 76 0 8 -1.285844
20 36 0 8 -1.287450
66 84 0 8 -1.290032
35 68 0 8 -1.293473
6 51 0 8 -1.296590
21 86 0 8 -1.297843
68 84 0 8 -1.299215
17 73 0 8 -1.299342
64 81 0 8 -1.301764
14 27 0 8 -1.302030
46 71 0 8 -1.303327
10 56 0 8 -1.304019
30 72 0 8 -1.309407
52 73 0 8 -1.309652
6 76 0 8 -1.311255
11 85 0 8 -1.311684
76 82 0 8 -1.312157
47 79 0 8 -1.313685
55 80 0 8 -1.314185
52 82 0 8 -1.317604
49 59 0 8 -1.319064
11 49 0 8 -1.321882
28 50 0 8 -1.323129
11 78 0 8 -1.323269
18 37 0 8 -1.323820
6 50 0 8 -1.326613
62 72 0 8 -1.327026
42 60 0 8 -1.327384
69 78 0 8 -1.328260
25 36 0 8 -1.329582
50 60 0 8 -1.330153
13 36 0 8 -1.331917
8 75 0 8 -1.337816
33 52 0 8 -1.340627
60 65 0 8 -1.342803
31 68 0 8 -1.343083
37 81 0 8 -1.346246
38 70 0 8 -1.347495
13 73 0 8 -1.347975
44 57 0 8 -1.348546
28 42 0 8 -1.348549
22 70 0 8 -1.350594
35 78 0 8 -1.351353
6 31 0 8 -1.351658
36 68 0 8 -1.353093
21 46 0 8 -1.353627
12 25 0 8 -1.354792
49 80 0 8 -1.357774
27 45 0 8 -1.358690
27 71 0 8 -1.358888
26 39 0 8 -1.360491
18 76 0 8 -1.360545
22 47 0 8 -1.360730
47 58 0 8 -1.361500
27 51 0 8 -1.364286
43 54 0 8 -1.364526
3 66 0 8 -1.365696
27 70 0 8 -1.368156
24 36 0 8 -1.371630
33 62 0 8 -1.373504
7 55 0 8 -1.373707
58 73 0 8 -1.373716
26 48 0 8 -1.374076
4 85 0 8 -1.377579
19 41 0 8 -1.379042
33 74 0 8 -1.379523
3 25 0 8 -1.379753
3 26 0 8 -1.380286
59 67 0 8 -1.383113
3 30 0 8 -1.383684
14 56 0 8 -1.384236
21 49 0 8 -1.384997
21 54 0 8 -1.385933
44 77 0 8 -1.386154
26 43 0 8 -1.386917
20 48 0 8 -1.387878
22 29 0 8 -1.389063
27 72 0 8 -1.390956
37 80 0 8 -1.391004
26 38 0 8 -1.391135
22 82 0 8 -1.393676
14 39 0 8 -1.394840
4 15 0 8 -1.395280
35 61 0 8 -1.395458
39 57 0 8 -1.395497
3 62 0 8 -1.395660
27 62 0 8 -1.395833
19 43 0 8 -1.396288
13 57 0 8 -1.397268
22 49 0 8 -1.397874
31 84 0 8 -1.398145
17 46 0 8 -1.402789
7 59 0 8 -1.403510
8 73 0 8 -1.410511
24 81 0 8 -1.411261
21 61 0 8 -1.411672
58 80 0 8 -1.412139
15 48 0 8 -1.413263
28 38 0 8 -1.413406
19 37 0 8 -1.414967
2 10 0 8 -1.415936
20 39 0 8 -1.416437
50 77 0 8 -1.416951
35 50 0 8 -1.417288
22 77 0 8 -1.418517
55 85 0 8 -1.418590
18 36 0 8 -1.419339
22 66 0 8 -1.419437
8 27 0 8 -1.420083
18 34 0 8 -1.420215
7 26 0 8 -1.422974
18 38 0 8 -1.427238
36 80 0 8 -1.429656
42 58 0 8 -1.430861
11 77 0 8 -1.435140
11 69 0 8 -1.437960
31 76 0 8 -1.443128
12 85 0 8 -1.443440
8 69 0 8 -1.443698
58 64 0 8 -1.443817
50 74 0 8 -1.445078
5 59 0 8 -1.445463
48 65 0 8 -1.449136
10 25 0 8 -1.451943
23 57 0 8 -1.454018
29 45 0 8 -1.456800
32 43 0 8 -1.456857
7 73 0 8 -1.457741
64 76 0 8 -1.460172
27 78 0 8 -1.460633
8 39 0 8 -1.460799
69 77 0 8 -1.462187
18 30 0 8 -1.462610
39 58 0 8 -1.463204
13 75 0 8 -1.463418
47 76 0 8 -1.463450
61 74 0 8 -1.463802
19 76 0 8 -1.464300
5 86 0 8 -1.464408
26 47 0 8 -1.468535
48 73 0 8 -1.469938
19 55 0 8 -1.473907
29 81 0 8 -1.478741
40 73 0 8 -1.479056
48 67 0 8 -1.483020
23 79 0 8 -1.483046
8 79 0 8 -1.486553
38 49 0 8 -1.487480
48 75 0 8 -1.487966
12 28 0 8 -1.489418
47 85 0 8 -1.491197
42 48 0 8 -1.491891
13 76 0 8 -1.495287
62 73 0 8 -1.497435
30 69 0 8 -1.499735
55 86 0 8 -1.500028
23 58 0 8 -1.500436
15 41 0 8 -1.504124
15 24 0 8 -1.505921
40 61 0 8 -1.510366
23 45 0 8 -1.510848
27 33 0 8 -1.517576
6 85 0 8 -1.519497
16 48 0 8 -1.520949
12 24 0 8 -1.523762
34 54 0 8 -1.527223
21 76 0 8 -1.527264
34 59 0 8 -1.529201
32 39 0 8 -1.529418
61 79 0 8 -1.529810
46 76 0 8 -1.530589
33 67 0 8 -1.530884
41 60 0 8 -1.533270
5 45 0 8 -1.534121
8 41 0 8 -1.537387
10 60 0 8 -1.540038
26 59 0 8 -1.542158
31 67 0 8 -1.542429
24 38 0 8 -1.542907
14 65 0 8 -1.545118
34 70 0 8 -1.548619
30 64 0 8 -1.549929
23 84 0 8 -1.550636
43 57 0 8 -1.551104
12 27 0 8 -1.555984
3 36 0 8 -1.560093
31 69 0 8 -1.560981
22 81 0 8 -1.561441
42 56 0 8 -1.562740
35 62 0 8 -1.562943
35 65 0 8 -1.564539
32 77 0 8 -1.564725
11 67 0 8 -1.567461
22 38 0 8 -1.570875
26 64 0 8 -1.572851
46 69 0 8 -1.573874
33 56 0 8 -1.574161
15 43 0 8 -1.574887
49 62 0 8 -1.576086
34 79 0 8 -1.578337
5 50 0 8 -1.581480
13 31 0 8 -1.582963
44 58 0 8 -1.586193
26 77 0 8 -1.591874
18 84 0 8 -1.593910
42 55 0 8 -1.594255
23 76 0 8 -1.597869
14 36 0 8 -1.598620
12 58 0 8 -1.601844
29 46 0 8 -1.602051
10 38 0 8 -1.604711
4 10 0 8 -1.606457
19 78 0 8 -1.609333
28 80 0 8 -1.613127
29 84 0 8 -1.613527
14 23 0 8 -1.613728
38 65 0 8 -1.614206
4 81 0 8 -1.614235
27 74 0 8 -1.614994
12 23 0 8 -1.620699
11 79 0 8 -1.621559
72 81 0 8 -1.623048
34 75 0 8 -1.623554
39 73 0 8 -1.624172
25 46 0 8 -1.626807
8 67 0 8 -1.627126
38 60 0 8 -1.630031
29 65 0 8 -1.633768
19 79 0 8 -1.640123
27 76 0 8 -1.640293
24 67 0 8 -1.642164
16 72 0 8 -1.642625
21 37 0 8 -1.643720
26 61 0 8 -1.644837
4 26 0 8 -1.648202
21 75 0 8 -1.651813
41 51 0 8 -1.652062
52 81 0 8 -1.652857
24 65 0 8 -1.657148
47 74 0 8 -1.657190
8 65 0 8 -1.661154
18 43 0 8 -1.661415
43 84 0 8 -1.664152
33 83 0 8 -1.671259
30 41 0 8 -1.672166
26 67 0 8 -1.675706
26 74 0 8 -1.676596
37 65 0 8 -1.679593
14 60 0 8 -1.680234
35 77 0 8 -1.681601
44 49 0 8 -1.681738
42 84 0 8 -1.686484
22 31 0 8 -1.688892
26 58 0 8 -1.689468
40 60 0 8 -1.689621
33 60 0 8 -1.697127
15 51 0 8 -1.700498
25 45 0 8 -1.701456
47 72 0 8 -1.702402
43 78 0 8 -1.704937
55 81 0 8 -1.706809
33 42 0 8 -1.708991
36 55 0 8 -1.720607
33 48 0 8 -1.727657
3 50 0 8 -1.728309
55 67 0 8 -1.729037
28 79 0 8 -1.729708
39 79 0 8 -1.730421
25 72 0 8 -1.730834
4 67 0 8 -1.733301
14 74 0 8 -1.736840
30 60 0 8 -1.738120
34 81 0 8 -1.738483
33 40 0 8 -1.739316
27 77 0 8 -1.739361
36 75 0 8 -1.739594
21 81 0 8 -1.740851
10 74 0 8 -1.741295
21 50 0 8 -1.745978
46 75 0 8 -1.747241
35 76 0 8 -1.750890
18 29 0 8 -1.752302
26 68 0 8 -1.753347
20 68 0 8 -1.753524
49 71 0 8 -1.753889
15 26 0 8 -1.754322
15 79 0 8 -1.756828
39 76 0 8 -1.762803
29 57 0 8 -1.765119
32 45 0 8 -1.766712
34 77 0 8 -1.775030
34 67 0 8 -1.776564
20 62 0 8 -1.778149
44 52 0 8 -1.778869
18 79 0 8 -1.781322
14 34 0 8 -1.788763
17 68 0 8 -1.788812
49 74 0 8 -1.789599
22 39 0 8 -1.790134
50 83 0 8 -1.794474
36 76 0 8 -1.812915
35 70 0 8 -1.813150
43 56 0 8 -1.813677
43 71 0 8 -1.816509
16 67 0 8 -1.819643
44 76 0 8 -1.820665
36 78 0 8 -1.824346
27 59 0 8 -1.829301
48 76 0 8 -1.832250
40 50 0 8 -1.835173
20 58 0 8 -1.836959
14 43 0 8 -1.840930
40 62 0 8 -1.842891
10 39 0 8 -1.848645
51 56 0 8 -1.852931
32 54 0 8 -1.854149
31 55 0 8 -1.854500
27 84 0 8 -1.861449
28 72 0 8 -1.864144
40 68 0 8 -1.865537
6 49 0 8 -1.874545
33 86 0 8 -1.881658
31 75 0 8 -1.885006
23 52 0 8 -1.886762
10 41 0 8 -1.887939
4 50 0 8 -1.888208
49 82 0 8 -1.888609
18 26 0 8 -1.891820
13 61 0 8 -1.892533
36 82 0 8 -1.894913
33 38 0 8 -1.900332
23 62 0 8 -1.902340
15 34 0 8 -1.906744
40 49 0 8 -1.907651
39 51 0 8 -1.910315
17 84 0 8 -1.914298
31 43 0 8 -1.915126
38 78 0 8 -1.925907
22 35 0 8 -1.926349
27 42 0 8 -1.926627
25 84 0 8 -1.933848
46 72 0 8 -1.933960
23 82 0 8 -1.945402
58 75 0 8 -1.945534
18 33 0 8 -1.947221
23 74 0 8 -1.952696
52 74 0 8 -1.952780
11 55 0 8 -1.960371
15 49 0 8 -1.961919
18 31 0 8 -1.966917
4 49 0 8 -1.969587
31 59 0 8 -1.972570
32 70 0 8 -1.979956
30 43 0 8 -1.987787
28 52 0 8 -1.990106
16 76 0 8 -1.993347
10 45 0 8 -1.995969
24 85 0 8 -1.997170
31 54 0 8 -1.997206
43 82 0 8 -2.004997
42 50 0 8 -2.009842
31 58 0 8 -2.015966
11 70 0 8 -2.019979
42 67 0 8 -2.022660
57 62 0 8 -2.025387
37 50 0 8 -2.048032
13 52 0 8 -2.049918
11 33 0 8 -2.050320
64 72 0 8 -2.054602
35 71 0 8 -2.057562
43 61 0 8 -2.058965
27 39 0 8 -2.065412
12 70 0 8 -2.071990
44 74 0 8 -2.073465
25 54 0 8 -2.081009
17 67 0 8 -2.096801
24 50 0 8 -2.101562
22 42 0 8 -2.106424
34 50 0 8 -2.107132
18 51 0 8 -2.114364
30 77 0 8 -2.117543
60 76 0 8 -2.120852
33 78 0 8 -2.131669
20 37 0 8 -2.132347
39 46 0 8 -2.133872
51 77 0 8 -2.134546
65 81 0 8 -2.137244
32 58 0 8 -2.142470
31 73 0 8 -2.151563
31 60 0 8 -2.163232
66 74 0 8 -2.168301
15 50 0 8 -2.183506
13 85 0 8 -2.185290
59 65 0 8 -2.186321
32 59 0 8 -2.186518
11 39 0 8 -2.196645
39 52 0 8 -2.206463
24 58 0 8 -2.222636
16 51 0 8 -2.237761
28 39 0 8 -2.242392
10 28 0 8 -2.243870
29 43 0 8 -2.254893
27 81 0 8 -2.264941
38 67 0 8 -2.267618
29 59 0 8 -2.292648
26 78 0 8 -2.322765
46 68 0 8 -2.332602
16 73 0 8 -2.342754
15 28 0 8 -2.353773
22 43 0 8 -2.354084
14 76 0 8 -2.366991
16 79 0 8 -2.371728
23 50 0 8 -2.374126
29 55 0 8 -2.391760
37 75 0 8 -2.399346
15 73 0 8 -2.402528
31 45 0 8 -2.408548
10 26 0 8 -2.425236
35 55 0 8 -2.426606
34 68 0 8 -2.437292
22 61 0 8 -2.439698
41 68 0 8 -2.447702
4 22 0 8 -2.451994
23 51 0 8 -2.452593
42 49 0 8 -2.465589
37 52 0 8 -2.498142
35 67 0 8 -2.502461
38 72 0 8 -2.515517
16 52 0 8 -2.515851
50 59 0 8 -2.526489
31 62 0 8 -2.526798
13 29 0 8 -2.533379
34 78 0 8 -2.542001
23 72 0 8 -2.542993
26 41 0 8 -2.551017
44 72 0 8 -2.560986
25 62 0 8 -2.585633
20 67 0 8 -2.587218
38 58 0 8 -2.603238
34 58 0 8 -2.610613
36 73 0 8 -2.621326
10 62 0 8 -2.721256
62 71 0 8 -2.725531
20 50 0 8 -2.805060
11 62 0 8 -2.821747
28 68 0 8 -2.832653
26 55 0 8 -2.855927
29 42 0 8 -2.903440
24 52 0 8 -2.903621
43 77 0 8 -3.126994
38 62 0 8 -3.555709
22 72 0 8 -3.780699
