18 71 0 8 9.206793
10 35 0 8 4.975939
36 56 0 8 4.920287
60 74 0 8 4.183105
13 32 0 8 4.054736
38 55 0 8 3.987148
45 54 0 8 3.744220
44 78 0 8 3.738510
59 74 0 8 3.680908
53 78 0 8 3.502626
17 70 0 8 3.466688
17 71 0 8 3.409475
8 49 0 8 3.330167
13 22 0 8 3.098227
19 60 0 8 3.072495
16 38 0 8 3.025852
27 33 0 8 3.025512
20 82 0 8 3.011976
37 67 0 8 3.011402
41 90 0 8 2.983938
3 13 0 8 2.930995
37 65 0 8 2.925226
47 54 0 8 2.910510
68 81 0 8 2.813970
17 32 0 8 2.779242
11 53 0 8 2.773278
39 49 0 8 2.757851
28 66 0 8 2.755881
12 53 0 8 2.738067
34 58 0 8 2.737990
27 67 0 8 2.717242
46 76 0 8 2.716517
7 51 0 8 2.716201
31 45 0 8 2.707445
77 86 0 8 2.689738
23 67 0 8 2.677070
41 91 0 8 2.670588
12 47 0 8 2.663208
18 34 0 8 2.662006
79 92 0 8 2.646729
11 16 0 8 2.625866
39 82 0 8 2.591386
27 73 0 8 2.582223
8 55 0 8 2.581701
21 36 0 8 2.549708
17 58 0 8 2.545386
5 28 0 8 2.535233
45 76 0 8 2.530987
35 73 0 8 2.523662
36 53 0 8 2.450431
57 77 0 8 2.435413
7 67 0 8 2.433737
33 61 0 8 2.420715
8 64 0 8 2.396086
60 67 0 8 2.389481
47 57 0 8 2.359789
16 26 0 8 2.348244
37 48 0 8 2.341526
36 66 0 8 2.328995
21 51 0 8 2.325436
51 90 0 8 2.325184
22 46 0 8 2.315827
45 57 0 8 2.313899
23 31 0 8 2.300481
39 85 0 8 2.295294
38 53 0 8 2.274683
36 73 0 8 2.266457
38 60 0 8 2.253082
7 52 0 8 2.247574
69 74 0 8 2.247422
49 57 0 8 2.223929
35 62 0 8 2.222561
39 86 0 8 2.221992
6 34 0 8 2.216764
22 45 0 8 2.208292
34 76 0 8 2.206400
18 56 0 8 2.204972
80 87 0 8 2.200060
11 28 0 8 2.191470
17 44 0 8 2.181511
5 66 0 8 2.173018
30 50 0 8 2.164765
10 68 0 8 2.157810
57 63 0 8 2.157291
29 50 0 8 2.150836
50 75 0 8 2.140358
14 30 0 8 2.129730
15 51 0 8 2.125915
52 89 0 8 2.118052
14 29 0 8 2.109942
39 87 0 8 2.108628
8 56 0 8 2.080071
33 65 0 8 2.054211
15 60 0 8 2.053967
49 68 0 8 2.053064
61 77 0 8 2.049198
34 78 0 8 2.048996
3 23 0 8 2.047419
5 79 0 8 2.047369
47 65 0 8 2.037342
46 70 0 8 2.036091
31 49 0 8 2.034837
32 52 0 8 2.012203
10 36 0 8 2.012190
24 73 0 8 2.007564
5 51 0 8 2.006970
37 80 0 8 2.006009
33 60 0 8 2.003289
82 91 0 8 2.001585
27 41 0 8 2.000560
24 67 0 8 1.982991
22 28 0 8 1.980992
15 37 0 8 1.979898
68 79 0 8 1.977450
3 61 0 8 1.964152
44 58 0 8 1.963115
10 66 0 8 1.960546
42 68 0 8 1.946086
53 65 0 8 1.931026
15 26 0 8 1.928843
40 84 0 8 1.920819
3 8 0 8 1.916175
30 75 0 8 1.915819
12 19 0 8 1.910820
12 59 0 8 1.908273
29 75 0 8 1.906821
27 57 0 8 1.902252
16 69 0 8 1.902131
12 35 0 8 1.901724
32 54 0 8 1.895840
71 79 0 8 1.894858
26 76 0 8 1.890885
13 65 0 8 1.882436
3 51 0 8 1.882122
67 81 0 8 1.879873
37 81 0 8 1.874135
56 62 0 8 1.870869
10 62 0 8 1.854275
82 90 0 8 1.849588
5 38 0 8 1.841575
17 67 0 8 1.833582
56 72 0 8 1.831903
16 59 0 8 1.817875
19 48 0 8 1.811729
17 22 0 8 1.810500
33 44 0 8 1.809790
81 86 0 8 1.809196
51 60 0 8 1.807752
3 66 0 8 1.806653
11 57 0 8 1.800883
15 59 0 8 1.796864
13 58 0 8 1.795616
33 83 0 8 1.794988
37 56 0 8 1.792718
34 77 0 8 1.785697
24 55 0 8 1.784508
27 80 0 8 1.782284
23 71 0 8 1.776051
49 71 0 8 1.771747
56 67 0 8 1.768489
14 50 0 8 1.768143
39 48 0 8 1.759483
72 82 0 8 1.754290
51 77 0 8 1.750322
85 90 0 8 1.744056
18 24 0 8 1.742523
40 91 0 8 1.742059
41 85 0 8 1.739852
53 59 0 8 1.730950
36 74 0 8 1.730851
17 24 0 8 1.720703
5 12 0 8 1.718969
48 85 0 8 1.718130
9 56 0 8 1.715576
51 57 0 8 1.713927
26 65 0 8 1.712411
15 56 0 8 1.708693
7 56 0 8 1.699334
3 48 0 8 1.698532
27 43 0 8 1.693158
15 67 0 8 1.691303
37 52 0 8 1.689774
16 60 0 8 1.688847
8 44 0 8 1.688118
63 85 0 8 1.687156
20 47 0 8 1.686757
2 10 0 8 1.685057
44 76 0 8 1.683837
61 79 0 8 1.683604
43 86 0 8 1.667642
41 64 0 8 1.666230
31 76 0 8 1.664694
6 70 0 8 1.662385
39 81 0 8 1.656104
16 31 0 8 1.656075
24 42 0 8 1.655767
45 81 0 8 1.651042
47 80 0 8 1.646673
5 15 0 8 1.644397
69 78 0 8 1.636893
60 65 0 8 1.626339
40 77 0 8 1.623402
28 78 0 8 1.620024
14 75 0 8 1.607629
19 36 0 8 1.605674
23 58 0 8 1.598486
22 90 0 8 1.593314
27 49 0 8 1.587290
47 66 0 8 1.586072
10 74 0 8 1.582946
69 77 0 8 1.580371
27 63 0 8 1.579669
5 62 0 8 1.572532
48 86 0 8 1.568978
26 70 0 8 1.568968
58 66 0 8 1.566086
67 74 0 8 1.559893
44 49 0 8 1.557979
36 54 0 8 1.555906
9 61 0 8 1.545645
18 68 0 8 1.541345
31 57 0 8 1.536928
20 43 0 8 1.534865
36 46 0 8 1.532563
5 22 0 8 1.531775
66 84 0 8 1.529507
23 48 0 8 1.524749
77 87 0 8 1.517127
7 32 0 8 1.515895
54 73 0 8 1.515523
21 27 0 8 1.514572
7 45 0 8 1.514530
15 74 0 8 1.513390
34 85 0 8 1.512084
55 80 0 8 1.508853
13 85 0 8 1.507111
4 14 0 8 1.501277
17 54 0 8 1.498924
46 54 0 8 1.497964
69 86 0 8 1.488200
31 37 0 8 1.485481
48 63 0 8 1.483738
63 68 0 8 1.482984
75 89 0 8 1.481557
33 51 0 8 1.479317
16 64 0 8 1.477469
31 78 0 8 1.474595
8 78 0 8 1.473239
9 35 0 8 1.472514
65 85 0 8 1.471328
3 16 0 8 1.468404
7 54 0 8 1.464294
23 34 0 8 1.462240
10 65 0 8 1.461653
35 80 0 8 1.456543
16 67 0 8 1.447453
45 51 0 8 1.444630
64 76 0 8 1.440223
43 79 0 8 1.439446
32 38 0 8 1.433349
22 58 0 8 1.432637
35 91 0 8 1.431167
13 21 0 8 1.431151
18 23 0 8 1.430412
16 56 0 8 1.428034
49 85 0 8 1.421764
53 76 0 8 1.420427
17 49 0 8 1.419008
5 33 0 8 1.418236
61 81 0 8 1.418190
17 74 0 8 1.415231
10 24 0 8 1.414997
23 52 0 8 1.406920
25 62 0 8 1.405834
17 73 0 8 1.405486
13 47 0 8 1.401530
49 70 0 8 1.401488
17 56 0 8 1.400814
15 86 0 8 1.392412
28 86 0 8 1.390900
20 28 0 8 1.389793
37 71 0 8 1.389680
9 76 0 8 1.389178
21 47 0 8 1.388450
7 21 0 8 1.386582
9 70 0 8 1.386028
4 52 0 8 1.383234
5 55 0 8 1.378538
6 76 0 8 1.373691
38 58 0 8 1.368250
59 79 0 8 1.357964
71 77 0 8 1.357718
18 69 0 8 1.355481
28 73 0 8 1.354308
49 63 0 8 1.349931
25 30 0 8 1.348673
7 26 0 8 1.347577
31 61 0 8 1.346554
37 92 0 8 1.346116
22 81 0 8 1.345713
41 73 0 8 1.345551
27 82 0 8 1.342746
8 70 0 8 1.342113
33 40 0 8 1.341659
68 91 0 8 1.336800
7 55 0 8 1.335116
36 45 0 8 1.332358
34 70 0 8 1.332060
8 85 0 8 1.329217
32 45 0 8 1.325620
10 80 0 8 1.325373
44 79 0 8 1.322578
12 74 0 8 1.321440
14 25 0 8 1.320947
19 76 0 8 1.319934
52 74 0 8 1.313535
17 66 0 8 1.313030
66 79 0 8 1.309870
7 12 0 8 1.303336
33 54 0 8 1.302771
12 77 0 8 1.301862
34 69 0 8 1.300668
40 78 0 8 1.297240
27 70 0 8 1.296505
7 18 0 8 1.296440
38 56 0 8 1.291115
7 69 0 8 1.289892
78 86 0 8 1.278638
37 49 0 8 1.278173
31 71 0 8 1.276092
9 74 0 8 1.269586
31 38 0 8 1.267105
54 77 0 8 1.266003
28 83 0 8 1.264392
5 91 0 8 1.261659
11 62 0 8 1.258359
62 68 0 8 1.256113
2 31 0 8 1.254756
56 61 0 8 1.249734
26 36 0 8 1.247777
11 72 0 8 1.244310
33 42 0 8 1.242801
41 82 0 8 1.237512
12 54 0 8 1.234502
78 83 0 8 1.230232
4 67 0 8 1.227593
4 29 0 8 1.225608
11 31 0 8 1.223701
8 19 0 8 1.221459
43 64 0 8 1.221066
10 34 0 8 1.220727
63 81 0 8 1.218690
73 79 0 8 1.217423
6 91 0 8 1.217124
50 89 0 8 1.216117
5 36 0 8 1.215449
4 15 0 8 1.212996
46 52 0 8 1.211068
12 27 0 8 1.210476
21 32 0 8 1.207929
6 68 0 8 1.207348
5 44 0 8 1.205776
6 62 0 8 1.202388
11 25 0 8 1.202008
28 35 0 8 1.199306
3 60 0 8 1.198484
45 71 0 8 1.194372
65 78 0 8 1.194240
21 35 0 8 1.194102
32 55 0 8 1.193520
39 46 0 8 1.193420
7 35 0 8 1.187742
28 60 0 8 1.186304
21 65 0 8 1.182994
20 48 0 8 1.180957
39 68 0 8 1.179997
4 50 0 8 1.179305
84 89 0 8 1.178314
58 65 0 8 1.168919
37 46 0 8 1.167655
48 64 0 8 1.165172
73 81 0 8 1.164188
5 43 0 8 1.163287
51 69 0 8 1.163040
68 78 0 8 1.162668
61 73 0 8 1.161039
51 72 0 8 1.158684
16 55 0 8 1.156767
69 76 0 8 1.153220
79 91 0 8 1.151677
17 52 0 8 1.148632
54 71 0 8 1.145260
41 92 0 8 1.140833
69 83 0 8 1.140395
41 59 0 8 1.139911
26 59 0 8 1.133295
12 61 0 8 1.130993
3 65 0 8 1.130354
18 72 0 8 1.130187
65 82 0 8 1.129576
15 80 0 8 1.128161
16 43 0 8 1.125423
49 81 0 8 1.125060
15 87 0 8 1.124921
43 69 0 8 1.124785
15 83 0 8 1.123232
43 72 0 8 1.122235
9 39 0 8 1.121653
79 88 0 8 1.119481
15 72 0 8 1.117812
52 69 0 8 1.116883
40 90 0 8 1.115560
25 50 0 8 1.113119
13 52 0 8 1.112525
4 30 0 8 1.110589
11 63 0 8 1.110303
18 66 0 8 1.108320
78 87 0 8 1.095645
1 67 0 8 1.094368
35 69 0 8 1.089064
33 67 0 8 1.088948
26 81 0 8 1.087720
38 76 0 8 1.077910
47 55 0 8 1.077716
26 38 0 8 1.074118
42 85 0 8 1.072911
18 54 0 8 1.072229
37 53 0 8 1.070648
24 85 0 8 1.069872
7 47 0 8 1.067688
38 57 0 8 1.067569
28 45 0 8 1.067348
20 51 0 8 1.066242
6 22 0 8 1.060228
15 24 0 8 1.060068
62 85 0 8 1.059874
33 57 0 8 1.059154
43 87 0 8 1.056893
69 91 0 8 1.051550
23 77 0 8 1.051082
54 68 0 8 1.049250
7 49 0 8 1.047128
83 89 0 8 1.041236
28 34 0 8 1.038758
38 77 0 8 1.035496
3 49 0 8 1.032556
20 26 0 8 1.032182
38 46 0 8 1.029538
25 71 0 8 1.029417
22 70 0 8 1.028311
6 63 0 8 1.026962
23 60 0 8 1.025945
12 71 0 8 1.022632
2 42 0 8 1.022418
53 67 0 8 1.018904
52 81 0 8 1.017258
9 80 0 8 1.015306
25 49 0 8 1.014666
6 60 0 8 1.012482
30 89 0 8 1.008242
55 68 0 8 1.007480
10 55 0 8 1.006940
17 25 0 8 1.005176
28 92 0 8 1.000739
19 26 0 8 0.999382
24 51 0 8 0.998068
16 81 0 8 0.996768
6 66 0 8 0.995495
29 89 0 8 0.992710
61 82 0 8 0.992504
5 78 0 8 0.991596
33 68 0 8 0.990747
18 52 0 8 0.988392
47 77 0 8 0.984436
10 21 0 8 0.979883
61 90 0 8 0.979618
57 80 0 8 0.976623
83 91 0 8 0.976538
46 89 0 8 0.974563
40 55 0 8 0.972523
36 71 0 8 0.969731
31 73 0 8 0.969545
19 32 0 8 0.967879
48 82 0 8 0.965230
39 84 0 8 0.958956
2 24 0 8 0.956750
25 92 0 8 0.956161
17 27 0 8 0.955682
40 48 0 8 0.954580
2 87 0 8 0.950145
70 80 0 8 0.948826
23 78 0 8 0.948753
69 90 0 8 0.948005
20 46 0 8 0.947758
18 28 0 8 0.947633
11 87 0 8 0.946077
62 76 0 8 0.945670
20 27 0 8 0.943310
63 79 0 8 0.942627
35 72 0 8 0.941189
6 19 0 8 0.940485
1 65 0 8 0.939986
61 69 0 8 0.938948
22 32 0 8 0.938689
26 73 0 8 0.938652
57 65 0 8 0.938120
44 74 0 8 0.938033
24 63 0 8 0.933004
6 61 0 8 0.929197
22 59 0 8 0.928638
12 40 0 8 0.926775
3 18 0 8 0.926508
20 36 0 8 0.926331
10 58 0 8 0.923354
54 63 0 8 0.920208
31 65 0 8 0.919657
66 73 0 8 0.916163
26 79 0 8 0.914797
40 59 0 8 0.913289
19 44 0 8 0.912973
42 49 0 8 0.911001
9 79 0 8 0.910263
55 67 0 8 0.908277
58 86 0 8 0.907461
33 74 0 8 0.904596
27 44 0 8 0.904525
21 52 0 8 0.903606
11 45 0 8 0.902980
69 79 0 8 0.902806
1 38 0 8 0.901900
27 76 0 8 0.900612
54 80 0 8 0.900158
15 25 0 8 0.899993
53 66 0 8 0.899644
18 32 0 8 0.894752
47 58 0 8 0.892913
61 67 0 8 0.890119
17 57 0 8 0.888896
21 79 0 8 0.887026
50 72 0 8 0.886775
26 35 0 8 0.886545
81 89 0 8 0.883083
84 92 0 8 0.878110
35 82 0 8 0.877313
35 40 0 8 0.874674
27 40 0 8 0.874673
4 32 0 8 0.874576
9 16 0 8 0.871790
68 85 0 8 0.871744
8 84 0 8 0.869532
23 47 0 8 0.868574
10 26 0 8 0.868110
19 74 0 8 0.866680
34 60 0 8 0.866477
15 27 0 8 0.866157
32 49 0 8 0.864549
40 83 0 8 0.864148
21 28 0 8 0.863038
15 20 0 8 0.857016
9 42 0 8 0.855763
9 72 0 8 0.853563
10 48 0 8 0.852068
5 31 0 8 0.851857
3 11 0 8 0.851102
37 55 0 8 0.850281
49 59 0 8 0.849118
1 36 0 8 0.847198
36 44 0 8 0.847043
46 58 0 8 0.846528
25 75 0 8 0.846339
6 23 0 8 0.845170
26 43 0 8 0.844289
35 55 0 8 0.844070
4 75 0 8 0.844016
42 48 0 8 0.843570
4 25 0 8 0.842165
43 48 0 8 0.841006
51 78 0 8 0.840529
13 77 0 8 0.838247
1 6 0 8 0.836864
6 15 0 8 0.835387
8 32 0 8 0.834698
10 57 0 8 0.833108
11 23 0 8 0.832534
6 35 0 8 0.829784
46 74 0 8 0.829710
40 72 0 8 0.826743
34 74 0 8 0.826736
23 28 0 8 0.824492
76 86 0 8 0.822414
40 61 0 8 0.821643
39 61 0 8 0.819007
5 68 0 8 0.814573
10 64 0 8 0.814189
11 56 0 8 0.810785
27 38 0 8 0.809624
51 70 0 8 0.807896
82 89 0 8 0.807736
1 22 0 8 0.807595
9 28 0 8 0.805806
9 53 0 8 0.805007
42 54 0 8 0.801050
8 79 0 8 0.800212
48 75 0 8 0.799879
6 12 0 8 0.799537
59 69 0 8 0.794504
47 69 0 8 0.793209
40 87 0 8 0.790278
47 72 0 8 0.789527
51 61 0 8 0.789228
44 73 0 8 0.788994
36 47 0 8 0.788752
7 37 0 8 0.788078
21 55 0 8 0.785079
26 44 0 8 0.784777
57 71 0 8 0.782472
8 16 0 8 0.780963
21 80 0 8 0.780566
46 92 0 8 0.778775
13 19 0 8 0.778770
52 57 0 8 0.777617
5 34 0 8 0.777297
18 53 0 8 0.775517
57 73 0 8 0.775495
51 63 0 8 0.775140
41 63 0 8 0.774971
22 63 0 8 0.774543
41 78 0 8 0.773327
9 44 0 8 0.771380
34 61 0 8 0.770246
69 81 0 8 0.767516
53 70 0 8 0.765517
38 90 0 8 0.762148
33 80 0 8 0.758772
38 62 0 8 0.758645
50 71 0 8 0.758490
61 78 0 8 0.758072
21 67 0 8 0.757800
64 82 0 8 0.756824
47 74 0 8 0.754761
31 52 0 8 0.753181
40 81 0 8 0.751282
70 78 0 8 0.751107
51 67 0 8 0.749963
12 22 0 8 0.748336
46 78 0 8 0.747737
10 31 0 8 0.746065
27 51 0 8 0.745819
8 58 0 8 0.745235
11 68 0 8 0.745205
8 72 0 8 0.744732
14 72 0 8 0.743478
72 77 0 8 0.742633
25 66 0 8 0.741358
45 87 0 8 0.740817
77 84 0 8 0.739851
59 67 0 8 0.739505
49 69 0 8 0.739494
1 66 0 8 0.739137
10 37 0 8 0.737848
17 78 0 8 0.734241
10 70 0 8 0.734221
76 91 0 8 0.733670
45 59 0 8 0.732911
27 69 0 8 0.730845
32 84 0 8 0.730461
22 74 0 8 0.729744
35 68 0 8 0.728640
14 88 0 8 0.727740
10 69 0 8 0.725086
13 67 0 8 0.724716
77 83 0 8 0.723784
24 41 0 8 0.723420
82 88 0 8 0.721298
37 68 0 8 0.719682
38 73 0 8 0.717660
32 46 0 8 0.716167
17 65 0 8 0.716024
4 17 0 8 0.714928
35 71 0 8 0.710882
12 83 0 8 0.706585
37 77 0 8 0.705417
9 19 0 8 0.705151
77 91 0 8 0.704590
12 88 0 8 0.703773
1 64 0 8 0.703577
38 80 0 8 0.703318
2 74 0 8 0.701593
38 83 0 8 0.700126
13 74 0 8 0.698446
84 90 0 8 0.697330
13 79 0 8 0.696615
3 55 0 8 0.695639
55 60 0 8 0.695266
70 84 0 8 0.694071
68 76 0 8 0.692001
46 85 0 8 0.688869
43 91 0 8 0.688513
19 62 0 8 0.687881
34 49 0 8 0.687149
59 78 0 8 0.685867
8 13 0 8 0.683794
8 88 0 8 0.682971
11 80 0 8 0.682966
4 20 0 8 0.682515
18 70 0 8 0.682371
2 47 0 8 0.682277
22 31 0 8 0.681908
73 78 0 8 0.681637
60 73 0 8 0.681474
19 39 0 8 0.681361
9 32 0 8 0.678237
47 63 0 8 0.677790
19 38 0 8 0.676819
16 65 0 8 0.676540
78 91 0 8 0.676120
11 81 0 8 0.674053
14 52 0 8 0.673204
10 47 0 8 0.672951
1 25 0 8 0.671861
47 78 0 8 0.671510
16 63 0 8 0.670469
55 84 0 8 0.669102
27 92 0 8 0.668664
10 52 0 8 0.667055
45 78 0 8 0.666726
41 86 0 8 0.666140
32 56 0 8 0.664631
14 89 0 8 0.663239
5 61 0 8 0.662358
3 9 0 8 0.661501
15 32 0 8 0.661477
19 52 0 8 0.660561
16 62 0 8 0.660436
3 22 0 8 0.659460
6 64 0 8 0.659353
1 43 0 8 0.659068
42 84 0 8 0.657961
9 27 0 8 0.657087
20 69 0 8 0.657045
2 49 0 8 0.653662
44 92 0 8 0.652439
39 91 0 8 0.652108
8 61 0 8 0.651715
1 90 0 8 0.650707
45 61 0 8 0.649437
72 79 0 8 0.649068
34 83 0 8 0.645357
7 22 0 8 0.645219
8 26 0 8 0.644650
16 78 0 8 0.644410
36 60 0 8 0.643288
30 52 0 8 0.642786
32 59 0 8 0.640791
38 74 0 8 0.640447
23 51 0 8 0.638542
46 73 0 8 0.638435
54 61 0 8 0.637402
9 18 0 8 0.635650
28 47 0 8 0.635029
23 64 0 8 0.634277
12 42 0 8 0.633575
21 73 0 8 0.631607
81 90 0 8 0.631414
58 78 0 8 0.631102
29 72 0 8 0.630689
3 68 0 8 0.630629
47 89 0 8 0.630090
29 52 0 8 0.629914
13 36 0 8 0.627854
32 61 0 8 0.626793
53 72 0 8 0.625198
37 59 0 8 0.622764
25 65 0 8 0.622364
40 64 0 8 0.621571
30 72 0 8 0.621034
14 83 0 8 0.618383
27 87 0 8 0.617526
17 76 0 8 0.616865
19 56 0 8 0.614013
58 64 0 8 0.611757
11 37 0 8 0.609790
37 91 0 8 0.608021
2 17 0 8 0.607974
40 89 0 8 0.607438
51 62 0 8 0.607232
6 46 0 8 0.605315
24 60 0 8 0.603897
37 44 0 8 0.603796
42 89 0 8 0.602934
51 59 0 8 0.602702
8 15 0 8 0.601423
12 58 0 8 0.600555
14 48 0 8 0.600229
53 71 0 8 0.598804
21 61 0 8 0.593867
12 32 0 8 0.591157
20 64 0 8 0.590568
65 90 0 8 0.590103
48 84 0 8 0.588838
49 92 0 8 0.588766
43 85 0 8 0.587094
73 82 0 8 0.586799
28 44 0 8 0.586687
54 65 0 8 0.585788
12 57 0 8 0.585496
64 84 0 8 0.585409
66 85 0 8 0.584311
56 76 0 8 0.583208
83 88 0 8 0.582822
38 92 0 8 0.582697
45 62 0 8 0.581946
46 65 0 8 0.580768
43 53 0 8 0.580543
54 76 0 8 0.579106
18 60 0 8 0.578361
4 46 0 8 0.578287
68 75 0 8 0.577543
17 63 0 8 0.576827
3 62 0 8 0.576647
38 64 0 8 0.574585
12 44 0 8 0.574333
28 51 0 8 0.574267
48 87 0 8 0.570669
42 73 0 8 0.568611
19 81 0 8 0.567284
8 33 0 8 0.566826
63 87 0 8 0.565256
21 82 0 8 0.564440
31 72 0 8 0.562574
11 42 0 8 0.562295
83 92 0 8 0.561971
13 68 0 8 0.560629
39 90 0 8 0.560569
85 92 0 8 0.559047
6 88 0 8 0.557553
19 28 0 8 0.556946
9 78 0 8 0.556436
26 82 0 8 0.556029
69 92 0 8 0.555643
36 61 0 8 0.555138
62 72 0 8 0.554635
11 39 0 8 0.554500
34 46 0 8 0.552664
18 62 0 8 0.552281
5 27 0 8 0.552104
55 62 0 8 0.551258
8 67 0 8 0.547605
49 75 0 8 0.547378
42 72 0 8 0.547356
27 64 0 8 0.546343
43 80 0 8 0.546056
43 70 0 8 0.545381
82 92 0 8 0.545273
46 90 0 8 0.544505
2 57 0 8 0.544123
13 46 0 8 0.540384
1 87 0 8 0.539564
15 53 0 8 0.538550
22 78 0 8 0.538321
75 88 0 8 0.535973
60 70 0 8 0.535566
11 26 0 8 0.528446
8 59 0 8 0.526754
46 56 0 8 0.526054
9 48 0 8 0.525595
55 87 0 8 0.525204
16 77 0 8 0.523653
43 84 0 8 0.520923
30 71 0 8 0.520409
52 71 0 8 0.518860
41 88 0 8 0.518408
21 74 0 8 0.517729
80 85 0 8 0.517438
53 81 0 8 0.516034
22 27 0 8 0.512126
60 78 0 8 0.512098
15 34 0 8 0.512014
2 85 0 8 0.511385
26 32 0 8 0.510399
62 73 0 8 0.509115
16 45 0 8 0.507935
29 71 0 8 0.507827
1 47 0 8 0.507717
6 69 0 8 0.507462
47 73 0 8 0.506879
25 84 0 8 0.506542
60 76 0 8 0.505764
29 82 0 8 0.505043
53 74 0 8 0.504027
32 72 0 8 0.497413
19 24 0 8 0.495503
38 61 0 8 0.494227
70 92 0 8 0.492561
24 78 0 8 0.492482
47 52 0 8 0.490709
2 92 0 8 0.490068
48 92 0 8 0.487993
25 34 0 8 0.486164
7 34 0 8 0.486017
13 44 0 8 0.484817
2 56 0 8 0.484202
45 77 0 8 0.483303
13 88 0 8 0.482468
41 87 0 8 0.482282
20 67 0 8 0.482227
7 83 0 8 0.481053
30 82 0 8 0.480513
38 87 0 8 0.478691
14 41 0 8 0.477435
25 90 0 8 0.472828
55 79 0 8 0.471995
3 33 0 8 0.471816
71 84 0 8 0.469660
19 55 0 8 0.469293
24 90 0 8 0.468817
24 91 0 8 0.468319
40 79 0 8 0.467251
17 51 0 8 0.465832
74 86 0 8 0.465703
58 74 0 8 0.465223
13 34 0 8 0.461571
7 14 0 8 0.459725
44 57 0 8 0.458423
44 83 0 8 0.456594
13 60 0 8 0.455756
26 57 0 8 0.455184
23 49 0 8 0.455130
45 85 0 8 0.454873
24 69 0 8 0.453296
80 86 0 8 0.452166
18 44 0 8 0.451382
20 54 0 8 0.450425
5 80 0 8 0.449602
52 88 0 8 0.444342
37 60 0 8 0.440317
8 53 0 8 0.437748
3 82 0 8 0.437712
41 48 0 8 0.436641
4 71 0 8 0.435601
14 82 0 8 0.435091
56 84 0 8 0.434771
12 51 0 8 0.433899
20 52 0 8 0.432871
52 72 0 8 0.432838
1 9 0 8 0.432608
41 66 0 8 0.431374
7 19 0 8 0.429961
13 76 0 8 0.427378
2 7 0 8 0.426274
26 60 0 8 0.425607
1 91 0 8 0.425392
54 89 0 8 0.423110
41 83 0 8 0.422324
25 79 0 8 0.420502
54 81 0 8 0.419045
1 42 0 8 0.418892
20 81 0 8 0.418700
55 66 0 8 0.417649
17 26 0 8 0.417606
42 80 0 8 0.416237
57 74 0 8 0.416215
75 83 0 8 0.415857
64 75 0 8 0.412970
76 87 0 8 0.412592
52 75 0 8 0.412247
53 84 0 8 0.411382
25 43 0 8 0.410654
56 74 0 8 0.410047
22 66 0 8 0.409401
17 47 0 8 0.408198
63 83 0 8 0.408188
6 18 0 8 0.407881
47 70 0 8 0.407792
71 89 0 8 0.407501
43 60 0 8 0.406828
33 58 0 8 0.405514
8 36 0 8 0.404538
15 40 0 8 0.403511
16 46 0 8 0.403349
53 69 0 8 0.403253
9 22 0 8 0.402661
3 42 0 8 0.402522
59 73 0 8 0.402422
50 88 0 8 0.402279
8 62 0 8 0.401369
52 83 0 8 0.400978
8 90 0 8 0.400880
3 39 0 8 0.399010
1 88 0 8 0.397648
4 89 0 8 0.396294
55 77 0 8 0.394397
3 54 0 8 0.393191
79 90 0 8 0.393014
20 41 0 8 0.392743
24 58 0 8 0.392368
36 52 0 8 0.391922
44 70 0 8 0.389942
8 81 0 8 0.389765
3 21 0 8 0.388963
44 87 0 8 0.388299
16 66 0 8 0.387670
83 90 0 8 0.387018
46 77 0 8 0.385405
13 62 0 8 0.384840
9 21 0 8 0.384707
11 49 0 8 0.384304
1 21 0 8 0.384081
27 47 0 8 0.382298
20 61 0 8 0.382140
24 77 0 8 0.380853
24 70 0 8 0.380337
2 82 0 8 0.379867
17 84 0 8 0.377770
40 86 0 8 0.377308
23 73 0 8 0.377194
64 80 0 8 0.376580
7 89 0 8 0.376528
10 16 0 8 0.374275
41 70 0 8 0.373223
27 88 0 8 0.372236
22 87 0 8 0.371153
7 23 0 8 0.370125
43 65 0 8 0.368902
19 77 0 8 0.368661
45 52 0 8 0.367653
24 82 0 8 0.365880
37 47 0 8 0.365548
74 89 0 8 0.362264
28 64 0 8 0.362139
37 57 0 8 0.362109
25 31 0 8 0.362055
25 40 0 8 0.361874
23 79 0 8 0.361684
57 81 0 8 0.359939
16 79 0 8 0.359867
24 34 0 8 0.358559
49 54 0 8 0.356415
16 27 0 8 0.356184
23 57 0 8 0.355907
12 20 0 8 0.355692
33 87 0 8 0.355155
45 55 0 8 0.355085
39 83 0 8 0.354633
72 88 0 8 0.354295
66 83 0 8 0.353505
34 43 0 8 0.350100
41 68 0 8 0.348235
25 54 0 8 0.347630
24 53 0 8 0.347455
3 10 0 8 0.345749
18 74 0 8 0.343569
1 71 0 8 0.341619
31 39 0 8 0.341092
45 69 0 8 0.340024
58 67 0 8 0.337677
36 72 0 8 0.337033
26 34 0 8 0.336624
3 59 0 8 0.335129
52 68 0 8 0.333330
51 64 0 8 0.331178
7 41 0 8 0.331116
54 64 0 8 0.331094
33 47 0 8 0.330727
26 72 0 8 0.330440
32 58 0 8 0.330257
32 37 0 8 0.330074
18 25 0 8 0.328337
19 64 0 8 0.327996
31 67 0 8 0.327995
66 90 0 8 0.326888
20 84 0 8 0.326719
8 22 0 8 0.324810
10 82 0 8 0.322793
66 74 0 8 0.320850
64 91 0 8 0.317044
3 56 0 8 0.315854
6 86 0 8 0.315829
2 84 0 8 0.315128
40 49 0 8 0.313298
46 72 0 8 0.313062
11 51 0 8 0.312351
53 87 0 8 0.312202
31 68 0 8 0.311459
48 83 0 8 0.310752
8 65 0 8 0.310317
39 88 0 8 0.310063
6 31 0 8 0.309955
21 48 0 8 0.308709
43 66 0 8 0.307226
6 87 0 8 0.306807
19 53 0 8 0.306279
3 45 0 8 0.302832
4 60 0 8 0.302416
45 64 0 8 0.300921
40 52 0 8 0.300150
12 28 0 8 0.299232
27 37 0 8 0.296676
56 81 0 8 0.296308
19 67 0 8 0.296122
12 67 0 8 0.295720
7 44 0 8 0.294839
12 38 0 8 0.293410
74 83 0 8 0.293384
18 36 0 8 0.293027
9 15 0 8 0.292718
41 84 0 8 0.290117
34 45 0 8 0.289461
40 50 0 8 0.289426
66 91 0 8 0.289184
2 73 0 8 0.288282
69 82 0 8 0.287136
9 24 0 8 0.286636
49 65 0 8 0.285402
20 80 0 8 0.284857
6 17 0 8 0.283533
72 83 0 8 0.283354
1 44 0 8 0.282328
4 72 0 8 0.281000
10 79 0 8 0.280592
2 83 0 8 0.280581
65 76 0 8 0.280163
35 87 0 8 0.277659
38 63 0 8 0.276996
13 29 0 8 0.275391
13 30 0 8 0.274977
40 58 0 8 0.274957
15 33 0 8 0.274106
2 70 0 8 0.274101
33 77 0 8 0.273547
7 63 0 8 0.272590
17 30 0 8 0.271641
5 63 0 8 0.269982
48 68 0 8 0.267338
74 79 0 8 0.265793
24 45 0 8 0.265089
36 89 0 8 0.263653
42 55 0 8 0.263326
38 72 0 8 0.262877
28 39 0 8 0.262480
42 91 0 8 0.261609
25 56 0 8 0.259774
33 71 0 8 0.259493
68 89 0 8 0.258935
48 89 0 8 0.258565
17 29 0 8 0.258111
11 76 0 8 0.257436
35 54 0 8 0.257117
23 63 0 8 0.256779
25 35 0 8 0.256570
13 59 0 8 0.255964
11 85 0 8 0.255306
68 84 0 8 0.254682
20 72 0 8 0.254039
60 68 0 8 0.253215
72 90 0 8 0.253011
43 57 0 8 0.252158
32 50 0 8 0.251300
75 82 0 8 0.250899
63 69 0 8 0.249212
6 54 0 8 0.248860
2 36 0 8 0.248355
55 81 0 8 0.246515
3 40 0 8 0.246254
4 22 0 8 0.245068
56 68 0 8 0.244112
17 75 0 8 0.241560
33 86 0 8 0.240659
40 70 0 8 0.239033
58 68 0 8 0.238850
32 79 0 8 0.237828
5 53 0 8 0.237797
43 90 0 8 0.237345
15 47 0 8 0.237247
15 91 0 8 0.237007
22 34 0 8 0.235495
12 79 0 8 0.234150
45 65 0 8 0.233496
22 43 0 8 0.233063
74 88 0 8 0.232043
4 19 0 8 0.231836
18 79 0 8 0.229894
4 54 0 8 0.229478
1 16 0 8 0.227278
64 73 0 8 0.225719
7 90 0 8 0.223656
33 85 0 8 0.223063
71 88 0 8 0.222829
72 80 0 8 0.221906
3 86 0 8 0.219213
35 53 0 8 0.218865
86 91 0 8 0.216982
24 35 0 8 0.216947
66 78 0 8 0.216920
5 42 0 8 0.216673
19 91 0 8 0.214516
22 71 0 8 0.214267
59 77 0 8 0.213508
31 74 0 8 0.213492
20 60 0 8 0.212428
79 84 0 8 0.212356
25 61 0 8 0.211324
42 50 0 8 0.210855
67 85 0 8 0.209864
4 64 0 8 0.209520
17 55 0 8 0.208943
15 63 0 8 0.208927
30 48 0 8 0.208775
45 92 0 8 0.208714
35 90 0 8 0.208092
36 50 0 8 0.207181
70 88 0 8 0.206888
43 88 0 8 0.205788
11 30 0 8 0.205430
48 88 0 8 0.203998
10 56 0 8 0.203033
10 38 0 8 0.202604
10 91 0 8 0.202529
3 28 0 8 0.201932
87 92 0 8 0.201450
1 85 0 8 0.200868
21 90 0 8 0.200237
34 65 0 8 0.199617
18 90 0 8 0.199476
37 74 0 8 0.199149
40 68 0 8 0.196901
18 39 0 8 0.196188
67 80 0 8 0.195620
9 82 0 8 0.195353
60 77 0 8 0.194249
15 73 0 8 0.193856
24 76 0 8 0.193352
33 45 0 8 0.193303
45 74 0 8 0.192563
65 88 0 8 0.192305
4 37 0 8 0.192278
68 83 0 8 0.191698
40 71 0 8 0.190984
19 73 0 8 0.190850
4 83 0 8 0.190743
22 48 0 8 0.189747
34 59 0 8 0.188994
18 31 0 8 0.187102
68 87 0 8 0.187068
40 56 0 8 0.186899
42 67 0 8 0.186623
21 57 0 8 0.186288
14 68 0 8 0.185237
54 69 0 8 0.184422
35 45 0 8 0.183455
14 71 0 8 0.183143
12 17 0 8 0.183134
42 76 0 8 0.182517
40 82 0 8 0.182365
6 39 0 8 0.180961
70 79 0 8 0.180158
41 81 0 8 0.179911
17 48 0 8 0.179481
24 43 0 8 0.177660
9 41 0 8 0.177190
42 69 0 8 0.176575
42 77 0 8 0.176019
15 31 0 8 0.175628
13 83 0 8 0.174304
8 71 0 8 0.173092
46 53 0 8 0.172132
5 20 0 8 0.171729
44 66 0 8 0.169930
10 40 0 8 0.169904
30 83 0 8 0.169393
2 33 0 8 0.168510
35 74 0 8 0.168409
14 53 0 8 0.168248
80 88 0 8 0.167694
2 44 0 8 0.167608
60 81 0 8 0.167593
22 82 0 8 0.167578
44 86 0 8 0.167568
50 83 0 8 0.167510
11 44 0 8 0.167348
25 33 0 8 0.166206
13 35 0 8 0.164115
11 82 0 8 0.163841
78 85 0 8 0.163709
11 38 0 8 0.161218
51 80 0 8 0.160797
36 75 0 8 0.159984
6 24 0 8 0.159419
25 70 0 8 0.159335
10 73 0 8 0.158526
1 62 0 8 0.158273
15 79 0 8 0.157860
64 87 0 8 0.157376
29 48 0 8 0.157006
68 73 0 8 0.156919
25 89 0 8 0.156829
11 55 0 8 0.156760
1 41 0 8 0.156401
70 87 0 8 0.156390
40 92 0 8 0.155994
72 89 0 8 0.155817
51 88 0 8 0.154982
1 14 0 8 0.154915
49 89 0 8 0.153857
15 44 0 8 0.153328
29 76 0 8 0.152780
65 91 0 8 0.152734
44 53 0 8 0.152706
9 83 0 8 0.151742
27 35 0 8 0.151318
23 62 0 8 0.151205
23 33 0 8 0.151182
29 83 0 8 0.150775
22 53 0 8 0.150223
30 53 0 8 0.147956
55 71 0 8 0.147609
6 21 0 8 0.147470
46 87 0 8 0.146711
25 52 0 8 0.146346
8 21 0 8 0.146084
13 25 0 8 0.143613
12 82 0 8 0.143331
25 72 0 8 0.142110
67 78 0 8 0.141673
19 27 0 8 0.139091
21 63 0 8 0.138925
31 91 0 8 0.138832
63 75 0 8 0.137680
36 76 0 8 0.137154
16 72 0 8 0.136333
34 55 0 8 0.135127
4 47 0 8 0.132075
6 92 0 8 0.131896
47 92 0 8 0.131735
57 78 0 8 0.131512
17 36 0 8 0.131400
63 72 0 8 0.130844
64 86 0 8 0.130801
11 54 0 8 0.130265
82 87 0 8 0.129365
2 77 0 8 0.129111
7 53 0 8 0.128692
66 92 0 8 0.127894
4 82 0 8 0.126284
31 46 0 8 0.125891
8 68 0 8 0.125813
20 63 0 8 0.123934
17 43 0 8 0.123306
1 19 0 8 0.123139
9 58 0 8 0.122754
16 49 0 8 0.121571
48 91 0 8 0.121014
50 76 0 8 0.119861
11 29 0 8 0.117763
30 88 0 8 0.117561
58 80 0 8 0.117392
56 80 0 8 0.117117
50 82 0 8 0.116745
30 45 0 8 0.116555
18 73 0 8 0.114278
57 84 0 8 0.114109
13 50 0 8 0.113196
25 88 0 8 0.112562
37 79 0 8 0.110714
7 30 0 8 0.109741
5 39 0 8 0.108414
26 31 0 8 0.107990
73 85 0 8 0.107382
1 60 0 8 0.106956
18 77 0 8 0.106909
34 63 0 8 0.106276
14 26 0 8 0.105414
1 31 0 8 0.103424
12 34 0 8 0.102975
11 90 0 8 0.102713
47 84 0 8 0.102322
1 50 0 8 0.102045
16 23 0 8 0.101738
64 83 0 8 0.101692
27 78 0 8 0.100784
22 92 0 8 0.099818
12 87 0 8 0.099625
13 42 0 8 0.099538
20 92 0 8 0.099141
40 69 0 8 0.098207
17 50 0 8 0.097831
29 45 0 8 0.097389
21 58 0 8 0.096952
9 86 0 8 0.096512
3 80 0 8 0.096011
2 38 0 8 0.095477
1 30 0 8 0.095223
15 65 0 8 0.094943
43 55 0 8 0.094807
12 72 0 8 0.093012
18 65 0 8 0.092930
1 51 0 8 0.092687
17 88 0 8 0.091595
28 71 0 8 0.091461
21 68 0 8 0.091196
33 84 0 8 0.090087
28 53 0 8 0.090057
2 40 0 8 0.089870
35 79 0 8 0.089720
32 83 0 8 0.089405
36 51 0 8 0.089079
31 82 0 8 0.088397
43 54 0 8 0.088152
26 64 0 8 0.088060
68 92 0 8 0.086795
46 66 0 8 0.086532
3 46 0 8 0.085394
2 12 0 8 0.084887
15 28 0 8 0.083157
75 85 0 8 0.082910
10 86 0 8 0.081598
52 82 0 8 0.081522
56 92 0 8 0.080163
30 76 0 8 0.080103
13 82 0 8 0.080061
29 49 0 8 0.079447
29 88 0 8 0.078937
7 29 0 8 0.077436
23 72 0 8 0.076454
30 40 0 8 0.075775
67 79 0 8 0.075460
22 88 0 8 0.075327
6 11 0 8 0.073574
25 85 0 8 0.072613
28 36 0 8 0.071721
37 45 0 8 0.071548
29 53 0 8 0.071459
38 49 0 8 0.071431
12 25 0 8 0.070555
55 74 0 8 0.068357
78 84 0 8 0.067875
22 33 0 8 0.067841
31 51 0 8 0.067269
58 76 0 8 0.066552
71 82 0 8 0.065480
16 54 0 8 0.064764
30 49 0 8 0.064729
9 34 0 8 0.062623
4 58 0 8 0.062613
1 29 0 8 0.062565
19 66 0 8 0.062205
2 26 0 8 0.062167
45 50 0 8 0.059769
4 36 0 8 0.058847
43 83 0 8 0.058720
4 21 0 8 0.057932
28 87 0 8 0.057806
1 24 0 8 0.057721
29 40 0 8 0.057482
2 90 0 8 0.057218
48 55 0 8 0.056882
1 17 0 8 0.056836
3 38 0 8 0.055460
19 31 0 8 0.054477
24 80 0 8 0.053514
64 92 0 8 0.053502
35 63 0 8 0.053283
52 67 0 8 0.053183
75 84 0 8 0.052956
44 90 0 8 0.051687
1 18 0 8 0.050470
52 61 0 8 0.049275
2 86 0 8 0.048125
13 39 0 8 0.047177
36 91 0 8 0.047044
28 38 0 8 0.046466
4 81 0 8 0.045143
21 77 0 8 0.044565
57 89 0 8 0.044133
62 67 0 8 0.043910
68 88 0 8 0.043821
13 90 0 8 0.042323
31 44 0 8 0.041783
49 78 0 8 0.041463
4 26 0 8 0.041101
39 76 0 8 0.040908
1 54 0 8 0.040705
9 43 0 8 0.040319
39 69 0 8 0.040014
3 58 0 8 0.039850
33 56 0 8 0.037697
29 92 0 8 0.036943
1 83 0 8 0.036608
40 45 0 8 0.036526
38 88 0 8 0.036046
20 73 0 8 0.035608
42 58 0 8 0.035020
33 79 0 8 0.034590
15 23 0 8 0.034378
49 76 0 8 0.034169
2 58 0 8 0.033396
6 44 0 8 0.031457
25 42 0 8 0.031244
18 35 0 8 0.031016
2 67 0 8 0.030724
62 80 0 8 0.029258
25 46 0 8 0.027910
28 75 0 8 0.025911
85 91 0 8 0.025870
14 81 0 8 0.024703
20 44 0 8 0.024692
32 51 0 8 0.024242
46 88 0 8 0.024201
26 58 0 8 0.023667
15 55 0 8 0.022180
39 92 0 8 0.022031
18 29 0 8 0.021452
48 80 0 8 0.020549
6 37 0 8 0.020187
73 80 0 8 0.020060
50 85 0 8 0.019927
40 53 0 8 0.019924
42 88 0 8 0.019896
18 42 0 8 0.019539
39 73 0 8 0.018853
22 84 0 8 0.018267
34 68 0 8 0.017826
28 41 0 8 0.016413
26 69 0 8 0.016040
7 50 0 8 0.015918
26 74 0 8 0.015001
14 84 0 8 0.013576
17 41 0 8 0.012870
44 59 0 8 0.012797
15 36 0 8 0.012526
30 92 0 8 0.010892
31 88 0 8 0.010737
10 92 0 8 0.010339
6 26 0 8 0.010204
62 82 0 8 0.009409
6 51 0 8 0.009250
2 59 0 8 0.008539
76 84 0 8 0.007582
18 64 0 8 0.007334
7 36 0 8 0.007062
17 45 0 8 0.006196
48 54 0 8 0.005879
22 47 0 8 0.005658
50 64 0 8 0.002686
75 80 0 8 0.002676
44 71 0 8 0.000410
37 63 0 8 0.000149
14 33 0 8 0.000010
1 93 0 8 0.000000
2 93 0 8 0.000000
3 93 0 8 0.000000
4 93 0 8 0.000000
5 93 0 8 0.000000
6 93 0 8 0.000000
7 93 0 8 0.000000
8 93 0 8 0.000000
9 93 0 8 0.000000
10 93 0 8 0.000000
11 93 0 8 0.000000
12 93 0 8 0.000000
13 93 0 8 0.000000
14 93 0 8 0.000000
15 93 0 8 0.000000
16 93 0 8 0.000000
17 93 0 8 0.000000
18 93 0 8 0.000000
19 93 0 8 0.000000
20 93 0 8 0.000000
21 93 0 8 0.000000
22 93 0 8 0.000000
23 93 0 8 0.000000
24 93 0 8 0.000000
25 93 0 8 0.000000
26 93 0 8 0.000000
27 93 0 8 0.000000
28 93 0 8 0.000000
29 93 0 8 0.000000
30 93 0 8 0.000000
31 93 0 8 0.000000
32 93 0 8 0.000000
33 93 0 8 0.000000
34 93 0 8 0.000000
35 93 0 8 0.000000
36 93 0 8 0.000000
37 93 0 8 0.000000
38 93 0 8 0.000000
39 93 0 8 0.000000
40 93 0 8 0.000000
41 93 0 8 0.000000
42 93 0 8 0.000000
43 93 0 8 0.000000
44 93 0 8 0.000000
45 93 0 8 0.000000
46 93 0 8 0.000000
47 93 0 8 0.000000
48 93 0 8 0.000000
49 93 0 8 0.000000
50 93 0 8 0.000000
51 93 0 8 0.000000
52 93 0 8 0.000000
53 93 0 8 0.000000
54 93 0 8 0.000000
55 93 0 8 0.000000
56 93 0 8 0.000000
57 93 0 8 0.000000
58 93 0 8 0.000000
59 93 0 8 0.000000
60 93 0 8 0.000000
61 93 0 8 0.000000
62 93 0 8 0.000000
63 93 0 8 0.000000
64 93 0 8 0.000000
65 93 0 8 0.000000
66 93 0 8 0.000000
67 93 0 8 0.000000
68 93 0 8 0.000000
69 93 0 8 0.000000
70 93 0 8 0.000000
71 93 0 8 0.000000
72 93 0 8 0.000000
73 93 0 8 0.000000
74 93 0 8 0.000000
75 93 0 8 0.000000
76 93 0 8 0.000000
77 93 0 8 0.000000
78 93 0 8 0.000000
79 93 0 8 0.000000
80 93 0 8 0.000000
81 93 0 8 0.000000
82 93 0 8 0.000000
83 93 0 8 0.000000
84 93 0 8 0.000000
85 93 0 8 0.000000
86 93 0 8 0.000000
87 93 0 8 0.000000
88 93 0 8 0.000000
6 55 0 8 -0.000611
42 56 0 8 -0.001997
48 66 0 8 -0.002648
22 41 0 8 -0.002916
17 59 0 8 -0.003082
26 52 0 8 -0.003124
11 60 0 8 -0.003576
9 38 0 8 -0.005170
1 39 0 8 -0.005793
49 84 0 8 -0.006823
18 26 0 8 -0.006942
2 18 0 8 -0.007385
58 81 0 8 -0.007454
4 12 0 8 -0.008105
48 62 0 8 -0.008416
11 50 0 8 -0.009442
37 58 0 8 -0.010090
10 83 0 8 -0.011415
56 70 0 8 -0.012451
30 68 0 8 -0.014394
13 64 0 8 -0.014634
21 72 0 8 -0.016124
67 92 0 8 -0.016386
41 80 0 8 -0.016614
19 59 0 8 -0.017344
25 39 0 8 -0.018746
54 84 0 8 -0.019604
36 58 0 8 -0.020218
5 18 0 8 -0.020900
1 92 0 8 -0.021147
29 81 0 8 -0.022278
20 89 0 8 -0.022325
5 65 0 8 -0.023404
29 68 0 8 -0.023954
66 81 0 8 -0.024627
5 84 0 8 -0.024860
52 66 0 8 -0.025761
2 89 0 8 -0.025812
7 58 0 8 -0.025831
23 39 0 8 -0.025912
10 63 0 8 -0.027103
19 88 0 8 -0.027519
30 36 0 8 -0.027521
8 41 0 8 -0.027640
35 59 0 8 -0.028730
25 80 0 8 -0.029400
42 70 0 8 -0.030157
26 50 0 8 -0.030266
58 90 0 8 -0.030407
75 92 0 8 -0.031148
43 59 0 8 -0.031356
19 75 0 8 -0.033142
30 81 0 8 -0.033474
11 83 0 8 -0.033700
12 85 0 8 -0.034034
53 73 0 8 -0.034512
61 85 0 8 -0.035018
18 30 0 8 -0.035343
24 92 0 8 -0.037297
75 87 0 8 -0.037588
65 71 0 8 -0.037919
43 62 0 8 -0.037993
62 91 0 8 -0.038335
21 29 0 8 -0.038552
34 51 0 8 -0.038765
35 46 0 8 -0.039855
2 34 0 8 -0.039942
20 30 0 8 -0.040051
79 89 0 8 -0.042066
19 25 0 8 -0.042369
33 50 0 8 -0.042458
22 29 0 8 -0.043001
27 55 0 8 -0.043243
25 58 0 8 -0.043684
36 48 0 8 -0.044010
26 66 0 8 -0.044374
25 86 0 8 -0.045542
7 28 0 8 -0.045631
7 17 0 8 -0.045959
21 92 0 8 -0.046309
14 92 0 8 -0.046498
24 74 0 8 -0.046669
40 88 0 8 -0.046824
14 49 0 8 -0.046987
8 17 0 8 -0.047763
2 27 0 8 -0.048235
9 36 0 8 -0.048621
46 83 0 8 -0.050267
12 33 0 8 -0.051327
53 85 0 8 -0.052372
27 61 0 8 -0.053283
32 44 0 8 -0.054490
42 90 0 8 -0.055015
44 85 0 8 -0.055356
7 81 0 8 -0.056307
14 90 0 8 -0.056356
47 67 0 8 -0.056439
58 73 0 8 -0.057199
2 48 0 8 -0.058160
73 92 0 8 -0.058736
4 69 0 8 -0.058972
35 64 0 8 -0.059656
21 30 0 8 -0.060297
1 75 0 8 -0.060501
2 69 0 8 -0.061096
53 64 0 8 -0.061421
41 72 0 8 -0.061458
35 56 0 8 -0.063080
29 42 0 8 -0.063347
30 77 0 8 -0.063815
10 72 0 8 -0.065159
26 54 0 8 -0.065430
2 41 0 8 -0.065630
49 60 0 8 -0.066382
67 83 0 8 -0.066822
28 85 0 8 -0.067379
81 87 0 8 -0.067608
24 68 0 8 -0.068625
19 37 0 8 -0.069245
39 77 0 8 -0.071016
72 92 0 8 -0.072140
58 63 0 8 -0.072945
11 74 0 8 -0.073019
9 23 0 8 -0.073080
13 54 0 8 -0.073579
36 55 0 8 -0.073918
5 56 0 8 -0.074310
29 36 0 8 -0.074363
65 92 0 8 -0.074395
16 22 0 8 -0.074603
28 46 0 8 -0.075048
75 86 0 8 -0.075232
14 87 0 8 -0.075417
3 71 0 8 -0.076222
77 85 0 8 -0.076309
14 40 0 8 -0.076581
20 29 0 8 -0.076991
67 75 0 8 -0.077972
81 91 0 8 -0.078074
20 87 0 8 -0.078503
2 39 0 8 -0.079506
4 24 0 8 -0.080134
8 43 0 8 -0.082261
1 40 0 8 -0.082466
76 83 0 8 -0.083233
41 75 0 8 -0.083897
51 73 0 8 -0.085543
26 85 0 8 -0.086213
45 70 0 8 -0.086547
28 61 0 8 -0.086765
9 68 0 8 -0.087296
35 41 0 8 -0.087477
10 20 0 8 -0.087527
48 56 0 8 -0.088361
18 50 0 8 -0.089233
2 52 0 8 -0.090835
25 48 0 8 -0.091057
29 87 0 8 -0.092026
10 39 0 8 -0.092061
8 45 0 8 -0.093238
31 43 0 8 -0.093524
20 66 0 8 -0.093546
1 7 0 8 -0.094670
70 77 0 8 -0.095348
9 66 0 8 -0.096860
23 88 0 8 -0.097233
5 37 0 8 -0.098479
14 78 0 8 -0.098500
26 45 0 8 -0.098777
58 91 0 8 -0.098923
63 90 0 8 -0.099001
48 67 0 8 -0.099932
20 34 0 8 -0.101008
11 88 0 8 -0.101230
6 36 0 8 -0.101560
13 40 0 8 -0.101630
4 53 0 8 -0.101683
4 49 0 8 -0.102004
30 84 0 8 -0.102091
43 51 0 8 -0.102931
29 37 0 8 -0.104073
80 89 0 8 -0.104300
53 75 0 8 -0.104302
52 62 0 8 -0.104657
46 79 0 8 -0.105246
1 28 0 8 -0.105781
2 45 0 8 -0.106090
33 72 0 8 -0.106151
15 77 0 8 -0.106253
30 80 0 8 -0.106269
70 83 0 8 -0.106374
55 88 0 8 -0.107275
9 46 0 8 -0.107892
22 30 0 8 -0.108461
24 81 0 8 -0.108869
39 64 0 8 -0.109089
20 74 0 8 -0.110093
24 47 0 8 -0.111136
5 45 0 8 -0.114240
9 14 0 8 -0.114294
15 29 0 8 -0.114431
42 63 0 8 -0.114479
2 78 0 8 -0.115391
37 66 0 8 -0.115674
50 68 0 8 -0.115926
29 80 0 8 -0.117076
25 81 0 8 -0.117340
13 72 0 8 -0.117663
50 92 0 8 -0.118229
63 76 0 8 -0.119292
23 55 0 8 -0.119472
15 49 0 8 -0.119508
1 56 0 8 -0.119554
37 89 0 8 -0.120825
43 76 0 8 -0.120928
61 88 0 8 -0.121024
62 90 0 8 -0.121407
26 92 0 8 -0.122601
73 86 0 8 -0.122984
3 26 0 8 -0.123617
66 86 0 8 -0.123651
33 63 0 8 -0.123792
62 79 0 8 -0.123842
50 80 0 8 -0.123992
4 18 0 8 -0.124968
4 77 0 8 -0.126603
53 79 0 8 -0.126646
4 79 0 8 -0.126826
3 81 0 8 -0.128035
22 60 0 8 -0.128149
16 68 0 8 -0.128190
44 88 0 8 -0.128271
2 35 0 8 -0.128819
9 45 0 8 -0.128953
13 75 0 8 -0.129102
30 42 0 8 -0.129378
42 75 0 8 -0.129563
81 92 0 8 -0.129826
39 89 0 8 -0.130008
1 68 0 8 -0.130565
15 30 0 8 -0.131213
39 44 0 8 -0.131562
23 85 0 8 -0.131952
24 65 0 8 -0.132522
39 65 0 8 -0.133015
76 81 0 8 -0.133360
6 84 0 8 -0.133816
2 50 0 8 -0.134295
29 84 0 8 -0.134549
50 63 0 8 -0.135172
39 58 0 8 -0.135911
75 81 0 8 -0.135989
69 85 0 8 -0.136081
12 84 0 8 -0.136860
50 86 0 8 -0.137349
10 67 0 8 -0.137372
2 22 0 8 -0.137396
42 51 0 8 -0.138244
67 77 0 8 -0.138874
64 81 0 8 -0.139453
12 66 0 8 -0.140189
25 91 0 8 -0.140252
30 87 0 8 -0.140619
32 73 0 8 -0.140658
22 68 0 8 -0.140671
3 41 0 8 -0.140958
20 58 0 8 -0.141565
2 29 0 8 -0.141693
18 33 0 8 -0.141747
32 75 0 8 -0.142062
2 30 0 8 -0.142098
18 59 0 8 -0.143134
70 76 0 8 -0.143206
36 67 0 8 -0.143850
15 42 0 8 -0.143971
11 75 0 8 -0.144623
13 91 0 8 -0.145137
1 57 0 8 -0.145154
31 40 0 8 -0.145264
39 71 0 8 -0.145446
42 92 0 8 -0.146548
28 62 0 8 -0.146843
43 89 0 8 -0.147974
1 89 0 8 -0.148271
7 80 0 8 -0.148578
2 81 0 8 -0.148627
16 24 0 8 -0.149240
68 82 0 8 -0.149256
23 59 0 8 -0.150175
29 77 0 8 -0.150245
50 87 0 8 -0.151410
32 57 0 8 -0.151595
2 9 0 8 -0.151812
32 60 0 8 -0.151883
41 65 0 8 -0.153035
6 65 0 8 -0.153261
11 24 0 8 -0.153601
50 84 0 8 -0.153683
30 37 0 8 -0.154114
1 76 0 8 -0.154300
2 13 0 8 -0.154666
43 74 0 8 -0.154784
9 77 0 8 -0.154967
11 41 0 8 -0.155530
14 42 0 8 -0.155606
11 65 0 8 -0.155614
21 50 0 8 -0.156009
4 80 0 8 -0.156125
31 36 0 8 -0.156532
2 66 0 8 -0.156582
12 62 0 8 -0.156616
14 24 0 8 -0.156713
4 55 0 8 -0.157311
27 75 0 8 -0.157477
23 89 0 8 -0.157645
52 80 0 8 -0.162619
6 72 0 8 -0.163424
23 30 0 8 -0.163596
50 81 0 8 -0.164413
44 80 0 8 -0.164713
9 88 0 8 -0.165541
15 54 0 8 -0.165557
10 42 0 8 -0.166055
35 83 0 8 -0.166911
38 69 0 8 -0.167367
19 65 0 8 -0.168117
28 40 0 8 -0.168695
18 76 0 8 -0.170043
64 89 0 8 -0.170111
50 90 0 8 -0.172215
7 46 0 8 -0.172911
4 34 0 8 -0.173263
2 75 0 8 -0.173266
42 47 0 8 -0.173630
43 92 0 8 -0.174869
35 75 0 8 -0.175776
14 19 0 8 -0.177604
1 13 0 8 -0.177658
10 59 0 8 -0.177802
58 88 0 8 -0.178520
39 67 0 8 -0.178616
2 14 0 8 -0.179040
47 86 0 8 -0.180627
17 23 0 8 -0.181418
29 79 0 8 -0.181676
29 90 0 8 -0.181702
8 73 0 8 -0.182073
30 90 0 8 -0.182222
50 91 0 8 -0.182770
65 89 0 8 -0.182824
41 89 0 8 -0.183069
15 61 0 8 -0.184010
35 52 0 8 -0.184450
15 92 0 8 -0.184464
7 62 0 8 -0.186459
26 48 0 8 -0.186613
34 84 0 8 -0.187071
30 46 0 8 -0.187148
6 75 0 8 -0.187387
21 45 0 8 -0.187495
2 51 0 8 -0.189722
9 57 0 8 -0.189885
59 72 0 8 -0.190078
31 47 0 8 -0.190236
25 57 0 8 -0.190723
33 92 0 8 -0.190976
11 43 0 8 -0.191539
29 91 0 8 -0.192839
30 91 0 8 -0.193390
17 72 0 8 -0.193566
3 44 0 8 -0.193817
45 75 0 8 -0.194214
14 86 0 8 -0.195874
37 87 0 8 -0.196480
50 77 0 8 -0.196664
14 46 0 8 -0.197730
2 8 0 8 -0.198024
54 85 0 8 -0.198057
13 63 0 8 -0.198789
5 69 0 8 -0.198876
12 31 0 8 -0.199682
67 86 0 8 -0.200709
24 39 0 8 -0.200816
60 75 0 8 -0.200842
71 91 0 8 -0.200921
65 87 0 8 -0.200935
14 20 0 8 -0.200937
41 50 0 8 -0.201572
23 41 0 8 -0.201695
20 50 0 8 -0.201841
8 20 0 8 -0.201996
14 31 0 8 -0.202306
16 44 0 8 -0.202486
16 70 0 8 -0.202710
33 52 0 8 -0.203020
9 62 0 8 -0.203442
25 36 0 8 -0.203724
75 90 0 8 -0.204728
2 79 0 8 -0.206367
14 77 0 8 -0.206377
11 19 0 8 -0.206582
4 56 0 8 -0.206740
35 85 0 8 -0.209356
50 57 0 8 -0.210099
3 63 0 8 -0.210672
67 76 0 8 -0.210816
30 41 0 8 -0.211533
44 75 0 8 -0.211629
73 87 0 8 -0.211786
22 83 0 8 -0.212220
14 79 0 8 -0.212460
53 89 0 8 -0.212489
29 46 0 8 -0.213292
49 87 0 8 -0.213473
58 71 0 8 -0.214363
29 86 0 8 -0.215013
3 57 0 8 -0.215398
30 86 0 8 -0.215628
24 59 0 8 -0.218071
68 77 0 8 -0.218369
28 65 0 8 -0.218414
25 41 0 8 -0.218755
19 46 0 8 -0.219320
10 23 0 8 -0.219786
47 61 0 8 -0.220235
1 8 0 8 -0.220669
24 33 0 8 -0.220927
12 75 0 8 -0.221447
15 57 0 8 -0.221872
34 40 0 8 -0.222032
2 20 0 8 -0.222343
26 63 0 8 -0.222575
11 66 0 8 -0.223311
39 79 0 8 -0.223370
64 69 0 8 -0.224925
29 41 0 8 -0.225040
20 32 0 8 -0.225073
3 91 0 8 -0.225959
45 89 0 8 -0.226677
48 69 0 8 -0.227101
71 85 0 8 -0.227172
69 75 0 8 -0.227834
29 67 0 8 -0.228028
24 72 0 8 -0.228373
27 77 0 8 -0.228773
4 84 0 8 -0.228951
40 47 0 8 -0.229167
8 38 0 8 -0.229289
40 85 0 8 -0.230051
20 33 0 8 -0.230691
15 50 0 8 -0.230889
55 76 0 8 -0.232801
11 78 0 8 -0.233617
6 85 0 8 -0.233802
11 77 0 8 -0.234128
40 75 0 8 -0.234240
50 67 0 8 -0.234956
75 91 0 8 -0.235808
18 92 0 8 -0.235813
21 62 0 8 -0.236031
16 37 0 8 -0.236355
23 29 0 8 -0.236486
4 88 0 8 -0.236615
16 71 0 8 -0.236961
43 50 0 8 -0.237047
25 32 0 8 -0.237363
28 56 0 8 -0.237501
73 90 0 8 -0.237799
66 88 0 8 -0.239130
30 67 0 8 -0.239299
42 62 0 8 -0.239599
29 85 0 8 -0.239731
36 87 0 8 -0.239813
11 58 0 8 -0.240297
30 85 0 8 -0.240417
59 76 0 8 -0.240546
3 72 0 8 -0.240675
5 87 0 8 -0.240772
57 90 0 8 -0.241006
32 91 0 8 -0.241038
44 64 0 8 -0.241151
25 82 0 8 -0.241162
26 86 0 8 -0.241301
11 36 0 8 -0.242228
34 41 0 8 -0.242368
14 91 0 8 -0.243667
20 75 0 8 -0.243922
3 14 0 8 -0.244974
6 58 0 8 -0.245043
14 27 0 8 -0.245199
61 66 0 8 -0.245239
42 61 0 8 -0.245447
57 68 0 8 -0.246692
44 56 0 8 -0.246841
30 63 0 8 -0.247397
40 80 0 8 -0.247430
16 35 0 8 -0.247967
13 92 0 8 -0.248651
39 50 0 8 -0.249378
79 85 0 8 -0.249968
29 43 0 8 -0.250106
2 91 0 8 -0.250444
4 27 0 8 -0.250635
30 43 0 8 -0.250821
2 65 0 8 -0.250852
59 68 0 8 -0.251158
20 38 0 8 -0.251243
29 62 0 8 -0.251439
11 84 0 8 -0.251464
8 47 0 8 -0.251912
19 90 0 8 -0.253455
14 38 0 8 -0.253554
17 28 0 8 -0.253687
5 46 0 8 -0.253931
73 83 0 8 -0.254156
20 62 0 8 -0.254299
23 50 0 8 -0.254798
13 61 0 8 -0.255350
3 75 0 8 -0.255755
29 34 0 8 -0.255765
1 49 0 8 -0.255896
30 64 0 8 -0.256339
54 83 0 8 -0.258202
61 89 0 8 -0.258221
42 87 0 8 -0.258360
24 30 0 8 -0.259557
41 49 0 8 -0.260171
2 71 0 8 -0.260562
22 50 0 8 -0.260757
24 29 0 8 -0.261230
1 23 0 8 -0.261995
29 39 0 8 -0.263115
24 32 0 8 -0.263330
50 62 0 8 -0.263666
30 39 0 8 -0.263868
7 87 0 8 -0.264363
34 75 0 8 -0.264567
12 63 0 8 -0.264633
69 89 0 8 -0.264683
35 50 0 8 -0.264952
58 77 0 8 -0.265043
2 25 0 8 -0.265095
14 32 0 8 -0.265189
15 52 0 8 -0.265779
24 31 0 8 -0.265863
41 55 0 8 -0.266911
44 84 0 8 -0.266958
12 41 0 8 -0.267389
24 57 0 8 -0.267588
14 28 0 8 -0.267807
31 53 0 8 -0.268283
78 90 0 8 -0.268704
14 36 0 8 -0.268793
33 75 0 8 -0.269490
62 89 0 8 -0.272359
2 53 0 8 -0.273319
9 37 0 8 -0.273655
9 33 0 8 -0.273778
44 72 0 8 -0.274086
6 82 0 8 -0.274689
14 34 0 8 -0.275196
37 61 0 8 -0.275223
34 92 0 8 -0.275330
27 59 0 8 -0.277223
23 74 0 8 -0.277584
25 83 0 8 -0.277784
22 42 0 8 -0.278647
47 83 0 8 -0.278732
3 24 0 8 -0.278945
84 91 0 8 -0.279991
35 51 0 8 -0.281402
49 88 0 8 -0.281982
43 75 0 8 -0.282095
28 50 0 8 -0.282544
9 60 0 8 -0.282618
11 91 0 8 -0.283348
29 70 0 8 -0.284094
3 90 0 8 -0.284230
26 75 0 8 -0.284816
17 89 0 8 -0.285204
30 54 0 8 -0.285599
30 57 0 8 -0.287395
10 25 0 8 -0.287719
9 47 0 8 -0.287943
30 70 0 8 -0.288437
6 16 0 8 -0.288534
16 51 0 8 -0.288652
37 62 0 8 -0.288821
16 42 0 8 -0.288980
14 64 0 8 -0.288982
42 52 0 8 -0.289320
21 56 0 8 -0.289404
14 21 0 8 -0.289509
24 87 0 8 -0.290496
57 69 0 8 -0.290995
14 22 0 8 -0.291017
5 16 0 8 -0.291540
56 75 0 8 -0.292196
2 46 0 8 -0.292721
38 86 0 8 -0.293265
20 59 0 8 -0.293379
14 76 0 8 -0.293621
62 81 0 8 -0.293785
47 81 0 8 -0.293922
47 75 0 8 -0.294663
11 79 0 8 -0.295139
51 84 0 8 -0.295144
65 70 0 8 -0.295170
1 84 0 8 -0.295383
13 26 0 8 -0.295911
3 50 0 8 -0.297474
36 84 0 8 -0.297593
21 53 0 8 -0.298308
38 59 0 8 -0.298503
60 89 0 8 -0.298684
65 84 0 8 -0.299269
30 62 0 8 -0.300554
16 85 0 8 -0.300733
38 44 0 8 -0.301071
50 61 0 8 -0.301101
13 20 0 8 -0.301195
8 92 0 8 -0.301216
27 68 0 8 -0.301688
22 89 0 8 -0.301938
20 42 0 8 -0.302290
5 92 0 8 -0.302723
29 64 0 8 -0.302771
14 85 0 8 -0.302920
29 57 0 8 -0.302969
42 65 0 8 -0.303469
4 51 0 8 -0.303619
10 18 0 8 -0.303661
13 89 0 8 -0.305031
49 66 0 8 -0.305431
63 89 0 8 -0.305486
1 63 0 8 -0.305573
8 25 0 8 -0.306525
49 91 0 8 -0.306670
9 64 0 8 -0.306757
23 35 0 8 -0.307062
5 60 0 8 -0.307697
4 16 0 8 -0.308068
34 50 0 8 -0.308193
24 50 0 8 -0.308238
4 39 0 8 -0.308974
48 76 0 8 -0.309346
29 54 0 8 -0.309542
2 76 0 8 -0.311269
76 92 0 8 -0.312515
42 74 0 8 -0.312914
2 60 0 8 -0.313005
3 29 0 8 -0.313861
42 59 0 8 -0.314329
3 30 0 8 -0.314759
63 80 0 8 -0.315221
14 43 0 8 -0.316028
6 53 0 8 -0.316667
7 72 0 8 -0.316954
30 79 0 8 -0.317375
37 43 0 8 -0.317918
48 81 0 8 -0.319342
50 74 0 8 -0.320429
4 92 0 8 -0.320903
39 75 0 8 -0.321744
7 82 0 8 -0.322014
34 44 0 8 -0.322169
56 90 0 8 -0.322578
4 35 0 8 -0.322655
6 81 0 8 -0.323479
6 27 0 8 -0.323890
42 86 0 8 -0.324529
4 13 0 8 -0.324720
61 74 0 8 -0.325127
1 10 0 8 -0.325139
16 34 0 8 -0.325253
16 47 0 8 -0.325279
42 83 0 8 -0.325968
65 73 0 8 -0.326110
6 59 0 8 -0.326804
34 62 0 8 -0.326879
3 70 0 8 -0.327411
78 88 0 8 -0.328180
9 26 0 8 -0.328442
64 90 0 8 -0.329226
1 45 0 8 -0.329880
29 69 0 8 -0.329903
47 59 0 8 -0.330329
14 63 0 8 -0.330776
77 88 0 8 -0.332075
14 39 0 8 -0.332467
5 50 0 8 -0.332593
39 78 0 8 -0.332690
19 70 0 8 -0.333374
56 64 0 8 -0.334171
3 77 0 8 -0.334369
6 42 0 8 -0.334579
22 62 0 8 -0.335012
5 14 0 8 -0.336946
7 16 0 8 -0.337870
26 47 0 8 -0.338476
29 65 0 8 -0.339026
3 89 0 8 -0.339238
60 90 0 8 -0.339574
19 33 0 8 -0.340722
33 43 0 8 -0.340860
70 85 0 8 -0.341608
50 79 0 8 -0.341629
49 64 0 8 -0.341928
73 84 0 8 -0.342087
35 76 0 8 -0.342404
22 75 0 8 -0.342693
9 30 0 8 -0.342822
14 73 0 8 -0.343440
31 59 0 8 -0.343468
9 90 0 8 -0.343501
45 68 0 8 -0.344153
7 85 0 8 -0.344363
25 73 0 8 -0.344481
33 82 0 8 -0.344533
38 84 0 8 -0.344726
11 40 0 8 -0.345208
70 86 0 8 -0.345408
1 34 0 8 -0.345519
21 76 0 8 -0.345708
12 29 0 8 -0.346219
25 77 0 8 -0.346817
57 86 0 8 -0.347033
52 92 0 8 -0.347157
2 37 0 8 -0.347364
21 66 0 8 -0.348086
66 75 0 8 -0.348097
14 58 0 8 -0.348533
38 78 0 8 -0.348915
9 87 0 8 -0.349274
21 26 0 8 -0.349446
4 11 0 8 -0.349748
4 59 0 8 -0.349787
38 82 0 8 -0.350191
5 29 0 8 -0.350915
5 30 0 8 -0.351919
15 66 0 8 -0.352256
29 63 0 8 -0.352796
5 49 0 8 -0.353025
59 86 0 8 -0.354430
45 53 0 8 -0.355048
4 90 0 8 -0.355192
6 50 0 8 -0.356367
77 92 0 8 -0.356741
20 39 0 8 -0.356979
4 63 0 8 -0.357284
12 30 0 8 -0.357544
20 78 0 8 -0.357909
19 89 0 8 -0.358190
23 32 0 8 -0.358401
69 88 0 8 -0.359037
1 12 0 8 -0.359392
13 69 0 8 -0.359604
16 75 0 8 -0.359605
44 50 0 8 -0.359609
18 40 0 8 -0.360171
6 73 0 8 -0.361009
4 41 0 8 -0.361334
29 78 0 8 -0.361740
7 42 0 8 -0.361775
46 59 0 8 -0.361843
30 47 0 8 -0.362587
30 35 0 8 -0.362608
4 40 0 8 -0.362625
2 88 0 8 -0.363114
13 31 0 8 -0.363379
29 74 0 8 -0.363720
46 61 0 8 -0.363797
19 42 0 8 -0.363858
72 86 0 8 -0.363984
2 21 0 8 -0.364512
28 70 0 8 -0.364843
50 69 0 8 -0.365066
50 56 0 8 -0.365471
26 67 0 8 -0.366664
11 92 0 8 -0.366751
9 50 0 8 -0.367757
23 91 0 8 -0.368029
1 73 0 8 -0.368193
74 90 0 8 -0.368766
27 50 0 8 -0.369627
29 38 0 8 -0.369879
18 57 0 8 -0.370173
50 70 0 8 -0.370446
76 89 0 8 -0.371563
30 78 0 8 -0.371711
61 76 0 8 -0.371997
7 15 0 8 -0.372158
19 29 0 8 -0.372581
71 92 0 8 -0.372890
19 54 0 8 -0.374143
37 50 0 8 -0.374783
29 47 0 8 -0.375013
7 75 0 8 -0.375570
7 70 0 8 -0.375800
25 38 0 8 -0.375827
14 45 0 8 -0.375926
6 29 0 8 -0.375999
51 92 0 8 -0.376325
86 92 0 8 -0.377055
6 30 0 8 -0.377075
16 50 0 8 -0.377143
12 18 0 8 -0.377484
5 75 0 8 -0.377517
11 89 0 8 -0.377785
59 88 0 8 -0.377959
16 73 0 8 -0.378065
62 71 0 8 -0.378644
4 33 0 8 -0.378716
51 82 0 8 -0.378922
45 73 0 8 -0.379157
59 80 0 8 -0.379337
14 23 0 8 -0.379391
31 69 0 8 -0.379429
38 50 0 8 -0.380237
18 55 0 8 -0.381102
18 82 0 8 -0.381524
25 69 0 8 -0.382619
12 50 0 8 -0.382767
36 43 0 8 -0.382814
5 70 0 8 -0.383041
20 55 0 8 -0.383531
61 80 0 8 -0.385203
1 72 0 8 -0.385448
51 68 0 8 -0.385635
21 71 0 8 -0.385842
9 71 0 8 -0.385876
30 69 0 8 -0.386279
3 35 0 8 -0.386958
60 82 0 8 -0.387035
4 62 0 8 -0.387733
9 29 0 8 -0.388016
8 37 0 8 -0.388057
53 88 0 8 -0.388498
8 50 0 8 -0.388978
19 50 0 8 -0.389490
71 78 0 8 -0.389929
53 63 0 8 -0.390393
15 58 0 8 -0.390846
6 57 0 8 -0.391951
31 50 0 8 -0.392019
50 59 0 8 -0.392384
61 83 0 8 -0.392540
6 41 0 8 -0.392973
46 64 0 8 -0.393034
8 14 0 8 -0.394008
1 70 0 8 -0.394127
13 48 0 8 -0.394457
12 36 0 8 -0.395678
29 44 0 8 -0.395823
6 89 0 8 -0.395950
10 75 0 8 -0.395954
58 75 0 8 -0.395958
61 86 0 8 -0.396337
1 11 0 8 -0.396797
30 44 0 8 -0.396956
23 75 0 8 -0.397177
28 55 0 8 -0.397238
16 29 0 8 -0.397919
4 78 0 8 -0.398511
16 30 0 8 -0.399057
31 75 0 8 -0.399224
50 66 0 8 -0.399418
24 71 0 8 -0.399597
11 35 0 8 -0.399763
12 91 0 8 -0.400165
2 43 0 8 -0.400885
34 79 0 8 -0.401041
6 80 0 8 -0.401979
30 38 0 8 -0.402000
24 75 0 8 -0.402338
1 46 0 8 -0.402398
11 27 0 8 -0.402520
50 78 0 8 -0.402690
51 71 0 8 -0.403193
62 92 0 8 -0.403350
50 60 0 8 -0.403922
12 80 0 8 -0.404495
33 55 0 8 -0.406621
23 68 0 8 -0.406731
49 90 0 8 -0.407470
29 35 0 8 -0.408065
46 75 0 8 -0.408257
4 31 0 8 -0.408326
15 88 0 8 -0.408344
50 55 0 8 -0.409572
32 42 0 8 -0.409658
39 45 0 8 -0.409908
15 46 0 8 -0.410132
8 29 0 8 -0.410406
19 30 0 8 -0.410944
72 78 0 8 -0.411096
8 30 0 8 -0.411580
26 77 0 8 -0.412223
43 56 0 8 -0.412237
50 73 0 8 -0.412335
46 81 0 8 -0.412556
54 74 0 8 -0.413290
29 59 0 8 -0.414000
33 49 0 8 -0.415136
30 59 0 8 -0.415184
13 23 0 8 -0.415208
21 70 0 8 -0.415602
17 39 0 8 -0.415951
21 91 0 8 -0.416336
20 88 0 8 -0.416358
1 27 0 8 -0.416532
11 86 0 8 -0.416659
11 64 0 8 -0.416948
26 42 0 8 -0.417060
29 61 0 8 -0.418131
12 92 0 8 -0.418462
10 77 0 8 -0.418722
47 85 0 8 -0.418989
30 74 0 8 -0.419025
30 61 0 8 -0.419327
49 82 0 8 -0.419379
23 40 0 8 -0.419631
62 88 0 8 -0.420257
10 50 0 8 -0.420465
15 75 0 8 -0.420801
62 75 0 8 -0.421004
1 81 0 8 -0.421297
29 66 0 8 -0.421421
43 81 0 8 -0.421760
12 64 0 8 -0.422383
4 91 0 8 -0.422454
5 47 0 8 -0.422477
30 66 0 8 -0.422627
9 65 0 8 -0.424132
74 91 0 8 -0.426044
29 60 0 8 -0.426173
71 80 0 8 -0.426368
26 80 0 8 -0.426553
18 75 0 8 -0.426673
50 65 0 8 -0.426732
1 86 0 8 -0.427037
30 60 0 8 -0.427393
24 89 0 8 -0.427887
41 79 0 8 -0.427970
24 79 0 8 -0.428202
8 23 0 8 -0.429029
8 52 0 8 -0.430014
8 31 0 8 -0.431725
45 60 0 8 -0.431889
19 51 0 8 -0.431901
5 89 0 8 -0.432134
29 55 0 8 -0.432754
7 33 0 8 -0.433174
56 88 0 8 -0.433496
30 55 0 8 -0.433992
29 73 0 8 -0.435050
2 72 0 8 -0.435250
35 88 0 8 -0.435273
33 46 0 8 -0.435899
30 73 0 8 -0.436295
16 86 0 8 -0.436811
70 90 0 8 -0.437664
76 90 0 8 -0.438275
41 47 0 8 -0.438306
5 73 0 8 -0.438556
19 34 0 8 -0.438685
3 12 0 8 -0.438694
21 54 0 8 -0.439155
58 83 0 8 -0.439995
1 52 0 8 -0.440481
19 35 0 8 -0.440885
24 56 0 8 -0.441774
13 43 0 8 -0.441878
37 82 0 8 -0.442522
30 65 0 8 -0.443228
50 58 0 8 -0.443475
10 29 0 8 -0.443628
68 86 0 8 -0.444151
10 30 0 8 -0.444897
19 40 0 8 -0.445627
8 83 0 8 -0.446122
9 84 0 8 -0.446787
49 83 0 8 -0.447902
14 80 0 8 -0.448802
14 62 0 8 -0.449041
13 86 0 8 -0.449566
3 15 0 8 -0.450779
79 87 0 8 -0.451104
12 89 0 8 -0.451881
9 40 0 8 -0.452629
6 25 0 8 -0.453488
27 91 0 8 -0.453601
3 84 0 8 -0.453868
4 86 0 8 -0.454051
9 55 0 8 -0.454642
14 57 0 8 -0.454873
58 87 0 8 -0.455277
1 48 0 8 -0.456229
53 80 0 8 -0.456311
32 53 0 8 -0.457142
14 65 0 8 -0.458780
31 83 0 8 -0.458822
71 86 0 8 -0.458987
32 89 0 8 -0.459733
18 58 0 8 -0.461068
4 38 0 8 -0.461083
39 60 0 8 -0.461083
31 70 0 8 -0.461273
29 56 0 8 -0.461710
55 75 0 8 -0.461734
20 91 0 8 -0.462262
30 56 0 8 -0.463031
26 83 0 8 -0.464080
26 87 0 8 -0.465483
2 80 0 8 -0.465582
1 61 0 8 -0.465824
9 92 0 8 -0.466322
65 74 0 8 -0.466592
57 75 0 8 -0.466957
32 67 0 8 -0.467163
25 87 0 8 -0.467767
29 58 0 8 -0.467905
34 53 0 8 -0.468718
30 58 0 8 -0.469244
4 73 0 8 -0.471301
56 63 0 8 -0.472208
41 74 0 8 -0.472629
46 86 0 8 -0.473196
11 20 0 8 -0.473807
36 69 0 8 -0.474027
63 92 0 8 -0.474062
48 71 0 8 -0.474428
9 75 0 8 -0.474476
6 14 0 8 -0.475104
27 89 0 8 -0.475426
39 62 0 8 -0.475445
34 89 0 8 -0.476474
36 42 0 8 -0.477161
72 84 0 8 -0.477713
3 92 0 8 -0.478653
20 40 0 8 -0.479586
21 81 0 8 -0.480658
6 38 0 8 -0.481057
2 54 0 8 -0.482060
52 59 0 8 -0.482207
20 25 0 8 -0.483201
13 84 0 8 -0.483972
16 57 0 8 -0.484480
44 68 0 8 -0.486096
60 92 0 8 -0.486274
1 53 0 8 -0.486482
57 82 0 8 -0.486584
4 76 0 8 -0.486675
14 69 0 8 -0.486702
38 75 0 8 -0.486853
26 55 0 8 -0.487405
35 43 0 8 -0.488588
48 60 0 8 -0.488750
41 77 0 8 -0.491195
27 81 0 8 -0.491231
29 51 0 8 -0.493215
47 76 0 8 -0.494172
30 51 0 8 -0.494627
5 88 0 8 -0.496666
49 80 0 8 -0.496737
22 39 0 8 -0.496755
14 66 0 8 -0.497726
53 92 0 8 -0.497733
14 74 0 8 -0.498088
14 59 0 8 -0.498376
8 27 0 8 -0.498561
43 58 0 8 -0.498751
67 84 0 8 -0.499668
17 62 0 8 -0.499703
74 82 0 8 -0.499960
55 83 0 8 -0.500104
14 44 0 8 -0.500154
23 87 0 8 -0.500219
4 66 0 8 -0.500655
60 83 0 8 -0.500742
21 75 0 8 -0.501792
8 75 0 8 -0.501855
1 35 0 8 -0.503075
26 41 0 8 -0.504085
62 77 0 8 -0.504360
59 89 0 8 -0.505145
22 61 0 8 -0.505145
41 60 0 8 -0.505609
70 81 0 8 -0.505633
4 45 0 8 -0.505816
54 75 0 8 -0.506135
59 75 0 8 -0.506250
1 69 0 8 -0.506393
22 86 0 8 -0.506748
2 61 0 8 -0.507679
16 92 0 8 -0.507918
2 15 0 8 -0.509608
36 80 0 8 -0.510100
56 66 0 8 -0.510109
22 67 0 8 -0.510180
62 86 0 8 -0.510681
19 84 0 8 -0.510750
61 75 0 8 -0.511302
14 70 0 8 -0.511737
70 75 0 8 -0.512449
1 15 0 8 -0.512671
39 80 0 8 -0.513766
18 84 0 8 -0.513833
12 45 0 8 -0.514675
28 76 0 8 -0.514826
71 90 0 8 -0.514893
5 25 0 8 -0.515241
28 58 0 8 -0.516165
9 89 0 8 -0.516745
4 85 0 8 -0.517494
26 89 0 8 -0.519073
41 56 0 8 -0.519737
72 81 0 8 -0.520496
14 35 0 8 -0.520667
25 53 0 8 -0.521585
39 47 0 8 -0.521657
51 75 0 8 -0.521763
8 40 0 8 -0.522145
4 42 0 8 -0.522754
15 48 0 8 -0.522920
26 84 0 8 -0.523025
20 71 0 8 -0.523065
13 51 0 8 -0.523104
48 58 0 8 -0.523797
5 35 0 8 -0.524412
19 72 0 8 -0.525000
9 85 0 8 -0.525041
66 72 0 8 -0.525549
33 70 0 8 -0.526181
36 70 0 8 -0.526928
48 90 0 8 -0.527857
52 70 0 8 -0.527950
14 61 0 8 -0.528342
23 53 0 8 -0.528518
13 56 0 8 -0.528570
38 67 0 8 -0.529270
21 44 0 8 -0.529377
55 63 0 8 -0.530547
72 91 0 8 -0.531083
34 71 0 8 -0.531223
20 85 0 8 -0.532699
5 64 0 8 -0.533612
21 83 0 8 -0.533807
25 51 0 8 -0.534072
1 32 0 8 -0.534558
53 61 0 8 -0.535116
14 67 0 8 -0.535395
19 58 0 8 -0.535607
27 53 0 8 -0.537196
4 28 0 8 -0.538349
51 91 0 8 -0.538373
14 60 0 8 -0.538504
11 48 0 8 -0.539458
19 92 0 8 -0.539781
14 55 0 8 -0.540078
9 25 0 8 -0.540702
78 89 0 8 -0.541003
21 46 0 8 -0.541006
24 52 0 8 -0.541218
3 20 0 8 -0.541758
6 77 0 8 -0.543125
46 80 0 8 -0.543450
34 39 0 8 -0.543767
58 79 0 8 -0.545331
32 85 0 8 -0.545627
4 87 0 8 -0.546662
18 85 0 8 -0.547065
24 86 0 8 -0.547121
2 23 0 8 -0.547953
15 89 0 8 -0.548540
1 77 0 8 -0.548598
14 37 0 8 -0.548959
1 33 0 8 -0.550138
65 75 0 8 -0.550565
5 40 0 8 -0.552100
14 47 0 8 -0.553432
24 38 0 8 -0.554775
43 63 0 8 -0.554862
59 91 0 8 -0.555878
21 78 0 8 -0.556246
33 62 0 8 -0.556391
14 51 0 8 -0.556640
2 64 0 8 -0.557417
5 90 0 8 -0.557643
77 89 0 8 -0.557800
10 53 0 8 -0.559062
23 43 0 8 -0.559624
46 91 0 8 -0.559961
24 62 0 8 -0.560093
5 10 0 8 -0.560247
1 82 0 8 -0.560641
31 81 0 8 -0.560832
11 32 0 8 -0.561084
34 42 0 8 -0.561087
46 71 0 8 -0.563238
51 89 0 8 -0.564232
59 84 0 8 -0.565022
38 89 0 8 -0.565104
41 76 0 8 -0.565417
33 89 0 8 -0.566199
42 57 0 8 -0.566481
78 92 0 8 -0.566838
34 81 0 8 -0.567431
23 92 0 8 -0.567432
1 20 0 8 -0.567573
34 86 0 8 -0.568149
38 70 0 8 -0.568175
11 46 0 8 -0.568296
48 59 0 8 -0.568480
14 54 0 8 -0.569234
37 83 0 8 -0.570760
17 86 0 8 -0.571398
23 38 0 8 -0.571498
66 89 0 8 -0.571501
37 86 0 8 -0.572417
28 43 0 8 -0.572422
45 83 0 8 -0.572537
42 66 0 8 -0.572540
22 77 0 8 -0.573432
35 89 0 8 -0.573451
19 82 0 8 -0.573842
80 92 0 8 -0.574847
59 83 0 8 -0.574928
18 91 0 8 -0.575314
70 89 0 8 -0.575759
21 59 0 8 -0.575940
11 70 0 8 -0.576109
11 18 0 8 -0.576571
8 82 0 8 -0.576701
44 65 0 8 -0.577006
81 88 0 8 -0.579976
5 59 0 8 -0.580180
28 63 0 8 -0.580404
16 83 0 8 -0.581473
7 65 0 8 -0.581603
43 49 0 8 -0.581754
34 47 0 8 -0.581897
35 65 0 8 -0.582437
66 82 0 8 -0.582723
45 80 0 8 -0.582897
27 79 0 8 -0.583293
14 56 0 8 -0.583407
37 84 0 8 -0.584523
18 43 0 8 -0.585464
2 19 0 8 -0.586568
37 75 0 8 -0.587323
53 77 0 8 -0.587366
24 44 0 8 -0.588042
2 11 0 8 -0.588649
3 79 0 8 -0.588792
8 89 0 8 -0.588918
24 46 0 8 -0.589269
4 68 0 8 -0.590669
36 57 0 8 -0.592358
28 91 0 8 -0.593276
7 59 0 8 -0.593475
7 71 0 8 -0.594382
54 79 0 8 -0.594733
67 89 0 8 -0.595285
17 38 0 8 -0.597731
7 78 0 8 -0.598051
24 83 0 8 -0.599189
23 66 0 8 -0.599220
54 82 0 8 -0.599350
63 70 0 8 -0.599947
56 89 0 8 -0.600294
25 68 0 8 -0.600991
7 76 0 8 -0.601991
76 85 0 8 -0.602154
31 54 0 8 -0.602488
17 92 0 8 -0.603033
43 78 0 8 -0.603280
32 76 0 8 -0.603608
62 70 0 8 -0.604203
1 59 0 8 -0.604258
35 57 0 8 -0.604329
1 79 0 8 -0.606945
39 54 0 8 -0.607206
23 90 0 8 -0.607652
40 60 0 8 -0.609459
1 78 0 8 -0.609954
55 86 0 8 -0.609960
2 62 0 8 -0.610090
2 28 0 8 -0.611488
4 43 0 8 -0.612293
64 88 0 8 -0.612364
12 56 0 8 -0.612427
54 87 0 8 -0.612580
62 84 0 8 -0.612667
16 88 0 8 -0.612705
15 69 0 8 -0.612850
17 68 0 8 -0.613899
7 57 0 8 -0.614343
44 89 0 8 -0.614973
1 37 0 8 -0.615393
63 91 0 8 -0.615700
33 38 0 8 -0.616006
18 51 0 8 -0.616193
10 60 0 8 -0.617791
12 49 0 8 -0.618912
11 61 0 8 -0.620140
32 70 0 8 -0.622267
31 64 0 8 -0.622737
35 60 0 8 -0.623122
27 84 0 8 -0.623328
11 71 0 8 -0.624158
4 9 0 8 -0.624543
10 84 0 8 -0.627650
45 67 0 8 -0.628513
37 85 0 8 -0.629479
5 13 0 8 -0.629526
33 91 0 8 -0.630691
40 46 0 8 -0.631347
26 37 0 8 -0.631772
1 80 0 8 -0.632236
32 77 0 8 -0.633775
44 51 0 8 -0.634733
28 69 0 8 -0.634862
73 89 0 8 -0.635003
54 60 0 8 -0.635153
28 89 0 8 -0.636355
51 74 0 8 -0.636389
17 82 0 8 -0.637397
17 83 0 8 -0.638752
28 57 0 8 -0.639107
10 81 0 8 -0.640096
31 86 0 8 -0.640977
1 55 0 8 -0.641284
25 74 0 8 -0.642133
57 79 0 8 -0.642161
42 71 0 8 -0.643435
72 87 0 8 -0.643693
7 25 0 8 -0.644860
31 92 0 8 -0.645159
35 47 0 8 -0.645176
38 43 0 8 -0.645193
13 24 0 8 -0.645665
13 18 0 8 -0.648202
9 52 0 8 -0.649449
12 65 0 8 -0.649536
24 66 0 8 -0.649579
35 58 0 8 -0.649762
3 43 0 8 -0.651114
58 89 0 8 -0.651268
6 47 0 8 -0.651472
53 58 0 8 -0.652194
18 78 0 8 -0.652895
57 62 0 8 -0.653401
7 84 0 8 -0.653699
7 61 0 8 -0.654670
65 72 0 8 -0.654798
53 91 0 8 -0.654913
22 52 0 8 -0.655027
52 76 0 8 -0.655846
10 89 0 8 -0.656047
55 92 0 8 -0.656537
7 40 0 8 -0.657168
16 89 0 8 -0.658025
34 67 0 8 -0.659773
17 77 0 8 -0.659861
43 68 0 8 -0.660057
21 87 0 8 -0.660176
4 23 0 8 -0.660416
20 76 0 8 -0.660580
10 88 0 8 -0.660690
72 85 0 8 -0.660885
33 48 0 8 -0.660954
19 87 0 8 -0.661248
31 55 0 8 -0.661567
34 91 0 8 -0.662178
31 84 0 8 -0.662327
24 84 0 8 -0.662414
18 89 0 8 -0.663487
37 64 0 8 -0.665627
55 82 0 8 -0.666964
61 91 0 8 -0.667387
27 42 0 8 -0.668280
37 88 0 8 -0.668791
43 61 0 8 -0.669364
55 89 0 8 -0.669762
8 80 0 8 -0.669813
2 68 0 8 -0.671798
5 23 0 8 -0.672812
20 45 0 8 -0.677176
52 86 0 8 -0.677387
38 65 0 8 -0.677893
36 49 0 8 -0.677985
57 87 0 8 -0.678151
61 84 0 8 -0.678198
21 89 0 8 -0.678589
25 44 0 8 -0.679332
18 86 0 8 -0.681908
1 74 0 8 -0.682258
31 48 0 8 -0.683284
6 33 0 8 -0.683328
1 58 0 8 -0.683717
60 72 0 8 -0.683882
31 89 0 8 -0.683980
27 74 0 8 -0.684575
21 31 0 8 -0.684964
59 92 0 8 -0.686208
55 64 0 8 -0.686267
12 86 0 8 -0.687095
15 82 0 8 -0.688397
4 70 0 8 -0.688495
5 72 0 8 -0.688846
52 84 0 8 -0.688993
20 90 0 8 -0.689326
2 32 0 8 -0.689369
13 45 0 8 -0.689583
60 69 0 8 -0.689865
28 67 0 8 -0.690014
33 41 0 8 -0.690304
54 91 0 8 -0.690591
56 87 0 8 -0.693920
21 37 0 8 -0.694044
35 66 0 8 -0.694448
5 81 0 8 -0.694808
32 47 0 8 -0.694948
31 63 0 8 -0.696306
27 58 0 8 -0.697788
61 72 0 8 -0.699867
25 63 0 8 -0.701103
2 16 0 8 -0.702152
77 90 0 8 -0.703057
37 78 0 8 -0.704571
28 37 0 8 -0.704852
17 90 0 8 -0.704868
38 91 0 8 -0.705010
4 48 0 8 -0.705463
41 58 0 8 -0.705578
32 69 0 8 -0.707957
25 37 0 8 -0.708376
35 92 0 8 -0.708520
57 88 0 8 -0.710821
37 54 0 8 -0.712420
47 88 0 8 -0.712797
1 26 0 8 -0.713126
45 90 0 8 -0.713315
25 60 0 8 -0.714244
4 44 0 8 -0.714312
7 74 0 8 -0.715430
12 39 0 8 -0.715745
35 77 0 8 -0.715781
41 62 0 8 -0.716696
39 72 0 8 -0.717411
7 68 0 8 -0.718438
69 87 0 8 -0.719745
34 64 0 8 -0.721990
27 62 0 8 -0.722387
34 48 0 8 -0.722406
5 76 0 8 -0.722775
59 70 0 8 -0.725721
54 62 0 8 -0.726055
48 77 0 8 -0.726259
9 91 0 8 -0.727609
32 39 0 8 -0.727697
25 76 0 8 -0.729214
4 74 0 8 -0.730055
28 48 0 8 -0.730875
80 91 0 8 -0.732054
46 51 0 8 -0.732867
26 62 0 8 -0.733097
51 56 0 8 -0.733686
28 74 0 8 -0.734102
40 51 0 8 -0.734390
16 87 0 8 -0.734794
32 63 0 8 -0.735104
17 42 0 8 -0.735221
65 79 0 8 -0.735538
16 25 0 8 -0.735707
13 57 0 8 -0.736238
10 22 0 8 -0.736909
8 66 0 8 -0.737598
3 67 0 8 -0.740492
51 76 0 8 -0.740539
57 64 0 8 -0.741070
23 37 0 8 -0.741672
28 79 0 8 -0.742370
36 83 0 8 -0.743852
32 92 0 8 -0.744985
51 58 0 8 -0.745941
10 41 0 8 -0.747320
25 78 0 8 -0.747853
3 25 0 8 -0.748700
16 28 0 8 -0.748852
52 58 0 8 -0.749500
25 55 0 8 -0.751652
3 53 0 8 -0.752581
15 84 0 8 -0.752805
19 47 0 8 -0.753258
49 56 0 8 -0.753605
39 59 0 8 -0.755490
15 62 0 8 -0.756030
10 43 0 8 -0.756176
26 49 0 8 -0.756429
28 88 0 8 -0.756848
33 90 0 8 -0.758204
19 78 0 8 -0.759685
22 76 0 8 -0.759820
71 76 0 8 -0.760763
26 53 0 8 -0.761075
76 88 0 8 -0.761185
12 90 0 8 -0.762840
5 85 0 8 -0.763229
31 56 0 8 -0.764024
33 39 0 8 -0.764664
37 73 0 8 -0.764705
19 63 0 8 -0.765396
32 65 0 8 -0.766002
31 85 0 8 -0.766825
27 86 0 8 -0.768563
41 69 0 8 -0.768764
4 57 0 8 -0.768823
63 88 0 8 -0.769169
62 87 0 8 -0.769709
13 70 0 8 -0.770515
61 70 0 8 -0.771835
19 41 0 8 -0.773282
26 88 0 8 -0.773436
6 28 0 8 -0.774111
4 61 0 8 -0.776634
61 87 0 8 -0.777015
53 62 0 8 -0.777784
64 72 0 8 -0.777985
6 40 0 8 -0.778464
33 69 0 8 -0.778948
23 61 0 8 -0.779300
3 52 0 8 -0.779857
34 87 0 8 -0.779860
20 77 0 8 -0.780860
20 56 0 8 -0.782048
23 65 0 8 -0.782986
5 83 0 8 -0.783406
47 71 0 8 -0.784622
59 82 0 8 -0.785285
16 90 0 8 -0.785410
8 77 0 8 -0.785415
6 48 0 8 -0.785444
43 71 0 8 -0.785513
66 77 0 8 -0.786455
52 90 0 8 -0.787098
49 86 0 8 -0.787916
15 71 0 8 -0.788590
66 71 0 8 -0.788704
56 73 0 8 -0.788869
58 85 0 8 -0.789348
23 36 0 8 -0.791484
12 21 0 8 -0.791659
22 40 0 8 -0.792345
43 73 0 8 -0.795312
13 41 0 8 -0.796464
71 83 0 8 -0.796555
12 43 0 8 -0.797671
7 20 0 8 -0.798103
22 57 0 8 -0.798968
10 32 0 8 -0.799806
70 91 0 8 -0.800271
21 84 0 8 -0.800905
47 79 0 8 -0.801087
31 79 0 8 -0.801377
58 69 0 8 -0.802037
62 69 0 8 -0.802361
12 37 0 8 -0.803358
79 86 0 8 -0.803813
56 83 0 8 -0.804336
46 84 0 8 -0.805661
33 53 0 8 -0.805980
45 88 0 8 -0.806523
45 63 0 8 -0.807418
3 32 0 8 -0.807617
17 34 0 8 -0.807970
41 67 0 8 -0.808035
22 79 0 8 -0.808094
54 78 0 8 -0.810699
25 45 0 8 -0.811390
57 83 0 8 -0.812073
28 90 0 8 -0.812709
52 60 0 8 -0.814110
54 88 0 8 -0.815406
64 74 0 8 -0.817037
51 66 0 8 -0.817549
67 90 0 8 -0.818900
16 91 0 8 -0.821742
8 51 0 8 -0.822153
10 44 0 8 -0.822246
77 82 0 8 -0.822269
15 21 0 8 -0.824652
20 49 0 8 -0.824909
36 88 0 8 -0.825304
48 78 0 8 -0.825443
28 42 0 8 -0.827266
31 77 0 8 -0.827591
66 80 0 8 -0.827723
38 45 0 8 -0.828855
4 10 0 8 -0.829359
20 86 0 8 -0.830824
21 41 0 8 -0.831466
3 47 0 8 -0.835413
24 88 0 8 -0.835539
10 27 0 8 -0.835542
8 39 0 8 -0.835662
12 55 0 8 -0.838419
60 80 0 8 -0.838870
27 46 0 8 -0.838982
12 24 0 8 -0.839023
41 46 0 8 -0.840199
12 70 0 8 -0.842629
3 85 0 8 -0.845276
69 80 0 8 -0.845849
18 61 0 8 -0.846584
7 92 0 8 -0.847246
42 78 0 8 -0.848535
64 70 0 8 -0.850918
4 65 0 8 -0.853407
36 62 0 8 -0.857260
48 72 0 8 -0.857520
35 42 0 8 -0.858271
15 64 0 8 -0.858535
54 92 0 8 -0.859859
23 86 0 8 -0.860766
26 40 0 8 -0.861868
36 64 0 8 -0.862513
27 60 0 8 -0.862910
19 45 0 8 -0.863669
12 76 0 8 -0.863813
23 42 0 8 -0.864057
61 92 0 8 -0.864153
35 48 0 8 -0.864266
39 66 0 8 -0.865322
10 78 0 8 -0.866703
25 47 0 8 -0.869202
40 54 0 8 -0.869408
38 71 0 8 -0.869852
54 86 0 8 -0.871284
16 32 0 8 -0.872622
21 49 0 8 -0.875058
26 61 0 8 -0.875548
59 64 0 8 -0.875752
32 78 0 8 -0.876622
5 26 0 8 -0.879030
33 64 0 8 -0.879966
19 79 0 8 -0.880051
6 52 0 8 -0.880579
11 21 0 8 -0.880966
36 79 0 8 -0.881004
57 92 0 8 -0.881150
64 78 0 8 -0.881864
47 91 0 8 -0.882726
17 61 0 8 -0.883995
55 70 0 8 -0.885626
41 57 0 8 -0.885666
9 49 0 8 -0.885964
65 80 0 8 -0.886137
35 44 0 8 -0.888487
42 82 0 8 -0.888790
32 71 0 8 -0.889075
33 88 0 8 -0.889253
40 63 0 8 -0.889310
45 56 0 8 -0.889910
54 59 0 8 -0.890028
73 91 0 8 -0.890470
36 92 0 8 -0.890788
26 39 0 8 -0.893347
26 91 0 8 -0.895193
8 57 0 8 -0.895222
3 69 0 8 -0.896299
8 86 0 8 -0.896941
10 19 0 8 -0.897267
6 78 0 8 -0.898036
3 87 0 8 -0.898678
19 85 0 8 -0.900427
56 86 0 8 -0.901839
57 70 0 8 -0.902827
7 88 0 8 -0.903182
39 70 0 8 -0.903939
21 85 0 8 -0.904832
32 86 0 8 -0.904933
34 90 0 8 -0.905423
16 48 0 8 -0.905611
41 53 0 8 -0.907660
20 83 0 8 -0.909152
28 59 0 8 -0.911109
63 84 0 8 -0.912440
62 74 0 8 -0.912861
40 66 0 8 -0.913043
16 80 0 8 -0.915241
16 33 0 8 -0.915564
10 33 0 8 -0.915686
63 74 0 8 -0.916455
13 27 0 8 -0.918491
3 88 0 8 -0.918517
53 83 0 8 -0.919171
16 41 0 8 -0.921118
18 41 0 8 -0.921224
12 23 0 8 -0.922265
32 88 0 8 -0.923127
56 79 0 8 -0.924504
7 48 0 8 -0.925520
25 67 0 8 -0.926539
8 18 0 8 -0.927695
16 76 0 8 -0.930187
10 46 0 8 -0.931005
25 64 0 8 -0.931209
58 70 0 8 -0.931258
22 37 0 8 -0.931320
33 76 0 8 -0.932312
13 37 0 8 -0.932379
5 52 0 8 -0.933614
40 65 0 8 -0.934949
2 55 0 8 -0.935427
5 17 0 8 -0.936125
23 45 0 8 -0.936489
3 34 0 8 -0.938856
53 90 0 8 -0.939112
27 39 0 8 -0.940295
31 66 0 8 -0.943661
18 49 0 8 -0.945623
17 40 0 8 -0.945996
18 45 0 8 -0.946582
26 71 0 8 -0.948104
23 81 0 8 -0.950051
55 73 0 8 -0.950220
52 77 0 8 -0.951790
27 54 0 8 -0.954683
41 71 0 8 -0.957363
23 83 0 8 -0.960133
28 49 0 8 -0.960178
35 61 0 8 -0.960606
48 70 0 8 -0.961033
24 40 0 8 -0.962177
63 86 0 8 -0.963435
10 28 0 8 -0.968595
63 82 0 8 -0.969962
8 48 0 8 -0.971154
32 62 0 8 -0.972190
69 84 0 8 -0.973105
22 91 0 8 -0.973787
36 90 0 8 -0.974104
28 84 0 8 -0.976900
63 71 0 8 -0.977100
32 43 0 8 -0.978653
25 59 0 8 -0.979263
7 91 0 8 -0.981148
21 42 0 8 -0.982218
42 79 0 8 -0.982375
7 60 0 8 -0.984193
52 91 0 8 -0.984738
20 37 0 8 -0.985266
13 81 0 8 -0.985720
60 85 0 8 -0.988534
28 72 0 8 -0.989100
46 62 0 8 -0.991005
34 57 0 8 -0.992690
41 52 0 8 -0.992759
34 54 0 8 -0.993843
27 72 0 8 -0.993895
36 77 0 8 -0.995222
16 61 0 8 -0.996803
5 57 0 8 -0.996969
6 49 0 8 -0.999265
31 62 0 8 -0.999348
60 88 0 8 -0.999843
34 56 0 8 -1.000002
22 72 0 8 -1.000263
24 61 0 8 -1.000438
44 91 0 8 -1.001015
65 83 0 8 -1.002962
67 88 0 8 -1.004009
12 73 0 8 -1.005074
20 53 0 8 -1.005765
15 90 0 8 -1.008426
11 34 0 8 -1.009187
22 36 0 8 -1.009338
55 65 0 8 -1.011827
5 58 0 8 -1.016369
22 85 0 8 -1.016776
8 60 0 8 -1.019163
55 91 0 8 -1.019713
9 73 0 8 -1.020792
64 85 0 8 -1.024855
45 72 0 8 -1.026052
13 28 0 8 -1.026865
18 83 0 8 -1.027800
45 86 0 8 -1.028628
80 90 0 8 -1.030318
11 59 0 8 -1.030937
10 85 0 8 -1.031563
27 34 0 8 -1.033372
34 80 0 8 -1.036021
40 73 0 8 -1.037477
17 64 0 8 -1.037844
28 54 0 8 -1.038807
16 52 0 8 -1.038956
55 90 0 8 -1.039996
31 41 0 8 -1.041362
15 78 0 8 -1.041428
60 86 0 8 -1.042341
59 90 0 8 -1.042755
12 78 0 8 -1.045661
51 85 0 8 -1.045961
11 33 0 8 -1.046188
15 35 0 8 -1.048883
52 79 0 8 -1.049650
27 71 0 8 -1.049731
68 90 0 8 -1.049851
23 84 0 8 -1.050523
27 90 0 8 -1.050850
8 54 0 8 -1.051087
5 54 0 8 -1.051416
34 72 0 8 -1.052058
38 47 0 8 -1.052598
8 42 0 8 -1.053754
38 68 0 8 -1.054197
22 56 0 8 -1.054505
64 79 0 8 -1.054884
17 33 0 8 -1.055162
66 87 0 8 -1.056665
47 64 0 8 -1.056966
54 90 0 8 -1.057745
19 86 0 8 -1.058586
7 79 0 8 -1.062022
2 63 0 8 -1.062434
12 52 0 8 -1.064227
48 73 0 8 -1.064752
6 79 0 8 -1.064843
59 71 0 8 -1.065011
34 73 0 8 -1.065054
11 52 0 8 -1.066357
33 78 0 8 -1.072906
3 74 0 8 -1.073304
47 53 0 8 -1.073550
58 72 0 8 -1.073653
27 83 0 8 -1.076290
8 34 0 8 -1.076348
10 76 0 8 -1.076663
5 41 0 8 -1.076950
22 64 0 8 -1.077735
22 54 0 8 -1.078002
21 60 0 8 -1.079993
11 22 0 8 -1.081650
48 79 0 8 -1.081796
13 71 0 8 -1.083100
3 73 0 8 -1.083404
19 57 0 8 -1.084420
27 85 0 8 -1.084454
16 40 0 8 -1.086773
47 90 0 8 -1.087305
8 87 0 8 -1.087854
49 72 0 8 -1.091139
74 92 0 8 -1.092223
55 61 0 8 -1.093210
32 80 0 8 -1.094589
7 13 0 8 -1.098262
53 82 0 8 -1.098501
39 53 0 8 -1.099427
3 83 0 8 -1.101491
67 87 0 8 -1.101602
42 60 0 8 -1.101839
6 74 0 8 -1.102957
43 82 0 8 -1.105709
27 45 0 8 -1.106248
32 41 0 8 -1.109162
45 84 0 8 -1.109500
13 55 0 8 -1.110681
31 90 0 8 -1.111531
52 85 0 8 -1.112017
17 87 0 8 -1.112944
15 45 0 8 -1.113677
43 52 0 8 -1.115195
31 60 0 8 -1.116838
22 38 0 8 -1.116868
24 48 0 8 -1.117382
71 87 0 8 -1.118023
10 61 0 8 -1.118331
3 78 0 8 -1.120476
56 71 0 8 -1.121401
33 81 0 8 -1.121975
20 79 0 8 -1.123265
28 81 0 8 -1.124127
41 61 0 8 -1.124276
35 86 0 8 -1.124840
39 56 0 8 -1.125072
49 79 0 8 -1.126192
32 81 0 8 -1.126748
3 27 0 8 -1.127443
18 63 0 8 -1.127580
16 84 0 8 -1.128299
19 43 0 8 -1.128526
38 81 0 8 -1.129057
27 48 0 8 -1.130512
40 76 0 8 -1.135656
12 48 0 8 -1.138471
44 67 0 8 -1.139250
23 56 0 8 -1.140713
7 43 0 8 -1.141742
49 61 0 8 -1.142589
45 66 0 8 -1.147595
15 68 0 8 -1.147726
28 80 0 8 -1.147840
19 68 0 8 -1.148416
8 28 0 8 -1.150422
22 51 0 8 -1.152333
44 63 0 8 -1.152517
66 76 0 8 -1.154328
54 72 0 8 -1.155910
34 66 0 8 -1.157182
64 77 0 8 -1.158828
56 91 0 8 -1.158915
5 19 0 8 -1.159747
18 88 0 8 -1.160257
62 83 0 8 -1.161805
8 63 0 8 -1.162250
5 24 0 8 -1.165251
65 86 0 8 -1.166757
42 53 0 8 -1.167036
71 81 0 8 -1.168235
28 82 0 8 -1.168433
22 35 0 8 -1.169509
74 84 0 8 -1.171111
67 72 0 8 -1.171524
15 81 0 8 -1.175670
34 88 0 8 -1.176531
63 73 0 8 -1.177113
5 82 0 8 -1.177180
16 21 0 8 -1.177457
45 91 0 8 -1.178670
32 66 0 8 -1.179507
52 73 0 8 -1.179753
35 84 0 8 -1.183970
59 66 0 8 -1.184438
20 65 0 8 -1.184934
60 87 0 8 -1.185365
56 82 0 8 -1.187850
38 54 0 8 -1.188398
47 62 0 8 -1.189873
59 85 0 8 -1.193381
55 72 0 8 -1.194097
20 57 0 8 -1.194182
46 82 0 8 -1.198081
22 44 0 8 -1.199262
17 91 0 8 -1.199823
62 78 0 8 -1.200301
52 63 0 8 -1.200324
32 90 0 8 -1.203857
39 55 0 8 -1.204644
19 83 0 8 -1.206394
24 49 0 8 -1.206874
24 64 0 8 -1.208189
73 88 0 8 -1.210027
13 87 0 8 -1.215122
21 86 0 8 -1.215736
19 71 0 8 -1.217358
39 63 0 8 -1.217655
23 54 0 8 -1.218869
9 31 0 8 -1.219981
39 57 0 8 -1.220630
13 78 0 8 -1.221758
36 65 0 8 -1.222399
10 45 0 8 -1.223712
53 68 0 8 -1.224278
5 77 0 8 -1.225183
36 68 0 8 -1.226150
36 59 0 8 -1.228079
17 37 0 8 -1.230772
9 17 0 8 -1.231425
49 62 0 8 -1.232476
5 48 0 8 -1.234619
54 70 0 8 -1.235228
10 17 0 8 -1.235619
3 19 0 8 -1.236939
3 36 0 8 -1.238104
16 39 0 8 -1.240375
3 31 0 8 -1.240467
21 40 0 8 -1.240643
20 31 0 8 -1.244299
58 92 0 8 -1.244649
46 60 0 8 -1.249766
37 90 0 8 -1.250283
43 67 0 8 -1.253533
8 35 0 8 -1.253540
56 69 0 8 -1.253871
3 37 0 8 -1.254761
15 43 0 8 -1.255694
48 61 0 8 -1.256305
36 86 0 8 -1.263673
7 86 0 8 -1.264425
8 91 0 8 -1.264962
21 88 0 8 -1.265470
23 70 0 8 -1.266533
40 57 0 8 -1.270715
23 80 0 8 -1.273096
32 82 0 8 -1.273272
23 82 0 8 -1.274530
6 90 0 8 -1.274563
35 70 0 8 -1.277079
37 69 0 8 -1.279214
22 49 0 8 -1.281405
53 86 0 8 -1.282703
36 63 0 8 -1.285380
8 69 0 8 -1.287642
26 68 0 8 -1.288439
49 77 0 8 -1.291052
60 66 0 8 -1.291698
15 41 0 8 -1.292946
21 38 0 8 -1.296529
40 62 0 8 -1.297761
42 81 0 8 -1.297802
24 54 0 8 -1.298609
28 77 0 8 -1.301524
5 86 0 8 -1.302919
43 77 0 8 -1.304736
6 83 0 8 -1.307344
38 51 0 8 -1.307379
48 74 0 8 -1.308506
27 36 0 8 -1.312892
21 64 0 8 -1.315470
46 69 0 8 -1.317560
44 55 0 8 -1.318931
11 73 0 8 -1.319874
57 72 0 8 -1.323968
35 67 0 8 -1.325892
44 82 0 8 -1.326823
31 42 0 8 -1.328857
44 62 0 8 -1.331270
58 84 0 8 -1.331747
60 91 0 8 -1.331767
22 65 0 8 -1.333717
57 91 0 8 -1.339900
44 69 0 8 -1.340696
42 64 0 8 -1.343139
6 67 0 8 -1.344536
34 52 0 8 -1.345053
9 69 0 8 -1.345420
10 90 0 8 -1.350062
56 77 0 8 -1.354555
6 13 0 8 -1.356310
26 78 0 8 -1.356444
31 80 0 8 -1.361677
22 69 0 8 -1.362220
9 54 0 8 -1.364406
8 74 0 8 -1.365893
21 43 0 8 -1.368293
5 71 0 8 -1.370316
37 42 0 8 -1.370863
18 46 0 8 -1.371774
47 60 0 8 -1.372975
21 34 0 8 -1.375410
13 38 0 8 -1.382074
32 74 0 8 -1.386093
44 61 0 8 -1.387448
17 69 0 8 -1.392215
46 67 0 8 -1.393214
17 85 0 8 -1.394961
51 79 0 8 -1.395529
54 66 0 8 -1.397273
8 24 0 8 -1.397402
3 64 0 8 -1.397754
76 82 0 8 -1.401492
26 46 0 8 -1.406585
19 69 0 8 -1.406883
10 49 0 8 -1.407373
44 81 0 8 -1.407669
48 53 0 8 -1.410631
32 40 0 8 -1.416952
64 71 0 8 -1.417063
19 49 0 8 -1.420992
35 78 0 8 -1.422930
6 43 0 8 -1.423531
12 26 0 8 -1.428454
10 54 0 8 -1.429112
51 65 0 8 -1.432501
74 87 0 8 -1.435532
58 82 0 8 -1.436657
27 65 0 8 -1.439506
70 82 0 8 -1.440087
13 66 0 8 -1.444100
7 38 0 8 -1.444609
26 90 0 8 -1.445167
55 85 0 8 -1.445474
56 65 0 8 -1.450356
57 66 0 8 -1.451032
16 82 0 8 -1.454842
28 68 0 8 -1.456517
60 84 0 8 -1.457993
23 69 0 8 -1.460469
31 87 0 8 -1.460634
9 63 0 8 -1.470363
12 46 0 8 -1.471185
23 76 0 8 -1.474253
33 66 0 8 -1.476058
27 32 0 8 -1.477020
32 87 0 8 -1.477173
57 85 0 8 -1.479363
26 33 0 8 -1.481568
59 87 0 8 -1.483566
63 78 0 8 -1.483575
6 32 0 8 -1.484586
60 71 0 8 -1.489606
13 49 0 8 -1.493574
7 73 0 8 -1.494403
37 51 0 8 -1.495082
9 20 0 8 -1.495218
28 52 0 8 -1.506600
23 46 0 8 -1.512680
3 17 0 8 -1.520399
34 82 0 8 -1.525202
18 67 0 8 -1.527531
21 33 0 8 -1.533835
6 45 0 8 -1.535976
17 79 0 8 -1.537602
8 46 0 8 -1.540448
47 87 0 8 -1.549378
47 56 0 8 -1.552765
6 20 0 8 -1.554692
19 61 0 8 -1.561187
51 83 0 8 -1.564996
37 76 0 8 -1.568751
49 67 0 8 -1.570936
48 57 0 8 -1.575009
52 87 0 8 -1.575593
32 48 0 8 -1.576374
9 81 0 8 -1.577545
55 69 0 8 -1.577791
37 70 0 8 -1.583700
7 66 0 8 -1.583764
18 87 0 8 -1.585022
44 77 0 8 -1.586480
46 63 0 8 -1.586496
23 44 0 8 -1.588171
41 54 0 8 -1.589662
15 39 0 8 -1.590019
67 73 0 8 -1.590541
13 53 0 8 -1.595788
17 81 0 8 -1.597528
39 51 0 8 -1.599184
16 36 0 8 -1.599282
45 79 0 8 -1.603394
33 73 0 8 -1.604214
74 85 0 8 -1.606967
20 68 0 8 -1.607790
7 39 0 8 -1.607885
21 69 0 8 -1.609925
38 48 0 8 -1.610198
26 51 0 8 -1.610532
47 82 0 8 -1.619921
67 91 0 8 -1.623274
49 58 0 8 -1.623567
5 11 0 8 -1.625256
11 69 0 8 -1.625546
61 71 0 8 -1.632255
59 65 0 8 -1.634610
36 85 0 8 -1.641448
49 74 0 8 -1.645586
6 56 0 8 -1.649818
12 81 0 8 -1.651196
44 54 0 8 -1.658505
18 48 0 8 -1.659776
24 37 0 8 -1.660487
13 80 0 8 -1.661567
7 77 0 8 -1.664609
41 51 0 8 -1.665437
15 85 0 8 -1.666459
63 77 0 8 -1.668772
51 87 0 8 -1.671204
15 22 0 8 -1.676364
52 65 0 8 -1.679563
57 76 0 8 -1.680663
33 59 0 8 -1.681895
47 68 0 8 -1.690316
45 82 0 8 -1.697072
51 86 0 8 -1.699874
65 81 0 8 -1.700008
11 17 0 8 -1.701665
12 69 0 8 -1.707942
12 68 0 8 -1.711745
53 60 0 8 -1.716883
39 74 0 8 -1.719197
38 66 0 8 -1.729303
7 64 0 8 -1.729504
7 31 0 8 -1.733719
38 79 0 8 -1.745752
39 52 0 8 -1.747772
36 82 0 8 -1.757357
68 74 0 8 -1.764905
9 59 0 8 -1.771767
31 58 0 8 -1.774761
35 81 0 8 -1.781102
6 71 0 8 -1.788418
40 74 0 8 -1.789681
13 33 0 8 -1.790555
27 52 0 8 -1.796041
17 53 0 8 -1.798188
5 67 0 8 -1.831726
38 85 0 8 -1.834646
19 80 0 8 -1.835400
52 78 0 8 -1.836866
16 53 0 8 -1.841518
20 35 0 8 -1.846075
3 76 0 8 -1.847263
46 55 0 8 -1.848379
8 76 0 8 -1.849753
5 74 0 8 -1.859219
32 68 0 8 -1.862508
52 64 0 8 -1.880426
36 41 0 8 -1.882452
46 68 0 8 -1.882499
54 67 0 8 -1.887041
15 70 0 8 -1.895673
20 70 0 8 -1.901716
17 31 0 8 -1.908842
35 49 0 8 -1.923219
67 82 0 8 -1.925209
17 46 0 8 -1.932550
56 78 0 8 -1.934760
11 67 0 8 -1.935681
18 27 0 8 -1.935701
28 33 0 8 -1.936756
61 68 0 8 -1.939849
22 80 0 8 -1.944899
59 81 0 8 -1.948615
16 58 0 8 -1.951542
18 38 0 8 -1.952591
22 55 0 8 -1.955873
60 79 0 8 -1.961355
40 67 0 8 -1.961540
9 67 0 8 -1.981553
10 71 0 8 -1.986223
38 52 0 8 -1.986232
22 73 0 8 -2.009669
32 64 0 8 -2.009859
17 60 0 8 -2.021580
10 87 0 8 -2.022914
10 15 0 8 -2.025699
37 72 0 8 -2.026844
15 76 0 8 -2.027853
5 32 0 8 -2.027992
49 55 0 8 -2.037324
45 58 0 8 -2.044272
15 38 0 8 -2.046357
16 74 0 8 -2.073492
5 21 0 8 -2.075539
27 66 0 8 -2.078283
26 56 0 8 -2.093502
12 60 0 8 -2.100855
13 73 0 8 -2.100883
46 57 0 8 -2.110375
44 52 0 8 -2.118671
21 39 0 8 -2.123207
36 81 0 8 -2.165119
18 47 0 8 -2.165708
48 65 0 8 -2.165956
9 51 0 8 -2.171742
56 85 0 8 -2.185946
18 80 0 8 -2.192492
18 81 0 8 -2.193267
17 35 0 8 -2.278201
17 80 0 8 -2.295035
44 60 0 8 -2.305631
24 36 0 8 -2.308825
11 47 0 8 -2.353080
7 24 0 8 -2.368284
49 73 0 8 -2.374897
74 81 0 8 -2.410396
10 51 0 8 -2.451663
51 81 0 8 -2.463084
55 78 0 8 -2.489820
68 80 0 8 -2.503146
36 78 0 8 -2.519681
7 27 0 8 -2.530406
57 67 0 8 -2.660721
65 77 0 8 -2.662632
27 56 0 8 -2.784128
74 80 0 8 -2.837975
18 37 0 8 -2.908986
