30 66 0 8 22.030930
54 65 0 8 18.572197
31 54 0 8 15.995363
26 70 0 8 15.500332
32 64 0 8 13.220821
68 78 0 8 12.064207
70 75 0 8 11.845894
28 70 0 8 10.944947
29 52 0 8 10.550055
14 53 0 8 9.648300
31 65 0 8 9.443139
29 67 0 8 8.482746
68 75 0 8 8.480452
30 68 0 8 8.136979
28 68 0 8 7.675865
23 71 0 8 7.511974
28 75 0 8 7.386598
13 65 0 8 6.856264
15 65 0 8 6.820426
33 61 0 8 6.613570
20 27 0 8 6.273764
2 18 0 8 5.925506
14 51 0 8 5.905650
19 27 0 8 5.812062
22 71 0 8 5.692361
33 58 0 8 5.665114
20 71 0 8 5.636528
34 64 0 8 5.506240
66 78 0 8 5.427885
10 59 0 8 5.239077
25 71 0 8 5.034957
68 76 0 8 4.725903
3 15 0 8 4.672839
29 45 0 8 4.615561
34 62 0 8 4.475073
8 13 0 8 4.413476
11 59 0 8 4.391634
24 69 0 8 4.330971
69 76 0 8 4.316344
6 16 0 8 3.921278
25 72 0 8 3.710674
16 51 0 8 3.542894
10 60 0 8 3.477485
6 14 0 8 3.467620
4 16 0 8 3.350122
30 78 0 8 3.339600
31 42 0 8 3.291099
30 42 0 8 3.211605
7 14 0 8 3.160819
69 74 0 8 3.139500
81 87 0 8 3.136968
32 66 0 8 3.050892
29 47 0 8 2.903485
79 85 0 8 2.895071
4 18 0 8 2.825320
43 52 0 8 2.763318
25 74 0 8 2.732078
24 71 0 8 2.653056
71 76 0 8 2.643456
31 52 0 8 2.621117
15 54 0 8 2.611932
35 64 0 8 2.524787
26 44 0 8 2.501557
22 72 0 8 2.481971
39 66 0 8 2.479542
47 67 0 8 2.474510
23 73 0 8 2.474156
19 24 0 8 2.466486
66 71 0 8 2.453792
19 50 0 8 2.390751
32 39 0 8 2.364310
45 67 0 8 2.353367
5 13 0 8 2.342985
32 40 0 8 2.341636
21 27 0 8 2.295337
13 85 0 8 2.283629
24 47 0 8 2.238919
47 52 0 8 2.234893
6 13 0 8 2.178003
30 75 0 8 2.176098
15 29 0 8 2.094642
71 77 0 8 2.071085
15 67 0 8 2.069476
28 44 0 8 2.062387
25 70 0 8 2.059037
15 50 0 8 2.045918
30 39 0 8 1.997848
3 79 0 8 1.945051
62 86 0 8 1.926485
8 14 0 8 1.914695
27 50 0 8 1.873542
44 70 0 8 1.855626
22 76 0 8 1.851521
31 45 0 8 1.763990
22 60 0 8 1.752351
18 50 0 8 1.706551
40 66 0 8 1.694038
27 69 0 8 1.659785
3 67 0 8 1.637248
20 69 0 8 1.626796
13 58 0 8 1.598239
68 77 0 8 1.595738
26 73 0 8 1.595254
30 41 0 8 1.592512
33 64 0 8 1.571987
20 76 0 8 1.571836
7 15 0 8 1.568864
25 60 0 8 1.542524
32 37 0 8 1.495370
12 53 0 8 1.490617
13 31 0 8 1.489284
36 73 0 8 1.489224
60 70 0 8 1.480092
24 74 0 8 1.473054
50 67 0 8 1.469386
23 60 0 8 1.462519
22 73 0 8 1.460323
5 14 0 8 1.454458
5 81 0 8 1.454328
66 80 0 8 1.450034
11 60 0 8 1.445095
32 38 0 8 1.420130
57 63 0 8 1.403303
21 71 0 8 1.375846
13 54 0 8 1.325473
31 43 0 8 1.324868
9 14 0 8 1.306598
26 59 0 8 1.282060
22 75 0 8 1.267776
33 41 0 8 1.259311
27 67 0 8 1.259104
52 65 0 8 1.257104
20 75 0 8 1.241841
23 49 0 8 1.234019
9 59 0 8 1.223982
11 64 0 8 1.219612
7 79 0 8 1.207487
24 73 0 8 1.202926
57 65 0 8 1.197627
3 29 0 8 1.178712
5 85 0 8 1.163102
65 85 0 8 1.156195
76 82 0 8 1.134112
13 53 0 8 1.115644
22 30 0 8 1.112640
8 53 0 8 1.106448
80 85 0 8 1.098237
7 12 0 8 1.077511
29 43 0 8 1.068651
74 79 0 8 1.067758
60 69 0 8 1.052818
27 45 0 8 1.047528
82 87 0 8 1.044146
31 41 0 8 1.043097
33 66 0 8 1.042052
7 13 0 8 1.040334
25 76 0 8 1.037028
40 59 0 8 1.032507
59 71 0 8 1.030470
19 26 0 8 1.028656
26 46 0 8 1.028494
10 19 0 8 1.026668
32 52 0 8 1.019082
12 54 0 8 1.017725
35 56 0 8 1.014785
16 37 0 8 1.012211
66 79 0 8 1.011022
7 60 0 8 0.993866
19 64 0 8 0.991669
15 52 0 8 0.984456
20 77 0 8 0.981471
40 56 0 8 0.973424
34 48 0 8 0.963443
12 55 0 8 0.958074
11 56 0 8 0.953793
21 77 0 8 0.947519
30 70 0 8 0.947194
25 69 0 8 0.944286
23 55 0 8 0.932185
36 59 0 8 0.930139
43 48 0 8 0.928716
6 12 0 8 0.927056
60 86 0 8 0.923812
67 79 0 8 0.923333
28 78 0 8 0.920788
31 57 0 8 0.907177
46 67 0 8 0.903402
22 70 0 8 0.902461
48 55 0 8 0.901285
28 42 0 8 0.895035
10 72 0 8 0.881463
32 71 0 8 0.878517
5 15 0 8 0.876974
25 73 0 8 0.874926
7 70 0 8 0.860197
52 58 0 8 0.855996
10 58 0 8 0.848716
20 50 0 8 0.844836
31 81 0 8 0.844336
9 16 0 8 0.841254
61 82 0 8 0.837369
36 56 0 8 0.830175
41 46 0 8 0.829255
16 67 0 8 0.827582
14 65 0 8 0.823993
33 62 0 8 0.817137
6 51 0 8 0.816873
1 21 0 8 0.816165
36 51 0 8 0.811625
29 42 0 8 0.811250
26 75 0 8 0.796986
28 41 0 8 0.793111
50 69 0 8 0.792696
31 66 0 8 0.791217
37 67 0 8 0.788745
16 50 0 8 0.783182
28 39 0 8 0.781911
10 62 0 8 0.780930
34 59 0 8 0.776466
46 68 0 8 0.774368
1 20 0 8 0.772118
58 63 0 8 0.764942
23 48 0 8 0.762934
5 65 0 8 0.762385
11 31 0 8 0.756876
22 77 0 8 0.756816
21 60 0 8 0.756468
21 53 0 8 0.756290
5 60 0 8 0.750894
39 59 0 8 0.750676
42 65 0 8 0.749688
56 66 0 8 0.747753
62 72 0 8 0.742350
10 34 0 8 0.738882
15 22 0 8 0.738728
34 61 0 8 0.736538
29 49 0 8 0.731961
41 55 0 8 0.727807
26 49 0 8 0.721520
25 47 0 8 0.721007
33 38 0 8 0.720301
66 84 0 8 0.709926
35 72 0 8 0.709922
18 62 0 8 0.709091
6 15 0 8 0.707235
38 46 0 8 0.706057
13 61 0 8 0.704704
15 51 0 8 0.704248
31 58 0 8 0.702056
27 49 0 8 0.701370
71 80 0 8 0.699285
6 36 0 8 0.696629
9 26 0 8 0.690839
43 73 0 8 0.689187
56 75 0 8 0.684912
55 62 0 8 0.681985
73 79 0 8 0.680940
10 61 0 8 0.675191
9 60 0 8 0.673335
11 55 0 8 0.673325
2 49 0 8 0.670438
27 68 0 8 0.669874
34 56 0 8 0.669527
13 42 0 8 0.668688
37 64 0 8 0.659907
28 59 0 8 0.656733
38 44 0 8 0.656243
5 79 0 8 0.652571
18 61 0 8 0.651665
17 27 0 8 0.646075
81 86 0 8 0.643289
45 52 0 8 0.641869
39 82 0 8 0.636343
46 58 0 8 0.632408
29 78 0 8 0.630363
34 41 0 8 0.622662
4 23 0 8 0.622002
39 83 0 8 0.621941
20 48 0 8 0.620150
38 82 0 8 0.619670
24 34 0 8 0.618154
64 84 0 8 0.615313
25 53 0 8 0.614514
62 84 0 8 0.614110
37 62 0 8 0.609468
23 62 0 8 0.607050
11 42 0 8 0.606695
64 80 0 8 0.605448
27 41 0 8 0.602173
28 46 0 8 0.599212
18 48 0 8 0.599019
66 74 0 8 0.592208
30 64 0 8 0.588959
6 58 0 8 0.581672
24 75 0 8 0.581231
49 65 0 8 0.579834
26 47 0 8 0.576861
9 57 0 8 0.573941
71 83 0 8 0.569773
3 24 0 8 0.568901
4 83 0 8 0.568750
8 15 0 8 0.566473
60 73 0 8 0.564590
4 78 0 8 0.564180
10 51 0 8 0.563733
42 47 0 8 0.557850
74 80 0 8 0.555684
18 56 0 8 0.554200
36 43 0 8 0.552020
17 63 0 8 0.549507
76 81 0 8 0.548770
39 65 0 8 0.548441
25 44 0 8 0.545506
11 75 0 8 0.543239
31 59 0 8 0.541178
54 69 0 8 0.539243
11 52 0 8 0.539167
12 21 0 8 0.535754
5 46 0 8 0.535695
59 87 0 8 0.527760
11 21 0 8 0.526286
19 58 0 8 0.524436
53 58 0 8 0.522326
29 56 0 8 0.521858
41 67 0 8 0.520219
79 84 0 8 0.518799
1 18 0 8 0.513594
16 53 0 8 0.509819
39 61 0 8 0.509106
11 20 0 8 0.508581
18 38 0 8 0.507928
46 60 0 8 0.506973
36 60 0 8 0.502542
34 49 0 8 0.502516
13 36 0 8 0.502347
45 65 0 8 0.500618
53 82 0 8 0.494549
42 67 0 8 0.492910
5 16 0 8 0.491188
4 51 0 8 0.490330
27 48 0 8 0.490325
31 39 0 8 0.489896
38 49 0 8 0.489483
59 72 0 8 0.488295
11 26 0 8 0.485021
38 48 0 8 0.484905
33 55 0 8 0.480972
60 71 0 8 0.477856
65 84 0 8 0.476193
48 80 0 8 0.476014
22 83 0 8 0.472894
13 46 0 8 0.471210
77 83 0 8 0.470548
11 41 0 8 0.470175
18 40 0 8 0.469465
35 41 0 8 0.468093
10 15 0 8 0.465768
13 33 0 8 0.461441
6 79 0 8 0.456546
18 23 0 8 0.455716
3 82 0 8 0.454934
18 27 0 8 0.454829
35 45 0 8 0.453986
21 49 0 8 0.453670
58 84 0 8 0.442658
14 35 0 8 0.441947
16 34 0 8 0.441296
18 44 0 8 0.438582
7 61 0 8 0.437699
39 45 0 8 0.437495
41 73 0 8 0.437461
14 37 0 8 0.435568
48 56 0 8 0.435538
35 62 0 8 0.435254
33 39 0 8 0.432530
36 42 0 8 0.432192
6 24 0 8 0.430390
26 36 0 8 0.428314
40 48 0 8 0.427670
2 8 0 8 0.424129
51 82 0 8 0.423359
39 64 0 8 0.419059
41 59 0 8 0.417726
28 40 0 8 0.415839
32 59 0 8 0.413255
49 56 0 8 0.412648
3 50 0 8 0.411622
62 77 0 8 0.410357
53 67 0 8 0.403696
11 38 0 8 0.403501
5 67 0 8 0.401909
5 11 0 8 0.401580
79 87 0 8 0.400965
3 36 0 8 0.400847
36 82 0 8 0.398488
26 79 0 8 0.397866
16 82 0 8 0.397117
34 73 0 8 0.396925
20 73 0 8 0.396337
11 77 0 8 0.396265
23 59 0 8 0.392829
15 47 0 8 0.391002
4 58 0 8 0.390708
48 62 0 8 0.390283
34 51 0 8 0.386290
61 77 0 8 0.385781
21 59 0 8 0.382686
40 49 0 8 0.382147
28 43 0 8 0.380317
43 79 0 8 0.378905
42 54 0 8 0.378073
15 37 0 8 0.377714
49 58 0 8 0.375488
40 64 0 8 0.375092
58 72 0 8 0.374770
1 7 0 8 0.372645
79 86 0 8 0.370471
35 43 0 8 0.368370
62 80 0 8 0.367077
7 78 0 8 0.365144
61 87 0 8 0.363187
31 63 0 8 0.360648
3 62 0 8 0.359806
24 48 0 8 0.359466
10 69 0 8 0.357448
50 72 0 8 0.357094
43 49 0 8 0.355953
5 34 0 8 0.353571
30 61 0 8 0.350788
45 74 0 8 0.350054
8 85 0 8 0.349829
24 60 0 8 0.349013
24 32 0 8 0.348555
36 72 0 8 0.347318
5 84 0 8 0.346798
13 48 0 8 0.346327
19 77 0 8 0.345605
19 48 0 8 0.345578
43 64 0 8 0.343114
43 55 0 8 0.342219
26 81 0 8 0.339644
21 51 0 8 0.339126
38 58 0 8 0.338848
14 20 0 8 0.337185
38 62 0 8 0.337046
1 8 0 8 0.336899
16 72 0 8 0.333976
13 34 0 8 0.332123
23 50 0 8 0.331073
36 79 0 8 0.330327
49 80 0 8 0.326444
5 83 0 8 0.325240
61 78 0 8 0.324999
9 25 0 8 0.323130
23 69 0 8 0.322209
3 74 0 8 0.321877
1 19 0 8 0.321058
38 47 0 8 0.321039
83 88 0 8 0.318416
24 50 0 8 0.318242
11 57 0 8 0.317552
29 48 0 8 0.317257
48 67 0 8 0.316917
41 51 0 8 0.316489
38 43 0 8 0.315863
7 42 0 8 0.315386
8 40 0 8 0.312988
19 85 0 8 0.311843
38 68 0 8 0.308698
29 58 0 8 0.306573
11 33 0 8 0.302088
35 61 0 8 0.301517
51 64 0 8 0.299993
40 73 0 8 0.299364
72 81 0 8 0.299203
64 82 0 8 0.297288
6 48 0 8 0.295651
19 38 0 8 0.295002
2 40 0 8 0.294942
45 53 0 8 0.294724
29 44 0 8 0.294261
16 62 0 8 0.289902
41 69 0 8 0.289160
80 86 0 8 0.288816
17 22 0 8 0.288352
13 83 0 8 0.288062
45 79 0 8 0.287954
1 11 0 8 0.286579
4 56 0 8 0.286154
7 53 0 8 0.285767
17 67 0 8 0.283965
24 37 0 8 0.279970
4 10 0 8 0.279273
59 75 0 8 0.276624
37 80 0 8 0.275229
10 22 0 8 0.273867
3 26 0 8 0.268210
19 65 0 8 0.265098
39 81 0 8 0.263491
5 62 0 8 0.263078
12 57 0 8 0.262463
22 69 0 8 0.261447
31 53 0 8 0.260418
35 77 0 8 0.259719
12 37 0 8 0.259622
36 41 0 8 0.259613
21 38 0 8 0.258723
22 51 0 8 0.258136
12 18 0 8 0.257601
70 78 0 8 0.257400
16 36 0 8 0.257094
44 51 0 8 0.257058
36 67 0 8 0.255324
35 51 0 8 0.254907
9 51 0 8 0.254668
74 85 0 8 0.253832
26 78 0 8 0.253477
4 24 0 8 0.253043
10 48 0 8 0.252040
39 63 0 8 0.251722
42 58 0 8 0.251235
55 64 0 8 0.249401
12 46 0 8 0.247550
2 46 0 8 0.247140
8 38 0 8 0.245658
8 57 0 8 0.245447
33 47 0 8 0.244654
36 58 0 8 0.243566
37 76 0 8 0.243447
14 44 0 8 0.242735
30 83 0 8 0.242337
39 62 0 8 0.242286
66 82 0 8 0.242218
3 23 0 8 0.241718
4 48 0 8 0.241670
49 83 0 8 0.240359
21 55 0 8 0.239853
31 44 0 8 0.238720
45 50 0 8 0.236373
23 51 0 8 0.236080
23 70 0 8 0.235644
21 30 0 8 0.234307
17 51 0 8 0.232982
9 41 0 8 0.227033
3 18 0 8 0.225368
67 85 0 8 0.225096
58 67 0 8 0.224031
16 44 0 8 0.223563
4 35 0 8 0.223535
69 80 0 8 0.222793
17 50 0 8 0.222482
33 52 0 8 0.222093
15 53 0 8 0.221373
20 49 0 8 0.220141
25 51 0 8 0.218640
7 55 0 8 0.216870
37 48 0 8 0.216082
30 48 0 8 0.214536
55 67 0 8 0.213194
55 83 0 8 0.212424
25 48 0 8 0.211246
37 55 0 8 0.209229
64 79 0 8 0.208972
16 29 0 8 0.207671
37 54 0 8 0.207498
28 51 0 8 0.204635
50 80 0 8 0.201587
6 55 0 8 0.201371
17 52 0 8 0.199715
6 50 0 8 0.199698
11 16 0 8 0.198996
23 72 0 8 0.198620
37 56 0 8 0.196570
28 62 0 8 0.196217
59 84 0 8 0.196190
59 69 0 8 0.195934
10 50 0 8 0.194484
19 60 0 8 0.192835
8 82 0 8 0.192025
9 15 0 8 0.191942
46 80 0 8 0.190260
9 35 0 8 0.190099
19 69 0 8 0.189731
38 67 0 8 0.189273
21 58 0 8 0.188721
56 82 0 8 0.188498
17 56 0 8 0.188491
35 80 0 8 0.188107
44 53 0 8 0.187165
36 70 0 8 0.186696
44 56 0 8 0.186011
12 83 0 8 0.183694
39 57 0 8 0.183004
44 67 0 8 0.182330
18 69 0 8 0.182328
39 67 0 8 0.180133
43 51 0 8 0.179766
9 17 0 8 0.179185
27 63 0 8 0.176290
15 28 0 8 0.175763
65 81 0 8 0.175610
21 78 0 8 0.175523
3 34 0 8 0.175208
18 53 0 8 0.175203
39 47 0 8 0.173395
46 62 0 8 0.171406
6 56 0 8 0.170512
36 46 0 8 0.170306
30 52 0 8 0.169822
78 84 0 8 0.169372
72 77 0 8 0.169133
1 51 0 8 0.168782
27 61 0 8 0.166658
37 61 0 8 0.165949
26 55 0 8 0.164559
21 76 0 8 0.163171
37 53 0 8 0.163059
8 37 0 8 0.163050
32 65 0 8 0.162480
19 52 0 8 0.160600
17 57 0 8 0.158958
37 51 0 8 0.158840
50 57 0 8 0.158466
15 46 0 8 0.157711
50 76 0 8 0.155682
38 87 0 8 0.155382
1 12 0 8 0.154579
11 49 0 8 0.154289
1 50 0 8 0.154133
26 52 0 8 0.152094
46 55 0 8 0.150373
37 65 0 8 0.148562
45 55 0 8 0.148213
55 84 0 8 0.148205
12 17 0 8 0.147267
16 83 0 8 0.147140
38 55 0 8 0.146616
1 15 0 8 0.145615
22 55 0 8 0.145291
11 72 0 8 0.144598
16 49 0 8 0.142325
26 45 0 8 0.141222
17 26 0 8 0.140465
8 50 0 8 0.139915
26 43 0 8 0.138314
6 38 0 8 0.136267
17 68 0 8 0.134439
22 28 0 8 0.134259
14 22 0 8 0.133959
25 46 0 8 0.133520
38 88 0 8 0.132414
41 56 0 8 0.132408
49 72 0 8 0.132240
33 81 0 8 0.132109
40 71 0 8 0.131631
7 88 0 8 0.130022
2 41 0 8 0.129359
44 52 0 8 0.127781
24 78 0 8 0.127067
56 72 0 8 0.126988
39 88 0 8 0.126892
34 63 0 8 0.126444
16 40 0 8 0.125040
26 63 0 8 0.123738
2 36 0 8 0.123315
32 78 0 8 0.122163
14 55 0 8 0.122075
39 77 0 8 0.121866
5 86 0 8 0.118816
7 83 0 8 0.117016
60 84 0 8 0.116392
42 73 0 8 0.115718
22 78 0 8 0.115682
42 55 0 8 0.111942
11 73 0 8 0.111791
43 80 0 8 0.111275
38 81 0 8 0.110367
5 50 0 8 0.108263
13 73 0 8 0.106622
38 73 0 8 0.105279
1 27 0 8 0.103885
56 67 0 8 0.102827
1 16 0 8 0.101984
60 72 0 8 0.101963
60 83 0 8 0.101864
31 55 0 8 0.101027
25 37 0 8 0.098387
1 39 0 8 0.098109
80 87 0 8 0.097279
3 25 0 8 0.096652
16 55 0 8 0.095283
42 66 0 8 0.095221
23 77 0 8 0.093651
47 58 0 8 0.092813
7 30 0 8 0.092615
18 51 0 8 0.091376
11 34 0 8 0.091315
4 41 0 8 0.090489
25 50 0 8 0.089432
74 86 0 8 0.088258
30 88 0 8 0.088191
72 88 0 8 0.086821
37 78 0 8 0.085615
12 19 0 8 0.083785
30 87 0 8 0.083310
2 29 0 8 0.083055
43 57 0 8 0.082673
26 76 0 8 0.082026
38 72 0 8 0.080190
31 69 0 8 0.080086
29 40 0 8 0.079628
68 82 0 8 0.079301
66 86 0 8 0.078145
21 52 0 8 0.076949
14 29 0 8 0.075683
10 71 0 8 0.075537
5 21 0 8 0.074703
38 51 0 8 0.074338
2 60 0 8 0.073566
41 83 0 8 0.073313
56 68 0 8 0.073109
55 60 0 8 0.073096
10 41 0 8 0.071797
31 37 0 8 0.071783
1 44 0 8 0.067800
10 57 0 8 0.066099
2 55 0 8 0.064599
29 55 0 8 0.064001
43 83 0 8 0.063595
3 45 0 8 0.062764
1 71 0 8 0.062465
31 74 0 8 0.062367
23 44 0 8 0.061574
14 88 0 8 0.061278
76 88 0 8 0.061180
18 32 0 8 0.060263
51 72 0 8 0.059174
67 82 0 8 0.058312
1 56 0 8 0.057812
25 36 0 8 0.056723
38 77 0 8 0.055785
5 55 0 8 0.055535
14 50 0 8 0.055252
50 83 0 8 0.053359
6 43 0 8 0.053127
3 37 0 8 0.051165
57 83 0 8 0.050770
11 18 0 8 0.049958
49 67 0 8 0.049851
18 58 0 8 0.048536
4 59 0 8 0.048245
19 43 0 8 0.046730
21 28 0 8 0.046164
59 86 0 8 0.045985
50 74 0 8 0.045871
13 79 0 8 0.044148
65 83 0 8 0.044067
3 17 0 8 0.043999
57 67 0 8 0.043862
4 69 0 8 0.043616
33 59 0 8 0.043415
35 40 0 8 0.041816
39 87 0 8 0.040901
2 16 0 8 0.039346
61 86 0 8 0.038380
51 67 0 8 0.037932
40 80 0 8 0.036984
5 19 0 8 0.036047
63 80 0 8 0.034697
63 77 0 8 0.032779
60 75 0 8 0.032598
25 88 0 8 0.032377
14 47 0 8 0.031451
21 41 0 8 0.028898
15 88 0 8 0.027903
17 71 0 8 0.027811
10 52 0 8 0.027195
72 79 0 8 0.026687
49 62 0 8 0.026120
75 85 0 8 0.025787
29 34 0 8 0.025388
11 36 0 8 0.025301
2 72 0 8 0.024932
31 38 0 8 0.023953
10 25 0 8 0.023077
2 35 0 8 0.022912
10 53 0 8 0.022670
69 77 0 8 0.022411
12 32 0 8 0.022380
42 62 0 8 0.022097
2 23 0 8 0.021501
7 49 0 8 0.021465
5 39 0 8 0.021369
63 71 0 8 0.021289
12 86 0 8 0.021274
27 52 0 8 0.021145
5 49 0 8 0.020570
30 40 0 8 0.019613
4 80 0 8 0.017914
39 44 0 8 0.017858
17 29 0 8 0.017524
10 88 0 8 0.017397
8 78 0 8 0.016928
17 45 0 8 0.016659
63 74 0 8 0.016327
5 53 0 8 0.016101
1 76 0 8 0.016003
18 72 0 8 0.015795
26 35 0 8 0.015388
19 29 0 8 0.015179
69 88 0 8 0.015052
47 88 0 8 0.013817
1 33 0 8 0.013375
23 75 0 8 0.012972
63 85 0 8 0.012831
22 63 0 8 0.012711
44 50 0 8 0.012302
25 56 0 8 0.012169
52 77 0 8 0.011719
15 80 0 8 0.011381
1 14 0 8 0.010721
44 54 0 8 0.009889
12 84 0 8 0.007756
53 77 0 8 0.007382
32 42 0 8 0.007260
67 86 0 8 0.007087
52 67 0 8 0.006163
1 60 0 8 0.005712
21 61 0 8 0.005642
39 78 0 8 0.004854
9 61 0 8 0.004779
75 87 0 8 0.004035
56 77 0 8 0.003649
41 64 0 8 0.003008
57 85 0 8 0.002330
19 36 0 8 0.002140
49 86 0 8 0.001484
53 88 0 8 0.000981
25 31 0 8 0.000973
49 64 0 8 0.000351
57 87 0 8 0.000044
1 89 0 8 0.000000
1 90 0 8 0.000000
1 91 0 8 0.000000
2 89 0 8 0.000000
2 90 0 8 0.000000
2 91 0 8 0.000000
3 89 0 8 0.000000
3 90 0 8 0.000000
3 91 0 8 0.000000
4 89 0 8 0.000000
4 90 0 8 0.000000
4 91 0 8 0.000000
5 89 0 8 0.000000
5 90 0 8 0.000000
5 91 0 8 0.000000
6 89 0 8 0.000000
6 90 0 8 0.000000
6 91 0 8 0.000000
7 89 0 8 0.000000
7 90 0 8 0.000000
7 91 0 8 0.000000
8 89 0 8 0.000000
8 90 0 8 0.000000
8 91 0 8 0.000000
9 89 0 8 0.000000
9 90 0 8 0.000000
9 91 0 8 0.000000
10 89 0 8 0.000000
10 90 0 8 0.000000
10 91 0 8 0.000000
11 89 0 8 0.000000
11 90 0 8 0.000000
11 91 0 8 0.000000
12 89 0 8 0.000000
12 90 0 8 0.000000
12 91 0 8 0.000000
13 89 0 8 0.000000
13 90 0 8 0.000000
13 91 0 8 0.000000
14 89 0 8 0.000000
14 90 0 8 0.000000
14 91 0 8 0.000000
15 89 0 8 0.000000
15 90 0 8 0.000000
15 91 0 8 0.000000
16 89 0 8 0.000000
16 90 0 8 0.000000
16 91 0 8 0.000000
17 89 0 8 0.000000
17 90 0 8 0.000000
17 91 0 8 0.000000
18 89 0 8 0.000000
18 90 0 8 0.000000
18 91 0 8 0.000000
19 89 0 8 0.000000
19 90 0 8 0.000000
19 91 0 8 0.000000
20 89 0 8 0.000000
20 90 0 8 0.000000
20 91 0 8 0.000000
21 89 0 8 0.000000
21 90 0 8 0.000000
21 91 0 8 0.000000
22 89 0 8 0.000000
22 90 0 8 0.000000
22 91 0 8 0.000000
23 89 0 8 0.000000
23 90 0 8 0.000000
23 91 0 8 0.000000
24 89 0 8 0.000000
24 90 0 8 0.000000
24 91 0 8 0.000000
25 89 0 8 0.000000
25 90 0 8 0.000000
25 91 0 8 0.000000
26 89 0 8 0.000000
26 90 0 8 0.000000
26 91 0 8 0.000000
27 89 0 8 0.000000
27 90 0 8 0.000000
27 91 0 8 0.000000
28 89 0 8 0.000000
28 90 0 8 0.000000
28 91 0 8 0.000000
29 89 0 8 0.000000
29 90 0 8 0.000000
29 91 0 8 0.000000
30 89 0 8 0.000000
30 90 0 8 0.000000
30 91 0 8 0.000000
31 89 0 8 0.000000
31 90 0 8 0.000000
31 91 0 8 0.000000
32 89 0 8 0.000000
32 90 0 8 0.000000
32 91 0 8 0.000000
33 89 0 8 0.000000
33 90 0 8 0.000000
33 91 0 8 0.000000
34 89 0 8 0.000000
34 90 0 8 0.000000
34 91 0 8 0.000000
35 89 0 8 0.000000
35 90 0 8 0.000000
35 91 0 8 0.000000
36 89 0 8 0.000000
36 90 0 8 0.000000
36 91 0 8 0.000000
37 89 0 8 0.000000
37 90 0 8 0.000000
37 91 0 8 0.000000
38 89 0 8 0.000000
38 90 0 8 0.000000
38 91 0 8 0.000000
39 89 0 8 0.000000
39 90 0 8 0.000000
39 91 0 8 0.000000
40 89 0 8 0.000000
40 90 0 8 0.000000
40 91 0 8 0.000000
41 89 0 8 0.000000
41 90 0 8 0.000000
41 91 0 8 0.000000
42 89 0 8 0.000000
42 90 0 8 0.000000
42 91 0 8 0.000000
43 89 0 8 0.000000
43 90 0 8 0.000000
43 91 0 8 0.000000
44 89 0 8 0.000000
44 90 0 8 0.000000
44 91 0 8 0.000000
45 89 0 8 0.000000
45 90 0 8 0.000000
45 91 0 8 0.000000
46 89 0 8 0.000000
46 90 0 8 0.000000
46 91 0 8 0.000000
47 89 0 8 0.000000
47 90 0 8 0.000000
47 91 0 8 0.000000
48 89 0 8 0.000000
48 90 0 8 0.000000
48 91 0 8 0.000000
49 89 0 8 0.000000
49 90 0 8 0.000000
49 91 0 8 0.000000
50 89 0 8 0.000000
50 90 0 8 0.000000
50 91 0 8 0.000000
51 89 0 8 0.000000
51 90 0 8 0.000000
51 91 0 8 0.000000
52 89 0 8 0.000000
52 90 0 8 0.000000
52 91 0 8 0.000000
53 89 0 8 0.000000
53 90 0 8 0.000000
53 91 0 8 0.000000
54 89 0 8 0.000000
54 90 0 8 0.000000
54 91 0 8 0.000000
55 89 0 8 0.000000
55 90 0 8 0.000000
55 91 0 8 0.000000
56 89 0 8 0.000000
56 90 0 8 0.000000
56 91 0 8 0.000000
57 89 0 8 0.000000
57 90 0 8 0.000000
57 91 0 8 0.000000
58 89 0 8 0.000000
58 90 0 8 0.000000
58 91 0 8 0.000000
59 89 0 8 0.000000
59 90 0 8 0.000000
59 91 0 8 0.000000
60 89 0 8 0.000000
60 90 0 8 0.000000
60 91 0 8 0.000000
61 89 0 8 0.000000
61 90 0 8 0.000000
61 91 0 8 0.000000
62 89 0 8 0.000000
62 90 0 8 0.000000
62 91 0 8 0.000000
63 89 0 8 0.000000
63 90 0 8 0.000000
63 91 0 8 0.000000
64 89 0 8 0.000000
64 90 0 8 0.000000
64 91 0 8 0.000000
65 89 0 8 0.000000
65 90 0 8 0.000000
65 91 0 8 0.000000
66 89 0 8 0.000000
66 90 0 8 0.000000
66 91 0 8 0.000000
67 89 0 8 0.000000
67 90 0 8 0.000000
67 91 0 8 0.000000
68 89 0 8 0.000000
68 90 0 8 0.000000
68 91 0 8 0.000000
69 89 0 8 0.000000
69 90 0 8 0.000000
69 91 0 8 0.000000
70 89 0 8 0.000000
70 90 0 8 0.000000
70 91 0 8 0.000000
71 89 0 8 0.000000
71 90 0 8 0.000000
71 91 0 8 0.000000
72 89 0 8 0.000000
72 90 0 8 0.000000
72 91 0 8 0.000000
73 89 0 8 0.000000
73 90 0 8 0.000000
73 91 0 8 0.000000
74 89 0 8 0.000000
74 90 0 8 0.000000
74 91 0 8 0.000000
75 89 0 8 0.000000
75 90 0 8 0.000000
75 91 0 8 0.000000
76 89 0 8 0.000000
76 90 0 8 0.000000
76 91 0 8 0.000000
77 89 0 8 0.000000
77 90 0 8 0.000000
77 91 0 8 0.000000
78 89 0 8 0.000000
78 90 0 8 0.000000
78 91 0 8 0.000000
79 89 0 8 0.000000
79 90 0 8 0.000000
79 91 0 8 0.000000
80 89 0 8 0.000000
80 90 0 8 0.000000
80 91 0 8 0.000000
81 89 0 8 0.000000
81 90 0 8 0.000000
81 91 0 8 0.000000
82 89 0 8 0.000000
82 90 0 8 0.000000
82 91 0 8 0.000000
83 89 0 8 0.000000
83 90 0 8 0.000000
83 91 0 8 0.000000
84 89 0 8 0.000000
84 90 0 8 0.000000
84 91 0 8 0.000000
85 90 0 8 0.000000
85 91 0 8 0.000000
86 91 0 8 0.000000
36 62 0 8 -0.000745
15 57 0 8 -0.000812
40 57 0 8 -0.001109
32 76 0 8 -0.002067
77 85 0 8 -0.002263
29 82 0 8 -0.002977
54 85 0 8 -0.003166
16 26 0 8 -0.003501
7 48 0 8 -0.003951
21 56 0 8 -0.005172
51 63 0 8 -0.005755
3 38 0 8 -0.006490
24 77 0 8 -0.006887
4 54 0 8 -0.007309
63 88 0 8 -0.007439
73 82 0 8 -0.007627
17 32 0 8 -0.008093
17 88 0 8 -0.008854
32 68 0 8 -0.009450
1 75 0 8 -0.009498
5 17 0 8 -0.009827
3 41 0 8 -0.010135
56 73 0 8 -0.010518
2 67 0 8 -0.011454
70 84 0 8 -0.012006
17 25 0 8 -0.012021
38 63 0 8 -0.012415
14 45 0 8 -0.012488
18 36 0 8 -0.012659
9 19 0 8 -0.012935
11 17 0 8 -0.013108
32 61 0 8 -0.013464
17 60 0 8 -0.014246
1 35 0 8 -0.014388
23 76 0 8 -0.014402
3 81 0 8 -0.014551
19 44 0 8 -0.014551
18 49 0 8 -0.014644
34 84 0 8 -0.015616
8 64 0 8 -0.015806
29 63 0 8 -0.015908
22 29 0 8 -0.016142
2 20 0 8 -0.016223
2 87 0 8 -0.016262
1 63 0 8 -0.016515
1 69 0 8 -0.017128
11 87 0 8 -0.017173
17 46 0 8 -0.017811
2 27 0 8 -0.017940
6 82 0 8 -0.017944
17 74 0 8 -0.018491
17 24 0 8 -0.018577
57 88 0 8 -0.019206
1 17 0 8 -0.019657
17 69 0 8 -0.019784
61 76 0 8 -0.020026
37 49 0 8 -0.020150
49 55 0 8 -0.020225
7 56 0 8 -0.021051
74 84 0 8 -0.021293
10 42 0 8 -0.021404
3 86 0 8 -0.021649
15 83 0 8 -0.021752
1 88 0 8 -0.021757
11 25 0 8 -0.022345
1 24 0 8 -0.022746
56 69 0 8 -0.023239
40 68 0 8 -0.023405
30 35 0 8 -0.023991
64 78 0 8 -0.024062
3 63 0 8 -0.024098
46 70 0 8 -0.024372
10 23 0 8 -0.025195
37 57 0 8 -0.025217
12 61 0 8 -0.025505
12 44 0 8 -0.025633
16 23 0 8 -0.025994
46 84 0 8 -0.026004
6 57 0 8 -0.026319
4 61 0 8 -0.026721
57 82 0 8 -0.026783
1 22 0 8 -0.028063
47 62 0 8 -0.028289
55 78 0 8 -0.028489
32 63 0 8 -0.028620
4 84 0 8 -0.029096
5 63 0 8 -0.029240
56 86 0 8 -0.029878
63 86 0 8 -0.030460
7 23 0 8 -0.030951
63 87 0 8 -0.031502
10 37 0 8 -0.031692
7 44 0 8 -0.031982
43 62 0 8 -0.031987
17 81 0 8 -0.032496
2 62 0 8 -0.032546
5 88 0 8 -0.032881
1 66 0 8 -0.033333
40 50 0 8 -0.033455
46 53 0 8 -0.033690
57 64 0 8 -0.034040
79 88 0 8 -0.035020
8 17 0 8 -0.035423
27 57 0 8 -0.035470
64 88 0 8 -0.035506
19 78 0 8 -0.036105
63 84 0 8 -0.036252
17 86 0 8 -0.036255
1 46 0 8 -0.036831
18 59 0 8 -0.036862
17 87 0 8 -0.037495
18 47 0 8 -0.037596
2 63 0 8 -0.037901
1 74 0 8 -0.039068
37 72 0 8 -0.039849
41 63 0 8 -0.040566
12 50 0 8 -0.040570
45 57 0 8 -0.040956
30 74 0 8 -0.041049
77 87 0 8 -0.041709
52 63 0 8 -0.042071
1 57 0 8 -0.042637
13 29 0 8 -0.042891
16 56 0 8 -0.043088
17 84 0 8 -0.043149
1 36 0 8 -0.043178
17 54 0 8 -0.043331
56 63 0 8 -0.043351
20 56 0 8 -0.043852
55 80 0 8 -0.043865
62 68 0 8 -0.044162
16 88 0 8 -0.044604
2 17 0 8 -0.045112
1 58 0 8 -0.045308
8 58 0 8 -0.046205
6 81 0 8 -0.046224
78 85 0 8 -0.046258
63 83 0 8 -0.046491
31 40 0 8 -0.046505
6 65 0 8 -0.046874
17 59 0 8 -0.047149
63 81 0 8 -0.047233
28 54 0 8 -0.047960
5 48 0 8 -0.048060
5 41 0 8 -0.048075
69 82 0 8 -0.048220
12 56 0 8 -0.049232
67 83 0 8 -0.049287
23 86 0 8 -0.049612
2 88 0 8 -0.049932
47 73 0 8 -0.050196
10 17 0 8 -0.050260
66 83 0 8 -0.050325
3 64 0 8 -0.050709
10 38 0 8 -0.050845
3 56 0 8 -0.050915
30 63 0 8 -0.051258
56 88 0 8 -0.051260
21 50 0 8 -0.051597
18 41 0 8 -0.051664
1 70 0 8 -0.051723
58 88 0 8 -0.051768
37 43 0 8 -0.051830
47 77 0 8 -0.052098
76 86 0 8 -0.052382
4 63 0 8 -0.052420
18 80 0 8 -0.052496
13 86 0 8 -0.052582
74 87 0 8 -0.052626
6 17 0 8 -0.053853
11 23 0 8 -0.053985
2 34 0 8 -0.054439
6 80 0 8 -0.054738
12 52 0 8 -0.055192
17 83 0 8 -0.055337
46 57 0 8 -0.055433
66 85 0 8 -0.055468
2 82 0 8 -0.055510
43 72 0 8 -0.055589
5 71 0 8 -0.055652
6 44 0 8 -0.055749
63 82 0 8 -0.055837
67 88 0 8 -0.056150
44 55 0 8 -0.056321
18 63 0 8 -0.056371
14 27 0 8 -0.056446
8 36 0 8 -0.057422
63 73 0 8 -0.057439
27 58 0 8 -0.057453
7 82 0 8 -0.058434
8 63 0 8 -0.059051
29 57 0 8 -0.059349
57 77 0 8 -0.059645
20 63 0 8 -0.059948
61 69 0 8 -0.060053
74 82 0 8 -0.060305
33 53 0 8 -0.060884
28 36 0 8 -0.061020
3 42 0 8 -0.061075
57 76 0 8 -0.061403
81 88 0 8 -0.062227
4 17 0 8 -0.062394
2 11 0 8 -0.062561
21 83 0 8 -0.062882
37 63 0 8 -0.063053
21 42 0 8 -0.063366
50 88 0 8 -0.063420
16 63 0 8 -0.063592
6 11 0 8 -0.063740
12 63 0 8 -0.064997
27 88 0 8 -0.065188
19 62 0 8 -0.065262
64 86 0 8 -0.066062
31 50 0 8 -0.066105
48 57 0 8 -0.066228
10 87 0 8 -0.066249
37 46 0 8 -0.066309
4 38 0 8 -0.066432
17 82 0 8 -0.066461
6 63 0 8 -0.066826
28 55 0 8 -0.066995
8 55 0 8 -0.067364
46 63 0 8 -0.067834
74 81 0 8 -0.067849
63 78 0 8 -0.067927
37 50 0 8 -0.068685
4 88 0 8 -0.069060
3 57 0 8 -0.070341
4 40 0 8 -0.070483
17 85 0 8 -0.070608
32 87 0 8 -0.070713
36 86 0 8 -0.071170
8 56 0 8 -0.071308
16 48 0 8 -0.071337
21 35 0 8 -0.071407
55 63 0 8 -0.071486
31 88 0 8 -0.071591
24 63 0 8 -0.071716
8 74 0 8 -0.072329
2 14 0 8 -0.072360
27 54 0 8 -0.072594
20 34 0 8 -0.072961
60 87 0 8 -0.073119
36 55 0 8 -0.073275
63 69 0 8 -0.073282
82 88 0 8 -0.073562
5 10 0 8 -0.073637
4 53 0 8 -0.073735
50 63 0 8 -0.074081
17 30 0 8 -0.074086
34 87 0 8 -0.074224
39 48 0 8 -0.074362
10 33 0 8 -0.074529
1 37 0 8 -0.074557
31 79 0 8 -0.074730
29 54 0 8 -0.074768
17 41 0 8 -0.075044
19 45 0 8 -0.075045
2 58 0 8 -0.075066
28 47 0 8 -0.075326
24 38 0 8 -0.075398
19 86 0 8 -0.075908
3 88 0 8 -0.076029
59 64 0 8 -0.076056
3 27 0 8 -0.076077
33 74 0 8 -0.076133
17 40 0 8 -0.076626
66 76 0 8 -0.076870
29 64 0 8 -0.076915
53 63 0 8 -0.077789
18 43 0 8 -0.077886
17 38 0 8 -0.077894
40 63 0 8 -0.078132
44 63 0 8 -0.078603
57 86 0 8 -0.078639
48 83 0 8 -0.078807
8 16 0 8 -0.079355
14 67 0 8 -0.079581
16 35 0 8 -0.079631
17 55 0 8 -0.079734
1 59 0 8 -0.080144
36 48 0 8 -0.080967
21 26 0 8 -0.080997
35 63 0 8 -0.081643
59 80 0 8 -0.082031
36 63 0 8 -0.082036
34 80 0 8 -0.082182
35 46 0 8 -0.082926
41 88 0 8 -0.083062
28 86 0 8 -0.083524
12 22 0 8 -0.083879
74 88 0 8 -0.084281
21 72 0 8 -0.084682
17 58 0 8 -0.085184
48 63 0 8 -0.085370
38 60 0 8 -0.085445
12 88 0 8 -0.085630
21 88 0 8 -0.085657
13 57 0 8 -0.085661
24 49 0 8 -0.085669
49 63 0 8 -0.085942
10 63 0 8 -0.086017
29 65 0 8 -0.086596
19 63 0 8 -0.086741
15 63 0 8 -0.086849
11 63 0 8 -0.087905
6 88 0 8 -0.088039
44 49 0 8 -0.088204
63 79 0 8 -0.088525
17 80 0 8 -0.088542
7 51 0 8 -0.088755
1 86 0 8 -0.089086
10 86 0 8 -0.089163
9 63 0 8 -0.089310
9 62 0 8 -0.089510
33 54 0 8 -0.089983
50 86 0 8 -0.090209
33 80 0 8 -0.090456
63 76 0 8 -0.090717
2 15 0 8 -0.091049
26 68 0 8 -0.091129
39 53 0 8 -0.091371
2 42 0 8 -0.091852
26 88 0 8 -0.092030
1 87 0 8 -0.092134
17 37 0 8 -0.092292
25 75 0 8 -0.092521
4 87 0 8 -0.092555
17 53 0 8 -0.092589
14 63 0 8 -0.092798
7 62 0 8 -0.093016
42 63 0 8 -0.093044
17 44 0 8 -0.093559
57 84 0 8 -0.093593
75 80 0 8 -0.094169
55 88 0 8 -0.094179
43 63 0 8 -0.094255
15 84 0 8 -0.094383
4 34 0 8 -0.094940
63 72 0 8 -0.095330
5 12 0 8 -0.095487
28 88 0 8 -0.095607
31 56 0 8 -0.095834
11 86 0 8 -0.096179
1 48 0 8 -0.096919
17 35 0 8 -0.097177
27 76 0 8 -0.097179
6 19 0 8 -0.097438
9 55 0 8 -0.097550
17 36 0 8 -0.097645
2 57 0 8 -0.097851
73 81 0 8 -0.097865
80 88 0 8 -0.098002
51 88 0 8 -0.098410
22 40 0 8 -0.098586
45 63 0 8 -0.098926
2 21 0 8 -0.098956
44 65 0 8 -0.099279
1 83 0 8 -0.099509
17 78 0 8 -0.099644
37 42 0 8 -0.099998
8 88 0 8 -0.100168
34 66 0 8 -0.100553
53 84 0 8 -0.100924
7 63 0 8 -0.100945
17 61 0 8 -0.101105
11 58 0 8 -0.101568
17 48 0 8 -0.101613
2 7 0 8 -0.102069
37 88 0 8 -0.102153
17 49 0 8 -0.102294
68 79 0 8 -0.102684
1 84 0 8 -0.102817
3 21 0 8 -0.102824
40 88 0 8 -0.102933
1 25 0 8 -0.103203
44 88 0 8 -0.103555
31 70 0 8 -0.103638
18 37 0 8 -0.103835
17 34 0 8 -0.104560
21 63 0 8 -0.104743
23 63 0 8 -0.105098
17 79 0 8 -0.105368
46 88 0 8 -0.105744
2 9 0 8 -0.105818
29 61 0 8 -0.106092
77 86 0 8 -0.106565
4 29 0 8 -0.107251
3 84 0 8 -0.107260
16 86 0 8 -0.107377
35 88 0 8 -0.107559
1 62 0 8 -0.107745
17 62 0 8 -0.107990
36 88 0 8 -0.108078
1 80 0 8 -0.109589
2 51 0 8 -0.109636
44 69 0 8 -0.109764
17 42 0 8 -0.110747
36 49 0 8 -0.110794
12 66 0 8 -0.111064
4 67 0 8 -0.111288
24 88 0 8 -0.111474
71 88 0 8 -0.111872
61 88 0 8 -0.111907
17 43 0 8 -0.112189
29 88 0 8 -0.112258
48 88 0 8 -0.112469
41 60 0 8 -0.112637
78 88 0 8 -0.112780
6 27 0 8 -0.113034
49 88 0 8 -0.113223
48 86 0 8 -0.113805
18 88 0 8 -0.113817
25 63 0 8 -0.114289
52 88 0 8 -0.114300
25 58 0 8 -0.114629
25 83 0 8 -0.114695
13 63 0 8 -0.114955
9 56 0 8 -0.114979
11 32 0 8 -0.115668
34 88 0 8 -0.115731
1 6 0 8 -0.115777
11 88 0 8 -0.115810
32 51 0 8 -0.116631
61 66 0 8 -0.116816
9 88 0 8 -0.117660
61 84 0 8 -0.118597
17 72 0 8 -0.119096
62 88 0 8 -0.119528
64 81 0 8 -0.119530
26 48 0 8 -0.119745
21 37 0 8 -0.119994
7 17 0 8 -0.120152
5 56 0 8 -0.120188
19 88 0 8 -0.120485
1 47 0 8 -0.120501
17 39 0 8 -0.120676
28 84 0 8 -0.120809
26 62 0 8 -0.121060
47 63 0 8 -0.121124
17 76 0 8 -0.121245
2 12 0 8 -0.121418
4 9 0 8 -0.121485
47 83 0 8 -0.121513
57 81 0 8 -0.121945
19 74 0 8 -0.122052
42 88 0 8 -0.122579
9 36 0 8 -0.122632
54 63 0 8 -0.122965
8 25 0 8 -0.123135
1 41 0 8 -0.123816
17 77 0 8 -0.123985
54 88 0 8 -0.124056
3 85 0 8 -0.124063
43 88 0 8 -0.124175
23 57 0 8 -0.124265
50 87 0 8 -0.124421
40 65 0 8 -0.124906
68 88 0 8 -0.124948
17 23 0 8 -0.125095
3 13 0 8 -0.125843
13 62 0 8 -0.125872
49 68 0 8 -0.125989
16 84 0 8 -0.126293
24 62 0 8 -0.126418
56 65 0 8 -0.127246
21 84 0 8 -0.127630
15 39 0 8 -0.127887
30 85 0 8 -0.128111
16 22 0 8 -0.128204
19 37 0 8 -0.128389
2 84 0 8 -0.128770
24 36 0 8 -0.129518
33 63 0 8 -0.129580
63 75 0 8 -0.129880
16 58 0 8 -0.129934
45 88 0 8 -0.130329
9 37 0 8 -0.131337
57 78 0 8 -0.131516
5 69 0 8 -0.131587
5 59 0 8 -0.132166
43 56 0 8 -0.133247
6 70 0 8 -0.133544
1 55 0 8 -0.134861
1 9 0 8 -0.134945
4 57 0 8 -0.135335
60 77 0 8 -0.135787
17 73 0 8 -0.135797
1 82 0 8 -0.135844
51 84 0 8 -0.136016
4 32 0 8 -0.136086
40 51 0 8 -0.136564
36 69 0 8 -0.136795
26 56 0 8 -0.137097
63 68 0 8 -0.137130
77 88 0 8 -0.137231
39 54 0 8 -0.137258
28 63 0 8 -0.137474
22 88 0 8 -0.138144
1 81 0 8 -0.138145
11 83 0 8 -0.138345
23 88 0 8 -0.138460
17 64 0 8 -0.140029
57 62 0 8 -0.140088
34 72 0 8 -0.141030
5 82 0 8 -0.141802
2 69 0 8 -0.142195
28 57 0 8 -0.142295
19 57 0 8 -0.142387
32 44 0 8 -0.142566
43 81 0 8 -0.142656
22 48 0 8 -0.143680
5 87 0 8 -0.143729
16 45 0 8 -0.143785
51 58 0 8 -0.143819
17 47 0 8 -0.144170
11 53 0 8 -0.144190
54 67 0 8 -0.144664
51 86 0 8 -0.145163
2 38 0 8 -0.145233
63 70 0 8 -0.145421
4 72 0 8 -0.145480
60 88 0 8 -0.146456
6 53 0 8 -0.146732
11 40 0 8 -0.146941
26 57 0 8 -0.147232
53 86 0 8 -0.147820
35 57 0 8 -0.148557
8 83 0 8 -0.148723
19 55 0 8 -0.149341
3 8 0 8 -0.149905
73 88 0 8 -0.150306
73 84 0 8 -0.151142
13 88 0 8 -0.151446
1 34 0 8 -0.151592
2 83 0 8 -0.151885
6 26 0 8 -0.152784
20 57 0 8 -0.152983
55 68 0 8 -0.154069
17 33 0 8 -0.154234
17 75 0 8 -0.154592
10 84 0 8 -0.155140
62 67 0 8 -0.155556
41 61 0 8 -0.155810
74 83 0 8 -0.156029
38 45 0 8 -0.156074
1 77 0 8 -0.156599
54 74 0 8 -0.156913
42 53 0 8 -0.157935
59 74 0 8 -0.158074
19 56 0 8 -0.158827
46 72 0 8 -0.159059
62 87 0 8 -0.159082
12 62 0 8 -0.159280
46 52 0 8 -0.159475
50 81 0 8 -0.159536
39 85 0 8 -0.159678
8 21 0 8 -0.159707
38 79 0 8 -0.160086
25 41 0 8 -0.160210
2 81 0 8 -0.160318
27 44 0 8 -0.160783
73 86 0 8 -0.161022
16 21 0 8 -0.161026
65 88 0 8 -0.162403
33 57 0 8 -0.162472
52 62 0 8 -0.162498
21 40 0 8 -0.162504
17 66 0 8 -0.162510
23 28 0 8 -0.162517
65 74 0 8 -0.162707
41 57 0 8 -0.162774
23 39 0 8 -0.162914
59 88 0 8 -0.162942
39 71 0 8 -0.163210
20 88 0 8 -0.163593
17 28 0 8 -0.163631
14 49 0 8 -0.163746
18 57 0 8 -0.164402
1 53 0 8 -0.164654
17 65 0 8 -0.164872
57 74 0 8 -0.165163
62 82 0 8 -0.165542
57 69 0 8 -0.166188
20 61 0 8 -0.166247
25 84 0 8 -0.166699
57 75 0 8 -0.166869
19 61 0 8 -0.167298
5 35 0 8 -0.167867
44 83 0 8 -0.168088
38 57 0 8 -0.168957
4 25 0 8 -0.169170
27 86 0 8 -0.169227
3 80 0 8 -0.169471
21 82 0 8 -0.169940
23 41 0 8 -0.170301
4 27 0 8 -0.170600
33 88 0 8 -0.170713
75 88 0 8 -0.171109
14 72 0 8 -0.171421
40 46 0 8 -0.171543
16 47 0 8 -0.171869
13 84 0 8 -0.172061
3 32 0 8 -0.172299
32 88 0 8 -0.172877
2 53 0 8 -0.172879
1 43 0 8 -0.172898
17 70 0 8 -0.173089
41 54 0 8 -0.173156
1 85 0 8 -0.173498
2 44 0 8 -0.173721
13 81 0 8 -0.174226
16 57 0 8 -0.174350
9 53 0 8 -0.175161
1 29 0 8 -0.176276
1 78 0 8 -0.176499
57 80 0 8 -0.176547
31 86 0 8 -0.177098
1 61 0 8 -0.177205
37 58 0 8 -0.177431
6 21 0 8 -0.177828
27 47 0 8 -0.178091
8 22 0 8 -0.179188
60 67 0 8 -0.179297
46 81 0 8 -0.179545
44 61 0 8 -0.179797
66 88 0 8 -0.179872
7 85 0 8 -0.179916
15 44 0 8 -0.180154
20 25 0 8 -0.181664
12 40 0 8 -0.181693
7 22 0 8 -0.182047
10 20 0 8 -0.182573
1 72 0 8 -0.183696
12 59 0 8 -0.185418
36 81 0 8 -0.185866
41 53 0 8 -0.186684
15 21 0 8 -0.187152
3 55 0 8 -0.187178
72 82 0 8 -0.188315
41 80 0 8 -0.188442
46 87 0 8 -0.188575
2 75 0 8 -0.189364
8 84 0 8 -0.189388
20 36 0 8 -0.190556
29 41 0 8 -0.190717
23 74 0 8 -0.190814
14 54 0 8 -0.190833
5 42 0 8 -0.191012
1 38 0 8 -0.191403
25 43 0 8 -0.191523
70 88 0 8 -0.191582
64 87 0 8 -0.191880
31 84 0 8 -0.192338
3 12 0 8 -0.192389
51 57 0 8 -0.192852
25 67 0 8 -0.192967
1 49 0 8 -0.193391
2 37 0 8 -0.194385
36 66 0 8 -0.194488
4 14 0 8 -0.194612
6 84 0 8 -0.195356
42 86 0 8 -0.196282
3 16 0 8 -0.196491
19 34 0 8 -0.196663
4 15 0 8 -0.196959
7 38 0 8 -0.198557
1 52 0 8 -0.198808
3 59 0 8 -0.198835
73 80 0 8 -0.199433
41 48 0 8 -0.199634
23 87 0 8 -0.199869
2 79 0 8 -0.200003
5 57 0 8 -0.200018
17 31 0 8 -0.200153
14 19 0 8 -0.200553
16 39 0 8 -0.201852
2 43 0 8 -0.201950
7 50 0 8 -0.202156
25 64 0 8 -0.202389
38 74 0 8 -0.202692
55 61 0 8 -0.202915
8 86 0 8 -0.202927
44 57 0 8 -0.202934
50 56 0 8 -0.203115
40 69 0 8 -0.204164
12 85 0 8 -0.204170
2 86 0 8 -0.204451
22 27 0 8 -0.204513
57 73 0 8 -0.205045
42 77 0 8 -0.205997
30 45 0 8 -0.206867
76 83 0 8 -0.207658
42 57 0 8 -0.207728
14 57 0 8 -0.207914
9 58 0 8 -0.207964
4 12 0 8 -0.207995
1 67 0 8 -0.208075
14 86 0 8 -0.208214
3 76 0 8 -0.208731
18 55 0 8 -0.209120
38 66 0 8 -0.209531
8 70 0 8 -0.210098
55 86 0 8 -0.210128
43 53 0 8 -0.210184
59 73 0 8 -0.210459
12 34 0 8 -0.210549
50 60 0 8 -0.210632
11 35 0 8 -0.210696
7 87 0 8 -0.211697
36 57 0 8 -0.211798
5 24 0 8 -0.212295
25 77 0 8 -0.212427
25 45 0 8 -0.213707
51 81 0 8 -0.215336
3 68 0 8 -0.215450
32 84 0 8 -0.215609
4 86 0 8 -0.215664
38 50 0 8 -0.215683
38 56 0 8 -0.215873
69 85 0 8 -0.216647
52 57 0 8 -0.216684
52 72 0 8 -0.216821
44 86 0 8 -0.217280
57 72 0 8 -0.217439
35 55 0 8 -0.218232
3 40 0 8 -0.218415
3 69 0 8 -0.218516
12 41 0 8 -0.218538
10 85 0 8 -0.218933
14 52 0 8 -0.219032
1 40 0 8 -0.219875
7 21 0 8 -0.220762
16 38 0 8 -0.221283
34 46 0 8 -0.221380
5 54 0 8 -0.221560
12 64 0 8 -0.221877
49 57 0 8 -0.221881
9 18 0 8 -0.223182
64 83 0 8 -0.223418
16 73 0 8 -0.223984
1 64 0 8 -0.224601
56 81 0 8 -0.224637
22 57 0 8 -0.224721
25 35 0 8 -0.225124
18 46 0 8 -0.225506
14 84 0 8 -0.225618
30 69 0 8 -0.225929
35 83 0 8 -0.226289
30 65 0 8 -0.226295
34 57 0 8 -0.226795
46 86 0 8 -0.227794
9 38 0 8 -0.228374
27 75 0 8 -0.228436
57 79 0 8 -0.228549
15 86 0 8 -0.228669
9 80 0 8 -0.228701
40 86 0 8 -0.229041
43 84 0 8 -0.229180
50 55 0 8 -0.229664
8 28 0 8 -0.229991
58 87 0 8 -0.230130
1 42 0 8 -0.230333
12 58 0 8 -0.230700
16 41 0 8 -0.231083
76 87 0 8 -0.231633
41 84 0 8 -0.231893
53 60 0 8 -0.231977
23 35 0 8 -0.232268
8 60 0 8 -0.232946
2 77 0 8 -0.233291
61 75 0 8 -0.233774
72 86 0 8 -0.233957
12 29 0 8 -0.234154
68 86 0 8 -0.234253
14 58 0 8 -0.234604
1 79 0 8 -0.235944
7 59 0 8 -0.237521
6 86 0 8 -0.237530
4 79 0 8 -0.237594
24 57 0 8 -0.237734
9 45 0 8 -0.237820
42 78 0 8 -0.238036
6 41 0 8 -0.238047
21 34 0 8 -0.238134
10 66 0 8 -0.238389
26 58 0 8 -0.238714
20 44 0 8 -0.239052
46 65 0 8 -0.239233
48 84 0 8 -0.239631
1 45 0 8 -0.239907
13 40 0 8 -0.240159
7 20 0 8 -0.240558
2 48 0 8 -0.241435
22 37 0 8 -0.241462
47 82 0 8 -0.242112
51 80 0 8 -0.242189
60 80 0 8 -0.243020
49 85 0 8 -0.243131
44 64 0 8 -0.243395
51 56 0 8 -0.244775
18 29 0 8 -0.245331
34 82 0 8 -0.245545
2 25 0 8 -0.245723
56 84 0 8 -0.245877
1 13 0 8 -0.246105
13 60 0 8 -0.246161
38 84 0 8 -0.246207
38 86 0 8 -0.246254
21 48 0 8 -0.246692
12 49 0 8 -0.246890
19 67 0 8 -0.246942
4 47 0 8 -0.247415
53 83 0 8 -0.247614
19 72 0 8 -0.247803
44 66 0 8 -0.248218
4 44 0 8 -0.248508
27 37 0 8 -0.248563
13 87 0 8 -0.248886
58 82 0 8 -0.248985
12 80 0 8 -0.249394
2 45 0 8 -0.250462
19 51 0 8 -0.250652
8 26 0 8 -0.250766
7 18 0 8 -0.251330
30 81 0 8 -0.251349
8 71 0 8 -0.251916
39 84 0 8 -0.252406
9 50 0 8 -0.252557
37 84 0 8 -0.253110
26 38 0 8 -0.254361
4 33 0 8 -0.254469
27 46 0 8 -0.254626
5 78 0 8 -0.255524
27 38 0 8 -0.255600
29 37 0 8 -0.256019
9 54 0 8 -0.256251
12 81 0 8 -0.256978
56 87 0 8 -0.257230
1 10 0 8 -0.258634
61 73 0 8 -0.258715
31 80 0 8 -0.260409
10 64 0 8 -0.260473
7 57 0 8 -0.260615
28 67 0 8 -0.260796
26 41 0 8 -0.260977
50 59 0 8 -0.261121
2 10 0 8 -0.261204
6 52 0 8 -0.261214
26 61 0 8 -0.261327
6 23 0 8 -0.261338
2 56 0 8 -0.262943
59 65 0 8 -0.262953
14 46 0 8 -0.263051
37 60 0 8 -0.263590
67 84 0 8 -0.263729
26 42 0 8 -0.263957
11 54 0 8 -0.264090
4 13 0 8 -0.264360
13 49 0 8 -0.264465
33 73 0 8 -0.264733
3 35 0 8 -0.264907
73 87 0 8 -0.265651
18 86 0 8 -0.266277
1 68 0 8 -0.266289
4 19 0 8 -0.266758
23 83 0 8 -0.268510
40 82 0 8 -0.268891
2 80 0 8 -0.268978
4 37 0 8 -0.269193
41 49 0 8 -0.269476
45 84 0 8 -0.269636
9 79 0 8 -0.269811
30 56 0 8 -0.270031
21 57 0 8 -0.270421
5 37 0 8 -0.270774
68 87 0 8 -0.270813
12 51 0 8 -0.271094
9 49 0 8 -0.271539
36 45 0 8 -0.271653
34 83 0 8 -0.271899
62 78 0 8 -0.272017
5 70 0 8 -0.272097
54 83 0 8 -0.272608
68 74 0 8 -0.273261
34 42 0 8 -0.273562
48 73 0 8 -0.273729
62 70 0 8 -0.274811
41 74 0 8 -0.274990
16 87 0 8 -0.275225
10 74 0 8 -0.275361
37 87 0 8 -0.275957
27 87 0 8 -0.276048
27 40 0 8 -0.276120
24 45 0 8 -0.276145
9 40 0 8 -0.276219
28 71 0 8 -0.276758
54 84 0 8 -0.276972
4 21 0 8 -0.278670
35 49 0 8 -0.278768
11 43 0 8 -0.279039
72 83 0 8 -0.279404
15 40 0 8 -0.279641
53 61 0 8 -0.279654
22 62 0 8 -0.279733
10 82 0 8 -0.279774
6 37 0 8 -0.279886
31 36 0 8 -0.280224
13 21 0 8 -0.280330
19 83 0 8 -0.280542
4 50 0 8 -0.281259
28 76 0 8 -0.281474
30 80 0 8 -0.282503
20 45 0 8 -0.282821
30 51 0 8 -0.283227
37 52 0 8 -0.283310
2 28 0 8 -0.283577
37 73 0 8 -0.283644
23 46 0 8 -0.283699
21 62 0 8 -0.283762
9 86 0 8 -0.284021
53 81 0 8 -0.284309
6 78 0 8 -0.284482
7 74 0 8 -0.284573
40 55 0 8 -0.284844
38 83 0 8 -0.284901
32 58 0 8 -0.285413
2 26 0 8 -0.286678
14 41 0 8 -0.286784
36 64 0 8 -0.286881
69 83 0 8 -0.287012
64 85 0 8 -0.287600
56 83 0 8 -0.288303
43 66 0 8 -0.288458
7 36 0 8 -0.288680
57 66 0 8 -0.289191
41 70 0 8 -0.289465
12 75 0 8 -0.289502
46 73 0 8 -0.289780
42 81 0 8 -0.290831
1 28 0 8 -0.290875
46 56 0 8 -0.290967
35 86 0 8 -0.291024
40 61 0 8 -0.291229
29 35 0 8 -0.291795
50 77 0 8 -0.292172
4 28 0 8 -0.292507
29 51 0 8 -0.292744
34 44 0 8 -0.292822
4 43 0 8 -0.293185
19 35 0 8 -0.293548
24 64 0 8 -0.293929
13 51 0 8 -0.294760
25 57 0 8 -0.295067
15 69 0 8 -0.295134
33 71 0 8 -0.295737
51 68 0 8 -0.296295
19 49 0 8 -0.296786
16 61 0 8 -0.297142
4 42 0 8 -0.297546
38 59 0 8 -0.298465
59 70 0 8 -0.298617
47 84 0 8 -0.298636
48 61 0 8 -0.298976
51 87 0 8 -0.299349
35 85 0 8 -0.299777
32 57 0 8 -0.299789
47 57 0 8 -0.300104
53 62 0 8 -0.300640
20 58 0 8 -0.300983
57 68 0 8 -0.301569
1 54 0 8 -0.301618
52 60 0 8 -0.301899
20 83 0 8 -0.302303
7 34 0 8 -0.302782
38 53 0 8 -0.303271
9 48 0 8 -0.303971
41 86 0 8 -0.304020
10 21 0 8 -0.304343
24 67 0 8 -0.304974
25 40 0 8 -0.305113
1 23 0 8 -0.305664
40 79 0 8 -0.306003
7 16 0 8 -0.307234
2 19 0 8 -0.307845
35 53 0 8 -0.309048
6 87 0 8 -0.309059
71 85 0 8 -0.309159
4 55 0 8 -0.309255
12 79 0 8 -0.309692
47 56 0 8 -0.309778
1 26 0 8 -0.310725
16 27 0 8 -0.310962
44 84 0 8 -0.311032
12 38 0 8 -0.311535
8 73 0 8 -0.311587
51 62 0 8 -0.312269
21 29 0 8 -0.312398
6 40 0 8 -0.312609
29 85 0 8 -0.313377
53 85 0 8 -0.313683
6 47 0 8 -0.314768
2 47 0 8 -0.315230
9 84 0 8 -0.316264
40 84 0 8 -0.316446
7 77 0 8 -0.316530
43 50 0 8 -0.316559
75 81 0 8 -0.316585
6 35 0 8 -0.316612
39 52 0 8 -0.316937
53 59 0 8 -0.317147
60 79 0 8 -0.317251
35 48 0 8 -0.317511
27 84 0 8 -0.317673
8 87 0 8 -0.318403
21 73 0 8 -0.320516
4 76 0 8 -0.320689
10 16 0 8 -0.320780
12 87 0 8 -0.321203
2 85 0 8 -0.321523
8 69 0 8 -0.321538
38 52 0 8 -0.321914
38 64 0 8 -0.321953
3 87 0 8 -0.321957
41 87 0 8 -0.322618
13 55 0 8 -0.322904
77 84 0 8 -0.323782
36 76 0 8 -0.324106
41 81 0 8 -0.324596
7 86 0 8 -0.324632
48 77 0 8 -0.325211
7 39 0 8 -0.325432
62 83 0 8 -0.325465
22 66 0 8 -0.325680
61 67 0 8 -0.325758
28 35 0 8 -0.326080
23 38 0 8 -0.326233
48 66 0 8 -0.327423
10 32 0 8 -0.327538
34 58 0 8 -0.328371
67 73 0 8 -0.328469
19 53 0 8 -0.328560
4 81 0 8 -0.330001
12 35 0 8 -0.330014
34 68 0 8 -0.330042
41 52 0 8 -0.330274
67 80 0 8 -0.330876
27 81 0 8 -0.331060
44 74 0 8 -0.331327
50 62 0 8 -0.332070
69 84 0 8 -0.332088
49 82 0 8 -0.332170
7 81 0 8 -0.333216
3 83 0 8 -0.333544
21 87 0 8 -0.333561
24 72 0 8 -0.333633
1 73 0 8 -0.333683
23 29 0 8 -0.333684
5 23 0 8 -0.333790
71 86 0 8 -0.333904
11 66 0 8 -0.334308
75 86 0 8 -0.334366
3 66 0 8 -0.334488
14 48 0 8 -0.334763
66 81 0 8 -0.334890
44 59 0 8 -0.335329
46 82 0 8 -0.335758
58 83 0 8 -0.335773
23 67 0 8 -0.335909
4 62 0 8 -0.336706
58 80 0 8 -0.336841
68 81 0 8 -0.337654
21 36 0 8 -0.338200
20 32 0 8 -0.338481
57 71 0 8 -0.338754
16 24 0 8 -0.338760
11 84 0 8 -0.338983
10 18 0 8 -0.339365
9 87 0 8 -0.339478
14 28 0 8 -0.339486
36 74 0 8 -0.339587
40 58 0 8 -0.340008
49 84 0 8 -0.340805
19 41 0 8 -0.340823
5 44 0 8 -0.340844
13 52 0 8 -0.341526
10 46 0 8 -0.341868
56 62 0 8 -0.341953
10 81 0 8 -0.342370
35 79 0 8 -0.346030
12 78 0 8 -0.346181
51 61 0 8 -0.346428
3 70 0 8 -0.347237
57 70 0 8 -0.348293
40 72 0 8 -0.348810
5 80 0 8 -0.349306
35 82 0 8 -0.349424
45 80 0 8 -0.349733
15 49 0 8 -0.349934
20 51 0 8 -0.351236
45 87 0 8 -0.351547
41 62 0 8 -0.351835
33 84 0 8 -0.351896
59 82 0 8 -0.351904
16 54 0 8 -0.352334
18 77 0 8 -0.352396
42 56 0 8 -0.353522
44 82 0 8 -0.354143
70 83 0 8 -0.354190
33 44 0 8 -0.354974
10 73 0 8 -0.355040
16 77 0 8 -0.356437
58 78 0 8 -0.356625
50 85 0 8 -0.357205
10 39 0 8 -0.357227
44 72 0 8 -0.357550
42 51 0 8 -0.357595
12 67 0 8 -0.357637
27 59 0 8 -0.357815
23 33 0 8 -0.358045
75 82 0 8 -0.358171
29 81 0 8 -0.358231
22 84 0 8 -0.358615
29 72 0 8 -0.358902
9 22 0 8 -0.359439
35 73 0 8 -0.360218
33 42 0 8 -0.360889
19 39 0 8 -0.361065
31 67 0 8 -0.361417
34 76 0 8 -0.362058
37 81 0 8 -0.362204
69 87 0 8 -0.362209
46 51 0 8 -0.362327
37 70 0 8 -0.362502
5 58 0 8 -0.363929
40 74 0 8 -0.364029
27 82 0 8 -0.364054
4 30 0 8 -0.364291
27 83 0 8 -0.364406
6 67 0 8 -0.364483
32 81 0 8 -0.365045
5 61 0 8 -0.365233
16 74 0 8 -0.365255
61 74 0 8 -0.365339
2 59 0 8 -0.365612
33 86 0 8 -0.365802
24 86 0 8 -0.365842
27 62 0 8 -0.365954
41 85 0 8 -0.366115
21 45 0 8 -0.366536
15 26 0 8 -0.366596
21 80 0 8 -0.367838
16 59 0 8 -0.367965
52 81 0 8 -0.368156
1 65 0 8 -0.368517
15 43 0 8 -0.369205
30 36 0 8 -0.369469
9 85 0 8 -0.369472
33 46 0 8 -0.369796
20 87 0 8 -0.369830
44 60 0 8 -0.370320
38 76 0 8 -0.370990
3 60 0 8 -0.371519
13 18 0 8 -0.372446
12 68 0 8 -0.372494
26 50 0 8 -0.372668
3 22 0 8 -0.372987
8 62 0 8 -0.373438
40 85 0 8 -0.373527
18 84 0 8 -0.373563
11 62 0 8 -0.373667
19 40 0 8 -0.374306
15 27 0 8 -0.374383
32 86 0 8 -0.374478
23 32 0 8 -0.374562
43 58 0 8 -0.375634
52 82 0 8 -0.376105
36 44 0 8 -0.376684
36 75 0 8 -0.376785
6 49 0 8 -0.377227
37 86 0 8 -0.377424
8 81 0 8 -0.379944
30 57 0 8 -0.380039
12 74 0 8 -0.380062
22 45 0 8 -0.380796
35 87 0 8 -0.382823
1 32 0 8 -0.383792
9 83 0 8 -0.383989
42 69 0 8 -0.385174
34 53 0 8 -0.385185
53 87 0 8 -0.385308
21 75 0 8 -0.385637
53 80 0 8 -0.385639
28 80 0 8 -0.386244
18 35 0 8 -0.387115
3 14 0 8 -0.387241
12 73 0 8 -0.387611
13 69 0 8 -0.387771
18 34 0 8 -0.387965
34 43 0 8 -0.388361
40 62 0 8 -0.389295
11 45 0 8 -0.389669
50 82 0 8 -0.389838
19 79 0 8 -0.390207
18 24 0 8 -0.390428
26 87 0 8 -0.390629
22 80 0 8 -0.390872
21 46 0 8 -0.391156
16 66 0 8 -0.391745
36 52 0 8 -0.391868
62 85 0 8 -0.392502
56 79 0 8 -0.392848
11 70 0 8 -0.392899
15 79 0 8 -0.393118
16 85 0 8 -0.393481
52 75 0 8 -0.393760
31 77 0 8 -0.394074
2 74 0 8 -0.394422
41 77 0 8 -0.394643
15 87 0 8 -0.394939
19 47 0 8 -0.395220
42 48 0 8 -0.395295
69 86 0 8 -0.395306
2 30 0 8 -0.395400
3 73 0 8 -0.395654
7 46 0 8 -0.395658
55 85 0 8 -0.396675
42 61 0 8 -0.397382
15 55 0 8 -0.397502
69 78 0 8 -0.398407
67 87 0 8 -0.398523
55 87 0 8 -0.398815
49 54 0 8 -0.398976
18 83 0 8 -0.399471
40 87 0 8 -0.400072
36 87 0 8 -0.400154
3 58 0 8 -0.400211
29 80 0 8 -0.400354
18 87 0 8 -0.400796
21 86 0 8 -0.400872
4 74 0 8 -0.401098
52 84 0 8 -0.401280
3 11 0 8 -0.401936
44 58 0 8 -0.402019
69 75 0 8 -0.402124
2 66 0 8 -0.402366
16 68 0 8 -0.402991
8 35 0 8 -0.403547
41 66 0 8 -0.404428
47 87 0 8 -0.404437
21 33 0 8 -0.404577
55 81 0 8 -0.404691
11 68 0 8 -0.404776
10 47 0 8 -0.404941
34 54 0 8 -0.404944
31 49 0 8 -0.405052
45 73 0 8 -0.405405
6 54 0 8 -0.406223
42 59 0 8 -0.406509
24 76 0 8 -0.406522
5 64 0 8 -0.406754
8 24 0 8 -0.407039
20 67 0 8 -0.407343
4 39 0 8 -0.407707
16 46 0 8 -0.408114
8 33 0 8 -0.408855
58 86 0 8 -0.409573
8 19 0 8 -0.409617
19 84 0 8 -0.409888
45 83 0 8 -0.409909
45 66 0 8 -0.410294
26 67 0 8 -0.410389
5 28 0 8 -0.410663
2 24 0 8 -0.410868
22 38 0 8 -0.411030
14 87 0 8 -0.411171
12 60 0 8 -0.411829
43 65 0 8 -0.412430
10 40 0 8 -0.412689
22 86 0 8 -0.412845
16 28 0 8 -0.412916
40 67 0 8 -0.413146
61 85 0 8 -0.413604
36 83 0 8 -0.413771
22 47 0 8 -0.414034
55 72 0 8 -0.414125
14 56 0 8 -0.414343
10 35 0 8 -0.414545
15 66 0 8 -0.415344
12 23 0 8 -0.415477
18 74 0 8 -0.416120
35 75 0 8 -0.416869
44 87 0 8 -0.417133
36 80 0 8 -0.417577
78 83 0 8 -0.417637
7 65 0 8 -0.417774
34 60 0 8 -0.418131
15 73 0 8 -0.418831
12 69 0 8 -0.418942
8 45 0 8 -0.419099
16 43 0 8 -0.419304
35 66 0 8 -0.419477
1 31 0 8 -0.419501
26 85 0 8 -0.419594
3 75 0 8 -0.419752
2 52 0 8 -0.420478
45 58 0 8 -0.420702
60 74 0 8 -0.422686
4 68 0 8 -0.422947
16 31 0 8 -0.422977
26 51 0 8 -0.423621
2 54 0 8 -0.423632
25 87 0 8 -0.424017
26 84 0 8 -0.424905
22 81 0 8 -0.425280
27 53 0 8 -0.426165
65 86 0 8 -0.426352
58 69 0 8 -0.427245
44 78 0 8 -0.427442
3 28 0 8 -0.427813
58 81 0 8 -0.428554
3 51 0 8 -0.429058
32 60 0 8 -0.429741
19 46 0 8 -0.430081
46 83 0 8 -0.430491
24 42 0 8 -0.430616
43 87 0 8 -0.430639
19 82 0 8 -0.430686
3 20 0 8 -0.431906
51 73 0 8 -0.432084
3 72 0 8 -0.432217
53 69 0 8 -0.432230
22 50 0 8 -0.433013
62 69 0 8 -0.433660
12 82 0 8 -0.433887
39 86 0 8 -0.435002
50 84 0 8 -0.435213
19 87 0 8 -0.435436
35 84 0 8 -0.436954
47 86 0 8 -0.437066
8 72 0 8 -0.437361
15 45 0 8 -0.437641
51 70 0 8 -0.439053
48 60 0 8 -0.439476
27 85 0 8 -0.440823
4 46 0 8 -0.441072
61 72 0 8 -0.441245
41 82 0 8 -0.441372
29 59 0 8 -0.441905
53 72 0 8 -0.442762
19 25 0 8 -0.442819
2 50 0 8 -0.442882
49 74 0 8 -0.442965
5 22 0 8 -0.443189
15 77 0 8 -0.443540
4 36 0 8 -0.443730
24 44 0 8 -0.443877
35 69 0 8 -0.443919
22 53 0 8 -0.444047
4 82 0 8 -0.444157
42 64 0 8 -0.444299
43 54 0 8 -0.444332
62 81 0 8 -0.444527
51 85 0 8 -0.444637
13 43 0 8 -0.444705
41 75 0 8 -0.445161
22 52 0 8 -0.445299
3 39 0 8 -0.446635
13 64 0 8 -0.447683
23 80 0 8 -0.447690
12 43 0 8 -0.447716
6 42 0 8 -0.448799
5 72 0 8 -0.448848
6 68 0 8 -0.449567
53 74 0 8 -0.449783
41 79 0 8 -0.449842
18 45 0 8 -0.451078
9 44 0 8 -0.451273
9 74 0 8 -0.451670
9 24 0 8 -0.451820
5 36 0 8 -0.452221
3 48 0 8 -0.452445
40 53 0 8 -0.452860
58 64 0 8 -0.454734
70 82 0 8 -0.454992
34 74 0 8 -0.455343
11 81 0 8 -0.455547
76 84 0 8 -0.455650
6 83 0 8 -0.455883
18 52 0 8 -0.456344
25 86 0 8 -0.456812
62 76 0 8 -0.457266
46 79 0 8 -0.457877
34 40 0 8 -0.458493
68 83 0 8 -0.458742
59 76 0 8 -0.458950
36 84 0 8 -0.459214
66 87 0 8 -0.459289
22 64 0 8 -0.459301
29 86 0 8 -0.459650
16 69 0 8 -0.460252
35 58 0 8 -0.461446
22 61 0 8 -0.461668
21 64 0 8 -0.461911
16 81 0 8 -0.462033
65 72 0 8 -0.462793
12 72 0 8 -0.463698
13 44 0 8 -0.465003
20 37 0 8 -0.465013
8 51 0 8 -0.465288
18 81 0 8 -0.465650
6 61 0 8 -0.465764
28 73 0 8 -0.465864
66 77 0 8 -0.466357
6 34 0 8 -0.466550
29 87 0 8 -0.466776
14 75 0 8 -0.467099
8 59 0 8 -0.467139
23 84 0 8 -0.467421
37 83 0 8 -0.467807
29 46 0 8 -0.468031
40 70 0 8 -0.468905
13 41 0 8 -0.469056
2 64 0 8 -0.469600
44 62 0 8 -0.470056
18 82 0 8 -0.470469
8 34 0 8 -0.470640
51 60 0 8 -0.472044
2 13 0 8 -0.472599
48 58 0 8 -0.472992
44 73 0 8 -0.473451
4 45 0 8 -0.473553
2 33 0 8 -0.473593
34 86 0 8 -0.473869
18 28 0 8 -0.473918
15 41 0 8 -0.474078
10 43 0 8 -0.474219
33 56 0 8 -0.474231
72 85 0 8 -0.475214
2 70 0 8 -0.475492
12 33 0 8 -0.475936
43 82 0 8 -0.475938
48 87 0 8 -0.476271
16 79 0 8 -0.476958
32 85 0 8 -0.478062
52 79 0 8 -0.478114
19 80 0 8 -0.478185
25 81 0 8 -0.478250
49 87 0 8 -0.479463
18 78 0 8 -0.479926
12 27 0 8 -0.479971
8 27 0 8 -0.480199
42 80 0 8 -0.480756
37 77 0 8 -0.480991
56 85 0 8 -0.481475
23 56 0 8 -0.482441
49 61 0 8 -0.482682
27 35 0 8 -0.483518
43 86 0 8 -0.483567
32 79 0 8 -0.484161
50 61 0 8 -0.485474
14 43 0 8 -0.485683
28 61 0 8 -0.485814
3 43 0 8 -0.486591
23 31 0 8 -0.486681
22 82 0 8 -0.487194
14 83 0 8 -0.487481
41 58 0 8 -0.487779
8 41 0 8 -0.487830
61 81 0 8 -0.489392
8 80 0 8 -0.489800
8 79 0 8 -0.489870
6 32 0 8 -0.490698
21 44 0 8 -0.491032
12 45 0 8 -0.491041
16 52 0 8 -0.491457
19 42 0 8 -0.491926
48 72 0 8 -0.493115
38 61 0 8 -0.493312
11 46 0 8 -0.493864
27 74 0 8 -0.494191
50 70 0 8 -0.494310
58 68 0 8 -0.494425
15 23 0 8 -0.494490
15 38 0 8 -0.495030
42 87 0 8 -0.495367
15 58 0 8 -0.496164
4 64 0 8 -0.496516
61 79 0 8 -0.496597
51 75 0 8 -0.497090
24 51 0 8 -0.497516
13 23 0 8 -0.498221
47 55 0 8 -0.498360
52 83 0 8 -0.498721
62 74 0 8 -0.499043
48 81 0 8 -0.499942
36 50 0 8 -0.500085
15 81 0 8 -0.500490
50 68 0 8 -0.500892
45 82 0 8 -0.501200
47 54 0 8 -0.501206
7 29 0 8 -0.501216
30 79 0 8 -0.501805
5 76 0 8 -0.502924
38 80 0 8 -0.503121
42 82 0 8 -0.503370
48 53 0 8 -0.503505
52 64 0 8 -0.503746
77 82 0 8 -0.503794
15 82 0 8 -0.504106
67 76 0 8 -0.504808
35 81 0 8 -0.504975
27 64 0 8 -0.505168
3 10 0 8 -0.505213
41 68 0 8 -0.505427
4 49 0 8 -0.506244
61 83 0 8 -0.506502
65 87 0 8 -0.506779
11 44 0 8 -0.506843
26 34 0 8 -0.506886
36 68 0 8 -0.507209
33 87 0 8 -0.507399
15 62 0 8 -0.507640
27 55 0 8 -0.508482
75 84 0 8 -0.509363
18 67 0 8 -0.509408
52 74 0 8 -0.509423
52 86 0 8 -0.509735
12 48 0 8 -0.509867
5 33 0 8 -0.509985
28 49 0 8 -0.510566
20 38 0 8 -0.511203
42 52 0 8 -0.511206
18 25 0 8 -0.511965
45 61 0 8 -0.512615
46 54 0 8 -0.513690
54 86 0 8 -0.513729
1 30 0 8 -0.513916
32 74 0 8 -0.514191
2 61 0 8 -0.514370
4 77 0 8 -0.515009
10 83 0 8 -0.515359
22 56 0 8 -0.515419
34 45 0 8 -0.515787
52 61 0 8 -0.516174
39 46 0 8 -0.516415
22 87 0 8 -0.516688
7 37 0 8 -0.517073
30 71 0 8 -0.517345
10 68 0 8 -0.517547
6 77 0 8 -0.517814
56 76 0 8 -0.518545
49 81 0 8 -0.519079
71 78 0 8 -0.519209
49 75 0 8 -0.519411
52 68 0 8 -0.519414
33 40 0 8 -0.519840
45 81 0 8 -0.520075
12 25 0 8 -0.520384
32 67 0 8 -0.520510
7 80 0 8 -0.520585
8 68 0 8 -0.520745
46 78 0 8 -0.521970
59 83 0 8 -0.522910
30 38 0 8 -0.523861
14 79 0 8 -0.523884
40 47 0 8 -0.524020
20 84 0 8 -0.525052
12 36 0 8 -0.525353
37 79 0 8 -0.525682
45 60 0 8 -0.526099
20 26 0 8 -0.527223
56 70 0 8 -0.528116
6 29 0 8 -0.529106
36 61 0 8 -0.529160
7 68 0 8 -0.529470
36 53 0 8 -0.529478
23 58 0 8 -0.529824
72 80 0 8 -0.530249
59 68 0 8 -0.530635
16 33 0 8 -0.530783
39 60 0 8 -0.531484
9 82 0 8 -0.532578
49 78 0 8 -0.533076
45 86 0 8 -0.533641
10 29 0 8 -0.534420
29 83 0 8 -0.536336
51 69 0 8 -0.536895
35 42 0 8 -0.536919
54 64 0 8 -0.537298
56 74 0 8 -0.537329
28 81 0 8 -0.537433
21 47 0 8 -0.537482
20 41 0 8 -0.537544
67 81 0 8 -0.538634
26 32 0 8 -0.538945
45 72 0 8 -0.539148
11 82 0 8 -0.539660
4 85 0 8 -0.539828
27 80 0 8 -0.540224
28 37 0 8 -0.540849
2 22 0 8 -0.540903
5 38 0 8 -0.541121
22 35 0 8 -0.541817
11 80 0 8 -0.542168
14 60 0 8 -0.542538
14 32 0 8 -0.542923
34 85 0 8 -0.543079
20 65 0 8 -0.543658
3 53 0 8 -0.543680
71 84 0 8 -0.544240
14 77 0 8 -0.544296
43 74 0 8 -0.545487
4 65 0 8 -0.545572
38 69 0 8 -0.545667
49 70 0 8 -0.545922
29 84 0 8 -0.547059
8 52 0 8 -0.547065
25 32 0 8 -0.547818
78 87 0 8 -0.547874
48 69 0 8 -0.548220
37 44 0 8 -0.548330
23 30 0 8 -0.548698
44 81 0 8 -0.549233
69 81 0 8 -0.549882
29 50 0 8 -0.550259
38 85 0 8 -0.550445
41 47 0 8 -0.551163
37 82 0 8 -0.551212
40 54 0 8 -0.551492
72 87 0 8 -0.552372
13 66 0 8 -0.552665
6 22 0 8 -0.552856
25 42 0 8 -0.553104
64 77 0 8 -0.553686
6 64 0 8 -0.553862
71 81 0 8 -0.554066
24 46 0 8 -0.554371
23 82 0 8 -0.554671
24 35 0 8 -0.555821
60 68 0 8 -0.555965
33 79 0 8 -0.556110
60 76 0 8 -0.557006
45 59 0 8 -0.557368
44 79 0 8 -0.557490
24 43 0 8 -0.557647
19 75 0 8 -0.557801
49 79 0 8 -0.558105
14 81 0 8 -0.558131
15 75 0 8 -0.558203
40 83 0 8 -0.558719
22 44 0 8 -0.560000
35 44 0 8 -0.560124
36 47 0 8 -0.560283
55 74 0 8 -0.560708
34 81 0 8 -0.561143
26 86 0 8 -0.561580
5 32 0 8 -0.561588
45 75 0 8 -0.562391
50 79 0 8 -0.562833
52 87 0 8 -0.563053
5 40 0 8 -0.563202
72 84 0 8 -0.563248
8 42 0 8 -0.563564
31 82 0 8 -0.563759
28 77 0 8 -0.563934
59 85 0 8 -0.564222
8 61 0 8 -0.564652
3 9 0 8 -0.564877
41 72 0 8 -0.565086
50 66 0 8 -0.565640
40 77 0 8 -0.565724
25 82 0 8 -0.565749
43 61 0 8 -0.566994
16 65 0 8 -0.567012
31 87 0 8 -0.567387
75 83 0 8 -0.568544
28 53 0 8 -0.568666
42 49 0 8 -0.568886
29 38 0 8 -0.569065
24 41 0 8 -0.569225
32 82 0 8 -0.569908
10 79 0 8 -0.570018
37 59 0 8 -0.570590
68 80 0 8 -0.570969
47 71 0 8 -0.571203
12 42 0 8 -0.571560
7 41 0 8 -0.571979
2 68 0 8 -0.572253
5 74 0 8 -0.572614
10 27 0 8 -0.572973
10 77 0 8 -0.573047
9 34 0 8 -0.573097
21 54 0 8 -0.573352
41 65 0 8 -0.574065
13 78 0 8 -0.574306
14 76 0 8 -0.576065
46 85 0 8 -0.576456
35 52 0 8 -0.577128
16 76 0 8 -0.578471
23 37 0 8 -0.579169
55 75 0 8 -0.579689
54 62 0 8 -0.579813
11 79 0 8 -0.580421
34 77 0 8 -0.581146
64 74 0 8 -0.581326
40 81 0 8 -0.582098
15 25 0 8 -0.582465
33 72 0 8 -0.582897
51 83 0 8 -0.585262
27 34 0 8 -0.585400
9 23 0 8 -0.585475
26 72 0 8 -0.586275
54 87 0 8 -0.586353
31 61 0 8 -0.586383
2 39 0 8 -0.588072
9 42 0 8 -0.588241
11 19 0 8 -0.588315
15 48 0 8 -0.588768
32 69 0 8 -0.588877
56 71 0 8 -0.589436
30 50 0 8 -0.589687
12 65 0 8 -0.589760
54 82 0 8 -0.589792
12 30 0 8 -0.591663
50 71 0 8 -0.591867
43 59 0 8 -0.592079
59 81 0 8 -0.592085
30 62 0 8 -0.592100
13 38 0 8 -0.592191
4 52 0 8 -0.592670
46 74 0 8 -0.592672
20 60 0 8 -0.594291
9 28 0 8 -0.594395
4 73 0 8 -0.594940
14 38 0 8 -0.594941
9 46 0 8 -0.595044
46 59 0 8 -0.595186
25 85 0 8 -0.595373
5 27 0 8 -0.595568
60 82 0 8 -0.595686
26 80 0 8 -0.596186
13 20 0 8 -0.596478
42 84 0 8 -0.596622
8 39 0 8 -0.596688
27 36 0 8 -0.596710
46 77 0 8 -0.596788
55 73 0 8 -0.597236
55 65 0 8 -0.597505
48 74 0 8 -0.597574
28 82 0 8 -0.597627
38 78 0 8 -0.597657
41 71 0 8 -0.598234
78 86 0 8 -0.598661
40 45 0 8 -0.599256
60 81 0 8 -0.599997
32 83 0 8 -0.602162
4 31 0 8 -0.602418
6 85 0 8 -0.603032
27 42 0 8 -0.603459
15 35 0 8 -0.604063
19 33 0 8 -0.604084
28 33 0 8 -0.604129
11 39 0 8 -0.604619
24 84 0 8 -0.604658
44 85 0 8 -0.604818
27 32 0 8 -0.605062
15 42 0 8 -0.605306
13 26 0 8 -0.606062
11 69 0 8 -0.606079
68 84 0 8 -0.606697
37 66 0 8 -0.606849
47 61 0 8 -0.607148
64 73 0 8 -0.607461
2 76 0 8 -0.608031
28 87 0 8 -0.608242
3 78 0 8 -0.609161
11 37 0 8 -0.609649
36 77 0 8 -0.610180
8 46 0 8 -0.610839
22 34 0 8 -0.610958
35 47 0 8 -0.611118
21 79 0 8 -0.612098
8 31 0 8 -0.612228
65 82 0 8 -0.612609
10 49 0 8 -0.612735
53 73 0 8 -0.613073
53 79 0 8 -0.614023
27 56 0 8 -0.614130
23 65 0 8 -0.615317
13 50 0 8 -0.616599
39 49 0 8 -0.617201
19 81 0 8 -0.617383
20 86 0 8 -0.617720
9 64 0 8 -0.618480
3 19 0 8 -0.618669
26 37 0 8 -0.618670
42 83 0 8 -0.619176
2 73 0 8 -0.619329
45 51 0 8 -0.619500
35 54 0 8 -0.619571
52 59 0 8 -0.619968
42 76 0 8 -0.620169
34 50 0 8 -0.620615
43 67 0 8 -0.621709
50 65 0 8 -0.621946
32 56 0 8 -0.622455
47 59 0 8 -0.622660
12 26 0 8 -0.623944
6 59 0 8 -0.624091
6 45 0 8 -0.624838
39 50 0 8 -0.624868
40 60 0 8 -0.624899
23 47 0 8 -0.625112
29 36 0 8 -0.625422
3 44 0 8 -0.625617
20 46 0 8 -0.626215
32 45 0 8 -0.626318
21 69 0 8 -0.626573
10 44 0 8 -0.627598
14 40 0 8 -0.628303
71 79 0 8 -0.629110
18 70 0 8 -0.629199
7 73 0 8 -0.629802
18 60 0 8 -0.629984
15 36 0 8 -0.630278
65 80 0 8 -0.630479
7 64 0 8 -0.630495
37 74 0 8 -0.631185
48 59 0 8 -0.631866
11 27 0 8 -0.632163
7 84 0 8 -0.632198
33 83 0 8 -0.632882
38 65 0 8 -0.634046
9 69 0 8 -0.634284
22 58 0 8 -0.635940
29 39 0 8 -0.637210
11 48 0 8 -0.637345
55 82 0 8 -0.637612
19 59 0 8 -0.637654
30 84 0 8 -0.638179
51 77 0 8 -0.638275
12 28 0 8 -0.639091
56 78 0 8 -0.639232
3 46 0 8 -0.639424
5 20 0 8 -0.639972
18 39 0 8 -0.640075
21 65 0 8 -0.641039
2 32 0 8 -0.641429
16 30 0 8 -0.641526
24 87 0 8 -0.641615
33 69 0 8 -0.642131
48 64 0 8 -0.642200
16 42 0 8 -0.642365
14 80 0 8 -0.642628
45 54 0 8 -0.643687
52 73 0 8 -0.644365
9 27 0 8 -0.645026
4 71 0 8 -0.645079
5 18 0 8 -0.645252
3 77 0 8 -0.645662
8 18 0 8 -0.646161
6 20 0 8 -0.647286
35 67 0 8 -0.647642
3 71 0 8 -0.647644
28 58 0 8 -0.647650
34 79 0 8 -0.648552
30 82 0 8 -0.649069
20 81 0 8 -0.649327
37 75 0 8 -0.649864
4 75 0 8 -0.650119
23 42 0 8 -0.650829
10 55 0 8 -0.650838
8 47 0 8 -0.652136
66 72 0 8 -0.652258
8 29 0 8 -0.652348
18 42 0 8 -0.652371
18 68 0 8 -0.652617
48 70 0 8 -0.653116
31 47 0 8 -0.653768
40 52 0 8 -0.654164
27 51 0 8 -0.654576
7 24 0 8 -0.654727
41 50 0 8 -0.656107
29 53 0 8 -0.656796
44 68 0 8 -0.656934
18 76 0 8 -0.657032
34 55 0 8 -0.657258
14 71 0 8 -0.657802
9 68 0 8 -0.658391
36 54 0 8 -0.658767
71 87 0 8 -0.659681
30 55 0 8 -0.660168
6 62 0 8 -0.660811
14 42 0 8 -0.661800
45 85 0 8 -0.662351
10 78 0 8 -0.663001
51 74 0 8 -0.663406
52 80 0 8 -0.663901
14 25 0 8 -0.663995
18 73 0 8 -0.664845
11 76 0 8 -0.664883
53 68 0 8 -0.665224
52 85 0 8 -0.665350
34 47 0 8 -0.665413
5 77 0 8 -0.665880
27 60 0 8 -0.665996
51 59 0 8 -0.666820
16 80 0 8 -0.667034
73 83 0 8 -0.667088
48 82 0 8 -0.667097
71 82 0 8 -0.667778
39 58 0 8 -0.667909
23 81 0 8 -0.668063
21 85 0 8 -0.668829
61 80 0 8 -0.669061
15 60 0 8 -0.669370
59 66 0 8 -0.669538
25 61 0 8 -0.669975
24 83 0 8 -0.670010
43 85 0 8 -0.670159
58 65 0 8 -0.670220
48 71 0 8 -0.670964
51 79 0 8 -0.672066
6 74 0 8 -0.672461
16 60 0 8 -0.672609
35 50 0 8 -0.672958
49 73 0 8 -0.673414
22 39 0 8 -0.674589
43 69 0 8 -0.674633
30 54 0 8 -0.674899
9 81 0 8 -0.674911
44 80 0 8 -0.675972
8 49 0 8 -0.676906
10 26 0 8 -0.677690
5 75 0 8 -0.677800
46 76 0 8 -0.678031
9 52 0 8 -0.678049
47 85 0 8 -0.678348
18 85 0 8 -0.680146
56 61 0 8 -0.680373
27 79 0 8 -0.680873
15 74 0 8 -0.681337
7 33 0 8 -0.682923
29 73 0 8 -0.683589
8 48 0 8 -0.683846
48 68 0 8 -0.683884
62 75 0 8 -0.684211
18 26 0 8 -0.684712
49 77 0 8 -0.684853
33 82 0 8 -0.685155
11 51 0 8 -0.685730
48 78 0 8 -0.685874
4 22 0 8 -0.685991
25 55 0 8 -0.686127
38 70 0 8 -0.686329
21 39 0 8 -0.686551
39 80 0 8 -0.686700
67 77 0 8 -0.686739
3 33 0 8 -0.687102
66 73 0 8 -0.687225
4 70 0 8 -0.687430
26 53 0 8 -0.689197
34 67 0 8 -0.689955
24 80 0 8 -0.690827
29 62 0 8 -0.690985
18 79 0 8 -0.692057
23 54 0 8 -0.692296
15 72 0 8 -0.694118
55 79 0 8 -0.694582
6 25 0 8 -0.694841
64 69 0 8 -0.695091
28 79 0 8 -0.697090
48 76 0 8 -0.697354
67 72 0 8 -0.698084
6 60 0 8 -0.699344
67 74 0 8 -0.699971
3 49 0 8 -0.701152
24 56 0 8 -0.701302
22 41 0 8 -0.701674
29 69 0 8 -0.702668
13 82 0 8 -0.702857
45 69 0 8 -0.703665
54 81 0 8 -0.704532
27 43 0 8 -0.705189
11 85 0 8 -0.705880
60 78 0 8 -0.706552
21 81 0 8 -0.707656
6 69 0 8 -0.707658
34 70 0 8 -0.707702
10 45 0 8 -0.707991
15 85 0 8 -0.708036
55 76 0 8 -0.709037
39 55 0 8 -0.709911
28 69 0 8 -0.710035
35 60 0 8 -0.714091
42 85 0 8 -0.714211
12 70 0 8 -0.714294
59 77 0 8 -0.716123
24 70 0 8 -0.716883
9 70 0 8 -0.717139
27 70 0 8 -0.717763
39 51 0 8 -0.717835
20 62 0 8 -0.718459
3 52 0 8 -0.719007
24 33 0 8 -0.720662
44 77 0 8 -0.720682
6 18 0 8 -0.722823
14 82 0 8 -0.723827
25 62 0 8 -0.724340
4 60 0 8 -0.726470
37 85 0 8 -0.728941
27 72 0 8 -0.729085
20 31 0 8 -0.730294
8 67 0 8 -0.730493
29 79 0 8 -0.731258
50 78 0 8 -0.731602
7 54 0 8 -0.731740
20 80 0 8 -0.731774
13 27 0 8 -0.731977
13 32 0 8 -0.732104
8 76 0 8 -0.733199
49 76 0 8 -0.733300
4 11 0 8 -0.733322
4 66 0 8 -0.733830
31 76 0 8 -0.734011
5 43 0 8 -0.734847
26 83 0 8 -0.737225
61 71 0 8 -0.738246
19 32 0 8 -0.738621
35 59 0 8 -0.739911
38 54 0 8 -0.740017
42 72 0 8 -0.743110
9 43 0 8 -0.743413
25 54 0 8 -0.743931
9 33 0 8 -0.744609
21 74 0 8 -0.745224
50 64 0 8 -0.746334
40 78 0 8 -0.746691
12 71 0 8 -0.746754
23 53 0 8 -0.746890
37 69 0 8 -0.747840
24 55 0 8 -0.748029
12 31 0 8 -0.749159
43 68 0 8 -0.749864
6 46 0 8 -0.750105
20 30 0 8 -0.750292
59 67 0 8 -0.751485
32 73 0 8 -0.752163
2 78 0 8 -0.753995
7 52 0 8 -0.754637
20 66 0 8 -0.754704
47 66 0 8 -0.755006
31 73 0 8 -0.755121
69 79 0 8 -0.756574
54 73 0 8 -0.757828
70 87 0 8 -0.759035
7 27 0 8 -0.759168
9 21 0 8 -0.759364
32 55 0 8 -0.760575
50 58 0 8 -0.760952
13 37 0 8 -0.762439
12 24 0 8 -0.762710
14 62 0 8 -0.763038
27 39 0 8 -0.763047
48 85 0 8 -0.763075
32 50 0 8 -0.763490
26 39 0 8 -0.763525
26 40 0 8 -0.763675
28 56 0 8 -0.763825
22 54 0 8 -0.764598
58 76 0 8 -0.766708
46 69 0 8 -0.767598
35 74 0 8 -0.770036
16 25 0 8 -0.770290
27 71 0 8 -0.770398
4 26 0 8 -0.770480
21 70 0 8 -0.772467
53 75 0 8 -0.772990
42 50 0 8 -0.773268
42 75 0 8 -0.773880
34 69 0 8 -0.775977
43 77 0 8 -0.776028
7 58 0 8 -0.776433
58 70 0 8 -0.778247
9 72 0 8 -0.778501
15 78 0 8 -0.778616
36 85 0 8 -0.779950
52 69 0 8 -0.779975
22 85 0 8 -0.780262
60 65 0 8 -0.780974
10 30 0 8 -0.781098
11 29 0 8 -0.782263
65 77 0 8 -0.783133
24 59 0 8 -0.783968
20 59 0 8 -0.784339
47 69 0 8 -0.784342
5 45 0 8 -0.784358
70 86 0 8 -0.784448
5 29 0 8 -0.784930
7 72 0 8 -0.785044
16 32 0 8 -0.786884
37 45 0 8 -0.787396
59 79 0 8 -0.787571
42 74 0 8 -0.788626
32 77 0 8 -0.788994
18 64 0 8 -0.789084
24 81 0 8 -0.789233
29 74 0 8 -0.789985
4 20 0 8 -0.790679
43 71 0 8 -0.791002
8 44 0 8 -0.791231
14 24 0 8 -0.792063
29 60 0 8 -0.792428
68 73 0 8 -0.792473
23 79 0 8 -0.792949
14 85 0 8 -0.793194
9 75 0 8 -0.793536
32 47 0 8 -0.793989
33 76 0 8 -0.795017
34 39 0 8 -0.795195
7 40 0 8 -0.796251
11 74 0 8 -0.796380
10 75 0 8 -0.796543
33 48 0 8 -0.796547
14 74 0 8 -0.797753
28 66 0 8 -0.797870
19 68 0 8 -0.799816
33 45 0 8 -0.800384
27 65 0 8 -0.800801
14 34 0 8 -0.801263
5 51 0 8 -0.801649
9 29 0 8 -0.801926
25 33 0 8 -0.801972
60 85 0 8 -0.802376
25 68 0 8 -0.803017
23 85 0 8 -0.804255
13 56 0 8 -0.804378
32 41 0 8 -0.804502
3 61 0 8 -0.805617
6 39 0 8 -0.805652
50 75 0 8 -0.805958
30 72 0 8 -0.806183
6 76 0 8 -0.807678
58 85 0 8 -0.808123
27 78 0 8 -0.809190
2 31 0 8 -0.809949
10 67 0 8 -0.810038
15 56 0 8 -0.810317
2 65 0 8 -0.811156
28 50 0 8 -0.811898
28 72 0 8 -0.813661
39 56 0 8 -0.814096
12 77 0 8 -0.814502
19 73 0 8 -0.814514
28 34 0 8 -0.814677
18 65 0 8 -0.815645
46 64 0 8 -0.816647
12 76 0 8 -0.816969
58 74 0 8 -0.817015
7 43 0 8 -0.817698
5 73 0 8 -0.820308
48 79 0 8 -0.820358
35 70 0 8 -0.820593
28 48 0 8 -0.821766
13 35 0 8 -0.822125
76 85 0 8 -0.822273
44 76 0 8 -0.823033
8 54 0 8 -0.823883
20 70 0 8 -0.825472
15 61 0 8 -0.825506
45 56 0 8 -0.827930
7 26 0 8 -0.828779
39 74 0 8 -0.829114
49 69 0 8 -0.830294
26 77 0 8 -0.830401
10 56 0 8 -0.830609
9 78 0 8 -0.831033
9 66 0 8 -0.831495
6 75 0 8 -0.832652
62 79 0 8 -0.832662
3 31 0 8 -0.832764
9 32 0 8 -0.833251
31 83 0 8 -0.833819
25 79 0 8 -0.835078
10 28 0 8 -0.835101
25 30 0 8 -0.836214
5 26 0 8 -0.837549
3 47 0 8 -0.837630
10 36 0 8 -0.838398
29 75 0 8 -0.838981
15 30 0 8 -0.839375
39 75 0 8 -0.839667
48 75 0 8 -0.839823
13 67 0 8 -0.840567
45 78 0 8 -0.840952
15 31 0 8 -0.840973
48 65 0 8 -0.841175
37 47 0 8 -0.842180
24 82 0 8 -0.844649
22 42 0 8 -0.844718
12 39 0 8 -0.844892
23 61 0 8 -0.846003
48 54 0 8 -0.846891
47 81 0 8 -0.848517
24 68 0 8 -0.849535
39 69 0 8 -0.850278
14 70 0 8 -0.851361
14 21 0 8 -0.851402
54 71 0 8 -0.851738
8 20 0 8 -0.852593
20 55 0 8 -0.854877
10 80 0 8 -0.856616
22 67 0 8 -0.856795
27 77 0 8 -0.857385
25 38 0 8 -0.857572
26 82 0 8 -0.857885
8 23 0 8 -0.860059
33 85 0 8 -0.862750
41 76 0 8 -0.866869
46 61 0 8 -0.867084
43 60 0 8 -0.867144
11 78 0 8 -0.868089
54 72 0 8 -0.868434
33 43 0 8 -0.869277
47 64 0 8 -0.869650
9 20 0 8 -0.869887
53 70 0 8 -0.870093
10 70 0 8 -0.870587
5 30 0 8 -0.871156
6 71 0 8 -0.871319
7 69 0 8 -0.871578
30 58 0 8 -0.874027
73 85 0 8 -0.874444
30 76 0 8 -0.875113
54 61 0 8 -0.875418
22 59 0 8 -0.875788
15 34 0 8 -0.876965
15 24 0 8 -0.877501
31 85 0 8 -0.878700
27 73 0 8 -0.879295
24 58 0 8 -0.879757
13 80 0 8 -0.879760
38 75 0 8 -0.880878
21 43 0 8 -0.881619
23 68 0 8 -0.882185
30 73 0 8 -0.882641
16 64 0 8 -0.883070
54 80 0 8 -0.883466
30 53 0 8 -0.884062
55 77 0 8 -0.884382
70 80 0 8 -0.884565
32 72 0 8 -0.884601
15 33 0 8 -0.885348
51 76 0 8 -0.886374
14 69 0 8 -0.888200
58 66 0 8 -0.888562
24 40 0 8 -0.890209
24 66 0 8 -0.890387
25 80 0 8 -0.891927
55 69 0 8 -0.893131
22 46 0 8 -0.894242
24 85 0 8 -0.894591
16 75 0 8 -0.894837
65 73 0 8 -0.894927
54 59 0 8 -0.894966
11 67 0 8 -0.895175
70 81 0 8 -0.896243
45 71 0 8 -0.896359
8 43 0 8 -0.896476
33 78 0 8 -0.896787
6 28 0 8 -0.897660
51 78 0 8 -0.898554
28 85 0 8 -0.899787
55 70 0 8 -0.900334
67 78 0 8 -0.901440
64 72 0 8 -0.901668
14 64 0 8 -0.903034
9 39 0 8 -0.903721
59 78 0 8 -0.903991
13 77 0 8 -0.904191
14 73 0 8 -0.904588
16 78 0 8 -0.904989
33 50 0 8 -0.906399
14 39 0 8 -0.906719
23 43 0 8 -0.906781
18 66 0 8 -0.907454
47 68 0 8 -0.910278
18 75 0 8 -0.913208
47 65 0 8 -0.913767
56 80 0 8 -0.914562
70 77 0 8 -0.917995
53 78 0 8 -0.919524
65 78 0 8 -0.919679
13 71 0 8 -0.920709
39 72 0 8 -0.923940
70 79 0 8 -0.926885
46 66 0 8 -0.927840
53 76 0 8 -0.928202
34 78 0 8 -0.928736
25 49 0 8 -0.930893
7 67 0 8 -0.931992
55 66 0 8 -0.932423
28 83 0 8 -0.936362
30 86 0 8 -0.937985
24 65 0 8 -0.938004
33 51 0 8 -0.938913
30 77 0 8 -0.939212
12 47 0 8 -0.939261
18 54 0 8 -0.940326
43 70 0 8 -0.941527
36 71 0 8 -0.941745
7 32 0 8 -0.943354
28 74 0 8 -0.943422
28 38 0 8 -0.944273
40 76 0 8 -0.949698
25 66 0 8 -0.951161
11 61 0 8 -0.952098
47 78 0 8 -0.955734
25 65 0 8 -0.956043
33 70 0 8 -0.958553
32 80 0 8 -0.958615
13 70 0 8 -0.960737
20 85 0 8 -0.961187
68 85 0 8 -0.962240
33 49 0 8 -0.964507
11 24 0 8 -0.964765
11 28 0 8 -0.964818
13 74 0 8 -0.965697
32 62 0 8 -0.966047
49 60 0 8 -0.966341
5 25 0 8 -0.969862
7 35 0 8 -0.970028
26 31 0 8 -0.970825
3 65 0 8 -0.971095
58 79 0 8 -0.971982
47 72 0 8 -0.972158
27 33 0 8 -0.972559
30 37 0 8 -0.973900
11 50 0 8 -0.974843
18 31 0 8 -0.975061
47 74 0 8 -0.976185
45 62 0 8 -0.978125
25 52 0 8 -0.978347
67 75 0 8 -0.978468
6 66 0 8 -0.982643
6 72 0 8 -0.982738
25 59 0 8 -0.986988
14 66 0 8 -0.987286
65 79 0 8 -0.990753
32 70 0 8 -0.990876
18 33 0 8 -0.992971
6 73 0 8 -0.995819
37 71 0 8 -0.998373
65 70 0 8 -0.999101
25 34 0 8 -1.001087
9 47 0 8 -1.001841
62 73 0 8 -1.001923
20 43 0 8 -1.002696
15 68 0 8 -1.003686
10 31 0 8 -1.004021
47 53 0 8 -1.005711
53 65 0 8 -1.007031
22 74 0 8 -1.007391
29 66 0 8 -1.007488
20 79 0 8 -1.007641
53 71 0 8 -1.007953
14 33 0 8 -1.009085
58 73 0 8 -1.011679
5 31 0 8 -1.011989
14 61 0 8 -1.012901
2 71 0 8 -1.014455
13 72 0 8 -1.014629
29 77 0 8 -1.016013
23 36 0 8 -1.016489
6 31 0 8 -1.016767
61 68 0 8 -1.018635
23 40 0 8 -1.020102
45 70 0 8 -1.022274
43 78 0 8 -1.022803
16 70 0 8 -1.023597
34 65 0 8 -1.030302
9 67 0 8 -1.036652
26 74 0 8 -1.037380
20 54 0 8 -1.038263
3 54 0 8 -1.039544
53 64 0 8 -1.040356
22 36 0 8 -1.041572
20 78 0 8 -1.041775
24 79 0 8 -1.042475
25 78 0 8 -1.042889
34 75 0 8 -1.043302
7 28 0 8 -1.044256
45 77 0 8 -1.044594
11 22 0 8 -1.046268
22 32 0 8 -1.047536
46 75 0 8 -1.050854
22 79 0 8 -1.055426
32 49 0 8 -1.057217
14 23 0 8 -1.060101
13 59 0 8 -1.061496
32 46 0 8 -1.063567
19 31 0 8 -1.066835
56 64 0 8 -1.066958
19 30 0 8 -1.069719
15 64 0 8 -1.077140
70 76 0 8 -1.078488
28 45 0 8 -1.079327
32 53 0 8 -1.079865
40 75 0 8 -1.080759
31 51 0 8 -1.081220
28 65 0 8 -1.081255
70 85 0 8 -1.081945
33 67 0 8 -1.084162
5 52 0 8 -1.086454
30 46 0 8 -1.089391
23 78 0 8 -1.089454
26 33 0 8 -1.089573
54 60 0 8 -1.090120
41 78 0 8 -1.096082
20 28 0 8 -1.097915
23 34 0 8 -1.098414
20 52 0 8 -1.101959
35 68 0 8 -1.103936
18 30 0 8 -1.104077
13 39 0 8 -1.104479
20 74 0 8 -1.105157
31 48 0 8 -1.107421
33 77 0 8 -1.110004
47 80 0 8 -1.111947
10 24 0 8 -1.115693
13 22 0 8 -1.117186
20 82 0 8 -1.120921
20 42 0 8 -1.125009
34 52 0 8 -1.129670
19 54 0 8 -1.130390
10 65 0 8 -1.133979
46 71 0 8 -1.137160
23 52 0 8 -1.137877
9 76 0 8 -1.137954
28 60 0 8 -1.138440
31 71 0 8 -1.139629
10 76 0 8 -1.141060
64 70 0 8 -1.142404
49 66 0 8 -1.142578
19 70 0 8 -1.144043
14 36 0 8 -1.144074
7 19 0 8 -1.144551
21 67 0 8 -1.145174
36 78 0 8 -1.145523
35 76 0 8 -1.147748
9 77 0 8 -1.151116
58 77 0 8 -1.157489
22 49 0 8 -1.159647
6 30 0 8 -1.160011
23 64 0 8 -1.160665
13 19 0 8 -1.160968
18 71 0 8 -1.161012
29 76 0 8 -1.161274
30 44 0 8 -1.164312
29 70 0 8 -1.166888
20 29 0 8 -1.168296
66 75 0 8 -1.169844
28 64 0 8 -1.170614
13 47 0 8 -1.173766
36 65 0 8 -1.174927
24 29 0 8 -1.176130
7 66 0 8 -1.178616
73 78 0 8 -1.180017
51 66 0 8 -1.180103
72 78 0 8 -1.180531
33 60 0 8 -1.181351
13 68 0 8 -1.182837
11 47 0 8 -1.184890
14 31 0 8 -1.185353
39 73 0 8 -1.186157
35 78 0 8 -1.186909
19 66 0 8 -1.190351
27 66 0 8 -1.196423
8 77 0 8 -1.200037
13 25 0 8 -1.202992
54 66 0 8 -1.204392
8 75 0 8 -1.209549
42 71 0 8 -1.210839
14 78 0 8 -1.212889
42 68 0 8 -1.213165
32 48 0 8 -1.219784
24 61 0 8 -1.220898
49 59 0 8 -1.221035
22 65 0 8 -1.221057
6 33 0 8 -1.223594
64 71 0 8 -1.224743
12 20 0 8 -1.226115
26 69 0 8 -1.226160
39 76 0 8 -1.228891
31 64 0 8 -1.232458
21 32 0 8 -1.232488
24 52 0 8 -1.234838
32 43 0 8 -1.237585
45 64 0 8 -1.237631
15 32 0 8 -1.239191
39 79 0 8 -1.242509
30 47 0 8 -1.244453
42 79 0 8 -1.246346
58 75 0 8 -1.247618
54 77 0 8 -1.247841
22 33 0 8 -1.248036
13 45 0 8 -1.248143
19 71 0 8 -1.248414
55 71 0 8 -1.251246
24 53 0 8 -1.252061
47 60 0 8 -1.254002
19 76 0 8 -1.254642
30 43 0 8 -1.255301
37 68 0 8 -1.256094
43 76 0 8 -1.258151
22 43 0 8 -1.259866
21 68 0 8 -1.268493
33 65 0 8 -1.270098
42 60 0 8 -1.270139
61 70 0 8 -1.273346
54 75 0 8 -1.287016
14 26 0 8 -1.289518
14 68 0 8 -1.292291
7 75 0 8 -1.302468
15 20 0 8 -1.305508
39 70 0 8 -1.309724
44 75 0 8 -1.312417
7 45 0 8 -1.316088
38 71 0 8 -1.316548
52 66 0 8 -1.317816
7 31 0 8 -1.320646
20 64 0 8 -1.322113
23 45 0 8 -1.330828
7 47 0 8 -1.332086
14 59 0 8 -1.342599
5 47 0 8 -1.347731
9 73 0 8 -1.349622
26 66 0 8 -1.350034
50 73 0 8 -1.350956
13 30 0 8 -1.351339
11 65 0 8 -1.353068
11 30 0 8 -1.354770
8 65 0 8 -1.355309
54 68 0 8 -1.355476
13 28 0 8 -1.356874
20 40 0 8 -1.356981
15 76 0 8 -1.359612
20 72 0 8 -1.361194
39 68 0 8 -1.361660
47 75 0 8 -1.362489
47 70 0 8 -1.367445
8 32 0 8 -1.367499
22 31 0 8 -1.371805
20 53 0 8 -1.378601
20 39 0 8 -1.387941
53 66 0 8 -1.389193
21 31 0 8 -1.389449
15 59 0 8 -1.392751
26 65 0 8 -1.395115
8 66 0 8 -1.395690
34 71 0 8 -1.404010
62 71 0 8 -1.405674
19 28 0 8 -1.406113
26 60 0 8 -1.414447
7 76 0 8 -1.415980
28 52 0 8 -1.421683
5 68 0 8 -1.423143
25 39 0 8 -1.426891
45 68 0 8 -1.431770
54 79 0 8 -1.432624
29 68 0 8 -1.434714
65 76 0 8 -1.438332
7 25 0 8 -1.441179
35 65 0 8 -1.451295
31 72 0 8 -1.455029
33 68 0 8 -1.464380
32 75 0 8 -1.466017
51 65 0 8 -1.468864
45 76 0 8 -1.484725
15 70 0 8 -1.487770
20 68 0 8 -1.492998
44 71 0 8 -1.501188
13 76 0 8 -1.503535
24 39 0 8 -1.507842
32 54 0 8 -1.515268
8 30 0 8 -1.521922
24 54 0 8 -1.529270
33 75 0 8 -1.531983
5 66 0 8 -1.536959
13 24 0 8 -1.546767
52 70 0 8 -1.548115
64 76 0 8 -1.552812
30 59 0 8 -1.553787
52 78 0 8 -1.559616
23 66 0 8 -1.563050
31 62 0 8 -1.565337
9 65 0 8 -1.565646
3 30 0 8 -1.575047
52 71 0 8 -1.575480
30 67 0 8 -1.585282
21 66 0 8 -1.587936
20 35 0 8 -1.592524
47 79 0 8 -1.594503
13 75 0 8 -1.600634
58 71 0 8 -1.611650
30 49 0 8 -1.626528
35 71 0 8 -1.631415
7 71 0 8 -1.637861
54 76 0 8 -1.638092
31 60 0 8 -1.662948
31 46 0 8 -1.680927
43 75 0 8 -1.681786
52 76 0 8 -1.682389
42 70 0 8 -1.689708
51 71 0 8 -1.689730
47 76 0 8 -1.696785
54 78 0 8 -1.699715
10 54 0 8 -1.703137
30 60 0 8 -1.729712
16 71 0 8 -1.735833
26 64 0 8 -1.759272
22 68 0 8 -1.768638
9 31 0 8 -1.770570
20 47 0 8 -1.797933
29 71 0 8 -1.808280
60 66 0 8 -1.821898
31 75 0 8 -1.850335
14 30 0 8 -1.856728
64 75 0 8 -1.863454
54 70 0 8 -1.865409
26 54 0 8 -1.866240
24 31 0 8 -1.906788
20 33 0 8 -1.928865
49 71 0 8 -1.933224
31 68 0 8 -1.948822
15 71 0 8 -1.982297
11 71 0 8 -2.075059
24 30 0 8 -2.094591
9 71 0 8 -2.100728
31 78 0 8 -2.147651
9 30 0 8 -2.163074
26 71 0 8 -2.185451
65 75 0 8 -2.349948
65 71 0 8 -2.769008
