11 52 0 8 16.660847
11 47 0 8 15.516987
47 52 0 8 11.633714
7 14 0 8 10.004637
7 12 0 8 9.447740
5 14 0 8 9.403652
44 66 0 8 9.167912
26 32 0 8 8.738735
4 17 0 8 8.427615
34 43 0 8 7.016503
32 39 0 8 6.889629
57 75 0 8 6.632252
17 37 0 8 6.618337
17 45 0 8 6.487976
15 47 0 8 6.285306
25 66 0 8 6.055873
57 79 0 8 6.036015
10 52 0 8 5.313524
44 65 0 8 5.094702
63 69 0 8 5.034488
21 31 0 8 4.597240
13 20 0 8 4.582317
74 84 0 8 4.516028
25 68 0 8 4.485504
18 57 0 8 4.426797
31 72 0 8 4.134477
59 67 0 8 4.035676
17 24 0 8 4.025053
50 57 0 8 3.989403
7 59 0 8 3.972411
15 20 0 8 3.926676
5 13 0 8 3.886676
18 49 0 8 3.847243
45 62 0 8 3.820364
5 16 0 8 3.778205
50 79 0 8 3.768723
12 59 0 8 3.727010
24 43 0 8 3.719281
32 40 0 8 3.718220
57 72 0 8 3.709105
55 69 0 8 3.680077
44 56 0 8 3.676941
44 52 0 8 3.612137
26 40 0 8 3.563425
56 62 0 8 3.541867
9 65 0 8 3.510023
3 18 0 8 3.502764
57 76 0 8 3.478464
32 63 0 8 3.451105
63 70 0 8 3.442463
77 83 0 8 3.433887
74 79 0 8 3.378086
34 56 0 8 3.350446
54 79 0 8 3.346904
37 58 0 8 3.331119
77 82 0 8 3.321875
5 33 0 8 3.314531
23 74 0 8 3.303360
32 56 0 8 3.262619
62 71 0 8 3.219771
71 82 0 8 3.217776
24 40 0 8 3.162623
37 45 0 8 3.152857
26 58 0 8 3.119478
31 56 0 8 3.113339
35 81 0 8 3.080322
68 73 0 8 3.075989
36 45 0 8 3.069907
46 68 0 8 3.060831
49 55 0 8 3.055444
19 55 0 8 3.022545
22 41 0 8 3.007559
62 75 0 8 3.000326
29 52 0 8 2.994255
25 44 0 8 2.993218
21 48 0 8 2.989990
46 73 0 8 2.965612
10 47 0 8 2.943413
24 34 0 8 2.932052
33 61 0 8 2.914840
48 53 0 8 2.889743
2 53 0 8 2.888427
30 40 0 8 2.886242
17 36 0 8 2.884453
46 52 0 8 2.878370
30 79 0 8 2.876753
53 69 0 8 2.875777
46 53 0 8 2.852773
23 46 0 8 2.797231
56 61 0 8 2.788173
7 47 0 8 2.786846
11 53 0 8 2.775094
10 40 0 8 2.770759
69 76 0 8 2.769568
53 84 0 8 2.766487
18 28 0 8 2.722111
10 39 0 8 2.719756
12 26 0 8 2.708368
10 56 0 8 2.697843
56 63 0 8 2.662406
8 52 0 8 2.651967
68 76 0 8 2.650500
3 66 0 8 2.643471
57 77 0 8 2.641232
27 58 0 8 2.635482
7 75 0 8 2.632166
20 30 0 8 2.616477
44 62 0 8 2.577461
32 71 0 8 2.563076
15 50 0 8 2.540154
21 43 0 8 2.497584
26 31 0 8 2.470775
19 72 0 8 2.459679
9 76 0 8 2.459331
57 70 0 8 2.455934
27 40 0 8 2.453113
10 21 0 8 2.447219
4 23 0 8 2.445272
25 37 0 8 2.437907
48 81 0 8 2.436105
14 69 0 8 2.414623
36 60 0 8 2.412419
71 79 0 8 2.403425
33 40 0 8 2.400650
33 82 0 8 2.397889
18 66 0 8 2.394634
18 23 0 8 2.390493
6 22 0 8 2.386146
27 71 0 8 2.374696
72 84 0 8 2.352627
2 55 0 8 2.347096
38 47 0 8 2.345460
26 38 0 8 2.344491
23 60 0 8 2.337280
56 64 0 8 2.328472
22 34 0 8 2.320898
74 82 0 8 2.312968
23 62 0 8 2.297953
49 54 0 8 2.270662
23 32 0 8 2.268778
27 32 0 8 2.265935
25 45 0 8 2.261208
17 43 0 8 2.249756
5 74 0 8 2.248102
27 75 0 8 2.248002
23 44 0 8 2.242582
41 64 0 8 2.240124
56 66 0 8 2.237891
20 49 0 8 2.215395
60 68 0 8 2.203221
18 31 0 8 2.196705
28 64 0 8 2.170316
35 51 0 8 2.161995
27 81 0 8 2.161973
30 71 0 8 2.158657
3 26 0 8 2.156262
12 24 0 8 2.143866
14 80 0 8 2.134306
20 25 0 8 2.123073
10 58 0 8 2.120032
64 73 0 8 2.119514
12 58 0 8 2.102540
50 86 0 8 2.090384
22 43 0 8 2.089881
23 31 0 8 2.088038
61 66 0 8 2.087786
53 77 0 8 2.082419
18 30 0 8 2.078575
77 84 0 8 2.074965
8 47 0 8 2.070209
14 38 0 8 2.066043
50 60 0 8 2.059026
9 85 0 8 2.053445
46 61 0 8 2.052019
53 82 0 8 2.048128
20 35 0 8 2.041118
2 23 0 8 2.033849
40 56 0 8 2.030413
11 44 0 8 2.029671
10 65 0 8 2.001044
29 70 0 8 2.000479
34 42 0 8 1.992425
9 23 0 8 1.989898
67 84 0 8 1.971341
23 63 0 8 1.969864
37 55 0 8 1.967423
19 33 0 8 1.966980
9 44 0 8 1.964439
47 67 0 8 1.962625
28 67 0 8 1.959463
21 41 0 8 1.957936
15 69 0 8 1.957094
7 44 0 8 1.955138
39 62 0 8 1.953478
33 81 0 8 1.945175
8 86 0 8 1.937439
46 69 0 8 1.929168
24 78 0 8 1.927600
36 66 0 8 1.919291
61 68 0 8 1.918653
33 46 0 8 1.915716
57 80 0 8 1.911853
5 66 0 8 1.882125
10 23 0 8 1.875782
71 76 0 8 1.870445
25 36 0 8 1.867895
45 75 0 8 1.856326
49 61 0 8 1.841486
13 71 0 8 1.839098
31 80 0 8 1.836397
25 30 0 8 1.817127
12 18 0 8 1.808566
46 88 0 8 1.801375
4 36 0 8 1.798700
73 78 0 8 1.796863
29 62 0 8 1.793790
75 82 0 8 1.791587
12 28 0 8 1.786215
51 75 0 8 1.784595
25 54 0 8 1.778312
21 39 0 8 1.777941
18 58 0 8 1.776918
7 74 0 8 1.774971
7 36 0 8 1.774852
49 73 0 8 1.770189
48 58 0 8 1.766739
21 50 0 8 1.765831
3 19 0 8 1.763467
32 67 0 8 1.754447
20 45 0 8 1.754293
17 34 0 8 1.749135
6 41 0 8 1.739551
22 42 0 8 1.738599
26 62 0 8 1.736859
58 78 0 8 1.736710
40 68 0 8 1.735922
60 72 0 8 1.727196
33 48 0 8 1.723671
73 82 0 8 1.720505
28 84 0 8 1.709431
50 58 0 8 1.709143
84 91 0 8 1.703403
7 20 0 8 1.700950
9 14 0 8 1.699846
31 62 0 8 1.697034
27 63 0 8 1.690066
13 36 0 8 1.686170
57 62 0 8 1.684003
36 47 0 8 1.683206
21 68 0 8 1.677133
6 42 0 8 1.671291
7 17 0 8 1.669029
76 84 0 8 1.665738
27 34 0 8 1.663037
14 47 0 8 1.662132
39 78 0 8 1.656639
19 80 0 8 1.654471
5 11 0 8 1.653805
21 33 0 8 1.650410
54 64 0 8 1.644859
15 52 0 8 1.639779
49 69 0 8 1.639437
13 21 0 8 1.638480
25 31 0 8 1.636202
5 83 0 8 1.631439
39 65 0 8 1.625088
2 13 0 8 1.617914
62 74 0 8 1.617839
17 38 0 8 1.604262
29 40 0 8 1.603515
60 73 0 8 1.602849
14 33 0 8 1.600618
16 30 0 8 1.597916
10 83 0 8 1.597518
14 61 0 8 1.596382
60 66 0 8 1.594243
35 48 0 8 1.592572
38 67 0 8 1.590545
16 57 0 8 1.589799
23 48 0 8 1.585232
12 48 0 8 1.583791
21 82 0 8 1.558482
19 40 0 8 1.557782
9 61 0 8 1.555481
53 80 0 8 1.554114
7 66 0 8 1.549646
46 51 0 8 1.548152
74 83 0 8 1.546289
67 82 0 8 1.541260
46 59 0 8 1.534388
9 30 0 8 1.532100
19 66 0 8 1.530809
6 11 0 8 1.527699
33 52 0 8 1.516103
48 69 0 8 1.515891
3 30 0 8 1.515805
9 56 0 8 1.515064
5 10 0 8 1.513376
2 18 0 8 1.504253
10 43 0 8 1.502122
38 49 0 8 1.500763
20 69 0 8 1.500360
10 55 0 8 1.498661
37 66 0 8 1.497988
35 65 0 8 1.490318
44 67 0 8 1.488310
5 18 0 8 1.486424
59 68 0 8 1.480321
7 40 0 8 1.479154
46 54 0 8 1.478102
19 37 0 8 1.473824
53 75 0 8 1.471528
59 64 0 8 1.465445
30 66 0 8 1.462095
30 39 0 8 1.460469
3 54 0 8 1.459996
24 62 0 8 1.453983
14 77 0 8 1.450909
16 71 0 8 1.439720
24 63 0 8 1.432537
81 90 0 8 1.429291
12 40 0 8 1.426555
57 74 0 8 1.426279
48 83 0 8 1.422399
30 64 0 8 1.420497
25 40 0 8 1.409800
36 79 0 8 1.407777
29 58 0 8 1.402833
30 80 0 8 1.400987
54 71 0 8 1.392822
34 59 0 8 1.392667
14 35 0 8 1.387038
28 38 0 8 1.383784
84 90 0 8 1.381172
50 68 0 8 1.378747
30 51 0 8 1.375495
3 15 0 8 1.371941
3 67 0 8 1.371925
33 75 0 8 1.366682
28 37 0 8 1.362063
72 81 0 8 1.359524
38 79 0 8 1.352439
23 61 0 8 1.347585
71 77 0 8 1.346944
33 76 0 8 1.338818
55 72 0 8 1.335343
9 15 0 8 1.333526
5 15 0 8 1.332904
74 81 0 8 1.332786
13 56 0 8 1.331358
21 32 0 8 1.325999
2 64 0 8 1.325346
58 82 0 8 1.318965
25 51 0 8 1.316967
31 63 0 8 1.316646
21 49 0 8 1.310693
26 33 0 8 1.308935
44 70 0 8 1.307272
64 76 0 8 1.305373
31 70 0 8 1.302222
37 44 0 8 1.293382
28 54 0 8 1.292459
18 53 0 8 1.292091
1 54 0 8 1.288671
33 74 0 8 1.287811
61 80 0 8 1.283085
5 28 0 8 1.281284
12 53 0 8 1.281213
4 61 0 8 1.278753
62 78 0 8 1.278091
15 45 0 8 1.276658
9 77 0 8 1.274823
10 32 0 8 1.274721
62 89 0 8 1.273770
35 54 0 8 1.273203
75 85 0 8 1.261655
25 64 0 8 1.259985
17 66 0 8 1.257933
5 49 0 8 1.254617
66 74 0 8 1.253808
57 63 0 8 1.252774
5 38 0 8 1.249995
42 59 0 8 1.249355
3 12 0 8 1.245299
69 74 0 8 1.240467
13 60 0 8 1.238932
18 74 0 8 1.238634
46 85 0 8 1.237994
46 58 0 8 1.237714
28 63 0 8 1.236810
26 72 0 8 1.233242
73 83 0 8 1.230360
78 85 0 8 1.227629
54 68 0 8 1.224491
14 64 0 8 1.221830
42 78 0 8 1.220135
18 51 0 8 1.219962
37 61 0 8 1.219171
39 45 0 8 1.218952
35 55 0 8 1.216138
1 49 0 8 1.210646
38 80 0 8 1.209691
19 27 0 8 1.207270
23 83 0 8 1.207218
84 89 0 8 1.207019
40 48 0 8 1.206971
48 85 0 8 1.206492
31 78 0 8 1.206346
39 53 0 8 1.205722
18 39 0 8 1.204537
61 75 0 8 1.202272
2 30 0 8 1.199047
37 48 0 8 1.198921
4 75 0 8 1.197880
63 72 0 8 1.197626
48 71 0 8 1.196736
64 83 0 8 1.194359
25 75 0 8 1.193590
54 65 0 8 1.192835
13 83 0 8 1.191893
34 40 0 8 1.191865
80 85 0 8 1.190003
3 70 0 8 1.188866
80 88 0 8 1.188087
67 87 0 8 1.181626
18 69 0 8 1.180914
16 83 0 8 1.179275
23 51 0 8 1.177680
24 46 0 8 1.176121
8 22 0 8 1.175600
74 90 0 8 1.172783
40 45 0 8 1.171971
16 51 0 8 1.171524
17 88 0 8 1.168901
13 72 0 8 1.163406
40 59 0 8 1.163345
60 81 0 8 1.161276
75 81 0 8 1.161012
37 70 0 8 1.155461
50 67 0 8 1.154726
23 35 0 8 1.145176
29 51 0 8 1.144782
54 59 0 8 1.140720
85 91 0 8 1.140140
15 29 0 8 1.138201
85 90 0 8 1.132462
28 49 0 8 1.131729
19 76 0 8 1.131274
16 88 0 8 1.129114
24 30 0 8 1.124272
29 55 0 8 1.120804
55 71 0 8 1.116104
67 85 0 8 1.115384
3 29 0 8 1.113953
34 39 0 8 1.113341
25 47 0 8 1.112538
57 68 0 8 1.109811
13 18 0 8 1.106391
33 57 0 8 1.106231
61 67 0 8 1.105264
75 86 0 8 1.100658
32 77 0 8 1.099865
34 58 0 8 1.098894
23 42 0 8 1.098182
46 74 0 8 1.096772
3 37 0 8 1.091533
39 63 0 8 1.086320
5 54 0 8 1.084766
41 62 0 8 1.082065
26 66 0 8 1.074631
23 66 0 8 1.072154
79 85 0 8 1.066387
37 88 0 8 1.065315
60 83 0 8 1.064050
66 79 0 8 1.058160
4 14 0 8 1.058086
55 70 0 8 1.053924
40 63 0 8 1.053911
18 63 0 8 1.052539
9 50 0 8 1.048218
53 63 0 8 1.047672
60 74 0 8 1.044379
31 86 0 8 1.036580
72 82 0 8 1.036417
78 83 0 8 1.033306
1 40 0 8 1.032034
24 56 0 8 1.032011
14 36 0 8 1.031345
20 57 0 8 1.029044
39 83 0 8 1.028541
61 70 0 8 1.023769
13 39 0 8 1.022935
16 26 0 8 1.022375
17 39 0 8 1.020629
55 63 0 8 1.018564
31 53 0 8 1.015845
1 83 0 8 1.011724
1 55 0 8 1.011496
66 83 0 8 1.006067
2 14 0 8 1.003806
50 82 0 8 1.002915
6 34 0 8 1.000858
29 67 0 8 0.998828
10 81 0 8 0.994045
23 33 0 8 0.993917
23 86 0 8 0.992630
66 85 0 8 0.990437
14 65 0 8 0.988720
16 89 0 8 0.984513
15 61 0 8 0.984446
5 63 0 8 0.983719
36 43 0 8 0.983097
55 78 0 8 0.982831
4 18 0 8 0.982810
72 85 0 8 0.982213
28 43 0 8 0.979678
22 29 0 8 0.979094
9 82 0 8 0.977987
36 89 0 8 0.976223
57 71 0 8 0.973069
1 15 0 8 0.969655
8 19 0 8 0.969560
65 75 0 8 0.969017
35 78 0 8 0.966707
30 62 0 8 0.966136
38 51 0 8 0.963548
55 76 0 8 0.961345
13 33 0 8 0.960351
45 63 0 8 0.959901
11 33 0 8 0.959289
69 86 0 8 0.958795
33 86 0 8 0.956134
61 81 0 8 0.955482
35 69 0 8 0.955229
14 70 0 8 0.953903
39 48 0 8 0.950542
7 77 0 8 0.948395
14 21 0 8 0.946361
12 68 0 8 0.944529
48 59 0 8 0.943098
26 57 0 8 0.941169
3 64 0 8 0.939615
2 68 0 8 0.937771
8 90 0 8 0.936872
13 35 0 8 0.932865
51 77 0 8 0.923696
63 78 0 8 0.922524
29 72 0 8 0.921950
20 82 0 8 0.921841
58 79 0 8 0.921734
27 35 0 8 0.920800
1 73 0 8 0.920517
24 66 0 8 0.920345
10 35 0 8 0.920261
68 78 0 8 0.919464
27 73 0 8 0.918871
4 38 0 8 0.917565
37 69 0 8 0.913605
21 76 0 8 0.908000
70 76 0 8 0.907942
37 53 0 8 0.907706
23 54 0 8 0.904911
46 89 0 8 0.902014
27 46 0 8 0.901517
29 74 0 8 0.900575
4 84 0 8 0.899664
21 60 0 8 0.899341
5 19 0 8 0.892518
21 67 0 8 0.891707
74 87 0 8 0.888130
25 48 0 8 0.887928
21 57 0 8 0.887839
16 25 0 8 0.886476
72 78 0 8 0.885873
19 82 0 8 0.884905
8 85 0 8 0.882969
48 55 0 8 0.882511
51 56 0 8 0.881897
12 63 0 8 0.881767
30 61 0 8 0.881667
62 85 0 8 0.877749
7 45 0 8 0.874130
21 35 0 8 0.873093
32 38 0 8 0.866517
61 82 0 8 0.865725
16 35 0 8 0.865008
47 82 0 8 0.863343
66 90 0 8 0.862642
15 39 0 8 0.862635
3 59 0 8 0.859569
5 71 0 8 0.854957
8 41 0 8 0.851217
61 74 0 8 0.850038
29 43 0 8 0.848600
51 76 0 8 0.846583
8 15 0 8 0.845565
61 88 0 8 0.845001
15 72 0 8 0.844123
31 41 0 8 0.841243
47 87 0 8 0.840131
12 55 0 8 0.838088
10 17 0 8 0.835175
67 83 0 8 0.834788
86 91 0 8 0.833341
23 39 0 8 0.832794
4 66 0 8 0.831272
44 68 0 8 0.828465
5 67 0 8 0.826139
48 90 0 8 0.822954
75 84 0 8 0.822840
49 71 0 8 0.821800
83 88 0 8 0.821683
17 68 0 8 0.821577
7 43 0 8 0.821231
4 56 0 8 0.821217
12 36 0 8 0.821106
48 57 0 8 0.820921
74 88 0 8 0.820399
19 38 0 8 0.819564
20 42 0 8 0.818655
10 31 0 8 0.811926
79 89 0 8 0.811752
16 53 0 8 0.810426
1 64 0 8 0.807929
53 79 0 8 0.807188
8 42 0 8 0.805093
21 83 0 8 0.804799
33 83 0 8 0.804716
29 71 0 8 0.804332
13 89 0 8 0.804154
83 91 0 8 0.802843
10 61 0 8 0.798038
20 47 0 8 0.797520
80 86 0 8 0.795635
72 77 0 8 0.795564
16 80 0 8 0.794426
13 55 0 8 0.792667
3 65 0 8 0.792602
31 82 0 8 0.792024
52 89 0 8 0.791813
13 54 0 8 0.791379
68 79 0 8 0.788389
24 39 0 8 0.783602
76 91 0 8 0.783564
53 67 0 8 0.782885
2 40 0 8 0.780891
32 64 0 8 0.780555
60 69 0 8 0.774602
20 61 0 8 0.773869
12 56 0 8 0.772509
30 77 0 8 0.771660
36 57 0 8 0.771568
48 61 0 8 0.771408
33 45 0 8 0.771399
8 55 0 8 0.770623
18 62 0 8 0.769378
1 70 0 8 0.769250
48 62 0 8 0.765781
35 44 0 8 0.764349
27 62 0 8 0.762173
3 32 0 8 0.760024
2 50 0 8 0.759666
31 58 0 8 0.756486
20 83 0 8 0.756443
67 86 0 8 0.753760
24 44 0 8 0.753670
45 78 0 8 0.753508
51 67 0 8 0.753437
36 72 0 8 0.752539
11 90 0 8 0.751779
11 16 0 8 0.750513
16 76 0 8 0.749145
25 70 0 8 0.747839
30 49 0 8 0.747172
59 74 0 8 0.743307
82 91 0 8 0.739843
63 73 0 8 0.739740
50 89 0 8 0.739071
8 84 0 8 0.735514
16 46 0 8 0.733732
17 25 0 8 0.733525
74 91 0 8 0.733089
27 52 0 8 0.730264
35 46 0 8 0.728875
1 8 0 8 0.727951
60 87 0 8 0.726627
28 45 0 8 0.723626
9 69 0 8 0.721798
9 68 0 8 0.721260
16 45 0 8 0.721248
38 73 0 8 0.715585
2 70 0 8 0.715575
21 28 0 8 0.713096
27 65 0 8 0.712530
53 74 0 8 0.711945
19 51 0 8 0.709162
1 59 0 8 0.708112
51 73 0 8 0.707575
45 60 0 8 0.706952
52 90 0 8 0.706171
38 59 0 8 0.705333
48 67 0 8 0.704290
42 47 0 8 0.701418
2 72 0 8 0.700828
46 81 0 8 0.700216
21 70 0 8 0.696689
16 84 0 8 0.695829
21 58 0 8 0.692519
64 70 0 8 0.692453
6 43 0 8 0.691953
33 80 0 8 0.690467
28 83 0 8 0.687940
9 38 0 8 0.686926
43 56 0 8 0.683045
44 78 0 8 0.682841
20 50 0 8 0.681794
11 84 0 8 0.681157
35 40 0 8 0.680959
53 81 0 8 0.680538
21 72 0 8 0.679501
32 75 0 8 0.677742
47 70 0 8 0.676078
25 58 0 8 0.674662
16 55 0 8 0.673356
79 90 0 8 0.670754
35 43 0 8 0.670201
38 78 0 8 0.663761
7 33 0 8 0.663611
14 81 0 8 0.663396
54 70 0 8 0.662547
29 80 0 8 0.660561
51 69 0 8 0.660151
72 79 0 8 0.659731
38 43 0 8 0.658456
48 74 0 8 0.657566
80 87 0 8 0.656754
27 56 0 8 0.655623
37 43 0 8 0.654118
15 71 0 8 0.653939
45 73 0 8 0.647200
15 76 0 8 0.647159
27 70 0 8 0.646186
48 64 0 8 0.641078
34 44 0 8 0.640956
5 48 0 8 0.640246
13 38 0 8 0.639028
1 28 0 8 0.639022
6 91 0 8 0.639008
6 13 0 8 0.637822
24 35 0 8 0.635672
20 32 0 8 0.630283
38 71 0 8 0.627893
28 39 0 8 0.627505
44 81 0 8 0.626308
3 13 0 8 0.626308
26 50 0 8 0.625582
38 46 0 8 0.624307
5 87 0 8 0.623770
26 68 0 8 0.622824
32 78 0 8 0.622345
52 71 0 8 0.621366
41 65 0 8 0.616810
6 20 0 8 0.614169
69 81 0 8 0.613666
49 86 0 8 0.613601
35 82 0 8 0.610770
38 85 0 8 0.610349
15 48 0 8 0.608818
21 40 0 8 0.606219
1 9 0 8 0.604373
1 32 0 8 0.602241
2 16 0 8 0.601200
36 50 0 8 0.599828
2 7 0 8 0.597599
70 80 0 8 0.595812
16 82 0 8 0.594960
81 87 0 8 0.594394
7 16 0 8 0.592591
19 53 0 8 0.592014
39 71 0 8 0.591322
8 91 0 8 0.589421
62 70 0 8 0.589217
45 89 0 8 0.588148
29 64 0 8 0.587232
56 65 0 8 0.587120
10 48 0 8 0.587109
62 77 0 8 0.581891
28 82 0 8 0.580395
31 49 0 8 0.580120
53 88 0 8 0.579865
11 17 0 8 0.579040
65 76 0 8 0.578568
79 91 0 8 0.577597
12 76 0 8 0.575702
48 91 0 8 0.572086
12 21 0 8 0.571693
34 41 0 8 0.570135
63 80 0 8 0.569800
56 78 0 8 0.569354
44 71 0 8 0.569179
23 38 0 8 0.568888
12 17 0 8 0.563812
3 34 0 8 0.560073
27 48 0 8 0.557605
12 54 0 8 0.557097
50 87 0 8 0.556467
43 50 0 8 0.555439
30 65 0 8 0.555207
53 62 0 8 0.554730
9 42 0 8 0.553968
18 59 0 8 0.551566
82 90 0 8 0.550832
43 66 0 8 0.550197
27 50 0 8 0.549117
16 60 0 8 0.548185
1 69 0 8 0.545800
10 53 0 8 0.544163
21 90 0 8 0.542541
58 83 0 8 0.542452
4 90 0 8 0.541841
2 59 0 8 0.541090
10 88 0 8 0.538343
19 81 0 8 0.538148
3 16 0 8 0.537667
19 31 0 8 0.536810
5 60 0 8 0.534764
37 63 0 8 0.533888
16 73 0 8 0.533403
32 37 0 8 0.532846
7 67 0 8 0.529106
35 77 0 8 0.527464
5 24 0 8 0.523011
15 44 0 8 0.517129
19 43 0 8 0.515420
27 43 0 8 0.512450
16 59 0 8 0.512219
38 52 0 8 0.511327
59 70 0 8 0.510328
20 41 0 8 0.509808
4 39 0 8 0.509550
15 66 0 8 0.508228
11 74 0 8 0.507939
1 29 0 8 0.507063
28 71 0 8 0.506489
4 65 0 8 0.506291
3 46 0 8 0.503682
7 13 0 8 0.502999
13 29 0 8 0.499798
35 61 0 8 0.498206
79 88 0 8 0.498036
26 51 0 8 0.497839
67 89 0 8 0.497437
54 80 0 8 0.496716
8 88 0 8 0.496543
4 88 0 8 0.496422
69 77 0 8 0.494077
49 67 0 8 0.492246
42 64 0 8 0.492222
8 14 0 8 0.490611
65 89 0 8 0.488749
29 86 0 8 0.488036
11 65 0 8 0.488027
9 59 0 8 0.486432
44 51 0 8 0.482959
13 87 0 8 0.482295
46 56 0 8 0.480855
43 53 0 8 0.479538
33 42 0 8 0.478807
2 75 0 8 0.478793
1 63 0 8 0.478774
9 26 0 8 0.478533
30 81 0 8 0.477957
11 64 0 8 0.477704
55 80 0 8 0.475755
46 55 0 8 0.474858
12 32 0 8 0.472714
62 81 0 8 0.470590
20 36 0 8 0.469617
17 44 0 8 0.469535
5 90 0 8 0.467965
47 61 0 8 0.467734
22 51 0 8 0.466447
58 71 0 8 0.465977
41 78 0 8 0.463858
73 84 0 8 0.462212
2 47 0 8 0.461140
50 74 0 8 0.460361
1 13 0 8 0.459852
4 71 0 8 0.459638
8 60 0 8 0.459439
31 55 0 8 0.458701
10 27 0 8 0.456873
47 60 0 8 0.456520
7 81 0 8 0.455810
9 72 0 8 0.455552
27 60 0 8 0.449189
30 63 0 8 0.448834
20 26 0 8 0.447200
29 56 0 8 0.447018
50 76 0 8 0.446996
46 87 0 8 0.445928
36 51 0 8 0.445624
9 78 0 8 0.441145
26 76 0 8 0.440575
10 62 0 8 0.439147
11 86 0 8 0.438736
2 76 0 8 0.438640
37 60 0 8 0.437134
53 91 0 8 0.434585
18 61 0 8 0.434281
25 71 0 8 0.434079
8 25 0 8 0.433070
39 86 0 8 0.431673
35 60 0 8 0.429757
74 85 0 8 0.429631
30 69 0 8 0.429309
37 62 0 8 0.425186
23 50 0 8 0.424039
51 81 0 8 0.420742
21 69 0 8 0.420620
71 91 0 8 0.419735
31 52 0 8 0.417069
18 26 0 8 0.416769
70 88 0 8 0.416488
42 62 0 8 0.416470
28 58 0 8 0.416212
19 58 0 8 0.416168
37 86 0 8 0.412561
31 37 0 8 0.412487
42 52 0 8 0.410457
6 12 0 8 0.409756
1 91 0 8 0.408916
82 88 0 8 0.408601
67 73 0 8 0.407487
76 90 0 8 0.406277
24 81 0 8 0.406186
8 13 0 8 0.405681
18 35 0 8 0.401829
14 59 0 8 0.400724
36 90 0 8 0.399954
1 48 0 8 0.398673
60 80 0 8 0.398441
7 55 0 8 0.398413
6 45 0 8 0.395792
16 22 0 8 0.392181
36 56 0 8 0.391807
79 84 0 8 0.390852
19 30 0 8 0.390436
18 84 0 8 0.390267
21 77 0 8 0.388741
6 59 0 8 0.386503
39 64 0 8 0.384591
11 50 0 8 0.383983
34 73 0 8 0.381916
34 70 0 8 0.380164
4 9 0 8 0.380146
19 79 0 8 0.379183
75 89 0 8 0.378553
9 60 0 8 0.378010
33 69 0 8 0.376364
7 86 0 8 0.376260
38 58 0 8 0.374371
22 33 0 8 0.372898
12 77 0 8 0.372606
36 58 0 8 0.371717
69 89 0 8 0.371010
12 42 0 8 0.370854
8 66 0 8 0.370251
36 81 0 8 0.368047
50 72 0 8 0.367532
79 86 0 8 0.367356
53 83 0 8 0.367001
28 81 0 8 0.366951
58 70 0 8 0.365060
18 36 0 8 0.363538
38 62 0 8 0.362731
27 44 0 8 0.361806
31 43 0 8 0.361381
24 51 0 8 0.359766
41 67 0 8 0.359713
33 77 0 8 0.358995
7 88 0 8 0.358152
19 45 0 8 0.358070
54 84 0 8 0.357234
38 70 0 8 0.356780
43 55 0 8 0.356633
31 65 0 8 0.354309
8 74 0 8 0.354162
36 64 0 8 0.352569
22 45 0 8 0.351277
18 55 0 8 0.350799
38 64 0 8 0.350306
77 88 0 8 0.349900
72 91 0 8 0.347913
65 87 0 8 0.347849
10 84 0 8 0.347649
8 61 0 8 0.347077
52 87 0 8 0.345661
11 42 0 8 0.343311
30 89 0 8 0.343007
59 80 0 8 0.339189
37 73 0 8 0.338685
38 68 0 8 0.338121
54 72 0 8 0.337555
9 29 0 8 0.335972
60 77 0 8 0.334358
60 91 0 8 0.334121
27 64 0 8 0.333805
22 78 0 8 0.333261
41 56 0 8 0.333168
53 90 0 8 0.330923
14 67 0 8 0.330760
3 85 0 8 0.329398
9 66 0 8 0.328204
58 76 0 8 0.327378
33 62 0 8 0.327041
31 79 0 8 0.325134
23 73 0 8 0.324477
44 64 0 8 0.323299
43 68 0 8 0.323167
59 83 0 8 0.322851
42 88 0 8 0.322253
73 80 0 8 0.321662
62 72 0 8 0.319932
3 50 0 8 0.318712
50 71 0 8 0.318687
36 55 0 8 0.318583
38 81 0 8 0.317476
3 86 0 8 0.315188
32 79 0 8 0.314926
1 90 0 8 0.314742
17 35 0 8 0.311380
34 78 0 8 0.311226
35 41 0 8 0.310562
13 51 0 8 0.309833
1 19 0 8 0.309801
45 77 0 8 0.307662
12 22 0 8 0.304976
30 44 0 8 0.301548
25 32 0 8 0.300931
64 84 0 8 0.300929
72 80 0 8 0.300857
9 67 0 8 0.299608
10 15 0 8 0.298792
13 75 0 8 0.297431
50 56 0 8 0.297405
81 91 0 8 0.296861
37 87 0 8 0.296075
31 51 0 8 0.295378
46 82 0 8 0.295147
13 69 0 8 0.294893
23 28 0 8 0.294483
9 31 0 8 0.292582
67 78 0 8 0.292428
45 57 0 8 0.290275
1 81 0 8 0.290080
14 45 0 8 0.288612
75 90 0 8 0.288564
11 22 0 8 0.285619
68 81 0 8 0.284543
16 78 0 8 0.283890
11 48 0 8 0.282526
53 59 0 8 0.279675
69 79 0 8 0.279049
32 44 0 8 0.278733
30 52 0 8 0.273621
4 70 0 8 0.271711
68 90 0 8 0.271171
15 80 0 8 0.268254
25 69 0 8 0.267760
25 57 0 8 0.266929
13 70 0 8 0.265746
41 59 0 8 0.265498
30 73 0 8 0.265266
65 78 0 8 0.263916
34 52 0 8 0.263105
17 54 0 8 0.261677
29 54 0 8 0.261095
6 65 0 8 0.260068
17 31 0 8 0.259581
9 62 0 8 0.259404
29 81 0 8 0.258805
83 89 0 8 0.258178
12 65 0 8 0.255991
13 64 0 8 0.255668
41 61 0 8 0.255280
17 23 0 8 0.254907
7 68 0 8 0.251127
6 16 0 8 0.250502
10 30 0 8 0.250114
28 44 0 8 0.249711
12 84 0 8 0.249655
21 74 0 8 0.249574
15 88 0 8 0.249335
69 80 0 8 0.248670
44 90 0 8 0.247338
35 67 0 8 0.246901
23 71 0 8 0.246546
38 87 0 8 0.244487
4 89 0 8 0.244114
60 88 0 8 0.243292
8 46 0 8 0.243175
1 23 0 8 0.242750
35 63 0 8 0.242631
52 65 0 8 0.240287
29 65 0 8 0.239962
34 55 0 8 0.239615
2 74 0 8 0.238937
11 91 0 8 0.236512
28 60 0 8 0.235862
9 86 0 8 0.235139
22 38 0 8 0.234849
4 78 0 8 0.234354
2 29 0 8 0.234123
9 80 0 8 0.234027
70 75 0 8 0.232836
24 29 0 8 0.232704
28 89 0 8 0.232223
19 68 0 8 0.231334
19 34 0 8 0.231300
42 66 0 8 0.230894
4 16 0 8 0.230173
4 11 0 8 0.230087
3 49 0 8 0.229283
22 31 0 8 0.229270
22 28 0 8 0.227085
27 80 0 8 0.226999
39 50 0 8 0.226803
29 49 0 8 0.222380
24 52 0 8 0.221591
41 82 0 8 0.221398
18 60 0 8 0.219952
5 79 0 8 0.219690
32 83 0 8 0.219651
32 59 0 8 0.218852
43 49 0 8 0.218676
31 57 0 8 0.218383
38 77 0 8 0.218252
17 56 0 8 0.218240
14 19 0 8 0.214394
12 50 0 8 0.213667
35 59 0 8 0.210718
41 66 0 8 0.209099
32 46 0 8 0.209040
41 60 0 8 0.208857
22 75 0 8 0.206812
81 86 0 8 0.206789
4 15 0 8 0.206423
4 10 0 8 0.205749
32 81 0 8 0.204630
15 84 0 8 0.203813
7 27 0 8 0.203714
20 86 0 8 0.203695
1 89 0 8 0.202544
29 37 0 8 0.201594
2 60 0 8 0.199610
35 83 0 8 0.199548
52 86 0 8 0.199033
22 64 0 8 0.198934
4 13 0 8 0.198169
10 87 0 8 0.198056
48 70 0 8 0.195589
62 76 0 8 0.195451
4 46 0 8 0.193340
22 66 0 8 0.189438
50 80 0 8 0.189140
1 72 0 8 0.188766
21 87 0 8 0.188590
4 57 0 8 0.186612
44 91 0 8 0.184444
1 38 0 8 0.183541
56 87 0 8 0.182857
8 27 0 8 0.180097
47 55 0 8 0.180089
11 45 0 8 0.179134
18 40 0 8 0.179034
49 84 0 8 0.177335
19 36 0 8 0.176921
57 73 0 8 0.176302
78 87 0 8 0.176300
31 39 0 8 0.176058
35 88 0 8 0.174952
55 82 0 8 0.174305
3 14 0 8 0.173240
47 89 0 8 0.172213
16 64 0 8 0.171143
64 80 0 8 0.170299
1 88 0 8 0.165528
66 87 0 8 0.165360
52 91 0 8 0.164700
31 87 0 8 0.163676
12 71 0 8 0.163507
21 47 0 8 0.161993
36 78 0 8 0.161625
3 58 0 8 0.161376
33 47 0 8 0.161327
76 81 0 8 0.160269
81 89 0 8 0.159646
48 72 0 8 0.159040
27 47 0 8 0.158732
58 68 0 8 0.157220
8 24 0 8 0.156820
2 66 0 8 0.156458
57 83 0 8 0.155619
42 91 0 8 0.155610
24 50 0 8 0.154726
17 52 0 8 0.154042
4 41 0 8 0.153452
66 89 0 8 0.152567
66 76 0 8 0.151403
40 46 0 8 0.150418
45 56 0 8 0.149056
62 73 0 8 0.148958
5 50 0 8 0.145330
21 61 0 8 0.144201
55 88 0 8 0.144159
34 63 0 8 0.143592
26 43 0 8 0.143549
5 46 0 8 0.142484
51 80 0 8 0.142118
4 42 0 8 0.141572
20 85 0 8 0.140111
33 67 0 8 0.139693
29 88 0 8 0.139399
54 60 0 8 0.139213
22 70 0 8 0.138749
39 72 0 8 0.138569
53 86 0 8 0.136412
33 43 0 8 0.136305
27 77 0 8 0.134771
21 26 0 8 0.134767
4 20 0 8 0.134687
1 7 0 8 0.134489
20 56 0 8 0.134469
63 77 0 8 0.133532
36 46 0 8 0.132519
2 62 0 8 0.131118
6 24 0 8 0.130331
60 84 0 8 0.130107
8 87 0 8 0.128783
41 88 0 8 0.127499
6 90 0 8 0.126974
82 87 0 8 0.125907
48 76 0 8 0.125397
21 46 0 8 0.125315
4 86 0 8 0.124600
65 73 0 8 0.124156
18 75 0 8 0.123656
16 43 0 8 0.123382
15 35 0 8 0.122837
14 75 0 8 0.122585
56 72 0 8 0.122128
18 37 0 8 0.120709
54 78 0 8 0.120686
2 22 0 8 0.120609
21 27 0 8 0.120399
83 90 0 8 0.120339
16 77 0 8 0.119480
27 74 0 8 0.118074
36 54 0 8 0.115594
49 79 0 8 0.115038
32 65 0 8 0.113315
53 76 0 8 0.112994
31 84 0 8 0.112805
35 47 0 8 0.112146
5 51 0 8 0.111457
16 70 0 8 0.111451
22 72 0 8 0.110754
47 63 0 8 0.107427
78 86 0 8 0.104609
60 71 0 8 0.102724
49 76 0 8 0.102545
9 35 0 8 0.100109
64 85 0 8 0.100041
62 91 0 8 0.099657
7 19 0 8 0.099420
3 55 0 8 0.098797
7 28 0 8 0.097986
28 33 0 8 0.097488
22 89 0 8 0.096733
4 22 0 8 0.096282
35 90 0 8 0.096146
21 54 0 8 0.095911
6 21 0 8 0.094133
10 86 0 8 0.092788
49 85 0 8 0.092007
2 90 0 8 0.090577
9 89 0 8 0.090006
11 23 0 8 0.087354
9 88 0 8 0.086480
36 82 0 8 0.086197
62 79 0 8 0.082968
35 68 0 8 0.081984
46 90 0 8 0.081405
6 48 0 8 0.079484
3 80 0 8 0.079032
34 65 0 8 0.078996
11 39 0 8 0.078250
47 78 0 8 0.076668
11 87 0 8 0.076428
6 33 0 8 0.076096
12 39 0 8 0.075424
35 49 0 8 0.074648
58 66 0 8 0.073528
72 83 0 8 0.073438
31 68 0 8 0.072685
37 75 0 8 0.069787
4 64 0 8 0.068701
34 54 0 8 0.068275
76 86 0 8 0.067294
31 42 0 8 0.064718
17 63 0 8 0.064598
3 10 0 8 0.064455
74 80 0 8 0.064144
48 79 0 8 0.063948
2 28 0 8 0.063508
31 69 0 8 0.060653
27 33 0 8 0.058676
8 50 0 8 0.058456
81 88 0 8 0.057254
24 76 0 8 0.057147
30 38 0 8 0.055594
1 53 0 8 0.054286
35 45 0 8 0.053384
42 90 0 8 0.053341
20 31 0 8 0.047590
32 48 0 8 0.047430
9 22 0 8 0.046323
28 77 0 8 0.045817
11 20 0 8 0.045809
77 85 0 8 0.045060
20 72 0 8 0.043677
40 62 0 8 0.043233
43 72 0 8 0.041586
74 86 0 8 0.041352
15 73 0 8 0.041007
35 87 0 8 0.040736
8 20 0 8 0.038594
8 53 0 8 0.038228
49 70 0 8 0.038122
1 46 0 8 0.037368
7 64 0 8 0.037144
10 74 0 8 0.036933
59 65 0 8 0.036916
5 45 0 8 0.036539
78 88 0 8 0.036412
6 29 0 8 0.036376
37 52 0 8 0.035607
8 80 0 8 0.035459
1 51 0 8 0.035305
15 89 0 8 0.034311
22 62 0 8 0.034295
19 26 0 8 0.034030
21 81 0 8 0.033948
76 85 0 8 0.031915
47 65 0 8 0.029582
37 91 0 8 0.028986
39 89 0 8 0.028610
21 86 0 8 0.027631
24 73 0 8 0.027357
45 90 0 8 0.025985
13 19 0 8 0.025392
10 91 0 8 0.025176
31 61 0 8 0.024570
71 90 0 8 0.024313
5 88 0 8 0.023758
34 69 0 8 0.022936
9 17 0 8 0.022534
34 88 0 8 0.019398
28 75 0 8 0.018486
13 41 0 8 0.017758
1 35 0 8 0.016844
57 88 0 8 0.016733
77 90 0 8 0.016013
25 63 0 8 0.015524
6 78 0 8 0.013975
51 60 0 8 0.012822
60 75 0 8 0.012800
22 46 0 8 0.012601
29 87 0 8 0.011953
45 61 0 8 0.011417
38 61 0 8 0.011111
42 89 0 8 0.007404
20 39 0 8 0.006631
1 79 0 8 0.006573
10 79 0 8 0.005412
32 50 0 8 0.003840
16 79 0 8 0.002409
42 48 0 8 0.002032
1 92 0 8 0.000000
1 93 0 8 0.000000
1 94 0 8 0.000000
2 92 0 8 0.000000
2 93 0 8 0.000000
2 94 0 8 0.000000
3 92 0 8 0.000000
3 93 0 8 0.000000
3 94 0 8 0.000000
4 92 0 8 0.000000
4 93 0 8 0.000000
4 94 0 8 0.000000
5 92 0 8 0.000000
5 93 0 8 0.000000
5 94 0 8 0.000000
6 92 0 8 0.000000
6 93 0 8 0.000000
6 94 0 8 0.000000
7 92 0 8 0.000000
7 93 0 8 0.000000
7 94 0 8 0.000000
8 92 0 8 0.000000
8 93 0 8 0.000000
8 94 0 8 0.000000
9 92 0 8 0.000000
9 93 0 8 0.000000
9 94 0 8 0.000000
10 92 0 8 0.000000
10 93 0 8 0.000000
10 94 0 8 0.000000
11 92 0 8 0.000000
11 93 0 8 0.000000
11 94 0 8 0.000000
12 92 0 8 0.000000
12 93 0 8 0.000000
12 94 0 8 0.000000
13 92 0 8 0.000000
13 93 0 8 0.000000
13 94 0 8 0.000000
14 92 0 8 0.000000
14 93 0 8 0.000000
14 94 0 8 0.000000
15 92 0 8 0.000000
15 93 0 8 0.000000
15 94 0 8 0.000000
16 92 0 8 0.000000
16 93 0 8 0.000000
16 94 0 8 0.000000
17 92 0 8 0.000000
17 93 0 8 0.000000
17 94 0 8 0.000000
18 92 0 8 0.000000
18 93 0 8 0.000000
18 94 0 8 0.000000
19 92 0 8 0.000000
19 93 0 8 0.000000
19 94 0 8 0.000000
20 92 0 8 0.000000
20 93 0 8 0.000000
20 94 0 8 0.000000
21 92 0 8 0.000000
21 93 0 8 0.000000
21 94 0 8 0.000000
22 92 0 8 0.000000
22 93 0 8 0.000000
22 94 0 8 0.000000
23 92 0 8 0.000000
23 93 0 8 0.000000
23 94 0 8 0.000000
24 92 0 8 0.000000
24 93 0 8 0.000000
24 94 0 8 0.000000
25 92 0 8 0.000000
25 93 0 8 0.000000
25 94 0 8 0.000000
26 92 0 8 0.000000
26 93 0 8 0.000000
26 94 0 8 0.000000
27 92 0 8 0.000000
27 93 0 8 0.000000
27 94 0 8 0.000000
28 92 0 8 0.000000
28 93 0 8 0.000000
28 94 0 8 0.000000
29 92 0 8 0.000000
29 93 0 8 0.000000
29 94 0 8 0.000000
30 92 0 8 0.000000
30 93 0 8 0.000000
30 94 0 8 0.000000
31 92 0 8 0.000000
31 93 0 8 0.000000
31 94 0 8 0.000000
32 92 0 8 0.000000
32 93 0 8 0.000000
32 94 0 8 0.000000
33 92 0 8 0.000000
33 93 0 8 0.000000
33 94 0 8 0.000000
34 92 0 8 0.000000
34 93 0 8 0.000000
34 94 0 8 0.000000
35 92 0 8 0.000000
35 93 0 8 0.000000
35 94 0 8 0.000000
36 92 0 8 0.000000
36 93 0 8 0.000000
36 94 0 8 0.000000
37 92 0 8 0.000000
37 93 0 8 0.000000
37 94 0 8 0.000000
38 92 0 8 0.000000
38 93 0 8 0.000000
38 94 0 8 0.000000
39 92 0 8 0.000000
39 93 0 8 0.000000
39 94 0 8 0.000000
40 92 0 8 0.000000
40 93 0 8 0.000000
40 94 0 8 0.000000
41 92 0 8 0.000000
41 93 0 8 0.000000
41 94 0 8 0.000000
42 92 0 8 0.000000
42 93 0 8 0.000000
42 94 0 8 0.000000
43 92 0 8 0.000000
43 93 0 8 0.000000
43 94 0 8 0.000000
44 92 0 8 0.000000
44 93 0 8 0.000000
44 94 0 8 0.000000
45 92 0 8 0.000000
45 93 0 8 0.000000
45 94 0 8 0.000000
46 92 0 8 0.000000
46 93 0 8 0.000000
46 94 0 8 0.000000
47 92 0 8 0.000000
47 93 0 8 0.000000
47 94 0 8 0.000000
48 92 0 8 0.000000
48 93 0 8 0.000000
48 94 0 8 0.000000
49 92 0 8 0.000000
49 93 0 8 0.000000
49 94 0 8 0.000000
50 92 0 8 0.000000
50 93 0 8 0.000000
50 94 0 8 0.000000
51 92 0 8 0.000000
51 93 0 8 0.000000
51 94 0 8 0.000000
52 92 0 8 0.000000
52 93 0 8 0.000000
52 94 0 8 0.000000
53 92 0 8 0.000000
53 93 0 8 0.000000
53 94 0 8 0.000000
54 92 0 8 0.000000
54 93 0 8 0.000000
54 94 0 8 0.000000
55 92 0 8 0.000000
55 93 0 8 0.000000
55 94 0 8 0.000000
56 92 0 8 0.000000
56 93 0 8 0.000000
56 94 0 8 0.000000
57 92 0 8 0.000000
57 93 0 8 0.000000
57 94 0 8 0.000000
58 92 0 8 0.000000
58 93 0 8 0.000000
58 94 0 8 0.000000
59 92 0 8 0.000000
59 93 0 8 0.000000
59 94 0 8 0.000000
60 92 0 8 0.000000
60 93 0 8 0.000000
60 94 0 8 0.000000
61 92 0 8 0.000000
61 93 0 8 0.000000
61 94 0 8 0.000000
62 92 0 8 0.000000
62 93 0 8 0.000000
62 94 0 8 0.000000
63 92 0 8 0.000000
63 93 0 8 0.000000
63 94 0 8 0.000000
64 92 0 8 0.000000
64 93 0 8 0.000000
64 94 0 8 0.000000
65 92 0 8 0.000000
65 93 0 8 0.000000
65 94 0 8 0.000000
66 92 0 8 0.000000
66 93 0 8 0.000000
66 94 0 8 0.000000
67 92 0 8 0.000000
67 93 0 8 0.000000
67 94 0 8 0.000000
68 92 0 8 0.000000
68 93 0 8 0.000000
68 94 0 8 0.000000
69 92 0 8 0.000000
69 93 0 8 0.000000
69 94 0 8 0.000000
70 92 0 8 0.000000
70 93 0 8 0.000000
70 94 0 8 0.000000
71 92 0 8 0.000000
71 93 0 8 0.000000
71 94 0 8 0.000000
72 92 0 8 0.000000
72 93 0 8 0.000000
72 94 0 8 0.000000
73 92 0 8 0.000000
73 93 0 8 0.000000
73 94 0 8 0.000000
74 92 0 8 0.000000
74 93 0 8 0.000000
74 94 0 8 0.000000
75 92 0 8 0.000000
75 93 0 8 0.000000
75 94 0 8 0.000000
76 92 0 8 0.000000
76 93 0 8 0.000000
76 94 0 8 0.000000
77 92 0 8 0.000000
77 93 0 8 0.000000
77 94 0 8 0.000000
78 92 0 8 0.000000
78 93 0 8 0.000000
78 94 0 8 0.000000
79 92 0 8 0.000000
79 93 0 8 0.000000
79 94 0 8 0.000000
80 92 0 8 0.000000
80 93 0 8 0.000000
80 94 0 8 0.000000
81 92 0 8 0.000000
81 93 0 8 0.000000
81 94 0 8 0.000000
82 92 0 8 0.000000
82 93 0 8 0.000000
82 94 0 8 0.000000
83 92 0 8 0.000000
83 93 0 8 0.000000
83 94 0 8 0.000000
84 92 0 8 0.000000
84 93 0 8 0.000000
84 94 0 8 0.000000
85 92 0 8 0.000000
85 93 0 8 0.000000
85 94 0 8 0.000000
86 92 0 8 0.000000
86 93 0 8 0.000000
86 94 0 8 0.000000
87 92 0 8 0.000000
87 93 0 8 0.000000
87 94 0 8 0.000000
88 93 0 8 0.000000
88 94 0 8 0.000000
89 94 0 8 0.000000
9 58 0 8 -0.003486
35 42 0 8 -0.003920
18 86 0 8 -0.004231
51 72 0 8 -0.005606
16 81 0 8 -0.006550
65 70 0 8 -0.007471
37 46 0 8 -0.011182
20 88 0 8 -0.011971
65 81 0 8 -0.012942
65 91 0 8 -0.013151
11 81 0 8 -0.016154
1 45 0 8 -0.016748
64 89 0 8 -0.016815
45 86 0 8 -0.017247
20 70 0 8 -0.017634
40 73 0 8 -0.019170
2 32 0 8 -0.019745
6 46 0 8 -0.020838
9 81 0 8 -0.021345
42 67 0 8 -0.022021
75 87 0 8 -0.022619
14 30 0 8 -0.022794
2 12 0 8 -0.023932
42 81 0 8 -0.025334
33 55 0 8 -0.026349
9 91 0 8 -0.026507
6 23 0 8 -0.027604
14 31 0 8 -0.028269
29 73 0 8 -0.028414
22 91 0 8 -0.030275
19 85 0 8 -0.030743
49 59 0 8 -0.031516
23 75 0 8 -0.031586
33 68 0 8 -0.032633
44 89 0 8 -0.032918
25 76 0 8 -0.033375
8 44 0 8 -0.033471
6 38 0 8 -0.033580
41 89 0 8 -0.034843
62 83 0 8 -0.035606
24 41 0 8 -0.036295
8 37 0 8 -0.037038
12 91 0 8 -0.037486
22 67 0 8 -0.038744
63 87 0 8 -0.039265
40 58 0 8 -0.039333
37 57 0 8 -0.039346
19 32 0 8 -0.040842
51 86 0 8 -0.041877
41 76 0 8 -0.042448
18 87 0 8 -0.042549
61 87 0 8 -0.043113
4 40 0 8 -0.043455
48 87 0 8 -0.043626
1 12 0 8 -0.044188
10 41 0 8 -0.046488
19 75 0 8 -0.046839
47 91 0 8 -0.047336
9 18 0 8 -0.047433
3 63 0 8 -0.047729
17 26 0 8 -0.048071
54 81 0 8 -0.048944
48 65 0 8 -0.050463
50 85 0 8 -0.050961
54 74 0 8 -0.052169
4 91 0 8 -0.054015
41 75 0 8 -0.054101
25 82 0 8 -0.054835
6 61 0 8 -0.055357
12 80 0 8 -0.057116
24 87 0 8 -0.057757
60 89 0 8 -0.059023
20 63 0 8 -0.059045
19 61 0 8 -0.059080
1 41 0 8 -0.060088
5 43 0 8 -0.061328
2 58 0 8 -0.061540
77 86 0 8 -0.061599
22 88 0 8 -0.062448
64 86 0 8 -0.062576
21 85 0 8 -0.062855
24 69 0 8 -0.065241
33 65 0 8 -0.066622
5 91 0 8 -0.067623
66 81 0 8 -0.067841
52 84 0 8 -0.068674
12 88 0 8 -0.069664
28 50 0 8 -0.070105
24 49 0 8 -0.071322
41 71 0 8 -0.071479
8 69 0 8 -0.071918
44 85 0 8 -0.072245
15 37 0 8 -0.072582
12 87 0 8 -0.072735
4 24 0 8 -0.073885
35 84 0 8 -0.074229
54 66 0 8 -0.075341
4 45 0 8 -0.075608
31 76 0 8 -0.076486
26 87 0 8 -0.077007
45 53 0 8 -0.077290
77 89 0 8 -0.077936
22 65 0 8 -0.078060
10 51 0 8 -0.078095
3 24 0 8 -0.078529
69 84 0 8 -0.080776
41 91 0 8 -0.080836
10 34 0 8 -0.082548
16 36 0 8 -0.083553
29 50 0 8 -0.083602
34 66 0 8 -0.084952
33 41 0 8 -0.085348
65 85 0 8 -0.085404
16 56 0 8 -0.087139
46 84 0 8 -0.087911
14 25 0 8 -0.087989
36 49 0 8 -0.088045
34 46 0 8 -0.089958
42 70 0 8 -0.089979
52 88 0 8 -0.090139
9 49 0 8 -0.090953
4 73 0 8 -0.091675
57 86 0 8 -0.091985
1 25 0 8 -0.092333
2 39 0 8 -0.092387
16 41 0 8 -0.093759
58 88 0 8 -0.093965
57 65 0 8 -0.094371
42 85 0 8 -0.094543
32 73 0 8 -0.094748
61 76 0 8 -0.095102
14 86 0 8 -0.095227
2 89 0 8 -0.096838
42 87 0 8 -0.097252
34 53 0 8 -0.097411
58 87 0 8 -0.097477
8 43 0 8 -0.098034
54 86 0 8 -0.100395
67 91 0 8 -0.101110
8 21 0 8 -0.101909
60 78 0 8 -0.101935
22 71 0 8 -0.101983
44 50 0 8 -0.102428
32 54 0 8 -0.103148
56 91 0 8 -0.104839
2 42 0 8 -0.104966
15 53 0 8 -0.105036
16 32 0 8 -0.106229
41 47 0 8 -0.108475
21 36 0 8 -0.108882
56 73 0 8 -0.108899
14 29 0 8 -0.108988
54 76 0 8 -0.110166
45 87 0 8 -0.110308
49 83 0 8 -0.110977
13 44 0 8 -0.112100
6 88 0 8 -0.112204
6 64 0 8 -0.112291
22 82 0 8 -0.112819
20 54 0 8 -0.113218
8 35 0 8 -0.113950
60 90 0 8 -0.114226
2 82 0 8 -0.115232
8 34 0 8 -0.115615
9 25 0 8 -0.115624
22 90 0 8 -0.116197
34 67 0 8 -0.116649
34 85 0 8 -0.117090
67 90 0 8 -0.117166
6 70 0 8 -0.117242
10 24 0 8 -0.119174
11 88 0 8 -0.119485
41 90 0 8 -0.120038
45 79 0 8 -0.120073
80 89 0 8 -0.120530
39 60 0 8 -0.120901
40 50 0 8 -0.121115
3 42 0 8 -0.121551
4 34 0 8 -0.121561
40 51 0 8 -0.121825
5 70 0 8 -0.123758
3 36 0 8 -0.124184
49 58 0 8 -0.124337
18 85 0 8 -0.125510
6 89 0 8 -0.126379
63 90 0 8 -0.126625
64 74 0 8 -0.128994
72 87 0 8 -0.130063
6 19 0 8 -0.130132
67 81 0 8 -0.130240
25 61 0 8 -0.130556
19 44 0 8 -0.132195
24 36 0 8 -0.133378
54 73 0 8 -0.133696
4 43 0 8 -0.134496
6 53 0 8 -0.135354
3 27 0 8 -0.137561
39 67 0 8 -0.137834
10 44 0 8 -0.137872
18 73 0 8 -0.138025
60 67 0 8 -0.138276
2 51 0 8 -0.138756
78 89 0 8 -0.138832
1 39 0 8 -0.139093
71 83 0 8 -0.139165
27 49 0 8 -0.140134
6 76 0 8 -0.140556
29 76 0 8 -0.141389
52 70 0 8 -0.141777
6 75 0 8 -0.141795
7 90 0 8 -0.142823
26 42 0 8 -0.143733
35 86 0 8 -0.143741
10 42 0 8 -0.144083
64 77 0 8 -0.144951
57 84 0 8 -0.145303
20 84 0 8 -0.145304
34 91 0 8 -0.147364
13 26 0 8 -0.151160
61 85 0 8 -0.153414
33 89 0 8 -0.153935
33 72 0 8 -0.153987
8 76 0 8 -0.154075
73 87 0 8 -0.154079
69 75 0 8 -0.154263
17 86 0 8 -0.154654
6 49 0 8 -0.155354
1 42 0 8 -0.155844
43 60 0 8 -0.156073
37 56 0 8 -0.156185
29 60 0 8 -0.156496
1 6 0 8 -0.158047
17 42 0 8 -0.160562
42 86 0 8 -0.160703
1 22 0 8 -0.161701
55 85 0 8 -0.162919
2 83 0 8 -0.163461
69 88 0 8 -0.164293
11 61 0 8 -0.164429
38 60 0 8 -0.164766
13 57 0 8 -0.166054
11 85 0 8 -0.166916
26 34 0 8 -0.167245
13 50 0 8 -0.167771
14 42 0 8 -0.168098
55 60 0 8 -0.168122
1 18 0 8 -0.168331
11 51 0 8 -0.168710
38 76 0 8 -0.169453
30 54 0 8 -0.169885
6 82 0 8 -0.171928
17 32 0 8 -0.172786
61 69 0 8 -0.173353
2 79 0 8 -0.173533
5 55 0 8 -0.174225
34 45 0 8 -0.174809
78 91 0 8 -0.174977
13 24 0 8 -0.176606
28 42 0 8 -0.176753
23 69 0 8 -0.176917
16 49 0 8 -0.177269
25 87 0 8 -0.177876
36 63 0 8 -0.179887
33 64 0 8 -0.180715
17 22 0 8 -0.180777
5 58 0 8 -0.183262
4 25 0 8 -0.183322
25 56 0 8 -0.183395
13 49 0 8 -0.184279
8 23 0 8 -0.184737
33 87 0 8 -0.185660
2 11 0 8 -0.186177
75 83 0 8 -0.187017
37 64 0 8 -0.187695
19 46 0 8 -0.187832
33 78 0 8 -0.187897
34 89 0 8 -0.188101
19 84 0 8 -0.188737
2 67 0 8 -0.188753
29 42 0 8 -0.188867
43 51 0 8 -0.189417
68 75 0 8 -0.191533
71 85 0 8 -0.191567
20 89 0 8 -0.191984
1 36 0 8 -0.192300
43 89 0 8 -0.192674
49 90 0 8 -0.193581
65 80 0 8 -0.193626
30 74 0 8 -0.194148
19 77 0 8 -0.194466
61 84 0 8 -0.194507
71 89 0 8 -0.194786
37 65 0 8 -0.195523
30 55 0 8 -0.196035
6 87 0 8 -0.196894
46 75 0 8 -0.197529
2 91 0 8 -0.197576
51 68 0 8 -0.197948
10 26 0 8 -0.198814
9 24 0 8 -0.199688
3 35 0 8 -0.200633
44 75 0 8 -0.201176
22 87 0 8 -0.201446
29 89 0 8 -0.203697
3 56 0 8 -0.203886
1 24 0 8 -0.204029
5 69 0 8 -0.204655
9 45 0 8 -0.206880
35 91 0 8 -0.207122
29 63 0 8 -0.207191
28 53 0 8 -0.207352
3 91 0 8 -0.207725
63 91 0 8 -0.208829
7 89 0 8 -0.208888
9 54 0 8 -0.209126
51 85 0 8 -0.209409
44 53 0 8 -0.210264
7 53 0 8 -0.211747
30 46 0 8 -0.212200
2 24 0 8 -0.212837
70 87 0 8 -0.212925
40 72 0 8 -0.213076
17 46 0 8 -0.213553
1 76 0 8 -0.214895
3 89 0 8 -0.216014
72 86 0 8 -0.217157
27 42 0 8 -0.217415
69 85 0 8 -0.217931
7 42 0 8 -0.218107
4 28 0 8 -0.218220
7 15 0 8 -0.218257
8 67 0 8 -0.219628
45 72 0 8 -0.220509
26 36 0 8 -0.220874
69 91 0 8 -0.221270
47 59 0 8 -0.221499
27 37 0 8 -0.221843
43 58 0 8 -0.222279
59 79 0 8 -0.222453
61 90 0 8 -0.222497
2 77 0 8 -0.222869
3 23 0 8 -0.223094
15 46 0 8 -0.223153
71 81 0 8 -0.223303
16 87 0 8 -0.223324
7 22 0 8 -0.223930
22 54 0 8 -0.225337
65 83 0 8 -0.225356
3 75 0 8 -0.226454
2 65 0 8 -0.226568
26 83 0 8 -0.228333
16 91 0 8 -0.228426
34 90 0 8 -0.228627
3 60 0 8 -0.229288
50 77 0 8 -0.229364
2 20 0 8 -0.229368
8 82 0 8 -0.230129
5 59 0 8 -0.230154
11 41 0 8 -0.230282
19 91 0 8 -0.230372
41 46 0 8 -0.230798
40 60 0 8 -0.230885
37 89 0 8 -0.231475
24 37 0 8 -0.231601
37 77 0 8 -0.231640
40 55 0 8 -0.232433
46 67 0 8 -0.233814
77 87 0 8 -0.233910
1 87 0 8 -0.234505
22 80 0 8 -0.234780
42 80 0 8 -0.235369
10 67 0 8 -0.236010
34 48 0 8 -0.236841
76 87 0 8 -0.237051
29 91 0 8 -0.237474
20 87 0 8 -0.237582
37 47 0 8 -0.239001
17 65 0 8 -0.239063
49 64 0 8 -0.239260
28 76 0 8 -0.239507
51 59 0 8 -0.239611
4 37 0 8 -0.240337
67 88 0 8 -0.240624
5 65 0 8 -0.240954
61 91 0 8 -0.242476
11 70 0 8 -0.242626
1 37 0 8 -0.242805
15 31 0 8 -0.243410
1 21 0 8 -0.243895
1 86 0 8 -0.244717
56 89 0 8 -0.244890
27 72 0 8 -0.244991
49 80 0 8 -0.245882
16 63 0 8 -0.246229
64 87 0 8 -0.246810
13 30 0 8 -0.246878
22 49 0 8 -0.246904
6 51 0 8 -0.248053
5 17 0 8 -0.249580
30 82 0 8 -0.249946
42 56 0 8 -0.250119
1 17 0 8 -0.250189
20 81 0 8 -0.250323
6 86 0 8 -0.250811
43 91 0 8 -0.251097
73 88 0 8 -0.251403
2 19 0 8 -0.251984
29 36 0 8 -0.254752
23 88 0 8 -0.254967
29 85 0 8 -0.255094
22 86 0 8 -0.256610
62 87 0 8 -0.256734
17 70 0 8 -0.258381
51 65 0 8 -0.258608
12 41 0 8 -0.259048
38 90 0 8 -0.259213
60 85 0 8 -0.259347
21 55 0 8 -0.259574
54 89 0 8 -0.260471
42 82 0 8 -0.260861
58 91 0 8 -0.261606
1 68 0 8 -0.261981
8 49 0 8 -0.262114
41 87 0 8 -0.262841
66 84 0 8 -0.264411
22 52 0 8 -0.265248
53 71 0 8 -0.266146
19 78 0 8 -0.267110
34 68 0 8 -0.268149
32 61 0 8 -0.269183
50 63 0 8 -0.269292
9 39 0 8 -0.269340
12 66 0 8 -0.270001
6 44 0 8 -0.270026
25 85 0 8 -0.270209
21 91 0 8 -0.270250
14 88 0 8 -0.270384
18 91 0 8 -0.270450
13 22 0 8 -0.271132
2 27 0 8 -0.271195
8 89 0 8 -0.271338
2 34 0 8 -0.271634
58 65 0 8 -0.271681
45 91 0 8 -0.271747
16 29 0 8 -0.272881
25 55 0 8 -0.273659
15 77 0 8 -0.274553
47 85 0 8 -0.275381
6 28 0 8 -0.275607
24 68 0 8 -0.275667
68 91 0 8 -0.276700
36 67 0 8 -0.276754
11 78 0 8 -0.278164
23 84 0 8 -0.278547
41 86 0 8 -0.279591
18 79 0 8 -0.279859
6 14 0 8 -0.280348
42 60 0 8 -0.280717
70 89 0 8 -0.280719
47 88 0 8 -0.280961
42 84 0 8 -0.281412
34 51 0 8 -0.282097
58 84 0 8 -0.282312
33 70 0 8 -0.282389
67 79 0 8 -0.282460
2 36 0 8 -0.282779
41 80 0 8 -0.283684
68 82 0 8 -0.284207
8 64 0 8 -0.284683
20 91 0 8 -0.284813
3 20 0 8 -0.285075
16 38 0 8 -0.285455
6 67 0 8 -0.286101
26 89 0 8 -0.286275
72 89 0 8 -0.286479
22 27 0 8 -0.288083
41 85 0 8 -0.288722
3 41 0 8 -0.289097
44 60 0 8 -0.289309
6 80 0 8 -0.289632
3 9 0 8 -0.290835
64 91 0 8 -0.291980
76 89 0 8 -0.292746
22 57 0 8 -0.292895
22 36 0 8 -0.292986
1 30 0 8 -0.293428
6 26 0 8 -0.294038
41 69 0 8 -0.294152
28 69 0 8 -0.294199
46 60 0 8 -0.294635
46 91 0 8 -0.294809
70 90 0 8 -0.295293
42 83 0 8 -0.295422
42 76 0 8 -0.297692
68 87 0 8 -0.297913
58 86 0 8 -0.298337
30 56 0 8 -0.299252
3 61 0 8 -0.300039
24 85 0 8 -0.301436
15 59 0 8 -0.301458
9 79 0 8 -0.302233
66 91 0 8 -0.302666
22 85 0 8 -0.303879
75 80 0 8 -0.303921
63 86 0 8 -0.304024
52 74 0 8 -0.304177
3 22 0 8 -0.304736
7 83 0 8 -0.304780
33 56 0 8 -0.304945
12 82 0 8 -0.306086
12 29 0 8 -0.306578
50 83 0 8 -0.306734
7 18 0 8 -0.306742
6 85 0 8 -0.306881
15 38 0 8 -0.307733
16 48 0 8 -0.308734
12 78 0 8 -0.308897
48 88 0 8 -0.310184
19 89 0 8 -0.310388
51 74 0 8 -0.310498
28 68 0 8 -0.311687
3 90 0 8 -0.312581
15 85 0 8 -0.313353
16 52 0 8 -0.313858
30 37 0 8 -0.313982
6 69 0 8 -0.315089
40 82 0 8 -0.315193
29 34 0 8 -0.315574
57 91 0 8 -0.316185
17 57 0 8 -0.317521
80 90 0 8 -0.317600
1 34 0 8 -0.318160
44 55 0 8 -0.318879
21 84 0 8 -0.319392
22 44 0 8 -0.319453
22 73 0 8 -0.319680
8 83 0 8 -0.319709
26 59 0 8 -0.321785
23 91 0 8 -0.322097
29 35 0 8 -0.324078
31 91 0 8 -0.324522
42 75 0 8 -0.325033
32 87 0 8 -0.325343
47 58 0 8 -0.325926
20 90 0 8 -0.326631
35 80 0 8 -0.326647
8 54 0 8 -0.327538
5 20 0 8 -0.328657
59 91 0 8 -0.329767
17 51 0 8 -0.330082
49 60 0 8 -0.330096
62 90 0 8 -0.330679
15 22 0 8 -0.331013
7 25 0 8 -0.332605
21 42 0 8 -0.333189
51 58 0 8 -0.333231
50 55 0 8 -0.333467
29 75 0 8 -0.333983
48 56 0 8 -0.334047
36 48 0 8 -0.334238
41 54 0 8 -0.334961
14 91 0 8 -0.335358
1 84 0 8 -0.335607
42 50 0 8 -0.335829
31 89 0 8 -0.336209
4 74 0 8 -0.336742
23 68 0 8 -0.337305
70 77 0 8 -0.338275
39 55 0 8 -0.338388
2 88 0 8 -0.339356
24 83 0 8 -0.339701
2 41 0 8 -0.340008
54 77 0 8 -0.340443
72 90 0 8 -0.340632
19 64 0 8 -0.341282
18 34 0 8 -0.342315
21 29 0 8 -0.343433
59 71 0 8 -0.343579
21 79 0 8 -0.344076
21 89 0 8 -0.345354
4 80 0 8 -0.345378
73 91 0 8 -0.345412
14 44 0 8 -0.345692
14 71 0 8 -0.346296
17 53 0 8 -0.346459
68 80 0 8 -0.346707
1 77 0 8 -0.346824
15 51 0 8 -0.347307
54 69 0 8 -0.347360
12 73 0 8 -0.348017
52 85 0 8 -0.348321
9 90 0 8 -0.348779
10 29 0 8 -0.350445
2 10 0 8 -0.350788
46 66 0 8 -0.350902
12 34 0 8 -0.351100
65 82 0 8 -0.351679
27 38 0 8 -0.353072
54 87 0 8 -0.354630
53 68 0 8 -0.354918
75 91 0 8 -0.355298
57 85 0 8 -0.355850
1 82 0 8 -0.355973
9 41 0 8 -0.356391
22 76 0 8 -0.357472
14 20 0 8 -0.357909
28 88 0 8 -0.357923
42 53 0 8 -0.358632
42 58 0 8 -0.358830
6 58 0 8 -0.358990
43 57 0 8 -0.360016
28 73 0 8 -0.360240
20 51 0 8 -0.360860
7 85 0 8 -0.361036
26 37 0 8 -0.361257
6 17 0 8 -0.361439
56 85 0 8 -0.361951
1 56 0 8 -0.362326
40 65 0 8 -0.363737
6 18 0 8 -0.364159
73 79 0 8 -0.364322
18 24 0 8 -0.364412
9 55 0 8 -0.364455
24 79 0 8 -0.364595
44 80 0 8 -0.364646
41 49 0 8 -0.365348
39 73 0 8 -0.365410
59 85 0 8 -0.365657
7 82 0 8 -0.365865
38 84 0 8 -0.366137
39 79 0 8 -0.366740
74 89 0 8 -0.366827
3 51 0 8 -0.366869
33 44 0 8 -0.366977
19 50 0 8 -0.367229
4 83 0 8 -0.367325
28 87 0 8 -0.368036
44 61 0 8 -0.368099
52 67 0 8 -0.368194
24 91 0 8 -0.369839
47 90 0 8 -0.370273
33 54 0 8 -0.370773
39 69 0 8 -0.371121
28 79 0 8 -0.371670
1 50 0 8 -0.372628
4 12 0 8 -0.373636
50 90 0 8 -0.374104
71 80 0 8 -0.374650
1 16 0 8 -0.374765
22 81 0 8 -0.375921
68 74 0 8 -0.376694
82 89 0 8 -0.376849
58 77 0 8 -0.377742
1 33 0 8 -0.378258
27 41 0 8 -0.378327
17 49 0 8 -0.378910
38 91 0 8 -0.379206
3 71 0 8 -0.379340
60 82 0 8 -0.379718
5 81 0 8 -0.379826
12 81 0 8 -0.380773
17 28 0 8 -0.381936
78 90 0 8 -0.382086
43 88 0 8 -0.382320
6 62 0 8 -0.382818
11 27 0 8 -0.382967
56 84 0 8 -0.383125
6 39 0 8 -0.383855
15 58 0 8 -0.383920
7 91 0 8 -0.384436
59 86 0 8 -0.384744
55 67 0 8 -0.385454
6 77 0 8 -0.385772
20 52 0 8 -0.386046
43 90 0 8 -0.386808
51 57 0 8 -0.386986
7 50 0 8 -0.387357
55 91 0 8 -0.387669
36 91 0 8 -0.389438
32 89 0 8 -0.389904
1 14 0 8 -0.390455
26 71 0 8 -0.393146
28 66 0 8 -0.395947
34 87 0 8 -0.396363
28 36 0 8 -0.397194
23 40 0 8 -0.397607
1 85 0 8 -0.397615
29 79 0 8 -0.397678
30 91 0 8 -0.400599
15 41 0 8 -0.401459
41 58 0 8 -0.401597
15 91 0 8 -0.401909
42 49 0 8 -0.403289
9 64 0 8 -0.404883
42 51 0 8 -0.405630
15 43 0 8 -0.405947
7 35 0 8 -0.406788
35 85 0 8 -0.408131
63 85 0 8 -0.408488
63 88 0 8 -0.408707
1 65 0 8 -0.409302
6 68 0 8 -0.409572
15 49 0 8 -0.409753
29 44 0 8 -0.411223
28 91 0 8 -0.411829
8 17 0 8 -0.411893
22 40 0 8 -0.413329
52 69 0 8 -0.413859
6 60 0 8 -0.413869
20 65 0 8 -0.413914
6 30 0 8 -0.413969
2 54 0 8 -0.414506
36 88 0 8 -0.415067
39 87 0 8 -0.415071
8 78 0 8 -0.415330
25 41 0 8 -0.415666
55 86 0 8 -0.416055
25 88 0 8 -0.417181
7 57 0 8 -0.417286
56 90 0 8 -0.417600
26 91 0 8 -0.418206
11 26 0 8 -0.418238
23 80 0 8 -0.418940
42 65 0 8 -0.418954
7 26 0 8 -0.419760
80 91 0 8 -0.420695
13 84 0 8 -0.420933
49 89 0 8 -0.421532
58 69 0 8 -0.421717
15 56 0 8 -0.422350
11 49 0 8 -0.422694
70 91 0 8 -0.423864
20 80 0 8 -0.425520
41 57 0 8 -0.425900
2 25 0 8 -0.426469
22 61 0 8 -0.426607
48 78 0 8 -0.426641
42 77 0 8 -0.426925
32 52 0 8 -0.427278
27 89 0 8 -0.427661
11 38 0 8 -0.428086
33 71 0 8 -0.428565
13 28 0 8 -0.430022
36 83 0 8 -0.430179
35 66 0 8 -0.430678
32 90 0 8 -0.430955
1 80 0 8 -0.432112
2 43 0 8 -0.432445
15 87 0 8 -0.432561
22 63 0 8 -0.432568
36 85 0 8 -0.433346
20 48 0 8 -0.433518
28 48 0 8 -0.433631
45 64 0 8 -0.433683
24 42 0 8 -0.433789
7 34 0 8 -0.434073
3 76 0 8 -0.435527
23 59 0 8 -0.436180
35 70 0 8 -0.436186
36 44 0 8 -0.436245
61 79 0 8 -0.436578
7 24 0 8 -0.438059
16 69 0 8 -0.438896
2 87 0 8 -0.439687
35 89 0 8 -0.440068
6 47 0 8 -0.440905
6 27 0 8 -0.441487
6 84 0 8 -0.441573
6 66 0 8 -0.441734
12 86 0 8 -0.442073
32 80 0 8 -0.442493
51 90 0 8 -0.442949
44 73 0 8 -0.443134
6 25 0 8 -0.443413
31 54 0 8 -0.444075
4 27 0 8 -0.444470
4 85 0 8 -0.445064
41 52 0 8 -0.445180
20 75 0 8 -0.445372
16 31 0 8 -0.445398
29 78 0 8 -0.445722
6 32 0 8 -0.445861
4 52 0 8 -0.446478
59 89 0 8 -0.446601
4 68 0 8 -0.446689
22 39 0 8 -0.447822
1 20 0 8 -0.448056
27 91 0 8 -0.448741
22 84 0 8 -0.449364
64 90 0 8 -0.449788
2 35 0 8 -0.450015
14 90 0 8 -0.451360
22 79 0 8 -0.452788
13 65 0 8 -0.453251
18 78 0 8 -0.453346
22 53 0 8 -0.453546
55 74 0 8 -0.453801
17 91 0 8 -0.454042
70 86 0 8 -0.454988
49 62 0 8 -0.455163
6 54 0 8 -0.456440
53 73 0 8 -0.456950
65 79 0 8 -0.457339
36 80 0 8 -0.457514
55 89 0 8 -0.457929
3 43 0 8 -0.457983
16 65 0 8 -0.458499
14 22 0 8 -0.459186
28 61 0 8 -0.459895
33 59 0 8 -0.460000
21 59 0 8 -0.460098
34 77 0 8 -0.460304
8 62 0 8 -0.460362
4 87 0 8 -0.461064
67 76 0 8 -0.461174
2 38 0 8 -0.461517
65 88 0 8 -0.462014
49 68 0 8 -0.462436
22 58 0 8 -0.462547
8 79 0 8 -0.462874
6 15 0 8 -0.463437
53 87 0 8 -0.464584
4 55 0 8 -0.465926
43 59 0 8 -0.467543
26 90 0 8 -0.467607
44 88 0 8 -0.468876
19 83 0 8 -0.469276
54 91 0 8 -0.469359
22 50 0 8 -0.469912
45 76 0 8 -0.470110
6 56 0 8 -0.470309
14 41 0 8 -0.470551
11 75 0 8 -0.470642
70 84 0 8 -0.470880
6 83 0 8 -0.470913
12 19 0 8 -0.471248
3 81 0 8 -0.471293
12 72 0 8 -0.471675
43 78 0 8 -0.472011
41 83 0 8 -0.472649
3 8 0 8 -0.472676
49 91 0 8 -0.472960
15 70 0 8 -0.473495
35 53 0 8 -0.473775
49 78 0 8 -0.474765
30 72 0 8 -0.475374
27 69 0 8 -0.475386
44 87 0 8 -0.475687
9 34 0 8 -0.475749
10 77 0 8 -0.475967
14 39 0 8 -0.477160
65 86 0 8 -0.477788
25 39 0 8 -0.479292
36 76 0 8 -0.479596
28 78 0 8 -0.480479
22 56 0 8 -0.481184
24 74 0 8 -0.481576
22 83 0 8 -0.481803
18 90 0 8 -0.482078
28 85 0 8 -0.482099
3 39 0 8 -0.483960
26 75 0 8 -0.484401
19 41 0 8 -0.486778
49 65 0 8 -0.487280
73 85 0 8 -0.490726
54 62 0 8 -0.492910
47 62 0 8 -0.492953
6 31 0 8 -0.493062
15 64 0 8 -0.493692
11 43 0 8 -0.494067
34 83 0 8 -0.494171
7 39 0 8 -0.494440
22 35 0 8 -0.495171
61 78 0 8 -0.495380
63 89 0 8 -0.495667
22 55 0 8 -0.495909
34 71 0 8 -0.496388
8 63 0 8 -0.496398
33 39 0 8 -0.496846
24 88 0 8 -0.497343
50 65 0 8 -0.497794
40 91 0 8 -0.497868
50 84 0 8 -0.498026
6 36 0 8 -0.498086
69 90 0 8 -0.499748
22 68 0 8 -0.500189
6 73 0 8 -0.500642
58 80 0 8 -0.500727
25 46 0 8 -0.501404
25 72 0 8 -0.501663
10 18 0 8 -0.501681
25 33 0 8 -0.501795
37 74 0 8 -0.501826
5 41 0 8 -0.504302
22 59 0 8 -0.504584
42 73 0 8 -0.504765
34 86 0 8 -0.504902
77 91 0 8 -0.506647
14 68 0 8 -0.506871
15 74 0 8 -0.507071
41 79 0 8 -0.507954
9 87 0 8 -0.508965
47 72 0 8 -0.509140
5 21 0 8 -0.509467
8 81 0 8 -0.510557
26 77 0 8 -0.510765
26 41 0 8 -0.510960
41 70 0 8 -0.511561
4 29 0 8 -0.511630
59 77 0 8 -0.511772
52 78 0 8 -0.511992
31 66 0 8 -0.512273
1 27 0 8 -0.513514
11 68 0 8 -0.515222
23 85 0 8 -0.515765
42 54 0 8 -0.516094
9 73 0 8 -0.516546
43 82 0 8 -0.517623
34 82 0 8 -0.518403
37 42 0 8 -0.518407
14 24 0 8 -0.518806
19 73 0 8 -0.519252
58 67 0 8 -0.519467
72 88 0 8 -0.519704
18 82 0 8 -0.520045
20 55 0 8 -0.520896
17 47 0 8 -0.521344
39 46 0 8 -0.522394
31 67 0 8 -0.522516
2 8 0 8 -0.523836
32 82 0 8 -0.523992
22 48 0 8 -0.524703
29 68 0 8 -0.524821
12 85 0 8 -0.524878
6 37 0 8 -0.525736
41 51 0 8 -0.525981
42 55 0 8 -0.526035
22 30 0 8 -0.526263
17 30 0 8 -0.526286
13 91 0 8 -0.526474
6 63 0 8 -0.526707
55 65 0 8 -0.527724
29 39 0 8 -0.527909
55 87 0 8 -0.528868
41 84 0 8 -0.529037
12 90 0 8 -0.529592
40 49 0 8 -0.529758
64 78 0 8 -0.530466
48 77 0 8 -0.530891
12 70 0 8 -0.531258
2 85 0 8 -0.533329
32 84 0 8 -0.533513
3 79 0 8 -0.533744
38 89 0 8 -0.535033
48 73 0 8 -0.535574
51 89 0 8 -0.536684
12 49 0 8 -0.537261
58 90 0 8 -0.537763
22 37 0 8 -0.537892
20 34 0 8 -0.537978
33 91 0 8 -0.538101
1 43 0 8 -0.538287
6 52 0 8 -0.540005
39 91 0 8 -0.540189
20 37 0 8 -0.542153
43 63 0 8 -0.542185
51 71 0 8 -0.542907
5 68 0 8 -0.543281
51 91 0 8 -0.543323
8 32 0 8 -0.544512
6 57 0 8 -0.545295
66 88 0 8 -0.545380
29 90 0 8 -0.546735
36 42 0 8 -0.547282
15 23 0 8 -0.547757
65 74 0 8 -0.548698
27 87 0 8 -0.548781
17 41 0 8 -0.548939
6 81 0 8 -0.549612
58 63 0 8 -0.550696
11 76 0 8 -0.550881
37 85 0 8 -0.550930
19 42 0 8 -0.551148
35 56 0 8 -0.551603
32 91 0 8 -0.551642
51 78 0 8 -0.552884
45 83 0 8 -0.554288
31 36 0 8 -0.555249
7 69 0 8 -0.555350
30 53 0 8 -0.555904
34 64 0 8 -0.557368
1 67 0 8 -0.557408
46 72 0 8 -0.558153
6 35 0 8 -0.559527
46 86 0 8 -0.560365
24 58 0 8 -0.561156
13 42 0 8 -0.561168
42 68 0 8 -0.561223
11 54 0 8 -0.561784
52 66 0 8 -0.563102
13 85 0 8 -0.563110
18 64 0 8 -0.564350
56 77 0 8 -0.565590
10 63 0 8 -0.566502
7 41 0 8 -0.566749
42 71 0 8 -0.566796
22 60 0 8 -0.567640
16 42 0 8 -0.567652
42 72 0 8 -0.568255
1 78 0 8 -0.569471
24 90 0 8 -0.569727
3 33 0 8 -0.570911
49 75 0 8 -0.571905
45 69 0 8 -0.571969
19 86 0 8 -0.573028
61 89 0 8 -0.573623
12 83 0 8 -0.574089
52 58 0 8 -0.574430
50 91 0 8 -0.575184
43 81 0 8 -0.575698
6 72 0 8 -0.576288
25 34 0 8 -0.577268
18 89 0 8 -0.579210
6 55 0 8 -0.579362
10 20 0 8 -0.579548
33 79 0 8 -0.579649
24 89 0 8 -0.579977
18 46 0 8 -0.581762
27 86 0 8 -0.581960
42 79 0 8 -0.583147
17 90 0 8 -0.583266
8 38 0 8 -0.583503
24 70 0 8 -0.583803
3 84 0 8 -0.584874
7 31 0 8 -0.585255
26 39 0 8 -0.585677
23 41 0 8 -0.585938
23 79 0 8 -0.586258
31 38 0 8 -0.586421
2 56 0 8 -0.586840
51 82 0 8 -0.587613
43 61 0 8 -0.588653
17 89 0 8 -0.589340
27 90 0 8 -0.590279
15 65 0 8 -0.590332
25 90 0 8 -0.590741
6 79 0 8 -0.591390
6 50 0 8 -0.591856
6 40 0 8 -0.592211
5 31 0 8 -0.592212
25 91 0 8 -0.592217
66 72 0 8 -0.592779
16 90 0 8 -0.594874
27 39 0 8 -0.595639
10 90 0 8 -0.596053
32 42 0 8 -0.596141
29 41 0 8 -0.597868
16 34 0 8 -0.598825
56 88 0 8 -0.599470
3 88 0 8 -0.600783
73 86 0 8 -0.601565
11 89 0 8 -0.602072
2 49 0 8 -0.602258
53 89 0 8 -0.602269
26 55 0 8 -0.602939
2 63 0 8 -0.603936
64 71 0 8 -0.605289
4 54 0 8 -0.605957
65 77 0 8 -0.606879
7 29 0 8 -0.607879
30 90 0 8 -0.609119
59 78 0 8 -0.609473
20 43 0 8 -0.611282
58 89 0 8 -0.611400
3 57 0 8 -0.611806
26 79 0 8 -0.612251
19 71 0 8 -0.612558
4 35 0 8 -0.612670
27 51 0 8 -0.613623
21 38 0 8 -0.615130
34 49 0 8 -0.615737
6 71 0 8 -0.616359
2 84 0 8 -0.616520
29 38 0 8 -0.616893
48 80 0 8 -0.617039
48 86 0 8 -0.619063
4 44 0 8 -0.619299
79 87 0 8 -0.620474
1 62 0 8 -0.621283
10 16 0 8 -0.623372
22 69 0 8 -0.625080
43 87 0 8 -0.625503
15 42 0 8 -0.626593
65 90 0 8 -0.626720
64 75 0 8 -0.627624
42 61 0 8 -0.628008
22 77 0 8 -0.628500
5 86 0 8 -0.628557
34 81 0 8 -0.628781
12 38 0 8 -0.629104
9 71 0 8 -0.629480
37 90 0 8 -0.629757
15 60 0 8 -0.630752
22 47 0 8 -0.630970
41 73 0 8 -0.631431
5 42 0 8 -0.632102
33 85 0 8 -0.632448
7 80 0 8 -0.634193
18 29 0 8 -0.634375
28 90 0 8 -0.634410
47 71 0 8 -0.634949
8 45 0 8 -0.636061
36 68 0 8 -0.637450
10 22 0 8 -0.638105
33 90 0 8 -0.638868
2 9 0 8 -0.639724
5 76 0 8 -0.640148
20 68 0 8 -0.640553
39 76 0 8 -0.640667
4 49 0 8 -0.640868
17 58 0 8 -0.641046
39 47 0 8 -0.642112
55 90 0 8 -0.642612
43 86 0 8 -0.643659
9 27 0 8 -0.644384
52 77 0 8 -0.645215
13 76 0 8 -0.645689
12 52 0 8 -0.646047
17 80 0 8 -0.647196
30 75 0 8 -0.647528
23 37 0 8 -0.649866
30 78 0 8 -0.650670
40 90 0 8 -0.650700
8 72 0 8 -0.651222
30 42 0 8 -0.651950
64 88 0 8 -0.652319
59 90 0 8 -0.652381
3 68 0 8 -0.652489
44 82 0 8 -0.652503
12 51 0 8 -0.653370
64 69 0 8 -0.653916
28 41 0 8 -0.653942
46 77 0 8 -0.654709
68 89 0 8 -0.654914
21 34 0 8 -0.655044
51 88 0 8 -0.655163
29 84 0 8 -0.656120
8 29 0 8 -0.656445
37 78 0 8 -0.656446
22 74 0 8 -0.656977
19 87 0 8 -0.657749
36 41 0 8 -0.658334
43 64 0 8 -0.658945
13 34 0 8 -0.659289
47 84 0 8 -0.659391
62 88 0 8 -0.660069
12 33 0 8 -0.660149
42 74 0 8 -0.660242
4 60 0 8 -0.660833
8 18 0 8 -0.660945
15 30 0 8 -0.662348
30 70 0 8 -0.662492
24 47 0 8 -0.662612
7 54 0 8 -0.662867
73 90 0 8 -0.662945
73 81 0 8 -0.663561
62 84 0 8 -0.664757
45 88 0 8 -0.665228
26 67 0 8 -0.665497
4 51 0 8 -0.667052
42 69 0 8 -0.667225
24 86 0 8 -0.667313
45 74 0 8 -0.667469
30 50 0 8 -0.667842
19 90 0 8 -0.668088
3 87 0 8 -0.668732
6 74 0 8 -0.669575
18 42 0 8 -0.669747
19 29 0 8 -0.670663
22 32 0 8 -0.671347
25 38 0 8 -0.671783
13 40 0 8 -0.672257
45 58 0 8 -0.672875
49 82 0 8 -0.674157
31 48 0 8 -0.677047
36 86 0 8 -0.677212
20 71 0 8 -0.677227
15 67 0 8 -0.677647
31 90 0 8 -0.678026
24 53 0 8 -0.678735
63 76 0 8 -0.679550
35 72 0 8 -0.679847
63 84 0 8 -0.679881
12 75 0 8 -0.680476
56 67 0 8 -0.685861
49 57 0 8 -0.686706
19 54 0 8 -0.687783
13 63 0 8 -0.688068
2 57 0 8 -0.688204
7 38 0 8 -0.688897
24 59 0 8 -0.689560
40 67 0 8 -0.689596
1 57 0 8 -0.690458
26 49 0 8 -0.690570
57 89 0 8 -0.691073
40 85 0 8 -0.692683
25 42 0 8 -0.692712
17 69 0 8 -0.693717
60 86 0 8 -0.694338
28 55 0 8 -0.695503
32 60 0 8 -0.695567
40 78 0 8 -0.698616
1 61 0 8 -0.698981
2 44 0 8 -0.699020
41 68 0 8 -0.700204
2 71 0 8 -0.700239
17 27 0 8 -0.701076
14 46 0 8 -0.701587
41 55 0 8 -0.701928
21 73 0 8 -0.701936
21 62 0 8 -0.702015
8 59 0 8 -0.703039
57 87 0 8 -0.703093
4 47 0 8 -0.704909
34 75 0 8 -0.706991
1 71 0 8 -0.707374
12 43 0 8 -0.708552
61 77 0 8 -0.708934
29 46 0 8 -0.709460
8 65 0 8 -0.710302
15 90 0 8 -0.710317
55 73 0 8 -0.710655
8 51 0 8 -0.710908
11 34 0 8 -0.711053
67 72 0 8 -0.711168
17 74 0 8 -0.712359
28 57 0 8 -0.712465
47 64 0 8 -0.712821
1 47 0 8 -0.713887
55 66 0 8 -0.714793
5 22 0 8 -0.715274
71 87 0 8 -0.715350
27 85 0 8 -0.716419
73 89 0 8 -0.716800
5 61 0 8 -0.716939
61 72 0 8 -0.717415
60 70 0 8 -0.717922
41 63 0 8 -0.718697
56 76 0 8 -0.721554
55 84 0 8 -0.722173
24 45 0 8 -0.723893
23 90 0 8 -0.724324
13 46 0 8 -0.725959
39 81 0 8 -0.726793
15 28 0 8 -0.727760
2 86 0 8 -0.728451
10 89 0 8 -0.730452
3 38 0 8 -0.730495
54 88 0 8 -0.730520
5 26 0 8 -0.731501
34 61 0 8 -0.731870
13 67 0 8 -0.732093
19 88 0 8 -0.732874
41 48 0 8 -0.733483
24 55 0 8 -0.733911
13 90 0 8 -0.735195
61 83 0 8 -0.735495
10 28 0 8 -0.735558
16 61 0 8 -0.735819
42 57 0 8 -0.736178
8 16 0 8 -0.736478
40 89 0 8 -0.736547
18 41 0 8 -0.736598
54 90 0 8 -0.736688
3 28 0 8 -0.736702
45 51 0 8 -0.737342
41 81 0 8 -0.737792
16 85 0 8 -0.737908
37 49 0 8 -0.739054
2 45 0 8 -0.740143
63 81 0 8 -0.742174
50 66 0 8 -0.742190
21 51 0 8 -0.743378
9 16 0 8 -0.743857
16 39 0 8 -0.744075
26 56 0 8 -0.744799
12 30 0 8 -0.745270
4 72 0 8 -0.746005
1 11 0 8 -0.746293
3 72 0 8 -0.746913
25 73 0 8 -0.747452
31 88 0 8 -0.747666
16 86 0 8 -0.747858
23 87 0 8 -0.747908
26 46 0 8 -0.748170
34 84 0 8 -0.748753
3 44 0 8 -0.748854
9 21 0 8 -0.749271
41 50 0 8 -0.749832
16 24 0 8 -0.750288
37 79 0 8 -0.751331
39 85 0 8 -0.752543
20 66 0 8 -0.753415
23 89 0 8 -0.754170
25 60 0 8 -0.755114
26 48 0 8 -0.755207
28 86 0 8 -0.756066
28 34 0 8 -0.756875
42 63 0 8 -0.757280
2 61 0 8 -0.757348
36 71 0 8 -0.758119
3 74 0 8 -0.758374
1 58 0 8 -0.758923
29 47 0 8 -0.759066
51 87 0 8 -0.759271
29 83 0 8 -0.760632
1 31 0 8 -0.762866
15 21 0 8 -0.763512
4 19 0 8 -0.764050
12 74 0 8 -0.768163
41 53 0 8 -0.768521
13 53 0 8 -0.768839
41 72 0 8 -0.769309
20 28 0 8 -0.771647
78 84 0 8 -0.772692
57 90 0 8 -0.772719
13 73 0 8 -0.773679
38 44 0 8 -0.773734
5 89 0 8 -0.773837
7 87 0 8 -0.776653
26 88 0 8 -0.776729
32 88 0 8 -0.777562
39 66 0 8 -0.777750
29 45 0 8 -0.778319
30 88 0 8 -0.778601
38 57 0 8 -0.778922
39 57 0 8 -0.780004
39 88 0 8 -0.780620
2 52 0 8 -0.781821
33 38 0 8 -0.782170
48 82 0 8 -0.783313
32 86 0 8 -0.783781
7 65 0 8 -0.785065
46 71 0 8 -0.786392
14 79 0 8 -0.786982
23 36 0 8 -0.787761
33 84 0 8 -0.787769
20 29 0 8 -0.788846
8 77 0 8 -0.789420
13 79 0 8 -0.791996
43 85 0 8 -0.792698
57 69 0 8 -0.792760
3 48 0 8 -0.792933
57 78 0 8 -0.793023
24 38 0 8 -0.794485
56 83 0 8 -0.794626
24 31 0 8 -0.794881
76 88 0 8 -0.795551
55 77 0 8 -0.795760
14 78 0 8 -0.796185
41 77 0 8 -0.798036
19 59 0 8 -0.798986
24 84 0 8 -0.799562
17 59 0 8 -0.800252
38 88 0 8 -0.800438
7 78 0 8 -0.803586
5 84 0 8 -0.804250
32 41 0 8 -0.807312
5 73 0 8 -0.807604
49 81 0 8 -0.810437
4 82 0 8 -0.811110
1 66 0 8 -0.811427
5 82 0 8 -0.811570
27 68 0 8 -0.813081
10 60 0 8 -0.813919
31 46 0 8 -0.814790
40 79 0 8 -0.814796
10 85 0 8 -0.815111
8 36 0 8 -0.815149
9 46 0 8 -0.815805
9 84 0 8 -0.815999
12 20 0 8 -0.817076
23 53 0 8 -0.817380
39 61 0 8 -0.818538
61 86 0 8 -0.819263
12 35 0 8 -0.820073
37 84 0 8 -0.823355
50 88 0 8 -0.825195
12 89 0 8 -0.825202
62 82 0 8 -0.826479
10 75 0 8 -0.826794
18 88 0 8 -0.827061
8 33 0 8 -0.827784
34 74 0 8 -0.828097
4 33 0 8 -0.828763
51 64 0 8 -0.829447
37 76 0 8 -0.830198
4 62 0 8 -0.830864
31 64 0 8 -0.831210
65 71 0 8 -0.831319
39 90 0 8 -0.832146
58 64 0 8 -0.832382
40 54 0 8 -0.832434
32 49 0 8 -0.832892
19 63 0 8 -0.833680
32 62 0 8 -0.835207
2 78 0 8 -0.838244
20 40 0 8 -0.841401
31 40 0 8 -0.841467
48 89 0 8 -0.841903
55 68 0 8 -0.842178
47 54 0 8 -0.842295
45 70 0 8 -0.843288
9 20 0 8 -0.843487
13 68 0 8 -0.844837
39 56 0 8 -0.845129
23 65 0 8 -0.846785
4 77 0 8 -0.846862
59 76 0 8 -0.847598
1 10 0 8 -0.847987
20 58 0 8 -0.848588
24 61 0 8 -0.849852
28 59 0 8 -0.850239
38 82 0 8 -0.851354
34 62 0 8 -0.852118
28 56 0 8 -0.853294
14 43 0 8 -0.854560
25 79 0 8 -0.856227
13 88 0 8 -0.856795
23 45 0 8 -0.858104
1 26 0 8 -0.858925
31 81 0 8 -0.859572
3 45 0 8 -0.862358
13 31 0 8 -0.862510
55 64 0 8 -0.863334
21 88 0 8 -0.864668
7 76 0 8 -0.864877
33 73 0 8 -0.866318
45 67 0 8 -0.866403
68 85 0 8 -0.866711
2 17 0 8 -0.868010
33 88 0 8 -0.868241
7 37 0 8 -0.869963
38 65 0 8 -0.871995
15 34 0 8 -0.872286
14 85 0 8 -0.872324
30 67 0 8 -0.872752
24 48 0 8 -0.873013
16 54 0 8 -0.876761
8 71 0 8 -0.877449
66 77 0 8 -0.878297
40 87 0 8 -0.879229
5 57 0 8 -0.882545
17 83 0 8 -0.884070
21 64 0 8 -0.884879
1 60 0 8 -0.885618
57 64 0 8 -0.885664
25 89 0 8 -0.885935
53 64 0 8 -0.886471
67 80 0 8 -0.889230
56 75 0 8 -0.889567
13 47 0 8 -0.890828
19 65 0 8 -0.890878
14 40 0 8 -0.892213
68 77 0 8 -0.892492
17 87 0 8 -0.893324
25 62 0 8 -0.893408
1 44 0 8 -0.893774
34 80 0 8 -0.893801
41 74 0 8 -0.893842
10 70 0 8 -0.895536
23 29 0 8 -0.895580
45 54 0 8 -0.897037
1 52 0 8 -0.897908
43 62 0 8 -0.900785
30 45 0 8 -0.902169
12 27 0 8 -0.902690
43 76 0 8 -0.903179
18 45 0 8 -0.905458
38 69 0 8 -0.905622
75 88 0 8 -0.906827
18 71 0 8 -0.909167
27 67 0 8 -0.910664
9 33 0 8 -0.912996
14 82 0 8 -0.913592
27 45 0 8 -0.914855
26 65 0 8 -0.915212
2 80 0 8 -0.915317
30 41 0 8 -0.916529
3 73 0 8 -0.916796
25 49 0 8 -0.917079
3 21 0 8 -0.918250
9 52 0 8 -0.918268
45 85 0 8 -0.918891
13 77 0 8 -0.919337
26 85 0 8 -0.921197
33 53 0 8 -0.921875
18 54 0 8 -0.922236
27 88 0 8 -0.922393
34 50 0 8 -0.922629
37 67 0 8 -0.923552
14 28 0 8 -0.924013
76 83 0 8 -0.925102
13 43 0 8 -0.925110
8 58 0 8 -0.926052
37 83 0 8 -0.927486
9 63 0 8 -0.928486
32 57 0 8 -0.928912
39 59 0 8 -0.929590
49 63 0 8 -0.929687
68 88 0 8 -0.933096
28 74 0 8 -0.933510
70 83 0 8 -0.933518
43 48 0 8 -0.934607
12 37 0 8 -0.937033
14 76 0 8 -0.937703
47 69 0 8 -0.938016
32 72 0 8 -0.938375
50 75 0 8 -0.938788
15 55 0 8 -0.941779
30 35 0 8 -0.941881
71 86 0 8 -0.946810
23 58 0 8 -0.947087
40 88 0 8 -0.947095
5 27 0 8 -0.947208
71 88 0 8 -0.947335
19 56 0 8 -0.949072
8 31 0 8 -0.949478
54 82 0 8 -0.949550
10 82 0 8 -0.950025
23 78 0 8 -0.952064
14 89 0 8 -0.952221
4 32 0 8 -0.952830
7 63 0 8 -0.954470
51 84 0 8 -0.957143
45 59 0 8 -0.959652
25 43 0 8 -0.962887
14 57 0 8 -0.963573
35 76 0 8 -0.967442
49 87 0 8 -0.968483
14 37 0 8 -0.968667
3 40 0 8 -0.970651
70 81 0 8 -0.971194
19 67 0 8 -0.971615
15 25 0 8 -0.972029
64 79 0 8 -0.976287
25 81 0 8 -0.976306
37 59 0 8 -0.978785
5 29 0 8 -0.979846
32 85 0 8 -0.981406
46 70 0 8 -0.981727
5 53 0 8 -0.981799
47 83 0 8 -0.982574
50 61 0 8 -0.983301
31 85 0 8 -0.983466
54 67 0 8 -0.984416
45 52 0 8 -0.986267
16 68 0 8 -0.987118
10 45 0 8 -0.989869
21 80 0 8 -0.989906
14 34 0 8 -0.989957
8 75 0 8 -0.990026
10 25 0 8 -0.990202
52 64 0 8 -0.990396
59 72 0 8 -0.991434
3 78 0 8 -0.992396
8 73 0 8 -0.992510
5 80 0 8 -0.993088
26 63 0 8 -0.993730
37 81 0 8 -0.994996
43 54 0 8 -0.996592
1 75 0 8 -0.997024
28 46 0 8 -0.998515
8 70 0 8 -0.999435
16 62 0 8 -1.000342
20 62 0 8 -1.003170
34 76 0 8 -1.004376
38 63 0 8 -1.004378
17 64 0 8 -1.004919
26 86 0 8 -1.005147
38 45 0 8 -1.005666
23 57 0 8 -1.005722
44 54 0 8 -1.006549
11 71 0 8 -1.007105
14 54 0 8 -1.007728
38 56 0 8 -1.008216
61 73 0 8 -1.008476
34 72 0 8 -1.008498
49 88 0 8 -1.009990
70 85 0 8 -1.011283
8 57 0 8 -1.011561
5 85 0 8 -1.011783
46 78 0 8 -1.013826
40 61 0 8 -1.014020
9 43 0 8 -1.014185
47 56 0 8 -1.015831
30 58 0 8 -1.016806
34 60 0 8 -1.018689
26 60 0 8 -1.018992
59 87 0 8 -1.019088
7 46 0 8 -1.019376
2 21 0 8 -1.020993
48 75 0 8 -1.021380
8 56 0 8 -1.022221
5 64 0 8 -1.022692
4 63 0 8 -1.022760
8 28 0 8 -1.023799
38 75 0 8 -1.026189
33 49 0 8 -1.026551
30 47 0 8 -1.026763
13 23 0 8 -1.027405
24 82 0 8 -1.030300
3 17 0 8 -1.031800
53 85 0 8 -1.034724
43 69 0 8 -1.035877
40 84 0 8 -1.036014
50 78 0 8 -1.037284
33 58 0 8 -1.037481
32 70 0 8 -1.039040
5 35 0 8 -1.039988
23 34 0 8 -1.040165
27 84 0 8 -1.040263
36 87 0 8 -1.042480
38 74 0 8 -1.042715
59 81 0 8 -1.043280
10 57 0 8 -1.044886
14 50 0 8 -1.045661
59 88 0 8 -1.046974
64 81 0 8 -1.047258
3 77 0 8 -1.047596
12 57 0 8 -1.047962
34 79 0 8 -1.050314
24 60 0 8 -1.050320
33 50 0 8 -1.052179
11 56 0 8 -1.055320
43 79 0 8 -1.056871
17 75 0 8 -1.057980
10 49 0 8 -1.059596
17 77 0 8 -1.060748
29 57 0 8 -1.061044
55 83 0 8 -1.062070
19 35 0 8 -1.063642
76 82 0 8 -1.063687
40 81 0 8 -1.064568
24 64 0 8 -1.065930
20 78 0 8 -1.067560
64 72 0 8 -1.068073
59 73 0 8 -1.070121
40 75 0 8 -1.070495
39 54 0 8 -1.070668
36 53 0 8 -1.073045
56 86 0 8 -1.073240
38 66 0 8 -1.073496
20 27 0 8 -1.073825
45 66 0 8 -1.073877
52 57 0 8 -1.074007
44 84 0 8 -1.074544
5 40 0 8 -1.075326
24 33 0 8 -1.075603
20 38 0 8 -1.077627
13 25 0 8 -1.078236
36 84 0 8 -1.078449
36 77 0 8 -1.078567
2 26 0 8 -1.080076
10 37 0 8 -1.080730
17 73 0 8 -1.080841
11 72 0 8 -1.080864
24 72 0 8 -1.083202
3 82 0 8 -1.083329
51 66 0 8 -1.085522
18 38 0 8 -1.088066
19 25 0 8 -1.088400
20 67 0 8 -1.088942
62 67 0 8 -1.090508
63 71 0 8 -1.092800
11 25 0 8 -1.095479
30 87 0 8 -1.097817
19 24 0 8 -1.098002
52 62 0 8 -1.098190
18 48 0 8 -1.098374
56 70 0 8 -1.098513
34 47 0 8 -1.098704
46 65 0 8 -1.098796
59 69 0 8 -1.101275
51 83 0 8 -1.101807
69 87 0 8 -1.102377
15 86 0 8 -1.103634
40 64 0 8 -1.104206
26 73 0 8 -1.105456
14 49 0 8 -1.105854
20 59 0 8 -1.106622
38 50 0 8 -1.107870
62 86 0 8 -1.108468
34 57 0 8 -1.108918
31 83 0 8 -1.109000
52 81 0 8 -1.111256
36 69 0 8 -1.111634
44 86 0 8 -1.112303
4 48 0 8 -1.114586
10 38 0 8 -1.115410
39 68 0 8 -1.116811
11 37 0 8 -1.117028
46 57 0 8 -1.117489
3 69 0 8 -1.120038
16 58 0 8 -1.120126
21 75 0 8 -1.120155
9 37 0 8 -1.121624
46 79 0 8 -1.122233
32 76 0 8 -1.122751
11 79 0 8 -1.123787
53 60 0 8 -1.124171
27 57 0 8 -1.124512
11 73 0 8 -1.127189
31 59 0 8 -1.131702
38 86 0 8 -1.132450
4 30 0 8 -1.135899
66 86 0 8 -1.136657
18 83 0 8 -1.138008
44 74 0 8 -1.138435
15 62 0 8 -1.138662
16 21 0 8 -1.138672
20 64 0 8 -1.139190
24 57 0 8 -1.140058
66 82 0 8 -1.141350
21 78 0 8 -1.141510
27 78 0 8 -1.143425
40 70 0 8 -1.144879
31 73 0 8 -1.145030
56 82 0 8 -1.146412
16 28 0 8 -1.146422
2 37 0 8 -1.146481
10 64 0 8 -1.147900
11 60 0 8 -1.149458
7 70 0 8 -1.150747
49 77 0 8 -1.152210
44 83 0 8 -1.155529
17 55 0 8 -1.155915
64 82 0 8 -1.156850
37 82 0 8 -1.161469
16 50 0 8 -1.164803
19 62 0 8 -1.165124
9 51 0 8 -1.167077
58 72 0 8 -1.167485
54 63 0 8 -1.168920
18 77 0 8 -1.169347
45 84 0 8 -1.170495
40 83 0 8 -1.171121
47 73 0 8 -1.174176
62 68 0 8 -1.174818
33 51 0 8 -1.175036
30 83 0 8 -1.179329
16 40 0 8 -1.181231
46 83 0 8 -1.181464
66 71 0 8 -1.182379
4 50 0 8 -1.184560
14 58 0 8 -1.186855
38 55 0 8 -1.187449
67 75 0 8 -1.187802
7 48 0 8 -1.187966
23 81 0 8 -1.189302
14 72 0 8 -1.191193
3 53 0 8 -1.191234
51 61 0 8 -1.191575
11 46 0 8 -1.191635
23 67 0 8 -1.193316
24 65 0 8 -1.194330
19 48 0 8 -1.195890
2 31 0 8 -1.198338
13 86 0 8 -1.198546
39 80 0 8 -1.200188
12 45 0 8 -1.201303
18 80 0 8 -1.201312
53 58 0 8 -1.204157
51 70 0 8 -1.205037
14 87 0 8 -1.206018
70 78 0 8 -1.206239
1 74 0 8 -1.206730
37 68 0 8 -1.207039
11 18 0 8 -1.207218
26 64 0 8 -1.209229
20 76 0 8 -1.209351
4 76 0 8 -1.209352
3 83 0 8 -1.209638
35 73 0 8 -1.210563
59 75 0 8 -1.210695
12 44 0 8 -1.211038
21 30 0 8 -1.211123
37 51 0 8 -1.214960
8 26 0 8 -1.215085
18 70 0 8 -1.215262
12 62 0 8 -1.216264
10 59 0 8 -1.216267
23 56 0 8 -1.216392
31 71 0 8 -1.216406
11 82 0 8 -1.216775
63 75 0 8 -1.219811
52 72 0 8 -1.221269
13 82 0 8 -1.221665
43 70 0 8 -1.222950
60 65 0 8 -1.223574
3 62 0 8 -1.224487
35 57 0 8 -1.226954
35 58 0 8 -1.227268
18 72 0 8 -1.227677
26 84 0 8 -1.228118
36 61 0 8 -1.233565
50 81 0 8 -1.233586
48 84 0 8 -1.233724
7 73 0 8 -1.234777
47 68 0 8 -1.236141
25 86 0 8 -1.236410
14 60 0 8 -1.237634
65 84 0 8 -1.238228
14 23 0 8 -1.238341
30 43 0 8 -1.238748
8 40 0 8 -1.239752
12 25 0 8 -1.241842
2 15 0 8 -1.242133
8 30 0 8 -1.245364
50 64 0 8 -1.246150
39 70 0 8 -1.246269
4 67 0 8 -1.250149
60 76 0 8 -1.251144
32 43 0 8 -1.252945
30 84 0 8 -1.253736
40 71 0 8 -1.254628
2 73 0 8 -1.254692
26 69 0 8 -1.256019
5 36 0 8 -1.258829
43 75 0 8 -1.262056
26 70 0 8 -1.262061
5 75 0 8 -1.263596
9 83 0 8 -1.266962
55 79 0 8 -1.271018
43 67 0 8 -1.272881
45 65 0 8 -1.273028
27 76 0 8 -1.274233
68 83 0 8 -1.276377
21 63 0 8 -1.276635
21 71 0 8 -1.276854
20 73 0 8 -1.278085
53 70 0 8 -1.280123
10 50 0 8 -1.280239
38 72 0 8 -1.280910
44 69 0 8 -1.281667
55 75 0 8 -1.282086
46 76 0 8 -1.282257
69 83 0 8 -1.284264
44 59 0 8 -1.285103
25 52 0 8 -1.285715
5 78 0 8 -1.285949
51 79 0 8 -1.286706
30 86 0 8 -1.289393
15 63 0 8 -1.293640
47 81 0 8 -1.293917
20 46 0 8 -1.295662
31 44 0 8 -1.295897
9 74 0 8 -1.298604
8 48 0 8 -1.299321
25 78 0 8 -1.301106
9 75 0 8 -1.301588
28 72 0 8 -1.304141
63 83 0 8 -1.304808
59 66 0 8 -1.304827
37 71 0 8 -1.306617
25 77 0 8 -1.308029
58 85 0 8 -1.310478
11 67 0 8 -1.317143
40 69 0 8 -1.317667
54 85 0 8 -1.318554
38 83 0 8 -1.319631
37 72 0 8 -1.320967
33 63 0 8 -1.321816
38 54 0 8 -1.322234
12 69 0 8 -1.324708
35 79 0 8 -1.327414
30 60 0 8 -1.327620
25 50 0 8 -1.328715
11 80 0 8 -1.329413
27 55 0 8 -1.330531
18 67 0 8 -1.332029
5 44 0 8 -1.332541
4 31 0 8 -1.332577
30 68 0 8 -1.337737
48 54 0 8 -1.339440
3 47 0 8 -1.339722
28 62 0 8 -1.339816
31 60 0 8 -1.341614
45 68 0 8 -1.344011
18 44 0 8 -1.344214
7 72 0 8 -1.350390
18 43 0 8 -1.350573
43 83 0 8 -1.350858
43 65 0 8 -1.353260
39 75 0 8 -1.355224
5 62 0 8 -1.355294
39 77 0 8 -1.355658
15 24 0 8 -1.357039
44 58 0 8 -1.358713
36 59 0 8 -1.359380
35 71 0 8 -1.362708
70 79 0 8 -1.363261
19 69 0 8 -1.364420
43 73 0 8 -1.364888
58 74 0 8 -1.366538
32 69 0 8 -1.368607
48 66 0 8 -1.369803
31 45 0 8 -1.371628
16 27 0 8 -1.373085
52 75 0 8 -1.374276
38 53 0 8 -1.374835
9 32 0 8 -1.376950
65 72 0 8 -1.378918
2 69 0 8 -1.380101
28 51 0 8 -1.381841
11 77 0 8 -1.387261
27 53 0 8 -1.389365
7 61 0 8 -1.391749
26 45 0 8 -1.395164
5 34 0 8 -1.395186
40 86 0 8 -1.395900
8 39 0 8 -1.396589
17 60 0 8 -1.399225
44 63 0 8 -1.399282
28 40 0 8 -1.400954
15 83 0 8 -1.401095
3 52 0 8 -1.402842
19 52 0 8 -1.403124
69 78 0 8 -1.403164
14 83 0 8 -1.404948
2 46 0 8 -1.405009
11 21 0 8 -1.405489
13 27 0 8 -1.407526
5 23 0 8 -1.411364
4 69 0 8 -1.413308
68 86 0 8 -1.413727
20 33 0 8 -1.415601
13 61 0 8 -1.417230
4 59 0 8 -1.418631
17 79 0 8 -1.419210
56 80 0 8 -1.420291
30 59 0 8 -1.420820
25 35 0 8 -1.421522
4 53 0 8 -1.422727
5 77 0 8 -1.422897
15 33 0 8 -1.424865
4 26 0 8 -1.425470
47 86 0 8 -1.427353
9 28 0 8 -1.429910
11 30 0 8 -1.432256
43 84 0 8 -1.433126
59 84 0 8 -1.435121
66 80 0 8 -1.437914
13 37 0 8 -1.438548
32 58 0 8 -1.439073
3 11 0 8 -1.439236
24 32 0 8 -1.441279
58 73 0 8 -1.442268
32 74 0 8 -1.442659
15 68 0 8 -1.443209
20 60 0 8 -1.448756
47 53 0 8 -1.449285
11 29 0 8 -1.450843
50 59 0 8 -1.451856
21 44 0 8 -1.452944
10 78 0 8 -1.455648
45 81 0 8 -1.455938
19 70 0 8 -1.456283
4 21 0 8 -1.457067
40 66 0 8 -1.459888
15 81 0 8 -1.462523
16 75 0 8 -1.468870
43 74 0 8 -1.469110
38 48 0 8 -1.472167
62 80 0 8 -1.472999
23 76 0 8 -1.476116
29 66 0 8 -1.476683
63 68 0 8 -1.477365
52 61 0 8 -1.481544
9 53 0 8 -1.483806
46 62 0 8 -1.488190
14 56 0 8 -1.488547
11 28 0 8 -1.496359
18 25 0 8 -1.497030
10 76 0 8 -1.498187
9 48 0 8 -1.499059
52 76 0 8 -1.504975
24 71 0 8 -1.508684
11 24 0 8 -1.513322
47 75 0 8 -1.514979
4 79 0 8 -1.516707
35 62 0 8 -1.520970
23 43 0 8 -1.521308
25 80 0 8 -1.522976
23 47 0 8 -1.524471
5 47 0 8 -1.527026
19 74 0 8 -1.528639
67 74 0 8 -1.530755
53 78 0 8 -1.532579
50 70 0 8 -1.537864
18 52 0 8 -1.538031
26 78 0 8 -1.538837
66 75 0 8 -1.540850
14 63 0 8 -1.540905
3 31 0 8 -1.541257
29 82 0 8 -1.542042
8 68 0 8 -1.543474
52 79 0 8 -1.543566
52 59 0 8 -1.544054
36 70 0 8 -1.545571
2 48 0 8 -1.551304
15 82 0 8 -1.551459
14 62 0 8 -1.554637
27 83 0 8 -1.555630
54 61 0 8 -1.559058
28 70 0 8 -1.562003
19 28 0 8 -1.562121
17 29 0 8 -1.566674
7 52 0 8 -1.567438
52 80 0 8 -1.570534
4 58 0 8 -1.571652
5 56 0 8 -1.572214
21 52 0 8 -1.574643
16 72 0 8 -1.575556
28 52 0 8 -1.575668
15 27 0 8 -1.578205
26 53 0 8 -1.579163
45 71 0 8 -1.582910
9 47 0 8 -1.584429
25 65 0 8 -1.584605
39 82 0 8 -1.586658
55 62 0 8 -1.587081
49 74 0 8 -1.587105
45 50 0 8 -1.587817
35 50 0 8 -1.588050
32 45 0 8 -1.588268
2 33 0 8 -1.588556
17 48 0 8 -1.589196
10 36 0 8 -1.594944
50 62 0 8 -1.598213
20 53 0 8 -1.598940
12 64 0 8 -1.599069
13 58 0 8 -1.600647
21 37 0 8 -1.611791
10 71 0 8 -1.613241
18 76 0 8 -1.614757
57 82 0 8 -1.615311
58 75 0 8 -1.620812
23 52 0 8 -1.621876
36 75 0 8 -1.621910
36 52 0 8 -1.621950
5 52 0 8 -1.623739
31 47 0 8 -1.626747
44 57 0 8 -1.627095
40 53 0 8 -1.627669
11 36 0 8 -1.628298
37 80 0 8 -1.631940
29 69 0 8 -1.632383
7 84 0 8 -1.634282
26 61 0 8 -1.635574
28 35 0 8 -1.636205
44 49 0 8 -1.636897
3 25 0 8 -1.639860
35 64 0 8 -1.643391
50 73 0 8 -1.647037
11 62 0 8 -1.647255
2 81 0 8 -1.649031
17 78 0 8 -1.650856
47 74 0 8 -1.651317
9 70 0 8 -1.657666
14 73 0 8 -1.662067
45 80 0 8 -1.663195
5 39 0 8 -1.664630
11 83 0 8 -1.664639
23 30 0 8 -1.664659
44 76 0 8 -1.669810
16 33 0 8 -1.675476
24 80 0 8 -1.676404
26 54 0 8 -1.677091
43 80 0 8 -1.680759
12 46 0 8 -1.683903
70 82 0 8 -1.684583
23 82 0 8 -1.685051
45 55 0 8 -1.687757
20 77 0 8 -1.688802
7 71 0 8 -1.690953
71 84 0 8 -1.691316
39 49 0 8 -1.693273
13 78 0 8 -1.694672
13 52 0 8 -1.698947
25 67 0 8 -1.699231
43 52 0 8 -1.699789
15 26 0 8 -1.700669
16 44 0 8 -1.700878
40 57 0 8 -1.703913
23 72 0 8 -1.705545
17 85 0 8 -1.707519
11 31 0 8 -1.713645
31 50 0 8 -1.714526
7 30 0 8 -1.715102
18 33 0 8 -1.720015
43 71 0 8 -1.722545
66 78 0 8 -1.726238
31 74 0 8 -1.728274
12 23 0 8 -1.733727
27 61 0 8 -1.736467
32 47 0 8 -1.736601
21 56 0 8 -1.737876
13 80 0 8 -1.740164
26 35 0 8 -1.741625
15 32 0 8 -1.744599
35 75 0 8 -1.745191
30 57 0 8 -1.745882
17 81 0 8 -1.747357
14 48 0 8 -1.747730
16 66 0 8 -1.750736
20 74 0 8 -1.751850
13 59 0 8 -1.753538
5 12 0 8 -1.755094
7 21 0 8 -1.757120
19 49 0 8 -1.757669
20 79 0 8 -1.757838
10 54 0 8 -1.759629
16 47 0 8 -1.760172
27 59 0 8 -1.760771
16 23 0 8 -1.764244
11 59 0 8 -1.764855
17 61 0 8 -1.766212
29 61 0 8 -1.766848
52 60 0 8 -1.767837
26 52 0 8 -1.771750
23 55 0 8 -1.774183
7 60 0 8 -1.775976
11 55 0 8 -1.776775
29 48 0 8 -1.776836
11 40 0 8 -1.778414
24 54 0 8 -1.778885
14 27 0 8 -1.780859
59 82 0 8 -1.784487
7 56 0 8 -1.794215
18 65 0 8 -1.799463
18 81 0 8 -1.800418
36 74 0 8 -1.804865
56 74 0 8 -1.804972
10 80 0 8 -1.807739
4 81 0 8 -1.809137
11 35 0 8 -1.810331
27 79 0 8 -1.811123
10 33 0 8 -1.812216
12 61 0 8 -1.814569
49 72 0 8 -1.816499
11 32 0 8 -1.818271
14 51 0 8 -1.822801
33 66 0 8 -1.829463
60 79 0 8 -1.829733
17 40 0 8 -1.833432
15 75 0 8 -1.834484
36 62 0 8 -1.841239
17 67 0 8 -1.842279
44 79 0 8 -1.843052
63 82 0 8 -1.843995
54 83 0 8 -1.844433
12 31 0 8 -1.845284
68 84 0 8 -1.847355
29 53 0 8 -1.852311
27 36 0 8 -1.852389
20 44 0 8 -1.855777
32 55 0 8 -1.859522
53 61 0 8 -1.863739
57 81 0 8 -1.864256
11 58 0 8 -1.865480
14 84 0 8 -1.870892
29 77 0 8 -1.871801
40 76 0 8 -1.872497
30 85 0 8 -1.872535
26 80 0 8 -1.880718
18 56 0 8 -1.881676
45 82 0 8 -1.881898
17 62 0 8 -1.882139
15 54 0 8 -1.883762
10 73 0 8 -1.885535
25 83 0 8 -1.885579
40 52 0 8 -1.887621
30 76 0 8 -1.893527
11 66 0 8 -1.893564
48 60 0 8 -1.896634
39 58 0 8 -1.898107
18 47 0 8 -1.903224
21 66 0 8 -1.904697
17 72 0 8 -1.905393
52 73 0 8 -1.920837
15 36 0 8 -1.923310
32 68 0 8 -1.925647
18 32 0 8 -1.934390
12 67 0 8 -1.934511
13 45 0 8 -1.936194
10 19 0 8 -1.936521
36 65 0 8 -1.936849
46 64 0 8 -1.940489
16 37 0 8 -1.943188
69 82 0 8 -1.948666
5 37 0 8 -1.952209
29 59 0 8 -1.953153
30 36 0 8 -1.955088
18 50 0 8 -1.957051
14 53 0 8 -1.958903
40 80 0 8 -1.964535
11 69 0 8 -1.979846
66 73 0 8 -1.982975
15 57 0 8 -1.984394
53 72 0 8 -1.985902
17 82 0 8 -1.992472
11 57 0 8 -2.002872
27 66 0 8 -2.007785
17 84 0 8 -2.009125
28 47 0 8 -2.009785
11 19 0 8 -2.009974
25 59 0 8 -2.012984
62 69 0 8 -2.019693
54 75 0 8 -2.019887
47 57 0 8 -2.021251
43 77 0 8 -2.023634
57 67 0 8 -2.025567
31 75 0 8 -2.026700
19 39 0 8 -2.026918
18 68 0 8 -2.030069
47 79 0 8 -2.030458
51 63 0 8 -2.031487
33 60 0 8 -2.034050
27 82 0 8 -2.034754
25 84 0 8 -2.035741
7 62 0 8 -2.048041
50 69 0 8 -2.051364
13 66 0 8 -2.063638
52 83 0 8 -2.066639
14 32 0 8 -2.068708
24 67 0 8 -2.070579
47 76 0 8 -2.072733
19 57 0 8 -2.075328
23 70 0 8 -2.078694
17 50 0 8 -2.078892
26 82 0 8 -2.078923
55 61 0 8 -2.088913
37 50 0 8 -2.089623
49 56 0 8 -2.091846
58 81 0 8 -2.094676
9 36 0 8 -2.101071
23 64 0 8 -2.102551
13 32 0 8 -2.108053
9 40 0 8 -2.110490
18 27 0 8 -2.117035
21 65 0 8 -2.121268
7 51 0 8 -2.122240
23 49 0 8 -2.124378
63 79 0 8 -2.125131
67 77 0 8 -2.125285
7 58 0 8 -2.126500
61 71 0 8 -2.133438
39 84 0 8 -2.134725
26 47 0 8 -2.139281
21 53 0 8 -2.153208
71 78 0 8 -2.153553
40 77 0 8 -2.159921
11 63 0 8 -2.169315
39 52 0 8 -2.173075
12 79 0 8 -2.179146
56 69 0 8 -2.184131
9 19 0 8 -2.188515
25 53 0 8 -2.189551
13 48 0 8 -2.199459
26 44 0 8 -2.202623
56 71 0 8 -2.205590
52 63 0 8 -2.206268
47 77 0 8 -2.216606
28 65 0 8 -2.225224
10 68 0 8 -2.231981
40 47 0 8 -2.235961
52 82 0 8 -2.239387
17 76 0 8 -2.249247
16 67 0 8 -2.258150
14 52 0 8 -2.259891
35 74 0 8 -2.261207
5 72 0 8 -2.263432
13 81 0 8 -2.276946
32 66 0 8 -2.277972
47 80 0 8 -2.288654
21 45 0 8 -2.293741
44 77 0 8 -2.294461
26 74 0 8 -2.298383
37 54 0 8 -2.305233
17 33 0 8 -2.305866
56 79 0 8 -2.310609
10 72 0 8 -2.313180
39 44 0 8 -2.315098
49 66 0 8 -2.321449
28 80 0 8 -2.322367
27 54 0 8 -2.332664
24 75 0 8 -2.352726
32 51 0 8 -2.353379
10 46 0 8 -2.363477
55 81 0 8 -2.370350
46 80 0 8 -2.382654
10 69 0 8 -2.384450
14 74 0 8 -2.385139
53 65 0 8 -2.389268
15 79 0 8 -2.394842
17 71 0 8 -2.403903
9 57 0 8 -2.411716
10 66 0 8 -2.422188
36 73 0 8 -2.430273
15 78 0 8 -2.441044
13 62 0 8 -2.455161
39 51 0 8 -2.459813
32 53 0 8 -2.485511
14 66 0 8 -2.490123
31 77 0 8 -2.518440
12 47 0 8 -2.533500
46 63 0 8 -2.537036
44 72 0 8 -2.549951
56 68 0 8 -2.554842
19 60 0 8 -2.573176
19 47 0 8 -2.596308
7 79 0 8 -2.612174
12 60 0 8 -2.638655
53 66 0 8 -2.639703
35 52 0 8 -2.651947
30 48 0 8 -2.688504
24 77 0 8 -2.694697
52 68 0 8 -2.703879
14 26 0 8 -2.717324
23 77 0 8 -2.725589
40 74 0 8 -2.728812
63 74 0 8 -2.734027
7 23 0 8 -2.752719
51 62 0 8 -2.758993
56 81 0 8 -2.777887
25 74 0 8 -2.808701
5 25 0 8 -2.878854
13 74 0 8 -2.915175
48 63 0 8 -2.942940
57 66 0 8 -2.944796
15 40 0 8 -2.978542
16 74 0 8 -3.013966
39 74 0 8 -3.017150
7 32 0 8 -3.024785
14 55 0 8 -3.027208
7 49 0 8 -3.163464
47 66 0 8 -3.174150
26 81 0 8 -3.226483
5 32 0 8 -3.305078
5 30 0 8 -3.801078
48 68 0 8 -3.812007
