53 81 0 8 13.173524
29 67 0 8 10.141097
45 82 0 8 9.530871
59 67 0 8 7.564015
36 41 0 8 6.898035
34 47 0 8 6.365984
30 50 0 8 6.163144
22 64 0 8 6.071825
34 43 0 8 6.071452
54 59 0 8 5.490950
57 70 0 8 5.429611
15 39 0 8 5.149200
50 83 0 8 5.041187
62 67 0 8 4.991097
28 50 0 8 4.671999
31 45 0 8 4.330376
22 28 0 8 4.245018
18 45 0 8 4.202187
53 58 0 8 4.158661
16 39 0 8 3.895005
59 70 0 8 3.731875
33 47 0 8 3.578746
9 43 0 8 3.392653
21 32 0 8 3.389706
18 64 0 8 3.338171
56 79 0 8 3.311426
52 83 0 8 3.263611
29 62 0 8 3.087261
29 59 0 8 3.062699
62 70 0 8 3.011906
53 80 0 8 3.002187
23 29 0 8 2.961243
55 73 0 8 2.914582
16 71 0 8 2.913595
8 79 0 8 2.860160
20 32 0 8 2.784164
51 59 0 8 2.771072
19 35 0 8 2.685338
9 40 0 8 2.664021
21 64 0 8 2.641462
16 78 0 8 2.630427
49 84 0 8 2.518560
46 84 0 8 2.447853
31 51 0 8 2.445028
6 81 0 8 2.441607
16 67 0 8 2.431959
52 58 0 8 2.399292
54 78 0 8 2.390074
15 78 0 8 2.380435
65 71 0 8 2.364583
21 35 0 8 2.345307
20 36 0 8 2.333246
15 68 0 8 2.283592
35 73 0 8 2.249604
62 71 0 8 2.206227
21 33 0 8 2.196038
5 84 0 8 2.169254
19 32 0 8 2.162688
29 54 0 8 2.132089
72 79 0 8 2.099048
20 51 0 8 2.077138
55 78 0 8 2.073057
43 75 0 8 2.065925
34 73 0 8 2.055547
27 50 0 8 2.024196
71 78 0 8 1.970420
32 47 0 8 1.970328
29 64 0 8 1.958499
7 43 0 8 1.927038
55 74 0 8 1.903013
45 80 0 8 1.895386
22 63 0 8 1.840855
54 70 0 8 1.832116
23 64 0 8 1.831614
16 59 0 8 1.821282
18 33 0 8 1.820304
64 73 0 8 1.801753
11 16 0 8 1.797428
16 73 0 8 1.771299
21 30 0 8 1.770077
69 74 0 8 1.754936
19 33 0 8 1.754765
20 64 0 8 1.739653
18 35 0 8 1.727761
20 71 0 8 1.722325
42 70 0 8 1.708750
53 60 0 8 1.704244
69 76 0 8 1.700925
23 63 0 8 1.694680
7 31 0 8 1.668696
52 81 0 8 1.662593
28 61 0 8 1.641283
30 42 0 8 1.628426
61 67 0 8 1.602542
22 29 0 8 1.592461
34 45 0 8 1.581040
8 77 0 8 1.580045
29 69 0 8 1.575173
14 39 0 8 1.559214
6 84 0 8 1.549995
30 35 0 8 1.512393
5 43 0 8 1.491912
9 39 0 8 1.490134
33 69 0 8 1.485247
14 38 0 8 1.473230
30 67 0 8 1.446252
11 70 0 8 1.432847
19 24 0 8 1.425479
50 85 0 8 1.422057
56 70 0 8 1.419794
26 83 0 8 1.419308
21 28 0 8 1.407433
38 45 0 8 1.384896
28 73 0 8 1.383482
26 32 0 8 1.373442
65 74 0 8 1.370504
31 69 0 8 1.361353
19 68 0 8 1.353176
73 78 0 8 1.344871
9 14 0 8 1.327657
68 73 0 8 1.320167
26 50 0 8 1.317684
29 84 0 8 1.316196
12 39 0 8 1.303563
51 57 0 8 1.302614
7 45 0 8 1.297114
29 50 0 8 1.297028
23 67 0 8 1.294723
81 86 0 8 1.292583
30 81 0 8 1.284948
41 46 0 8 1.282419
33 65 0 8 1.279615
7 51 0 8 1.274168
32 55 0 8 1.265090
30 76 0 8 1.261862
42 57 0 8 1.245634
55 70 0 8 1.242972
10 77 0 8 1.241641
35 78 0 8 1.234367
27 45 0 8 1.232784
12 20 0 8 1.231739
51 76 0 8 1.231611
42 60 0 8 1.231577
16 51 0 8 1.217095
6 53 0 8 1.212035
50 62 0 8 1.208372
20 27 0 8 1.203509
23 30 0 8 1.196198
15 72 0 8 1.194104
48 65 0 8 1.193747
38 43 0 8 1.183974
19 72 0 8 1.180829
22 66 0 8 1.177454
7 84 0 8 1.175285
11 32 0 8 1.175231
53 83 0 8 1.172852
19 28 0 8 1.172781
28 40 0 8 1.172675
34 40 0 8 1.169154
47 55 0 8 1.166850
4 84 0 8 1.164924
31 77 0 8 1.155031
37 77 0 8 1.147612
32 65 0 8 1.140465
66 77 0 8 1.139660
13 33 0 8 1.133278
30 59 0 8 1.133036
39 68 0 8 1.131393
20 29 0 8 1.126843
8 13 0 8 1.126692
22 67 0 8 1.123417
16 74 0 8 1.112444
50 60 0 8 1.109543
34 55 0 8 1.109452
24 31 0 8 1.109021
21 50 0 8 1.108223
54 67 0 8 1.101303
32 62 0 8 1.099982
19 34 0 8 1.098105
27 54 0 8 1.098043
50 71 0 8 1.092371
36 65 0 8 1.084090
43 55 0 8 1.080751
26 71 0 8 1.078675
36 73 0 8 1.078193
55 80 0 8 1.064262
9 41 0 8 1.063640
40 64 0 8 1.062638
54 75 0 8 1.061271
12 50 0 8 1.043387
14 20 0 8 1.042941
19 30 0 8 1.041833
7 18 0 8 1.038149
30 52 0 8 1.032717
11 22 0 8 1.031639
14 42 0 8 1.027348
39 76 0 8 1.023408
7 70 0 8 1.020270
28 62 0 8 1.020010
53 79 0 8 1.017814
38 71 0 8 1.014584
64 76 0 8 1.014329
50 68 0 8 1.013848
5 82 0 8 1.011816
23 50 0 8 0.999483
51 82 0 8 0.994550
57 62 0 8 0.985221
13 56 0 8 0.982077
54 68 0 8 0.981595
24 72 0 8 0.974075
18 61 0 8 0.971213
31 82 0 8 0.971047
20 47 0 8 0.966367
28 35 0 8 0.965421
50 57 0 8 0.963615
31 47 0 8 0.957557
12 82 0 8 0.951671
37 51 0 8 0.946603
18 41 0 8 0.940985
12 42 0 8 0.934419
47 73 0 8 0.932684
27 36 0 8 0.930658
46 57 0 8 0.927192
11 47 0 8 0.920316
25 34 0 8 0.914308
64 71 0 8 0.908535
61 74 0 8 0.902012
66 75 0 8 0.899312
27 73 0 8 0.893506
51 74 0 8 0.891356
32 43 0 8 0.887959
46 64 0 8 0.886541
51 71 0 8 0.884925
43 70 0 8 0.872572
16 76 0 8 0.866206
61 76 0 8 0.858030
19 25 0 8 0.857499
20 40 0 8 0.853949
26 54 0 8 0.849530
16 77 0 8 0.845185
18 42 0 8 0.841628
37 42 0 8 0.840161
70 81 0 8 0.839038
42 82 0 8 0.838144
26 53 0 8 0.831313
9 34 0 8 0.828201
8 43 0 8 0.827873
48 71 0 8 0.821880
50 59 0 8 0.821357
39 75 0 8 0.821203
18 68 0 8 0.814376
65 72 0 8 0.813816
52 63 0 8 0.812109
23 78 0 8 0.809340
23 47 0 8 0.808319
15 35 0 8 0.805093
21 47 0 8 0.804747
12 43 0 8 0.803237
11 24 0 8 0.801835
21 68 0 8 0.793407
64 69 0 8 0.791911
21 48 0 8 0.791158
27 78 0 8 0.788777
55 75 0 8 0.788218
55 77 0 8 0.787333
29 68 0 8 0.782072
18 55 0 8 0.779952
8 74 0 8 0.779757
26 38 0 8 0.777702
9 20 0 8 0.776739
35 41 0 8 0.772571
57 67 0 8 0.771946
13 39 0 8 0.768576
11 85 0 8 0.766143
50 84 0 8 0.763806
47 78 0 8 0.763451
38 64 0 8 0.763074
19 47 0 8 0.762978
24 38 0 8 0.761486
12 38 0 8 0.760770
21 31 0 8 0.759222
69 79 0 8 0.755116
16 23 0 8 0.754623
27 61 0 8 0.753873
13 18 0 8 0.751014
41 66 0 8 0.746615
46 74 0 8 0.746528
7 62 0 8 0.739464
15 25 0 8 0.736397
65 70 0 8 0.732098
72 87 0 8 0.729093
52 87 0 8 0.728521
28 54 0 8 0.727719
55 83 0 8 0.722071
25 32 0 8 0.719507
30 62 0 8 0.713490
74 86 0 8 0.710240
15 33 0 8 0.708305
21 84 0 8 0.707338
10 76 0 8 0.706104
42 53 0 8 0.705442
41 79 0 8 0.703223
39 55 0 8 0.700748
35 68 0 8 0.700242
16 22 0 8 0.699757
26 48 0 8 0.698120
4 20 0 8 0.696829
25 39 0 8 0.693297
40 46 0 8 0.691098
37 47 0 8 0.687645
33 50 0 8 0.686940
18 29 0 8 0.682802
68 75 0 8 0.678152
22 73 0 8 0.675343
55 64 0 8 0.675169
46 77 0 8 0.673295
63 70 0 8 0.663846
79 84 0 8 0.656626
34 41 0 8 0.656401
24 35 0 8 0.653656
68 78 0 8 0.652640
67 83 0 8 0.651788
33 46 0 8 0.647113
5 46 0 8 0.646399
18 31 0 8 0.645312
35 55 0 8 0.640479
53 77 0 8 0.639386
22 85 0 8 0.638566
36 50 0 8 0.632785
25 66 0 8 0.632661
60 68 0 8 0.632010
14 72 0 8 0.625364
24 71 0 8 0.624289
21 69 0 8 0.624257
42 51 0 8 0.623074
54 62 0 8 0.621445
80 86 0 8 0.616975
20 72 0 8 0.615017
43 71 0 8 0.614599
36 48 0 8 0.614499
31 46 0 8 0.614402
57 63 0 8 0.613104
4 81 0 8 0.610246
42 69 0 8 0.608035
51 80 0 8 0.604680
39 63 0 8 0.598314
7 81 0 8 0.595651
58 79 0 8 0.594782
63 79 0 8 0.593158
26 72 0 8 0.589092
42 72 0 8 0.588732
13 45 0 8 0.582613
29 52 0 8 0.582412
10 56 0 8 0.581181
23 32 0 8 0.579634
14 19 0 8 0.579022
7 46 0 8 0.578672
11 74 0 8 0.578593
50 63 0 8 0.577838
21 70 0 8 0.574086
35 49 0 8 0.572187
24 32 0 8 0.571704
16 25 0 8 0.571486
30 77 0 8 0.569432
6 28 0 8 0.564363
26 34 0 8 0.562776
5 32 0 8 0.562066
54 61 0 8 0.561038
25 52 0 8 0.556196
64 84 0 8 0.555498
32 63 0 8 0.554844
10 72 0 8 0.554548
42 66 0 8 0.553126
56 65 0 8 0.552179
22 38 0 8 0.551742
56 61 0 8 0.549906
74 81 0 8 0.549077
20 38 0 8 0.548262
63 76 0 8 0.547389
45 58 0 8 0.545399
46 65 0 8 0.543965
54 63 0 8 0.542993
30 39 0 8 0.541874
15 38 0 8 0.541821
8 19 0 8 0.540587
16 55 0 8 0.540541
53 72 0 8 0.540340
62 77 0 8 0.538112
18 78 0 8 0.536810
32 38 0 8 0.535036
34 88 0 8 0.534928
74 80 0 8 0.530740
17 49 0 8 0.527235
38 60 0 8 0.526591
12 75 0 8 0.526559
36 71 0 8 0.525324
7 82 0 8 0.523630
15 20 0 8 0.523624
47 84 0 8 0.521650
5 35 0 8 0.519504
57 83 0 8 0.516952
20 60 0 8 0.516380
33 72 0 8 0.515843
17 24 0 8 0.515350
24 66 0 8 0.511774
33 51 0 8 0.510793
47 65 0 8 0.510685
54 74 0 8 0.509523
8 49 0 8 0.509110
35 47 0 8 0.508869
57 66 0 8 0.506847
75 80 0 8 0.505648
81 88 0 8 0.505158
21 26 0 8 0.504711
43 76 0 8 0.501447
57 74 0 8 0.498731
32 50 0 8 0.497549
3 84 0 8 0.496052
42 83 0 8 0.493403
46 81 0 8 0.492729
24 59 0 8 0.483008
11 42 0 8 0.482740
31 72 0 8 0.481158
45 70 0 8 0.479885
34 86 0 8 0.479133
58 75 0 8 0.478936
17 67 0 8 0.477267
36 53 0 8 0.477124
42 75 0 8 0.476971
34 64 0 8 0.476867
5 49 0 8 0.476835
11 49 0 8 0.475953
11 84 0 8 0.473343
52 80 0 8 0.473205
4 11 0 8 0.473005
37 69 0 8 0.472210
56 67 0 8 0.472040
21 46 0 8 0.471806
25 65 0 8 0.471075
10 82 0 8 0.470661
14 67 0 8 0.470415
33 78 0 8 0.469167
14 37 0 8 0.469147
48 69 0 8 0.468311
70 85 0 8 0.467401
52 57 0 8 0.466427
59 71 0 8 0.464942
30 47 0 8 0.460304
23 33 0 8 0.458435
41 81 0 8 0.458075
7 87 0 8 0.456215
12 80 0 8 0.455922
54 77 0 8 0.453155
57 69 0 8 0.452424
29 53 0 8 0.452204
27 35 0 8 0.451801
41 54 0 8 0.449125
7 12 0 8 0.446978
71 76 0 8 0.446931
45 51 0 8 0.446114
43 52 0 8 0.445702
59 85 0 8 0.444212
48 83 0 8 0.441257
30 55 0 8 0.438527
24 36 0 8 0.437632
8 66 0 8 0.436629
14 58 0 8 0.436270
35 80 0 8 0.436182
6 79 0 8 0.435981
21 71 0 8 0.434545
48 63 0 8 0.434201
29 37 0 8 0.432384
46 72 0 8 0.431901
30 46 0 8 0.430333
53 89 0 8 0.427224
40 53 0 8 0.424587
37 44 0 8 0.424236
61 66 0 8 0.423943
33 44 0 8 0.422229
57 65 0 8 0.421707
6 57 0 8 0.421535
11 29 0 8 0.419542
49 73 0 8 0.418595
5 21 0 8 0.418556
31 87 0 8 0.417136
18 27 0 8 0.416136
39 77 0 8 0.415955
49 69 0 8 0.415376
36 74 0 8 0.414380
41 74 0 8 0.411988
12 18 0 8 0.410969
18 85 0 8 0.410394
61 68 0 8 0.410240
4 18 0 8 0.410162
48 85 0 8 0.409584
32 42 0 8 0.409136
53 78 0 8 0.409008
9 61 0 8 0.407873
8 56 0 8 0.407414
44 80 0 8 0.406983
30 87 0 8 0.406179
17 22 0 8 0.405915
49 75 0 8 0.405289
54 66 0 8 0.404937
50 88 0 8 0.404268
20 68 0 8 0.403679
34 44 0 8 0.400344
80 87 0 8 0.399953
33 41 0 8 0.397859
45 56 0 8 0.395964
66 73 0 8 0.395859
17 70 0 8 0.395314
57 76 0 8 0.395299
30 57 0 8 0.392087
6 46 0 8 0.391926
12 77 0 8 0.390990
9 19 0 8 0.389871
3 67 0 8 0.389617
35 58 0 8 0.388624
41 57 0 8 0.386116
4 47 0 8 0.383594
6 83 0 8 0.383169
31 40 0 8 0.381782
34 82 0 8 0.380219
47 68 0 8 0.378614
8 42 0 8 0.378451
7 23 0 8 0.376862
19 36 0 8 0.376325
54 71 0 8 0.375708
40 70 0 8 0.375460
17 71 0 8 0.372643
37 83 0 8 0.372636
34 39 0 8 0.371957
51 77 0 8 0.371949
25 63 0 8 0.370191
52 86 0 8 0.369991
35 71 0 8 0.369822
38 63 0 8 0.369436
69 77 0 8 0.368989
53 70 0 8 0.368787
27 65 0 8 0.367376
26 35 0 8 0.366790
51 86 0 8 0.363327
22 30 0 8 0.362046
6 52 0 8 0.361892
16 68 0 8 0.361857
41 51 0 8 0.361073
32 80 0 8 0.355480
24 48 0 8 0.350902
68 86 0 8 0.347965
25 30 0 8 0.347444
27 53 0 8 0.347358
18 79 0 8 0.343595
37 85 0 8 0.343520
77 89 0 8 0.343517
10 29 0 8 0.341761
4 9 0 8 0.337925
15 40 0 8 0.335845
52 60 0 8 0.335369
42 85 0 8 0.335049
31 36 0 8 0.334510
34 85 0 8 0.334392
9 68 0 8 0.333997
13 52 0 8 0.331840
27 40 0 8 0.331582
17 54 0 8 0.331514
33 68 0 8 0.330029
8 34 0 8 0.329247
25 33 0 8 0.328891
11 44 0 8 0.328850
56 83 0 8 0.326030
37 76 0 8 0.324846
14 24 0 8 0.324575
14 78 0 8 0.324298
65 75 0 8 0.323845
21 43 0 8 0.319826
16 54 0 8 0.319820
8 39 0 8 0.319224
4 87 0 8 0.316313
75 86 0 8 0.316297
40 86 0 8 0.315350
21 27 0 8 0.312056
11 39 0 8 0.311843
29 61 0 8 0.308729
31 79 0 8 0.308128
72 77 0 8 0.307381
31 49 0 8 0.306441
18 40 0 8 0.305565
22 36 0 8 0.304954
48 84 0 8 0.302959
46 76 0 8 0.302114
58 67 0 8 0.301300
21 83 0 8 0.300323
11 61 0 8 0.298605
77 82 0 8 0.298324
16 44 0 8 0.298241
8 16 0 8 0.297625
16 83 0 8 0.293486
48 87 0 8 0.290822
52 61 0 8 0.289193
47 83 0 8 0.288933
35 65 0 8 0.288823
8 14 0 8 0.287205
54 80 0 8 0.286847
66 80 0 8 0.286368
9 80 0 8 0.285907
35 48 0 8 0.285765
10 25 0 8 0.284414
62 89 0 8 0.283366
46 60 0 8 0.283280
52 64 0 8 0.283011
48 88 0 8 0.282991
60 83 0 8 0.282863
24 43 0 8 0.280521
23 84 0 8 0.280434
43 84 0 8 0.278642
57 89 0 8 0.278376
19 27 0 8 0.278344
14 56 0 8 0.276147
45 60 0 8 0.274026
36 72 0 8 0.274023
39 73 0 8 0.273593
19 48 0 8 0.273217
4 21 0 8 0.271190
83 89 0 8 0.270862
45 71 0 8 0.268840
4 88 0 8 0.268469
5 33 0 8 0.267347
77 86 0 8 0.266477
38 61 0 8 0.266382
15 32 0 8 0.264736
36 82 0 8 0.263018
44 49 0 8 0.262254
30 36 0 8 0.262044
53 84 0 8 0.261640
55 72 0 8 0.261151
14 49 0 8 0.258214
65 73 0 8 0.257823
19 38 0 8 0.257058
59 75 0 8 0.256810
13 24 0 8 0.256088
22 57 0 8 0.253528
37 57 0 8 0.253211
47 81 0 8 0.252371
18 76 0 8 0.252056
42 89 0 8 0.250573
14 79 0 8 0.250413
40 51 0 8 0.249607
11 19 0 8 0.248014
10 16 0 8 0.247994
18 60 0 8 0.244877
32 85 0 8 0.243274
7 14 0 8 0.242031
39 64 0 8 0.240400
7 58 0 8 0.240338
9 70 0 8 0.240114
13 63 0 8 0.239378
51 73 0 8 0.238367
51 70 0 8 0.237670
75 81 0 8 0.235538
21 82 0 8 0.235113
24 57 0 8 0.233495
36 85 0 8 0.233148
40 54 0 8 0.233062
17 55 0 8 0.232947
6 70 0 8 0.232759
40 83 0 8 0.231966
26 58 0 8 0.231888
12 63 0 8 0.231627
46 85 0 8 0.231144
51 60 0 8 0.230441
57 88 0 8 0.229814
10 44 0 8 0.229498
30 72 0 8 0.229459
19 84 0 8 0.228649
8 53 0 8 0.226840
10 61 0 8 0.226650
22 27 0 8 0.225971
25 31 0 8 0.225142
46 54 0 8 0.223829
80 89 0 8 0.223063
16 87 0 8 0.222667
40 56 0 8 0.222120
54 72 0 8 0.221861
42 63 0 8 0.221635
36 42 0 8 0.218669
33 42 0 8 0.217980
12 33 0 8 0.217713
43 81 0 8 0.216452
31 48 0 8 0.216282
18 28 0 8 0.216040
24 37 0 8 0.215289
37 71 0 8 0.215224
11 25 0 8 0.213282
9 17 0 8 0.212773
20 41 0 8 0.212336
29 87 0 8 0.210949
57 77 0 8 0.210485
56 78 0 8 0.209308
38 44 0 8 0.209145
9 35 0 8 0.208781
5 20 0 8 0.208740
55 79 0 8 0.207113
24 47 0 8 0.205819
44 55 0 8 0.205286
40 85 0 8 0.205060
7 56 0 8 0.204956
11 62 0 8 0.203994
48 59 0 8 0.203026
43 54 0 8 0.201339
13 31 0 8 0.200407
58 85 0 8 0.196271
29 79 0 8 0.195715
8 47 0 8 0.195702
64 86 0 8 0.195466
26 60 0 8 0.195433
32 64 0 8 0.194828
65 84 0 8 0.194153
40 68 0 8 0.193973
44 50 0 8 0.193613
56 66 0 8 0.193558
25 68 0 8 0.192733
60 66 0 8 0.191484
44 65 0 8 0.190312
4 51 0 8 0.187869
36 61 0 8 0.187611
59 86 0 8 0.187423
26 79 0 8 0.187404
42 77 0 8 0.186975
28 65 0 8 0.186269
46 69 0 8 0.184789
12 68 0 8 0.184476
7 26 0 8 0.184098
20 62 0 8 0.183639
35 76 0 8 0.183327
10 68 0 8 0.183096
52 77 0 8 0.182897
17 25 0 8 0.182242
27 37 0 8 0.181801
13 48 0 8 0.181746
17 23 0 8 0.181580
36 81 0 8 0.180340
4 54 0 8 0.180043
36 63 0 8 0.178697
25 54 0 8 0.178123
27 42 0 8 0.177799
40 74 0 8 0.177503
7 47 0 8 0.176772
74 83 0 8 0.176229
11 77 0 8 0.175932
21 29 0 8 0.175440
30 79 0 8 0.175259
36 60 0 8 0.175184
33 80 0 8 0.174233
74 82 0 8 0.172262
9 47 0 8 0.170967
45 52 0 8 0.170240
31 86 0 8 0.169532
32 78 0 8 0.168002
6 44 0 8 0.167966
16 72 0 8 0.167283
14 66 0 8 0.166179
73 87 0 8 0.165961
67 89 0 8 0.165521
13 71 0 8 0.165366
9 49 0 8 0.165185
23 54 0 8 0.164320
4 71 0 8 0.164289
76 85 0 8 0.163899
50 75 0 8 0.162948
6 48 0 8 0.162819
35 59 0 8 0.162086
65 82 0 8 0.161403
24 61 0 8 0.161390
31 85 0 8 0.161115
4 79 0 8 0.160676
11 63 0 8 0.160628
56 77 0 8 0.160333
37 53 0 8 0.160045
52 59 0 8 0.159678
17 65 0 8 0.157498
26 47 0 8 0.157468
63 88 0 8 0.156820
50 67 0 8 0.156267
83 88 0 8 0.155982
34 87 0 8 0.154986
35 72 0 8 0.154927
27 76 0 8 0.154627
11 60 0 8 0.154010
66 79 0 8 0.153887
12 49 0 8 0.153401
43 86 0 8 0.153329
15 27 0 8 0.153253
25 70 0 8 0.151961
52 65 0 8 0.151385
34 76 0 8 0.150709
42 86 0 8 0.150465
11 43 0 8 0.150355
3 10 0 8 0.150242
10 20 0 8 0.149676
48 57 0 8 0.149591
24 42 0 8 0.149541
36 44 0 8 0.149394
37 74 0 8 0.148693
41 72 0 8 0.148285
24 63 0 8 0.148191
10 75 0 8 0.147807
4 70 0 8 0.146078
58 76 0 8 0.146031
41 69 0 8 0.146011
48 60 0 8 0.145468
8 51 0 8 0.144777
6 25 0 8 0.143901
13 37 0 8 0.143822
16 24 0 8 0.142292
20 88 0 8 0.142018
4 15 0 8 0.141653
67 81 0 8 0.141055
8 41 0 8 0.140148
84 89 0 8 0.137129
50 89 0 8 0.136468
39 79 0 8 0.135541
36 79 0 8 0.135240
46 68 0 8 0.135208
10 65 0 8 0.134867
79 85 0 8 0.132139
17 44 0 8 0.132011
8 83 0 8 0.130423
31 66 0 8 0.129354
49 68 0 8 0.128073
46 79 0 8 0.127092
14 50 0 8 0.126586
7 39 0 8 0.125851
31 57 0 8 0.125057
5 26 0 8 0.125007
65 87 0 8 0.124858
9 65 0 8 0.124764
21 51 0 8 0.124725
4 43 0 8 0.124679
36 88 0 8 0.123897
10 60 0 8 0.122799
11 34 0 8 0.122732
12 66 0 8 0.122314
21 44 0 8 0.122086
31 80 0 8 0.121929
6 20 0 8 0.121268
10 55 0 8 0.121072
22 51 0 8 0.120276
25 36 0 8 0.119645
45 68 0 8 0.119301
73 88 0 8 0.117927
29 77 0 8 0.116920
51 67 0 8 0.116200
5 56 0 8 0.115958
36 55 0 8 0.115473
13 44 0 8 0.114861
26 33 0 8 0.114535
32 48 0 8 0.114059
45 57 0 8 0.113900
47 66 0 8 0.113526
11 78 0 8 0.112847
10 36 0 8 0.111844
13 25 0 8 0.111450
65 86 0 8 0.110982
32 45 0 8 0.110862
5 11 0 8 0.110325
31 54 0 8 0.110283
73 79 0 8 0.109820
16 75 0 8 0.109437
73 83 0 8 0.108900
54 89 0 8 0.108406
7 19 0 8 0.107272
24 80 0 8 0.107081
11 17 0 8 0.106165
4 31 0 8 0.105989
4 74 0 8 0.105824
38 78 0 8 0.105276
20 66 0 8 0.104786
49 64 0 8 0.104273
53 74 0 8 0.103548
26 41 0 8 0.103087
34 48 0 8 0.102996
3 38 0 8 0.102899
25 37 0 8 0.102193
34 63 0 8 0.102118
66 74 0 8 0.100921
44 84 0 8 0.099747
63 87 0 8 0.097391
65 85 0 8 0.097135
17 33 0 8 0.097031
3 68 0 8 0.096739
62 80 0 8 0.096697
20 70 0 8 0.096366
19 59 0 8 0.096182
7 38 0 8 0.094980
46 89 0 8 0.094350
3 23 0 8 0.094140
12 27 0 8 0.093915
10 71 0 8 0.093138
14 75 0 8 0.093003
18 37 0 8 0.092717
14 76 0 8 0.092407
28 34 0 8 0.092403
64 81 0 8 0.091814
37 55 0 8 0.091546
7 48 0 8 0.091002
67 88 0 8 0.090579
80 85 0 8 0.090335
5 83 0 8 0.089343
13 49 0 8 0.089132
20 79 0 8 0.088799
16 21 0 8 0.087656
14 45 0 8 0.087244
5 25 0 8 0.086840
35 61 0 8 0.086406
19 49 0 8 0.086183
46 71 0 8 0.085514
25 77 0 8 0.084875
60 88 0 8 0.084805
10 57 0 8 0.084767
37 49 0 8 0.084628
4 35 0 8 0.083831
32 61 0 8 0.083587
4 10 0 8 0.083437
44 75 0 8 0.083248
31 42 0 8 0.083036
26 39 0 8 0.079936
17 40 0 8 0.078008
11 83 0 8 0.077591
8 46 0 8 0.077092
36 75 0 8 0.076796
69 85 0 8 0.076702
17 85 0 8 0.075999
3 45 0 8 0.075849
7 44 0 8 0.075845
3 20 0 8 0.075698
9 60 0 8 0.075388
4 80 0 8 0.075375
12 70 0 8 0.075320
42 87 0 8 0.075104
18 24 0 8 0.074609
37 82 0 8 0.072224
39 44 0 8 0.071214
7 54 0 8 0.070947
38 47 0 8 0.070520
41 88 0 8 0.070445
65 78 0 8 0.070141
53 66 0 8 0.069689
5 65 0 8 0.069395
10 59 0 8 0.069307
31 84 0 8 0.068590
68 88 0 8 0.067235
42 80 0 8 0.065460
31 53 0 8 0.065013
48 64 0 8 0.064566
58 80 0 8 0.063805
37 87 0 8 0.063541
68 82 0 8 0.063320
45 59 0 8 0.062635
67 85 0 8 0.060988
13 72 0 8 0.060735
13 26 0 8 0.058260
47 77 0 8 0.057914
14 55 0 8 0.057765
22 40 0 8 0.057385
13 65 0 8 0.056622
3 80 0 8 0.056398
37 72 0 8 0.055921
29 49 0 8 0.054970
12 31 0 8 0.054285
31 71 0 8 0.054124
41 49 0 8 0.052208
36 87 0 8 0.051411
4 37 0 8 0.051066
56 75 0 8 0.050080
10 23 0 8 0.049053
46 87 0 8 0.049027
26 70 0 8 0.048612
32 76 0 8 0.048244
49 83 0 8 0.047056
33 77 0 8 0.046301
81 87 0 8 0.045522
27 63 0 8 0.045515
68 87 0 8 0.043667
51 85 0 8 0.043363
6 73 0 8 0.043064
30 60 0 8 0.042924
17 74 0 8 0.042776
58 66 0 8 0.042117
42 52 0 8 0.041854
4 86 0 8 0.041625
49 85 0 8 0.041377
34 46 0 8 0.041326
49 56 0 8 0.041245
3 21 0 8 0.040290
42 65 0 8 0.039127
63 85 0 8 0.039033
15 46 0 8 0.038835
28 82 0 8 0.038178
42 79 0 8 0.037898
15 63 0 8 0.037792
17 48 0 8 0.037406
11 89 0 8 0.037221
3 25 0 8 0.037172
76 89 0 8 0.037075
66 81 0 8 0.036187
3 29 0 8 0.036056
30 82 0 8 0.035535
70 80 0 8 0.035393
16 42 0 8 0.035370
37 60 0 8 0.035035
15 24 0 8 0.034907
24 60 0 8 0.034767
48 70 0 8 0.034121
15 49 0 8 0.033821
16 40 0 8 0.033714
20 89 0 8 0.033488
10 52 0 8 0.033455
38 85 0 8 0.032974
34 89 0 8 0.032423
10 73 0 8 0.032039
71 85 0 8 0.031868
30 63 0 8 0.031612
30 37 0 8 0.031548
13 34 0 8 0.030593
49 55 0 8 0.030429
76 82 0 8 0.029939
4 75 0 8 0.029411
6 13 0 8 0.028843
50 58 0 8 0.028820
25 51 0 8 0.027723
45 74 0 8 0.027544
48 82 0 8 0.027480
60 71 0 8 0.026357
17 88 0 8 0.026084
10 33 0 8 0.025598
14 54 0 8 0.025532
48 86 0 8 0.024940
36 58 0 8 0.024516
15 75 0 8 0.023407
35 74 0 8 0.023232
15 56 0 8 0.022731
5 44 0 8 0.022560
69 75 0 8 0.022538
44 66 0 8 0.022347
4 29 0 8 0.022325
8 44 0 8 0.021811
48 76 0 8 0.021380
44 68 0 8 0.021113
34 42 0 8 0.019838
17 72 0 8 0.019433
57 68 0 8 0.018336
15 69 0 8 0.018102
32 39 0 8 0.017941
20 65 0 8 0.017893
7 49 0 8 0.017276
15 80 0 8 0.017241
10 21 0 8 0.017006
73 81 0 8 0.016841
8 72 0 8 0.016766
4 82 0 8 0.016597
31 50 0 8 0.014957
27 51 0 8 0.014937
6 21 0 8 0.014703
5 12 0 8 0.014599
29 56 0 8 0.014345
31 89 0 8 0.013991
28 69 0 8 0.013858
29 60 0 8 0.013561
32 52 0 8 0.013286
51 66 0 8 0.013060
73 85 0 8 0.012435
36 57 0 8 0.011355
18 44 0 8 0.010374
38 75 0 8 0.010354
22 86 0 8 0.010143
64 70 0 8 0.009885
70 75 0 8 0.009187
38 76 0 8 0.008676
12 29 0 8 0.008135
31 44 0 8 0.007643
34 49 0 8 0.006147
8 27 0 8 0.005965
64 88 0 8 0.004640
5 10 0 8 0.004602
31 75 0 8 0.004250
10 69 0 8 0.004112
25 78 0 8 0.003178
15 54 0 8 0.002855
36 69 0 8 0.000907
3 70 0 8 0.000866
50 61 0 8 0.000223
1 6 0 8 0.000000
1 7 0 8 0.000000
1 8 0 8 0.000000
1 9 0 8 0.000000
1 10 0 8 0.000000
1 11 0 8 0.000000
1 12 0 8 0.000000
1 13 0 8 0.000000
1 14 0 8 0.000000
1 15 0 8 0.000000
1 16 0 8 0.000000
1 17 0 8 0.000000
1 18 0 8 0.000000
1 19 0 8 0.000000
1 20 0 8 0.000000
1 21 0 8 0.000000
1 22 0 8 0.000000
1 23 0 8 0.000000
1 24 0 8 0.000000
1 25 0 8 0.000000
1 26 0 8 0.000000
1 27 0 8 0.000000
1 28 0 8 0.000000
1 29 0 8 0.000000
1 30 0 8 0.000000
1 31 0 8 0.000000
1 32 0 8 0.000000
1 33 0 8 0.000000
1 34 0 8 0.000000
1 35 0 8 0.000000
1 36 0 8 0.000000
1 37 0 8 0.000000
1 38 0 8 0.000000
1 39 0 8 0.000000
1 40 0 8 0.000000
1 41 0 8 0.000000
1 42 0 8 0.000000
1 43 0 8 0.000000
1 44 0 8 0.000000
1 45 0 8 0.000000
1 46 0 8 0.000000
1 47 0 8 0.000000
1 48 0 8 0.000000
1 49 0 8 0.000000
1 50 0 8 0.000000
1 51 0 8 0.000000
1 52 0 8 0.000000
1 53 0 8 0.000000
1 54 0 8 0.000000
1 55 0 8 0.000000
1 56 0 8 0.000000
1 57 0 8 0.000000
1 58 0 8 0.000000
1 59 0 8 0.000000
1 60 0 8 0.000000
1 61 0 8 0.000000
1 62 0 8 0.000000
1 63 0 8 0.000000
1 64 0 8 0.000000
1 65 0 8 0.000000
1 66 0 8 0.000000
1 67 0 8 0.000000
1 68 0 8 0.000000
1 69 0 8 0.000000
1 70 0 8 0.000000
1 71 0 8 0.000000
1 72 0 8 0.000000
1 73 0 8 0.000000
1 74 0 8 0.000000
1 75 0 8 0.000000
1 76 0 8 0.000000
1 77 0 8 0.000000
1 78 0 8 0.000000
1 79 0 8 0.000000
1 80 0 8 0.000000
1 81 0 8 0.000000
1 82 0 8 0.000000
1 83 0 8 0.000000
1 84 0 8 0.000000
1 85 0 8 0.000000
1 86 0 8 0.000000
1 87 0 8 0.000000
1 88 0 8 0.000000
1 89 0 8 0.000000
1 90 0 8 0.000000
1 91 0 8 0.000000
2 7 0 8 0.000000
2 8 0 8 0.000000
2 9 0 8 0.000000
2 10 0 8 0.000000
2 11 0 8 0.000000
2 12 0 8 0.000000
2 13 0 8 0.000000
2 14 0 8 0.000000
2 15 0 8 0.000000
2 16 0 8 0.000000
2 17 0 8 0.000000
2 18 0 8 0.000000
2 19 0 8 0.000000
2 20 0 8 0.000000
2 21 0 8 0.000000
2 22 0 8 0.000000
2 23 0 8 0.000000
2 24 0 8 0.000000
2 25 0 8 0.000000
2 26 0 8 0.000000
2 27 0 8 0.000000
2 28 0 8 0.000000
2 29 0 8 0.000000
2 30 0 8 0.000000
2 31 0 8 0.000000
2 32 0 8 0.000000
2 33 0 8 0.000000
2 34 0 8 0.000000
2 35 0 8 0.000000
2 36 0 8 0.000000
2 37 0 8 0.000000
2 38 0 8 0.000000
2 39 0 8 0.000000
2 40 0 8 0.000000
2 41 0 8 0.000000
2 42 0 8 0.000000
2 43 0 8 0.000000
2 44 0 8 0.000000
2 45 0 8 0.000000
2 46 0 8 0.000000
2 47 0 8 0.000000
2 48 0 8 0.000000
2 49 0 8 0.000000
2 50 0 8 0.000000
2 51 0 8 0.000000
2 52 0 8 0.000000
2 53 0 8 0.000000
2 54 0 8 0.000000
2 55 0 8 0.000000
2 56 0 8 0.000000
2 57 0 8 0.000000
2 58 0 8 0.000000
2 59 0 8 0.000000
2 60 0 8 0.000000
2 61 0 8 0.000000
2 62 0 8 0.000000
2 63 0 8 0.000000
2 64 0 8 0.000000
2 65 0 8 0.000000
2 66 0 8 0.000000
2 67 0 8 0.000000
2 68 0 8 0.000000
2 69 0 8 0.000000
2 70 0 8 0.000000
2 71 0 8 0.000000
2 72 0 8 0.000000
2 73 0 8 0.000000
2 74 0 8 0.000000
2 75 0 8 0.000000
2 76 0 8 0.000000
2 77 0 8 0.000000
2 78 0 8 0.000000
2 79 0 8 0.000000
2 80 0 8 0.000000
2 81 0 8 0.000000
2 82 0 8 0.000000
2 83 0 8 0.000000
2 84 0 8 0.000000
2 85 0 8 0.000000
2 86 0 8 0.000000
2 87 0 8 0.000000
2 88 0 8 0.000000
2 89 0 8 0.000000
2 90 0 8 0.000000
2 91 0 8 0.000000
3 90 0 8 0.000000
3 91 0 8 0.000000
4 90 0 8 0.000000
4 91 0 8 0.000000
5 90 0 8 0.000000
5 91 0 8 0.000000
6 90 0 8 0.000000
6 91 0 8 0.000000
7 90 0 8 0.000000
7 91 0 8 0.000000
8 90 0 8 0.000000
8 91 0 8 0.000000
9 90 0 8 0.000000
9 91 0 8 0.000000
10 90 0 8 0.000000
10 91 0 8 0.000000
11 90 0 8 0.000000
11 91 0 8 0.000000
12 90 0 8 0.000000
12 91 0 8 0.000000
13 90 0 8 0.000000
13 91 0 8 0.000000
14 90 0 8 0.000000
14 91 0 8 0.000000
15 90 0 8 0.000000
15 91 0 8 0.000000
16 90 0 8 0.000000
16 91 0 8 0.000000
17 90 0 8 0.000000
17 91 0 8 0.000000
18 90 0 8 0.000000
18 91 0 8 0.000000
19 90 0 8 0.000000
19 91 0 8 0.000000
20 90 0 8 0.000000
20 91 0 8 0.000000
21 90 0 8 0.000000
21 91 0 8 0.000000
22 90 0 8 0.000000
22 91 0 8 0.000000
23 90 0 8 0.000000
23 91 0 8 0.000000
24 90 0 8 0.000000
24 91 0 8 0.000000
25 90 0 8 0.000000
25 91 0 8 0.000000
26 90 0 8 0.000000
26 91 0 8 0.000000
27 90 0 8 0.000000
27 91 0 8 0.000000
28 90 0 8 0.000000
28 91 0 8 0.000000
29 90 0 8 0.000000
29 91 0 8 0.000000
30 90 0 8 0.000000
30 91 0 8 0.000000
31 90 0 8 0.000000
31 91 0 8 0.000000
32 90 0 8 0.000000
32 91 0 8 0.000000
33 90 0 8 0.000000
33 91 0 8 0.000000
34 90 0 8 0.000000
34 91 0 8 0.000000
35 90 0 8 0.000000
35 91 0 8 0.000000
36 90 0 8 0.000000
36 91 0 8 0.000000
37 90 0 8 0.000000
37 91 0 8 0.000000
38 90 0 8 0.000000
38 91 0 8 0.000000
39 90 0 8 0.000000
39 91 0 8 0.000000
40 90 0 8 0.000000
40 91 0 8 0.000000
41 90 0 8 0.000000
41 91 0 8 0.000000
42 90 0 8 0.000000
42 91 0 8 0.000000
43 90 0 8 0.000000
43 91 0 8 0.000000
44 90 0 8 0.000000
44 91 0 8 0.000000
45 90 0 8 0.000000
45 91 0 8 0.000000
46 90 0 8 0.000000
46 91 0 8 0.000000
47 90 0 8 0.000000
47 91 0 8 0.000000
48 90 0 8 0.000000
48 91 0 8 0.000000
49 90 0 8 0.000000
49 91 0 8 0.000000
50 90 0 8 0.000000
50 91 0 8 0.000000
51 90 0 8 0.000000
51 91 0 8 0.000000
52 90 0 8 0.000000
52 91 0 8 0.000000
53 90 0 8 0.000000
53 91 0 8 0.000000
54 90 0 8 0.000000
54 91 0 8 0.000000
55 90 0 8 0.000000
55 91 0 8 0.000000
56 90 0 8 0.000000
56 91 0 8 0.000000
57 90 0 8 0.000000
57 91 0 8 0.000000
58 90 0 8 0.000000
58 91 0 8 0.000000
59 90 0 8 0.000000
59 91 0 8 0.000000
60 90 0 8 0.000000
60 91 0 8 0.000000
61 90 0 8 0.000000
61 91 0 8 0.000000
62 90 0 8 0.000000
62 91 0 8 0.000000
63 90 0 8 0.000000
63 91 0 8 0.000000
64 90 0 8 0.000000
64 91 0 8 0.000000
65 90 0 8 0.000000
65 91 0 8 0.000000
66 90 0 8 0.000000
66 91 0 8 0.000000
67 90 0 8 0.000000
67 91 0 8 0.000000
68 90 0 8 0.000000
68 91 0 8 0.000000
69 90 0 8 0.000000
69 91 0 8 0.000000
70 90 0 8 0.000000
70 91 0 8 0.000000
71 90 0 8 0.000000
71 91 0 8 0.000000
72 90 0 8 0.000000
72 91 0 8 0.000000
73 90 0 8 0.000000
73 91 0 8 0.000000
74 90 0 8 0.000000
74 91 0 8 0.000000
75 90 0 8 0.000000
75 91 0 8 0.000000
76 90 0 8 0.000000
76 91 0 8 0.000000
77 90 0 8 0.000000
77 91 0 8 0.000000
78 90 0 8 0.000000
78 91 0 8 0.000000
79 90 0 8 0.000000
79 91 0 8 0.000000
80 90 0 8 0.000000
80 91 0 8 0.000000
81 90 0 8 0.000000
81 91 0 8 0.000000
82 90 0 8 0.000000
82 91 0 8 0.000000
83 90 0 8 0.000000
83 91 0 8 0.000000
84 90 0 8 0.000000
84 91 0 8 0.000000
85 90 0 8 0.000000
85 91 0 8 0.000000
86 91 0 8 0.000000
49 72 0 8 -0.001420
26 40 0 8 -0.001550
44 73 0 8 -0.001699
74 88 0 8 -0.003942
14 40 0 8 -0.003990
32 82 0 8 -0.004011
13 89 0 8 -0.004317
45 63 0 8 -0.005344
35 44 0 8 -0.005904
43 78 0 8 -0.006624
5 52 0 8 -0.007246
25 86 0 8 -0.007823
66 89 0 8 -0.007928
44 51 0 8 -0.007934
28 87 0 8 -0.008691
3 81 0 8 -0.008982
9 88 0 8 -0.009245
17 31 0 8 -0.009407
21 78 0 8 -0.009570
28 52 0 8 -0.009742
4 41 0 8 -0.009785
9 78 0 8 -0.009948
58 84 0 8 -0.010681
6 86 0 8 -0.010829
48 80 0 8 -0.011331
6 76 0 8 -0.012076
52 79 0 8 -0.012396
13 36 0 8 -0.012507
29 89 0 8 -0.012602
49 60 0 8 -0.012722
3 89 0 8 -0.013164
13 40 0 8 -0.013254
12 25 0 8 -0.013354
18 48 0 8 -0.014420
10 46 0 8 -0.015215
30 74 0 8 -0.015359
58 73 0 8 -0.015505
58 87 0 8 -0.015953
61 88 0 8 -0.016135
8 26 0 8 -0.016184
17 80 0 8 -0.016669
13 74 0 8 -0.017380
82 89 0 8 -0.018097
47 85 0 8 -0.020421
61 77 0 8 -0.021142
5 74 0 8 -0.021835
3 88 0 8 -0.021944
19 61 0 8 -0.022058
49 86 0 8 -0.022318
3 49 0 8 -0.022389
8 20 0 8 -0.022966
11 80 0 8 -0.023721
3 39 0 8 -0.024212
60 82 0 8 -0.024326
3 17 0 8 -0.024712
3 8 0 8 -0.024986
7 53 0 8 -0.025597
46 82 0 8 -0.025629
42 81 0 8 -0.025665
64 82 0 8 -0.026040
19 26 0 8 -0.026746
9 57 0 8 -0.026946
3 87 0 8 -0.027013
5 13 0 8 -0.027227
3 12 0 8 -0.027271
27 48 0 8 -0.028116
5 48 0 8 -0.028393
11 79 0 8 -0.028594
70 86 0 8 -0.028717
17 58 0 8 -0.028811
33 56 0 8 -0.029089
38 79 0 8 -0.029406
3 11 0 8 -0.029887
25 62 0 8 -0.029944
6 49 0 8 -0.030682
6 88 0 8 -0.031380
25 67 0 8 -0.032027
79 88 0 8 -0.032105
36 49 0 8 -0.032375
6 40 0 8 -0.032571
39 51 0 8 -0.032576
40 49 0 8 -0.032636
3 37 0 8 -0.032810
47 56 0 8 -0.033636
33 81 0 8 -0.033664
6 11 0 8 -0.033767
3 53 0 8 -0.034120
15 73 0 8 -0.034326
5 45 0 8 -0.035298
14 82 0 8 -0.035335
8 84 0 8 -0.035615
3 48 0 8 -0.036848
24 64 0 8 -0.037281
13 78 0 8 -0.037300
12 52 0 8 -0.037480
3 44 0 8 -0.037742
11 88 0 8 -0.038102
15 87 0 8 -0.038102
38 72 0 8 -0.038145
49 82 0 8 -0.038389
52 88 0 8 -0.038618
56 82 0 8 -0.039107
31 70 0 8 -0.039234
13 57 0 8 -0.039291
75 89 0 8 -0.039380
15 44 0 8 -0.039396
17 77 0 8 -0.039425
26 45 0 8 -0.039993
43 57 0 8 -0.040732
14 86 0 8 -0.041476
14 28 0 8 -0.041562
14 22 0 8 -0.042288
3 64 0 8 -0.042542
48 75 0 8 -0.042711
36 47 0 8 -0.043211
10 31 0 8 -0.043450
58 88 0 8 -0.043875
3 82 0 8 -0.044206
49 89 0 8 -0.044661
63 78 0 8 -0.045061
14 68 0 8 -0.045605
5 55 0 8 -0.045707
19 71 0 8 -0.046308
11 40 0 8 -0.046462
72 83 0 8 -0.047063
4 32 0 8 -0.047796
3 86 0 8 -0.047870
67 87 0 8 -0.048421
15 36 0 8 -0.048583
3 74 0 8 -0.048661
38 89 0 8 -0.048693
3 13 0 8 -0.048714
17 89 0 8 -0.049295
38 88 0 8 -0.049584
6 12 0 8 -0.049593
27 56 0 8 -0.050152
14 36 0 8 -0.050516
11 33 0 8 -0.050785
60 77 0 8 -0.051084
61 73 0 8 -0.051190
17 69 0 8 -0.051728
41 89 0 8 -0.052059
3 40 0 8 -0.052280
57 82 0 8 -0.053078
4 26 0 8 -0.053138
64 79 0 8 -0.054641
4 83 0 8 -0.054652
17 62 0 8 -0.054887
70 84 0 8 -0.055417
27 44 0 8 -0.055677
6 41 0 8 -0.055912
12 76 0 8 -0.056492
23 44 0 8 -0.056633
41 48 0 8 -0.056858
17 83 0 8 -0.056961
64 89 0 8 -0.057172
12 21 0 8 -0.058340
65 88 0 8 -0.059163
7 13 0 8 -0.059675
32 87 0 8 -0.059709
3 73 0 8 -0.060611
28 70 0 8 -0.060873
46 88 0 8 -0.062242
18 34 0 8 -0.062304
11 86 0 8 -0.062837
35 60 0 8 -0.062936
3 9 0 8 -0.063099
27 64 0 8 -0.063327
4 89 0 8 -0.063404
3 85 0 8 -0.063696
68 74 0 8 -0.063806
3 56 0 8 -0.064068
52 74 0 8 -0.064947
3 57 0 8 -0.065117
3 26 0 8 -0.065663
9 33 0 8 -0.065727
53 75 0 8 -0.065778
13 42 0 8 -0.065911
3 55 0 8 -0.066267
7 80 0 8 -0.066479
3 65 0 8 -0.066681
16 35 0 8 -0.066702
12 55 0 8 -0.066708
41 50 0 8 -0.066900
36 89 0 8 -0.067166
18 47 0 8 -0.067386
64 87 0 8 -0.067860
37 75 0 8 -0.068057
12 32 0 8 -0.068118
17 56 0 8 -0.068310
38 82 0 8 -0.069387
3 62 0 8 -0.069397
25 45 0 8 -0.069426
17 76 0 8 -0.069542
6 24 0 8 -0.071151
21 37 0 8 -0.071196
3 31 0 8 -0.071498
49 62 0 8 -0.072775
57 81 0 8 -0.073112
31 60 0 8 -0.073175
48 89 0 8 -0.073503
5 14 0 8 -0.074184
49 88 0 8 -0.074449
66 83 0 8 -0.074975
6 34 0 8 -0.075130
44 89 0 8 -0.075287
52 69 0 8 -0.075443
4 49 0 8 -0.075454
30 83 0 8 -0.075504
3 28 0 8 -0.075661
72 89 0 8 -0.076019
26 84 0 8 -0.076347
3 51 0 8 -0.076397
9 77 0 8 -0.076510
5 89 0 8 -0.076601
49 66 0 8 -0.076676
10 22 0 8 -0.076852
68 85 0 8 -0.077360
27 89 0 8 -0.077468
25 59 0 8 -0.078407
14 63 0 8 -0.078560
12 81 0 8 -0.079725
77 83 0 8 -0.080492
38 56 0 8 -0.081320
5 58 0 8 -0.081909
55 81 0 8 -0.082300
6 45 0 8 -0.082432
5 81 0 8 -0.082847
3 15 0 8 -0.083030
41 77 0 8 -0.083248
17 52 0 8 -0.083361
27 60 0 8 -0.083896
8 75 0 8 -0.084190
36 43 0 8 -0.084598
73 86 0 8 -0.084652
10 54 0 8 -0.084851
3 14 0 8 -0.084877
9 45 0 8 -0.085031
29 55 0 8 -0.085081
55 89 0 8 -0.085408
3 22 0 8 -0.086009
3 75 0 8 -0.086040
18 51 0 8 -0.086497
57 75 0 8 -0.086822
20 87 0 8 -0.086904
3 43 0 8 -0.087131
58 72 0 8 -0.087542
30 89 0 8 -0.087569
32 74 0 8 -0.087762
22 41 0 8 -0.088837
8 64 0 8 -0.089658
3 54 0 8 -0.089687
47 89 0 8 -0.089820
20 33 0 8 -0.090707
40 79 0 8 -0.090710
26 56 0 8 -0.090900
46 83 0 8 -0.091321
37 52 0 8 -0.091529
49 87 0 8 -0.091649
6 43 0 8 -0.091808
36 46 0 8 -0.092500
67 82 0 8 -0.092523
38 73 0 8 -0.093332
20 75 0 8 -0.093709
6 75 0 8 -0.094257
11 72 0 8 -0.094394
3 78 0 8 -0.094589
46 51 0 8 -0.095089
8 82 0 8 -0.095197
3 77 0 8 -0.095521
33 64 0 8 -0.095554
6 89 0 8 -0.095557
4 72 0 8 -0.096385
3 63 0 8 -0.096726
11 66 0 8 -0.097338
17 61 0 8 -0.097797
24 82 0 8 -0.097879
3 79 0 8 -0.097927
3 72 0 8 -0.097974
17 66 0 8 -0.098168
32 59 0 8 -0.098198
10 89 0 8 -0.098634
3 46 0 8 -0.098950
3 52 0 8 -0.099060
11 28 0 8 -0.099181
3 24 0 8 -0.099464
10 48 0 8 -0.099677
18 88 0 8 -0.100078
3 66 0 8 -0.100208
43 49 0 8 -0.100604
17 87 0 8 -0.101158
13 43 0 8 -0.102033
5 63 0 8 -0.102371
13 51 0 8 -0.102399
4 44 0 8 -0.102562
9 44 0 8 -0.102996
20 49 0 8 -0.103762
4 42 0 8 -0.104210
40 89 0 8 -0.104289
3 36 0 8 -0.104675
27 82 0 8 -0.105121
23 48 0 8 -0.105560
3 83 0 8 -0.105728
48 79 0 8 -0.105776
6 14 0 8 -0.106043
27 38 0 8 -0.106090
38 48 0 8 -0.106190
3 61 0 8 -0.106562
22 65 0 8 -0.106974
8 48 0 8 -0.107266
33 83 0 8 -0.107491
51 65 0 8 -0.108244
81 89 0 8 -0.108581
12 72 0 8 -0.108587
25 50 0 8 -0.109079
18 65 0 8 -0.109698
7 16 0 8 -0.109704
63 68 0 8 -0.110139
3 42 0 8 -0.110160
39 78 0 8 -0.110605
63 80 0 8 -0.111582
51 89 0 8 -0.111592
31 37 0 8 -0.112187
3 41 0 8 -0.112578
4 50 0 8 -0.112658
26 82 0 8 -0.112922
52 68 0 8 -0.113235
24 79 0 8 -0.114384
23 69 0 8 -0.114822
19 41 0 8 -0.114969
58 65 0 8 -0.114995
75 85 0 8 -0.115063
56 85 0 8 -0.115811
39 85 0 8 -0.115929
3 27 0 8 -0.115961
6 39 0 8 -0.115974
49 79 0 8 -0.116254
5 19 0 8 -0.116273
3 58 0 8 -0.116481
66 82 0 8 -0.116639
79 89 0 8 -0.117296
43 80 0 8 -0.117356
24 74 0 8 -0.117440
12 45 0 8 -0.118137
4 17 0 8 -0.119025
3 69 0 8 -0.119337
11 48 0 8 -0.119888
23 88 0 8 -0.119927
61 82 0 8 -0.120805
48 66 0 8 -0.121136
31 88 0 8 -0.121258
17 37 0 8 -0.121342
43 60 0 8 -0.121390
8 88 0 8 -0.121411
44 76 0 8 -0.121485
56 71 0 8 -0.121701
15 71 0 8 -0.122024
3 71 0 8 -0.122113
44 78 0 8 -0.122113
3 47 0 8 -0.122376
12 88 0 8 -0.122896
29 47 0 8 -0.122954
37 79 0 8 -0.123108
10 40 0 8 -0.123368
3 19 0 8 -0.123439
22 46 0 8 -0.123833
56 88 0 8 -0.123931
82 88 0 8 -0.124191
37 61 0 8 -0.124824
7 88 0 8 -0.124829
40 87 0 8 -0.124830
44 88 0 8 -0.125503
9 89 0 8 -0.125869
56 89 0 8 -0.125993
8 89 0 8 -0.126067
3 50 0 8 -0.126241
26 61 0 8 -0.127557
5 88 0 8 -0.127693
25 49 0 8 -0.128345
4 85 0 8 -0.128443
49 61 0 8 -0.128596
6 85 0 8 -0.129082
7 71 0 8 -0.129584
37 89 0 8 -0.129648
35 88 0 8 -0.130138
41 58 0 8 -0.130268
13 87 0 8 -0.130338
39 81 0 8 -0.131327
33 57 0 8 -0.131426
24 84 0 8 -0.131484
79 87 0 8 -0.132095
3 60 0 8 -0.132371
33 71 0 8 -0.132482
42 88 0 8 -0.132492
3 34 0 8 -0.133494
7 17 0 8 -0.133587
3 76 0 8 -0.134108
18 71 0 8 -0.134180
28 88 0 8 -0.134392
24 49 0 8 -0.134502
57 78 0 8 -0.134773
33 87 0 8 -0.135243
37 64 0 8 -0.136845
3 33 0 8 -0.137599
71 89 0 8 -0.137905
21 60 0 8 -0.138717
66 86 0 8 -0.138944
54 88 0 8 -0.138990
10 78 0 8 -0.139140
74 89 0 8 -0.139421
71 86 0 8 -0.139913
70 89 0 8 -0.140222
8 31 0 8 -0.140878
35 77 0 8 -0.142596
55 63 0 8 -0.143042
44 53 0 8 -0.143743
5 17 0 8 -0.143800
56 81 0 8 -0.144183
27 33 0 8 -0.145016
39 49 0 8 -0.145350
54 65 0 8 -0.145567
3 59 0 8 -0.145863
15 88 0 8 -0.145916
37 63 0 8 -0.146247
5 31 0 8 -0.146377
18 73 0 8 -0.146403
62 79 0 8 -0.146416
49 78 0 8 -0.146435
27 69 0 8 -0.146903
4 59 0 8 -0.146982
15 89 0 8 -0.147166
3 35 0 8 -0.148054
30 75 0 8 -0.148336
67 77 0 8 -0.148349
5 61 0 8 -0.148413
49 77 0 8 -0.149245
41 63 0 8 -0.149380
3 30 0 8 -0.149395
71 87 0 8 -0.149952
6 19 0 8 -0.150111
24 30 0 8 -0.150444
5 69 0 8 -0.150588
78 87 0 8 -0.150724
45 83 0 8 -0.151675
24 89 0 8 -0.153047
42 49 0 8 -0.154027
44 87 0 8 -0.154497
20 31 0 8 -0.154550
20 57 0 8 -0.154580
7 89 0 8 -0.155945
56 72 0 8 -0.156349
5 37 0 8 -0.156371
40 77 0 8 -0.156584
36 80 0 8 -0.157110
5 87 0 8 -0.157193
7 24 0 8 -0.157272
8 57 0 8 -0.157838
17 63 0 8 -0.158005
48 54 0 8 -0.158204
10 27 0 8 -0.158572
50 77 0 8 -0.159044
20 48 0 8 -0.159463
43 50 0 8 -0.159728
4 45 0 8 -0.159784
34 57 0 8 -0.161336
72 85 0 8 -0.162093
54 87 0 8 -0.162205
9 30 0 8 -0.163124
3 18 0 8 -0.163213
21 34 0 8 -0.163253
13 86 0 8 -0.163427
39 87 0 8 -0.163514
33 85 0 8 -0.163604
60 73 0 8 -0.163818
61 87 0 8 -0.164574
13 59 0 8 -0.164708
5 29 0 8 -0.164987
17 45 0 8 -0.164996
40 65 0 8 -0.165117
5 66 0 8 -0.165422
14 81 0 8 -0.165707
40 88 0 8 -0.165774
45 89 0 8 -0.165945
70 87 0 8 -0.166136
68 89 0 8 -0.166212
41 68 0 8 -0.166647
12 89 0 8 -0.167399
49 58 0 8 -0.167633
8 76 0 8 -0.167928
59 89 0 8 -0.168069
72 78 0 8 -0.168178
76 86 0 8 -0.168656
14 89 0 8 -0.169312
11 54 0 8 -0.169374
65 77 0 8 -0.169504
40 82 0 8 -0.169682
24 45 0 8 -0.169692
3 32 0 8 -0.169725
9 48 0 8 -0.169797
18 38 0 8 -0.169805
10 49 0 8 -0.169899
42 47 0 8 -0.170801
44 54 0 8 -0.171011
33 40 0 8 -0.171110
23 49 0 8 -0.171706
17 82 0 8 -0.171779
44 82 0 8 -0.172289
78 89 0 8 -0.172439
55 84 0 8 -0.173276
25 60 0 8 -0.173707
28 58 0 8 -0.173890
27 34 0 8 -0.173898
4 12 0 8 -0.174363
20 52 0 8 -0.174559
9 18 0 8 -0.175180
14 25 0 8 -0.175479
52 62 0 8 -0.175943
44 79 0 8 -0.176531
52 89 0 8 -0.176596
51 63 0 8 -0.176643
63 75 0 8 -0.176794
9 52 0 8 -0.176883
21 85 0 8 -0.177019
11 37 0 8 -0.177360
4 48 0 8 -0.177479
61 79 0 8 -0.178043
23 51 0 8 -0.178856
24 51 0 8 -0.179192
17 86 0 8 -0.179262
6 17 0 8 -0.179386
31 64 0 8 -0.180283
3 16 0 8 -0.180296
14 57 0 8 -0.180532
25 44 0 8 -0.181309
8 87 0 8 -0.181330
12 17 0 8 -0.181347
58 78 0 8 -0.181905
35 81 0 8 -0.182161
25 48 0 8 -0.183160
28 85 0 8 -0.184684
5 38 0 8 -0.184822
52 85 0 8 -0.185290
43 48 0 8 -0.185307
33 48 0 8 -0.185676
76 87 0 8 -0.186147
26 88 0 8 -0.186939
40 75 0 8 -0.187189
26 73 0 8 -0.187285
44 77 0 8 -0.187439
49 63 0 8 -0.187673
4 24 0 8 -0.188412
25 89 0 8 -0.188517
38 49 0 8 -0.188713
10 88 0 8 -0.188911
23 39 0 8 -0.189248
12 44 0 8 -0.189301
7 21 0 8 -0.189383
12 78 0 8 -0.189892
49 80 0 8 -0.190316
18 32 0 8 -0.190595
13 60 0 8 -0.191348
13 35 0 8 -0.192343
63 89 0 8 -0.192949
13 85 0 8 -0.192982
22 56 0 8 -0.193404
66 88 0 8 -0.193435
13 55 0 8 -0.193539
12 37 0 8 -0.193589
7 34 0 8 -0.193724
14 48 0 8 -0.193930
80 88 0 8 -0.194099
7 20 0 8 -0.194121
9 31 0 8 -0.194382
20 35 0 8 -0.194394
13 46 0 8 -0.194761
69 87 0 8 -0.195210
6 87 0 8 -0.196094
47 79 0 8 -0.196231
5 39 0 8 -0.196319
51 78 0 8 -0.196994
12 22 0 8 -0.198096
35 63 0 8 -0.198131
61 85 0 8 -0.198272
63 69 0 8 -0.198691
51 88 0 8 -0.198745
26 81 0 8 -0.199040
66 87 0 8 -0.199055
14 46 0 8 -0.200205
17 26 0 8 -0.202018
5 22 0 8 -0.203066
22 62 0 8 -0.203324
17 46 0 8 -0.203432
13 50 0 8 -0.203563
26 89 0 8 -0.203706
29 71 0 8 -0.204394
44 64 0 8 -0.204683
32 71 0 8 -0.204946
8 38 0 8 -0.205692
12 41 0 8 -0.206154
49 81 0 8 -0.206336
37 56 0 8 -0.206558
55 87 0 8 -0.206675
42 71 0 8 -0.206759
77 88 0 8 -0.206804
60 69 0 8 -0.207332
11 75 0 8 -0.207341
21 49 0 8 -0.207371
21 63 0 8 -0.207803
11 58 0 8 -0.208425
28 66 0 8 -0.208829
6 58 0 8 -0.209020
17 60 0 8 -0.209475
17 34 0 8 -0.209580
14 84 0 8 -0.209967
43 88 0 8 -0.210062
17 51 0 8 -0.210070
10 30 0 8 -0.210393
7 85 0 8 -0.210635
28 89 0 8 -0.210683
10 81 0 8 -0.210956
6 23 0 8 -0.211064
44 86 0 8 -0.211858
61 80 0 8 -0.211934
58 63 0 8 -0.212128
8 81 0 8 -0.212233
37 78 0 8 -0.212569
61 89 0 8 -0.212570
10 17 0 8 -0.212740
13 81 0 8 -0.213235
45 86 0 8 -0.213573
10 86 0 8 -0.213709
40 48 0 8 -0.214016
74 85 0 8 -0.214568
5 23 0 8 -0.214595
13 38 0 8 -0.214756
22 59 0 8 -0.215150
10 24 0 8 -0.215743
11 51 0 8 -0.215762
21 65 0 8 -0.215799
25 61 0 8 -0.216895
30 64 0 8 -0.217679
21 36 0 8 -0.217773
27 58 0 8 -0.217906
29 88 0 8 -0.218219
36 86 0 8 -0.220683
59 65 0 8 -0.220700
37 46 0 8 -0.220901
20 86 0 8 -0.221180
75 88 0 8 -0.221342
26 64 0 8 -0.221604
47 74 0 8 -0.221922
6 67 0 8 -0.222555
50 76 0 8 -0.223664
39 89 0 8 -0.223917
77 87 0 8 -0.224138
20 77 0 8 -0.224856
16 89 0 8 -0.224891
22 89 0 8 -0.225286
74 87 0 8 -0.225457
67 79 0 8 -0.225531
53 88 0 8 -0.225886
12 56 0 8 -0.225926
37 73 0 8 -0.226033
52 76 0 8 -0.226490
25 69 0 8 -0.226614
53 82 0 8 -0.226650
47 52 0 8 -0.226717
26 49 0 8 -0.226787
10 63 0 8 -0.226977
47 58 0 8 -0.227285
9 67 0 8 -0.227327
50 70 0 8 -0.227688
70 88 0 8 -0.227991
28 36 0 8 -0.228081
13 67 0 8 -0.228363
5 27 0 8 -0.228975
13 88 0 8 -0.230382
39 88 0 8 -0.232196
10 87 0 8 -0.232554
32 67 0 8 -0.232586
6 31 0 8 -0.233357
21 88 0 8 -0.233897
17 78 0 8 -0.233934
55 88 0 8 -0.233983
4 67 0 8 -0.234093
39 67 0 8 -0.234599
6 69 0 8 -0.234679
56 80 0 8 -0.235290
77 85 0 8 -0.235362
28 67 0 8 -0.235792
44 67 0 8 -0.235962
12 67 0 8 -0.236092
8 55 0 8 -0.236376
8 17 0 8 -0.236660
8 71 0 8 -0.236994
48 77 0 8 -0.237227
66 76 0 8 -0.237964
69 89 0 8 -0.238053
6 80 0 8 -0.238168
33 63 0 8 -0.238864
19 73 0 8 -0.239778
11 76 0 8 -0.240007
51 62 0 8 -0.240015
9 73 0 8 -0.240402
17 38 0 8 -0.241202
37 65 0 8 -0.241518
37 88 0 8 -0.241623
22 52 0 8 -0.242036
59 72 0 8 -0.242555
51 87 0 8 -0.242699
22 72 0 8 -0.242921
37 84 0 8 -0.243479
10 15 0 8 -0.243537
12 48 0 8 -0.244423
78 88 0 8 -0.244772
35 57 0 8 -0.244980
58 70 0 8 -0.244982
23 68 0 8 -0.245742
8 40 0 8 -0.245894
8 85 0 8 -0.245898
65 89 0 8 -0.246048
52 75 0 8 -0.246606
25 87 0 8 -0.247839
43 67 0 8 -0.247879
11 87 0 8 -0.248582
10 58 0 8 -0.249421
12 57 0 8 -0.249700
29 58 0 8 -0.250628
7 27 0 8 -0.251052
4 40 0 8 -0.251813
52 72 0 8 -0.252537
33 61 0 8 -0.252618
52 82 0 8 -0.252952
13 83 0 8 -0.253090
26 85 0 8 -0.253213
59 82 0 8 -0.253296
65 80 0 8 -0.253889
12 61 0 8 -0.255347
6 72 0 8 -0.255724
24 44 0 8 -0.255967
72 80 0 8 -0.256215
45 62 0 8 -0.256393
79 86 0 8 -0.256414
10 80 0 8 -0.256532
35 66 0 8 -0.256746
49 59 0 8 -0.257069
58 89 0 8 -0.257159
9 87 0 8 -0.257279
63 86 0 8 -0.257922
23 89 0 8 -0.258658
57 80 0 8 -0.259005
5 40 0 8 -0.259006
43 89 0 8 -0.259167
70 76 0 8 -0.261083
13 54 0 8 -0.261641
82 87 0 8 -0.261810
56 87 0 8 -0.262265
4 53 0 8 -0.262299
35 46 0 8 -0.262419
12 46 0 8 -0.262769
9 69 0 8 -0.263811
60 89 0 8 -0.264052
22 31 0 8 -0.264405
11 46 0 8 -0.264506
62 87 0 8 -0.265021
41 56 0 8 -0.265152
6 56 0 8 -0.265402
32 86 0 8 -0.265610
17 30 0 8 -0.266358
47 80 0 8 -0.267081
45 78 0 8 -0.267120
49 70 0 8 -0.267394
21 81 0 8 -0.267522
75 87 0 8 -0.267589
35 42 0 8 -0.268254
62 82 0 8 -0.269191
5 64 0 8 -0.269772
21 41 0 8 -0.270229
52 70 0 8 -0.270349
30 49 0 8 -0.270998
54 86 0 8 -0.271017
60 72 0 8 -0.271180
45 88 0 8 -0.272534
49 65 0 8 -0.272570
14 47 0 8 -0.272832
10 38 0 8 -0.273359
48 72 0 8 -0.273711
4 23 0 8 -0.273743
53 62 0 8 -0.274000
21 89 0 8 -0.274352
25 76 0 8 -0.274378
33 89 0 8 -0.274482
44 56 0 8 -0.274579
25 40 0 8 -0.276142
17 64 0 8 -0.276491
17 29 0 8 -0.276715
52 78 0 8 -0.276933
7 75 0 8 -0.277351
5 86 0 8 -0.277723
17 47 0 8 -0.278126
17 75 0 8 -0.278566
4 38 0 8 -0.278883
27 87 0 8 -0.279935
68 79 0 8 -0.280261
13 76 0 8 -0.280990
39 83 0 8 -0.281661
19 86 0 8 -0.281948
14 88 0 8 -0.282241
16 48 0 8 -0.282491
8 15 0 8 -0.282997
6 66 0 8 -0.283855
13 77 0 8 -0.284190
25 88 0 8 -0.285073
36 51 0 8 -0.285399
24 81 0 8 -0.285698
24 46 0 8 -0.285742
4 60 0 8 -0.285796
20 34 0 8 -0.286081
17 57 0 8 -0.286125
42 50 0 8 -0.286129
17 27 0 8 -0.286555
56 86 0 8 -0.287386
22 48 0 8 -0.287827
38 87 0 8 -0.288379
7 61 0 8 -0.288634
24 88 0 8 -0.289040
69 78 0 8 -0.289203
5 72 0 8 -0.289391
25 55 0 8 -0.290115
25 79 0 8 -0.290135
4 22 0 8 -0.290298
76 84 0 8 -0.290564
43 87 0 8 -0.291172
5 77 0 8 -0.291190
9 15 0 8 -0.291491
19 37 0 8 -0.291493
9 42 0 8 -0.292004
15 85 0 8 -0.292938
6 60 0 8 -0.293505
49 54 0 8 -0.294539
33 86 0 8 -0.295561
32 89 0 8 -0.295620
12 69 0 8 -0.295667
26 87 0 8 -0.296260
72 88 0 8 -0.296582
56 69 0 8 -0.297646
46 75 0 8 -0.298190
9 37 0 8 -0.298198
6 68 0 8 -0.298357
60 87 0 8 -0.299489
13 53 0 8 -0.299752
14 27 0 8 -0.300377
5 62 0 8 -0.300579
6 36 0 8 -0.300927
23 85 0 8 -0.301152
8 80 0 8 -0.301275
38 54 0 8 -0.301491
6 22 0 8 -0.301882
4 28 0 8 -0.301961
23 36 0 8 -0.302271
78 86 0 8 -0.302271
23 86 0 8 -0.302869
44 57 0 8 -0.303388
62 88 0 8 -0.303612
19 76 0 8 -0.304209
5 16 0 8 -0.304503
18 49 0 8 -0.304582
19 89 0 8 -0.305141
78 84 0 8 -0.305798
55 69 0 8 -0.305924
21 59 0 8 -0.307449
60 79 0 8 -0.307758
44 60 0 8 -0.307935
32 40 0 8 -0.308386
4 56 0 8 -0.308589
62 78 0 8 -0.308680
27 41 0 8 -0.308824
12 59 0 8 -0.309491
10 42 0 8 -0.310197
69 88 0 8 -0.310721
4 13 0 8 -0.310761
32 69 0 8 -0.310781
45 73 0 8 -0.311032
29 75 0 8 -0.311310
14 77 0 8 -0.311339
26 80 0 8 -0.311514
41 82 0 8 -0.311595
26 52 0 8 -0.311672
40 57 0 8 -0.311927
69 86 0 8 -0.311959
26 44 0 8 -0.312405
28 63 0 8 -0.312715
51 61 0 8 -0.312884
33 88 0 8 -0.312935
12 73 0 8 -0.312980
17 36 0 8 -0.313100
21 56 0 8 -0.313148
73 89 0 8 -0.313184
42 68 0 8 -0.314229
41 87 0 8 -0.314274
10 39 0 8 -0.314554
8 61 0 8 -0.315567
6 32 0 8 -0.316486
4 46 0 8 -0.316691
7 28 0 8 -0.317546
23 43 0 8 -0.317692
24 85 0 8 -0.317786
31 83 0 8 -0.318239
35 82 0 8 -0.318283
32 73 0 8 -0.318284
39 46 0 8 -0.319217
49 71 0 8 -0.319316
64 85 0 8 -0.319685
35 69 0 8 -0.319720
27 88 0 8 -0.319823
23 35 0 8 -0.319917
6 51 0 8 -0.320283
58 83 0 8 -0.320770
35 89 0 8 -0.320889
18 89 0 8 -0.320930
62 69 0 8 -0.321257
7 86 0 8 -0.321370
16 88 0 8 -0.321529
12 86 0 8 -0.321943
24 87 0 8 -0.322026
4 63 0 8 -0.322411
71 88 0 8 -0.322666
25 57 0 8 -0.322806
24 41 0 8 -0.322954
9 58 0 8 -0.323264
19 39 0 8 -0.323678
44 85 0 8 -0.323973
26 37 0 8 -0.324034
15 61 0 8 -0.324218
34 79 0 8 -0.324251
49 74 0 8 -0.324695
27 55 0 8 -0.324783
34 52 0 8 -0.325385
17 41 0 8 -0.325623
40 76 0 8 -0.325693
15 48 0 8 -0.326792
9 24 0 8 -0.326807
32 60 0 8 -0.327039
19 65 0 8 -0.327133
27 67 0 8 -0.328038
72 84 0 8 -0.328226
59 79 0 8 -0.328330
37 48 0 8 -0.329215
13 28 0 8 -0.330148
10 45 0 8 -0.331295
18 36 0 8 -0.331948
39 70 0 8 -0.332176
30 48 0 8 -0.332333
26 36 0 8 -0.332889
63 84 0 8 -0.333170
13 47 0 8 -0.333364
76 83 0 8 -0.333378
59 88 0 8 -0.333742
45 61 0 8 -0.334045
25 56 0 8 -0.334119
16 80 0 8 -0.334425
45 87 0 8 -0.334455
53 87 0 8 -0.335496
17 84 0 8 -0.335874
4 66 0 8 -0.336137
14 33 0 8 -0.337026
52 66 0 8 -0.337222
4 55 0 8 -0.337268
36 76 0 8 -0.337424
17 68 0 8 -0.337811
6 71 0 8 -0.339611
48 56 0 8 -0.340206
9 79 0 8 -0.340358
28 60 0 8 -0.341410
17 32 0 8 -0.341461
38 68 0 8 -0.342244
36 54 0 8 -0.342451
28 46 0 8 -0.343024
17 28 0 8 -0.343253
12 87 0 8 -0.343520
38 83 0 8 -0.344059
8 32 0 8 -0.344264
63 82 0 8 -0.344369
14 65 0 8 -0.344400
17 81 0 8 -0.344752
7 67 0 8 -0.344965
41 83 0 8 -0.345250
5 24 0 8 -0.345463
53 61 0 8 -0.346660
5 85 0 8 -0.347134
24 75 0 8 -0.347239
14 87 0 8 -0.347445
29 35 0 8 -0.347505
60 76 0 8 -0.349210
22 49 0 8 -0.349217
65 76 0 8 -0.349607
39 86 0 8 -0.349858
15 47 0 8 -0.349996
27 49 0 8 -0.351295
78 85 0 8 -0.351315
31 67 0 8 -0.351379
61 72 0 8 -0.351521
9 74 0 8 -0.352267
23 79 0 8 -0.353536
57 79 0 8 -0.354353
10 19 0 8 -0.354355
59 81 0 8 -0.354624
4 77 0 8 -0.355029
4 25 0 8 -0.355183
49 57 0 8 -0.355370
48 68 0 8 -0.355517
27 47 0 8 -0.355540
38 81 0 8 -0.355802
9 36 0 8 -0.356270
4 14 0 8 -0.356271
14 44 0 8 -0.356946
24 50 0 8 -0.357335
76 88 0 8 -0.357533
20 37 0 8 -0.357917
20 50 0 8 -0.358728
27 72 0 8 -0.359695
4 52 0 8 -0.360206
39 54 0 8 -0.360269
26 66 0 8 -0.360293
24 40 0 8 -0.360906
48 78 0 8 -0.361247
26 42 0 8 -0.361352
8 70 0 8 -0.361661
61 71 0 8 -0.362547
51 75 0 8 -0.363172
5 15 0 8 -0.363277
9 72 0 8 -0.363523
28 84 0 8 -0.363816
65 79 0 8 -0.364126
16 84 0 8 -0.364623
72 86 0 8 -0.364889
5 75 0 8 -0.364972
18 23 0 8 -0.365697
17 42 0 8 -0.366076
56 64 0 8 -0.366236
20 56 0 8 -0.366471
10 83 0 8 -0.366616
17 79 0 8 -0.366712
23 57 0 8 -0.366886
44 58 0 8 -0.367113
48 58 0 8 -0.367568
30 86 0 8 -0.367712
7 40 0 8 -0.368445
15 34 0 8 -0.368633
9 85 0 8 -0.368745
11 41 0 8 -0.368877
32 56 0 8 -0.369093
14 21 0 8 -0.369199
32 79 0 8 -0.369216
40 78 0 8 -0.369336
36 83 0 8 -0.369713
44 72 0 8 -0.370068
46 86 0 8 -0.370654
30 56 0 8 -0.371164
47 88 0 8 -0.371514
19 56 0 8 -0.372621
74 84 0 8 -0.372935
49 67 0 8 -0.373096
29 51 0 8 -0.373464
58 69 0 8 -0.373531
4 65 0 8 -0.373561
71 82 0 8 -0.373620
5 80 0 8 -0.373630
18 87 0 8 -0.373711
57 86 0 8 -0.374166
35 50 0 8 -0.374514
58 86 0 8 -0.374526
5 71 0 8 -0.374564
18 56 0 8 -0.375303
4 62 0 8 -0.375833
64 75 0 8 -0.375920
17 39 0 8 -0.376759
32 49 0 8 -0.377027
66 78 0 8 -0.377901
8 86 0 8 -0.378229
17 53 0 8 -0.378676
39 48 0 8 -0.379856
38 59 0 8 -0.380256
66 72 0 8 -0.380650
8 78 0 8 -0.380961
11 21 0 8 -0.381007
23 87 0 8 -0.382093
39 80 0 8 -0.382446
40 80 0 8 -0.383321
31 63 0 8 -0.384159
28 44 0 8 -0.384200
33 75 0 8 -0.384356
16 60 0 8 -0.384880
11 27 0 8 -0.385529
6 15 0 8 -0.385726
73 80 0 8 -0.386217
14 23 0 8 -0.386783
9 16 0 8 -0.387430
4 61 0 8 -0.387514
8 69 0 8 -0.387589
11 55 0 8 -0.387692
43 56 0 8 -0.387981
24 29 0 8 -0.388745
43 79 0 8 -0.389001
11 73 0 8 -0.389381
9 86 0 8 -0.389903
12 40 0 8 -0.390143
33 84 0 8 -0.390465
10 85 0 8 -0.390745
31 61 0 8 -0.391889
48 55 0 8 -0.392007
40 72 0 8 -0.392973
36 45 0 8 -0.393429
31 68 0 8 -0.393490
57 71 0 8 -0.393634
59 87 0 8 -0.393936
17 73 0 8 -0.394324
55 68 0 8 -0.394447
19 46 0 8 -0.394836
6 27 0 8 -0.395131
13 62 0 8 -0.395137
58 81 0 8 -0.395324
51 56 0 8 -0.395501
30 66 0 8 -0.395857
4 68 0 8 -0.396932
44 61 0 8 -0.397361
18 54 0 8 -0.397665
12 26 0 8 -0.397674
67 74 0 8 -0.398225
32 88 0 8 -0.398391
45 77 0 8 -0.398745
55 82 0 8 -0.398991
13 70 0 8 -0.399489
25 73 0 8 -0.399600
49 76 0 8 -0.399880
35 87 0 8 -0.399921
55 85 0 8 -0.400013
5 51 0 8 -0.400337
48 67 0 8 -0.400347
12 79 0 8 -0.400922
54 73 0 8 -0.401224
29 46 0 8 -0.401544
48 61 0 8 -0.402018
48 74 0 8 -0.402117
5 54 0 8 -0.404764
55 61 0 8 -0.405118
42 73 0 8 -0.405450
27 80 0 8 -0.405875
15 23 0 8 -0.406595
28 81 0 8 -0.406775
23 83 0 8 -0.407594
25 46 0 8 -0.408516
6 37 0 8 -0.408621
9 71 0 8 -0.408845
25 58 0 8 -0.408971
25 41 0 8 -0.409317
40 71 0 8 -0.409853
47 72 0 8 -0.409862
6 26 0 8 -0.410165
45 79 0 8 -0.410230
21 61 0 8 -0.410548
4 78 0 8 -0.410608
40 60 0 8 -0.410733
12 54 0 8 -0.411144
9 50 0 8 -0.411858
39 47 0 8 -0.411949
33 49 0 8 -0.412075
58 68 0 8 -0.412483
9 83 0 8 -0.412686
28 48 0 8 -0.413587
10 28 0 8 -0.413709
27 59 0 8 -0.414535
55 60 0 8 -0.414587
19 88 0 8 -0.414871
25 85 0 8 -0.414904
64 77 0 8 -0.415298
54 60 0 8 -0.415863
20 59 0 8 -0.415936
57 72 0 8 -0.416619
27 86 0 8 -0.417226
16 31 0 8 -0.417374
40 59 0 8 -0.417693
8 25 0 8 -0.418822
46 58 0 8 -0.419101
50 55 0 8 -0.419765
37 86 0 8 -0.419771
75 82 0 8 -0.420148
51 84 0 8 -0.420891
26 43 0 8 -0.422176
50 87 0 8 -0.422962
20 61 0 8 -0.423273
4 36 0 8 -0.425257
48 81 0 8 -0.425414
31 73 0 8 -0.425533
48 53 0 8 -0.425763
5 78 0 8 -0.426088
4 19 0 8 -0.427257
8 23 0 8 -0.427810
64 78 0 8 -0.428008
15 37 0 8 -0.428584
36 77 0 8 -0.428761
33 79 0 8 -0.429638
6 77 0 8 -0.430369
23 82 0 8 -0.431852
41 60 0 8 -0.431888
9 56 0 8 -0.431953
35 43 0 8 -0.432140
4 58 0 8 -0.432254
32 72 0 8 -0.432857
60 84 0 8 -0.432966
35 85 0 8 -0.433112
23 75 0 8 -0.433249
42 74 0 8 -0.433683
47 87 0 8 -0.433828
5 57 0 8 -0.433904
15 55 0 8 -0.434032
35 75 0 8 -0.434546
8 58 0 8 -0.435082
21 74 0 8 -0.435530
38 80 0 8 -0.435564
56 84 0 8 -0.436157
24 86 0 8 -0.436228
5 79 0 8 -0.436374
57 73 0 8 -0.436386
10 64 0 8 -0.436898
6 33 0 8 -0.437172
44 69 0 8 -0.437185
10 84 0 8 -0.437584
16 29 0 8 -0.437585
22 88 0 8 -0.438061
6 82 0 8 -0.438269
23 52 0 8 -0.439865
4 27 0 8 -0.441041
18 62 0 8 -0.441218
27 43 0 8 -0.441919
50 56 0 8 -0.442216
46 66 0 8 -0.442894
56 62 0 8 -0.442910
11 64 0 8 -0.443379
57 87 0 8 -0.443679
7 83 0 8 -0.443736
32 58 0 8 -0.444230
10 47 0 8 -0.444657
61 75 0 8 -0.446319
10 74 0 8 -0.446758
19 44 0 8 -0.446894
69 80 0 8 -0.446995
10 37 0 8 -0.447384
13 27 0 8 -0.447875
32 68 0 8 -0.448016
47 86 0 8 -0.448047
51 79 0 8 -0.448785
10 62 0 8 -0.448973
38 58 0 8 -0.449207
14 31 0 8 -0.449611
43 83 0 8 -0.449905
40 45 0 8 -0.450185
18 74 0 8 -0.450436
47 82 0 8 -0.450719
55 86 0 8 -0.450839
13 22 0 8 -0.451038
12 35 0 8 -0.451409
33 38 0 8 -0.451948
42 55 0 8 -0.452173
26 86 0 8 -0.452816
39 82 0 8 -0.453881
63 72 0 8 -0.454164
29 65 0 8 -0.454303
10 50 0 8 -0.454742
38 52 0 8 -0.455865
22 77 0 8 -0.456862
71 80 0 8 -0.457042
28 83 0 8 -0.457192
35 86 0 8 -0.457297
61 86 0 8 -0.457497
13 41 0 8 -0.457764
39 59 0 8 -0.457932
61 83 0 8 -0.458015
28 49 0 8 -0.458060
55 65 0 8 -0.458481
4 39 0 8 -0.458647
32 57 0 8 -0.459760
44 83 0 8 -0.459789
71 83 0 8 -0.459985
13 80 0 8 -0.460162
40 55 0 8 -0.460758
14 80 0 8 -0.461890
26 69 0 8 -0.462137
21 39 0 8 -0.462295
30 44 0 8 -0.462363
24 56 0 8 -0.463002
25 53 0 8 -0.463780
6 38 0 8 -0.464010
44 63 0 8 -0.464186
20 30 0 8 -0.464913
22 43 0 8 -0.465062
38 51 0 8 -0.465954
44 62 0 8 -0.465958
9 32 0 8 -0.466698
62 86 0 8 -0.466966
15 43 0 8 -0.467003
64 74 0 8 -0.467411
12 85 0 8 -0.467503
18 46 0 8 -0.469993
34 78 0 8 -0.470677
5 70 0 8 -0.470811
7 22 0 8 -0.471248
5 53 0 8 -0.471957
10 51 0 8 -0.472094
54 85 0 8 -0.473090
13 73 0 8 -0.473360
14 51 0 8 -0.473429
9 46 0 8 -0.473500
20 26 0 8 -0.475556
8 22 0 8 -0.475745
13 66 0 8 -0.476150
5 34 0 8 -0.476197
30 88 0 8 -0.477034
46 62 0 8 -0.477342
22 87 0 8 -0.477635
4 76 0 8 -0.477909
28 75 0 8 -0.478034
6 29 0 8 -0.478530
65 83 0 8 -0.478877
36 70 0 8 -0.479086
14 71 0 8 -0.479321
25 81 0 8 -0.479350
5 76 0 8 -0.479470
7 52 0 8 -0.480138
63 83 0 8 -0.480642
64 80 0 8 -0.480844
5 41 0 8 -0.481337
17 59 0 8 -0.481433
8 21 0 8 -0.482111
44 59 0 8 -0.482298
65 81 0 8 -0.482516
64 72 0 8 -0.482809
27 79 0 8 -0.483653
38 86 0 8 -0.484112
21 53 0 8 -0.484273
35 83 0 8 -0.485075
13 68 0 8 -0.485783
25 38 0 8 -0.486633
44 52 0 8 -0.486725
12 84 0 8 -0.486801
33 60 0 8 -0.487329
41 85 0 8 -0.487619
21 45 0 8 -0.487877
7 25 0 8 -0.488886
56 63 0 8 -0.489170
26 57 0 8 -0.489336
55 71 0 8 -0.490273
14 26 0 8 -0.490537
20 85 0 8 -0.491100
60 80 0 8 -0.491441
54 83 0 8 -0.492218
6 61 0 8 -0.492230
23 55 0 8 -0.492243
5 36 0 8 -0.492422
5 42 0 8 -0.492554
43 63 0 8 -0.492683
30 71 0 8 -0.492869
20 76 0 8 -0.492935
22 54 0 8 -0.493210
31 81 0 8 -0.493528
40 63 0 8 -0.493882
4 33 0 8 -0.494355
41 71 0 8 -0.494731
6 78 0 8 -0.495568
9 66 0 8 -0.495882
19 81 0 8 -0.496041
44 81 0 8 -0.496225
36 62 0 8 -0.496297
6 74 0 8 -0.496656
28 38 0 8 -0.496753
55 67 0 8 -0.497280
12 47 0 8 -0.497658
44 71 0 8 -0.498190
40 47 0 8 -0.498431
18 63 0 8 -0.498979
22 33 0 8 -0.498996
31 56 0 8 -0.499503
31 58 0 8 -0.500436
47 54 0 8 -0.500662
11 18 0 8 -0.500934
9 84 0 8 -0.501190
27 32 0 8 -0.501440
44 70 0 8 -0.501523
50 79 0 8 -0.502203
9 51 0 8 -0.502449
14 35 0 8 -0.502499
4 34 0 8 -0.502903
13 82 0 8 -0.503099
25 35 0 8 -0.503124
67 80 0 8 -0.504482
45 75 0 8 -0.505066
45 84 0 8 -0.505566
9 63 0 8 -0.505706
44 74 0 8 -0.506226
5 67 0 8 -0.506667
71 77 0 8 -0.508088
43 58 0 8 -0.508796
11 82 0 8 -0.509554
13 61 0 8 -0.509642
8 45 0 8 -0.509791
6 54 0 8 -0.510123
45 55 0 8 -0.510159
28 64 0 8 -0.510476
12 36 0 8 -0.512006
24 65 0 8 -0.512952
24 33 0 8 -0.513742
45 69 0 8 -0.515039
20 67 0 8 -0.515258
16 33 0 8 -0.516330
28 78 0 8 -0.516544
62 72 0 8 -0.517135
62 76 0 8 -0.518577
23 71 0 8 -0.519064
40 62 0 8 -0.519604
20 44 0 8 -0.519914
11 71 0 8 -0.519926
38 74 0 8 -0.520160
23 70 0 8 -0.520646
46 61 0 8 -0.520865
5 60 0 8 -0.521091
5 30 0 8 -0.522009
56 76 0 8 -0.522945
6 47 0 8 -0.523400
38 77 0 8 -0.523701
16 64 0 8 -0.523903
20 25 0 8 -0.524876
19 78 0 8 -0.524913
17 43 0 8 -0.525207
22 44 0 8 -0.525251
11 36 0 8 -0.525261
11 65 0 8 -0.525581
67 84 0 8 -0.525646
53 71 0 8 -0.525962
41 61 0 8 -0.526520
47 59 0 8 -0.527357
20 28 0 8 -0.527650
27 70 0 8 -0.529256
56 68 0 8 -0.529620
46 78 0 8 -0.530236
19 66 0 8 -0.530765
22 61 0 8 -0.530908
5 47 0 8 -0.531217
23 45 0 8 -0.531419
54 64 0 8 -0.531701
6 55 0 8 -0.531942
9 64 0 8 -0.532785
8 52 0 8 -0.532970
7 41 0 8 -0.534055
15 41 0 8 -0.534710
9 54 0 8 -0.535186
14 85 0 8 -0.535805
46 63 0 8 -0.536563
36 78 0 8 -0.536882
67 86 0 8 -0.537098
69 82 0 8 -0.538291
51 68 0 8 -0.538847
34 54 0 8 -0.539116
37 80 0 8 -0.540085
33 70 0 8 -0.541172
19 29 0 8 -0.541478
70 83 0 8 -0.541528
37 66 0 8 -0.541822
8 37 0 8 -0.541939
23 80 0 8 -0.542227
46 80 0 8 -0.542633
14 53 0 8 -0.543031
31 74 0 8 -0.543729
28 59 0 8 -0.544406
22 75 0 8 -0.544487
6 63 0 8 -0.544853
41 65 0 8 -0.546190
11 38 0 8 -0.546424
45 72 0 8 -0.546759
41 70 0 8 -0.547147
4 57 0 8 -0.548017
26 31 0 8 -0.548081
42 48 0 8 -0.548084
69 83 0 8 -0.549897
38 46 0 8 -0.550074
24 58 0 8 -0.550755
47 63 0 8 -0.551065
43 69 0 8 -0.551501
40 73 0 8 -0.551602
45 64 0 8 -0.551621
29 86 0 8 -0.552324
10 79 0 8 -0.552952
70 82 0 8 -0.553173
16 43 0 8 -0.553187
23 46 0 8 -0.553269
24 52 0 8 -0.553428
9 27 0 8 -0.555417
24 68 0 8 -0.557615
22 78 0 8 -0.558575
13 58 0 8 -0.559111
48 73 0 8 -0.559176
37 68 0 8 -0.559457
22 45 0 8 -0.559668
51 72 0 8 -0.559852
19 82 0 8 -0.559879
43 59 0 8 -0.560051
40 66 0 8 -0.560722
75 84 0 8 -0.560832
27 75 0 8 -0.561381
40 61 0 8 -0.561969
40 84 0 8 -0.562587
19 87 0 8 -0.563220
17 35 0 8 -0.563758
47 61 0 8 -0.564658
57 85 0 8 -0.564936
48 62 0 8 -0.565645
40 52 0 8 -0.566763
36 56 0 8 -0.567886
19 40 0 8 -0.567947
15 62 0 8 -0.568497
6 59 0 8 -0.568689
27 62 0 8 -0.568716
26 51 0 8 -0.569672
53 86 0 8 -0.571082
37 67 0 8 -0.571620
68 80 0 8 -0.571926
4 16 0 8 -0.573001
7 63 0 8 -0.573569
42 54 0 8 -0.574388
5 73 0 8 -0.574430
4 69 0 8 -0.574795
18 52 0 8 -0.575727
21 52 0 8 -0.576077
9 62 0 8 -0.576123
38 57 0 8 -0.578768
21 77 0 8 -0.579892
13 29 0 8 -0.580778
36 66 0 8 -0.581532
11 52 0 8 -0.582168
51 64 0 8 -0.582994
60 86 0 8 -0.583317
25 84 0 8 -0.583632
15 84 0 8 -0.584071
26 63 0 8 -0.584430
41 75 0 8 -0.584593
29 44 0 8 -0.585079
16 30 0 8 -0.585342
7 55 0 8 -0.587108
30 54 0 8 -0.587276
46 55 0 8 -0.587876
10 35 0 8 -0.588339
16 62 0 8 -0.588896
28 72 0 8 -0.589530
14 52 0 8 -0.589693
40 81 0 8 -0.590887
5 50 0 8 -0.590919
14 30 0 8 -0.591415
9 21 0 8 -0.591745
31 43 0 8 -0.592365
39 84 0 8 -0.592375
63 77 0 8 -0.592784
32 66 0 8 -0.592789
23 62 0 8 -0.593683
39 72 0 8 -0.593778
19 77 0 8 -0.594356
4 30 0 8 -0.594663
45 66 0 8 -0.595411
59 80 0 8 -0.595775
72 81 0 8 -0.595835
43 66 0 8 -0.596155
51 58 0 8 -0.596982
66 71 0 8 -0.600889
18 26 0 8 -0.600902
9 29 0 8 -0.603429
58 82 0 8 -0.603978
30 45 0 8 -0.604197
27 66 0 8 -0.604465
75 83 0 8 -0.605923
24 77 0 8 -0.606066
26 74 0 8 -0.606420
30 40 0 8 -0.607032
40 58 0 8 -0.608085
21 87 0 8 -0.608351
34 72 0 8 -0.609964
16 49 0 8 -0.611699
28 53 0 8 -0.612618
20 39 0 8 -0.613066
45 85 0 8 -0.613117
38 66 0 8 -0.613142
20 58 0 8 -0.613380
33 53 0 8 -0.613991
47 69 0 8 -0.614674
8 24 0 8 -0.615397
8 54 0 8 -0.616306
56 74 0 8 -0.616572
70 78 0 8 -0.617101
7 42 0 8 -0.617300
50 65 0 8 -0.617794
29 81 0 8 -0.618873
5 28 0 8 -0.619151
9 38 0 8 -0.619341
63 71 0 8 -0.620357
43 73 0 8 -0.620469
30 85 0 8 -0.620645
28 76 0 8 -0.620661
36 68 0 8 -0.621833
10 41 0 8 -0.622622
19 64 0 8 -0.622936
27 71 0 8 -0.623784
66 84 0 8 -0.625985
17 50 0 8 -0.625992
9 55 0 8 -0.626624
39 61 0 8 -0.626987
27 85 0 8 -0.628103
19 74 0 8 -0.628529
41 52 0 8 -0.628891
10 53 0 8 -0.631422
31 55 0 8 -0.631579
13 84 0 8 -0.633388
23 38 0 8 -0.633491
50 86 0 8 -0.633604
5 18 0 8 -0.634348
39 66 0 8 -0.635784
60 85 0 8 -0.635893
35 52 0 8 -0.636261
22 34 0 8 -0.636359
54 84 0 8 -0.638260
11 23 0 8 -0.641117
25 80 0 8 -0.642795
6 18 0 8 -0.643367
68 77 0 8 -0.643573
11 35 0 8 -0.645727
5 68 0 8 -0.645842
42 84 0 8 -0.646214
13 19 0 8 -0.646338
40 67 0 8 -0.647809
13 23 0 8 -0.648101
28 68 0 8 -0.648509
32 44 0 8 -0.648553
38 55 0 8 -0.648944
23 37 0 8 -0.649052
11 56 0 8 -0.649396
34 71 0 8 -0.649885
6 42 0 8 -0.649955
18 80 0 8 -0.650610
24 55 0 8 -0.651367
29 73 0 8 -0.651894
46 70 0 8 -0.652241
28 45 0 8 -0.652683
54 82 0 8 -0.653079
31 38 0 8 -0.653829
7 79 0 8 -0.654767
39 69 0 8 -0.654943
16 37 0 8 -0.655522
36 52 0 8 -0.655540
24 62 0 8 -0.655571
6 62 0 8 -0.657303
55 62 0 8 -0.657809
58 77 0 8 -0.658262
9 26 0 8 -0.658545
14 41 0 8 -0.659632
8 63 0 8 -0.659634
6 50 0 8 -0.660652
42 58 0 8 -0.660827
23 40 0 8 -0.661860
20 46 0 8 -0.663759
42 62 0 8 -0.664093
7 57 0 8 -0.664161
28 71 0 8 -0.664379
46 53 0 8 -0.664425
8 68 0 8 -0.665971
28 33 0 8 -0.666275
11 26 0 8 -0.666320
32 37 0 8 -0.667002
28 77 0 8 -0.671017
14 43 0 8 -0.671318
6 35 0 8 -0.671656
4 73 0 8 -0.672049
53 59 0 8 -0.673986
31 62 0 8 -0.674389
7 78 0 8 -0.674490
43 61 0 8 -0.675676
38 69 0 8 -0.676338
31 59 0 8 -0.676590
9 76 0 8 -0.677234
50 69 0 8 -0.677599
22 47 0 8 -0.677745
27 46 0 8 -0.677752
61 81 0 8 -0.678290
42 56 0 8 -0.678631
19 83 0 8 -0.679931
20 55 0 8 -0.680050
41 86 0 8 -0.681702
10 67 0 8 -0.682140
53 69 0 8 -0.682199
34 80 0 8 -0.682603
71 84 0 8 -0.682827
24 69 0 8 -0.683419
14 69 0 8 -0.683870
12 24 0 8 -0.687194
11 67 0 8 -0.688161
40 69 0 8 -0.688931
7 33 0 8 -0.689156
26 77 0 8 -0.689171
27 52 0 8 -0.689391
4 64 0 8 -0.689693
6 30 0 8 -0.690192
70 77 0 8 -0.690283
69 84 0 8 -0.692791
14 83 0 8 -0.693256
9 81 0 8 -0.693867
60 70 0 8 -0.694536
47 75 0 8 -0.695868
16 36 0 8 -0.696423
31 39 0 8 -0.696603
8 59 0 8 -0.697939
9 75 0 8 -0.698324
7 72 0 8 -0.698598
43 82 0 8 -0.699655
62 74 0 8 -0.700299
14 60 0 8 -0.700436
34 69 0 8 -0.701880
15 57 0 8 -0.702237
63 74 0 8 -0.703063
11 68 0 8 -0.704456
39 74 0 8 -0.704753
54 79 0 8 -0.705870
9 25 0 8 -0.706605
21 62 0 8 -0.708055
50 66 0 8 -0.708134
12 83 0 8 -0.708341
29 63 0 8 -0.708461
33 76 0 8 -0.708487
27 57 0 8 -0.709067
10 66 0 8 -0.709241
32 75 0 8 -0.709902
11 20 0 8 -0.710496
55 66 0 8 -0.711665
68 84 0 8 -0.711967
25 82 0 8 -0.713241
30 58 0 8 -0.713649
34 70 0 8 -0.714148
37 81 0 8 -0.714817
22 80 0 8 -0.716053
28 79 0 8 -0.717438
54 69 0 8 -0.717631
8 33 0 8 -0.718069
33 73 0 8 -0.718201
16 38 0 8 -0.718220
36 59 0 8 -0.720382
14 29 0 8 -0.720905
27 74 0 8 -0.721931
37 45 0 8 -0.722988
35 40 0 8 -0.723065
42 76 0 8 -0.723933
20 53 0 8 -0.724031
29 40 0 8 -0.724282
9 82 0 8 -0.724609
8 65 0 8 -0.724895
7 37 0 8 -0.725926
12 53 0 8 -0.727877
57 84 0 8 -0.728060
11 31 0 8 -0.728174
41 80 0 8 -0.729367
21 86 0 8 -0.730179
37 58 0 8 -0.731661
37 70 0 8 -0.731854
25 42 0 8 -0.732371
37 62 0 8 -0.734617
23 28 0 8 -0.735266
51 81 0 8 -0.735765
10 43 0 8 -0.736181
25 83 0 8 -0.736213
60 67 0 8 -0.736434
9 59 0 8 -0.736727
24 53 0 8 -0.737071
14 61 0 8 -0.737217
45 50 0 8 -0.738662
10 70 0 8 -0.739970
11 53 0 8 -0.740896
7 35 0 8 -0.741863
27 84 0 8 -0.742757
7 76 0 8 -0.742952
21 40 0 8 -0.743662
54 81 0 8 -0.745296
31 65 0 8 -0.746689
10 26 0 8 -0.749179
34 61 0 8 -0.749467
7 15 0 8 -0.750100
41 78 0 8 -0.750466
11 81 0 8 -0.750546
30 78 0 8 -0.750579
24 83 0 8 -0.751161
24 39 0 8 -0.751467
12 34 0 8 -0.755240
28 86 0 8 -0.756764
45 53 0 8 -0.757059
12 51 0 8 -0.757479
31 78 0 8 -0.758327
18 69 0 8 -0.760647
13 32 0 8 -0.761886
41 55 0 8 -0.762796
9 53 0 8 -0.763073
33 43 0 8 -0.764709
66 85 0 8 -0.765241
29 48 0 8 -0.767249
46 56 0 8 -0.767419
23 31 0 8 -0.768324
7 36 0 8 -0.769009
19 60 0 8 -0.769184
13 30 0 8 -0.769526
12 74 0 8 -0.769527
29 43 0 8 -0.769564
14 74 0 8 -0.769574
67 72 0 8 -0.769642
15 86 0 8 -0.770784
15 31 0 8 -0.771267
38 62 0 8 -0.771436
15 64 0 8 -0.772952
19 63 0 8 -0.773321
39 71 0 8 -0.773714
59 74 0 8 -0.775086
18 39 0 8 -0.775630
39 56 0 8 -0.777937
35 67 0 8 -0.778043
23 56 0 8 -0.778084
6 65 0 8 -0.778263
51 69 0 8 -0.778263
37 59 0 8 -0.779582
19 53 0 8 -0.780924
19 54 0 8 -0.781181
28 51 0 8 -0.781981
8 73 0 8 -0.782428
18 77 0 8 -0.782669
21 57 0 8 -0.782711
31 52 0 8 -0.782956
33 67 0 8 -0.783490
53 63 0 8 -0.783516
8 29 0 8 -0.783803
16 69 0 8 -0.784661
35 51 0 8 -0.785101
23 60 0 8 -0.787026
13 75 0 8 -0.789030
23 53 0 8 -0.789535
43 72 0 8 -0.789641
7 50 0 8 -0.790902
15 28 0 8 -0.793059
7 69 0 8 -0.793446
39 52 0 8 -0.794042
26 78 0 8 -0.794563
37 50 0 8 -0.796610
45 54 0 8 -0.798121
29 70 0 8 -0.798419
9 23 0 8 -0.801375
12 58 0 8 -0.801445
53 67 0 8 -0.801518
51 83 0 8 -0.802709
72 82 0 8 -0.803065
26 75 0 8 -0.804611
20 80 0 8 -0.805214
7 77 0 8 -0.805948
15 76 0 8 -0.806289
25 75 0 8 -0.806984
33 74 0 8 -0.807730
27 68 0 8 -0.807931
33 39 0 8 -0.809216
47 70 0 8 -0.809292
13 79 0 8 -0.809759
29 39 0 8 -0.809854
5 59 0 8 -0.810183
34 83 0 8 -0.814413
47 60 0 8 -0.815376
18 86 0 8 -0.815415
35 84 0 8 -0.817331
8 60 0 8 -0.818101
77 84 0 8 -0.818992
28 39 0 8 -0.820845
24 78 0 8 -0.821102
25 47 0 8 -0.821222
29 78 0 8 -0.822526
61 69 0 8 -0.822668
27 39 0 8 -0.823421
31 41 0 8 -0.825638
34 62 0 8 -0.826153
32 46 0 8 -0.826623
22 74 0 8 -0.828020
26 46 0 8 -0.828113
20 83 0 8 -0.829032
33 52 0 8 -0.829904
14 59 0 8 -0.830866
37 43 0 8 -0.831719
46 52 0 8 -0.831936
59 66 0 8 -0.832914
11 45 0 8 -0.836078
19 57 0 8 -0.840825
28 74 0 8 -0.841739
22 60 0 8 -0.842623
22 84 0 8 -0.843203
12 23 0 8 -0.843488
8 67 0 8 -0.844088
30 41 0 8 -0.846717
7 73 0 8 -0.848538
26 67 0 8 -0.849249
58 64 0 8 -0.849624
21 66 0 8 -0.850685
19 70 0 8 -0.851395
62 73 0 8 -0.851893
25 71 0 8 -0.852120
8 36 0 8 -0.852518
21 42 0 8 -0.852596
20 45 0 8 -0.852729
32 51 0 8 -0.853147
29 42 0 8 -0.855795
55 76 0 8 -0.857924
19 69 0 8 -0.858756
63 81 0 8 -0.861621
15 77 0 8 -0.861759
19 80 0 8 -0.862352
24 67 0 8 -0.862504
13 21 0 8 -0.862875
14 62 0 8 -0.863177
12 71 0 8 -0.863622
26 55 0 8 -0.864067
22 39 0 8 -0.864854
37 54 0 8 -0.864924
16 56 0 8 -0.865657
13 64 0 8 -0.868348
25 64 0 8 -0.868828
36 84 0 8 -0.869416
33 45 0 8 -0.870079
7 66 0 8 -0.870714
70 79 0 8 -0.871050
16 85 0 8 -0.876694
12 28 0 8 -0.877698
35 45 0 8 -0.877908
19 85 0 8 -0.879725
20 43 0 8 -0.880034
53 85 0 8 -0.880733
21 75 0 8 -0.880761
16 86 0 8 -0.880868
22 81 0 8 -0.881459
27 83 0 8 -0.881965
33 58 0 8 -0.883604
76 81 0 8 -0.883720
30 84 0 8 -0.885024
26 68 0 8 -0.886631
30 65 0 8 -0.887963
29 80 0 8 -0.888855
52 84 0 8 -0.890187
36 67 0 8 -0.890545
15 30 0 8 -0.891536
24 73 0 8 -0.892256
14 34 0 8 -0.893044
19 51 0 8 -0.894184
20 84 0 8 -0.894920
23 58 0 8 -0.896020
20 54 0 8 -0.897226
19 55 0 8 -0.900096
18 57 0 8 -0.903755
56 73 0 8 -0.907095
12 65 0 8 -0.910525
7 32 0 8 -0.910878
13 20 0 8 -0.911171
10 34 0 8 -0.913140
41 67 0 8 -0.914128
78 83 0 8 -0.914154
62 85 0 8 -0.914566
43 62 0 8 -0.914931
15 79 0 8 -0.915478
18 81 0 8 -0.915832
22 76 0 8 -0.917776
30 80 0 8 -0.917854
33 54 0 8 -0.919754
16 26 0 8 -0.922257
8 30 0 8 -0.922436
45 67 0 8 -0.924394
16 61 0 8 -0.925878
7 60 0 8 -0.927920
6 64 0 8 -0.929568
29 74 0 8 -0.929900
7 65 0 8 -0.932247
15 52 0 8 -0.932324
8 35 0 8 -0.934797
42 64 0 8 -0.935167
24 54 0 8 -0.935771
68 76 0 8 -0.936898
10 32 0 8 -0.937620
58 71 0 8 -0.938716
42 61 0 8 -0.939052
42 59 0 8 -0.940490
8 28 0 8 -0.941480
34 66 0 8 -0.942402
20 82 0 8 -0.942423
23 61 0 8 -0.944328
22 58 0 8 -0.945056
28 55 0 8 -0.945560
19 75 0 8 -0.946622
62 83 0 8 -0.947055
59 83 0 8 -0.947264
21 80 0 8 -0.947673
28 37 0 8 -0.948622
15 66 0 8 -0.949617
73 82 0 8 -0.950701
19 79 0 8 -0.951699
41 59 0 8 -0.954207
8 50 0 8 -0.954506
67 75 0 8 -0.955960
15 26 0 8 -0.956281
35 64 0 8 -0.956322
14 32 0 8 -0.957792
21 76 0 8 -0.958200
35 53 0 8 -0.960734
53 65 0 8 -0.961248
26 62 0 8 -0.961891
15 21 0 8 -0.964139
34 81 0 8 -0.964584
21 58 0 8 -0.966157
32 83 0 8 -0.968528
46 73 0 8 -0.970546
15 82 0 8 -0.971132
45 81 0 8 -0.975978
39 53 0 8 -0.977189
7 74 0 8 -0.979478
39 60 0 8 -0.980547
34 56 0 8 -0.982164
6 16 0 8 -0.983551
47 76 0 8 -0.985133
33 55 0 8 -0.986742
24 34 0 8 -0.987921
50 81 0 8 -0.989584
34 77 0 8 -0.990458
47 57 0 8 -0.991179
22 79 0 8 -0.991992
33 66 0 8 -0.992750
27 81 0 8 -0.993990
34 65 0 8 -0.994515
15 42 0 8 -0.994678
32 53 0 8 -0.996222
23 74 0 8 -0.998265
59 77 0 8 -0.999414
22 55 0 8 -0.999574
71 79 0 8 -1.002303
38 53 0 8 -1.003108
52 67 0 8 -1.004255
25 72 0 8 -1.004565
59 78 0 8 -1.006051
23 72 0 8 -1.007324
52 73 0 8 -1.007395
67 76 0 8 -1.007791
74 79 0 8 -1.008516
18 30 0 8 -1.009724
20 81 0 8 -1.011365
10 18 0 8 -1.011928
60 65 0 8 -1.012622
15 70 0 8 -1.012626
50 74 0 8 -1.014438
26 76 0 8 -1.015881
50 82 0 8 -1.015892
31 76 0 8 -1.021407
7 64 0 8 -1.023040
41 53 0 8 -1.023178
23 81 0 8 -1.027149
43 74 0 8 -1.031340
62 68 0 8 -1.033288
21 79 0 8 -1.034059
41 73 0 8 -1.034408
26 65 0 8 -1.039644
43 77 0 8 -1.039712
50 80 0 8 -1.040005
19 31 0 8 -1.042416
35 56 0 8 -1.043803
33 82 0 8 -1.043815
29 83 0 8 -1.043945
11 57 0 8 -1.044574
38 84 0 8 -1.045871
62 84 0 8 -1.046144
53 68 0 8 -1.049009
43 64 0 8 -1.053106
47 64 0 8 -1.054025
7 30 0 8 -1.054813
13 69 0 8 -1.055169
38 65 0 8 -1.057493
68 81 0 8 -1.057652
26 59 0 8 -1.058313
15 81 0 8 -1.058462
8 62 0 8 -1.060706
27 77 0 8 -1.063014
20 63 0 8 -1.066525
23 41 0 8 -1.069424
15 74 0 8 -1.070615
12 60 0 8 -1.073124
12 62 0 8 -1.076989
43 85 0 8 -1.078814
28 57 0 8 -1.078854
21 38 0 8 -1.078928
43 51 0 8 -1.079263
16 28 0 8 -1.084147
60 81 0 8 -1.084183
45 76 0 8 -1.085384
34 51 0 8 -1.086578
39 58 0 8 -1.086828
9 22 0 8 -1.091843
29 85 0 8 -1.091905
58 74 0 8 -1.094418
8 18 0 8 -1.095181
61 78 0 8 -1.095214
22 37 0 8 -1.096407
18 58 0 8 -1.097229
41 76 0 8 -1.098320
23 66 0 8 -1.100778
34 75 0 8 -1.101023
22 42 0 8 -1.101135
14 73 0 8 -1.102094
16 45 0 8 -1.108605
24 70 0 8 -1.109732
30 69 0 8 -1.110090
15 65 0 8 -1.113115
15 50 0 8 -1.113334
30 61 0 8 -1.114423
46 59 0 8 -1.123345
16 79 0 8 -1.124228
19 58 0 8 -1.126309
32 77 0 8 -1.126814
11 69 0 8 -1.128908
46 67 0 8 -1.130291
28 80 0 8 -1.130561
28 47 0 8 -1.134535
14 64 0 8 -1.135752
15 51 0 8 -1.136281
16 47 0 8 -1.136606
34 68 0 8 -1.137128
29 66 0 8 -1.137428
61 70 0 8 -1.138702
40 50 0 8 -1.140914
23 77 0 8 -1.141112
50 72 0 8 -1.141847
28 56 0 8 -1.142566
25 74 0 8 -1.143525
32 84 0 8 -1.143584
73 84 0 8 -1.144016
34 74 0 8 -1.144053
7 59 0 8 -1.144301
32 54 0 8 -1.144671
11 59 0 8 -1.146070
59 69 0 8 -1.146324
61 84 0 8 -1.147219
39 65 0 8 -1.149663
7 29 0 8 -1.155412
20 78 0 8 -1.157171
39 57 0 8 -1.158764
20 69 0 8 -1.164815
18 59 0 8 -1.167122
43 68 0 8 -1.167889
38 67 0 8 -1.170751
38 50 0 8 -1.173714
15 59 0 8 -1.175136
29 72 0 8 -1.182937
12 19 0 8 -1.188614
60 74 0 8 -1.188820
42 78 0 8 -1.189990
25 43 0 8 -1.190630
54 76 0 8 -1.192307
22 82 0 8 -1.194957
30 38 0 8 -1.197786
18 67 0 8 -1.205012
57 64 0 8 -1.205057
11 50 0 8 -1.205593
28 41 0 8 -1.206949
34 58 0 8 -1.210500
39 50 0 8 -1.210854
22 71 0 8 -1.216367
34 50 0 8 -1.217587
52 71 0 8 -1.218949
62 75 0 8 -1.220060
18 70 0 8 -1.220979
22 70 0 8 -1.228135
30 53 0 8 -1.232304
36 64 0 8 -1.233633
19 42 0 8 -1.237061
30 73 0 8 -1.240086
7 68 0 8 -1.247283
45 65 0 8 -1.247922
29 41 0 8 -1.251720
53 73 0 8 -1.255856
22 53 0 8 -1.260350
18 84 0 8 -1.261404
24 76 0 8 -1.263168
30 70 0 8 -1.266470
38 70 0 8 -1.269867
23 34 0 8 -1.273904
39 45 0 8 -1.278836
30 51 0 8 -1.283044
59 84 0 8 -1.288556
35 70 0 8 -1.289005
20 42 0 8 -1.289547
22 35 0 8 -1.291752
11 30 0 8 -1.292088
18 83 0 8 -1.295755
60 75 0 8 -1.297573
35 79 0 8 -1.297944
19 67 0 8 -1.298197
39 62 0 8 -1.299483
20 74 0 8 -1.301074
29 57 0 8 -1.301136
33 59 0 8 -1.301914
22 68 0 8 -1.302693
23 59 0 8 -1.304893
15 29 0 8 -1.311286
35 54 0 8 -1.313540
15 83 0 8 -1.315090
41 84 0 8 -1.315175
12 30 0 8 -1.315288
15 45 0 8 -1.321266
47 67 0 8 -1.321351
21 54 0 8 -1.325590
34 59 0 8 -1.327135
47 53 0 8 -1.327278
16 81 0 8 -1.327348
33 62 0 8 -1.328099
14 70 0 8 -1.333431
41 47 0 8 -1.339572
16 46 0 8 -1.340104
69 81 0 8 -1.347835
23 42 0 8 -1.355256
29 38 0 8 -1.363091
53 76 0 8 -1.369468
67 78 0 8 -1.370941
21 67 0 8 -1.373785
9 28 0 8 -1.376328
29 45 0 8 -1.384623
19 62 0 8 -1.384766
16 41 0 8 -1.385018
18 75 0 8 -1.385082
30 68 0 8 -1.385104
28 43 0 8 -1.391093
43 53 0 8 -1.395761
59 76 0 8 -1.430228
19 45 0 8 -1.430438
34 84 0 8 -1.431334
64 83 0 8 -1.433262
21 55 0 8 -1.434876
29 36 0 8 -1.436413
22 83 0 8 -1.442458
32 81 0 8 -1.446171
22 69 0 8 -1.448646
63 73 0 8 -1.450176
20 73 0 8 -1.450795
15 60 0 8 -1.453480
62 81 0 8 -1.455996
12 64 0 8 -1.456342
18 82 0 8 -1.459167
59 64 0 8 -1.459917
15 67 0 8 -1.467039
60 78 0 8 -1.475378
21 72 0 8 -1.503574
34 53 0 8 -1.506397
19 52 0 8 -1.512221
34 67 0 8 -1.517200
29 82 0 8 -1.518842
59 68 0 8 -1.521896
23 73 0 8 -1.526647
16 82 0 8 -1.542272
47 71 0 8 -1.543583
32 70 0 8 -1.547696
34 60 0 8 -1.550512
23 76 0 8 -1.553347
47 62 0 8 -1.568502
15 58 0 8 -1.590913
41 62 0 8 -1.592749
15 22 0 8 -1.598678
28 42 0 8 -1.601572
22 32 0 8 -1.608851
50 78 0 8 -1.613694
16 63 0 8 -1.628625
68 83 0 8 -1.635432
59 73 0 8 -1.638021
16 70 0 8 -1.649653
18 25 0 8 -1.649884
67 73 0 8 -1.664934
29 76 0 8 -1.677961
18 72 0 8 -1.690000
71 81 0 8 -1.697286
15 53 0 8 -1.719660
16 52 0 8 -1.734063
18 66 0 8 -1.745573
30 43 0 8 -1.782167
18 53 0 8 -1.783758
16 34 0 8 -1.797638
16 57 0 8 -1.798946
32 41 0 8 -1.819281
23 65 0 8 -1.854692
16 58 0 8 -1.854905
18 43 0 8 -1.855590
41 64 0 8 -1.858533
42 67 0 8 -1.870929
16 66 0 8 -1.872196
19 43 0 8 -1.888292
22 50 0 8 -1.898175
16 27 0 8 -1.899408
18 50 0 8 -1.946446
53 64 0 8 -1.958349
43 65 0 8 -1.985432
21 73 0 8 -2.036956
19 50 0 8 -2.118036
29 34 0 8 -2.129107
16 65 0 8 -2.203537
35 62 0 8 -2.289449
50 73 0 8 -2.305263
16 32 0 8 -2.351030
16 53 0 8 -2.387455
16 50 0 8 -2.437984
50 64 0 8 -2.649506
