9 51 0 8 25.435211
22 40 0 8 23.939508
19 44 0 8 14.695953
27 32 0 8 14.365666
10 32 0 8 12.029057
24 38 0 8 11.636927
21 40 0 8 11.038068
14 27 0 8 10.535514
19 48 0 8 8.900367
15 48 0 8 8.745246
17 25 0 8 8.400559
26 35 0 8 7.301319
7 53 0 8 6.960632
10 31 0 8 6.568868
25 54 0 8 5.936967
10 27 0 8 5.880304
17 32 0 8 5.798700
25 34 0 8 5.728407
9 14 0 8 5.524053
25 32 0 8 5.524004
46 54 0 8 5.437433
4 55 0 8 5.385645
22 38 0 8 5.093641
17 27 0 8 5.086124
34 43 0 8 5.019628
26 33 0 8 4.725693
9 15 0 8 4.270757
15 51 0 8 3.777765
21 47 0 8 3.661666
43 56 0 8 3.579667
58 65 0 8 3.452925
24 41 0 8 3.418794
41 47 0 8 3.387588
40 47 0 8 3.386240
22 37 0 8 3.347706
17 40 0 8 3.333769
23 38 0 8 3.328479
19 47 0 8 3.261878
7 52 0 8 3.235544
17 26 0 8 3.208877
21 44 0 8 3.168078
23 47 0 8 3.076216
19 40 0 8 3.039222
41 57 0 8 2.973690
35 40 0 8 2.800353
34 41 0 8 2.785349
14 51 0 8 2.768894
14 31 0 8 2.754429
28 33 0 8 2.739093
9 54 0 8 2.710659
61 66 0 8 2.692906
11 24 0 8 2.684318
57 63 0 8 2.623517
22 47 0 8 2.618980
34 54 0 8 2.608637
10 30 0 8 2.574463
46 56 0 8 2.528858
10 33 0 8 2.517055
58 66 0 8 2.424902
54 62 0 8 2.389136
36 47 0 8 2.385397
29 38 0 8 2.378165
14 32 0 8 2.358612
3 32 0 8 2.346408
9 50 0 8 2.337363
5 33 0 8 2.324214
14 54 0 8 2.292175
44 58 0 8 2.272424
8 16 0 8 2.243129
18 51 0 8 2.153614
60 67 0 8 2.141224
27 33 0 8 2.119514
3 54 0 8 2.115259
24 35 0 8 2.093289
36 57 0 8 2.091629
41 56 0 8 2.088337
23 52 0 8 2.000136
41 67 0 8 1.920293
24 67 0 8 1.907668
34 56 0 8 1.883519
39 49 0 8 1.883297
11 67 0 8 1.882194
39 45 0 8 1.866310
10 54 0 8 1.840822
15 50 0 8 1.836736
12 61 0 8 1.811223
22 36 0 8 1.792687
61 67 0 8 1.776329
8 14 0 8 1.757599
5 41 0 8 1.752357
58 63 0 8 1.736486
11 33 0 8 1.725974
41 60 0 8 1.720340
5 52 0 8 1.719822
6 27 0 8 1.715962
10 28 0 8 1.715347
10 43 0 8 1.702109
11 16 0 8 1.682139
31 53 0 8 1.668601
9 53 0 8 1.665210
18 36 0 8 1.659475
43 48 0 8 1.650136
13 25 0 8 1.633700
4 31 0 8 1.631776
15 30 0 8 1.624128
19 52 0 8 1.592384
24 43 0 8 1.588830
11 60 0 8 1.583682
16 39 0 8 1.580762
18 30 0 8 1.575531
16 49 0 8 1.556710
28 52 0 8 1.536361
18 29 0 8 1.534639
16 45 0 8 1.531217
59 64 0 8 1.525116
18 46 0 8 1.511538
18 52 0 8 1.509833
42 49 0 8 1.500847
43 53 0 8 1.491984
36 41 0 8 1.475569
35 54 0 8 1.469110
56 62 0 8 1.467638
2 36 0 8 1.464316
18 27 0 8 1.440842
24 37 0 8 1.426710
6 28 0 8 1.423171
55 61 0 8 1.412621
20 39 0 8 1.404200
10 34 0 8 1.401776
26 38 0 8 1.391865
26 48 0 8 1.389388
18 38 0 8 1.380381
20 49 0 8 1.379640
5 32 0 8 1.366988
20 45 0 8 1.360293
36 44 0 8 1.342702
47 52 0 8 1.318417
1 44 0 8 1.311706
14 25 0 8 1.301406
62 67 0 8 1.286283
26 55 0 8 1.276522
12 27 0 8 1.271412
32 43 0 8 1.256402
1 35 0 8 1.219644
4 25 0 8 1.219577
1 36 0 8 1.217133
7 55 0 8 1.217091
18 50 0 8 1.210138
17 34 0 8 1.190022
58 64 0 8 1.171311
16 42 0 8 1.166061
32 50 0 8 1.139417
1 40 0 8 1.126941
8 45 0 8 1.109908
24 47 0 8 1.099986
23 28 0 8 1.080125
5 55 0 8 1.079764
3 33 0 8 1.078865
13 51 0 8 1.077594
7 50 0 8 1.076907
5 10 0 8 1.076070
22 48 0 8 1.073100
11 20 0 8 1.066433
12 25 0 8 1.065679
60 65 0 8 1.058501
8 20 0 8 1.058471
3 36 0 8 1.054786
6 11 0 8 1.054464
44 59 0 8 1.049827
53 62 0 8 1.029272
8 39 0 8 1.020736
25 51 0 8 1.019350
7 26 0 8 1.016466
36 52 0 8 1.016131
21 50 0 8 1.013928
4 13 0 8 1.004330
8 49 0 8 0.989907
33 40 0 8 0.984027
36 62 0 8 0.980278
20 42 0 8 0.977743
4 11 0 8 0.972400
29 52 0 8 0.972141
1 6 0 8 0.964859
9 27 0 8 0.958654
15 33 0 8 0.954014
37 52 0 8 0.949912
14 23 0 8 0.948180
12 67 0 8 0.945987
57 64 0 8 0.931496
34 53 0 8 0.918407
24 51 0 8 0.912559
54 61 0 8 0.895786
18 31 0 8 0.883381
13 54 0 8 0.865784
34 51 0 8 0.864791
21 56 0 8 0.861856
46 57 0 8 0.856847
54 65 0 8 0.847174
15 44 0 8 0.845036
51 62 0 8 0.834109
36 56 0 8 0.828442
8 42 0 8 0.825668
41 46 0 8 0.822642
44 52 0 8 0.822118
15 54 0 8 0.817681
1 47 0 8 0.813241
7 64 0 8 0.806218
46 52 0 8 0.803961
10 50 0 8 0.801428
7 23 0 8 0.790737
13 26 0 8 0.784436
25 31 0 8 0.776794
13 43 0 8 0.764696
46 58 0 8 0.760880
53 58 0 8 0.758928
54 59 0 8 0.718769
7 13 0 8 0.714990
51 58 0 8 0.705080
20 47 0 8 0.703396
28 59 0 8 0.699255
59 66 0 8 0.693208
12 51 0 8 0.688575
15 46 0 8 0.686918
57 67 0 8 0.679578
11 26 0 8 0.679098
37 59 0 8 0.671300
3 42 0 8 0.667726
15 28 0 8 0.666869
2 56 0 8 0.665961
23 48 0 8 0.654052
54 64 0 8 0.651677
12 48 0 8 0.650366
9 30 0 8 0.645521
56 63 0 8 0.629039
3 21 0 8 0.628000
56 64 0 8 0.627479
40 56 0 8 0.625310
18 44 0 8 0.619931
11 41 0 8 0.613368
2 57 0 8 0.604699
19 42 0 8 0.587122
18 37 0 8 0.585749
57 65 0 8 0.580005
9 48 0 8 0.578662
21 35 0 8 0.577009
11 45 0 8 0.567784
22 34 0 8 0.566250
35 48 0 8 0.565591
21 37 0 8 0.565351
41 55 0 8 0.563137
7 56 0 8 0.560619
58 67 0 8 0.560340
8 51 0 8 0.558335
59 65 0 8 0.555269
8 18 0 8 0.555118
22 44 0 8 0.555095
28 36 0 8 0.553917
15 25 0 8 0.553790
11 39 0 8 0.549930
11 56 0 8 0.538557
41 63 0 8 0.538284
11 49 0 8 0.537389
55 64 0 8 0.534642
23 29 0 8 0.533112
11 42 0 8 0.531470
47 61 0 8 0.530240
29 35 0 8 0.526814
30 64 0 8 0.525966
57 66 0 8 0.524211
15 26 0 8 0.521864
39 50 0 8 0.515962
7 12 0 8 0.515030
2 40 0 8 0.512783
21 43 0 8 0.510502
12 43 0 8 0.505068
37 44 0 8 0.503413
45 50 0 8 0.501832
6 37 0 8 0.501072
13 48 0 8 0.500892
44 53 0 8 0.492621
32 60 0 8 0.492150
53 66 0 8 0.489333
17 41 0 8 0.485163
23 34 0 8 0.483455
37 57 0 8 0.480308
19 38 0 8 0.477088
1 22 0 8 0.476608
12 31 0 8 0.476233
36 66 0 8 0.475024
41 66 0 8 0.468118
19 59 0 8 0.464761
29 65 0 8 0.460953
13 31 0 8 0.454960
11 27 0 8 0.449779
14 48 0 8 0.444535
6 52 0 8 0.439607
12 60 0 8 0.436376
60 66 0 8 0.436156
11 44 0 8 0.431527
18 53 0 8 0.429622
55 60 0 8 0.427113
18 57 0 8 0.425548
24 34 0 8 0.421020
17 46 0 8 0.415035
3 63 0 8 0.413371
1 19 0 8 0.407336
5 13 0 8 0.405080
22 42 0 8 0.402268
5 31 0 8 0.402083
40 53 0 8 0.400325
44 63 0 8 0.400254
42 53 0 8 0.395345
14 21 0 8 0.393553
7 31 0 8 0.392967
14 43 0 8 0.390925
2 61 0 8 0.390507
24 63 0 8 0.387169
4 34 0 8 0.383566
43 54 0 8 0.381398
9 47 0 8 0.380052
29 50 0 8 0.376499
41 61 0 8 0.374356
21 59 0 8 0.372846
30 52 0 8 0.371742
4 33 0 8 0.366403
6 60 0 8 0.364493
6 31 0 8 0.361282
40 46 0 8 0.358345
26 54 0 8 0.355208
29 55 0 8 0.352784
37 56 0 8 0.351441
18 28 0 8 0.341439
7 30 0 8 0.341403
22 41 0 8 0.337160
37 48 0 8 0.336960
10 29 0 8 0.327456
2 38 0 8 0.326908
32 47 0 8 0.326189
31 37 0 8 0.321411
3 61 0 8 0.321249
10 18 0 8 0.311034
36 50 0 8 0.305482
3 57 0 8 0.304692
26 50 0 8 0.299647
34 50 0 8 0.299192
16 50 0 8 0.290416
5 30 0 8 0.290207
3 37 0 8 0.287413
15 52 0 8 0.282126
38 43 0 8 0.281818
33 38 0 8 0.281137
4 12 0 8 0.277025
8 47 0 8 0.274391
43 59 0 8 0.274238
13 64 0 8 0.273517
21 46 0 8 0.273166
53 65 0 8 0.272571
2 11 0 8 0.271560
4 52 0 8 0.267545
40 59 0 8 0.266600
47 55 0 8 0.265799
53 63 0 8 0.262605
9 28 0 8 0.261385
11 46 0 8 0.259029
30 57 0 8 0.258523
39 53 0 8 0.255825
17 29 0 8 0.254057
36 63 0 8 0.253979
1 20 0 8 0.251956
54 66 0 8 0.249963
9 38 0 8 0.249522
1 21 0 8 0.245544
10 15 0 8 0.245323
34 55 0 8 0.230849
12 54 0 8 0.229074
48 56 0 8 0.226033
2 12 0 8 0.225310
33 52 0 8 0.224387
16 21 0 8 0.219984
18 43 0 8 0.219929
25 33 0 8 0.218535
45 53 0 8 0.218232
14 53 0 8 0.217506
7 37 0 8 0.214750
6 55 0 8 0.214121
4 41 0 8 0.211205
1 37 0 8 0.208269
3 50 0 8 0.206391
6 15 0 8 0.200125
21 45 0 8 0.198901
48 65 0 8 0.194565
1 58 0 8 0.192705
24 44 0 8 0.192698
16 24 0 8 0.190452
11 61 0 8 0.188543
33 56 0 8 0.187834
16 53 0 8 0.184095
21 29 0 8 0.183868
19 29 0 8 0.182918
53 67 0 8 0.182311
3 46 0 8 0.179157
22 43 0 8 0.179002
3 58 0 8 0.178530
11 23 0 8 0.174444
2 55 0 8 0.174293
42 51 0 8 0.166396
27 53 0 8 0.165967
6 50 0 8 0.165491
8 62 0 8 0.164680
31 55 0 8 0.162474
2 22 0 8 0.159993
36 67 0 8 0.157826
42 56 0 8 0.155251
2 19 0 8 0.152933
23 61 0 8 0.152431
3 67 0 8 0.152213
6 36 0 8 0.150156
11 65 0 8 0.146259
37 46 0 8 0.145814
6 41 0 8 0.140479
11 38 0 8 0.137242
48 53 0 8 0.135076
10 51 0 8 0.134330
21 39 0 8 0.133221
20 50 0 8 0.132840
12 65 0 8 0.131638
8 17 0 8 0.123415
30 50 0 8 0.121947
5 18 0 8 0.121163
24 33 0 8 0.119505
38 46 0 8 0.117114
9 19 0 8 0.116359
5 27 0 8 0.115851
11 66 0 8 0.115850
37 50 0 8 0.112693
42 50 0 8 0.111897
6 63 0 8 0.111826
21 49 0 8 0.110769
8 13 0 8 0.110042
53 60 0 8 0.109656
8 59 0 8 0.106267
32 58 0 8 0.105622
3 25 0 8 0.105570
4 67 0 8 0.100034
43 58 0 8 0.096552
36 61 0 8 0.089435
2 64 0 8 0.089113
35 44 0 8 0.084077
33 55 0 8 0.077740
52 63 0 8 0.076748
24 45 0 8 0.076153
16 43 0 8 0.073410
37 43 0 8 0.070206
28 42 0 8 0.067734
7 29 0 8 0.063102
16 25 0 8 0.059196
3 12 0 8 0.058872
34 44 0 8 0.053347
2 67 0 8 0.053296
33 64 0 8 0.047091
6 29 0 8 0.042111
3 29 0 8 0.039782
25 43 0 8 0.038236
18 34 0 8 0.034377
37 61 0 8 0.032959
23 31 0 8 0.031456
30 37 0 8 0.029462
54 63 0 8 0.029186
38 56 0 8 0.026702
12 66 0 8 0.022825
23 37 0 8 0.021310
57 62 0 8 0.019350
32 59 0 8 0.018906
38 61 0 8 0.016861
6 26 0 8 0.015826
3 43 0 8 0.013978
15 59 0 8 0.012680
24 39 0 8 0.012256
23 32 0 8 0.011136
2 21 0 8 0.009605
33 44 0 8 0.009492
47 60 0 8 0.006979
17 28 0 8 0.005644
41 52 0 8 0.005481
31 67 0 8 0.004518
4 28 0 8 0.003114
22 35 0 8 0.002405
55 62 0 8 0.001889
1 68 0 8 0.000000
1 69 0 8 0.000000
1 70 0 8 0.000000
1 71 0 8 0.000000
1 72 0 8 0.000000
1 73 0 8 0.000000
1 74 0 8 0.000000
1 75 0 8 0.000000
1 76 0 8 0.000000
1 77 0 8 0.000000
2 68 0 8 0.000000
2 69 0 8 0.000000
2 70 0 8 0.000000
2 71 0 8 0.000000
2 72 0 8 0.000000
2 73 0 8 0.000000
2 74 0 8 0.000000
2 75 0 8 0.000000
2 76 0 8 0.000000
2 77 0 8 0.000000
3 68 0 8 0.000000
3 69 0 8 0.000000
3 70 0 8 0.000000
3 71 0 8 0.000000
3 72 0 8 0.000000
3 73 0 8 0.000000
3 74 0 8 0.000000
3 75 0 8 0.000000
3 76 0 8 0.000000
3 77 0 8 0.000000
4 68 0 8 0.000000
4 69 0 8 0.000000
4 70 0 8 0.000000
4 71 0 8 0.000000
4 72 0 8 0.000000
4 73 0 8 0.000000
4 74 0 8 0.000000
4 75 0 8 0.000000
4 76 0 8 0.000000
4 77 0 8 0.000000
5 68 0 8 0.000000
5 69 0 8 0.000000
5 70 0 8 0.000000
5 71 0 8 0.000000
5 72 0 8 0.000000
5 73 0 8 0.000000
5 74 0 8 0.000000
5 75 0 8 0.000000
5 76 0 8 0.000000
5 77 0 8 0.000000
6 68 0 8 0.000000
6 69 0 8 0.000000
6 70 0 8 0.000000
6 71 0 8 0.000000
6 72 0 8 0.000000
6 73 0 8 0.000000
6 74 0 8 0.000000
6 75 0 8 0.000000
6 76 0 8 0.000000
6 77 0 8 0.000000
7 68 0 8 0.000000
7 69 0 8 0.000000
7 70 0 8 0.000000
7 71 0 8 0.000000
7 72 0 8 0.000000
7 73 0 8 0.000000
7 74 0 8 0.000000
7 75 0 8 0.000000
7 76 0 8 0.000000
7 77 0 8 0.000000
8 68 0 8 0.000000
8 69 0 8 0.000000
8 70 0 8 0.000000
8 71 0 8 0.000000
8 72 0 8 0.000000
8 73 0 8 0.000000
8 74 0 8 0.000000
8 75 0 8 0.000000
8 76 0 8 0.000000
8 77 0 8 0.000000
9 68 0 8 0.000000
9 69 0 8 0.000000
9 70 0 8 0.000000
9 71 0 8 0.000000
9 72 0 8 0.000000
9 73 0 8 0.000000
9 74 0 8 0.000000
9 75 0 8 0.000000
9 76 0 8 0.000000
9 77 0 8 0.000000
10 68 0 8 0.000000
10 69 0 8 0.000000
10 70 0 8 0.000000
10 71 0 8 0.000000
10 72 0 8 0.000000
10 73 0 8 0.000000
10 74 0 8 0.000000
10 75 0 8 0.000000
10 76 0 8 0.000000
10 77 0 8 0.000000
11 68 0 8 0.000000
11 69 0 8 0.000000
11 70 0 8 0.000000
11 71 0 8 0.000000
11 72 0 8 0.000000
11 73 0 8 0.000000
11 74 0 8 0.000000
11 75 0 8 0.000000
11 76 0 8 0.000000
11 77 0 8 0.000000
12 68 0 8 0.000000
12 69 0 8 0.000000
12 70 0 8 0.000000
12 71 0 8 0.000000
12 72 0 8 0.000000
12 73 0 8 0.000000
12 74 0 8 0.000000
12 75 0 8 0.000000
12 76 0 8 0.000000
12 77 0 8 0.000000
13 68 0 8 0.000000
13 69 0 8 0.000000
13 70 0 8 0.000000
13 71 0 8 0.000000
13 72 0 8 0.000000
13 73 0 8 0.000000
13 74 0 8 0.000000
13 75 0 8 0.000000
13 76 0 8 0.000000
13 77 0 8 0.000000
14 68 0 8 0.000000
14 69 0 8 0.000000
14 70 0 8 0.000000
14 71 0 8 0.000000
14 72 0 8 0.000000
14 73 0 8 0.000000
14 74 0 8 0.000000
14 75 0 8 0.000000
14 76 0 8 0.000000
14 77 0 8 0.000000
15 68 0 8 0.000000
15 69 0 8 0.000000
15 70 0 8 0.000000
15 71 0 8 0.000000
15 72 0 8 0.000000
15 73 0 8 0.000000
15 74 0 8 0.000000
15 75 0 8 0.000000
15 76 0 8 0.000000
15 77 0 8 0.000000
16 68 0 8 0.000000
16 69 0 8 0.000000
16 70 0 8 0.000000
16 71 0 8 0.000000
16 72 0 8 0.000000
16 73 0 8 0.000000
16 74 0 8 0.000000
16 75 0 8 0.000000
16 76 0 8 0.000000
16 77 0 8 0.000000
17 68 0 8 0.000000
17 69 0 8 0.000000
17 70 0 8 0.000000
17 71 0 8 0.000000
17 72 0 8 0.000000
17 73 0 8 0.000000
17 74 0 8 0.000000
17 75 0 8 0.000000
17 76 0 8 0.000000
17 77 0 8 0.000000
18 68 0 8 0.000000
18 69 0 8 0.000000
18 70 0 8 0.000000
18 71 0 8 0.000000
18 72 0 8 0.000000
18 73 0 8 0.000000
18 74 0 8 0.000000
18 75 0 8 0.000000
18 76 0 8 0.000000
18 77 0 8 0.000000
19 68 0 8 0.000000
19 69 0 8 0.000000
19 70 0 8 0.000000
19 71 0 8 0.000000
19 72 0 8 0.000000
19 73 0 8 0.000000
19 74 0 8 0.000000
19 75 0 8 0.000000
19 76 0 8 0.000000
19 77 0 8 0.000000
20 68 0 8 0.000000
20 69 0 8 0.000000
20 70 0 8 0.000000
20 71 0 8 0.000000
20 72 0 8 0.000000
20 73 0 8 0.000000
20 74 0 8 0.000000
20 75 0 8 0.000000
20 76 0 8 0.000000
20 77 0 8 0.000000
21 68 0 8 0.000000
21 69 0 8 0.000000
21 70 0 8 0.000000
21 71 0 8 0.000000
21 72 0 8 0.000000
21 73 0 8 0.000000
21 74 0 8 0.000000
21 75 0 8 0.000000
21 76 0 8 0.000000
21 77 0 8 0.000000
22 68 0 8 0.000000
22 69 0 8 0.000000
22 70 0 8 0.000000
22 71 0 8 0.000000
22 72 0 8 0.000000
22 73 0 8 0.000000
22 74 0 8 0.000000
22 75 0 8 0.000000
22 76 0 8 0.000000
22 77 0 8 0.000000
23 68 0 8 0.000000
23 69 0 8 0.000000
23 70 0 8 0.000000
23 71 0 8 0.000000
23 72 0 8 0.000000
23 73 0 8 0.000000
23 74 0 8 0.000000
23 75 0 8 0.000000
23 76 0 8 0.000000
23 77 0 8 0.000000
24 68 0 8 0.000000
24 69 0 8 0.000000
24 70 0 8 0.000000
24 71 0 8 0.000000
24 72 0 8 0.000000
24 73 0 8 0.000000
24 74 0 8 0.000000
24 75 0 8 0.000000
24 76 0 8 0.000000
24 77 0 8 0.000000
25 68 0 8 0.000000
25 69 0 8 0.000000
25 70 0 8 0.000000
25 71 0 8 0.000000
25 72 0 8 0.000000
25 73 0 8 0.000000
25 74 0 8 0.000000
25 75 0 8 0.000000
25 76 0 8 0.000000
25 77 0 8 0.000000
26 68 0 8 0.000000
26 69 0 8 0.000000
26 70 0 8 0.000000
26 71 0 8 0.000000
26 72 0 8 0.000000
26 73 0 8 0.000000
26 74 0 8 0.000000
26 75 0 8 0.000000
26 76 0 8 0.000000
26 77 0 8 0.000000
27 68 0 8 0.000000
27 69 0 8 0.000000
27 70 0 8 0.000000
27 71 0 8 0.000000
27 72 0 8 0.000000
27 73 0 8 0.000000
27 74 0 8 0.000000
27 75 0 8 0.000000
27 76 0 8 0.000000
27 77 0 8 0.000000
28 68 0 8 0.000000
28 69 0 8 0.000000
28 70 0 8 0.000000
28 71 0 8 0.000000
28 72 0 8 0.000000
28 73 0 8 0.000000
28 74 0 8 0.000000
28 75 0 8 0.000000
28 76 0 8 0.000000
28 77 0 8 0.000000
29 68 0 8 0.000000
29 69 0 8 0.000000
29 70 0 8 0.000000
29 71 0 8 0.000000
29 72 0 8 0.000000
29 73 0 8 0.000000
29 74 0 8 0.000000
29 75 0 8 0.000000
29 76 0 8 0.000000
29 77 0 8 0.000000
30 68 0 8 0.000000
30 69 0 8 0.000000
30 70 0 8 0.000000
30 71 0 8 0.000000
30 72 0 8 0.000000
30 73 0 8 0.000000
30 74 0 8 0.000000
30 75 0 8 0.000000
30 76 0 8 0.000000
30 77 0 8 0.000000
31 68 0 8 0.000000
31 69 0 8 0.000000
31 70 0 8 0.000000
31 71 0 8 0.000000
31 72 0 8 0.000000
31 73 0 8 0.000000
31 74 0 8 0.000000
31 75 0 8 0.000000
31 76 0 8 0.000000
31 77 0 8 0.000000
32 68 0 8 0.000000
32 69 0 8 0.000000
32 70 0 8 0.000000
32 71 0 8 0.000000
32 72 0 8 0.000000
32 73 0 8 0.000000
32 74 0 8 0.000000
32 75 0 8 0.000000
32 76 0 8 0.000000
32 77 0 8 0.000000
33 68 0 8 0.000000
33 69 0 8 0.000000
33 70 0 8 0.000000
33 71 0 8 0.000000
33 72 0 8 0.000000
33 73 0 8 0.000000
33 74 0 8 0.000000
33 75 0 8 0.000000
33 76 0 8 0.000000
33 77 0 8 0.000000
34 68 0 8 0.000000
34 69 0 8 0.000000
34 70 0 8 0.000000
34 71 0 8 0.000000
34 72 0 8 0.000000
34 73 0 8 0.000000
34 74 0 8 0.000000
34 75 0 8 0.000000
34 76 0 8 0.000000
34 77 0 8 0.000000
35 68 0 8 0.000000
35 69 0 8 0.000000
35 70 0 8 0.000000
35 71 0 8 0.000000
35 72 0 8 0.000000
35 73 0 8 0.000000
35 74 0 8 0.000000
35 75 0 8 0.000000
35 76 0 8 0.000000
35 77 0 8 0.000000
36 68 0 8 0.000000
36 69 0 8 0.000000
36 70 0 8 0.000000
36 71 0 8 0.000000
36 72 0 8 0.000000
36 73 0 8 0.000000
36 74 0 8 0.000000
36 75 0 8 0.000000
36 76 0 8 0.000000
36 77 0 8 0.000000
37 68 0 8 0.000000
37 69 0 8 0.000000
37 70 0 8 0.000000
37 71 0 8 0.000000
37 72 0 8 0.000000
37 73 0 8 0.000000
37 74 0 8 0.000000
37 75 0 8 0.000000
37 76 0 8 0.000000
37 77 0 8 0.000000
38 68 0 8 0.000000
38 69 0 8 0.000000
38 70 0 8 0.000000
38 71 0 8 0.000000
38 72 0 8 0.000000
38 73 0 8 0.000000
38 74 0 8 0.000000
38 75 0 8 0.000000
38 76 0 8 0.000000
38 77 0 8 0.000000
39 68 0 8 0.000000
39 69 0 8 0.000000
39 70 0 8 0.000000
39 71 0 8 0.000000
39 72 0 8 0.000000
39 73 0 8 0.000000
39 74 0 8 0.000000
39 75 0 8 0.000000
39 76 0 8 0.000000
39 77 0 8 0.000000
40 68 0 8 0.000000
40 69 0 8 0.000000
40 70 0 8 0.000000
40 71 0 8 0.000000
40 72 0 8 0.000000
40 73 0 8 0.000000
40 74 0 8 0.000000
40 75 0 8 0.000000
40 76 0 8 0.000000
40 77 0 8 0.000000
41 68 0 8 0.000000
41 69 0 8 0.000000
41 70 0 8 0.000000
41 71 0 8 0.000000
41 72 0 8 0.000000
41 73 0 8 0.000000
41 74 0 8 0.000000
41 75 0 8 0.000000
41 76 0 8 0.000000
41 77 0 8 0.000000
42 68 0 8 0.000000
42 69 0 8 0.000000
42 70 0 8 0.000000
42 71 0 8 0.000000
42 72 0 8 0.000000
42 73 0 8 0.000000
42 74 0 8 0.000000
42 75 0 8 0.000000
42 76 0 8 0.000000
42 77 0 8 0.000000
43 68 0 8 0.000000
43 69 0 8 0.000000
43 70 0 8 0.000000
43 71 0 8 0.000000
43 72 0 8 0.000000
43 73 0 8 0.000000
43 74 0 8 0.000000
43 75 0 8 0.000000
43 76 0 8 0.000000
43 77 0 8 0.000000
44 68 0 8 0.000000
44 69 0 8 0.000000
44 70 0 8 0.000000
44 71 0 8 0.000000
44 72 0 8 0.000000
44 73 0 8 0.000000
44 74 0 8 0.000000
44 75 0 8 0.000000
44 76 0 8 0.000000
44 77 0 8 0.000000
45 68 0 8 0.000000
45 69 0 8 0.000000
45 70 0 8 0.000000
45 71 0 8 0.000000
45 72 0 8 0.000000
45 73 0 8 0.000000
45 74 0 8 0.000000
45 75 0 8 0.000000
45 76 0 8 0.000000
45 77 0 8 0.000000
46 68 0 8 0.000000
46 69 0 8 0.000000
46 70 0 8 0.000000
46 71 0 8 0.000000
46 72 0 8 0.000000
46 73 0 8 0.000000
46 74 0 8 0.000000
46 75 0 8 0.000000
46 76 0 8 0.000000
46 77 0 8 0.000000
47 68 0 8 0.000000
47 69 0 8 0.000000
47 70 0 8 0.000000
47 71 0 8 0.000000
47 72 0 8 0.000000
47 73 0 8 0.000000
47 74 0 8 0.000000
47 75 0 8 0.000000
47 76 0 8 0.000000
47 77 0 8 0.000000
48 68 0 8 0.000000
48 69 0 8 0.000000
48 70 0 8 0.000000
48 71 0 8 0.000000
48 72 0 8 0.000000
48 73 0 8 0.000000
48 74 0 8 0.000000
48 75 0 8 0.000000
48 76 0 8 0.000000
48 77 0 8 0.000000
49 68 0 8 0.000000
49 69 0 8 0.000000
49 70 0 8 0.000000
49 71 0 8 0.000000
49 72 0 8 0.000000
49 73 0 8 0.000000
49 74 0 8 0.000000
49 75 0 8 0.000000
49 76 0 8 0.000000
49 77 0 8 0.000000
50 68 0 8 0.000000
50 69 0 8 0.000000
50 70 0 8 0.000000
50 71 0 8 0.000000
50 72 0 8 0.000000
50 73 0 8 0.000000
50 74 0 8 0.000000
50 75 0 8 0.000000
50 76 0 8 0.000000
50 77 0 8 0.000000
51 68 0 8 0.000000
51 69 0 8 0.000000
51 70 0 8 0.000000
51 71 0 8 0.000000
51 72 0 8 0.000000
51 73 0 8 0.000000
51 74 0 8 0.000000
51 75 0 8 0.000000
51 76 0 8 0.000000
51 77 0 8 0.000000
52 68 0 8 0.000000
52 69 0 8 0.000000
52 70 0 8 0.000000
52 71 0 8 0.000000
52 72 0 8 0.000000
52 73 0 8 0.000000
52 74 0 8 0.000000
52 75 0 8 0.000000
52 76 0 8 0.000000
52 77 0 8 0.000000
53 68 0 8 0.000000
53 69 0 8 0.000000
53 70 0 8 0.000000
53 71 0 8 0.000000
53 72 0 8 0.000000
53 73 0 8 0.000000
53 74 0 8 0.000000
53 75 0 8 0.000000
53 76 0 8 0.000000
53 77 0 8 0.000000
54 68 0 8 0.000000
54 69 0 8 0.000000
54 70 0 8 0.000000
54 71 0 8 0.000000
54 72 0 8 0.000000
54 73 0 8 0.000000
54 74 0 8 0.000000
54 75 0 8 0.000000
54 76 0 8 0.000000
54 77 0 8 0.000000
55 68 0 8 0.000000
55 69 0 8 0.000000
55 70 0 8 0.000000
55 71 0 8 0.000000
55 72 0 8 0.000000
55 73 0 8 0.000000
55 74 0 8 0.000000
55 75 0 8 0.000000
55 76 0 8 0.000000
55 77 0 8 0.000000
56 68 0 8 0.000000
56 69 0 8 0.000000
56 70 0 8 0.000000
56 71 0 8 0.000000
56 72 0 8 0.000000
56 73 0 8 0.000000
56 74 0 8 0.000000
56 75 0 8 0.000000
56 76 0 8 0.000000
56 77 0 8 0.000000
57 68 0 8 0.000000
57 69 0 8 0.000000
57 70 0 8 0.000000
57 71 0 8 0.000000
57 72 0 8 0.000000
57 73 0 8 0.000000
57 74 0 8 0.000000
57 75 0 8 0.000000
57 76 0 8 0.000000
57 77 0 8 0.000000
58 68 0 8 0.000000
58 69 0 8 0.000000
58 70 0 8 0.000000
58 71 0 8 0.000000
58 72 0 8 0.000000
58 73 0 8 0.000000
58 74 0 8 0.000000
58 75 0 8 0.000000
58 76 0 8 0.000000
58 77 0 8 0.000000
59 68 0 8 0.000000
59 69 0 8 0.000000
59 70 0 8 0.000000
59 71 0 8 0.000000
59 72 0 8 0.000000
59 73 0 8 0.000000
59 74 0 8 0.000000
59 75 0 8 0.000000
59 76 0 8 0.000000
59 77 0 8 0.000000
60 68 0 8 0.000000
60 69 0 8 0.000000
60 70 0 8 0.000000
60 71 0 8 0.000000
60 72 0 8 0.000000
60 73 0 8 0.000000
60 74 0 8 0.000000
60 75 0 8 0.000000
60 76 0 8 0.000000
60 77 0 8 0.000000
61 68 0 8 0.000000
61 69 0 8 0.000000
61 70 0 8 0.000000
61 71 0 8 0.000000
61 72 0 8 0.000000
61 73 0 8 0.000000
61 74 0 8 0.000000
61 75 0 8 0.000000
61 76 0 8 0.000000
61 77 0 8 0.000000
62 68 0 8 0.000000
62 69 0 8 0.000000
62 70 0 8 0.000000
62 71 0 8 0.000000
62 72 0 8 0.000000
62 73 0 8 0.000000
62 74 0 8 0.000000
62 75 0 8 0.000000
62 76 0 8 0.000000
62 77 0 8 0.000000
63 68 0 8 0.000000
63 69 0 8 0.000000
63 70 0 8 0.000000
63 71 0 8 0.000000
63 72 0 8 0.000000
63 73 0 8 0.000000
63 74 0 8 0.000000
63 75 0 8 0.000000
63 76 0 8 0.000000
63 77 0 8 0.000000
64 69 0 8 0.000000
64 70 0 8 0.000000
64 71 0 8 0.000000
64 72 0 8 0.000000
64 73 0 8 0.000000
64 74 0 8 0.000000
64 75 0 8 0.000000
64 76 0 8 0.000000
64 77 0 8 0.000000
65 70 0 8 0.000000
65 71 0 8 0.000000
65 72 0 8 0.000000
65 73 0 8 0.000000
65 74 0 8 0.000000
65 75 0 8 0.000000
65 76 0 8 0.000000
65 77 0 8 0.000000
66 71 0 8 0.000000
66 72 0 8 0.000000
66 73 0 8 0.000000
66 74 0 8 0.000000
66 75 0 8 0.000000
66 76 0 8 0.000000
66 77 0 8 0.000000
67 72 0 8 0.000000
67 73 0 8 0.000000
67 74 0 8 0.000000
67 75 0 8 0.000000
67 76 0 8 0.000000
67 77 0 8 0.000000
68 73 0 8 0.000000
68 74 0 8 0.000000
68 75 0 8 0.000000
68 76 0 8 0.000000
68 77 0 8 0.000000
69 74 0 8 0.000000
69 75 0 8 0.000000
69 76 0 8 0.000000
69 77 0 8 0.000000
70 75 0 8 0.000000
70 76 0 8 0.000000
70 77 0 8 0.000000
71 76 0 8 0.000000
71 77 0 8 0.000000
72 77 0 8 0.000000
23 35 0 8 -0.001750
43 49 0 8 -0.003870
3 47 0 8 -0.006631
13 65 0 8 -0.007941
24 56 0 8 -0.009663
4 64 0 8 -0.009838
1 17 0 8 -0.010895
5 34 0 8 -0.011937
5 42 0 8 -0.013896
6 30 0 8 -0.013949
3 16 0 8 -0.015380
3 8 0 8 -0.015663
24 60 0 8 -0.016911
8 55 0 8 -0.018404
33 67 0 8 -0.021113
1 39 0 8 -0.024752
15 56 0 8 -0.024756
15 42 0 8 -0.028641
7 67 0 8 -0.029654
24 49 0 8 -0.029721
18 48 0 8 -0.031504
3 34 0 8 -0.031539
34 57 0 8 -0.035234
13 41 0 8 -0.038538
1 49 0 8 -0.038916
23 42 0 8 -0.039181
2 33 0 8 -0.039903
27 50 0 8 -0.041427
6 35 0 8 -0.041478
41 58 0 8 -0.042629
3 11 0 8 -0.046045
1 38 0 8 -0.051861
20 37 0 8 -0.052280
45 66 0 8 -0.052930
6 24 0 8 -0.053200
2 37 0 8 -0.053407
39 66 0 8 -0.053466
49 66 0 8 -0.054862
56 66 0 8 -0.055474
18 62 0 8 -0.055902
45 65 0 8 -0.059384
32 54 0 8 -0.059891
39 65 0 8 -0.059984
32 56 0 8 -0.061536
49 65 0 8 -0.061551
25 49 0 8 -0.062321
6 38 0 8 -0.062418
15 55 0 8 -0.065254
19 30 0 8 -0.065415
19 63 0 8 -0.065840
16 66 0 8 -0.066203
1 45 0 8 -0.066482
2 45 0 8 -0.067005
46 55 0 8 -0.067099
2 39 0 8 -0.067683
12 64 0 8 -0.068265
2 49 0 8 -0.069451
12 52 0 8 -0.069688
42 66 0 8 -0.070245
52 58 0 8 -0.072074
23 46 0 8 -0.072166
1 8 0 8 -0.072663
1 16 0 8 -0.072860
16 65 0 8 -0.074274
24 66 0 8 -0.075451
35 46 0 8 -0.075640
49 54 0 8 -0.076386
45 67 0 8 -0.076522
39 67 0 8 -0.077296
34 39 0 8 -0.077419
1 42 0 8 -0.078147
4 35 0 8 -0.078305
45 64 0 8 -0.078640
42 65 0 8 -0.078810
49 67 0 8 -0.079315
39 64 0 8 -0.079436
2 29 0 8 -0.080003
6 47 0 8 -0.081047
49 64 0 8 -0.081510
2 16 0 8 -0.083807
5 12 0 8 -0.083863
11 62 0 8 -0.085831
7 61 0 8 -0.086596
35 45 0 8 -0.086733
29 57 0 8 -0.087279
12 45 0 8 -0.087927
6 53 0 8 -0.088751
12 39 0 8 -0.088817
2 42 0 8 -0.088924
12 49 0 8 -0.091136
45 63 0 8 -0.091266
39 63 0 8 -0.092190
13 30 0 8 -0.092425
34 45 0 8 -0.092763
2 24 0 8 -0.093069
49 63 0 8 -0.094597
16 67 0 8 -0.095710
6 46 0 8 -0.096172
35 42 0 8 -0.096206
8 58 0 8 -0.097168
45 62 0 8 -0.097685
16 64 0 8 -0.098360
15 31 0 8 -0.098548
39 62 0 8 -0.098673
21 61 0 8 -0.098877
50 62 0 8 -0.100313
7 51 0 8 -0.100970
13 45 0 8 -0.100985
39 54 0 8 -0.101016
49 62 0 8 -0.101250
42 67 0 8 -0.101555
6 45 0 8 -0.101582
13 39 0 8 -0.102007
34 49 0 8 -0.102258
6 39 0 8 -0.102610
35 49 0 8 -0.103648
36 43 0 8 -0.104074
8 33 0 8 -0.104143
42 64 0 8 -0.104365
13 49 0 8 -0.104671
17 61 0 8 -0.104722
12 63 0 8 -0.105181
6 49 0 8 -0.105289
44 56 0 8 -0.105540
8 65 0 8 -0.106172
1 28 0 8 -0.107344
3 66 0 8 -0.108172
45 59 0 8 -0.109043
5 28 0 8 -0.110106
39 59 0 8 -0.110146
43 61 0 8 -0.110187
20 48 0 8 -0.110259
26 56 0 8 -0.110890
37 47 0 8 -0.112670
49 59 0 8 -0.113023
16 63 0 8 -0.114152
45 54 0 8 -0.114247
6 18 0 8 -0.116284
12 42 0 8 -0.116691
6 67 0 8 -0.117534
47 59 0 8 -0.117744
31 64 0 8 -0.118074
45 60 0 8 -0.119699
39 60 0 8 -0.120910
42 63 0 8 -0.121122
6 42 0 8 -0.121149
16 62 0 8 -0.122180
1 50 0 8 -0.122924
49 60 0 8 -0.124067
37 42 0 8 -0.125915
3 45 0 8 -0.126329
6 16 0 8 -0.127054
3 39 0 8 -0.127607
34 52 0 8 -0.127686
25 39 0 8 -0.127714
45 61 0 8 -0.128153
10 53 0 8 -0.128662
1 46 0 8 -0.128954
39 61 0 8 -0.129450
38 51 0 8 -0.129556
42 62 0 8 -0.129641
6 58 0 8 -0.130034
3 49 0 8 -0.130940
44 65 0 8 -0.132420
49 61 0 8 -0.132831
13 42 0 8 -0.134021
16 59 0 8 -0.136386
8 66 0 8 -0.136755
35 59 0 8 -0.139789
26 57 0 8 -0.141966
18 32 0 8 -0.143838
42 59 0 8 -0.144714
21 42 0 8 -0.145185
8 27 0 8 -0.145698
28 35 0 8 -0.146811
2 65 0 8 -0.148571
16 60 0 8 -0.149714
15 64 0 8 -0.149934
9 42 0 8 -0.150569
53 64 0 8 -0.150611
5 45 0 8 -0.151917
8 52 0 8 -0.153096
10 41 0 8 -0.153310
5 39 0 8 -0.153454
25 45 0 8 -0.155276
11 28 0 8 -0.155900
13 53 0 8 -0.156247
5 49 0 8 -0.157461
24 42 0 8 -0.158282
42 60 0 8 -0.158856
5 67 0 8 -0.160199
16 61 0 8 -0.160289
3 10 0 8 -0.160990
14 67 0 8 -0.161886
20 38 0 8 -0.164935
5 24 0 8 -0.165452
39 48 0 8 -0.165651
37 53 0 8 -0.166561
17 49 0 8 -0.166618
4 45 0 8 -0.167478
4 39 0 8 -0.169173
42 61 0 8 -0.170076
2 8 0 8 -0.173120
6 64 0 8 -0.173192
4 49 0 8 -0.173590
41 49 0 8 -0.174735
6 13 0 8 -0.175313
5 16 0 8 -0.175580
9 56 0 8 -0.177245
23 41 0 8 -0.178330
20 66 0 8 -0.179196
45 58 0 8 -0.182027
8 56 0 8 -0.183002
39 58 0 8 -0.183869
2 31 0 8 -0.184989
7 41 0 8 -0.186907
17 39 0 8 -0.187356
45 57 0 8 -0.187430
45 55 0 8 -0.187516
49 58 0 8 -0.188671
16 41 0 8 -0.189244
39 57 0 8 -0.189326
39 55 0 8 -0.189413
37 45 0 8 -0.189665
7 24 0 8 -0.190562
2 13 0 8 -0.191785
13 61 0 8 -0.192337
49 57 0 8 -0.194270
49 55 0 8 -0.194360
29 45 0 8 -0.194774
26 42 0 8 -0.195566
37 49 0 8 -0.196587
29 39 0 8 -0.196745
30 45 0 8 -0.197500
8 67 0 8 -0.197709
30 39 0 8 -0.199498
17 53 0 8 -0.199568
16 35 0 8 -0.199640
40 45 0 8 -0.199999
1 62 0 8 -0.200975
20 65 0 8 -0.201045
8 43 0 8 -0.201614
29 49 0 8 -0.201882
8 64 0 8 -0.203181
17 35 0 8 -0.204260
7 45 0 8 -0.204493
30 49 0 8 -0.204708
5 66 0 8 -0.205985
30 42 0 8 -0.206367
7 39 0 8 -0.206562
4 24 0 8 -0.207360
17 45 0 8 -0.207636
27 34 0 8 -0.208330
36 60 0 8 -0.208914
4 16 0 8 -0.209474
35 50 0 8 -0.210408
32 62 0 8 -0.210575
45 52 0 8 -0.210637
19 31 0 8 -0.211018
1 18 0 8 -0.211390
7 49 0 8 -0.211956
19 49 0 8 -0.212573
4 30 0 8 -0.212731
39 52 0 8 -0.212768
33 45 0 8 -0.215990
10 65 0 8 -0.216333
36 49 0 8 -0.216697
38 55 0 8 -0.217007
33 39 0 8 -0.218176
16 52 0 8 -0.218834
30 66 0 8 -0.220294
52 64 0 8 -0.220857
43 67 0 8 -0.220997
36 45 0 8 -0.221949
4 42 0 8 -0.222265
1 43 0 8 -0.222722
33 49 0 8 -0.223873
29 42 0 8 -0.224517
11 35 0 8 -0.224564
36 59 0 8 -0.224870
35 47 0 8 -0.225393
2 20 0 8 -0.226847
16 58 0 8 -0.227672
6 17 0 8 -0.227847
48 59 0 8 -0.228342
36 64 0 8 -0.229339
2 7 0 8 -0.231025
4 18 0 8 -0.231212
22 46 0 8 -0.233064
55 66 0 8 -0.233218
44 55 0 8 -0.233479
28 66 0 8 -0.233602
16 57 0 8 -0.234429
16 55 0 8 -0.234537
8 63 0 8 -0.235803
55 65 0 8 -0.237130
16 37 0 8 -0.237225
8 15 0 8 -0.237284
17 48 0 8 -0.237903
19 39 0 8 -0.239963
18 45 0 8 -0.241185
1 66 0 8 -0.241239
42 58 0 8 -0.241574
2 66 0 8 -0.243137
6 59 0 8 -0.243278
52 60 0 8 -0.243519
16 29 0 8 -0.243615
18 39 0 8 -0.243626
28 45 0 8 -0.244054
44 67 0 8 -0.244314
28 39 0 8 -0.246523
33 66 0 8 -0.246777
19 53 0 8 -0.246965
16 30 0 8 -0.247024
42 57 0 8 -0.248743
42 55 0 8 -0.248858
40 65 0 8 -0.249071
33 65 0 8 -0.249465
39 46 0 8 -0.249674
28 56 0 8 -0.249884
18 49 0 8 -0.249988
26 45 0 8 -0.251115
28 49 0 8 -0.252961
26 39 0 8 -0.253656
7 16 0 8 -0.255771
8 50 0 8 -0.255790
50 66 0 8 -0.257104
45 56 0 8 -0.257501
12 59 0 8 -0.258449
10 63 0 8 -0.258570
20 67 0 8 -0.259067
40 49 0 8 -0.259795
39 56 0 8 -0.260106
26 49 0 8 -0.260280
50 55 0 8 -0.261742
7 60 0 8 -0.262457
19 45 0 8 -0.262680
19 36 0 8 -0.263610
5 15 0 8 -0.263682
23 45 0 8 -0.264261
20 64 0 8 -0.266237
31 45 0 8 -0.266359
49 56 0 8 -0.266899
23 39 0 8 -0.266935
13 27 0 8 -0.267331
16 23 0 8 -0.267577
12 41 0 8 -0.267737
31 39 0 8 -0.269054
6 33 0 8 -0.269552
6 32 0 8 -0.269605
16 33 0 8 -0.270152
1 65 0 8 -0.270652
3 35 0 8 -0.270943
7 42 0 8 -0.271389
8 53 0 8 -0.271547
44 66 0 8 -0.273854
23 49 0 8 -0.273906
31 49 0 8 -0.276080
46 60 0 8 -0.276829
56 67 0 8 -0.277386
42 48 0 8 -0.278792
18 65 0 8 -0.278926
17 55 0 8 -0.279162
42 52 0 8 -0.279542
11 53 0 8 -0.280430
3 20 0 8 -0.281605
38 47 0 8 -0.283758
48 66 0 8 -0.284508
33 42 0 8 -0.286647
36 48 0 8 -0.286769
53 59 0 8 -0.292237
38 45 0 8 -0.292879
12 46 0 8 -0.293364
12 57 0 8 -0.293880
55 63 0 8 -0.295521
55 67 0 8 -0.295885
2 35 0 8 -0.295900
23 55 0 8 -0.296456
12 20 0 8 -0.297680
5 54 0 8 -0.299158
9 45 0 8 -0.299352
10 60 0 8 -0.300392
16 34 0 8 -0.301304
47 56 0 8 -0.302332
9 39 0 8 -0.302380
32 53 0 8 -0.303131
8 46 0 8 -0.303202
16 48 0 8 -0.303251
38 49 0 8 -0.303569
8 21 0 8 -0.304128
9 16 0 8 -0.304787
16 28 0 8 -0.305252
17 50 0 8 -0.306395
59 67 0 8 -0.306734
8 60 0 8 -0.306996
50 65 0 8 -0.307156
15 36 0 8 -0.307352
17 42 0 8 -0.308673
20 63 0 8 -0.308984
16 46 0 8 -0.309153
9 49 0 8 -0.310277
10 16 0 8 -0.312122
8 30 0 8 -0.314002
16 26 0 8 -0.314084
18 55 0 8 -0.317342
15 45 0 8 -0.317689
7 34 0 8 -0.319370
22 30 0 8 -0.319430
6 12 0 8 -0.319452
34 42 0 8 -0.319702
18 42 0 8 -0.320084
15 39 0 8 -0.320904
23 59 0 8 -0.321445
3 23 0 8 -0.321619
16 56 0 8 -0.322071
3 53 0 8 -0.323421
6 65 0 8 -0.324658
10 45 0 8 -0.326361
13 67 0 8 -0.326876
29 46 0 8 -0.327835
32 42 0 8 -0.329165
15 49 0 8 -0.329284
1 11 0 8 -0.329291
10 39 0 8 -0.329663
20 62 0 8 -0.330714
8 61 0 8 -0.331108
25 42 0 8 -0.331682
13 33 0 8 -0.331870
16 31 0 8 -0.333150
27 45 0 8 -0.334295
2 41 0 8 -0.337545
27 39 0 8 -0.337677
10 49 0 8 -0.338272
19 54 0 8 -0.338440
31 63 0 8 -0.338584
23 54 0 8 -0.338658
41 64 0 8 -0.338910
44 60 0 8 -0.341510
3 62 0 8 -0.341818
13 20 0 8 -0.341888
41 65 0 8 -0.342743
29 59 0 8 -0.342774
3 27 0 8 -0.343032
30 56 0 8 -0.343083
16 36 0 8 -0.343592
6 20 0 8 -0.343907
30 41 0 8 -0.344144
48 55 0 8 -0.346340
27 49 0 8 -0.346496
1 67 0 8 -0.348764
39 47 0 8 -0.348949
2 62 0 8 -0.350426
7 17 0 8 -0.351455
21 63 0 8 -0.352701
30 51 0 8 -0.352712
20 55 0 8 -0.352803
7 63 0 8 -0.352904
31 42 0 8 -0.353493
16 54 0 8 -0.353696
13 52 0 8 -0.353934
13 60 0 8 -0.355447
2 34 0 8 -0.355698
20 43 0 8 -0.356840
27 41 0 8 -0.357684
1 34 0 8 -0.357952
13 66 0 8 -0.358020
1 64 0 8 -0.358417
29 53 0 8 -0.360983
36 42 0 8 -0.364572
17 59 0 8 -0.364867
16 38 0 8 -0.366321
28 51 0 8 -0.366929
33 60 0 8 -0.368497
6 66 0 8 -0.368604
20 59 0 8 -0.369167
31 58 0 8 -0.369628
2 46 0 8 -0.371262
21 66 0 8 -0.371516
11 64 0 8 -0.371654
3 65 0 8 -0.372494
45 51 0 8 -0.372917
2 32 0 8 -0.373184
27 42 0 8 -0.374580
12 62 0 8 -0.374632
42 54 0 8 -0.375293
50 67 0 8 -0.376133
39 51 0 8 -0.376691
20 29 0 8 -0.378006
48 60 0 8 -0.380884
11 63 0 8 -0.381633
14 45 0 8 -0.381921
33 61 0 8 -0.383604
32 45 0 8 -0.384277
1 7 0 8 -0.385450
14 39 0 8 -0.385785
5 21 0 8 -0.386954
13 63 0 8 -0.387028
5 46 0 8 -0.387659
32 39 0 8 -0.388165
56 65 0 8 -0.389214
2 50 0 8 -0.389726
14 62 0 8 -0.392225
4 32 0 8 -0.392541
14 49 0 8 -0.395860
12 53 0 8 -0.395956
9 25 0 8 -0.396709
51 64 0 8 -0.397694
32 49 0 8 -0.398302
12 28 0 8 -0.398406
36 46 0 8 -0.398524
1 12 0 8 -0.400746
22 59 0 8 -0.401359
8 22 0 8 -0.402494
26 67 0 8 -0.403167
8 19 0 8 -0.403557
36 65 0 8 -0.404944
20 60 0 8 -0.405242
6 44 0 8 -0.405250
11 30 0 8 -0.409253
12 58 0 8 -0.410536
6 48 0 8 -0.410895
21 58 0 8 -0.411135
18 40 0 8 -0.411597
5 64 0 8 -0.411671
9 65 0 8 -0.413264
1 63 0 8 -0.415963
16 27 0 8 -0.418122
40 55 0 8 -0.418498
2 63 0 8 -0.419237
2 58 0 8 -0.422067
22 45 0 8 -0.422248
43 62 0 8 -0.423278
21 64 0 8 -0.426049
22 39 0 8 -0.426520
4 61 0 8 -0.426634
8 32 0 8 -0.428562
1 59 0 8 -0.428740
4 15 0 8 -0.429291
32 67 0 8 -0.429721
16 47 0 8 -0.432079
25 36 0 8 -0.432569
10 42 0 8 -0.433123
3 41 0 8 -0.433427
20 61 0 8 -0.433866
50 61 0 8 -0.434032
5 56 0 8 -0.435808
19 57 0 8 -0.436352
22 49 0 8 -0.437659
4 47 0 8 -0.438379
12 55 0 8 -0.439031
3 22 0 8 -0.441240
1 23 0 8 -0.442639
16 40 0 8 -0.443806
54 67 0 8 -0.443914
7 33 0 8 -0.444061
8 48 0 8 -0.444070
8 25 0 8 -0.444551
15 29 0 8 -0.445857
47 58 0 8 -0.446121
3 64 0 8 -0.446963
4 36 0 8 -0.448775
5 17 0 8 -0.449429
27 67 0 8 -0.450677
48 67 0 8 -0.452999
13 32 0 8 -0.455961
11 57 0 8 -0.456778
5 29 0 8 -0.457265
31 60 0 8 -0.457636
42 47 0 8 -0.458462
4 66 0 8 -0.458851
1 13 0 8 -0.460261
2 59 0 8 -0.461155
37 62 0 8 -0.461263
16 51 0 8 -0.461419
31 66 0 8 -0.463716
13 50 0 8 -0.464824
5 48 0 8 -0.466506
5 61 0 8 -0.466590
38 57 0 8 -0.468950
1 27 0 8 -0.472377
19 25 0 8 -0.472504
13 35 0 8 -0.472847
20 53 0 8 -0.474005
24 58 0 8 -0.474256
46 51 0 8 -0.475277
2 52 0 8 -0.475780
27 56 0 8 -0.479999
16 32 0 8 -0.480637
21 57 0 8 -0.481683
24 61 0 8 -0.482151
20 25 0 8 -0.482745
39 44 0 8 -0.483036
37 66 0 8 -0.483442
8 57 0 8 -0.484259
17 31 0 8 -0.485883
3 56 0 8 -0.485952
1 48 0 8 -0.487221
1 60 0 8 -0.488433
8 37 0 8 -0.490035
25 63 0 8 -0.490260
29 41 0 8 -0.490956
51 57 0 8 -0.491819
5 36 0 8 -0.492429
7 19 0 8 -0.493203
6 23 0 8 -0.493263
5 11 0 8 -0.493398
30 60 0 8 -0.493616
24 36 0 8 -0.493760
6 14 0 8 -0.494833
44 49 0 8 -0.495650
4 59 0 8 -0.497721
43 57 0 8 -0.498695
31 50 0 8 -0.498993
6 62 0 8 -0.503060
8 29 0 8 -0.503235
25 50 0 8 -0.503241
18 67 0 8 -0.503792
13 59 0 8 -0.505542
26 60 0 8 -0.505978
14 42 0 8 -0.506858
1 41 0 8 -0.507521
21 55 0 8 -0.507815
16 22 0 8 -0.508718
31 52 0 8 -0.509239
18 41 0 8 -0.513935
5 20 0 8 -0.514318
1 61 0 8 -0.514650
44 57 0 8 -0.518176
8 35 0 8 -0.519113
28 55 0 8 -0.519399
10 62 0 8 -0.519519
50 58 0 8 -0.520835
34 60 0 8 -0.521040
24 64 0 8 -0.521288
25 64 0 8 -0.522345
19 26 0 8 -0.524088
34 46 0 8 -0.525153
6 56 0 8 -0.525524
50 64 0 8 -0.525652
14 59 0 8 -0.526524
5 62 0 8 -0.527556
2 9 0 8 -0.528594
12 24 0 8 -0.529073
7 18 0 8 -0.531154
3 13 0 8 -0.533024
23 62 0 8 -0.533313
13 62 0 8 -0.535362
35 58 0 8 -0.541099
19 64 0 8 -0.542378
2 60 0 8 -0.543114
2 26 0 8 -0.543568
14 50 0 8 -0.545810
6 34 0 8 -0.545933
4 53 0 8 -0.545935
44 50 0 8 -0.546951
2 17 0 8 -0.547141
1 26 0 8 -0.549242
8 54 0 8 -0.549562
18 61 0 8 -0.549984
15 41 0 8 -0.550043
13 56 0 8 -0.550250
8 26 0 8 -0.553713
1 29 0 8 -0.555047
28 64 0 8 -0.555108
2 27 0 8 -0.556739
3 59 0 8 -0.558501
12 33 0 8 -0.561041
41 62 0 8 -0.562729
50 59 0 8 -0.564388
3 60 0 8 -0.565438
14 28 0 8 -0.565456
4 20 0 8 -0.567000
1 53 0 8 -0.568069
9 35 0 8 -0.572361
5 57 0 8 -0.572840
20 46 0 8 -0.573180
31 61 0 8 -0.576355
19 66 0 8 -0.577240
28 60 0 8 -0.577632
7 46 0 8 -0.578134
20 44 0 8 -0.579901
37 65 0 8 -0.579954
20 52 0 8 -0.583579
18 35 0 8 -0.583818
19 41 0 8 -0.585603
33 59 0 8 -0.588412
5 65 0 8 -0.593970
8 34 0 8 -0.595828
29 66 0 8 -0.595843
12 32 0 8 -0.596506
12 50 0 8 -0.596773
35 65 0 8 -0.596816
16 44 0 8 -0.598109
38 65 0 8 -0.598627
46 65 0 8 -0.601720
35 66 0 8 -0.602394
43 66 0 8 -0.602441
17 67 0 8 -0.608649
8 28 0 8 -0.608974
25 48 0 8 -0.609771
7 25 0 8 -0.610427
1 33 0 8 -0.610621
11 58 0 8 -0.612417
34 63 0 8 -0.613383
2 44 0 8 -0.614572
20 58 0 8 -0.616257
46 66 0 8 -0.617595
50 63 0 8 -0.619435
10 64 0 8 -0.619437
38 66 0 8 -0.621674
2 28 0 8 -0.621763
34 62 0 8 -0.623308
5 60 0 8 -0.624857
48 64 0 8 -0.625372
17 37 0 8 -0.625578
4 50 0 8 -0.627394
20 56 0 8 -0.627438
5 50 0 8 -0.629882
23 63 0 8 -0.630915
15 53 0 8 -0.634099
20 57 0 8 -0.634547
10 52 0 8 -0.635559
2 53 0 8 -0.636509
47 64 0 8 -0.636739
32 64 0 8 -0.639996
12 17 0 8 -0.640611
12 34 0 8 -0.641837
3 52 0 8 -0.641969
20 34 0 8 -0.643489
51 66 0 8 -0.645688
37 64 0 8 -0.648418
1 32 0 8 -0.648896
23 51 0 8 -0.649661
52 59 0 8 -0.651817
18 23 0 8 -0.652819
24 48 0 8 -0.653219
8 23 0 8 -0.653605
1 56 0 8 -0.654394
30 65 0 8 -0.654855
3 24 0 8 -0.657614
23 30 0 8 -0.657816
52 61 0 8 -0.661886
6 61 0 8 -0.662567
17 22 0 8 -0.665020
34 64 0 8 -0.665131
12 47 0 8 -0.666091
25 67 0 8 -0.666309
23 67 0 8 -0.666807
20 30 0 8 -0.668639
31 62 0 8 -0.669568
9 20 0 8 -0.672216
12 30 0 8 -0.672853
43 60 0 8 -0.674024
8 24 0 8 -0.674595
1 55 0 8 -0.675686
5 23 0 8 -0.677905
30 55 0 8 -0.678442
2 48 0 8 -0.679410
20 35 0 8 -0.680217
1 57 0 8 -0.680851
10 59 0 8 -0.681006
4 65 0 8 -0.681815
38 67 0 8 -0.683179
19 67 0 8 -0.684634
7 66 0 8 -0.685498
17 63 0 8 -0.686678
14 33 0 8 -0.686794
7 20 0 8 -0.688176
8 31 0 8 -0.688189
44 64 0 8 -0.688937
8 36 0 8 -0.689409
11 59 0 8 -0.691197
14 65 0 8 -0.695193
11 50 0 8 -0.695470
19 50 0 8 -0.696333
23 50 0 8 -0.696592
48 63 0 8 -0.698210
38 60 0 8 -0.700514
3 44 0 8 -0.701523
6 57 0 8 -0.702141
34 47 0 8 -0.703352
14 58 0 8 -0.705111
9 18 0 8 -0.705188
43 50 0 8 -0.705329
11 18 0 8 -0.706755
32 66 0 8 -0.707562
3 48 0 8 -0.708046
25 57 0 8 -0.709229
17 64 0 8 -0.709744
19 60 0 8 -0.710648
34 66 0 8 -0.712346
52 62 0 8 -0.714853
30 53 0 8 -0.717307
52 65 0 8 -0.718344
2 30 0 8 -0.719118
5 26 0 8 -0.721641
24 53 0 8 -0.722120
52 57 0 8 -0.722325
52 66 0 8 -0.723589
43 52 0 8 -0.723888
28 65 0 8 -0.725140
25 55 0 8 -0.725594
4 37 0 8 -0.726673
26 64 0 8 -0.726921
3 55 0 8 -0.727135
31 41 0 8 -0.728803
25 62 0 8 -0.729511
21 67 0 8 -0.730565
51 65 0 8 -0.730766
20 33 0 8 -0.731240
30 58 0 8 -0.733172
37 54 0 8 -0.733947
23 66 0 8 -0.736310
22 50 0 8 -0.738476
26 65 0 8 -0.740342
56 61 0 8 -0.741544
15 62 0 8 -0.741724
10 61 0 8 -0.742208
23 44 0 8 -0.743051
17 60 0 8 -0.743903
34 58 0 8 -0.744822
13 58 0 8 -0.744977
26 58 0 8 -0.745158
1 25 0 8 -0.745287
9 43 0 8 -0.745301
22 63 0 8 -0.747785
20 26 0 8 -0.748964
7 14 0 8 -0.750268
18 66 0 8 -0.750634
11 43 0 8 -0.751842
13 38 0 8 -0.753862
23 65 0 8 -0.753965
1 52 0 8 -0.756290
8 38 0 8 -0.756709
3 19 0 8 -0.757413
25 65 0 8 -0.760194
34 48 0 8 -0.761293
34 65 0 8 -0.763408
20 28 0 8 -0.766230
35 51 0 8 -0.768438
47 66 0 8 -0.768548
13 55 0 8 -0.768878
5 63 0 8 -0.770080
25 66 0 8 -0.771203
18 26 0 8 -0.773567
10 20 0 8 -0.777000
6 54 0 8 -0.778053
9 62 0 8 -0.780235
6 21 0 8 -0.782894
28 50 0 8 -0.783039
8 40 0 8 -0.783724
1 31 0 8 -0.786048
15 57 0 8 -0.786120
4 63 0 8 -0.786185
13 23 0 8 -0.787832
10 66 0 8 -0.787915
35 64 0 8 -0.788398
27 63 0 8 -0.789080
9 66 0 8 -0.789749
38 64 0 8 -0.789986
3 40 0 8 -0.791056
41 53 0 8 -0.792046
40 50 0 8 -0.793033
32 57 0 8 -0.793107
24 65 0 8 -0.793703
21 33 0 8 -0.794331
29 60 0 8 -0.794929
21 62 0 8 -0.797374
28 63 0 8 -0.798521
12 36 0 8 -0.802109
15 67 0 8 -0.802338
21 65 0 8 -0.804664
3 31 0 8 -0.806765
1 30 0 8 -0.806783
29 48 0 8 -0.807916
29 36 0 8 -0.810412
24 57 0 8 -0.810702
35 67 0 8 -0.811019
34 61 0 8 -0.812043
50 60 0 8 -0.812409
26 61 0 8 -0.812874
12 19 0 8 -0.813596
15 20 0 8 -0.816911
22 67 0 8 -0.819386
31 65 0 8 -0.820063
27 64 0 8 -0.821540
14 66 0 8 -0.821645
1 24 0 8 -0.821998
28 38 0 8 -0.822277
7 21 0 8 -0.822710
19 62 0 8 -0.824629
40 48 0 8 -0.826030
4 60 0 8 -0.827263
10 26 0 8 -0.828441
27 36 0 8 -0.829852
40 66 0 8 -0.829977
17 66 0 8 -0.830972
26 66 0 8 -0.831445
7 65 0 8 -0.832505
2 15 0 8 -0.832795
10 67 0 8 -0.835055
34 59 0 8 -0.839748
15 40 0 8 -0.839963
24 40 0 8 -0.843527
28 67 0 8 -0.845767
31 54 0 8 -0.848190
26 40 0 8 -0.849268
6 51 0 8 -0.852470
2 10 0 8 -0.853783
29 47 0 8 -0.854265
29 37 0 8 -0.854373
13 37 0 8 -0.855502
26 52 0 8 -0.855757
2 18 0 8 -0.857684
35 57 0 8 -0.857787
20 31 0 8 -0.859137
5 37 0 8 -0.860969
46 63 0 8 -0.861614
23 64 0 8 -0.861734
38 53 0 8 -0.863222
30 62 0 8 -0.867856
5 53 0 8 -0.867975
13 28 0 8 -0.869704
47 62 0 8 -0.870144
23 60 0 8 -0.871868
17 38 0 8 -0.872945
15 66 0 8 -0.873039
31 38 0 8 -0.875985
2 54 0 8 -0.877293
29 63 0 8 -0.877437
25 40 0 8 -0.877655
41 50 0 8 -0.882140
12 26 0 8 -0.882371
8 41 0 8 -0.882949
33 62 0 8 -0.884095
26 34 0 8 -0.885300
18 33 0 8 -0.886314
35 52 0 8 -0.887252
9 23 0 8 -0.887758
17 23 0 8 -0.890055
2 47 0 8 -0.891339
12 38 0 8 -0.891599
50 57 0 8 -0.893343
29 62 0 8 -0.895809
37 67 0 8 -0.899849
12 29 0 8 -0.900672
48 62 0 8 -0.901115
43 64 0 8 -0.903549
4 62 0 8 -0.903663
47 67 0 8 -0.905245
38 48 0 8 -0.908456
43 65 0 8 -0.910330
20 36 0 8 -0.911460
27 66 0 8 -0.913226
28 34 0 8 -0.914473
14 35 0 8 -0.915010
30 35 0 8 -0.915838
3 15 0 8 -0.915930
27 65 0 8 -0.917559
17 52 0 8 -0.922391
30 59 0 8 -0.925976
30 67 0 8 -0.926653
12 37 0 8 -0.927548
1 15 0 8 -0.927716
28 62 0 8 -0.927919
19 27 0 8 -0.929335
4 19 0 8 -0.929815
19 61 0 8 -0.930907
18 64 0 8 -0.932416
14 20 0 8 -0.935876
32 46 0 8 -0.937890
3 18 0 8 -0.939079
36 58 0 8 -0.941513
19 28 0 8 -0.945820
17 65 0 8 -0.946879
28 37 0 8 -0.946893
4 9 0 8 -0.951034
46 61 0 8 -0.951717
7 58 0 8 -0.952113
4 29 0 8 -0.952857
18 54 0 8 -0.953309
18 59 0 8 -0.954278
27 52 0 8 -0.954599
26 37 0 8 -0.957309
20 54 0 8 -0.957376
13 47 0 8 -0.958444
11 21 0 8 -0.959077
4 21 0 8 -0.960831
7 57 0 8 -0.963712
19 65 0 8 -0.964095
15 38 0 8 -0.966678
29 67 0 8 -0.967163
24 62 0 8 -0.970672
2 43 0 8 -0.972634
9 64 0 8 -0.972998
52 67 0 8 -0.973682
14 52 0 8 -0.974136
30 61 0 8 -0.976267
46 64 0 8 -0.976832
10 44 0 8 -0.977721
14 44 0 8 -0.979170
7 59 0 8 -0.980242
29 56 0 8 -0.981126
38 52 0 8 -0.981542
35 60 0 8 -0.982875
44 61 0 8 -0.982900
12 23 0 8 -0.983151
11 36 0 8 -0.984497
15 63 0 8 -0.985742
13 29 0 8 -0.985937
17 36 0 8 -0.986130
11 17 0 8 -0.986485
17 57 0 8 -0.988051
30 48 0 8 -0.989822
26 36 0 8 -0.989972
5 35 0 8 -0.990850
9 52 0 8 -0.991481
28 57 0 8 -0.991528
38 59 0 8 -0.993470
32 61 0 8 -0.994118
14 64 0 8 -0.997569
11 37 0 8 -0.999214
36 53 0 8 -1.000719
19 37 0 8 -1.003401
25 35 0 8 -1.004484
2 23 0 8 -1.005322
11 31 0 8 -1.007821
14 34 0 8 -1.010651
4 57 0 8 -1.012132
46 59 0 8 -1.013485
32 65 0 8 -1.014091
40 58 0 8 -1.014740
13 57 0 8 -1.016595
19 55 0 8 -1.021105
33 58 0 8 -1.023129
28 43 0 8 -1.026653
5 59 0 8 -1.030919
46 62 0 8 -1.031233
47 57 0 8 -1.031838
40 60 0 8 -1.033867
5 44 0 8 -1.036281
17 33 0 8 -1.037814
29 64 0 8 -1.038966
30 63 0 8 -1.039611
53 61 0 8 -1.041984
18 63 0 8 -1.043494
1 10 0 8 -1.044612
24 50 0 8 -1.045968
11 29 0 8 -1.046917
37 63 0 8 -1.050779
13 21 0 8 -1.050989
28 53 0 8 -1.052737
1 51 0 8 -1.055962
19 46 0 8 -1.060328
1 9 0 8 -1.060498
21 38 0 8 -1.060838
10 17 0 8 -1.064219
11 19 0 8 -1.064991
2 25 0 8 -1.066023
18 60 0 8 -1.070233
21 52 0 8 -1.072850
30 43 0 8 -1.074581
12 56 0 8 -1.075601
20 51 0 8 -1.077459
34 67 0 8 -1.078540
4 27 0 8 -1.079614
21 60 0 8 -1.083230
30 46 0 8 -1.083710
37 55 0 8 -1.086040
20 40 0 8 -1.088637
50 56 0 8 -1.090298
35 62 0 8 -1.090882
15 60 0 8 -1.091003
51 63 0 8 -1.093984
20 41 0 8 -1.094298
28 46 0 8 -1.096877
13 46 0 8 -1.098318
10 56 0 8 -1.102865
3 17 0 8 -1.103589
14 40 0 8 -1.107146
27 60 0 8 -1.109003
23 56 0 8 -1.110278
40 67 0 8 -1.113399
35 63 0 8 -1.113600
40 64 0 8 -1.113961
31 59 0 8 -1.115717
33 63 0 8 -1.117011
22 65 0 8 -1.117407
11 51 0 8 -1.118561
10 47 0 8 -1.119888
24 46 0 8 -1.124108
37 51 0 8 -1.130222
20 27 0 8 -1.131763
8 44 0 8 -1.132226
6 19 0 8 -1.132943
51 59 0 8 -1.136881
21 30 0 8 -1.138680
21 36 0 8 -1.139172
11 34 0 8 -1.140345
9 60 0 8 -1.141775
3 30 0 8 -1.145398
35 56 0 8 -1.148927
7 28 0 8 -1.154357
12 35 0 8 -1.155499
35 55 0 8 -1.156265
3 9 0 8 -1.160078
6 43 0 8 -1.161761
9 63 0 8 -1.161925
11 54 0 8 -1.165969
11 55 0 8 -1.171433
26 32 0 8 -1.173045
22 62 0 8 -1.173184
22 51 0 8 -1.174228
6 25 0 8 -1.174457
9 67 0 8 -1.176304
13 36 0 8 -1.178397
40 57 0 8 -1.180570
31 48 0 8 -1.181500
43 63 0 8 -1.182358
1 54 0 8 -1.183540
24 52 0 8 -1.184319
19 24 0 8 -1.187429
17 62 0 8 -1.188823
47 65 0 8 -1.189245
29 43 0 8 -1.189446
32 63 0 8 -1.190987
3 26 0 8 -1.191503
23 57 0 8 -1.191877
18 58 0 8 -1.192034
5 19 0 8 -1.192708
14 61 0 8 -1.195354
26 53 0 8 -1.198263
27 51 0 8 -1.198868
48 58 0 8 -1.199598
13 18 0 8 -1.208207
26 63 0 8 -1.210728
25 58 0 8 -1.212989
33 50 0 8 -1.213970
12 21 0 8 -1.215390
11 25 0 8 -1.215677
15 65 0 8 -1.215840
10 57 0 8 -1.220546
9 32 0 8 -1.221523
7 38 0 8 -1.222566
23 58 0 8 -1.228259
7 62 0 8 -1.233143
21 53 0 8 -1.234928
6 40 0 8 -1.240438
48 61 0 8 -1.245559
31 36 0 8 -1.252050
25 41 0 8 -1.253958
30 38 0 8 -1.255491
46 67 0 8 -1.259226
17 43 0 8 -1.260638
20 32 0 8 -1.261286
33 53 0 8 -1.262220
12 18 0 8 -1.263645
24 31 0 8 -1.264543
24 32 0 8 -1.264677
54 60 0 8 -1.268874
9 37 0 8 -1.271468
13 24 0 8 -1.272464
38 63 0 8 -1.277417
38 62 0 8 -1.278100
2 51 0 8 -1.280827
9 41 0 8 -1.281738
51 61 0 8 -1.283322
7 35 0 8 -1.284926
22 33 0 8 -1.287045
11 22 0 8 -1.303034
28 61 0 8 -1.307921
14 30 0 8 -1.310889
38 50 0 8 -1.314209
48 57 0 8 -1.315028
14 19 0 8 -1.315526
13 34 0 8 -1.316372
9 46 0 8 -1.316645
4 14 0 8 -1.320503
22 66 0 8 -1.321257
1 14 0 8 -1.324301
26 59 0 8 -1.324964
17 47 0 8 -1.328066
40 52 0 8 -1.329049
21 26 0 8 -1.330080
15 47 0 8 -1.330343
17 54 0 8 -1.335719
7 36 0 8 -1.336826
32 48 0 8 -1.342632
5 25 0 8 -1.358749
17 30 0 8 -1.360935
51 67 0 8 -1.361698
25 46 0 8 -1.361902
7 15 0 8 -1.367488
27 46 0 8 -1.372261
26 46 0 8 -1.372309
11 52 0 8 -1.373190
32 40 0 8 -1.375278
9 59 0 8 -1.378914
38 44 0 8 -1.379814
11 32 0 8 -1.382631
18 47 0 8 -1.386660
9 55 0 8 -1.392820
47 63 0 8 -1.393820
22 60 0 8 -1.395769
5 58 0 8 -1.398780
15 21 0 8 -1.399915
9 34 0 8 -1.400009
37 60 0 8 -1.405324
25 59 0 8 -1.405422
19 35 0 8 -1.417759
26 62 0 8 -1.420040
27 35 0 8 -1.424103
17 58 0 8 -1.424385
19 34 0 8 -1.426526
4 38 0 8 -1.428244
5 43 0 8 -1.430472
10 38 0 8 -1.431433
27 57 0 8 -1.432464
47 54 0 8 -1.432962
27 54 0 8 -1.439942
10 58 0 8 -1.445480
27 58 0 8 -1.447495
31 51 0 8 -1.453687
22 52 0 8 -1.454996
13 44 0 8 -1.458402
15 43 0 8 -1.458895
5 47 0 8 -1.459397
38 58 0 8 -1.459655
27 62 0 8 -1.460360
25 61 0 8 -1.466534
28 48 0 8 -1.467203
14 63 0 8 -1.470630
37 58 0 8 -1.471867
19 32 0 8 -1.471920
4 58 0 8 -1.473524
3 38 0 8 -1.473872
29 61 0 8 -1.477220
40 63 0 8 -1.482262
2 14 0 8 -1.485688
35 41 0 8 -1.492257
36 51 0 8 -1.492493
4 26 0 8 -1.494312
4 43 0 8 -1.495458
23 43 0 8 -1.495618
22 29 0 8 -1.500860
10 37 0 8 -1.502315
36 54 0 8 -1.504720
5 38 0 8 -1.506671
18 24 0 8 -1.507799
41 59 0 8 -1.515600
29 34 0 8 -1.518911
25 47 0 8 -1.525590
10 55 0 8 -1.532607
44 62 0 8 -1.535995
35 53 0 8 -1.538874
3 51 0 8 -1.540267
25 60 0 8 -1.541499
15 61 0 8 -1.542154
9 24 0 8 -1.542299
13 19 0 8 -1.551997
21 34 0 8 -1.556404
11 48 0 8 -1.556809
41 48 0 8 -1.556980
3 28 0 8 -1.561536
25 44 0 8 -1.561666
28 47 0 8 -1.562594
14 47 0 8 -1.570714
9 31 0 8 -1.574552
9 17 0 8 -1.578880
29 40 0 8 -1.579875
29 54 0 8 -1.580763
46 53 0 8 -1.585153
29 58 0 8 -1.587142
33 57 0 8 -1.593514
14 55 0 8 -1.594032
9 29 0 8 -1.595597
44 54 0 8 -1.597680
6 22 0 8 -1.598616
27 59 0 8 -1.601347
12 22 0 8 -1.601917
23 53 0 8 -1.603446
25 53 0 8 -1.605864
30 54 0 8 -1.611019
41 51 0 8 -1.615853
15 37 0 8 -1.619648
21 31 0 8 -1.621203
9 33 0 8 -1.623204
10 23 0 8 -1.626402
19 43 0 8 -1.631438
33 54 0 8 -1.635039
18 56 0 8 -1.635749
10 25 0 8 -1.636078
21 41 0 8 -1.640299
26 44 0 8 -1.646494
33 48 0 8 -1.654281
13 40 0 8 -1.663236
30 40 0 8 -1.664552
35 61 0 8 -1.669837
33 47 0 8 -1.670023
33 51 0 8 -1.672643
5 51 0 8 -1.681286
22 64 0 8 -1.684781
21 32 0 8 -1.691603
19 56 0 8 -1.693637
24 54 0 8 -1.694386
4 44 0 8 -1.695792
18 25 0 8 -1.702091
22 55 0 8 -1.702306
15 24 0 8 -1.713589
14 26 0 8 -1.714487
23 36 0 8 -1.718709
5 40 0 8 -1.718938
5 14 0 8 -1.723891
22 53 0 8 -1.725253
26 51 0 8 -1.726790
4 46 0 8 -1.730170
10 35 0 8 -1.741711
17 56 0 8 -1.750373
24 59 0 8 -1.764065
12 40 0 8 -1.765214
43 55 0 8 -1.766194
21 48 0 8 -1.767319
33 43 0 8 -1.767490
9 57 0 8 -1.769753
22 61 0 8 -1.772082
25 30 0 8 -1.784648
4 17 0 8 -1.789618
4 48 0 8 -1.803017
9 26 0 8 -1.808962
14 60 0 8 -1.809401
40 62 0 8 -1.809912
17 51 0 8 -1.820641
24 55 0 8 -1.821876
33 46 0 8 -1.827137
4 22 0 8 -1.845400
21 27 0 8 -1.851386
51 56 0 8 -1.851763
11 47 0 8 -1.851780
31 57 0 8 -1.872474
9 22 0 8 -1.878572
7 43 0 8 -1.880147
30 36 0 8 -1.888776
25 56 0 8 -1.897062
21 28 0 8 -1.902025
4 23 0 8 -1.909240
4 56 0 8 -1.911834
32 52 0 8 -1.913096
24 29 0 8 -1.918037
35 43 0 8 -1.922126
14 41 0 8 -1.922186
32 55 0 8 -1.922904
14 57 0 8 -1.927748
25 37 0 8 -1.947324
28 40 0 8 -1.974525
21 54 0 8 -1.979156
23 33 0 8 -1.987500
31 47 0 8 -1.989612
4 51 0 8 -2.028482
27 55 0 8 -2.029434
32 41 0 8 -2.031673
10 36 0 8 -2.031812
40 61 0 8 -2.033034
19 51 0 8 -2.033052
4 54 0 8 -2.060594
15 34 0 8 -2.064363
28 58 0 8 -2.066586
7 32 0 8 -2.071486
14 22 0 8 -2.086757
31 46 0 8 -2.092285
26 31 0 8 -2.102133
7 27 0 8 -2.116261
7 48 0 8 -2.123021
27 48 0 8 -2.129535
14 29 0 8 -2.130691
11 40 0 8 -2.139197
27 61 0 8 -2.140098
51 60 0 8 -2.148286
9 58 0 8 -2.150731
13 22 0 8 -2.152148
10 48 0 8 -2.153030
21 51 0 8 -2.169316
41 54 0 8 -2.171148
9 61 0 8 -2.182122
30 47 0 8 -2.184088
7 44 0 8 -2.193965
47 53 0 8 -2.196448
4 40 0 8 -2.201640
25 52 0 8 -2.209594
26 41 0 8 -2.210989
28 54 0 8 -2.225932
23 40 0 8 -2.234228
28 41 0 8 -2.247077
7 47 0 8 -2.278081
26 43 0 8 -2.288573
24 30 0 8 -2.294226
25 38 0 8 -2.295139
40 54 0 8 -2.315732
14 36 0 8 -2.320290
36 55 0 8 -2.327166
19 33 0 8 -2.334827
33 41 0 8 -2.336763
14 38 0 8 -2.342283
10 19 0 8 -2.345426
22 58 0 8 -2.352170
31 40 0 8 -2.354810
9 40 0 8 -2.377571
27 43 0 8 -2.380153
32 37 0 8 -2.400387
5 22 0 8 -2.413001
17 44 0 8 -2.440920
15 23 0 8 -2.473094
9 36 0 8 -2.473161
19 58 0 8 -2.495306
12 44 0 8 -2.497448
43 51 0 8 -2.538136
7 54 0 8 -2.548615
10 21 0 8 -2.551745
10 46 0 8 -2.558932
17 24 0 8 -2.568297
22 28 0 8 -2.570783
14 24 0 8 -2.578874
34 40 0 8 -2.585164
29 44 0 8 -2.598324
29 51 0 8 -2.617429
7 22 0 8 -2.628021
3 14 0 8 -2.636814
26 47 0 8 -2.652801
27 37 0 8 -2.657745
15 35 0 8 -2.696413
9 21 0 8 -2.707833
31 43 0 8 -2.709513
9 44 0 8 -2.711732
14 37 0 8 -2.767792
22 56 0 8 -2.781781
15 58 0 8 -2.792506
10 24 0 8 -2.869764
22 31 0 8 -2.881937
48 54 0 8 -2.895657
22 54 0 8 -2.913815
27 38 0 8 -2.921818
15 22 0 8 -2.926055
32 51 0 8 -2.948948
4 10 0 8 -3.022492
44 51 0 8 -3.064898
31 56 0 8 -3.087748
22 27 0 8 -3.095171
22 57 0 8 -3.125599
14 56 0 8 -3.170988
10 22 0 8 -3.199138
38 54 0 8 -3.201644
7 40 0 8 -3.211632
32 38 0 8 -3.284460
15 32 0 8 -3.302833
27 44 0 8 -3.314422
40 51 0 8 -3.406494
22 32 0 8 -3.421827
27 40 0 8 -3.479726
32 44 0 8 -3.896190
14 46 0 8 -3.943580
31 44 0 8 -3.967585
30 44 0 8 -4.029040
15 27 0 8 -4.342638
27 47 0 8 -4.348702
10 40 0 8 -4.522446
28 44 0 8 -5.077285
