24 31 0 8 14.356107
19 72 0 8 13.627307
24 32 0 8 9.361256
29 34 0 8 8.112021
9 45 0 8 7.030401
15 22 0 8 6.798779
18 59 0 8 6.365392
57 73 0 8 6.352959
32 64 0 8 6.202082
21 66 0 8 5.499896
21 72 0 8 5.414563
24 64 0 8 5.350395
11 45 0 8 4.992445
24 34 0 8 4.842867
31 64 0 8 4.772687
22 65 0 8 4.697538
13 50 0 8 4.398318
21 69 0 8 4.226210
7 53 0 8 4.144566
25 48 0 8 3.959822
3 14 0 8 3.855968
24 29 0 8 3.781629
47 55 0 8 3.725451
59 71 0 8 3.700026
11 44 0 8 3.672576
36 57 0 8 3.629972
44 55 0 8 3.573859
43 78 0 8 3.522772
57 71 0 8 3.507292
24 38 0 8 3.479552
9 48 0 8 3.450031
25 65 0 8 3.433666
3 60 0 8 3.377957
14 56 0 8 3.365539
64 70 0 8 3.344696
13 60 0 8 3.310066
34 64 0 8 3.305110
4 9 0 8 3.304289
14 59 0 8 3.290375
7 60 0 8 3.240146
8 28 0 8 3.205662
59 73 0 8 3.188690
62 74 0 8 3.151633
15 80 0 8 3.146951
32 70 0 8 3.098976
63 70 0 8 3.095609
24 65 0 8 3.069530
37 42 0 8 3.024502
4 16 0 8 3.007885
18 77 0 8 2.996983
55 61 0 8 2.900170
66 71 0 8 2.887110
47 58 0 8 2.884478
53 61 0 8 2.876171
11 46 0 8 2.824003
24 67 0 8 2.755470
3 21 0 8 2.730594
27 60 0 8 2.712202
32 66 0 8 2.658150
35 69 0 8 2.603759
38 43 0 8 2.601323
22 66 0 8 2.594251
38 55 0 8 2.571714
3 78 0 8 2.543043
29 77 0 8 2.528369
17 31 0 8 2.518492
14 60 0 8 2.476062
46 55 0 8 2.474642
18 72 0 8 2.455102
29 35 0 8 2.429815
37 54 0 8 2.409587
14 77 0 8 2.400673
17 73 0 8 2.381362
47 73 0 8 2.378469
24 30 0 8 2.374109
1 9 0 8 2.353697
32 65 0 8 2.347878
27 68 0 8 2.344736
17 24 0 8 2.343401
33 76 0 8 2.335192
41 47 0 8 2.309787
4 44 0 8 2.299491
61 71 0 8 2.298091
31 38 0 8 2.297086
24 72 0 8 2.296119
43 60 0 8 2.291243
9 43 0 8 2.286205
17 30 0 8 2.272376
3 80 0 8 2.269120
68 80 0 8 2.249483
40 46 0 8 2.247482
4 14 0 8 2.246216
33 75 0 8 2.240412
66 80 0 8 2.240308
5 35 0 8 2.239422
54 61 0 8 2.233738
5 68 0 8 2.224528
34 50 0 8 2.209339
32 67 0 8 2.202007
1 29 0 8 2.161661
25 47 0 8 2.094753
1 58 0 8 2.075153
14 76 0 8 2.047322
3 59 0 8 2.042917
15 27 0 8 2.020798
40 76 0 8 2.020070
12 23 0 8 2.018249
4 19 0 8 2.001115
55 77 0 8 2.000106
8 19 0 8 1.999799
20 26 0 8 1.994153
4 43 0 8 1.988693
6 56 0 8 1.986042
8 70 0 8 1.973153
33 39 0 8 1.970381
28 58 0 8 1.963500
29 76 0 8 1.958913
5 14 0 8 1.942410
48 80 0 8 1.918643
29 70 0 8 1.916933
50 80 0 8 1.910216
39 47 0 8 1.903933
25 35 0 8 1.895543
27 48 0 8 1.893915
16 67 0 8 1.886937
19 57 0 8 1.882139
44 77 0 8 1.873380
15 33 0 8 1.870958
36 68 0 8 1.859055
48 59 0 8 1.853235
21 32 0 8 1.844428
8 56 0 8 1.840213
51 61 0 8 1.835799
34 69 0 8 1.828973
53 58 0 8 1.828604
13 25 0 8 1.828384
74 79 0 8 1.825846
65 71 0 8 1.825796
34 63 0 8 1.821632
6 14 0 8 1.820045
18 57 0 8 1.819554
30 40 0 8 1.813811
28 33 0 8 1.784702
56 71 0 8 1.775380
39 46 0 8 1.774222
30 43 0 8 1.772215
2 10 0 8 1.771625
51 62 0 8 1.768022
14 75 0 8 1.767162
9 77 0 8 1.765589
35 41 0 8 1.761160
63 75 0 8 1.761131
59 64 0 8 1.752264
21 67 0 8 1.750235
4 58 0 8 1.749980
29 38 0 8 1.744334
37 63 0 8 1.743522
10 26 0 8 1.733879
4 18 0 8 1.715818
13 47 0 8 1.712888
25 42 0 8 1.706010
19 30 0 8 1.697358
10 23 0 8 1.696170
16 66 0 8 1.695635
42 68 0 8 1.682862
22 29 0 8 1.680624
12 26 0 8 1.674732
50 77 0 8 1.663389
8 18 0 8 1.655370
17 32 0 8 1.653283
71 76 0 8 1.652735
8 75 0 8 1.652433
50 81 0 8 1.652089
38 58 0 8 1.651930
5 13 0 8 1.643104
25 36 0 8 1.641364
14 80 0 8 1.637128
27 50 0 8 1.634414
37 45 0 8 1.628971
48 75 0 8 1.627614
6 27 0 8 1.627281
63 78 0 8 1.615059
28 69 0 8 1.614357
20 31 0 8 1.613994
18 76 0 8 1.608978
17 49 0 8 1.604943
14 72 0 8 1.604230
36 41 0 8 1.603697
52 62 0 8 1.601934
14 25 0 8 1.599390
3 68 0 8 1.599279
9 78 0 8 1.594868
30 55 0 8 1.592525
58 76 0 8 1.591259
3 18 0 8 1.588457
50 69 0 8 1.580338
1 77 0 8 1.578945
47 63 0 8 1.576059
42 77 0 8 1.574372
37 46 0 8 1.566268
7 18 0 8 1.564769
8 21 0 8 1.558745
5 78 0 8 1.537445
55 80 0 8 1.532582
4 35 0 8 1.528528
31 67 0 8 1.515904
60 79 0 8 1.510262
9 16 0 8 1.508850
41 71 0 8 1.504518
26 51 0 8 1.497684
31 65 0 8 1.494919
70 75 0 8 1.492308
5 27 0 8 1.480177
27 43 0 8 1.467311
39 48 0 8 1.464957
31 70 0 8 1.461045
6 35 0 8 1.451427
23 51 0 8 1.439286
60 78 0 8 1.438260
31 66 0 8 1.427092
9 59 0 8 1.423382
20 38 0 8 1.416028
35 63 0 8 1.399073
28 35 0 8 1.395182
32 56 0 8 1.393992
26 62 0 8 1.392102
51 74 0 8 1.391356
57 70 0 8 1.389867
9 76 0 8 1.388294
40 45 0 8 1.388203
6 13 0 8 1.388075
25 76 0 8 1.382925
49 64 0 8 1.373521
45 63 0 8 1.371143
50 60 0 8 1.370087
28 72 0 8 1.365792
6 59 0 8 1.364122
23 62 0 8 1.360311
12 52 0 8 1.357998
44 78 0 8 1.342790
36 55 0 8 1.342044
1 47 0 8 1.331925
24 70 0 8 1.331446
30 47 0 8 1.330767
36 63 0 8 1.329221
29 41 0 8 1.327652
41 57 0 8 1.323521
26 74 0 8 1.319487
59 80 0 8 1.303498
35 56 0 8 1.291134
34 41 0 8 1.290732
45 50 0 8 1.286068
7 12 0 8 1.278836
29 37 0 8 1.267755
3 16 0 8 1.263630
34 42 0 8 1.262089
5 66 0 8 1.253866
8 78 0 8 1.253653
15 28 0 8 1.251111
8 39 0 8 1.247908
8 80 0 8 1.243740
8 37 0 8 1.242785
13 21 0 8 1.241534
17 47 0 8 1.239968
1 14 0 8 1.239951
27 81 0 8 1.235396
15 49 0 8 1.233742
39 73 0 8 1.233703
50 65 0 8 1.228492
73 78 0 8 1.226890
54 72 0 8 1.223688
16 49 0 8 1.223662
23 74 0 8 1.221598
46 54 0 8 1.216861
39 44 0 8 1.216129
65 70 0 8 1.214303
52 61 0 8 1.206753
30 65 0 8 1.202601
69 75 0 8 1.201520
56 72 0 8 1.193750
58 78 0 8 1.192642
3 13 0 8 1.190199
71 81 0 8 1.187344
2 12 0 8 1.181855
68 78 0 8 1.167545
53 74 0 8 1.161037
27 76 0 8 1.160509
31 50 0 8 1.160116
21 40 0 8 1.159109
5 80 0 8 1.155995
11 38 0 8 1.143849
53 62 0 8 1.143581
15 81 0 8 1.142617
17 50 0 8 1.142043
24 33 0 8 1.140829
19 70 0 8 1.136839
4 78 0 8 1.136565
61 74 0 8 1.136087
18 33 0 8 1.133875
14 61 0 8 1.128076
46 67 0 8 1.126510
39 81 0 8 1.124750
58 73 0 8 1.115119
43 70 0 8 1.111707
15 25 0 8 1.109324
22 30 0 8 1.098299
61 73 0 8 1.098234
22 36 0 8 1.090511
34 70 0 8 1.086804
15 29 0 8 1.081799
36 46 0 8 1.078948
18 75 0 8 1.077902
1 43 0 8 1.077703
26 52 0 8 1.074585
31 69 0 8 1.071348
39 75 0 8 1.069790
3 50 0 8 1.059276
2 26 0 8 1.058099
33 50 0 8 1.056318
16 42 0 8 1.051906
11 40 0 8 1.050999
56 73 0 8 1.045091
40 54 0 8 1.038436
5 79 0 8 1.036847
8 15 0 8 1.034871
22 69 0 8 1.032689
11 36 0 8 1.024443
3 71 0 8 1.022552
53 78 0 8 1.021926
13 18 0 8 1.017689
30 78 0 8 1.014976
17 71 0 8 1.012753
17 64 0 8 1.006093
58 75 0 8 1.002406
35 77 0 8 1.002255
9 61 0 8 0.999356
12 20 0 8 0.998883
33 63 0 8 0.997337
9 63 0 8 0.996372
16 21 0 8 0.991477
41 64 0 8 0.983749
1 79 0 8 0.983694
67 78 0 8 0.982791
52 74 0 8 0.976973
11 34 0 8 0.974747
19 33 0 8 0.973051
12 62 0 8 0.966828
38 70 0 8 0.958490
18 60 0 8 0.958483
10 62 0 8 0.958100
60 69 0 8 0.956563
61 75 0 8 0.955301
15 39 0 8 0.954701
9 27 0 8 0.953542
71 80 0 8 0.951309
23 52 0 8 0.950078
33 41 0 8 0.946626
13 33 0 8 0.945771
62 79 0 8 0.938528
14 78 0 8 0.938467
44 76 0 8 0.933311
55 67 0 8 0.931396
4 55 0 8 0.925583
34 65 0 8 0.922851
10 52 0 8 0.921760
42 54 0 8 0.921274
21 31 0 8 0.917004
11 22 0 8 0.916240
6 77 0 8 0.915907
64 74 0 8 0.915560
6 58 0 8 0.910971
8 81 0 8 0.910283
21 33 0 8 0.909684
15 68 0 8 0.909070
39 57 0 8 0.907198
5 29 0 8 0.904968
21 55 0 8 0.903787
2 23 0 8 0.901130
28 57 0 8 0.896791
14 22 0 8 0.895071
20 32 0 8 0.891913
61 68 0 8 0.891596
3 11 0 8 0.890444
40 67 0 8 0.887858
7 56 0 8 0.887091
2 79 0 8 0.886001
9 30 0 8 0.885221
42 70 0 8 0.882119
30 38 0 8 0.871652
3 34 0 8 0.868959
9 71 0 8 0.868276
29 81 0 8 0.863480
63 79 0 8 0.863430
42 67 0 8 0.862967
2 54 0 8 0.861747
13 44 0 8 0.858516
13 67 0 8 0.854007
40 48 0 8 0.851807
11 28 0 8 0.851133
22 81 0 8 0.849097
25 81 0 8 0.848872
58 67 0 8 0.848851
14 27 0 8 0.848309
25 43 0 8 0.848006
15 36 0 8 0.846592
7 46 0 8 0.840843
13 30 0 8 0.838443
58 63 0 8 0.838074
37 78 0 8 0.836188
8 77 0 8 0.834687
5 21 0 8 0.830669
4 63 0 8 0.827314
3 48 0 8 0.826886
14 45 0 8 0.824482
4 47 0 8 0.822614
6 18 0 8 0.822433
21 75 0 8 0.820361
12 79 0 8 0.819176
60 76 0 8 0.817940
3 29 0 8 0.817691
27 44 0 8 0.817391
19 38 0 8 0.817121
54 62 0 8 0.815588
19 66 0 8 0.815334
6 30 0 8 0.814152
49 70 0 8 0.812832
5 44 0 8 0.810062
38 56 0 8 0.808663
43 58 0 8 0.806817
54 59 0 8 0.805091
8 29 0 8 0.804397
12 51 0 8 0.804201
12 17 0 8 0.803934
22 39 0 8 0.803084
28 78 0 8 0.803067
13 71 0 8 0.802382
40 68 0 8 0.794961
25 66 0 8 0.794391
64 69 0 8 0.791960
51 79 0 8 0.788993
45 71 0 8 0.786079
49 54 0 8 0.783963
35 44 0 8 0.781587
68 81 0 8 0.777702
18 69 0 8 0.777230
22 35 0 8 0.770341
20 66 0 8 0.769952
46 81 0 8 0.769652
41 63 0 8 0.763748
16 22 0 8 0.762634
5 49 0 8 0.760768
15 69 0 8 0.760336
25 49 0 8 0.759378
48 63 0 8 0.758395
33 40 0 8 0.757834
68 76 0 8 0.757431
39 76 0 8 0.741677
26 61 0 8 0.737904
29 63 0 8 0.736232
16 78 0 8 0.732401
40 63 0 8 0.729152
12 74 0 8 0.727713
24 45 0 8 0.723906
60 68 0 8 0.718696
60 77 0 8 0.718578
11 59 0 8 0.718356
13 49 0 8 0.713384
9 39 0 8 0.713244
2 62 0 8 0.711323
35 50 0 8 0.709173
3 81 0 8 0.707250
53 60 0 8 0.705371
55 72 0 8 0.704548
56 66 0 8 0.703054
31 36 0 8 0.701970
66 78 0 8 0.701445
13 39 0 8 0.700125
30 44 0 8 0.698822
28 66 0 8 0.698239
16 24 0 8 0.697987
58 69 0 8 0.694873
13 37 0 8 0.689948
2 7 0 8 0.689934
26 79 0 8 0.689313
48 58 0 8 0.685069
3 44 0 8 0.682394
49 62 0 8 0.680004
45 78 0 8 0.678597
10 53 0 8 0.678545
6 19 0 8 0.677851
14 67 0 8 0.676625
18 64 0 8 0.676261
6 15 0 8 0.674525
7 57 0 8 0.673681
25 80 0 8 0.673270
10 17 0 8 0.672091
59 78 0 8 0.669793
37 58 0 8 0.666524
46 52 0 8 0.666345
17 72 0 8 0.664330
13 59 0 8 0.664268
1 57 0 8 0.658955
6 42 0 8 0.656780
65 73 0 8 0.654434
32 49 0 8 0.651886
23 79 0 8 0.649075
63 69 0 8 0.647448
21 35 0 8 0.646509
27 65 0 8 0.646328
25 73 0 8 0.643784
29 39 0 8 0.642084
8 16 0 8 0.637406
19 49 0 8 0.635763
9 29 0 8 0.631932
37 44 0 8 0.628784
11 47 0 8 0.628487
48 79 0 8 0.627940
5 37 0 8 0.627149
34 71 0 8 0.626870
22 41 0 8 0.625726
20 74 0 8 0.624269
33 38 0 8 0.623233
69 78 0 8 0.623023
1 56 0 8 0.622989
5 40 0 8 0.622058
63 80 0 8 0.621963
19 28 0 8 0.620966
49 74 0 8 0.620049
72 77 0 8 0.618954
24 66 0 8 0.617607
53 64 0 8 0.615373
3 57 0 8 0.613475
10 60 0 8 0.613204
31 49 0 8 0.608726
48 78 0 8 0.607172
21 36 0 8 0.605898
10 20 0 8 0.605582
17 23 0 8 0.602444
63 74 0 8 0.599804
17 33 0 8 0.598584
72 80 0 8 0.596438
38 63 0 8 0.594627
6 33 0 8 0.593279
16 40 0 8 0.590535
64 81 0 8 0.589009
56 78 0 8 0.587121
37 70 0 8 0.587090
36 70 0 8 0.583738
9 79 0 8 0.581185
16 27 0 8 0.579918
13 29 0 8 0.578369
35 57 0 8 0.577471
10 74 0 8 0.576773
28 70 0 8 0.575073
18 29 0 8 0.572044
2 9 0 8 0.571303
5 33 0 8 0.567060
38 67 0 8 0.566445
13 28 0 8 0.565816
19 77 0 8 0.565318
48 77 0 8 0.565278
52 79 0 8 0.563966
13 80 0 8 0.561879
28 60 0 8 0.554428
36 42 0 8 0.552360
28 46 0 8 0.551881
47 76 0 8 0.549300
8 40 0 8 0.548608
7 52 0 8 0.546903
64 77 0 8 0.546675
25 31 0 8 0.545576
19 50 0 8 0.544519
76 81 0 8 0.535624
25 33 0 8 0.533686
39 50 0 8 0.531148
3 56 0 8 0.525656
6 55 0 8 0.525161
6 73 0 8 0.523493
61 79 0 8 0.521407
54 74 0 8 0.520417
14 30 0 8 0.520274
11 33 0 8 0.520148
26 60 0 8 0.518000
1 37 0 8 0.517941
7 23 0 8 0.517622
6 66 0 8 0.516470
43 75 0 8 0.516217
5 19 0 8 0.516175
4 36 0 8 0.515765
37 81 0 8 0.514936
6 16 0 8 0.512538
39 68 0 8 0.511848
20 62 0 8 0.507202
10 51 0 8 0.505868
43 55 0 8 0.504053
19 58 0 8 0.501542
4 68 0 8 0.499052
10 79 0 8 0.496638
33 78 0 8 0.495837
34 59 0 8 0.492623
47 56 0 8 0.492216
38 47 0 8 0.491556
1 45 0 8 0.490852
19 35 0 8 0.488431
47 69 0 8 0.487532
15 35 0 8 0.486144
4 80 0 8 0.484330
2 61 0 8 0.479849
34 44 0 8 0.478945
21 63 0 8 0.477095
22 68 0 8 0.475450
47 68 0 8 0.473417
5 77 0 8 0.470733
1 46 0 8 0.466926
45 55 0 8 0.462207
2 60 0 8 0.461203
17 26 0 8 0.460595
20 58 0 8 0.460098
58 71 0 8 0.460031
19 52 0 8 0.458563
16 75 0 8 0.458352
25 38 0 8 0.456531
11 63 0 8 0.452594
22 75 0 8 0.450802
11 57 0 8 0.449154
6 39 0 8 0.448215
63 68 0 8 0.446754
1 38 0 8 0.445877
13 27 0 8 0.445052
6 21 0 8 0.445026
4 46 0 8 0.444323
51 60 0 8 0.442415
2 74 0 8 0.439209
50 74 0 8 0.437693
33 65 0 8 0.437486
63 81 0 8 0.436678
15 78 0 8 0.434291
9 44 0 8 0.433890
30 69 0 8 0.433028
11 50 0 8 0.431787
2 42 0 8 0.430481
18 43 0 8 0.427921
31 40 0 8 0.426421
2 20 0 8 0.424298
12 49 0 8 0.424126
40 78 0 8 0.422992
35 66 0 8 0.421220
16 64 0 8 0.418816
18 25 0 8 0.418500
20 40 0 8 0.417179
33 47 0 8 0.415048
14 65 0 8 0.413673
23 61 0 8 0.411604
22 78 0 8 0.410041
16 47 0 8 0.407996
70 81 0 8 0.404685
27 79 0 8 0.404538
42 64 0 8 0.401997
45 65 0 8 0.401795
4 11 0 8 0.398166
43 54 0 8 0.397516
30 81 0 8 0.395969
35 42 0 8 0.395117
1 80 0 8 0.395024
10 49 0 8 0.391865
60 74 0 8 0.391822
6 44 0 8 0.390673
18 70 0 8 0.390621
11 70 0 8 0.388970
38 54 0 8 0.388581
6 68 0 8 0.387884
59 79 0 8 0.387540
53 79 0 8 0.386566
2 13 0 8 0.386326
33 68 0 8 0.385536
32 42 0 8 0.385258
27 39 0 8 0.384838
26 54 0 8 0.384269
33 60 0 8 0.379820
13 56 0 8 0.375606
18 28 0 8 0.375000
43 61 0 8 0.371492
44 59 0 8 0.368813
2 50 0 8 0.368470
65 72 0 8 0.368456
17 66 0 8 0.368392
41 54 0 8 0.366710
26 49 0 8 0.364870
18 65 0 8 0.364116
15 46 0 8 0.363879
7 27 0 8 0.362741
2 51 0 8 0.359681
40 77 0 8 0.359413
50 57 0 8 0.356069
69 81 0 8 0.353857
15 70 0 8 0.352952
36 60 0 8 0.352194
12 53 0 8 0.351047
5 65 0 8 0.350446
25 30 0 8 0.350248
52 75 0 8 0.350020
15 30 0 8 0.349637
29 67 0 8 0.349056
10 59 0 8 0.344350
46 71 0 8 0.343796
7 76 0 8 0.343761
39 65 0 8 0.343119
28 51 0 8 0.340609
1 66 0 8 0.338849
20 48 0 8 0.335578
66 74 0 8 0.333003
56 70 0 8 0.332670
8 22 0 8 0.331356
18 49 0 8 0.330877
7 16 0 8 0.330449
61 77 0 8 0.330261
44 68 0 8 0.329947
20 72 0 8 0.328009
22 40 0 8 0.325728
28 77 0 8 0.322842
25 75 0 8 0.322775
66 81 0 8 0.321623
15 76 0 8 0.320201
36 44 0 8 0.318779
8 66 0 8 0.318017
14 21 0 8 0.317845
32 77 0 8 0.317751
6 29 0 8 0.316428
26 53 0 8 0.314196
9 80 0 8 0.313688
22 56 0 8 0.312006
10 61 0 8 0.311553
18 81 0 8 0.310216
54 79 0 8 0.309883
32 50 0 8 0.304252
20 47 0 8 0.300643
1 28 0 8 0.299911
41 69 0 8 0.299780
8 60 0 8 0.299587
66 73 0 8 0.298872
56 80 0 8 0.297902
16 70 0 8 0.297491
8 41 0 8 0.297079
6 38 0 8 0.296896
4 60 0 8 0.294185
8 54 0 8 0.292446
3 27 0 8 0.292422
48 74 0 8 0.291904
58 72 0 8 0.291595
17 65 0 8 0.290801
19 67 0 8 0.287379
42 66 0 8 0.285744
40 55 0 8 0.284784
30 76 0 8 0.284630
11 58 0 8 0.283790
22 72 0 8 0.283103
15 61 0 8 0.282534
32 69 0 8 0.282515
55 78 0 8 0.279694
67 81 0 8 0.279444
52 60 0 8 0.277776
42 58 0 8 0.277224
75 81 0 8 0.275404
22 49 0 8 0.275353
14 42 0 8 0.274281
67 75 0 8 0.272253
5 57 0 8 0.271764
1 75 0 8 0.270394
39 45 0 8 0.267716
39 69 0 8 0.266916
11 73 0 8 0.266811
37 48 0 8 0.265757
70 77 0 8 0.264044
17 81 0 8 0.262682
20 25 0 8 0.262008
30 75 0 8 0.258512
15 54 0 8 0.258457
54 75 0 8 0.258306
5 28 0 8 0.257571
49 75 0 8 0.257490
10 55 0 8 0.256320
30 35 0 8 0.255819
65 76 0 8 0.254772
17 61 0 8 0.252245
32 76 0 8 0.250777
30 57 0 8 0.249700
4 50 0 8 0.247383
20 51 0 8 0.246377
2 41 0 8 0.245371
47 77 0 8 0.245347
17 56 0 8 0.243584
11 54 0 8 0.243348
37 72 0 8 0.243223
15 20 0 8 0.242329
5 56 0 8 0.241783
40 58 0 8 0.241753
53 77 0 8 0.241078
7 63 0 8 0.239627
55 73 0 8 0.236233
47 54 0 8 0.235180
19 25 0 8 0.232986
6 72 0 8 0.231425
56 62 0 8 0.230814
5 61 0 8 0.230788
8 14 0 8 0.227095
22 44 0 8 0.225139
1 13 0 8 0.223317
18 73 0 8 0.222528
38 64 0 8 0.222352
31 46 0 8 0.222113
7 29 0 8 0.218909
39 54 0 8 0.217926
19 44 0 8 0.217879
4 33 0 8 0.217477
13 81 0 8 0.215063
41 81 0 8 0.214993
1 25 0 8 0.209690
15 71 0 8 0.207133
10 15 0 8 0.205460
6 17 0 8 0.198689
11 53 0 8 0.197404
16 57 0 8 0.196640
25 67 0 8 0.196085
18 71 0 8 0.195466
5 81 0 8 0.194704
6 37 0 8 0.194142
35 79 0 8 0.193818
15 63 0 8 0.188793
59 81 0 8 0.188289
66 75 0 8 0.187621
69 74 0 8 0.186153
67 74 0 8 0.184493
7 79 0 8 0.184284
36 65 0 8 0.181689
49 69 0 8 0.181288
6 22 0 8 0.181057
18 37 0 8 0.179083
45 58 0 8 0.178436
1 61 0 8 0.176811
61 69 0 8 0.175965
16 35 0 8 0.175441
16 59 0 8 0.174570
37 56 0 8 0.174326
1 32 0 8 0.174049
4 27 0 8 0.172921
5 60 0 8 0.170903
39 49 0 8 0.169587
16 55 0 8 0.169462
37 77 0 8 0.167935
19 42 0 8 0.167810
43 79 0 8 0.167169
2 15 0 8 0.164945
23 49 0 8 0.164618
8 38 0 8 0.162634
13 22 0 8 0.161541
36 58 0 8 0.159756
20 55 0 8 0.158359
16 48 0 8 0.157572
1 21 0 8 0.157219
31 56 0 8 0.153125
1 59 0 8 0.150411
59 68 0 8 0.149128
23 60 0 8 0.148872
6 57 0 8 0.148772
50 75 0 8 0.148032
48 68 0 8 0.147952
5 18 0 8 0.146547
9 60 0 8 0.146531
60 73 0 8 0.146118
67 80 0 8 0.144627
47 75 0 8 0.144063
56 67 0 8 0.142811
10 75 0 8 0.141572
19 36 0 8 0.140447
43 56 0 8 0.138462
53 59 0 8 0.137676
42 63 0 8 0.137480
35 76 0 8 0.136907
39 59 0 8 0.136561
29 68 0 8 0.135211
23 28 0 8 0.135000
12 54 0 8 0.134599
12 18 0 8 0.129425
2 52 0 8 0.127059
17 74 0 8 0.123624
5 10 0 8 0.123334
40 57 0 8 0.122537
50 76 0 8 0.120682
19 40 0 8 0.118371
19 53 0 8 0.117497
14 41 0 8 0.116867
66 72 0 8 0.116556
21 30 0 8 0.116259
21 68 0 8 0.113760
20 45 0 8 0.113460
55 64 0 8 0.110587
5 11 0 8 0.109714
36 49 0 8 0.109551
51 75 0 8 0.108259
42 72 0 8 0.107891
43 57 0 8 0.106977
23 54 0 8 0.106303
73 80 0 8 0.106270
7 44 0 8 0.105071
21 34 0 8 0.104922
9 22 0 8 0.103903
46 51 0 8 0.103841
16 37 0 8 0.102503
17 75 0 8 0.102268
49 76 0 8 0.101563
12 60 0 8 0.100312
72 78 0 8 0.099942
2 76 0 8 0.097183
2 63 0 8 0.096564
51 57 0 8 0.096398
26 31 0 8 0.096215
55 74 0 8 0.096197
52 76 0 8 0.093792
25 53 0 8 0.092501
7 26 0 8 0.091044
20 34 0 8 0.088003
8 55 0 8 0.084824
10 16 0 8 0.082670
14 68 0 8 0.081799
11 56 0 8 0.080482
15 47 0 8 0.079273
14 47 0 8 0.078172
1 65 0 8 0.077464
7 67 0 8 0.075685
6 81 0 8 0.075329
4 17 0 8 0.074554
3 72 0 8 0.074332
33 77 0 8 0.073703
60 65 0 8 0.070752
61 67 0 8 0.070582
21 60 0 8 0.067590
5 30 0 8 0.065954
16 81 0 8 0.063631
9 15 0 8 0.063621
9 25 0 8 0.062917
27 42 0 8 0.062171
2 14 0 8 0.062036
2 22 0 8 0.061875
10 25 0 8 0.053951
7 80 0 8 0.053001
8 67 0 8 0.052801
15 23 0 8 0.051589
40 73 0 8 0.050032
64 79 0 8 0.045063
12 64 0 8 0.043648
10 64 0 8 0.043067
1 8 0 8 0.041155
52 63 0 8 0.040226
26 36 0 8 0.037820
9 17 0 8 0.037629
56 81 0 8 0.035615
21 59 0 8 0.034462
4 30 0 8 0.033782
7 13 0 8 0.033123
20 46 0 8 0.032849
67 73 0 8 0.031034
57 72 0 8 0.030866
46 70 0 8 0.029600
42 75 0 8 0.028931
39 71 0 8 0.027895
4 66 0 8 0.027826
9 19 0 8 0.026166
11 20 0 8 0.024989
19 26 0 8 0.024573
17 54 0 8 0.024090
8 49 0 8 0.022919
11 23 0 8 0.020745
28 50 0 8 0.017720
1 42 0 8 0.015664
1 22 0 8 0.015233
25 70 0 8 0.014128
49 65 0 8 0.012240
29 64 0 8 0.011839
60 80 0 8 0.009229
62 67 0 8 0.008197
62 72 0 8 0.006603
57 64 0 8 0.004455
17 25 0 8 0.004231
72 79 0 8 0.003511
7 51 0 8 0.003493
16 44 0 8 0.003228
9 70 0 8 0.001876
32 37 0 8 0.001066
8 73 0 8 0.000658
44 50 0 8 0.000270
1 82 0 8 0.000000
1 83 0 8 0.000000
2 82 0 8 0.000000
2 83 0 8 0.000000
3 82 0 8 0.000000
3 83 0 8 0.000000
4 82 0 8 0.000000
4 83 0 8 0.000000
5 82 0 8 0.000000
5 83 0 8 0.000000
6 82 0 8 0.000000
6 83 0 8 0.000000
7 82 0 8 0.000000
7 83 0 8 0.000000
8 82 0 8 0.000000
8 83 0 8 0.000000
9 82 0 8 0.000000
9 83 0 8 0.000000
10 82 0 8 0.000000
10 83 0 8 0.000000
11 82 0 8 0.000000
11 83 0 8 0.000000
12 82 0 8 0.000000
12 83 0 8 0.000000
13 82 0 8 0.000000
13 83 0 8 0.000000
14 82 0 8 0.000000
14 83 0 8 0.000000
15 82 0 8 0.000000
15 83 0 8 0.000000
16 82 0 8 0.000000
16 83 0 8 0.000000
17 82 0 8 0.000000
17 83 0 8 0.000000
18 82 0 8 0.000000
18 83 0 8 0.000000
19 82 0 8 0.000000
19 83 0 8 0.000000
20 82 0 8 0.000000
20 83 0 8 0.000000
21 82 0 8 0.000000
21 83 0 8 0.000000
22 82 0 8 0.000000
22 83 0 8 0.000000
23 82 0 8 0.000000
23 83 0 8 0.000000
24 82 0 8 0.000000
24 83 0 8 0.000000
25 82 0 8 0.000000
25 83 0 8 0.000000
26 82 0 8 0.000000
26 83 0 8 0.000000
27 82 0 8 0.000000
27 83 0 8 0.000000
28 82 0 8 0.000000
28 83 0 8 0.000000
29 82 0 8 0.000000
29 83 0 8 0.000000
30 82 0 8 0.000000
30 83 0 8 0.000000
31 82 0 8 0.000000
31 83 0 8 0.000000
32 82 0 8 0.000000
32 83 0 8 0.000000
33 82 0 8 0.000000
33 83 0 8 0.000000
34 82 0 8 0.000000
34 83 0 8 0.000000
35 82 0 8 0.000000
35 83 0 8 0.000000
36 82 0 8 0.000000
36 83 0 8 0.000000
37 82 0 8 0.000000
37 83 0 8 0.000000
38 82 0 8 0.000000
38 83 0 8 0.000000
39 82 0 8 0.000000
39 83 0 8 0.000000
40 82 0 8 0.000000
40 83 0 8 0.000000
41 82 0 8 0.000000
41 83 0 8 0.000000
42 82 0 8 0.000000
42 83 0 8 0.000000
43 82 0 8 0.000000
43 83 0 8 0.000000
44 82 0 8 0.000000
44 83 0 8 0.000000
45 82 0 8 0.000000
45 83 0 8 0.000000
46 82 0 8 0.000000
46 83 0 8 0.000000
47 82 0 8 0.000000
47 83 0 8 0.000000
48 82 0 8 0.000000
48 83 0 8 0.000000
49 82 0 8 0.000000
49 83 0 8 0.000000
50 82 0 8 0.000000
50 83 0 8 0.000000
51 82 0 8 0.000000
51 83 0 8 0.000000
52 82 0 8 0.000000
52 83 0 8 0.000000
53 82 0 8 0.000000
53 83 0 8 0.000000
54 82 0 8 0.000000
54 83 0 8 0.000000
55 82 0 8 0.000000
55 83 0 8 0.000000
56 82 0 8 0.000000
56 83 0 8 0.000000
57 82 0 8 0.000000
57 83 0 8 0.000000
58 82 0 8 0.000000
58 83 0 8 0.000000
59 82 0 8 0.000000
59 83 0 8 0.000000
60 82 0 8 0.000000
60 83 0 8 0.000000
61 82 0 8 0.000000
61 83 0 8 0.000000
62 82 0 8 0.000000
62 83 0 8 0.000000
63 82 0 8 0.000000
63 83 0 8 0.000000
64 82 0 8 0.000000
64 83 0 8 0.000000
65 82 0 8 0.000000
65 83 0 8 0.000000
66 82 0 8 0.000000
66 83 0 8 0.000000
67 82 0 8 0.000000
67 83 0 8 0.000000
68 82 0 8 0.000000
68 83 0 8 0.000000
69 82 0 8 0.000000
69 83 0 8 0.000000
70 82 0 8 0.000000
70 83 0 8 0.000000
71 82 0 8 0.000000
71 83 0 8 0.000000
72 82 0 8 0.000000
72 83 0 8 0.000000
73 82 0 8 0.000000
73 83 0 8 0.000000
74 82 0 8 0.000000
74 83 0 8 0.000000
75 82 0 8 0.000000
75 83 0 8 0.000000
76 82 0 8 0.000000
76 83 0 8 0.000000
77 82 0 8 0.000000
77 83 0 8 0.000000
78 83 0 8 0.000000
2 78 0 8 -0.001303
47 60 0 8 -0.002056
2 33 0 8 -0.002783
26 63 0 8 -0.005912
5 59 0 8 -0.007609
4 73 0 8 -0.007734
41 51 0 8 -0.009809
59 76 0 8 -0.009929
50 62 0 8 -0.012886
75 80 0 8 -0.013231
10 18 0 8 -0.013673
10 24 0 8 -0.015792
23 36 0 8 -0.015896
20 79 0 8 -0.017324
56 69 0 8 -0.017696
14 46 0 8 -0.018450
56 75 0 8 -0.018751
2 37 0 8 -0.019921
23 53 0 8 -0.020104
43 74 0 8 -0.021611
3 51 0 8 -0.022549
43 81 0 8 -0.023157
38 57 0 8 -0.023451
13 61 0 8 -0.026266
42 52 0 8 -0.027560
1 41 0 8 -0.027878
53 73 0 8 -0.029017
15 26 0 8 -0.029104
48 73 0 8 -0.030952
15 42 0 8 -0.030955
16 74 0 8 -0.031044
3 76 0 8 -0.031674
11 68 0 8 -0.032078
35 72 0 8 -0.033701
23 63 0 8 -0.034387
17 39 0 8 -0.039489
36 47 0 8 -0.040084
17 67 0 8 -0.041543
1 69 0 8 -0.044439
35 71 0 8 -0.051137
3 30 0 8 -0.054179
18 63 0 8 -0.054572
39 66 0 8 -0.055589
41 52 0 8 -0.056853
7 49 0 8 -0.061850
61 72 0 8 -0.063037
25 37 0 8 -0.065037
18 39 0 8 -0.066510
55 71 0 8 -0.067108
70 78 0 8 -0.068244
20 28 0 8 -0.069697
10 50 0 8 -0.069829
28 37 0 8 -0.070834
34 52 0 8 -0.071817
36 59 0 8 -0.074606
59 72 0 8 -0.074971
53 63 0 8 -0.075388
5 43 0 8 -0.075443
35 81 0 8 -0.075601
65 75 0 8 -0.076082
7 72 0 8 -0.077706
46 53 0 8 -0.078368
5 41 0 8 -0.079628
45 54 0 8 -0.079766
20 71 0 8 -0.079976
41 46 0 8 -0.081739
1 72 0 8 -0.081754
31 81 0 8 -0.081876
12 28 0 8 -0.081940
54 78 0 8 -0.084096
51 76 0 8 -0.084190
11 27 0 8 -0.084233
20 30 0 8 -0.085938
12 50 0 8 -0.085977
10 54 0 8 -0.086328
7 28 0 8 -0.086504
18 41 0 8 -0.087060
16 54 0 8 -0.087779
34 39 0 8 -0.088156
28 79 0 8 -0.088493
13 55 0 8 -0.088499
51 63 0 8 -0.088668
58 66 0 8 -0.089082
10 48 0 8 -0.089464
32 80 0 8 -0.090129
1 33 0 8 -0.091166
15 56 0 8 -0.092675
5 45 0 8 -0.093295
11 69 0 8 -0.093628
62 76 0 8 -0.095797
56 61 0 8 -0.096746
15 65 0 8 -0.097729
3 23 0 8 -0.100430
8 44 0 8 -0.100437
2 32 0 8 -0.101021
45 81 0 8 -0.101406
2 17 0 8 -0.101549
40 75 0 8 -0.101814
33 44 0 8 -0.103069
27 57 0 8 -0.103993
21 61 0 8 -0.105544
33 59 0 8 -0.105952
3 38 0 8 -0.106206
3 26 0 8 -0.107683
12 63 0 8 -0.107685
21 28 0 8 -0.108452
36 54 0 8 -0.109248
16 80 0 8 -0.109957
52 71 0 8 -0.110160
12 21 0 8 -0.110751
31 37 0 8 -0.111647
12 33 0 8 -0.112850
8 42 0 8 -0.112945
4 38 0 8 -0.115070
44 79 0 8 -0.115291
15 67 0 8 -0.115390
34 80 0 8 -0.116336
40 47 0 8 -0.118713
13 58 0 8 -0.119716
48 62 0 8 -0.122971
1 10 0 8 -0.124429
3 65 0 8 -0.125204
13 51 0 8 -0.127048
40 60 0 8 -0.128377
46 79 0 8 -0.128768
35 73 0 8 -0.129877
46 65 0 8 -0.131354
28 63 0 8 -0.134490
43 59 0 8 -0.135080
30 45 0 8 -0.137076
31 71 0 8 -0.137920
28 67 0 8 -0.138281
5 36 0 8 -0.138948
33 43 0 8 -0.140247
51 69 0 8 -0.140631
20 61 0 8 -0.142492
20 35 0 8 -0.142735
2 43 0 8 -0.143079
5 72 0 8 -0.143086
35 40 0 8 -0.143475
64 73 0 8 -0.145231
27 62 0 8 -0.145452
8 20 0 8 -0.146285
50 56 0 8 -0.147188
28 40 0 8 -0.147950
57 77 0 8 -0.149862
5 12 0 8 -0.149961
38 78 0 8 -0.151048
20 52 0 8 -0.151527
4 13 0 8 -0.151600
33 42 0 8 -0.151635
38 79 0 8 -0.152707
24 51 0 8 -0.153968
18 27 0 8 -0.154481
6 53 0 8 -0.154616
4 25 0 8 -0.154650
2 46 0 8 -0.157572
2 25 0 8 -0.157839
9 53 0 8 -0.158086
12 42 0 8 -0.160695
7 20 0 8 -0.160870
12 41 0 8 -0.161906
17 53 0 8 -0.164120
12 59 0 8 -0.165782
22 51 0 8 -0.166589
1 74 0 8 -0.167279
2 16 0 8 -0.168100
50 58 0 8 -0.168355
2 57 0 8 -0.169077
57 76 0 8 -0.169248
26 59 0 8 -0.169399
38 50 0 8 -0.169701
21 45 0 8 -0.170310
2 59 0 8 -0.170354
3 52 0 8 -0.170484
1 12 0 8 -0.173345
43 73 0 8 -0.175487
23 64 0 8 -0.175618
15 59 0 8 -0.175774
15 62 0 8 -0.176582
39 79 0 8 -0.176703
12 77 0 8 -0.177713
57 63 0 8 -0.179019
53 71 0 8 -0.179493
23 48 0 8 -0.180849
26 57 0 8 -0.180984
23 73 0 8 -0.181107
48 71 0 8 -0.181557
33 54 0 8 -0.182152
51 64 0 8 -0.182316
69 76 0 8 -0.183264
26 73 0 8 -0.183565
24 74 0 8 -0.183835
30 37 0 8 -0.184720
7 62 0 8 -0.185102
12 61 0 8 -0.185206
19 34 0 8 -0.185592
67 77 0 8 -0.186248
19 76 0 8 -0.186681
17 52 0 8 -0.186940
32 54 0 8 -0.187232
43 53 0 8 -0.187787
48 64 0 8 -0.188858
31 79 0 8 -0.189181
53 66 0 8 -0.189241
25 39 0 8 -0.189286
49 68 0 8 -0.190718
20 54 0 8 -0.190955
62 71 0 8 -0.191394
10 35 0 8 -0.192159
11 81 0 8 -0.192167
20 73 0 8 -0.193534
23 76 0 8 -0.193537
23 42 0 8 -0.193696
35 48 0 8 -0.194012
9 21 0 8 -0.194049
47 59 0 8 -0.194065
34 51 0 8 -0.194346
16 58 0 8 -0.194422
5 62 0 8 -0.194985
19 61 0 8 -0.195295
6 49 0 8 -0.195409
28 65 0 8 -0.196359
34 74 0 8 -0.196380
12 75 0 8 -0.196570
3 41 0 8 -0.197080
4 15 0 8 -0.197119
16 34 0 8 -0.197530
26 81 0 8 -0.197963
34 76 0 8 -0.198325
12 19 0 8 -0.199098
2 11 0 8 -0.199134
11 26 0 8 -0.199178
12 36 0 8 -0.199586
22 60 0 8 -0.199766
9 65 0 8 -0.200041
32 58 0 8 -0.200464
49 59 0 8 -0.200468
10 63 0 8 -0.200755
61 76 0 8 -0.201392
24 48 0 8 -0.202103
9 28 0 8 -0.202569
15 44 0 8 -0.202604
9 69 0 8 -0.203700
6 12 0 8 -0.203704
36 75 0 8 -0.204202
22 28 0 8 -0.204691
2 53 0 8 -0.206829
26 50 0 8 -0.207866
58 70 0 8 -0.208992
12 81 0 8 -0.209676
2 36 0 8 -0.210042
23 81 0 8 -0.210879
12 76 0 8 -0.211141
59 75 0 8 -0.211571
62 81 0 8 -0.211807
35 60 0 8 -0.212729
16 30 0 8 -0.213067
2 39 0 8 -0.214431
37 68 0 8 -0.214740
62 75 0 8 -0.215169
22 80 0 8 -0.215430
1 49 0 8 -0.215800
10 78 0 8 -0.215863
1 26 0 8 -0.217053
6 36 0 8 -0.217562
11 32 0 8 -0.217785
5 26 0 8 -0.218146
3 31 0 8 -0.218516
13 78 0 8 -0.218710
19 37 0 8 -0.219075
7 61 0 8 -0.219320
61 66 0 8 -0.221057
7 74 0 8 -0.221510
21 27 0 8 -0.224041
23 72 0 8 -0.224256
27 40 0 8 -0.224264
24 56 0 8 -0.225291
15 79 0 8 -0.225800
7 19 0 8 -0.227705
29 36 0 8 -0.227721
53 80 0 8 -0.229079
10 19 0 8 -0.229382
65 74 0 8 -0.229687
1 16 0 8 -0.229850
20 53 0 8 -0.230443
1 23 0 8 -0.231215
40 79 0 8 -0.232229
1 62 0 8 -0.232232
18 35 0 8 -0.232373
59 67 0 8 -0.233023
60 75 0 8 -0.233656
16 71 0 8 -0.234781
3 61 0 8 -0.236193
12 39 0 8 -0.236983
2 45 0 8 -0.237261
17 37 0 8 -0.237621
20 27 0 8 -0.238478
11 62 0 8 -0.238512
10 43 0 8 -0.238882
5 23 0 8 -0.239088
20 33 0 8 -0.239640
55 69 0 8 -0.239699
41 55 0 8 -0.239836
26 64 0 8 -0.240853
6 69 0 8 -0.240928
1 70 0 8 -0.241172
36 45 0 8 -0.241329
21 65 0 8 -0.241417
35 62 0 8 -0.242451
38 80 0 8 -0.243554
24 54 0 8 -0.243729
57 66 0 8 -0.244412
8 71 0 8 -0.244520
15 48 0 8 -0.244577
28 81 0 8 -0.245132
30 59 0 8 -0.246138
38 75 0 8 -0.246160
34 46 0 8 -0.246887
1 20 0 8 -0.247011
51 81 0 8 -0.249034
23 50 0 8 -0.249133
10 41 0 8 -0.249307
5 52 0 8 -0.249367
14 36 0 8 -0.249403
30 36 0 8 -0.249531
68 73 0 8 -0.249986
3 39 0 8 -0.250020
12 65 0 8 -0.250721
22 47 0 8 -0.250721
51 67 0 8 -0.250974
20 68 0 8 -0.251601
7 71 0 8 -0.251911
74 81 0 8 -0.253468
17 62 0 8 -0.253610
5 51 0 8 -0.254624
31 63 0 8 -0.256770
1 67 0 8 -0.257683
28 52 0 8 -0.258439
10 70 0 8 -0.259471
65 81 0 8 -0.259547
15 66 0 8 -0.259852
2 48 0 8 -0.260535
10 81 0 8 -0.260636
31 61 0 8 -0.261001
2 24 0 8 -0.261064
33 58 0 8 -0.261464
22 64 0 8 -0.262148
42 51 0 8 -0.262559
15 74 0 8 -0.263070
17 27 0 8 -0.263386
56 79 0 8 -0.264484
70 76 0 8 -0.265178
12 68 0 8 -0.266150
11 71 0 8 -0.266366
8 61 0 8 -0.266836
32 61 0 8 -0.266844
64 72 0 8 -0.267865
28 75 0 8 -0.267952
18 23 0 8 -0.268242
4 40 0 8 -0.268672
13 35 0 8 -0.268717
20 36 0 8 -0.269030
29 47 0 8 -0.269263
30 67 0 8 -0.269573
41 49 0 8 -0.270290
1 51 0 8 -0.273049
1 81 0 8 -0.273104
56 74 0 8 -0.273828
6 52 0 8 -0.274126
50 64 0 8 -0.274582
41 53 0 8 -0.275128
36 74 0 8 -0.275129
49 55 0 8 -0.275396
57 62 0 8 -0.277847
23 59 0 8 -0.277910
10 58 0 8 -0.277915
62 73 0 8 -0.279001
30 49 0 8 -0.279312
10 37 0 8 -0.280457
59 74 0 8 -0.280924
51 71 0 8 -0.282738
49 67 0 8 -0.283367
42 80 0 8 -0.283450
17 34 0 8 -0.283651
21 78 0 8 -0.284072
20 78 0 8 -0.284717
42 49 0 8 -0.284966
38 49 0 8 -0.285053
56 76 0 8 -0.285193
52 81 0 8 -0.287042
7 33 0 8 -0.287637
23 75 0 8 -0.287695
40 69 0 8 -0.288149
1 7 0 8 -0.288665
47 71 0 8 -0.289049
23 41 0 8 -0.289068
22 27 0 8 -0.289886
20 70 0 8 -0.290904
23 30 0 8 -0.290911
12 48 0 8 -0.292080
2 49 0 8 -0.294292
20 81 0 8 -0.295299
12 34 0 8 -0.296612
43 51 0 8 -0.296951
18 54 0 8 -0.297507
6 11 0 8 -0.297785
17 51 0 8 -0.298184
5 63 0 8 -0.298753
45 75 0 8 -0.298824
7 81 0 8 -0.299664
9 68 0 8 -0.300298
23 67 0 8 -0.300316
12 58 0 8 -0.300494
51 56 0 8 -0.301592
13 73 0 8 -0.302277
6 70 0 8 -0.302547
34 49 0 8 -0.302986
2 19 0 8 -0.303012
49 58 0 8 -0.304216
16 25 0 8 -0.304839
73 79 0 8 -0.304999
63 71 0 8 -0.305534
22 48 0 8 -0.306160
41 60 0 8 -0.306431
54 67 0 8 -0.307491
34 77 0 8 -0.308508
11 76 0 8 -0.311747
54 73 0 8 -0.312231
1 55 0 8 -0.312375
44 71 0 8 -0.313077
39 58 0 8 -0.313825
46 76 0 8 -0.313979
41 58 0 8 -0.314688
1 52 0 8 -0.314722
23 31 0 8 -0.314813
26 41 0 8 -0.315290
26 76 0 8 -0.316214
60 72 0 8 -0.316528
61 81 0 8 -0.317173
10 38 0 8 -0.317281
30 42 0 8 -0.317411
27 54 0 8 -0.317565
64 76 0 8 -0.318426
1 35 0 8 -0.320911
2 68 0 8 -0.321187
44 58 0 8 -0.323258
11 51 0 8 -0.323459
14 73 0 8 -0.325444
13 79 0 8 -0.325467
26 72 0 8 -0.325553
43 62 0 8 -0.325823
53 76 0 8 -0.326248
21 58 0 8 -0.326323
18 38 0 8 -0.326392
26 42 0 8 -0.326427
47 53 0 8 -0.326766
3 9 0 8 -0.327284
20 49 0 8 -0.327891
12 70 0 8 -0.327897
1 24 0 8 -0.328970
12 22 0 8 -0.329008
7 54 0 8 -0.329145
3 74 0 8 -0.329496
29 79 0 8 -0.329867
52 67 0 8 -0.329985
68 77 0 8 -0.330360
31 41 0 8 -0.330760
27 55 0 8 -0.331174
23 71 0 8 -0.331700
2 35 0 8 -0.332230
37 76 0 8 -0.332931
11 52 0 8 -0.332990
1 60 0 8 -0.333565
44 56 0 8 -0.334716
27 34 0 8 -0.334948
20 42 0 8 -0.334956
10 69 0 8 -0.335355
15 57 0 8 -0.335917
28 74 0 8 -0.336509
25 62 0 8 -0.337645
36 50 0 8 -0.337928
16 63 0 8 -0.338829
4 79 0 8 -0.338892
23 77 0 8 -0.340807
26 56 0 8 -0.340951
21 26 0 8 -0.341042
26 67 0 8 -0.341190
12 69 0 8 -0.341612
1 78 0 8 -0.342182
8 69 0 8 -0.342930
26 35 0 8 -0.346867
10 76 0 8 -0.347096
53 81 0 8 -0.347700
15 50 0 8 -0.349317
33 67 0 8 -0.349412
2 56 0 8 -0.350105
16 45 0 8 -0.350320
27 33 0 8 -0.350521
28 54 0 8 -0.350782
13 54 0 8 -0.350835
30 68 0 8 -0.352302
26 38 0 8 -0.352842
49 56 0 8 -0.353271
1 6 0 8 -0.353843
4 53 0 8 -0.354364
5 53 0 8 -0.354956
7 64 0 8 -0.358275
21 74 0 8 -0.358580
11 74 0 8 -0.358597
5 58 0 8 -0.358782
26 80 0 8 -0.358853
19 62 0 8 -0.358894
38 72 0 8 -0.359059
26 46 0 8 -0.359785
4 61 0 8 -0.359979
26 39 0 8 -0.360356
54 81 0 8 -0.361002
13 53 0 8 -0.361093
32 71 0 8 -0.362226
26 34 0 8 -0.362311
52 69 0 8 -0.362883
23 56 0 8 -0.363196
48 56 0 8 -0.364942
29 62 0 8 -0.364995
44 51 0 8 -0.366175
42 62 0 8 -0.366389
37 51 0 8 -0.366487
7 30 0 8 -0.367307
13 26 0 8 -0.368302
7 43 0 8 -0.368450
2 81 0 8 -0.368890
23 35 0 8 -0.369498
42 47 0 8 -0.370529
30 73 0 8 -0.371452
50 79 0 8 -0.371598
61 70 0 8 -0.373201
4 52 0 8 -0.373910
55 79 0 8 -0.374529
23 38 0 8 -0.375863
3 17 0 8 -0.377102
38 62 0 8 -0.377517
52 57 0 8 -0.378525
48 55 0 8 -0.379183
26 37 0 8 -0.379214
64 80 0 8 -0.379647
9 62 0 8 -0.379821
2 80 0 8 -0.380318
8 51 0 8 -0.380491
23 80 0 8 -0.382267
69 79 0 8 -0.382654
45 72 0 8 -0.382908
23 46 0 8 -0.383259
49 79 0 8 -0.383496
23 39 0 8 -0.383868
62 80 0 8 -0.383949
14 28 0 8 -0.384192
30 80 0 8 -0.384300
6 26 0 8 -0.384637
46 62 0 8 -0.384946
7 77 0 8 -0.385137
39 62 0 8 -0.385557
23 34 0 8 -0.385951
33 55 0 8 -0.386644
34 62 0 8 -0.386818
4 76 0 8 -0.388649
14 43 0 8 -0.388686
20 75 0 8 -0.388703
36 62 0 8 -0.389387
19 71 0 8 -0.390032
30 61 0 8 -0.391353
37 73 0 8 -0.391672
26 75 0 8 -0.391761
7 50 0 8 -0.392133
13 23 0 8 -0.392332
17 40 0 8 -0.393556
1 68 0 8 -0.393846
13 62 0 8 -0.394058
18 42 0 8 -0.394958
26 77 0 8 -0.396617
23 57 0 8 -0.396629
27 70 0 8 -0.397417
14 23 0 8 -0.397746
26 66 0 8 -0.397975
50 55 0 8 -0.398770
16 26 0 8 -0.399046
20 64 0 8 -0.400200
24 49 0 8 -0.400872
10 34 0 8 -0.401770
51 72 0 8 -0.402785
26 32 0 8 -0.403395
26 68 0 8 -0.403844
27 74 0 8 -0.403857
23 37 0 8 -0.403956
11 42 0 8 -0.404792
37 62 0 8 -0.405733
20 39 0 8 -0.406797
26 70 0 8 -0.407133
8 57 0 8 -0.408040
44 54 0 8 -0.408366
7 65 0 8 -0.408538
62 69 0 8 -0.409180
6 23 0 8 -0.409733
41 62 0 8 -0.410368
53 69 0 8 -0.410778
12 32 0 8 -0.411444
6 62 0 8 -0.411536
12 73 0 8 -0.413433
26 71 0 8 -0.413656
26 58 0 8 -0.414301
20 60 0 8 -0.414476
20 77 0 8 -0.414636
20 43 0 8 -0.415351
40 81 0 8 -0.416227
26 48 0 8 -0.416238
33 71 0 8 -0.416314
38 81 0 8 -0.416576
26 55 0 8 -0.417298
8 35 0 8 -0.418230
45 76 0 8 -0.418259
67 72 0 8 -0.418543
74 80 0 8 -0.419434
12 56 0 8 -0.419667
4 21 0 8 -0.419772
12 67 0 8 -0.419962
12 57 0 8 -0.420981
26 33 0 8 -0.421543
12 78 0 8 -0.421950
19 51 0 8 -0.421972
51 73 0 8 -0.422539
2 29 0 8 -0.423135
23 66 0 8 -0.423942
62 77 0 8 -0.424354
16 62 0 8 -0.424726
32 38 0 8 -0.424825
24 62 0 8 -0.424969
16 23 0 8 -0.425082
23 40 0 8 -0.425155
21 53 0 8 -0.425277
49 57 0 8 -0.425874
55 62 0 8 -0.426416
12 35 0 8 -0.426949
17 46 0 8 -0.427146
29 66 0 8 -0.427448
3 62 0 8 -0.427723
12 80 0 8 -0.428922
19 74 0 8 -0.429486
23 32 0 8 -0.429715
3 10 0 8 -0.429718
36 51 0 8 -0.429809
23 68 0 8 -0.430194
16 60 0 8 -0.430598
5 74 0 8 -0.430763
42 81 0 8 -0.431318
38 77 0 8 -0.431386
32 62 0 8 -0.431606
68 75 0 8 -0.431736
26 69 0 8 -0.431877
62 68 0 8 -0.432087
6 28 0 8 -0.432502
63 73 0 8 -0.433789
19 65 0 8 -0.434084
36 61 0 8 -0.434084
12 38 0 8 -0.434304
3 12 0 8 -0.434372
46 74 0 8 -0.434627
42 53 0 8 -0.435278
35 51 0 8 -0.436353
52 77 0 8 -0.438230
2 28 0 8 -0.438411
42 74 0 8 -0.438456
67 76 0 8 -0.439043
28 62 0 8 -0.439123
30 62 0 8 -0.440318
9 35 0 8 -0.440592
54 64 0 8 -0.440636
10 56 0 8 -0.440858
54 68 0 8 -0.441352
12 46 0 8 -0.442850
36 76 0 8 -0.443061
2 73 0 8 -0.443282
18 52 0 8 -0.443305
37 60 0 8 -0.443552
4 65 0 8 -0.443628
38 51 0 8 -0.443869
35 74 0 8 -0.444122
29 75 0 8 -0.444176
4 26 0 8 -0.444352
23 55 0 8 -0.444525
6 74 0 8 -0.444666
2 34 0 8 -0.444681
24 75 0 8 -0.445797
26 65 0 8 -0.446504
3 73 0 8 -0.446831
52 64 0 8 -0.447097
11 17 0 8 -0.447644
37 52 0 8 -0.448899
23 33 0 8 -0.449047
58 74 0 8 -0.449280
33 62 0 8 -0.451023
17 69 0 8 -0.451111
29 48 0 8 -0.451280
51 80 0 8 -0.451432
36 43 0 8 -0.451560
52 59 0 8 -0.451626
38 74 0 8 -0.451772
10 42 0 8 -0.451872
12 55 0 8 -0.453110
39 51 0 8 -0.453322
10 73 0 8 -0.453780
16 51 0 8 -0.454350
26 40 0 8 -0.454561
35 75 0 8 -0.455009
31 62 0 8 -0.455950
40 51 0 8 -0.457642
12 25 0 8 -0.457743
8 26 0 8 -0.458143
25 58 0 8 -0.458394
22 62 0 8 -0.458718
29 72 0 8 -0.458826
33 51 0 8 -0.459258
29 52 0 8 -0.459896
23 69 0 8 -0.460055
10 67 0 8 -0.460945
39 74 0 8 -0.461394
7 68 0 8 -0.461637
4 45 0 8 -0.463973
15 43 0 8 -0.464096
32 81 0 8 -0.464466
1 53 0 8 -0.464779
26 78 0 8 -0.465903
12 37 0 8 -0.466764
24 41 0 8 -0.466817
6 45 0 8 -0.466944
47 62 0 8 -0.467017
10 39 0 8 -0.467093
17 63 0 8 -0.467287
39 52 0 8 -0.467646
2 31 0 8 -0.468581
2 30 0 8 -0.470914
10 77 0 8 -0.470951
13 74 0 8 -0.471567
30 39 0 8 -0.471840
7 41 0 8 -0.472074
49 61 0 8 -0.472110
19 32 0 8 -0.472404
39 60 0 8 -0.472407
6 41 0 8 -0.472672
4 23 0 8 -0.473345
16 52 0 8 -0.473609
26 43 0 8 -0.473758
18 26 0 8 -0.474405
51 59 0 8 -0.474716
37 43 0 8 -0.475004
14 51 0 8 -0.475231
4 62 0 8 -0.475428
23 65 0 8 -0.475637
52 66 0 8 -0.475838
67 79 0 8 -0.476347
11 60 0 8 -0.476541
21 39 0 8 -0.476573
53 68 0 8 -0.476659
12 31 0 8 -0.476707
17 57 0 8 -0.477026
23 70 0 8 -0.477325
10 22 0 8 -0.478677
13 70 0 8 -0.478772
18 51 0 8 -0.480313
10 57 0 8 -0.480878
22 33 0 8 -0.481802
26 45 0 8 -0.482030
32 68 0 8 -0.482136
12 45 0 8 -0.482288
7 22 0 8 -0.482376
9 20 0 8 -0.482626
17 43 0 8 -0.482857
9 74 0 8 -0.483088
6 51 0 8 -0.483867
56 65 0 8 -0.483985
10 80 0 8 -0.484809
1 50 0 8 -0.485141
42 61 0 8 -0.485347
12 66 0 8 -0.485484
49 71 0 8 -0.485500
37 74 0 8 -0.485538
10 46 0 8 -0.486067
9 56 0 8 -0.486087
33 80 0 8 -0.486128
40 62 0 8 -0.486350
11 43 0 8 -0.486918
52 73 0 8 -0.487028
3 28 0 8 -0.487322
65 80 0 8 -0.487516
38 68 0 8 -0.487591
15 77 0 8 -0.487787
8 23 0 8 -0.488035
43 50 0 8 -0.488707
18 62 0 8 -0.488736
58 64 0 8 -0.488820
17 36 0 8 -0.489058
36 81 0 8 -0.489794
8 62 0 8 -0.490182
41 73 0 8 -0.490772
10 66 0 8 -0.490821
41 74 0 8 -0.491084
10 36 0 8 -0.491675
19 60 0 8 -0.491759
23 78 0 8 -0.491854
48 66 0 8 -0.491998
12 24 0 8 -0.492126
32 51 0 8 -0.492259
4 41 0 8 -0.493057
12 72 0 8 -0.493832
48 61 0 8 -0.495582
2 27 0 8 -0.496552
62 70 0 8 -0.497018
9 75 0 8 -0.497176
62 78 0 8 -0.498485
10 32 0 8 -0.498775
4 28 0 8 -0.498873
51 77 0 8 -0.498938
61 80 0 8 -0.499134
47 80 0 8 -0.499432
19 54 0 8 -0.499821
9 58 0 8 -0.499921
11 75 0 8 -0.500598
51 66 0 8 -0.500647
2 47 0 8 -0.500943
7 42 0 8 -0.502450
33 52 0 8 -0.502862
35 52 0 8 -0.502950
7 78 0 8 -0.504053
6 20 0 8 -0.504920
11 49 0 8 -0.505028
24 71 0 8 -0.505119
4 20 0 8 -0.505262
14 49 0 8 -0.505616
15 51 0 8 -0.505772
16 39 0 8 -0.505983
51 65 0 8 -0.506870
2 38 0 8 -0.506926
38 61 0 8 -0.507386
51 68 0 8 -0.508030
12 71 0 8 -0.509159
13 66 0 8 -0.509203
37 49 0 8 -0.509248
33 53 0 8 -0.509250
8 36 0 8 -0.509277
6 48 0 8 -0.509711
49 77 0 8 -0.511486
38 52 0 8 -0.511614
41 48 0 8 -0.512386
36 80 0 8 -0.512733
23 45 0 8 -0.513481
27 58 0 8 -0.514389
68 74 0 8 -0.515687
45 62 0 8 -0.515740
12 27 0 8 -0.516388
32 74 0 8 -0.516500
14 53 0 8 -0.516858
9 26 0 8 -0.517115
7 36 0 8 -0.517144
50 63 0 8 -0.517281
11 30 0 8 -0.518941
19 69 0 8 -0.519218
52 80 0 8 -0.520331
58 80 0 8 -0.520865
4 37 0 8 -0.521392
36 67 0 8 -0.522252
43 52 0 8 -0.522617
8 17 0 8 -0.523352
23 58 0 8 -0.523613
14 26 0 8 -0.524635
23 43 0 8 -0.524922
40 56 0 8 -0.525772
20 65 0 8 -0.526430
2 18 0 8 -0.527600
36 52 0 8 -0.527700
47 52 0 8 -0.527892
31 43 0 8 -0.528348
30 56 0 8 -0.528403
22 34 0 8 -0.530330
13 64 0 8 -0.530532
20 63 0 8 -0.531178
9 66 0 8 -0.531227
7 59 0 8 -0.532323
13 52 0 8 -0.534030
16 76 0 8 -0.534119
4 74 0 8 -0.534390
33 74 0 8 -0.534416
44 74 0 8 -0.534491
41 50 0 8 -0.536405
55 70 0 8 -0.537119
22 52 0 8 -0.537276
22 74 0 8 -0.537549
2 66 0 8 -0.539230
40 80 0 8 -0.540384
35 70 0 8 -0.540748
3 20 0 8 -0.540786
8 53 0 8 -0.541591
54 80 0 8 -0.541881
10 72 0 8 -0.542025
9 50 0 8 -0.542721
1 76 0 8 -0.543020
10 45 0 8 -0.543249
57 81 0 8 -0.543740
4 51 0 8 -0.544899
23 29 0 8 -0.545426
57 68 0 8 -0.545478
10 68 0 8 -0.545591
25 32 0 8 -0.545916
28 64 0 8 -0.546898
4 12 0 8 -0.546942
30 74 0 8 -0.547862
31 51 0 8 -0.549385
20 50 0 8 -0.549570
44 64 0 8 -0.549576
14 74 0 8 -0.550173
33 81 0 8 -0.550495
9 23 0 8 -0.550855
54 63 0 8 -0.551085
18 24 0 8 -0.551423
21 62 0 8 -0.551832
10 28 0 8 -0.554475
47 79 0 8 -0.555223
46 68 0 8 -0.555918
41 78 0 8 -0.556211
42 73 0 8 -0.556844
47 70 0 8 -0.558000
47 74 0 8 -0.558055
71 77 0 8 -0.558151
10 71 0 8 -0.558847
31 74 0 8 -0.559167
12 40 0 8 -0.559507
2 71 0 8 -0.559965
26 44 0 8 -0.560439
53 65 0 8 -0.560760
32 52 0 8 -0.561216
14 62 0 8 -0.561325
11 29 0 8 -0.561869
45 52 0 8 -0.562103
20 37 0 8 -0.562114
6 40 0 8 -0.562443
13 19 0 8 -0.563201
20 76 0 8 -0.563973
22 76 0 8 -0.564742
32 53 0 8 -0.565460
57 74 0 8 -0.565524
54 77 0 8 -0.567764
14 69 0 8 -0.567912
1 40 0 8 -0.568473
49 72 0 8 -0.568808
1 18 0 8 -0.569110
28 48 0 8 -0.569253
10 33 0 8 -0.569502
15 52 0 8 -0.570578
4 77 0 8 -0.572293
14 54 0 8 -0.572805
53 67 0 8 -0.572961
35 53 0 8 -0.573697
12 43 0 8 -0.574669
12 30 0 8 -0.575358
23 44 0 8 -0.575838
26 47 0 8 -0.576205
15 75 0 8 -0.576541
28 55 0 8 -0.577647
28 53 0 8 -0.577770
68 79 0 8 -0.578180
1 48 0 8 -0.579490
6 54 0 8 -0.580020
49 63 0 8 -0.580950
21 57 0 8 -0.581060
52 72 0 8 -0.581739
38 60 0 8 -0.581844
27 51 0 8 -0.581942
40 74 0 8 -0.582012
41 68 0 8 -0.582642
24 52 0 8 -0.583034
13 72 0 8 -0.583071
38 45 0 8 -0.583878
45 51 0 8 -0.583901
25 78 0 8 -0.584313
51 70 0 8 -0.584374
1 54 0 8 -0.585124
52 68 0 8 -0.585567
51 78 0 8 -0.586098
16 36 0 8 -0.586267
8 74 0 8 -0.586598
7 38 0 8 -0.586617
29 74 0 8 -0.586774
11 79 0 8 -0.586880
3 33 0 8 -0.587671
30 51 0 8 -0.588030
34 66 0 8 -0.589824
10 31 0 8 -0.590005
6 63 0 8 -0.591609
25 45 0 8 -0.591678
6 24 0 8 -0.594513
49 81 0 8 -0.594871
50 72 0 8 -0.596659
17 79 0 8 -0.597710
3 58 0 8 -0.598260
44 52 0 8 -0.598336
9 52 0 8 -0.598494
17 38 0 8 -0.599283
48 67 0 8 -0.599767
4 10 0 8 -0.600317
48 81 0 8 -0.600737
3 37 0 8 -0.601326
29 51 0 8 -0.601403
28 61 0 8 -0.601502
3 77 0 8 -0.601928
10 65 0 8 -0.603225
18 50 0 8 -0.603315
73 81 0 8 -0.603818
25 74 0 8 -0.604547
44 62 0 8 -0.605329
1 30 0 8 -0.605522
9 51 0 8 -0.606805
19 27 0 8 -0.607338
18 74 0 8 -0.607420
46 60 0 8 -0.609136
2 44 0 8 -0.609179
28 39 0 8 -0.609957
8 72 0 8 -0.610307
10 27 0 8 -0.610578
35 61 0 8 -0.610946
10 40 0 8 -0.611456
58 81 0 8 -0.611807
18 78 0 8 -0.612539
31 45 0 8 -0.613156
23 47 0 8 -0.613800
34 40 0 8 -0.614651
7 24 0 8 -0.614664
2 64 0 8 -0.615521
50 61 0 8 -0.615678
47 65 0 8 -0.616778
45 74 0 8 -0.617183
11 80 0 8 -0.617446
57 80 0 8 -0.618238
51 58 0 8 -0.618352
14 79 0 8 -0.618491
54 76 0 8 -0.618960
18 53 0 8 -0.620751
4 32 0 8 -0.621563
6 79 0 8 -0.621639
24 35 0 8 -0.622388
5 20 0 8 -0.623253
28 43 0 8 -0.623256
8 58 0 8 -0.626574
7 70 0 8 -0.627217
43 67 0 8 -0.627365
27 67 0 8 -0.627582
31 52 0 8 -0.628964
21 50 0 8 -0.629942
29 57 0 8 -0.629956
71 79 0 8 -0.630716
10 30 0 8 -0.631506
56 68 0 8 -0.632822
58 77 0 8 -0.633272
21 70 0 8 -0.633903
55 81 0 8 -0.634504
2 40 0 8 -0.634584
65 78 0 8 -0.635933
2 77 0 8 -0.636968
25 51 0 8 -0.637572
7 55 0 8 -0.637773
20 57 0 8 -0.640073
1 73 0 8 -0.640784
18 79 0 8 -0.640871
42 79 0 8 -0.641089
2 67 0 8 -0.642432
3 8 0 8 -0.644942
42 78 0 8 -0.645291
4 49 0 8 -0.645472
14 52 0 8 -0.645540
29 59 0 8 -0.647083
52 65 0 8 -0.647423
20 80 0 8 -0.647860
33 46 0 8 -0.648195
46 80 0 8 -0.648277
27 41 0 8 -0.648419
36 53 0 8 -0.648716
31 59 0 8 -0.648751
21 51 0 8 -0.648822
9 41 0 8 -0.649117
7 21 0 8 -0.652026
18 55 0 8 -0.652847
5 54 0 8 -0.653496
29 80 0 8 -0.654859
27 71 0 8 -0.655482
44 61 0 8 -0.656123
12 29 0 8 -0.656345
12 44 0 8 -0.656374
3 22 0 8 -0.658685
40 52 0 8 -0.659104
2 65 0 8 -0.661268
59 69 0 8 -0.661356
32 79 0 8 -0.663019
41 79 0 8 -0.664163
8 52 0 8 -0.664298
24 40 0 8 -0.664369
22 31 0 8 -0.664730
3 79 0 8 -0.665004
9 67 0 8 -0.668358
27 52 0 8 -0.669063
2 70 0 8 -0.669443
55 63 0 8 -0.670177
22 53 0 8 -0.670575
31 42 0 8 -0.670707
16 46 0 8 -0.671098
5 39 0 8 -0.671799
1 64 0 8 -0.671979
52 58 0 8 -0.672615
4 70 0 8 -0.673376
52 70 0 8 -0.673562
5 17 0 8 -0.673961
8 79 0 8 -0.675464
52 78 0 8 -0.675550
56 63 0 8 -0.677368
21 37 0 8 -0.677724
30 52 0 8 -0.677777
4 72 0 8 -0.679042
14 35 0 8 -0.679142
28 71 0 8 -0.679211
14 57 0 8 -0.679373
44 73 0 8 -0.681366
1 63 0 8 -0.681451
21 76 0 8 -0.681933
33 56 0 8 -0.683555
25 40 0 8 -0.684012
1 19 0 8 -0.685619
53 75 0 8 -0.686848
14 20 0 8 -0.687120
38 44 0 8 -0.687237
21 54 0 8 -0.687319
41 66 0 8 -0.687645
29 53 0 8 -0.688593
20 59 0 8 -0.689792
34 75 0 8 -0.693942
54 71 0 8 -0.695020
42 59 0 8 -0.695155
38 65 0 8 -0.695896
28 56 0 8 -0.696775
10 21 0 8 -0.696793
2 8 0 8 -0.697027
29 45 0 8 -0.699091
3 42 0 8 -0.704774
12 47 0 8 -0.709235
7 17 0 8 -0.712802
33 66 0 8 -0.713690
17 58 0 8 -0.715724
20 44 0 8 -0.717350
20 69 0 8 -0.717772
8 33 0 8 -0.718174
10 44 0 8 -0.718466
36 77 0 8 -0.718502
13 42 0 8 -0.718645
43 48 0 8 -0.718976
1 39 0 8 -0.720085
66 79 0 8 -0.720284
10 29 0 8 -0.720397
33 49 0 8 -0.722210
40 64 0 8 -0.722797
3 19 0 8 -0.723359
17 60 0 8 -0.724499
13 20 0 8 -0.726351
15 73 0 8 -0.727343
30 53 0 8 -0.727410
3 49 0 8 -0.727520
42 76 0 8 -0.728918
48 54 0 8 -0.730086
45 73 0 8 -0.731989
13 32 0 8 -0.732155
20 41 0 8 -0.732640
22 37 0 8 -0.732648
39 70 0 8 -0.734251
25 61 0 8 -0.734690
25 52 0 8 -0.734879
20 56 0 8 -0.735092
20 67 0 8 -0.735607
35 54 0 8 -0.738051
1 11 0 8 -0.739668
2 69 0 8 -0.740010
13 38 0 8 -0.740293
22 79 0 8 -0.740451
16 79 0 8 -0.741848
22 50 0 8 -0.742004
18 58 0 8 -0.742814
37 75 0 8 -0.742942
15 58 0 8 -0.744392
24 53 0 8 -0.745527
4 67 0 8 -0.745576
20 29 0 8 -0.747089
21 52 0 8 -0.747847
17 42 0 8 -0.748120
44 63 0 8 -0.749610
28 49 0 8 -0.752277
27 47 0 8 -0.752966
4 22 0 8 -0.753129
32 43 0 8 -0.754540
3 54 0 8 -0.756111
8 27 0 8 -0.756173
49 60 0 8 -0.757730
2 75 0 8 -0.758089
32 46 0 8 -0.758382
15 37 0 8 -0.759710
53 70 0 8 -0.761170
6 50 0 8 -0.763173
15 72 0 8 -0.763916
33 79 0 8 -0.767331
41 75 0 8 -0.769281
53 72 0 8 -0.771350
2 72 0 8 -0.772080
5 16 0 8 -0.773171
33 57 0 8 -0.776150
54 60 0 8 -0.776785
14 31 0 8 -0.776932
39 61 0 8 -0.777323
15 45 0 8 -0.777794
38 53 0 8 -0.778065
10 47 0 8 -0.778449
9 54 0 8 -0.778609
49 73 0 8 -0.779566
31 72 0 8 -0.779786
32 75 0 8 -0.780497
50 78 0 8 -0.780625
36 73 0 8 -0.781128
21 48 0 8 -0.781186
28 68 0 8 -0.782594
18 68 0 8 -0.785300
36 79 0 8 -0.787950
17 28 0 8 -0.788907
21 49 0 8 -0.789801
35 64 0 8 -0.790030
27 53 0 8 -0.790596
41 72 0 8 -0.791711
45 80 0 8 -0.792088
8 59 0 8 -0.793096
31 48 0 8 -0.793873
45 79 0 8 -0.794096
39 53 0 8 -0.794635
19 39 0 8 -0.794774
5 42 0 8 -0.795752
43 63 0 8 -0.796874
33 72 0 8 -0.797038
15 53 0 8 -0.798364
18 44 0 8 -0.798401
34 53 0 8 -0.798946
13 75 0 8 -0.799174
3 36 0 8 -0.800457
9 55 0 8 -0.801125
46 69 0 8 -0.801751
36 48 0 8 -0.803828
9 57 0 8 -0.806881
43 72 0 8 -0.807425
2 55 0 8 -0.807504
18 61 0 8 -0.810712
22 54 0 8 -0.812106
35 59 0 8 -0.812902
19 24 0 8 -0.815539
7 35 0 8 -0.815875
28 36 0 8 -0.816152
25 79 0 8 -0.816422
6 80 0 8 -0.816635
31 53 0 8 -0.819358
28 80 0 8 -0.819803
50 73 0 8 -0.820198
11 35 0 8 -0.822906
34 57 0 8 -0.823039
28 59 0 8 -0.823656
34 45 0 8 -0.824275
3 53 0 8 -0.824977
42 55 0 8 -0.826044
19 63 0 8 -0.826134
40 72 0 8 -0.826970
72 81 0 8 -0.829667
44 65 0 8 -0.831721
41 76 0 8 -0.833209
32 40 0 8 -0.833671
32 60 0 8 -0.834188
24 63 0 8 -0.834758
13 31 0 8 -0.836023
37 53 0 8 -0.836219
31 68 0 8 -0.836406
21 64 0 8 -0.837510
19 43 0 8 -0.839197
38 69 0 8 -0.840505
7 58 0 8 -0.840720
8 50 0 8 -0.842913
16 53 0 8 -0.843231
46 59 0 8 -0.843799
11 61 0 8 -0.843854
19 79 0 8 -0.843952
35 80 0 8 -0.843971
65 79 0 8 -0.846983
5 32 0 8 -0.850348
4 56 0 8 -0.850642
25 41 0 8 -0.851794
60 81 0 8 -0.851914
6 76 0 8 -0.851932
46 61 0 8 -0.851960
24 81 0 8 -0.852980
19 31 0 8 -0.854432
33 69 0 8 -0.854786
29 71 0 8 -0.855700
5 50 0 8 -0.857923
32 63 0 8 -0.858175
35 46 0 8 -0.859925
42 48 0 8 -0.863180
5 48 0 8 -0.864178
14 63 0 8 -0.868229
25 50 0 8 -0.868317
19 80 0 8 -0.868413
7 14 0 8 -0.869451
17 55 0 8 -0.869595
57 78 0 8 -0.870606
16 69 0 8 -0.872205
11 39 0 8 -0.872996
55 75 0 8 -0.875206
37 71 0 8 -0.879345
17 68 0 8 -0.881270
40 49 0 8 -0.882690
57 65 0 8 -0.882713
38 46 0 8 -0.883737
49 78 0 8 -0.884704
69 77 0 8 -0.885441
22 42 0 8 -0.886862
49 80 0 8 -0.887498
21 80 0 8 -0.888075
25 63 0 8 -0.889099
48 53 0 8 -0.890371
17 29 0 8 -0.890769
37 64 0 8 -0.891525
45 53 0 8 -0.892268
40 50 0 8 -0.892783
3 75 0 8 -0.895446
22 63 0 8 -0.896479
11 16 0 8 -0.898362
5 75 0 8 -0.898678
45 77 0 8 -0.899648
11 77 0 8 -0.900905
3 15 0 8 -0.900936
7 48 0 8 -0.901578
21 81 0 8 -0.901677
1 17 0 8 -0.904327
5 70 0 8 -0.907987
15 38 0 8 -0.908417
6 46 0 8 -0.909854
30 54 0 8 -0.910870
40 53 0 8 -0.912030
18 66 0 8 -0.912176
69 80 0 8 -0.912306
2 21 0 8 -0.912850
34 79 0 8 -0.913613
4 54 0 8 -0.914397
24 42 0 8 -0.914857
3 46 0 8 -0.915261
29 61 0 8 -0.917220
38 73 0 8 -0.918114
58 68 0 8 -0.918166
38 66 0 8 -0.920735
13 46 0 8 -0.921211
5 76 0 8 -0.924292
27 63 0 8 -0.924494
34 68 0 8 -0.926911
25 54 0 8 -0.927564
28 38 0 8 -0.928323
60 66 0 8 -0.929253
27 72 0 8 -0.929369
22 57 0 8 -0.930206
34 73 0 8 -0.930820
3 40 0 8 -0.931415
41 65 0 8 -0.933624
21 56 0 8 -0.935230
2 58 0 8 -0.939883
11 67 0 8 -0.940132
22 32 0 8 -0.940841
35 49 0 8 -0.941230
66 77 0 8 -0.941912
27 56 0 8 -0.942039
27 49 0 8 -0.942534
22 55 0 8 -0.943812
7 75 0 8 -0.944110
7 66 0 8 -0.944716
8 48 0 8 -0.945086
17 70 0 8 -0.946971
16 32 0 8 -0.946999
13 77 0 8 -0.948559
27 77 0 8 -0.949427
57 79 0 8 -0.953779
41 80 0 8 -0.955539
28 41 0 8 -0.955601
37 79 0 8 -0.956235
25 34 0 8 -0.956432
22 67 0 8 -0.956462
4 39 0 8 -0.956609
41 61 0 8 -0.958871
24 79 0 8 -0.959164
42 56 0 8 -0.959342
44 53 0 8 -0.963163
37 55 0 8 -0.964943
7 34 0 8 -0.968352
21 73 0 8 -0.968475
4 59 0 8 -0.970157
16 65 0 8 -0.971348
16 43 0 8 -0.972279
27 32 0 8 -0.972415
1 15 0 8 -0.972518
45 61 0 8 -0.973985
55 76 0 8 -0.975149
5 34 0 8 -0.975818
3 66 0 8 -0.977964
14 29 0 8 -0.978746
27 78 0 8 -0.979167
29 73 0 8 -0.979496
31 54 0 8 -0.982643
58 79 0 8 -0.983093
14 71 0 8 -0.983454
11 65 0 8 -0.984574
28 34 0 8 -0.985163
34 54 0 8 -0.986451
4 81 0 8 -0.987835
54 69 0 8 -0.989192
30 46 0 8 -0.989930
4 57 0 8 -0.990203
7 73 0 8 -0.990394
21 79 0 8 -0.991888
39 72 0 8 -0.991957
25 69 0 8 -0.994471
37 69 0 8 -1.001098
31 76 0 8 -1.002687
39 63 0 8 -1.004553
37 47 0 8 -1.011726
54 70 0 8 -1.011939
5 15 0 8 -1.012755
5 22 0 8 -1.014209
46 63 0 8 -1.015786
24 68 0 8 -1.017792
14 50 0 8 -1.017867
42 65 0 8 -1.020222
33 64 0 8 -1.020356
29 40 0 8 -1.022415
1 34 0 8 -1.024882
7 32 0 8 -1.027841
46 75 0 8 -1.029116
29 42 0 8 -1.029708
43 49 0 8 -1.034669
40 70 0 8 -1.035247
46 56 0 8 -1.041657
44 66 0 8 -1.042781
41 56 0 8 -1.044122
34 61 0 8 -1.044444
9 73 0 8 -1.044727
7 40 0 8 -1.046115
21 41 0 8 -1.047760
33 70 0 8 -1.049345
9 18 0 8 -1.050673
8 63 0 8 -1.050727
19 68 0 8 -1.050850
24 61 0 8 -1.053896
29 56 0 8 -1.054543
14 66 0 8 -1.055556
13 69 0 8 -1.056272
31 75 0 8 -1.057325
37 61 0 8 -1.059626
35 68 0 8 -1.059716
35 67 0 8 -1.060120
9 81 0 8 -1.062095
6 64 0 8 -1.062738
57 75 0 8 -1.062952
55 60 0 8 -1.063715
5 73 0 8 -1.064070
19 41 0 8 -1.065735
36 69 0 8 -1.066367
19 81 0 8 -1.066383
32 44 0 8 -1.067842
17 22 0 8 -1.068709
16 73 0 8 -1.069075
16 61 0 8 -1.069653
16 50 0 8 -1.069719
35 43 0 8 -1.070908
48 60 0 8 -1.074190
19 56 0 8 -1.076022
5 67 0 8 -1.076278
11 41 0 8 -1.076398
18 36 0 8 -1.076472
19 73 0 8 -1.077734
34 56 0 8 -1.079008
34 60 0 8 -1.079329
39 56 0 8 -1.079614
64 75 0 8 -1.081426
39 64 0 8 -1.081551
22 61 0 8 -1.082559
48 72 0 8 -1.088047
43 80 0 8 -1.090675
16 77 0 8 -1.094269
3 55 0 8 -1.094658
43 71 0 8 -1.096820
18 45 0 8 -1.097998
7 39 0 8 -1.098089
29 55 0 8 -1.099011
9 34 0 8 -1.100821
37 50 0 8 -1.102949
3 63 0 8 -1.106303
25 46 0 8 -1.106324
50 66 0 8 -1.108779
27 61 0 8 -1.108990
70 79 0 8 -1.109508
18 32 0 8 -1.109777
47 78 0 8 -1.112519
16 33 0 8 -1.113411
30 77 0 8 -1.113974
18 40 0 8 -1.114063
6 75 0 8 -1.119071
30 79 0 8 -1.120930
35 55 0 8 -1.123881
15 24 0 8 -1.124514
14 40 0 8 -1.124622
6 25 0 8 -1.126553
8 45 0 8 -1.126743
14 70 0 8 -1.127115
5 25 0 8 -1.128374
11 31 0 8 -1.133146
27 69 0 8 -1.134087
70 80 0 8 -1.134343
36 71 0 8 -1.134905
17 41 0 8 -1.138341
17 48 0 8 -1.139770
11 37 0 8 -1.140978
21 29 0 8 -1.141647
55 66 0 8 -1.144035
28 76 0 8 -1.144660
35 58 0 8 -1.145581
15 21 0 8 -1.148606
41 59 0 8 -1.149750
7 69 0 8 -1.151628
29 49 0 8 -1.152364
1 44 0 8 -1.152508
61 78 0 8 -1.152875
48 76 0 8 -1.153248
11 24 0 8 -1.153532
8 30 0 8 -1.157260
7 15 0 8 -1.160920
58 65 0 8 -1.161869
25 77 0 8 -1.164294
54 66 0 8 -1.164513
30 50 0 8 -1.165010
50 68 0 8 -1.166293
4 64 0 8 -1.166801
35 65 0 8 -1.169075
29 44 0 8 -1.169846
9 40 0 8 -1.170892
39 67 0 8 -1.172027
21 47 0 8 -1.172990
16 56 0 8 -1.173899
63 76 0 8 -1.174799
25 60 0 8 -1.177404
19 46 0 8 -1.181600
3 47 0 8 -1.181827
22 58 0 8 -1.184217
21 38 0 8 -1.184257
9 14 0 8 -1.184270
6 61 0 8 -1.187259
17 35 0 8 -1.190968
5 38 0 8 -1.196597
60 67 0 8 -1.198430
24 44 0 8 -1.198944
34 81 0 8 -1.201334
14 32 0 8 -1.202780
6 78 0 8 -1.203508
24 60 0 8 -1.209794
13 34 0 8 -1.210004
9 37 0 8 -1.213369
1 31 0 8 -1.213471
5 69 0 8 -1.217021
40 61 0 8 -1.217624
6 34 0 8 -1.218927
27 64 0 8 -1.221717
42 69 0 8 -1.222856
33 61 0 8 -1.224187
22 38 0 8 -1.226701
21 46 0 8 -1.227884
13 48 0 8 -1.230387
44 49 0 8 -1.230847
39 55 0 8 -1.231015
21 42 0 8 -1.231568
17 44 0 8 -1.236904
32 78 0 8 -1.237370
29 54 0 8 -1.238628
19 75 0 8 -1.239528
31 57 0 8 -1.241179
60 71 0 8 -1.242511
11 19 0 8 -1.242939
36 56 0 8 -1.243306
49 66 0 8 -1.248702
13 76 0 8 -1.251153
64 71 0 8 -1.258918
71 78 0 8 -1.259377
33 73 0 8 -1.260421
8 47 0 8 -1.262598
37 80 0 8 -1.263490
50 67 0 8 -1.264746
24 58 0 8 -1.266856
24 76 0 8 -1.269250
25 64 0 8 -1.270567
43 68 0 8 -1.273966
11 48 0 8 -1.274686
6 71 0 8 -1.278252
18 34 0 8 -1.278398
24 50 0 8 -1.280889
13 63 0 8 -1.281763
43 64 0 8 -1.287909
13 36 0 8 -1.291034
16 28 0 8 -1.294161
36 66 0 8 -1.295461
13 45 0 8 -1.300471
25 57 0 8 -1.302172
17 80 0 8 -1.302690
13 65 0 8 -1.303763
37 65 0 8 -1.308098
54 65 0 8 -1.309511
7 37 0 8 -1.310692
11 55 0 8 -1.311865
11 21 0 8 -1.311961
15 40 0 8 -1.314820
9 49 0 8 -1.316924
44 80 0 8 -1.318323
42 50 0 8 -1.318502
17 77 0 8 -1.319034
24 37 0 8 -1.322598
30 48 0 8 -1.331377
1 71 0 8 -1.333916
24 73 0 8 -1.339287
13 40 0 8 -1.341596
41 70 0 8 -1.345320
17 76 0 8 -1.349193
59 65 0 8 -1.349701
18 80 0 8 -1.350757
4 48 0 8 -1.351555
24 36 0 8 -1.353103
6 60 0 8 -1.356155
42 60 0 8 -1.356638
18 47 0 8 -1.357787
3 25 0 8 -1.357849
6 65 0 8 -1.358517
6 31 0 8 -1.358963
47 72 0 8 -1.361550
4 42 0 8 -1.362601
30 72 0 8 -1.364048
59 70 0 8 -1.365914
22 45 0 8 -1.368452
29 69 0 8 -1.370738
3 35 0 8 -1.376094
56 77 0 8 -1.376233
47 57 0 8 -1.378428
9 64 0 8 -1.379418
1 27 0 8 -1.381054
4 24 0 8 -1.382025
27 75 0 8 -1.389887
34 55 0 8 -1.392030
28 73 0 8 -1.392189
34 67 0 8 -1.392579
7 25 0 8 -1.392636
11 18 0 8 -1.393287
5 64 0 8 -1.393715
9 36 0 8 -1.393914
7 47 0 8 -1.399223
8 64 0 8 -1.401238
9 33 0 8 -1.405325
14 81 0 8 -1.405412
16 38 0 8 -1.407911
42 57 0 8 -1.408906
35 47 0 8 -1.416453
28 47 0 8 -1.420097
15 41 0 8 -1.420194
13 41 0 8 -1.421412
38 59 0 8 -1.422429
22 71 0 8 -1.424178
17 59 0 8 -1.426190
8 43 0 8 -1.430203
7 31 0 8 -1.430649
36 64 0 8 -1.431956
24 69 0 8 -1.437220
43 77 0 8 -1.440429
3 67 0 8 -1.453335
3 24 0 8 -1.457350
57 69 0 8 -1.457517
25 68 0 8 -1.458411
46 64 0 8 -1.463951
8 32 0 8 -1.465562
13 43 0 8 -1.466991
45 68 0 8 -1.469660
8 76 0 8 -1.473476
40 66 0 8 -1.476771
59 66 0 8 -1.479971
19 45 0 8 -1.484088
6 32 0 8 -1.484806
18 46 0 8 -1.485203
27 36 0 8 -1.485844
41 77 0 8 -1.488555
13 24 0 8 -1.489031
1 36 0 8 -1.491894
32 41 0 8 -1.493152
16 72 0 8 -1.494024
32 73 0 8 -1.498893
56 64 0 8 -1.499686
18 67 0 8 -1.511482
19 59 0 8 -1.511616
29 50 0 8 -1.512501
45 60 0 8 -1.517713
45 69 0 8 -1.520721
5 71 0 8 -1.522547
5 46 0 8 -1.525450
15 34 0 8 -1.525634
30 66 0 8 -1.526968
9 47 0 8 -1.529474
60 70 0 8 -1.529545
32 39 0 8 -1.534123
6 67 0 8 -1.534428
5 24 0 8 -1.536258
47 61 0 8 -1.552587
45 59 0 8 -1.552882
29 43 0 8 -1.556150
44 70 0 8 -1.558499
59 77 0 8 -1.558872
14 48 0 8 -1.561355
48 69 0 8 -1.563315
45 56 0 8 -1.564048
14 38 0 8 -1.566566
15 32 0 8 -1.570346
17 45 0 8 -1.573659
46 73 0 8 -1.573808
7 45 0 8 -1.577266
25 55 0 8 -1.577991
4 29 0 8 -1.582594
30 60 0 8 -1.584486
31 77 0 8 -1.588490
57 67 0 8 -1.591063
30 58 0 8 -1.592327
4 31 0 8 -1.593140
22 46 0 8 -1.596315
11 64 0 8 -1.604671
50 70 0 8 -1.608148
31 44 0 8 -1.608616
24 80 0 8 -1.612595
43 69 0 8 -1.615946
24 55 0 8 -1.617172
43 66 0 8 -1.618693
27 66 0 8 -1.622851
11 25 0 8 -1.623627
34 72 0 8 -1.625121
30 64 0 8 -1.625191
19 78 0 8 -1.626667
38 76 0 8 -1.630429
8 68 0 8 -1.637465
11 78 0 8 -1.639430
32 72 0 8 -1.639458
37 67 0 8 -1.644422
8 24 0 8 -1.650964
28 42 0 8 -1.653583
47 81 0 8 -1.662344
6 47 0 8 -1.663003
29 65 0 8 -1.668926
31 47 0 8 -1.676033
36 72 0 8 -1.677433
17 78 0 8 -1.681155
36 78 0 8 -1.690384
31 39 0 8 -1.691118
9 46 0 8 -1.694790
30 63 0 8 -1.695136
19 64 0 8 -1.700673
14 19 0 8 -1.703665
45 66 0 8 -1.706308
14 39 0 8 -1.715176
4 34 0 8 -1.719667
32 55 0 8 -1.720903
30 70 0 8 -1.723662
22 77 0 8 -1.726689
46 78 0 8 -1.731036
18 30 0 8 -1.733546
4 71 0 8 -1.738087
30 41 0 8 -1.739431
22 70 0 8 -1.740314
27 73 0 8 -1.742128
30 71 0 8 -1.742951
31 80 0 8 -1.744673
40 65 0 8 -1.748290
27 35 0 8 -1.749473
45 67 0 8 -1.751153
22 43 0 8 -1.753299
46 57 0 8 -1.758715
18 56 0 8 -1.761409
35 78 0 8 -1.769858
63 72 0 8 -1.779538
27 38 0 8 -1.780599
44 67 0 8 -1.780754
48 57 0 8 -1.782001
22 73 0 8 -1.783344
34 58 0 8 -1.785892
48 70 0 8 -1.786453
46 77 0 8 -1.789602
15 60 0 8 -1.791268
50 59 0 8 -1.792504
22 59 0 8 -1.794599
27 46 0 8 -1.801833
37 66 0 8 -1.806444
27 37 0 8 -1.807182
14 64 0 8 -1.814681
14 44 0 8 -1.815513
66 76 0 8 -1.817520
16 68 0 8 -1.820207
25 71 0 8 -1.821316
45 70 0 8 -1.822905
24 77 0 8 -1.824911
27 59 0 8 -1.829823
50 71 0 8 -1.833962
14 34 0 8 -1.834223
39 80 0 8 -1.835320
41 67 0 8 -1.848702
39 78 0 8 -1.854271
19 48 0 8 -1.855626
38 71 0 8 -1.856975
46 58 0 8 -1.857400
24 46 0 8 -1.861387
18 48 0 8 -1.861962
14 37 0 8 -1.862996
15 31 0 8 -1.879551
29 58 0 8 -1.883587
55 65 0 8 -1.886053
37 57 0 8 -1.887748
5 47 0 8 -1.895168
16 41 0 8 -1.906101
19 29 0 8 -1.908110
11 66 0 8 -1.910660
6 43 0 8 -1.913366
32 57 0 8 -1.915778
9 72 0 8 -1.921940
42 71 0 8 -1.926306
8 65 0 8 -1.931828
31 78 0 8 -1.932982
19 55 0 8 -1.935545
33 48 0 8 -1.944605
39 77 0 8 -1.944795
32 47 0 8 -1.950696
18 31 0 8 -1.951716
44 57 0 8 -1.957264
47 64 0 8 -1.957872
3 70 0 8 -1.965162
29 78 0 8 -1.970845
29 46 0 8 -1.978787
55 68 0 8 -1.982715
33 45 0 8 -1.992429
19 47 0 8 -2.018518
44 81 0 8 -2.022013
11 72 0 8 -2.022124
31 55 0 8 -2.029896
28 45 0 8 -2.040725
24 39 0 8 -2.052458
15 64 0 8 -2.070440
8 13 0 8 -2.071874
65 77 0 8 -2.075438
13 68 0 8 -2.076628
28 44 0 8 -2.082092
27 45 0 8 -2.097794
64 78 0 8 -2.100959
3 64 0 8 -2.107315
31 73 0 8 -2.109377
3 69 0 8 -2.121778
45 64 0 8 -2.133656
46 72 0 8 -2.144441
14 58 0 8 -2.145161
29 60 0 8 -2.145591
27 80 0 8 -2.147617
34 47 0 8 -2.158356
45 57 0 8 -2.161851
40 71 0 8 -2.166582
63 77 0 8 -2.181689
43 65 0 8 -2.197104
21 77 0 8 -2.212731
47 67 0 8 -2.217411
34 78 0 8 -2.243048
32 48 0 8 -2.249303
3 32 0 8 -2.255731
5 31 0 8 -2.261092
14 33 0 8 -2.269670
24 78 0 8 -2.279660
16 31 0 8 -2.326406
13 57 0 8 -2.332574
15 55 0 8 -2.336277
38 48 0 8 -2.342052
24 47 0 8 -2.347176
25 59 0 8 -2.347281
44 72 0 8 -2.352727
3 43 0 8 -2.352862
8 46 0 8 -2.358674
9 42 0 8 -2.362420
31 60 0 8 -2.377203
32 45 0 8 -2.390329
46 66 0 8 -2.402565
48 65 0 8 -2.425839
25 56 0 8 -2.428656
47 66 0 8 -2.439010
9 32 0 8 -2.440737
44 60 0 8 -2.451439
35 45 0 8 -2.456293
43 76 0 8 -2.457389
4 75 0 8 -2.511682
8 25 0 8 -2.517537
9 38 0 8 -2.518681
9 31 0 8 -2.518783
25 72 0 8 -2.519716
40 59 0 8 -2.542721
21 71 0 8 -2.543472
24 57 0 8 -2.569961
25 44 0 8 -2.578944
8 34 0 8 -2.630137
3 45 0 8 -2.637022
16 29 0 8 -2.644074
4 69 0 8 -2.672051
24 43 0 8 -2.674828
37 59 0 8 -2.688321
24 59 0 8 -2.706477
8 31 0 8 -2.729136
14 24 0 8 -2.763427
31 58 0 8 -2.826681
14 55 0 8 -2.851605
9 24 0 8 -2.853805
34 43 0 8 -2.854781
44 69 0 8 -2.863428
5 55 0 8 -2.865449
34 48 0 8 -2.870302
21 43 0 8 -2.893739
44 75 0 8 -2.934173
32 59 0 8 -3.283427
21 44 0 8 -3.502554
