28 92 0 8 11.846444
78 93 0 8 11.603666
5 49 0 8 9.691362
21 34 0 8 8.849458
81 89 0 8 8.692100
42 65 0 8 8.614878
81 86 0 8 8.477300
42 52 0 8 8.168752
24 87 0 8 8.105125
39 61 0 8 7.450017
75 97 0 8 7.328412
43 68 0 8 7.279988
28 88 0 8 7.084660
13 83 0 8 7.028477
3 33 0 8 6.836499
9 57 0 8 6.591686
52 69 0 8 6.203756
65 74 0 8 6.096995
17 90 0 8 6.072717
49 72 0 8 5.928958
35 49 0 8 5.733939
6 34 0 8 5.697869
16 57 0 8 5.679491
40 61 0 8 5.657058
7 52 0 8 5.593885
18 34 0 8 5.489585
7 12 0 8 5.420685
3 35 0 8 5.410239
81 93 0 8 5.362981
46 69 0 8 5.308598
32 95 0 8 5.111378
36 55 0 8 5.077022
6 14 0 8 5.013587
24 91 0 8 4.980672
59 81 0 8 4.974598
75 93 0 8 4.965728
18 91 0 8 4.886396
7 42 0 8 4.881988
13 22 0 8 4.868294
46 70 0 8 4.784229
62 74 0 8 4.684387
81 90 0 8 4.664818
62 76 0 8 4.576894
51 97 0 8 4.557609
10 38 0 8 4.547007
7 37 0 8 4.519493
23 47 0 8 4.435847
5 37 0 8 4.433456
12 25 0 8 4.425762
54 62 0 8 4.377851
41 59 0 8 4.356696
69 74 0 8 4.319392
25 32 0 8 4.231305
71 76 0 8 4.204060
6 60 0 8 4.182514
52 72 0 8 4.171232
30 94 0 8 4.148706
30 95 0 8 4.141850
39 52 0 8 4.132260
18 62 0 8 4.125986
14 57 0 8 4.001123
24 38 0 8 3.971546
62 95 0 8 3.965855
9 40 0 8 3.956610
85 90 0 8 3.951203
89 95 0 8 3.948708
25 91 0 8 3.933381
25 55 0 8 3.928078
52 65 0 8 3.898767
59 80 0 8 3.788029
51 75 0 8 3.787060
30 91 0 8 3.706005
24 34 0 8 3.704596
5 52 0 8 3.688985
26 37 0 8 3.662625
20 72 0 8 3.619760
63 80 0 8 3.577374
17 82 0 8 3.575281
53 77 0 8 3.568839
17 77 0 8 3.562034
24 88 0 8 3.561498
9 58 0 8 3.486091
35 45 0 8 3.421413
14 21 0 8 3.409910
21 94 0 8 3.362060
54 65 0 8 3.347875
9 15 0 8 3.339209
58 84 0 8 3.331610
14 82 0 8 3.326865
47 70 0 8 3.302022
14 36 0 8 3.278220
21 90 0 8 3.233515
25 36 0 8 3.211722
33 92 0 8 3.192323
31 92 0 8 3.180741
53 75 0 8 3.175075
13 82 0 8 3.160764
62 79 0 8 3.138137
2 19 0 8 3.135582
5 35 0 8 3.135185
28 95 0 8 3.132175
44 64 0 8 3.130444
26 52 0 8 3.113335
16 36 0 8 3.107759
20 60 0 8 3.106927
66 73 0 8 3.103017
84 89 0 8 3.102598
4 94 0 8 3.097376
69 93 0 8 3.078455
31 37 0 8 3.063744
21 87 0 8 3.053217
4 92 0 8 3.053069
61 79 0 8 3.052074
36 57 0 8 3.012435
40 67 0 8 3.000957
37 49 0 8 3.000008
36 83 0 8 2.989695
54 79 0 8 2.953774
19 54 0 8 2.948743
71 94 0 8 2.931045
63 88 0 8 2.929253
45 68 0 8 2.923584
70 75 0 8 2.922822
14 58 0 8 2.893462
35 44 0 8 2.893017
39 72 0 8 2.875347
18 39 0 8 2.863149
43 49 0 8 2.850688
7 71 0 8 2.850629
10 18 0 8 2.843354
41 66 0 8 2.833582
14 55 0 8 2.776860
17 23 0 8 2.767991
31 69 0 8 2.757806
49 58 0 8 2.756020
55 76 0 8 2.751609
21 91 0 8 2.746034
17 85 0 8 2.737759
12 34 0 8 2.700035
39 45 0 8 2.696123
4 26 0 8 2.694056
5 27 0 8 2.692574
58 91 0 8 2.684547
9 61 0 8 2.679964
6 83 0 8 2.679252
16 48 0 8 2.671687
39 58 0 8 2.659704
16 35 0 8 2.646332
6 77 0 8 2.646101
56 82 0 8 2.640459
45 63 0 8 2.638182
61 76 0 8 2.629122
73 89 0 8 2.627719
42 68 0 8 2.624758
44 71 0 8 2.611495
25 34 0 8 2.603029
15 60 0 8 2.601201
59 78 0 8 2.597128
22 69 0 8 2.595762
33 48 0 8 2.595279
77 83 0 8 2.588174
27 82 0 8 2.586115
6 12 0 8 2.572811
64 80 0 8 2.562314
13 55 0 8 2.560529
48 94 0 8 2.526186
28 47 0 8 2.526005
25 79 0 8 2.514765
45 80 0 8 2.513779
17 55 0 8 2.513334
21 78 0 8 2.508377
7 54 0 8 2.507592
37 66 0 8 2.497931
25 87 0 8 2.495256
22 49 0 8 2.495079
22 43 0 8 2.486751
37 90 0 8 2.463125
20 55 0 8 2.457449
16 85 0 8 2.451105
15 20 0 8 2.442869
15 85 0 8 2.438633
28 66 0 8 2.433729
9 16 0 8 2.432172
30 98 0 8 2.428370
3 49 0 8 2.422601
9 17 0 8 2.389592
53 78 0 8 2.385610
14 81 0 8 2.383446
68 81 0 8 2.379932
12 77 0 8 2.379598
31 38 0 8 2.374603
25 62 0 8 2.332486
14 83 0 8 2.331125
65 78 0 8 2.326975
7 17 0 8 2.323804
46 68 0 8 2.322875
7 60 0 8 2.319368
5 69 0 8 2.306518
21 58 0 8 2.305131
8 13 0 8 2.300548
62 84 0 8 2.290328
63 68 0 8 2.287915
21 31 0 8 2.282735
60 77 0 8 2.278604
49 70 0 8 2.278290
48 68 0 8 2.276828
18 98 0 8 2.271883
17 35 0 8 2.266472
7 47 0 8 2.265363
7 69 0 8 2.264727
15 21 0 8 2.257820
17 81 0 8 2.254043
37 43 0 8 2.251667
40 60 0 8 2.240355
55 90 0 8 2.236337
10 48 0 8 2.231894
30 78 0 8 2.228696
7 13 0 8 2.224671
41 96 0 8 2.223557
12 36 0 8 2.217456
74 96 0 8 2.215166
6 21 0 8 2.209920
11 57 0 8 2.208776
49 73 0 8 2.201507
73 94 0 8 2.195119
19 52 0 8 2.184537
33 52 0 8 2.180134
55 84 0 8 2.165130
15 86 0 8 2.161274
54 76 0 8 2.160499
35 89 0 8 2.144669
65 96 0 8 2.142317
73 82 0 8 2.135155
23 75 0 8 2.135083
18 85 0 8 2.132704
13 39 0 8 2.129907
23 46 0 8 2.122714
68 76 0 8 2.120248
52 61 0 8 2.118299
34 83 0 8 2.116213
17 38 0 8 2.115738
23 73 0 8 2.112166
51 98 0 8 2.107552
38 67 0 8 2.102437
17 40 0 8 2.099975
30 60 0 8 2.097574
6 53 0 8 2.092197
29 44 0 8 2.090933
51 67 0 8 2.085482
70 91 0 8 2.081225
33 63 0 8 2.079695
43 95 0 8 2.076943
67 98 0 8 2.075112
43 67 0 8 2.072466
53 93 0 8 2.072452
63 89 0 8 2.068939
53 60 0 8 2.066683
2 51 0 8 2.061486
24 37 0 8 2.059108
41 70 0 8 2.050250
65 76 0 8 2.044449
35 96 0 8 2.041851
60 79 0 8 2.032286
7 46 0 8 2.026935
43 48 0 8 2.023897
51 68 0 8 2.023894
47 71 0 8 2.021669
28 46 0 8 2.020894
19 34 0 8 2.017169
45 50 0 8 2.016127
31 55 0 8 2.015877
71 92 0 8 2.008820
37 84 0 8 2.008752
19 98 0 8 2.001697
14 90 0 8 1.999906
12 17 0 8 1.998788
47 80 0 8 1.997756
55 82 0 8 1.996002
50 56 0 8 1.995748
47 96 0 8 1.990052
20 49 0 8 1.982731
22 30 0 8 1.977090
21 55 0 8 1.968514
9 18 0 8 1.967481
64 74 0 8 1.960479
5 33 0 8 1.953507
18 55 0 8 1.951766
12 22 0 8 1.949445
28 70 0 8 1.947913
3 40 0 8 1.945620
26 88 0 8 1.943874
26 31 0 8 1.943458
10 53 0 8 1.942157
46 61 0 8 1.940467
36 87 0 8 1.936106
43 73 0 8 1.933536
10 49 0 8 1.932697
55 75 0 8 1.932085
75 98 0 8 1.927506
19 82 0 8 1.924412
25 51 0 8 1.922977
62 67 0 8 1.918451
19 40 0 8 1.916562
18 24 0 8 1.911341
9 30 0 8 1.903698
44 76 0 8 1.902569
19 65 0 8 1.889327
41 58 0 8 1.884802
27 73 0 8 1.879038
71 88 0 8 1.877579
9 60 0 8 1.875581
9 22 0 8 1.872598
54 81 0 8 1.870339
4 14 0 8 1.869069
6 56 0 8 1.863968
80 85 0 8 1.859396
75 94 0 8 1.850343
5 39 0 8 1.849899
39 95 0 8 1.848960
28 75 0 8 1.847466
80 97 0 8 1.845672
38 46 0 8 1.844313
33 41 0 8 1.842941
37 83 0 8 1.837465
77 90 0 8 1.827446
28 71 0 8 1.822338
24 44 0 8 1.820034
6 58 0 8 1.816052
58 79 0 8 1.813931
76 84 0 8 1.809894
3 38 0 8 1.807828
4 60 0 8 1.806323
89 98 0 8 1.804803
8 20 0 8 1.802668
51 94 0 8 1.800743
32 60 0 8 1.800387
19 41 0 8 1.799907
12 73 0 8 1.794313
10 51 0 8 1.791817
15 94 0 8 1.791707
17 25 0 8 1.790737
61 86 0 8 1.786910
47 63 0 8 1.783186
45 99 0 8 1.782764
48 61 0 8 1.778713
23 78 0 8 1.777570
29 95 0 8 1.769317
6 59 0 8 1.764919
48 66 0 8 1.762667
27 81 0 8 1.757965
49 69 0 8 1.753807
3 86 0 8 1.750288
32 92 0 8 1.748830
39 70 0 8 1.747854
30 92 0 8 1.745500
16 90 0 8 1.744500
25 30 0 8 1.740546
88 98 0 8 1.740419
17 87 0 8 1.737571
28 96 0 8 1.734358
2 32 0 8 1.731548
12 80 0 8 1.726496
3 48 0 8 1.726251
84 93 0 8 1.725374
30 37 0 8 1.725183
31 65 0 8 1.724283
32 93 0 8 1.722046
80 89 0 8 1.721892
26 99 0 8 1.720279
39 83 0 8 1.718843
6 17 0 8 1.713412
58 63 0 8 1.705391
6 45 0 8 1.704414
21 81 0 8 1.701820
29 74 0 8 1.699149
46 63 0 8 1.699129
41 54 0 8 1.697051
38 44 0 8 1.693263
4 42 0 8 1.681770
47 52 0 8 1.679734
8 56 0 8 1.676679
46 87 0 8 1.676551
21 60 0 8 1.671810
15 75 0 8 1.670719
42 49 0 8 1.667443
5 31 0 8 1.667312
63 99 0 8 1.666515
57 92 0 8 1.665378
39 89 0 8 1.662762
32 67 0 8 1.662418
44 63 0 8 1.658013
12 83 0 8 1.657434
3 63 0 8 1.657297
6 15 0 8 1.654699
8 36 0 8 1.650521
22 60 0 8 1.649101
29 51 0 8 1.645890
14 85 0 8 1.642241
22 57 0 8 1.638187
64 69 0 8 1.632430
39 66 0 8 1.631020
31 47 0 8 1.621614
32 88 0 8 1.615957
33 82 0 8 1.614450
15 27 0 8 1.613518
7 61 0 8 1.611609
57 79 0 8 1.611412
38 63 0 8 1.610124
85 95 0 8 1.609973
4 41 0 8 1.608785
61 80 0 8 1.608759
20 67 0 8 1.607348
11 56 0 8 1.606121
59 69 0 8 1.600654
17 54 0 8 1.599498
35 66 0 8 1.599118
4 55 0 8 1.598658
38 62 0 8 1.593724
5 48 0 8 1.593468
18 30 0 8 1.592179
56 77 0 8 1.591373
41 69 0 8 1.591186
66 76 0 8 1.582828
17 86 0 8 1.580030
70 78 0 8 1.576997
39 77 0 8 1.572034
40 84 0 8 1.569228
5 32 0 8 1.567374
61 85 0 8 1.565258
34 82 0 8 1.564854
3 96 0 8 1.562759
12 65 0 8 1.556350
12 70 0 8 1.555820
29 64 0 8 1.555660
9 14 0 8 1.554863
10 84 0 8 1.554806
27 63 0 8 1.552352
54 64 0 8 1.551170
24 46 0 8 1.548985
30 52 0 8 1.546623
39 98 0 8 1.545545
7 59 0 8 1.540471
71 96 0 8 1.539752
39 73 0 8 1.539015
16 76 0 8 1.535507
44 51 0 8 1.534643
29 78 0 8 1.533265
61 78 0 8 1.533085
54 74 0 8 1.532883
53 83 0 8 1.531865
23 61 0 8 1.530463
10 55 0 8 1.528468
4 32 0 8 1.528070
20 84 0 8 1.526133
39 47 0 8 1.521084
2 35 0 8 1.519371
64 84 0 8 1.517295
3 47 0 8 1.505718
46 52 0 8 1.504461
58 72 0 8 1.504273
51 58 0 8 1.497082
27 40 0 8 1.493290
3 73 0 8 1.491290
4 21 0 8 1.489376
39 80 0 8 1.482435
19 42 0 8 1.480907
35 52 0 8 1.480147
10 58 0 8 1.475494
18 87 0 8 1.475435
79 84 0 8 1.473899
15 37 0 8 1.473336
28 48 0 8 1.471690
6 55 0 8 1.470101
76 93 0 8 1.469798
21 47 0 8 1.467292
76 99 0 8 1.467227
71 79 0 8 1.463621
39 54 0 8 1.462840
4 15 0 8 1.458352
14 84 0 8 1.457840
55 83 0 8 1.457777
59 87 0 8 1.456885
28 39 0 8 1.456430
29 67 0 8 1.451880
43 66 0 8 1.448552
17 83 0 8 1.443923
26 36 0 8 1.442722
16 34 0 8 1.440575
10 90 0 8 1.439168
44 60 0 8 1.436498
78 98 0 8 1.436417
76 82 0 8 1.435644
26 67 0 8 1.434102
67 92 0 8 1.431390
25 58 0 8 1.430748
45 93 0 8 1.429875
23 39 0 8 1.429137
46 53 0 8 1.429129
32 99 0 8 1.422778
32 62 0 8 1.420652
82 87 0 8 1.418927
55 81 0 8 1.417452
54 68 0 8 1.414677
58 64 0 8 1.414102
62 80 0 8 1.413939
47 72 0 8 1.412507
87 95 0 8 1.410943
35 43 0 8 1.408801
4 11 0 8 1.408495
26 46 0 8 1.407454
49 61 0 8 1.404037
5 22 0 8 1.402012
80 86 0 8 1.401016
47 61 0 8 1.400612
36 56 0 8 1.399585
80 96 0 8 1.397518
29 48 0 8 1.394897
75 90 0 8 1.394006
53 80 0 8 1.393263
48 75 0 8 1.391229
5 76 0 8 1.390571
4 62 0 8 1.386684
42 61 0 8 1.386512
61 84 0 8 1.385709
36 50 0 8 1.385691
11 36 0 8 1.384040
37 70 0 8 1.380799
72 84 0 8 1.379567
45 71 0 8 1.377276
65 71 0 8 1.374285
47 92 0 8 1.371108
38 52 0 8 1.369328
78 86 0 8 1.366642
12 59 0 8 1.366140
37 89 0 8 1.364724
50 86 0 8 1.362635
58 65 0 8 1.361800
19 35 0 8 1.361401
33 68 0 8 1.356293
33 40 0 8 1.354710
47 62 0 8 1.353285
33 79 0 8 1.349882
10 78 0 8 1.349142
42 76 0 8 1.346374
61 91 0 8 1.341832
23 80 0 8 1.340928
61 88 0 8 1.340249
41 68 0 8 1.335033
54 71 0 8 1.331660
26 92 0 8 1.328909
31 45 0 8 1.328390
74 89 0 8 1.325073
25 38 0 8 1.323496
27 51 0 8 1.320291
8 18 0 8 1.319218
7 65 0 8 1.318202
20 90 0 8 1.316701
9 63 0 8 1.314608
47 78 0 8 1.310714
10 39 0 8 1.310677
27 67 0 8 1.309507
12 21 0 8 1.306663
20 34 0 8 1.303090
15 31 0 8 1.301290
4 77 0 8 1.299850
75 88 0 8 1.295860
77 94 0 8 1.294021
53 87 0 8 1.289834
8 57 0 8 1.287643
15 48 0 8 1.287411
13 77 0 8 1.285529
65 70 0 8 1.285149
72 80 0 8 1.282542
31 49 0 8 1.280924
3 44 0 8 1.278380
24 29 0 8 1.275369
59 90 0 8 1.271028
33 51 0 8 1.268435
6 11 0 8 1.267898
12 53 0 8 1.266938
18 29 0 8 1.266809
37 74 0 8 1.264800
13 86 0 8 1.261368
24 92 0 8 1.259277
28 67 0 8 1.257951
38 92 0 8 1.256288
40 74 0 8 1.255306
93 98 0 8 1.255143
60 99 0 8 1.254783
2 98 0 8 1.252648
16 33 0 8 1.252451
18 31 0 8 1.251687
14 53 0 8 1.244779
3 46 0 8 1.243682
48 96 0 8 1.242716
20 53 0 8 1.241203
40 68 0 8 1.238869
48 62 0 8 1.236986
7 40 0 8 1.235421
22 87 0 8 1.235351
26 68 0 8 1.234123
59 95 0 8 1.233079
77 82 0 8 1.232200
62 86 0 8 1.231202
53 90 0 8 1.230450
51 85 0 8 1.229838
68 96 0 8 1.226221
77 91 0 8 1.224722
12 43 0 8 1.224403
27 49 0 8 1.223668
39 86 0 8 1.221198
47 89 0 8 1.218819
2 49 0 8 1.215939
51 64 0 8 1.215800
87 94 0 8 1.215284
67 76 0 8 1.214377
78 85 0 8 1.208467
54 93 0 8 1.207581
23 85 0 8 1.205162
46 51 0 8 1.203712
64 94 0 8 1.201372
16 74 0 8 1.198860
20 83 0 8 1.197402
19 96 0 8 1.196026
3 45 0 8 1.195423
43 50 0 8 1.187415
73 93 0 8 1.187336
3 32 0 8 1.186395
65 80 0 8 1.183414
44 59 0 8 1.181774
25 80 0 8 1.181694
4 13 0 8 1.181374
31 53 0 8 1.179745
41 88 0 8 1.179664
26 61 0 8 1.178886
24 40 0 8 1.178794
55 94 0 8 1.176676
22 59 0 8 1.176399
13 57 0 8 1.174648
20 74 0 8 1.166534
21 32 0 8 1.164523
15 43 0 8 1.164469
21 61 0 8 1.160091
61 74 0 8 1.158933
90 96 0 8 1.157285
12 55 0 8 1.157125
32 51 0 8 1.155395
51 95 0 8 1.152199
41 92 0 8 1.150258
4 20 0 8 1.150008
66 97 0 8 1.146767
43 51 0 8 1.145283
75 83 0 8 1.145133
40 71 0 8 1.143390
26 43 0 8 1.143167
72 78 0 8 1.141309
56 73 0 8 1.139184
69 80 0 8 1.137047
64 97 0 8 1.136055
50 85 0 8 1.133126
36 77 0 8 1.132105
37 45 0 8 1.129829
6 27 0 8 1.129702
30 68 0 8 1.128646
35 94 0 8 1.124949
3 12 0 8 1.124755
22 47 0 8 1.119693
51 81 0 8 1.116930
80 94 0 8 1.115170
16 61 0 8 1.115156
22 28 0 8 1.114466
18 26 0 8 1.113982
6 37 0 8 1.113780
7 27 0 8 1.113091
17 39 0 8 1.111949
15 58 0 8 1.111815
12 32 0 8 1.111391
19 62 0 8 1.106013
41 75 0 8 1.104666
38 68 0 8 1.104625
29 41 0 8 1.104189
2 9 0 8 1.102728
12 79 0 8 1.101672
29 34 0 8 1.100655
15 55 0 8 1.097910
68 95 0 8 1.096796
18 36 0 8 1.091893
22 98 0 8 1.090720
24 42 0 8 1.088390
36 54 0 8 1.087028
29 75 0 8 1.084492
6 42 0 8 1.084139
42 90 0 8 1.075558
72 94 0 8 1.074972
57 66 0 8 1.073607
2 77 0 8 1.072766
71 95 0 8 1.071101
19 38 0 8 1.069754
52 76 0 8 1.066030
36 53 0 8 1.065266
44 67 0 8 1.059845
13 85 0 8 1.057229
60 81 0 8 1.053984
9 38 0 8 1.053490
41 89 0 8 1.047117
5 72 0 8 1.046316
5 26 0 8 1.046060
7 23 0 8 1.045529
28 63 0 8 1.044495
19 72 0 8 1.041591
44 54 0 8 1.041301
29 79 0 8 1.037815
8 17 0 8 1.035719
5 44 0 8 1.034679
20 87 0 8 1.033689
10 42 0 8 1.032294
5 64 0 8 1.031139
19 53 0 8 1.030474
42 51 0 8 1.029661
83 88 0 8 1.029211
13 61 0 8 1.026878
55 88 0 8 1.025700
68 74 0 8 1.025343
32 79 0 8 1.022756
47 98 0 8 1.022145
7 45 0 8 1.020584
55 77 0 8 1.020389
30 67 0 8 1.019596
35 40 0 8 1.017351
51 96 0 8 1.016907
22 83 0 8 1.016804
46 91 0 8 1.016511
57 72 0 8 1.011610
33 44 0 8 1.011422
15 79 0 8 1.010940
33 43 0 8 0.998171
84 97 0 8 0.997040
44 49 0 8 0.994286
70 82 0 8 0.994214
58 90 0 8 0.992590
46 74 0 8 0.992099
26 32 0 8 0.991778
32 42 0 8 0.991111
30 51 0 8 0.988655
49 87 0 8 0.987321
84 90 0 8 0.986508
21 33 0 8 0.986056
57 81 0 8 0.984942
88 96 0 8 0.984803
79 99 0 8 0.981233
16 37 0 8 0.979191
38 60 0 8 0.978795
32 44 0 8 0.977811
43 99 0 8 0.975134
23 41 0 8 0.974990
37 50 0 8 0.974269
12 57 0 8 0.972620
44 68 0 8 0.970729
59 83 0 8 0.970278
45 92 0 8 0.968920
3 8 0 8 0.967742
46 59 0 8 0.966709
36 75 0 8 0.964835
29 84 0 8 0.964640
23 43 0 8 0.961452
6 13 0 8 0.953939
78 95 0 8 0.952821
16 21 0 8 0.951985
5 46 0 8 0.950860
7 24 0 8 0.945155
3 9 0 8 0.944814
44 92 0 8 0.944711
12 61 0 8 0.935546
2 93 0 8 0.929328
19 26 0 8 0.928029
22 33 0 8 0.927251
84 100 0 8 0.927158
27 93 0 8 0.924149
67 94 0 8 0.920606
25 50 0 8 0.920270
25 84 0 8 0.919381
11 50 0 8 0.918495
50 73 0 8 0.918150
85 98 0 8 0.917829
59 76 0 8 0.915372
57 78 0 8 0.914500
74 98 0 8 0.914343
75 85 0 8 0.913818
5 98 0 8 0.910064
3 10 0 8 0.906248
52 75 0 8 0.905404
68 98 0 8 0.901885
3 31 0 8 0.901360
7 72 0 8 0.901146
43 75 0 8 0.901051
55 74 0 8 0.899927
6 90 0 8 0.899839
15 59 0 8 0.899247
27 94 0 8 0.898916
26 41 0 8 0.898887
9 27 0 8 0.897887
45 94 0 8 0.897433
84 94 0 8 0.896332
14 97 0 8 0.894308
76 86 0 8 0.892863
47 74 0 8 0.890414
35 41 0 8 0.890406
49 85 0 8 0.890197
2 18 0 8 0.889523
10 79 0 8 0.887373
33 66 0 8 0.886648
35 73 0 8 0.884259
47 86 0 8 0.882057
32 70 0 8 0.875638
48 60 0 8 0.875484
27 60 0 8 0.875059
45 62 0 8 0.872370
17 24 0 8 0.871207
61 72 0 8 0.868806
2 37 0 8 0.866906
60 84 0 8 0.866748
35 76 0 8 0.865235
55 79 0 8 0.863810
10 46 0 8 0.862691
83 90 0 8 0.861276
29 73 0 8 0.857545
31 52 0 8 0.854550
28 51 0 8 0.853905
39 55 0 8 0.852846
17 72 0 8 0.850354
52 97 0 8 0.850100
4 97 0 8 0.849596
5 10 0 8 0.843983
33 69 0 8 0.843541
35 61 0 8 0.842215
33 50 0 8 0.841522
87 97 0 8 0.841150
47 87 0 8 0.839660
9 100 0 8 0.839505
43 70 0 8 0.839147
18 61 0 8 0.835368
23 28 0 8 0.834989
16 99 0 8 0.831607
16 22 0 8 0.831120
27 44 0 8 0.829929
6 81 0 8 0.829493
48 84 0 8 0.828610
9 28 0 8 0.826943
40 87 0 8 0.824458
27 96 0 8 0.823847
8 15 0 8 0.823440
26 96 0 8 0.821467
26 45 0 8 0.820458
48 76 0 8 0.819599
34 60 0 8 0.819411
93 99 0 8 0.818784
87 99 0 8 0.817366
76 97 0 8 0.816431
80 99 0 8 0.816151
10 34 0 8 0.814490
20 43 0 8 0.813402
40 78 0 8 0.812592
69 82 0 8 0.812309
49 60 0 8 0.811727
78 96 0 8 0.806816
71 87 0 8 0.805108
12 82 0 8 0.804622
44 93 0 8 0.804600
32 71 0 8 0.801646
52 63 0 8 0.800857
58 77 0 8 0.798913
40 89 0 8 0.798067
49 74 0 8 0.791858
48 74 0 8 0.789599
20 36 0 8 0.783657
8 14 0 8 0.783107
25 44 0 8 0.782800
30 82 0 8 0.781844
30 50 0 8 0.781594
18 57 0 8 0.780070
15 33 0 8 0.773896
40 64 0 8 0.773810
8 53 0 8 0.771302
26 40 0 8 0.770878
32 82 0 8 0.769957
52 68 0 8 0.768972
41 48 0 8 0.768113
40 90 0 8 0.766558
61 68 0 8 0.766395
60 65 0 8 0.764115
64 96 0 8 0.762414
32 49 0 8 0.761801
29 81 0 8 0.759661
67 80 0 8 0.757459
15 56 0 8 0.757171
15 74 0 8 0.756635
3 30 0 8 0.755565
38 73 0 8 0.755372
16 24 0 8 0.749293
19 24 0 8 0.748260
79 87 0 8 0.747684
27 53 0 8 0.746987
79 85 0 8 0.746898
76 92 0 8 0.745958
15 61 0 8 0.745599
23 45 0 8 0.745130
16 75 0 8 0.744820
4 54 0 8 0.743819
12 38 0 8 0.743378
41 46 0 8 0.742042
28 49 0 8 0.741474
16 60 0 8 0.739149
63 82 0 8 0.737898
42 53 0 8 0.736114
19 33 0 8 0.735560
70 99 0 8 0.734129
48 89 0 8 0.733905
92 99 0 8 0.731921
4 38 0 8 0.731747
69 84 0 8 0.730505
63 75 0 8 0.730479
6 24 0 8 0.728394
11 16 0 8 0.726758
29 59 0 8 0.723752
10 23 0 8 0.721493
31 100 0 8 0.721162
14 22 0 8 0.718377
31 64 0 8 0.716663
19 64 0 8 0.716062
28 37 0 8 0.715664
33 60 0 8 0.715487
4 25 0 8 0.715375
59 82 0 8 0.715082
6 48 0 8 0.714829
8 25 0 8 0.714433
38 47 0 8 0.714155
7 62 0 8 0.712966
23 67 0 8 0.712588
62 75 0 8 0.711357
27 43 0 8 0.710777
55 93 0 8 0.707872
19 37 0 8 0.705892
10 76 0 8 0.703963
54 63 0 8 0.700668
65 95 0 8 0.699398
37 52 0 8 0.697973
42 69 0 8 0.696488
86 96 0 8 0.693418
17 29 0 8 0.693408
2 42 0 8 0.690368
32 64 0 8 0.685972
34 73 0 8 0.685301
48 67 0 8 0.685169
53 81 0 8 0.682509
29 70 0 8 0.680784
9 90 0 8 0.679523
26 71 0 8 0.678624
15 77 0 8 0.678458
43 97 0 8 0.677585
35 67 0 8 0.677287
63 84 0 8 0.677061
60 78 0 8 0.676698
20 59 0 8 0.676327
28 80 0 8 0.675157
60 97 0 8 0.672939
80 90 0 8 0.670423
16 50 0 8 0.668635
64 99 0 8 0.668178
31 99 0 8 0.667952
50 72 0 8 0.667432
63 70 0 8 0.666279
17 27 0 8 0.663688
15 57 0 8 0.662134
9 48 0 8 0.658774
48 72 0 8 0.657455
28 65 0 8 0.656392
23 64 0 8 0.654323
27 85 0 8 0.652890
27 64 0 8 0.652305
69 98 0 8 0.650929
13 42 0 8 0.650315
2 10 0 8 0.649636
49 78 0 8 0.649374
20 76 0 8 0.647963
5 24 0 8 0.647737
32 72 0 8 0.647465
31 76 0 8 0.644743
42 58 0 8 0.644228
33 84 0 8 0.643020
35 58 0 8 0.642776
18 59 0 8 0.642733
37 42 0 8 0.642264
5 38 0 8 0.641751
18 60 0 8 0.640365
42 71 0 8 0.640172
22 73 0 8 0.638600
10 16 0 8 0.638552
2 65 0 8 0.638079
4 67 0 8 0.631640
8 50 0 8 0.628650
10 41 0 8 0.628477
63 87 0 8 0.627945
52 85 0 8 0.626648
45 100 0 8 0.625820
56 74 0 8 0.625479
29 89 0 8 0.625014
13 87 0 8 0.623667
27 41 0 8 0.623558
66 74 0 8 0.619856
11 19 0 8 0.617945
64 75 0 8 0.617628
52 74 0 8 0.615826
38 57 0 8 0.615787
13 21 0 8 0.615657
26 79 0 8 0.615128
13 30 0 8 0.614260
79 100 0 8 0.612664
16 46 0 8 0.610070
45 85 0 8 0.609609
45 79 0 8 0.608233
59 86 0 8 0.607800
18 82 0 8 0.606991
72 85 0 8 0.604069
7 41 0 8 0.602966
38 51 0 8 0.602680
20 35 0 8 0.601595
17 45 0 8 0.601492
27 88 0 8 0.600963
6 16 0 8 0.595714
23 94 0 8 0.595500
17 50 0 8 0.593494
50 60 0 8 0.593301
75 96 0 8 0.592731
30 45 0 8 0.592608
11 55 0 8 0.592290
15 36 0 8 0.591644
78 90 0 8 0.589000
14 20 0 8 0.587360
90 95 0 8 0.586679
34 42 0 8 0.585984
58 82 0 8 0.585249
9 76 0 8 0.584638
16 93 0 8 0.583185
9 34 0 8 0.581949
43 65 0 8 0.581310
67 74 0 8 0.579923
61 93 0 8 0.579654
19 63 0 8 0.579044
17 89 0 8 0.578143
28 59 0 8 0.577465
38 74 0 8 0.577338
20 92 0 8 0.575014
69 75 0 8 0.574981
7 29 0 8 0.572977
6 20 0 8 0.568015
88 94 0 8 0.566883
62 69 0 8 0.566446
24 89 0 8 0.565562
21 76 0 8 0.563416
3 98 0 8 0.563288
25 93 0 8 0.562701
27 35 0 8 0.562370
18 83 0 8 0.561750
59 72 0 8 0.558393
88 97 0 8 0.555130
2 7 0 8 0.554296
76 83 0 8 0.553361
67 85 0 8 0.551169
7 28 0 8 0.549827
88 95 0 8 0.547185
42 98 0 8 0.545218
47 73 0 8 0.544978
12 90 0 8 0.544958
54 66 0 8 0.544219
53 86 0 8 0.543312
89 99 0 8 0.542683
51 80 0 8 0.541729
23 65 0 8 0.541667
15 32 0 8 0.541534
12 37 0 8 0.541454
54 78 0 8 0.539808
20 25 0 8 0.539116
21 95 0 8 0.537464
51 71 0 8 0.537137
24 78 0 8 0.536308
29 99 0 8 0.534789
2 8 0 8 0.534581
13 56 0 8 0.531431
35 51 0 8 0.529727
74 83 0 8 0.529440
46 73 0 8 0.526215
36 86 0 8 0.524850
4 24 0 8 0.524742
11 53 0 8 0.522741
6 87 0 8 0.522722
30 97 0 8 0.522710
38 81 0 8 0.520691
29 87 0 8 0.518128
48 92 0 8 0.517269
10 75 0 8 0.516895
35 62 0 8 0.514564
31 59 0 8 0.513878
28 99 0 8 0.513481
79 93 0 8 0.513045
61 70 0 8 0.511548
22 27 0 8 0.511441
32 59 0 8 0.509900
4 31 0 8 0.509273
61 67 0 8 0.509112
55 87 0 8 0.508898
10 45 0 8 0.508530
76 87 0 8 0.507860
45 84 0 8 0.507804
18 75 0 8 0.507638
32 68 0 8 0.507257
15 89 0 8 0.507119
52 71 0 8 0.505796
11 18 0 8 0.504264
2 97 0 8 0.504102
3 22 0 8 0.500954
15 45 0 8 0.500457
38 53 0 8 0.500392
52 58 0 8 0.500195
26 62 0 8 0.499235
9 51 0 8 0.499024
37 72 0 8 0.498559
57 77 0 8 0.495915
51 59 0 8 0.495802
34 40 0 8 0.494364
42 84 0 8 0.493724
50 87 0 8 0.493145
24 30 0 8 0.492157
3 80 0 8 0.490175
34 97 0 8 0.489432
10 92 0 8 0.489272
68 77 0 8 0.489118
7 83 0 8 0.488484
23 53 0 8 0.487764
46 58 0 8 0.487362
41 71 0 8 0.486626
4 23 0 8 0.486620
28 50 0 8 0.486258
35 46 0 8 0.485372
38 58 0 8 0.485058
21 75 0 8 0.484550
11 65 0 8 0.482746
25 45 0 8 0.481158
74 93 0 8 0.479425
45 55 0 8 0.478784
34 88 0 8 0.478706
46 98 0 8 0.478643
14 42 0 8 0.478249
29 47 0 8 0.477974
62 96 0 8 0.477490
3 54 0 8 0.475620
41 74 0 8 0.473119
39 53 0 8 0.464262
19 67 0 8 0.464236
29 45 0 8 0.462862
29 63 0 8 0.459687
2 75 0 8 0.459282
64 100 0 8 0.457860
6 36 0 8 0.457507
30 42 0 8 0.454485
34 58 0 8 0.453764
74 94 0 8 0.453749
22 38 0 8 0.452400
35 48 0 8 0.451109
2 31 0 8 0.448634
9 19 0 8 0.447281
12 58 0 8 0.446487
89 100 0 8 0.445310
32 40 0 8 0.445091
34 100 0 8 0.445082
4 82 0 8 0.444329
44 72 0 8 0.442913
64 71 0 8 0.442887
49 65 0 8 0.439782
26 66 0 8 0.439232
3 72 0 8 0.439170
37 77 0 8 0.438790
6 51 0 8 0.438597
41 85 0 8 0.438411
20 63 0 8 0.437478
78 91 0 8 0.436932
22 46 0 8 0.434279
13 25 0 8 0.433087
6 39 0 8 0.432377
23 71 0 8 0.432039
27 98 0 8 0.431994
22 40 0 8 0.430519
15 54 0 8 0.428661
44 100 0 8 0.428536
18 27 0 8 0.427956
9 39 0 8 0.427250
45 73 0 8 0.427207
4 10 0 8 0.426613
32 91 0 8 0.426377
60 73 0 8 0.424931
43 89 0 8 0.424471
41 77 0 8 0.424013
29 43 0 8 0.423846
26 57 0 8 0.423584
50 83 0 8 0.423552
62 97 0 8 0.423412
17 32 0 8 0.422266
59 91 0 8 0.421759
61 83 0 8 0.421595
48 99 0 8 0.419828
63 72 0 8 0.419587
27 66 0 8 0.418578
17 51 0 8 0.417761
16 63 0 8 0.417069
3 68 0 8 0.417053
26 72 0 8 0.416101
76 94 0 8 0.414532
57 85 0 8 0.411608
4 90 0 8 0.411512
59 100 0 8 0.411040
68 84 0 8 0.409990
27 34 0 8 0.409770
10 35 0 8 0.408758
70 89 0 8 0.406880
68 85 0 8 0.406044
41 95 0 8 0.406038
59 70 0 8 0.404876
9 65 0 8 0.404588
20 51 0 8 0.404008
5 62 0 8 0.400549
13 36 0 8 0.400424
10 100 0 8 0.399680
52 80 0 8 0.399445
4 37 0 8 0.398195
27 68 0 8 0.396031
26 48 0 8 0.395001
50 98 0 8 0.393625
50 59 0 8 0.392802
82 89 0 8 0.390526
14 78 0 8 0.389462
14 73 0 8 0.389348
43 72 0 8 0.389006
40 98 0 8 0.386944
44 73 0 8 0.384889
29 61 0 8 0.384420
64 70 0 8 0.383543
52 93 0 8 0.382270
26 69 0 8 0.381878
62 71 0 8 0.381680
40 80 0 8 0.380639
68 87 0 8 0.379568
43 79 0 8 0.377761
21 69 0 8 0.376967
46 86 0 8 0.374824
40 100 0 8 0.374266
27 50 0 8 0.368713
53 69 0 8 0.368593
83 94 0 8 0.368537
30 99 0 8 0.367955
27 100 0 8 0.367732
59 96 0 8 0.363164
84 98 0 8 0.362888
6 86 0 8 0.361458
23 88 0 8 0.361046
43 90 0 8 0.360026
2 89 0 8 0.359313
40 55 0 8 0.358847
43 96 0 8 0.358673
66 79 0 8 0.357213
39 62 0 8 0.357209
2 85 0 8 0.356899
4 100 0 8 0.355606
37 81 0 8 0.355109
29 35 0 8 0.355099
3 29 0 8 0.354733
17 99 0 8 0.353919
42 86 0 8 0.353654
56 66 0 8 0.352946
14 70 0 8 0.351743
33 95 0 8 0.347264
33 58 0 8 0.345458
3 70 0 8 0.344961
51 100 0 8 0.343915
57 94 0 8 0.342416
43 58 0 8 0.339645
74 86 0 8 0.339144
10 91 0 8 0.339070
9 80 0 8 0.338920
16 52 0 8 0.338878
85 96 0 8 0.338648
29 58 0 8 0.337379
20 61 0 8 0.337193
37 64 0 8 0.336896
31 44 0 8 0.336530
7 57 0 8 0.335965
34 61 0 8 0.335788
50 89 0 8 0.334711
55 99 0 8 0.333781
37 62 0 8 0.333430
72 79 0 8 0.333338
27 42 0 8 0.331201
55 97 0 8 0.330408
38 80 0 8 0.328836
31 97 0 8 0.328054
60 87 0 8 0.326877
44 91 0 8 0.326800
50 66 0 8 0.326799
95 100 0 8 0.326734
4 86 0 8 0.323940
3 39 0 8 0.323243
86 94 0 8 0.321109
38 75 0 8 0.320371
70 98 0 8 0.319986
66 72 0 8 0.319318
8 63 0 8 0.319137
34 45 0 8 0.317599
48 73 0 8 0.315552
5 36 0 8 0.315192
12 26 0 8 0.315186
6 71 0 8 0.314783
37 88 0 8 0.309690
50 64 0 8 0.309211
29 98 0 8 0.307449
77 93 0 8 0.306146
13 38 0 8 0.305063
19 44 0 8 0.304250
53 99 0 8 0.302743
49 92 0 8 0.302339
86 100 0 8 0.302081
41 99 0 8 0.300836
71 100 0 8 0.298981
41 72 0 8 0.297308
27 39 0 8 0.296977
13 69 0 8 0.296064
48 56 0 8 0.295841
24 53 0 8 0.295461
29 62 0 8 0.294609
68 92 0 8 0.294578
11 87 0 8 0.293586
40 63 0 8 0.293419
9 79 0 8 0.293374
23 63 0 8 0.292782
70 95 0 8 0.290901
7 70 0 8 0.290867
5 74 0 8 0.290740
17 92 0 8 0.290403
12 20 0 8 0.289515
8 29 0 8 0.288730
18 99 0 8 0.288721
49 94 0 8 0.288490
26 53 0 8 0.287921
40 72 0 8 0.287012
67 100 0 8 0.284730
38 91 0 8 0.284284
72 95 0 8 0.282799
19 59 0 8 0.282175
2 24 0 8 0.282023
84 91 0 8 0.281292
44 96 0 8 0.280812
21 82 0 8 0.280714
21 56 0 8 0.279297
54 85 0 8 0.278907
41 63 0 8 0.278178
29 96 0 8 0.275211
72 88 0 8 0.273928
48 85 0 8 0.268880
36 71 0 8 0.268858
15 97 0 8 0.268492
56 64 0 8 0.268471
2 88 0 8 0.268373
28 69 0 8 0.268216
3 71 0 8 0.267001
22 54 0 8 0.261315
63 98 0 8 0.261153
5 65 0 8 0.260540
41 62 0 8 0.259888
24 71 0 8 0.259534
22 39 0 8 0.259419
35 69 0 8 0.259267
33 71 0 8 0.258969
2 12 0 8 0.258711
59 85 0 8 0.258241
24 33 0 8 0.257445
45 72 0 8 0.257351
18 94 0 8 0.256278
57 93 0 8 0.254456
31 63 0 8 0.254381
91 98 0 8 0.253660
40 57 0 8 0.253210
73 79 0 8 0.252248
64 72 0 8 0.252158
42 82 0 8 0.251373
21 97 0 8 0.250071
30 72 0 8 0.249640
44 85 0 8 0.249377
11 82 0 8 0.248686
42 92 0 8 0.248310
12 42 0 8 0.248191
18 44 0 8 0.247637
65 100 0 8 0.246804
10 61 0 8 0.244940
13 24 0 8 0.244183
50 93 0 8 0.244127
73 84 0 8 0.242444
9 97 0 8 0.242016
48 57 0 8 0.241169
66 87 0 8 0.240097
2 71 0 8 0.239721
27 33 0 8 0.239354
40 97 0 8 0.238477
34 43 0 8 0.237503
46 72 0 8 0.237444
2 91 0 8 0.237319
14 56 0 8 0.234269
14 51 0 8 0.232662
29 91 0 8 0.232001
64 87 0 8 0.231458
70 90 0 8 0.230761
3 43 0 8 0.230424
9 68 0 8 0.230257
54 88 0 8 0.229851
37 53 0 8 0.228683
69 100 0 8 0.228510
42 47 0 8 0.228353
63 91 0 8 0.227906
24 67 0 8 0.227196
12 89 0 8 0.224416
67 75 0 8 0.224173
42 59 0 8 0.223603
66 71 0 8 0.223358
39 84 0 8 0.222762
34 74 0 8 0.222410
23 59 0 8 0.221612
9 31 0 8 0.221202
14 34 0 8 0.220690
2 21 0 8 0.218031
38 87 0 8 0.217456
2 95 0 8 0.217074
56 83 0 8 0.216832
13 18 0 8 0.216789
59 92 0 8 0.215617
31 90 0 8 0.215499
34 77 0 8 0.215328
11 91 0 8 0.214257
10 88 0 8 0.211650
37 51 0 8 0.211522
41 83 0 8 0.210194
15 49 0 8 0.208513
12 75 0 8 0.208495
5 50 0 8 0.208071
47 66 0 8 0.207858
12 68 0 8 0.207741
52 96 0 8 0.207148
44 79 0 8 0.206485
47 82 0 8 0.206094
3 74 0 8 0.205825
4 61 0 8 0.205813
78 87 0 8 0.204508
33 59 0 8 0.204502
17 91 0 8 0.204307
19 85 0 8 0.204069
47 85 0 8 0.203625
35 50 0 8 0.203374
23 57 0 8 0.203194
6 41 0 8 0.202757
58 78 0 8 0.202636
53 73 0 8 0.202415
23 56 0 8 0.198822
36 46 0 8 0.198526
3 41 0 8 0.198373
48 53 0 8 0.197520
24 99 0 8 0.196885
5 16 0 8 0.195886
24 95 0 8 0.195730
71 98 0 8 0.194508
26 70 0 8 0.194129
49 63 0 8 0.191811
18 97 0 8 0.191719
32 85 0 8 0.190366
10 33 0 8 0.190148
58 100 0 8 0.190020
94 100 0 8 0.188994
33 99 0 8 0.188975
5 96 0 8 0.188935
67 79 0 8 0.188796
49 54 0 8 0.188402
11 29 0 8 0.188373
3 66 0 8 0.188368
6 25 0 8 0.187599
61 90 0 8 0.187473
21 36 0 8 0.187108
36 74 0 8 0.186655
2 26 0 8 0.185705
2 48 0 8 0.184190
26 47 0 8 0.184037
44 80 0 8 0.183630
75 100 0 8 0.181634
46 84 0 8 0.181282
40 51 0 8 0.180887
13 73 0 8 0.180791
38 59 0 8 0.180218
46 71 0 8 0.179701
32 98 0 8 0.178241
31 43 0 8 0.177854
66 99 0 8 0.176880
20 97 0 8 0.176240
74 85 0 8 0.176170
10 98 0 8 0.175461
45 81 0 8 0.175460
31 70 0 8 0.175110
53 96 0 8 0.172223
57 100 0 8 0.171916
13 60 0 8 0.171550
50 70 0 8 0.170590
23 29 0 8 0.169387
37 71 0 8 0.169231
27 90 0 8 0.168365
45 83 0 8 0.168285
3 67 0 8 0.168038
22 41 0 8 0.165914
62 90 0 8 0.164353
18 32 0 8 0.164093
6 73 0 8 0.161139
58 68 0 8 0.160898
41 100 0 8 0.160363
50 82 0 8 0.160319
14 23 0 8 0.160182
25 60 0 8 0.157952
54 60 0 8 0.157686
9 83 0 8 0.157597
33 77 0 8 0.156495
16 96 0 8 0.155879
11 76 0 8 0.155607
2 64 0 8 0.155238
42 73 0 8 0.154660
47 67 0 8 0.154473
7 90 0 8 0.153879
38 86 0 8 0.152826
53 62 0 8 0.152750
23 50 0 8 0.151697
92 98 0 8 0.151394
56 72 0 8 0.149370
56 87 0 8 0.149347
11 100 0 8 0.149142
23 40 0 8 0.147069
77 89 0 8 0.146752
24 55 0 8 0.144912
9 64 0 8 0.144426
73 98 0 8 0.143943
19 30 0 8 0.143360
65 84 0 8 0.142853
53 100 0 8 0.142692
53 97 0 8 0.142632
10 56 0 8 0.140844
65 82 0 8 0.139911
12 29 0 8 0.137753
11 78 0 8 0.137281
52 64 0 8 0.136978
42 79 0 8 0.135083
36 94 0 8 0.134214
35 68 0 8 0.133926
57 96 0 8 0.133868
4 48 0 8 0.133605
18 23 0 8 0.133142
24 85 0 8 0.132895
14 77 0 8 0.132532
32 89 0 8 0.132529
9 93 0 8 0.132469
16 69 0 8 0.131965
14 61 0 8 0.131804
4 99 0 8 0.131449
48 63 0 8 0.130231
48 69 0 8 0.130030
27 95 0 8 0.129488
54 77 0 8 0.128611
62 91 0 8 0.128360
46 92 0 8 0.127554
19 29 0 8 0.127252
74 97 0 8 0.126868
12 24 0 8 0.125886
23 60 0 8 0.124503
8 21 0 8 0.123760
68 100 0 8 0.123685
57 62 0 8 0.122935
36 76 0 8 0.121770
37 54 0 8 0.121314
56 85 0 8 0.121071
4 58 0 8 0.120912
41 97 0 8 0.120830
7 14 0 8 0.119556
86 93 0 8 0.119029
13 76 0 8 0.119000
40 88 0 8 0.118178
62 99 0 8 0.117860
65 91 0 8 0.117492
23 99 0 8 0.117322
25 76 0 8 0.116191
55 96 0 8 0.115937
18 100 0 8 0.115665
88 93 0 8 0.115604
35 99 0 8 0.114586
22 58 0 8 0.114329
69 92 0 8 0.114027
7 100 0 8 0.113342
14 59 0 8 0.112712
39 64 0 8 0.111595
20 100 0 8 0.110940
17 97 0 8 0.109159
45 89 0 8 0.107234
55 89 0 8 0.106436
52 73 0 8 0.103678
40 83 0 8 0.101546
64 82 0 8 0.101175
52 60 0 8 0.100322
80 92 0 8 0.099328
54 83 0 8 0.098551
46 90 0 8 0.098549
79 98 0 8 0.098444
30 85 0 8 0.098268
41 49 0 8 0.097985
4 46 0 8 0.096915
39 91 0 8 0.096833
23 51 0 8 0.096458
81 88 0 8 0.095813
36 79 0 8 0.094751
11 59 0 8 0.093613
37 65 0 8 0.092717
39 65 0 8 0.092000
54 84 0 8 0.091356
46 88 0 8 0.090816
71 93 0 8 0.090765
27 78 0 8 0.090732
8 87 0 8 0.090590
3 16 0 8 0.089971
9 23 0 8 0.089723
7 21 0 8 0.088965
58 89 0 8 0.087985
3 11 0 8 0.087593
54 59 0 8 0.087447
16 64 0 8 0.086279
9 82 0 8 0.085708
2 50 0 8 0.084567
65 94 0 8 0.084363
51 90 0 8 0.084272
26 44 0 8 0.082591
48 71 0 8 0.082302
4 69 0 8 0.082001
89 94 0 8 0.081730
3 27 0 8 0.080933
4 52 0 8 0.080873
46 95 0 8 0.080073
11 93 0 8 0.079306
59 99 0 8 0.078431
72 83 0 8 0.078274
56 86 0 8 0.077644
5 11 0 8 0.077538
46 94 0 8 0.077431
39 100 0 8 0.077133
19 100 0 8 0.077128
53 84 0 8 0.076842
21 53 0 8 0.074800
12 66 0 8 0.074576
64 76 0 8 0.073409
63 78 0 8 0.071867
18 38 0 8 0.070858
36 96 0 8 0.069900
26 63 0 8 0.066557
29 100 0 8 0.066173
16 56 0 8 0.064920
29 69 0 8 0.063984
5 79 0 8 0.062561
42 74 0 8 0.062361
41 91 0 8 0.061600
43 53 0 8 0.061381
15 68 0 8 0.060478
59 74 0 8 0.059090
52 86 0 8 0.058535
56 90 0 8 0.058103
8 55 0 8 0.057747
54 69 0 8 0.057574
33 97 0 8 0.056473
56 81 0 8 0.055778
14 60 0 8 0.055300
48 95 0 8 0.053802
33 70 0 8 0.049380
10 28 0 8 0.046798
23 62 0 8 0.046704
51 91 0 8 0.046179
2 67 0 8 0.045063
7 78 0 8 0.044788
43 85 0 8 0.044666
30 49 0 8 0.044577
20 99 0 8 0.044575
16 44 0 8 0.044565
67 78 0 8 0.044525
24 43 0 8 0.043310
42 67 0 8 0.043192
25 69 0 8 0.042191
32 80 0 8 0.041279
4 30 0 8 0.040907
8 19 0 8 0.039635
43 82 0 8 0.037067
34 59 0 8 0.036336
68 91 0 8 0.035763
35 63 0 8 0.035639
50 78 0 8 0.035590
43 100 0 8 0.033399
46 100 0 8 0.033330
40 49 0 8 0.032738
33 98 0 8 0.032646
35 83 0 8 0.032112
32 97 0 8 0.031554
22 67 0 8 0.031239
82 97 0 8 0.029443
29 50 0 8 0.028994
17 61 0 8 0.027758
21 52 0 8 0.026335
59 79 0 8 0.026230
28 81 0 8 0.025485
76 95 0 8 0.025192
11 94 0 8 0.025163
75 99 0 8 0.023897
39 93 0 8 0.023676
22 35 0 8 0.023552
37 98 0 8 0.022557
13 43 0 8 0.022093
44 81 0 8 0.021948
32 94 0 8 0.021336
33 49 0 8 0.020890
2 11 0 8 0.018464
21 83 0 8 0.018375
47 68 0 8 0.017919
51 93 0 8 0.017659
22 70 0 8 0.017316
11 22 0 8 0.015672
11 61 0 8 0.013674
33 86 0 8 0.012958
44 56 0 8 0.012695
46 99 0 8 0.012458
60 68 0 8 0.011902
21 54 0 8 0.010834
50 77 0 8 0.010232
90 98 0 8 0.009242
22 45 0 8 0.008495
4 70 0 8 0.006444
30 44 0 8 0.005887
2 30 0 8 0.005726
4 18 0 8 0.005578
6 94 0 8 0.005221
85 91 0 8 0.004322
33 67 0 8 0.004148
45 53 0 8 0.003113
8 16 0 8 0.002669
76 89 0 8 0.000513
1 6 0 8 0.000000
1 7 0 8 0.000000
1 8 0 8 0.000000
1 9 0 8 0.000000
1 10 0 8 0.000000
1 11 0 8 0.000000
1 12 0 8 0.000000
1 13 0 8 0.000000
1 14 0 8 0.000000
1 15 0 8 0.000000
1 16 0 8 0.000000
1 17 0 8 0.000000
1 18 0 8 0.000000
1 19 0 8 0.000000
1 20 0 8 0.000000
1 21 0 8 0.000000
1 22 0 8 0.000000
1 23 0 8 0.000000
1 24 0 8 0.000000
1 25 0 8 0.000000
1 26 0 8 0.000000
1 27 0 8 0.000000
1 28 0 8 0.000000
1 29 0 8 0.000000
1 30 0 8 0.000000
1 31 0 8 0.000000
1 32 0 8 0.000000
1 33 0 8 0.000000
1 34 0 8 0.000000
1 35 0 8 0.000000
1 36 0 8 0.000000
1 37 0 8 0.000000
1 38 0 8 0.000000
1 39 0 8 0.000000
1 40 0 8 0.000000
1 41 0 8 0.000000
1 42 0 8 0.000000
1 43 0 8 0.000000
1 44 0 8 0.000000
1 45 0 8 0.000000
1 46 0 8 0.000000
1 47 0 8 0.000000
1 48 0 8 0.000000
1 49 0 8 0.000000
1 50 0 8 0.000000
1 51 0 8 0.000000
1 52 0 8 0.000000
1 53 0 8 0.000000
1 54 0 8 0.000000
1 55 0 8 0.000000
1 56 0 8 0.000000
1 57 0 8 0.000000
1 58 0 8 0.000000
1 59 0 8 0.000000
1 60 0 8 0.000000
1 61 0 8 0.000000
1 62 0 8 0.000000
1 63 0 8 0.000000
1 64 0 8 0.000000
1 65 0 8 0.000000
1 66 0 8 0.000000
1 67 0 8 0.000000
1 68 0 8 0.000000
1 69 0 8 0.000000
1 70 0 8 0.000000
1 71 0 8 0.000000
1 72 0 8 0.000000
1 73 0 8 0.000000
1 74 0 8 0.000000
1 75 0 8 0.000000
1 76 0 8 0.000000
1 77 0 8 0.000000
1 78 0 8 0.000000
1 79 0 8 0.000000
1 80 0 8 0.000000
1 81 0 8 0.000000
1 82 0 8 0.000000
1 83 0 8 0.000000
1 84 0 8 0.000000
1 85 0 8 0.000000
1 86 0 8 0.000000
1 87 0 8 0.000000
1 88 0 8 0.000000
1 89 0 8 0.000000
1 90 0 8 0.000000
1 91 0 8 0.000000
1 92 0 8 0.000000
1 93 0 8 0.000000
1 94 0 8 0.000000
1 95 0 8 0.000000
1 96 0 8 0.000000
1 97 0 8 0.000000
1 98 0 8 0.000000
1 99 0 8 0.000000
1 100 0 8 0.000000
1 101 0 8 0.000000
1 102 0 8 0.000000
1 103 0 8 0.000000
2 101 0 8 0.000000
2 102 0 8 0.000000
2 103 0 8 0.000000
3 101 0 8 0.000000
3 102 0 8 0.000000
3 103 0 8 0.000000
4 101 0 8 0.000000
4 102 0 8 0.000000
4 103 0 8 0.000000
5 101 0 8 0.000000
5 102 0 8 0.000000
5 103 0 8 0.000000
6 101 0 8 0.000000
6 102 0 8 0.000000
6 103 0 8 0.000000
7 101 0 8 0.000000
7 102 0 8 0.000000
7 103 0 8 0.000000
8 101 0 8 0.000000
8 102 0 8 0.000000
8 103 0 8 0.000000
9 101 0 8 0.000000
9 102 0 8 0.000000
9 103 0 8 0.000000
10 101 0 8 0.000000
10 102 0 8 0.000000
10 103 0 8 0.000000
11 101 0 8 0.000000
11 102 0 8 0.000000
11 103 0 8 0.000000
12 101 0 8 0.000000
12 102 0 8 0.000000
12 103 0 8 0.000000
13 101 0 8 0.000000
13 102 0 8 0.000000
13 103 0 8 0.000000
14 101 0 8 0.000000
14 102 0 8 0.000000
14 103 0 8 0.000000
15 101 0 8 0.000000
15 102 0 8 0.000000
15 103 0 8 0.000000
16 101 0 8 0.000000
16 102 0 8 0.000000
16 103 0 8 0.000000
17 101 0 8 0.000000
17 102 0 8 0.000000
17 103 0 8 0.000000
18 101 0 8 0.000000
18 102 0 8 0.000000
18 103 0 8 0.000000
19 101 0 8 0.000000
19 102 0 8 0.000000
19 103 0 8 0.000000
20 101 0 8 0.000000
20 102 0 8 0.000000
20 103 0 8 0.000000
21 101 0 8 0.000000
21 102 0 8 0.000000
21 103 0 8 0.000000
22 101 0 8 0.000000
22 102 0 8 0.000000
22 103 0 8 0.000000
23 101 0 8 0.000000
23 102 0 8 0.000000
23 103 0 8 0.000000
24 101 0 8 0.000000
24 102 0 8 0.000000
24 103 0 8 0.000000
25 101 0 8 0.000000
25 102 0 8 0.000000
25 103 0 8 0.000000
26 101 0 8 0.000000
26 102 0 8 0.000000
26 103 0 8 0.000000
27 101 0 8 0.000000
27 102 0 8 0.000000
27 103 0 8 0.000000
28 101 0 8 0.000000
28 102 0 8 0.000000
28 103 0 8 0.000000
29 101 0 8 0.000000
29 102 0 8 0.000000
29 103 0 8 0.000000
30 101 0 8 0.000000
30 102 0 8 0.000000
30 103 0 8 0.000000
31 101 0 8 0.000000
31 102 0 8 0.000000
31 103 0 8 0.000000
32 101 0 8 0.000000
32 102 0 8 0.000000
32 103 0 8 0.000000
33 101 0 8 0.000000
33 102 0 8 0.000000
33 103 0 8 0.000000
34 101 0 8 0.000000
34 102 0 8 0.000000
34 103 0 8 0.000000
35 101 0 8 0.000000
35 102 0 8 0.000000
35 103 0 8 0.000000
36 101 0 8 0.000000
36 102 0 8 0.000000
36 103 0 8 0.000000
37 101 0 8 0.000000
37 102 0 8 0.000000
37 103 0 8 0.000000
38 101 0 8 0.000000
38 102 0 8 0.000000
38 103 0 8 0.000000
39 101 0 8 0.000000
39 102 0 8 0.000000
39 103 0 8 0.000000
40 101 0 8 0.000000
40 102 0 8 0.000000
40 103 0 8 0.000000
41 101 0 8 0.000000
41 102 0 8 0.000000
41 103 0 8 0.000000
42 101 0 8 0.000000
42 102 0 8 0.000000
42 103 0 8 0.000000
43 101 0 8 0.000000
43 102 0 8 0.000000
43 103 0 8 0.000000
44 101 0 8 0.000000
44 102 0 8 0.000000
44 103 0 8 0.000000
45 101 0 8 0.000000
45 102 0 8 0.000000
45 103 0 8 0.000000
46 101 0 8 0.000000
46 102 0 8 0.000000
46 103 0 8 0.000000
47 101 0 8 0.000000
47 102 0 8 0.000000
47 103 0 8 0.000000
48 101 0 8 0.000000
48 102 0 8 0.000000
48 103 0 8 0.000000
49 101 0 8 0.000000
49 102 0 8 0.000000
49 103 0 8 0.000000
50 101 0 8 0.000000
50 102 0 8 0.000000
50 103 0 8 0.000000
51 101 0 8 0.000000
51 102 0 8 0.000000
51 103 0 8 0.000000
52 101 0 8 0.000000
52 102 0 8 0.000000
52 103 0 8 0.000000
53 101 0 8 0.000000
53 102 0 8 0.000000
53 103 0 8 0.000000
54 101 0 8 0.000000
54 102 0 8 0.000000
54 103 0 8 0.000000
55 101 0 8 0.000000
55 102 0 8 0.000000
55 103 0 8 0.000000
56 101 0 8 0.000000
56 102 0 8 0.000000
56 103 0 8 0.000000
57 101 0 8 0.000000
57 102 0 8 0.000000
57 103 0 8 0.000000
58 101 0 8 0.000000
58 102 0 8 0.000000
58 103 0 8 0.000000
59 101 0 8 0.000000
59 102 0 8 0.000000
59 103 0 8 0.000000
60 101 0 8 0.000000
60 102 0 8 0.000000
60 103 0 8 0.000000
61 101 0 8 0.000000
61 102 0 8 0.000000
61 103 0 8 0.000000
62 101 0 8 0.000000
62 102 0 8 0.000000
62 103 0 8 0.000000
63 101 0 8 0.000000
63 102 0 8 0.000000
63 103 0 8 0.000000
64 101 0 8 0.000000
64 102 0 8 0.000000
64 103 0 8 0.000000
65 101 0 8 0.000000
65 102 0 8 0.000000
65 103 0 8 0.000000
66 101 0 8 0.000000
66 102 0 8 0.000000
66 103 0 8 0.000000
67 101 0 8 0.000000
67 102 0 8 0.000000
67 103 0 8 0.000000
68 101 0 8 0.000000
68 102 0 8 0.000000
68 103 0 8 0.000000
69 101 0 8 0.000000
69 102 0 8 0.000000
69 103 0 8 0.000000
70 101 0 8 0.000000
70 102 0 8 0.000000
70 103 0 8 0.000000
71 101 0 8 0.000000
71 102 0 8 0.000000
71 103 0 8 0.000000
72 101 0 8 0.000000
72 102 0 8 0.000000
72 103 0 8 0.000000
73 101 0 8 0.000000
73 102 0 8 0.000000
73 103 0 8 0.000000
74 101 0 8 0.000000
74 102 0 8 0.000000
74 103 0 8 0.000000
75 101 0 8 0.000000
75 102 0 8 0.000000
75 103 0 8 0.000000
76 101 0 8 0.000000
76 102 0 8 0.000000
76 103 0 8 0.000000
77 101 0 8 0.000000
77 102 0 8 0.000000
77 103 0 8 0.000000
78 101 0 8 0.000000
78 102 0 8 0.000000
78 103 0 8 0.000000
79 101 0 8 0.000000
79 102 0 8 0.000000
79 103 0 8 0.000000
80 101 0 8 0.000000
80 102 0 8 0.000000
80 103 0 8 0.000000
81 101 0 8 0.000000
81 102 0 8 0.000000
81 103 0 8 0.000000
82 101 0 8 0.000000
82 102 0 8 0.000000
82 103 0 8 0.000000
83 101 0 8 0.000000
83 102 0 8 0.000000
83 103 0 8 0.000000
84 101 0 8 0.000000
84 102 0 8 0.000000
84 103 0 8 0.000000
85 101 0 8 0.000000
85 102 0 8 0.000000
85 103 0 8 0.000000
86 101 0 8 0.000000
86 102 0 8 0.000000
86 103 0 8 0.000000
87 101 0 8 0.000000
87 102 0 8 0.000000
87 103 0 8 0.000000
88 101 0 8 0.000000
88 102 0 8 0.000000
88 103 0 8 0.000000
89 101 0 8 0.000000
89 102 0 8 0.000000
89 103 0 8 0.000000
90 101 0 8 0.000000
90 102 0 8 0.000000
90 103 0 8 0.000000
91 101 0 8 0.000000
91 102 0 8 0.000000
91 103 0 8 0.000000
92 101 0 8 0.000000
92 102 0 8 0.000000
92 103 0 8 0.000000
93 101 0 8 0.000000
93 102 0 8 0.000000
93 103 0 8 0.000000
94 101 0 8 0.000000
94 102 0 8 0.000000
94 103 0 8 0.000000
95 101 0 8 0.000000
95 102 0 8 0.000000
95 103 0 8 0.000000
96 101 0 8 0.000000
96 102 0 8 0.000000
96 103 0 8 0.000000
97 102 0 8 0.000000
97 103 0 8 0.000000
98 103 0 8 0.000000
64 88 0 8 -0.000382
23 30 0 8 -0.001293
9 85 0 8 -0.001743
6 72 0 8 -0.002187
51 83 0 8 -0.002750
13 33 0 8 -0.004226
5 23 0 8 -0.004782
15 71 0 8 -0.005229
36 48 0 8 -0.005532
24 41 0 8 -0.006041
68 80 0 8 -0.008087
2 73 0 8 -0.008567
39 46 0 8 -0.008735
74 79 0 8 -0.008739
59 67 0 8 -0.008782
63 71 0 8 -0.008898
39 57 0 8 -0.010652
10 64 0 8 -0.012459
3 34 0 8 -0.012923
2 92 0 8 -0.014435
34 39 0 8 -0.014809
23 86 0 8 -0.014827
35 42 0 8 -0.014962
2 61 0 8 -0.017684
26 100 0 8 -0.018133
24 32 0 8 -0.019338
78 97 0 8 -0.020467
20 26 0 8 -0.021357
14 94 0 8 -0.021408
4 39 0 8 -0.022401
19 81 0 8 -0.023309
2 63 0 8 -0.023606
33 96 0 8 -0.023740
40 85 0 8 -0.023970
10 37 0 8 -0.024361
9 20 0 8 -0.025018
71 97 0 8 -0.025957
75 80 0 8 -0.026063
16 58 0 8 -0.027352
42 83 0 8 -0.028767
4 79 0 8 -0.029109
71 89 0 8 -0.029330
48 97 0 8 -0.029770
8 23 0 8 -0.031086
31 95 0 8 -0.031124
22 86 0 8 -0.031227
10 22 0 8 -0.031488
9 25 0 8 -0.033160
76 96 0 8 -0.036274
74 91 0 8 -0.036667
36 93 0 8 -0.036919
58 80 0 8 -0.037742
25 89 0 8 -0.038272
47 100 0 8 -0.038443
21 46 0 8 -0.038733
10 29 0 8 -0.038759
42 88 0 8 -0.038769
89 96 0 8 -0.040081
2 100 0 8 -0.040327
46 83 0 8 -0.041666
18 65 0 8 -0.042465
43 56 0 8 -0.043303
40 75 0 8 -0.043513
25 33 0 8 -0.044103
46 64 0 8 -0.045313
38 83 0 8 -0.047224
60 93 0 8 -0.047310
44 88 0 8 -0.049293
22 44 0 8 -0.049693
2 47 0 8 -0.049855
41 50 0 8 -0.052678
67 93 0 8 -0.053025
9 46 0 8 -0.053055
36 100 0 8 -0.053064
13 45 0 8 -0.053652
8 34 0 8 -0.053935
31 94 0 8 -0.054076
11 17 0 8 -0.054164
13 74 0 8 -0.054464
4 56 0 8 -0.054466
53 79 0 8 -0.055025
11 92 0 8 -0.055365
51 56 0 8 -0.055399
8 27 0 8 -0.055617
30 62 0 8 -0.056270
4 80 0 8 -0.057815
18 89 0 8 -0.057826
2 44 0 8 -0.059027
5 42 0 8 -0.059743
55 100 0 8 -0.061231
8 82 0 8 -0.062340
73 81 0 8 -0.062457
56 91 0 8 -0.063364
13 27 0 8 -0.063683
50 100 0 8 -0.063856
4 22 0 8 -0.064951
5 95 0 8 -0.064953
49 64 0 8 -0.065865
21 29 0 8 -0.066421
11 34 0 8 -0.066441
50 71 0 8 -0.067114
22 48 0 8 -0.067324
13 58 0 8 -0.068671
7 50 0 8 -0.069744
56 100 0 8 -0.069961
8 70 0 8 -0.070673
72 97 0 8 -0.072928
23 100 0 8 -0.073504
35 82 0 8 -0.073585
25 35 0 8 -0.073618
82 94 0 8 -0.075347
44 77 0 8 -0.075626
11 23 0 8 -0.075965
58 99 0 8 -0.076664
25 95 0 8 -0.077210
21 41 0 8 -0.079367
2 84 0 8 -0.079823
72 98 0 8 -0.080398
16 47 0 8 -0.081265
7 64 0 8 -0.081830
8 100 0 8 -0.081881
56 98 0 8 -0.082103
37 94 0 8 -0.082779
3 94 0 8 -0.083318
34 53 0 8 -0.083436
63 92 0 8 -0.083880
8 88 0 8 -0.084765
18 56 0 8 -0.084898
35 59 0 8 -0.085012
64 95 0 8 -0.085445
2 87 0 8 -0.085472
50 76 0 8 -0.086662
43 63 0 8 -0.087884
35 72 0 8 -0.087931
3 99 0 8 -0.088498
67 77 0 8 -0.089378
8 67 0 8 -0.089472
43 61 0 8 -0.089590
83 96 0 8 -0.090266
11 99 0 8 -0.090855
54 73 0 8 -0.091364
57 73 0 8 -0.092376
23 54 0 8 -0.092577
34 55 0 8 -0.093170
21 98 0 8 -0.093445
79 95 0 8 -0.095380
66 75 0 8 -0.095707
8 38 0 8 -0.096351
2 99 0 8 -0.096513
46 81 0 8 -0.097305
7 84 0 8 -0.098523
28 72 0 8 -0.098609
10 36 0 8 -0.099310
21 84 0 8 -0.099942
7 98 0 8 -0.100902
83 100 0 8 -0.102870
25 82 0 8 -0.103053
5 59 0 8 -0.103441
50 96 0 8 -0.103851
43 87 0 8 -0.104100
14 69 0 8 -0.104686
3 58 0 8 -0.105248
56 65 0 8 -0.105438
52 81 0 8 -0.106118
6 33 0 8 -0.106819
14 40 0 8 -0.106879
54 95 0 8 -0.107721
50 97 0 8 -0.108346
45 66 0 8 -0.108346
27 36 0 8 -0.108618
11 24 0 8 -0.108879
66 80 0 8 -0.109222
80 88 0 8 -0.109557
33 91 0 8 -0.109834
59 73 0 8 -0.110280
30 100 0 8 -0.110718
43 54 0 8 -0.110774
89 97 0 8 -0.111592
8 75 0 8 -0.112010
13 84 0 8 -0.112308
9 35 0 8 -0.113298
73 99 0 8 -0.114292
66 90 0 8 -0.115468
30 74 0 8 -0.115976
60 82 0 8 -0.116284
49 56 0 8 -0.116394
13 54 0 8 -0.117440
27 59 0 8 -0.118504
36 66 0 8 -0.119044
34 48 0 8 -0.119437
27 47 0 8 -0.120170
5 75 0 8 -0.122931
58 97 0 8 -0.123219
2 38 0 8 -0.123583
8 30 0 8 -0.123731
56 89 0 8 -0.123748
29 40 0 8 -0.124140
64 91 0 8 -0.125171
80 100 0 8 -0.126704
21 63 0 8 -0.126763
11 62 0 8 -0.128386
22 55 0 8 -0.128605
25 56 0 8 -0.128801
53 68 0 8 -0.129648
64 77 0 8 -0.130989
31 66 0 8 -0.131630
36 85 0 8 -0.131640
32 65 0 8 -0.133085
4 84 0 8 -0.133340
14 50 0 8 -0.134762
34 94 0 8 -0.135357
10 89 0 8 -0.135999
11 51 0 8 -0.136245
2 72 0 8 -0.138134
28 36 0 8 -0.138603
50 69 0 8 -0.138911
5 99 0 8 -0.139302
61 92 0 8 -0.140679
7 56 0 8 -0.140737
23 95 0 8 -0.140855
55 78 0 8 -0.141387
35 90 0 8 -0.141553
25 100 0 8 -0.142277
9 55 0 8 -0.142851
17 22 0 8 -0.142885
2 56 0 8 -0.142900
9 44 0 8 -0.143093
27 87 0 8 -0.144369
61 96 0 8 -0.144437
20 77 0 8 -0.145402
45 59 0 8 -0.145469
3 95 0 8 -0.146274
54 91 0 8 -0.146709
50 81 0 8 -0.146769
2 15 0 8 -0.147844
36 60 0 8 -0.148976
22 50 0 8 -0.149486
44 50 0 8 -0.151229
65 88 0 8 -0.151668
11 45 0 8 -0.152200
23 32 0 8 -0.152254
60 92 0 8 -0.152579
22 56 0 8 -0.155418
14 54 0 8 -0.155423
31 74 0 8 -0.155493
19 27 0 8 -0.156198
5 78 0 8 -0.156751
42 48 0 8 -0.157403
3 26 0 8 -0.157830
48 93 0 8 -0.158438
17 56 0 8 -0.158485
31 51 0 8 -0.159045
76 88 0 8 -0.159725
2 16 0 8 -0.160566
85 94 0 8 -0.161420
45 86 0 8 -0.161544
43 62 0 8 -0.162136
15 81 0 8 -0.162199
14 100 0 8 -0.162707
7 81 0 8 -0.165311
36 41 0 8 -0.166469
57 91 0 8 -0.168311
64 78 0 8 -0.168952
22 85 0 8 -0.169044
42 100 0 8 -0.170567
42 78 0 8 -0.170811
26 86 0 8 -0.170871
74 84 0 8 -0.171533
25 64 0 8 -0.171843
22 76 0 8 -0.172482
28 100 0 8 -0.173063
72 100 0 8 -0.173268
39 88 0 8 -0.173287
13 53 0 8 -0.173753
69 99 0 8 -0.174007
20 79 0 8 -0.174179
14 91 0 8 -0.174403
60 100 0 8 -0.175461
3 14 0 8 -0.178612
11 20 0 8 -0.179747
38 56 0 8 -0.180163
38 94 0 8 -0.181938
42 96 0 8 -0.181996
27 32 0 8 -0.182220
30 96 0 8 -0.183929
12 74 0 8 -0.184388
45 58 0 8 -0.184608
15 84 0 8 -0.184799
88 99 0 8 -0.184907
16 72 0 8 -0.185849
44 55 0 8 -0.186382
4 40 0 8 -0.187577
5 56 0 8 -0.187686
57 95 0 8 -0.187803
17 79 0 8 -0.188340
77 100 0 8 -0.188387
33 94 0 8 -0.189881
4 51 0 8 -0.192579
42 80 0 8 -0.192596
26 58 0 8 -0.192947
60 95 0 8 -0.194252
82 100 0 8 -0.194635
41 52 0 8 -0.195193
19 97 0 8 -0.196894
14 87 0 8 -0.197006
70 92 0 8 -0.197126
11 52 0 8 -0.197371
73 100 0 8 -0.197436
15 51 0 8 -0.197459
3 56 0 8 -0.197615
70 86 0 8 -0.199432
81 94 0 8 -0.199514
88 100 0 8 -0.200375
29 68 0 8 -0.200741
21 66 0 8 -0.200835
27 69 0 8 -0.200948
23 98 0 8 -0.201262
8 24 0 8 -0.202199
24 77 0 8 -0.203160
22 88 0 8 -0.203262
4 29 0 8 -0.203477
2 60 0 8 -0.203725
31 75 0 8 -0.204226
13 79 0 8 -0.204656
19 99 0 8 -0.205575
9 92 0 8 -0.206891
38 90 0 8 -0.207684
56 99 0 8 -0.208112
57 80 0 8 -0.208886
57 75 0 8 -0.209412
33 74 0 8 -0.209804
36 81 0 8 -0.209960
47 97 0 8 -0.210142
21 100 0 8 -0.210447
2 79 0 8 -0.211018
12 40 0 8 -0.211224
28 45 0 8 -0.212628
2 55 0 8 -0.213096
19 71 0 8 -0.213555
12 56 0 8 -0.214948
34 56 0 8 -0.215076
31 41 0 8 -0.215591
15 64 0 8 -0.216214
66 96 0 8 -0.219933
8 85 0 8 -0.220294
39 97 0 8 -0.220593
23 33 0 8 -0.222353
25 66 0 8 -0.222480
2 25 0 8 -0.222821
9 81 0 8 -0.222995
6 75 0 8 -0.223603
21 28 0 8 -0.225272
34 65 0 8 -0.225366
38 55 0 8 -0.225415
92 97 0 8 -0.225425
69 88 0 8 -0.225730
16 29 0 8 -0.226543
11 60 0 8 -0.226556
23 92 0 8 -0.227337
11 54 0 8 -0.227552
31 96 0 8 -0.227858
16 43 0 8 -0.229137
4 19 0 8 -0.230436
30 40 0 8 -0.230979
54 87 0 8 -0.231622
24 98 0 8 -0.232006
24 62 0 8 -0.232076
23 70 0 8 -0.233661
34 95 0 8 -0.233759
13 62 0 8 -0.234243
17 59 0 8 -0.235044
10 44 0 8 -0.236184
73 90 0 8 -0.236375
90 97 0 8 -0.236992
22 75 0 8 -0.237310
20 73 0 8 -0.237737
11 83 0 8 -0.238041
26 56 0 8 -0.238230
78 83 0 8 -0.238411
20 42 0 8 -0.239293
8 31 0 8 -0.239869
35 86 0 8 -0.240343
11 77 0 8 -0.241212
35 74 0 8 -0.241298
16 83 0 8 -0.242388
8 52 0 8 -0.243545
25 75 0 8 -0.243991
34 49 0 8 -0.244602
11 48 0 8 -0.245247
79 92 0 8 -0.246007
4 81 0 8 -0.246157
71 85 0 8 -0.246414
57 82 0 8 -0.246802
67 82 0 8 -0.246845
48 80 0 8 -0.247354
11 79 0 8 -0.247483
8 76 0 8 -0.247755
3 69 0 8 -0.248155
13 100 0 8 -0.248191
3 77 0 8 -0.250484
16 89 0 8 -0.250491
12 31 0 8 -0.251525
6 50 0 8 -0.251625
20 86 0 8 -0.252541
63 76 0 8 -0.252671
22 81 0 8 -0.253035
8 99 0 8 -0.253151
78 100 0 8 -0.253871
8 93 0 8 -0.254224
51 99 0 8 -0.254558
8 37 0 8 -0.254616
50 61 0 8 -0.254699
7 26 0 8 -0.256288
2 43 0 8 -0.256480
13 65 0 8 -0.256719
47 76 0 8 -0.257576
3 91 0 8 -0.257768
36 51 0 8 -0.258062
19 49 0 8 -0.258205
9 71 0 8 -0.258249
11 71 0 8 -0.258283
8 33 0 8 -0.258938
69 78 0 8 -0.260107
17 80 0 8 -0.260714
45 57 0 8 -0.261399
42 95 0 8 -0.262381
82 92 0 8 -0.262418
91 100 0 8 -0.264645
72 99 0 8 -0.264979
18 43 0 8 -0.265033
48 90 0 8 -0.265817
7 73 0 8 -0.266012
3 85 0 8 -0.266266
45 54 0 8 -0.266373
20 48 0 8 -0.266732
13 32 0 8 -0.266885
19 47 0 8 -0.267511
30 47 0 8 -0.268385
40 54 0 8 -0.268612
3 53 0 8 -0.270257
10 66 0 8 -0.270399
12 63 0 8 -0.270414
8 26 0 8 -0.270836
50 92 0 8 -0.271175
60 91 0 8 -0.271317
14 99 0 8 -0.271533
8 91 0 8 -0.271929
8 66 0 8 -0.272457
31 79 0 8 -0.272706
73 86 0 8 -0.273091
6 100 0 8 -0.273377
31 50 0 8 -0.273907
8 94 0 8 -0.274116
2 22 0 8 -0.274555
8 74 0 8 -0.274868
27 56 0 8 -0.275745
41 64 0 8 -0.276662
21 51 0 8 -0.277752
47 77 0 8 -0.278415
50 95 0 8 -0.279148
17 53 0 8 -0.279283
47 57 0 8 -0.279744
2 69 0 8 -0.280949
64 89 0 8 -0.281230
8 47 0 8 -0.282545
11 32 0 8 -0.284076
33 100 0 8 -0.284228
36 99 0 8 -0.284586
9 67 0 8 -0.284588
44 69 0 8 -0.284649
17 41 0 8 -0.284715
35 92 0 8 -0.284739
17 100 0 8 -0.285194
11 25 0 8 -0.287759
34 54 0 8 -0.288407
18 88 0 8 -0.288541
20 40 0 8 -0.288696
28 82 0 8 -0.289716
4 12 0 8 -0.289787
60 75 0 8 -0.289955
67 95 0 8 -0.290962
70 100 0 8 -0.291095
92 100 0 8 -0.291332
19 74 0 8 -0.292168
24 86 0 8 -0.292292
33 42 0 8 -0.292618
87 93 0 8 -0.292806
65 73 0 8 -0.293482
3 64 0 8 -0.296415
33 73 0 8 -0.296814
8 71 0 8 -0.297201
25 46 0 8 -0.298276
35 95 0 8 -0.298455
13 51 0 8 -0.298609
57 86 0 8 -0.298732
36 58 0 8 -0.298921
45 97 0 8 -0.301282
61 100 0 8 -0.301854
2 68 0 8 -0.301956
16 26 0 8 -0.302570
43 76 0 8 -0.304226
63 96 0 8 -0.304888
10 50 0 8 -0.304949
65 86 0 8 -0.305224
15 26 0 8 -0.305709
48 100 0 8 -0.305898
62 93 0 8 -0.307584
9 69 0 8 -0.307816
38 54 0 8 -0.308256
5 58 0 8 -0.308408
8 97 0 8 -0.308742
12 81 0 8 -0.308914
2 40 0 8 -0.309118
3 100 0 8 -0.310655
19 43 0 8 -0.311580
32 100 0 8 -0.312005
56 94 0 8 -0.312051
35 65 0 8 -0.312320
17 63 0 8 -0.312701
19 56 0 8 -0.313189
68 99 0 8 -0.313677
38 88 0 8 -0.314398
34 64 0 8 -0.315244
72 96 0 8 -0.315319
15 63 0 8 -0.315649
58 93 0 8 -0.316923
45 95 0 8 -0.317142
6 28 0 8 -0.317779
38 96 0 8 -0.318081
7 58 0 8 -0.318740
35 54 0 8 -0.318761
36 92 0 8 -0.319952
25 77 0 8 -0.322375
10 21 0 8 -0.322763
94 99 0 8 -0.322800
50 74 0 8 -0.322929
58 96 0 8 -0.323207
2 82 0 8 -0.323864
25 57 0 8 -0.324738
73 80 0 8 -0.324765
2 74 0 8 -0.324774
15 47 0 8 -0.325115
22 80 0 8 -0.326531
29 76 0 8 -0.326556
16 100 0 8 -0.327018
38 99 0 8 -0.328248
26 59 0 8 -0.329200
22 42 0 8 -0.329221
24 100 0 8 -0.329504
71 99 0 8 -0.329668
62 92 0 8 -0.332574
11 63 0 8 -0.333270
34 99 0 8 -0.333357
15 100 0 8 -0.333632
46 82 0 8 -0.333632
56 97 0 8 -0.333712
54 100 0 8 -0.333982
60 94 0 8 -0.334608
72 81 0 8 -0.334838
41 65 0 8 -0.334900
20 41 0 8 -0.335229
4 50 0 8 -0.335651
53 98 0 8 -0.335732
7 99 0 8 -0.335932
44 75 0 8 -0.336526
14 86 0 8 -0.336754
2 14 0 8 -0.337592
15 24 0 8 -0.338875
22 31 0 8 -0.340117
25 67 0 8 -0.341184
26 75 0 8 -0.341349
32 81 0 8 -0.342478
74 100 0 8 -0.342879
23 84 0 8 -0.345374
11 38 0 8 -0.346040
77 87 0 8 -0.346105
20 31 0 8 -0.346449
93 100 0 8 -0.347426
8 48 0 8 -0.347979
16 30 0 8 -0.348352
87 100 0 8 -0.348680
20 28 0 8 -0.349058
5 14 0 8 -0.349485
11 47 0 8 -0.350076
63 100 0 8 -0.350481
44 90 0 8 -0.350618
7 82 0 8 -0.351322
70 88 0 8 -0.351712
55 60 0 8 -0.352113
37 86 0 8 -0.352689
4 76 0 8 -0.352823
83 95 0 8 -0.352838
36 47 0 8 -0.353506
20 57 0 8 -0.353898
7 15 0 8 -0.353939
58 92 0 8 -0.354037
35 98 0 8 -0.355003
11 35 0 8 -0.355289
33 90 0 8 -0.355949
28 34 0 8 -0.356566
20 56 0 8 -0.356984
29 57 0 8 -0.357754
5 53 0 8 -0.359529
29 86 0 8 -0.360483
30 54 0 8 -0.360571
3 25 0 8 -0.360575
42 64 0 8 -0.360982
33 88 0 8 -0.361729
8 77 0 8 -0.361780
58 76 0 8 -0.362368
36 97 0 8 -0.362570
36 91 0 8 -0.362648
4 75 0 8 -0.363468
11 43 0 8 -0.363853
50 57 0 8 -0.363892
47 93 0 8 -0.364095
70 94 0 8 -0.365161
79 91 0 8 -0.365524
20 70 0 8 -0.366804
23 36 0 8 -0.367474
18 49 0 8 -0.368660
11 89 0 8 -0.369809
5 100 0 8 -0.369815
43 88 0 8 -0.369961
83 91 0 8 -0.370699
50 91 0 8 -0.370796
41 81 0 8 -0.371020
5 19 0 8 -0.371270
10 20 0 8 -0.371594
3 52 0 8 -0.371657
31 54 0 8 -0.371798
52 100 0 8 -0.372015
66 95 0 8 -0.372082
61 77 0 8 -0.372086
8 32 0 8 -0.372246
36 62 0 8 -0.372400
31 80 0 8 -0.372687
17 26 0 8 -0.372745
11 26 0 8 -0.372756
82 91 0 8 -0.372819
32 73 0 8 -0.372836
51 73 0 8 -0.373073
24 57 0 8 -0.373450
36 72 0 8 -0.373522
7 89 0 8 -0.373841
27 46 0 8 -0.373968
20 75 0 8 -0.374739
20 33 0 8 -0.375336
25 47 0 8 -0.375742
18 90 0 8 -0.376844
66 88 0 8 -0.376884
38 89 0 8 -0.377317
5 17 0 8 -0.377390
40 50 0 8 -0.378068
11 44 0 8 -0.378559
32 56 0 8 -0.378755
5 73 0 8 -0.379523
50 63 0 8 -0.379757
86 99 0 8 -0.380556
11 58 0 8 -0.380888
52 95 0 8 -0.381389
25 70 0 8 -0.382047
33 54 0 8 -0.382163
2 81 0 8 -0.382275
40 46 0 8 -0.382453
44 78 0 8 -0.382561
41 76 0 8 -0.382637
6 40 0 8 -0.384104
14 27 0 8 -0.384215
8 60 0 8 -0.384861
8 44 0 8 -0.384974
11 21 0 8 -0.385414
24 79 0 8 -0.385449
62 77 0 8 -0.386280
56 96 0 8 -0.387698
9 56 0 8 -0.388222
76 100 0 8 -0.388664
33 57 0 8 -0.388845
25 43 0 8 -0.391587
34 44 0 8 -0.391957
41 98 0 8 -0.392923
38 69 0 8 -0.393140
8 98 0 8 -0.393340
56 67 0 8 -0.393629
30 38 0 8 -0.394201
57 89 0 8 -0.394221
29 80 0 8 -0.394474
57 87 0 8 -0.395296
24 39 0 8 -0.395450
2 78 0 8 -0.396150
37 100 0 8 -0.398429
18 51 0 8 -0.398699
36 67 0 8 -0.399641
22 74 0 8 -0.399961
40 82 0 8 -0.400346
25 92 0 8 -0.400936
8 86 0 8 -0.401091
48 64 0 8 -0.401345
48 98 0 8 -0.402057
34 85 0 8 -0.402070
68 90 0 8 -0.402277
40 53 0 8 -0.404220
63 93 0 8 -0.404315
3 59 0 8 -0.405445
45 56 0 8 -0.406408
34 70 0 8 -0.406789
11 30 0 8 -0.406986
13 99 0 8 -0.407423
32 63 0 8 -0.408682
31 81 0 8 -0.408925
3 13 0 8 -0.410487
11 31 0 8 -0.410662
37 48 0 8 -0.411959
20 65 0 8 -0.412860
84 95 0 8 -0.413592
48 91 0 8 -0.413662
28 33 0 8 -0.414041
62 100 0 8 -0.414712
66 100 0 8 -0.415072
53 74 0 8 -0.415153
21 85 0 8 -0.415780
10 95 0 8 -0.415851
87 96 0 8 -0.416042
27 76 0 8 -0.416458
2 57 0 8 -0.416880
75 86 0 8 -0.417612
14 25 0 8 -0.418062
9 50 0 8 -0.420578
74 88 0 8 -0.421124
36 49 0 8 -0.422181
8 40 0 8 -0.423104
81 91 0 8 -0.423217
26 91 0 8 -0.423292
10 74 0 8 -0.423375
32 50 0 8 -0.424290
32 83 0 8 -0.424419
5 77 0 8 -0.425390
9 33 0 8 -0.425987
7 67 0 8 -0.427071
66 84 0 8 -0.427222
30 65 0 8 -0.427445
35 64 0 8 -0.427483
3 36 0 8 -0.428015
20 62 0 8 -0.428066
24 52 0 8 -0.428208
45 74 0 8 -0.428825
79 86 0 8 -0.429224
2 20 0 8 -0.429609
56 80 0 8 -0.430084
20 45 0 8 -0.430711
56 71 0 8 -0.430893
2 94 0 8 -0.431591
18 25 0 8 -0.431723
42 77 0 8 -0.432608
29 66 0 8 -0.433273
64 73 0 8 -0.433950
2 59 0 8 -0.434526
34 98 0 8 -0.435054
38 100 0 8 -0.435113
84 92 0 8 -0.435681
49 62 0 8 -0.435834
43 52 0 8 -0.437079
90 100 0 8 -0.437404
44 82 0 8 -0.437493
69 79 0 8 -0.437856
22 91 0 8 -0.438157
6 91 0 8 -0.438422
37 55 0 8 -0.438839
8 54 0 8 -0.439777
56 79 0 8 -0.440278
30 36 0 8 -0.440547
4 68 0 8 -0.440691
19 79 0 8 -0.441702
26 64 0 8 -0.442490
41 67 0 8 -0.443898
49 80 0 8 -0.444253
3 19 0 8 -0.444596
64 79 0 8 -0.444606
8 73 0 8 -0.445173
30 56 0 8 -0.445462
13 88 0 8 -0.445971
29 56 0 8 -0.447049
15 93 0 8 -0.447286
17 65 0 8 -0.447329
11 86 0 8 -0.447522
37 80 0 8 -0.447651
56 88 0 8 -0.447755
11 97 0 8 -0.448550
13 63 0 8 -0.449270
21 80 0 8 -0.449678
63 97 0 8 -0.449831
8 22 0 8 -0.453853
73 95 0 8 -0.454397
65 85 0 8 -0.454704
28 53 0 8 -0.454740
22 34 0 8 -0.454890
19 48 0 8 -0.456107
6 57 0 8 -0.457676
19 70 0 8 -0.458501
91 99 0 8 -0.458540
55 62 0 8 -0.461131
20 50 0 8 -0.461522
51 74 0 8 -0.462032
7 20 0 8 -0.462630
65 93 0 8 -0.463216
23 34 0 8 -0.463868
58 88 0 8 -0.464190
8 62 0 8 -0.465037
72 82 0 8 -0.465210
8 83 0 8 -0.465750
54 86 0 8 -0.469371
27 52 0 8 -0.469556
31 40 0 8 -0.469668
56 63 0 8 -0.469687
20 96 0 8 -0.469787
40 56 0 8 -0.471722
32 69 0 8 -0.472026
11 98 0 8 -0.472078
57 97 0 8 -0.472145
25 98 0 8 -0.473086
3 93 0 8 -0.473861
4 17 0 8 -0.474435
2 13 0 8 -0.475143
12 100 0 8 -0.475226
38 98 0 8 -0.475420
5 54 0 8 -0.477482
38 77 0 8 -0.477565
20 78 0 8 -0.477942
75 82 0 8 -0.479957
40 99 0 8 -0.480076
15 78 0 8 -0.480316
40 81 0 8 -0.480541
29 42 0 8 -0.481063
27 83 0 8 -0.482829
53 71 0 8 -0.483803
19 58 0 8 -0.484441
52 67 0 8 -0.484487
2 76 0 8 -0.484957
22 100 0 8 -0.485439
14 46 0 8 -0.485458
9 87 0 8 -0.486364
31 56 0 8 -0.487262
2 53 0 8 -0.488864
56 95 0 8 -0.489243
5 55 0 8 -0.490825
34 93 0 8 -0.491156
53 63 0 8 -0.494098
85 100 0 8 -0.495592
18 96 0 8 -0.496490
34 75 0 8 -0.496498
6 68 0 8 -0.496837
8 96 0 8 -0.497756
47 56 0 8 -0.498839
2 27 0 8 -0.498862
50 99 0 8 -0.498963
16 97 0 8 -0.499859
25 78 0 8 -0.500040
27 77 0 8 -0.500633
6 44 0 8 -0.500881
69 76 0 8 -0.502465
42 56 0 8 -0.502918
53 94 0 8 -0.504462
30 93 0 8 -0.505626
38 76 0 8 -0.507509
2 36 0 8 -0.507632
7 85 0 8 -0.508412
22 53 0 8 -0.508676
11 80 0 8 -0.509239
28 58 0 8 -0.509610
11 74 0 8 -0.509657
8 90 0 8 -0.511587
8 59 0 8 -0.512150
36 65 0 8 -0.512376
24 65 0 8 -0.513017
73 96 0 8 -0.513673
16 82 0 8 -0.514637
28 68 0 8 -0.514803
56 92 0 8 -0.515317
39 50 0 8 -0.515452
2 39 0 8 -0.515613
56 68 0 8 -0.516722
18 64 0 8 -0.517179
11 73 0 8 -0.518658
61 99 0 8 -0.519041
74 87 0 8 -0.521851
56 76 0 8 -0.522090
20 71 0 8 -0.522502
35 56 0 8 -0.522906
81 100 0 8 -0.524115
67 96 0 8 -0.524815
41 53 0 8 -0.524858
45 87 0 8 -0.525372
76 91 0 8 -0.526264
19 87 0 8 -0.526300
16 49 0 8 -0.526779
77 97 0 8 -0.526800
3 62 0 8 -0.526953
3 83 0 8 -0.526998
29 72 0 8 -0.527143
13 90 0 8 -0.527705
28 94 0 8 -0.528216
73 83 0 8 -0.528686
14 41 0 8 -0.529473
79 88 0 8 -0.530390
49 99 0 8 -0.530886
41 86 0 8 -0.531693
79 96 0 8 -0.532314
12 87 0 8 -0.532627
8 69 0 8 -0.532630
71 91 0 8 -0.533855
15 90 0 8 -0.534021
38 97 0 8 -0.535278
47 60 0 8 -0.535388
23 66 0 8 -0.535630
25 99 0 8 -0.538093
25 39 0 8 -0.538370
13 50 0 8 -0.538588
12 50 0 8 -0.539860
15 91 0 8 -0.540044
46 54 0 8 -0.540366
28 91 0 8 -0.540527
9 70 0 8 -0.541580
36 82 0 8 -0.542954
3 50 0 8 -0.543378
41 56 0 8 -0.543602
10 27 0 8 -0.544522
49 96 0 8 -0.545437
4 74 0 8 -0.546039
57 65 0 8 -0.546353
11 85 0 8 -0.546808
27 99 0 8 -0.548052
83 93 0 8 -0.548302
57 90 0 8 -0.548374
19 57 0 8 -0.548418
7 63 0 8 -0.549128
2 66 0 8 -0.549727
11 68 0 8 -0.549760
34 79 0 8 -0.551331
6 18 0 8 -0.552140
11 42 0 8 -0.554965
8 68 0 8 -0.555200
75 87 0 8 -0.556199
33 56 0 8 -0.557033
72 77 0 8 -0.557169
53 67 0 8 -0.557396
18 86 0 8 -0.557968
49 90 0 8 -0.558108
37 97 0 8 -0.559038
21 42 0 8 -0.560167
11 46 0 8 -0.561661
58 81 0 8 -0.561987
8 41 0 8 -0.562123
11 88 0 8 -0.562180
8 51 0 8 -0.562242
82 88 0 8 -0.564862
77 98 0 8 -0.565460
56 70 0 8 -0.565581
2 70 0 8 -0.566390
44 52 0 8 -0.567509
82 99 0 8 -0.569384
30 88 0 8 -0.570096
5 43 0 8 -0.570112
37 99 0 8 -0.570749
46 97 0 8 -0.571261
51 79 0 8 -0.572370
8 95 0 8 -0.572599
33 72 0 8 -0.573066
20 46 0 8 -0.573174
11 72 0 8 -0.574993
2 34 0 8 -0.575946
37 56 0 8 -0.575963
69 96 0 8 -0.576104
56 93 0 8 -0.576401
2 96 0 8 -0.577934
44 58 0 8 -0.578157
8 58 0 8 -0.578424
48 55 0 8 -0.579203
16 66 0 8 -0.579266
14 29 0 8 -0.580297
10 31 0 8 -0.580345
14 96 0 8 -0.581507
46 75 0 8 -0.581613
8 46 0 8 -0.581926
20 91 0 8 -0.582669
4 36 0 8 -0.582812
11 95 0 8 -0.583294
2 54 0 8 -0.584208
38 61 0 8 -0.584571
8 84 0 8 -0.585049
64 90 0 8 -0.585228
32 43 0 8 -0.585271
56 78 0 8 -0.585842
22 65 0 8 -0.586100
8 72 0 8 -0.586299
22 29 0 8 -0.589399
54 70 0 8 -0.589437
45 60 0 8 -0.590379
77 85 0 8 -0.590475
19 90 0 8 -0.590605
11 81 0 8 -0.591513
27 97 0 8 -0.592312
14 31 0 8 -0.592845
59 94 0 8 -0.593017
53 59 0 8 -0.593139
25 72 0 8 -0.593831
54 96 0 8 -0.594632
53 58 0 8 -0.595048
9 52 0 8 -0.595736
5 20 0 8 -0.595805
30 39 0 8 -0.596076
14 52 0 8 -0.596414
6 85 0 8 -0.596953
24 56 0 8 -0.597362
50 88 0 8 -0.598384
6 84 0 8 -0.598766
14 92 0 8 -0.599116
11 27 0 8 -0.600069
19 50 0 8 -0.600257
55 86 0 8 -0.600324
10 83 0 8 -0.600390
4 44 0 8 -0.600709
56 62 0 8 -0.601336
8 65 0 8 -0.601601
2 29 0 8 -0.601651
73 88 0 8 -0.601768
4 72 0 8 -0.601877
70 77 0 8 -0.602037
8 92 0 8 -0.603115
11 28 0 8 -0.603118
60 66 0 8 -0.603427
26 34 0 8 -0.603681
20 88 0 8 -0.604157
23 77 0 8 -0.604317
10 73 0 8 -0.604980
36 98 0 8 -0.606697
31 67 0 8 -0.606726
77 99 0 8 -0.607517
79 97 0 8 -0.607867
17 88 0 8 -0.607992
30 46 0 8 -0.608654
24 75 0 8 -0.608856
17 68 0 8 -0.609210
6 61 0 8 -0.609279
35 100 0 8 -0.609330
20 68 0 8 -0.610112
18 28 0 8 -0.610327
69 91 0 8 -0.610564
12 95 0 8 -0.610719
51 82 0 8 -0.611030
15 82 0 8 -0.611378
22 90 0 8 -0.611433
11 66 0 8 -0.611777
44 83 0 8 -0.612175
66 91 0 8 -0.613145
28 90 0 8 -0.613288
7 88 0 8 -0.613767
18 69 0 8 -0.614049
63 74 0 8 -0.614373
66 82 0 8 -0.615387
15 87 0 8 -0.615416
46 56 0 8 -0.616121
43 74 0 8 -0.616591
8 61 0 8 -0.616791
54 98 0 8 -0.616912
44 87 0 8 -0.620750
53 91 0 8 -0.621966
13 98 0 8 -0.623162
42 70 0 8 -0.623584
51 66 0 8 -0.623669
26 54 0 8 -0.624201
3 90 0 8 -0.624211
56 84 0 8 -0.624265
43 93 0 8 -0.624444
23 42 0 8 -0.625301
38 50 0 8 -0.625688
15 72 0 8 -0.625873
19 51 0 8 -0.626117
40 58 0 8 -0.626267
62 98 0 8 -0.627200
2 41 0 8 -0.628780
14 38 0 8 -0.628855
27 84 0 8 -0.630708
8 89 0 8 -0.631550
26 87 0 8 -0.632020
28 56 0 8 -0.632136
9 96 0 8 -0.632924
11 84 0 8 -0.633326
45 98 0 8 -0.633957
57 84 0 8 -0.634818
5 51 0 8 -0.637604
14 79 0 8 -0.637763
68 97 0 8 -0.638161
2 28 0 8 -0.638183
6 82 0 8 -0.638673
50 94 0 8 -0.638800
8 79 0 8 -0.638901
25 88 0 8 -0.639851
2 52 0 8 -0.640281
50 55 0 8 -0.640440
66 98 0 8 -0.641748
34 76 0 8 -0.641826
15 83 0 8 -0.641836
81 98 0 8 -0.641933
15 39 0 8 -0.642402
4 49 0 8 -0.642639
22 71 0 8 -0.643894
25 40 0 8 -0.644232
82 90 0 8 -0.644455
29 97 0 8 -0.645224
8 42 0 8 -0.646722
31 72 0 8 -0.646895
11 96 0 8 -0.646928
67 97 0 8 -0.647836
60 67 0 8 -0.648798
18 48 0 8 -0.649014
49 100 0 8 -0.649156
15 65 0 8 -0.649461
42 60 0 8 -0.650914
21 27 0 8 -0.650922
20 69 0 8 -0.651300
23 87 0 8 -0.652251
44 61 0 8 -0.652830
47 84 0 8 -0.653098
11 67 0 8 -0.653279
33 45 0 8 -0.653427
23 97 0 8 -0.653656
15 98 0 8 -0.654114
30 81 0 8 -0.654456
6 99 0 8 -0.654597
49 68 0 8 -0.655239
31 78 0 8 -0.655409
13 59 0 8 -0.655450
77 96 0 8 -0.656943
25 31 0 8 -0.656949
11 33 0 8 -0.658069
70 97 0 8 -0.659451
60 88 0 8 -0.660150
62 72 0 8 -0.661139
10 85 0 8 -0.661226
24 96 0 8 -0.661961
26 77 0 8 -0.662266
70 79 0 8 -0.662871
32 76 0 8 -0.663113
51 77 0 8 -0.663301
10 72 0 8 -0.663822
8 35 0 8 -0.664291
14 72 0 8 -0.664353
13 97 0 8 -0.664421
18 37 0 8 -0.665332
50 65 0 8 -0.666107
21 43 0 8 -0.666151
4 73 0 8 -0.667372
56 75 0 8 -0.668018
16 78 0 8 -0.669123
71 82 0 8 -0.669393
20 93 0 8 -0.669688
7 44 0 8 -0.670063
23 52 0 8 -0.671057
34 50 0 8 -0.672213
45 88 0 8 -0.672284
31 86 0 8 -0.672469
2 46 0 8 -0.672910
31 89 0 8 -0.673067
77 88 0 8 -0.673071
16 54 0 8 -0.673252
14 93 0 8 -0.675289
11 90 0 8 -0.675377
11 64 0 8 -0.677367
27 92 0 8 -0.677783
37 57 0 8 -0.677853
82 95 0 8 -0.678518
6 38 0 8 -0.678920
56 69 0 8 -0.679733
37 67 0 8 -0.680384
22 52 0 8 -0.681457
24 66 0 8 -0.682172
80 98 0 8 -0.684193
21 89 0 8 -0.684651
16 59 0 8 -0.685097
31 62 0 8 -0.685202
25 90 0 8 -0.685768
35 85 0 8 -0.686311
21 37 0 8 -0.687185
5 30 0 8 -0.687391
33 64 0 8 -0.688438
59 89 0 8 -0.690135
29 92 0 8 -0.690654
4 88 0 8 -0.691284
14 74 0 8 -0.691717
43 98 0 8 -0.691721
30 53 0 8 -0.691906
31 77 0 8 -0.692189
6 19 0 8 -0.692291
61 98 0 8 -0.692442
12 97 0 8 -0.692672
63 69 0 8 -0.693348
51 69 0 8 -0.693509
10 59 0 8 -0.693547
36 90 0 8 -0.695591
41 73 0 8 -0.695992
41 82 0 8 -0.696503
33 38 0 8 -0.697651
4 27 0 8 -0.697737
11 69 0 8 -0.699037
59 68 0 8 -0.699720
27 72 0 8 -0.700234
5 45 0 8 -0.701587
48 82 0 8 -0.701712
3 65 0 8 -0.702211
22 64 0 8 -0.702619
84 99 0 8 -0.703467
17 76 0 8 -0.704229
23 68 0 8 -0.705582
18 50 0 8 -0.706358
67 99 0 8 -0.706374
2 83 0 8 -0.706442
8 78 0 8 -0.707687
16 31 0 8 -0.708134
74 82 0 8 -0.708293
29 36 0 8 -0.709206
11 70 0 8 -0.709801
46 57 0 8 -0.709807
54 61 0 8 -0.711144
32 37 0 8 -0.711701
8 45 0 8 -0.711766
17 52 0 8 -0.712023
36 80 0 8 -0.712189
22 36 0 8 -0.712295
8 43 0 8 -0.712917
60 85 0 8 -0.713198
15 96 0 8 -0.713797
14 26 0 8 -0.715119
53 66 0 8 -0.715507
59 93 0 8 -0.716276
8 64 0 8 -0.716897
33 89 0 8 -0.717128
2 33 0 8 -0.717866
25 48 0 8 -0.718566
21 68 0 8 -0.719662
13 75 0 8 -0.720778
39 68 0 8 -0.720826
30 41 0 8 -0.723974
20 29 0 8 -0.724808
6 76 0 8 -0.725031
11 41 0 8 -0.725417
41 78 0 8 -0.726182
39 49 0 8 -0.726194
2 23 0 8 -0.726719
34 71 0 8 -0.728067
60 70 0 8 -0.728465
25 94 0 8 -0.729809
4 83 0 8 -0.729927
13 94 0 8 -0.730644
78 92 0 8 -0.731579
3 84 0 8 -0.731854
52 89 0 8 -0.731910
25 81 0 8 -0.733050
26 74 0 8 -0.733734
55 85 0 8 -0.733740
29 65 0 8 -0.733784
57 99 0 8 -0.734160
15 99 0 8 -0.734998
21 99 0 8 -0.735183
7 94 0 8 -0.735461
67 72 0 8 -0.735649
69 94 0 8 -0.736159
28 38 0 8 -0.736727
46 66 0 8 -0.737877
5 21 0 8 -0.738634
15 50 0 8 -0.738635
23 44 0 8 -0.738971
42 66 0 8 -0.739242
8 28 0 8 -0.739837
50 84 0 8 -0.740892
78 89 0 8 -0.741007
37 69 0 8 -0.741253
12 45 0 8 -0.742378
13 34 0 8 -0.742989
21 50 0 8 -0.744480
5 85 0 8 -0.744970
73 78 0 8 -0.745511
4 9 0 8 -0.747008
50 79 0 8 -0.747637
56 61 0 8 -0.748291
34 81 0 8 -0.748398
42 99 0 8 -0.748449
10 70 0 8 -0.748753
50 80 0 8 -0.749227
30 80 0 8 -0.750093
18 54 0 8 -0.751507
39 60 0 8 -0.752988
19 73 0 8 -0.753925
2 86 0 8 -0.755270
15 88 0 8 -0.755437
13 20 0 8 -0.756124
59 65 0 8 -0.756242
22 99 0 8 -0.756300
90 99 0 8 -0.756693
45 65 0 8 -0.756784
50 75 0 8 -0.756870
65 97 0 8 -0.757026
7 51 0 8 -0.757226
44 86 0 8 -0.758704
33 65 0 8 -0.759778
8 49 0 8 -0.761014
14 64 0 8 -0.761915
38 43 0 8 -0.763953
19 60 0 8 -0.764176
5 41 0 8 -0.766210
9 91 0 8 -0.766699
85 93 0 8 -0.767417
73 91 0 8 -0.769829
52 98 0 8 -0.770033
63 77 0 8 -0.770715
41 60 0 8 -0.771150
36 59 0 8 -0.772771
61 69 0 8 -0.773555
24 93 0 8 -0.774486
28 73 0 8 -0.774964
8 81 0 8 -0.775266
19 61 0 8 -0.777339
4 33 0 8 -0.777959
63 85 0 8 -0.778768
45 70 0 8 -0.778827
4 95 0 8 -0.780874
51 78 0 8 -0.781372
8 39 0 8 -0.781446
11 40 0 8 -0.781655
39 69 0 8 -0.781818
39 56 0 8 -0.783034
50 58 0 8 -0.783070
8 80 0 8 -0.783399
23 91 0 8 -0.784223
30 79 0 8 -0.787519
26 50 0 8 -0.787573
7 16 0 8 -0.788820
5 12 0 8 -0.789397
31 46 0 8 -0.791955
36 89 0 8 -0.792050
7 38 0 8 -0.792973
52 66 0 8 -0.793913
14 95 0 8 -0.794461
20 98 0 8 -0.795432
2 80 0 8 -0.795886
3 87 0 8 -0.797552
38 64 0 8 -0.797571
6 52 0 8 -0.798129
36 61 0 8 -0.801153
9 77 0 8 -0.801221
12 84 0 8 -0.802879
74 95 0 8 -0.803271
60 74 0 8 -0.804278
39 59 0 8 -0.805374
68 94 0 8 -0.805489
26 78 0 8 -0.806864
55 63 0 8 -0.807832
10 93 0 8 -0.808160
20 47 0 8 -0.810285
50 67 0 8 -0.810842
17 75 0 8 -0.812575
65 72 0 8 -0.812706
32 96 0 8 -0.813779
50 90 0 8 -0.815067
3 15 0 8 -0.816255
13 31 0 8 -0.817234
16 38 0 8 -0.817326
26 89 0 8 -0.817511
47 99 0 8 -0.817573
54 94 0 8 -0.817783
16 27 0 8 -0.818555
16 39 0 8 -0.818680
17 31 0 8 -0.819440
38 84 0 8 -0.820535
78 88 0 8 -0.820942
29 55 0 8 -0.822200
39 67 0 8 -0.827201
11 37 0 8 -0.827417
44 57 0 8 -0.829285
82 93 0 8 -0.829362
6 22 0 8 -0.829372
71 83 0 8 -0.829970
47 59 0 8 -0.830112
74 99 0 8 -0.830160
67 89 0 8 -0.830499
45 51 0 8 -0.831950
6 67 0 8 -0.833260
39 75 0 8 -0.833747
49 55 0 8 -0.834142
55 65 0 8 -0.834289
44 95 0 8 -0.835935
28 40 0 8 -0.835957
42 63 0 8 -0.836068
6 78 0 8 -0.836157
21 48 0 8 -0.836483
26 55 0 8 -0.836693
32 84 0 8 -0.838029
13 41 0 8 -0.838268
39 81 0 8 -0.839743
21 70 0 8 -0.840276
46 76 0 8 -0.842499
85 97 0 8 -0.842710
16 71 0 8 -0.844350
51 76 0 8 -0.845488
13 91 0 8 -0.845810
52 99 0 8 -0.846107
34 41 0 8 -0.846186
70 83 0 8 -0.846799
5 92 0 8 -0.848105
5 47 0 8 -0.848629
20 54 0 8 -0.849835
10 25 0 8 -0.851222
20 44 0 8 -0.851745
65 79 0 8 -0.851892
26 81 0 8 -0.852026
66 83 0 8 -0.852888
27 79 0 8 -0.852945
72 91 0 8 -0.853034
24 81 0 8 -0.853327
18 79 0 8 -0.853528
13 40 0 8 -0.858595
3 60 0 8 -0.859550
46 65 0 8 -0.859736
17 34 0 8 -0.860167
12 18 0 8 -0.861109
32 48 0 8 -0.861682
54 99 0 8 -0.862485
30 70 0 8 -0.862651
51 65 0 8 -0.863559
3 75 0 8 -0.864055
28 42 0 8 -0.866040
9 95 0 8 -0.868498
69 83 0 8 -0.868666
20 89 0 8 -0.869124
21 79 0 8 -0.869568
42 81 0 8 -0.869840
39 79 0 8 -0.869917
15 76 0 8 -0.870445
6 31 0 8 -0.870717
5 93 0 8 -0.871731
6 29 0 8 -0.872234
86 98 0 8 -0.872395
14 45 0 8 -0.873030
26 97 0 8 -0.873770
72 87 0 8 -0.874853
9 78 0 8 -0.875189
17 66 0 8 -0.875217
15 44 0 8 -0.877035
44 98 0 8 -0.879455
19 93 0 8 -0.880301
34 66 0 8 -0.880325
59 98 0 8 -0.881071
13 67 0 8 -0.881703
64 98 0 8 -0.882939
5 18 0 8 -0.884306
9 86 0 8 -0.884376
18 72 0 8 -0.886260
3 42 0 8 -0.888309
53 82 0 8 -0.889487
3 17 0 8 -0.890337
81 99 0 8 -0.891758
5 70 0 8 -0.892049
27 75 0 8 -0.892433
35 60 0 8 -0.892635
31 57 0 8 -0.892885
42 97 0 8 -0.893107
33 78 0 8 -0.893194
13 47 0 8 -0.893210
2 90 0 8 -0.893419
47 94 0 8 -0.893884
21 35 0 8 -0.894770
32 39 0 8 -0.894827
34 87 0 8 -0.894868
2 17 0 8 -0.895099
26 98 0 8 -0.895302
15 22 0 8 -0.895843
45 82 0 8 -0.895899
32 54 0 8 -0.896474
43 60 0 8 -0.899026
7 76 0 8 -0.899450
26 80 0 8 -0.899462
19 28 0 8 -0.900019
7 19 0 8 -0.900615
62 85 0 8 -0.902217
18 74 0 8 -0.905538
52 57 0 8 -0.906119
9 73 0 8 -0.907092
91 97 0 8 -0.907358
46 79 0 8 -0.908351
71 86 0 8 -0.908408
10 99 0 8 -0.909572
16 55 0 8 -0.909676
24 80 0 8 -0.909816
5 94 0 8 -0.909932
86 95 0 8 -0.911649
22 77 0 8 -0.912271
65 99 0 8 -0.913459
24 94 0 8 -0.913581
40 47 0 8 -0.914309
13 78 0 8 -0.914658
19 89 0 8 -0.915070
27 91 0 8 -0.915619
31 91 0 8 -0.916088
28 54 0 8 -0.917137
52 92 0 8 -0.917387
38 49 0 8 -0.918254
3 18 0 8 -0.918365
16 68 0 8 -0.918487
10 82 0 8 -0.919048
10 67 0 8 -0.921218
5 84 0 8 -0.922286
77 86 0 8 -0.923024
32 53 0 8 -0.923484
2 58 0 8 -0.923507
7 53 0 8 -0.924466
28 62 0 8 -0.924587
19 68 0 8 -0.924624
59 64 0 8 -0.925605
24 59 0 8 -0.925940
28 64 0 8 -0.926249
36 44 0 8 -0.926810
6 62 0 8 -0.927489
39 74 0 8 -0.927743
7 39 0 8 -0.927794
23 38 0 8 -0.928723
20 27 0 8 -0.930022
9 37 0 8 -0.931430
66 93 0 8 -0.931677
24 61 0 8 -0.932360
17 62 0 8 -0.932587
38 93 0 8 -0.933186
17 69 0 8 -0.933567
25 53 0 8 -0.934058
74 92 0 8 -0.934173
23 37 0 8 -0.935433
77 84 0 8 -0.935983
42 87 0 8 -0.937048
11 75 0 8 -0.938338
38 82 0 8 -0.939219
52 77 0 8 -0.939539
18 53 0 8 -0.940408
73 85 0 8 -0.940836
54 72 0 8 -0.941054
28 41 0 8 -0.942013
82 96 0 8 -0.942206
9 36 0 8 -0.942966
37 44 0 8 -0.943452
34 91 0 8 -0.944674
32 46 0 8 -0.944928
26 93 0 8 -0.945394
76 98 0 8 -0.946060
21 30 0 8 -0.946210
71 78 0 8 -0.947310
4 89 0 8 -0.949216
5 68 0 8 -0.951391
16 32 0 8 -0.951645
19 78 0 8 -0.952213
3 89 0 8 -0.952521
58 74 0 8 -0.953119
4 66 0 8 -0.955172
5 63 0 8 -0.955176
16 84 0 8 -0.955283
42 89 0 8 -0.956666
17 36 0 8 -0.956964
31 85 0 8 -0.958431
40 96 0 8 -0.958438
20 82 0 8 -0.959339
36 73 0 8 -0.959359
11 49 0 8 -0.960247
24 48 0 8 -0.960386
10 43 0 8 -0.961021
29 71 0 8 -0.962410
28 79 0 8 -0.962785
63 73 0 8 -0.963223
28 83 0 8 -0.963624
44 65 0 8 -0.963924
29 53 0 8 -0.964453
26 82 0 8 -0.965059
60 86 0 8 -0.965652
16 91 0 8 -0.965885
35 79 0 8 -0.966087
50 68 0 8 -0.967201
2 45 0 8 -0.967246
25 59 0 8 -0.967459
30 73 0 8 -0.967589
44 99 0 8 -0.968936
30 66 0 8 -0.969274
78 94 0 8 -0.969495
59 77 0 8 -0.970223
15 80 0 8 -0.970399
15 41 0 8 -0.970421
58 71 0 8 -0.970439
2 62 0 8 -0.971400
13 92 0 8 -0.972257
72 89 0 8 -0.973272
73 87 0 8 -0.973989
41 87 0 8 -0.974399
17 33 0 8 -0.974644
24 50 0 8 -0.974752
31 93 0 8 -0.976264
49 97 0 8 -0.977401
29 94 0 8 -0.978457
66 94 0 8 -0.979811
14 19 0 8 -0.981814
58 69 0 8 -0.981967
34 84 0 8 -0.982288
15 34 0 8 -0.982321
42 85 0 8 -0.982518
83 97 0 8 -0.983542
55 98 0 8 -0.987357
49 79 0 8 -0.989677
45 61 0 8 -0.991823
69 81 0 8 -0.991872
13 64 0 8 -0.992364
70 93 0 8 -0.992421
43 64 0 8 -0.993366
41 47 0 8 -0.994596
12 78 0 8 -0.994781
4 64 0 8 -0.995201
49 57 0 8 -0.995778
78 99 0 8 -0.996263
58 94 0 8 -0.996437
48 86 0 8 -0.997169
40 77 0 8 -0.998985
5 82 0 8 -1.001316
15 29 0 8 -1.002168
5 66 0 8 -1.002963
39 85 0 8 -1.003240
25 74 0 8 -1.003640
46 67 0 8 -1.003924
23 31 0 8 -1.004221
48 70 0 8 -1.004268
30 61 0 8 -1.009295
23 48 0 8 -1.010070
17 58 0 8 -1.011173
54 75 0 8 -1.012196
55 73 0 8 -1.013741
26 60 0 8 -1.014625
58 98 0 8 -1.014990
4 96 0 8 -1.015594
31 71 0 8 -1.015812
41 55 0 8 -1.016289
23 76 0 8 -1.017236
31 58 0 8 -1.017464
13 66 0 8 -1.017503
36 52 0 8 -1.018090
85 99 0 8 -1.018806
25 96 0 8 -1.019101
39 90 0 8 -1.021615
37 58 0 8 -1.022328
4 53 0 8 -1.026446
33 80 0 8 -1.026644
9 43 0 8 -1.027875
57 76 0 8 -1.028123
26 51 0 8 -1.028188
43 94 0 8 -1.028600
29 93 0 8 -1.030031
39 99 0 8 -1.030226
69 77 0 8 -1.030578
31 83 0 8 -1.031868
59 75 0 8 -1.033701
36 70 0 8 -1.034404
30 77 0 8 -1.034750
7 35 0 8 -1.035237
15 38 0 8 -1.036150
12 27 0 8 -1.036447
40 48 0 8 -1.037437
61 89 0 8 -1.039921
82 98 0 8 -1.040129
55 92 0 8 -1.040215
67 86 0 8 -1.040241
55 80 0 8 -1.040937
67 91 0 8 -1.042093
48 79 0 8 -1.043205
10 77 0 8 -1.043883
17 60 0 8 -1.043993
71 81 0 8 -1.044877
4 87 0 8 -1.045144
24 68 0 8 -1.045826
6 92 0 8 -1.045834
70 85 0 8 -1.046082
22 61 0 8 -1.047015
40 52 0 8 -1.047430
33 76 0 8 -1.048297
42 93 0 8 -1.049359
27 58 0 8 -1.049718
42 55 0 8 -1.050019
16 67 0 8 -1.050399
30 90 0 8 -1.050599
4 57 0 8 -1.053828
21 67 0 8 -1.054991
18 77 0 8 -1.055172
9 47 0 8 -1.055326
26 76 0 8 -1.056097
19 46 0 8 -1.056258
10 65 0 8 -1.056270
11 39 0 8 -1.056305
27 71 0 8 -1.056626
19 31 0 8 -1.057217
16 92 0 8 -1.058216
15 70 0 8 -1.059156
28 84 0 8 -1.060912
29 88 0 8 -1.061098
57 98 0 8 -1.061477
9 29 0 8 -1.061937
4 98 0 8 -1.062562
34 47 0 8 -1.063597
35 93 0 8 -1.064494
76 81 0 8 -1.065073
53 76 0 8 -1.066146
73 92 0 8 -1.067266
70 96 0 8 -1.068270
61 97 0 8 -1.068583
36 95 0 8 -1.070841
35 57 0 8 -1.070897
13 23 0 8 -1.071325
26 65 0 8 -1.072191
32 77 0 8 -1.072475
16 73 0 8 -1.074329
67 83 0 8 -1.076066
52 70 0 8 -1.076709
38 79 0 8 -1.077446
58 95 0 8 -1.078077
16 45 0 8 -1.080617
73 97 0 8 -1.081165
6 97 0 8 -1.083157
38 78 0 8 -1.083682
76 90 0 8 -1.084056
3 92 0 8 -1.086143
10 19 0 8 -1.090636
70 76 0 8 -1.091220
4 91 0 8 -1.092093
38 72 0 8 -1.092964
41 51 0 8 -1.093581
10 97 0 8 -1.094173
20 81 0 8 -1.094570
22 79 0 8 -1.096316
69 97 0 8 -1.096938
37 91 0 8 -1.097073
40 91 0 8 -1.098841
5 28 0 8 -1.099360
83 99 0 8 -1.101362
3 37 0 8 -1.102963
26 42 0 8 -1.103796
57 64 0 8 -1.103808
26 73 0 8 -1.104350
50 62 0 8 -1.104927
17 96 0 8 -1.105033
13 48 0 8 -1.106109
12 92 0 8 -1.106518
64 92 0 8 -1.106694
25 54 0 8 -1.107549
47 90 0 8 -1.107828
7 34 0 8 -1.107991
28 87 0 8 -1.108197
35 84 0 8 -1.108246
44 89 0 8 -1.108380
10 30 0 8 -1.108553
25 73 0 8 -1.108895
21 57 0 8 -1.109284
63 83 0 8 -1.109468
16 79 0 8 -1.110679
25 86 0 8 -1.110973
37 95 0 8 -1.114074
45 96 0 8 -1.114251
43 80 0 8 -1.114781
49 66 0 8 -1.116529
21 86 0 8 -1.117867
30 64 0 8 -1.118679
6 98 0 8 -1.119587
65 89 0 8 -1.120289
18 33 0 8 -1.121174
7 96 0 8 -1.121606
24 97 0 8 -1.121695
64 86 0 8 -1.122158
37 46 0 8 -1.122181
35 77 0 8 -1.123779
10 40 0 8 -1.126928
42 54 0 8 -1.127639
55 67 0 8 -1.129524
23 55 0 8 -1.129622
14 65 0 8 -1.131059
10 62 0 8 -1.133304
66 92 0 8 -1.133861
41 80 0 8 -1.134117
33 87 0 8 -1.134277
14 98 0 8 -1.134684
25 71 0 8 -1.134860
17 93 0 8 -1.135539
3 82 0 8 -1.136911
47 55 0 8 -1.138401
5 29 0 8 -1.138508
30 35 0 8 -1.139476
15 46 0 8 -1.139747
33 46 0 8 -1.140029
66 86 0 8 -1.140682
26 90 0 8 -1.141897
44 97 0 8 -1.143358
23 83 0 8 -1.145746
19 77 0 8 -1.146711
34 68 0 8 -1.147193
30 59 0 8 -1.147561
40 86 0 8 -1.147821
19 69 0 8 -1.150774
37 47 0 8 -1.151556
27 37 0 8 -1.152936
75 91 0 8 -1.156841
28 55 0 8 -1.157143
10 24 0 8 -1.160034
59 97 0 8 -1.160140
5 40 0 8 -1.160697
81 95 0 8 -1.161084
5 13 0 8 -1.161931
3 57 0 8 -1.162480
15 28 0 8 -1.162558
67 87 0 8 -1.162641
26 35 0 8 -1.162913
55 95 0 8 -1.163965
47 53 0 8 -1.164062
60 98 0 8 -1.164589
37 79 0 8 -1.164738
9 54 0 8 -1.165678
17 57 0 8 -1.167127
13 93 0 8 -1.168440
30 69 0 8 -1.169865
47 65 0 8 -1.170898
63 79 0 8 -1.171605
29 60 0 8 -1.172246
49 82 0 8 -1.173117
17 47 0 8 -1.173244
24 60 0 8 -1.173816
51 92 0 8 -1.176817
6 88 0 8 -1.177405
16 87 0 8 -1.178880
13 29 0 8 -1.178902
53 70 0 8 -1.180757
41 61 0 8 -1.181026
4 43 0 8 -1.182800
30 87 0 8 -1.183020
24 51 0 8 -1.184040
18 92 0 8 -1.184738
35 80 0 8 -1.184969
31 36 0 8 -1.185944
48 65 0 8 -1.187512
28 89 0 8 -1.188039
26 49 0 8 -1.188123
22 94 0 8 -1.188652
16 77 0 8 -1.189530
16 98 0 8 -1.190467
6 79 0 8 -1.190512
9 49 0 8 -1.190742
15 40 0 8 -1.191515
3 97 0 8 -1.191929
43 57 0 8 -1.192615
18 95 0 8 -1.197523
31 42 0 8 -1.197903
3 88 0 8 -1.198499
43 77 0 8 -1.198589
24 84 0 8 -1.198941
55 68 0 8 -1.199448
25 83 0 8 -1.200270
53 72 0 8 -1.202316
10 86 0 8 -1.203892
36 88 0 8 -1.205568
14 66 0 8 -1.206103
27 48 0 8 -1.206530
44 70 0 8 -1.206903
33 83 0 8 -1.207251
13 96 0 8 -1.207445
9 94 0 8 -1.207452
28 44 0 8 -1.207824
6 32 0 8 -1.207993
71 80 0 8 -1.208555
23 93 0 8 -1.208627
58 83 0 8 -1.209796
38 45 0 8 -1.209822
32 57 0 8 -1.209866
14 47 0 8 -1.210234
79 90 0 8 -1.212203
36 69 0 8 -1.213147
60 96 0 8 -1.213402
32 38 0 8 -1.214448
40 66 0 8 -1.215437
29 82 0 8 -1.215478
24 36 0 8 -1.216431
70 80 0 8 -1.217739
62 68 0 8 -1.217914
44 66 0 8 -1.218022
66 78 0 8 -1.218998
28 78 0 8 -1.219462
67 73 0 8 -1.219543
10 17 0 8 -1.220809
53 95 0 8 -1.222139
18 84 0 8 -1.225569
41 57 0 8 -1.225962
60 83 0 8 -1.226074
10 57 0 8 -1.226742
54 97 0 8 -1.228222
48 77 0 8 -1.228874
46 60 0 8 -1.228884
39 48 0 8 -1.229849
67 90 0 8 -1.231577
24 31 0 8 -1.232502
4 65 0 8 -1.235280
43 83 0 8 -1.237359
7 18 0 8 -1.239188
57 74 0 8 -1.241185
29 83 0 8 -1.242008
18 63 0 8 -1.242160
9 74 0 8 -1.242775
25 97 0 8 -1.243180
25 65 0 8 -1.245423
21 73 0 8 -1.248672
72 92 0 8 -1.248873
17 74 0 8 -1.249918
51 57 0 8 -1.250325
55 70 0 8 -1.252048
27 80 0 8 -1.253373
81 92 0 8 -1.253665
6 26 0 8 -1.255163
48 88 0 8 -1.255259
18 67 0 8 -1.256163
47 91 0 8 -1.257082
18 66 0 8 -1.257457
86 91 0 8 -1.257947
42 50 0 8 -1.259642
7 93 0 8 -1.260039
65 92 0 8 -1.261212
85 92 0 8 -1.262276
33 55 0 8 -1.262934
61 87 0 8 -1.263157
15 53 0 8 -1.263572
17 49 0 8 -1.264354
19 76 0 8 -1.264883
47 81 0 8 -1.264949
43 86 0 8 -1.265924
52 91 0 8 -1.266098
4 93 0 8 -1.266523
86 92 0 8 -1.266527
16 94 0 8 -1.267783
20 52 0 8 -1.268562
24 72 0 8 -1.268953
28 93 0 8 -1.269661
9 45 0 8 -1.270048
14 67 0 8 -1.270094
25 42 0 8 -1.270753
20 32 0 8 -1.272558
10 47 0 8 -1.276608
47 64 0 8 -1.277910
24 90 0 8 -1.277958
14 37 0 8 -1.279508
83 98 0 8 -1.284086
39 76 0 8 -1.284410
60 69 0 8 -1.286018
34 92 0 8 -1.286750
46 96 0 8 -1.287436
60 90 0 8 -1.287619
49 86 0 8 -1.289956
7 66 0 8 -1.290144
22 84 0 8 -1.290538
43 81 0 8 -1.291069
28 97 0 8 -1.291528
58 87 0 8 -1.291851
13 70 0 8 -1.293673
80 91 0 8 -1.294947
25 68 0 8 -1.295344
38 48 0 8 -1.296616
39 87 0 8 -1.297112
64 81 0 8 -1.298656
22 72 0 8 -1.299434
30 57 0 8 -1.301575
4 28 0 8 -1.302241
9 42 0 8 -1.302746
30 89 0 8 -1.304102
14 62 0 8 -1.304641
57 83 0 8 -1.305772
28 74 0 8 -1.307176
32 47 0 8 -1.307585
28 76 0 8 -1.307613
34 57 0 8 -1.308984
20 95 0 8 -1.309034
31 73 0 8 -1.309504
16 41 0 8 -1.309658
22 95 0 8 -1.311226
30 71 0 8 -1.311238
16 86 0 8 -1.311260
27 54 0 8 -1.311278
70 81 0 8 -1.311471
20 80 0 8 -1.311777
31 48 0 8 -1.312620
7 77 0 8 -1.313239
60 89 0 8 -1.314952
21 65 0 8 -1.315240
87 98 0 8 -1.316323
12 98 0 8 -1.316350
49 59 0 8 -1.317193
36 63 0 8 -1.321424
16 40 0 8 -1.322369
23 89 0 8 -1.324053
49 81 0 8 -1.325416
4 45 0 8 -1.327718
37 59 0 8 -1.328128
27 86 0 8 -1.328851
63 81 0 8 -1.331130
32 61 0 8 -1.331150
6 66 0 8 -1.331582
36 84 0 8 -1.331737
14 35 0 8 -1.333570
6 69 0 8 -1.334304
51 89 0 8 -1.335504
12 19 0 8 -1.336460
65 75 0 8 -1.336752
5 71 0 8 -1.336854
10 96 0 8 -1.337340
59 66 0 8 -1.337433
15 66 0 8 -1.337969
9 26 0 8 -1.338159
47 95 0 8 -1.340454
37 75 0 8 -1.341587
36 64 0 8 -1.341971
33 53 0 8 -1.343986
61 82 0 8 -1.344006
7 86 0 8 -1.346794
37 85 0 8 -1.348016
45 75 0 8 -1.349410
77 92 0 8 -1.349936
12 35 0 8 -1.350051
51 87 0 8 -1.351340
75 81 0 8 -1.351418
91 96 0 8 -1.351578
54 82 0 8 -1.351838
3 20 0 8 -1.352775
68 83 0 8 -1.353643
4 34 0 8 -1.354253
6 74 0 8 -1.354805
6 80 0 8 -1.357235
38 71 0 8 -1.358960
9 99 0 8 -1.360383
62 73 0 8 -1.360727
6 54 0 8 -1.361505
47 69 0 8 -1.361944
10 32 0 8 -1.362313
23 69 0 8 -1.362415
23 74 0 8 -1.363348
34 72 0 8 -1.364200
15 67 0 8 -1.365851
13 68 0 8 -1.366360
13 71 0 8 -1.366946
34 52 0 8 -1.368031
61 66 0 8 -1.368320
37 68 0 8 -1.368448
46 93 0 8 -1.370253
71 84 0 8 -1.370431
6 30 0 8 -1.371200
65 77 0 8 -1.375636
10 26 0 8 -1.376042
19 55 0 8 -1.376704
20 64 0 8 -1.378712
43 92 0 8 -1.379319
7 87 0 8 -1.381804
19 88 0 8 -1.383294
4 71 0 8 -1.383452
13 19 0 8 -1.383650
48 59 0 8 -1.384078
34 46 0 8 -1.384109
71 77 0 8 -1.384755
62 82 0 8 -1.384975
84 96 0 8 -1.390404
65 90 0 8 -1.392632
15 23 0 8 -1.392987
43 59 0 8 -1.393088
12 99 0 8 -1.393811
16 81 0 8 -1.393865
36 78 0 8 -1.394635
13 26 0 8 -1.395641
40 95 0 8 -1.396447
13 72 0 8 -1.396611
44 84 0 8 -1.396627
72 93 0 8 -1.396747
21 49 0 8 -1.397411
23 72 0 8 -1.397570
78 84 0 8 -1.398816
58 86 0 8 -1.400119
14 32 0 8 -1.400291
51 63 0 8 -1.400809
14 33 0 8 -1.401022
12 72 0 8 -1.401782
54 90 0 8 -1.401810
24 54 0 8 -1.403853
21 59 0 8 -1.404576
27 65 0 8 -1.405448
52 88 0 8 -1.407241
6 49 0 8 -1.407329
19 45 0 8 -1.408303
31 68 0 8 -1.409162
14 89 0 8 -1.411711
23 82 0 8 -1.412527
65 98 0 8 -1.413673
68 79 0 8 -1.413716
16 80 0 8 -1.415434
6 95 0 8 -1.417077
51 72 0 8 -1.417610
32 66 0 8 -1.418277
33 75 0 8 -1.418730
28 61 0 8 -1.418802
5 67 0 8 -1.418819
4 63 0 8 -1.422187
24 83 0 8 -1.423424
64 83 0 8 -1.423684
33 47 0 8 -1.425112
34 89 0 8 -1.425238
15 25 0 8 -1.427176
15 52 0 8 -1.427681
14 24 0 8 -1.428930
18 93 0 8 -1.430604
54 80 0 8 -1.430707
54 67 0 8 -1.432206
38 70 0 8 -1.433960
31 82 0 8 -1.439897
86 97 0 8 -1.441607
24 64 0 8 -1.442250
16 28 0 8 -1.445729
37 73 0 8 -1.447420
29 38 0 8 -1.448004
10 63 0 8 -1.448682
79 94 0 8 -1.452442
39 96 0 8 -1.453950
45 64 0 8 -1.455842
4 59 0 8 -1.456682
19 36 0 8 -1.457978
79 89 0 8 -1.458431
48 87 0 8 -1.458806
57 67 0 8 -1.459178
16 23 0 8 -1.459784
68 73 0 8 -1.460366
17 71 0 8 -1.460459
62 81 0 8 -1.462066
43 71 0 8 -1.463114
21 77 0 8 -1.463310
17 73 0 8 -1.463732
12 54 0 8 -1.464793
23 49 0 8 -1.465920
43 55 0 8 -1.467767
14 28 0 8 -1.469622
40 76 0 8 -1.470713
34 80 0 8 -1.472996
24 82 0 8 -1.476877
17 84 0 8 -1.476932
9 21 0 8 -1.477039
58 75 0 8 -1.477373
21 92 0 8 -1.478376
66 89 0 8 -1.480065
57 69 0 8 -1.481006
12 62 0 8 -1.481124
9 53 0 8 -1.481536
12 91 0 8 -1.482042
3 51 0 8 -1.482560
49 71 0 8 -1.484482
21 64 0 8 -1.485593
49 83 0 8 -1.485736
16 95 0 8 -1.486312
69 89 0 8 -1.486350
29 77 0 8 -1.488042
46 62 0 8 -1.489652
42 91 0 8 -1.489660
19 25 0 8 -1.490070
35 70 0 8 -1.491416
22 92 0 8 -1.492208
45 77 0 8 -1.492768
76 85 0 8 -1.493472
47 83 0 8 -1.495693
5 81 0 8 -1.495871
26 38 0 8 -1.497605
37 92 0 8 -1.499375
60 80 0 8 -1.499725
26 95 0 8 -1.499904
45 52 0 8 -1.503515
41 94 0 8 -1.505610
19 66 0 8 -1.505629
43 84 0 8 -1.505710
7 74 0 8 -1.505842
3 55 0 8 -1.507341
20 94 0 8 -1.507975
5 87 0 8 -1.508641
42 57 0 8 -1.509872
35 88 0 8 -1.512153
44 94 0 8 -1.512889
17 42 0 8 -1.514127
16 53 0 8 -1.514933
12 48 0 8 -1.516214
17 30 0 8 -1.517420
61 95 0 8 -1.517587
43 69 0 8 -1.523127
27 62 0 8 -1.524975
62 70 0 8 -1.525116
72 90 0 8 -1.525892
24 74 0 8 -1.526703
58 70 0 8 -1.527586
57 88 0 8 -1.527789
45 67 0 8 -1.528551
53 92 0 8 -1.528815
62 87 0 8 -1.528917
49 75 0 8 -1.530565
5 90 0 8 -1.531568
58 73 0 8 -1.532344
23 35 0 8 -1.533094
42 72 0 8 -1.533991
21 72 0 8 -1.535427
13 28 0 8 -1.535899
7 97 0 8 -1.536895
21 74 0 8 -1.537623
9 89 0 8 -1.538809
47 79 0 8 -1.540000
12 60 0 8 -1.540236
14 80 0 8 -1.544057
22 66 0 8 -1.544710
68 88 0 8 -1.546000
10 80 0 8 -1.546507
83 89 0 8 -1.550647
9 66 0 8 -1.551203
36 43 0 8 -1.551218
70 87 0 8 -1.551865
5 80 0 8 -1.552316
28 60 0 8 -1.553186
23 79 0 8 -1.554255
42 75 0 8 -1.554307
27 55 0 8 -1.555520
29 52 0 8 -1.556621
5 97 0 8 -1.556944
55 64 0 8 -1.558354
20 37 0 8 -1.562584
14 30 0 8 -1.562904
35 87 0 8 -1.563905
24 45 0 8 -1.564330
45 91 0 8 -1.567235
10 60 0 8 -1.567873
55 91 0 8 -1.568544
17 43 0 8 -1.568875
29 39 0 8 -1.572723
18 52 0 8 -1.572904
4 85 0 8 -1.573376
54 92 0 8 -1.574527
39 71 0 8 -1.576322
12 88 0 8 -1.578660
7 49 0 8 -1.581977
49 93 0 8 -1.584291
26 94 0 8 -1.584428
5 57 0 8 -1.584499
47 54 0 8 -1.585422
17 44 0 8 -1.585871
52 83 0 8 -1.585952
13 44 0 8 -1.587618
10 52 0 8 -1.588955
69 87 0 8 -1.590976
5 60 0 8 -1.591818
14 43 0 8 -1.592395
38 85 0 8 -1.593278
34 90 0 8 -1.594118
87 92 0 8 -1.596996
63 90 0 8 -1.597009
55 66 0 8 -1.597038
6 63 0 8 -1.598752
80 87 0 8 -1.602367
12 64 0 8 -1.602616
9 98 0 8 -1.602713
3 21 0 8 -1.603875
19 91 0 8 -1.604552
25 85 0 8 -1.605677
26 84 0 8 -1.607161
75 95 0 8 -1.607693
33 85 0 8 -1.607700
23 96 0 8 -1.609748
12 47 0 8 -1.611720
21 44 0 8 -1.613827
18 68 0 8 -1.614308
6 47 0 8 -1.615270
20 66 0 8 -1.616493
30 75 0 8 -1.616763
53 89 0 8 -1.618339
40 70 0 8 -1.618426
13 89 0 8 -1.618938
12 85 0 8 -1.622386
17 64 0 8 -1.624211
81 96 0 8 -1.625296
54 89 0 8 -1.626478
45 90 0 8 -1.626812
10 87 0 8 -1.628349
15 35 0 8 -1.629057
35 97 0 8 -1.629737
57 71 0 8 -1.632132
12 71 0 8 -1.632409
39 44 0 8 -1.632714
15 30 0 8 -1.633303
24 70 0 8 -1.634009
12 86 0 8 -1.635424
10 69 0 8 -1.635447
24 35 0 8 -1.635556
34 63 0 8 -1.635668
53 65 0 8 -1.636226
18 78 0 8 -1.638581
13 46 0 8 -1.638950
81 87 0 8 -1.639949
81 97 0 8 -1.644025
17 70 0 8 -1.647711
17 98 0 8 -1.647872
35 81 0 8 -1.648623
24 69 0 8 -1.648666
49 98 0 8 -1.650965
36 45 0 8 -1.651159
7 25 0 8 -1.653011
20 85 0 8 -1.658662
31 88 0 8 -1.662225
10 15 0 8 -1.665276
51 86 0 8 -1.665658
30 76 0 8 -1.666308
43 78 0 8 -1.667110
27 89 0 8 -1.667257
14 49 0 8 -1.667357
57 68 0 8 -1.669305
9 75 0 8 -1.673156
14 39 0 8 -1.675032
34 69 0 8 -1.677018
40 62 0 8 -1.677407
77 95 0 8 -1.678496
30 63 0 8 -1.679503
22 89 0 8 -1.679852
12 41 0 8 -1.680768
63 94 0 8 -1.681044
10 54 0 8 -1.685116
6 35 0 8 -1.685665
30 48 0 8 -1.685699
51 88 0 8 -1.686157
63 95 0 8 -1.690403
74 80 0 8 -1.692436
44 53 0 8 -1.695157
28 43 0 8 -1.696872
21 93 0 8 -1.697134
16 51 0 8 -1.699736
5 15 0 8 -1.706293
4 16 0 8 -1.706342
59 88 0 8 -1.713463
37 82 0 8 -1.713623
68 75 0 8 -1.716581
60 71 0 8 -1.717741
22 96 0 8 -1.718477
19 94 0 8 -1.718575
14 71 0 8 -1.720164
21 45 0 8 -1.721220
29 54 0 8 -1.724504
6 43 0 8 -1.726614
58 85 0 8 -1.727234
75 89 0 8 -1.727708
14 75 0 8 -1.729097
18 70 0 8 -1.730142
68 78 0 8 -1.731579
20 30 0 8 -1.732513
18 42 0 8 -1.734611
55 72 0 8 -1.735392
13 95 0 8 -1.735612
7 79 0 8 -1.738425
21 96 0 8 -1.739703
61 94 0 8 -1.740254
6 64 0 8 -1.740278
27 57 0 8 -1.741045
22 51 0 8 -1.741845
45 76 0 8 -1.742198
13 52 0 8 -1.742377
14 48 0 8 -1.745242
41 93 0 8 -1.745620
51 70 0 8 -1.746525
4 78 0 8 -1.748937
34 86 0 8 -1.748948
34 96 0 8 -1.749292
41 79 0 8 -1.755085
18 73 0 8 -1.756048
5 61 0 8 -1.756051
30 43 0 8 -1.756783
18 71 0 8 -1.759752
15 73 0 8 -1.759889
46 80 0 8 -1.759897
30 55 0 8 -1.760639
31 87 0 8 -1.760729
10 68 0 8 -1.765384
28 77 0 8 -1.765540
5 91 0 8 -1.766596
64 93 0 8 -1.767113
14 76 0 8 -1.768158
21 71 0 8 -1.769507
6 23 0 8 -1.770041
33 93 0 8 -1.770111
3 24 0 8 -1.771791
67 84 0 8 -1.775288
15 69 0 8 -1.777013
39 92 0 8 -1.779290
46 78 0 8 -1.779669
25 63 0 8 -1.781019
71 90 0 8 -1.781435
25 52 0 8 -1.783782
5 25 0 8 -1.784819
31 98 0 8 -1.788734
49 77 0 8 -1.789940
29 90 0 8 -1.789956
12 44 0 8 -1.791613
37 93 0 8 -1.792340
19 86 0 8 -1.793182
51 62 0 8 -1.794073
27 70 0 8 -1.796155
15 95 0 8 -1.799399
34 51 0 8 -1.800506
14 44 0 8 -1.803178
7 95 0 8 -1.806816
14 88 0 8 -1.807434
41 84 0 8 -1.808632
16 62 0 8 -1.808989
6 93 0 8 -1.810406
51 84 0 8 -1.813306
28 85 0 8 -1.817313
55 71 0 8 -1.817388
28 52 0 8 -1.819621
39 82 0 8 -1.819630
7 43 0 8 -1.820203
42 94 0 8 -1.820242
28 57 0 8 -1.824298
67 88 0 8 -1.827578
23 81 0 8 -1.827868
44 74 0 8 -1.827905
26 39 0 8 -1.829071
22 78 0 8 -1.829508
80 95 0 8 -1.830586
52 94 0 8 -1.831172
22 82 0 8 -1.831181
57 63 0 8 -1.832359
7 33 0 8 -1.833073
19 75 0 8 -1.834197
53 85 0 8 -1.835022
26 33 0 8 -1.835441
75 84 0 8 -1.843269
29 85 0 8 -1.845927
17 67 0 8 -1.847677
74 90 0 8 -1.850358
7 32 0 8 -1.851364
6 65 0 8 -1.855752
3 79 0 8 -1.856802
66 77 0 8 -1.860167
26 83 0 8 -1.862326
21 39 0 8 -1.863104
31 39 0 8 -1.863438
32 90 0 8 -1.867906
24 73 0 8 -1.867996
53 88 0 8 -1.869796
13 80 0 8 -1.871349
18 40 0 8 -1.872693
34 78 0 8 -1.872852
13 81 0 8 -1.873850
68 82 0 8 -1.875715
24 47 0 8 -1.876118
36 68 0 8 -1.880840
12 33 0 8 -1.884262
69 86 0 8 -1.884775
24 63 0 8 -1.886121
32 41 0 8 -1.886488
9 41 0 8 -1.886573
14 68 0 8 -1.886604
17 46 0 8 -1.888547
12 94 0 8 -1.891167
62 94 0 8 -1.893255
10 94 0 8 -1.893602
37 78 0 8 -1.894064
37 60 0 8 -1.897939
7 31 0 8 -1.899424
15 92 0 8 -1.903934
48 58 0 8 -1.904484
3 28 0 8 -1.909924
58 67 0 8 -1.911700
36 42 0 8 -1.915210
68 89 0 8 -1.917765
18 41 0 8 -1.921412
23 58 0 8 -1.923412
19 95 0 8 -1.927326
3 23 0 8 -1.927693
34 67 0 8 -1.930874
27 74 0 8 -1.930930
32 45 0 8 -1.933207
49 91 0 8 -1.933505
16 25 0 8 -1.935413
32 74 0 8 -1.937594
17 48 0 8 -1.938561
68 86 0 8 -1.942072
22 97 0 8 -1.943624
58 66 0 8 -1.945571
34 62 0 8 -1.948368
35 53 0 8 -1.949461
10 81 0 8 -1.951555
18 47 0 8 -1.954510
48 54 0 8 -1.956117
40 59 0 8 -1.956187
12 39 0 8 -1.959630
30 84 0 8 -1.959752
4 47 0 8 -1.963618
7 68 0 8 -1.965108
37 87 0 8 -1.967389
38 65 0 8 -1.969840
24 58 0 8 -1.970621
9 59 0 8 -1.971094
52 82 0 8 -1.973395
40 73 0 8 -1.974707
22 37 0 8 -1.976454
10 71 0 8 -1.977277
6 96 0 8 -1.978505
12 76 0 8 -1.979025
13 35 0 8 -1.979366
67 81 0 8 -1.980927
16 88 0 8 -1.980955
62 88 0 8 -1.981686
53 64 0 8 -1.983347
38 66 0 8 -1.983983
9 62 0 8 -1.988155
63 86 0 8 -1.996212
13 49 0 8 -1.997974
47 58 0 8 -2.000008
7 91 0 8 -2.002831
65 87 0 8 -2.004549
18 45 0 8 -2.013565
28 98 0 8 -2.014464
25 41 0 8 -2.015211
22 93 0 8 -2.015301
3 76 0 8 -2.018924
46 55 0 8 -2.019744
13 37 0 8 -2.022889
52 78 0 8 -2.025452
3 81 0 8 -2.026271
49 67 0 8 -2.030351
12 28 0 8 -2.032630
57 70 0 8 -2.035913
21 26 0 8 -2.037299
6 46 0 8 -2.043494
32 87 0 8 -2.044367
39 94 0 8 -2.049728
5 88 0 8 -2.050298
69 95 0 8 -2.050938
9 32 0 8 -2.051137
16 65 0 8 -2.054544
7 55 0 8 -2.059664
52 87 0 8 -2.063811
33 81 0 8 -2.064942
19 92 0 8 -2.067935
27 45 0 8 -2.072796
44 62 0 8 -2.074518
40 93 0 8 -2.082540
12 30 0 8 -2.082730
6 89 0 8 -2.093449
7 36 0 8 -2.099839
35 91 0 8 -2.100323
12 46 0 8 -2.105166
18 80 0 8 -2.109360
7 48 0 8 -2.110860
24 49 0 8 -2.111224
32 55 0 8 -2.111302
18 58 0 8 -2.115482
64 85 0 8 -2.116189
52 84 0 8 -2.118133
40 94 0 8 -2.124130
52 90 0 8 -2.125454
69 90 0 8 -2.132358
14 63 0 8 -2.140205
43 91 0 8 -2.146060
3 61 0 8 -2.149017
37 96 0 8 -2.149414
18 46 0 8 -2.158729
59 71 0 8 -2.159579
66 81 0 8 -2.162572
23 90 0 8 -2.162598
62 78 0 8 -2.164109
17 28 0 8 -2.169948
15 42 0 8 -2.170739
12 93 0 8 -2.175234
22 68 0 8 -2.183100
62 89 0 8 -2.183704
41 90 0 8 -2.190601
30 83 0 8 -2.203751
49 89 0 8 -2.208091
52 59 0 8 -2.214381
25 37 0 8 -2.214967
66 85 0 8 -2.215954
19 83 0 8 -2.218628
9 72 0 8 -2.221288
17 95 0 8 -2.233057
42 62 0 8 -2.237653
31 60 0 8 -2.244634
51 60 0 8 -2.252316
40 65 0 8 -2.253107
39 78 0 8 -2.257857
48 78 0 8 -2.260867
53 61 0 8 -2.267188
33 62 0 8 -2.268900
12 23 0 8 -2.275186
26 85 0 8 -2.280564
7 30 0 8 -2.280929
30 58 0 8 -2.281233
46 85 0 8 -2.282574
49 95 0 8 -2.283992
17 94 0 8 -2.285646
4 35 0 8 -2.286965
7 80 0 8 -2.289667
7 92 0 8 -2.298787
72 86 0 8 -2.299425
19 39 0 8 -2.299508
33 39 0 8 -2.302949
60 76 0 8 -2.303831
48 81 0 8 -2.304062
40 79 0 8 -2.304214
75 92 0 8 -2.305366
32 52 0 8 -2.306843
5 86 0 8 -2.308724
17 78 0 8 -2.312484
25 49 0 8 -2.312959
24 76 0 8 -2.313143
38 95 0 8 -2.314415
32 78 0 8 -2.319632
20 39 0 8 -2.319851
32 58 0 8 -2.323296
60 72 0 8 -2.327711
5 83 0 8 -2.328032
49 88 0 8 -2.329646
12 52 0 8 -2.341371
15 62 0 8 -2.342210
35 71 0 8 -2.347461
37 63 0 8 -2.350090
27 38 0 8 -2.354230
12 96 0 8 -2.361989
47 88 0 8 -2.372668
70 84 0 8 -2.383891
6 70 0 8 -2.389156
29 46 0 8 -2.391219
22 62 0 8 -2.401987
46 77 0 8 -2.416790
20 58 0 8 -2.417670
39 63 0 8 -2.421967
31 61 0 8 -2.424489
65 83 0 8 -2.425909
7 75 0 8 -2.434281
48 83 0 8 -2.453155
22 32 0 8 -2.455502
35 78 0 8 -2.460944
5 89 0 8 -2.464807
18 76 0 8 -2.470783
40 45 0 8 -2.471648
74 81 0 8 -2.476789
18 81 0 8 -2.487082
46 89 0 8 -2.488451
61 71 0 8 -2.489505
20 38 0 8 -2.494788
16 42 0 8 -2.494848
12 67 0 8 -2.496775
39 51 0 8 -2.497336
80 93 0 8 -2.505187
62 83 0 8 -2.515065
32 86 0 8 -2.519068
45 78 0 8 -2.527007
52 62 0 8 -2.544189
47 75 0 8 -2.555407
40 92 0 8 -2.561071
83 92 0 8 -2.563267
61 73 0 8 -2.564332
12 51 0 8 -2.573185
37 76 0 8 -2.574417
69 85 0 8 -2.576322
21 38 0 8 -2.578606
35 47 0 8 -2.590654
17 37 0 8 -2.600553
9 84 0 8 -2.606895
21 40 0 8 -2.610818
68 93 0 8 -2.623488
12 69 0 8 -2.626422
3 78 0 8 -2.632292
5 34 0 8 -2.668593
32 75 0 8 -2.675830
21 62 0 8 -2.690038
52 79 0 8 -2.690544
19 80 0 8 -2.723658
28 86 0 8 -2.740884
18 35 0 8 -2.743810
45 69 0 8 -2.753364
31 84 0 8 -2.766290
37 61 0 8 -2.773953
29 49 0 8 -2.776672
49 84 0 8 -2.784211
30 86 0 8 -2.785367
51 61 0 8 -2.798930
19 32 0 8 -2.808606
59 84 0 8 -2.821673
61 81 0 8 -2.847526
21 88 0 8 -2.852439
40 69 0 8 -2.876768
29 37 0 8 -2.904074
22 63 0 8 -2.910917
35 75 0 8 -2.919800
61 75 0 8 -2.927820
65 81 0 8 -2.940433
25 61 0 8 -2.944080
9 88 0 8 -2.955887
55 69 0 8 -2.993345
9 24 0 8 -3.081202
55 61 0 8 -3.112007
19 84 0 8 -3.174515
27 61 0 8 -3.200766
7 22 0 8 -3.220643
33 61 0 8 -3.343488
16 70 0 8 -3.356464
28 35 0 8 -3.427016
12 49 0 8 -3.739835
35 55 0 8 -3.922518
49 76 0 8 -4.599694
