15 83 0 8 13.078877
38 86 0 8 10.799411
22 33 0 8 10.267223
26 52 0 8 8.770794
21 40 0 8 8.539294
37 66 0 8 7.977900
59 80 0 8 6.562401
54 81 0 8 5.561130
76 83 0 8 5.559365
67 84 0 8 5.377256
63 77 0 8 5.167585
36 56 0 8 5.048614
67 72 0 8 5.034239
23 52 0 8 5.007594
66 84 0 8 4.777831
50 81 0 8 4.709553
55 80 0 8 4.541654
50 57 0 8 4.528310
37 46 0 8 4.456006
40 46 0 8 4.435617
46 78 0 8 4.434616
77 82 0 8 4.408472
44 54 0 8 4.399636
34 66 0 8 4.365891
29 63 0 8 4.336737
30 50 0 8 4.313401
41 72 0 8 4.292290
37 70 0 8 4.219923
45 76 0 8 4.201491
44 59 0 8 4.183105
29 65 0 8 4.124818
51 82 0 8 4.081162
37 47 0 8 4.069494
48 79 0 8 4.036522
16 59 0 8 3.794776
13 31 0 8 3.763968
45 78 0 8 3.744529
34 69 0 8 3.720116
9 16 0 8 3.672059
19 27 0 8 3.670373
72 84 0 8 3.642984
18 44 0 8 3.633596
67 76 0 8 3.573351
21 49 0 8 3.546780
2 73 0 8 3.511791
31 68 0 8 3.471672
74 80 0 8 3.460661
47 87 0 8 3.434267
26 61 0 8 3.385989
67 77 0 8 3.360822
21 47 0 8 3.353804
27 38 0 8 3.352109
63 82 0 8 3.324717
54 80 0 8 3.281864
36 55 0 8 3.268446
22 69 0 8 3.260731
59 76 0 8 3.259557
27 89 0 8 3.247860
62 84 0 8 3.234630
10 17 0 8 3.218166
10 27 0 8 3.210282
26 54 0 8 3.208425
11 25 0 8 3.189448
22 50 0 8 3.186377
55 69 0 8 3.172664
72 90 0 8 3.165889
59 77 0 8 3.130549
66 82 0 8 3.119792
34 70 0 8 3.113897
23 43 0 8 3.102006
27 32 0 8 3.073065
53 80 0 8 3.070144
59 74 0 8 3.052484
38 71 0 8 3.039130
19 67 0 8 3.028821
13 53 0 8 3.021243
3 80 0 8 3.000549
8 59 0 8 2.979157
38 70 0 8 2.923677
16 24 0 8 2.909499
19 80 0 8 2.893172
54 83 0 8 2.892573
36 88 0 8 2.889878
5 83 0 8 2.889544
34 62 0 8 2.850609
30 79 0 8 2.838950
6 11 0 8 2.829987
14 65 0 8 2.826608
68 76 0 8 2.825943
38 87 0 8 2.824565
49 67 0 8 2.804509
19 52 0 8 2.773774
23 51 0 8 2.763643
14 94 0 8 2.758211
51 80 0 8 2.756669
46 75 0 8 2.742872
40 78 0 8 2.721367
10 96 0 8 2.719296
25 48 0 8 2.715172
8 64 0 8 2.710758
44 52 0 8 2.710235
60 67 0 8 2.704282
9 60 0 8 2.704116
55 62 0 8 2.692868
83 91 0 8 2.671529
14 93 0 8 2.661074
43 74 0 8 2.650257
20 48 0 8 2.647717
43 68 0 8 2.635329
27 50 0 8 2.635202
49 84 0 8 2.627933
46 79 0 8 2.609475
68 74 0 8 2.609408
53 85 0 8 2.597258
13 27 0 8 2.591116
13 52 0 8 2.583905
36 66 0 8 2.576913
57 64 0 8 2.571681
52 65 0 8 2.563820
21 46 0 8 2.561350
55 75 0 8 2.531129
16 46 0 8 2.528865
27 36 0 8 2.518902
47 84 0 8 2.513425
59 67 0 8 2.502713
42 88 0 8 2.486287
39 80 0 8 2.481120
28 79 0 8 2.479785
53 82 0 8 2.478519
65 75 0 8 2.464429
37 87 0 8 2.459412
67 82 0 8 2.458773
52 68 0 8 2.458243
60 77 0 8 2.443492
39 62 0 8 2.436767
57 77 0 8 2.407163
50 88 0 8 2.405233
22 49 0 8 2.398330
39 52 0 8 2.394124
2 62 0 8 2.388758
31 51 0 8 2.377376
37 82 0 8 2.376633
17 64 0 8 2.376351
82 87 0 8 2.369322
60 82 0 8 2.367439
32 61 0 8 2.367077
64 74 0 8 2.362430
42 89 0 8 2.356149
43 85 0 8 2.340804
11 85 0 8 2.337661
6 58 0 8 2.321791
23 76 0 8 2.318153
24 63 0 8 2.310539
19 74 0 8 2.310189
6 86 0 8 2.291705
24 51 0 8 2.287495
8 17 0 8 2.287382
73 83 0 8 2.285408
75 88 0 8 2.274152
27 42 0 8 2.270815
44 78 0 8 2.269965
44 56 0 8 2.255848
29 56 0 8 2.253289
51 87 0 8 2.252119
61 69 0 8 2.244145
2 90 0 8 2.236927
17 51 0 8 2.233654
11 53 0 8 2.232216
34 43 0 8 2.230586
41 59 0 8 2.227266
8 15 0 8 2.221865
19 38 0 8 2.219246
53 59 0 8 2.213039
7 17 0 8 2.212132
51 76 0 8 2.211279
19 44 0 8 2.210717
22 36 0 8 2.207861
32 68 0 8 2.207466
17 89 0 8 2.201987
20 31 0 8 2.199321
46 85 0 8 2.195049
42 56 0 8 2.187080
14 92 0 8 2.186761
58 91 0 8 2.186521
14 32 0 8 2.183598
67 74 0 8 2.176739
7 88 0 8 2.167627
28 34 0 8 2.164063
6 64 0 8 2.160558
17 32 0 8 2.158461
38 89 0 8 2.151320
29 64 0 8 2.147510
7 66 0 8 2.144710
8 83 0 8 2.144200
20 81 0 8 2.141414
67 73 0 8 2.133881
19 35 0 8 2.132018
58 68 0 8 2.126903
6 26 0 8 2.124537
19 56 0 8 2.118613
11 48 0 8 2.114010
71 77 0 8 2.101511
35 81 0 8 2.101214
6 73 0 8 2.090976
36 54 0 8 2.082685
6 32 0 8 2.080913
46 51 0 8 2.075001
8 29 0 8 2.074106
40 45 0 8 2.071046
19 55 0 8 2.070004
36 48 0 8 2.069868
39 64 0 8 2.065360
72 87 0 8 2.062824
57 62 0 8 2.062352
47 65 0 8 2.059932
41 79 0 8 2.058873
69 75 0 8 2.055103
20 46 0 8 2.049952
52 61 0 8 2.048704
18 75 0 8 2.048640
5 26 0 8 2.048309
16 44 0 8 2.045048
7 77 0 8 2.043617
63 74 0 8 2.041130
30 37 0 8 2.037600
33 66 0 8 2.033958
7 25 0 8 2.031459
58 73 0 8 2.030723
23 60 0 8 2.027809
74 84 0 8 2.023926
25 79 0 8 2.018224
85 93 0 8 2.013245
70 86 0 8 2.010379
9 76 0 8 2.009986
36 53 0 8 2.005713
4 76 0 8 2.005053
53 62 0 8 2.001364
18 46 0 8 1.993380
5 63 0 8 1.992351
55 74 0 8 1.987954
11 32 0 8 1.986557
13 76 0 8 1.984174
51 56 0 8 1.981129
12 68 0 8 1.980336
22 59 0 8 1.974531
21 78 0 8 1.965039
15 46 0 8 1.962346
15 75 0 8 1.958404
83 88 0 8 1.956155
61 89 0 8 1.955146
5 76 0 8 1.939237
21 61 0 8 1.936810
60 90 0 8 1.936519
10 73 0 8 1.927871
7 75 0 8 1.925645
49 91 0 8 1.921576
20 40 0 8 1.918334
51 93 0 8 1.912105
55 67 0 8 1.906831
44 76 0 8 1.902668
8 81 0 8 1.895364
32 64 0 8 1.890842
85 91 0 8 1.882941
27 92 0 8 1.881577
57 65 0 8 1.879440
12 46 0 8 1.878264
51 74 0 8 1.877230
62 69 0 8 1.873071
47 56 0 8 1.863935
12 91 0 8 1.863894
70 77 0 8 1.862724
18 43 0 8 1.862382
23 42 0 8 1.861247
51 62 0 8 1.859531
16 86 0 8 1.856192
42 74 0 8 1.851344
45 79 0 8 1.850503
41 56 0 8 1.840159
9 78 0 8 1.837710
21 44 0 8 1.833318
3 87 0 8 1.828623
37 71 0 8 1.824835
19 39 0 8 1.813211
5 10 0 8 1.809127
4 80 0 8 1.794790
87 93 0 8 1.792608
13 81 0 8 1.790397
41 87 0 8 1.788607
20 62 0 8 1.788445
23 44 0 8 1.772400
44 53 0 8 1.769101
30 64 0 8 1.764412
45 87 0 8 1.756745
51 77 0 8 1.756486
47 73 0 8 1.754524
74 86 0 8 1.752605
11 80 0 8 1.750972
35 43 0 8 1.741259
47 72 0 8 1.736223
50 79 0 8 1.734696
22 37 0 8 1.733631
34 65 0 8 1.728741
25 53 0 8 1.725335
47 69 0 8 1.717044
6 23 0 8 1.714394
24 33 0 8 1.714272
10 40 0 8 1.712625
58 63 0 8 1.704477
28 33 0 8 1.703710
42 49 0 8 1.697219
15 78 0 8 1.686505
21 41 0 8 1.685616
12 83 0 8 1.684419
19 43 0 8 1.678361
28 40 0 8 1.675724
8 75 0 8 1.675376
39 85 0 8 1.674700
17 54 0 8 1.667401
29 62 0 8 1.662477
24 66 0 8 1.659120
43 96 0 8 1.657266
49 82 0 8 1.656828
41 86 0 8 1.656779
10 19 0 8 1.654951
60 89 0 8 1.649702
25 67 0 8 1.644585
73 90 0 8 1.637462
16 26 0 8 1.626606
37 62 0 8 1.624577
26 62 0 8 1.623633
49 60 0 8 1.621061
72 82 0 8 1.613065
68 81 0 8 1.610231
20 38 0 8 1.600293
55 82 0 8 1.599326
32 91 0 8 1.597543
36 78 0 8 1.597353
82 90 0 8 1.595237
56 77 0 8 1.592093
31 43 0 8 1.591186
43 94 0 8 1.591057
71 84 0 8 1.588744
54 60 0 8 1.582674
6 39 0 8 1.582218
9 53 0 8 1.580719
63 68 0 8 1.579515
6 15 0 8 1.571845
24 39 0 8 1.571776
17 23 0 8 1.569963
61 73 0 8 1.568087
7 14 0 8 1.562139
50 92 0 8 1.557598
16 78 0 8 1.556962
29 46 0 8 1.556942
21 57 0 8 1.552006
43 92 0 8 1.551590
74 83 0 8 1.550232
54 85 0 8 1.546830
25 84 0 8 1.543607
38 65 0 8 1.542013
10 69 0 8 1.538494
10 23 0 8 1.538401
18 65 0 8 1.532815
20 41 0 8 1.531286
19 85 0 8 1.530465
8 27 0 8 1.529160
43 77 0 8 1.524417
12 81 0 8 1.522165
23 33 0 8 1.520991
31 39 0 8 1.519826
56 64 0 8 1.519782
7 43 0 8 1.516197
27 54 0 8 1.514196
33 57 0 8 1.506799
35 65 0 8 1.503152
6 61 0 8 1.502679
60 70 0 8 1.501837
35 58 0 8 1.501342
69 84 0 8 1.498702
16 81 0 8 1.496781
74 82 0 8 1.494634
28 89 0 8 1.493337
19 87 0 8 1.491263
20 53 0 8 1.486591
17 50 0 8 1.475469
19 91 0 8 1.472745
20 30 0 8 1.470220
24 67 0 8 1.458957
28 47 0 8 1.455031
65 72 0 8 1.454864
12 74 0 8 1.453677
13 54 0 8 1.449534
25 66 0 8 1.447189
12 38 0 8 1.446780
14 91 0 8 1.443325
41 50 0 8 1.442477
15 30 0 8 1.441609
47 86 0 8 1.437799
78 83 0 8 1.433851
21 38 0 8 1.427087
3 31 0 8 1.426756
29 39 0 8 1.426708
41 48 0 8 1.425742
56 72 0 8 1.424678
6 14 0 8 1.424368
8 50 0 8 1.422339
4 63 0 8 1.421122
41 71 0 8 1.418813
45 54 0 8 1.418612
9 19 0 8 1.412762
50 89 0 8 1.408892
10 95 0 8 1.408464
6 89 0 8 1.407758
2 47 0 8 1.403437
40 50 0 8 1.402443
20 57 0 8 1.400367
5 27 0 8 1.397060
10 42 0 8 1.394323
13 30 0 8 1.394185
18 48 0 8 1.390236
71 86 0 8 1.389217
54 75 0 8 1.389178
29 87 0 8 1.384083
34 73 0 8 1.383438
2 11 0 8 1.380191
12 26 0 8 1.377463
8 13 0 8 1.376457
4 39 0 8 1.373429
28 55 0 8 1.372305
24 44 0 8 1.369319
23 28 0 8 1.365399
5 67 0 8 1.365003
35 60 0 8 1.363329
4 91 0 8 1.361038
75 90 0 8 1.349948
5 17 0 8 1.346605
31 40 0 8 1.346322
11 43 0 8 1.345539
4 42 0 8 1.345173
24 69 0 8 1.341974
40 88 0 8 1.340822
45 85 0 8 1.340723
24 91 0 8 1.338686
25 62 0 8 1.335854
74 85 0 8 1.334099
7 82 0 8 1.332572
17 35 0 8 1.331565
32 43 0 8 1.329437
32 53 0 8 1.326022
7 41 0 8 1.325956
30 62 0 8 1.320714
23 54 0 8 1.318235
62 67 0 8 1.317112
12 43 0 8 1.316288
71 85 0 8 1.313420
25 71 0 8 1.310056
22 82 0 8 1.309680
27 70 0 8 1.307546
35 64 0 8 1.307363
10 25 0 8 1.305797
4 90 0 8 1.305235
25 43 0 8 1.304710
14 69 0 8 1.304478
68 75 0 8 1.303046
23 50 0 8 1.302916
69 92 0 8 1.302075
38 81 0 8 1.298669
65 84 0 8 1.298251
27 73 0 8 1.295908
52 76 0 8 1.293844
9 26 0 8 1.292562
14 82 0 8 1.289465
73 85 0 8 1.289430
15 73 0 8 1.285830
9 35 0 8 1.283485
3 18 0 8 1.282347
5 75 0 8 1.281218
43 83 0 8 1.279742
69 77 0 8 1.275274
60 75 0 8 1.271767
44 55 0 8 1.271760
40 89 0 8 1.270961
26 44 0 8 1.259673
31 38 0 8 1.257724
55 88 0 8 1.251775
54 67 0 8 1.249859
22 39 0 8 1.247455
67 75 0 8 1.242768
75 84 0 8 1.241592
51 65 0 8 1.241384
15 51 0 8 1.240486
29 35 0 8 1.236856
63 80 0 8 1.236764
28 57 0 8 1.234504
59 87 0 8 1.231962
16 50 0 8 1.228050
22 30 0 8 1.226288
3 66 0 8 1.223936
34 60 0 8 1.223725
86 95 0 8 1.222166
19 86 0 8 1.221436
14 96 0 8 1.218203
42 82 0 8 1.217268
28 78 0 8 1.216185
16 22 0 8 1.215299
56 74 0 8 1.215265
26 55 0 8 1.215026
53 76 0 8 1.209461
29 45 0 8 1.208156
49 63 0 8 1.206463
60 71 0 8 1.206424
77 85 0 8 1.204976
69 91 0 8 1.204576
42 93 0 8 1.204452
5 62 0 8 1.203950
20 64 0 8 1.201986
32 84 0 8 1.198912
2 71 0 8 1.198521
21 39 0 8 1.197767
4 93 0 8 1.197605
42 76 0 8 1.196738
72 86 0 8 1.196428
28 48 0 8 1.195576
11 58 0 8 1.193781
16 30 0 8 1.187821
11 66 0 8 1.187547
58 74 0 8 1.184405
7 96 0 8 1.181772
37 84 0 8 1.180354
13 38 0 8 1.167862
42 85 0 8 1.167483
16 45 0 8 1.166941
31 60 0 8 1.165139
43 55 0 8 1.164016
38 64 0 8 1.163141
32 39 0 8 1.162981
8 74 0 8 1.162863
33 56 0 8 1.162039
16 23 0 8 1.161284
6 82 0 8 1.157804
26 93 0 8 1.155669
37 49 0 8 1.149507
12 76 0 8 1.145640
29 58 0 8 1.143812
17 49 0 8 1.143171
42 64 0 8 1.141672
58 86 0 8 1.140685
64 85 0 8 1.140622
35 82 0 8 1.140106
34 71 0 8 1.137893
4 64 0 8 1.137567
19 31 0 8 1.137139
61 70 0 8 1.134182
4 73 0 8 1.131857
18 79 0 8 1.131391
5 41 0 8 1.131062
4 26 0 8 1.130660
9 14 0 8 1.130049
4 10 0 8 1.129109
32 82 0 8 1.128817
15 68 0 8 1.128804
22 27 0 8 1.128203
36 49 0 8 1.127667
34 89 0 8 1.126471
17 29 0 8 1.123912
13 43 0 8 1.123589
15 91 0 8 1.117725
62 92 0 8 1.114686
23 66 0 8 1.112194
24 70 0 8 1.111123
32 58 0 8 1.110453
32 44 0 8 1.107369
24 60 0 8 1.106521
37 53 0 8 1.105530
17 74 0 8 1.104878
61 86 0 8 1.103566
21 30 0 8 1.100693
21 33 0 8 1.095813
28 50 0 8 1.094638
8 88 0 8 1.094048
38 72 0 8 1.093405
29 83 0 8 1.092277
52 81 0 8 1.092011
22 71 0 8 1.090413
3 32 0 8 1.089363
51 67 0 8 1.087381
41 52 0 8 1.085873
80 91 0 8 1.083988
8 30 0 8 1.079618
45 53 0 8 1.079165
70 85 0 8 1.074700
5 92 0 8 1.072130
13 42 0 8 1.067393
39 70 0 8 1.061589
16 48 0 8 1.059121
49 81 0 8 1.058811
3 27 0 8 1.057848
23 72 0 8 1.057172
7 45 0 8 1.055676
34 59 0 8 1.054376
8 61 0 8 1.052068
18 60 0 8 1.050331
18 51 0 8 1.047553
41 70 0 8 1.045867
48 78 0 8 1.044009
27 85 0 8 1.042123
5 61 0 8 1.041853
56 62 0 8 1.041770
34 77 0 8 1.040805
36 43 0 8 1.040738
43 73 0 8 1.040375
19 36 0 8 1.039160
43 97 0 8 1.038978
2 43 0 8 1.037981
14 23 0 8 1.037882
35 90 0 8 1.037454
16 36 0 8 1.035983
47 57 0 8 1.035450
44 77 0 8 1.034876
30 42 0 8 1.033728
87 92 0 8 1.033262
67 79 0 8 1.029598
15 55 0 8 1.026204
41 78 0 8 1.024930
33 67 0 8 1.024393
70 84 0 8 1.024200
23 29 0 8 1.021361
10 28 0 8 1.020824
32 42 0 8 1.020691
75 81 0 8 1.020514
9 79 0 8 1.020210
2 60 0 8 1.018231
37 69 0 8 1.018148
69 79 0 8 1.013798
22 56 0 8 1.011760
27 33 0 8 1.009490
47 90 0 8 1.007375
3 45 0 8 1.006055
27 58 0 8 1.005933
39 73 0 8 1.001243
37 80 0 8 1.000637
30 94 0 8 1.000327
14 45 0 8 0.999563
6 40 0 8 0.997614
20 36 0 8 0.997196
39 88 0 8 0.996299
21 45 0 8 0.994386
9 56 0 8 0.990972
45 83 0 8 0.990757
61 72 0 8 0.990531
34 86 0 8 0.989926
27 74 0 8 0.989916
26 40 0 8 0.989894
10 32 0 8 0.989863
15 45 0 8 0.988682
85 94 0 8 0.988665
54 61 0 8 0.982459
4 70 0 8 0.982366
56 63 0 8 0.979834
29 55 0 8 0.979048
2 52 0 8 0.977615
11 26 0 8 0.977106
36 80 0 8 0.975413
34 64 0 8 0.972682
31 61 0 8 0.971614
71 92 0 8 0.969512
12 56 0 8 0.967846
40 57 0 8 0.967156
83 92 0 8 0.966682
10 55 0 8 0.965028
77 84 0 8 0.964190
4 38 0 8 0.962631
17 39 0 8 0.956603
26 66 0 8 0.955918
36 50 0 8 0.954190
36 85 0 8 0.952963
35 49 0 8 0.948465
2 32 0 8 0.947712
69 89 0 8 0.945475
21 48 0 8 0.941034
4 97 0 8 0.940319
5 43 0 8 0.938675
9 41 0 8 0.938523
61 87 0 8 0.938187
48 57 0 8 0.937532
52 80 0 8 0.936518
79 84 0 8 0.936164
48 68 0 8 0.934717
4 94 0 8 0.931867
9 62 0 8 0.930802
33 73 0 8 0.927416
37 42 0 8 0.927403
40 90 0 8 0.925824
13 32 0 8 0.924473
60 85 0 8 0.924092
8 40 0 8 0.923813
31 90 0 8 0.922615
21 58 0 8 0.920993
6 90 0 8 0.920103
4 29 0 8 0.918395
6 56 0 8 0.918096
14 59 0 8 0.917820
10 21 0 8 0.915786
17 44 0 8 0.913304
34 85 0 8 0.906396
3 57 0 8 0.905555
67 97 0 8 0.904108
40 53 0 8 0.900101
42 94 0 8 0.899814
46 58 0 8 0.898672
57 63 0 8 0.898261
78 90 0 8 0.896689
2 24 0 8 0.896044
28 81 0 8 0.895071
25 39 0 8 0.894933
31 79 0 8 0.893686
64 76 0 8 0.891491
70 90 0 8 0.887257
91 96 0 8 0.884122
56 84 0 8 0.883690
28 82 0 8 0.882954
16 87 0 8 0.882073
20 92 0 8 0.881234
51 60 0 8 0.880697
6 94 0 8 0.879701
53 84 0 8 0.879571
27 97 0 8 0.876353
17 94 0 8 0.872991
35 54 0 8 0.866131
55 93 0 8 0.866105
39 74 0 8 0.861275
27 56 0 8 0.860416
50 59 0 8 0.859864
4 89 0 8 0.856319
89 94 0 8 0.855230
9 30 0 8 0.854507
47 79 0 8 0.853480
35 71 0 8 0.850781
41 89 0 8 0.849320
15 61 0 8 0.847082
5 65 0 8 0.846403
19 54 0 8 0.842666
47 63 0 8 0.842573
7 91 0 8 0.842339
43 52 0 8 0.840949
48 76 0 8 0.839186
35 56 0 8 0.838091
13 36 0 8 0.838020
26 57 0 8 0.837409
9 24 0 8 0.837171
41 81 0 8 0.835243
65 71 0 8 0.834593
63 81 0 8 0.833270
5 86 0 8 0.831281
35 72 0 8 0.829447
61 68 0 8 0.828867
18 38 0 8 0.828188
3 62 0 8 0.826530
22 70 0 8 0.825620
21 31 0 8 0.824246
40 47 0 8 0.819451
18 49 0 8 0.818040
24 43 0 8 0.816868
21 37 0 8 0.815830
68 73 0 8 0.814432
48 66 0 8 0.813099
10 43 0 8 0.811749
18 81 0 8 0.811687
19 53 0 8 0.810678
24 37 0 8 0.809226
60 66 0 8 0.807905
67 81 0 8 0.806262
80 92 0 8 0.805857
13 63 0 8 0.804819
45 63 0 8 0.799962
27 67 0 8 0.799733
33 58 0 8 0.798624
3 71 0 8 0.797484
50 90 0 8 0.796147
29 78 0 8 0.794685
65 78 0 8 0.794589
10 44 0 8 0.792435
2 35 0 8 0.792256
15 70 0 8 0.792238
69 81 0 8 0.791873
54 87 0 8 0.790765
69 78 0 8 0.786495
24 38 0 8 0.786032
15 23 0 8 0.784688
37 57 0 8 0.783583
34 50 0 8 0.782076
35 57 0 8 0.780929
43 60 0 8 0.780446
22 84 0 8 0.780096
28 49 0 8 0.779497
23 53 0 8 0.776331
76 84 0 8 0.776080
5 24 0 8 0.775879
37 68 0 8 0.773517
68 82 0 8 0.772133
2 33 0 8 0.771148
17 66 0 8 0.770924
36 62 0 8 0.770785
54 68 0 8 0.764860
14 20 0 8 0.764652
6 51 0 8 0.763030
24 77 0 8 0.762437
49 71 0 8 0.761563
23 85 0 8 0.760512
16 41 0 8 0.759737
31 46 0 8 0.759181
12 21 0 8 0.758467
6 12 0 8 0.757789
6 68 0 8 0.757672
25 65 0 8 0.754116
19 70 0 8 0.753600
26 60 0 8 0.752234
49 73 0 8 0.752194
4 27 0 8 0.749419
3 53 0 8 0.746451
25 93 0 8 0.744877
34 63 0 8 0.744805
43 75 0 8 0.742718
10 90 0 8 0.742386
22 29 0 8 0.739545
34 82 0 8 0.739335
78 88 0 8 0.738515
23 90 0 8 0.737187
18 94 0 8 0.736136
5 12 0 8 0.735670
11 21 0 8 0.735517
13 35 0 8 0.733770
23 86 0 8 0.731273
59 84 0 8 0.731136
64 84 0 8 0.729236
35 66 0 8 0.729204
33 63 0 8 0.727901
10 92 0 8 0.726674
12 97 0 8 0.725452
36 41 0 8 0.722972
77 86 0 8 0.722934
41 46 0 8 0.722640
28 51 0 8 0.717891
18 92 0 8 0.717028
49 68 0 8 0.715481
86 91 0 8 0.714816
25 63 0 8 0.712574
38 68 0 8 0.712089
62 82 0 8 0.710665
22 64 0 8 0.710115
39 97 0 8 0.706538
9 57 0 8 0.706452
37 86 0 8 0.706001
68 90 0 8 0.702753
27 52 0 8 0.701957
2 14 0 8 0.700469
23 96 0 8 0.699841
52 95 0 8 0.697813
89 95 0 8 0.696421
8 41 0 8 0.696246
77 93 0 8 0.695431
27 57 0 8 0.694925
3 33 0 8 0.692417
64 97 0 8 0.691741
64 70 0 8 0.691159
8 77 0 8 0.690417
39 69 0 8 0.690170
48 74 0 8 0.689485
15 43 0 8 0.685492
20 47 0 8 0.685458
28 92 0 8 0.684852
27 68 0 8 0.683029
7 13 0 8 0.682778
47 80 0 8 0.677172
11 18 0 8 0.675419
81 87 0 8 0.675193
28 45 0 8 0.670777
26 43 0 8 0.667599
51 59 0 8 0.667293
14 89 0 8 0.666982
16 29 0 8 0.666580
23 95 0 8 0.666554
5 23 0 8 0.666552
13 51 0 8 0.666453
34 52 0 8 0.665025
48 61 0 8 0.664979
8 70 0 8 0.661367
14 42 0 8 0.660060
20 56 0 8 0.659180
39 49 0 8 0.658992
53 83 0 8 0.656326
35 51 0 8 0.655206
30 73 0 8 0.653754
58 90 0 8 0.653651
39 92 0 8 0.653453
18 66 0 8 0.653337
53 92 0 8 0.650911
45 67 0 8 0.650293
68 97 0 8 0.649245
56 82 0 8 0.648832
46 62 0 8 0.648451
57 92 0 8 0.648315
21 50 0 8 0.647863
58 76 0 8 0.647345
39 93 0 8 0.647123
39 58 0 8 0.646518
23 40 0 8 0.643864
29 73 0 8 0.643292
55 92 0 8 0.642042
30 59 0 8 0.640713
5 11 0 8 0.640204
37 65 0 8 0.639302
76 90 0 8 0.638045
23 69 0 8 0.637771
26 97 0 8 0.637416
34 75 0 8 0.636565
33 59 0 8 0.634292
10 63 0 8 0.633886
28 94 0 8 0.632880
38 97 0 8 0.631274
8 68 0 8 0.630546
63 72 0 8 0.628766
3 12 0 8 0.628494
2 23 0 8 0.626641
65 74 0 8 0.624451
9 96 0 8 0.620922
28 36 0 8 0.620568
90 97 0 8 0.620057
12 49 0 8 0.618331
19 61 0 8 0.617422
17 58 0 8 0.617053
29 51 0 8 0.616842
44 86 0 8 0.614946
13 71 0 8 0.614886
52 74 0 8 0.614667
37 56 0 8 0.613256
11 45 0 8 0.612956
73 95 0 8 0.611623
14 88 0 8 0.611427
59 79 0 8 0.610863
9 82 0 8 0.610365
10 88 0 8 0.609374
34 56 0 8 0.608473
25 55 0 8 0.607282
45 86 0 8 0.606613
3 29 0 8 0.605135
35 42 0 8 0.604842
7 21 0 8 0.604021
18 41 0 8 0.601823
49 92 0 8 0.601766
70 81 0 8 0.601164
9 94 0 8 0.599408
13 34 0 8 0.598005
9 31 0 8 0.596258
14 35 0 8 0.595743
60 92 0 8 0.594810
5 97 0 8 0.592948
49 86 0 8 0.592071
10 91 0 8 0.591959
42 57 0 8 0.591912
4 60 0 8 0.591902
11 79 0 8 0.590337
32 51 0 8 0.589029
26 92 0 8 0.588197
4 35 0 8 0.587274
51 58 0 8 0.583112
51 94 0 8 0.582709
10 50 0 8 0.581409
8 97 0 8 0.579945
46 84 0 8 0.579373
8 87 0 8 0.576559
72 88 0 8 0.576157
34 84 0 8 0.574288
5 77 0 8 0.572340
8 79 0 8 0.571749
20 27 0 8 0.571560
30 52 0 8 0.570890
53 89 0 8 0.570409
33 39 0 8 0.569700
36 45 0 8 0.568969
14 38 0 8 0.568232
23 89 0 8 0.566646
7 23 0 8 0.566012
36 83 0 8 0.565773
13 80 0 8 0.565125
70 75 0 8 0.563132
7 24 0 8 0.561482
58 96 0 8 0.561195
40 49 0 8 0.560140
30 70 0 8 0.558944
10 38 0 8 0.557729
16 79 0 8 0.557395
17 78 0 8 0.557284
9 17 0 8 0.556082
12 32 0 8 0.555825
16 88 0 8 0.553522
14 90 0 8 0.552111
52 67 0 8 0.551941
81 94 0 8 0.550447
34 47 0 8 0.548518
33 87 0 8 0.546158
20 45 0 8 0.545001
58 72 0 8 0.544335
7 42 0 8 0.543823
30 78 0 8 0.542549
31 58 0 8 0.541285
78 91 0 8 0.540602
4 57 0 8 0.539966
10 83 0 8 0.538714
59 94 0 8 0.537793
16 21 0 8 0.537496
73 81 0 8 0.537043
15 90 0 8 0.535679
29 60 0 8 0.534270
47 85 0 8 0.533262
21 77 0 8 0.531179
92 97 0 8 0.531164
2 18 0 8 0.530922
63 95 0 8 0.530710
4 16 0 8 0.527987
37 52 0 8 0.527952
3 36 0 8 0.527459
57 68 0 8 0.527220
33 38 0 8 0.525127
21 53 0 8 0.524557
15 95 0 8 0.523650
29 95 0 8 0.522922
11 30 0 8 0.522075
14 26 0 8 0.520724
38 90 0 8 0.519514
50 77 0 8 0.518302
42 95 0 8 0.517510
32 38 0 8 0.516115
17 52 0 8 0.515273
17 87 0 8 0.513421
28 56 0 8 0.512490
3 90 0 8 0.512014
12 61 0 8 0.509369
3 10 0 8 0.508779
15 32 0 8 0.508424
61 90 0 8 0.507767
19 88 0 8 0.506763
12 67 0 8 0.506086
34 45 0 8 0.505169
73 89 0 8 0.504722
32 57 0 8 0.503147
2 82 0 8 0.503057
51 89 0 8 0.502802
52 78 0 8 0.502753
10 64 0 8 0.499261
39 65 0 8 0.498495
51 61 0 8 0.497235
13 28 0 8 0.497135
11 96 0 8 0.494050
30 57 0 8 0.492951
19 66 0 8 0.491655
12 88 0 8 0.489871
3 15 0 8 0.489758
46 73 0 8 0.489532
46 80 0 8 0.486823
52 63 0 8 0.485632
67 95 0 8 0.483678
29 53 0 8 0.483406
11 70 0 8 0.483368
20 59 0 8 0.483068
18 71 0 8 0.481589
48 63 0 8 0.481445
62 89 0 8 0.481131
41 85 0 8 0.480780
16 49 0 8 0.479818
19 71 0 8 0.479249
3 49 0 8 0.478263
24 47 0 8 0.477410
13 87 0 8 0.477390
27 46 0 8 0.475666
21 88 0 8 0.475334
51 92 0 8 0.474855
11 46 0 8 0.473394
54 88 0 8 0.473116
69 83 0 8 0.472204
32 87 0 8 0.471899
4 52 0 8 0.471205
33 89 0 8 0.470961
56 80 0 8 0.470342
72 77 0 8 0.469010
25 77 0 8 0.468970
6 49 0 8 0.468238
2 55 0 8 0.467400
32 62 0 8 0.466931
25 70 0 8 0.466829
39 66 0 8 0.466570
47 55 0 8 0.466302
29 70 0 8 0.465392
2 61 0 8 0.463260
24 53 0 8 0.461963
89 97 0 8 0.461844
58 88 0 8 0.461624
16 57 0 8 0.460953
70 91 0 8 0.460716
83 95 0 8 0.460695
50 55 0 8 0.460654
71 90 0 8 0.460424
31 44 0 8 0.459023
13 22 0 8 0.458287
19 59 0 8 0.456871
66 87 0 8 0.455731
85 95 0 8 0.454834
33 50 0 8 0.454141
2 92 0 8 0.454129
78 87 0 8 0.453832
32 46 0 8 0.452696
45 74 0 8 0.452356
20 55 0 8 0.447753
7 93 0 8 0.447638
46 70 0 8 0.447142
9 49 0 8 0.446195
30 44 0 8 0.444548
6 97 0 8 0.443912
58 95 0 8 0.442231
59 72 0 8 0.440262
18 53 0 8 0.437974
65 97 0 8 0.437466
40 83 0 8 0.437309
57 95 0 8 0.437264
62 90 0 8 0.436351
33 86 0 8 0.433692
5 49 0 8 0.431348
30 36 0 8 0.430681
17 71 0 8 0.429989
28 86 0 8 0.428832
54 76 0 8 0.428827
51 78 0 8 0.428055
2 8 0 8 0.428006
11 93 0 8 0.422346
11 92 0 8 0.421767
13 21 0 8 0.421081
28 58 0 8 0.419558
33 69 0 8 0.419397
28 38 0 8 0.418810
22 85 0 8 0.418762
6 54 0 8 0.418572
69 87 0 8 0.417679
39 84 0 8 0.417261
64 95 0 8 0.416447
29 42 0 8 0.414905
32 86 0 8 0.413332
28 71 0 8 0.412795
7 87 0 8 0.412535
49 97 0 8 0.411660
15 27 0 8 0.411616
6 13 0 8 0.411178
57 71 0 8 0.410775
26 81 0 8 0.407676
13 97 0 8 0.406568
12 89 0 8 0.406018
10 87 0 8 0.404403
32 54 0 8 0.401552
13 73 0 8 0.399898
50 61 0 8 0.399302
3 9 0 8 0.398439
8 35 0 8 0.397042
14 48 0 8 0.396982
56 73 0 8 0.396780
4 23 0 8 0.395911
44 70 0 8 0.394792
31 50 0 8 0.393458
73 94 0 8 0.393398
52 79 0 8 0.393312
12 57 0 8 0.391086
49 66 0 8 0.390672
2 89 0 8 0.389612
29 89 0 8 0.388159
36 89 0 8 0.387508
18 47 0 8 0.386342
51 69 0 8 0.386236
13 83 0 8 0.383085
9 15 0 8 0.382936
27 34 0 8 0.381527
10 97 0 8 0.381527
42 73 0 8 0.379879
42 87 0 8 0.378913
10 94 0 8 0.376074
42 92 0 8 0.374940
29 66 0 8 0.374453
13 60 0 8 0.374158
36 61 0 8 0.374118
42 62 0 8 0.373430
19 24 0 8 0.373017
51 75 0 8 0.371903
64 91 0 8 0.371560
6 91 0 8 0.368595
25 34 0 8 0.368573
3 96 0 8 0.368380
32 71 0 8 0.367440
45 90 0 8 0.366921
15 56 0 8 0.366868
27 90 0 8 0.366783
71 91 0 8 0.364671
23 49 0 8 0.361872
83 97 0 8 0.361863
61 71 0 8 0.361294
58 82 0 8 0.360808
71 97 0 8 0.359700
50 86 0 8 0.359107
55 84 0 8 0.358538
8 62 0 8 0.357520
33 53 0 8 0.356436
28 90 0 8 0.356251
55 81 0 8 0.355497
33 71 0 8 0.353676
2 15 0 8 0.353600
42 60 0 8 0.353078
33 65 0 8 0.352304
29 48 0 8 0.352006
30 38 0 8 0.351021
66 94 0 8 0.349696
5 72 0 8 0.348978
35 70 0 8 0.348273
28 42 0 8 0.346598
64 89 0 8 0.346482
37 58 0 8 0.345398
32 49 0 8 0.344529
20 80 0 8 0.341806
71 83 0 8 0.340493
28 72 0 8 0.339759
57 82 0 8 0.338423
4 78 0 8 0.337938
9 27 0 8 0.337783
38 66 0 8 0.337418
19 75 0 8 0.335894
3 85 0 8 0.334479
32 55 0 8 0.334149
24 80 0 8 0.333831
6 95 0 8 0.333180
46 83 0 8 0.331922
62 81 0 8 0.331763
26 47 0 8 0.329987
13 62 0 8 0.329345
71 96 0 8 0.328404
21 36 0 8 0.327477
25 35 0 8 0.326784
36 84 0 8 0.326574
66 78 0 8 0.324585
3 11 0 8 0.324451
19 57 0 8 0.321412
18 35 0 8 0.321169
8 65 0 8 0.320505
17 88 0 8 0.320048
39 81 0 8 0.319475
34 40 0 8 0.318385
55 63 0 8 0.318322
16 94 0 8 0.317760
47 76 0 8 0.317715
33 75 0 8 0.317705
26 72 0 8 0.317448
31 85 0 8 0.316564
6 34 0 8 0.316142
33 72 0 8 0.313910
8 16 0 8 0.313597
47 66 0 8 0.312896
26 39 0 8 0.309298
48 84 0 8 0.308232
7 90 0 8 0.307050
60 88 0 8 0.305772
27 76 0 8 0.304984
57 86 0 8 0.302872
12 92 0 8 0.302818
41 51 0 8 0.302709
12 78 0 8 0.302279
32 85 0 8 0.300496
17 47 0 8 0.298713
56 93 0 8 0.296368
8 25 0 8 0.295485
16 28 0 8 0.295484
3 91 0 8 0.293360
24 49 0 8 0.293307
65 73 0 8 0.292498
26 89 0 8 0.291965
22 44 0 8 0.291082
9 33 0 8 0.290580
30 92 0 8 0.290033
35 86 0 8 0.289470
79 85 0 8 0.288498
67 91 0 8 0.287114
52 59 0 8 0.286006
2 57 0 8 0.284551
35 97 0 8 0.284017
62 86 0 8 0.283161
61 83 0 8 0.282644
31 37 0 8 0.282028
42 84 0 8 0.281851
3 83 0 8 0.280082
16 34 0 8 0.280076
44 81 0 8 0.278934
18 73 0 8 0.277888
48 83 0 8 0.277749
66 80 0 8 0.277334
63 79 0 8 0.275081
54 62 0 8 0.275032
13 23 0 8 0.274733
22 61 0 8 0.273252
2 39 0 8 0.271657
73 91 0 8 0.271371
30 41 0 8 0.269187
43 61 0 8 0.266749
10 22 0 8 0.266494
57 91 0 8 0.266132
69 97 0 8 0.265290
71 95 0 8 0.264823
8 78 0 8 0.264694
17 80 0 8 0.264454
81 88 0 8 0.264333
62 85 0 8 0.263430
62 83 0 8 0.263303
55 90 0 8 0.262326
13 46 0 8 0.262320
59 88 0 8 0.262123
47 61 0 8 0.262013
65 88 0 8 0.261210
58 64 0 8 0.260894
35 40 0 8 0.260174
19 29 0 8 0.260156
9 95 0 8 0.258916
7 62 0 8 0.257242
11 82 0 8 0.256849
26 74 0 8 0.256557
37 77 0 8 0.255883
76 88 0 8 0.254914
15 25 0 8 0.254389
4 88 0 8 0.253876
9 52 0 8 0.253636
33 82 0 8 0.252423
9 25 0 8 0.248604
53 97 0 8 0.247936
22 40 0 8 0.247433
49 65 0 8 0.245851
7 52 0 8 0.245807
3 77 0 8 0.245492
32 63 0 8 0.244730
29 36 0 8 0.244554
7 16 0 8 0.243460
22 31 0 8 0.242930
34 61 0 8 0.242012
13 96 0 8 0.241720
70 94 0 8 0.241420
5 81 0 8 0.239981
21 71 0 8 0.239870
21 68 0 8 0.235249
3 28 0 8 0.235129
68 89 0 8 0.234664
39 78 0 8 0.234393
40 63 0 8 0.233349
23 65 0 8 0.232882
12 69 0 8 0.232392
35 80 0 8 0.232135
19 69 0 8 0.229146
9 20 0 8 0.228788
31 36 0 8 0.227490
30 48 0 8 0.227006
5 90 0 8 0.226641
40 75 0 8 0.225427
58 93 0 8 0.222906
6 17 0 8 0.222880
40 76 0 8 0.222874
49 85 0 8 0.221963
2 87 0 8 0.221295
24 48 0 8 0.220999
37 78 0 8 0.219764
32 94 0 8 0.219163
73 78 0 8 0.219004
31 95 0 8 0.217386
62 75 0 8 0.216517
90 95 0 8 0.215056
35 50 0 8 0.214574
26 78 0 8 0.214462
47 70 0 8 0.214230
32 92 0 8 0.213820
4 31 0 8 0.213441
34 57 0 8 0.211699
14 52 0 8 0.211541
33 49 0 8 0.209502
52 60 0 8 0.209365
3 64 0 8 0.208200
9 71 0 8 0.208046
52 93 0 8 0.207705
46 76 0 8 0.207198
43 56 0 8 0.206913
34 93 0 8 0.205905
22 28 0 8 0.205552
30 95 0 8 0.205163
11 24 0 8 0.204283
23 34 0 8 0.203046
24 40 0 8 0.202470
10 53 0 8 0.202321
6 41 0 8 0.201973
29 34 0 8 0.195845
66 81 0 8 0.195583
32 47 0 8 0.193380
20 79 0 8 0.191960
17 84 0 8 0.191878
61 67 0 8 0.191720
59 95 0 8 0.190256
35 68 0 8 0.189843
20 67 0 8 0.189025
2 34 0 8 0.188688
79 96 0 8 0.188429
7 53 0 8 0.187265
18 23 0 8 0.186609
28 59 0 8 0.186341
58 89 0 8 0.185775
12 90 0 8 0.185516
42 63 0 8 0.185509
31 74 0 8 0.180530
24 94 0 8 0.179526
28 46 0 8 0.179464
19 78 0 8 0.178900
6 70 0 8 0.178492
12 18 0 8 0.178481
34 51 0 8 0.178182
30 76 0 8 0.177991
51 91 0 8 0.177969
25 83 0 8 0.177624
68 86 0 8 0.177289
73 88 0 8 0.176420
36 44 0 8 0.176293
2 10 0 8 0.176050
42 66 0 8 0.175222
35 75 0 8 0.174977
6 29 0 8 0.174831
2 91 0 8 0.174697
24 93 0 8 0.174600
32 37 0 8 0.174293
15 66 0 8 0.173825
30 58 0 8 0.173450
32 41 0 8 0.172614
48 65 0 8 0.172352
49 75 0 8 0.172326
27 88 0 8 0.171233
7 58 0 8 0.170895
3 89 0 8 0.170018
13 49 0 8 0.169434
6 72 0 8 0.168037
25 49 0 8 0.167447
2 37 0 8 0.165597
3 73 0 8 0.164502
3 63 0 8 0.164178
38 73 0 8 0.164078
5 68 0 8 0.164013
30 80 0 8 0.163847
55 83 0 8 0.162299
23 97 0 8 0.161622
15 53 0 8 0.160069
34 79 0 8 0.159964
9 63 0 8 0.159444
41 63 0 8 0.159087
70 96 0 8 0.158964
19 83 0 8 0.158186
2 9 0 8 0.157260
42 58 0 8 0.156784
28 91 0 8 0.155960
84 93 0 8 0.155242
23 36 0 8 0.154696
26 58 0 8 0.154003
47 91 0 8 0.153266
3 56 0 8 0.152972
31 69 0 8 0.152848
44 60 0 8 0.152636
71 81 0 8 0.151213
29 92 0 8 0.150773
16 74 0 8 0.150638
76 81 0 8 0.150220
27 69 0 8 0.149627
77 90 0 8 0.147286
24 41 0 8 0.147165
18 40 0 8 0.146835
15 22 0 8 0.146511
85 92 0 8 0.145265
12 20 0 8 0.145023
45 66 0 8 0.144814
27 71 0 8 0.144397
26 64 0 8 0.144338
16 69 0 8 0.143495
37 97 0 8 0.141977
15 76 0 8 0.139977
63 70 0 8 0.139954
17 62 0 8 0.139705
32 78 0 8 0.138090
9 43 0 8 0.137679
6 62 0 8 0.137675
90 96 0 8 0.137117
39 60 0 8 0.136379
25 44 0 8 0.136085
11 63 0 8 0.135017
29 79 0 8 0.134142
30 66 0 8 0.133853
20 50 0 8 0.133180
36 93 0 8 0.131939
25 96 0 8 0.131496
63 87 0 8 0.130973
39 86 0 8 0.130364
30 82 0 8 0.129836
28 73 0 8 0.129343
5 47 0 8 0.129136
34 54 0 8 0.127348
13 40 0 8 0.125404
8 56 0 8 0.123230
2 40 0 8 0.123039
9 44 0 8 0.122734
36 59 0 8 0.122064
16 82 0 8 0.119293
3 8 0 8 0.118968
2 85 0 8 0.118884
42 69 0 8 0.118564
19 64 0 8 0.118372
5 71 0 8 0.118163
48 80 0 8 0.115730
14 39 0 8 0.115632
61 81 0 8 0.112957
11 75 0 8 0.110987
8 60 0 8 0.109856
5 94 0 8 0.109556
24 32 0 8 0.107359
59 64 0 8 0.107102
6 21 0 8 0.106742
60 96 0 8 0.105403
35 45 0 8 0.104547
64 69 0 8 0.104376
4 92 0 8 0.102885
55 73 0 8 0.102839
24 97 0 8 0.102599
65 85 0 8 0.102085
48 55 0 8 0.102007
6 38 0 8 0.101800
45 95 0 8 0.099965
14 19 0 8 0.097463
6 48 0 8 0.097304
4 25 0 8 0.096797
7 65 0 8 0.096071
4 82 0 8 0.095212
45 96 0 8 0.094668
28 39 0 8 0.094539
11 37 0 8 0.094191
12 24 0 8 0.094105
51 70 0 8 0.093888
41 65 0 8 0.091701
52 86 0 8 0.091512
14 57 0 8 0.091344
5 73 0 8 0.090818
14 72 0 8 0.088160
69 93 0 8 0.087476
4 96 0 8 0.087048
44 61 0 8 0.086727
23 32 0 8 0.086602
29 94 0 8 0.086596
19 93 0 8 0.086247
11 74 0 8 0.085791
84 90 0 8 0.084089
17 45 0 8 0.083911
7 44 0 8 0.082374
30 63 0 8 0.081082
88 93 0 8 0.079132
22 79 0 8 0.078537
6 25 0 8 0.078494
66 90 0 8 0.078023
7 22 0 8 0.077730
64 80 0 8 0.076776
60 86 0 8 0.076639
38 82 0 8 0.076440
65 81 0 8 0.075142
42 50 0 8 0.075035
30 97 0 8 0.074524
2 75 0 8 0.074131
12 44 0 8 0.073306
81 92 0 8 0.073121
47 83 0 8 0.072678
47 92 0 8 0.072578
12 31 0 8 0.072194
22 93 0 8 0.071608
26 76 0 8 0.069591
45 91 0 8 0.068180
49 94 0 8 0.066818
17 40 0 8 0.065469
25 85 0 8 0.064862
14 97 0 8 0.064708
31 41 0 8 0.064512
19 79 0 8 0.063541
50 56 0 8 0.062607
79 87 0 8 0.062454
14 95 0 8 0.061317
33 55 0 8 0.061308
18 34 0 8 0.060054
16 37 0 8 0.058894
42 77 0 8 0.058140
4 85 0 8 0.057064
30 96 0 8 0.056700
3 14 0 8 0.056625
46 72 0 8 0.056097
7 26 0 8 0.055849
26 67 0 8 0.055717
8 95 0 8 0.054856
44 79 0 8 0.053674
17 92 0 8 0.052953
2 31 0 8 0.051766
38 60 0 8 0.050299
28 96 0 8 0.049933
12 51 0 8 0.047774
34 46 0 8 0.046807
49 69 0 8 0.043798
22 42 0 8 0.043548
80 97 0 8 0.043335
31 96 0 8 0.042913
12 25 0 8 0.042865
3 68 0 8 0.042740
10 54 0 8 0.042469
9 36 0 8 0.042092
19 26 0 8 0.040908
61 88 0 8 0.040620
2 93 0 8 0.040397
5 59 0 8 0.040306
41 68 0 8 0.040301
12 34 0 8 0.038789
56 71 0 8 0.038062
28 76 0 8 0.036991
45 88 0 8 0.036272
48 53 0 8 0.035852
69 88 0 8 0.035029
60 83 0 8 0.034246
86 96 0 8 0.034095
75 97 0 8 0.032347
61 66 0 8 0.031685
87 94 0 8 0.028918
70 95 0 8 0.027786
11 20 0 8 0.027629
24 92 0 8 0.027381
7 37 0 8 0.026725
13 24 0 8 0.026649
12 28 0 8 0.026424
57 94 0 8 0.026264
3 47 0 8 0.026103
61 94 0 8 0.026061
10 65 0 8 0.026018
54 77 0 8 0.025964
7 85 0 8 0.023498
17 96 0 8 0.023407
10 29 0 8 0.023236
80 94 0 8 0.022268
79 95 0 8 0.021949
28 66 0 8 0.021495
18 83 0 8 0.020586
12 22 0 8 0.020282
27 47 0 8 0.019883
32 75 0 8 0.019240
12 53 0 8 0.018308
26 77 0 8 0.017284
20 63 0 8 0.017139
38 61 0 8 0.016405
4 87 0 8 0.016097
17 24 0 8 0.015311
10 59 0 8 0.014293
33 70 0 8 0.011213
12 40 0 8 0.011122
5 34 0 8 0.009505
50 67 0 8 0.008457
49 95 0 8 0.008332
20 44 0 8 0.007152
27 49 0 8 0.006897
85 96 0 8 0.006669
39 47 0 8 0.005876
48 60 0 8 0.004749
55 65 0 8 0.004272
11 69 0 8 0.003470
4 69 0 8 0.002961
8 89 0 8 0.002750
4 77 0 8 0.002618
26 80 0 8 0.001812
23 93 0 8 0.001107
42 52 0 8 0.001075
51 84 0 8 0.000364
1 6 0 8 0.000000
1 7 0 8 0.000000
1 8 0 8 0.000000
1 9 0 8 0.000000
1 10 0 8 0.000000
1 11 0 8 0.000000
1 12 0 8 0.000000
1 13 0 8 0.000000
1 14 0 8 0.000000
1 15 0 8 0.000000
1 16 0 8 0.000000
1 17 0 8 0.000000
1 18 0 8 0.000000
1 19 0 8 0.000000
1 20 0 8 0.000000
1 21 0 8 0.000000
1 22 0 8 0.000000
1 23 0 8 0.000000
1 24 0 8 0.000000
1 25 0 8 0.000000
1 26 0 8 0.000000
1 27 0 8 0.000000
1 28 0 8 0.000000
1 29 0 8 0.000000
1 30 0 8 0.000000
1 31 0 8 0.000000
1 32 0 8 0.000000
1 33 0 8 0.000000
1 34 0 8 0.000000
1 35 0 8 0.000000
1 36 0 8 0.000000
1 37 0 8 0.000000
1 38 0 8 0.000000
1 39 0 8 0.000000
1 40 0 8 0.000000
1 41 0 8 0.000000
1 42 0 8 0.000000
1 43 0 8 0.000000
1 44 0 8 0.000000
1 45 0 8 0.000000
1 46 0 8 0.000000
1 47 0 8 0.000000
1 48 0 8 0.000000
1 49 0 8 0.000000
1 50 0 8 0.000000
1 51 0 8 0.000000
1 52 0 8 0.000000
1 53 0 8 0.000000
1 54 0 8 0.000000
1 55 0 8 0.000000
1 56 0 8 0.000000
1 57 0 8 0.000000
1 58 0 8 0.000000
1 59 0 8 0.000000
1 60 0 8 0.000000
1 61 0 8 0.000000
1 62 0 8 0.000000
1 63 0 8 0.000000
1 64 0 8 0.000000
1 65 0 8 0.000000
1 66 0 8 0.000000
1 67 0 8 0.000000
1 68 0 8 0.000000
1 69 0 8 0.000000
1 70 0 8 0.000000
1 71 0 8 0.000000
1 72 0 8 0.000000
1 73 0 8 0.000000
1 74 0 8 0.000000
1 75 0 8 0.000000
1 76 0 8 0.000000
1 77 0 8 0.000000
1 78 0 8 0.000000
1 79 0 8 0.000000
1 80 0 8 0.000000
1 81 0 8 0.000000
1 82 0 8 0.000000
1 83 0 8 0.000000
1 84 0 8 0.000000
1 85 0 8 0.000000
1 86 0 8 0.000000
1 87 0 8 0.000000
1 88 0 8 0.000000
1 89 0 8 0.000000
1 90 0 8 0.000000
1 91 0 8 0.000000
1 92 0 8 0.000000
1 93 0 8 0.000000
1 94 0 8 0.000000
1 95 0 8 0.000000
1 96 0 8 0.000000
1 97 0 8 0.000000
25 58 0 8 -0.000060
86 92 0 8 -0.000081
71 88 0 8 -0.000448
3 74 0 8 -0.001228
28 95 0 8 -0.001376
45 52 0 8 -0.001575
27 64 0 8 -0.002194
20 58 0 8 -0.002792
19 32 0 8 -0.003707
30 86 0 8 -0.005283
37 59 0 8 -0.005897
13 25 0 8 -0.006384
21 43 0 8 -0.006418
38 75 0 8 -0.007452
38 62 0 8 -0.007495
8 36 0 8 -0.007555
68 87 0 8 -0.008024
41 55 0 8 -0.008500
26 51 0 8 -0.009894
3 54 0 8 -0.010115
19 50 0 8 -0.012302
36 76 0 8 -0.012668
26 36 0 8 -0.013679
43 88 0 8 -0.015068
11 23 0 8 -0.016898
23 46 0 8 -0.017101
32 97 0 8 -0.018639
50 63 0 8 -0.020278
74 91 0 8 -0.020923
33 45 0 8 -0.021002
47 54 0 8 -0.022168
14 50 0 8 -0.022330
18 67 0 8 -0.023076
15 48 0 8 -0.023159
5 64 0 8 -0.024485
45 70 0 8 -0.024585
20 89 0 8 -0.025664
9 77 0 8 -0.026627
10 58 0 8 -0.026772
35 63 0 8 -0.028034
7 74 0 8 -0.028485
67 87 0 8 -0.029236
39 53 0 8 -0.029444
14 60 0 8 -0.030823
58 80 0 8 -0.030834
3 21 0 8 -0.031213
21 42 0 8 -0.031365
75 89 0 8 -0.032222
72 91 0 8 -0.032283
65 80 0 8 -0.032860
27 45 0 8 -0.033621
72 78 0 8 -0.035104
4 44 0 8 -0.035583
4 12 0 8 -0.036949
53 95 0 8 -0.037940
3 95 0 8 -0.038271
45 93 0 8 -0.040115
16 66 0 8 -0.040166
24 42 0 8 -0.040189
21 27 0 8 -0.040728
43 93 0 8 -0.040783
9 59 0 8 -0.041287
57 97 0 8 -0.041298
14 63 0 8 -0.041845
42 71 0 8 -0.041882
40 54 0 8 -0.042161
62 88 0 8 -0.043448
83 94 0 8 -0.043877
57 87 0 8 -0.043900
16 60 0 8 -0.044157
7 71 0 8 -0.045602
48 58 0 8 -0.047327
79 86 0 8 -0.047550
15 49 0 8 -0.048267
9 23 0 8 -0.049023
72 93 0 8 -0.049437
65 76 0 8 -0.049807
23 61 0 8 -0.050006
13 26 0 8 -0.051037
6 96 0 8 -0.051158
62 71 0 8 -0.051773
25 64 0 8 -0.051902
39 95 0 8 -0.051917
2 69 0 8 -0.052115
31 55 0 8 -0.052265
11 94 0 8 -0.053304
74 94 0 8 -0.053450
40 97 0 8 -0.056814
13 67 0 8 -0.057921
36 71 0 8 -0.058271
21 32 0 8 -0.058430
56 68 0 8 -0.060115
9 34 0 8 -0.060794
57 83 0 8 -0.062492
31 63 0 8 -0.062776
69 82 0 8 -0.063873
51 79 0 8 -0.065396
83 89 0 8 -0.065509
7 95 0 8 -0.066482
31 42 0 8 -0.066734
51 63 0 8 -0.067088
2 88 0 8 -0.068287
21 87 0 8 -0.070091
11 72 0 8 -0.071573
46 57 0 8 -0.072335
25 92 0 8 -0.072953
50 65 0 8 -0.074402
33 52 0 8 -0.074995
10 35 0 8 -0.075049
24 88 0 8 -0.075889
31 48 0 8 -0.076088
24 68 0 8 -0.076164
2 19 0 8 -0.077926
50 58 0 8 -0.078918
44 50 0 8 -0.080448
22 68 0 8 -0.081300
69 86 0 8 -0.081386
20 84 0 8 -0.081682
17 83 0 8 -0.082478
39 45 0 8 -0.082488
18 42 0 8 -0.084242
48 86 0 8 -0.084918
22 86 0 8 -0.085717
19 25 0 8 -0.086002
22 45 0 8 -0.087857
20 33 0 8 -0.088934
48 95 0 8 -0.089676
11 64 0 8 -0.091220
35 44 0 8 -0.091662
22 97 0 8 -0.091858
36 96 0 8 -0.092362
27 40 0 8 -0.093261
48 75 0 8 -0.093655
53 60 0 8 -0.095014
41 88 0 8 -0.096679
2 54 0 8 -0.097289
19 65 0 8 -0.098004
75 86 0 8 -0.098408
26 94 0 8 -0.098509
50 82 0 8 -0.098758
49 87 0 8 -0.099771
7 92 0 8 -0.100217
37 48 0 8 -0.100624
2 86 0 8 -0.102199
82 91 0 8 -0.102895
20 37 0 8 -0.103476
81 96 0 8 -0.103582
22 66 0 8 -0.103920
21 28 0 8 -0.105177
2 84 0 8 -0.105231
11 49 0 8 -0.105246
29 57 0 8 -0.105381
64 77 0 8 -0.105478
74 93 0 8 -0.106518
9 50 0 8 -0.107330
52 87 0 8 -0.109321
45 75 0 8 -0.109915
39 96 0 8 -0.110062
21 96 0 8 -0.110624
29 75 0 8 -0.110979
14 64 0 8 -0.111115
49 88 0 8 -0.111887
41 95 0 8 -0.113422
2 7 0 8 -0.113973
48 82 0 8 -0.115154
12 85 0 8 -0.115212
15 44 0 8 -0.115288
84 91 0 8 -0.115856
35 96 0 8 -0.116900
88 94 0 8 -0.117540
34 96 0 8 -0.118079
54 59 0 8 -0.120322
60 69 0 8 -0.121831
3 84 0 8 -0.122026
81 97 0 8 -0.122104
2 20 0 8 -0.123075
31 75 0 8 -0.123454
22 67 0 8 -0.124965
19 28 0 8 -0.125297
31 87 0 8 -0.125503
4 19 0 8 -0.125915
41 80 0 8 -0.126025
4 43 0 8 -0.130856
12 62 0 8 -0.132627
76 95 0 8 -0.134164
6 28 0 8 -0.134191
2 64 0 8 -0.135182
87 97 0 8 -0.135263
12 60 0 8 -0.135446
18 36 0 8 -0.135570
16 67 0 8 -0.136459
16 72 0 8 -0.136728
10 16 0 8 -0.137430
31 77 0 8 -0.137914
34 42 0 8 -0.139212
68 93 0 8 -0.139989
35 79 0 8 -0.140809
75 83 0 8 -0.141543
31 56 0 8 -0.142147
5 18 0 8 -0.142293
23 58 0 8 -0.142652
26 37 0 8 -0.142800
8 22 0 8 -0.143304
15 93 0 8 -0.144163
65 89 0 8 -0.144699
5 56 0 8 -0.145764
55 91 0 8 -0.145824
54 79 0 8 -0.146789
8 76 0 8 -0.149162
35 62 0 8 -0.151470
22 72 0 8 -0.151562
3 16 0 8 -0.151907
73 79 0 8 -0.152083
13 61 0 8 -0.152928
47 53 0 8 -0.154055
30 40 0 8 -0.154279
15 64 0 8 -0.155398
62 96 0 8 -0.155889
17 76 0 8 -0.155955
58 97 0 8 -0.156059
14 36 0 8 -0.156085
40 48 0 8 -0.157795
79 93 0 8 -0.157920
58 81 0 8 -0.158863
12 41 0 8 -0.158920
38 69 0 8 -0.159451
4 59 0 8 -0.160084
70 87 0 8 -0.160166
5 14 0 8 -0.160984
5 15 0 8 -0.162172
25 95 0 8 -0.162452
44 91 0 8 -0.164063
4 75 0 8 -0.164255
39 56 0 8 -0.168650
35 59 0 8 -0.169251
12 77 0 8 -0.169324
25 76 0 8 -0.169479
44 66 0 8 -0.171069
27 51 0 8 -0.171995
2 96 0 8 -0.173185
43 57 0 8 -0.173738
42 86 0 8 -0.174220
53 87 0 8 -0.174596
7 38 0 8 -0.176816
62 74 0 8 -0.178827
48 96 0 8 -0.178853
44 93 0 8 -0.178952
25 31 0 8 -0.179657
84 92 0 8 -0.179850
10 70 0 8 -0.179919
36 90 0 8 -0.180132
2 49 0 8 -0.180864
5 79 0 8 -0.181419
61 85 0 8 -0.183822
30 89 0 8 -0.184962
41 83 0 8 -0.185153
32 59 0 8 -0.185427
7 31 0 8 -0.186160
20 32 0 8 -0.186259
50 72 0 8 -0.186613
23 88 0 8 -0.186806
30 46 0 8 -0.187196
8 73 0 8 -0.187309
33 74 0 8 -0.187401
3 86 0 8 -0.188802
35 92 0 8 -0.188898
63 85 0 8 -0.189170
7 69 0 8 -0.189482
18 78 0 8 -0.191203
33 42 0 8 -0.191732
41 47 0 8 -0.191928
39 59 0 8 -0.192590
36 97 0 8 -0.192727
3 60 0 8 -0.192910
19 96 0 8 -0.192917
29 93 0 8 -0.194280
2 30 0 8 -0.194962
40 79 0 8 -0.194995
25 60 0 8 -0.196015
28 64 0 8 -0.197521
35 77 0 8 -0.197744
36 95 0 8 -0.198685
7 18 0 8 -0.199052
48 87 0 8 -0.199555
18 97 0 8 -0.199692
88 95 0 8 -0.199820
54 71 0 8 -0.200888
40 55 0 8 -0.202284
52 58 0 8 -0.203300
25 30 0 8 -0.203407
46 89 0 8 -0.205992
6 92 0 8 -0.206241
66 73 0 8 -0.206500
15 97 0 8 -0.207744
22 81 0 8 -0.208409
31 97 0 8 -0.208996
49 64 0 8 -0.209099
24 82 0 8 -0.209567
18 90 0 8 -0.209838
12 45 0 8 -0.209878
6 30 0 8 -0.211696
6 35 0 8 -0.212154
68 91 0 8 -0.212210
33 80 0 8 -0.212792
64 96 0 8 -0.216090
25 72 0 8 -0.216102
79 97 0 8 -0.216392
15 67 0 8 -0.216576
38 96 0 8 -0.217615
8 72 0 8 -0.217789
66 92 0 8 -0.217858
18 85 0 8 -0.218899
20 49 0 8 -0.219075
7 48 0 8 -0.219701
40 58 0 8 -0.220057
23 47 0 8 -0.220471
74 97 0 8 -0.221037
46 86 0 8 -0.221346
29 82 0 8 -0.221483
49 96 0 8 -0.222122
44 97 0 8 -0.222758
10 93 0 8 -0.223525
5 30 0 8 -0.225219
24 73 0 8 -0.226087
64 88 0 8 -0.226535
75 91 0 8 -0.226601
15 20 0 8 -0.226826
24 52 0 8 -0.227132
31 64 0 8 -0.227211
10 72 0 8 -0.227575
32 90 0 8 -0.228540
60 97 0 8 -0.229510
4 72 0 8 -0.229661
32 66 0 8 -0.230030
31 57 0 8 -0.230594
29 59 0 8 -0.230683
60 74 0 8 -0.230735
46 96 0 8 -0.232275
8 90 0 8 -0.233721
16 91 0 8 -0.234576
89 96 0 8 -0.235771
43 66 0 8 -0.235868
2 97 0 8 -0.236008
22 48 0 8 -0.236594
47 96 0 8 -0.236820
12 63 0 8 -0.238635
40 59 0 8 -0.238947
78 85 0 8 -0.240214
40 91 0 8 -0.241162
23 62 0 8 -0.241383
2 29 0 8 -0.241412
42 97 0 8 -0.241548
13 74 0 8 -0.242248
29 96 0 8 -0.242872
17 93 0 8 -0.243229
2 16 0 8 -0.243559
31 82 0 8 -0.243603
48 97 0 8 -0.244628
3 92 0 8 -0.245402
10 49 0 8 -0.246115
66 96 0 8 -0.247573
3 25 0 8 -0.247988
4 58 0 8 -0.249241
28 37 0 8 -0.249265
18 25 0 8 -0.249916
57 96 0 8 -0.250058
76 93 0 8 -0.250329
53 64 0 8 -0.250373
12 70 0 8 -0.250941
36 60 0 8 -0.251343
28 97 0 8 -0.252219
25 97 0 8 -0.252804
15 42 0 8 -0.253390
42 67 0 8 -0.253879
13 41 0 8 -0.254758
57 74 0 8 -0.255559
35 91 0 8 -0.255592
11 67 0 8 -0.255875
5 42 0 8 -0.256486
70 80 0 8 -0.257016
47 97 0 8 -0.257068
11 97 0 8 -0.257096
40 92 0 8 -0.258297
6 47 0 8 -0.258655
69 96 0 8 -0.260304
50 84 0 8 -0.260327
48 93 0 8 -0.261025
35 52 0 8 -0.261034
11 77 0 8 -0.262144
33 85 0 8 -0.262761
30 67 0 8 -0.263811
3 97 0 8 -0.263832
37 95 0 8 -0.265904
36 47 0 8 -0.267007
33 44 0 8 -0.267331
23 94 0 8 -0.268791
84 97 0 8 -0.269440
8 94 0 8 -0.269460
60 65 0 8 -0.269571
28 67 0 8 -0.270268
25 82 0 8 -0.270777
2 94 0 8 -0.270892
77 95 0 8 -0.271596
76 86 0 8 -0.271668
22 32 0 8 -0.271960
45 84 0 8 -0.272218
46 97 0 8 -0.272523
54 97 0 8 -0.275447
3 75 0 8 -0.275957
17 85 0 8 -0.276182
64 83 0 8 -0.277649
15 79 0 8 -0.278003
30 68 0 8 -0.278887
37 93 0 8 -0.279541
33 97 0 8 -0.280020
7 28 0 8 -0.280705
24 71 0 8 -0.280836
50 95 0 8 -0.280908
35 88 0 8 -0.281028
59 78 0 8 -0.284103
7 72 0 8 -0.285374
15 31 0 8 -0.285883
2 66 0 8 -0.285995
56 65 0 8 -0.286147
33 93 0 8 -0.286158
42 48 0 8 -0.286564
13 18 0 8 -0.287842
65 96 0 8 -0.289103
29 74 0 8 -0.289313
73 87 0 8 -0.290076
63 91 0 8 -0.291048
37 96 0 8 -0.291300
14 62 0 8 -0.291618
41 97 0 8 -0.293697
74 81 0 8 -0.295444
18 61 0 8 -0.296362
3 65 0 8 -0.298203
7 97 0 8 -0.298262
71 80 0 8 -0.298500
12 59 0 8 -0.299170
4 71 0 8 -0.299172
22 83 0 8 -0.299178
45 97 0 8 -0.299387
29 61 0 8 -0.299865
38 84 0 8 -0.300076
84 89 0 8 -0.300910
56 83 0 8 -0.301095
56 95 0 8 -0.302031
32 45 0 8 -0.302677
37 45 0 8 -0.303079
27 82 0 8 -0.304305
11 81 0 8 -0.304649
10 51 0 8 -0.305462
30 69 0 8 -0.306725
59 73 0 8 -0.307138
18 82 0 8 -0.307395
3 19 0 8 -0.307881
66 74 0 8 -0.308544
53 78 0 8 -0.310413
39 87 0 8 -0.310700
4 21 0 8 -0.310754
35 69 0 8 -0.311438
4 13 0 8 -0.311515
41 66 0 8 -0.311674
86 94 0 8 -0.311894
9 18 0 8 -0.312863
27 95 0 8 -0.312884
47 95 0 8 -0.313726
4 55 0 8 -0.313894
39 72 0 8 -0.315597
66 95 0 8 -0.315830
59 70 0 8 -0.316166
67 78 0 8 -0.316167
7 78 0 8 -0.316597
23 63 0 8 -0.316704
50 85 0 8 -0.316878
21 29 0 8 -0.317419
38 95 0 8 -0.318073
48 90 0 8 -0.319287
13 95 0 8 -0.320511
71 93 0 8 -0.322343
25 41 0 8 -0.322968
20 28 0 8 -0.324107
46 55 0 8 -0.324249
13 75 0 8 -0.325217
38 94 0 8 -0.325293
12 23 0 8 -0.325426
77 97 0 8 -0.325524
16 56 0 8 -0.325811
10 78 0 8 -0.325868
52 85 0 8 -0.326361
22 38 0 8 -0.326880
62 87 0 8 -0.326933
48 72 0 8 -0.328158
30 90 0 8 -0.328296
62 77 0 8 -0.328452
63 94 0 8 -0.329482
5 93 0 8 -0.331186
25 47 0 8 -0.332936
2 58 0 8 -0.332985
4 51 0 8 -0.333218
56 79 0 8 -0.333237
21 70 0 8 -0.333594
2 95 0 8 -0.334215
3 34 0 8 -0.334256
10 84 0 8 -0.334334
40 96 0 8 -0.335005
3 81 0 8 -0.338431
19 58 0 8 -0.338587
43 95 0 8 -0.338945
40 77 0 8 -0.340900
44 94 0 8 -0.341185
15 96 0 8 -0.342151
45 58 0 8 -0.342827
27 94 0 8 -0.343465
77 91 0 8 -0.344093
12 96 0 8 -0.344800
50 96 0 8 -0.345503
14 85 0 8 -0.345722
23 56 0 8 -0.350097
5 20 0 8 -0.351700
18 56 0 8 -0.352243
56 88 0 8 -0.352579
33 90 0 8 -0.355146
84 95 0 8 -0.355510
44 71 0 8 -0.355716
88 97 0 8 -0.356363
10 31 0 8 -0.357423
12 86 0 8 -0.357510
59 92 0 8 -0.357861
55 87 0 8 -0.358104
56 61 0 8 -0.358161
45 89 0 8 -0.358233
73 92 0 8 -0.358990
24 86 0 8 -0.359133
11 57 0 8 -0.359515
12 64 0 8 -0.359687
2 38 0 8 -0.360192
86 97 0 8 -0.360397
2 63 0 8 -0.360856
68 84 0 8 -0.361647
64 94 0 8 -0.361875
2 28 0 8 -0.362416
83 96 0 8 -0.362706
20 61 0 8 -0.364292
30 51 0 8 -0.364408
72 80 0 8 -0.365611
41 77 0 8 -0.365892
33 43 0 8 -0.366290
66 97 0 8 -0.366590
58 84 0 8 -0.367344
45 81 0 8 -0.368044
65 91 0 8 -0.368506
68 94 0 8 -0.368752
4 46 0 8 -0.369073
29 43 0 8 -0.369602
12 37 0 8 -0.369794
68 95 0 8 -0.372192
81 86 0 8 -0.372322
55 61 0 8 -0.372958
26 41 0 8 -0.373260
17 82 0 8 -0.373267
9 97 0 8 -0.373363
11 95 0 8 -0.373521
38 51 0 8 -0.374420
5 29 0 8 -0.375594
37 92 0 8 -0.377634
35 83 0 8 -0.379002
11 34 0 8 -0.379035
7 19 0 8 -0.379121
33 76 0 8 -0.379640
17 97 0 8 -0.380355
27 96 0 8 -0.380741
25 40 0 8 -0.381600
18 50 0 8 -0.381709
63 71 0 8 -0.381916
39 94 0 8 -0.382511
74 95 0 8 -0.383244
36 67 0 8 -0.386059
3 48 0 8 -0.386220
17 95 0 8 -0.386281
14 66 0 8 -0.386709
3 52 0 8 -0.386910
66 93 0 8 -0.388931
32 60 0 8 -0.388945
65 94 0 8 -0.389291
20 97 0 8 -0.389380
52 88 0 8 -0.390106
30 93 0 8 -0.390157
34 76 0 8 -0.391623
46 92 0 8 -0.392627
8 54 0 8 -0.393780
44 72 0 8 -0.397213
8 19 0 8 -0.397297
84 96 0 8 -0.397379
6 63 0 8 -0.397538
60 68 0 8 -0.398980
4 30 0 8 -0.400277
5 78 0 8 -0.401207
44 96 0 8 -0.401281
28 60 0 8 -0.403559
44 65 0 8 -0.403728
4 95 0 8 -0.403860
59 96 0 8 -0.404127
72 96 0 8 -0.405182
16 40 0 8 -0.405441
62 73 0 8 -0.405673
13 48 0 8 -0.405793
13 82 0 8 -0.406738
81 95 0 8 -0.406926
15 94 0 8 -0.407362
91 97 0 8 -0.407858
37 60 0 8 -0.408206
70 97 0 8 -0.408630
85 97 0 8 -0.409365
20 96 0 8 -0.409383
48 81 0 8 -0.409772
53 77 0 8 -0.410203
63 93 0 8 -0.410222
11 91 0 8 -0.410293
6 87 0 8 -0.410309
31 94 0 8 -0.410411
57 79 0 8 -0.410482
68 85 0 8 -0.411794
26 96 0 8 -0.413024
49 54 0 8 -0.413108
34 94 0 8 -0.413329
41 76 0 8 -0.413862
57 70 0 8 -0.413994
10 39 0 8 -0.414303
60 94 0 8 -0.415945
31 62 0 8 -0.416282
16 75 0 8 -0.416483
19 68 0 8 -0.417080
44 69 0 8 -0.418367
21 95 0 8 -0.418679
14 44 0 8 -0.419481
35 74 0 8 -0.419919
3 37 0 8 -0.421154
29 97 0 8 -0.422522
11 31 0 8 -0.422813
20 83 0 8 -0.424453
15 28 0 8 -0.425386
49 76 0 8 -0.425751
23 39 0 8 -0.426263
67 90 0 8 -0.426721
21 94 0 8 -0.427456
15 33 0 8 -0.427527
17 60 0 8 -0.427550
33 96 0 8 -0.427556
12 52 0 8 -0.427694
35 95 0 8 -0.427763
42 96 0 8 -0.428035
20 75 0 8 -0.428045
12 58 0 8 -0.428471
7 60 0 8 -0.428593
23 82 0 8 -0.428959
30 39 0 8 -0.428985
18 52 0 8 -0.429302
2 83 0 8 -0.429362
82 94 0 8 -0.429371
15 71 0 8 -0.429816
45 77 0 8 -0.429922
24 54 0 8 -0.429975
6 22 0 8 -0.433248
17 90 0 8 -0.433821
67 96 0 8 -0.435492
11 71 0 8 -0.436519
43 65 0 8 -0.436602
5 13 0 8 -0.436609
52 97 0 8 -0.437561
24 95 0 8 -0.438210
55 97 0 8 -0.438224
62 95 0 8 -0.438475
11 28 0 8 -0.439429
31 81 0 8 -0.439720
39 77 0 8 -0.439941
9 75 0 8 -0.440433
62 94 0 8 -0.440530
40 95 0 8 -0.440987
25 68 0 8 -0.441252
66 83 0 8 -0.441964
75 95 0 8 -0.442002
25 81 0 8 -0.442098
64 71 0 8 -0.442489
38 50 0 8 -0.442920
25 52 0 8 -0.443189
9 48 0 8 -0.443273
24 79 0 8 -0.443363
2 65 0 8 -0.444749
68 83 0 8 -0.444776
2 48 0 8 -0.445305
3 88 0 8 -0.445569
7 30 0 8 -0.446046
69 94 0 8 -0.446198
82 95 0 8 -0.446792
22 77 0 8 -0.446813
18 30 0 8 -0.447381
49 93 0 8 -0.448095
72 89 0 8 -0.448656
5 80 0 8 -0.448933
79 88 0 8 -0.449225
34 53 0 8 -0.450578
11 51 0 8 -0.451942
49 70 0 8 -0.452148
18 80 0 8 -0.452602
36 79 0 8 -0.452923
46 82 0 8 -0.453431
22 34 0 8 -0.453455
40 94 0 8 -0.454723
25 61 0 8 -0.454818
40 73 0 8 -0.455176
12 17 0 8 -0.455211
18 72 0 8 -0.455418
41 73 0 8 -0.455740
20 69 0 8 -0.455749
7 40 0 8 -0.456349
45 80 0 8 -0.456583
68 80 0 8 -0.457685
5 31 0 8 -0.457822
70 89 0 8 -0.458038
26 59 0 8 -0.458286
13 29 0 8 -0.458850
26 46 0 8 -0.459013
11 90 0 8 -0.459451
5 48 0 8 -0.460239
19 95 0 8 -0.460595
9 61 0 8 -0.461398
15 38 0 8 -0.461409
2 17 0 8 -0.462096
44 95 0 8 -0.462904
37 88 0 8 -0.463054
11 36 0 8 -0.463230
61 82 0 8 -0.463952
24 35 0 8 -0.464434
3 69 0 8 -0.464662
80 93 0 8 -0.464720
54 96 0 8 -0.464846
75 96 0 8 -0.464859
52 82 0 8 -0.465181
50 97 0 8 -0.465428
83 90 0 8 -0.466106
7 56 0 8 -0.468110
40 80 0 8 -0.468275
7 12 0 8 -0.468405
31 88 0 8 -0.469075
3 20 0 8 -0.470392
16 55 0 8 -0.470653
17 42 0 8 -0.472490
18 96 0 8 -0.474051
64 93 0 8 -0.474152
86 93 0 8 -0.474255
24 78 0 8 -0.476087
48 94 0 8 -0.477336
7 46 0 8 -0.477983
46 95 0 8 -0.478129
25 80 0 8 -0.478501
24 59 0 8 -0.478666
11 22 0 8 -0.478786
73 93 0 8 -0.479775
76 91 0 8 -0.480685
12 95 0 8 -0.481115
50 91 0 8 -0.482088
19 37 0 8 -0.482310
30 65 0 8 -0.482660
41 96 0 8 -0.483050
16 95 0 8 -0.483165
24 55 0 8 -0.484722
59 90 0 8 -0.485856
3 93 0 8 -0.487929
70 93 0 8 -0.488551
5 32 0 8 -0.488711
76 94 0 8 -0.490635
21 82 0 8 -0.490967
52 91 0 8 -0.491201
2 81 0 8 -0.491426
50 62 0 8 -0.491680
71 87 0 8 -0.491686
27 62 0 8 -0.492445
35 73 0 8 -0.493800
16 53 0 8 -0.494401
32 96 0 8 -0.494615
9 55 0 8 -0.494726
72 97 0 8 -0.495790
20 25 0 8 -0.495874
12 79 0 8 -0.495898
66 85 0 8 -0.496717
34 48 0 8 -0.496741
13 93 0 8 -0.496883
55 78 0 8 -0.497007
43 53 0 8 -0.497273
53 75 0 8 -0.497279
7 15 0 8 -0.497448
50 80 0 8 -0.498120
2 79 0 8 -0.498411
31 49 0 8 -0.498619
77 96 0 8 -0.498631
49 74 0 8 -0.499540
24 96 0 8 -0.499780
82 92 0 8 -0.500496
24 64 0 8 -0.501499
58 92 0 8 -0.502011
3 26 0 8 -0.502393
62 79 0 8 -0.502689
10 66 0 8 -0.503264
59 93 0 8 -0.503400
12 33 0 8 -0.504656
55 89 0 8 -0.504997
9 65 0 8 -0.506461
2 12 0 8 -0.507551
31 71 0 8 -0.507961
23 31 0 8 -0.508122
47 67 0 8 -0.508436
12 54 0 8 -0.509006
35 89 0 8 -0.509044
21 79 0 8 -0.509277
8 71 0 8 -0.509324
81 91 0 8 -0.509539
25 91 0 8 -0.509942
8 85 0 8 -0.510045
69 80 0 8 -0.511974
10 45 0 8 -0.512238
37 94 0 8 -0.512301
38 46 0 8 -0.512486
11 61 0 8 -0.513601
7 89 0 8 -0.514382
6 84 0 8 -0.516367
2 51 0 8 -0.517904
3 46 0 8 -0.518272
26 31 0 8 -0.519711
30 85 0 8 -0.519947
2 67 0 8 -0.520029
25 46 0 8 -0.520239
38 55 0 8 -0.520661
5 45 0 8 -0.520680
72 95 0 8 -0.520697
26 34 0 8 -0.521181
65 70 0 8 -0.522004
3 17 0 8 -0.522010
34 39 0 8 -0.522458
17 72 0 8 -0.522459
28 75 0 8 -0.523080
43 82 0 8 -0.523278
6 19 0 8 -0.524942
6 77 0 8 -0.526041
79 94 0 8 -0.526355
17 38 0 8 -0.528113
18 69 0 8 -0.528187
52 83 0 8 -0.528615
4 56 0 8 -0.528809
3 94 0 8 -0.528951
54 74 0 8 -0.529035
7 35 0 8 -0.529188
27 80 0 8 -0.529972
16 97 0 8 -0.530047
23 45 0 8 -0.531405
21 64 0 8 -0.532162
58 78 0 8 -0.533136
33 47 0 8 -0.533375
22 90 0 8 -0.533801
60 91 0 8 -0.534102
54 89 0 8 -0.534396
34 97 0 8 -0.534521
14 31 0 8 -0.535350
45 94 0 8 -0.535433
34 95 0 8 -0.537528
48 54 0 8 -0.538153
3 58 0 8 -0.539694
28 69 0 8 -0.540109
7 79 0 8 -0.540802
27 59 0 8 -0.541686
53 58 0 8 -0.541700
76 97 0 8 -0.541759
2 78 0 8 -0.541999
38 57 0 8 -0.542907
40 87 0 8 -0.543335
73 80 0 8 -0.543464
37 91 0 8 -0.543721
60 93 0 8 -0.544384
18 54 0 8 -0.546014
30 84 0 8 -0.546606
4 50 0 8 -0.547590
20 95 0 8 -0.548399
38 79 0 8 -0.548856
16 33 0 8 -0.549447
69 85 0 8 -0.549826
5 89 0 8 -0.550572
63 83 0 8 -0.550786
9 87 0 8 -0.551572
3 13 0 8 -0.551752
8 57 0 8 -0.551978
42 79 0 8 -0.552524
8 93 0 8 -0.552703
2 77 0 8 -0.553354
78 97 0 8 -0.555272
13 57 0 8 -0.555466
15 37 0 8 -0.555863
12 73 0 8 -0.556264
59 89 0 8 -0.556279
55 79 0 8 -0.556719
3 79 0 8 -0.557170
88 96 0 8 -0.557310
3 22 0 8 -0.557710
52 64 0 8 -0.558321
22 92 0 8 -0.559656
11 88 0 8 -0.561262
42 75 0 8 -0.561828
49 89 0 8 -0.562028
14 81 0 8 -0.562775
24 84 0 8 -0.562944
24 36 0 8 -0.563355
26 79 0 8 -0.563724
22 96 0 8 -0.564332
2 45 0 8 -0.565382
70 88 0 8 -0.565403
12 94 0 8 -0.565705
47 94 0 8 -0.565765
18 93 0 8 -0.565932
47 74 0 8 -0.566543
14 25 0 8 -0.567738
53 93 0 8 -0.567950
45 71 0 8 -0.569337
35 94 0 8 -0.569424
7 80 0 8 -0.570534
12 48 0 8 -0.571282
2 13 0 8 -0.572050
2 53 0 8 -0.573598
7 64 0 8 -0.573638
23 37 0 8 -0.574265
55 72 0 8 -0.574416
63 84 0 8 -0.575053
22 78 0 8 -0.575137
50 94 0 8 -0.576409
8 31 0 8 -0.576656
20 74 0 8 -0.577057
7 54 0 8 -0.577350
24 45 0 8 -0.578144
6 27 0 8 -0.578172
21 97 0 8 -0.578277
12 72 0 8 -0.579035
43 80 0 8 -0.579876
4 15 0 8 -0.580067
49 78 0 8 -0.580184
18 31 0 8 -0.580619
11 83 0 8 -0.580764
25 45 0 8 -0.581039
61 97 0 8 -0.581600
58 94 0 8 -0.581906
17 22 0 8 -0.581975
2 25 0 8 -0.582278
6 79 0 8 -0.582724
14 33 0 8 -0.583649
26 48 0 8 -0.583810
11 35 0 8 -0.583975
18 86 0 8 -0.584130
33 95 0 8 -0.584429
57 80 0 8 -0.585086
16 96 0 8 -0.585832
8 63 0 8 -0.586304
14 46 0 8 -0.587503
26 50 0 8 -0.587993
23 41 0 8 -0.588088
47 78 0 8 -0.590226
83 93 0 8 -0.591540
16 71 0 8 -0.591852
62 97 0 8 -0.592213
37 72 0 8 -0.592308
15 84 0 8 -0.592551
21 75 0 8 -0.592889
62 72 0 8 -0.593172
36 86 0 8 -0.594094
42 90 0 8 -0.596185
66 79 0 8 -0.596265
47 81 0 8 -0.596754
15 40 0 8 -0.596915
75 93 0 8 -0.597789
43 48 0 8 -0.598703
51 72 0 8 -0.599045
59 97 0 8 -0.599753
3 55 0 8 -0.599881
18 95 0 8 -0.600404
2 74 0 8 -0.600501
17 28 0 8 -0.600700
59 69 0 8 -0.601853
5 50 0 8 -0.601905
39 48 0 8 -0.601912
18 37 0 8 -0.602982
3 51 0 8 -0.603553
35 41 0 8 -0.604782
36 46 0 8 -0.605339
28 84 0 8 -0.606061
2 26 0 8 -0.606098
6 45 0 8 -0.606982
38 80 0 8 -0.607330
22 95 0 8 -0.607776
85 90 0 8 -0.607879
29 81 0 8 -0.608171
17 59 0 8 -0.609170
14 41 0 8 -0.609177
23 57 0 8 -0.609968
40 84 0 8 -0.610496
56 94 0 8 -0.610636
66 89 0 8 -0.610675
13 64 0 8 -0.611190
71 76 0 8 -0.612425
3 40 0 8 -0.613564
24 29 0 8 -0.614573
25 94 0 8 -0.614924
8 49 0 8 -0.615467
47 89 0 8 -0.615772
22 46 0 8 -0.617541
24 50 0 8 -0.617897
28 93 0 8 -0.620403
19 97 0 8 -0.621149
25 75 0 8 -0.621161
33 88 0 8 -0.621224
55 95 0 8 -0.621766
14 73 0 8 -0.622275
18 28 0 8 -0.622300
68 96 0 8 -0.622521
14 74 0 8 -0.623424
4 49 0 8 -0.623457
84 94 0 8 -0.623760
21 72 0 8 -0.624143
2 44 0 8 -0.625207
58 87 0 8 -0.625331
2 21 0 8 -0.625565
10 76 0 8 -0.626792
7 73 0 8 -0.626899
51 95 0 8 -0.627090
47 62 0 8 -0.627689
54 66 0 8 -0.628413
33 94 0 8 -0.628613
30 87 0 8 -0.628820
47 64 0 8 -0.629496
50 73 0 8 -0.629805
8 80 0 8 -0.630439
24 74 0 8 -0.630639
54 64 0 8 -0.630979
44 49 0 8 -0.631340
48 88 0 8 -0.632513
53 86 0 8 -0.632610
61 78 0 8 -0.633049
37 85 0 8 -0.633866
7 76 0 8 -0.634120
30 54 0 8 -0.634455
8 24 0 8 -0.634513
75 94 0 8 -0.636318
42 80 0 8 -0.636447
4 11 0 8 -0.636599
38 45 0 8 -0.636603
45 62 0 8 -0.636763
78 96 0 8 -0.636951
16 32 0 8 -0.637496
5 95 0 8 -0.638678
8 20 0 8 -0.638973
32 95 0 8 -0.639029
74 96 0 8 -0.639288
4 18 0 8 -0.639820
35 61 0 8 -0.639822
26 85 0 8 -0.639957
6 46 0 8 -0.641337
15 92 0 8 -0.641423
25 38 0 8 -0.643195
4 66 0 8 -0.643850
59 81 0 8 -0.644296
63 76 0 8 -0.644315
53 65 0 8 -0.644442
31 47 0 8 -0.645364
61 79 0 8 -0.646132
66 86 0 8 -0.649911
2 41 0 8 -0.649939
55 96 0 8 -0.650000
22 88 0 8 -0.650126
29 76 0 8 -0.650565
20 86 0 8 -0.651998
18 87 0 8 -0.653589
53 70 0 8 -0.654389
11 59 0 8 -0.656327
28 35 0 8 -0.656752
63 75 0 8 -0.656802
7 20 0 8 -0.656883
71 79 0 8 -0.657927
72 85 0 8 -0.658490
14 75 0 8 -0.660149
48 92 0 8 -0.660241
17 25 0 8 -0.661148
15 72 0 8 -0.662294
9 90 0 8 -0.662535
47 68 0 8 -0.663053
35 93 0 8 -0.664163
67 83 0 8 -0.664531
26 49 0 8 -0.665281
2 56 0 8 -0.665289
4 32 0 8 -0.666370
74 87 0 8 -0.667009
42 91 0 8 -0.667009
13 79 0 8 -0.667471
36 51 0 8 -0.667991
73 84 0 8 -0.668025
31 70 0 8 -0.668611
7 94 0 8 -0.670606
36 57 0 8 -0.670612
7 33 0 8 -0.671496
81 93 0 8 -0.672064
5 84 0 8 -0.672343
53 81 0 8 -0.672956
38 49 0 8 -0.672963
32 69 0 8 -0.672967
41 90 0 8 -0.674526
26 71 0 8 -0.674741
6 69 0 8 -0.674754
58 79 0 8 -0.674986
53 63 0 8 -0.675918
4 17 0 8 -0.677840
55 94 0 8 -0.679463
21 81 0 8 -0.679672
4 14 0 8 -0.680017
29 68 0 8 -0.680495
63 97 0 8 -0.681320
40 71 0 8 -0.681794
21 84 0 8 -0.681890
51 97 0 8 -0.683691
11 89 0 8 -0.683710
79 92 0 8 -0.683896
3 44 0 8 -0.684995
4 48 0 8 -0.685335
7 47 0 8 -0.685445
74 92 0 8 -0.685602
13 92 0 8 -0.685679
76 96 0 8 -0.686201
62 76 0 8 -0.686262
48 73 0 8 -0.686932
2 80 0 8 -0.687177
65 93 0 8 -0.687848
63 73 0 8 -0.688077
52 89 0 8 -0.688366
19 76 0 8 -0.689157
12 66 0 8 -0.690423
6 93 0 8 -0.691968
20 88 0 8 -0.692150
19 94 0 8 -0.692334
20 60 0 8 -0.692863
63 96 0 8 -0.692909
8 96 0 8 -0.692940
9 47 0 8 -0.693698
20 90 0 8 -0.695564
4 65 0 8 -0.696288
48 67 0 8 -0.696817
46 68 0 8 -0.697505
73 97 0 8 -0.697620
9 42 0 8 -0.698594
16 62 0 8 -0.699997
3 78 0 8 -0.700259
32 73 0 8 -0.700643
25 33 0 8 -0.701007
11 86 0 8 -0.702300
31 93 0 8 -0.703340
11 50 0 8 -0.705049
30 47 0 8 -0.705156
30 71 0 8 -0.705612
13 89 0 8 -0.705822
44 90 0 8 -0.707297
47 77 0 8 -0.707768
21 73 0 8 -0.709338
56 96 0 8 -0.709465
57 72 0 8 -0.709679
33 79 0 8 -0.710510
74 79 0 8 -0.711313
11 33 0 8 -0.711723
78 93 0 8 -0.712410
17 61 0 8 -0.712728
53 96 0 8 -0.712754
8 23 0 8 -0.712911
55 68 0 8 -0.714014
22 51 0 8 -0.714412
39 67 0 8 -0.715160
64 90 0 8 -0.716428
20 51 0 8 -0.717868
7 63 0 8 -0.718701
45 60 0 8 -0.719726
16 83 0 8 -0.720311
73 96 0 8 -0.720317
5 96 0 8 -0.720723
79 91 0 8 -0.721142
80 96 0 8 -0.721809
17 69 0 8 -0.722404
33 64 0 8 -0.722412
17 43 0 8 -0.722436
47 82 0 8 -0.722563
38 52 0 8 -0.723295
44 82 0 8 -0.723693
82 97 0 8 -0.723769
5 16 0 8 -0.724633
38 48 0 8 -0.726293
77 94 0 8 -0.726420
56 97 0 8 -0.728497
52 96 0 8 -0.728541
61 96 0 8 -0.728918
9 93 0 8 -0.729784
51 73 0 8 -0.730840
45 73 0 8 -0.735237
18 59 0 8 -0.735300
6 88 0 8 -0.735870
14 70 0 8 -0.737296
35 48 0 8 -0.738095
57 81 0 8 -0.738168
30 49 0 8 -0.738410
72 79 0 8 -0.739441
51 86 0 8 -0.739777
63 78 0 8 -0.740386
82 93 0 8 -0.743484
31 54 0 8 -0.743934
14 28 0 8 -0.743960
64 75 0 8 -0.744756
34 90 0 8 -0.744917
44 83 0 8 -0.745981
4 61 0 8 -0.746066
82 96 0 8 -0.746106
18 77 0 8 -0.746157
51 96 0 8 -0.746318
9 69 0 8 -0.746722
48 56 0 8 -0.746768
20 39 0 8 -0.747095
49 56 0 8 -0.747221
15 47 0 8 -0.747398
71 89 0 8 -0.747460
11 41 0 8 -0.750161
25 86 0 8 -0.750670
40 93 0 8 -0.753528
60 95 0 8 -0.755097
48 91 0 8 -0.755429
11 52 0 8 -0.755624
28 41 0 8 -0.759293
80 86 0 8 -0.760320
46 94 0 8 -0.760484
61 95 0 8 -0.760838
50 75 0 8 -0.761854
14 24 0 8 -0.762241
50 71 0 8 -0.762389
20 66 0 8 -0.762629
33 46 0 8 -0.763136
39 79 0 8 -0.763704
66 77 0 8 -0.764815
11 84 0 8 -0.765075
41 53 0 8 -0.765887
53 79 0 8 -0.766915
33 78 0 8 -0.769556
10 15 0 8 -0.770381
79 89 0 8 -0.770870
18 64 0 8 -0.771729
76 89 0 8 -0.772376
20 52 0 8 -0.772689
16 42 0 8 -0.773281
28 70 0 8 -0.773300
44 63 0 8 -0.774922
12 36 0 8 -0.775060
45 56 0 8 -0.776860
45 51 0 8 -0.777777
11 29 0 8 -0.777797
5 70 0 8 -0.778321
9 28 0 8 -0.779188
11 27 0 8 -0.779718
7 50 0 8 -0.780213
5 25 0 8 -0.781207
12 93 0 8 -0.781430
12 39 0 8 -0.781876
22 52 0 8 -0.782073
9 89 0 8 -0.782644
43 54 0 8 -0.783522
9 92 0 8 -0.786973
4 47 0 8 -0.787208
30 77 0 8 -0.787681
61 74 0 8 -0.787790
78 94 0 8 -0.788864
48 71 0 8 -0.789207
36 69 0 8 -0.789912
77 88 0 8 -0.790046
20 72 0 8 -0.790643
52 84 0 8 -0.791294
71 78 0 8 -0.791813
24 90 0 8 -0.791827
2 42 0 8 -0.792099
33 60 0 8 -0.792331
20 73 0 8 -0.792423
80 87 0 8 -0.793002
16 76 0 8 -0.793059
24 56 0 8 -0.793113
4 62 0 8 -0.795581
56 85 0 8 -0.795728
56 90 0 8 -0.795763
25 57 0 8 -0.796966
2 46 0 8 -0.797034
58 69 0 8 -0.797471
49 79 0 8 -0.797485
22 35 0 8 -0.797807
21 85 0 8 -0.798093
13 55 0 8 -0.798152
33 77 0 8 -0.798912
71 94 0 8 -0.799154
16 35 0 8 -0.799340
87 96 0 8 -0.799611
21 66 0 8 -0.799707
80 95 0 8 -0.800032
7 68 0 8 -0.800651
4 68 0 8 -0.800767
9 46 0 8 -0.801226
13 20 0 8 -0.801393
3 43 0 8 -0.801452
3 41 0 8 -0.802549
7 29 0 8 -0.802867
19 30 0 8 -0.802947
53 91 0 8 -0.803926
46 64 0 8 -0.805075
3 76 0 8 -0.805127
60 73 0 8 -0.806001
78 95 0 8 -0.806723
35 55 0 8 -0.806882
41 94 0 8 -0.807785
3 35 0 8 -0.808677
58 67 0 8 -0.808767
6 31 0 8 -0.809511
48 64 0 8 -0.810593
36 75 0 8 -0.810666
4 24 0 8 -0.811286
63 69 0 8 -0.811328
73 82 0 8 -0.812688
5 85 0 8 -0.812800
2 50 0 8 -0.812822
28 44 0 8 -0.812857
9 40 0 8 -0.813983
4 9 0 8 -0.814131
16 54 0 8 -0.815413
52 94 0 8 -0.815741
35 53 0 8 -0.816022
26 63 0 8 -0.816300
54 65 0 8 -0.817127
34 68 0 8 -0.817593
60 79 0 8 -0.817728
11 19 0 8 -0.817731
44 51 0 8 -0.818393
27 91 0 8 -0.818601
22 58 0 8 -0.819535
54 93 0 8 -0.819865
51 83 0 8 -0.820446
15 87 0 8 -0.821362
6 36 0 8 -0.823964
45 72 0 8 -0.824473
46 88 0 8 -0.824516
38 67 0 8 -0.824738
7 83 0 8 -0.824797
14 80 0 8 -0.824981
44 73 0 8 -0.826089
11 54 0 8 -0.826935
23 92 0 8 -0.828335
2 27 0 8 -0.828692
37 67 0 8 -0.828880
6 66 0 8 -0.829208
10 34 0 8 -0.830100
11 68 0 8 -0.831738
45 68 0 8 -0.832920
11 16 0 8 -0.833607
31 76 0 8 -0.834152
26 88 0 8 -0.834949
69 95 0 8 -0.835850
65 86 0 8 -0.836735
62 68 0 8 -0.837666
45 50 0 8 -0.837727
8 91 0 8 -0.837871
6 44 0 8 -0.837900
25 59 0 8 -0.838123
65 82 0 8 -0.838275
43 78 0 8 -0.839217
3 24 0 8 -0.839241
78 84 0 8 -0.839642
35 76 0 8 -0.841640
64 78 0 8 -0.842669
39 46 0 8 -0.842670
42 54 0 8 -0.843999
9 64 0 8 -0.845284
4 45 0 8 -0.845384
53 74 0 8 -0.845757
15 81 0 8 -0.846469
21 26 0 8 -0.846951
16 38 0 8 -0.846960
24 83 0 8 -0.847525
61 92 0 8 -0.848508
7 27 0 8 -0.848666
55 76 0 8 -0.849260
9 80 0 8 -0.849382
64 79 0 8 -0.851130
65 95 0 8 -0.851183
8 48 0 8 -0.851528
26 95 0 8 -0.853256
32 40 0 8 -0.854133
77 89 0 8 -0.854261
49 62 0 8 -0.855444
44 92 0 8 -0.855585
51 90 0 8 -0.855699
50 68 0 8 -0.856340
17 30 0 8 -0.856913
15 41 0 8 -0.857733
49 55 0 8 -0.858140
24 72 0 8 -0.858177
11 39 0 8 -0.860784
33 48 0 8 -0.861673
27 61 0 8 -0.862720
61 76 0 8 -0.863449
21 63 0 8 -0.863584
68 77 0 8 -0.864020
20 43 0 8 -0.864066
87 95 0 8 -0.864545
6 18 0 8 -0.866319
6 80 0 8 -0.866582
8 42 0 8 -0.867083
3 61 0 8 -0.867994
25 56 0 8 -0.868083
4 20 0 8 -0.869107
26 53 0 8 -0.869690
53 94 0 8 -0.869843
11 65 0 8 -0.871999
24 61 0 8 -0.875812
64 92 0 8 -0.875916
26 75 0 8 -0.876015
24 81 0 8 -0.876506
46 66 0 8 -0.877550
59 66 0 8 -0.877881
44 75 0 8 -0.878524
46 93 0 8 -0.879134
13 86 0 8 -0.879322
37 43 0 8 -0.882626
58 77 0 8 -0.884253
40 52 0 8 -0.884367
8 46 0 8 -0.884953
13 78 0 8 -0.885110
10 60 0 8 -0.885163
56 70 0 8 -0.886505
22 57 0 8 -0.886685
34 44 0 8 -0.887707
38 58 0 8 -0.888404
20 93 0 8 -0.889200
33 81 0 8 -0.889427
41 61 0 8 -0.889788
15 62 0 8 -0.890745
50 64 0 8 -0.890869
20 26 0 8 -0.892109
5 37 0 8 -0.892475
39 51 0 8 -0.893284
12 30 0 8 -0.893650
56 81 0 8 -0.894673
14 68 0 8 -0.895527
3 59 0 8 -0.895781
6 85 0 8 -0.895896
5 88 0 8 -0.895903
9 39 0 8 -0.896628
59 86 0 8 -0.899655
34 81 0 8 -0.899744
8 32 0 8 -0.900763
12 47 0 8 -0.900768
17 70 0 8 -0.900932
42 72 0 8 -0.903500
2 72 0 8 -0.904064
19 33 0 8 -0.904129
21 91 0 8 -0.904272
51 81 0 8 -0.904363
14 30 0 8 -0.904575
41 75 0 8 -0.907082
33 61 0 8 -0.907255
5 28 0 8 -0.907672
28 43 0 8 -0.909197
34 88 0 8 -0.909950
57 85 0 8 -0.910112
67 94 0 8 -0.911118
32 89 0 8 -0.911672
4 22 0 8 -0.912103
21 54 0 8 -0.912130
29 47 0 8 -0.914859
30 75 0 8 -0.915353
26 65 0 8 -0.915681
60 84 0 8 -0.916718
8 14 0 8 -0.917027
3 30 0 8 -0.917063
14 29 0 8 -0.918217
56 89 0 8 -0.919803
14 61 0 8 -0.920438
15 85 0 8 -0.920724
32 93 0 8 -0.920746
10 18 0 8 -0.921291
52 70 0 8 -0.922063
48 62 0 8 -0.922351
31 92 0 8 -0.922485
15 36 0 8 -0.922743
17 48 0 8 -0.923571
10 67 0 8 -0.923849
79 90 0 8 -0.924288
17 37 0 8 -0.924403
16 80 0 8 -0.925356
8 86 0 8 -0.925569
14 51 0 8 -0.927678
23 30 0 8 -0.928027
20 94 0 8 -0.928730
7 57 0 8 -0.929813
48 89 0 8 -0.929962
28 85 0 8 -0.930834
21 62 0 8 -0.932490
14 43 0 8 -0.932669
30 72 0 8 -0.932884
21 56 0 8 -0.933812
64 87 0 8 -0.934515
66 75 0 8 -0.935026
31 65 0 8 -0.935037
28 54 0 8 -0.936441
43 71 0 8 -0.936856
27 72 0 8 -0.937560
54 86 0 8 -0.937696
26 90 0 8 -0.939128
58 83 0 8 -0.939581
38 78 0 8 -0.939603
7 39 0 8 -0.939780
5 60 0 8 -0.940644
65 83 0 8 -0.940863
75 80 0 8 -0.943061
50 70 0 8 -0.943111
17 86 0 8 -0.943350
64 72 0 8 -0.944497
33 68 0 8 -0.944608
57 84 0 8 -0.944837
11 44 0 8 -0.945402
53 68 0 8 -0.945769
54 69 0 8 -0.948080
29 54 0 8 -0.949017
25 73 0 8 -0.949127
13 85 0 8 -0.950309
67 86 0 8 -0.950882
39 61 0 8 -0.951623
13 39 0 8 -0.952631
31 86 0 8 -0.953845
18 45 0 8 -0.953953
14 22 0 8 -0.954210
33 51 0 8 -0.954236
22 74 0 8 -0.954860
23 91 0 8 -0.955775
8 34 0 8 -0.956372
29 77 0 8 -0.956561
80 88 0 8 -0.956948
2 59 0 8 -0.957864
66 91 0 8 -0.957933
38 47 0 8 -0.958494
13 37 0 8 -0.959826
37 75 0 8 -0.961504
16 52 0 8 -0.962066
22 73 0 8 -0.962314
5 46 0 8 -0.962742
58 70 0 8 -0.963087
2 68 0 8 -0.963183
17 79 0 8 -0.964516
45 59 0 8 -0.964753
14 49 0 8 -0.964938
22 89 0 8 -0.965224
37 89 0 8 -0.965670
41 93 0 8 -0.965909
37 79 0 8 -0.968469
30 91 0 8 -0.968544
65 90 0 8 -0.968587
65 77 0 8 -0.968994
7 34 0 8 -0.969436
50 93 0 8 -0.973161
12 75 0 8 -0.974502
17 65 0 8 -0.975144
11 87 0 8 -0.977106
68 79 0 8 -0.977164
21 76 0 8 -0.977205
14 79 0 8 -0.978792
4 79 0 8 -0.978871
24 65 0 8 -0.979163
48 77 0 8 -0.979573
25 54 0 8 -0.979890
50 69 0 8 -0.981121
64 73 0 8 -0.981308
43 49 0 8 -0.981639
8 84 0 8 -0.982116
11 47 0 8 -0.982706
36 42 0 8 -0.983716
32 79 0 8 -0.984826
53 88 0 8 -0.985280
24 58 0 8 -0.985828
25 74 0 8 -0.986026
4 41 0 8 -0.986196
25 42 0 8 -0.989359
64 81 0 8 -0.991734
18 62 0 8 -0.992082
60 80 0 8 -0.992262
27 44 0 8 -0.992483
14 37 0 8 -0.992754
25 51 0 8 -0.995184
34 58 0 8 -0.996492
13 50 0 8 -0.997202
14 86 0 8 -0.997600
8 45 0 8 -0.998409
18 84 0 8 -0.998596
68 92 0 8 -0.998817
24 46 0 8 -0.999002
53 73 0 8 -1.001117
28 52 0 8 -1.001685
29 49 0 8 -1.002353
54 95 0 8 -1.002637
7 32 0 8 -1.002781
27 48 0 8 -1.004839
47 59 0 8 -1.005875
38 91 0 8 -1.006575
15 26 0 8 -1.006861
10 79 0 8 -1.008250
13 45 0 8 -1.008841
55 86 0 8 -1.009438
5 87 0 8 -1.010654
42 51 0 8 -1.011496
53 66 0 8 -1.011907
41 82 0 8 -1.011943
60 87 0 8 -1.012209
11 17 0 8 -1.012691
21 69 0 8 -1.013539
39 90 0 8 -1.014952
43 67 0 8 -1.016364
29 88 0 8 -1.017039
13 47 0 8 -1.018068
37 81 0 8 -1.019583
36 72 0 8 -1.020066
16 47 0 8 -1.020297
54 73 0 8 -1.020543
18 57 0 8 -1.021298
15 88 0 8 -1.021570
41 67 0 8 -1.021860
65 87 0 8 -1.022128
19 40 0 8 -1.023078
9 21 0 8 -1.023384
6 24 0 8 -1.024542
31 45 0 8 -1.024670
16 84 0 8 -1.025282
18 70 0 8 -1.025990
52 62 0 8 -1.027510
47 52 0 8 -1.027781
54 82 0 8 -1.028388
19 48 0 8 -1.029276
74 88 0 8 -1.030747
53 71 0 8 -1.031263
45 61 0 8 -1.031564
8 51 0 8 -1.031653
26 35 0 8 -1.033161
48 85 0 8 -1.033605
20 87 0 8 -1.034002
27 37 0 8 -1.037055
20 42 0 8 -1.037247
25 78 0 8 -1.037454
20 78 0 8 -1.038177
12 71 0 8 -1.038411
12 82 0 8 -1.039001
5 35 0 8 -1.039095
4 54 0 8 -1.039258
8 82 0 8 -1.040843
9 72 0 8 -1.041138
39 50 0 8 -1.043471
5 39 0 8 -1.043522
25 90 0 8 -1.045003
40 81 0 8 -1.045594
18 24 0 8 -1.046939
72 94 0 8 -1.048014
14 34 0 8 -1.048941
10 80 0 8 -1.049069
3 42 0 8 -1.051960
42 83 0 8 -1.052192
4 37 0 8 -1.052416
57 93 0 8 -1.052633
12 35 0 8 -1.052655
6 55 0 8 -1.053123
19 49 0 8 -1.053594
15 50 0 8 -1.054901
22 62 0 8 -1.055687
20 29 0 8 -1.055737
34 74 0 8 -1.056583
56 66 0 8 -1.056639
29 50 0 8 -1.057023
65 79 0 8 -1.058503
11 38 0 8 -1.059497
37 55 0 8 -1.060496
16 51 0 8 -1.062482
11 76 0 8 -1.062513
23 78 0 8 -1.062640
39 44 0 8 -1.064972
2 22 0 8 -1.065782
6 65 0 8 -1.066695
11 60 0 8 -1.067298
13 94 0 8 -1.067410
33 91 0 8 -1.067557
26 42 0 8 -1.068058
10 86 0 8 -1.068628
27 53 0 8 -1.069046
31 66 0 8 -1.070718
43 79 0 8 -1.071010
64 86 0 8 -1.071237
18 26 0 8 -1.071793
3 72 0 8 -1.072339
29 40 0 8 -1.073268
34 80 0 8 -1.073384
61 84 0 8 -1.078161
50 74 0 8 -1.078389
20 71 0 8 -1.078600
14 84 0 8 -1.079514
76 85 0 8 -1.080984
24 62 0 8 -1.081169
38 44 0 8 -1.081658
15 57 0 8 -1.081881
43 70 0 8 -1.082135
18 58 0 8 -1.082245
35 46 0 8 -1.082365
31 80 0 8 -1.082394
15 21 0 8 -1.083514
47 60 0 8 -1.084220
67 92 0 8 -1.085439
20 76 0 8 -1.086141
54 78 0 8 -1.087140
82 88 0 8 -1.087222
40 60 0 8 -1.088367
47 93 0 8 -1.091299
22 65 0 8 -1.091299
45 92 0 8 -1.091360
24 57 0 8 -1.093730
30 45 0 8 -1.093740
22 87 0 8 -1.093917
15 29 0 8 -1.094143
32 70 0 8 -1.094984
66 71 0 8 -1.096774
16 89 0 8 -1.097190
36 94 0 8 -1.097915
25 50 0 8 -1.098176
12 42 0 8 -1.099237
15 86 0 8 -1.099556
15 89 0 8 -1.100689
15 82 0 8 -1.100926
33 92 0 8 -1.101728
61 75 0 8 -1.102015
18 29 0 8 -1.102216
12 19 0 8 -1.102913
66 72 0 8 -1.104246
52 75 0 8 -1.104355
27 41 0 8 -1.105991
43 86 0 8 -1.106071
57 90 0 8 -1.107152
59 65 0 8 -1.107374
15 69 0 8 -1.108544
17 34 0 8 -1.109870
58 71 0 8 -1.110581
68 88 0 8 -1.111501
29 38 0 8 -1.113214
8 37 0 8 -1.113986
49 61 0 8 -1.114986
17 73 0 8 -1.118929
55 60 0 8 -1.120046
46 61 0 8 -1.121028
35 67 0 8 -1.122773
54 94 0 8 -1.124705
60 76 0 8 -1.124752
74 90 0 8 -1.125064
54 84 0 8 -1.126365
31 78 0 8 -1.127002
54 63 0 8 -1.127260
6 37 0 8 -1.130217
10 30 0 8 -1.132064
42 70 0 8 -1.132546
34 78 0 8 -1.133363
28 61 0 8 -1.133489
25 89 0 8 -1.134277
8 53 0 8 -1.135485
28 68 0 8 -1.135486
32 52 0 8 -1.136560
41 84 0 8 -1.136606
66 88 0 8 -1.138194
65 92 0 8 -1.138473
22 94 0 8 -1.139256
7 55 0 8 -1.139621
27 83 0 8 -1.139638
62 91 0 8 -1.140647
28 53 0 8 -1.141914
43 89 0 8 -1.143057
25 32 0 8 -1.144012
46 59 0 8 -1.144999
9 73 0 8 -1.145038
12 84 0 8 -1.146084
56 75 0 8 -1.148087
75 87 0 8 -1.149377
40 51 0 8 -1.151279
78 92 0 8 -1.151985
10 52 0 8 -1.152088
16 64 0 8 -1.153750
29 84 0 8 -1.154115
9 81 0 8 -1.154361
70 79 0 8 -1.154432
18 91 0 8 -1.156013
12 55 0 8 -1.156151
56 86 0 8 -1.156888
4 28 0 8 -1.157099
29 86 0 8 -1.157173
8 28 0 8 -1.157691
4 33 0 8 -1.158355
24 76 0 8 -1.159319
70 82 0 8 -1.160048
11 62 0 8 -1.162912
77 83 0 8 -1.163875
51 71 0 8 -1.166857
26 73 0 8 -1.167081
4 81 0 8 -1.167099
13 90 0 8 -1.167550
31 67 0 8 -1.167811
28 83 0 8 -1.169200
25 37 0 8 -1.172311
3 82 0 8 -1.172721
49 80 0 8 -1.172747
4 74 0 8 -1.173397
46 74 0 8 -1.173465
21 86 0 8 -1.173843
9 67 0 8 -1.174093
10 85 0 8 -1.174154
75 85 0 8 -1.174346
67 93 0 8 -1.175476
43 72 0 8 -1.175576
76 87 0 8 -1.175848
22 55 0 8 -1.176201
44 89 0 8 -1.176287
24 31 0 8 -1.177009
40 85 0 8 -1.180044
39 82 0 8 -1.180348
45 69 0 8 -1.182407
59 82 0 8 -1.183316
22 43 0 8 -1.183359
34 87 0 8 -1.184371
54 92 0 8 -1.185305
13 77 0 8 -1.187186
22 91 0 8 -1.187411
31 53 0 8 -1.188953
29 72 0 8 -1.189403
17 63 0 8 -1.189485
9 88 0 8 -1.189555
5 82 0 8 -1.191583
29 91 0 8 -1.192614
27 65 0 8 -1.195802
17 26 0 8 -1.196000
14 55 0 8 -1.197174
11 55 0 8 -1.197559
28 88 0 8 -1.197932
15 63 0 8 -1.198062
11 40 0 8 -1.198275
57 78 0 8 -1.199480
2 36 0 8 -1.200089
35 78 0 8 -1.200644
22 47 0 8 -1.201982
21 35 0 8 -1.202020
69 76 0 8 -1.202855
8 92 0 8 -1.203633
54 91 0 8 -1.204386
13 66 0 8 -1.205511
24 75 0 8 -1.208920
33 84 0 8 -1.209624
27 84 0 8 -1.210307
2 76 0 8 -1.214369
47 88 0 8 -1.215151
12 65 0 8 -1.216626
32 80 0 8 -1.216641
13 91 0 8 -1.220423
34 92 0 8 -1.221582
57 89 0 8 -1.221817
30 35 0 8 -1.222867
42 68 0 8 -1.227275
43 81 0 8 -1.227662
44 57 0 8 -1.229021
26 83 0 8 -1.229300
10 75 0 8 -1.230938
12 50 0 8 -1.232550
45 64 0 8 -1.233358
17 46 0 8 -1.234998
26 45 0 8 -1.235961
47 71 0 8 -1.237939
27 93 0 8 -1.238409
8 58 0 8 -1.238442
47 58 0 8 -1.240081
44 84 0 8 -1.244371
25 88 0 8 -1.244837
45 57 0 8 -1.246479
81 90 0 8 -1.248837
7 70 0 8 -1.250173
21 65 0 8 -1.250213
23 48 0 8 -1.252679
8 52 0 8 -1.253210
59 83 0 8 -1.253753
10 62 0 8 -1.254274
28 80 0 8 -1.255155
37 50 0 8 -1.255160
52 57 0 8 -1.257163
31 91 0 8 -1.257574
39 57 0 8 -1.258647
15 80 0 8 -1.260085
13 70 0 8 -1.260302
49 58 0 8 -1.262563
36 74 0 8 -1.262846
6 42 0 8 -1.263214
4 36 0 8 -1.265350
21 90 0 8 -1.265655
7 49 0 8 -1.266518
26 32 0 8 -1.268930
38 92 0 8 -1.269173
5 66 0 8 -1.269418
10 20 0 8 -1.270689
7 86 0 8 -1.271009
10 48 0 8 -1.271046
19 60 0 8 -1.271721
29 41 0 8 -1.276286
28 65 0 8 -1.276450
9 58 0 8 -1.278305
23 79 0 8 -1.283058
33 40 0 8 -1.284716
29 67 0 8 -1.286332
37 51 0 8 -1.286577
16 93 0 8 -1.288935
17 91 0 8 -1.288940
10 61 0 8 -1.289257
25 36 0 8 -1.291311
36 52 0 8 -1.294493
6 71 0 8 -1.294748
61 77 0 8 -1.295181
57 76 0 8 -1.296277
57 75 0 8 -1.298259
55 64 0 8 -1.300172
37 83 0 8 -1.300423
36 92 0 8 -1.304302
17 75 0 8 -1.304358
24 85 0 8 -1.304493
13 72 0 8 -1.304633
6 50 0 8 -1.304805
8 67 0 8 -1.305863
46 77 0 8 -1.306647
39 83 0 8 -1.306792
50 83 0 8 -1.306958
32 83 0 8 -1.307097
16 25 0 8 -1.307528
59 71 0 8 -1.307790
43 90 0 8 -1.308116
19 45 0 8 -1.308549
19 81 0 8 -1.308718
20 35 0 8 -1.309483
3 39 0 8 -1.311082
14 71 0 8 -1.312229
47 75 0 8 -1.312912
78 89 0 8 -1.314403
15 24 0 8 -1.316374
27 79 0 8 -1.317788
19 46 0 8 -1.319525
52 71 0 8 -1.320114
7 59 0 8 -1.320857
33 41 0 8 -1.320925
40 68 0 8 -1.321083
12 29 0 8 -1.321202
45 55 0 8 -1.322110
15 58 0 8 -1.323262
22 41 0 8 -1.323671
30 74 0 8 -1.324300
74 89 0 8 -1.324728
2 70 0 8 -1.328120
16 27 0 8 -1.328347
58 85 0 8 -1.329740
80 85 0 8 -1.329837
7 84 0 8 -1.332504
70 78 0 8 -1.333527
54 72 0 8 -1.333606
75 92 0 8 -1.333889
36 87 0 8 -1.334881
11 56 0 8 -1.335099
26 69 0 8 -1.337407
41 49 0 8 -1.337699
48 69 0 8 -1.339165
46 56 0 8 -1.339473
21 60 0 8 -1.339652
44 74 0 8 -1.340762
17 31 0 8 -1.340999
4 84 0 8 -1.341341
15 60 0 8 -1.341401
67 80 0 8 -1.342987
28 62 0 8 -1.344228
29 85 0 8 -1.345751
63 92 0 8 -1.345971
63 86 0 8 -1.346102
35 84 0 8 -1.346247
72 92 0 8 -1.347396
61 93 0 8 -1.347560
58 75 0 8 -1.347728
6 16 0 8 -1.347803
10 26 0 8 -1.348006
60 72 0 8 -1.348054
36 77 0 8 -1.348883
48 70 0 8 -1.348961
16 63 0 8 -1.349856
32 81 0 8 -1.349884
46 71 0 8 -1.350758
6 81 0 8 -1.353241
40 64 0 8 -1.353340
17 27 0 8 -1.353750
73 86 0 8 -1.357784
41 92 0 8 -1.358088
8 55 0 8 -1.359146
45 82 0 8 -1.359420
3 70 0 8 -1.359660
20 68 0 8 -1.359788
18 74 0 8 -1.360128
36 81 0 8 -1.362045
11 78 0 8 -1.362207
37 90 0 8 -1.362329
5 38 0 8 -1.362711
13 33 0 8 -1.366234
51 66 0 8 -1.366927
4 40 0 8 -1.370031
44 58 0 8 -1.370856
62 93 0 8 -1.371370
70 83 0 8 -1.372128
58 65 0 8 -1.372374
19 62 0 8 -1.374490
29 90 0 8 -1.375948
27 86 0 8 -1.376679
57 88 0 8 -1.377453
50 66 0 8 -1.378043
38 54 0 8 -1.378313
59 68 0 8 -1.380159
41 62 0 8 -1.380500
9 45 0 8 -1.382562
31 84 0 8 -1.385469
72 83 0 8 -1.386086
9 74 0 8 -1.388130
43 50 0 8 -1.388506
46 91 0 8 -1.390927
18 39 0 8 -1.391023
37 44 0 8 -1.392729
25 87 0 8 -1.393669
23 84 0 8 -1.393881
14 58 0 8 -1.395470
69 90 0 8 -1.395587
20 85 0 8 -1.396820
19 41 0 8 -1.400736
23 68 0 8 -1.407062
48 59 0 8 -1.407617
22 75 0 8 -1.409052
64 82 0 8 -1.409579
18 27 0 8 -1.409826
28 87 0 8 -1.410789
17 68 0 8 -1.413936
3 50 0 8 -1.413961
18 33 0 8 -1.414858
80 89 0 8 -1.416181
18 32 0 8 -1.416671
3 38 0 8 -1.416970
20 91 0 8 -1.417192
43 84 0 8 -1.421100
6 75 0 8 -1.421554
42 47 0 8 -1.422108
15 54 0 8 -1.423643
12 87 0 8 -1.423836
11 73 0 8 -1.425974
35 87 0 8 -1.430471
34 91 0 8 -1.432369
70 76 0 8 -1.432611
75 82 0 8 -1.433220
35 85 0 8 -1.434252
46 63 0 8 -1.434428
40 66 0 8 -1.435517
41 58 0 8 -1.438706
22 63 0 8 -1.439002
22 60 0 8 -1.439245
27 39 0 8 -1.439294
7 61 0 8 -1.439581
46 60 0 8 -1.441255
28 74 0 8 -1.444711
22 76 0 8 -1.445948
3 67 0 8 -1.448845
21 67 0 8 -1.451369
36 63 0 8 -1.451394
30 81 0 8 -1.454050
30 60 0 8 -1.454640
14 21 0 8 -1.456069
39 55 0 8 -1.456667
3 23 0 8 -1.457296
32 88 0 8 -1.459078
14 83 0 8 -1.459602
38 63 0 8 -1.460449
15 74 0 8 -1.464208
41 91 0 8 -1.464787
34 49 0 8 -1.465920
20 54 0 8 -1.468650
6 20 0 8 -1.470906
20 70 0 8 -1.471057
24 30 0 8 -1.471269
10 47 0 8 -1.471596
26 82 0 8 -1.473221
6 33 0 8 -1.473993
58 66 0 8 -1.478015
52 90 0 8 -1.478194
10 41 0 8 -1.478877
17 33 0 8 -1.480432
40 67 0 8 -1.480793
29 69 0 8 -1.481441
16 77 0 8 -1.482060
59 75 0 8 -1.485148
8 26 0 8 -1.485658
6 60 0 8 -1.486847
9 83 0 8 -1.489086
18 63 0 8 -1.490073
40 72 0 8 -1.490376
4 34 0 8 -1.490983
15 34 0 8 -1.491624
10 37 0 8 -1.492085
15 35 0 8 -1.492297
46 90 0 8 -1.493692
77 92 0 8 -1.494562
9 22 0 8 -1.495385
46 81 0 8 -1.496214
49 77 0 8 -1.500618
15 52 0 8 -1.503248
17 53 0 8 -1.505479
13 56 0 8 -1.505763
16 39 0 8 -1.506588
17 67 0 8 -1.509307
36 73 0 8 -1.509488
46 67 0 8 -1.511124
21 93 0 8 -1.511157
51 68 0 8 -1.511446
24 87 0 8 -1.514477
28 77 0 8 -1.514774
80 90 0 8 -1.515973
32 76 0 8 -1.518893
57 69 0 8 -1.521684
49 59 0 8 -1.522030
29 71 0 8 -1.526199
46 69 0 8 -1.527114
56 67 0 8 -1.527611
67 88 0 8 -1.529703
9 32 0 8 -1.529826
5 54 0 8 -1.530587
18 68 0 8 -1.530778
22 80 0 8 -1.534107
19 90 0 8 -1.534161
31 83 0 8 -1.534292
63 90 0 8 -1.535203
7 51 0 8 -1.535873
7 67 0 8 -1.536424
25 69 0 8 -1.536608
14 53 0 8 -1.537730
57 67 0 8 -1.539293
10 77 0 8 -1.539693
39 71 0 8 -1.547430
46 87 0 8 -1.548196
19 84 0 8 -1.549322
7 36 0 8 -1.551042
23 75 0 8 -1.551178
16 68 0 8 -1.553412
10 71 0 8 -1.555044
4 86 0 8 -1.557689
9 66 0 8 -1.559673
78 86 0 8 -1.560142
45 65 0 8 -1.560331
39 75 0 8 -1.562608
32 48 0 8 -1.566813
10 46 0 8 -1.569947
61 91 0 8 -1.570677
6 52 0 8 -1.572835
5 40 0 8 -1.573552
70 92 0 8 -1.573755
39 68 0 8 -1.575330
23 70 0 8 -1.578421
14 54 0 8 -1.579124
9 37 0 8 -1.580170
6 43 0 8 -1.580532
32 74 0 8 -1.587772
17 41 0 8 -1.587775
32 65 0 8 -1.589020
38 93 0 8 -1.589407
5 52 0 8 -1.591559
51 85 0 8 -1.593994
33 54 0 8 -1.595352
8 18 0 8 -1.596745
52 77 0 8 -1.599929
57 66 0 8 -1.599974
6 74 0 8 -1.600294
4 83 0 8 -1.605348
46 65 0 8 -1.608206
10 33 0 8 -1.608278
32 77 0 8 -1.609361
5 44 0 8 -1.612187
40 86 0 8 -1.612887
40 82 0 8 -1.613648
44 87 0 8 -1.616263
9 86 0 8 -1.618074
31 73 0 8 -1.618741
60 78 0 8 -1.620154
7 81 0 8 -1.620266
17 36 0 8 -1.620325
9 29 0 8 -1.622211
27 78 0 8 -1.622283
36 70 0 8 -1.625266
14 76 0 8 -1.627418
52 73 0 8 -1.628410
23 81 0 8 -1.628511
38 83 0 8 -1.628752
50 78 0 8 -1.628804
16 85 0 8 -1.630068
34 55 0 8 -1.630359
26 33 0 8 -1.630904
30 88 0 8 -1.635519
26 91 0 8 -1.636574
68 78 0 8 -1.637090
12 80 0 8 -1.637914
44 64 0 8 -1.639001
23 59 0 8 -1.647138
41 74 0 8 -1.647210
15 65 0 8 -1.649735
10 56 0 8 -1.651202
11 42 0 8 -1.654603
16 73 0 8 -1.656027
27 81 0 8 -1.659859
27 66 0 8 -1.660498
13 19 0 8 -1.660645
26 56 0 8 -1.662114
20 77 0 8 -1.664093
23 64 0 8 -1.664844
6 83 0 8 -1.666133
29 52 0 8 -1.667630
5 91 0 8 -1.668359
18 76 0 8 -1.669644
34 83 0 8 -1.674451
41 69 0 8 -1.675318
44 67 0 8 -1.678060
42 61 0 8 -1.678726
15 39 0 8 -1.679489
14 40 0 8 -1.681610
19 42 0 8 -1.683171
20 34 0 8 -1.683734
67 89 0 8 -1.686200
28 63 0 8 -1.687360
67 85 0 8 -1.688224
13 65 0 8 -1.688300
20 65 0 8 -1.688380
44 88 0 8 -1.689179
21 74 0 8 -1.690611
46 52 0 8 -1.693649
21 80 0 8 -1.695057
31 72 0 8 -1.695352
56 69 0 8 -1.697179
42 59 0 8 -1.700184
20 82 0 8 -1.700540
43 87 0 8 -1.701208
24 89 0 8 -1.701877
52 92 0 8 -1.702159
10 89 0 8 -1.702703
31 89 0 8 -1.703749
53 72 0 8 -1.704393
36 64 0 8 -1.708022
23 55 0 8 -1.708150
21 51 0 8 -1.712478
56 78 0 8 -1.712991
41 57 0 8 -1.713775
56 76 0 8 -1.715006
26 86 0 8 -1.715114
49 83 0 8 -1.718470
8 33 0 8 -1.723871
5 19 0 8 -1.725163
5 21 0 8 -1.725246
18 88 0 8 -1.725556
55 66 0 8 -1.729457
14 56 0 8 -1.731825
27 63 0 8 -1.732607
30 56 0 8 -1.733243
8 66 0 8 -1.738218
21 83 0 8 -1.739079
53 90 0 8 -1.739692
43 69 0 8 -1.740396
30 55 0 8 -1.740728
13 69 0 8 -1.741500
72 81 0 8 -1.742762
54 70 0 8 -1.743258
19 47 0 8 -1.744031
46 54 0 8 -1.745349
26 87 0 8 -1.745583
44 85 0 8 -1.747542
52 69 0 8 -1.749018
23 83 0 8 -1.750330
60 81 0 8 -1.751682
39 91 0 8 -1.755147
17 81 0 8 -1.756664
15 77 0 8 -1.763953
13 44 0 8 -1.767790
29 37 0 8 -1.768419
40 56 0 8 -1.775061
19 77 0 8 -1.777829
19 73 0 8 -1.777920
81 89 0 8 -1.783229
30 83 0 8 -1.784094
27 43 0 8 -1.785516
16 31 0 8 -1.786937
27 55 0 8 -1.788381
49 90 0 8 -1.788630
32 50 0 8 -1.794300
66 76 0 8 -1.794622
42 81 0 8 -1.799282
76 82 0 8 -1.799668
44 68 0 8 -1.799791
16 43 0 8 -1.800037
55 85 0 8 -1.801444
38 88 0 8 -1.805371
36 68 0 8 -1.807217
6 76 0 8 -1.807612
54 90 0 8 -1.812021
29 44 0 8 -1.816297
21 52 0 8 -1.817870
18 89 0 8 -1.819704
21 59 0 8 -1.820036
19 89 0 8 -1.821128
8 44 0 8 -1.825836
40 70 0 8 -1.831154
9 70 0 8 -1.832718
38 74 0 8 -1.841470
16 92 0 8 -1.842115
49 72 0 8 -1.845021
56 87 0 8 -1.848382
30 53 0 8 -1.848530
27 75 0 8 -1.854659
53 61 0 8 -1.856542
10 24 0 8 -1.867706
36 65 0 8 -1.871696
18 55 0 8 -1.872532
5 22 0 8 -1.876539
40 61 0 8 -1.880103
14 27 0 8 -1.883347
12 27 0 8 -1.891303
16 90 0 8 -1.895371
33 83 0 8 -1.897298
9 91 0 8 -1.898336
37 63 0 8 -1.901402
38 77 0 8 -1.908489
38 59 0 8 -1.908816
37 61 0 8 -1.911321
38 56 0 8 -1.918087
14 77 0 8 -1.921030
21 55 0 8 -1.921660
57 73 0 8 -1.934297
23 74 0 8 -1.934585
6 53 0 8 -1.936728
40 69 0 8 -1.938540
26 38 0 8 -1.945215
21 92 0 8 -1.945286
41 60 0 8 -1.946978
43 76 0 8 -1.947202
21 89 0 8 -1.949075
6 67 0 8 -1.953033
6 78 0 8 -1.955716
5 74 0 8 -1.958220
41 64 0 8 -1.959553
56 92 0 8 -1.968580
34 72 0 8 -1.968737
22 53 0 8 -1.968806
34 67 0 8 -1.977610
30 43 0 8 -1.978786
6 57 0 8 -1.982929
15 59 0 8 -1.984905
43 62 0 8 -1.985891
69 74 0 8 -1.989757
10 57 0 8 -1.990151
30 61 0 8 -2.003526
56 91 0 8 -2.006409
41 54 0 8 -2.007743
38 85 0 8 -2.014163
4 67 0 8 -2.016064
39 89 0 8 -2.018558
16 58 0 8 -2.019948
50 60 0 8 -2.023222
38 43 0 8 -2.026603
9 51 0 8 -2.027414
51 88 0 8 -2.028422
31 52 0 8 -2.038509
37 64 0 8 -2.042106
14 78 0 8 -2.043304
21 34 0 8 -2.046631
55 71 0 8 -2.056513
14 67 0 8 -2.062676
49 57 0 8 -2.063213
46 53 0 8 -2.071795
43 64 0 8 -2.072311
40 74 0 8 -2.072441
31 59 0 8 -2.083016
26 68 0 8 -2.084219
26 84 0 8 -2.096201
5 33 0 8 -2.099863
22 54 0 8 -2.100880
8 69 0 8 -2.101439
19 72 0 8 -2.105534
29 80 0 8 -2.106614
24 34 0 8 -2.115546
8 39 0 8 -2.116357
32 56 0 8 -2.118709
44 62 0 8 -2.118725
5 57 0 8 -2.121942
35 47 0 8 -2.122830
17 57 0 8 -2.132748
32 72 0 8 -2.135394
19 34 0 8 -2.137103
42 78 0 8 -2.137819
43 58 0 8 -2.146181
55 77 0 8 -2.147079
37 74 0 8 -2.152740
44 80 0 8 -2.158027
9 84 0 8 -2.158379
36 91 0 8 -2.159454
63 89 0 8 -2.167712
9 54 0 8 -2.167756
40 62 0 8 -2.167972
8 38 0 8 -2.181121
63 88 0 8 -2.182017
82 89 0 8 -2.190912
8 47 0 8 -2.193293
16 70 0 8 -2.193615
39 76 0 8 -2.197974
10 81 0 8 -2.204433
62 78 0 8 -2.208053
62 80 0 8 -2.218007
5 69 0 8 -2.220889
5 36 0 8 -2.221134
5 51 0 8 -2.236758
14 47 0 8 -2.237181
52 72 0 8 -2.244208
13 84 0 8 -2.254984
43 63 0 8 -2.255970
36 58 0 8 -2.259164
59 91 0 8 -2.264008
23 67 0 8 -2.266353
77 87 0 8 -2.268547
10 68 0 8 -2.270694
51 64 0 8 -2.284376
19 92 0 8 -2.284447
5 53 0 8 -2.285153
52 66 0 8 -2.289971
16 61 0 8 -2.290431
34 41 0 8 -2.309954
26 70 0 8 -2.313393
42 65 0 8 -2.339507
40 65 0 8 -2.342458
14 87 0 8 -2.345948
53 67 0 8 -2.347689
61 80 0 8 -2.348645
19 63 0 8 -2.358053
62 70 0 8 -2.359462
17 56 0 8 -2.371663
43 91 0 8 -2.378561
27 60 0 8 -2.392372
39 63 0 8 -2.399093
42 55 0 8 -2.412657
13 88 0 8 -2.416263
8 43 0 8 -2.437761
36 82 0 8 -2.441437
13 68 0 8 -2.457273
50 76 0 8 -2.457528
5 55 0 8 -2.462945
19 82 0 8 -2.468525
37 73 0 8 -2.488967
9 85 0 8 -2.499446
42 53 0 8 -2.515165
38 53 0 8 -2.522687
13 58 0 8 -2.523285
8 21 0 8 -2.524395
33 62 0 8 -2.536207
10 36 0 8 -2.542310
17 55 0 8 -2.549366
13 59 0 8 -2.556661
43 59 0 8 -2.563250
16 65 0 8 -2.565918
37 54 0 8 -2.566407
59 85 0 8 -2.574457
23 38 0 8 -2.582940
23 71 0 8 -2.593554
37 76 0 8 -2.595246
4 53 0 8 -2.599157
9 68 0 8 -2.668349
76 92 0 8 -2.674530
9 38 0 8 -2.677354
55 70 0 8 -2.682073
23 87 0 8 -2.724435
43 51 0 8 -2.743568
10 82 0 8 -2.804888
27 77 0 8 -2.845998
27 35 0 8 -2.879098
38 76 0 8 -2.887215
5 58 0 8 -2.897478
23 77 0 8 -2.900710
17 77 0 8 -2.936394
23 73 0 8 -2.948657
10 74 0 8 -2.950597
23 80 0 8 -2.969817
71 82 0 8 -2.974246
32 67 0 8 -3.002220
19 51 0 8 -3.005181
50 87 0 8 -3.074862
23 35 0 8 -3.200429
39 54 0 8 -3.385445
27 87 0 8 -3.392099
51 57 0 8 -3.402370
6 59 0 8 -3.476260
53 69 0 8 -4.213230
