38 49 0 8 22.134945
11 18 0 8 20.348068
23 40 0 8 14.796409
26 39 0 8 13.753320
8 20 0 8 13.483169
29 37 0 8 12.883416
37 46 0 8 12.565312
36 51 0 8 12.425142
39 46 0 8 11.846002
49 54 0 8 11.361327
5 19 0 8 11.084533
4 55 0 8 10.367374
25 38 0 8 10.279878
19 25 0 8 10.109272
8 21 0 8 8.474701
40 45 0 8 8.360851
4 24 0 8 7.877810
37 48 0 8 7.786186
7 53 0 8 7.467496
17 38 0 8 6.831936
30 36 0 8 6.652115
3 54 0 8 6.352973
11 16 0 8 5.875652
28 39 0 8 5.773669
34 51 0 8 5.253101
16 48 0 8 5.166075
19 49 0 8 4.970803
36 54 0 8 4.850543
19 38 0 8 4.826679
31 36 0 8 4.729278
3 56 0 8 4.225415
7 52 0 8 4.126132
3 27 0 8 4.061122
2 26 0 8 3.875674
11 19 0 8 3.823018
31 48 0 8 3.736147
28 46 0 8 3.648451
39 44 0 8 3.521553
27 38 0 8 3.397342
9 15 0 8 3.261408
19 40 0 8 3.259401
5 25 0 8 3.252568
25 40 0 8 3.241730
6 53 0 8 3.192224
17 40 0 8 3.171264
5 23 0 8 3.142584
6 55 0 8 2.996847
25 49 0 8 2.950362
28 37 0 8 2.918350
7 21 0 8 2.898023
29 34 0 8 2.845972
23 43 0 8 2.812013
21 34 0 8 2.587372
29 48 0 8 2.455142
27 56 0 8 2.425107
34 48 0 8 2.383898
38 54 0 8 2.335025
36 56 0 8 2.280212
2 27 0 8 2.223254
4 22 0 8 2.204569
16 52 0 8 2.195748
29 36 0 8 2.176389
35 53 0 8 2.149257
21 55 0 8 2.078559
9 35 0 8 2.011796
6 21 0 8 1.999886
10 20 0 8 1.996993
25 54 0 8 1.991379
3 25 0 8 1.969643
15 33 0 8 1.942942
13 33 0 8 1.923092
30 51 0 8 1.910450
36 48 0 8 1.879106
10 21 0 8 1.835936
5 53 0 8 1.828100
36 52 0 8 1.810137
35 50 0 8 1.790946
23 42 0 8 1.764904
2 24 0 8 1.729723
10 18 0 8 1.716032
14 37 0 8 1.703520
9 51 0 8 1.649660
27 36 0 8 1.585551
15 35 0 8 1.531193
24 41 0 8 1.465833
9 28 0 8 1.433537
7 17 0 8 1.432650
22 33 0 8 1.432188
17 49 0 8 1.430865
11 35 0 8 1.396216
12 48 0 8 1.385877
5 20 0 8 1.376155
21 32 0 8 1.348586
51 56 0 8 1.328398
2 55 0 8 1.327248
9 34 0 8 1.323378
13 51 0 8 1.311275
4 21 0 8 1.306376
39 45 0 8 1.294561
17 47 0 8 1.272042
14 20 0 8 1.197093
6 17 0 8 1.189177
14 46 0 8 1.170828
26 41 0 8 1.170750
9 17 0 8 1.162083
14 33 0 8 1.160410
16 34 0 8 1.147703
7 51 0 8 1.123036
12 55 0 8 1.116502
13 52 0 8 1.083589
29 35 0 8 1.076158
31 51 0 8 1.044882
46 54 0 8 1.044655
32 48 0 8 1.042068
7 35 0 8 1.008815
33 52 0 8 0.980236
20 30 0 8 0.972127
4 57 0 8 0.969705
10 45 0 8 0.944247
35 47 0 8 0.938459
23 41 0 8 0.926145
27 51 0 8 0.906267
37 54 0 8 0.900582
20 40 0 8 0.892346
9 56 0 8 0.889872
9 19 0 8 0.885448
44 52 0 8 0.880504
15 48 0 8 0.858368
3 57 0 8 0.846963
23 38 0 8 0.841495
3 41 0 8 0.823640
10 16 0 8 0.821960
20 42 0 8 0.821840
7 16 0 8 0.820830
21 29 0 8 0.794256
28 38 0 8 0.794201
12 21 0 8 0.793428
33 48 0 8 0.789975
18 55 0 8 0.783140
6 22 0 8 0.765374
5 45 0 8 0.764864
12 30 0 8 0.762450
24 29 0 8 0.759686
30 56 0 8 0.747948
9 18 0 8 0.726142
26 46 0 8 0.725833
10 53 0 8 0.710775
32 55 0 8 0.709228
25 45 0 8 0.694303
21 43 0 8 0.682803
31 40 0 8 0.664729
13 26 0 8 0.657366
24 43 0 8 0.649799
12 53 0 8 0.644854
21 57 0 8 0.638371
21 53 0 8 0.631903
2 39 0 8 0.628177
30 45 0 8 0.622680
21 27 0 8 0.620223
14 43 0 8 0.618422
36 53 0 8 0.606237
11 45 0 8 0.598900
24 54 0 8 0.594368
5 42 0 8 0.587017
32 51 0 8 0.586218
9 31 0 8 0.572727
3 14 0 8 0.572621
5 24 0 8 0.563077
24 36 0 8 0.558737
14 41 0 8 0.556815
3 22 0 8 0.550953
28 43 0 8 0.538981
17 42 0 8 0.538455
16 49 0 8 0.521397
14 42 0 8 0.514649
14 45 0 8 0.510893
4 13 0 8 0.507322
30 48 0 8 0.498469
28 48 0 8 0.491086
41 54 0 8 0.479471
27 49 0 8 0.479395
12 27 0 8 0.465609
24 44 0 8 0.460709
19 57 0 8 0.447025
30 41 0 8 0.446978
39 47 0 8 0.435645
8 22 0 8 0.434271
48 53 0 8 0.428078
10 34 0 8 0.426915
12 42 0 8 0.426644
36 57 0 8 0.422744
48 56 0 8 0.422522
10 22 0 8 0.411322
7 32 0 8 0.409437
4 28 0 8 0.400374
9 43 0 8 0.395591
6 52 0 8 0.389800
2 41 0 8 0.379940
15 30 0 8 0.377781
8 19 0 8 0.376626
15 37 0 8 0.366097
12 41 0 8 0.362134
8 14 0 8 0.360883
17 28 0 8 0.351262
9 25 0 8 0.350349
3 17 0 8 0.347412
2 30 0 8 0.342592
23 39 0 8 0.337157
2 45 0 8 0.331207
46 57 0 8 0.326265
11 32 0 8 0.319340
11 27 0 8 0.317402
23 30 0 8 0.316569
15 28 0 8 0.313468
16 31 0 8 0.310438
4 16 0 8 0.302886
8 51 0 8 0.300168
8 57 0 8 0.299366
26 56 0 8 0.298200
32 44 0 8 0.293297
2 48 0 8 0.292737
22 49 0 8 0.291608
4 10 0 8 0.290255
22 38 0 8 0.289384
7 14 0 8 0.278395
2 46 0 8 0.276203
10 30 0 8 0.276037
3 51 0 8 0.272933
50 55 0 8 0.271305
19 52 0 8 0.270444
16 37 0 8 0.268987
15 31 0 8 0.246976
9 53 0 8 0.246265
30 44 0 8 0.244901
12 18 0 8 0.237372
24 52 0 8 0.233249
17 50 0 8 0.231450
17 51 0 8 0.230212
6 57 0 8 0.229649
29 38 0 8 0.229214
9 50 0 8 0.226534
22 35 0 8 0.221228
8 42 0 8 0.218112
12 46 0 8 0.217796
2 21 0 8 0.216711
4 32 0 8 0.204946
10 35 0 8 0.202858
21 26 0 8 0.193258
10 28 0 8 0.190381
18 32 0 8 0.189706
27 57 0 8 0.185007
8 56 0 8 0.180599
5 15 0 8 0.179639
27 42 0 8 0.177154
2 28 0 8 0.176714
30 49 0 8 0.175390
12 56 0 8 0.174761
24 53 0 8 0.174607
25 42 0 8 0.173744
6 15 0 8 0.173512
14 44 0 8 0.167773
9 32 0 8 0.164815
15 52 0 8 0.161149
28 36 0 8 0.159221
20 55 0 8 0.154741
31 53 0 8 0.153507
5 48 0 8 0.153450
37 53 0 8 0.152561
27 47 0 8 0.151425
14 32 0 8 0.150699
6 24 0 8 0.149082
24 55 0 8 0.147537
35 48 0 8 0.143740
7 47 0 8 0.143145
13 53 0 8 0.142283
9 41 0 8 0.137469
13 55 0 8 0.136063
4 12 0 8 0.134838
2 34 0 8 0.133252
25 47 0 8 0.133053
14 26 0 8 0.131558
5 18 0 8 0.129545
26 42 0 8 0.126339
3 35 0 8 0.125741
5 50 0 8 0.122805
22 50 0 8 0.122040
37 56 0 8 0.117368
33 45 0 8 0.116884
27 54 0 8 0.112177
31 44 0 8 0.110158
7 50 0 8 0.109621
30 46 0 8 0.108201
22 56 0 8 0.105863
6 54 0 8 0.097402
3 24 0 8 0.097379
7 54 0 8 0.096306
38 47 0 8 0.094124
31 52 0 8 0.088850
9 30 0 8 0.086192
47 54 0 8 0.085272
32 57 0 8 0.085133
17 52 0 8 0.079976
7 37 0 8 0.073750
2 57 0 8 0.071055
22 47 0 8 0.066858
24 30 0 8 0.063587
17 54 0 8 0.060911
11 22 0 8 0.050691
18 29 0 8 0.046277
22 57 0 8 0.044626
3 12 0 8 0.037459
51 57 0 8 0.037279
23 47 0 8 0.037270
45 55 0 8 0.036112
2 22 0 8 0.033389
4 52 0 8 0.029369
20 45 0 8 0.028689
6 42 0 8 0.028605
32 46 0 8 0.025797
4 42 0 8 0.020334
31 42 0 8 0.020023
10 43 0 8 0.019432
11 50 0 8 0.017093
35 51 0 8 0.016233
25 41 0 8 0.014495
27 35 0 8 0.013355
4 54 0 8 0.011956
10 15 0 8 0.010662
27 39 0 8 0.009873
15 34 0 8 0.006328
20 33 0 8 0.005259
12 32 0 8 0.001901
9 47 0 8 0.001658
1 6 0 8 0.000000
1 7 0 8 0.000000
1 8 0 8 0.000000
1 9 0 8 0.000000
1 10 0 8 0.000000
1 11 0 8 0.000000
1 12 0 8 0.000000
1 13 0 8 0.000000
1 14 0 8 0.000000
1 15 0 8 0.000000
1 16 0 8 0.000000
1 17 0 8 0.000000
1 18 0 8 0.000000
1 19 0 8 0.000000
1 20 0 8 0.000000
1 21 0 8 0.000000
1 22 0 8 0.000000
1 23 0 8 0.000000
1 24 0 8 0.000000
1 25 0 8 0.000000
1 26 0 8 0.000000
1 27 0 8 0.000000
1 28 0 8 0.000000
1 29 0 8 0.000000
1 30 0 8 0.000000
1 31 0 8 0.000000
1 32 0 8 0.000000
1 33 0 8 0.000000
1 34 0 8 0.000000
1 35 0 8 0.000000
1 36 0 8 0.000000
1 37 0 8 0.000000
1 38 0 8 0.000000
1 39 0 8 0.000000
1 40 0 8 0.000000
1 41 0 8 0.000000
1 42 0 8 0.000000
1 43 0 8 0.000000
1 44 0 8 0.000000
1 45 0 8 0.000000
1 46 0 8 0.000000
1 47 0 8 0.000000
1 48 0 8 0.000000
1 49 0 8 0.000000
1 50 0 8 0.000000
1 51 0 8 0.000000
1 52 0 8 0.000000
1 53 0 8 0.000000
1 54 0 8 0.000000
1 55 0 8 0.000000
1 56 0 8 0.000000
1 57 0 8 0.000000
1 58 0 8 0.000000
2 58 0 8 0.000000
3 58 0 8 0.000000
4 58 0 8 0.000000
5 58 0 8 0.000000
6 58 0 8 0.000000
7 58 0 8 0.000000
8 58 0 8 0.000000
9 58 0 8 0.000000
10 58 0 8 0.000000
11 58 0 8 0.000000
12 58 0 8 0.000000
13 58 0 8 0.000000
14 58 0 8 0.000000
15 58 0 8 0.000000
16 58 0 8 0.000000
17 58 0 8 0.000000
18 58 0 8 0.000000
19 58 0 8 0.000000
20 58 0 8 0.000000
21 58 0 8 0.000000
22 58 0 8 0.000000
23 58 0 8 0.000000
24 58 0 8 0.000000
25 58 0 8 0.000000
26 58 0 8 0.000000
27 58 0 8 0.000000
28 58 0 8 0.000000
29 58 0 8 0.000000
30 58 0 8 0.000000
31 58 0 8 0.000000
32 58 0 8 0.000000
33 58 0 8 0.000000
34 58 0 8 0.000000
35 58 0 8 0.000000
36 58 0 8 0.000000
37 58 0 8 0.000000
38 58 0 8 0.000000
39 58 0 8 0.000000
40 58 0 8 0.000000
41 58 0 8 0.000000
42 58 0 8 0.000000
43 58 0 8 0.000000
44 58 0 8 0.000000
45 58 0 8 0.000000
46 58 0 8 0.000000
47 58 0 8 0.000000
48 58 0 8 0.000000
49 58 0 8 0.000000
50 58 0 8 0.000000
51 58 0 8 0.000000
52 58 0 8 0.000000
53 58 0 8 0.000000
20 26 0 8 -0.001153
18 26 0 8 -0.002087
41 55 0 8 -0.004055
4 27 0 8 -0.006410
6 20 0 8 -0.007389
26 44 0 8 -0.007947
22 34 0 8 -0.010210
45 56 0 8 -0.011624
3 37 0 8 -0.016287
3 30 0 8 -0.017522
12 26 0 8 -0.017558
26 32 0 8 -0.018762
40 49 0 8 -0.018817
2 52 0 8 -0.022121
4 53 0 8 -0.024706
2 13 0 8 -0.024823
38 50 0 8 -0.026090
6 45 0 8 -0.028301
8 32 0 8 -0.030197
14 27 0 8 -0.031089
6 47 0 8 -0.031126
20 25 0 8 -0.033423
22 46 0 8 -0.034938
45 50 0 8 -0.035279
33 50 0 8 -0.036119
32 45 0 8 -0.036168
5 55 0 8 -0.036234
7 30 0 8 -0.036691
17 44 0 8 -0.037046
9 52 0 8 -0.038232
50 57 0 8 -0.038689
13 34 0 8 -0.038867
10 31 0 8 -0.039362
27 32 0 8 -0.040009
47 57 0 8 -0.040060
24 32 0 8 -0.040765
2 11 0 8 -0.041354
19 41 0 8 -0.047144
33 42 0 8 -0.048478
27 41 0 8 -0.048510
28 42 0 8 -0.049269
30 35 0 8 -0.049629
24 35 0 8 -0.049645
48 55 0 8 -0.050311
4 20 0 8 -0.051422
27 50 0 8 -0.052832
5 22 0 8 -0.053057
8 26 0 8 -0.053978
26 37 0 8 -0.054437
12 29 0 8 -0.058728
47 53 0 8 -0.060063
16 51 0 8 -0.060091
13 30 0 8 -0.062533
23 57 0 8 -0.064722
16 53 0 8 -0.069054
6 26 0 8 -0.069965
12 19 0 8 -0.070251
27 45 0 8 -0.072220
4 56 0 8 -0.072226
45 53 0 8 -0.072506
44 50 0 8 -0.072691
14 47 0 8 -0.073221
37 57 0 8 -0.075120
4 30 0 8 -0.077269
26 55 0 8 -0.082397
33 55 0 8 -0.083527
23 50 0 8 -0.084833
35 57 0 8 -0.085933
43 50 0 8 -0.085940
3 52 0 8 -0.086034
26 54 0 8 -0.088853
7 13 0 8 -0.088932
30 57 0 8 -0.089620
30 47 0 8 -0.091034
13 45 0 8 -0.091410
17 57 0 8 -0.094543
15 20 0 8 -0.094688
19 50 0 8 -0.096348
32 43 0 8 -0.097768
15 41 0 8 -0.098648
28 57 0 8 -0.101151
23 35 0 8 -0.102478
28 47 0 8 -0.103862
41 57 0 8 -0.104684
16 35 0 8 -0.104970
24 39 0 8 -0.107055
48 57 0 8 -0.108205
33 53 0 8 -0.109200
47 52 0 8 -0.110246
44 57 0 8 -0.111679
6 50 0 8 -0.113248
12 28 0 8 -0.115571
11 57 0 8 -0.117327
20 48 0 8 -0.117361
44 56 0 8 -0.119117
44 55 0 8 -0.120294
22 41 0 8 -0.121604
14 57 0 8 -0.122866
9 24 0 8 -0.123196
24 57 0 8 -0.126077
15 21 0 8 -0.129958
15 45 0 8 -0.131470
35 52 0 8 -0.131759
5 57 0 8 -0.133962
10 56 0 8 -0.134210
13 36 0 8 -0.134298
8 46 0 8 -0.136501
10 32 0 8 -0.136566
40 47 0 8 -0.138546
15 32 0 8 -0.140715
2 9 0 8 -0.141178
29 46 0 8 -0.141479
12 45 0 8 -0.141811
5 47 0 8 -0.141921
10 50 0 8 -0.142362
41 50 0 8 -0.145371
2 15 0 8 -0.145954
18 42 0 8 -0.146173
39 57 0 8 -0.146744
19 53 0 8 -0.147482
12 57 0 8 -0.149178
41 47 0 8 -0.150523
33 44 0 8 -0.150893
41 51 0 8 -0.151859
35 49 0 8 -0.152088
2 14 0 8 -0.156495
20 50 0 8 -0.156593
50 56 0 8 -0.157262
32 47 0 8 -0.158134
47 56 0 8 -0.162836
2 50 0 8 -0.164328
3 46 0 8 -0.164695
20 51 0 8 -0.166748
44 53 0 8 -0.167358
5 10 0 8 -0.167470
20 39 0 8 -0.168683
42 57 0 8 -0.168902
2 47 0 8 -0.170152
32 52 0 8 -0.170574
18 57 0 8 -0.178110
33 56 0 8 -0.178231
22 40 0 8 -0.178470
45 57 0 8 -0.179176
10 57 0 8 -0.182086
6 32 0 8 -0.182888
14 56 0 8 -0.183125
6 27 0 8 -0.186257
30 55 0 8 -0.188834
11 29 0 8 -0.189408
7 15 0 8 -0.190699
16 44 0 8 -0.190801
12 24 0 8 -0.191077
35 43 0 8 -0.192081
25 57 0 8 -0.193195
17 45 0 8 -0.194407
34 39 0 8 -0.194755
25 50 0 8 -0.198236
10 23 0 8 -0.198716
9 29 0 8 -0.200127
3 50 0 8 -0.201462
8 23 0 8 -0.202158
35 56 0 8 -0.204501
15 27 0 8 -0.204610
14 28 0 8 -0.205232
20 29 0 8 -0.205625
4 47 0 8 -0.205850
42 50 0 8 -0.207801
9 57 0 8 -0.208349
10 42 0 8 -0.208780
16 47 0 8 -0.208970
3 15 0 8 -0.210891
47 55 0 8 -0.212759
9 16 0 8 -0.213392
28 41 0 8 -0.217213
11 56 0 8 -0.217710
13 43 0 8 -0.218608
11 47 0 8 -0.219069
24 47 0 8 -0.220883
4 45 0 8 -0.222228
34 47 0 8 -0.223729
26 45 0 8 -0.223998
52 57 0 8 -0.226353
7 57 0 8 -0.227687
35 41 0 8 -0.228409
10 47 0 8 -0.228863
3 45 0 8 -0.229479
4 50 0 8 -0.230352
14 34 0 8 -0.232426
11 17 0 8 -0.233477
15 47 0 8 -0.233683
2 8 0 8 -0.233988
19 47 0 8 -0.236482
38 57 0 8 -0.239375
7 43 0 8 -0.240138
13 44 0 8 -0.242751
6 44 0 8 -0.242829
42 47 0 8 -0.242862
13 56 0 8 -0.243976
20 57 0 8 -0.246352
2 44 0 8 -0.247242
3 18 0 8 -0.248437
16 57 0 8 -0.248700
14 50 0 8 -0.249196
31 55 0 8 -0.251594
30 50 0 8 -0.252326
18 45 0 8 -0.253553
3 26 0 8 -0.256767
43 57 0 8 -0.257548
34 57 0 8 -0.257742
22 44 0 8 -0.260846
8 35 0 8 -0.261150
2 12 0 8 -0.263368
2 17 0 8 -0.263381
41 46 0 8 -0.263916
7 24 0 8 -0.264849
14 53 0 8 -0.267181
29 45 0 8 -0.267748
21 45 0 8 -0.267796
11 28 0 8 -0.267814
36 49 0 8 -0.268086
18 50 0 8 -0.269274
32 50 0 8 -0.273672
18 47 0 8 -0.274753
17 36 0 8 -0.275231
27 55 0 8 -0.276888
37 47 0 8 -0.283722
3 42 0 8 -0.283917
15 57 0 8 -0.284295
35 44 0 8 -0.284383
26 57 0 8 -0.284838
31 47 0 8 -0.284903
22 52 0 8 -0.285355
8 50 0 8 -0.287304
6 35 0 8 -0.290918
9 48 0 8 -0.292101
2 35 0 8 -0.292122
17 25 0 8 -0.293541
14 24 0 8 -0.296250
13 57 0 8 -0.297584
6 12 0 8 -0.298702
35 42 0 8 -0.299694
29 57 0 8 -0.301271
6 56 0 8 -0.302640
7 56 0 8 -0.303088
14 48 0 8 -0.303192
40 50 0 8 -0.303676
26 43 0 8 -0.305741
12 50 0 8 -0.306544
7 22 0 8 -0.307274
33 39 0 8 -0.307745
6 31 0 8 -0.308852
33 57 0 8 -0.309011
4 35 0 8 -0.310776
12 22 0 8 -0.311843
26 50 0 8 -0.311890
20 43 0 8 -0.313071
28 50 0 8 -0.313148
40 57 0 8 -0.313667
2 56 0 8 -0.315322
29 51 0 8 -0.317010
12 35 0 8 -0.317048
12 31 0 8 -0.317386
21 50 0 8 -0.317820
17 46 0 8 -0.318655
7 55 0 8 -0.322177
8 47 0 8 -0.322885
4 46 0 8 -0.323488
34 56 0 8 -0.326326
37 44 0 8 -0.326624
14 35 0 8 -0.328352
41 49 0 8 -0.328537
41 53 0 8 -0.328757
26 52 0 8 -0.329243
28 45 0 8 -0.329372
10 29 0 8 -0.331619
22 53 0 8 -0.332160
24 33 0 8 -0.332222
5 16 0 8 -0.332471
12 47 0 8 -0.333264
24 50 0 8 -0.333414
25 55 0 8 -0.333624
14 55 0 8 -0.335901
39 56 0 8 -0.336014
21 31 0 8 -0.336335
31 57 0 8 -0.336485
26 47 0 8 -0.337745
17 29 0 8 -0.339579
5 41 0 8 -0.339642
14 30 0 8 -0.340838
18 46 0 8 -0.340844
10 36 0 8 -0.341738
29 47 0 8 -0.342167
49 57 0 8 -0.342654
37 50 0 8 -0.343284
44 51 0 8 -0.344252
6 34 0 8 -0.344252
24 42 0 8 -0.344743
12 54 0 8 -0.345748
27 34 0 8 -0.345764
9 14 0 8 -0.345873
29 50 0 8 -0.345921
17 56 0 8 -0.346802
19 36 0 8 -0.347241
20 56 0 8 -0.348758
22 45 0 8 -0.350230
25 56 0 8 -0.350748
27 33 0 8 -0.350794
36 41 0 8 -0.351400
17 22 0 8 -0.352847
8 30 0 8 -0.353032
20 47 0 8 -0.354225
10 51 0 8 -0.355086
2 10 0 8 -0.355991
14 40 0 8 -0.356779
43 56 0 8 -0.356862
3 28 0 8 -0.357399
9 55 0 8 -0.357711
10 25 0 8 -0.363972
21 46 0 8 -0.366747
3 49 0 8 -0.369373
39 50 0 8 -0.372163
36 47 0 8 -0.372650
22 28 0 8 -0.373883
13 47 0 8 -0.380571
20 27 0 8 -0.381922
4 14 0 8 -0.382358
43 55 0 8 -0.384734
5 14 0 8 -0.386072
34 50 0 8 -0.386303
11 33 0 8 -0.386799
32 56 0 8 -0.386855
23 44 0 8 -0.387876
20 41 0 8 -0.388619
38 45 0 8 -0.389009
28 55 0 8 -0.389529
41 56 0 8 -0.389602
13 49 0 8 -0.389633
9 37 0 8 -0.390236
21 35 0 8 -0.390348
5 44 0 8 -0.390471
22 55 0 8 -0.390566
22 31 0 8 -0.393236
3 47 0 8 -0.394079
15 50 0 8 -0.394791
18 35 0 8 -0.395350
2 25 0 8 -0.396783
5 56 0 8 -0.397238
4 23 0 8 -0.397598
8 33 0 8 -0.401441
5 35 0 8 -0.403555
39 53 0 8 -0.405715
8 44 0 8 -0.406888
34 52 0 8 -0.407132
2 23 0 8 -0.407466
25 52 0 8 -0.407902
14 52 0 8 -0.408522
17 24 0 8 -0.409138
21 47 0 8 -0.409244
22 30 0 8 -0.410835
14 29 0 8 -0.410840
13 50 0 8 -0.413246
22 29 0 8 -0.419350
13 20 0 8 -0.420654
22 42 0 8 -0.421035
2 42 0 8 -0.421116
28 56 0 8 -0.423557
10 48 0 8 -0.423881
3 36 0 8 -0.424178
31 56 0 8 -0.425935
20 46 0 8 -0.426718
33 46 0 8 -0.428446
42 51 0 8 -0.429077
22 51 0 8 -0.432200
19 42 0 8 -0.432982
9 45 0 8 -0.433267
31 50 0 8 -0.436587
14 31 0 8 -0.437799
42 56 0 8 -0.439299
14 54 0 8 -0.440215
7 25 0 8 -0.440706
8 13 0 8 -0.441249
38 48 0 8 -0.443821
35 46 0 8 -0.444011
11 44 0 8 -0.444172
33 47 0 8 -0.444323
29 41 0 8 -0.445717
29 39 0 8 -0.446435
5 54 0 8 -0.448563
21 51 0 8 -0.448566
7 12 0 8 -0.449425
8 24 0 8 -0.449979
16 50 0 8 -0.451101
33 54 0 8 -0.452508
10 49 0 8 -0.454336
8 27 0 8 -0.455147
5 46 0 8 -0.456118
9 22 0 8 -0.457439
10 41 0 8 -0.462686
3 32 0 8 -0.463231
38 44 0 8 -0.463364
21 52 0 8 -0.463648
7 18 0 8 -0.464749
17 35 0 8 -0.470809
14 22 0 8 -0.474577
12 44 0 8 -0.475504
16 28 0 8 -0.477543
9 23 0 8 -0.478288
35 45 0 8 -0.480033
2 53 0 8 -0.483333
29 53 0 8 -0.484186
16 32 0 8 -0.485295
18 25 0 8 -0.485340
2 18 0 8 -0.486214
8 41 0 8 -0.487704
17 41 0 8 -0.487792
5 36 0 8 -0.494709
37 51 0 8 -0.495827
36 50 0 8 -0.496929
38 52 0 8 -0.503551
6 28 0 8 -0.504347
10 52 0 8 -0.504550
16 22 0 8 -0.506100
6 40 0 8 -0.506534
15 39 0 8 -0.506905
23 53 0 8 -0.507373
23 55 0 8 -0.511245
17 39 0 8 -0.515715
15 46 0 8 -0.515967
23 37 0 8 -0.517554
13 31 0 8 -0.517941
7 41 0 8 -0.521269
22 27 0 8 -0.521285
28 51 0 8 -0.521715
30 53 0 8 -0.522301
31 37 0 8 -0.523195
46 53 0 8 -0.524181
40 55 0 8 -0.525213
32 42 0 8 -0.525777
22 32 0 8 -0.528493
11 41 0 8 -0.529865
3 29 0 8 -0.531289
27 37 0 8 -0.531612
10 44 0 8 -0.532016
31 43 0 8 -0.533306
8 39 0 8 -0.535159
10 27 0 8 -0.535792
17 30 0 8 -0.536048
12 37 0 8 -0.536732
27 48 0 8 -0.537052
22 37 0 8 -0.537286
26 33 0 8 -0.538777
21 30 0 8 -0.540431
30 42 0 8 -0.543277
13 23 0 8 -0.546790
2 31 0 8 -0.548536
5 31 0 8 -0.548865
10 24 0 8 -0.550632
10 37 0 8 -0.554754
28 54 0 8 -0.555756
5 17 0 8 -0.556008
13 25 0 8 -0.557437
14 21 0 8 -0.557511
25 53 0 8 -0.557677
10 46 0 8 -0.557785
11 31 0 8 -0.562943
2 38 0 8 -0.563512
6 18 0 8 -0.572809
35 54 0 8 -0.575006
18 40 0 8 -0.576011
23 32 0 8 -0.576862
6 30 0 8 -0.577530
37 45 0 8 -0.578856
2 16 0 8 -0.581739
38 53 0 8 -0.583870
17 53 0 8 -0.584014
9 26 0 8 -0.584445
15 53 0 8 -0.584489
15 56 0 8 -0.585661
26 40 0 8 -0.589827
25 35 0 8 -0.590863
8 52 0 8 -0.592146
2 7 0 8 -0.594634
8 55 0 8 -0.595949
2 51 0 8 -0.597124
27 44 0 8 -0.598470
6 23 0 8 -0.598644
7 49 0 8 -0.600702
42 52 0 8 -0.601910
33 41 0 8 -0.602216
16 56 0 8 -0.602870
8 40 0 8 -0.604658
30 37 0 8 -0.605321
13 28 0 8 -0.607061
35 55 0 8 -0.609101
15 22 0 8 -0.609347
2 33 0 8 -0.610962
13 41 0 8 -0.612840
13 22 0 8 -0.612849
6 39 0 8 -0.615642
22 39 0 8 -0.617191
13 32 0 8 -0.617403
8 25 0 8 -0.618998
49 56 0 8 -0.619587
9 20 0 8 -0.620060
6 41 0 8 -0.622480
22 36 0 8 -0.622648
25 43 0 8 -0.625248
34 41 0 8 -0.625475
2 54 0 8 -0.626270
5 21 0 8 -0.635294
13 27 0 8 -0.635467
12 33 0 8 -0.636395
22 54 0 8 -0.637386
21 56 0 8 -0.638292
8 36 0 8 -0.640946
4 41 0 8 -0.641023
41 52 0 8 -0.642443
29 42 0 8 -0.642474
8 48 0 8 -0.642794
18 28 0 8 -0.643093
15 44 0 8 -0.645515
4 39 0 8 -0.646881
17 43 0 8 -0.647491
46 56 0 8 -0.647918
17 33 0 8 -0.648956
43 52 0 8 -0.649023
4 18 0 8 -0.652515
28 35 0 8 -0.652529
13 35 0 8 -0.654513
18 41 0 8 -0.654594
26 36 0 8 -0.655779
3 55 0 8 -0.659148
23 31 0 8 -0.664129
28 44 0 8 -0.665174
5 51 0 8 -0.665462
25 30 0 8 -0.666358
24 46 0 8 -0.674992
3 39 0 8 -0.677299
7 48 0 8 -0.677637
32 54 0 8 -0.678083
33 51 0 8 -0.680811
12 17 0 8 -0.683000
32 39 0 8 -0.683057
14 39 0 8 -0.683177
21 33 0 8 -0.684916
6 29 0 8 -0.686158
12 34 0 8 -0.686401
20 35 0 8 -0.686592
15 25 0 8 -0.688742
21 41 0 8 -0.688813
23 51 0 8 -0.690175
4 9 0 8 -0.691674
17 55 0 8 -0.692729
45 54 0 8 -0.694832
25 48 0 8 -0.695879
7 44 0 8 -0.697703
20 52 0 8 -0.697817
30 43 0 8 -0.698477
14 23 0 8 -0.707064
29 54 0 8 -0.709085
24 34 0 8 -0.711493
22 43 0 8 -0.715301
15 26 0 8 -0.715991
14 51 0 8 -0.717214
11 37 0 8 -0.720038
24 56 0 8 -0.721122
17 23 0 8 -0.721602
28 53 0 8 -0.722120
27 43 0 8 -0.722436
3 31 0 8 -0.722898
5 26 0 8 -0.723606
8 43 0 8 -0.725273
2 37 0 8 -0.725837
4 17 0 8 -0.727117
6 51 0 8 -0.727147
9 44 0 8 -0.729704
21 44 0 8 -0.730771
16 46 0 8 -0.731152
3 38 0 8 -0.731441
11 43 0 8 -0.740042
14 36 0 8 -0.740391
19 54 0 8 -0.741018
8 53 0 8 -0.741580
31 38 0 8 -0.743935
46 52 0 8 -0.744385
5 52 0 8 -0.744426
7 27 0 8 -0.745712
6 25 0 8 -0.746538
19 34 0 8 -0.747368
2 32 0 8 -0.748577
5 32 0 8 -0.749011
18 49 0 8 -0.749189
28 34 0 8 -0.749990
3 13 0 8 -0.751343
5 12 0 8 -0.752218
29 56 0 8 -0.756824
42 55 0 8 -0.757748
23 29 0 8 -0.759303
27 46 0 8 -0.761516
11 36 0 8 -0.761659
22 48 0 8 -0.764447
7 46 0 8 -0.768664
28 52 0 8 -0.772583
21 42 0 8 -0.773605
16 42 0 8 -0.775524
17 32 0 8 -0.778087
24 48 0 8 -0.779001
9 21 0 8 -0.779526
29 44 0 8 -0.780982
4 43 0 8 -0.782863
19 27 0 8 -0.786492
3 44 0 8 -0.786966
10 17 0 8 -0.791276
10 38 0 8 -0.792139
33 40 0 8 -0.797190
6 19 0 8 -0.801550
9 33 0 8 -0.806953
18 38 0 8 -0.811415
5 28 0 8 -0.812482
5 11 0 8 -0.817610
8 31 0 8 -0.819218
12 23 0 8 -0.821397
25 33 0 8 -0.822333
23 28 0 8 -0.827623
23 45 0 8 -0.830076
2 29 0 8 -0.836890
6 13 0 8 -0.837569
8 18 0 8 -0.837674
6 43 0 8 -0.839244
3 40 0 8 -0.845702
43 53 0 8 -0.848454
16 41 0 8 -0.849999
3 53 0 8 -0.850454
20 32 0 8 -0.853407
11 42 0 8 -0.853437
2 20 0 8 -0.854479
17 26 0 8 -0.857340
11 51 0 8 -0.858364
18 44 0 8 -0.863642
6 46 0 8 -0.864816
30 54 0 8 -0.865947
42 53 0 8 -0.866174
18 23 0 8 -0.868041
8 54 0 8 -0.870167
24 38 0 8 -0.876000
23 56 0 8 -0.876998
26 35 0 8 -0.878557
6 14 0 8 -0.881553
24 49 0 8 -0.881563
24 40 0 8 -0.881866
4 11 0 8 -0.885062
5 34 0 8 -0.886429
3 11 0 8 -0.888725
34 44 0 8 -0.888779
19 35 0 8 -0.895918
11 20 0 8 -0.895970
17 27 0 8 -0.897315
32 41 0 8 -0.898031
6 36 0 8 -0.903633
2 49 0 8 -0.908872
33 38 0 8 -0.909169
36 55 0 8 -0.909813
23 54 0 8 -0.910945
39 52 0 8 -0.911385
13 18 0 8 -0.911880
42 48 0 8 -0.913072
5 13 0 8 -0.913178
10 33 0 8 -0.913939
18 43 0 8 -0.919520
2 43 0 8 -0.920584
7 42 0 8 -0.921423
20 44 0 8 -0.922487
37 49 0 8 -0.923274
13 42 0 8 -0.923531
16 27 0 8 -0.926727
45 51 0 8 -0.928193
44 54 0 8 -0.929729
8 49 0 8 -0.930189
7 31 0 8 -0.930305
18 33 0 8 -0.936485
20 53 0 8 -0.938257
18 56 0 8 -0.939366
6 11 0 8 -0.940372
31 54 0 8 -0.941625
42 54 0 8 -0.941677
34 46 0 8 -0.942496
7 45 0 8 -0.944948
23 33 0 8 -0.951241
3 10 0 8 -0.953096
3 23 0 8 -0.957299
19 24 0 8 -0.963838
10 54 0 8 -0.965031
19 56 0 8 -0.968753
5 27 0 8 -0.969576
27 52 0 8 -0.970586
13 24 0 8 -0.970728
46 55 0 8 -0.972118
19 30 0 8 -0.973195
21 49 0 8 -0.974855
39 54 0 8 -0.978161
26 31 0 8 -0.979352
8 15 0 8 -0.981044
40 56 0 8 -0.981048
19 32 0 8 -0.981234
38 56 0 8 -0.981582
34 54 0 8 -0.982066
32 53 0 8 -0.989177
26 53 0 8 -0.991031
12 20 0 8 -0.994006
9 27 0 8 -0.995047
6 16 0 8 -0.995570
9 42 0 8 -0.997681
2 40 0 8 -0.999416
26 38 0 8 -1.000606
5 39 0 8 -1.003278
5 43 0 8 -1.010558
6 49 0 8 -1.012036
5 30 0 8 -1.013519
18 39 0 8 -1.016824
25 32 0 8 -1.017025
3 43 0 8 -1.019254
21 48 0 8 -1.019666
11 23 0 8 -1.019873
5 33 0 8 -1.020339
46 51 0 8 -1.022331
4 36 0 8 -1.022400
15 55 0 8 -1.025825
20 28 0 8 -1.035618
8 17 0 8 -1.036211
18 51 0 8 -1.037044
12 51 0 8 -1.048539
11 52 0 8 -1.049984
28 33 0 8 -1.054283
30 52 0 8 -1.059529
11 53 0 8 -1.061497
37 55 0 8 -1.062099
23 52 0 8 -1.062646
4 37 0 8 -1.062879
21 39 0 8 -1.064467
45 52 0 8 -1.064618
13 46 0 8 -1.066548
18 31 0 8 -1.069746
4 26 0 8 -1.070228
13 29 0 8 -1.071157
16 40 0 8 -1.071197
10 26 0 8 -1.072068
8 45 0 8 -1.072830
3 34 0 8 -1.073084
4 25 0 8 -1.075876
31 39 0 8 -1.076303
24 45 0 8 -1.080007
37 42 0 8 -1.081499
4 44 0 8 -1.082873
31 41 0 8 -1.084035
35 40 0 8 -1.085110
10 55 0 8 -1.085773
2 36 0 8 -1.086957
18 24 0 8 -1.090995
10 39 0 8 -1.096515
8 28 0 8 -1.096972
13 54 0 8 -1.099896
15 42 0 8 -1.102283
34 55 0 8 -1.103434
3 8 0 8 -1.106111
21 28 0 8 -1.107398
3 9 0 8 -1.108681
25 37 0 8 -1.108874
18 27 0 8 -1.112708
7 20 0 8 -1.118763
24 31 0 8 -1.125467
16 30 0 8 -1.125468
4 15 0 8 -1.127735
29 49 0 8 -1.128245
13 21 0 8 -1.128713
30 39 0 8 -1.155400
40 52 0 8 -1.156607
11 30 0 8 -1.160679
49 55 0 8 -1.161300
34 45 0 8 -1.163167
25 39 0 8 -1.166477
8 34 0 8 -1.175459
34 42 0 8 -1.177543
29 52 0 8 -1.179654
3 21 0 8 -1.183406
19 28 0 8 -1.185742
11 55 0 8 -1.186846
27 53 0 8 -1.190871
12 43 0 8 -1.194308
7 19 0 8 -1.194736
34 53 0 8 -1.195451
7 23 0 8 -1.197704
4 19 0 8 -1.201526
39 55 0 8 -1.202503
15 24 0 8 -1.206882
9 38 0 8 -1.207510
13 40 0 8 -1.210846
10 40 0 8 -1.213609
7 26 0 8 -1.213769
2 19 0 8 -1.216237
15 29 0 8 -1.217665
4 48 0 8 -1.221777
17 34 0 8 -1.223720
17 31 0 8 -1.227660
38 46 0 8 -1.227769
9 39 0 8 -1.231055
25 31 0 8 -1.231987
19 48 0 8 -1.232705
14 19 0 8 -1.235388
15 49 0 8 -1.239432
6 33 0 8 -1.243727
24 37 0 8 -1.247094
5 40 0 8 -1.253986
42 49 0 8 -1.257896
14 38 0 8 -1.267916
31 46 0 8 -1.270741
13 39 0 8 -1.271703
19 43 0 8 -1.272028
25 34 0 8 -1.272307
36 43 0 8 -1.274093
12 52 0 8 -1.278739
29 55 0 8 -1.285833
16 55 0 8 -1.288597
16 45 0 8 -1.294186
18 48 0 8 -1.294783
28 49 0 8 -1.296254
16 38 0 8 -1.296355
20 54 0 8 -1.296629
41 48 0 8 -1.300163
4 34 0 8 -1.301104
28 40 0 8 -1.302580
12 36 0 8 -1.312291
16 29 0 8 -1.317679
36 42 0 8 -1.319618
11 26 0 8 -1.319944
9 54 0 8 -1.325083
25 51 0 8 -1.330005
12 39 0 8 -1.330311
38 55 0 8 -1.335412
34 49 0 8 -1.340787
43 48 0 8 -1.345573
4 29 0 8 -1.354900
15 23 0 8 -1.357459
17 37 0 8 -1.359040
3 48 0 8 -1.359829
23 34 0 8 -1.360517
14 49 0 8 -1.361411
3 33 0 8 -1.364902
13 48 0 8 -1.366773
21 36 0 8 -1.372120
25 44 0 8 -1.384901
9 40 0 8 -1.385695
40 54 0 8 -1.387021
20 49 0 8 -1.388239
10 19 0 8 -1.389108
23 46 0 8 -1.392525
14 25 0 8 -1.393834
26 48 0 8 -1.405597
11 24 0 8 -1.407746
18 53 0 8 -1.413918
15 43 0 8 -1.417246
44 49 0 8 -1.419839
18 30 0 8 -1.424264
23 49 0 8 -1.427653
16 33 0 8 -1.435355
7 34 0 8 -1.436991
21 37 0 8 -1.441070
7 28 0 8 -1.443942
11 46 0 8 -1.451477
43 51 0 8 -1.451999
29 40 0 8 -1.453388
36 44 0 8 -1.455226
11 54 0 8 -1.455877
16 21 0 8 -1.460722
36 46 0 8 -1.465153
18 52 0 8 -1.468421
13 19 0 8 -1.469343
26 34 0 8 -1.473821
3 19 0 8 -1.475827
18 37 0 8 -1.485744
16 54 0 8 -1.486362
38 43 0 8 -1.488296
4 33 0 8 -1.505533
6 48 0 8 -1.511072
19 45 0 8 -1.512051
4 31 0 8 -1.514850
5 29 0 8 -1.516280
6 37 0 8 -1.520171
16 25 0 8 -1.520776
13 37 0 8 -1.531106
24 51 0 8 -1.535815
12 25 0 8 -1.536363
6 38 0 8 -1.537058
40 53 0 8 -1.538707
20 37 0 8 -1.552159
29 43 0 8 -1.554678
3 20 0 8 -1.555245
11 21 0 8 -1.558063
36 45 0 8 -1.558622
16 36 0 8 -1.563625
32 40 0 8 -1.569858
21 38 0 8 -1.571204
15 38 0 8 -1.575192
20 31 0 8 -1.581286
3 16 0 8 -1.602463
32 37 0 8 -1.605803
4 49 0 8 -1.610239
19 33 0 8 -1.611209
20 34 0 8 -1.625710
11 25 0 8 -1.629628
23 48 0 8 -1.639073
9 46 0 8 -1.644301
26 51 0 8 -1.660134
15 51 0 8 -1.661359
5 38 0 8 -1.667114
18 54 0 8 -1.667609
9 36 0 8 -1.671110
5 49 0 8 -1.684617
32 49 0 8 -1.691634
8 29 0 8 -1.692366
37 43 0 8 -1.695143
43 54 0 8 -1.702091
8 16 0 8 -1.702922
37 52 0 8 -1.708042
31 45 0 8 -1.718654
39 51 0 8 -1.720475
19 37 0 8 -1.728629
40 46 0 8 -1.745359
23 36 0 8 -1.752076
7 29 0 8 -1.754161
27 40 0 8 -1.765141
19 44 0 8 -1.766322
7 33 0 8 -1.770266
16 26 0 8 -1.776204
17 48 0 8 -1.780943
8 37 0 8 -1.784819
31 49 0 8 -1.786668
12 49 0 8 -1.787355
7 39 0 8 -1.811728
40 48 0 8 -1.818451
5 37 0 8 -1.821608
16 24 0 8 -1.822450
16 39 0 8 -1.824479
15 40 0 8 -1.824643
9 49 0 8 -1.825191
30 40 0 8 -1.833799
4 51 0 8 -1.839968
12 40 0 8 -1.850413
39 48 0 8 -1.851724
4 40 0 8 -1.862136
33 43 0 8 -1.871753
39 49 0 8 -1.876316
11 38 0 8 -1.883356
11 39 0 8 -1.898020
19 26 0 8 -1.926637
19 55 0 8 -1.938643
18 34 0 8 -1.952001
43 49 0 8 -1.960387
25 36 0 8 -1.967800
4 38 0 8 -1.979965
25 46 0 8 -2.006145
15 36 0 8 -2.025636
21 54 0 8 -2.030810
18 36 0 8 -2.037750
20 36 0 8 -2.046741
16 23 0 8 -2.073431
15 54 0 8 -2.076255
38 51 0 8 -2.096417
7 36 0 8 -2.109964
19 29 0 8 -2.136304
13 38 0 8 -2.138488
19 51 0 8 -2.192421
11 48 0 8 -2.194080
7 40 0 8 -2.218184
12 38 0 8 -2.256184
26 49 0 8 -2.262030
21 40 0 8 -2.265965
20 38 0 8 -2.273381
48 54 0 8 -2.285864
19 39 0 8 -2.384749
7 38 0 8 -2.397880
30 38 0 8 -2.399824
34 43 0 8 -2.432539
11 40 0 8 -2.462192
16 43 0 8 -2.478594
8 38 0 8 -2.526855
33 49 0 8 -2.577025
19 31 0 8 -2.584548
40 51 0 8 -2.635372
32 38 0 8 -2.667889
34 40 0 8 -2.672580
19 46 0 8 -2.710465
11 34 0 8 -2.759608
11 49 0 8 -2.762649
