47 62 0 8 14.818543
41 84 0 8 11.947999
37 42 0 8 10.338799
12 79 0 8 10.072444
42 89 0 8 9.168701
47 65 0 8 9.049424
44 91 0 8 8.388381
73 87 0 8 7.939019
16 72 0 8 7.608733
25 68 0 8 7.604128
31 47 0 8 6.621959
9 80 0 8 6.291778
13 45 0 8 6.262602
16 76 0 8 6.261240
6 36 0 8 6.184203
5 82 0 8 6.130416
77 85 0 8 6.107220
76 85 0 8 5.501966
35 44 0 8 5.488404
62 92 0 8 5.431564
40 83 0 8 5.363396
8 81 0 8 5.150758
47 92 0 8 4.705430
2 38 0 8 4.700562
24 68 0 8 4.608973
44 89 0 8 4.373017
49 92 0 8 4.372045
49 61 0 8 4.349770
43 88 0 8 4.291765
69 87 0 8 4.250317
31 62 0 8 4.241603
30 48 0 8 4.131235
73 85 0 8 4.090353
26 64 0 8 3.993987
5 10 0 8 3.878800
34 43 0 8 3.824434
13 72 0 8 3.724654
26 61 0 8 3.715610
42 87 0 8 3.714683
72 88 0 8 3.712275
49 96 0 8 3.592308
10 96 0 8 3.472720
52 61 0 8 3.448930
23 64 0 8 3.418577
7 38 0 8 3.414213
23 68 0 8 3.393011
4 51 0 8 3.363541
61 97 0 8 3.361667
3 52 0 8 3.310691
5 74 0 8 3.259695
5 36 0 8 3.238212
28 78 0 8 3.193221
62 91 0 8 3.168937
15 79 0 8 3.148306
69 74 0 8 3.145212
23 71 0 8 3.136429
19 30 0 8 3.131062
58 94 0 8 3.126782
35 91 0 8 3.116028
14 39 0 8 3.103910
5 42 0 8 3.081462
28 61 0 8 3.057087
24 64 0 8 3.050180
6 14 0 8 3.046506
24 43 0 8 3.036742
16 71 0 8 3.008174
37 89 0 8 2.973568
9 79 0 8 2.930021
32 58 0 8 2.899281
2 36 0 8 2.842151
27 77 0 8 2.833803
35 95 0 8 2.831012
44 83 0 8 2.820629
7 24 0 8 2.818343
72 78 0 8 2.812251
58 92 0 8 2.788459
10 44 0 8 2.786360
21 46 0 8 2.757369
4 38 0 8 2.754666
5 81 0 8 2.747301
10 91 0 8 2.723990
36 41 0 8 2.718458
40 47 0 8 2.715481
74 85 0 8 2.714069
35 40 0 8 2.701644
13 88 0 8 2.696059
27 49 0 8 2.693661
4 79 0 8 2.687543
32 62 0 8 2.665836
30 38 0 8 2.660818
35 58 0 8 2.648626
8 76 0 8 2.620283
59 76 0 8 2.614241
69 89 0 8 2.591876
17 24 0 8 2.588653
27 64 0 8 2.566478
17 26 0 8 2.550426
9 36 0 8 2.547559
13 60 0 8 2.537488
24 65 0 8 2.534174
13 34 0 8 2.531537
66 87 0 8 2.525656
20 29 0 8 2.493503
48 95 0 8 2.489565
39 48 0 8 2.475041
59 66 0 8 2.473425
32 82 0 8 2.467321
81 89 0 8 2.464916
63 95 0 8 2.457091
5 57 0 8 2.454390
29 87 0 8 2.446662
2 8 0 8 2.444806
44 79 0 8 2.443625
33 50 0 8 2.443505
47 91 0 8 2.441289
14 92 0 8 2.422095
36 43 0 8 2.411590
54 92 0 8 2.393229
48 88 0 8 2.389880
12 80 0 8 2.382818
39 77 0 8 2.369519
4 28 0 8 2.369485
48 92 0 8 2.367362
12 73 0 8 2.365698
30 47 0 8 2.362727
11 50 0 8 2.347923
53 63 0 8 2.321206
32 47 0 8 2.320147
27 61 0 8 2.310707
28 49 0 8 2.294044
9 82 0 8 2.290735
7 95 0 8 2.285980
37 98 0 8 2.282774
40 82 0 8 2.279376
6 81 0 8 2.250293
46 93 0 8 2.243044
73 80 0 8 2.241783
9 76 0 8 2.241232
4 12 0 8 2.238302
10 84 0 8 2.236865
87 96 0 8 2.228005
60 81 0 8 2.217444
4 18 0 8 2.211724
47 66 0 8 2.207614
7 37 0 8 2.204819
32 87 0 8 2.203614
67 73 0 8 2.196212
18 54 0 8 2.164456
12 75 0 8 2.159305
3 12 0 8 2.145703
33 98 0 8 2.145503
76 88 0 8 2.126764
52 63 0 8 2.119539
29 49 0 8 2.114989
34 47 0 8 2.113595
39 85 0 8 2.102425
66 91 0 8 2.102178
45 75 0 8 2.101874
62 70 0 8 2.100312
49 58 0 8 2.099243
12 83 0 8 2.099181
28 66 0 8 2.097595
24 71 0 8 2.094623
30 50 0 8 2.086435
32 93 0 8 2.078567
11 29 0 8 2.069903
11 39 0 8 2.057080
10 33 0 8 2.055057
10 19 0 8 2.035468
47 67 0 8 2.029332
27 53 0 8 2.026934
36 80 0 8 2.026861
18 50 0 8 2.025965
33 61 0 8 2.018885
65 91 0 8 2.008732
35 42 0 8 2.005117
20 54 0 8 2.000061
6 15 0 8 1.988696
4 80 0 8 1.982293
5 79 0 8 1.981633
46 94 0 8 1.981202
28 69 0 8 1.976932
4 99 0 8 1.974954
14 76 0 8 1.974156
3 24 0 8 1.972468
20 31 0 8 1.965727
17 65 0 8 1.963057
3 41 0 8 1.960590
18 59 0 8 1.955586
18 36 0 8 1.947846
6 16 0 8 1.947820
32 64 0 8 1.941484
20 67 0 8 1.938738
7 44 0 8 1.932826
23 70 0 8 1.927913
33 81 0 8 1.927688
33 95 0 8 1.911381
16 62 0 8 1.909979
39 93 0 8 1.901215
19 40 0 8 1.897349
29 68 0 8 1.894106
75 82 0 8 1.893563
6 35 0 8 1.888911
30 84 0 8 1.885624
77 88 0 8 1.877697
7 72 0 8 1.869419
40 93 0 8 1.867659
26 89 0 8 1.864691
42 97 0 8 1.863986
58 69 0 8 1.860341
49 72 0 8 1.856288
33 74 0 8 1.852142
41 81 0 8 1.850062
5 85 0 8 1.847508
26 67 0 8 1.842575
12 76 0 8 1.820950
54 59 0 8 1.820363
21 74 0 8 1.817407
3 62 0 8 1.817107
33 94 0 8 1.815121
22 83 0 8 1.812637
30 55 0 8 1.804840
15 30 0 8 1.803193
66 94 0 8 1.799981
52 91 0 8 1.798463
22 50 0 8 1.793187
16 22 0 8 1.785293
59 91 0 8 1.783629
30 94 0 8 1.780584
26 42 0 8 1.772936
44 95 0 8 1.772536
13 31 0 8 1.766847
22 70 0 8 1.766681
19 55 0 8 1.766191
48 96 0 8 1.765765
15 48 0 8 1.760057
39 83 0 8 1.759971
25 67 0 8 1.756495
33 49 0 8 1.754649
8 41 0 8 1.753983
22 27 0 8 1.753729
41 88 0 8 1.752412
73 89 0 8 1.748857
51 61 0 8 1.744126
80 91 0 8 1.743846
32 98 0 8 1.733423
18 84 0 8 1.732787
15 75 0 8 1.729051
28 87 0 8 1.725873
4 47 0 8 1.718631
15 69 0 8 1.711744
68 83 0 8 1.708540
35 46 0 8 1.707796
78 85 0 8 1.700405
11 80 0 8 1.695025
16 21 0 8 1.691351
6 83 0 8 1.685446
32 43 0 8 1.673060
8 79 0 8 1.669373
64 74 0 8 1.667855
20 52 0 8 1.663453
86 93 0 8 1.661689
36 42 0 8 1.661310
37 63 0 8 1.658043
39 70 0 8 1.656348
13 32 0 8 1.656126
8 13 0 8 1.638512
39 76 0 8 1.635629
33 99 0 8 1.630807
15 59 0 8 1.630762
54 71 0 8 1.622578
11 65 0 8 1.622053
33 66 0 8 1.618885
65 90 0 8 1.608691
62 98 0 8 1.602805
15 99 0 8 1.599210
1 82 0 8 1.598051
13 62 0 8 1.595165
9 52 0 8 1.593871
66 77 0 8 1.592395
44 53 0 8 1.591380
41 77 0 8 1.590280
54 81 0 8 1.587492
41 58 0 8 1.587469
69 91 0 8 1.584670
5 37 0 8 1.578797
59 64 0 8 1.577982
10 94 0 8 1.577456
83 92 0 8 1.571067
29 66 0 8 1.568296
22 96 0 8 1.567374
19 72 0 8 1.566502
66 72 0 8 1.559768
51 97 0 8 1.559259
53 81 0 8 1.557884
45 70 0 8 1.557558
37 87 0 8 1.557264
1 39 0 8 1.555298
5 19 0 8 1.554200
19 52 0 8 1.553130
7 33 0 8 1.552909
42 84 0 8 1.551850
7 80 0 8 1.551716
20 65 0 8 1.551341
25 71 0 8 1.547448
22 67 0 8 1.543714
36 85 0 8 1.543494
41 65 0 8 1.541485
32 38 0 8 1.534320
51 92 0 8 1.533421
60 84 0 8 1.529239
57 92 0 8 1.528372
74 96 0 8 1.522344
67 74 0 8 1.521840
11 70 0 8 1.519258
2 64 0 8 1.518001
4 17 0 8 1.517076
14 31 0 8 1.515145
15 96 0 8 1.514421
79 85 0 8 1.513124
81 91 0 8 1.511464
22 51 0 8 1.510704
1 40 0 8 1.509580
39 82 0 8 1.507545
65 86 0 8 1.506716
28 97 0 8 1.504530
63 87 0 8 1.500987
31 41 0 8 1.496991
76 92 0 8 1.496307
30 68 0 8 1.495002
73 86 0 8 1.488132
38 98 0 8 1.481450
10 67 0 8 1.478406
49 97 0 8 1.475279
44 78 0 8 1.473969
16 29 0 8 1.473904
37 84 0 8 1.469994
20 53 0 8 1.467436
33 55 0 8 1.467145
38 63 0 8 1.461964
27 72 0 8 1.458090
32 99 0 8 1.452186
31 73 0 8 1.450309
12 49 0 8 1.439435
11 88 0 8 1.434148
34 60 0 8 1.432834
17 27 0 8 1.430323
68 81 0 8 1.429244
27 44 0 8 1.424995
5 39 0 8 1.416902
23 83 0 8 1.412851
26 85 0 8 1.412518
75 95 0 8 1.410223
30 87 0 8 1.410028
37 68 0 8 1.409985
26 69 0 8 1.408975
19 31 0 8 1.407062
9 45 0 8 1.405042
49 85 0 8 1.405027
36 58 0 8 1.403727
15 20 0 8 1.399827
37 82 0 8 1.398742
61 96 0 8 1.398183
2 45 0 8 1.396959
52 59 0 8 1.394141
76 81 0 8 1.393956
27 54 0 8 1.392681
11 18 0 8 1.383255
48 62 0 8 1.376965
12 40 0 8 1.376142
38 78 0 8 1.374168
33 72 0 8 1.373962
8 48 0 8 1.372212
27 84 0 8 1.366820
29 80 0 8 1.366123
3 38 0 8 1.365401
26 53 0 8 1.363584
64 70 0 8 1.360285
22 54 0 8 1.360165
31 81 0 8 1.360060
36 82 0 8 1.357981
21 47 0 8 1.356312
12 82 0 8 1.354816
16 83 0 8 1.352987
51 60 0 8 1.351085
21 81 0 8 1.342875
61 99 0 8 1.338933
20 64 0 8 1.334389
63 96 0 8 1.333991
41 85 0 8 1.331802
35 80 0 8 1.330539
3 36 0 8 1.328467
3 71 0 8 1.317467
51 70 0 8 1.316556
78 97 0 8 1.313778
10 18 0 8 1.313224
20 71 0 8 1.313012
31 45 0 8 1.312680
2 14 0 8 1.309149
15 36 0 8 1.307960
11 49 0 8 1.307261
31 54 0 8 1.306103
20 73 0 8 1.305956
55 62 0 8 1.303825
60 66 0 8 1.302620
12 37 0 8 1.302576
8 24 0 8 1.301041
67 78 0 8 1.300634
18 91 0 8 1.298492
31 79 0 8 1.294581
48 53 0 8 1.289850
72 89 0 8 1.288209
22 61 0 8 1.288077
59 97 0 8 1.286700
53 72 0 8 1.285448
17 71 0 8 1.284701
35 43 0 8 1.283656
25 64 0 8 1.282175
8 74 0 8 1.281909
54 60 0 8 1.279345
5 28 0 8 1.276104
44 77 0 8 1.276052
55 61 0 8 1.273620
14 29 0 8 1.271572
63 84 0 8 1.269955
17 85 0 8 1.267292
17 67 0 8 1.263571
60 98 0 8 1.262569
19 27 0 8 1.262298
15 83 0 8 1.259997
54 63 0 8 1.259351
32 48 0 8 1.258622
3 18 0 8 1.256469
3 50 0 8 1.255886
29 69 0 8 1.246253
58 75 0 8 1.243743
46 59 0 8 1.241680
34 45 0 8 1.240879
16 73 0 8 1.240204
9 77 0 8 1.239800
17 60 0 8 1.238276
3 63 0 8 1.238133
6 43 0 8 1.234830
8 66 0 8 1.233657
20 51 0 8 1.232103
27 51 0 8 1.231674
31 58 0 8 1.226099
20 61 0 8 1.225695
14 81 0 8 1.221512
43 78 0 8 1.220544
25 70 0 8 1.215743
38 76 0 8 1.215603
28 48 0 8 1.211763
82 94 0 8 1.211084
22 66 0 8 1.209715
20 44 0 8 1.209064
75 97 0 8 1.197495
6 84 0 8 1.196679
11 74 0 8 1.195891
65 72 0 8 1.192132
13 80 0 8 1.190001
4 90 0 8 1.189753
18 38 0 8 1.185337
4 14 0 8 1.184887
74 87 0 8 1.182396
45 73 0 8 1.182078
1 43 0 8 1.181138
22 79 0 8 1.178278
16 79 0 8 1.178055
39 86 0 8 1.177597
35 79 0 8 1.176231
20 32 0 8 1.172582
60 91 0 8 1.170293
49 87 0 8 1.168857
9 31 0 8 1.167753
53 61 0 8 1.165905
39 81 0 8 1.164927
43 55 0 8 1.161161
21 61 0 8 1.159121
32 77 0 8 1.158965
69 82 0 8 1.157464
21 39 0 8 1.155611
38 92 0 8 1.154852
87 97 0 8 1.153181
20 75 0 8 1.152249
8 34 0 8 1.150404
27 94 0 8 1.150084
46 100 0 8 1.149817
41 95 0 8 1.148872
13 18 0 8 1.147099
36 77 0 8 1.147001
42 63 0 8 1.144545
57 82 0 8 1.142600
71 82 0 8 1.136670
52 57 0 8 1.136620
2 41 0 8 1.136552
17 36 0 8 1.134881
46 95 0 8 1.134358
29 65 0 8 1.132819
12 99 0 8 1.129243
13 91 0 8 1.127674
74 94 0 8 1.126138
63 71 0 8 1.125945
31 51 0 8 1.125062
50 92 0 8 1.124219
19 84 0 8 1.123748
46 90 0 8 1.123040
55 72 0 8 1.121880
32 61 0 8 1.121786
36 57 0 8 1.120816
57 75 0 8 1.118886
89 98 0 8 1.117550
42 69 0 8 1.115025
62 78 0 8 1.114405
43 93 0 8 1.113515
33 44 0 8 1.112520
20 35 0 8 1.112197
38 44 0 8 1.111632
24 70 0 8 1.110359
75 87 0 8 1.110267
2 97 0 8 1.110225
11 36 0 8 1.108066
41 83 0 8 1.104558
16 75 0 8 1.103953
50 77 0 8 1.103499
22 75 0 8 1.101077
4 68 0 8 1.100477
15 67 0 8 1.098567
12 51 0 8 1.098562
70 96 0 8 1.095811
34 86 0 8 1.094948
32 50 0 8 1.093892
5 30 0 8 1.089376
28 41 0 8 1.087618
18 72 0 8 1.086536
62 94 0 8 1.086116
41 89 0 8 1.085298
40 77 0 8 1.085190
27 55 0 8 1.083571
25 46 0 8 1.082327
17 89 0 8 1.082060
2 60 0 8 1.081324
6 79 0 8 1.079031
30 65 0 8 1.078331
20 74 0 8 1.077525
21 63 0 8 1.076344
10 28 0 8 1.075940
54 96 0 8 1.074530
5 76 0 8 1.073613
35 99 0 8 1.070788
53 89 0 8 1.063502
52 58 0 8 1.063212
2 91 0 8 1.062626
33 68 0 8 1.059909
9 34 0 8 1.058202
34 85 0 8 1.055547
26 79 0 8 1.055225
53 74 0 8 1.055041
33 96 0 8 1.051835
37 58 0 8 1.048319
9 22 0 8 1.044286
42 76 0 8 1.041728
7 66 0 8 1.041696
6 53 0 8 1.040543
84 98 0 8 1.039965
27 34 0 8 1.038931
85 96 0 8 1.038028
45 51 0 8 1.035500
36 63 0 8 1.033610
4 43 0 8 1.032286
89 94 0 8 1.030410
29 51 0 8 1.030153
25 60 0 8 1.028057
18 97 0 8 1.025888
2 69 0 8 1.025497
44 92 0 8 1.024241
11 98 0 8 1.018205
3 33 0 8 1.014348
14 36 0 8 1.013916
39 80 0 8 1.013806
54 97 0 8 1.013748
11 35 0 8 1.013211
38 50 0 8 1.012167
50 82 0 8 1.010877
44 94 0 8 1.008641
50 59 0 8 1.007838
50 96 0 8 1.007028
37 54 0 8 1.005591
72 98 0 8 1.003834
13 38 0 8 0.999944
31 80 0 8 0.999726
11 61 0 8 0.998396
64 99 0 8 0.998145
75 92 0 8 0.997084
3 45 0 8 0.994921
6 98 0 8 0.994509
3 8 0 8 0.994016
19 29 0 8 0.993544
44 60 0 8 0.993137
29 53 0 8 0.992612
18 78 0 8 0.990863
21 71 0 8 0.990544
38 83 0 8 0.988938
55 92 0 8 0.987517
30 51 0 8 0.986664
50 65 0 8 0.985789
12 72 0 8 0.982406
19 93 0 8 0.982086
3 81 0 8 0.982038
33 77 0 8 0.982025
8 100 0 8 0.980698
48 78 0 8 0.978883
6 40 0 8 0.978086
1 84 0 8 0.975896
53 97 0 8 0.975053
2 7 0 8 0.973568
22 48 0 8 0.972867
30 96 0 8 0.972160
29 48 0 8 0.970996
59 75 0 8 0.965929
59 94 0 8 0.965898
2 25 0 8 0.965751
37 44 0 8 0.962650
7 47 0 8 0.957021
29 95 0 8 0.956618
11 32 0 8 0.954769
7 21 0 8 0.954087
42 94 0 8 0.952924
6 19 0 8 0.950600
45 69 0 8 0.948676
6 25 0 8 0.947539
12 98 0 8 0.946859
10 47 0 8 0.940476
47 81 0 8 0.937270
48 94 0 8 0.936888
7 98 0 8 0.936329
14 40 0 8 0.935617
14 57 0 8 0.934931
63 89 0 8 0.933827
43 48 0 8 0.932346
57 64 0 8 0.929333
15 80 0 8 0.927324
10 78 0 8 0.925948
47 83 0 8 0.925737
16 53 0 8 0.925199
12 21 0 8 0.924935
5 88 0 8 0.921877
38 51 0 8 0.921202
9 43 0 8 0.920460
19 71 0 8 0.919550
14 89 0 8 0.917782
29 55 0 8 0.915945
53 60 0 8 0.914665
19 50 0 8 0.914656
6 37 0 8 0.912703
21 99 0 8 0.911408
15 21 0 8 0.906323
49 67 0 8 0.905209
32 79 0 8 0.903201
28 58 0 8 0.901492
22 28 0 8 0.901192
7 51 0 8 0.901003
8 29 0 8 0.896088
15 89 0 8 0.893253
70 93 0 8 0.892316
34 62 0 8 0.891883
52 66 0 8 0.891108
78 89 0 8 0.890809
23 45 0 8 0.890716
27 75 0 8 0.889992
94 99 0 8 0.888614
29 37 0 8 0.886940
58 97 0 8 0.885770
13 33 0 8 0.885315
2 84 0 8 0.884281
46 78 0 8 0.883716
8 96 0 8 0.882685
29 85 0 8 0.882592
21 62 0 8 0.880277
15 43 0 8 0.876558
9 18 0 8 0.875892
43 80 0 8 0.873673
23 75 0 8 0.873335
36 45 0 8 0.872883
62 76 0 8 0.872815
9 69 0 8 0.872329
25 76 0 8 0.871275
64 78 0 8 0.867713
40 94 0 8 0.864687
34 67 0 8 0.863995
11 72 0 8 0.862871
51 66 0 8 0.861841
4 23 0 8 0.861728
40 95 0 8 0.861342
23 74 0 8 0.859714
25 81 0 8 0.858430
24 30 0 8 0.857253
63 74 0 8 0.857114
75 80 0 8 0.854900
9 95 0 8 0.852556
27 35 0 8 0.851085
7 74 0 8 0.851025
23 79 0 8 0.850239
42 91 0 8 0.848787
8 50 0 8 0.847425
17 23 0 8 0.846967
51 94 0 8 0.845753
71 78 0 8 0.844378
27 96 0 8 0.843728
33 85 0 8 0.843633
9 84 0 8 0.843101
31 99 0 8 0.839703
52 97 0 8 0.838042
15 84 0 8 0.836213
63 92 0 8 0.834826
77 83 0 8 0.833817
9 88 0 8 0.832477
14 47 0 8 0.832374
29 61 0 8 0.831923
17 66 0 8 0.831645
10 34 0 8 0.830022
62 99 0 8 0.829258
5 31 0 8 0.827865
7 59 0 8 0.827320
24 54 0 8 0.823089
14 83 0 8 0.822331
10 64 0 8 0.822064
73 78 0 8 0.821500
58 76 0 8 0.820345
47 80 0 8 0.819690
7 91 0 8 0.818493
29 46 0 8 0.817579
22 71 0 8 0.814643
23 77 0 8 0.812098
10 89 0 8 0.808584
69 96 0 8 0.808443
15 77 0 8 0.805707
11 28 0 8 0.805619
35 59 0 8 0.802035
36 75 0 8 0.798714
27 80 0 8 0.798348
42 82 0 8 0.794428
22 95 0 8 0.793142
11 96 0 8 0.791175
13 19 0 8 0.791174
11 33 0 8 0.790307
44 76 0 8 0.787369
49 59 0 8 0.786035
15 29 0 8 0.785870
6 21 0 8 0.784429
65 78 0 8 0.784387
59 98 0 8 0.782429
63 91 0 8 0.782324
87 92 0 8 0.781657
4 83 0 8 0.781646
1 8 0 8 0.779307
53 59 0 8 0.778882
1 25 0 8 0.778880
70 87 0 8 0.778808
14 46 0 8 0.778717
36 53 0 8 0.778115
37 83 0 8 0.778046
6 49 0 8 0.777711
16 78 0 8 0.773476
31 92 0 8 0.773375
75 98 0 8 0.772870
54 100 0 8 0.772859
21 84 0 8 0.771612
54 62 0 8 0.771293
72 79 0 8 0.770257
20 72 0 8 0.769562
3 10 0 8 0.769449
12 95 0 8 0.769180
1 61 0 8 0.768913
32 78 0 8 0.768617
14 48 0 8 0.768524
51 58 0 8 0.766808
10 71 0 8 0.765106
63 78 0 8 0.764956
13 96 0 8 0.764220
59 67 0 8 0.763945
87 95 0 8 0.763227
55 74 0 8 0.762502
22 29 0 8 0.761761
30 58 0 8 0.761229
51 57 0 8 0.757887
9 61 0 8 0.757086
18 67 0 8 0.757035
73 83 0 8 0.756652
2 13 0 8 0.756523
15 32 0 8 0.755032
5 12 0 8 0.753078
75 89 0 8 0.752452
77 82 0 8 0.752142
9 35 0 8 0.752057
54 67 0 8 0.749938
75 85 0 8 0.749300
46 75 0 8 0.749228
6 60 0 8 0.748998
47 94 0 8 0.748011
5 33 0 8 0.746466
14 85 0 8 0.746018
24 47 0 8 0.745896
28 92 0 8 0.744124
3 60 0 8 0.742995
58 80 0 8 0.742794
92 99 0 8 0.742049
16 58 0 8 0.741650
49 70 0 8 0.740970
28 67 0 8 0.740282
19 46 0 8 0.739816
30 61 0 8 0.737119
22 44 0 8 0.731739
26 59 0 8 0.731280
34 61 0 8 0.728952
16 70 0 8 0.728942
63 70 0 8 0.728176
28 35 0 8 0.727106
18 52 0 8 0.726753
4 82 0 8 0.725412
1 48 0 8 0.724032
8 94 0 8 0.722869
31 94 0 8 0.721903
31 48 0 8 0.721478
39 73 0 8 0.721219
65 85 0 8 0.721016
5 40 0 8 0.720865
16 81 0 8 0.718295
19 49 0 8 0.716122
33 52 0 8 0.714383
75 81 0 8 0.714230
22 38 0 8 0.713727
29 82 0 8 0.707912
3 89 0 8 0.707780
81 88 0 8 0.707701
41 62 0 8 0.701132
78 84 0 8 0.700859
6 45 0 8 0.699564
21 51 0 8 0.699362
32 70 0 8 0.698664
9 53 0 8 0.697708
42 77 0 8 0.696851
34 90 0 8 0.694917
10 43 0 8 0.694407
35 68 0 8 0.691996
79 88 0 8 0.689456
15 42 0 8 0.688592
72 87 0 8 0.687414
45 76 0 8 0.687216
9 92 0 8 0.680954
54 84 0 8 0.680174
28 94 0 8 0.679921
50 67 0 8 0.678342
54 72 0 8 0.677799
43 90 0 8 0.677148
48 73 0 8 0.676311
15 33 0 8 0.675486
39 90 0 8 0.675364
11 25 0 8 0.673465
46 98 0 8 0.673344
24 36 0 8 0.672096
18 41 0 8 0.670281
6 30 0 8 0.668967
33 65 0 8 0.667533
9 75 0 8 0.667400
38 64 0 8 0.666373
25 53 0 8 0.665759
50 61 0 8 0.664817
53 84 0 8 0.664520
14 51 0 8 0.664335
33 62 0 8 0.663688
30 49 0 8 0.663677
46 89 0 8 0.659717
52 92 0 8 0.658632
72 96 0 8 0.657542
37 95 0 8 0.656241
21 64 0 8 0.654476
39 57 0 8 0.654154
41 91 0 8 0.652507
3 27 0 8 0.651988
14 75 0 8 0.650669
32 63 0 8 0.650142
54 99 0 8 0.649619
36 83 0 8 0.646584
16 98 0 8 0.645900
13 20 0 8 0.642202
70 75 0 8 0.640050
47 52 0 8 0.638457
28 64 0 8 0.634457
38 75 0 8 0.633686
37 97 0 8 0.632889
36 50 0 8 0.631696
21 54 0 8 0.631306
8 87 0 8 0.631170
23 93 0 8 0.630948
2 96 0 8 0.630116
71 98 0 8 0.628979
8 33 0 8 0.628666
41 57 0 8 0.628571
18 69 0 8 0.627423
30 62 0 8 0.627119
15 46 0 8 0.626808
2 65 0 8 0.623181
44 96 0 8 0.623163
9 38 0 8 0.621775
37 55 0 8 0.621540
80 85 0 8 0.621277
47 79 0 8 0.620485
52 60 0 8 0.620411
5 67 0 8 0.619140
42 81 0 8 0.616405
20 79 0 8 0.614613
2 63 0 8 0.613776
26 70 0 8 0.613538
35 65 0 8 0.612610
74 82 0 8 0.612509
68 90 0 8 0.610116
25 83 0 8 0.605632
34 93 0 8 0.605574
66 78 0 8 0.604798
82 87 0 8 0.604313
2 35 0 8 0.603954
16 69 0 8 0.602963
46 71 0 8 0.601950
7 52 0 8 0.601795
7 54 0 8 0.601204
2 58 0 8 0.599424
4 92 0 8 0.598740
9 96 0 8 0.598442
30 92 0 8 0.598367
12 25 0 8 0.598362
41 55 0 8 0.597999
56 62 0 8 0.597682
59 65 0 8 0.597450
56 64 0 8 0.597339
6 100 0 8 0.597174
3 79 0 8 0.596343
17 28 0 8 0.592893
33 70 0 8 0.592488
3 49 0 8 0.591198
29 39 0 8 0.587710
53 64 0 8 0.587433
40 97 0 8 0.586630
26 96 0 8 0.586438
21 65 0 8 0.585742
13 50 0 8 0.585009
23 43 0 8 0.584239
35 60 0 8 0.582201
84 96 0 8 0.581301
31 38 0 8 0.580779
43 86 0 8 0.580766
29 89 0 8 0.580345
42 73 0 8 0.579315
20 96 0 8 0.579042
4 40 0 8 0.578318
44 93 0 8 0.577293
51 93 0 8 0.576510
24 88 0 8 0.576108
16 23 0 8 0.575177
5 44 0 8 0.575117
28 47 0 8 0.572677
75 99 0 8 0.572457
12 32 0 8 0.569775
11 66 0 8 0.568806
10 36 0 8 0.568744
17 54 0 8 0.567391
59 79 0 8 0.564542
35 67 0 8 0.563867
2 94 0 8 0.563279
50 81 0 8 0.563225
16 41 0 8 0.562660
57 79 0 8 0.561034
49 65 0 8 0.560896
7 42 0 8 0.560337
24 74 0 8 0.560298
7 83 0 8 0.560279
10 60 0 8 0.559496
42 54 0 8 0.558429
45 86 0 8 0.558233
80 87 0 8 0.558216
22 45 0 8 0.555059
73 90 0 8 0.547228
40 50 0 8 0.545752
29 75 0 8 0.544888
2 99 0 8 0.544866
1 34 0 8 0.543385
3 48 0 8 0.542234
40 75 0 8 0.542115
16 59 0 8 0.540918
27 82 0 8 0.540603
14 32 0 8 0.540366
19 38 0 8 0.539151
26 54 0 8 0.539095
51 64 0 8 0.538529
46 56 0 8 0.538312
21 97 0 8 0.536592
27 43 0 8 0.535960
30 40 0 8 0.535357
19 33 0 8 0.534100
77 96 0 8 0.533926
13 47 0 8 0.533856
39 71 0 8 0.532430
2 73 0 8 0.532046
42 100 0 8 0.529241
13 41 0 8 0.527609
11 94 0 8 0.526646
8 35 0 8 0.526325
45 82 0 8 0.525728
67 91 0 8 0.525581
7 17 0 8 0.523887
9 21 0 8 0.522771
60 94 0 8 0.521853
2 95 0 8 0.519164
55 79 0 8 0.519022
46 87 0 8 0.517417
49 74 0 8 0.516144
24 58 0 8 0.515905
10 80 0 8 0.515844
36 84 0 8 0.514650
54 68 0 8 0.514473
53 94 0 8 0.514422
35 64 0 8 0.513941
46 82 0 8 0.513873
20 26 0 8 0.511227
4 78 0 8 0.510868
54 78 0 8 0.510614
31 60 0 8 0.509676
26 98 0 8 0.509236
4 93 0 8 0.507723
57 87 0 8 0.507500
22 55 0 8 0.507312
1 86 0 8 0.507073
43 50 0 8 0.506878
25 91 0 8 0.506744
40 72 0 8 0.505797
1 49 0 8 0.504860
8 26 0 8 0.504786
80 100 0 8 0.504480
25 50 0 8 0.504245
1 73 0 8 0.503237
55 97 0 8 0.502880
8 59 0 8 0.501466
44 52 0 8 0.501063
14 94 0 8 0.500960
8 20 0 8 0.500934
53 95 0 8 0.500673
41 67 0 8 0.499823
39 58 0 8 0.497355
43 83 0 8 0.496658
14 84 0 8 0.495892
31 87 0 8 0.495329
88 93 0 8 0.494256
50 99 0 8 0.493001
14 74 0 8 0.492655
33 45 0 8 0.491896
4 57 0 8 0.490515
10 26 0 8 0.488998
51 68 0 8 0.488827
14 45 0 8 0.488219
37 100 0 8 0.486735
7 22 0 8 0.485804
34 46 0 8 0.485618
32 81 0 8 0.484614
63 81 0 8 0.483806
7 26 0 8 0.482787
55 78 0 8 0.482409
86 97 0 8 0.481950
14 37 0 8 0.481876
8 73 0 8 0.481620
31 86 0 8 0.481285
17 79 0 8 0.479835
9 91 0 8 0.479546
64 71 0 8 0.479134
40 51 0 8 0.478984
58 74 0 8 0.478611
57 98 0 8 0.478525
44 86 0 8 0.478287
57 83 0 8 0.476939
57 85 0 8 0.475902
48 68 0 8 0.475077
62 69 0 8 0.475054
57 76 0 8 0.474832
35 63 0 8 0.473338
64 87 0 8 0.472198
20 28 0 8 0.471818
84 100 0 8 0.471243
28 73 0 8 0.470419
57 63 0 8 0.470414
31 83 0 8 0.468543
4 11 0 8 0.465617
14 58 0 8 0.465272
1 21 0 8 0.464689
20 80 0 8 0.464355
22 47 0 8 0.463906
55 89 0 8 0.463681
30 69 0 8 0.462919
8 52 0 8 0.462311
53 91 0 8 0.462277
6 92 0 8 0.459623
16 33 0 8 0.459425
27 87 0 8 0.458516
56 84 0 8 0.455337
16 57 0 8 0.454793
38 99 0 8 0.454203
55 84 0 8 0.454018
13 74 0 8 0.453904
45 79 0 8 0.453220
20 59 0 8 0.452006
13 67 0 8 0.451742
72 90 0 8 0.451219
4 33 0 8 0.450984
11 76 0 8 0.450446
43 82 0 8 0.450342
23 34 0 8 0.449749
54 61 0 8 0.449561
25 92 0 8 0.447884
28 75 0 8 0.447536
1 29 0 8 0.447177
30 78 0 8 0.446823
32 96 0 8 0.445430
7 61 0 8 0.445035
38 52 0 8 0.444544
33 38 0 8 0.444505
68 97 0 8 0.444196
18 27 0 8 0.441948
64 97 0 8 0.441285
87 98 0 8 0.441203
17 98 0 8 0.439602
30 60 0 8 0.435421
15 35 0 8 0.435381
29 78 0 8 0.434662
41 46 0 8 0.434251
27 67 0 8 0.434183
21 26 0 8 0.433540
58 96 0 8 0.432872
36 88 0 8 0.432264
42 60 0 8 0.430790
41 51 0 8 0.429526
28 91 0 8 0.428556
23 36 0 8 0.426767
18 65 0 8 0.426049
48 56 0 8 0.425522
34 64 0 8 0.424098
60 69 0 8 0.423565
7 63 0 8 0.422850
6 55 0 8 0.421310
24 80 0 8 0.420274
17 80 0 8 0.419830
18 80 0 8 0.417869
32 84 0 8 0.417691
64 93 0 8 0.417591
8 88 0 8 0.417091
50 70 0 8 0.416811
23 67 0 8 0.415157
33 89 0 8 0.414150
16 94 0 8 0.412820
61 100 0 8 0.410357
21 42 0 8 0.410272
6 42 0 8 0.408281
7 84 0 8 0.407631
45 55 0 8 0.406750
8 43 0 8 0.406519
38 43 0 8 0.406170
27 56 0 8 0.405158
63 83 0 8 0.404516
57 95 0 8 0.403788
56 76 0 8 0.403729
20 69 0 8 0.402590
26 52 0 8 0.402327
44 50 0 8 0.401110
26 48 0 8 0.400665
30 81 0 8 0.399429
16 84 0 8 0.398612
29 52 0 8 0.397939
42 55 0 8 0.397575
13 71 0 8 0.397175
11 26 0 8 0.396300
36 73 0 8 0.395286
24 67 0 8 0.395249
41 100 0 8 0.395164
9 100 0 8 0.394211
6 24 0 8 0.393274
58 73 0 8 0.392685
12 64 0 8 0.391129
65 70 0 8 0.391001
17 25 0 8 0.390464
21 60 0 8 0.389108
37 93 0 8 0.388862
50 66 0 8 0.388057
72 86 0 8 0.387954
46 91 0 8 0.387523
1 50 0 8 0.386692
13 68 0 8 0.384109
22 52 0 8 0.383973
71 85 0 8 0.383259
53 69 0 8 0.383241
44 59 0 8 0.382642
8 92 0 8 0.382241
69 76 0 8 0.381667
39 88 0 8 0.380437
4 74 0 8 0.379401
26 71 0 8 0.379124
16 87 0 8 0.378432
69 98 0 8 0.377752
29 79 0 8 0.377125
18 85 0 8 0.376989
78 99 0 8 0.376968
7 18 0 8 0.374072
66 83 0 8 0.373536
39 75 0 8 0.372329
45 52 0 8 0.371519
45 53 0 8 0.371428
32 51 0 8 0.371369
74 99 0 8 0.370874
72 95 0 8 0.370099
6 73 0 8 0.369867
11 87 0 8 0.369565
58 68 0 8 0.369442
29 70 0 8 0.368859
33 43 0 8 0.368158
18 98 0 8 0.368135
41 63 0 8 0.367895
17 97 0 8 0.367770
26 100 0 8 0.366820
4 66 0 8 0.365493
52 90 0 8 0.364606
22 91 0 8 0.362540
25 38 0 8 0.362352
16 40 0 8 0.361480
46 53 0 8 0.360616
57 66 0 8 0.357746
76 90 0 8 0.357385
21 55 0 8 0.357380
73 94 0 8 0.356996
62 93 0 8 0.356308
57 77 0 8 0.355368
16 39 0 8 0.354713
23 62 0 8 0.354466
30 36 0 8 0.353933
45 81 0 8 0.351689
10 70 0 8 0.350571
40 81 0 8 0.349971
38 84 0 8 0.349693
65 93 0 8 0.349162
11 89 0 8 0.348431
4 59 0 8 0.348018
9 62 0 8 0.347879
40 58 0 8 0.347644
10 75 0 8 0.346617
64 83 0 8 0.345226
25 66 0 8 0.344632
29 100 0 8 0.344391
1 9 0 8 0.344363
36 56 0 8 0.343946
56 92 0 8 0.340958
24 66 0 8 0.340670
40 71 0 8 0.340306
44 97 0 8 0.340288
34 55 0 8 0.339996
18 56 0 8 0.338697
55 67 0 8 0.338511
39 44 0 8 0.337184
14 30 0 8 0.336609
61 90 0 8 0.335614
49 60 0 8 0.335004
22 85 0 8 0.334999
91 99 0 8 0.334555
56 72 0 8 0.334472
15 54 0 8 0.332187
8 42 0 8 0.331268
2 87 0 8 0.331209
1 24 0 8 0.329258
19 26 0 8 0.329032
9 78 0 8 0.328651
3 28 0 8 0.328428
55 81 0 8 0.327461
43 89 0 8 0.326752
5 61 0 8 0.326645
26 43 0 8 0.325262
17 82 0 8 0.324980
77 90 0 8 0.324073
30 80 0 8 0.323745
31 46 0 8 0.322956
4 22 0 8 0.321163
3 21 0 8 0.321065
42 96 0 8 0.320603
35 77 0 8 0.320182
43 77 0 8 0.319927
67 80 0 8 0.319092
10 76 0 8 0.318935
10 40 0 8 0.318612
65 97 0 8 0.318555
48 77 0 8 0.315423
51 84 0 8 0.314721
19 68 0 8 0.313789
15 38 0 8 0.313285
26 68 0 8 0.313218
27 88 0 8 0.313015
17 34 0 8 0.311984
30 77 0 8 0.311730
20 95 0 8 0.311703
12 35 0 8 0.309441
10 95 0 8 0.308617
85 95 0 8 0.307515
69 97 0 8 0.307366
21 67 0 8 0.307147
4 86 0 8 0.306179
19 54 0 8 0.305633
25 51 0 8 0.305284
10 98 0 8 0.302938
76 83 0 8 0.300355
76 86 0 8 0.299108
68 74 0 8 0.298221
43 81 0 8 0.297773
4 24 0 8 0.297695
22 73 0 8 0.297124
17 61 0 8 0.296086
45 90 0 8 0.295308
28 40 0 8 0.295204
38 97 0 8 0.294286
43 60 0 8 0.293737
23 73 0 8 0.293687
27 48 0 8 0.292927
57 65 0 8 0.292689
82 93 0 8 0.291330
5 43 0 8 0.291180
69 78 0 8 0.290809
12 56 0 8 0.290480
1 26 0 8 0.290475
8 80 0 8 0.290407
37 70 0 8 0.288518
10 31 0 8 0.287906
50 78 0 8 0.287161
20 58 0 8 0.286820
17 32 0 8 0.284592
4 44 0 8 0.284058
6 91 0 8 0.284034
54 75 0 8 0.284030
14 73 0 8 0.283862
3 14 0 8 0.282831
12 71 0 8 0.282237
56 79 0 8 0.280920
14 53 0 8 0.280776
56 90 0 8 0.280416
56 75 0 8 0.280012
1 71 0 8 0.279793
46 67 0 8 0.276161
7 56 0 8 0.275642
66 89 0 8 0.275403
26 82 0 8 0.275148
57 74 0 8 0.274968
18 33 0 8 0.274395
15 66 0 8 0.274262
17 83 0 8 0.274032
31 64 0 8 0.273885
79 84 0 8 0.273870
1 89 0 8 0.273664
27 62 0 8 0.273418
36 94 0 8 0.273173
49 76 0 8 0.272756
43 58 0 8 0.270964
67 98 0 8 0.270871
2 77 0 8 0.270362
5 21 0 8 0.270239
30 54 0 8 0.270127
18 88 0 8 0.269284
37 74 0 8 0.268593
17 70 0 8 0.268206
12 34 0 8 0.267224
29 77 0 8 0.266797
2 19 0 8 0.265296
5 23 0 8 0.263368
17 58 0 8 0.262910
33 92 0 8 0.262352
12 96 0 8 0.261165
59 85 0 8 0.260415
46 92 0 8 0.259213
59 78 0 8 0.258845
52 67 0 8 0.257442
29 38 0 8 0.256502
22 59 0 8 0.255263
17 63 0 8 0.254975
14 43 0 8 0.253650
91 98 0 8 0.252148
17 50 0 8 0.251139
78 100 0 8 0.251053
3 29 0 8 0.249652
47 58 0 8 0.249435
1 12 0 8 0.249057
5 26 0 8 0.248575
22 65 0 8 0.246681
19 41 0 8 0.246618
58 66 0 8 0.245773
45 93 0 8 0.245304
29 43 0 8 0.245091
17 45 0 8 0.244597
25 82 0 8 0.243585
39 78 0 8 0.243079
17 37 0 8 0.241698
7 35 0 8 0.241101
25 45 0 8 0.240328
1 32 0 8 0.239951
31 55 0 8 0.239355
29 86 0 8 0.239312
50 95 0 8 0.238839
35 76 0 8 0.238646
56 74 0 8 0.236808
11 68 0 8 0.236667
19 65 0 8 0.236439
1 93 0 8 0.235979
21 94 0 8 0.235733
6 62 0 8 0.235185
70 86 0 8 0.234930
45 91 0 8 0.234080
78 92 0 8 0.233849
44 64 0 8 0.232758
60 73 0 8 0.231577
57 62 0 8 0.231193
70 79 0 8 0.231142
14 33 0 8 0.230798
5 51 0 8 0.230572
74 89 0 8 0.230074
17 100 0 8 0.229731
79 92 0 8 0.228591
35 52 0 8 0.228373
22 34 0 8 0.227557
17 88 0 8 0.225818
70 90 0 8 0.223839
25 37 0 8 0.223316
55 99 0 8 0.223084
31 53 0 8 0.222950
4 54 0 8 0.220942
60 82 0 8 0.219070
64 98 0 8 0.219035
58 100 0 8 0.218528
13 30 0 8 0.217825
7 68 0 8 0.217368
77 94 0 8 0.217361
61 72 0 8 0.216814
31 100 0 8 0.216120
60 95 0 8 0.215493
25 99 0 8 0.215403
4 95 0 8 0.215198
14 100 0 8 0.214900
21 87 0 8 0.214249
38 82 0 8 0.213861
9 40 0 8 0.212876
34 53 0 8 0.211779
8 98 0 8 0.209807
1 36 0 8 0.209256
4 72 0 8 0.209134
23 69 0 8 0.208224
52 69 0 8 0.208168
66 93 0 8 0.206804
41 99 0 8 0.206617
31 90 0 8 0.206521
35 100 0 8 0.205506
85 97 0 8 0.205084
25 30 0 8 0.204944
28 45 0 8 0.204381
49 90 0 8 0.203918
76 100 0 8 0.203343
35 89 0 8 0.202423
26 50 0 8 0.201775
34 95 0 8 0.200881
35 50 0 8 0.200838
46 51 0 8 0.200627
49 63 0 8 0.200588
83 93 0 8 0.200494
65 98 0 8 0.199150
11 100 0 8 0.198759
48 72 0 8 0.197356
14 82 0 8 0.196380
57 88 0 8 0.196369
58 72 0 8 0.195737
3 94 0 8 0.195340
2 11 0 8 0.194962
85 90 0 8 0.194878
41 75 0 8 0.194874
27 99 0 8 0.194763
45 87 0 8 0.194623
10 51 0 8 0.194205
39 95 0 8 0.192104
21 82 0 8 0.191577
58 88 0 8 0.190691
45 72 0 8 0.190603
6 88 0 8 0.190487
38 62 0 8 0.190126
15 44 0 8 0.189999
45 96 0 8 0.189953
2 82 0 8 0.189887
45 88 0 8 0.189590
3 11 0 8 0.189544
7 27 0 8 0.189215
41 90 0 8 0.188828
1 46 0 8 0.187775
56 99 0 8 0.187473
14 56 0 8 0.186804
43 53 0 8 0.186636
31 89 0 8 0.186216
55 68 0 8 0.186161
58 91 0 8 0.185882
2 18 0 8 0.185389
41 50 0 8 0.184619
12 50 0 8 0.184506
37 90 0 8 0.184226
1 19 0 8 0.183261
1 90 0 8 0.182600
42 93 0 8 0.182564
53 76 0 8 0.182451
12 67 0 8 0.181440
37 71 0 8 0.180543
18 37 0 8 0.180248
66 82 0 8 0.179385
4 16 0 8 0.178375
21 68 0 8 0.177843
66 98 0 8 0.177723
46 86 0 8 0.177452
95 100 0 8 0.177413
52 88 0 8 0.177163
29 74 0 8 0.176941
34 79 0 8 0.176532
34 72 0 8 0.176286
69 90 0 8 0.176131
17 73 0 8 0.173557
34 69 0 8 0.172590
51 71 0 8 0.172398
76 99 0 8 0.171697
43 100 0 8 0.171107
59 100 0 8 0.170567
16 36 0 8 0.168971
32 53 0 8 0.168217
26 51 0 8 0.167230
9 28 0 8 0.166028
17 91 0 8 0.164236
43 76 0 8 0.163342
66 88 0 8 0.162871
62 95 0 8 0.161768
46 84 0 8 0.161265
2 48 0 8 0.161102
25 75 0 8 0.160671
41 71 0 8 0.160530
32 89 0 8 0.159755
25 61 0 8 0.158433
48 90 0 8 0.156515
27 63 0 8 0.155836
1 65 0 8 0.155674
4 98 0 8 0.155338
73 98 0 8 0.152814
55 94 0 8 0.152267
58 63 0 8 0.151826
31 93 0 8 0.149876
21 90 0 8 0.148658
14 72 0 8 0.147896
40 90 0 8 0.147260
26 41 0 8 0.146844
27 65 0 8 0.146764
32 97 0 8 0.146058
41 96 0 8 0.144753
54 94 0 8 0.144695
37 88 0 8 0.144683
1 6 0 8 0.144310
11 97 0 8 0.143515
40 68 0 8 0.142972
31 65 0 8 0.142741
56 91 0 8 0.142688
51 86 0 8 0.142673
1 31 0 8 0.141836
49 83 0 8 0.141033
15 78 0 8 0.140519
40 61 0 8 0.138869
47 87 0 8 0.136362
44 80 0 8 0.134230
28 79 0 8 0.132487
1 20 0 8 0.131446
56 94 0 8 0.131302
22 39 0 8 0.130709
14 87 0 8 0.130582
73 93 0 8 0.130409
17 87 0 8 0.129405
15 81 0 8 0.128959
57 97 0 8 0.128051
50 71 0 8 0.127862
14 80 0 8 0.126953
15 87 0 8 0.126923
40 92 0 8 0.126103
25 55 0 8 0.125174
9 74 0 8 0.122251
11 34 0 8 0.122089
4 67 0 8 0.121399
18 60 0 8 0.121290
42 85 0 8 0.121233
64 85 0 8 0.121152
53 98 0 8 0.121091
12 100 0 8 0.121069
32 83 0 8 0.120991
16 80 0 8 0.120734
34 88 0 8 0.120157
20 27 0 8 0.117776
8 46 0 8 0.117191
62 74 0 8 0.116384
89 100 0 8 0.115924
5 73 0 8 0.115084
37 53 0 8 0.113518
50 79 0 8 0.113277
39 50 0 8 0.113085
10 17 0 8 0.112886
8 19 0 8 0.112507
60 70 0 8 0.111402
5 14 0 8 0.111026
59 74 0 8 0.110472
5 65 0 8 0.109825
6 32 0 8 0.109265
16 28 0 8 0.109155
30 95 0 8 0.108981
26 95 0 8 0.108786
49 80 0 8 0.108397
54 69 0 8 0.107989
6 82 0 8 0.106700
12 77 0 8 0.104399
42 80 0 8 0.104222
33 93 0 8 0.103645
22 87 0 8 0.102748
13 90 0 8 0.102178
54 65 0 8 0.101849
35 78 0 8 0.101276
11 22 0 8 0.100186
24 94 0 8 0.098533
16 93 0 8 0.098377
26 90 0 8 0.098257
26 87 0 8 0.097543
9 99 0 8 0.097474
53 99 0 8 0.097426
79 87 0 8 0.097401
30 88 0 8 0.095979
30 35 0 8 0.095596
1 57 0 8 0.095456
67 89 0 8 0.093823
46 69 0 8 0.093328
10 48 0 8 0.093190
27 85 0 8 0.091408
1 74 0 8 0.091030
71 87 0 8 0.090823
44 51 0 8 0.089558
11 43 0 8 0.088870
45 58 0 8 0.088424
67 82 0 8 0.088337
3 78 0 8 0.085360
17 86 0 8 0.084594
48 70 0 8 0.081970
6 17 0 8 0.081440
38 57 0 8 0.080724
44 68 0 8 0.079923
68 86 0 8 0.079659
52 87 0 8 0.079329
50 97 0 8 0.078888
28 68 0 8 0.078883
58 78 0 8 0.078066
32 56 0 8 0.077916
24 56 0 8 0.076506
28 56 0 8 0.076290
56 93 0 8 0.075831
39 52 0 8 0.075649
14 64 0 8 0.074444
19 51 0 8 0.073346
25 95 0 8 0.073283
23 50 0 8 0.073007
19 80 0 8 0.072734
45 89 0 8 0.071388
35 96 0 8 0.070163
87 100 0 8 0.070124
86 91 0 8 0.070030
47 57 0 8 0.067950
23 55 0 8 0.067248
1 37 0 8 0.065919
40 60 0 8 0.065917
29 96 0 8 0.065888
18 35 0 8 0.063569
54 73 0 8 0.063408
80 92 0 8 0.063287
40 67 0 8 0.063118
2 78 0 8 0.061796
43 59 0 8 0.061309
45 85 0 8 0.061234
21 57 0 8 0.061010
4 48 0 8 0.060758
26 97 0 8 0.060541
7 28 0 8 0.060178
15 45 0 8 0.060101
55 60 0 8 0.059641
29 60 0 8 0.059544
34 50 0 8 0.058939
28 100 0 8 0.058686
44 72 0 8 0.057601
59 73 0 8 0.057498
3 22 0 8 0.057455
17 33 0 8 0.057194
28 80 0 8 0.056967
5 94 0 8 0.055332
13 48 0 8 0.054767
27 97 0 8 0.054648
3 76 0 8 0.054626
90 99 0 8 0.054224
52 100 0 8 0.053912
38 72 0 8 0.053794
17 38 0 8 0.051694
1 52 0 8 0.050605
29 36 0 8 0.050594
39 69 0 8 0.050581
21 48 0 8 0.050073
19 77 0 8 0.049947
56 69 0 8 0.049479
38 56 0 8 0.048865
49 99 0 8 0.048472
2 52 0 8 0.047623
61 75 0 8 0.045457
46 79 0 8 0.045450
48 57 0 8 0.045328
15 25 0 8 0.045249
22 69 0 8 0.044938
33 63 0 8 0.043747
61 68 0 8 0.043181
61 80 0 8 0.042413
84 91 0 8 0.040981
9 44 0 8 0.040864
5 90 0 8 0.040704
30 71 0 8 0.040399
57 69 0 8 0.040313
92 98 0 8 0.039771
56 86 0 8 0.039746
2 74 0 8 0.039700
29 40 0 8 0.038879
19 89 0 8 0.038777
59 88 0 8 0.038746
19 56 0 8 0.037944
30 86 0 8 0.037531
17 72 0 8 0.037081
21 88 0 8 0.036595
84 90 0 8 0.036526
67 100 0 8 0.036413
14 54 0 8 0.036363
30 73 0 8 0.036303
86 96 0 8 0.035293
2 67 0 8 0.035272
6 93 0 8 0.035067
25 97 0 8 0.034528
76 95 0 8 0.033770
31 56 0 8 0.033537
19 78 0 8 0.032658
3 16 0 8 0.032452
70 80 0 8 0.032297
24 59 0 8 0.031849
19 61 0 8 0.031648
16 97 0 8 0.031493
33 73 0 8 0.031410
3 84 0 8 0.031324
13 86 0 8 0.031223
10 20 0 8 0.030118
46 57 0 8 0.029994
81 93 0 8 0.029908
21 98 0 8 0.029365
53 100 0 8 0.026316
20 60 0 8 0.026097
34 54 0 8 0.024714
55 63 0 8 0.024291
20 88 0 8 0.024252
26 57 0 8 0.024227
19 53 0 8 0.024106
9 55 0 8 0.023945
6 34 0 8 0.023280
28 93 0 8 0.022935
37 86 0 8 0.022928
13 40 0 8 0.020178
25 77 0 8 0.019879
15 40 0 8 0.019772
35 56 0 8 0.019548
20 41 0 8 0.019414
11 86 0 8 0.018762
44 75 0 8 0.018481
3 100 0 8 0.016845
29 62 0 8 0.016716
14 79 0 8 0.016376
75 100 0 8 0.015681
20 63 0 8 0.015642
89 95 0 8 0.015307
25 100 0 8 0.014746
52 79 0 8 0.014222
47 64 0 8 0.013457
1 30 0 8 0.012908
15 27 0 8 0.012886
40 100 0 8 0.012869
23 51 0 8 0.011661
29 67 0 8 0.011499
3 87 0 8 0.009241
80 86 0 8 0.007735
4 52 0 8 0.007059
29 73 0 8 0.007014
35 93 0 8 0.006490
10 32 0 8 0.005084
52 77 0 8 0.004668
84 97 0 8 0.002908
3 37 0 8 0.002527
17 31 0 8 0.002499
19 92 0 8 0.002285
39 56 0 8 0.001928
17 77 0 8 -0.000538
6 90 0 8 -0.001483
32 46 0 8 -0.001796
1 79 0 8 -0.002035
49 66 0 8 -0.002152
34 39 0 8 -0.002811
56 100 0 8 -0.005680
35 57 0 8 -0.005777
43 56 0 8 -0.006060
69 93 0 8 -0.006300
59 84 0 8 -0.007129
8 38 0 8 -0.007363
17 35 0 8 -0.007608
42 50 0 8 -0.007975
1 28 0 8 -0.009075
56 80 0 8 -0.009220
46 52 0 8 -0.009639
42 92 0 8 -0.010887
7 97 0 8 -0.011136
69 80 0 8 -0.012378
57 68 0 8 -0.012451
53 90 0 8 -0.012546
50 100 0 8 -0.013282
20 33 0 8 -0.013599
1 41 0 8 -0.013628
14 21 0 8 -0.014078
1 14 0 8 -0.014356
48 76 0 8 -0.016034
34 66 0 8 -0.016520
52 84 0 8 -0.017404
17 99 0 8 -0.018627
26 56 0 8 -0.018937
57 72 0 8 -0.019257
1 85 0 8 -0.019331
49 55 0 8 -0.020722
51 100 0 8 -0.021760
2 40 0 8 -0.021834
50 62 0 8 -0.021964
36 100 0 8 -0.022123
75 90 0 8 -0.022671
37 91 0 8 -0.022791
8 40 0 8 -0.024583
69 84 0 8 -0.024984
34 99 0 8 -0.025109
1 18 0 8 -0.025564
39 99 0 8 -0.026761
38 45 0 8 -0.026828
79 98 0 8 -0.027018
7 23 0 8 -0.027037
32 37 0 8 -0.027107
26 65 0 8 -0.027793
2 24 0 8 -0.029614
5 29 0 8 -0.029989
11 67 0 8 -0.030705
42 53 0 8 -0.031424
37 99 0 8 -0.032082
11 51 0 8 -0.032152
88 100 0 8 -0.032207
13 55 0 8 -0.032358
25 52 0 8 -0.033579
23 65 0 8 -0.033670
60 72 0 8 -0.034323
23 46 0 8 -0.035254
60 85 0 8 -0.035579
69 99 0 8 -0.035775
7 57 0 8 -0.036155
77 86 0 8 -0.036190
64 90 0 8 -0.037029
64 77 0 8 -0.037125
13 77 0 8 -0.037434
4 10 0 8 -0.037817
34 59 0 8 -0.038460
27 60 0 8 -0.038597
3 97 0 8 -0.038771
28 86 0 8 -0.040329
46 80 0 8 -0.040357
67 97 0 8 -0.041395
24 78 0 8 -0.041519
10 83 0 8 -0.041818
20 39 0 8 -0.041825
49 57 0 8 -0.042771
19 74 0 8 -0.042809
34 87 0 8 -0.043276
38 91 0 8 -0.043457
41 59 0 8 -0.044147
2 72 0 8 -0.044416
41 98 0 8 -0.045126
50 90 0 8 -0.045609
22 100 0 8 -0.045646
1 76 0 8 -0.047123
13 57 0 8 -0.048045
23 90 0 8 -0.048951
57 90 0 8 -0.049038
18 94 0 8 -0.049567
17 75 0 8 -0.049978
39 45 0 8 -0.049981
10 69 0 8 -0.050426
22 98 0 8 -0.050654
37 56 0 8 -0.051090
31 71 0 8 -0.051169
7 90 0 8 -0.051850
93 98 0 8 -0.052177
22 64 0 8 -0.052327
21 77 0 8 -0.052760
45 94 0 8 -0.052928
14 93 0 8 -0.054241
70 88 0 8 -0.054724
38 69 0 8 -0.055065
30 83 0 8 -0.055678
16 46 0 8 -0.055767
56 89 0 8 -0.056160
86 100 0 8 -0.056596
38 90 0 8 -0.056608
46 97 0 8 -0.056614
53 83 0 8 -0.056852
13 63 0 8 -0.058993
19 34 0 8 -0.059115
73 88 0 8 -0.059564
9 16 0 8 -0.059831
69 86 0 8 -0.061777
45 56 0 8 -0.062000
11 60 0 8 -0.062104
82 90 0 8 -0.062436
48 58 0 8 -0.062466
61 86 0 8 -0.062512
15 56 0 8 -0.063335
88 94 0 8 -0.063724
28 42 0 8 -0.064556
82 88 0 8 -0.065554
14 77 0 8 -0.065652
60 65 0 8 -0.065689
13 42 0 8 -0.066058
72 100 0 8 -0.066722
11 56 0 8 -0.067513
8 27 0 8 -0.068447
8 32 0 8 -0.068782
57 78 0 8 -0.069260
19 94 0 8 -0.071042
46 63 0 8 -0.071169
10 100 0 8 -0.071215
3 32 0 8 -0.071288
41 92 0 8 -0.071589
23 82 0 8 -0.072503
41 56 0 8 -0.072646
10 56 0 8 -0.073047
47 100 0 8 -0.073056
44 56 0 8 -0.073415
49 56 0 8 -0.074136
63 69 0 8 -0.074152
61 70 0 8 -0.074649
41 66 0 8 -0.074920
90 100 0 8 -0.074972
15 57 0 8 -0.075115
8 82 0 8 -0.075294
47 96 0 8 -0.075666
71 91 0 8 -0.076490
1 56 0 8 -0.077803
5 38 0 8 -0.078130
10 99 0 8 -0.078300
4 65 0 8 -0.079655
17 68 0 8 -0.079796
71 83 0 8 -0.079808
28 33 0 8 -0.080002
27 40 0 8 -0.080346
52 95 0 8 -0.080476
8 30 0 8 -0.080961
55 100 0 8 -0.081543
50 75 0 8 -0.081845
61 67 0 8 -0.082781
56 87 0 8 -0.082811
8 23 0 8 -0.083286
20 94 0 8 -0.083775
31 67 0 8 -0.083895
34 44 0 8 -0.084408
4 49 0 8 -0.084661
47 73 0 8 -0.084807
31 72 0 8 -0.086511
19 98 0 8 -0.087243
63 90 0 8 -0.087979
40 85 0 8 -0.088594
56 63 0 8 -0.090182
9 23 0 8 -0.090754
13 79 0 8 -0.090840
86 99 0 8 -0.090927
5 45 0 8 -0.091644
6 74 0 8 -0.092032
9 90 0 8 -0.093005
58 87 0 8 -0.093258
40 88 0 8 -0.093641
52 62 0 8 -0.094012
34 56 0 8 -0.095357
24 52 0 8 -0.095453
20 85 0 8 -0.096009
32 66 0 8 -0.097879
30 56 0 8 -0.097948
25 35 0 8 -0.098075
23 61 0 8 -0.098987
2 92 0 8 -0.099290
37 49 0 8 -0.099548
2 42 0 8 -0.099801
56 73 0 8 -0.099988
18 82 0 8 -0.100962
25 32 0 8 -0.101120
12 93 0 8 -0.101197
56 95 0 8 -0.101310
33 51 0 8 -0.101873
4 9 0 8 -0.102056
14 25 0 8 -0.102189
32 41 0 8 -0.102442
10 16 0 8 -0.102656
30 67 0 8 -0.103529
46 77 0 8 -0.104272
6 71 0 8 -0.104291
19 100 0 8 -0.105084
18 63 0 8 -0.105306
21 72 0 8 -0.105774
3 85 0 8 -0.106393
23 56 0 8 -0.106668
78 91 0 8 -0.106816
88 97 0 8 -0.107201
61 73 0 8 -0.107290
46 73 0 8 -0.107937
48 60 0 8 -0.108037
8 45 0 8 -0.108745
2 47 0 8 -0.108859
27 59 0 8 -0.109133
18 77 0 8 -0.109898
36 60 0 8 -0.110614
35 70 0 8 -0.110751
10 45 0 8 -0.110765
56 97 0 8 -0.110891
34 51 0 8 -0.111395
62 90 0 8 -0.111737
48 99 0 8 -0.112228
10 46 0 8 -0.112985
14 70 0 8 -0.113596
3 57 0 8 -0.114111
9 86 0 8 -0.114243
33 100 0 8 -0.114858
28 81 0 8 -0.115573
24 61 0 8 -0.115586
41 94 0 8 -0.115779
93 100 0 8 -0.115871
17 56 0 8 -0.115989
11 85 0 8 -0.116057
7 73 0 8 -0.116127
7 14 0 8 -0.116855
55 90 0 8 -0.117281
35 55 0 8 -0.118277
29 56 0 8 -0.118713
17 96 0 8 -0.119108
36 98 0 8 -0.119143
48 83 0 8 -0.119843
10 55 0 8 -0.120912
1 22 0 8 -0.120987
16 82 0 8 -0.121352
18 29 0 8 -0.121597
12 70 0 8 -0.122151
32 71 0 8 -0.123250
8 15 0 8 -0.123524
38 67 0 8 -0.123687
81 99 0 8 -0.123954
59 77 0 8 -0.124171
14 24 0 8 -0.124348
57 86 0 8 -0.124490
62 86 0 8 -0.124862
56 71 0 8 -0.124883
59 86 0 8 -0.124957
63 86 0 8 -0.125041
60 88 0 8 -0.126584
27 38 0 8 -0.126890
32 44 0 8 -0.127067
71 88 0 8 -0.128395
47 90 0 8 -0.130309
56 65 0 8 -0.130479
48 97 0 8 -0.131246
29 83 0 8 -0.131437
31 84 0 8 -0.131685
50 56 0 8 -0.131884
21 31 0 8 -0.131923
36 99 0 8 -0.133978
26 36 0 8 -0.135268
18 75 0 8 -0.135487
4 100 0 8 -0.136019
4 26 0 8 -0.136844
60 97 0 8 -0.136873
13 29 0 8 -0.137251
66 96 0 8 -0.137525
56 70 0 8 -0.138049
1 10 0 8 -0.138105
8 86 0 8 -0.138177
70 100 0 8 -0.138311
13 92 0 8 -0.138352
56 66 0 8 -0.138408
22 99 0 8 -0.138495
3 17 0 8 -0.138782
15 100 0 8 -0.139464
1 54 0 8 -0.139650
65 71 0 8 -0.139871
3 43 0 8 -0.140208
22 56 0 8 -0.140957
82 100 0 8 -0.141070
58 85 0 8 -0.141167
56 78 0 8 -0.141818
41 48 0 8 -0.141825
4 56 0 8 -0.142133
55 98 0 8 -0.142156
44 87 0 8 -0.142647
36 86 0 8 -0.142657
72 99 0 8 -0.142736
8 72 0 8 -0.143286
54 89 0 8 -0.143727
60 93 0 8 -0.144460
1 100 0 8 -0.144502
33 48 0 8 -0.147139
31 57 0 8 -0.147224
33 88 0 8 -0.148186
48 86 0 8 -0.148456
22 72 0 8 -0.149218
18 45 0 8 -0.150322
51 96 0 8 -0.150438
2 10 0 8 -0.150828
1 59 0 8 -0.151175
5 60 0 8 -0.151184
41 61 0 8 -0.151217
35 66 0 8 -0.151279
41 86 0 8 -0.151378
63 77 0 8 -0.151480
64 94 0 8 -0.153097
17 90 0 8 -0.153212
5 70 0 8 -0.153525
76 94 0 8 -0.153831
26 86 0 8 -0.153922
6 56 0 8 -0.154027
9 24 0 8 -0.154385
62 100 0 8 -0.155022
2 81 0 8 -0.155047
38 66 0 8 -0.155321
3 25 0 8 -0.155551
2 90 0 8 -0.155714
26 55 0 8 -0.156504
56 77 0 8 -0.156511
21 56 0 8 -0.156580
21 34 0 8 -0.158516
15 26 0 8 -0.158674
77 100 0 8 -0.159333
37 67 0 8 -0.159393
2 61 0 8 -0.159490
90 98 0 8 -0.159760
15 60 0 8 -0.159774
16 67 0 8 -0.159953
29 34 0 8 -0.160617
55 70 0 8 -0.160833
42 78 0 8 -0.161043
25 56 0 8 -0.161421
56 68 0 8 -0.161442
83 88 0 8 -0.161603
3 23 0 8 -0.161922
54 64 0 8 -0.162578
29 99 0 8 -0.162927
4 88 0 8 -0.162951
40 56 0 8 -0.163065
25 49 0 8 -0.163526
15 37 0 8 -0.163533
56 88 0 8 -0.164108
18 92 0 8 -0.165094
65 96 0 8 -0.166067
20 25 0 8 -0.166210
60 67 0 8 -0.166287
68 79 0 8 -0.166451
11 31 0 8 -0.168683
45 62 0 8 -0.168935
26 74 0 8 -0.169051
1 13 0 8 -0.169555
45 54 0 8 -0.169588
27 42 0 8 -0.170535
74 95 0 8 -0.170671
10 90 0 8 -0.171979
71 96 0 8 -0.172036
13 65 0 8 -0.172046
22 32 0 8 -0.172493
54 82 0 8 -0.173153
20 89 0 8 -0.173368
25 88 0 8 -0.173623
40 84 0 8 -0.174256
9 56 0 8 -0.174372
75 83 0 8 -0.174485
71 89 0 8 -0.175021
11 90 0 8 -0.175024
71 99 0 8 -0.175249
3 56 0 8 -0.175321
25 65 0 8 -0.175483
45 66 0 8 -0.175676
23 39 0 8 -0.175834
13 23 0 8 -0.176007
8 99 0 8 -0.177253
18 61 0 8 -0.180529
10 93 0 8 -0.180640
1 51 0 8 -0.180787
1 70 0 8 -0.180875
1 95 0 8 -0.181288
61 79 0 8 -0.181898
57 100 0 8 -0.181956
29 93 0 8 -0.183421
40 98 0 8 -0.184666
46 61 0 8 -0.184737
27 39 0 8 -0.185083
91 100 0 8 -0.185098
40 87 0 8 -0.185149
14 90 0 8 -0.185387
7 93 0 8 -0.185389
78 90 0 8 -0.185743
51 63 0 8 -0.185946
1 44 0 8 -0.185970
24 83 0 8 -0.186174
26 75 0 8 -0.186453
1 47 0 8 -0.186491
52 86 0 8 -0.186527
51 56 0 8 -0.186995
28 83 0 8 -0.187469
34 100 0 8 -0.187624
22 90 0 8 -0.188363
21 86 0 8 -0.188451
67 86 0 8 -0.189081
55 91 0 8 -0.189401
68 84 0 8 -0.189489
16 56 0 8 -0.189642
20 76 0 8 -0.189684
11 93 0 8 -0.190257
14 34 0 8 -0.190292
43 95 0 8 -0.190319
5 17 0 8 -0.190532
61 69 0 8 -0.190866
46 74 0 8 -0.191694
6 70 0 8 -0.191845
67 76 0 8 -0.192143
47 68 0 8 -0.192404
15 86 0 8 -0.193594
19 75 0 8 -0.193610
40 86 0 8 -0.193813
18 57 0 8 -0.193849
27 78 0 8 -0.194150
2 68 0 8 -0.194525
60 86 0 8 -0.195781
48 67 0 8 -0.196422
68 98 0 8 -0.196562
6 69 0 8 -0.196968
51 72 0 8 -0.198316
90 96 0 8 -0.198579
68 77 0 8 -0.198653
4 50 0 8 -0.198704
31 50 0 8 -0.198823
18 40 0 8 -0.199202
31 85 0 8 -0.199433
27 73 0 8 -0.200466
24 63 0 8 -0.201269
8 56 0 8 -0.201919
22 94 0 8 -0.201964
27 36 0 8 -0.202119
1 15 0 8 -0.202228
32 90 0 8 -0.202905
13 36 0 8 -0.203122
10 58 0 8 -0.203242
4 53 0 8 -0.203452
34 71 0 8 -0.203842
21 50 0 8 -0.203846
12 84 0 8 -0.205306
6 75 0 8 -0.205960
55 76 0 8 -0.206310
42 99 0 8 -0.206607
71 92 0 8 -0.207093
3 35 0 8 -0.207268
21 58 0 8 -0.207974
12 55 0 8 -0.208608
78 93 0 8 -0.209238
20 84 0 8 -0.209566
29 90 0 8 -0.209671
3 30 0 8 -0.210091
22 89 0 8 -0.210250
4 32 0 8 -0.210454
55 86 0 8 -0.210483
23 42 0 8 -0.211595
30 79 0 8 -0.211878
45 57 0 8 -0.211977
1 55 0 8 -0.212514
23 94 0 8 -0.212583
7 88 0 8 -0.213040
89 97 0 8 -0.213054
3 75 0 8 -0.213221
49 100 0 8 -0.213389
76 82 0 8 -0.213832
33 67 0 8 -0.214048
66 86 0 8 -0.214674
1 53 0 8 -0.214715
29 45 0 8 -0.215175
1 42 0 8 -0.216143
13 76 0 8 -0.216535
43 85 0 8 -0.216562
19 45 0 8 -0.217025
13 56 0 8 -0.218407
24 33 0 8 -0.218901
13 46 0 8 -0.219415
18 100 0 8 -0.219540
52 71 0 8 -0.220294
94 100 0 8 -0.220398
23 86 0 8 -0.220721
80 90 0 8 -0.221154
32 94 0 8 -0.221611
5 49 0 8 -0.221656
34 81 0 8 -0.221768
31 82 0 8 -0.222438
20 56 0 8 -0.223048
17 51 0 8 -0.223295
86 98 0 8 -0.223775
36 72 0 8 -0.224835
65 73 0 8 -0.224861
14 97 0 8 -0.224924
28 38 0 8 -0.225983
59 80 0 8 -0.226100
5 56 0 8 -0.226101
56 67 0 8 -0.226290
36 52 0 8 -0.226727
61 88 0 8 -0.227362
16 64 0 8 -0.227426
11 37 0 8 -0.228088
86 95 0 8 -0.228714
11 59 0 8 -0.229981
22 36 0 8 -0.230068
56 85 0 8 -0.230462
71 100 0 8 -0.231130
56 96 0 8 -0.231599
1 69 0 8 -0.232423
16 92 0 8 -0.232504
15 61 0 8 -0.232585
38 55 0 8 -0.232762
85 91 0 8 -0.233305
81 90 0 8 -0.233447
1 81 0 8 -0.234188
1 64 0 8 -0.234628
58 99 0 8 -0.234869
9 97 0 8 -0.235416
55 73 0 8 -0.236015
66 100 0 8 -0.236603
39 100 0 8 -0.237036
48 93 0 8 -0.237399
16 31 0 8 -0.238029
56 83 0 8 -0.238612
79 96 0 8 -0.239694
11 78 0 8 -0.239955
18 66 0 8 -0.239967
61 74 0 8 -0.240467
63 99 0 8 -0.240706
18 93 0 8 -0.240818
3 20 0 8 -0.241319
11 99 0 8 -0.241579
37 94 0 8 -0.242581
83 90 0 8 -0.243136
57 70 0 8 -0.243796
10 86 0 8 -0.244146
22 57 0 8 -0.244809
60 75 0 8 -0.245631
59 68 0 8 -0.245725
56 98 0 8 -0.246424
5 16 0 8 -0.246906
13 100 0 8 -0.247740
72 97 0 8 -0.247844
45 98 0 8 -0.248557
47 98 0 8 -0.248958
12 48 0 8 -0.249354
86 92 0 8 -0.249623
42 56 0 8 -0.249844
67 79 0 8 -0.250417
18 28 0 8 -0.251246
68 75 0 8 -0.251633
88 95 0 8 -0.252438
24 86 0 8 -0.253703
3 34 0 8 -0.253874
65 100 0 8 -0.254042
50 55 0 8 -0.254478
57 93 0 8 -0.254872
9 25 0 8 -0.255080
5 100 0 8 -0.256243
2 88 0 8 -0.256972
63 79 0 8 -0.257189
17 42 0 8 -0.257591
19 83 0 8 -0.258184
1 96 0 8 -0.258748
20 90 0 8 -0.258761
33 46 0 8 -0.259082
77 93 0 8 -0.259195
34 98 0 8 -0.260478
47 71 0 8 -0.261249
4 55 0 8 -0.262048
12 28 0 8 -0.262510
58 89 0 8 -0.262837
72 92 0 8 -0.262896
73 97 0 8 -0.263191
11 77 0 8 -0.264002
42 52 0 8 -0.264075
19 66 0 8 -0.264686
16 66 0 8 -0.264786
74 93 0 8 -0.264875
34 65 0 8 -0.265225
23 31 0 8 -0.265766
45 100 0 8 -0.265774
5 63 0 8 -0.266950
5 95 0 8 -0.267058
2 56 0 8 -0.267715
42 57 0 8 -0.268120
8 57 0 8 -0.268851
24 93 0 8 -0.269551
24 40 0 8 -0.269723
38 86 0 8 -0.269748
55 93 0 8 -0.269775
11 55 0 8 -0.270243
18 43 0 8 -0.270916
21 83 0 8 -0.271811
19 91 0 8 -0.272533
50 76 0 8 -0.273428
71 81 0 8 -0.273684
70 83 0 8 -0.273749
21 70 0 8 -0.274305
68 100 0 8 -0.274964
27 70 0 8 -0.275495
46 88 0 8 -0.275540
17 57 0 8 -0.275599
2 50 0 8 -0.275611
26 76 0 8 -0.275907
71 84 0 8 -0.276630
52 64 0 8 -0.276670
22 77 0 8 -0.276751
73 100 0 8 -0.276989
24 53 0 8 -0.277473
93 99 0 8 -0.277729
14 86 0 8 -0.278097
56 82 0 8 -0.278605
21 78 0 8 -0.278610
2 49 0 8 -0.278983
63 93 0 8 -0.279172
24 29 0 8 -0.279245
46 65 0 8 -0.279433
59 81 0 8 -0.279576
22 40 0 8 -0.279699
56 61 0 8 -0.279896
14 88 0 8 -0.280295
23 100 0 8 -0.280508
71 97 0 8 -0.280728
9 93 0 8 -0.281044
7 70 0 8 -0.281600
13 35 0 8 -0.281879
30 53 0 8 -0.281879
63 100 0 8 -0.282046
16 45 0 8 -0.282565
4 64 0 8 -0.282706
4 25 0 8 -0.282918
61 93 0 8 -0.283820
49 86 0 8 -0.284252
14 60 0 8 -0.284367
16 100 0 8 -0.284396
47 56 0 8 -0.284752
78 86 0 8 -0.284768
8 83 0 8 -0.284976
16 90 0 8 -0.286484
24 60 0 8 -0.286864
23 60 0 8 -0.286947
13 43 0 8 -0.287471
23 48 0 8 -0.287628
51 95 0 8 -0.288884
18 68 0 8 -0.289549
24 32 0 8 -0.289641
55 71 0 8 -0.290808
19 97 0 8 -0.291411
35 94 0 8 -0.292839
32 86 0 8 -0.293062
23 88 0 8 -0.293062
22 86 0 8 -0.294454
33 78 0 8 -0.294647
51 88 0 8 -0.295338
39 49 0 8 -0.295708
19 58 0 8 -0.295737
33 56 0 8 -0.295915
65 88 0 8 -0.295969
51 85 0 8 -0.296219
2 59 0 8 -0.296357
30 59 0 8 -0.297064
80 99 0 8 -0.297084
26 58 0 8 -0.297109
65 74 0 8 -0.298198
24 90 0 8 -0.298209
25 89 0 8 -0.298281
47 93 0 8 -0.298377
64 82 0 8 -0.298489
76 89 0 8 -0.298617
21 29 0 8 -0.298788
67 93 0 8 -0.298884
50 72 0 8 -0.299326
67 96 0 8 -0.299392
87 94 0 8 -0.299574
37 73 0 8 -0.299691
81 86 0 8 -0.300027
14 91 0 8 -0.300194
13 21 0 8 -0.300490
25 86 0 8 -0.300561
75 88 0 8 -0.300625
76 93 0 8 -0.300819
60 100 0 8 -0.301271
59 69 0 8 -0.301508
51 99 0 8 -0.301766
46 54 0 8 -0.301895
26 66 0 8 -0.302352
28 62 0 8 -0.302553
7 86 0 8 -0.302973
60 99 0 8 -0.303241
9 30 0 8 -0.303400
53 86 0 8 -0.304413
40 89 0 8 -0.304996
58 86 0 8 -0.305607
18 46 0 8 -0.305631
37 72 0 8 -0.306096
58 98 0 8 -0.306226
82 97 0 8 -0.306627
20 86 0 8 -0.307317
1 77 0 8 -0.307340
78 94 0 8 -0.309166
71 86 0 8 -0.309294
63 94 0 8 -0.310393
63 72 0 8 -0.310684
72 91 0 8 -0.311241
2 62 0 8 -0.311250
49 73 0 8 -0.311682
26 49 0 8 -0.311995
28 77 0 8 -0.313250
22 68 0 8 -0.313969
53 85 0 8 -0.314231
55 66 0 8 -0.314503
30 64 0 8 -0.315561
14 28 0 8 -0.316835
3 70 0 8 -0.317389
36 78 0 8 -0.317710
9 85 0 8 -0.317744
12 86 0 8 -0.318179
21 93 0 8 -0.318461
3 59 0 8 -0.318560
54 86 0 8 -0.318563
45 95 0 8 -0.319676
40 79 0 8 -0.319892
20 55 0 8 -0.320182
17 62 0 8 -0.320201
11 20 0 8 -0.320914
16 42 0 8 -0.321295
27 45 0 8 -0.321804
56 81 0 8 -0.322862
5 75 0 8 -0.324840
55 87 0 8 -0.325428
63 98 0 8 -0.325616
11 95 0 8 -0.325668
5 96 0 8 -0.326613
66 81 0 8 -0.327389
14 22 0 8 -0.328139
35 86 0 8 -0.328368
59 93 0 8 -0.328421
22 88 0 8 -0.328482
81 98 0 8 -0.328749
10 49 0 8 -0.330429
15 91 0 8 -0.330464
86 94 0 8 -0.331219
7 100 0 8 -0.331872
68 92 0 8 -0.332008
24 49 0 8 -0.332285
19 36 0 8 -0.332439
61 81 0 8 -0.332798
81 100 0 8 -0.333083
11 69 0 8 -0.333148
21 92 0 8 -0.333170
67 90 0 8 -0.333284
90 97 0 8 -0.334120
50 86 0 8 -0.334370
13 93 0 8 -0.334551
9 42 0 8 -0.335332
34 94 0 8 -0.335692
16 86 0 8 -0.335817
89 96 0 8 -0.335954
45 68 0 8 -0.336633
6 94 0 8 -0.336743
29 81 0 8 -0.337529
19 85 0 8 -0.337886
6 64 0 8 -0.338423
72 85 0 8 -0.338534
11 52 0 8 -0.339668
2 86 0 8 -0.340190
18 90 0 8 -0.341213
65 92 0 8 -0.341717
9 98 0 8 -0.341831
35 72 0 8 -0.342300
18 89 0 8 -0.342907
5 86 0 8 -0.343291
58 90 0 8 -0.343933
3 86 0 8 -0.343951
87 93 0 8 -0.344064
54 90 0 8 -0.344310
23 57 0 8 -0.345332
46 85 0 8 -0.345394
34 49 0 8 -0.345864
10 24 0 8 -0.346221
2 54 0 8 -0.346895
28 52 0 8 -0.347632
48 75 0 8 -0.347835
9 60 0 8 -0.348408
20 42 0 8 -0.348679
34 97 0 8 -0.348703
44 100 0 8 -0.349111
26 77 0 8 -0.349236
34 57 0 8 -0.349674
8 22 0 8 -0.350609
76 97 0 8 -0.351165
65 99 0 8 -0.351531
62 72 0 8 -0.352487
7 65 0 8 -0.352806
18 95 0 8 -0.352995
26 33 0 8 -0.353177
43 71 0 8 -0.353797
54 93 0 8 -0.353820
51 65 0 8 -0.354133
9 72 0 8 -0.354917
7 53 0 8 -0.355173
5 35 0 8 -0.355240
24 81 0 8 -0.355700
29 44 0 8 -0.355818
32 69 0 8 -0.356177
22 80 0 8 -0.357067
90 95 0 8 -0.357728
8 65 0 8 -0.358413
69 94 0 8 -0.358805
43 57 0 8 -0.358873
57 96 0 8 -0.359351
4 39 0 8 -0.359404
18 86 0 8 -0.360268
88 98 0 8 -0.360829
14 50 0 8 -0.362248
52 68 0 8 -0.362439
14 26 0 8 -0.362906
75 86 0 8 -0.364309
38 94 0 8 -0.364637
70 97 0 8 -0.365123
19 86 0 8 -0.365232
64 86 0 8 -0.365477
40 76 0 8 -0.365670
35 53 0 8 -0.365732
12 54 0 8 -0.366572
12 87 0 8 -0.366699
21 28 0 8 -0.366881
1 58 0 8 -0.366914
51 98 0 8 -0.367156
36 68 0 8 -0.367413
66 90 0 8 -0.369394
24 100 0 8 -0.370815
23 99 0 8 -0.371417
50 73 0 8 -0.371421
30 100 0 8 -0.372916
37 76 0 8 -0.373514
39 68 0 8 -0.374070
79 86 0 8 -0.374147
10 15 0 8 -0.374262
14 27 0 8 -0.374287
3 15 0 8 -0.374338
44 90 0 8 -0.374750
26 46 0 8 -0.375127
70 76 0 8 -0.375394
46 58 0 8 -0.375439
27 58 0 8 -0.376514
27 100 0 8 -0.377099
2 23 0 8 -0.377267
21 100 0 8 -0.377964
12 90 0 8 -0.378234
81 97 0 8 -0.380247
59 90 0 8 -0.381183
21 45 0 8 -0.381292
13 95 0 8 -0.381693
15 28 0 8 -0.381935
22 81 0 8 -0.382218
23 81 0 8 -0.382805
10 88 0 8 -0.383956
24 51 0 8 -0.384350
71 90 0 8 -0.385869
53 71 0 8 -0.385902
55 82 0 8 -0.386672
10 22 0 8 -0.387560
27 86 0 8 -0.388518
22 60 0 8 -0.389020
33 90 0 8 -0.389900
26 93 0 8 -0.390543
34 73 0 8 -0.391270
27 50 0 8 -0.391894
37 69 0 8 -0.392157
57 71 0 8 -0.392181
34 76 0 8 -0.392331
60 80 0 8 -0.393107
77 89 0 8 -0.393455
36 96 0 8 -0.394628
9 14 0 8 -0.394653
51 90 0 8 -0.395439
20 36 0 8 -0.396066
32 39 0 8 -0.396658
44 66 0 8 -0.396975
25 98 0 8 -0.397000
41 52 0 8 -0.398129
25 90 0 8 -0.398150
9 67 0 8 -0.398568
40 73 0 8 -0.398795
65 80 0 8 -0.399894
11 91 0 8 -0.399902
74 84 0 8 -0.401338
31 88 0 8 -0.402127
74 90 0 8 -0.402377
26 92 0 8 -0.403033
8 93 0 8 -0.403373
15 93 0 8 -0.404552
48 71 0 8 -0.404647
73 81 0 8 -0.404657
33 86 0 8 -0.405273
24 37 0 8 -0.405345
60 90 0 8 -0.405876
17 48 0 8 -0.408415
92 97 0 8 -0.409178
20 100 0 8 -0.409585
8 90 0 8 -0.409704
27 90 0 8 -0.410060
35 88 0 8 -0.410329
6 86 0 8 -0.410354
34 92 0 8 -0.411334
26 72 0 8 -0.411473
80 95 0 8 -0.411484
19 24 0 8 -0.411633
52 74 0 8 -0.411706
20 93 0 8 -0.411739
11 73 0 8 -0.411856
36 48 0 8 -0.411886
36 90 0 8 -0.412512
53 73 0 8 -0.412770
66 84 0 8 -0.412901
23 52 0 8 -0.413132
36 93 0 8 -0.413284
2 12 0 8 -0.413572
1 23 0 8 -0.414364
17 40 0 8 -0.415231
37 46 0 8 -0.415846
42 75 0 8 -0.415898
2 80 0 8 -0.416246
60 79 0 8 -0.416313
32 100 0 8 -0.417275
22 93 0 8 -0.417521
55 69 0 8 -0.417974
63 80 0 8 -0.418222
6 85 0 8 -0.418572
78 95 0 8 -0.418782
34 80 0 8 -0.419005
12 39 0 8 -0.419029
1 35 0 8 -0.419391
24 34 0 8 -0.419688
44 88 0 8 -0.419801
8 53 0 8 -0.419832
1 17 0 8 -0.420041
25 57 0 8 -0.421161
11 42 0 8 -0.421617
35 90 0 8 -0.421677
11 48 0 8 -0.421998
15 97 0 8 -0.422137
17 64 0 8 -0.422969
35 41 0 8 -0.423756
68 99 0 8 -0.423893
16 49 0 8 -0.425164
74 86 0 8 -0.425208
6 76 0 8 -0.426188
15 53 0 8 -0.426978
23 38 0 8 -0.427188
22 41 0 8 -0.428148
5 20 0 8 -0.428168
79 90 0 8 -0.428332
17 29 0 8 -0.428525
73 95 0 8 -0.429423
30 90 0 8 -0.429697
35 81 0 8 -0.429702
54 98 0 8 -0.429706
26 39 0 8 -0.430112
25 93 0 8 -0.432372
11 44 0 8 -0.433278
69 100 0 8 -0.433336
16 88 0 8 -0.433791
58 70 0 8 -0.433859
15 90 0 8 -0.434372
25 54 0 8 -0.434700
42 86 0 8 -0.435913
39 59 0 8 -0.436010
20 99 0 8 -0.436331
40 49 0 8 -0.436847
47 88 0 8 -0.437193
34 78 0 8 -0.437643
13 87 0 8 -0.438484
19 69 0 8 -0.439587
79 100 0 8 -0.440105
39 55 0 8 -0.440475
18 83 0 8 -0.440544
2 37 0 8 -0.441694
2 43 0 8 -0.442256
43 65 0 8 -0.442419
5 46 0 8 -0.442504
23 91 0 8 -0.443052
44 57 0 8 -0.443132
63 73 0 8 -0.443617
45 60 0 8 -0.443634
19 96 0 8 -0.443748
10 37 0 8 -0.443889
71 76 0 8 -0.443915
57 94 0 8 -0.446241
32 42 0 8 -0.446549
19 39 0 8 -0.446566
23 85 0 8 -0.446707
19 44 0 8 -0.446785
46 83 0 8 -0.446792
4 13 0 8 -0.447175
47 86 0 8 -0.447474
20 78 0 8 -0.448265
31 49 0 8 -0.448346
1 99 0 8 -0.449470
17 55 0 8 -0.450510
71 93 0 8 -0.450532
64 95 0 8 -0.450569
45 99 0 8 -0.451324
45 92 0 8 -0.451332
12 97 0 8 -0.451710
21 79 0 8 -0.452154
53 80 0 8 -0.452603
72 93 0 8 -0.454191
2 32 0 8 -0.454564
31 95 0 8 -0.455076
7 19 0 8 -0.455641
20 82 0 8 -0.455662
1 45 0 8 -0.455772
57 84 0 8 -0.456660
68 82 0 8 -0.457326
12 30 0 8 -0.457419
2 100 0 8 -0.458226
43 94 0 8 -0.458956
10 97 0 8 -0.458999
45 65 0 8 -0.459101
7 87 0 8 -0.460101
35 87 0 8 -0.460289
7 55 0 8 -0.460364
3 69 0 8 -0.460455
35 49 0 8 -0.461125
1 66 0 8 -0.461284
66 76 0 8 -0.462776
18 34 0 8 -0.463533
35 98 0 8 -0.463779
45 67 0 8 -0.463910
7 15 0 8 -0.464830
46 68 0 8 -0.465858
38 93 0 8 -0.465969
23 95 0 8 -0.467511
46 76 0 8 -0.468159
71 95 0 8 -0.468528
24 89 0 8 -0.468751
5 99 0 8 -0.468949
17 53 0 8 -0.469182
3 61 0 8 -0.470213
32 91 0 8 -0.471194
71 94 0 8 -0.471578
57 80 0 8 -0.471974
20 77 0 8 -0.472086
64 100 0 8 -0.473009
62 68 0 8 -0.473015
4 31 0 8 -0.473549
65 95 0 8 -0.473814
18 24 0 8 -0.473895
3 95 0 8 -0.474011
29 54 0 8 -0.475603
80 98 0 8 -0.475674
34 96 0 8 -0.476728
23 54 0 8 -0.477390
70 77 0 8 -0.477454
55 75 0 8 -0.477536
74 100 0 8 -0.478082
16 30 0 8 -0.478242
19 47 0 8 -0.479106
73 84 0 8 -0.479486
3 90 0 8 -0.479707
91 96 0 8 -0.480166
77 91 0 8 -0.480424
30 45 0 8 -0.480939
24 72 0 8 -0.481982
17 39 0 8 -0.482194
50 57 0 8 -0.482278
48 100 0 8 -0.482689
83 100 0 8 -0.482753
82 99 0 8 -0.482836
19 90 0 8 -0.483819
13 73 0 8 -0.483973
43 79 0 8 -0.484145
24 99 0 8 -0.484448
26 45 0 8 -0.484481
3 72 0 8 -0.484710
23 59 0 8 -0.484846
9 15 0 8 -0.484915
5 58 0 8 -0.487208
24 46 0 8 -0.488080
15 70 0 8 -0.488689
3 55 0 8 -0.488941
46 55 0 8 -0.489191
2 85 0 8 -0.489400
14 20 0 8 -0.490420
19 43 0 8 -0.490641
64 75 0 8 -0.490779
35 97 0 8 -0.491303
33 40 0 8 -0.492395
48 63 0 8 -0.492516
31 97 0 8 -0.494661
10 65 0 8 -0.495206
65 76 0 8 -0.495240
23 40 0 8 -0.495280
9 59 0 8 -0.495797
6 12 0 8 -0.496816
85 100 0 8 -0.497207
5 24 0 8 -0.497452
40 46 0 8 -0.497961
10 41 0 8 -0.498985
57 81 0 8 -0.499185
36 51 0 8 -0.499475
77 95 0 8 -0.499834
47 54 0 8 -0.499855
38 89 0 8 -0.501020
12 24 0 8 -0.501595
62 89 0 8 -0.501914
5 92 0 8 -0.502413
26 47 0 8 -0.504935
7 40 0 8 -0.505436
23 30 0 8 -0.505566
20 34 0 8 -0.505827
57 99 0 8 -0.509185
52 96 0 8 -0.510012
29 72 0 8 -0.510086
70 95 0 8 -0.510343
41 93 0 8 -0.510505
16 38 0 8 -0.510999
17 84 0 8 -0.513022
89 99 0 8 -0.513037
18 99 0 8 -0.513970
50 63 0 8 -0.514344
30 97 0 8 -0.514666
25 78 0 8 -0.515246
44 54 0 8 -0.515834
28 65 0 8 -0.516261
28 90 0 8 -0.516945
16 99 0 8 -0.517147
18 26 0 8 -0.517321
49 64 0 8 -0.520367
50 91 0 8 -0.520701
28 34 0 8 -0.521389
32 75 0 8 -0.521993
31 75 0 8 -0.522478
47 84 0 8 -0.522702
18 70 0 8 -0.523096
24 69 0 8 -0.523191
79 93 0 8 -0.523798
12 47 0 8 -0.523893
15 52 0 8 -0.524110
14 23 0 8 -0.524539
17 47 0 8 -0.524634
58 93 0 8 -0.524788
25 59 0 8 -0.525098
8 85 0 8 -0.525382
12 57 0 8 -0.526607
72 77 0 8 -0.526854
23 66 0 8 -0.527530
20 50 0 8 -0.527656
12 45 0 8 -0.527981
45 50 0 8 -0.529067
65 89 0 8 -0.530518
47 89 0 8 -0.530678
8 17 0 8 -0.530729
43 98 0 8 -0.531575
65 94 0 8 -0.531657
7 16 0 8 -0.531974
1 88 0 8 -0.532434
32 88 0 8 -0.532589
27 93 0 8 -0.533338
24 85 0 8 -0.533359
22 46 0 8 -0.534684
25 84 0 8 -0.535427
38 49 0 8 -0.535516
38 46 0 8 -0.535671
23 96 0 8 -0.535769
57 89 0 8 -0.536020
24 57 0 8 -0.537572
42 70 0 8 -0.537587
26 84 0 8 -0.537624
35 75 0 8 -0.537701
41 53 0 8 -0.538133
7 13 0 8 -0.542306
4 46 0 8 -0.542394
1 38 0 8 -0.542570
18 96 0 8 -0.542600
62 81 0 8 -0.543050
40 80 0 8 -0.543239
59 92 0 8 -0.543828
22 63 0 8 -0.546471
43 72 0 8 -0.547622
25 34 0 8 -0.547961
79 97 0 8 -0.548851
17 46 0 8 -0.550055
15 55 0 8 -0.550126
21 27 0 8 -0.550468
5 98 0 8 -0.551118
25 87 0 8 -0.553545
38 100 0 8 -0.554276
53 58 0 8 -0.554292
84 99 0 8 -0.554591
26 34 0 8 -0.554653
39 65 0 8 -0.554806
26 60 0 8 -0.554977
31 63 0 8 -0.556927
53 62 0 8 -0.557046
1 72 0 8 -0.557583
25 42 0 8 -0.558400
70 99 0 8 -0.559657
2 17 0 8 -0.561036
33 57 0 8 -0.561137
49 93 0 8 -0.561145
64 88 0 8 -0.562031
11 16 0 8 -0.562328
80 88 0 8 -0.562473
12 18 0 8 -0.563714
34 89 0 8 -0.564568
44 99 0 8 -0.565037
19 59 0 8 -0.566152
19 57 0 8 -0.566168
44 63 0 8 -0.566843
48 54 0 8 -0.567228
1 60 0 8 -0.567460
88 99 0 8 -0.567550
24 95 0 8 -0.567704
9 37 0 8 -0.567943
20 43 0 8 -0.568154
31 76 0 8 -0.569017
11 45 0 8 -0.569089
53 93 0 8 -0.569123
68 95 0 8 -0.569408
19 88 0 8 -0.569985
5 41 0 8 -0.570997
23 53 0 8 -0.571524
13 61 0 8 -0.572255
77 99 0 8 -0.572330
7 29 0 8 -0.573536
6 65 0 8 -0.574272
1 83 0 8 -0.574895
17 92 0 8 -0.574926
20 97 0 8 -0.576805
1 68 0 8 -0.577374
42 90 0 8 -0.577450
41 47 0 8 -0.578708
5 25 0 8 -0.578714
61 78 0 8 -0.578836
43 69 0 8 -0.579336
21 40 0 8 -0.579793
66 97 0 8 -0.582008
2 93 0 8 -0.582301
3 91 0 8 -0.582411
19 37 0 8 -0.583625
39 92 0 8 -0.584200
15 94 0 8 -0.585180
9 68 0 8 -0.585432
24 35 0 8 -0.585524
92 100 0 8 -0.585719
59 95 0 8 -0.586056
38 59 0 8 -0.586309
80 94 0 8 -0.586955
31 77 0 8 -0.587543
6 13 0 8 -0.587794
11 83 0 8 -0.588880
22 53 0 8 -0.588922
30 63 0 8 -0.589621
26 40 0 8 -0.589718
65 87 0 8 -0.589976
71 77 0 8 -0.590329
46 81 0 8 -0.591099
43 68 0 8 -0.591874
69 88 0 8 -0.592025
19 99 0 8 -0.592605
17 41 0 8 -0.594340
52 76 0 8 -0.594932
3 88 0 8 -0.595431
17 93 0 8 -0.596030
1 75 0 8 -0.596704
1 97 0 8 -0.596814
50 89 0 8 -0.596882
21 41 0 8 -0.596995
53 65 0 8 -0.597091
5 69 0 8 -0.597910
13 78 0 8 -0.598383
66 75 0 8 -0.598867
51 87 0 8 -0.599176
8 84 0 8 -0.599525
11 64 0 8 -0.599635
26 88 0 8 -0.599650
46 99 0 8 -0.600216
28 70 0 8 -0.600285
35 83 0 8 -0.600819
25 31 0 8 -0.600839
63 97 0 8 -0.601593
23 37 0 8 -0.601787
5 59 0 8 -0.602049
25 43 0 8 -0.602146
59 72 0 8 -0.602350
46 66 0 8 -0.602552
32 92 0 8 -0.602643
10 35 0 8 -0.602874
40 70 0 8 -0.603141
45 78 0 8 -0.603365
43 92 0 8 -0.603449
30 39 0 8 -0.604116
16 34 0 8 -0.604122
15 71 0 8 -0.604553
31 52 0 8 -0.604816
68 93 0 8 -0.606794
27 52 0 8 -0.607037
3 92 0 8 -0.607147
65 83 0 8 -0.607966
11 79 0 8 -0.608077
17 94 0 8 -0.608300
3 74 0 8 -0.610638
42 65 0 8 -0.611389
8 37 0 8 -0.611390
23 97 0 8 -0.612915
82 92 0 8 -0.613210
27 37 0 8 -0.613540
83 95 0 8 -0.613871
31 42 0 8 -0.614295
52 81 0 8 -0.614482
48 80 0 8 -0.615023
10 73 0 8 -0.615447
1 7 0 8 -0.616073
18 39 0 8 -0.616709
14 66 0 8 -0.617077
4 62 0 8 -0.617217
28 39 0 8 -0.617595
68 89 0 8 -0.618222
35 61 0 8 -0.618678
34 70 0 8 -0.619912
4 96 0 8 -0.620963
12 53 0 8 -0.622027
72 84 0 8 -0.622253
29 64 0 8 -0.622438
15 31 0 8 -0.622632
19 25 0 8 -0.623222
57 73 0 8 -0.623725
10 74 0 8 -0.623942
51 59 0 8 -0.624349
29 57 0 8 -0.625179
6 52 0 8 -0.625543
28 46 0 8 -0.625663
8 49 0 8 -0.626627
7 34 0 8 -0.626655
74 92 0 8 -0.626774
50 93 0 8 -0.627827
20 81 0 8 -0.630584
51 76 0 8 -0.631380
37 43 0 8 -0.631465
24 96 0 8 -0.632158
74 88 0 8 -0.632762
27 32 0 8 -0.633254
21 53 0 8 -0.633774
3 98 0 8 -0.634450
43 52 0 8 -0.635037
11 41 0 8 -0.635330
23 32 0 8 -0.635665
47 63 0 8 -0.636055
31 43 0 8 -0.637030
23 78 0 8 -0.638090
31 44 0 8 -0.639305
14 96 0 8 -0.639844
22 76 0 8 -0.640050
16 44 0 8 -0.640401
67 99 0 8 -0.640475
30 93 0 8 -0.640528
25 63 0 8 -0.640761
48 55 0 8 -0.640927
3 99 0 8 -0.642110
3 13 0 8 -0.642495
7 82 0 8 -0.642635
18 51 0 8 -0.643133
23 58 0 8 -0.644075
5 89 0 8 -0.646224
1 62 0 8 -0.646592
2 57 0 8 -0.647343
1 80 0 8 -0.649540
1 27 0 8 -0.649736
73 99 0 8 -0.650162
73 96 0 8 -0.650444
29 35 0 8 -0.650578
11 23 0 8 -0.652010
21 38 0 8 -0.652631
22 30 0 8 -0.653179
67 81 0 8 -0.653618
14 42 0 8 -0.654059
8 60 0 8 -0.654721
22 33 0 8 -0.654871
6 54 0 8 -0.656451
34 40 0 8 -0.656843
30 99 0 8 -0.657106
5 93 0 8 -0.657311
32 73 0 8 -0.658353
3 9 0 8 -0.658689
46 60 0 8 -0.658775
13 58 0 8 -0.659983
26 73 0 8 -0.660030
20 57 0 8 -0.660398
28 98 0 8 -0.660420
13 26 0 8 -0.660530
52 65 0 8 -0.660740
13 39 0 8 -0.661099
37 79 0 8 -0.661393
35 85 0 8 -0.661637
48 79 0 8 -0.661836
4 58 0 8 -0.662847
28 53 0 8 -0.663299
2 31 0 8 -0.663660
33 82 0 8 -0.664276
51 89 0 8 -0.665048
3 93 0 8 -0.665150
52 85 0 8 -0.665766
28 55 0 8 -0.666033
6 77 0 8 -0.667068
43 66 0 8 -0.667125
47 55 0 8 -0.667961
13 53 0 8 -0.668072
55 77 0 8 -0.668483
21 52 0 8 -0.669844
12 65 0 8 -0.670466
4 42 0 8 -0.670482
21 59 0 8 -0.670522
7 99 0 8 -0.671028
64 69 0 8 -0.671525
7 39 0 8 -0.671696
1 87 0 8 -0.672254
33 47 0 8 -0.672571
13 49 0 8 -0.672599
26 91 0 8 -0.672710
63 68 0 8 -0.673061
33 87 0 8 -0.674957
18 25 0 8 -0.675275
49 75 0 8 -0.676199
7 60 0 8 -0.676535
43 87 0 8 -0.677435
44 67 0 8 -0.678787
5 55 0 8 -0.679493
12 58 0 8 -0.680918
1 63 0 8 -0.681553
32 57 0 8 -0.682324
4 36 0 8 -0.682359
45 63 0 8 -0.683387
15 65 0 8 -0.683703
43 73 0 8 -0.683983
16 74 0 8 -0.684196
45 59 0 8 -0.684531
34 48 0 8 -0.684677
53 66 0 8 -0.685737
28 60 0 8 -0.685752
34 75 0 8 -0.686050
52 89 0 8 -0.687517
5 64 0 8 -0.687623
32 55 0 8 -0.687700
24 44 0 8 -0.687939
39 54 0 8 -0.688261
42 79 0 8 -0.688819
55 65 0 8 -0.689042
25 40 0 8 -0.689048
15 24 0 8 -0.689845
26 38 0 8 -0.690437
30 44 0 8 -0.690563
7 85 0 8 -0.690565
28 57 0 8 -0.691406
6 57 0 8 -0.691488
6 97 0 8 -0.692381
48 74 0 8 -0.692931
39 66 0 8 -0.693295
65 84 0 8 -0.693861
15 39 0 8 -0.693904
32 74 0 8 -0.694677
3 68 0 8 -0.694764
60 74 0 8 -0.695578
31 39 0 8 -0.695709
15 50 0 8 -0.695995
1 78 0 8 -0.696047
2 53 0 8 -0.696137
18 55 0 8 -0.696164
2 89 0 8 -0.696668
38 53 0 8 -0.697119
34 91 0 8 -0.697240
20 40 0 8 -0.697953
52 72 0 8 -0.699877
49 62 0 8 -0.699963
16 43 0 8 -0.700988
2 9 0 8 -0.701429
29 59 0 8 -0.702261
6 41 0 8 -0.702416
25 39 0 8 -0.702583
50 88 0 8 -0.703994
19 79 0 8 -0.704224
47 82 0 8 -0.704346
15 34 0 8 -0.704567
60 96 0 8 -0.705541
1 92 0 8 -0.707378
8 51 0 8 -0.707402
4 21 0 8 -0.707496
52 93 0 8 -0.708035
33 58 0 8 -0.710067
24 97 0 8 -0.710234
3 65 0 8 -0.711096
47 59 0 8 -0.711441
15 47 0 8 -0.711508
35 45 0 8 -0.712745
4 94 0 8 -0.713503
77 87 0 8 -0.713665
8 63 0 8 -0.714983
49 77 0 8 -0.715083
54 88 0 8 -0.715103
24 31 0 8 -0.715367
32 95 0 8 -0.715476
12 29 0 8 -0.716750
54 83 0 8 -0.717358
45 74 0 8 -0.717384
17 22 0 8 -0.719741
24 92 0 8 -0.720778
29 88 0 8 -0.720898
4 84 0 8 -0.721082
61 89 0 8 -0.721720
68 94 0 8 -0.721730
74 83 0 8 -0.721952
39 46 0 8 -0.722176
17 44 0 8 -0.722888
70 91 0 8 -0.723356
37 59 0 8 -0.723484
40 57 0 8 -0.724294
39 64 0 8 -0.725623
66 92 0 8 -0.726778
7 58 0 8 -0.726903
12 78 0 8 -0.727260
84 93 0 8 -0.727261
37 62 0 8 -0.727672
66 74 0 8 -0.727996
34 42 0 8 -0.728202
21 95 0 8 -0.728372
6 46 0 8 -0.728552
38 80 0 8 -0.729323
22 62 0 8 -0.729423
62 82 0 8 -0.730168
32 68 0 8 -0.731130
1 98 0 8 -0.731974
36 64 0 8 -0.732272
77 92 0 8 -0.733409
39 51 0 8 -0.734883
55 64 0 8 -0.735381
6 80 0 8 -0.735623
13 99 0 8 -0.738161
16 48 0 8 -0.738436
14 98 0 8 -0.738963
60 89 0 8 -0.738965
9 57 0 8 -0.739085
85 93 0 8 -0.739907
80 93 0 8 -0.739916
7 49 0 8 -0.742444
37 75 0 8 -0.742621
66 80 0 8 -0.743139
36 46 0 8 -0.743607
29 58 0 8 -0.744887
13 98 0 8 -0.745281
60 77 0 8 -0.745419
67 88 0 8 -0.747594
15 98 0 8 -0.747891
31 98 0 8 -0.748261
82 96 0 8 -0.748426
40 74 0 8 -0.748840
64 89 0 8 -0.748972
45 97 0 8 -0.749980
33 76 0 8 -0.750420
38 61 0 8 -0.750511
39 53 0 8 -0.750514
55 88 0 8 -0.751881
67 92 0 8 -0.751933
53 67 0 8 -0.752159
81 96 0 8 -0.752609
49 69 0 8 -0.754092
37 50 0 8 -0.754203
36 95 0 8 -0.756927
57 67 0 8 -0.758421
42 66 0 8 -0.758600
65 82 0 8 -0.758605
27 57 0 8 -0.758983
14 68 0 8 -0.759622
5 50 0 8 -0.763879
48 98 0 8 -0.764690
7 75 0 8 -0.766517
34 77 0 8 -0.767143
37 61 0 8 -0.769492
34 68 0 8 -0.770020
66 73 0 8 -0.770841
25 33 0 8 -0.771364
16 89 0 8 -0.772848
11 38 0 8 -0.773092
15 41 0 8 -0.773419
36 70 0 8 -0.773829
24 50 0 8 -0.774932
32 80 0 8 -0.775283
1 94 0 8 -0.776116
46 64 0 8 -0.777265
12 52 0 8 -0.777788
15 92 0 8 -0.779464
19 95 0 8 -0.779501
4 27 0 8 -0.781888
5 27 0 8 -0.782310
6 23 0 8 -0.783333
6 61 0 8 -0.783451
13 28 0 8 -0.783511
38 73 0 8 -0.783671
47 97 0 8 -0.784271
13 94 0 8 -0.784954
37 57 0 8 -0.787402
9 81 0 8 -0.788165
58 67 0 8 -0.788174
3 44 0 8 -0.788329
29 76 0 8 -0.788828
52 78 0 8 -0.789852
39 60 0 8 -0.790234
72 81 0 8 -0.791023
10 21 0 8 -0.792416
41 74 0 8 -0.792599
76 96 0 8 -0.792892
39 63 0 8 -0.793079
6 26 0 8 -0.793804
18 71 0 8 -0.793865
39 74 0 8 -0.793964
6 48 0 8 -0.795225
24 39 0 8 -0.795600
58 95 0 8 -0.796310
34 83 0 8 -0.797080
12 31 0 8 -0.797184
8 70 0 8 -0.797353
29 92 0 8 -0.797713
41 60 0 8 -0.798014
6 63 0 8 -0.798925
39 79 0 8 -0.799270
10 61 0 8 -0.799792
7 92 0 8 -0.801101
22 35 0 8 -0.801172
23 89 0 8 -0.801443
27 47 0 8 -0.802145
8 54 0 8 -0.802190
18 58 0 8 -0.802311
38 87 0 8 -0.802395
31 37 0 8 -0.803587
54 91 0 8 -0.803827
35 92 0 8 -0.804221
2 34 0 8 -0.804431
61 77 0 8 -0.806261
28 88 0 8 -0.806600
16 25 0 8 -0.807415
28 37 0 8 -0.807458
7 69 0 8 -0.807745
15 68 0 8 -0.808109
39 96 0 8 -0.809724
31 96 0 8 -0.810653
8 67 0 8 -0.810699
53 88 0 8 -0.810785
6 99 0 8 -0.811496
29 50 0 8 -0.811578
32 59 0 8 -0.813430
75 93 0 8 -0.813946
37 45 0 8 -0.814286
24 45 0 8 -0.814693
60 78 0 8 -0.815180
43 49 0 8 -0.815185
70 98 0 8 -0.815987
45 84 0 8 -0.816049
53 77 0 8 -0.816666
16 60 0 8 -0.817217
7 64 0 8 -0.817452
83 89 0 8 -0.818903
26 99 0 8 -0.819711
9 73 0 8 -0.820262
59 99 0 8 -0.820974
74 91 0 8 -0.821747
44 82 0 8 -0.821852
20 46 0 8 -0.823622
22 74 0 8 -0.823663
11 46 0 8 -0.825502
3 53 0 8 -0.825920
34 74 0 8 -0.826228
43 96 0 8 -0.826283
17 81 0 8 -0.826996
3 82 0 8 -0.827132
85 92 0 8 -0.828371
61 98 0 8 -0.828789
8 89 0 8 -0.830643
20 62 0 8 -0.832397
43 62 0 8 -0.832520
42 58 0 8 -0.833393
10 53 0 8 -0.834948
3 58 0 8 -0.835873
13 54 0 8 -0.836495
79 91 0 8 -0.837770
16 63 0 8 -0.837809
45 61 0 8 -0.837955
12 20 0 8 -0.838002
42 72 0 8 -0.838582
55 83 0 8 -0.839433
35 54 0 8 -0.839712
83 97 0 8 -0.839923
9 39 0 8 -0.840303
2 70 0 8 -0.840380
48 61 0 8 -0.840771
18 31 0 8 -0.841008
1 11 0 8 -0.841057
14 61 0 8 -0.842114
67 72 0 8 -0.842762
53 68 0 8 -0.842999
44 58 0 8 -0.843465
49 54 0 8 -0.848424
27 74 0 8 -0.848435
10 57 0 8 -0.848591
21 75 0 8 -0.848785
61 94 0 8 -0.849854
18 47 0 8 -0.849909
70 85 0 8 -0.850163
37 65 0 8 -0.851576
66 85 0 8 -0.853087
8 71 0 8 -0.854129
8 47 0 8 -0.854660
5 34 0 8 -0.855075
18 64 0 8 -0.856069
11 92 0 8 -0.858271
28 84 0 8 -0.858439
71 80 0 8 -0.860144
65 75 0 8 -0.860520
5 11 0 8 -0.861024
4 69 0 8 -0.863740
9 65 0 8 -0.864097
25 48 0 8 -0.864517
13 27 0 8 -0.865238
11 84 0 8 -0.866454
46 72 0 8 -0.867491
36 44 0 8 -0.867985
11 57 0 8 -0.869378
7 32 0 8 -0.869736
12 85 0 8 -0.869997
64 91 0 8 -0.870590
28 51 0 8 -0.870862
79 99 0 8 -0.871028
20 45 0 8 -0.871289
61 71 0 8 -0.872036
1 33 0 8 -0.872105
63 82 0 8 -0.873780
26 83 0 8 -0.877400
13 97 0 8 -0.877477
70 89 0 8 -0.878409
7 30 0 8 -0.878429
14 69 0 8 -0.879218
40 65 0 8 -0.881331
22 82 0 8 -0.881545
4 34 0 8 -0.881780
24 55 0 8 -0.882572
20 70 0 8 -0.883092
1 91 0 8 -0.884260
39 97 0 8 -0.884399
78 98 0 8 -0.884564
83 91 0 8 -0.885628
36 55 0 8 -0.885843
15 88 0 8 -0.886347
8 39 0 8 -0.886737
1 16 0 8 -0.887350
40 91 0 8 -0.887601
21 30 0 8 -0.888153
73 92 0 8 -0.888289
2 46 0 8 -0.888486
43 75 0 8 -0.889330
9 46 0 8 -0.889376
62 96 0 8 -0.890123
26 62 0 8 -0.891306
4 35 0 8 -0.891377
79 95 0 8 -0.891465
28 95 0 8 -0.893703
17 69 0 8 -0.893934
40 63 0 8 -0.894388
12 81 0 8 -0.895931
5 66 0 8 -0.897178
10 54 0 8 -0.899047
44 69 0 8 -0.899996
61 91 0 8 -0.900495
4 45 0 8 -0.902762
40 62 0 8 -0.903294
38 88 0 8 -0.903645
58 79 0 8 -0.903889
19 28 0 8 -0.904016
83 96 0 8 -0.904749
17 76 0 8 -0.905598
48 85 0 8 -0.906215
28 99 0 8 -0.907228
14 41 0 8 -0.907332
34 63 0 8 -0.907491
31 68 0 8 -0.907751
22 58 0 8 -0.908855
9 66 0 8 -0.909067
26 44 0 8 -0.909425
68 80 0 8 -0.909687
12 74 0 8 -0.910770
44 84 0 8 -0.913457
50 58 0 8 -0.914687
48 87 0 8 -0.914726
32 54 0 8 -0.916056
27 83 0 8 -0.916753
48 81 0 8 -0.916773
36 92 0 8 -0.916899
43 91 0 8 -0.917337
23 87 0 8 -0.919807
18 32 0 8 -0.919811
9 17 0 8 -0.920086
34 58 0 8 -0.920554
65 77 0 8 -0.922490
8 18 0 8 -0.923922
70 78 0 8 -0.925504
16 51 0 8 -0.925843
14 65 0 8 -0.926881
31 59 0 8 -0.927265
12 66 0 8 -0.928255
25 73 0 8 -0.929553
19 62 0 8 -0.930112
58 83 0 8 -0.930145
27 66 0 8 -0.930788
43 70 0 8 -0.932351
9 20 0 8 -0.932639
26 37 0 8 -0.933162
2 16 0 8 -0.933656
51 75 0 8 -0.933803
7 20 0 8 -0.934600
22 84 0 8 -0.934695
41 69 0 8 -0.934843
25 80 0 8 -0.934922
9 64 0 8 -0.936517
28 89 0 8 -0.936728
47 95 0 8 -0.940427
22 97 0 8 -0.942596
63 88 0 8 -0.945519
36 81 0 8 -0.945699
15 62 0 8 -0.945734
43 99 0 8 -0.945763
22 31 0 8 -0.946172
44 74 0 8 -0.947200
53 78 0 8 -0.947604
16 91 0 8 -0.948058
3 67 0 8 -0.948673
28 59 0 8 -0.949871
85 98 0 8 -0.950578
15 74 0 8 -0.951829
2 75 0 8 -0.951882
2 44 0 8 -0.952244
19 63 0 8 -0.952720
1 67 0 8 -0.953097
31 36 0 8 -0.953742
43 51 0 8 -0.953884
27 33 0 8 -0.953972
8 25 0 8 -0.954016
24 82 0 8 -0.955684
20 98 0 8 -0.957393
35 48 0 8 -0.957715
25 94 0 8 -0.958849
54 76 0 8 -0.959224
31 69 0 8 -0.959591
14 55 0 8 -0.962315
8 28 0 8 -0.962422
12 33 0 8 -0.962511
36 67 0 8 -0.963929
17 43 0 8 -0.963947
26 35 0 8 -0.964228
33 83 0 8 -0.964855
21 66 0 8 -0.965059
23 98 0 8 -0.965213
68 88 0 8 -0.965365
68 78 0 8 -0.965899
76 84 0 8 -0.967677
64 84 0 8 -0.968392
11 71 0 8 -0.968659
44 85 0 8 -0.971711
13 69 0 8 -0.972963
77 98 0 8 -0.972999
43 97 0 8 -0.973401
11 53 0 8 -0.974026
46 62 0 8 -0.974483
73 82 0 8 -0.975116
38 60 0 8 -0.975148
68 73 0 8 -0.976837
18 79 0 8 -0.976871
9 70 0 8 -0.978022
5 53 0 8 -0.979521
14 35 0 8 -0.979789
2 21 0 8 -0.979973
7 48 0 8 -0.980750
34 82 0 8 -0.981069
22 43 0 8 -0.981266
33 54 0 8 -0.981603
28 74 0 8 -0.981919
19 73 0 8 -0.981956
19 70 0 8 -0.982583
24 79 0 8 -0.983903
36 54 0 8 -0.984293
30 57 0 8 -0.984341
74 98 0 8 -0.986462
48 64 0 8 -0.987131
32 52 0 8 -0.987224
32 76 0 8 -0.987407
49 71 0 8 -0.988342
31 91 0 8 -0.990039
75 84 0 8 -0.991040
30 42 0 8 -0.991157
16 37 0 8 -0.991214
10 23 0 8 -0.991368
54 95 0 8 -0.991931
9 50 0 8 -0.993120
5 13 0 8 -0.993283
3 46 0 8 -0.995072
54 66 0 8 -0.995139
34 52 0 8 -0.995820
48 69 0 8 -0.995964
22 78 0 8 -0.996885
61 92 0 8 -0.997467
50 80 0 8 -0.999571
2 15 0 8 -0.999696
55 95 0 8 -0.999964
32 40 0 8 -1.000124
82 89 0 8 -1.000189
80 97 0 8 -1.001497
17 30 0 8 -1.002249
9 48 0 8 -1.002374
12 42 0 8 -1.002788
19 67 0 8 -1.002874
44 55 0 8 -1.002968
12 69 0 8 -1.003177
59 82 0 8 -1.003784
53 75 0 8 -1.004242
13 84 0 8 -1.004661
39 94 0 8 -1.006036
77 84 0 8 -1.007021
36 74 0 8 -1.007677
57 91 0 8 -1.008009
20 30 0 8 -1.009646
18 73 0 8 -1.010172
5 83 0 8 -1.010377
44 70 0 8 -1.012389
51 78 0 8 -1.012422
22 42 0 8 -1.012902
28 44 0 8 -1.014357
32 72 0 8 -1.014972
34 84 0 8 -1.015478
72 83 0 8 -1.016831
6 11 0 8 -1.017256
64 80 0 8 -1.018194
28 43 0 8 -1.018488
65 79 0 8 -1.019412
8 91 0 8 -1.020143
38 81 0 8 -1.020718
46 70 0 8 -1.022331
3 73 0 8 -1.023648
39 61 0 8 -1.023837
4 75 0 8 -1.023989
37 48 0 8 -1.024602
8 55 0 8 -1.025633
36 97 0 8 -1.026183
3 47 0 8 -1.027972
69 79 0 8 -1.028450
32 85 0 8 -1.029473
28 72 0 8 -1.029657
23 80 0 8 -1.030527
17 52 0 8 -1.032582
48 66 0 8 -1.033090
21 89 0 8 -1.035917
9 41 0 8 -1.036501
11 47 0 8 -1.036820
6 67 0 8 -1.037287
40 48 0 8 -1.039298
60 76 0 8 -1.039557
28 50 0 8 -1.039578
72 82 0 8 -1.040709
75 91 0 8 -1.041580
81 94 0 8 -1.042104
23 84 0 8 -1.042385
14 38 0 8 -1.044089
5 84 0 8 -1.044202
58 82 0 8 -1.044462
21 33 0 8 -1.045192
31 40 0 8 -1.045532
31 70 0 8 -1.046526
3 54 0 8 -1.046624
64 76 0 8 -1.048145
60 68 0 8 -1.048481
8 21 0 8 -1.048998
20 37 0 8 -1.051555
35 74 0 8 -1.052184
54 85 0 8 -1.053024
20 48 0 8 -1.055096
35 51 0 8 -1.055512
35 62 0 8 -1.055768
8 95 0 8 -1.056892
17 74 0 8 -1.057594
38 74 0 8 -1.058180
32 60 0 8 -1.060143
15 23 0 8 -1.060287
87 99 0 8 -1.062241
45 71 0 8 -1.063705
24 73 0 8 -1.064403
4 76 0 8 -1.064540
26 63 0 8 -1.065679
67 95 0 8 -1.065866
37 64 0 8 -1.066382
53 87 0 8 -1.066627
4 71 0 8 -1.067339
30 46 0 8 -1.067578
37 96 0 8 -1.068508
40 69 0 8 -1.068784
9 19 0 8 -1.069183
52 99 0 8 -1.070186
59 89 0 8 -1.070592
15 95 0 8 -1.070869
40 99 0 8 -1.071071
7 45 0 8 -1.071115
8 31 0 8 -1.072239
2 79 0 8 -1.072546
18 76 0 8 -1.073743
38 54 0 8 -1.074504
27 71 0 8 -1.074864
23 35 0 8 -1.075084
43 61 0 8 -1.075441
26 78 0 8 -1.077156
14 19 0 8 -1.077210
66 99 0 8 -1.078260
47 69 0 8 -1.079589
12 26 0 8 -1.080243
15 64 0 8 -1.081100
13 59 0 8 -1.081407
37 51 0 8 -1.081433
7 77 0 8 -1.083314
55 80 0 8 -1.086084
15 85 0 8 -1.086496
7 50 0 8 -1.087814
27 68 0 8 -1.087999
41 87 0 8 -1.088086
3 96 0 8 -1.088675
4 63 0 8 -1.089304
20 87 0 8 -1.089974
18 48 0 8 -1.090452
29 94 0 8 -1.091159
62 75 0 8 -1.091399
39 72 0 8 -1.091908
8 77 0 8 -1.092036
78 88 0 8 -1.092058
60 83 0 8 -1.092320
34 41 0 8 -1.092552
2 98 0 8 -1.093246
14 52 0 8 -1.094757
10 29 0 8 -1.098792
30 70 0 8 -1.099482
19 81 0 8 -1.100252
20 92 0 8 -1.100304
52 82 0 8 -1.101264
12 43 0 8 -1.102372
49 84 0 8 -1.102697
12 88 0 8 -1.104829
7 43 0 8 -1.105715
12 27 0 8 -1.106237
59 70 0 8 -1.106660
4 91 0 8 -1.106718
6 39 0 8 -1.106852
40 45 0 8 -1.110224
4 20 0 8 -1.110485
33 79 0 8 -1.111810
5 97 0 8 -1.112094
52 98 0 8 -1.112403
49 68 0 8 -1.112671
18 42 0 8 -1.113101
4 87 0 8 -1.114102
16 68 0 8 -1.114749
9 54 0 8 -1.115438
64 79 0 8 -1.116839
58 84 0 8 -1.117668
21 37 0 8 -1.118694
33 97 0 8 -1.120527
41 80 0 8 -1.121004
25 69 0 8 -1.121354
21 76 0 8 -1.122742
41 76 0 8 -1.123115
50 69 0 8 -1.123446
45 64 0 8 -1.123605
2 76 0 8 -1.126117
13 70 0 8 -1.126690
4 19 0 8 -1.127313
24 42 0 8 -1.127910
53 92 0 8 -1.128390
24 41 0 8 -1.131232
85 99 0 8 -1.131793
58 65 0 8 -1.132143
23 76 0 8 -1.133172
66 79 0 8 -1.133246
76 91 0 8 -1.136065
13 37 0 8 -1.139573
36 71 0 8 -1.142148
67 85 0 8 -1.142189
55 85 0 8 -1.145228
16 35 0 8 -1.150008
51 62 0 8 -1.150426
54 74 0 8 -1.150675
39 67 0 8 -1.152357
83 99 0 8 -1.152442
5 18 0 8 -1.153141
29 71 0 8 -1.153646
26 31 0 8 -1.154183
11 19 0 8 -1.154774
30 66 0 8 -1.154835
13 64 0 8 -1.155062
69 95 0 8 -1.156761
42 83 0 8 -1.157749
70 81 0 8 -1.158841
11 17 0 8 -1.164310
82 98 0 8 -1.165057
26 94 0 8 -1.165264
43 74 0 8 -1.166747
43 54 0 8 -1.167284
14 78 0 8 -1.168110
10 30 0 8 -1.168252
41 82 0 8 -1.168760
40 64 0 8 -1.169111
91 97 0 8 -1.169255
21 32 0 8 -1.169812
14 71 0 8 -1.169872
15 58 0 8 -1.170790
30 74 0 8 -1.173462
2 22 0 8 -1.173838
7 67 0 8 -1.173913
32 65 0 8 -1.174457
32 49 0 8 -1.174548
37 47 0 8 -1.175937
18 53 0 8 -1.176793
30 41 0 8 -1.177320
19 87 0 8 -1.177406
48 65 0 8 -1.177898
62 79 0 8 -1.178480
25 79 0 8 -1.179462
2 66 0 8 -1.180912
9 87 0 8 -1.181618
22 49 0 8 -1.181785
68 85 0 8 -1.182286
58 77 0 8 -1.182844
38 79 0 8 -1.182890
38 71 0 8 -1.184090
37 52 0 8 -1.188628
2 55 0 8 -1.188747
42 88 0 8 -1.189139
16 50 0 8 -1.189820
35 73 0 8 -1.189982
63 85 0 8 -1.190195
12 36 0 8 -1.191221
7 12 0 8 -1.191365
62 97 0 8 -1.192782
12 63 0 8 -1.193606
16 55 0 8 -1.194089
10 92 0 8 -1.194231
67 83 0 8 -1.194341
37 77 0 8 -1.195439
23 44 0 8 -1.196128
42 61 0 8 -1.196359
15 22 0 8 -1.197182
13 89 0 8 -1.197647
20 47 0 8 -1.198662
50 83 0 8 -1.199305
13 83 0 8 -1.199915
5 22 0 8 -1.200955
6 28 0 8 -1.201284
10 39 0 8 -1.201947
19 76 0 8 -1.202110
3 26 0 8 -1.202327
4 70 0 8 -1.202650
9 58 0 8 -1.202719
27 81 0 8 -1.203553
12 62 0 8 -1.203715
3 83 0 8 -1.204262
24 98 0 8 -1.204278
18 44 0 8 -1.207781
33 39 0 8 -1.208411
3 77 0 8 -1.208425
45 80 0 8 -1.209281
6 38 0 8 -1.210047
65 81 0 8 -1.210165
24 84 0 8 -1.210753
13 52 0 8 -1.212157
14 95 0 8 -1.213767
53 82 0 8 -1.215351
49 94 0 8 -1.215969
4 77 0 8 -1.217897
2 39 0 8 -1.218153
38 65 0 8 -1.218211
12 17 0 8 -1.219516
15 51 0 8 -1.220467
14 62 0 8 -1.220687
67 94 0 8 -1.221772
41 54 0 8 -1.222536
77 97 0 8 -1.223755
13 25 0 8 -1.223821
46 96 0 8 -1.224673
7 76 0 8 -1.224948
25 72 0 8 -1.226355
69 81 0 8 -1.226926
3 64 0 8 -1.228428
19 48 0 8 -1.229313
81 92 0 8 -1.229351
53 70 0 8 -1.230064
40 53 0 8 -1.230672
14 63 0 8 -1.231525
30 76 0 8 -1.231574
25 58 0 8 -1.232366
32 45 0 8 -1.233174
21 36 0 8 -1.235330
42 95 0 8 -1.236925
38 96 0 8 -1.237386
10 63 0 8 -1.237388
82 95 0 8 -1.238472
37 80 0 8 -1.239090
21 85 0 8 -1.239506
21 80 0 8 -1.239552
28 76 0 8 -1.240219
49 78 0 8 -1.242397
12 91 0 8 -1.244364
9 71 0 8 -1.248158
16 65 0 8 -1.250958
37 78 0 8 -1.252395
14 59 0 8 -1.252875
40 55 0 8 -1.252884
59 71 0 8 -1.252898
48 59 0 8 -1.253067
47 99 0 8 -1.253383
8 69 0 8 -1.253852
67 84 0 8 -1.253867
36 62 0 8 -1.254021
25 74 0 8 -1.254110
27 79 0 8 -1.255704
21 35 0 8 -1.257533
42 48 0 8 -1.257549
27 76 0 8 -1.259469
16 27 0 8 -1.260248
28 63 0 8 -1.260746
43 64 0 8 -1.261463
12 89 0 8 -1.261809
69 75 0 8 -1.262147
9 47 0 8 -1.262719
62 80 0 8 -1.263664
26 32 0 8 -1.265589
9 27 0 8 -1.265629
11 27 0 8 -1.266965
60 87 0 8 -1.267528
33 60 0 8 -1.268229
62 67 0 8 -1.268827
50 98 0 8 -1.268993
6 96 0 8 -1.271389
7 78 0 8 -1.271652
15 76 0 8 -1.272355
25 85 0 8 -1.274434
13 75 0 8 -1.275999
36 61 0 8 -1.277746
23 49 0 8 -1.281119
11 21 0 8 -1.281969
8 61 0 8 -1.284595
39 91 0 8 -1.285087
7 25 0 8 -1.285150
73 79 0 8 -1.286596
38 85 0 8 -1.289088
16 26 0 8 -1.289873
30 98 0 8 -1.289943
27 95 0 8 -1.290269
49 88 0 8 -1.290681
68 87 0 8 -1.290989
21 43 0 8 -1.291631
5 80 0 8 -1.293177
68 76 0 8 -1.293585
51 67 0 8 -1.294651
40 96 0 8 -1.294700
23 28 0 8 -1.295217
12 23 0 8 -1.295230
19 64 0 8 -1.297235
68 91 0 8 -1.297642
38 48 0 8 -1.298284
59 96 0 8 -1.298406
83 94 0 8 -1.298681
53 79 0 8 -1.299248
31 74 0 8 -1.299718
30 43 0 8 -1.300085
23 92 0 8 -1.300721
3 39 0 8 -1.300786
48 91 0 8 -1.301400
43 84 0 8 -1.302183
31 78 0 8 -1.306172
36 65 0 8 -1.306188
14 44 0 8 -1.307674
37 66 0 8 -1.308650
21 96 0 8 -1.309319
64 72 0 8 -1.309591
39 98 0 8 -1.311473
2 30 0 8 -1.313162
45 77 0 8 -1.314661
29 97 0 8 -1.318829
45 83 0 8 -1.319645
28 96 0 8 -1.322041
39 89 0 8 -1.322361
44 62 0 8 -1.322938
23 41 0 8 -1.325355
70 82 0 8 -1.325365
3 42 0 8 -1.328327
70 94 0 8 -1.328720
15 72 0 8 -1.329647
17 49 0 8 -1.332154
49 95 0 8 -1.332420
21 73 0 8 -1.333116
50 68 0 8 -1.334922
74 81 0 8 -1.335343
24 91 0 8 -1.336002
6 78 0 8 -1.340296
11 63 0 8 -1.340405
68 96 0 8 -1.341795
64 81 0 8 -1.342516
61 95 0 8 -1.342890
52 73 0 8 -1.343418
10 42 0 8 -1.344067
10 81 0 8 -1.344663
4 89 0 8 -1.347864
37 92 0 8 -1.349542
24 76 0 8 -1.350963
10 87 0 8 -1.351682
41 49 0 8 -1.352221
6 68 0 8 -1.352651
5 32 0 8 -1.353319
66 95 0 8 -1.360531
19 82 0 8 -1.363247
41 79 0 8 -1.363315
13 24 0 8 -1.363379
40 66 0 8 -1.365806
25 47 0 8 -1.366225
11 82 0 8 -1.367492
52 75 0 8 -1.369238
10 50 0 8 -1.370753
3 80 0 8 -1.371478
30 37 0 8 -1.372495
35 47 0 8 -1.374025
51 79 0 8 -1.374860
38 58 0 8 -1.375513
58 64 0 8 -1.376299
6 50 0 8 -1.377414
76 98 0 8 -1.378997
62 73 0 8 -1.379714
12 22 0 8 -1.380836
42 71 0 8 -1.381025
51 82 0 8 -1.383241
9 94 0 8 -1.384219
29 91 0 8 -1.384822
62 71 0 8 -1.386080
10 72 0 8 -1.386970
14 99 0 8 -1.387249
38 95 0 8 -1.388740
29 84 0 8 -1.389743
51 81 0 8 -1.390365
16 85 0 8 -1.392832
51 69 0 8 -1.393328
50 74 0 8 -1.393780
60 71 0 8 -1.393975
36 79 0 8 -1.395513
6 22 0 8 -1.396107
16 77 0 8 -1.397204
19 32 0 8 -1.397900
39 62 0 8 -1.398443
79 94 0 8 -1.398607
9 26 0 8 -1.398691
5 91 0 8 -1.402486
6 72 0 8 -1.403680
13 66 0 8 -1.403870
47 61 0 8 -1.404384
10 27 0 8 -1.406204
3 19 0 8 -1.406906
2 29 0 8 -1.406973
62 88 0 8 -1.409605
42 68 0 8 -1.410309
3 66 0 8 -1.411091
17 95 0 8 -1.413752
84 95 0 8 -1.415331
63 76 0 8 -1.416922
12 44 0 8 -1.417964
6 51 0 8 -1.419547
13 82 0 8 -1.419893
18 87 0 8 -1.420000
30 91 0 8 -1.420548
9 63 0 8 -1.423907
9 49 0 8 -1.424019
16 47 0 8 -1.424596
49 98 0 8 -1.424799
33 59 0 8 -1.425425
39 87 0 8 -1.426221
13 85 0 8 -1.426285
6 44 0 8 -1.426363
23 33 0 8 -1.427814
2 33 0 8 -1.428593
27 98 0 8 -1.428914
40 54 0 8 -1.429603
74 97 0 8 -1.431711
33 42 0 8 -1.431762
64 92 0 8 -1.433289
75 94 0 8 -1.434098
9 32 0 8 -1.435068
35 84 0 8 -1.436314
27 41 0 8 -1.438735
64 73 0 8 -1.439924
52 70 0 8 -1.441001
36 76 0 8 -1.441301
80 89 0 8 -1.443665
61 83 0 8 -1.447375
23 72 0 8 -1.447649
35 82 0 8 -1.447739
2 20 0 8 -1.448190
36 69 0 8 -1.453977
30 75 0 8 -1.456856
7 31 0 8 -1.457560
8 97 0 8 -1.458929
29 98 0 8 -1.462017
15 82 0 8 -1.463266
50 64 0 8 -1.463302
7 96 0 8 -1.464151
54 77 0 8 -1.465250
20 83 0 8 -1.467510
33 91 0 8 -1.468638
66 71 0 8 -1.468841
4 73 0 8 -1.470303
7 89 0 8 -1.470717
5 71 0 8 -1.478194
27 46 0 8 -1.478943
49 82 0 8 -1.478951
7 94 0 8 -1.480228
60 92 0 8 -1.482351
23 63 0 8 -1.483526
71 79 0 8 -1.484535
84 89 0 8 -1.485334
4 30 0 8 -1.489685
4 15 0 8 -1.491804
40 52 0 8 -1.493145
20 38 0 8 -1.494237
37 60 0 8 -1.495669
5 77 0 8 -1.497241
88 96 0 8 -1.497597
81 87 0 8 -1.498153
18 62 0 8 -1.501965
6 27 0 8 -1.506557
6 58 0 8 -1.506825
18 30 0 8 -1.509362
11 58 0 8 -1.509520
8 44 0 8 -1.509599
49 79 0 8 -1.509891
7 81 0 8 -1.512117
6 33 0 8 -1.512393
23 29 0 8 -1.513122
47 85 0 8 -1.516651
55 96 0 8 -1.525618
54 87 0 8 -1.526477
12 19 0 8 -1.527107
6 59 0 8 -1.529363
11 75 0 8 -1.530546
30 52 0 8 -1.531993
5 68 0 8 -1.535490
31 66 0 8 -1.535882
4 97 0 8 -1.537613
24 87 0 8 -1.538490
5 78 0 8 -1.538507
11 24 0 8 -1.542784
78 83 0 8 -1.543197
29 47 0 8 -1.543257
81 95 0 8 -1.544530
41 78 0 8 -1.546665
16 96 0 8 -1.548101
62 87 0 8 -1.548323
30 72 0 8 -1.548332
64 96 0 8 -1.551412
44 98 0 8 -1.551876
69 83 0 8 -1.553933
25 62 0 8 -1.553944
14 49 0 8 -1.554533
7 71 0 8 -1.556349
10 66 0 8 -1.556747
28 82 0 8 -1.557113
59 87 0 8 -1.560359
39 47 0 8 -1.566150
47 76 0 8 -1.569757
44 65 0 8 -1.570182
74 80 0 8 -1.570774
3 40 0 8 -1.571139
18 49 0 8 -1.574221
53 96 0 8 -1.578126
13 51 0 8 -1.581177
22 37 0 8 -1.581998
51 83 0 8 -1.582149
75 96 0 8 -1.582579
31 61 0 8 -1.584034
19 42 0 8 -1.587977
11 30 0 8 -1.590616
36 66 0 8 -1.590687
11 40 0 8 -1.592025
13 44 0 8 -1.592262
47 75 0 8 -1.592620
20 68 0 8 -1.594344
33 64 0 8 -1.596883
10 77 0 8 -1.597874
26 81 0 8 -1.599213
43 63 0 8 -1.600434
37 81 0 8 -1.603739
7 79 0 8 -1.604269
2 51 0 8 -1.605004
70 84 0 8 -1.605833
30 85 0 8 -1.605958
84 92 0 8 -1.606952
24 77 0 8 -1.608689
21 91 0 8 -1.609125
63 75 0 8 -1.609357
12 60 0 8 -1.610168
4 60 0 8 -1.611886
48 89 0 8 -1.611894
11 81 0 8 -1.613256
44 73 0 8 -1.614812
2 71 0 8 -1.615486
7 41 0 8 -1.616886
5 47 0 8 -1.618914
10 25 0 8 -1.619702
17 59 0 8 -1.619834
54 80 0 8 -1.619936
61 66 0 8 -1.621402
44 71 0 8 -1.622920
70 92 0 8 -1.624334
15 63 0 8 -1.624905
51 80 0 8 -1.625136
44 49 0 8 -1.630471
52 94 0 8 -1.631884
13 22 0 8 -1.634535
37 85 0 8 -1.636321
16 54 0 8 -1.638995
6 95 0 8 -1.639029
12 61 0 8 -1.639181
36 87 0 8 -1.641090
42 51 0 8 -1.642413
32 67 0 8 -1.645328
16 24 0 8 -1.645455
19 35 0 8 -1.648248
35 69 0 8 -1.652052
12 41 0 8 -1.652909
15 49 0 8 -1.653313
11 54 0 8 -1.654946
5 52 0 8 -1.659071
50 85 0 8 -1.660824
10 68 0 8 -1.663187
47 77 0 8 -1.666062
8 14 0 8 -1.666934
8 62 0 8 -1.669463
51 74 0 8 -1.670328
10 82 0 8 -1.671689
61 82 0 8 -1.676893
18 81 0 8 -1.680836
4 61 0 8 -1.682705
33 41 0 8 -1.683733
47 60 0 8 -1.686792
4 81 0 8 -1.686938
16 95 0 8 -1.688502
15 73 0 8 -1.689481
58 81 0 8 -1.689664
24 38 0 8 -1.690326
51 73 0 8 -1.691282
47 74 0 8 -1.691837
21 49 0 8 -1.692786
62 85 0 8 -1.693332
35 71 0 8 -1.696421
9 51 0 8 -1.698968
41 97 0 8 -1.699827
42 67 0 8 -1.700197
52 83 0 8 -1.702245
39 84 0 8 -1.702667
4 37 0 8 -1.704044
36 59 0 8 -1.704169
84 94 0 8 -1.710498
2 83 0 8 -1.713046
10 85 0 8 -1.716280
74 79 0 8 -1.724616
82 91 0 8 -1.726073
24 48 0 8 -1.735099
6 18 0 8 -1.735197
62 84 0 8 -1.735471
69 92 0 8 -1.739091
73 91 0 8 -1.740952
41 68 0 8 -1.743546
28 85 0 8 -1.744352
80 96 0 8 -1.744521
79 89 0 8 -1.745228
2 26 0 8 -1.747978
29 63 0 8 -1.752759
54 70 0 8 -1.753135
49 89 0 8 -1.756159
6 20 0 8 -1.757478
6 87 0 8 -1.758388
7 46 0 8 -1.758398
25 44 0 8 -1.758550
50 60 0 8 -1.759603
10 38 0 8 -1.762078
6 31 0 8 -1.762715
50 84 0 8 -1.763021
76 87 0 8 -1.763448
61 76 0 8 -1.764400
69 77 0 8 -1.764435
50 94 0 8 -1.764696
83 98 0 8 -1.771339
58 71 0 8 -1.774086
5 62 0 8 -1.780193
13 81 0 8 -1.783726
9 89 0 8 -1.784279
61 87 0 8 -1.784647
10 62 0 8 -1.787063
12 59 0 8 -1.789819
7 36 0 8 -1.793670
18 23 0 8 -1.795185
38 68 0 8 -1.795226
38 77 0 8 -1.797948
27 91 0 8 -1.798487
8 58 0 8 -1.803262
49 91 0 8 -1.808220
40 59 0 8 -1.809415
51 77 0 8 -1.810880
23 47 0 8 -1.812483
42 98 0 8 -1.817370
12 68 0 8 -1.821192
29 42 0 8 -1.825344
21 44 0 8 -1.825660
29 41 0 8 -1.826164
41 72 0 8 -1.826444
6 66 0 8 -1.827273
19 60 0 8 -1.827293
2 27 0 8 -1.830436
6 89 0 8 -1.832457
20 66 0 8 -1.832552
24 75 0 8 -1.835605
12 46 0 8 -1.835782
20 49 0 8 -1.838633
12 38 0 8 -1.838989
25 96 0 8 -1.847190
67 87 0 8 -1.851455
3 51 0 8 -1.852259
28 36 0 8 -1.853204
8 75 0 8 -1.858793
17 78 0 8 -1.861872
27 89 0 8 -1.870561
2 28 0 8 -1.870737
5 48 0 8 -1.876291
3 31 0 8 -1.891045
7 62 0 8 -1.893305
49 81 0 8 -1.894787
41 73 0 8 -1.905374
9 83 0 8 -1.905797
9 29 0 8 -1.914492
30 89 0 8 -1.914497
43 67 0 8 -1.915525
47 72 0 8 -1.921658
28 54 0 8 -1.927872
36 49 0 8 -1.934912
47 78 0 8 -1.942956
78 87 0 8 -1.958142
41 70 0 8 -1.972426
59 83 0 8 -1.973155
16 61 0 8 -1.979377
10 59 0 8 -1.979580
4 29 0 8 -1.981853
78 96 0 8 -1.982931
30 82 0 8 -1.985391
33 53 0 8 -1.985963
40 78 0 8 -1.988595
38 70 0 8 -2.004451
12 94 0 8 -2.018086
51 91 0 8 -2.024502
38 47 0 8 -2.024580
36 89 0 8 -2.029105
42 49 0 8 -2.034123
10 79 0 8 -2.039769
33 80 0 8 -2.044710
4 85 0 8 -2.048228
62 77 0 8 -2.050720
14 67 0 8 -2.051770
36 91 0 8 -2.062338
5 72 0 8 -2.082701
42 64 0 8 -2.084358
9 33 0 8 -2.086144
5 15 0 8 -2.086468
21 69 0 8 -2.094373
33 69 0 8 -2.094494
8 64 0 8 -2.100999
5 54 0 8 -2.103984
62 83 0 8 -2.111037
42 47 0 8 -2.115365
16 52 0 8 -2.120918
33 84 0 8 -2.126184
72 80 0 8 -2.144539
20 91 0 8 -2.148758
28 71 0 8 -2.163640
61 85 0 8 -2.167232
50 87 0 8 -2.167575
47 53 0 8 -2.173293
26 80 0 8 -2.184194
47 70 0 8 -2.187600
16 32 0 8 -2.189679
25 41 0 8 -2.194323
54 79 0 8 -2.197566
42 74 0 8 -2.203653
5 87 0 8 -2.205169
27 69 0 8 -2.219321
4 41 0 8 -2.222733
72 94 0 8 -2.229874
11 62 0 8 -2.234519
33 71 0 8 -2.235415
24 62 0 8 -2.238357
25 36 0 8 -2.257041
85 94 0 8 -2.287376
8 78 0 8 -2.292998
36 47 0 8 -2.314803
22 92 0 8 -2.325225
44 61 0 8 -2.326160
27 92 0 8 -2.331858
69 85 0 8 -2.341544
8 36 0 8 -2.352206
44 81 0 8 -2.360911
42 59 0 8 -2.386267
18 74 0 8 -2.390156
41 64 0 8 -2.395892
67 75 0 8 -2.424336
8 68 0 8 -2.430845
48 82 0 8 -2.488797
48 84 0 8 -2.528762
10 52 0 8 -2.534122
6 29 0 8 -2.537663
42 62 0 8 -2.651671
8 16 0 8 -2.657441
67 77 0 8 -2.674538
52 80 0 8 -2.724275
61 84 0 8 -2.771859
33 75 0 8 -2.891133
6 47 0 8 -2.995340
12 92 0 8 -3.089825
