20 49 0 8 20.057934
19 29 0 8 14.740458
19 37 0 8 12.775359
13 55 0 8 10.430146
29 37 0 8 10.247188
31 47 0 8 9.524951
31 46 0 8 9.469024
31 44 0 8 8.993001
31 42 0 8 8.197422
31 49 0 8 7.868553
16 52 0 8 6.892010
32 42 0 8 6.889701
40 45 0 8 6.358701
13 48 0 8 6.113770
12 48 0 8 5.429629
10 55 0 8 5.309618
21 49 0 8 5.025781
19 34 0 8 4.860770
20 34 0 8 4.859374
16 48 0 8 4.787827
38 45 0 8 4.475863
44 51 0 8 4.404525
29 34 0 8 4.341780
15 38 0 8 4.122351
16 38 0 8 3.950182
7 14 0 8 3.803056
20 46 0 8 3.592464
20 31 0 8 3.492722
42 47 0 8 3.484239
18 24 0 8 3.468833
22 29 0 8 3.444449
31 43 0 8 3.246773
34 42 0 8 3.112679
13 52 0 8 3.107570
12 40 0 8 3.089220
21 53 0 8 3.086205
43 50 0 8 3.072469
17 22 0 8 2.969347
3 14 0 8 2.941489
12 44 0 8 2.896019
8 14 0 8 2.838449
21 28 0 8 2.797624
7 39 0 8 2.689459
22 34 0 8 2.577425
32 41 0 8 2.574643
17 56 0 8 2.547322
35 50 0 8 2.517229
15 37 0 8 2.475379
16 45 0 8 2.467085
12 52 0 8 2.455984
28 51 0 8 2.433138
19 33 0 8 2.400758
2 58 0 8 2.321067
16 40 0 8 2.208750
5 52 0 8 2.205107
39 51 0 8 2.184909
7 28 0 8 2.120425
32 52 0 8 2.082017
8 54 0 8 2.080979
34 49 0 8 2.051414
27 38 0 8 2.025178
36 50 0 8 1.963684
5 18 0 8 1.950634
6 52 0 8 1.936563
15 46 0 8 1.887158
6 55 0 8 1.877681
4 43 0 8 1.873140
3 36 0 8 1.846162
13 35 0 8 1.842021
20 30 0 8 1.841349
32 58 0 8 1.803533
20 44 0 8 1.792130
10 48 0 8 1.746901
14 37 0 8 1.743937
27 32 0 8 1.742696
11 18 0 8 1.727990
9 56 0 8 1.722133
42 49 0 8 1.704624
17 53 0 8 1.678431
17 39 0 8 1.651633
3 57 0 8 1.645614
6 14 0 8 1.645133
41 47 0 8 1.639462
22 56 0 8 1.618913
27 36 0 8 1.606346
22 28 0 8 1.552842
21 52 0 8 1.550219
11 57 0 8 1.549794
34 41 0 8 1.545974
18 54 0 8 1.534981
40 56 0 8 1.534120
13 49 0 8 1.523595
32 54 0 8 1.521832
6 56 0 8 1.510062
35 43 0 8 1.499639
18 28 0 8 1.498281
32 46 0 8 1.483459
30 42 0 8 1.469087
15 30 0 8 1.455777
27 33 0 8 1.450294
10 58 0 8 1.445369
5 56 0 8 1.439575
35 41 0 8 1.435941
5 14 0 8 1.432820
2 10 0 8 1.423867
19 56 0 8 1.398187
21 42 0 8 1.390322
31 48 0 8 1.385802
4 14 0 8 1.345567
8 58 0 8 1.339236
7 17 0 8 1.333948
50 58 0 8 1.332447
22 42 0 8 1.307674
27 54 0 8 1.302046
13 29 0 8 1.287530
39 47 0 8 1.286792
36 54 0 8 1.278387
45 51 0 8 1.278328
43 49 0 8 1.253413
8 22 0 8 1.239904
13 21 0 8 1.213211
16 49 0 8 1.212369
10 52 0 8 1.199010
3 18 0 8 1.197411
19 27 0 8 1.190832
8 17 0 8 1.190485
2 54 0 8 1.183954
23 54 0 8 1.166574
38 49 0 8 1.150874
18 37 0 8 1.149677
35 42 0 8 1.138810
40 55 0 8 1.131020
22 53 0 8 1.110543
15 26 0 8 1.109135
14 58 0 8 1.103820
12 39 0 8 1.097241
5 32 0 8 1.096929
13 28 0 8 1.093311
2 19 0 8 1.089260
13 51 0 8 1.085937
8 55 0 8 1.084650
38 56 0 8 1.081467
3 29 0 8 1.073788
50 57 0 8 1.070632
30 36 0 8 1.049650
16 44 0 8 1.041155
30 47 0 8 1.038682
4 39 0 8 1.030321
24 30 0 8 1.011065
34 45 0 8 1.000797
28 43 0 8 0.983868
51 58 0 8 0.977013
6 18 0 8 0.967968
29 53 0 8 0.944143
17 52 0 8 0.942361
33 50 0 8 0.932648
16 37 0 8 0.928571
20 47 0 8 0.925236
28 53 0 8 0.922050
28 37 0 8 0.920621
8 56 0 8 0.913330
31 50 0 8 0.907045
17 26 0 8 0.900447
9 29 0 8 0.899030
5 38 0 8 0.894104
11 58 0 8 0.891690
16 26 0 8 0.886579
4 11 0 8 0.882306
15 58 0 8 0.877664
20 51 0 8 0.874086
36 58 0 8 0.873804
20 53 0 8 0.873373
27 39 0 8 0.849736
4 56 0 8 0.846323
37 58 0 8 0.823695
7 12 0 8 0.818465
8 37 0 8 0.812157
10 32 0 8 0.802148
5 30 0 8 0.801259
29 36 0 8 0.800499
12 38 0 8 0.795058
14 55 0 8 0.793661
33 55 0 8 0.791429
7 57 0 8 0.789611
11 23 0 8 0.787588
17 50 0 8 0.782643
2 57 0 8 0.780777
30 51 0 8 0.778175
14 54 0 8 0.764414
2 21 0 8 0.764319
22 52 0 8 0.761354
36 41 0 8 0.757515
32 45 0 8 0.756283
31 45 0 8 0.756010
31 39 0 8 0.747528
12 53 0 8 0.747230
16 30 0 8 0.745929
8 36 0 8 0.740622
10 17 0 8 0.722224
9 52 0 8 0.722026
26 57 0 8 0.714029
11 55 0 8 0.712104
11 54 0 8 0.702865
39 57 0 8 0.701348
12 45 0 8 0.699956
9 23 0 8 0.697525
11 27 0 8 0.691431
18 23 0 8 0.686290
32 53 0 8 0.682475
18 39 0 8 0.681718
11 50 0 8 0.677910
30 45 0 8 0.677211
30 37 0 8 0.676902
36 57 0 8 0.676481
5 58 0 8 0.673513
17 49 0 8 0.673206
5 22 0 8 0.671576
6 17 0 8 0.671392
6 58 0 8 0.671383
8 27 0 8 0.668520
41 50 0 8 0.662321
23 38 0 8 0.661715
6 53 0 8 0.660197
32 44 0 8 0.643974
3 35 0 8 0.642344
3 58 0 8 0.638085
19 45 0 8 0.637169
42 52 0 8 0.635294
35 45 0 8 0.632943
4 50 0 8 0.626835
28 38 0 8 0.625009
5 27 0 8 0.624513
13 44 0 8 0.622033
28 39 0 8 0.617196
13 43 0 8 0.615034
50 56 0 8 0.611299
15 33 0 8 0.609062
7 37 0 8 0.605000
41 51 0 8 0.604645
4 17 0 8 0.599671
12 41 0 8 0.598352
39 54 0 8 0.586951
5 17 0 8 0.586544
14 36 0 8 0.583188
18 27 0 8 0.574553
16 57 0 8 0.574503
7 56 0 8 0.572714
8 33 0 8 0.572410
6 51 0 8 0.570801
20 54 0 8 0.565461
23 52 0 8 0.564864
16 39 0 8 0.564078
11 48 0 8 0.563006
33 57 0 8 0.560907
3 48 0 8 0.559041
11 36 0 8 0.548259
15 54 0 8 0.527534
10 28 0 8 0.521839
19 25 0 8 0.520416
2 18 0 8 0.516812
9 19 0 8 0.515863
37 42 0 8 0.513682
4 58 0 8 0.513095
7 27 0 8 0.511844
45 52 0 8 0.506965
11 16 0 8 0.505812
33 53 0 8 0.504554
11 17 0 8 0.504326
30 35 0 8 0.491895
28 40 0 8 0.491540
37 57 0 8 0.490334
11 39 0 8 0.488522
23 51 0 8 0.485516
35 58 0 8 0.477386
5 57 0 8 0.476227
4 12 0 8 0.474366
41 58 0 8 0.473281
4 55 0 8 0.468039
6 43 0 8 0.466009
33 54 0 8 0.462081
2 37 0 8 0.454998
25 34 0 8 0.451285
2 15 0 8 0.448386
8 57 0 8 0.448362
23 40 0 8 0.446659
10 54 0 8 0.445513
9 55 0 8 0.444999
6 46 0 8 0.431585
10 27 0 8 0.430724
43 52 0 8 0.418846
21 50 0 8 0.415304
40 53 0 8 0.415189
3 8 0 8 0.415028
4 33 0 8 0.414824
5 23 0 8 0.411892
17 37 0 8 0.408394
21 35 0 8 0.407917
2 9 0 8 0.407681
24 39 0 8 0.405819
15 28 0 8 0.401675
15 34 0 8 0.399149
22 54 0 8 0.394835
35 57 0 8 0.393922
7 33 0 8 0.391602
5 41 0 8 0.390869
19 24 0 8 0.386035
21 37 0 8 0.385553
33 58 0 8 0.384717
5 11 0 8 0.379829
14 27 0 8 0.378884
15 29 0 8 0.374569
14 53 0 8 0.373641
16 32 0 8 0.372342
5 35 0 8 0.368389
4 22 0 8 0.365805
21 34 0 8 0.362662
36 55 0 8 0.362428
4 57 0 8 0.361229
38 51 0 8 0.358918
2 34 0 8 0.355941
7 36 0 8 0.355187
38 53 0 8 0.351836
23 28 0 8 0.348820
10 56 0 8 0.344436
15 27 0 8 0.343567
20 35 0 8 0.340878
14 41 0 8 0.339984
28 52 0 8 0.334784
13 32 0 8 0.319513
15 39 0 8 0.318852
10 39 0 8 0.317013
38 52 0 8 0.314383
3 41 0 8 0.311696
6 15 0 8 0.311541
33 51 0 8 0.303408
18 31 0 8 0.296805
10 57 0 8 0.296142
4 21 0 8 0.293731
7 24 0 8 0.289510
6 32 0 8 0.287630
33 43 0 8 0.283818
34 39 0 8 0.280316
27 50 0 8 0.272477
10 30 0 8 0.272161
34 40 0 8 0.269405
34 53 0 8 0.268737
27 40 0 8 0.266951
15 53 0 8 0.264966
25 38 0 8 0.263549
24 55 0 8 0.257347
35 53 0 8 0.255694
24 38 0 8 0.255529
8 29 0 8 0.254645
16 54 0 8 0.254251
17 36 0 8 0.249332
25 45 0 8 0.243212
8 52 0 8 0.242011
5 29 0 8 0.235693
3 54 0 8 0.231191
5 40 0 8 0.228927
10 23 0 8 0.227689
40 49 0 8 0.220851
8 13 0 8 0.219703
35 56 0 8 0.217614
26 34 0 8 0.216069
2 25 0 8 0.214178
20 50 0 8 0.211176
9 30 0 8 0.209422
25 53 0 8 0.207064
45 55 0 8 0.206107
7 58 0 8 0.204906
2 56 0 8 0.203788
32 57 0 8 0.201756
9 41 0 8 0.197626
9 22 0 8 0.196609
9 21 0 8 0.195461
19 35 0 8 0.190073
2 12 0 8 0.188946
11 26 0 8 0.187681
21 54 0 8 0.186950
7 18 0 8 0.186086
27 57 0 8 0.184015
23 36 0 8 0.183385
28 33 0 8 0.183014
27 53 0 8 0.182567
5 24 0 8 0.178100
45 53 0 8 0.177505
27 37 0 8 0.176044
25 54 0 8 0.172559
21 26 0 8 0.172228
2 27 0 8 0.170935
4 40 0 8 0.170215
33 39 0 8 0.167543
33 38 0 8 0.167413
26 41 0 8 0.164943
4 52 0 8 0.164884
6 38 0 8 0.162352
45 54 0 8 0.162345
5 45 0 8 0.160280
16 34 0 8 0.155593
19 57 0 8 0.153027
45 57 0 8 0.150672
3 20 0 8 0.150388
4 36 0 8 0.149841
17 51 0 8 0.146741
18 30 0 8 0.142399
3 55 0 8 0.141378
33 41 0 8 0.140781
12 17 0 8 0.138416
39 45 0 8 0.136676
17 41 0 8 0.136257
12 47 0 8 0.133787
11 19 0 8 0.128571
4 35 0 8 0.127315
12 27 0 8 0.125267
32 51 0 8 0.123262
21 33 0 8 0.122809
9 14 0 8 0.122510
16 56 0 8 0.120754
13 46 0 8 0.119236
16 23 0 8 0.116798
14 39 0 8 0.113237
30 56 0 8 0.110750
27 35 0 8 0.107259
7 16 0 8 0.102934
20 40 0 8 0.102500
5 28 0 8 0.102386
30 49 0 8 0.102084
48 53 0 8 0.100019
19 38 0 8 0.099197
29 58 0 8 0.099180
30 41 0 8 0.097373
46 51 0 8 0.092420
25 41 0 8 0.092167
4 34 0 8 0.092015
11 41 0 8 0.090671
9 16 0 8 0.088910
7 52 0 8 0.085996
12 43 0 8 0.084204
4 30 0 8 0.079401
11 45 0 8 0.078476
7 35 0 8 0.076096
3 42 0 8 0.074479
35 51 0 8 0.072947
21 57 0 8 0.071298
36 51 0 8 0.068994
5 21 0 8 0.067016
23 34 0 8 0.065120
3 24 0 8 0.061944
2 41 0 8 0.061696
10 15 0 8 0.060087
29 56 0 8 0.056285
22 27 0 8 0.054097
6 21 0 8 0.050840
3 11 0 8 0.048219
41 53 0 8 0.046147
8 45 0 8 0.046086
3 53 0 8 0.044681
25 39 0 8 0.043999
41 55 0 8 0.041333
9 17 0 8 0.040559
4 45 0 8 0.040059
4 31 0 8 0.039139
24 56 0 8 0.038491
5 34 0 8 0.038190
48 55 0 8 0.032736
15 45 0 8 0.032364
25 57 0 8 0.030080
24 40 0 8 0.029513
14 57 0 8 0.029312
2 7 0 8 0.019452
9 33 0 8 0.019446
6 41 0 8 0.015622
11 28 0 8 0.013798
7 29 0 8 0.009236
15 57 0 8 0.007266
5 54 0 8 0.006214
48 58 0 8 0.005888
22 46 0 8 0.002303
11 52 0 8 0.000608
1 6 0 8 0.000000
1 7 0 8 0.000000
1 8 0 8 0.000000
1 9 0 8 0.000000
1 10 0 8 0.000000
1 11 0 8 0.000000
1 12 0 8 0.000000
1 13 0 8 0.000000
1 14 0 8 0.000000
1 15 0 8 0.000000
1 16 0 8 0.000000
1 17 0 8 0.000000
1 18 0 8 0.000000
1 19 0 8 0.000000
1 20 0 8 0.000000
1 21 0 8 0.000000
1 22 0 8 0.000000
1 23 0 8 0.000000
1 24 0 8 0.000000
1 25 0 8 0.000000
1 26 0 8 0.000000
1 27 0 8 0.000000
1 28 0 8 0.000000
1 29 0 8 0.000000
1 30 0 8 0.000000
1 31 0 8 0.000000
1 32 0 8 0.000000
1 33 0 8 0.000000
1 34 0 8 0.000000
1 35 0 8 0.000000
1 36 0 8 0.000000
1 37 0 8 0.000000
1 38 0 8 0.000000
1 39 0 8 0.000000
1 40 0 8 0.000000
1 41 0 8 0.000000
1 42 0 8 0.000000
1 43 0 8 0.000000
1 44 0 8 0.000000
1 45 0 8 0.000000
1 46 0 8 0.000000
1 47 0 8 0.000000
1 48 0 8 0.000000
1 49 0 8 0.000000
1 50 0 8 0.000000
1 51 0 8 0.000000
1 52 0 8 0.000000
1 53 0 8 0.000000
1 54 0 8 0.000000
1 55 0 8 0.000000
1 56 0 8 0.000000
1 57 0 8 0.000000
1 58 0 8 0.000000
1 59 0 8 0.000000
1 60 0 8 0.000000
1 61 0 8 0.000000
2 59 0 8 0.000000
2 60 0 8 0.000000
2 61 0 8 0.000000
3 59 0 8 0.000000
3 60 0 8 0.000000
3 61 0 8 0.000000
4 59 0 8 0.000000
4 60 0 8 0.000000
4 61 0 8 0.000000
5 59 0 8 0.000000
5 60 0 8 0.000000
5 61 0 8 0.000000
6 59 0 8 0.000000
6 60 0 8 0.000000
6 61 0 8 0.000000
7 59 0 8 0.000000
7 60 0 8 0.000000
7 61 0 8 0.000000
8 59 0 8 0.000000
8 60 0 8 0.000000
8 61 0 8 0.000000
9 59 0 8 0.000000
9 60 0 8 0.000000
9 61 0 8 0.000000
10 59 0 8 0.000000
10 60 0 8 0.000000
10 61 0 8 0.000000
11 59 0 8 0.000000
11 60 0 8 0.000000
11 61 0 8 0.000000
12 59 0 8 0.000000
12 60 0 8 0.000000
12 61 0 8 0.000000
13 59 0 8 0.000000
13 60 0 8 0.000000
13 61 0 8 0.000000
14 59 0 8 0.000000
14 60 0 8 0.000000
14 61 0 8 0.000000
15 59 0 8 0.000000
15 60 0 8 0.000000
15 61 0 8 0.000000
16 59 0 8 0.000000
16 60 0 8 0.000000
16 61 0 8 0.000000
17 59 0 8 0.000000
17 60 0 8 0.000000
17 61 0 8 0.000000
18 59 0 8 0.000000
18 60 0 8 0.000000
18 61 0 8 0.000000
19 59 0 8 0.000000
19 60 0 8 0.000000
19 61 0 8 0.000000
20 59 0 8 0.000000
20 60 0 8 0.000000
20 61 0 8 0.000000
21 59 0 8 0.000000
21 60 0 8 0.000000
21 61 0 8 0.000000
22 59 0 8 0.000000
22 60 0 8 0.000000
22 61 0 8 0.000000
23 59 0 8 0.000000
23 60 0 8 0.000000
23 61 0 8 0.000000
24 59 0 8 0.000000
24 60 0 8 0.000000
24 61 0 8 0.000000
25 59 0 8 0.000000
25 60 0 8 0.000000
25 61 0 8 0.000000
26 59 0 8 0.000000
26 60 0 8 0.000000
26 61 0 8 0.000000
27 59 0 8 0.000000
27 60 0 8 0.000000
27 61 0 8 0.000000
28 59 0 8 0.000000
28 60 0 8 0.000000
28 61 0 8 0.000000
29 59 0 8 0.000000
29 60 0 8 0.000000
29 61 0 8 0.000000
30 59 0 8 0.000000
30 60 0 8 0.000000
30 61 0 8 0.000000
31 59 0 8 0.000000
31 60 0 8 0.000000
31 61 0 8 0.000000
32 59 0 8 0.000000
32 60 0 8 0.000000
32 61 0 8 0.000000
33 59 0 8 0.000000
33 60 0 8 0.000000
33 61 0 8 0.000000
34 59 0 8 0.000000
34 60 0 8 0.000000
34 61 0 8 0.000000
35 59 0 8 0.000000
35 60 0 8 0.000000
35 61 0 8 0.000000
36 59 0 8 0.000000
36 60 0 8 0.000000
36 61 0 8 0.000000
37 59 0 8 0.000000
37 60 0 8 0.000000
37 61 0 8 0.000000
38 59 0 8 0.000000
38 60 0 8 0.000000
38 61 0 8 0.000000
39 59 0 8 0.000000
39 60 0 8 0.000000
39 61 0 8 0.000000
40 59 0 8 0.000000
40 60 0 8 0.000000
40 61 0 8 0.000000
41 59 0 8 0.000000
41 60 0 8 0.000000
41 61 0 8 0.000000
42 59 0 8 0.000000
42 60 0 8 0.000000
42 61 0 8 0.000000
43 59 0 8 0.000000
43 60 0 8 0.000000
43 61 0 8 0.000000
44 59 0 8 0.000000
44 60 0 8 0.000000
44 61 0 8 0.000000
45 59 0 8 0.000000
45 60 0 8 0.000000
45 61 0 8 0.000000
46 59 0 8 0.000000
46 60 0 8 0.000000
46 61 0 8 0.000000
47 59 0 8 0.000000
47 60 0 8 0.000000
47 61 0 8 0.000000
48 59 0 8 0.000000
48 60 0 8 0.000000
48 61 0 8 0.000000
49 59 0 8 0.000000
49 60 0 8 0.000000
49 61 0 8 0.000000
50 59 0 8 0.000000
50 60 0 8 0.000000
50 61 0 8 0.000000
51 59 0 8 0.000000
51 60 0 8 0.000000
51 61 0 8 0.000000
52 59 0 8 0.000000
52 60 0 8 0.000000
52 61 0 8 0.000000
53 59 0 8 0.000000
53 60 0 8 0.000000
53 61 0 8 0.000000
54 59 0 8 0.000000
54 60 0 8 0.000000
54 61 0 8 0.000000
55 60 0 8 0.000000
55 61 0 8 0.000000
56 61 0 8 0.000000
18 32 0 8 -0.003509
7 15 0 8 -0.004711
41 56 0 8 -0.005360
18 51 0 8 -0.005998
20 42 0 8 -0.009014
35 44 0 8 -0.009382
28 54 0 8 -0.010791
15 23 0 8 -0.019621
4 54 0 8 -0.020449
6 31 0 8 -0.022296
41 48 0 8 -0.036576
22 51 0 8 -0.037636
48 56 0 8 -0.038189
8 28 0 8 -0.038686
25 51 0 8 -0.040886
3 33 0 8 -0.041868
12 57 0 8 -0.045411
4 27 0 8 -0.046519
5 25 0 8 -0.048084
6 39 0 8 -0.049210
3 10 0 8 -0.049380
14 45 0 8 -0.049697
36 42 0 8 -0.051076
5 36 0 8 -0.051378
25 56 0 8 -0.052043
36 56 0 8 -0.053550
11 38 0 8 -0.054018
27 51 0 8 -0.054340
6 36 0 8 -0.055390
31 38 0 8 -0.056141
2 42 0 8 -0.056504
26 45 0 8 -0.058804
2 48 0 8 -0.061398
25 35 0 8 -0.063819
17 30 0 8 -0.064056
23 33 0 8 -0.064281
24 58 0 8 -0.065080
21 43 0 8 -0.067952
9 45 0 8 -0.068939
7 53 0 8 -0.069053
12 21 0 8 -0.069976
6 54 0 8 -0.072405
8 16 0 8 -0.072431
9 57 0 8 -0.073511
35 40 0 8 -0.074189
8 51 0 8 -0.076827
47 55 0 8 -0.077507
30 52 0 8 -0.078306
9 15 0 8 -0.080493
12 34 0 8 -0.080999
36 53 0 8 -0.084160
48 54 0 8 -0.084238
13 42 0 8 -0.088907
26 39 0 8 -0.094223
43 48 0 8 -0.095941
6 24 0 8 -0.098572
37 53 0 8 -0.100757
39 56 0 8 -0.103412
13 27 0 8 -0.104281
9 35 0 8 -0.105212
5 48 0 8 -0.108328
24 54 0 8 -0.109971
6 57 0 8 -0.113265
5 15 0 8 -0.113528
4 53 0 8 -0.113557
23 32 0 8 -0.113847
26 54 0 8 -0.116868
9 44 0 8 -0.118335
9 39 0 8 -0.121075
26 56 0 8 -0.121364
14 28 0 8 -0.123217
8 15 0 8 -0.123544
18 57 0 8 -0.124833
17 34 0 8 -0.125799
5 50 0 8 -0.126872
5 26 0 8 -0.128492
3 15 0 8 -0.132856
2 8 0 8 -0.133620
10 33 0 8 -0.135250
3 56 0 8 -0.136111
4 9 0 8 -0.138076
5 55 0 8 -0.142432
21 56 0 8 -0.144554
15 24 0 8 -0.146392
42 55 0 8 -0.147599
6 12 0 8 -0.153925
3 30 0 8 -0.155946
8 53 0 8 -0.157387
20 43 0 8 -0.159595
11 33 0 8 -0.160938
17 57 0 8 -0.161701
3 9 0 8 -0.167668
38 46 0 8 -0.171155
7 54 0 8 -0.172021
9 20 0 8 -0.173059
52 57 0 8 -0.173499
11 56 0 8 -0.173697
3 27 0 8 -0.174541
24 29 0 8 -0.174717
15 55 0 8 -0.179999
9 58 0 8 -0.180114
17 40 0 8 -0.180323
21 48 0 8 -0.180974
9 28 0 8 -0.183601
20 41 0 8 -0.183873
39 53 0 8 -0.185285
2 11 0 8 -0.186628
9 42 0 8 -0.186803
26 38 0 8 -0.187875
10 16 0 8 -0.190637
13 30 0 8 -0.192169
8 24 0 8 -0.194243
29 55 0 8 -0.195779
9 53 0 8 -0.195917
52 58 0 8 -0.198119
44 57 0 8 -0.203326
15 47 0 8 -0.204431
8 35 0 8 -0.205162
11 40 0 8 -0.206175
9 25 0 8 -0.209353
12 32 0 8 -0.210627
12 56 0 8 -0.213351
30 53 0 8 -0.213384
2 30 0 8 -0.213401
33 56 0 8 -0.213974
17 54 0 8 -0.214498
3 22 0 8 -0.215192
13 36 0 8 -0.219018
9 24 0 8 -0.220369
16 36 0 8 -0.223047
2 24 0 8 -0.225328
33 45 0 8 -0.226925
6 23 0 8 -0.232762
22 43 0 8 -0.234633
36 45 0 8 -0.236748
8 39 0 8 -0.238071
24 53 0 8 -0.238289
30 57 0 8 -0.241029
9 34 0 8 -0.242003
23 56 0 8 -0.243740
48 57 0 8 -0.248759
17 46 0 8 -0.249784
33 42 0 8 -0.250894
26 52 0 8 -0.251704
18 53 0 8 -0.253313
22 37 0 8 -0.254424
28 47 0 8 -0.261286
3 39 0 8 -0.274839
4 28 0 8 -0.275753
38 58 0 8 -0.277044
15 32 0 8 -0.277437
2 17 0 8 -0.278304
17 28 0 8 -0.279778
21 40 0 8 -0.281713
41 57 0 8 -0.282839
3 43 0 8 -0.285287
14 29 0 8 -0.291446
18 50 0 8 -0.291661
45 50 0 8 -0.292185
24 50 0 8 -0.293453
30 46 0 8 -0.294976
9 38 0 8 -0.296731
11 53 0 8 -0.302467
42 58 0 8 -0.303468
3 25 0 8 -0.304798
8 43 0 8 -0.306870
15 36 0 8 -0.308519
12 49 0 8 -0.308801
9 26 0 8 -0.311721
2 49 0 8 -0.312320
2 35 0 8 -0.312859
2 55 0 8 -0.312876
23 37 0 8 -0.317198
24 35 0 8 -0.317297
14 33 0 8 -0.319959
24 33 0 8 -0.320455
30 58 0 8 -0.320709
24 36 0 8 -0.320752
22 41 0 8 -0.326673
19 26 0 8 -0.329161
10 21 0 8 -0.330528
27 58 0 8 -0.330955
9 36 0 8 -0.332264
9 31 0 8 -0.334001
4 24 0 8 -0.334164
5 51 0 8 -0.334945
34 47 0 8 -0.335054
2 33 0 8 -0.338828
11 30 0 8 -0.340381
37 50 0 8 -0.340708
9 40 0 8 -0.341437
5 31 0 8 -0.341980
2 29 0 8 -0.343308
24 51 0 8 -0.343650
40 58 0 8 -0.348005
17 48 0 8 -0.348235
51 56 0 8 -0.348345
9 18 0 8 -0.348532
17 58 0 8 -0.349025
35 46 0 8 -0.351394
9 51 0 8 -0.352609
30 50 0 8 -0.353798
24 45 0 8 -0.354044
8 25 0 8 -0.355990
12 58 0 8 -0.356549
16 53 0 8 -0.357429
8 32 0 8 -0.361028
5 53 0 8 -0.363795
23 57 0 8 -0.365411
9 27 0 8 -0.367469
34 50 0 8 -0.369667
11 35 0 8 -0.370944
5 12 0 8 -0.373703
4 38 0 8 -0.373791
39 58 0 8 -0.375016
6 27 0 8 -0.376451
4 10 0 8 -0.377483
2 50 0 8 -0.377540
12 36 0 8 -0.381425
27 41 0 8 -0.382412
15 50 0 8 -0.386727
3 17 0 8 -0.388305
46 53 0 8 -0.388639
12 33 0 8 -0.393627
27 55 0 8 -0.394093
2 32 0 8 -0.402499
9 46 0 8 -0.404799
26 51 0 8 -0.406030
2 23 0 8 -0.406851
19 58 0 8 -0.410508
26 40 0 8 -0.411746
34 48 0 8 -0.413405
20 39 0 8 -0.413718
23 45 0 8 -0.421435
3 51 0 8 -0.425172
18 40 0 8 -0.425268
14 35 0 8 -0.428677
40 54 0 8 -0.432144
2 38 0 8 -0.432447
33 40 0 8 -0.433271
6 33 0 8 -0.433445
28 55 0 8 -0.434194
9 49 0 8 -0.435016
9 54 0 8 -0.436926
8 40 0 8 -0.438599
18 25 0 8 -0.441028
7 48 0 8 -0.442768
34 54 0 8 -0.444514
29 51 0 8 -0.449134
17 23 0 8 -0.452189
2 51 0 8 -0.457710
2 26 0 8 -0.459833
24 41 0 8 -0.462456
35 55 0 8 -0.462867
36 52 0 8 -0.465301
5 19 0 8 -0.465507
39 50 0 8 -0.469679
11 20 0 8 -0.481117
2 36 0 8 -0.481564
9 37 0 8 -0.484055
14 30 0 8 -0.484304
24 52 0 8 -0.487279
19 53 0 8 -0.487291
6 20 0 8 -0.488994
23 49 0 8 -0.489473
15 20 0 8 -0.490419
7 26 0 8 -0.491758
22 32 0 8 -0.492735
26 35 0 8 -0.494649
13 22 0 8 -0.495176
8 26 0 8 -0.496541
4 48 0 8 -0.496594
19 28 0 8 -0.496737
11 47 0 8 -0.497124
7 55 0 8 -0.497755
13 38 0 8 -0.500104
25 33 0 8 -0.502373
17 27 0 8 -0.503664
5 33 0 8 -0.504831
4 18 0 8 -0.505782
16 41 0 8 -0.505884
10 45 0 8 -0.509337
10 25 0 8 -0.509378
11 51 0 8 -0.509675
18 58 0 8 -0.510366
3 26 0 8 -0.511507
21 38 0 8 -0.511662
12 19 0 8 -0.513111
10 34 0 8 -0.515157
4 19 0 8 -0.515297
4 29 0 8 -0.516615
53 58 0 8 -0.520645
33 52 0 8 -0.521373
11 24 0 8 -0.525254
7 25 0 8 -0.526071
15 51 0 8 -0.529334
45 58 0 8 -0.530136
20 33 0 8 -0.532454
2 39 0 8 -0.533543
12 24 0 8 -0.535474
24 34 0 8 -0.536104
7 38 0 8 -0.539253
2 14 0 8 -0.540919
25 30 0 8 -0.541096
30 39 0 8 -0.543244
26 58 0 8 -0.543723
24 57 0 8 -0.547960
39 55 0 8 -0.550908
33 48 0 8 -0.551013
6 37 0 8 -0.554051
40 51 0 8 -0.559446
15 22 0 8 -0.559593
30 54 0 8 -0.560829
3 38 0 8 -0.561139
15 48 0 8 -0.561307
2 53 0 8 -0.564011
14 26 0 8 -0.566853
10 36 0 8 -0.572998
45 56 0 8 -0.577318
25 58 0 8 -0.577670
28 36 0 8 -0.581005
17 32 0 8 -0.581583
41 49 0 8 -0.584671
9 48 0 8 -0.586577
23 55 0 8 -0.589065
10 50 0 8 -0.589096
10 43 0 8 -0.590629
14 50 0 8 -0.592131
16 50 0 8 -0.595083
12 42 0 8 -0.596173
5 13 0 8 -0.602053
21 41 0 8 -0.608579
6 49 0 8 -0.610626
7 23 0 8 -0.611094
13 24 0 8 -0.614931
4 20 0 8 -0.614951
4 42 0 8 -0.616095
13 25 0 8 -0.617578
20 57 0 8 -0.617936
27 34 0 8 -0.620142
9 32 0 8 -0.620291
23 39 0 8 -0.622150
25 32 0 8 -0.622586
18 47 0 8 -0.625165
25 49 0 8 -0.626945
14 25 0 8 -0.628196
3 12 0 8 -0.628412
11 32 0 8 -0.630004
19 54 0 8 -0.632374
4 23 0 8 -0.638371
6 40 0 8 -0.642197
12 29 0 8 -0.644040
14 22 0 8 -0.645542
28 56 0 8 -0.646246
11 29 0 8 -0.651226
10 26 0 8 -0.651282
28 42 0 8 -0.653625
4 15 0 8 -0.653723
28 35 0 8 -0.662863
28 50 0 8 -0.664831
12 25 0 8 -0.665157
42 50 0 8 -0.665566
16 47 0 8 -0.666143
8 41 0 8 -0.666480
16 51 0 8 -0.667625
4 25 0 8 -0.668344
3 16 0 8 -0.672272
2 45 0 8 -0.673242
24 49 0 8 -0.683365
9 47 0 8 -0.687907
30 38 0 8 -0.696309
13 53 0 8 -0.697022
18 56 0 8 -0.698447
7 41 0 8 -0.701398
18 49 0 8 -0.701770
34 57 0 8 -0.702299
23 47 0 8 -0.702689
13 47 0 8 -0.703289
8 30 0 8 -0.703856
27 42 0 8 -0.706156
14 46 0 8 -0.709071
2 43 0 8 -0.709991
24 37 0 8 -0.711498
3 49 0 8 -0.711952
26 32 0 8 -0.714958
6 26 0 8 -0.715298
7 51 0 8 -0.716208
14 23 0 8 -0.719329
47 57 0 8 -0.720130
22 40 0 8 -0.720479
4 32 0 8 -0.728275
34 55 0 8 -0.729006
41 54 0 8 -0.729796
29 40 0 8 -0.729856
8 23 0 8 -0.734550
2 52 0 8 -0.735718
26 33 0 8 -0.736201
6 45 0 8 -0.738635
23 30 0 8 -0.740667
6 50 0 8 -0.741102
18 48 0 8 -0.741470
7 32 0 8 -0.746234
18 52 0 8 -0.748353
40 57 0 8 -0.749684
7 13 0 8 -0.750161
28 45 0 8 -0.751025
12 23 0 8 -0.751152
30 40 0 8 -0.751652
21 39 0 8 -0.752719
7 22 0 8 -0.754605
27 56 0 8 -0.756600
12 55 0 8 -0.758890
23 41 0 8 -0.759239
21 32 0 8 -0.760542
26 36 0 8 -0.761984
14 24 0 8 -0.762931
20 32 0 8 -0.763207
5 49 0 8 -0.766790
3 45 0 8 -0.767027
13 41 0 8 -0.767190
11 25 0 8 -0.772596
27 48 0 8 -0.773044
7 43 0 8 -0.773704
13 18 0 8 -0.774131
13 54 0 8 -0.774803
16 27 0 8 -0.775056
9 50 0 8 -0.776652
15 56 0 8 -0.778950
30 55 0 8 -0.780751
27 45 0 8 -0.782342
40 52 0 8 -0.785271
10 53 0 8 -0.786785
8 48 0 8 -0.788545
3 28 0 8 -0.794497
46 54 0 8 -0.794841
15 21 0 8 -0.795924
34 56 0 8 -0.797090
25 55 0 8 -0.797210
26 53 0 8 -0.808239
21 58 0 8 -0.808252
24 32 0 8 -0.808929
2 16 0 8 -0.812757
14 42 0 8 -0.813841
13 19 0 8 -0.814961
24 48 0 8 -0.815464
23 53 0 8 -0.816071
19 39 0 8 -0.816368
17 55 0 8 -0.820572
29 54 0 8 -0.822199
2 40 0 8 -0.822560
6 28 0 8 -0.823289
3 46 0 8 -0.824104
23 35 0 8 -0.827409
4 26 0 8 -0.828011
3 40 0 8 -0.829194
14 40 0 8 -0.829307
23 58 0 8 -0.830244
33 46 0 8 -0.832488
19 40 0 8 -0.832803
17 24 0 8 -0.833608
20 37 0 8 -0.835069
8 20 0 8 -0.837622
17 33 0 8 -0.839687
32 50 0 8 -0.841490
21 51 0 8 -0.843829
5 39 0 8 -0.844731
32 56 0 8 -0.845745
8 38 0 8 -0.846448
5 10 0 8 -0.850296
7 19 0 8 -0.854075
23 50 0 8 -0.858029
34 52 0 8 -0.858847
20 28 0 8 -0.860710
18 29 0 8 -0.861833
31 57 0 8 -0.862068
39 52 0 8 -0.863589
11 22 0 8 -0.866674
3 47 0 8 -0.867106
25 36 0 8 -0.867373
6 29 0 8 -0.872420
29 52 0 8 -0.874005
39 48 0 8 -0.879758
32 43 0 8 -0.882543
6 48 0 8 -0.884772
21 30 0 8 -0.886991
17 45 0 8 -0.886995
40 50 0 8 -0.890142
32 38 0 8 -0.890535
37 45 0 8 -0.890603
14 44 0 8 -0.891014
7 40 0 8 -0.891136
7 46 0 8 -0.892173
41 46 0 8 -0.893686
10 24 0 8 -0.900029
37 56 0 8 -0.902094
46 55 0 8 -0.902521
18 26 0 8 -0.902676
14 56 0 8 -0.905094
13 45 0 8 -0.905156
16 24 0 8 -0.906452
29 45 0 8 -0.906583
4 16 0 8 -0.907480
20 36 0 8 -0.910258
2 22 0 8 -0.913498
7 21 0 8 -0.921163
32 48 0 8 -0.921982
38 54 0 8 -0.924260
6 25 0 8 -0.925314
38 48 0 8 -0.925826
4 41 0 8 -0.928571
29 50 0 8 -0.934091
19 30 0 8 -0.934898
6 30 0 8 -0.935054
28 34 0 8 -0.937229
12 54 0 8 -0.938208
3 23 0 8 -0.941895
35 52 0 8 -0.948147
16 58 0 8 -0.949946
9 43 0 8 -0.955101
27 52 0 8 -0.956306
7 49 0 8 -0.959674
10 19 0 8 -0.959880
31 41 0 8 -0.964354
18 42 0 8 -0.969644
4 51 0 8 -0.970590
28 46 0 8 -0.976033
40 48 0 8 -0.977743
6 22 0 8 -0.981794
26 48 0 8 -0.982354
2 13 0 8 -0.984663
37 54 0 8 -0.993400
35 54 0 8 -0.996623
24 46 0 8 -0.997821
14 38 0 8 -0.998665
6 11 0 8 -1.003624
34 58 0 8 -1.004937
25 40 0 8 -1.007448
13 58 0 8 -1.009925
20 45 0 8 -1.010466
3 52 0 8 -1.010502
23 48 0 8 -1.012941
23 29 0 8 -1.014286
2 20 0 8 -1.021237
41 52 0 8 -1.021726
12 46 0 8 -1.022777
40 47 0 8 -1.023231
19 52 0 8 -1.024095
6 19 0 8 -1.024589
18 35 0 8 -1.025960
25 52 0 8 -1.030539
18 38 0 8 -1.030597
16 21 0 8 -1.031541
22 45 0 8 -1.034084
16 33 0 8 -1.034753
38 55 0 8 -1.040759
6 16 0 8 -1.043029
8 34 0 8 -1.047618
2 46 0 8 -1.047814
19 51 0 8 -1.049121
14 51 0 8 -1.050320
2 47 0 8 -1.054964
13 26 0 8 -1.056239
3 31 0 8 -1.057064
24 42 0 8 -1.060537
18 36 0 8 -1.061085
4 47 0 8 -1.062689
3 44 0 8 -1.063758
13 57 0 8 -1.064589
42 54 0 8 -1.065527
37 49 0 8 -1.068527
13 23 0 8 -1.074737
28 57 0 8 -1.076037
30 43 0 8 -1.078821
5 16 0 8 -1.078918
36 48 0 8 -1.088259
7 31 0 8 -1.090810
3 34 0 8 -1.092346
22 33 0 8 -1.094368
35 47 0 8 -1.095403
38 57 0 8 -1.098513
11 31 0 8 -1.099333
16 55 0 8 -1.099847
10 41 0 8 -1.101138
10 35 0 8 -1.101789
26 31 0 8 -1.103689
7 45 0 8 -1.108002
11 21 0 8 -1.109026
18 45 0 8 -1.109290
7 50 0 8 -1.109486
13 34 0 8 -1.114160
42 57 0 8 -1.117393
18 33 0 8 -1.117643
3 13 0 8 -1.120387
20 26 0 8 -1.121715
26 37 0 8 -1.121755
32 40 0 8 -1.121974
28 41 0 8 -1.122944
25 44 0 8 -1.124926
49 55 0 8 -1.129838
20 56 0 8 -1.133174
32 55 0 8 -1.136419
17 25 0 8 -1.138141
3 21 0 8 -1.141533
24 47 0 8 -1.142163
2 28 0 8 -1.143625
12 51 0 8 -1.144998
23 31 0 8 -1.157416
10 20 0 8 -1.159133
26 55 0 8 -1.162199
33 49 0 8 -1.164668
35 48 0 8 -1.169883
29 39 0 8 -1.172090
16 25 0 8 -1.173136
23 42 0 8 -1.174628
47 54 0 8 -1.176419
7 34 0 8 -1.177903
12 22 0 8 -1.179287
4 13 0 8 -1.186430
15 35 0 8 -1.187538
46 56 0 8 -1.187918
20 48 0 8 -1.189738
19 41 0 8 -1.192249
31 56 0 8 -1.192411
12 26 0 8 -1.193673
14 21 0 8 -1.209000
20 58 0 8 -1.210437
11 37 0 8 -1.210832
46 52 0 8 -1.211581
27 46 0 8 -1.212934
7 30 0 8 -1.217064
37 48 0 8 -1.222915
3 37 0 8 -1.228674
42 48 0 8 -1.232317
40 46 0 8 -1.232561
15 49 0 8 -1.238749
3 50 0 8 -1.244208
43 55 0 8 -1.244893
10 37 0 8 -1.245362
8 46 0 8 -1.248682
10 42 0 8 -1.248976
20 27 0 8 -1.249095
12 30 0 8 -1.251511
20 55 0 8 -1.260227
21 29 0 8 -1.262467
31 53 0 8 -1.264602
43 56 0 8 -1.267767
43 51 0 8 -1.271030
17 35 0 8 -1.271955
24 31 0 8 -1.272458
13 56 0 8 -1.278156
11 34 0 8 -1.280984
22 31 0 8 -1.281776
49 58 0 8 -1.282374
19 50 0 8 -1.282830
23 44 0 8 -1.284603
16 43 0 8 -1.285928
50 55 0 8 -1.286216
22 38 0 8 -1.289565
30 48 0 8 -1.292420
13 20 0 8 -1.305241
17 43 0 8 -1.306051
44 49 0 8 -1.308425
12 31 0 8 -1.308800
34 43 0 8 -1.314615
3 32 0 8 -1.331327
21 45 0 8 -1.342273
8 49 0 8 -1.347214
6 47 0 8 -1.348007
25 31 0 8 -1.349239
16 35 0 8 -1.350754
44 50 0 8 -1.355014
8 18 0 8 -1.357010
22 35 0 8 -1.357779
12 28 0 8 -1.358670
49 56 0 8 -1.361594
22 57 0 8 -1.365584
22 30 0 8 -1.366891
22 48 0 8 -1.370481
32 39 0 8 -1.372564
37 51 0 8 -1.373631
28 58 0 8 -1.375450
6 13 0 8 -1.375789
29 57 0 8 -1.384127
51 57 0 8 -1.386044
19 55 0 8 -1.386461
39 46 0 8 -1.390385
38 43 0 8 -1.390438
2 44 0 8 -1.391462
26 42 0 8 -1.397193
10 51 0 8 -1.397323
37 52 0 8 -1.399562
12 35 0 8 -1.402721
22 58 0 8 -1.404817
25 48 0 8 -1.407020
14 19 0 8 -1.407205
25 50 0 8 -1.412572
14 48 0 8 -1.415528
14 32 0 8 -1.424228
26 50 0 8 -1.433931
13 33 0 8 -1.435086
4 44 0 8 -1.438951
3 19 0 8 -1.443961
17 38 0 8 -1.457288
4 37 0 8 -1.465076
25 46 0 8 -1.465569
10 40 0 8 -1.466970
21 55 0 8 -1.468168
6 35 0 8 -1.468349
15 41 0 8 -1.476623
21 31 0 8 -1.480927
44 56 0 8 -1.482648
42 56 0 8 -1.486154
22 39 0 8 -1.488567
8 21 0 8 -1.492512
12 18 0 8 -1.510734
17 29 0 8 -1.512351
22 55 0 8 -1.516132
2 31 0 8 -1.526545
18 41 0 8 -1.530642
36 43 0 8 -1.535496
39 44 0 8 -1.536916
16 28 0 8 -1.541801
22 36 0 8 -1.544439
19 32 0 8 -1.544904
13 39 0 8 -1.552404
31 40 0 8 -1.558541
31 55 0 8 -1.564921
24 43 0 8 -1.569072
12 50 0 8 -1.569246
21 27 0 8 -1.572264
24 44 0 8 -1.579773
14 52 0 8 -1.587150
25 42 0 8 -1.594347
13 40 0 8 -1.597178
14 34 0 8 -1.597482
43 57 0 8 -1.608753
32 37 0 8 -1.611667
16 29 0 8 -1.614540
47 58 0 8 -1.619563
42 53 0 8 -1.629236
23 46 0 8 -1.629816
8 19 0 8 -1.630836
19 46 0 8 -1.632716
44 55 0 8 -1.635897
10 18 0 8 -1.639282
25 37 0 8 -1.646191
38 44 0 8 -1.647254
22 44 0 8 -1.648313
22 49 0 8 -1.651234
16 22 0 8 -1.653105
47 56 0 8 -1.662846
17 44 0 8 -1.665026
31 37 0 8 -1.666657
20 25 0 8 -1.671369
29 38 0 8 -1.677650
13 50 0 8 -1.683938
23 43 0 8 -1.690418
46 57 0 8 -1.697217
29 35 0 8 -1.698856
34 51 0 8 -1.710600
21 46 0 8 -1.711199
4 49 0 8 -1.715588
18 46 0 8 -1.717631
15 25 0 8 -1.733472
43 58 0 8 -1.736141
7 20 0 8 -1.737300
4 46 0 8 -1.744797
47 53 0 8 -1.750860
36 47 0 8 -1.761490
5 42 0 8 -1.761697
14 49 0 8 -1.771672
8 42 0 8 -1.775284
31 54 0 8 -1.775460
37 55 0 8 -1.775742
35 49 0 8 -1.782750
19 36 0 8 -1.800342
14 20 0 8 -1.800661
12 37 0 8 -1.801771
11 46 0 8 -1.809988
19 42 0 8 -1.826969
10 31 0 8 -1.832567
16 46 0 8 -1.833852
15 52 0 8 -1.835197
5 43 0 8 -1.844983
5 20 0 8 -1.864904
44 53 0 8 -1.867898
6 34 0 8 -1.868092
15 44 0 8 -1.869763
49 57 0 8 -1.870602
7 42 0 8 -1.874092
42 51 0 8 -1.876913
11 42 0 8 -1.878573
25 43 0 8 -1.886849
10 44 0 8 -1.888757
13 31 0 8 -1.890231
10 38 0 8 -1.890664
11 44 0 8 -1.899952
18 55 0 8 -1.903685
43 54 0 8 -1.905054
27 44 0 8 -1.908190
32 47 0 8 -1.917704
15 40 0 8 -1.923767
21 36 0 8 -1.924193
33 44 0 8 -1.924497
10 29 0 8 -1.938415
12 20 0 8 -1.952968
17 31 0 8 -1.953076
10 47 0 8 -1.954921
5 37 0 8 -1.962260
49 54 0 8 -1.969095
29 48 0 8 -1.973282
26 44 0 8 -1.991171
22 47 0 8 -1.991938
26 46 0 8 -2.007546
27 47 0 8 -2.012638
16 31 0 8 -2.020680
28 49 0 8 -2.024483
26 47 0 8 -2.025250
29 46 0 8 -2.032273
20 29 0 8 -2.056624
10 46 0 8 -2.062024
16 42 0 8 -2.101022
8 47 0 8 -2.112662
31 52 0 8 -2.118054
31 58 0 8 -2.132860
5 46 0 8 -2.133619
22 50 0 8 -2.144775
10 22 0 8 -2.145409
8 50 0 8 -2.168107
8 31 0 8 -2.175078
29 42 0 8 -2.193200
29 41 0 8 -2.200255
31 51 0 8 -2.204217
36 46 0 8 -2.210670
25 47 0 8 -2.253557
17 42 0 8 -2.253661
37 46 0 8 -2.254021
14 31 0 8 -2.256120
15 31 0 8 -2.269341
33 47 0 8 -2.297033
43 53 0 8 -2.299329
46 58 0 8 -2.307764
44 52 0 8 -2.310452
18 43 0 8 -2.312483
26 43 0 8 -2.313539
14 47 0 8 -2.358174
20 52 0 8 -2.358986
6 42 0 8 -2.369137
28 44 0 8 -2.374274
5 44 0 8 -2.378393
19 44 0 8 -2.391772
28 48 0 8 -2.401215
10 49 0 8 -2.410206
29 43 0 8 -2.410419
30 44 0 8 -2.410879
39 49 0 8 -2.432386
20 38 0 8 -2.441490
13 37 0 8 -2.464135
15 42 0 8 -2.475255
34 46 0 8 -2.477215
18 44 0 8 -2.489761
26 49 0 8 -2.499405
36 49 0 8 -2.514283
7 44 0 8 -2.518064
44 54 0 8 -2.520396
38 50 0 8 -2.524054
19 31 0 8 -2.530191
19 43 0 8 -2.564919
44 58 0 8 -2.587544
7 47 0 8 -2.604346
27 49 0 8 -2.636438
19 48 0 8 -2.653430
5 47 0 8 -2.654902
21 44 0 8 -2.671149
18 34 0 8 -2.686316
31 36 0 8 -2.746880
27 43 0 8 -2.751071
17 47 0 8 -2.768004
6 44 0 8 -2.794268
14 43 0 8 -2.834859
15 43 0 8 -2.931151
11 43 0 8 -2.934604
29 49 0 8 -2.941349
32 49 0 8 -2.963889
19 49 0 8 -2.984201
47 52 0 8 -3.001860
38 47 0 8 -3.080143
11 49 0 8 -3.090561
36 44 0 8 -3.116352
37 47 0 8 -3.121864
19 47 0 8 -3.217711
21 47 0 8 -3.298845
37 44 0 8 -3.320045
37 43 0 8 -3.333628
8 44 0 8 -3.496655
29 47 0 8 -3.784961
34 44 0 8 -4.036849
29 44 0 8 -4.293322
