26 58 0 8 10.671601
8 37 0 8 6.762562
47 60 0 8 6.274213
14 31 0 8 5.324000
30 35 0 8 5.001160
48 59 0 8 4.967437
18 27 0 8 4.920960
7 15 0 8 4.655924
17 27 0 8 4.561686
16 40 0 8 4.538816
10 34 0 8 4.345705
18 24 0 8 4.285583
45 63 0 8 4.165882
10 31 0 8 4.076677
25 58 0 8 4.064877
13 40 0 8 3.918914
45 59 0 8 3.893612
15 25 0 8 3.816247
16 60 0 8 3.628096
34 58 0 8 3.448872
8 16 0 8 3.436393
49 58 0 8 3.370582
39 57 0 8 3.362373
51 59 0 8 3.342760
5 41 0 8 3.247627
14 27 0 8 3.230603
33 58 0 8 3.207004
33 39 0 8 3.199217
17 30 0 8 3.117182
36 61 0 8 3.108793
25 55 0 8 2.972803
54 62 0 8 2.864658
49 59 0 8 2.807362
29 34 0 8 2.760428
23 61 0 8 2.736617
56 61 0 8 2.717708
29 54 0 8 2.689011
62 68 0 8 2.628361
39 58 0 8 2.610932
39 56 0 8 2.569312
11 31 0 8 2.560269
28 46 0 8 2.551840
47 56 0 8 2.536003
36 42 0 8 2.503143
36 47 0 8 2.489001
19 61 0 8 2.477527
16 26 0 8 2.419295
33 54 0 8 2.404243
33 51 0 8 2.398996
29 46 0 8 2.394332
12 24 0 8 2.363408
20 65 0 8 2.346226
28 64 0 8 2.330650
5 44 0 8 2.320973
29 60 0 8 2.306924
11 32 0 8 2.220720
13 37 0 8 2.213198
35 56 0 8 2.149354
5 19 0 8 2.137316
8 13 0 8 2.115403
53 59 0 8 2.114393
34 52 0 8 2.106914
34 39 0 8 2.094069
18 32 0 8 2.079772
41 47 0 8 2.058424
10 36 0 8 2.050648
27 43 0 8 2.022751
30 43 0 8 2.016495
35 40 0 8 2.002002
26 38 0 8 1.987841
44 50 0 8 1.972757
29 50 0 8 1.968692
17 23 0 8 1.937029
13 43 0 8 1.931513
34 55 0 8 1.927870
29 58 0 8 1.914347
7 29 0 8 1.879566
48 63 0 8 1.873170
27 62 0 8 1.865211
20 34 0 8 1.848740
6 41 0 8 1.785496
42 64 0 8 1.776163
18 67 0 8 1.768455
50 59 0 8 1.756916
15 54 0 8 1.752484
14 30 0 8 1.743994
42 60 0 8 1.742820
30 52 0 8 1.726995
10 24 0 8 1.715686
19 25 0 8 1.706595
12 35 0 8 1.695465
23 35 0 8 1.678051
14 38 0 8 1.661301
7 36 0 8 1.659912
35 64 0 8 1.657109
16 42 0 8 1.655239
11 28 0 8 1.643385
61 67 0 8 1.642316
15 28 0 8 1.635233
43 48 0 8 1.629377
19 38 0 8 1.627664
27 32 0 8 1.623193
64 70 0 8 1.608369
45 53 0 8 1.596892
26 62 0 8 1.589284
58 63 0 8 1.586210
12 20 0 8 1.569617
19 65 0 8 1.569091
45 60 0 8 1.542367
22 52 0 8 1.542085
57 64 0 8 1.518416
19 46 0 8 1.512839
4 66 0 8 1.505171
30 48 0 8 1.463101
24 52 0 8 1.460754
6 43 0 8 1.460130
33 42 0 8 1.458564
36 60 0 8 1.456109
23 65 0 8 1.450913
18 31 0 8 1.447292
6 42 0 8 1.442006
21 64 0 8 1.440717
32 57 0 8 1.427399
7 19 0 8 1.423796
24 34 0 8 1.405011
38 57 0 8 1.399987
40 69 0 8 1.392127
14 50 0 8 1.390776
9 14 0 8 1.388054
5 36 0 8 1.386705
9 62 0 8 1.360073
17 62 0 8 1.351571
18 30 0 8 1.349216
33 49 0 8 1.334893
33 41 0 8 1.331742
10 32 0 8 1.324396
42 56 0 8 1.304551
8 41 0 8 1.296196
31 55 0 8 1.292795
11 29 0 8 1.292563
65 70 0 8 1.291529
60 70 0 8 1.287208
59 65 0 8 1.284689
3 43 0 8 1.276519
52 62 0 8 1.274646
55 63 0 8 1.272906
22 43 0 8 1.269569
39 47 0 8 1.256845
8 40 0 8 1.256318
15 31 0 8 1.256306
6 28 0 8 1.236971
20 44 0 8 1.229616
15 40 0 8 1.227589
6 15 0 8 1.223967
4 12 0 8 1.222161
13 56 0 8 1.200436
10 15 0 8 1.193792
20 29 0 8 1.191159
17 45 0 8 1.185273
9 37 0 8 1.182107
22 34 0 8 1.181499
15 42 0 8 1.181043
42 53 0 8 1.180852
3 21 0 8 1.180710
11 46 0 8 1.177134
39 44 0 8 1.177046
12 27 0 8 1.176440
15 47 0 8 1.175627
29 52 0 8 1.174778
55 67 0 8 1.169710
23 39 0 8 1.166376
7 20 0 8 1.165693
28 55 0 8 1.160804
53 68 0 8 1.160326
59 64 0 8 1.158646
38 68 0 8 1.152598
6 21 0 8 1.150904
3 12 0 8 1.150138
34 62 0 8 1.146256
31 37 0 8 1.146117
49 61 0 8 1.138071
27 67 0 8 1.137680
51 56 0 8 1.134192
14 28 0 8 1.131062
49 67 0 8 1.123929
45 50 0 8 1.115361
12 18 0 8 1.114983
23 38 0 8 1.112616
16 59 0 8 1.110811
46 66 0 8 1.099692
5 66 0 8 1.088529
43 51 0 8 1.084133
44 64 0 8 1.081081
20 30 0 8 1.080575
64 69 0 8 1.080575
7 68 0 8 1.075057
7 12 0 8 1.071749
34 45 0 8 1.065254
23 29 0 8 1.062920
32 62 0 8 1.055825
22 63 0 8 1.047863
38 46 0 8 1.042804
21 66 0 8 1.038329
13 35 0 8 1.036007
17 39 0 8 1.035122
7 24 0 8 1.032056
57 65 0 8 1.031937
17 34 0 8 1.023007
62 67 0 8 1.015171
15 43 0 8 1.013428
44 68 0 8 1.012104
9 50 0 8 1.009824
16 31 0 8 1.001848
25 61 0 8 0.997823
9 27 0 8 0.995880
18 46 0 8 0.994225
42 58 0 8 0.992491
4 27 0 8 0.989369
23 57 0 8 0.987744
9 28 0 8 0.983548
52 64 0 8 0.980714
4 49 0 8 0.973758
28 47 0 8 0.973108
50 64 0 8 0.967849
9 18 0 8 0.960378
5 56 0 8 0.953468
6 34 0 8 0.953268
4 34 0 8 0.950208
19 36 0 8 0.943992
15 22 0 8 0.939678
17 31 0 8 0.936128
13 30 0 8 0.933486
15 50 0 8 0.930400
11 38 0 8 0.929038
19 70 0 8 0.920728
62 70 0 8 0.911459
55 70 0 8 0.905364
8 69 0 8 0.903026
44 67 0 8 0.902779
16 65 0 8 0.896974
25 52 0 8 0.895779
6 61 0 8 0.886170
13 36 0 8 0.882842
48 65 0 8 0.880449
25 47 0 8 0.879825
56 68 0 8 0.875694
36 50 0 8 0.870851
4 23 0 8 0.866164
47 67 0 8 0.862824
13 58 0 8 0.862078
43 56 0 8 0.860454
13 26 0 8 0.855744
40 66 0 8 0.853019
6 14 0 8 0.851854
7 46 0 8 0.850756
16 23 0 8 0.849381
32 48 0 8 0.847298
20 32 0 8 0.846278
9 54 0 8 0.842879
15 68 0 8 0.838687
42 61 0 8 0.836336
23 58 0 8 0.833665
19 43 0 8 0.833034
25 56 0 8 0.831127
7 16 0 8 0.823915
32 46 0 8 0.823679
28 63 0 8 0.821692
32 43 0 8 0.816804
38 65 0 8 0.813852
10 59 0 8 0.813641
14 22 0 8 0.812409
59 67 0 8 0.804753
35 57 0 8 0.804751
36 58 0 8 0.799914
15 20 0 8 0.798426
58 65 0 8 0.794788
38 45 0 8 0.791692
28 50 0 8 0.789481
26 32 0 8 0.786097
14 35 0 8 0.785209
32 49 0 8 0.783578
38 67 0 8 0.782473
50 63 0 8 0.772487
22 33 0 8 0.771811
17 48 0 8 0.767336
4 59 0 8 0.761684
3 48 0 8 0.760797
11 55 0 8 0.760085
13 44 0 8 0.758904
28 35 0 8 0.754329
19 45 0 8 0.752148
20 27 0 8 0.750252
38 50 0 8 0.745134
55 68 0 8 0.744244
51 70 0 8 0.743965
9 33 0 8 0.743943
9 46 0 8 0.741641
35 43 0 8 0.738098
17 36 0 8 0.736058
20 42 0 8 0.731909
30 59 0 8 0.731235
13 47 0 8 0.729898
49 55 0 8 0.724710
46 52 0 8 0.724131
9 45 0 8 0.723474
3 31 0 8 0.723043
27 61 0 8 0.722328
16 58 0 8 0.719163
36 46 0 8 0.717135
6 49 0 8 0.714123
16 47 0 8 0.714085
51 65 0 8 0.713692
37 60 0 8 0.712320
25 54 0 8 0.709868
11 20 0 8 0.708950
50 67 0 8 0.704573
17 24 0 8 0.704234
41 46 0 8 0.700621
25 44 0 8 0.700242
33 57 0 8 0.698400
44 57 0 8 0.696969
12 31 0 8 0.690056
41 63 0 8 0.685818
3 18 0 8 0.683407
12 25 0 8 0.675120
27 63 0 8 0.672922
9 34 0 8 0.672148
18 36 0 8 0.671451
37 69 0 8 0.670918
23 51 0 8 0.666356
52 60 0 8 0.663409
10 16 0 8 0.662315
13 42 0 8 0.661841
20 52 0 8 0.661678
18 54 0 8 0.659456
41 70 0 8 0.658165
16 30 0 8 0.657435
11 42 0 8 0.655913
24 32 0 8 0.653627
38 61 0 8 0.648472
13 46 0 8 0.647212
29 56 0 8 0.646962
24 49 0 8 0.645662
3 22 0 8 0.639898
10 18 0 8 0.638909
3 54 0 8 0.637560
38 55 0 8 0.637392
3 16 0 8 0.636034
11 57 0 8 0.626955
4 42 0 8 0.623803
25 50 0 8 0.622070
20 26 0 8 0.619234
5 48 0 8 0.606176
4 11 0 8 0.604718
14 64 0 8 0.601854
16 48 0 8 0.600667
57 70 0 8 0.597880
10 20 0 8 0.596516
27 59 0 8 0.591706
24 46 0 8 0.590624
27 34 0 8 0.585679
29 41 0 8 0.584464
7 31 0 8 0.584154
56 62 0 8 0.578192
13 49 0 8 0.577093
6 30 0 8 0.575312
24 29 0 8 0.574535
18 58 0 8 0.573084
22 41 0 8 0.569810
5 12 0 8 0.565490
45 61 0 8 0.564784
14 25 0 8 0.561850
43 59 0 8 0.560409
39 50 0 8 0.559920
16 51 0 8 0.556275
17 67 0 8 0.555542
29 43 0 8 0.550312
19 28 0 8 0.540903
54 68 0 8 0.539322
31 46 0 8 0.535038
21 41 0 8 0.534798
6 19 0 8 0.533863
54 59 0 8 0.532776
32 40 0 8 0.531333
60 66 0 8 0.529473
26 48 0 8 0.529279
23 30 0 8 0.527696
26 45 0 8 0.526563
37 52 0 8 0.526552
26 53 0 8 0.525264
21 52 0 8 0.524069
17 59 0 8 0.522341
5 51 0 8 0.521948
6 33 0 8 0.510353
22 57 0 8 0.506504
20 58 0 8 0.506440
6 11 0 8 0.503086
7 61 0 8 0.500723
45 65 0 8 0.500269
18 38 0 8 0.500068
37 54 0 8 0.497764
62 69 0 8 0.493787
25 65 0 8 0.492409
33 50 0 8 0.490803
8 49 0 8 0.489387
51 62 0 8 0.485166
8 57 0 8 0.484213
63 69 0 8 0.484054
21 35 0 8 0.482760
12 52 0 8 0.477722
44 63 0 8 0.473879
37 59 0 8 0.472726
3 11 0 8 0.472389
6 64 0 8 0.472118
28 66 0 8 0.471314
14 23 0 8 0.469714
49 54 0 8 0.469267
5 26 0 8 0.469178
22 42 0 8 0.468857
4 15 0 8 0.467545
9 22 0 8 0.466679
25 45 0 8 0.463604
16 63 0 8 0.459003
35 46 0 8 0.456125
18 44 0 8 0.455052
17 63 0 8 0.454511
11 64 0 8 0.453325
10 55 0 8 0.450672
41 59 0 8 0.448577
49 57 0 8 0.447181
4 10 0 8 0.445722
42 67 0 8 0.440016
5 61 0 8 0.440015
20 56 0 8 0.438292
57 69 0 8 0.438097
48 53 0 8 0.437980
43 61 0 8 0.437880
33 45 0 8 0.433319
7 55 0 8 0.431127
6 70 0 8 0.427764
11 70 0 8 0.425323
17 32 0 8 0.423180
51 69 0 8 0.422702
7 21 0 8 0.419252
5 20 0 8 0.416524
23 63 0 8 0.416513
28 44 0 8 0.413310
12 37 0 8 0.412344
43 69 0 8 0.411703
4 62 0 8 0.407699
11 68 0 8 0.407666
21 59 0 8 0.407430
20 62 0 8 0.404332
11 22 0 8 0.403873
35 45 0 8 0.402396
26 60 0 8 0.400573
14 53 0 8 0.400444
15 66 0 8 0.397912
39 66 0 8 0.395376
16 69 0 8 0.395096
13 34 0 8 0.394307
15 27 0 8 0.393007
5 49 0 8 0.392970
22 31 0 8 0.391884
6 38 0 8 0.390995
49 66 0 8 0.389134
36 49 0 8 0.388214
60 67 0 8 0.383996
47 68 0 8 0.383386
17 69 0 8 0.382732
21 68 0 8 0.380523
51 67 0 8 0.376844
23 67 0 8 0.376600
31 50 0 8 0.373897
17 52 0 8 0.373877
44 56 0 8 0.370056
33 69 0 8 0.369174
24 67 0 8 0.367056
15 60 0 8 0.366319
10 62 0 8 0.366147
28 38 0 8 0.365313
35 60 0 8 0.363243
22 61 0 8 0.359776
13 48 0 8 0.358963
61 70 0 8 0.358815
22 38 0 8 0.356633
19 41 0 8 0.355560
25 34 0 8 0.353787
11 37 0 8 0.351907
17 29 0 8 0.351840
10 69 0 8 0.349662
5 65 0 8 0.349510
27 36 0 8 0.349241
22 44 0 8 0.348790
26 65 0 8 0.348571
26 40 0 8 0.348527
16 45 0 8 0.348408
5 30 0 8 0.347764
13 52 0 8 0.347587
38 66 0 8 0.346671
41 69 0 8 0.344202
59 66 0 8 0.342864
53 67 0 8 0.341183
8 33 0 8 0.340743
24 54 0 8 0.340379
4 19 0 8 0.338671
27 58 0 8 0.337115
15 29 0 8 0.333239
14 37 0 8 0.332954
3 9 0 8 0.329442
24 33 0 8 0.328983
45 70 0 8 0.328270
21 26 0 8 0.327688
9 20 0 8 0.326376
30 65 0 8 0.323755
8 38 0 8 0.321609
30 53 0 8 0.320522
5 43 0 8 0.320303
15 67 0 8 0.319465
24 30 0 8 0.318364
24 66 0 8 0.318232
3 27 0 8 0.316701
45 54 0 8 0.314373
26 67 0 8 0.308563
23 28 0 8 0.306827
23 70 0 8 0.306001
18 69 0 8 0.305544
18 57 0 8 0.301578
44 70 0 8 0.300898
32 45 0 8 0.300100
9 43 0 8 0.299085
35 69 0 8 0.297876
43 49 0 8 0.297406
6 66 0 8 0.295967
16 50 0 8 0.295751
20 55 0 8 0.292324
3 10 0 8 0.289660
19 34 0 8 0.288488
37 57 0 8 0.288393
14 41 0 8 0.287641
24 44 0 8 0.285118
30 44 0 8 0.283537
11 27 0 8 0.282212
22 68 0 8 0.282035
31 43 0 8 0.278079
3 57 0 8 0.277810
24 57 0 8 0.277373
22 70 0 8 0.274444
34 70 0 8 0.273311
45 68 0 8 0.272541
42 47 0 8 0.270105
9 44 0 8 0.270055
29 45 0 8 0.267166
19 44 0 8 0.266281
18 63 0 8 0.261294
20 53 0 8 0.260271
18 41 0 8 0.257991
39 68 0 8 0.249443
6 57 0 8 0.247644
12 38 0 8 0.247019
23 59 0 8 0.245389
28 45 0 8 0.245097
31 47 0 8 0.244703
12 63 0 8 0.243895
15 32 0 8 0.242399
18 23 0 8 0.240464
4 26 0 8 0.239679
12 36 0 8 0.239256
9 60 0 8 0.237926
46 64 0 8 0.236061
12 65 0 8 0.235026
16 34 0 8 0.234743
39 59 0 8 0.233218
3 40 0 8 0.230684
33 43 0 8 0.228732
6 36 0 8 0.228405
30 69 0 8 0.227426
18 43 0 8 0.227245
12 59 0 8 0.226848
6 31 0 8 0.226559
45 55 0 8 0.226461
33 67 0 8 0.225145
8 22 0 8 0.224304
3 35 0 8 0.223151
6 45 0 8 0.222186
46 70 0 8 0.222111
30 51 0 8 0.222017
35 63 0 8 0.221397
4 55 0 8 0.221112
40 58 0 8 0.220412
31 49 0 8 0.218585
48 68 0 8 0.217724
17 54 0 8 0.217361
48 70 0 8 0.214561
5 14 0 8 0.212740
20 35 0 8 0.207854
47 65 0 8 0.202983
14 39 0 8 0.201810
54 66 0 8 0.198042
6 67 0 8 0.193376
37 53 0 8 0.193297
20 38 0 8 0.193026
12 68 0 8 0.192376
17 49 0 8 0.189169
13 69 0 8 0.185869
9 70 0 8 0.185554
40 55 0 8 0.182932
12 46 0 8 0.178440
21 61 0 8 0.173464
21 60 0 8 0.172245
22 32 0 8 0.170804
26 68 0 8 0.169921
3 60 0 8 0.168615
20 43 0 8 0.168582
3 62 0 8 0.168500
10 33 0 8 0.168303
9 55 0 8 0.166823
20 47 0 8 0.163390
13 65 0 8 0.163160
22 27 0 8 0.162604
19 68 0 8 0.162500
9 41 0 8 0.161992
18 68 0 8 0.161922
28 41 0 8 0.159829
6 44 0 8 0.156912
18 55 0 8 0.156310
10 27 0 8 0.155561
29 53 0 8 0.154329
49 62 0 8 0.150883
41 53 0 8 0.149966
25 66 0 8 0.149518
25 41 0 8 0.148494
18 34 0 8 0.146905
27 42 0 8 0.146564
46 58 0 8 0.144832
9 25 0 8 0.142702
15 65 0 8 0.141912
33 38 0 8 0.141777
37 55 0 8 0.140168
32 54 0 8 0.138501
24 64 0 8 0.138491
36 68 0 8 0.135859
12 34 0 8 0.135333
11 54 0 8 0.134733
22 49 0 8 0.134258
14 63 0 8 0.133332
21 50 0 8 0.132974
29 38 0 8 0.130007
48 64 0 8 0.129092
18 53 0 8 0.128920
10 66 0 8 0.128247
51 57 0 8 0.127657
10 30 0 8 0.126908
27 40 0 8 0.126158
16 38 0 8 0.125229
40 64 0 8 0.123955
36 53 0 8 0.123149
45 57 0 8 0.122889
19 40 0 8 0.119083
12 45 0 8 0.117310
10 23 0 8 0.117002
37 62 0 8 0.116432
33 60 0 8 0.115406
5 69 0 8 0.115291
3 14 0 8 0.114043
18 50 0 8 0.113324
8 17 0 8 0.110945
10 37 0 8 0.107953
13 22 0 8 0.107196
13 28 0 8 0.106533
20 69 0 8 0.104915
12 19 0 8 0.103733
47 61 0 8 0.102828
46 68 0 8 0.100879
56 65 0 8 0.099715
10 46 0 8 0.098663
10 28 0 8 0.098059
21 69 0 8 0.098015
15 38 0 8 0.093026
25 46 0 8 0.092551
33 59 0 8 0.092418
32 47 0 8 0.090283
13 50 0 8 0.089977
42 66 0 8 0.089602
32 42 0 8 0.086663
63 68 0 8 0.086489
4 56 0 8 0.085678
30 66 0 8 0.084231
4 64 0 8 0.083575
4 38 0 8 0.083459
8 18 0 8 0.082879
18 40 0 8 0.082152
24 70 0 8 0.082149
24 40 0 8 0.081607
15 24 0 8 0.081497
5 68 0 8 0.075581
25 31 0 8 0.074495
35 48 0 8 0.074482
27 51 0 8 0.074329
47 55 0 8 0.073909
5 18 0 8 0.071588
35 59 0 8 0.070218
3 52 0 8 0.069939
11 50 0 8 0.068789
13 62 0 8 0.063990
35 49 0 8 0.062041
40 63 0 8 0.061955
40 46 0 8 0.061236
3 15 0 8 0.060300
17 46 0 8 0.059591
10 52 0 8 0.059225
9 38 0 8 0.058800
6 27 0 8 0.056065
14 26 0 8 0.055335
3 41 0 8 0.054523
10 43 0 8 0.054179
16 35 0 8 0.051725
31 51 0 8 0.051391
52 59 0 8 0.051336
29 69 0 8 0.050864
61 69 0 8 0.049775
37 66 0 8 0.049198
41 48 0 8 0.048619
60 69 0 8 0.047062
40 61 0 8 0.046806
11 40 0 8 0.043223
3 13 0 8 0.040341
21 32 0 8 0.037909
9 19 0 8 0.035623
30 49 0 8 0.034577
11 35 0 8 0.034120
23 62 0 8 0.029475
22 62 0 8 0.028891
43 66 0 8 0.025454
25 68 0 8 0.025083
7 43 0 8 0.025036
40 49 0 8 0.024914
11 63 0 8 0.024321
36 70 0 8 0.024060
43 52 0 8 0.016909
17 58 0 8 0.015175
33 40 0 8 0.014326
34 54 0 8 0.012354
24 31 0 8 0.011740
36 51 0 8 0.010182
48 69 0 8 0.003225
8 25 0 8 0.002032
7 41 0 8 0.001962
1 6 0 8 0.000000
1 7 0 8 0.000000
1 8 0 8 0.000000
1 9 0 8 0.000000
1 10 0 8 0.000000
1 11 0 8 0.000000
1 12 0 8 0.000000
1 13 0 8 0.000000
1 14 0 8 0.000000
1 15 0 8 0.000000
1 16 0 8 0.000000
1 17 0 8 0.000000
1 18 0 8 0.000000
1 19 0 8 0.000000
1 20 0 8 0.000000
1 21 0 8 0.000000
1 22 0 8 0.000000
1 23 0 8 0.000000
1 24 0 8 0.000000
1 25 0 8 0.000000
1 26 0 8 0.000000
1 27 0 8 0.000000
1 28 0 8 0.000000
1 29 0 8 0.000000
1 30 0 8 0.000000
1 31 0 8 0.000000
1 32 0 8 0.000000
1 33 0 8 0.000000
1 34 0 8 0.000000
1 35 0 8 0.000000
1 36 0 8 0.000000
1 37 0 8 0.000000
1 38 0 8 0.000000
1 39 0 8 0.000000
1 40 0 8 0.000000
1 41 0 8 0.000000
1 42 0 8 0.000000
1 43 0 8 0.000000
1 44 0 8 0.000000
1 45 0 8 0.000000
1 46 0 8 0.000000
1 47 0 8 0.000000
1 48 0 8 0.000000
1 49 0 8 0.000000
1 50 0 8 0.000000
1 51 0 8 0.000000
1 52 0 8 0.000000
1 53 0 8 0.000000
1 54 0 8 0.000000
1 55 0 8 0.000000
1 56 0 8 0.000000
1 57 0 8 0.000000
1 58 0 8 0.000000
1 59 0 8 0.000000
1 60 0 8 0.000000
1 61 0 8 0.000000
1 62 0 8 0.000000
1 63 0 8 0.000000
1 64 0 8 0.000000
1 65 0 8 0.000000
1 66 0 8 0.000000
1 67 0 8 0.000000
1 68 0 8 0.000000
1 69 0 8 0.000000
1 70 0 8 0.000000
2 7 0 8 0.000000
2 8 0 8 0.000000
2 9 0 8 0.000000
2 10 0 8 0.000000
2 11 0 8 0.000000
2 12 0 8 0.000000
2 13 0 8 0.000000
2 14 0 8 0.000000
2 15 0 8 0.000000
2 16 0 8 0.000000
2 17 0 8 0.000000
2 18 0 8 0.000000
2 19 0 8 0.000000
2 20 0 8 0.000000
2 21 0 8 0.000000
2 22 0 8 0.000000
2 23 0 8 0.000000
2 24 0 8 0.000000
2 25 0 8 0.000000
2 26 0 8 0.000000
2 27 0 8 0.000000
2 28 0 8 0.000000
2 29 0 8 0.000000
2 30 0 8 0.000000
2 31 0 8 0.000000
2 32 0 8 0.000000
2 33 0 8 0.000000
2 34 0 8 0.000000
2 35 0 8 0.000000
2 36 0 8 0.000000
2 37 0 8 0.000000
2 38 0 8 0.000000
2 39 0 8 0.000000
2 40 0 8 0.000000
2 41 0 8 0.000000
2 42 0 8 0.000000
2 43 0 8 0.000000
2 44 0 8 0.000000
2 45 0 8 0.000000
2 46 0 8 0.000000
2 47 0 8 0.000000
2 48 0 8 0.000000
2 49 0 8 0.000000
2 50 0 8 0.000000
2 51 0 8 0.000000
2 52 0 8 0.000000
2 53 0 8 0.000000
2 54 0 8 0.000000
2 55 0 8 0.000000
2 56 0 8 0.000000
2 57 0 8 0.000000
2 58 0 8 0.000000
2 59 0 8 0.000000
2 60 0 8 0.000000
2 61 0 8 0.000000
2 62 0 8 0.000000
2 63 0 8 0.000000
2 64 0 8 0.000000
2 65 0 8 0.000000
2 66 0 8 0.000000
2 67 0 8 0.000000
2 68 0 8 0.000000
2 69 0 8 0.000000
2 70 0 8 0.000000
20 66 0 8 -0.002508
20 31 0 8 -0.003954
34 41 0 8 -0.005744
13 61 0 8 -0.006721
8 70 0 8 -0.010674
3 32 0 8 -0.012844
27 47 0 8 -0.014001
12 43 0 8 -0.016145
36 65 0 8 -0.016438
9 15 0 8 -0.016578
34 57 0 8 -0.017360
19 59 0 8 -0.017695
18 37 0 8 -0.017767
26 54 0 8 -0.018154
3 68 0 8 -0.020853
26 70 0 8 -0.020983
37 65 0 8 -0.022957
20 25 0 8 -0.022978
17 68 0 8 -0.025435
46 57 0 8 -0.029753
22 51 0 8 -0.030594
33 52 0 8 -0.031213
48 56 0 8 -0.031755
44 51 0 8 -0.035235
21 40 0 8 -0.036244
5 40 0 8 -0.037051
25 62 0 8 -0.038507
3 8 0 8 -0.040206
3 42 0 8 -0.042110
6 46 0 8 -0.045168
27 50 0 8 -0.046086
14 65 0 8 -0.047580
41 56 0 8 -0.048226
41 62 0 8 -0.048262
7 66 0 8 -0.051058
50 69 0 8 -0.051735
32 52 0 8 -0.053581
21 48 0 8 -0.059404
11 39 0 8 -0.060178
4 32 0 8 -0.061902
37 64 0 8 -0.064409
45 67 0 8 -0.064849
41 49 0 8 -0.065486
9 65 0 8 -0.066082
53 66 0 8 -0.066767
12 66 0 8 -0.067119
9 21 0 8 -0.067222
7 38 0 8 -0.067384
11 30 0 8 -0.068025
46 55 0 8 -0.068209
36 64 0 8 -0.071290
14 52 0 8 -0.071798
12 50 0 8 -0.075177
5 15 0 8 -0.075615
40 54 0 8 -0.076095
42 55 0 8 -0.079341
23 64 0 8 -0.079624
37 70 0 8 -0.079752
50 56 0 8 -0.079887
16 37 0 8 -0.079964
6 18 0 8 -0.081885
8 35 0 8 -0.085496
3 29 0 8 -0.085707
11 19 0 8 -0.087273
9 66 0 8 -0.087708
17 42 0 8 -0.089600
8 47 0 8 -0.090167
15 30 0 8 -0.092700
63 70 0 8 -0.093529
23 60 0 8 -0.095859
42 54 0 8 -0.096687
18 52 0 8 -0.096762
43 54 0 8 -0.098846
7 18 0 8 -0.099080
29 44 0 8 -0.099882
36 56 0 8 -0.100638
8 39 0 8 -0.102635
19 32 0 8 -0.105076
16 53 0 8 -0.105144
9 53 0 8 -0.107401
17 55 0 8 -0.108293
27 65 0 8 -0.110913
15 69 0 8 -0.111028
14 57 0 8 -0.111128
21 27 0 8 -0.111155
30 58 0 8 -0.111161
28 48 0 8 -0.111448
4 41 0 8 -0.111997
3 19 0 8 -0.112217
21 31 0 8 -0.114678
11 53 0 8 -0.114816
56 69 0 8 -0.116548
14 48 0 8 -0.117506
9 29 0 8 -0.118777
6 58 0 8 -0.118844
8 53 0 8 -0.119288
10 61 0 8 -0.121120
4 30 0 8 -0.123527
3 61 0 8 -0.123712
3 65 0 8 -0.123903
57 63 0 8 -0.124551
11 33 0 8 -0.126583
38 47 0 8 -0.132047
14 29 0 8 -0.132186
56 67 0 8 -0.132725
4 68 0 8 -0.133089
29 51 0 8 -0.133644
3 46 0 8 -0.135382
48 66 0 8 -0.135601
19 51 0 8 -0.135655
49 56 0 8 -0.138571
3 33 0 8 -0.138919
43 65 0 8 -0.140028
6 29 0 8 -0.141699
5 16 0 8 -0.141975
10 22 0 8 -0.142819
40 47 0 8 -0.143723
23 33 0 8 -0.143906
40 52 0 8 -0.144787
12 61 0 8 -0.145214
12 41 0 8 -0.145280
33 62 0 8 -0.145904
56 64 0 8 -0.146490
22 65 0 8 -0.148189
14 43 0 8 -0.148701
47 54 0 8 -0.148760
9 63 0 8 -0.150200
4 17 0 8 -0.151517
5 29 0 8 -0.151617
57 68 0 8 -0.152161
44 59 0 8 -0.152996
11 56 0 8 -0.153758
5 37 0 8 -0.155590
24 48 0 8 -0.155713
21 38 0 8 -0.157269
53 69 0 8 -0.158032
6 52 0 8 -0.158232
31 39 0 8 -0.160637
4 69 0 8 -0.160707
7 56 0 8 -0.162047
11 26 0 8 -0.162372
28 62 0 8 -0.162466
42 69 0 8 -0.163161
4 65 0 8 -0.164279
34 49 0 8 -0.164762
42 65 0 8 -0.166095
7 65 0 8 -0.166823
54 67 0 8 -0.167491
38 56 0 8 -0.167961
24 41 0 8 -0.168113
4 24 0 8 -0.168125
39 51 0 8 -0.171368
37 48 0 8 -0.171701
53 60 0 8 -0.173019
27 37 0 8 -0.173864
24 62 0 8 -0.175883
8 46 0 8 -0.176057
20 70 0 8 -0.177279
6 56 0 8 -0.178957
14 60 0 8 -0.179494
11 18 0 8 -0.182581
23 41 0 8 -0.183848
3 28 0 8 -0.185937
4 18 0 8 -0.186162
22 66 0 8 -0.186197
7 42 0 8 -0.186432
28 53 0 8 -0.186851
19 54 0 8 -0.187290
12 53 0 8 -0.188828
17 66 0 8 -0.189318
25 32 0 8 -0.189397
41 61 0 8 -0.190567
34 65 0 8 -0.192688
11 45 0 8 -0.194403
7 26 0 8 -0.195592
7 28 0 8 -0.198235
17 26 0 8 -0.199964
56 70 0 8 -0.200658
23 49 0 8 -0.201744
39 55 0 8 -0.201983
29 39 0 8 -0.203107
52 70 0 8 -0.203302
23 69 0 8 -0.204191
31 59 0 8 -0.204810
21 29 0 8 -0.205745
13 70 0 8 -0.209013
29 55 0 8 -0.210304
9 68 0 8 -0.210682
3 25 0 8 -0.211376
25 53 0 8 -0.211528
7 69 0 8 -0.213281
5 11 0 8 -0.213549
17 40 0 8 -0.214188
14 54 0 8 -0.215074
4 22 0 8 -0.216461
10 21 0 8 -0.217087
25 33 0 8 -0.218541
7 37 0 8 -0.220131
6 17 0 8 -0.220944
48 62 0 8 -0.222476
10 65 0 8 -0.224629
31 63 0 8 -0.225251
8 30 0 8 -0.225585
10 39 0 8 -0.225901
6 35 0 8 -0.226054
26 37 0 8 -0.226338
14 46 0 8 -0.226501
19 66 0 8 -0.228272
31 53 0 8 -0.231333
5 33 0 8 -0.231856
8 24 0 8 -0.232764
44 61 0 8 -0.233464
4 47 0 8 -0.234699
57 66 0 8 -0.235749
13 64 0 8 -0.235841
16 21 0 8 -0.236380
18 35 0 8 -0.237378
52 58 0 8 -0.237475
43 64 0 8 -0.237996
13 23 0 8 -0.239694
19 39 0 8 -0.241944
15 26 0 8 -0.242519
51 68 0 8 -0.242833
42 51 0 8 -0.243390
24 68 0 8 -0.244050
33 47 0 8 -0.245696
16 61 0 8 -0.245972
8 21 0 8 -0.246034
4 57 0 8 -0.248248
7 32 0 8 -0.248359
40 67 0 8 -0.248373
32 38 0 8 -0.248912
12 32 0 8 -0.248986
22 48 0 8 -0.250017
47 62 0 8 -0.250167
11 36 0 8 -0.250434
13 29 0 8 -0.252909
46 63 0 8 -0.253562
15 46 0 8 -0.254115
7 40 0 8 -0.254664
40 45 0 8 -0.254975
17 37 0 8 -0.255364
8 66 0 8 -0.256469
10 70 0 8 -0.259250
44 49 0 8 -0.263693
35 47 0 8 -0.263964
7 67 0 8 -0.264360
21 30 0 8 -0.264435
12 29 0 8 -0.265700
36 67 0 8 -0.267532
48 67 0 8 -0.269477
7 13 0 8 -0.271728
5 63 0 8 -0.271937
3 23 0 8 -0.273216
5 54 0 8 -0.273626
55 69 0 8 -0.274435
31 58 0 8 -0.275092
22 28 0 8 -0.275161
14 44 0 8 -0.275329
22 55 0 8 -0.276266
48 54 0 8 -0.277235
44 55 0 8 -0.277455
3 37 0 8 -0.280600
38 44 0 8 -0.281508
31 69 0 8 -0.282147
12 48 0 8 -0.282187
38 53 0 8 -0.282595
11 69 0 8 -0.283247
23 37 0 8 -0.284566
45 52 0 8 -0.284740
11 52 0 8 -0.285612
15 23 0 8 -0.286720
34 66 0 8 -0.286946
38 43 0 8 -0.289730
14 20 0 8 -0.290324
9 69 0 8 -0.291229
8 31 0 8 -0.294662
12 44 0 8 -0.295632
8 27 0 8 -0.297142
32 44 0 8 -0.297569
20 67 0 8 -0.298316
35 68 0 8 -0.299473
5 39 0 8 -0.300207
14 19 0 8 -0.301169
9 24 0 8 -0.301515
11 23 0 8 -0.301564
6 55 0 8 -0.304346
41 55 0 8 -0.305171
18 39 0 8 -0.305856
4 53 0 8 -0.305940
8 23 0 8 -0.307591
22 30 0 8 -0.311076
19 31 0 8 -0.311137
19 50 0 8 -0.311212
37 43 0 8 -0.312009
27 35 0 8 -0.313596
23 40 0 8 -0.315067
19 69 0 8 -0.315303
23 55 0 8 -0.315942
3 64 0 8 -0.316409
12 62 0 8 -0.317159
14 34 0 8 -0.318114
39 63 0 8 -0.319340
38 70 0 8 -0.320367
4 21 0 8 -0.322965
16 54 0 8 -0.322966
21 57 0 8 -0.323373
53 62 0 8 -0.323557
35 65 0 8 -0.323951
54 70 0 8 -0.324371
28 42 0 8 -0.325665
21 43 0 8 -0.326846
9 51 0 8 -0.327352
8 20 0 8 -0.327659
5 32 0 8 -0.330671
38 69 0 8 -0.332367
19 27 0 8 -0.332673
18 60 0 8 -0.332723
6 22 0 8 -0.332812
3 70 0 8 -0.332936
5 64 0 8 -0.333326
3 69 0 8 -0.333859
8 55 0 8 -0.334271
4 61 0 8 -0.334524
27 70 0 8 -0.336432
45 69 0 8 -0.336452
46 69 0 8 -0.336606
47 70 0 8 -0.336762
29 70 0 8 -0.337043
53 70 0 8 -0.337679
52 68 0 8 -0.339224
10 63 0 8 -0.339234
39 61 0 8 -0.339938
27 48 0 8 -0.340365
29 48 0 8 -0.341216
4 33 0 8 -0.341346
29 49 0 8 -0.341744
12 49 0 8 -0.341763
15 39 0 8 -0.344054
21 58 0 8 -0.344086
32 39 0 8 -0.344237
41 67 0 8 -0.344892
3 67 0 8 -0.345148
10 35 0 8 -0.345644
23 53 0 8 -0.347029
6 47 0 8 -0.353992
47 64 0 8 -0.355205
3 50 0 8 -0.356840
28 33 0 8 -0.358285
28 68 0 8 -0.359575
49 69 0 8 -0.360069
17 41 0 8 -0.360559
7 70 0 8 -0.361733
24 65 0 8 -0.362344
4 13 0 8 -0.365017
42 68 0 8 -0.366028
30 56 0 8 -0.366601
5 57 0 8 -0.368137
3 63 0 8 -0.370022
35 58 0 8 -0.373020
21 53 0 8 -0.373633
12 67 0 8 -0.374510
5 42 0 8 -0.375567
9 39 0 8 -0.376201
40 68 0 8 -0.376389
3 38 0 8 -0.377678
56 63 0 8 -0.378049
27 55 0 8 -0.379113
42 48 0 8 -0.379615
7 62 0 8 -0.381058
26 51 0 8 -0.381737
61 68 0 8 -0.382222
20 33 0 8 -0.383376
35 42 0 8 -0.383476
24 53 0 8 -0.384119
11 62 0 8 -0.385953
7 33 0 8 -0.386664
21 37 0 8 -0.388167
24 38 0 8 -0.389330
16 67 0 8 -0.389488
45 51 0 8 -0.391735
37 45 0 8 -0.394236
4 70 0 8 -0.394397
19 42 0 8 -0.394490
54 64 0 8 -0.395173
28 40 0 8 -0.397475
15 48 0 8 -0.397619
17 60 0 8 -0.397866
46 62 0 8 -0.400304
13 63 0 8 -0.400423
4 35 0 8 -0.400602
10 25 0 8 -0.402426
54 69 0 8 -0.402516
8 51 0 8 -0.402626
9 31 0 8 -0.403223
20 36 0 8 -0.404172
31 70 0 8 -0.405319
23 36 0 8 -0.405365
11 43 0 8 -0.405646
30 62 0 8 -0.408724
32 63 0 8 -0.409812
50 70 0 8 -0.410160
8 15 0 8 -0.412981
14 66 0 8 -0.414481
10 44 0 8 -0.415865
31 45 0 8 -0.416421
30 70 0 8 -0.416476
36 69 0 8 -0.417464
43 60 0 8 -0.417937
22 36 0 8 -0.417958
33 55 0 8 -0.419778
26 31 0 8 -0.419848
6 69 0 8 -0.421441
31 62 0 8 -0.421696
51 66 0 8 -0.422347
6 32 0 8 -0.422587
50 66 0 8 -0.422915
45 64 0 8 -0.423481
17 22 0 8 -0.423612
8 48 0 8 -0.426980
38 64 0 8 -0.427934
29 36 0 8 -0.429436
20 28 0 8 -0.429810
22 60 0 8 -0.430622
12 69 0 8 -0.430630
8 67 0 8 -0.434810
26 66 0 8 -0.435021
12 17 0 8 -0.435675
13 19 0 8 -0.435705
34 48 0 8 -0.435708
28 67 0 8 -0.435803
8 50 0 8 -0.438031
14 68 0 8 -0.438873
13 59 0 8 -0.441107
19 24 0 8 -0.442126
7 60 0 8 -0.442421
4 43 0 8 -0.443050
24 37 0 8 -0.450745
25 70 0 8 -0.453818
11 24 0 8 -0.453826
30 36 0 8 -0.454763
19 48 0 8 -0.454964
14 21 0 8 -0.455139
16 64 0 8 -0.455190
7 45 0 8 -0.457270
3 66 0 8 -0.463299
3 20 0 8 -0.464114
4 37 0 8 -0.467372
15 49 0 8 -0.467377
30 37 0 8 -0.469218
12 42 0 8 -0.470690
34 53 0 8 -0.471240
33 68 0 8 -0.472808
24 45 0 8 -0.473599
36 55 0 8 -0.474825
15 45 0 8 -0.475752
28 70 0 8 -0.478885
48 55 0 8 -0.479827
21 70 0 8 -0.480348
31 38 0 8 -0.481763
9 32 0 8 -0.483409
11 49 0 8 -0.484234
12 70 0 8 -0.484865
55 65 0 8 -0.485568
8 14 0 8 -0.485780
4 16 0 8 -0.485984
34 44 0 8 -0.486683
6 13 0 8 -0.487459
6 39 0 8 -0.489715
3 24 0 8 -0.489849
8 45 0 8 -0.489901
3 47 0 8 -0.490271
5 31 0 8 -0.491464
43 70 0 8 -0.492921
30 57 0 8 -0.493160
3 30 0 8 -0.493483
4 67 0 8 -0.496370
22 56 0 8 -0.497301
37 49 0 8 -0.497526
26 55 0 8 -0.498456
43 63 0 8 -0.499442
14 49 0 8 -0.499869
4 40 0 8 -0.500713
9 40 0 8 -0.500997
7 49 0 8 -0.501089
27 68 0 8 -0.502128
21 63 0 8 -0.502739
11 41 0 8 -0.503242
31 36 0 8 -0.503562
31 54 0 8 -0.504202
28 37 0 8 -0.504329
28 36 0 8 -0.504479
3 53 0 8 -0.505562
21 44 0 8 -0.506044
30 54 0 8 -0.506080
25 64 0 8 -0.506339
5 70 0 8 -0.506384
12 40 0 8 -0.507985
22 37 0 8 -0.508902
24 69 0 8 -0.512102
43 53 0 8 -0.513195
40 70 0 8 -0.513364
40 53 0 8 -0.515340
20 54 0 8 -0.515721
17 47 0 8 -0.516118
40 59 0 8 -0.516142
32 56 0 8 -0.518280
32 69 0 8 -0.519401
5 55 0 8 -0.519617
40 48 0 8 -0.519849
28 34 0 8 -0.520953
30 67 0 8 -0.521011
6 16 0 8 -0.523471
13 53 0 8 -0.524238
32 70 0 8 -0.524257
37 68 0 8 -0.526089
41 66 0 8 -0.527346
37 58 0 8 -0.528330
19 55 0 8 -0.529633
28 51 0 8 -0.529666
21 34 0 8 -0.530580
12 60 0 8 -0.531125
8 68 0 8 -0.531161
13 66 0 8 -0.531364
16 70 0 8 -0.531411
16 62 0 8 -0.531867
3 58 0 8 -0.533023
40 60 0 8 -0.534333
42 52 0 8 -0.536044
38 60 0 8 -0.541339
9 26 0 8 -0.543082
13 32 0 8 -0.543832
10 53 0 8 -0.544066
3 49 0 8 -0.544532
24 43 0 8 -0.546342
8 34 0 8 -0.548184
43 62 0 8 -0.549358
52 67 0 8 -0.549369
26 52 0 8 -0.551450
3 59 0 8 -0.552277
22 59 0 8 -0.553272
7 30 0 8 -0.555090
5 13 0 8 -0.555435
4 54 0 8 -0.555848
3 56 0 8 -0.556515
13 21 0 8 -0.556783
37 50 0 8 -0.557053
40 65 0 8 -0.558358
9 30 0 8 -0.558603
32 64 0 8 -0.558855
8 32 0 8 -0.559097
11 21 0 8 -0.561809
3 51 0 8 -0.562277
49 60 0 8 -0.568197
3 44 0 8 -0.568350
40 56 0 8 -0.569396
6 24 0 8 -0.571982
28 57 0 8 -0.574771
22 40 0 8 -0.575043
8 60 0 8 -0.575400
44 65 0 8 -0.576852
20 48 0 8 -0.577177
51 63 0 8 -0.578821
23 32 0 8 -0.578896
24 59 0 8 -0.582918
28 43 0 8 -0.583500
39 54 0 8 -0.584277
22 53 0 8 -0.584766
45 66 0 8 -0.586543
38 51 0 8 -0.586881
41 54 0 8 -0.587287
7 23 0 8 -0.587542
21 65 0 8 -0.589081
7 50 0 8 -0.592738
35 67 0 8 -0.593237
8 19 0 8 -0.593904
55 62 0 8 -0.594079
14 36 0 8 -0.594844
5 58 0 8 -0.594978
18 70 0 8 -0.595364
29 68 0 8 -0.596575
16 56 0 8 -0.597196
34 68 0 8 -0.598415
21 62 0 8 -0.600257
10 26 0 8 -0.600432
13 68 0 8 -0.600737
46 51 0 8 -0.601765
40 51 0 8 -0.602439
8 43 0 8 -0.602541
24 50 0 8 -0.602935
4 58 0 8 -0.602968
37 61 0 8 -0.603437
13 60 0 8 -0.607554
25 48 0 8 -0.609052
30 64 0 8 -0.609357
6 37 0 8 -0.610499
29 62 0 8 -0.612443
52 66 0 8 -0.612568
23 42 0 8 -0.613887
30 40 0 8 -0.615112
3 17 0 8 -0.615528
49 65 0 8 -0.616407
3 26 0 8 -0.616485
42 63 0 8 -0.616809
5 28 0 8 -0.617823
31 41 0 8 -0.618172
5 35 0 8 -0.619954
8 63 0 8 -0.621424
14 51 0 8 -0.621858
4 50 0 8 -0.623357
20 39 0 8 -0.623669
33 48 0 8 -0.623695
29 37 0 8 -0.623730
14 55 0 8 -0.625568
34 46 0 8 -0.626437
13 24 0 8 -0.626687
31 65 0 8 -0.632494
50 61 0 8 -0.632541
37 67 0 8 -0.632622
11 44 0 8 -0.633355
35 70 0 8 -0.637134
17 51 0 8 -0.639088
18 29 0 8 -0.640740
8 29 0 8 -0.640904
18 47 0 8 -0.640939
33 63 0 8 -0.641668
25 67 0 8 -0.642499
15 41 0 8 -0.644085
31 68 0 8 -0.644619
46 54 0 8 -0.645132
22 35 0 8 -0.645996
13 39 0 8 -0.647712
4 48 0 8 -0.647785
7 58 0 8 -0.651054
24 63 0 8 -0.651589
27 41 0 8 -0.654335
26 69 0 8 -0.654805
4 31 0 8 -0.657536
25 37 0 8 -0.658579
39 53 0 8 -0.658760
21 45 0 8 -0.658980
4 46 0 8 -0.659986
9 52 0 8 -0.661541
32 65 0 8 -0.662813
48 60 0 8 -0.662823
34 40 0 8 -0.663139
10 48 0 8 -0.663831
4 51 0 8 -0.664561
24 60 0 8 -0.665301
43 50 0 8 -0.667950
32 50 0 8 -0.669949
5 24 0 8 -0.670484
54 63 0 8 -0.671265
27 69 0 8 -0.672675
24 61 0 8 -0.674514
21 46 0 8 -0.674798
52 69 0 8 -0.676423
6 25 0 8 -0.677625
24 56 0 8 -0.678356
10 38 0 8 -0.679554
6 48 0 8 -0.680322
13 25 0 8 -0.681797
53 61 0 8 -0.682604
36 41 0 8 -0.685453
44 66 0 8 -0.687719
46 60 0 8 -0.692840
30 45 0 8 -0.693260
25 69 0 8 -0.693286
4 29 0 8 -0.694418
17 61 0 8 -0.695209
10 57 0 8 -0.695558
37 42 0 8 -0.696046
29 67 0 8 -0.696153
23 54 0 8 -0.696306
31 66 0 8 -0.697744
9 49 0 8 -0.699030
49 63 0 8 -0.700138
18 64 0 8 -0.700806
4 25 0 8 -0.700991
24 47 0 8 -0.702336
30 42 0 8 -0.703301
22 45 0 8 -0.703922
26 41 0 8 -0.704623
21 42 0 8 -0.705156
26 46 0 8 -0.706204
3 34 0 8 -0.707305
40 50 0 8 -0.708452
15 33 0 8 -0.708661
58 67 0 8 -0.710422
7 34 0 8 -0.712506
9 56 0 8 -0.713942
47 69 0 8 -0.714672
13 55 0 8 -0.715057
40 57 0 8 -0.715779
17 33 0 8 -0.716969
50 62 0 8 -0.717578
28 54 0 8 -0.718264
11 25 0 8 -0.719225
41 60 0 8 -0.719755
31 52 0 8 -0.721416
8 61 0 8 -0.722617
44 62 0 8 -0.722932
26 64 0 8 -0.723590
5 17 0 8 -0.724086
49 64 0 8 -0.725995
43 67 0 8 -0.728450
47 57 0 8 -0.731092
25 42 0 8 -0.731197
7 25 0 8 -0.731875
53 64 0 8 -0.732623
7 39 0 8 -0.733596
13 20 0 8 -0.734785
5 62 0 8 -0.737463
21 55 0 8 -0.737566
8 26 0 8 -0.740078
6 12 0 8 -0.742176
35 62 0 8 -0.743326
20 61 0 8 -0.743781
22 58 0 8 -0.743887
21 54 0 8 -0.744977
44 58 0 8 -0.746636
13 31 0 8 -0.747204
21 33 0 8 -0.747825
14 33 0 8 -0.751993
22 69 0 8 -0.753131
5 50 0 8 -0.755723
6 51 0 8 -0.758489
5 60 0 8 -0.759057
17 70 0 8 -0.760590
30 68 0 8 -0.760768
59 70 0 8 -0.760791
32 61 0 8 -0.763994
52 57 0 8 -0.764107
47 66 0 8 -0.764517
5 34 0 8 -0.766078
13 41 0 8 -0.769615
34 64 0 8 -0.770664
46 59 0 8 -0.771724
16 22 0 8 -0.772380
16 29 0 8 -0.774734
49 68 0 8 -0.774994
7 57 0 8 -0.775500
7 64 0 8 -0.776117
13 67 0 8 -0.777575
41 65 0 8 -0.778051
9 59 0 8 -0.779283
43 68 0 8 -0.779377
5 22 0 8 -0.780832
21 36 0 8 -0.781922
3 36 0 8 -0.782458
16 28 0 8 -0.782717
4 39 0 8 -0.784000
50 68 0 8 -0.784758
8 62 0 8 -0.785323
26 35 0 8 -0.785495
28 60 0 8 -0.787022
33 66 0 8 -0.787268
14 69 0 8 -0.787446
7 52 0 8 -0.790026
61 66 0 8 -0.790604
5 67 0 8 -0.793173
15 70 0 8 -0.793597
10 17 0 8 -0.793982
26 63 0 8 -0.795404
12 21 0 8 -0.796243
37 46 0 8 -0.796318
49 70 0 8 -0.796393
41 68 0 8 -0.797728
11 16 0 8 -0.799906
42 57 0 8 -0.800512
12 26 0 8 -0.802256
16 44 0 8 -0.804250
30 46 0 8 -0.807221
37 47 0 8 -0.807642
31 48 0 8 -0.807933
36 54 0 8 -0.808487
12 30 0 8 -0.809487
23 66 0 8 -0.810655
15 36 0 8 -0.812376
19 56 0 8 -0.812382
31 42 0 8 -0.813543
55 60 0 8 -0.814007
28 69 0 8 -0.816992
41 51 0 8 -0.817169
7 27 0 8 -0.819256
5 38 0 8 -0.821073
32 66 0 8 -0.822458
14 45 0 8 -0.825251
15 35 0 8 -0.825738
8 54 0 8 -0.826471
54 61 0 8 -0.827023
3 45 0 8 -0.828386
8 36 0 8 -0.829906
11 60 0 8 -0.831261
22 47 0 8 -0.831708
16 41 0 8 -0.834108
11 51 0 8 -0.835368
44 54 0 8 -0.835553
35 50 0 8 -0.838099
17 35 0 8 -0.838268
14 70 0 8 -0.839894
5 10 0 8 -0.840702
43 57 0 8 -0.840747
13 54 0 8 -0.844211
29 64 0 8 -0.845831
19 29 0 8 -0.849682
11 47 0 8 -0.849707
19 26 0 8 -0.850749
25 43 0 8 -0.851437
20 49 0 8 -0.851851
40 62 0 8 -0.852568
56 66 0 8 -0.852941
13 18 0 8 -0.855924
16 32 0 8 -0.856059
37 51 0 8 -0.856302
6 63 0 8 -0.859194
4 44 0 8 -0.859242
10 60 0 8 -0.859950
5 23 0 8 -0.861746
6 60 0 8 -0.864243
21 67 0 8 -0.865191
4 60 0 8 -0.867953
19 57 0 8 -0.867973
26 61 0 8 -0.868717
42 70 0 8 -0.868808
19 49 0 8 -0.869148
6 53 0 8 -0.870290
24 39 0 8 -0.871328
9 64 0 8 -0.873176
15 61 0 8 -0.874650
44 69 0 8 -0.874670
12 28 0 8 -0.875843
5 21 0 8 -0.879954
41 64 0 8 -0.884945
44 53 0 8 -0.885464
26 43 0 8 -0.888043
17 25 0 8 -0.889806
8 65 0 8 -0.892880
51 60 0 8 -0.892883
4 20 0 8 -0.893607
30 47 0 8 -0.893757
4 45 0 8 -0.893872
18 25 0 8 -0.894417
46 53 0 8 -0.894528
39 70 0 8 -0.895400
6 26 0 8 -0.896148
51 64 0 8 -0.896579
30 39 0 8 -0.902321
53 65 0 8 -0.902654
19 60 0 8 -0.902821
46 56 0 8 -0.903556
55 61 0 8 -0.905480
3 39 0 8 -0.906229
11 17 0 8 -0.907019
17 57 0 8 -0.907569
27 52 0 8 -0.911220
19 35 0 8 -0.911986
28 49 0 8 -0.913496
36 44 0 8 -0.914437
32 37 0 8 -0.915029
25 30 0 8 -0.915587
35 41 0 8 -0.917087
7 63 0 8 -0.917287
7 17 0 8 -0.917869
8 44 0 8 -0.919442
16 52 0 8 -0.921781
12 33 0 8 -0.921852
32 60 0 8 -0.922550
29 65 0 8 -0.924371
12 39 0 8 -0.924484
13 27 0 8 -0.925393
14 24 0 8 -0.926441
42 50 0 8 -0.926612
34 43 0 8 -0.928873
8 52 0 8 -0.929740
52 63 0 8 -0.930050
19 67 0 8 -0.931793
17 44 0 8 -0.932374
14 62 0 8 -0.932954
55 66 0 8 -0.934365
8 56 0 8 -0.934810
11 67 0 8 -0.935831
30 60 0 8 -0.937433
11 61 0 8 -0.937931
10 67 0 8 -0.940100
15 37 0 8 -0.943438
8 28 0 8 -0.943442
11 48 0 8 -0.943724
18 66 0 8 -0.944237
32 41 0 8 -0.945527
7 54 0 8 -0.947683
9 16 0 8 -0.947915
19 62 0 8 -0.948899
7 47 0 8 -0.949163
12 51 0 8 -0.949832
7 51 0 8 -0.952039
35 44 0 8 -0.952394
50 60 0 8 -0.953105
29 47 0 8 -0.954482
25 39 0 8 -0.954530
33 65 0 8 -0.955170
41 57 0 8 -0.957515
50 58 0 8 -0.958113
14 32 0 8 -0.959133
9 61 0 8 -0.959670
35 55 0 8 -0.962593
19 58 0 8 -0.962792
23 45 0 8 -0.963095
29 40 0 8 -0.963418
13 51 0 8 -0.963569
6 40 0 8 -0.966106
17 28 0 8 -0.968167
14 40 0 8 -0.968622
18 42 0 8 -0.969033
4 36 0 8 -0.969842
35 66 0 8 -0.971881
37 44 0 8 -0.975014
27 38 0 8 -0.975272
22 46 0 8 -0.976800
23 56 0 8 -0.977150
17 53 0 8 -0.977684
45 56 0 8 -0.977886
33 56 0 8 -0.979071
37 63 0 8 -0.979178
10 40 0 8 -0.979556
15 21 0 8 -0.979803
19 33 0 8 -0.980010
41 52 0 8 -0.980474
16 43 0 8 -0.981164
58 70 0 8 -0.981446
26 59 0 8 -0.983182
9 36 0 8 -0.983238
24 36 0 8 -0.983346
20 37 0 8 -0.984367
27 60 0 8 -0.985741
29 66 0 8 -0.988293
29 35 0 8 -0.988567
34 69 0 8 -0.989872
11 65 0 8 -0.990379
6 20 0 8 -0.990565
18 33 0 8 -0.993160
22 39 0 8 -0.993600
36 48 0 8 -0.993820
23 50 0 8 -0.993830
6 65 0 8 -0.993947
7 48 0 8 -0.997483
5 53 0 8 -0.998565
4 14 0 8 -1.000652
8 64 0 8 -1.003885
50 57 0 8 -1.004070
21 56 0 8 -1.005553
20 46 0 8 -1.007800
36 63 0 8 -1.008030
21 49 0 8 -1.009810
26 36 0 8 -1.011467
31 64 0 8 -1.012954
13 57 0 8 -1.021732
52 61 0 8 -1.024497
18 26 0 8 -1.025749
12 55 0 8 -1.028769
29 57 0 8 -1.028828
42 62 0 8 -1.030753
9 35 0 8 -1.032550
48 58 0 8 -1.033123
60 68 0 8 -1.034693
3 55 0 8 -1.036681
4 9 0 8 -1.037130
12 54 0 8 -1.037514
20 40 0 8 -1.042573
23 44 0 8 -1.047655
17 65 0 8 -1.049026
18 59 0 8 -1.049122
35 54 0 8 -1.050643
15 53 0 8 -1.051063
38 48 0 8 -1.051832
31 44 0 8 -1.051927
34 50 0 8 -1.053000
22 54 0 8 -1.056574
39 69 0 8 -1.060924
59 69 0 8 -1.062037
37 56 0 8 -1.063635
5 52 0 8 -1.064424
18 56 0 8 -1.069883
38 49 0 8 -1.070458
12 23 0 8 -1.070856
19 37 0 8 -1.072623
22 64 0 8 -1.073640
20 63 0 8 -1.077002
47 59 0 8 -1.077226
36 52 0 8 -1.077369
16 49 0 8 -1.078975
58 69 0 8 -1.080084
24 35 0 8 -1.083270
15 64 0 8 -1.084292
28 65 0 8 -1.085467
14 61 0 8 -1.086264
15 57 0 8 -1.087542
57 67 0 8 -1.094370
10 41 0 8 -1.095762
46 61 0 8 -1.096260
57 62 0 8 -1.096417
4 28 0 8 -1.098552
20 51 0 8 -1.100079
8 59 0 8 -1.104138
13 45 0 8 -1.104968
33 53 0 8 -1.106413
14 59 0 8 -1.106616
29 61 0 8 -1.108013
36 66 0 8 -1.108859
39 60 0 8 -1.109361
36 57 0 8 -1.112440
10 45 0 8 -1.113210
16 39 0 8 -1.116720
38 59 0 8 -1.119462
9 67 0 8 -1.122008
21 28 0 8 -1.125789
16 68 0 8 -1.126232
27 49 0 8 -1.133460
18 28 0 8 -1.135820
21 47 0 8 -1.139470
27 56 0 8 -1.140706
5 47 0 8 -1.140785
32 67 0 8 -1.142529
11 66 0 8 -1.145516
32 68 0 8 -1.147935
10 49 0 8 -1.149960
33 70 0 8 -1.151162
5 46 0 8 -1.154920
7 22 0 8 -1.155162
53 63 0 8 -1.161209
18 65 0 8 -1.162441
16 25 0 8 -1.163905
8 42 0 8 -1.164615
13 33 0 8 -1.165440
50 65 0 8 -1.166506
42 59 0 8 -1.166861
35 51 0 8 -1.169033
26 57 0 8 -1.174151
7 53 0 8 -1.180289
23 48 0 8 -1.181426
47 53 0 8 -1.182337
23 68 0 8 -1.184919
8 58 0 8 -1.186419
24 58 0 8 -1.186525
45 58 0 8 -1.188071
15 44 0 8 -1.188988
15 62 0 8 -1.191719
36 62 0 8 -1.194139
10 51 0 8 -1.194937
39 67 0 8 -1.198135
47 63 0 8 -1.199989
25 40 0 8 -1.206114
16 27 0 8 -1.212355
39 62 0 8 -1.213596
10 47 0 8 -1.214179
30 41 0 8 -1.214746
11 34 0 8 -1.215466
21 51 0 8 -1.217236
33 46 0 8 -1.220460
21 39 0 8 -1.220528
36 43 0 8 -1.220927
25 60 0 8 -1.222757
18 45 0 8 -1.223833
17 50 0 8 -1.226411
19 47 0 8 -1.226906
34 51 0 8 -1.232898
10 64 0 8 -1.234964
16 36 0 8 -1.237053
19 64 0 8 -1.241476
15 52 0 8 -1.241896
25 35 0 8 -1.242705
47 52 0 8 -1.242802
48 57 0 8 -1.248233
20 68 0 8 -1.250494
27 44 0 8 -1.252590
16 66 0 8 -1.257614
58 64 0 8 -1.258589
20 64 0 8 -1.259057
19 53 0 8 -1.259120
20 50 0 8 -1.260386
7 14 0 8 -1.265225
31 57 0 8 -1.266527
9 48 0 8 -1.268486
10 56 0 8 -1.269366
15 51 0 8 -1.270367
28 52 0 8 -1.278237
23 46 0 8 -1.278738
18 51 0 8 -1.279692
36 45 0 8 -1.280509
4 52 0 8 -1.282812
31 40 0 8 -1.283037
39 48 0 8 -1.289127
38 54 0 8 -1.289274
6 68 0 8 -1.296824
16 24 0 8 -1.298059
16 55 0 8 -1.301460
34 47 0 8 -1.301758
34 61 0 8 -1.302665
26 50 0 8 -1.304349
34 59 0 8 -1.306356
44 60 0 8 -1.310176
15 56 0 8 -1.311377
39 46 0 8 -1.311379
46 65 0 8 -1.312188
34 56 0 8 -1.313405
18 62 0 8 -1.319805
17 43 0 8 -1.323407
32 58 0 8 -1.328098
12 22 0 8 -1.333467
27 57 0 8 -1.334737
27 66 0 8 -1.335409
6 50 0 8 -1.337362
16 33 0 8 -1.343121
42 49 0 8 -1.343702
19 63 0 8 -1.345902
35 61 0 8 -1.349713
59 68 0 8 -1.350781
12 47 0 8 -1.351022
12 57 0 8 -1.357183
27 64 0 8 -1.362528
10 50 0 8 -1.362971
29 42 0 8 -1.363528
30 55 0 8 -1.365400
6 23 0 8 -1.368893
60 65 0 8 -1.369145
48 61 0 8 -1.369645
35 53 0 8 -1.382953
4 63 0 8 -1.391254
46 67 0 8 -1.392436
28 58 0 8 -1.395023
15 63 0 8 -1.411796
18 49 0 8 -1.413492
32 59 0 8 -1.413742
39 64 0 8 -1.414469
13 38 0 8 -1.416039
16 46 0 8 -1.419269
30 38 0 8 -1.431525
24 55 0 8 -1.432070
9 23 0 8 -1.435544
25 38 0 8 -1.437690
51 58 0 8 -1.438271
7 35 0 8 -1.442420
28 56 0 8 -1.450607
24 51 0 8 -1.451551
16 57 0 8 -1.451647
58 66 0 8 -1.458984
50 55 0 8 -1.459256
23 52 0 8 -1.460948
31 56 0 8 -1.461379
18 48 0 8 -1.464066
15 34 0 8 -1.469568
39 45 0 8 -1.474823
27 53 0 8 -1.476575
25 63 0 8 -1.480524
33 64 0 8 -1.481182
15 58 0 8 -1.487143
10 54 0 8 -1.489732
10 68 0 8 -1.491468
5 45 0 8 -1.494496
32 53 0 8 -1.497700
27 46 0 8 -1.509631
7 44 0 8 -1.512662
23 43 0 8 -1.513186
31 61 0 8 -1.523829
9 17 0 8 -1.526791
23 31 0 8 -1.529231
28 61 0 8 -1.532007
19 30 0 8 -1.534040
6 62 0 8 -1.534837
31 67 0 8 -1.542891
43 55 0 8 -1.546098
9 42 0 8 -1.547312
17 56 0 8 -1.558959
34 60 0 8 -1.560328
9 57 0 8 -1.560344
32 51 0 8 -1.566367
44 52 0 8 -1.579144
28 59 0 8 -1.585379
22 50 0 8 -1.595683
38 62 0 8 -1.596236
9 47 0 8 -1.601103
55 64 0 8 -1.616475
43 58 0 8 -1.616882
22 67 0 8 -1.619589
36 59 0 8 -1.625060
30 50 0 8 -1.625873
10 42 0 8 -1.632611
5 59 0 8 -1.633364
15 55 0 8 -1.633842
54 65 0 8 -1.633857
52 65 0 8 -1.636295
53 58 0 8 -1.641007
30 63 0 8 -1.641030
25 49 0 8 -1.646173
25 36 0 8 -1.649703
20 41 0 8 -1.651599
29 63 0 8 -1.660893
5 25 0 8 -1.672767
26 34 0 8 -1.677189
29 59 0 8 -1.678374
39 52 0 8 -1.680959
27 33 0 8 -1.682192
38 63 0 8 -1.684934
26 44 0 8 -1.708015
33 61 0 8 -1.708600
14 67 0 8 -1.709268
14 47 0 8 -1.715131
20 45 0 8 -1.716197
14 56 0 8 -1.720880
20 57 0 8 -1.726217
10 19 0 8 -1.726769
30 61 0 8 -1.731014
26 49 0 8 -1.748951
5 27 0 8 -1.750746
45 62 0 8 -1.758439
38 52 0 8 -1.771249
35 52 0 8 -1.776243
34 42 0 8 -1.781709
11 58 0 8 -1.784273
7 59 0 8 -1.801672
12 56 0 8 -1.812249
24 42 0 8 -1.812681
26 42 0 8 -1.820001
39 49 0 8 -1.832489
27 45 0 8 -1.841568
26 33 0 8 -1.856376
32 55 0 8 -1.875237
10 29 0 8 -1.875242
6 54 0 8 -1.875946
27 39 0 8 -1.891649
11 59 0 8 -1.918437
19 52 0 8 -1.922894
14 42 0 8 -1.924212
31 60 0 8 -1.943306
20 59 0 8 -1.947183
38 58 0 8 -1.948338
51 61 0 8 -1.948936
18 61 0 8 -1.954017
22 29 0 8 -1.960313
33 44 0 8 -1.970710
28 39 0 8 -1.973566
17 38 0 8 -1.992159
58 68 0 8 -1.994621
9 58 0 8 -2.015033
12 58 0 8 -2.018473
25 51 0 8 -2.019512
23 47 0 8 -2.065756
17 64 0 8 -2.068326
23 34 0 8 -2.069827
26 47 0 8 -2.086939
14 58 0 8 -2.087681
12 64 0 8 -2.136272
54 60 0 8 -2.166133
34 67 0 8 -2.186862
6 59 0 8 -2.196982
25 59 0 8 -2.211754
27 54 0 8 -2.216011
41 50 0 8 -2.270588
41 58 0 8 -2.272413
26 39 0 8 -2.286494
10 58 0 8 -2.296252
25 57 0 8 -2.309377
39 65 0 8 -2.322791
26 56 0 8 -2.352984
47 58 0 8 -2.377703
34 63 0 8 -2.491423
15 59 0 8 -2.611383
20 60 0 8 -2.751675
