16 55 0 8 11.506112
35 45 0 8 8.755387
13 58 0 8 7.224318
22 32 0 8 6.500518
19 60 0 8 6.423260
31 48 0 8 5.982636
23 31 0 8 5.474104
19 32 0 8 5.337330
19 35 0 8 5.120145
20 36 0 8 5.078334
27 55 0 8 4.949615
33 46 0 8 4.904232
18 36 0 8 4.770862
4 27 0 8 4.711613
6 31 0 8 4.643517
20 34 0 8 4.627710
4 22 0 8 4.626724
6 46 0 8 4.486459
20 27 0 8 4.378193
9 14 0 8 4.212756
13 55 0 8 4.187143
37 43 0 8 4.097801
8 38 0 8 3.878499
12 37 0 8 3.794747
1 27 0 8 3.745997
18 26 0 8 3.704103
36 42 0 8 3.687432
8 53 0 8 3.671271
8 46 0 8 3.620121
21 60 0 8 3.573059
21 56 0 8 3.503275
10 38 0 8 3.492695
21 42 0 8 3.481197
8 15 0 8 3.477108
33 47 0 8 3.448412
35 56 0 8 3.410897
20 32 0 8 3.362960
2 28 0 8 3.328391
28 44 0 8 3.306646
6 24 0 8 3.178242
6 32 0 8 3.161773
36 50 0 8 3.130628
4 30 0 8 3.130432
41 53 0 8 3.057082
15 53 0 8 3.038760
34 46 0 8 2.976442
23 29 0 8 2.965872
8 30 0 8 2.959241
17 29 0 8 2.949898
6 47 0 8 2.926146
15 38 0 8 2.913543
5 25 0 8 2.897514
39 45 0 8 2.888248
8 52 0 8 2.876668
32 45 0 8 2.871072
15 36 0 8 2.867824
22 30 0 8 2.856860
31 42 0 8 2.856178
35 51 0 8 2.759255
14 41 0 8 2.743087
9 15 0 8 2.730247
25 59 0 8 2.724710
6 29 0 8 2.721877
15 57 0 8 2.721169
3 44 0 8 2.701259
52 58 0 8 2.688379
1 43 0 8 2.681076
38 58 0 8 2.616920
9 58 0 8 2.605051
3 28 0 8 2.598787
41 50 0 8 2.576290
4 24 0 8 2.556020
25 36 0 8 2.502928
24 45 0 8 2.484098
10 15 0 8 2.482800
21 31 0 8 2.460043
32 49 0 8 2.459133
44 51 0 8 2.447607
7 26 0 8 2.443539
32 37 0 8 2.439855
9 41 0 8 2.432777
17 40 0 8 2.427880
6 30 0 8 2.427207
17 37 0 8 2.415112
45 52 0 8 2.411106
14 40 0 8 2.387282
20 42 0 8 2.382088
21 54 0 8 2.373079
10 49 0 8 2.370566
13 29 0 8 2.369044
21 53 0 8 2.366665
5 31 0 8 2.358403
49 54 0 8 2.358012
5 48 0 8 2.352247
17 24 0 8 2.344369
16 58 0 8 2.343538
5 43 0 8 2.332957
26 50 0 8 2.317340
21 32 0 8 2.315709
34 42 0 8 2.315157
46 58 0 8 2.305445
35 52 0 8 2.264022
15 42 0 8 2.263451
27 36 0 8 2.255688
48 58 0 8 2.237995
23 30 0 8 2.224019
17 33 0 8 2.219527
25 37 0 8 2.216265
8 43 0 8 2.211874
5 57 0 8 2.191877
24 29 0 8 2.178593
7 27 0 8 2.174776
26 45 0 8 2.165543
29 35 0 8 2.146001
9 36 0 8 2.137562
3 51 0 8 2.135295
18 59 0 8 2.124598
4 17 0 8 2.115008
11 52 0 8 2.089742
26 34 0 8 2.070283
45 55 0 8 2.062507
9 19 0 8 2.062357
23 53 0 8 2.054086
2 22 0 8 2.053435
2 32 0 8 2.053432
7 37 0 8 2.039585
26 41 0 8 2.032005
28 34 0 8 2.027859
7 29 0 8 2.023311
23 41 0 8 2.003506
30 40 0 8 2.002378
7 43 0 8 1.985026
26 37 0 8 1.984949
11 60 0 8 1.984581
14 43 0 8 1.979179
42 56 0 8 1.977797
33 56 0 8 1.975348
5 58 0 8 1.960735
10 51 0 8 1.959424
16 51 0 8 1.932458
42 50 0 8 1.930122
18 46 0 8 1.929715
26 60 0 8 1.924060
7 56 0 8 1.916414
38 55 0 8 1.913035
5 54 0 8 1.903920
5 40 0 8 1.901595
21 59 0 8 1.892321
9 61 0 8 1.891563
12 50 0 8 1.889496
14 59 0 8 1.887163
22 55 0 8 1.885821
51 56 0 8 1.875512
7 45 0 8 1.874344
12 59 0 8 1.848459
13 57 0 8 1.841138
20 35 0 8 1.840984
13 53 0 8 1.828569
47 59 0 8 1.813077
38 60 0 8 1.806472
36 55 0 8 1.799512
43 49 0 8 1.798029
23 54 0 8 1.796300
10 19 0 8 1.795400
2 24 0 8 1.783521
28 41 0 8 1.776138
23 33 0 8 1.775567
37 52 0 8 1.751555
42 58 0 8 1.751058
15 50 0 8 1.736599
9 42 0 8 1.733108
48 57 0 8 1.708413
21 49 0 8 1.705820
18 60 0 8 1.682737
6 18 0 8 1.665110
11 35 0 8 1.659523
36 56 0 8 1.656235
1 52 0 8 1.655635
31 47 0 8 1.648411
34 57 0 8 1.646488
14 42 0 8 1.642356
20 25 0 8 1.634179
24 31 0 8 1.624353
21 40 0 8 1.622273
29 58 0 8 1.618538
31 56 0 8 1.612719
21 34 0 8 1.611067
34 50 0 8 1.580765
29 56 0 8 1.569643
31 38 0 8 1.567353
7 42 0 8 1.565179
12 33 0 8 1.555492
8 60 0 8 1.548917
16 37 0 8 1.531844
14 54 0 8 1.527437
14 20 0 8 1.524458
10 18 0 8 1.522151
34 49 0 8 1.518509
13 50 0 8 1.517173
4 13 0 8 1.513965
17 25 0 8 1.510571
40 48 0 8 1.506197
9 45 0 8 1.505938
49 57 0 8 1.505318
9 20 0 8 1.502641
9 47 0 8 1.499220
11 31 0 8 1.489349
2 35 0 8 1.485200
13 31 0 8 1.472789
11 48 0 8 1.462479
13 40 0 8 1.459876
4 32 0 8 1.458668
36 57 0 8 1.458251
17 54 0 8 1.455348
2 19 0 8 1.448257
8 33 0 8 1.447863
27 39 0 8 1.432407
10 55 0 8 1.431353
4 19 0 8 1.425667
13 25 0 8 1.425507
23 37 0 8 1.423140
12 57 0 8 1.421866
21 58 0 8 1.409374
11 37 0 8 1.409132
14 25 0 8 1.407533
17 56 0 8 1.386328
18 29 0 8 1.380124
19 50 0 8 1.372582
10 47 0 8 1.368092
25 55 0 8 1.367521
7 24 0 8 1.358611
49 61 0 8 1.358304
1 37 0 8 1.357465
26 31 0 8 1.356146
6 48 0 8 1.343064
24 61 0 8 1.335010
12 23 0 8 1.327985
4 10 0 8 1.304390
18 48 0 8 1.298992
9 34 0 8 1.284777
10 53 0 8 1.283383
16 23 0 8 1.281142
15 48 0 8 1.279293
44 52 0 8 1.262580
10 35 0 8 1.261216
42 52 0 8 1.255883
30 38 0 8 1.251374
15 30 0 8 1.250522
7 57 0 8 1.240078
14 45 0 8 1.234620
14 50 0 8 1.230721
23 49 0 8 1.226829
55 60 0 8 1.224822
46 61 0 8 1.224431
5 60 0 8 1.221332
14 48 0 8 1.219897
49 59 0 8 1.209047
6 50 0 8 1.204473
25 52 0 8 1.203622
14 24 0 8 1.195654
53 58 0 8 1.188919
45 58 0 8 1.187286
24 42 0 8 1.186865
31 39 0 8 1.181607
9 33 0 8 1.179457
30 56 0 8 1.177746
15 56 0 8 1.165752
11 45 0 8 1.160762
5 55 0 8 1.160746
38 43 0 8 1.156773
21 33 0 8 1.156488
41 52 0 8 1.150258
46 54 0 8 1.142044
13 59 0 8 1.141281
1 61 0 8 1.140630
21 61 0 8 1.132728
22 61 0 8 1.129335
28 52 0 8 1.128922
4 16 0 8 1.124693
42 48 0 8 1.123540
15 41 0 8 1.122324
1 8 0 8 1.121642
9 24 0 8 1.113361
23 50 0 8 1.111530
42 54 0 8 1.110464
22 27 0 8 1.110186
17 52 0 8 1.104997
19 29 0 8 1.082663
13 48 0 8 1.081085
18 24 0 8 1.080742
13 36 0 8 1.073315
7 22 0 8 1.068964
26 48 0 8 1.062967
10 56 0 8 1.062480
23 61 0 8 1.055182
8 27 0 8 1.047761
18 38 0 8 1.040361
8 32 0 8 1.037548
35 53 0 8 1.037189
5 17 0 8 1.036962
30 35 0 8 1.033661
8 39 0 8 1.033303
1 46 0 8 1.024652
12 47 0 8 1.019374
9 23 0 8 1.019181
16 39 0 8 1.010718
16 45 0 8 1.008128
39 49 0 8 1.006155
7 15 0 8 0.995508
28 51 0 8 0.988132
47 53 0 8 0.985754
10 21 0 8 0.984507
3 32 0 8 0.983314
14 57 0 8 0.982760
7 39 0 8 0.979133
15 49 0 8 0.975226
19 49 0 8 0.969048
8 58 0 8 0.961195
52 61 0 8 0.957263
25 53 0 8 0.956389
31 36 0 8 0.953499
3 22 0 8 0.949705
8 49 0 8 0.949395
9 39 0 8 0.947335
10 17 0 8 0.945725
11 34 0 8 0.945608
39 59 0 8 0.945512
34 43 0 8 0.943880
5 26 0 8 0.942761
9 27 0 8 0.942276
20 57 0 8 0.937150
4 50 0 8 0.936334
18 33 0 8 0.934597
27 33 0 8 0.926176
50 61 0 8 0.924475
4 31 0 8 0.922901
37 44 0 8 0.920868
26 39 0 8 0.919117
29 37 0 8 0.918219
47 57 0 8 0.915694
39 50 0 8 0.913892
26 55 0 8 0.910714
31 43 0 8 0.907407
27 45 0 8 0.904242
6 43 0 8 0.898071
10 46 0 8 0.895536
20 56 0 8 0.893446
13 23 0 8 0.893117
8 18 0 8 0.892258
20 48 0 8 0.891202
6 49 0 8 0.882408
5 14 0 8 0.879954
33 50 0 8 0.878286
20 26 0 8 0.876138
15 21 0 8 0.868276
9 52 0 8 0.858447
33 42 0 8 0.854566
12 38 0 8 0.851882
31 53 0 8 0.851122
16 21 0 8 0.843992
17 61 0 8 0.836785
19 54 0 8 0.836586
27 46 0 8 0.824534
16 50 0 8 0.823312
1 45 0 8 0.821086
23 39 0 8 0.819030
11 46 0 8 0.818080
13 54 0 8 0.817766
16 56 0 8 0.813901
5 11 0 8 0.801417
27 34 0 8 0.801212
18 37 0 8 0.791131
11 22 0 8 0.790569
3 16 0 8 0.789327
12 53 0 8 0.789210
28 47 0 8 0.787332
7 49 0 8 0.786853
38 54 0 8 0.785807
41 54 0 8 0.782512
24 30 0 8 0.778314
13 51 0 8 0.766670
23 57 0 8 0.757228
39 54 0 8 0.753180
6 23 0 8 0.739296
48 59 0 8 0.737908
1 20 0 8 0.733813
14 38 0 8 0.712956
16 38 0 8 0.709897
11 36 0 8 0.709405
11 56 0 8 0.699751
45 51 0 8 0.696017
10 59 0 8 0.693491
10 39 0 8 0.691702
2 44 0 8 0.675713
39 61 0 8 0.674949
29 54 0 8 0.673613
10 43 0 8 0.672488
5 10 0 8 0.672019
20 52 0 8 0.671288
12 56 0 8 0.669678
1 26 0 8 0.655560
10 50 0 8 0.652818
40 54 0 8 0.649228
23 43 0 8 0.646153
5 59 0 8 0.645130
40 61 0 8 0.641611
36 60 0 8 0.639191
6 27 0 8 0.638967
17 45 0 8 0.633696
6 14 0 8 0.633310
13 60 0 8 0.632948
5 12 0 8 0.632241
32 44 0 8 0.631433
18 40 0 8 0.630059
5 61 0 8 0.629300
7 30 0 8 0.627964
16 31 0 8 0.625370
43 56 0 8 0.623517
44 53 0 8 0.622944
6 34 0 8 0.620820
6 20 0 8 0.619067
1 29 0 8 0.619025
41 59 0 8 0.612516
8 36 0 8 0.610155
3 47 0 8 0.604254
48 60 0 8 0.596223
42 53 0 8 0.593090
26 46 0 8 0.588546
3 25 0 8 0.585515
27 40 0 8 0.578163
14 61 0 8 0.571207
8 34 0 8 0.551409
54 59 0 8 0.546594
48 53 0 8 0.538537
37 54 0 8 0.532158
14 46 0 8 0.532099
1 13 0 8 0.528195
18 27 0 8 0.527836
1 16 0 8 0.523565
5 41 0 8 0.521304
30 50 0 8 0.520172
25 32 0 8 0.514798
19 39 0 8 0.514650
11 20 0 8 0.512109
39 52 0 8 0.511368
5 30 0 8 0.510929
26 38 0 8 0.506200
2 8 0 8 0.504986
20 41 0 8 0.504260
23 32 0 8 0.500469
11 49 0 8 0.499343
1 22 0 8 0.496660
24 53 0 8 0.490692
34 44 0 8 0.489484
39 58 0 8 0.486569
38 51 0 8 0.486477
17 23 0 8 0.486061
40 55 0 8 0.483198
3 19 0 8 0.478814
33 60 0 8 0.476207
8 57 0 8 0.471387
18 32 0 8 0.468008
1 51 0 8 0.467781
27 53 0 8 0.466178
48 54 0 8 0.461327
22 42 0 8 0.460425
24 59 0 8 0.451627
4 39 0 8 0.443885
16 59 0 8 0.442548
13 39 0 8 0.439267
13 45 0 8 0.438481
18 54 0 8 0.437117
30 45 0 8 0.428400
50 59 0 8 0.427621
3 53 0 8 0.427020
30 61 0 8 0.425630
1 7 0 8 0.424687
40 45 0 8 0.417807
12 41 0 8 0.417574
49 56 0 8 0.412382
3 11 0 8 0.410025
35 40 0 8 0.409628
2 61 0 8 0.407973
22 44 0 8 0.405576
20 53 0 8 0.396311
35 55 0 8 0.394931
17 34 0 8 0.394133
4 41 0 8 0.393538
37 58 0 8 0.387907
34 56 0 8 0.385677
13 61 0 8 0.385345
7 38 0 8 0.380085
15 54 0 8 0.379998
3 12 0 8 0.378523
40 51 0 8 0.376806
6 28 0 8 0.371555
11 33 0 8 0.369781
40 59 0 8 0.369711
23 34 0 8 0.369230
43 61 0 8 0.368737
24 52 0 8 0.367186
7 59 0 8 0.362884
10 29 0 8 0.358063
11 30 0 8 0.356606
16 43 0 8 0.350803
56 61 0 8 0.347338
1 24 0 8 0.342062
1 30 0 8 0.335716
11 43 0 8 0.333774
21 39 0 8 0.332634
33 49 0 8 0.331517
1 15 0 8 0.329203
1 40 0 8 0.327949
12 31 0 8 0.327610
11 29 0 8 0.327429
44 59 0 8 0.326196
5 21 0 8 0.323654
17 41 0 8 0.323258
8 51 0 8 0.321458
26 53 0 8 0.319336
21 52 0 8 0.318687
13 24 0 8 0.318674
16 61 0 8 0.312494
27 61 0 8 0.305119
10 40 0 8 0.299424
12 22 0 8 0.295357
19 44 0 8 0.295114
30 36 0 8 0.294945
10 33 0 8 0.294008
11 28 0 8 0.292524
31 41 0 8 0.288014
12 45 0 8 0.286380
16 27 0 8 0.285601
18 30 0 8 0.285205
27 57 0 8 0.279395
20 31 0 8 0.278013
8 42 0 8 0.275089
32 39 0 8 0.267358
11 26 0 8 0.266872
7 47 0 8 0.260219
23 59 0 8 0.258418
35 44 0 8 0.255449
2 37 0 8 0.254713
5 42 0 8 0.253891
42 55 0 8 0.253138
40 50 0 8 0.252167
1 9 0 8 0.251717
18 41 0 8 0.250103
18 42 0 8 0.247354
17 48 0 8 0.245732
22 31 0 8 0.245287
50 58 0 8 0.244970
3 40 0 8 0.243776
2 17 0 8 0.243287
9 48 0 8 0.242418
37 42 0 8 0.240767
35 50 0 8 0.240591
29 51 0 8 0.239892
6 26 0 8 0.237307
28 43 0 8 0.235679
8 37 0 8 0.235473
3 52 0 8 0.235181
4 25 0 8 0.232189
30 57 0 8 0.228296
1 42 0 8 0.226911
51 59 0 8 0.225558
22 35 0 8 0.225439
24 37 0 8 0.221504
21 57 0 8 0.215211
11 23 0 8 0.214161
2 34 0 8 0.211182
14 34 0 8 0.209965
9 56 0 8 0.208446
11 16 0 8 0.207824
32 42 0 8 0.207713
1 12 0 8 0.205416
24 41 0 8 0.200327
5 46 0 8 0.197774
7 13 0 8 0.197758
25 50 0 8 0.194443
6 22 0 8 0.191685
11 57 0 8 0.190994
41 55 0 8 0.189868
39 47 0 8 0.189790
19 51 0 8 0.189487
2 11 0 8 0.182702
33 41 0 8 0.175829
28 59 0 8 0.175111
30 39 0 8 0.175088
11 44 0 8 0.171706
31 49 0 8 0.171492
1 55 0 8 0.171332
3 33 0 8 0.168342
5 18 0 8 0.167838
22 52 0 8 0.166607
15 39 0 8 0.165218
12 55 0 8 0.163991
13 52 0 8 0.161705
35 49 0 8 0.153224
18 35 0 8 0.152229
12 26 0 8 0.152027
38 48 0 8 0.151403
5 27 0 8 0.137136
2 26 0 8 0.132642
17 36 0 8 0.132044
2 31 0 8 0.129980
14 52 0 8 0.127577
18 55 0 8 0.126065
4 34 0 8 0.122388
6 11 0 8 0.121816
39 60 0 8 0.120752
25 57 0 8 0.118042
2 18 0 8 0.113031
8 19 0 8 0.112655
12 20 0 8 0.109571
23 47 0 8 0.109403
38 52 0 8 0.107012
17 32 0 8 0.106677
25 42 0 8 0.106337
43 55 0 8 0.103912
25 47 0 8 0.102449
32 54 0 8 0.101915
6 36 0 8 0.101475
28 61 0 8 0.101046
27 60 0 8 0.100565
15 61 0 8 0.100323
7 58 0 8 0.098531
14 30 0 8 0.096862
28 33 0 8 0.096547
8 54 0 8 0.096030
14 29 0 8 0.092710
40 46 0 8 0.090619
26 47 0 8 0.090024
3 34 0 8 0.086482
25 30 0 8 0.085588
13 30 0 8 0.078646
12 48 0 8 0.078399
10 36 0 8 0.077052
13 33 0 8 0.069642
17 49 0 8 0.069424
6 25 0 8 0.067550
8 40 0 8 0.065763
2 12 0 8 0.060469
16 44 0 8 0.058301
25 49 0 8 0.057097
8 56 0 8 0.056699
12 51 0 8 0.056331
8 21 0 8 0.053893
32 55 0 8 0.051285
5 13 0 8 0.048868
32 41 0 8 0.047840
29 39 0 8 0.040970
35 43 0 8 0.038570
17 59 0 8 0.037113
10 60 0 8 0.036458
20 45 0 8 0.033361
3 37 0 8 0.032174
2 51 0 8 0.030680
17 30 0 8 0.025748
44 50 0 8 0.025267
33 39 0 8 0.020174
22 29 0 8 0.018279
35 59 0 8 0.016375
30 43 0 8 0.010127
3 14 0 8 -0.003095
36 52 0 8 -0.004168
38 44 0 8 -0.004938
1 14 0 8 -0.009203
7 33 0 8 -0.009783
15 51 0 8 -0.013937
4 28 0 8 -0.016985
28 40 0 8 -0.018420
20 61 0 8 -0.028005
18 47 0 8 -0.036028
50 56 0 8 -0.038858
44 57 0 8 -0.043930
1 31 0 8 -0.046378
28 37 0 8 -0.047730
1 33 0 8 -0.048932
2 41 0 8 -0.052161
22 43 0 8 -0.052269
31 57 0 8 -0.053128
8 17 0 8 -0.054976
7 50 0 8 -0.056676
54 60 0 8 -0.060067
12 46 0 8 -0.061852
43 53 0 8 -0.063422
28 38 0 8 -0.066626
13 43 0 8 -0.068170
20 59 0 8 -0.068607
2 52 0 8 -0.072453
22 41 0 8 -0.073089
41 58 0 8 -0.079419
8 16 0 8 -0.083263
44 54 0 8 -0.086275
40 53 0 8 -0.088816
12 21 0 8 -0.089770
22 51 0 8 -0.089848
36 43 0 8 -0.090757
47 60 0 8 -0.093507
5 24 0 8 -0.095466
29 48 0 8 -0.096174
37 45 0 8 -0.097787
26 43 0 8 -0.101561
50 57 0 8 -0.104245
17 39 0 8 -0.105721
29 57 0 8 -0.111561
17 38 0 8 -0.114356
7 61 0 8 -0.117273
9 57 0 8 -0.117912
3 38 0 8 -0.118813
40 57 0 8 -0.119424
2 54 0 8 -0.120084
11 38 0 8 -0.124127
1 11 0 8 -0.125653
7 54 0 8 -0.129749
12 28 0 8 -0.137489
7 32 0 8 -0.137564
3 43 0 8 -0.138235
12 18 0 8 -0.139518
28 54 0 8 -0.139830
9 51 0 8 -0.140385
15 35 0 8 -0.142792
38 47 0 8 -0.142820
16 35 0 8 -0.142995
13 28 0 8 -0.144012
28 58 0 8 -0.144076
6 12 0 8 -0.146128
10 41 0 8 -0.146431
13 22 0 8 -0.146602
4 49 0 8 -0.153435
24 47 0 8 -0.157389
20 28 0 8 -0.158098
25 44 0 8 -0.160330
28 48 0 8 -0.161400
42 60 0 8 -0.163749
13 32 0 8 -0.164031
49 58 0 8 -0.167984
34 51 0 8 -0.169741
5 20 0 8 -0.172215
1 23 0 8 -0.173259
12 60 0 8 -0.173555
35 57 0 8 -0.175491
41 46 0 8 -0.175798
3 35 0 8 -0.176159
8 61 0 8 -0.176444
42 57 0 8 -0.180174
44 56 0 8 -0.188146
17 57 0 8 -0.190034
41 56 0 8 -0.190818
38 57 0 8 -0.191822
33 44 0 8 -0.192261
6 33 0 8 -0.192384
16 30 0 8 -0.192627
11 47 0 8 -0.192950
22 28 0 8 -0.194276
47 52 0 8 -0.194738
20 43 0 8 -0.195609
22 34 0 8 -0.199661
16 28 0 8 -0.204673
53 60 0 8 -0.205044
13 26 0 8 -0.207676
29 42 0 8 -0.208714
4 56 0 8 -0.214919
17 27 0 8 -0.215272
44 49 0 8 -0.217811
17 60 0 8 -0.221180
46 53 0 8 -0.221500
3 56 0 8 -0.223918
6 61 0 8 -0.228924
24 54 0 8 -0.230453
36 46 0 8 -0.230785
18 50 0 8 -0.234676
2 56 0 8 -0.235495
3 13 0 8 -0.236902
16 47 0 8 -0.242626
1 44 0 8 -0.244787
3 54 0 8 -0.245322
51 60 0 8 -0.246277
34 58 0 8 -0.247713
29 59 0 8 -0.250335
3 59 0 8 -0.251565
25 39 0 8 -0.253059
36 53 0 8 -0.257085
19 34 0 8 -0.258723
9 31 0 8 -0.259828
19 40 0 8 -0.261977
22 45 0 8 -0.262364
4 44 0 8 -0.263091
25 43 0 8 -0.263563
5 50 0 8 -0.267679
12 19 0 8 -0.272850
3 24 0 8 -0.274613
14 23 0 8 -0.276785
19 27 0 8 -0.278437
1 38 0 8 -0.279050
29 61 0 8 -0.279061
22 46 0 8 -0.281082
8 22 0 8 -0.282332
20 47 0 8 -0.283431
47 61 0 8 -0.283904
18 43 0 8 -0.284719
4 45 0 8 -0.285778
36 59 0 8 -0.288510
38 49 0 8 -0.288973
2 38 0 8 -0.290662
19 59 0 8 -0.290847
19 57 0 8 -0.292480
30 42 0 8 -0.292602
9 49 0 8 -0.293982
15 29 0 8 -0.294167
1 28 0 8 -0.298047
3 58 0 8 -0.298294
3 57 0 8 -0.299737
44 61 0 8 -0.300415
38 46 0 8 -0.309513
2 30 0 8 -0.311239
18 39 0 8 -0.311524
21 47 0 8 -0.315059
4 9 0 8 -0.325366
25 48 0 8 -0.331917
11 18 0 8 -0.333902
4 52 0 8 -0.334550
17 58 0 8 -0.339796
36 54 0 8 -0.345392
14 44 0 8 -0.346094
3 61 0 8 -0.348277
2 43 0 8 -0.352248
21 37 0 8 -0.352250
19 46 0 8 -0.357399
28 55 0 8 -0.360577
26 32 0 8 -0.363540
14 33 0 8 -0.363642
7 35 0 8 -0.364648
43 48 0 8 -0.366939
1 39 0 8 -0.368954
12 44 0 8 -0.368957
2 36 0 8 -0.371680
3 30 0 8 -0.372051
12 39 0 8 -0.373751
28 35 0 8 -0.374686
35 54 0 8 -0.377632
9 44 0 8 -0.378200
16 34 0 8 -0.384164
39 44 0 8 -0.384664
5 16 0 8 -0.386624
51 61 0 8 -0.391337
3 46 0 8 -0.395179
18 61 0 8 -0.395214
2 20 0 8 -0.396375
3 9 0 8 -0.396383
37 49 0 8 -0.396618
29 44 0 8 -0.398609
3 10 0 8 -0.399833
10 24 0 8 -0.401096
2 49 0 8 -0.403682
11 40 0 8 -0.405554
14 56 0 8 -0.406434
15 34 0 8 -0.408152
3 41 0 8 -0.409453
34 41 0 8 -0.410050
33 54 0 8 -0.410983
5 47 0 8 -0.411355
5 56 0 8 -0.415153
4 29 0 8 -0.415493
25 54 0 8 -0.416142
10 45 0 8 -0.416564
1 21 0 8 -0.419824
6 45 0 8 -0.421021
15 25 0 8 -0.425663
12 58 0 8 -0.428096
21 26 0 8 -0.430272
4 51 0 8 -0.431468
37 51 0 8 -0.433792
48 56 0 8 -0.434702
23 36 0 8 -0.435328
21 51 0 8 -0.436115
16 46 0 8 -0.436213
33 57 0 8 -0.436603
4 57 0 8 -0.436935
20 30 0 8 -0.437157
10 54 0 8 -0.437411
1 53 0 8 -0.441879
19 37 0 8 -0.444019
7 46 0 8 -0.445318
21 29 0 8 -0.450172
10 48 0 8 -0.451456
43 58 0 8 -0.457601
1 36 0 8 -0.458396
4 59 0 8 -0.460243
18 28 0 8 -0.460606
36 44 0 8 -0.461947
5 28 0 8 -0.464220
42 47 0 8 -0.464666
23 28 0 8 -0.465104
37 50 0 8 -0.465588
16 26 0 8 -0.474728
3 55 0 8 -0.475307
27 44 0 8 -0.475759
9 21 0 8 -0.476196
41 60 0 8 -0.479694
29 40 0 8 -0.482103
11 55 0 8 -0.484630
28 46 0 8 -0.485683
3 60 0 8 -0.486297
32 47 0 8 -0.486691
2 45 0 8 -0.486926
43 57 0 8 -0.487552
10 61 0 8 -0.493047
33 45 0 8 -0.496699
12 34 0 8 -0.498655
1 56 0 8 -0.499289
14 58 0 8 -0.499453
35 47 0 8 -0.500211
28 56 0 8 -0.500490
39 51 0 8 -0.501183
39 55 0 8 -0.502087
4 61 0 8 -0.505801
38 61 0 8 -0.507192
7 48 0 8 -0.507251
13 41 0 8 -0.507286
21 28 0 8 -0.508941
1 49 0 8 -0.509207
18 44 0 8 -0.510929
32 61 0 8 -0.512551
5 38 0 8 -0.513347
34 60 0 8 -0.513751
4 35 0 8 -0.514054
2 55 0 8 -0.514562
53 59 0 8 -0.514643
25 34 0 8 -0.517438
29 41 0 8 -0.517534
27 54 0 8 -0.518181
19 33 0 8 -0.518485
34 61 0 8 -0.523879
22 48 0 8 -0.524432
11 32 0 8 -0.525633
27 49 0 8 -0.525932
28 45 0 8 -0.526780
4 23 0 8 -0.527452
44 60 0 8 -0.530023
25 58 0 8 -0.530931
32 51 0 8 -0.531986
1 34 0 8 -0.532961
29 60 0 8 -0.535162
40 52 0 8 -0.535162
46 51 0 8 -0.535496
5 22 0 8 -0.538707
3 42 0 8 -0.538722
12 40 0 8 -0.540313
10 31 0 8 -0.541244
25 41 0 8 -0.542104
3 45 0 8 -0.544514
3 20 0 8 -0.544946
10 44 0 8 -0.545371
27 48 0 8 -0.546079
24 48 0 8 -0.546259
4 14 0 8 -0.547117
2 15 0 8 -0.548965
47 56 0 8 -0.551826
19 41 0 8 -0.554367
3 39 0 8 -0.557420
45 54 0 8 -0.558181
3 8 0 8 -0.561021
51 57 0 8 -0.561819
31 61 0 8 -0.562245
33 48 0 8 -0.567621
15 28 0 8 -0.568704
19 47 0 8 -0.569674
4 60 0 8 -0.573916
20 60 0 8 -0.574617
49 60 0 8 -0.576287
44 58 0 8 -0.576387
11 51 0 8 -0.578883
23 52 0 8 -0.580376
21 44 0 8 -0.582181
34 39 0 8 -0.588972
10 25 0 8 -0.589532
30 53 0 8 -0.590866
9 40 0 8 -0.590885
31 37 0 8 -0.591223
3 23 0 8 -0.591338
7 17 0 8 -0.592107
2 47 0 8 -0.593544
33 43 0 8 -0.594179
34 47 0 8 -0.596381
51 58 0 8 -0.601586
22 50 0 8 -0.601828
28 53 0 8 -0.601831
43 60 0 8 -0.603031
2 14 0 8 -0.605076
1 60 0 8 -0.609247
2 16 0 8 -0.610331
4 11 0 8 -0.612893
36 61 0 8 -0.613113
15 27 0 8 -0.614851
2 7 0 8 -0.616396
18 25 0 8 -0.618647
19 53 0 8 -0.621001
25 38 0 8 -0.621395
37 46 0 8 -0.622117
6 52 0 8 -0.622486
3 21 0 8 -0.623243
16 36 0 8 -0.625023
23 55 0 8 -0.627823
29 45 0 8 -0.628000
2 23 0 8 -0.628909
28 50 0 8 -0.630435
5 37 0 8 -0.633707
48 61 0 8 -0.633984
52 59 0 8 -0.634412
13 46 0 8 -0.634511
7 53 0 8 -0.634798
19 28 0 8 -0.636218
34 59 0 8 -0.639699
3 29 0 8 -0.640068
17 26 0 8 -0.640543
2 40 0 8 -0.641025
45 61 0 8 -0.641511
5 45 0 8 -0.642579
52 57 0 8 -0.643951
6 58 0 8 -0.645475
4 12 0 8 -0.649164
40 60 0 8 -0.650197
3 17 0 8 -0.652676
4 20 0 8 -0.654012
6 38 0 8 -0.654620
16 54 0 8 -0.655097
16 57 0 8 -0.658821
4 26 0 8 -0.659253
16 60 0 8 -0.660076
25 31 0 8 -0.660746
15 33 0 8 -0.661647
4 46 0 8 -0.663382
22 47 0 8 -0.668685
27 51 0 8 -0.670969
14 21 0 8 -0.673203
3 15 0 8 -0.675389
19 45 0 8 -0.677322
5 29 0 8 -0.679373
24 36 0 8 -0.680184
28 60 0 8 -0.680198
11 39 0 8 -0.684037
1 59 0 8 -0.691240
5 44 0 8 -0.691523
18 49 0 8 -0.693923
18 34 0 8 -0.694648
34 52 0 8 -0.695355
9 59 0 8 -0.695514
5 53 0 8 -0.698049
41 47 0 8 -0.699382
28 57 0 8 -0.699490
26 54 0 8 -0.699605
39 46 0 8 -0.700900
19 52 0 8 -0.701588
12 35 0 8 -0.705487
2 39 0 8 -0.705975
24 44 0 8 -0.708257
9 29 0 8 -0.708552
2 9 0 8 -0.709031
24 50 0 8 -0.710575
38 59 0 8 -0.710606
47 58 0 8 -0.715882
30 55 0 8 -0.717762
2 59 0 8 -0.718753
11 61 0 8 -0.723657
39 48 0 8 -0.724493
17 44 0 8 -0.729617
44 55 0 8 -0.729647
20 37 0 8 -0.730571
7 44 0 8 -0.730894
34 53 0 8 -0.731417
53 61 0 8 -0.733248
3 50 0 8 -0.733261
36 51 0 8 -0.734605
40 56 0 8 -0.736872
29 38 0 8 -0.737456
10 20 0 8 -0.740592
20 44 0 8 -0.743668
30 44 0 8 -0.744007
22 58 0 8 -0.744338
23 44 0 8 -0.745666
20 33 0 8 -0.745741
3 49 0 8 -0.748640
2 25 0 8 -0.749388
26 44 0 8 -0.751507
15 44 0 8 -0.752071
14 28 0 8 -0.753621
22 53 0 8 -0.753935
3 31 0 8 -0.757019
6 15 0 8 -0.758290
2 33 0 8 -0.758398
45 50 0 8 -0.758683
9 38 0 8 -0.760429
25 60 0 8 -0.764535
8 44 0 8 -0.764647
8 48 0 8 -0.764894
18 57 0 8 -0.765145
15 58 0 8 -0.766448
3 18 0 8 -0.767542
9 28 0 8 -0.769661
29 53 0 8 -0.770133
28 49 0 8 -0.772990
19 30 0 8 -0.774704
11 25 0 8 -0.776767
28 39 0 8 -0.777130
41 48 0 8 -0.777141
3 48 0 8 -0.778745
11 19 0 8 -0.781630
3 36 0 8 -0.782951
14 47 0 8 -0.783471
17 35 0 8 -0.783813
41 57 0 8 -0.784274
8 25 0 8 -0.787481
6 44 0 8 -0.787592
21 48 0 8 -0.791684
17 47 0 8 -0.792706
42 59 0 8 -0.794860
27 37 0 8 -0.795501
20 29 0 8 -0.801007
1 57 0 8 -0.801527
35 61 0 8 -0.801844
13 56 0 8 -0.805893
2 60 0 8 -0.809677
33 55 0 8 -0.823086
14 60 0 8 -0.825329
42 49 0 8 -0.825630
30 60 0 8 -0.825974
6 40 0 8 -0.827157
4 42 0 8 -0.830143
31 60 0 8 -0.830321
35 60 0 8 -0.830776
9 32 0 8 -0.836198
20 40 0 8 -0.836582
16 29 0 8 -0.837083
46 60 0 8 -0.838139
2 10 0 8 -0.838860
21 35 0 8 -0.839156
1 25 0 8 -0.839278
13 44 0 8 -0.839378
6 51 0 8 -0.839952
1 58 0 8 -0.842522
3 26 0 8 -0.844317
33 61 0 8 -0.845648
12 43 0 8 -0.846060
37 59 0 8 -0.847309
12 61 0 8 -0.847610
24 33 0 8 -0.848242
17 50 0 8 -0.848915
38 50 0 8 -0.849965
2 50 0 8 -0.852544
7 12 0 8 -0.852652
7 60 0 8 -0.852823
16 41 0 8 -0.854907
7 51 0 8 -0.858551
2 48 0 8 -0.859133
8 47 0 8 -0.861893
13 18 0 8 -0.862924
49 55 0 8 -0.863392
15 59 0 8 -0.864490
24 55 0 8 -0.864620
31 44 0 8 -0.875223
31 51 0 8 -0.879672
2 13 0 8 -0.882773
19 61 0 8 -0.886294
42 61 0 8 -0.886421
21 45 0 8 -0.887572
6 35 0 8 -0.891244
8 59 0 8 -0.891942
17 28 0 8 -0.895326
13 20 0 8 -0.896655
23 48 0 8 -0.899271
9 46 0 8 -0.899321
43 51 0 8 -0.899675
22 49 0 8 -0.902962
9 54 0 8 -0.905744
21 36 0 8 -0.905809
2 46 0 8 -0.908646
18 23 0 8 -0.912711
37 48 0 8 -0.918449
14 53 0 8 -0.924224
43 52 0 8 -0.926430
17 22 0 8 -0.927134
10 28 0 8 -0.929837
14 31 0 8 -0.932193
55 61 0 8 -0.933969
22 36 0 8 -0.936121
7 28 0 8 -0.937983
17 51 0 8 -0.938355
17 53 0 8 -0.941154
25 40 0 8 -0.942280
23 60 0 8 -0.942665
37 47 0 8 -0.947547
2 57 0 8 -0.948814
24 51 0 8 -0.951617
33 51 0 8 -0.952838
27 43 0 8 -0.953534
11 53 0 8 -0.956897
19 24 0 8 -0.957799
8 35 0 8 -0.957949
1 17 0 8 -0.975571
31 59 0 8 -0.977442
1 41 0 8 -0.979025
7 36 0 8 -0.979106
11 50 0 8 -0.981189
8 28 0 8 -0.981299
46 52 0 8 -0.981742
2 27 0 8 -0.983565
40 58 0 8 -0.988696
3 27 0 8 -0.997087
32 40 0 8 -0.999919
23 35 0 8 -1.000458
30 51 0 8 -1.000533
1 47 0 8 -1.003474
22 33 0 8 -1.004242
9 16 0 8 -1.004415
28 42 0 8 -1.009469
4 21 0 8 -1.009666
11 54 0 8 -1.013443
33 52 0 8 -1.017156
2 29 0 8 -1.018020
21 38 0 8 -1.018931
7 40 0 8 -1.026012
18 51 0 8 -1.026054
2 21 0 8 -1.028070
18 52 0 8 -1.030655
28 36 0 8 -1.036712
37 53 0 8 -1.036899
1 48 0 8 -1.044028
14 51 0 8 -1.046984
4 54 0 8 -1.048427
12 25 0 8 -1.051094
20 51 0 8 -1.051346
5 15 0 8 -1.059725
9 35 0 8 -1.059995
41 51 0 8 -1.061795
1 35 0 8 -1.061797
30 47 0 8 -1.061957
43 54 0 8 -1.063304
39 53 0 8 -1.065886
19 56 0 8 -1.065923
27 38 0 8 -1.069519
11 17 0 8 -1.074185
27 47 0 8 -1.078212
30 41 0 8 -1.078269
6 59 0 8 -1.080550
16 40 0 8 -1.084674
9 50 0 8 -1.084694
27 35 0 8 -1.085066
29 34 0 8 -1.093580
24 49 0 8 -1.100118
29 55 0 8 -1.104984
13 38 0 8 -1.106096
37 61 0 8 -1.106272
10 22 0 8 -1.108585
2 53 0 8 -1.112114
16 48 0 8 -1.112585
27 41 0 8 -1.116909
33 59 0 8 -1.118793
4 55 0 8 -1.124279
33 38 0 8 -1.125568
12 42 0 8 -1.130022
16 53 0 8 -1.131753
6 53 0 8 -1.137604
5 51 0 8 -1.138340
17 43 0 8 -1.139964
11 58 0 8 -1.141452
18 56 0 8 -1.143017
8 41 0 8 -1.149355
23 58 0 8 -1.150949
21 43 0 8 -1.154592
47 55 0 8 -1.156230
37 60 0 8 -1.156447
42 51 0 8 -1.158183
40 47 0 8 -1.161999
36 58 0 8 -1.162140
15 26 0 8 -1.163009
11 27 0 8 -1.163647
22 39 0 8 -1.170320
34 54 0 8 -1.170608
6 41 0 8 -1.175722
5 49 0 8 -1.175998
30 52 0 8 -1.182288
19 48 0 8 -1.183578
9 26 0 8 -1.188937
29 52 0 8 -1.192807
16 22 0 8 -1.195846
47 54 0 8 -1.196888
25 51 0 8 -1.200354
19 26 0 8 -1.201891
4 40 0 8 -1.209726
19 25 0 8 -1.223097
15 47 0 8 -1.227467
54 61 0 8 -1.231490
4 33 0 8 -1.235012
31 40 0 8 -1.237706
36 47 0 8 -1.240731
15 52 0 8 -1.242394
22 60 0 8 -1.243027
1 50 0 8 -1.244881
18 45 0 8 -1.248759
16 25 0 8 -1.249377
8 45 0 8 -1.259210
20 54 0 8 -1.262422
6 42 0 8 -1.263800
24 34 0 8 -1.263914
34 48 0 8 -1.265333
12 52 0 8 -1.265450
5 33 0 8 -1.268043
7 14 0 8 -1.270538
4 15 0 8 -1.275325
33 53 0 8 -1.277462
2 58 0 8 -1.286343
1 19 0 8 -1.287118
22 57 0 8 -1.290021
45 59 0 8 -1.293213
5 35 0 8 -1.296911
35 58 0 8 -1.299281
30 46 0 8 -1.301322
14 32 0 8 -1.302233
26 59 0 8 -1.305333
23 38 0 8 -1.306275
50 60 0 8 -1.310992
34 40 0 8 -1.316811
46 55 0 8 -1.318765
1 32 0 8 -1.319260
5 34 0 8 -1.321121
32 43 0 8 -1.323995
16 32 0 8 -1.333017
33 58 0 8 -1.337903
34 45 0 8 -1.338534
12 49 0 8 -1.338654
16 24 0 8 -1.343808
7 41 0 8 -1.346267
13 35 0 8 -1.346442
22 37 0 8 -1.351436
22 59 0 8 -1.353120
20 55 0 8 -1.368372
31 55 0 8 -1.374741
4 18 0 8 -1.379897
4 58 0 8 -1.382544
23 51 0 8 -1.384490
15 22 0 8 -1.387955
17 42 0 8 -1.395934
24 32 0 8 -1.398271
19 36 0 8 -1.403277
32 48 0 8 -1.403429
15 45 0 8 -1.403886
12 24 0 8 -1.406765
39 56 0 8 -1.407651
21 41 0 8 -1.413805
30 37 0 8 -1.421493
37 55 0 8 -1.427448
10 37 0 8 -1.427771
9 22 0 8 -1.428842
24 46 0 8 -1.429220
26 61 0 8 -1.430442
35 46 0 8 -1.436241
35 41 0 8 -1.444121
10 16 0 8 -1.447645
24 38 0 8 -1.448600
24 43 0 8 -1.450443
41 49 0 8 -1.464514
4 53 0 8 -1.465022
24 58 0 8 -1.465386
10 32 0 8 -1.469127
20 58 0 8 -1.472433
32 52 0 8 -1.473934
9 55 0 8 -1.477305
14 35 0 8 -1.482817
17 31 0 8 -1.486081
14 19 0 8 -1.486115
8 14 0 8 -1.488282
30 59 0 8 -1.493302
38 56 0 8 -1.493445
32 53 0 8 -1.498525
46 57 0 8 -1.498726
9 37 0 8 -1.502565
13 19 0 8 -1.504406
2 42 0 8 -1.505138
5 32 0 8 -1.507795
16 33 0 8 -1.507935
10 57 0 8 -1.508828
5 19 0 8 -1.510248
23 56 0 8 -1.511882
25 33 0 8 -1.512636
29 47 0 8 -1.515496
27 56 0 8 -1.518436
12 17 0 8 -1.520602
35 42 0 8 -1.527717
4 47 0 8 -1.529603
9 30 0 8 -1.531707
5 52 0 8 -1.535585
1 10 0 8 -1.537800
25 61 0 8 -1.544252
7 19 0 8 -1.557520
6 21 0 8 -1.567771
26 57 0 8 -1.571081
45 60 0 8 -1.576721
1 54 0 8 -1.580854
15 60 0 8 -1.581684
6 13 0 8 -1.589963
7 55 0 8 -1.591411
26 35 0 8 -1.597433
27 58 0 8 -1.600364
6 39 0 8 -1.601522
30 48 0 8 -1.603081
13 37 0 8 -1.603220
4 38 0 8 -1.610769
7 25 0 8 -1.615026
43 59 0 8 -1.615269
14 26 0 8 -1.631544
29 46 0 8 -1.631676
32 58 0 8 -1.633541
52 60 0 8 -1.640922
33 40 0 8 -1.645678
39 57 0 8 -1.657682
10 26 0 8 -1.657718
26 42 0 8 -1.665976
24 40 0 8 -1.667137
32 38 0 8 -1.670950
13 47 0 8 -1.672813
11 59 0 8 -1.677037
15 43 0 8 -1.678140
32 59 0 8 -1.678747
5 23 0 8 -1.689870
20 50 0 8 -1.696915
7 21 0 8 -1.699279
7 52 0 8 -1.699673
31 52 0 8 -1.700744
16 52 0 8 -1.702364
36 48 0 8 -1.708022
37 57 0 8 -1.714073
41 61 0 8 -1.714984
9 60 0 8 -1.736007
25 45 0 8 -1.737533
13 21 0 8 -1.743154
32 60 0 8 -1.744141
15 20 0 8 -1.747560
24 57 0 8 -1.748074
26 40 0 8 -1.755594
36 49 0 8 -1.761006
26 33 0 8 -1.762087
34 55 0 8 -1.764138
6 60 0 8 -1.768391
22 56 0 8 -1.770638
22 38 0 8 -1.770956
23 45 0 8 -1.773737
32 57 0 8 -1.776796
25 56 0 8 -1.779732
20 46 0 8 -1.780975
19 58 0 8 -1.785716
30 54 0 8 -1.787699
18 31 0 8 -1.789701
26 58 0 8 -1.793324
10 58 0 8 -1.795000
6 37 0 8 -1.797474
26 51 0 8 -1.799764
14 27 0 8 -1.803140
13 42 0 8 -1.804443
30 49 0 8 -1.821271
24 39 0 8 -1.821285
27 59 0 8 -1.828269
22 40 0 8 -1.830335
7 20 0 8 -1.840527
20 39 0 8 -1.846612
1 6 0 8 -1.846980
24 60 0 8 -1.851233
6 17 0 8 -1.853525
9 43 0 8 -1.856520
4 43 0 8 -1.869378
10 42 0 8 -1.877763
40 49 0 8 -1.879471
48 55 0 8 -1.880146
32 50 0 8 -1.880877
11 41 0 8 -1.882715
8 50 0 8 -1.886108
26 36 0 8 -1.893810
6 57 0 8 -1.902905
31 50 0 8 -1.904717
20 38 0 8 -1.924847
5 39 0 8 -1.926030
45 56 0 8 -1.929226
4 37 0 8 -1.929816
29 49 0 8 -1.931580
12 54 0 8 -1.932996
19 43 0 8 -1.935614
46 59 0 8 -1.940930
13 34 0 8 -1.950875
7 23 0 8 -1.971825
21 30 0 8 -1.975041
14 37 0 8 -1.981387
12 29 0 8 -1.984946
43 50 0 8 -1.990440
38 45 0 8 -1.999014
26 52 0 8 -1.999393
29 50 0 8 -1.999425
21 50 0 8 -2.006052
19 42 0 8 -2.007918
37 56 0 8 -2.011794
46 56 0 8 -2.033607
10 27 0 8 -2.043118
16 42 0 8 -2.057469
7 34 0 8 -2.065121
12 32 0 8 -2.069480
16 49 0 8 -2.082768
27 52 0 8 -2.092695
1 18 0 8 -2.095188
13 27 0 8 -2.100015
32 56 0 8 -2.102529
6 56 0 8 -2.103003
23 40 0 8 -2.108077
21 55 0 8 -2.114249
23 42 0 8 -2.127109
36 41 0 8 -2.143466
23 46 0 8 -2.157775
8 20 0 8 -2.162221
7 18 0 8 -2.164119
25 46 0 8 -2.170972
15 23 0 8 -2.175507
8 23 0 8 -2.177999
30 58 0 8 -2.179646
9 25 0 8 -2.179920
31 45 0 8 -2.204052
15 31 0 8 -2.205553
18 53 0 8 -2.214517
25 35 0 8 -2.214988
21 46 0 8 -2.224560
17 46 0 8 -2.226910
9 17 0 8 -2.229302
26 49 0 8 -2.251535
24 35 0 8 -2.255870
9 18 0 8 -2.258322
14 55 0 8 -2.276065
12 36 0 8 -2.293479
6 16 0 8 -2.296209
45 57 0 8 -2.304452
4 36 0 8 -2.308021
22 54 0 8 -2.314238
14 36 0 8 -2.319362
26 56 0 8 -2.341390
8 26 0 8 -2.360627
18 58 0 8 -2.363147
10 52 0 8 -2.365419
11 21 0 8 -2.368201
19 38 0 8 -2.381806
32 46 0 8 -2.383766
14 49 0 8 -2.388972
38 53 0 8 -2.397211
10 34 0 8 -2.405670
14 39 0 8 -2.407764
8 29 0 8 -2.415379
6 55 0 8 -2.457206
14 22 0 8 -2.463855
12 27 0 8 -2.464369
50 55 0 8 -2.488973
15 46 0 8 -2.499483
11 24 0 8 -2.528629
31 46 0 8 -2.540858
5 36 0 8 -2.555061
15 32 0 8 -2.558458
45 53 0 8 -2.563760
9 53 0 8 -2.587226
15 40 0 8 -2.599701
7 31 0 8 -2.649752
35 48 0 8 -2.654118
12 30 0 8 -2.662375
8 13 0 8 -2.665198
15 37 0 8 -2.672840
36 45 0 8 -2.688827
20 49 0 8 -2.752602
4 48 0 8 -2.754569
27 32 0 8 -2.792042
24 56 0 8 -2.833712
19 31 0 8 -2.839486
21 27 0 8 -2.843311
7 16 0 8 -2.854469
27 50 0 8 -2.865408
15 55 0 8 -2.880960
6 54 0 8 -2.900257
15 24 0 8 -3.018641
8 31 0 8 -3.049387
29 36 0 8 -3.051736
11 42 0 8 -3.060378
10 23 0 8 -3.130142
29 43 0 8 -3.141067
6 19 0 8 -3.166374
31 54 0 8 -3.184008
10 30 0 8 -3.313097
8 24 0 8 -3.327163
19 55 0 8 -3.378864
17 55 0 8 -3.539761
8 55 0 8 -3.587817
31 58 0 8 -3.986204
27 42 0 8 -4.032947
13 49 0 8 -4.169060
