62 74 0 8 7.503651
4 21 0 8 6.542103
7 59 0 8 6.250229
15 89 0 8 5.895866
7 61 0 8 5.764027
6 19 0 8 5.711011
4 58 0 8 5.039582
7 16 0 8 4.943851
71 78 0 8 4.856340
35 40 0 8 4.806666
28 58 0 8 4.497406
35 46 0 8 4.482804
9 57 0 8 4.413585
6 17 0 8 4.354500
9 59 0 8 4.338044
62 78 0 8 4.326365
31 40 0 8 4.183265
58 74 0 8 4.148774
21 72 0 8 4.035541
34 41 0 8 4.013906
19 75 0 8 4.003705
20 72 0 8 3.921912
11 57 0 8 3.859110
30 47 0 8 3.811371
20 50 0 8 3.597409
30 43 0 8 3.531687
8 31 0 8 3.517658
24 31 0 8 3.498067
16 84 0 8 3.360715
8 45 0 8 3.353990
12 55 0 8 3.328102
78 88 0 8 3.305016
40 46 0 8 3.275395
29 61 0 8 3.269825
24 84 0 8 3.232199
7 18 0 8 3.192312
13 48 0 8 3.183595
12 63 0 8 3.171282
43 54 0 8 3.126801
44 54 0 8 3.119883
25 39 0 8 3.097643
50 72 0 8 3.093260
10 48 0 8 3.085650
13 22 0 8 3.078840
57 86 0 8 3.021574
5 78 0 8 2.998730
5 71 0 8 2.993050
30 44 0 8 2.990142
4 18 0 8 2.975038
61 82 0 8 2.944958
3 29 0 8 2.926366
40 69 0 8 2.922537
60 66 0 8 2.919112
18 82 0 8 2.912038
4 46 0 8 2.894458
27 33 0 8 2.889198
36 60 0 8 2.884119
44 91 0 8 2.846483
31 46 0 8 2.834465
25 57 0 8 2.829548
15 48 0 8 2.828413
6 27 0 8 2.787201
71 80 0 8 2.772565
84 92 0 8 2.767811
17 27 0 8 2.761646
83 88 0 8 2.759659
27 79 0 8 2.743693
29 66 0 8 2.738835
37 73 0 8 2.728028
43 58 0 8 2.724190
9 69 0 8 2.721447
31 58 0 8 2.715103
33 49 0 8 2.683975
38 51 0 8 2.679505
38 45 0 8 2.655386
29 59 0 8 2.650518
40 65 0 8 2.622111
9 32 0 8 2.587268
24 65 0 8 2.567810
48 89 0 8 2.561110
3 24 0 8 2.559529
36 47 0 8 2.551566
14 47 0 8 2.546352
17 49 0 8 2.538851
21 79 0 8 2.532703
20 30 0 8 2.521712
12 59 0 8 2.517672
36 43 0 8 2.511875
13 71 0 8 2.507734
84 90 0 8 2.499008
23 84 0 8 2.475978
28 65 0 8 2.472935
60 67 0 8 2.469831
50 55 0 8 2.464685
47 81 0 8 2.456469
16 81 0 8 2.453579
36 49 0 8 2.452795
76 85 0 8 2.449916
38 66 0 8 2.441502
13 58 0 8 2.441060
38 43 0 8 2.440764
16 73 0 8 2.434271
20 79 0 8 2.425301
79 85 0 8 2.424503
47 64 0 8 2.423105
48 64 0 8 2.404558
45 58 0 8 2.404181
74 79 0 8 2.395423
44 49 0 8 2.390731
2 17 0 8 2.378387
8 61 0 8 2.375451
10 21 0 8 2.325762
20 75 0 8 2.321273
10 20 0 8 2.318277
45 72 0 8 2.314055
69 82 0 8 2.307539
76 83 0 8 2.288542
18 50 0 8 2.273082
48 56 0 8 2.264497
35 58 0 8 2.258222
25 30 0 8 2.246714
60 78 0 8 2.241255
40 91 0 8 2.237293
24 47 0 8 2.227855
37 77 0 8 2.226090
70 85 0 8 2.221929
63 81 0 8 2.217987
26 42 0 8 2.204888
29 63 0 8 2.204852
31 42 0 8 2.200950
45 53 0 8 2.199531
22 46 0 8 2.191451
45 84 0 8 2.190015
9 14 0 8 2.164017
49 63 0 8 2.162778
54 73 0 8 2.161169
5 16 0 8 2.160948
16 52 0 8 2.160805
30 72 0 8 2.160279
73 91 0 8 2.160231
28 68 0 8 2.154968
53 77 0 8 2.148526
7 57 0 8 2.146141
68 89 0 8 2.139608
85 92 0 8 2.134414
13 44 0 8 2.130629
9 29 0 8 2.114925
22 71 0 8 2.098464
62 69 0 8 2.097379
28 91 0 8 2.094205
32 66 0 8 2.088667
49 59 0 8 2.086930
28 33 0 8 2.085226
10 56 0 8 2.083504
8 85 0 8 2.083482
49 79 0 8 2.080651
8 58 0 8 2.077740
81 91 0 8 2.076858
44 81 0 8 2.073052
20 51 0 8 2.069179
4 42 0 8 2.068815
5 12 0 8 2.067040
12 26 0 8 2.064557
22 43 0 8 2.041155
69 80 0 8 2.039135
16 92 0 8 2.035800
8 25 0 8 2.035610
42 69 0 8 2.035100
70 83 0 8 2.023478
30 63 0 8 2.023300
19 27 0 8 2.017451
22 52 0 8 2.011852
57 66 0 8 2.011527
11 52 0 8 1.999225
39 63 0 8 1.993890
16 41 0 8 1.984765
28 88 0 8 1.983742
13 55 0 8 1.976298
32 49 0 8 1.968679
12 56 0 8 1.968485
16 83 0 8 1.964404
8 71 0 8 1.962821
64 88 0 8 1.961857
21 87 0 8 1.959666
9 16 0 8 1.957797
37 60 0 8 1.956741
63 72 0 8 1.956021
17 75 0 8 1.949427
39 55 0 8 1.946655
80 85 0 8 1.939255
58 66 0 8 1.938732
9 48 0 8 1.936585
40 58 0 8 1.936492
28 45 0 8 1.934571
20 32 0 8 1.928144
9 39 0 8 1.922779
55 74 0 8 1.911755
59 70 0 8 1.911640
3 71 0 8 1.904067
35 50 0 8 1.899410
35 49 0 8 1.893694
79 87 0 8 1.893595
10 55 0 8 1.889230
20 73 0 8 1.881825
33 41 0 8 1.878665
6 31 0 8 1.865790
26 63 0 8 1.857266
18 72 0 8 1.856717
20 71 0 8 1.850717
22 84 0 8 1.850636
6 22 0 8 1.850162
20 64 0 8 1.845545
18 66 0 8 1.844436
87 92 0 8 1.843354
10 30 0 8 1.841367
56 74 0 8 1.840209
30 58 0 8 1.822136
12 93 0 8 1.819542
21 54 0 8 1.816167
86 94 0 8 1.815579
26 83 0 8 1.814320
59 71 0 8 1.813640
76 92 0 8 1.795826
11 63 0 8 1.792198
33 57 0 8 1.790324
50 80 0 8 1.787901
54 78 0 8 1.782090
82 92 0 8 1.779796
38 54 0 8 1.774239
15 42 0 8 1.770117
50 65 0 8 1.762156
11 55 0 8 1.759739
13 43 0 8 1.759627
47 54 0 8 1.752003
25 45 0 8 1.741482
17 31 0 8 1.727108
43 49 0 8 1.726376
65 76 0 8 1.725929
4 62 0 8 1.725826
22 68 0 8 1.725064
4 23 0 8 1.722721
37 53 0 8 1.722372
49 71 0 8 1.716496
13 56 0 8 1.713872
3 27 0 8 1.713796
40 49 0 8 1.705593
8 36 0 8 1.704703
70 81 0 8 1.699246
15 20 0 8 1.697390
36 53 0 8 1.697338
25 32 0 8 1.695896
49 58 0 8 1.694396
3 63 0 8 1.693828
12 44 0 8 1.667741
49 56 0 8 1.663300
26 32 0 8 1.661503
44 86 0 8 1.658885
44 85 0 8 1.652734
27 74 0 8 1.645929
65 70 0 8 1.639919
32 44 0 8 1.625429
26 61 0 8 1.616620
10 31 0 8 1.599956
22 38 0 8 1.599542
14 65 0 8 1.596623
64 74 0 8 1.593336
23 59 0 8 1.592956
34 71 0 8 1.592931
8 28 0 8 1.592018
82 88 0 8 1.587876
29 77 0 8 1.586240
39 79 0 8 1.585755
15 57 0 8 1.577376
21 88 0 8 1.577133
47 76 0 8 1.576475
5 77 0 8 1.575541
25 93 0 8 1.572074
23 33 0 8 1.567080
42 56 0 8 1.565121
15 90 0 8 1.559401
37 66 0 8 1.556748
3 66 0 8 1.555013
2 12 0 8 1.553698
16 80 0 8 1.550045
63 74 0 8 1.546314
63 78 0 8 1.546151
39 75 0 8 1.543820
11 93 0 8 1.542576
34 65 0 8 1.539169
18 80 0 8 1.537025
72 91 0 8 1.526906
3 40 0 8 1.518660
46 91 0 8 1.516832
12 70 0 8 1.514832
59 67 0 8 1.509852
13 62 0 8 1.508608
8 42 0 8 1.504703
63 83 0 8 1.502860
6 14 0 8 1.502787
25 58 0 8 1.501829
70 82 0 8 1.498567
69 81 0 8 1.497244
34 55 0 8 1.493617
49 65 0 8 1.491497
7 43 0 8 1.490482
24 37 0 8 1.490264
11 62 0 8 1.489786
4 20 0 8 1.487787
22 66 0 8 1.486734
26 39 0 8 1.482614
3 70 0 8 1.479247
38 50 0 8 1.479217
67 83 0 8 1.476690
16 39 0 8 1.473410
37 64 0 8 1.471265
53 85 0 8 1.471005
7 45 0 8 1.467511
33 39 0 8 1.467191
40 57 0 8 1.464923
5 31 0 8 1.461288
15 51 0 8 1.458021
12 61 0 8 1.457745
88 94 0 8 1.454378
26 91 0 8 1.451847
21 48 0 8 1.450372
25 34 0 8 1.448915
19 31 0 8 1.446952
14 46 0 8 1.444269
6 87 0 8 1.443052
59 82 0 8 1.435438
6 18 0 8 1.434345
10 53 0 8 1.434033
20 70 0 8 1.433398
11 38 0 8 1.430502
9 41 0 8 1.427952
21 58 0 8 1.427278
69 79 0 8 1.424283
11 33 0 8 1.423547
74 82 0 8 1.416514
11 39 0 8 1.415125
64 87 0 8 1.406942
20 49 0 8 1.404492
25 86 0 8 1.404131
29 41 0 8 1.401429
8 17 0 8 1.394209
28 42 0 8 1.393363
54 72 0 8 1.391964
4 84 0 8 1.377526
42 62 0 8 1.373418
71 79 0 8 1.372418
13 26 0 8 1.369236
21 40 0 8 1.365914
17 72 0 8 1.358713
51 65 0 8 1.357211
34 60 0 8 1.356802
6 36 0 8 1.344500
40 73 0 8 1.336320
64 70 0 8 1.332691
23 31 0 8 1.332435
7 39 0 8 1.325049
26 64 0 8 1.322342
3 41 0 8 1.320745
25 80 0 8 1.318833
37 75 0 8 1.318677
59 72 0 8 1.318287
15 26 0 8 1.313290
54 82 0 8 1.312726
18 86 0 8 1.312626
11 53 0 8 1.310319
21 64 0 8 1.309608
31 90 0 8 1.307741
35 45 0 8 1.304956
73 81 0 8 1.303996
62 76 0 8 1.301396
83 91 0 8 1.299133
67 75 0 8 1.296677
18 41 0 8 1.295114
41 60 0 8 1.294708
16 55 0 8 1.293150
71 83 0 8 1.290794
73 85 0 8 1.289074
23 37 0 8 1.288844
9 33 0 8 1.287965
13 52 0 8 1.286962
65 91 0 8 1.286644
8 60 0 8 1.286601
40 61 0 8 1.281926
91 96 0 8 1.279231
14 25 0 8 1.274545
62 81 0 8 1.274095
59 68 0 8 1.272299
25 46 0 8 1.270616
15 44 0 8 1.268484
34 70 0 8 1.266104
15 33 0 8 1.265162
17 30 0 8 1.261987
5 48 0 8 1.260706
68 78 0 8 1.258577
12 42 0 8 1.253312
12 52 0 8 1.245294
55 82 0 8 1.244808
58 88 0 8 1.243701
44 80 0 8 1.243249
29 49 0 8 1.241847
66 94 0 8 1.241610
12 74 0 8 1.237697
16 31 0 8 1.234908
4 24 0 8 1.234071
8 35 0 8 1.232526
24 63 0 8 1.232272
89 95 0 8 1.230052
12 73 0 8 1.227373
27 75 0 8 1.222669
41 51 0 8 1.221093
36 44 0 8 1.217333
80 88 0 8 1.215026
29 64 0 8 1.213128
8 37 0 8 1.212373
44 65 0 8 1.210242
73 86 0 8 1.209181
41 71 0 8 1.207359
12 38 0 8 1.201695
7 49 0 8 1.197376
8 15 0 8 1.196544
42 85 0 8 1.195906
66 82 0 8 1.193725
10 70 0 8 1.190911
17 41 0 8 1.190680
15 88 0 8 1.190550
41 65 0 8 1.187228
15 46 0 8 1.186171
25 54 0 8 1.186062
55 71 0 8 1.184425
86 92 0 8 1.184004
32 85 0 8 1.183563
21 63 0 8 1.181965
13 35 0 8 1.178566
20 53 0 8 1.174496
28 66 0 8 1.173426
28 67 0 8 1.168275
43 79 0 8 1.162900
12 48 0 8 1.160281
7 34 0 8 1.160223
2 26 0 8 1.159592
14 77 0 8 1.157672
16 86 0 8 1.157188
78 87 0 8 1.154777
26 76 0 8 1.154392
5 47 0 8 1.154079
3 32 0 8 1.152339
42 78 0 8 1.149524
53 65 0 8 1.149433
2 85 0 8 1.148450
54 85 0 8 1.145563
29 47 0 8 1.143604
11 25 0 8 1.143273
47 92 0 8 1.143186
13 53 0 8 1.142565
21 76 0 8 1.142470
74 84 0 8 1.140711
10 82 0 8 1.140242
49 62 0 8 1.132243
18 68 0 8 1.131713
2 57 0 8 1.130782
73 84 0 8 1.129982
13 21 0 8 1.129790
10 89 0 8 1.128784
55 81 0 8 1.128448
74 81 0 8 1.126514
59 85 0 8 1.124553
26 33 0 8 1.121213
12 45 0 8 1.120597
28 80 0 8 1.119039
13 66 0 8 1.117939
30 37 0 8 1.115860
10 84 0 8 1.112547
41 73 0 8 1.111388
5 74 0 8 1.111232
37 59 0 8 1.108997
5 92 0 8 1.107883
14 38 0 8 1.105615
20 91 0 8 1.102774
33 87 0 8 1.102647
71 85 0 8 1.102425
25 77 0 8 1.100911
70 77 0 8 1.100700
73 90 0 8 1.098385
11 60 0 8 1.098196
14 82 0 8 1.096863
28 78 0 8 1.094708
27 68 0 8 1.094112
76 82 0 8 1.093380
28 77 0 8 1.092501
35 70 0 8 1.088785
26 48 0 8 1.086090
74 80 0 8 1.085375
43 65 0 8 1.084355
83 93 0 8 1.084067
85 91 0 8 1.083916
58 76 0 8 1.076887
30 48 0 8 1.076290
36 67 0 8 1.075808
26 31 0 8 1.075589
31 37 0 8 1.073693
15 73 0 8 1.072074
22 49 0 8 1.069374
42 77 0 8 1.069333
6 55 0 8 1.068183
41 83 0 8 1.062305
32 54 0 8 1.060759
13 83 0 8 1.057162
7 55 0 8 1.052661
4 32 0 8 1.044502
9 67 0 8 1.040884
2 47 0 8 1.039297
12 41 0 8 1.032857
53 75 0 8 1.030181
56 64 0 8 1.030083
18 27 0 8 1.029521
88 93 0 8 1.028573
2 25 0 8 1.027241
14 43 0 8 1.025023
11 66 0 8 1.023960
32 43 0 8 1.023675
24 77 0 8 1.021363
34 50 0 8 1.020860
18 23 0 8 1.020228
5 38 0 8 1.016678
62 91 0 8 1.016569
11 41 0 8 1.016197
54 69 0 8 1.015136
15 56 0 8 1.014786
23 71 0 8 1.011143
37 42 0 8 1.010742
62 72 0 8 1.009846
7 89 0 8 1.006863
14 48 0 8 1.006610
76 94 0 8 1.005172
17 79 0 8 1.004318
31 75 0 8 1.001511
13 61 0 8 0.999922
11 89 0 8 0.999451
61 78 0 8 0.995468
12 47 0 8 0.994628
25 68 0 8 0.990299
31 50 0 8 0.988253
10 42 0 8 0.987547
84 94 0 8 0.986305
42 74 0 8 0.985516
55 68 0 8 0.985333
72 80 0 8 0.984216
2 62 0 8 0.982665
51 57 0 8 0.980001
9 34 0 8 0.979866
24 54 0 8 0.979649
79 84 0 8 0.979128
53 79 0 8 0.978865
47 73 0 8 0.978786
33 90 0 8 0.978227
8 20 0 8 0.977784
46 70 0 8 0.975280
38 93 0 8 0.972613
5 70 0 8 0.969751
74 85 0 8 0.968017
33 52 0 8 0.967044
46 88 0 8 0.966938
23 66 0 8 0.963642
7 70 0 8 0.963472
57 68 0 8 0.962349
58 81 0 8 0.962272
22 47 0 8 0.962020
20 56 0 8 0.960739
10 71 0 8 0.958966
14 44 0 8 0.957196
40 70 0 8 0.957100
43 93 0 8 0.956343
76 91 0 8 0.955868
45 62 0 8 0.955722
47 93 0 8 0.953788
53 66 0 8 0.953774
25 52 0 8 0.952320
18 57 0 8 0.949335
11 87 0 8 0.945261
29 40 0 8 0.942132
26 65 0 8 0.941233
32 86 0 8 0.941052
70 76 0 8 0.940823
20 92 0 8 0.940476
86 93 0 8 0.939788
2 14 0 8 0.939553
8 40 0 8 0.938212
44 82 0 8 0.938029
58 91 0 8 0.936250
11 83 0 8 0.930639
7 46 0 8 0.929040
24 56 0 8 0.928997
21 73 0 8 0.927927
24 83 0 8 0.926615
23 62 0 8 0.926494
7 29 0 8 0.926335
26 88 0 8 0.926102
3 21 0 8 0.923188
20 59 0 8 0.922296
23 63 0 8 0.919808
59 74 0 8 0.919740
25 50 0 8 0.914657
39 64 0 8 0.914537
7 81 0 8 0.914528
40 78 0 8 0.914378
13 47 0 8 0.913149
26 77 0 8 0.912675
42 72 0 8 0.903873
7 28 0 8 0.903255
44 61 0 8 0.903070
39 59 0 8 0.901902
21 91 0 8 0.901201
18 34 0 8 0.898478
45 91 0 8 0.898454
43 60 0 8 0.897945
34 76 0 8 0.897040
22 42 0 8 0.894595
6 26 0 8 0.893755
42 87 0 8 0.892790
41 93 0 8 0.890460
8 72 0 8 0.887053
34 69 0 8 0.885700
16 33 0 8 0.881401
11 88 0 8 0.881235
32 69 0 8 0.880830
4 47 0 8 0.876416
12 25 0 8 0.875840
20 87 0 8 0.874019
39 76 0 8 0.873724
9 61 0 8 0.871487
59 64 0 8 0.870908
7 83 0 8 0.870516
21 31 0 8 0.869591
2 18 0 8 0.868549
51 63 0 8 0.868492
51 73 0 8 0.867493
56 75 0 8 0.866091
16 59 0 8 0.865132
42 53 0 8 0.863768
11 19 0 8 0.863574
23 52 0 8 0.861643
16 35 0 8 0.856718
20 67 0 8 0.853975
12 23 0 8 0.852875
5 83 0 8 0.852742
26 45 0 8 0.851809
8 38 0 8 0.849166
14 78 0 8 0.849082
59 91 0 8 0.848504
23 94 0 8 0.847331
20 43 0 8 0.845581
66 71 0 8 0.840890
17 64 0 8 0.837559
39 90 0 8 0.836838
4 49 0 8 0.833258
30 93 0 8 0.832961
28 43 0 8 0.832008
43 81 0 8 0.831460
51 80 0 8 0.831046
13 89 0 8 0.828287
32 68 0 8 0.828184
44 51 0 8 0.826704
23 61 0 8 0.824261
16 23 0 8 0.823582
14 75 0 8 0.820662
43 51 0 8 0.819448
64 93 0 8 0.819344
4 41 0 8 0.818174
6 48 0 8 0.818148
10 32 0 8 0.817857
70 78 0 8 0.813822
14 42 0 8 0.813324
36 56 0 8 0.813196
3 37 0 8 0.811270
77 86 0 8 0.810955
63 69 0 8 0.809827
48 74 0 8 0.809787
48 68 0 8 0.806960
35 79 0 8 0.806729
8 27 0 8 0.805374
75 85 0 8 0.803393
58 86 0 8 0.803200
9 60 0 8 0.800752
9 77 0 8 0.800199
68 79 0 8 0.798100
40 50 0 8 0.793041
16 49 0 8 0.792220
2 50 0 8 0.788302
3 39 0 8 0.788113
41 66 0 8 0.788113
7 17 0 8 0.783787
2 55 0 8 0.783005
68 85 0 8 0.782811
22 31 0 8 0.779997
28 72 0 8 0.776618
47 86 0 8 0.774476
18 78 0 8 0.773877
38 74 0 8 0.773786
26 66 0 8 0.772776
72 86 0 8 0.772648
23 47 0 8 0.772108
18 85 0 8 0.770687
84 91 0 8 0.768935
55 80 0 8 0.768880
13 73 0 8 0.766836
6 61 0 8 0.766802
72 77 0 8 0.759744
5 28 0 8 0.758460
55 67 0 8 0.758358
15 59 0 8 0.758015
20 37 0 8 0.757020
56 93 0 8 0.756940
46 61 0 8 0.756724
65 85 0 8 0.756245
5 11 0 8 0.755027
54 64 0 8 0.752686
31 79 0 8 0.752278
56 89 0 8 0.750261
46 92 0 8 0.750055
40 48 0 8 0.748986
35 55 0 8 0.747250
17 67 0 8 0.746631
3 67 0 8 0.746016
36 46 0 8 0.743313
61 81 0 8 0.741446
80 87 0 8 0.740804
51 90 0 8 0.739429
92 97 0 8 0.739115
6 75 0 8 0.736710
42 58 0 8 0.736312
42 92 0 8 0.736295
17 33 0 8 0.736053
45 93 0 8 0.734366
9 43 0 8 0.732028
63 80 0 8 0.728292
50 86 0 8 0.728096
5 23 0 8 0.727528
9 15 0 8 0.726796
27 76 0 8 0.724198
6 72 0 8 0.722368
24 87 0 8 0.722279
29 70 0 8 0.720954
27 40 0 8 0.720690
16 38 0 8 0.719678
3 75 0 8 0.719446
9 63 0 8 0.718126
29 62 0 8 0.716748
37 51 0 8 0.716453
2 63 0 8 0.715901
47 80 0 8 0.713980
21 41 0 8 0.713964
3 53 0 8 0.712790
62 73 0 8 0.711814
60 86 0 8 0.711741
48 54 0 8 0.711199
56 79 0 8 0.708831
6 32 0 8 0.708131
25 79 0 8 0.706466
50 82 0 8 0.703973
8 92 0 8 0.703130
54 77 0 8 0.702746
39 84 0 8 0.701774
21 47 0 8 0.700500
15 22 0 8 0.699783
64 69 0 8 0.699770
81 95 0 8 0.696812
36 50 0 8 0.695536
5 53 0 8 0.695377
23 38 0 8 0.695258
52 72 0 8 0.693743
48 53 0 8 0.693293
2 64 0 8 0.692835
66 83 0 8 0.691125
8 50 0 8 0.691088
3 19 0 8 0.690981
35 60 0 8 0.690778
3 33 0 8 0.689853
16 24 0 8 0.687352
16 44 0 8 0.686961
7 84 0 8 0.685967
14 64 0 8 0.684965
2 79 0 8 0.684624
18 39 0 8 0.683423
39 91 0 8 0.682754
90 95 0 8 0.679420
53 74 0 8 0.679070
29 93 0 8 0.677999
60 91 0 8 0.677764
26 72 0 8 0.677201
29 54 0 8 0.675178
14 54 0 8 0.674015
14 52 0 8 0.671228
57 65 0 8 0.669608
25 71 0 8 0.669584
26 44 0 8 0.665419
32 87 0 8 0.663878
18 69 0 8 0.663558
14 22 0 8 0.661346
27 38 0 8 0.659758
29 45 0 8 0.658826
65 71 0 8 0.658646
3 96 0 8 0.658638
4 10 0 8 0.655901
8 93 0 8 0.655891
26 38 0 8 0.655133
26 51 0 8 0.654013
16 37 0 8 0.653606
33 85 0 8 0.652375
63 82 0 8 0.651345
85 94 0 8 0.650885
35 56 0 8 0.650058
19 52 0 8 0.649932
7 52 0 8 0.647520
23 41 0 8 0.645106
5 69 0 8 0.643599
9 82 0 8 0.642685
80 94 0 8 0.641466
73 78 0 8 0.641448
16 34 0 8 0.641171
48 77 0 8 0.639090
51 67 0 8 0.632143
20 62 0 8 0.630268
4 74 0 8 0.628120
46 69 0 8 0.627572
37 72 0 8 0.626085
70 92 0 8 0.623496
26 67 0 8 0.622204
42 91 0 8 0.620889
3 35 0 8 0.620228
12 34 0 8 0.619609
5 57 0 8 0.617525
6 60 0 8 0.616855
14 40 0 8 0.615689
9 24 0 8 0.614769
58 87 0 8 0.613533
57 77 0 8 0.611523
4 72 0 8 0.609359
32 70 0 8 0.607994
86 95 0 8 0.607119
34 94 0 8 0.604335
34 74 0 8 0.601909
18 62 0 8 0.600698
42 89 0 8 0.600560
30 40 0 8 0.600430
15 67 0 8 0.595150
44 62 0 8 0.594983
77 82 0 8 0.594178
71 88 0 8 0.593115
73 80 0 8 0.592146
52 82 0 8 0.591442
54 87 0 8 0.590473
23 68 0 8 0.589874
58 82 0 8 0.588925
11 20 0 8 0.585073
61 68 0 8 0.583557
12 60 0 8 0.582760
23 74 0 8 0.582146
39 47 0 8 0.580955
27 94 0 8 0.579985
50 81 0 8 0.576667
21 30 0 8 0.575834
76 81 0 8 0.572882
62 68 0 8 0.571645
8 43 0 8 0.571163
21 37 0 8 0.570825
15 60 0 8 0.569261
12 81 0 8 0.567421
51 72 0 8 0.566407
10 79 0 8 0.566233
22 27 0 8 0.565414
11 74 0 8 0.564736
3 62 0 8 0.564623
16 45 0 8 0.563414
85 97 0 8 0.563311
52 57 0 8 0.562923
7 68 0 8 0.562141
7 69 0 8 0.559682
29 44 0 8 0.558349
59 92 0 8 0.558142
39 54 0 8 0.557896
14 69 0 8 0.557627
8 49 0 8 0.557573
39 65 0 8 0.557478
81 87 0 8 0.556289
28 75 0 8 0.553879
67 81 0 8 0.551109
6 76 0 8 0.550610
17 78 0 8 0.550231
31 87 0 8 0.550155
25 35 0 8 0.549476
14 60 0 8 0.548983
38 89 0 8 0.548062
6 33 0 8 0.547919
19 67 0 8 0.546913
2 78 0 8 0.546582
3 23 0 8 0.544005
14 29 0 8 0.543725
38 81 0 8 0.542917
29 39 0 8 0.541701
36 93 0 8 0.541655
35 68 0 8 0.540723
11 47 0 8 0.539170
2 60 0 8 0.538583
10 18 0 8 0.538492
44 67 0 8 0.538139
15 36 0 8 0.535589
17 37 0 8 0.535489
4 16 0 8 0.534043
25 69 0 8 0.533428
52 70 0 8 0.532537
37 55 0 8 0.530459
16 67 0 8 0.529756
28 92 0 8 0.527639
32 90 0 8 0.527331
18 36 0 8 0.526936
37 80 0 8 0.526681
15 54 0 8 0.525345
42 48 0 8 0.524929
27 51 0 8 0.524038
49 75 0 8 0.521117
68 83 0 8 0.520652
44 58 0 8 0.517043
9 26 0 8 0.516175
21 44 0 8 0.515573
57 73 0 8 0.514919
87 95 0 8 0.513897
5 95 0 8 0.512977
36 80 0 8 0.512833
33 68 0 8 0.511618
56 81 0 8 0.511549
8 16 0 8 0.511309
3 76 0 8 0.508542
31 71 0 8 0.508082
40 83 0 8 0.507346
29 65 0 8 0.504166
54 92 0 8 0.504068
21 80 0 8 0.502474
27 44 0 8 0.499634
12 96 0 8 0.498264
41 50 0 8 0.498127
52 68 0 8 0.497561
62 71 0 8 0.497212
19 26 0 8 0.496021
47 96 0 8 0.495873
17 36 0 8 0.494990
54 63 0 8 0.494307
62 89 0 8 0.493586
50 63 0 8 0.493439
39 82 0 8 0.493054
37 65 0 8 0.492922
28 76 0 8 0.491077
34 75 0 8 0.490870
73 79 0 8 0.490639
53 89 0 8 0.489609
22 96 0 8 0.489273
66 78 0 8 0.487828
20 41 0 8 0.487127
15 71 0 8 0.481408
70 89 0 8 0.481078
15 25 0 8 0.480489
4 13 0 8 0.478336
90 97 0 8 0.476571
12 18 0 8 0.476542
23 88 0 8 0.476223
15 38 0 8 0.476178
52 81 0 8 0.476048
47 79 0 8 0.474417
6 70 0 8 0.474262
53 67 0 8 0.473503
21 59 0 8 0.472042
19 32 0 8 0.471866
22 57 0 8 0.470251
33 67 0 8 0.469891
84 95 0 8 0.469544
56 94 0 8 0.469189
1 48 0 8 0.467723
55 64 0 8 0.467565
5 22 0 8 0.464410
54 62 0 8 0.464379
10 28 0 8 0.458770
38 69 0 8 0.457654
11 30 0 8 0.455611
7 36 0 8 0.453474
1 44 0 8 0.453373
2 94 0 8 0.452537
24 67 0 8 0.451135
6 51 0 8 0.450594
12 57 0 8 0.449741
51 75 0 8 0.449657
37 54 0 8 0.446051
19 82 0 8 0.445192
14 66 0 8 0.445076
33 83 0 8 0.444857
14 92 0 8 0.444492
6 67 0 8 0.443867
23 79 0 8 0.443655
23 67 0 8 0.443377
10 65 0 8 0.443184
44 55 0 8 0.441757
68 75 0 8 0.440402
78 85 0 8 0.438426
69 74 0 8 0.437026
7 66 0 8 0.437023
73 82 0 8 0.436549
40 96 0 8 0.434923
56 85 0 8 0.434027
41 68 0 8 0.433363
75 82 0 8 0.433275
10 29 0 8 0.432575
81 88 0 8 0.432347
5 65 0 8 0.432198
4 87 0 8 0.432074
46 78 0 8 0.432023
67 78 0 8 0.431479
3 68 0 8 0.429913
27 34 0 8 0.429885
22 94 0 8 0.429012
22 82 0 8 0.428934
4 63 0 8 0.428642
24 73 0 8 0.427239
23 96 0 8 0.426174
31 38 0 8 0.425665
4 52 0 8 0.425473
34 67 0 8 0.425201
18 46 0 8 0.424407
24 71 0 8 0.423813
36 66 0 8 0.422523
45 77 0 8 0.421705
2 48 0 8 0.421663
47 90 0 8 0.420838
41 62 0 8 0.420663
9 68 0 8 0.419550
48 62 0 8 0.418659
16 82 0 8 0.414711
14 37 0 8 0.414036
7 72 0 8 0.413997
14 41 0 8 0.413932
17 29 0 8 0.413493
22 70 0 8 0.413304
24 32 0 8 0.413022
4 76 0 8 0.412881
25 75 0 8 0.410792
18 44 0 8 0.410450
14 80 0 8 0.410226
86 91 0 8 0.410163
51 66 0 8 0.409229
21 33 0 8 0.406201
28 87 0 8 0.405940
29 34 0 8 0.404890
5 67 0 8 0.404562
30 79 0 8 0.403567
51 69 0 8 0.403302
33 76 0 8 0.402825
41 58 0 8 0.402790
11 28 0 8 0.401237
10 64 0 8 0.401078
72 83 0 8 0.397799
3 88 0 8 0.397507
55 78 0 8 0.397112
48 59 0 8 0.396768
16 22 0 8 0.395952
61 74 0 8 0.395802
70 88 0 8 0.395032
36 65 0 8 0.394862
25 42 0 8 0.394516
54 67 0 8 0.392809
5 33 0 8 0.392106
3 64 0 8 0.391965
25 92 0 8 0.390898
9 80 0 8 0.389891
1 69 0 8 0.389834
16 78 0 8 0.389256
5 64 0 8 0.388701
3 97 0 8 0.388136
5 61 0 8 0.387252
23 45 0 8 0.387141
18 30 0 8 0.387071
2 31 0 8 0.386602
2 24 0 8 0.385571
25 90 0 8 0.385523
4 35 0 8 0.385105
54 93 0 8 0.384853
51 56 0 8 0.383966
18 26 0 8 0.382999
34 42 0 8 0.380966
13 57 0 8 0.380850
32 48 0 8 0.380527
38 90 0 8 0.377444
31 91 0 8 0.377052
17 90 0 8 0.376929
11 80 0 8 0.376095
6 21 0 8 0.376067
74 83 0 8 0.375605
23 34 0 8 0.374102
3 26 0 8 0.371562
39 46 0 8 0.370822
45 61 0 8 0.370563
11 68 0 8 0.369405
15 53 0 8 0.368264
75 84 0 8 0.368174
17 74 0 8 0.367428
43 48 0 8 0.364257
1 86 0 8 0.362071
4 50 0 8 0.361786
5 58 0 8 0.360762
34 39 0 8 0.359697
58 64 0 8 0.359610
25 84 0 8 0.359195
5 39 0 8 0.357225
5 10 0 8 0.356636
55 87 0 8 0.356163
75 86 0 8 0.355183
30 82 0 8 0.351841
24 40 0 8 0.349899
7 31 0 8 0.349647
62 96 0 8 0.348820
18 75 0 8 0.348404
80 93 0 8 0.347441
2 27 0 8 0.347193
8 29 0 8 0.346856
34 81 0 8 0.345554
6 90 0 8 0.343988
20 76 0 8 0.342949
35 43 0 8 0.342663
15 55 0 8 0.341722
66 73 0 8 0.339983
13 49 0 8 0.339544
24 82 0 8 0.339341
3 38 0 8 0.339163
51 61 0 8 0.338659
35 54 0 8 0.338355
30 66 0 8 0.337201
25 63 0 8 0.336684
59 79 0 8 0.335933
23 80 0 8 0.335657
15 70 0 8 0.335635
72 95 0 8 0.335524
9 55 0 8 0.335041
9 22 0 8 0.333986
17 77 0 8 0.333717
12 87 0 8 0.331989
2 41 0 8 0.329541
8 95 0 8 0.329458
5 72 0 8 0.329310
56 87 0 8 0.329261
16 57 0 8 0.329248
5 15 0 8 0.328093
29 69 0 8 0.324680
67 96 0 8 0.324326
89 96 0 8 0.323039
76 95 0 8 0.322279
14 36 0 8 0.321279
26 47 0 8 0.319414
29 79 0 8 0.319160
17 25 0 8 0.318690
9 88 0 8 0.318218
58 69 0 8 0.316473
13 64 0 8 0.316347
36 75 0 8 0.315835
32 79 0 8 0.315753
29 56 0 8 0.315273
38 63 0 8 0.314254
1 8 0 8 0.312635
25 76 0 8 0.311781
43 92 0 8 0.309180
34 44 0 8 0.308985
29 53 0 8 0.308569
14 96 0 8 0.307146
26 37 0 8 0.306332
15 77 0 8 0.306014
1 10 0 8 0.305804
83 90 0 8 0.305634
45 54 0 8 0.304569
14 59 0 8 0.304438
6 73 0 8 0.303828
80 96 0 8 0.302896
14 24 0 8 0.302740
14 56 0 8 0.302660
35 71 0 8 0.301653
61 94 0 8 0.301482
22 32 0 8 0.301264
7 51 0 8 0.300785
44 87 0 8 0.300454
30 57 0 8 0.298938
59 93 0 8 0.297991
29 37 0 8 0.294157
30 95 0 8 0.292520
41 69 0 8 0.290550
11 61 0 8 0.290539
24 30 0 8 0.290436
35 53 0 8 0.289903
28 84 0 8 0.289813
42 64 0 8 0.289246
38 58 0 8 0.287863
1 29 0 8 0.286620
36 55 0 8 0.285327
3 49 0 8 0.284532
40 53 0 8 0.284265
38 67 0 8 0.284015
10 26 0 8 0.283726
11 56 0 8 0.283301
54 70 0 8 0.282346
37 43 0 8 0.282210
47 83 0 8 0.280409
87 93 0 8 0.278983
12 71 0 8 0.278971
27 65 0 8 0.278446
33 74 0 8 0.276750
72 88 0 8 0.276711
46 71 0 8 0.275635
7 19 0 8 0.274330
54 66 0 8 0.273524
13 84 0 8 0.271750
33 58 0 8 0.271569
9 18 0 8 0.266644
44 79 0 8 0.266373
49 55 0 8 0.266233
32 63 0 8 0.266169
32 45 0 8 0.265829
89 94 0 8 0.265437
7 63 0 8 0.263810
17 32 0 8 0.263693
22 48 0 8 0.262695
23 29 0 8 0.262472
64 96 0 8 0.261816
45 52 0 8 0.260599
26 73 0 8 0.260432
35 97 0 8 0.260354
13 75 0 8 0.259871
8 46 0 8 0.259701
11 17 0 8 0.259508
60 84 0 8 0.258964
71 93 0 8 0.257064
54 89 0 8 0.256418
64 71 0 8 0.255717
8 55 0 8 0.255560
65 96 0 8 0.254402
18 83 0 8 0.254025
1 84 0 8 0.253703
48 57 0 8 0.253328
1 50 0 8 0.252907
13 65 0 8 0.252378
78 92 0 8 0.249954
22 33 0 8 0.248936
6 54 0 8 0.247567
85 93 0 8 0.246218
49 90 0 8 0.245503
21 42 0 8 0.244806
27 87 0 8 0.244334
12 80 0 8 0.241937
72 94 0 8 0.241136
43 62 0 8 0.241117
20 97 0 8 0.240716
45 67 0 8 0.239662
7 75 0 8 0.239398
31 96 0 8 0.239287
39 80 0 8 0.237576
5 52 0 8 0.236768
63 95 0 8 0.236731
15 75 0 8 0.235730
33 69 0 8 0.232894
17 40 0 8 0.232388
32 46 0 8 0.231948
46 77 0 8 0.231748
39 68 0 8 0.231536
23 75 0 8 0.231441
1 40 0 8 0.230727
38 78 0 8 0.229868
1 65 0 8 0.229526
83 94 0 8 0.228749
13 70 0 8 0.228094
4 25 0 8 0.228027
46 94 0 8 0.227571
6 11 0 8 0.227441
48 93 0 8 0.227081
43 68 0 8 0.226208
8 30 0 8 0.225348
37 50 0 8 0.223220
50 61 0 8 0.222963
42 95 0 8 0.222909
10 59 0 8 0.222539
4 57 0 8 0.222459
7 90 0 8 0.222350
67 79 0 8 0.221853
35 96 0 8 0.220769
60 76 0 8 0.220578
17 22 0 8 0.220333
28 94 0 8 0.220302
5 84 0 8 0.219383
57 84 0 8 0.219132
28 95 0 8 0.219056
64 83 0 8 0.218367
36 81 0 8 0.218305
75 90 0 8 0.218278
9 56 0 8 0.217965
35 52 0 8 0.216486
80 86 0 8 0.215451
54 96 0 8 0.215281
36 54 0 8 0.215141
10 38 0 8 0.214608
5 80 0 8 0.214482
41 91 0 8 0.213118
55 69 0 8 0.212636
11 23 0 8 0.211136
67 95 0 8 0.209552
53 71 0 8 0.209522
70 93 0 8 0.207430
12 62 0 8 0.206547
13 51 0 8 0.205467
1 55 0 8 0.205284
30 91 0 8 0.204658
25 53 0 8 0.204256
77 93 0 8 0.204114
33 93 0 8 0.203740
37 92 0 8 0.203517
46 82 0 8 0.201621
54 83 0 8 0.201172
2 22 0 8 0.200287
28 82 0 8 0.199269
13 28 0 8 0.199200
27 57 0 8 0.198183
60 68 0 8 0.196819
1 52 0 8 0.196522
21 38 0 8 0.196304
37 83 0 8 0.196282
3 85 0 8 0.194046
38 59 0 8 0.193585
4 40 0 8 0.193567
33 65 0 8 0.193555
14 34 0 8 0.189971
6 29 0 8 0.187424
47 67 0 8 0.183422
1 74 0 8 0.181611
7 33 0 8 0.181561
8 53 0 8 0.180611
1 83 0 8 0.179802
18 81 0 8 0.179445
80 97 0 8 0.179311
73 83 0 8 0.178805
2 66 0 8 0.178433
34 61 0 8 0.178281
2 16 0 8 0.178232
4 86 0 8 0.178117
34 72 0 8 0.176964
12 30 0 8 0.176922
45 89 0 8 0.175125
14 88 0 8 0.175011
24 96 0 8 0.174837
80 95 0 8 0.174083
14 79 0 8 0.173819
52 93 0 8 0.173591
29 67 0 8 0.172816
3 60 0 8 0.171812
36 45 0 8 0.170903
11 81 0 8 0.169710
48 94 0 8 0.169628
11 45 0 8 0.169283
43 61 0 8 0.168792
4 95 0 8 0.168677
3 43 0 8 0.168568
34 51 0 8 0.168533
22 40 0 8 0.167165
38 96 0 8 0.166783
45 68 0 8 0.166759
21 95 0 8 0.165629
39 69 0 8 0.164999
31 59 0 8 0.164450
19 49 0 8 0.163396
69 91 0 8 0.161964
67 82 0 8 0.161831
60 82 0 8 0.161737
56 84 0 8 0.160746
69 86 0 8 0.160469
30 81 0 8 0.160443
20 48 0 8 0.159579
2 19 0 8 0.159241
42 50 0 8 0.159012
82 97 0 8 0.158326
5 44 0 8 0.157594
57 87 0 8 0.155777
53 68 0 8 0.155629
1 49 0 8 0.153041
32 67 0 8 0.151972
66 90 0 8 0.151807
10 46 0 8 0.151288
74 92 0 8 0.150808
45 69 0 8 0.150505
78 95 0 8 0.150456
29 42 0 8 0.150067
16 69 0 8 0.149941
21 83 0 8 0.149757
37 88 0 8 0.144362
16 72 0 8 0.143898
18 24 0 8 0.143866
15 66 0 8 0.143810
85 95 0 8 0.143633
12 72 0 8 0.143140
50 93 0 8 0.143104
25 44 0 8 0.142411
19 90 0 8 0.141863
21 43 0 8 0.141782
37 52 0 8 0.141340
37 71 0 8 0.141068
8 96 0 8 0.140835
26 57 0 8 0.139142
4 43 0 8 0.138591
55 73 0 8 0.137313
75 87 0 8 0.137231
48 70 0 8 0.136593
1 26 0 8 0.136445
11 22 0 8 0.136388
67 77 0 8 0.136020
38 70 0 8 0.134965
47 82 0 8 0.133426
23 65 0 8 0.133110
69 92 0 8 0.133100
28 56 0 8 0.132673
11 27 0 8 0.132671
26 46 0 8 0.132170
17 48 0 8 0.131919
16 66 0 8 0.130416
32 84 0 8 0.130102
17 61 0 8 0.129802
34 63 0 8 0.127526
66 81 0 8 0.126499
40 67 0 8 0.125863
88 97 0 8 0.125684
8 91 0 8 0.124752
9 45 0 8 0.123907
25 89 0 8 0.123556
33 71 0 8 0.120563
57 82 0 8 0.120427
2 61 0 8 0.117637
65 93 0 8 0.117592
60 89 0 8 0.116856
46 57 0 8 0.115388
88 95 0 8 0.113712
20 94 0 8 0.113693
3 94 0 8 0.112063
32 89 0 8 0.111179
2 9 0 8 0.111000
8 63 0 8 0.110543
34 97 0 8 0.110487
20 80 0 8 0.108646
25 61 0 8 0.107591
52 75 0 8 0.107020
10 77 0 8 0.107009
17 35 0 8 0.106244
9 35 0 8 0.106020
34 54 0 8 0.105738
41 76 0 8 0.105674
30 88 0 8 0.105026
11 65 0 8 0.105018
35 61 0 8 0.104617
3 31 0 8 0.103589
87 97 0 8 0.102867
10 86 0 8 0.102761
73 96 0 8 0.101915
5 51 0 8 0.101817
36 62 0 8 0.101571
21 34 0 8 0.100794
46 76 0 8 0.100411
16 65 0 8 0.100042
22 80 0 8 0.099348
56 71 0 8 0.099331
24 33 0 8 0.099153
53 92 0 8 0.098449
21 85 0 8 0.098152
13 93 0 8 0.097029
38 60 0 8 0.096797
32 41 0 8 0.095818
47 53 0 8 0.095234
68 84 0 8 0.094693
64 81 0 8 0.094365
34 57 0 8 0.092382
22 97 0 8 0.091628
19 57 0 8 0.091457
89 97 0 8 0.091370
35 48 0 8 0.089679
63 76 0 8 0.089516
48 96 0 8 0.089291
11 71 0 8 0.088061
49 67 0 8 0.087805
35 57 0 8 0.086655
74 91 0 8 0.085727
76 86 0 8 0.085713
68 95 0 8 0.084752
13 20 0 8 0.084745
28 53 0 8 0.084691
38 46 0 8 0.084576
47 57 0 8 0.083521
28 96 0 8 0.083284
28 74 0 8 0.083272
25 88 0 8 0.082372
68 91 0 8 0.082161
90 96 0 8 0.081069
46 85 0 8 0.079158
36 82 0 8 0.078416
12 51 0 8 0.078067
1 85 0 8 0.077567
32 74 0 8 0.077480
57 90 0 8 0.076652
14 58 0 8 0.075804
1 38 0 8 0.075506
10 35 0 8 0.075418
1 17 0 8 0.073526
32 60 0 8 0.071943
78 90 0 8 0.071256
54 97 0 8 0.071226
20 88 0 8 0.071224
7 22 0 8 0.071006
69 93 0 8 0.069972
19 41 0 8 0.069892
61 97 0 8 0.069736
4 70 0 8 0.069696
50 56 0 8 0.068672
28 34 0 8 0.068582
5 63 0 8 0.068523
24 97 0 8 0.068347
9 96 0 8 0.068322
15 95 0 8 0.067873
60 95 0 8 0.067609
28 60 0 8 0.066841
23 32 0 8 0.063432
39 70 0 8 0.063396
62 77 0 8 0.063292
39 77 0 8 0.063200
2 42 0 8 0.063127
3 14 0 8 0.063067
23 28 0 8 0.062506
46 81 0 8 0.062060
39 71 0 8 0.061065
19 72 0 8 0.060044
41 75 0 8 0.059887
39 88 0 8 0.059626
70 95 0 8 0.059290
37 96 0 8 0.057527
32 76 0 8 0.057263
41 97 0 8 0.057059
56 92 0 8 0.057028
27 36 0 8 0.056722
61 72 0 8 0.056149
27 78 0 8 0.055955
10 68 0 8 0.054893
86 96 0 8 0.054373
27 48 0 8 0.053967
27 80 0 8 0.053891
45 96 0 8 0.053521
22 60 0 8 0.053480
68 77 0 8 0.052670
32 57 0 8 0.052319
21 50 0 8 0.050369
41 64 0 8 0.050170
25 91 0 8 0.050163
15 61 0 8 0.050108
26 82 0 8 0.048855
41 63 0 8 0.048453
33 64 0 8 0.048384
81 89 0 8 0.048021
54 79 0 8 0.046382
44 92 0 8 0.045385
38 64 0 8 0.045344
10 97 0 8 0.045128
3 84 0 8 0.044892
40 95 0 8 0.044338
2 97 0 8 0.043937
11 67 0 8 0.040467
72 81 0 8 0.040402
43 56 0 8 0.040073
65 97 0 8 0.039726
62 93 0 8 0.039638
1 63 0 8 0.038683
22 55 0 8 0.037957
8 76 0 8 0.037887
5 20 0 8 0.037017
32 73 0 8 0.036540
8 77 0 8 0.036330
77 85 0 8 0.036266
21 75 0 8 0.036109
5 35 0 8 0.036074
26 58 0 8 0.035631
51 94 0 8 0.034119
12 32 0 8 0.032616
35 87 0 8 0.032107
26 35 0 8 0.032037
18 65 0 8 0.031845
26 68 0 8 0.031837
8 33 0 8 0.031371
54 61 0 8 0.031305
44 69 0 8 0.031277
1 82 0 8 0.030305
7 86 0 8 0.029726
51 93 0 8 0.029132
67 97 0 8 0.028888
50 68 0 8 0.028617
15 68 0 8 0.028349
19 94 0 8 0.027947
22 59 0 8 0.026902
36 74 0 8 0.026523
41 79 0 8 0.026403
11 78 0 8 0.024388
60 88 0 8 0.023395
61 71 0 8 0.023137
12 91 0 8 0.022672
25 59 0 8 0.021734
55 62 0 8 0.021455
44 78 0 8 0.021324
33 51 0 8 0.021180
2 40 0 8 0.021116
75 81 0 8 0.020714
84 89 0 8 0.020101
29 94 0 8 0.020098
58 83 0 8 0.019167
10 67 0 8 0.017583
9 17 0 8 0.016521
35 65 0 8 0.015313
45 94 0 8 0.015269
1 59 0 8 0.015023
39 83 0 8 0.014697
60 83 0 8 0.014665
52 91 0 8 0.014627
27 35 0 8 0.014208
4 9 0 8 0.012158
55 95 0 8 0.011925
10 39 0 8 0.011448
40 94 0 8 0.010778
44 77 0 8 0.009981
1 61 0 8 0.009911
72 78 0 8 0.008348
3 74 0 8 0.007963
50 67 0 8 0.006608
1 15 0 8 0.006516
38 71 0 8 0.005707
48 60 0 8 0.005553
21 92 0 8 0.005132
31 39 0 8 0.004564
44 68 0 8 0.004398
28 73 0 8 0.003765
68 96 0 8 0.003545
61 88 0 8 0.003001
33 62 0 8 0.002687
45 73 0 8 0.002402
32 96 0 8 0.002122
1 75 0 8 0.001730
7 87 0 8 0.000704
24 38 0 8 0.000054
44 93 0 8 -0.001624
27 56 0 8 -0.001790
2 83 0 8 -0.002216
26 52 0 8 -0.002816
79 96 0 8 -0.003112
1 97 0 8 -0.003739
1 24 0 8 -0.004321
17 66 0 8 -0.005580
11 42 0 8 -0.005774
43 53 0 8 -0.006552
79 90 0 8 -0.006718
4 37 0 8 -0.006840
8 48 0 8 -0.006943
50 69 0 8 -0.007027
43 57 0 8 -0.008094
18 29 0 8 -0.008094
70 90 0 8 -0.008153
40 55 0 8 -0.009478
30 56 0 8 -0.009756
1 95 0 8 -0.009935
19 44 0 8 -0.010096
1 96 0 8 -0.010809
14 87 0 8 -0.011367
23 51 0 8 -0.012161
62 86 0 8 -0.012436
18 42 0 8 -0.012530
1 72 0 8 -0.014047
26 79 0 8 -0.014363
40 52 0 8 -0.014743
43 88 0 8 -0.015550
15 81 0 8 -0.016791
17 34 0 8 -0.017044
5 19 0 8 -0.017345
52 62 0 8 -0.017605
2 59 0 8 -0.019724
36 70 0 8 -0.020386
17 57 0 8 -0.020474
23 97 0 8 -0.021522
34 96 0 8 -0.022606
22 62 0 8 -0.023717
77 97 0 8 -0.023789
24 72 0 8 -0.024082
12 49 0 8 -0.024684
11 24 0 8 -0.025405
47 91 0 8 -0.025533
9 47 0 8 -0.025662
10 62 0 8 -0.025815
2 96 0 8 -0.025961
3 93 0 8 -0.026210
28 51 0 8 -0.026610
55 94 0 8 -0.026727
1 70 0 8 -0.027522
56 80 0 8 -0.027673
1 94 0 8 -0.027716
19 97 0 8 -0.028169
3 57 0 8 -0.028599
1 19 0 8 -0.029070
18 67 0 8 -0.029653
77 88 0 8 -0.029655
6 80 0 8 -0.031918
3 18 0 8 -0.032302
55 97 0 8 -0.033399
18 59 0 8 -0.033672
1 64 0 8 -0.035103
26 70 0 8 -0.035523
24 86 0 8 -0.036350
43 63 0 8 -0.036791
45 90 0 8 -0.038092
42 65 0 8 -0.038405
19 60 0 8 -0.038471
39 73 0 8 -0.038592
65 89 0 8 -0.039170
3 28 0 8 -0.039225
20 54 0 8 -0.039301
10 54 0 8 -0.039965
46 54 0 8 -0.040311
27 97 0 8 -0.041828
21 27 0 8 -0.042919
6 97 0 8 -0.043059
53 96 0 8 -0.043417
53 80 0 8 -0.043658
1 93 0 8 -0.044168
1 6 0 8 -0.044436
80 91 0 8 -0.044489
48 71 0 8 -0.045236
60 77 0 8 -0.045554
6 78 0 8 -0.045600
28 57 0 8 -0.045966
75 97 0 8 -0.046178
16 96 0 8 -0.046452
1 90 0 8 -0.046681
16 64 0 8 -0.047730
20 31 0 8 -0.048979
8 94 0 8 -0.048987
22 77 0 8 -0.049020
10 52 0 8 -0.049293
41 61 0 8 -0.050450
6 59 0 8 -0.050955
27 46 0 8 -0.050984
17 97 0 8 -0.051542
2 56 0 8 -0.052278
45 50 0 8 -0.052686
50 64 0 8 -0.053776
2 51 0 8 -0.053820
1 16 0 8 -0.054298
20 60 0 8 -0.054735
1 27 0 8 -0.054914
7 74 0 8 -0.054988
54 59 0 8 -0.055362
50 89 0 8 -0.055546
10 36 0 8 -0.055882
46 58 0 8 -0.056414
1 71 0 8 -0.056422
3 79 0 8 -0.057019
1 56 0 8 -0.057049
50 97 0 8 -0.057289
44 57 0 8 -0.057565
51 96 0 8 -0.059043
48 95 0 8 -0.059501
1 47 0 8 -0.059591
63 71 0 8 -0.059747
59 95 0 8 -0.060328
47 94 0 8 -0.060392
2 35 0 8 -0.061457
1 89 0 8 -0.061747
39 85 0 8 -0.062655
13 67 0 8 -0.062802
53 84 0 8 -0.063060
19 69 0 8 -0.063407
19 66 0 8 -0.063429
30 70 0 8 -0.064798
1 92 0 8 -0.065420
14 28 0 8 -0.065694
19 46 0 8 -0.066183
42 96 0 8 -0.066242
14 72 0 8 -0.066392
78 94 0 8 -0.068550
58 80 0 8 -0.068704
47 55 0 8 -0.070270
27 49 0 8 -0.070613
15 64 0 8 -0.070779
20 96 0 8 -0.071048
5 97 0 8 -0.071265
56 97 0 8 -0.071564
1 78 0 8 -0.072676
24 68 0 8 -0.072748
1 35 0 8 -0.072813
30 51 0 8 -0.073611
2 36 0 8 -0.073707
73 97 0 8 -0.073775
53 97 0 8 -0.074466
9 49 0 8 -0.074712
19 95 0 8 -0.074848
12 76 0 8 -0.075371
6 94 0 8 -0.076048
52 65 0 8 -0.076196
1 53 0 8 -0.076847
33 45 0 8 -0.077218
11 29 0 8 -0.077246
37 62 0 8 -0.077596
18 97 0 8 -0.077679
29 43 0 8 -0.077987
1 67 0 8 -0.078385
30 39 0 8 -0.079052
36 97 0 8 -0.079291
60 97 0 8 -0.079898
1 18 0 8 -0.080163
91 97 0 8 -0.080256
67 93 0 8 -0.080665
1 88 0 8 -0.081430
19 96 0 8 -0.081432
4 97 0 8 -0.081478
1 36 0 8 -0.081826
1 60 0 8 -0.082453
1 57 0 8 -0.082680
1 91 0 8 -0.082822
42 70 0 8 -0.083268
20 42 0 8 -0.083511
42 97 0 8 -0.083616
49 73 0 8 -0.083882
51 88 0 8 -0.084571
2 89 0 8 -0.084721
35 76 0 8 -0.084797
7 23 0 8 -0.085166
17 94 0 8 -0.085370
48 55 0 8 -0.085594
21 55 0 8 -0.085897
6 93 0 8 -0.086130
8 90 0 8 -0.086179
76 96 0 8 -0.087401
45 97 0 8 -0.087514
1 30 0 8 -0.087558
19 80 0 8 -0.087920
4 75 0 8 -0.088009
54 68 0 8 -0.088836
1 87 0 8 -0.088840
51 97 0 8 -0.089081
69 97 0 8 -0.089218
14 97 0 8 -0.089699
12 65 0 8 -0.089789
52 85 0 8 -0.089949
52 97 0 8 -0.090002
1 45 0 8 -0.090312
52 94 0 8 -0.090463
38 82 0 8 -0.091239
38 97 0 8 -0.091456
39 97 0 8 -0.091585
1 51 0 8 -0.091930
78 93 0 8 -0.092242
1 14 0 8 -0.092567
21 97 0 8 -0.093273
62 97 0 8 -0.093510
24 61 0 8 -0.094592
24 76 0 8 -0.095126
29 51 0 8 -0.095295
11 96 0 8 -0.096140
2 43 0 8 -0.096220
8 97 0 8 -0.096294
2 54 0 8 -0.096332
2 95 0 8 -0.096375
1 62 0 8 -0.096500
34 78 0 8 -0.096687
53 94 0 8 -0.097003
86 97 0 8 -0.097088
70 97 0 8 -0.097168
56 90 0 8 -0.097335
50 73 0 8 -0.097575
24 85 0 8 -0.098884
80 92 0 8 -0.098933
68 97 0 8 -0.099153
79 97 0 8 -0.099303
13 97 0 8 -0.099804
46 73 0 8 -0.099817
37 97 0 8 -0.100300
15 97 0 8 -0.100606
2 49 0 8 -0.100998
33 96 0 8 -0.102105
1 68 0 8 -0.102324
1 79 0 8 -0.102478
78 96 0 8 -0.102480
31 97 0 8 -0.102832
1 13 0 8 -0.102995
4 30 0 8 -0.103388
1 37 0 8 -0.103507
40 97 0 8 -0.105044
20 95 0 8 -0.105341
12 95 0 8 -0.105695
11 97 0 8 -0.105938
63 73 0 8 -0.105974
1 31 0 8 -0.106119
84 97 0 8 -0.106213
1 23 0 8 -0.106442
29 89 0 8 -0.107028
39 53 0 8 -0.107241
83 97 0 8 -0.107383
78 97 0 8 -0.107544
71 97 0 8 -0.107721
1 80 0 8 -0.108242
1 73 0 8 -0.108814
23 58 0 8 -0.109138
5 37 0 8 -0.109253
1 11 0 8 -0.109325
54 95 0 8 -0.109419
1 21 0 8 -0.109452
1 34 0 8 -0.109662
49 95 0 8 -0.109817
47 69 0 8 -0.109841
81 97 0 8 -0.111002
40 79 0 8 -0.111061
22 36 0 8 -0.111419
10 78 0 8 -0.111480
43 95 0 8 -0.111636
22 75 0 8 -0.111982
1 54 0 8 -0.112624
62 75 0 8 -0.112840
27 39 0 8 -0.113189
71 92 0 8 -0.113269
66 97 0 8 -0.114020
6 95 0 8 -0.114411
1 81 0 8 -0.114551
17 43 0 8 -0.114673
38 94 0 8 -0.114791
38 87 0 8 -0.115129
46 97 0 8 -0.115306
4 68 0 8 -0.115670
1 28 0 8 -0.115969
4 53 0 8 -0.116039
32 64 0 8 -0.116211
47 97 0 8 -0.116212
7 97 0 8 -0.116319
74 97 0 8 -0.116677
21 86 0 8 -0.116739
9 97 0 8 -0.116812
36 42 0 8 -0.116925
76 97 0 8 -0.116954
1 66 0 8 -0.117665
22 78 0 8 -0.117854
51 89 0 8 -0.118349
21 96 0 8 -0.118627
3 95 0 8 -0.118717
1 46 0 8 -0.118993
30 86 0 8 -0.119281
67 94 0 8 -0.119501
1 42 0 8 -0.119620
26 50 0 8 -0.119727
51 86 0 8 -0.119768
1 7 0 8 -0.120038
35 41 0 8 -0.120528
1 9 0 8 -0.120546
1 76 0 8 -0.120693
12 97 0 8 -0.121277
57 97 0 8 -0.122402
48 97 0 8 -0.122497
75 95 0 8 -0.122699
6 15 0 8 -0.123202
22 93 0 8 -0.123337
72 97 0 8 -0.123378
28 97 0 8 -0.123428
1 22 0 8 -0.123880
58 97 0 8 -0.124233
6 96 0 8 -0.124476
14 73 0 8 -0.124745
64 73 0 8 -0.125107
1 12 0 8 -0.125154
49 97 0 8 -0.125322
7 93 0 8 -0.125381
26 97 0 8 -0.125786
63 97 0 8 -0.126173
9 89 0 8 -0.126209
1 39 0 8 -0.126215
59 97 0 8 -0.126586
69 76 0 8 -0.126750
32 97 0 8 -0.126872
1 77 0 8 -0.127137
29 97 0 8 -0.127738
44 97 0 8 -0.128098
23 35 0 8 -0.128188
1 58 0 8 -0.128205
43 97 0 8 -0.128945
64 97 0 8 -0.128946
60 65 0 8 -0.128981
10 17 0 8 -0.129500
18 49 0 8 -0.129936
2 72 0 8 -0.130424
16 97 0 8 -0.130640
5 85 0 8 -0.130836
1 32 0 8 -0.130928
33 97 0 8 -0.131430
3 89 0 8 -0.131794
2 44 0 8 -0.131977
3 58 0 8 -0.132169
54 76 0 8 -0.132208
24 57 0 8 -0.132253
11 21 0 8 -0.132873
25 97 0 8 -0.132887
51 91 0 8 -0.133171
75 96 0 8 -0.133493
1 43 0 8 -0.134207
10 50 0 8 -0.134845
81 92 0 8 -0.134937
10 96 0 8 -0.135131
1 41 0 8 -0.135569
1 33 0 8 -0.135632
12 68 0 8 -0.135792
56 76 0 8 -0.136021
40 87 0 8 -0.136377
87 94 0 8 -0.136736
66 93 0 8 -0.136786
19 85 0 8 -0.136810
50 88 0 8 -0.136895
30 97 0 8 -0.136904
17 95 0 8 -0.136950
1 25 0 8 -0.137136
11 37 0 8 -0.137705
45 86 0 8 -0.138575
59 65 0 8 -0.138636
38 68 0 8 -0.139086
28 36 0 8 -0.139397
2 8 0 8 -0.139678
16 25 0 8 -0.139716
1 20 0 8 -0.141647
14 76 0 8 -0.141748
51 79 0 8 -0.144049
18 92 0 8 -0.144320
54 74 0 8 -0.144409
57 92 0 8 -0.144594
33 53 0 8 -0.144947
19 71 0 8 -0.145108
6 85 0 8 -0.145239
61 77 0 8 -0.145781
32 39 0 8 -0.146216
4 48 0 8 -0.146692
3 8 0 8 -0.146782
60 71 0 8 -0.147014
29 74 0 8 -0.147200
40 60 0 8 -0.147509
25 81 0 8 -0.147620
41 89 0 8 -0.147867
22 74 0 8 -0.148547
14 93 0 8 -0.148917
17 96 0 8 -0.148997
19 28 0 8 -0.149877
7 95 0 8 -0.150098
13 33 0 8 -0.150154
7 94 0 8 -0.150893
67 89 0 8 -0.151379
29 95 0 8 -0.151574
43 96 0 8 -0.151828
65 87 0 8 -0.152570
47 52 0 8 -0.152623
31 45 0 8 -0.154096
37 69 0 8 -0.154530
65 75 0 8 -0.154896
52 60 0 8 -0.156433
57 89 0 8 -0.156614
32 95 0 8 -0.156676
52 87 0 8 -0.157540
48 92 0 8 -0.157999
58 75 0 8 -0.158010
39 96 0 8 -0.158292
66 92 0 8 -0.158379
49 93 0 8 -0.158906
56 72 0 8 -0.159733
45 51 0 8 -0.159797
10 63 0 8 -0.159973
26 69 0 8 -0.160185
57 80 0 8 -0.161086
40 93 0 8 -0.161291
47 78 0 8 -0.161389
15 63 0 8 -0.161734
42 57 0 8 -0.161840
31 81 0 8 -0.161851
57 85 0 8 -0.161900
3 36 0 8 -0.162475
61 89 0 8 -0.162828
22 91 0 8 -0.162896
36 57 0 8 -0.162955
23 93 0 8 -0.163390
32 82 0 8 -0.163552
51 60 0 8 -0.163762
38 92 0 8 -0.164409
15 86 0 8 -0.164649
23 57 0 8 -0.164936
52 86 0 8 -0.165050
70 79 0 8 -0.165246
9 74 0 8 -0.167079
30 77 0 8 -0.167480
32 42 0 8 -0.167917
27 95 0 8 -0.168262
16 50 0 8 -0.169318
24 93 0 8 -0.169949
65 95 0 8 -0.170402
47 95 0 8 -0.170867
6 24 0 8 -0.170876
50 60 0 8 -0.170918
32 56 0 8 -0.170969
9 95 0 8 -0.171155
53 93 0 8 -0.172356
56 95 0 8 -0.173484
26 96 0 8 -0.173679
27 50 0 8 -0.174208
20 35 0 8 -0.174259
4 67 0 8 -0.174909
2 77 0 8 -0.175150
70 75 0 8 -0.175266
60 96 0 8 -0.175557
78 84 0 8 -0.175799
2 37 0 8 -0.175807
52 89 0 8 -0.175821
58 96 0 8 -0.176894
36 84 0 8 -0.177249
34 52 0 8 -0.177294
6 35 0 8 -0.177373
15 39 0 8 -0.177900
19 48 0 8 -0.178011
26 95 0 8 -0.178539
6 13 0 8 -0.180035
61 95 0 8 -0.180793
50 91 0 8 -0.180862
33 66 0 8 -0.182706
82 95 0 8 -0.182709
3 34 0 8 -0.182714
27 96 0 8 -0.183063
19 87 0 8 -0.183764
82 96 0 8 -0.184280
34 43 0 8 -0.184643
43 86 0 8 -0.184701
32 61 0 8 -0.186022
44 59 0 8 -0.186087
11 34 0 8 -0.187460
35 95 0 8 -0.187475
42 73 0 8 -0.188526
66 74 0 8 -0.189137
39 66 0 8 -0.189674
35 74 0 8 -0.190333
24 66 0 8 -0.190455
48 72 0 8 -0.190893
2 53 0 8 -0.190931
11 73 0 8 -0.191796
42 67 0 8 -0.191875
79 86 0 8 -0.192840
8 22 0 8 -0.193127
18 51 0 8 -0.193337
28 41 0 8 -0.193497
43 78 0 8 -0.193557
27 58 0 8 -0.193927
44 89 0 8 -0.194208
33 94 0 8 -0.194512
30 94 0 8 -0.194982
5 32 0 8 -0.195282
17 89 0 8 -0.195514
13 90 0 8 -0.197763
53 95 0 8 -0.197862
19 40 0 8 -0.197888
71 95 0 8 -0.198365
41 95 0 8 -0.198675
5 94 0 8 -0.198833
65 81 0 8 -0.199199
6 68 0 8 -0.199217
22 72 0 8 -0.199316
73 92 0 8 -0.199538
31 60 0 8 -0.199660
9 83 0 8 -0.200328
51 95 0 8 -0.202123
62 84 0 8 -0.203018
75 93 0 8 -0.203115
25 95 0 8 -0.203269
21 36 0 8 -0.203835
23 69 0 8 -0.203961
36 88 0 8 -0.205275
5 96 0 8 -0.206013
18 95 0 8 -0.206400
44 76 0 8 -0.206668
10 95 0 8 -0.206811
56 96 0 8 -0.206879
29 81 0 8 -0.207487
11 95 0 8 -0.207779
50 77 0 8 -0.207866
4 60 0 8 -0.208226
84 96 0 8 -0.209097
59 89 0 8 -0.210502
36 95 0 8 -0.210682
17 51 0 8 -0.210829
63 96 0 8 -0.211060
7 41 0 8 -0.211407
69 96 0 8 -0.211730
72 93 0 8 -0.211987
41 77 0 8 -0.212232
25 48 0 8 -0.212566
8 86 0 8 -0.213421
42 66 0 8 -0.213677
66 77 0 8 -0.214409
46 96 0 8 -0.214791
19 89 0 8 -0.214907
19 70 0 8 -0.215123
30 36 0 8 -0.215529
41 94 0 8 -0.216506
24 75 0 8 -0.216758
5 86 0 8 -0.216803
56 86 0 8 -0.217225
19 79 0 8 -0.218189
8 18 0 8 -0.219451
42 86 0 8 -0.219985
38 73 0 8 -0.221245
52 73 0 8 -0.221945
5 76 0 8 -0.223557
14 63 0 8 -0.223811
18 96 0 8 -0.224556
4 96 0 8 -0.226765
87 96 0 8 -0.226818
60 73 0 8 -0.227996
29 87 0 8 -0.228023
88 96 0 8 -0.228107
8 88 0 8 -0.228281
2 7 0 8 -0.228406
23 87 0 8 -0.228781
36 96 0 8 -0.229215
23 72 0 8 -0.230603
13 96 0 8 -0.230724
61 96 0 8 -0.230876
38 84 0 8 -0.231180
30 65 0 8 -0.231597
19 36 0 8 -0.232322
23 95 0 8 -0.232503
45 95 0 8 -0.232531
17 26 0 8 -0.233085
57 95 0 8 -0.233457
46 89 0 8 -0.233504
75 80 0 8 -0.233657
32 77 0 8 -0.234234
58 77 0 8 -0.234381
42 71 0 8 -0.234829
50 94 0 8 -0.235708
49 70 0 8 -0.236080
18 61 0 8 -0.236303
19 38 0 8 -0.236666
69 95 0 8 -0.237060
2 65 0 8 -0.237588
17 62 0 8 -0.237901
12 84 0 8 -0.238143
14 95 0 8 -0.238338
10 94 0 8 -0.238396
56 63 0 8 -0.238849
52 95 0 8 -0.239142
19 92 0 8 -0.240010
19 45 0 8 -0.240187
2 11 0 8 -0.241246
70 96 0 8 -0.241459
68 93 0 8 -0.242261
57 70 0 8 -0.242771
38 95 0 8 -0.243007
33 46 0 8 -0.243927
13 95 0 8 -0.243958
25 49 0 8 -0.244575
37 56 0 8 -0.244606
24 52 0 8 -0.246489
44 74 0 8 -0.247249
2 38 0 8 -0.247716
63 79 0 8 -0.248260
62 95 0 8 -0.248464
71 90 0 8 -0.248821
15 94 0 8 -0.248936
11 90 0 8 -0.249125
74 96 0 8 -0.249186
19 61 0 8 -0.249702
56 69 0 8 -0.250030
19 58 0 8 -0.250060
26 36 0 8 -0.250415
18 90 0 8 -0.251128
36 72 0 8 -0.251714
10 25 0 8 -0.253445
69 77 0 8 -0.253456
14 86 0 8 -0.253467
33 86 0 8 -0.253489
28 69 0 8 -0.254443
17 81 0 8 -0.257237
17 47 0 8 -0.257243
47 60 0 8 -0.257450
10 19 0 8 -0.259676
19 35 0 8 -0.259930
22 51 0 8 -0.260160
52 96 0 8 -0.260179
37 58 0 8 -0.260304
82 87 0 8 -0.260412
77 90 0 8 -0.260789
5 54 0 8 -0.261829
79 95 0 8 -0.262008
35 73 0 8 -0.262129
3 82 0 8 -0.262879
53 81 0 8 -0.263094
30 64 0 8 -0.263741
66 84 0 8 -0.263780
6 34 0 8 -0.264993
39 62 0 8 -0.265434
24 95 0 8 -0.265470
71 94 0 8 -0.266115
37 95 0 8 -0.266505
18 43 0 8 -0.266570
35 94 0 8 -0.267486
6 49 0 8 -0.269980
42 59 0 8 -0.270523
21 49 0 8 -0.272203
14 55 0 8 -0.272308
24 53 0 8 -0.272347
49 76 0 8 -0.272771
31 95 0 8 -0.273232
32 58 0 8 -0.273958
15 82 0 8 -0.274708
36 87 0 8 -0.274990
50 96 0 8 -0.275086
12 50 0 8 -0.275599
65 72 0 8 -0.276250
16 61 0 8 -0.277419
18 76 0 8 -0.278030
49 86 0 8 -0.278516
5 41 0 8 -0.279436
74 94 0 8 -0.280038
73 95 0 8 -0.280170
43 59 0 8 -0.280403
17 52 0 8 -0.280547
7 78 0 8 -0.281003
34 95 0 8 -0.282353
58 89 0 8 -0.282796
81 94 0 8 -0.282909
28 49 0 8 -0.283358
42 61 0 8 -0.283732
2 82 0 8 -0.283790
82 93 0 8 -0.284487
57 63 0 8 -0.284992
83 95 0 8 -0.285326
19 76 0 8 -0.285381
32 55 0 8 -0.285448
72 96 0 8 -0.285671
35 59 0 8 -0.286962
8 56 0 8 -0.287303
85 90 0 8 -0.288435
51 82 0 8 -0.289251
35 77 0 8 -0.290642
15 96 0 8 -0.290834
4 34 0 8 -0.291933
8 19 0 8 -0.292708
16 53 0 8 -0.293205
50 95 0 8 -0.293282
24 39 0 8 -0.293344
85 96 0 8 -0.293696
12 35 0 8 -0.294159
38 44 0 8 -0.294573
6 50 0 8 -0.294628
28 40 0 8 -0.296603
2 10 0 8 -0.296888
19 30 0 8 -0.297491
19 65 0 8 -0.297855
11 69 0 8 -0.298311
4 81 0 8 -0.298572
50 75 0 8 -0.299640
74 95 0 8 -0.300274
59 96 0 8 -0.300444
2 32 0 8 -0.301804
82 94 0 8 -0.301853
13 37 0 8 -0.301902
45 56 0 8 -0.302531
48 80 0 8 -0.302918
66 95 0 8 -0.302960
21 61 0 8 -0.303383
20 77 0 8 -0.304080
27 67 0 8 -0.304190
34 80 0 8 -0.304965
37 89 0 8 -0.305813
67 76 0 8 -0.306088
40 71 0 8 -0.306110
50 78 0 8 -0.306118
4 65 0 8 -0.306171
46 95 0 8 -0.306378
25 70 0 8 -0.306677
10 57 0 8 -0.307218
10 37 0 8 -0.308409
46 62 0 8 -0.308873
51 85 0 8 -0.309258
83 96 0 8 -0.310426
71 96 0 8 -0.311402
30 69 0 8 -0.312312
60 92 0 8 -0.313269
42 82 0 8 -0.313566
55 96 0 8 -0.314754
80 90 0 8 -0.315197
48 90 0 8 -0.315293
23 60 0 8 -0.315948
44 96 0 8 -0.316420
40 72 0 8 -0.316553
16 95 0 8 -0.317506
38 79 0 8 -0.318068
73 89 0 8 -0.318099
2 75 0 8 -0.318578
32 78 0 8 -0.318633
14 83 0 8 -0.318654
29 96 0 8 -0.319085
54 81 0 8 -0.319755
60 79 0 8 -0.319928
55 61 0 8 -0.320406
81 96 0 8 -0.320886
19 50 0 8 -0.321509
20 33 0 8 -0.321599
19 73 0 8 -0.321719
14 20 0 8 -0.322113
3 56 0 8 -0.322185
37 48 0 8 -0.322205
41 46 0 8 -0.322392
64 95 0 8 -0.322720
64 77 0 8 -0.323260
39 95 0 8 -0.324973
33 92 0 8 -0.325380
24 94 0 8 -0.326292
37 49 0 8 -0.326965
77 95 0 8 -0.327346
78 89 0 8 -0.327471
20 25 0 8 -0.328611
3 17 0 8 -0.329283
66 96 0 8 -0.329610
58 95 0 8 -0.330097
53 91 0 8 -0.330332
23 89 0 8 -0.330770
44 52 0 8 -0.331279
35 90 0 8 -0.332009
19 93 0 8 -0.332743
22 54 0 8 -0.333026
9 73 0 8 -0.333367
34 89 0 8 -0.333405
61 80 0 8 -0.334492
5 88 0 8 -0.335859
7 96 0 8 -0.336256
26 55 0 8 -0.336271
69 85 0 8 -0.336643
2 76 0 8 -0.337510
35 75 0 8 -0.338174
75 94 0 8 -0.338256
8 78 0 8 -0.338567
79 88 0 8 -0.338589
53 64 0 8 -0.339328
48 87 0 8 -0.339938
53 88 0 8 -0.340212
44 95 0 8 -0.340367
24 51 0 8 -0.340728
5 26 0 8 -0.340788
73 87 0 8 -0.340895
41 56 0 8 -0.341086
32 40 0 8 -0.341092
30 75 0 8 -0.341193
41 96 0 8 -0.341901
65 82 0 8 -0.343858
41 84 0 8 -0.344955
3 90 0 8 -0.345140
22 79 0 8 -0.345490
52 79 0 8 -0.346010
61 67 0 8 -0.346184
9 37 0 8 -0.346413
26 84 0 8 -0.346876
60 85 0 8 -0.347017
5 81 0 8 -0.347925
7 12 0 8 -0.348005
57 94 0 8 -0.349090
33 95 0 8 -0.349220
22 95 0 8 -0.349485
16 63 0 8 -0.349854
43 74 0 8 -0.350250
67 88 0 8 -0.352967
41 59 0 8 -0.353678
57 96 0 8 -0.353841
65 92 0 8 -0.354066
14 19 0 8 -0.354687
6 58 0 8 -0.354900
7 79 0 8 -0.354940
77 96 0 8 -0.356142
2 93 0 8 -0.357244
17 42 0 8 -0.357519
27 52 0 8 -0.357627
6 25 0 8 -0.358537
50 90 0 8 -0.358715
19 39 0 8 -0.359057
23 43 0 8 -0.359583
18 88 0 8 -0.361761
31 85 0 8 -0.362023
24 90 0 8 -0.362111
49 96 0 8 -0.362283
51 64 0 8 -0.362568
30 92 0 8 -0.363171
18 25 0 8 -0.363774
46 53 0 8 -0.364427
65 94 0 8 -0.365183
16 75 0 8 -0.365606
2 23 0 8 -0.365837
45 88 0 8 -0.365852
36 77 0 8 -0.366021
13 23 0 8 -0.366347
12 29 0 8 -0.366665
19 64 0 8 -0.367916
60 75 0 8 -0.367981
23 83 0 8 -0.368001
48 83 0 8 -0.368188
77 94 0 8 -0.368258
72 85 0 8 -0.368748
17 70 0 8 -0.370651
28 59 0 8 -0.371114
34 79 0 8 -0.371372
62 94 0 8 -0.371653
18 91 0 8 -0.371909
65 73 0 8 -0.373856
8 39 0 8 -0.376126
36 69 0 8 -0.376582
15 43 0 8 -0.379357
69 94 0 8 -0.379769
13 39 0 8 -0.379872
3 52 0 8 -0.383235
25 96 0 8 -0.384153
2 58 0 8 -0.384921
18 32 0 8 -0.384932
51 87 0 8 -0.386178
13 41 0 8 -0.386624
12 40 0 8 -0.386983
31 86 0 8 -0.386984
36 73 0 8 -0.387039
2 73 0 8 -0.389203
82 91 0 8 -0.389267
46 90 0 8 -0.390466
19 68 0 8 -0.392537
2 33 0 8 -0.392543
24 42 0 8 -0.392745
6 56 0 8 -0.393991
6 79 0 8 -0.395140
17 92 0 8 -0.395710
30 96 0 8 -0.395764
77 89 0 8 -0.395978
9 36 0 8 -0.396150
4 71 0 8 -0.396370
28 83 0 8 -0.396405
11 54 0 8 -0.396667
45 83 0 8 -0.397712
26 74 0 8 -0.398007
18 94 0 8 -0.398475
28 63 0 8 -0.398824
11 91 0 8 -0.398826
27 37 0 8 -0.399816
15 85 0 8 -0.400809
2 70 0 8 -0.401052
5 50 0 8 -0.401565
58 93 0 8 -0.403310
46 93 0 8 -0.404752
13 92 0 8 -0.404999
76 90 0 8 -0.405150
79 91 0 8 -0.405331
3 92 0 8 -0.405709
21 90 0 8 -0.405751
62 92 0 8 -0.405891
5 75 0 8 -0.405976
42 94 0 8 -0.406776
13 94 0 8 -0.407715
14 94 0 8 -0.411324
6 40 0 8 -0.411574
20 83 0 8 -0.412608
59 76 0 8 -0.413247
74 93 0 8 -0.414090
4 56 0 8 -0.414264
47 56 0 8 -0.414503
37 68 0 8 -0.414761
15 91 0 8 -0.415141
24 59 0 8 -0.415309
52 67 0 8 -0.415624
36 41 0 8 -0.415675
68 81 0 8 -0.415822
13 86 0 8 -0.416695
6 91 0 8 -0.417119
21 32 0 8 -0.417646
25 36 0 8 -0.418164
15 62 0 8 -0.419805
8 65 0 8 -0.420378
72 84 0 8 -0.420603
9 91 0 8 -0.421410
60 93 0 8 -0.421771
35 62 0 8 -0.422620
56 77 0 8 -0.422713
10 34 0 8 -0.422733
17 59 0 8 -0.424136
39 81 0 8 -0.424285
45 82 0 8 -0.424665
24 34 0 8 -0.424979
4 79 0 8 -0.425269
46 63 0 8 -0.425297
25 38 0 8 -0.425667
42 84 0 8 -0.426105
17 63 0 8 -0.426523
19 86 0 8 -0.426970
32 62 0 8 -0.427411
11 82 0 8 -0.427464
44 71 0 8 -0.427501
15 52 0 8 -0.427576
43 80 0 8 -0.428015
48 79 0 8 -0.428933
17 45 0 8 -0.429675
32 51 0 8 -0.430402
7 44 0 8 -0.431769
8 34 0 8 -0.432573
39 60 0 8 -0.432845
43 94 0 8 -0.432918
40 45 0 8 -0.433766
3 10 0 8 -0.435955
4 28 0 8 -0.436208
19 43 0 8 -0.436929
5 62 0 8 -0.436943
46 51 0 8 -0.437119
28 44 0 8 -0.437555
2 45 0 8 -0.438691
41 82 0 8 -0.439325
21 39 0 8 -0.440604
75 83 0 8 -0.441078
40 89 0 8 -0.441288
24 92 0 8 -0.441703
32 59 0 8 -0.442697
2 92 0 8 -0.442788
60 69 0 8 -0.443634
24 58 0 8 -0.444432
5 56 0 8 -0.444490
3 86 0 8 -0.444612
27 84 0 8 -0.445245
58 63 0 8 -0.445553
51 71 0 8 -0.446406
11 94 0 8 -0.446622
16 90 0 8 -0.446916
52 59 0 8 -0.447513
22 30 0 8 -0.448181
23 54 0 8 -0.448703
29 60 0 8 -0.449367
27 59 0 8 -0.449620
28 90 0 8 -0.451002
4 61 0 8 -0.451341
2 90 0 8 -0.452824
67 87 0 8 -0.453498
19 47 0 8 -0.454923
47 70 0 8 -0.454999
30 78 0 8 -0.455507
31 82 0 8 -0.455878
47 65 0 8 -0.456081
16 89 0 8 -0.457261
36 94 0 8 -0.458077
30 61 0 8 -0.458713
13 50 0 8 -0.459217
55 84 0 8 -0.459520
43 90 0 8 -0.460272
20 45 0 8 -0.460585
28 79 0 8 -0.460769
35 66 0 8 -0.461672
39 92 0 8 -0.462058
83 89 0 8 -0.462122
28 48 0 8 -0.463518
32 80 0 8 -0.463808
19 56 0 8 -0.463856
4 29 0 8 -0.464222
5 93 0 8 -0.464976
72 87 0 8 -0.465103
49 78 0 8 -0.466556
4 64 0 8 -0.466782
26 60 0 8 -0.467524
34 66 0 8 -0.468046
29 76 0 8 -0.468374
68 76 0 8 -0.468803
21 35 0 8 -0.469323
2 88 0 8 -0.469517
44 73 0 8 -0.470262
3 65 0 8 -0.470289
12 20 0 8 -0.471155
19 53 0 8 -0.471210
29 57 0 8 -0.471426
63 70 0 8 -0.472114
31 72 0 8 -0.472489
4 22 0 8 -0.472697
36 48 0 8 -0.472938
20 34 0 8 -0.473390
59 66 0 8 -0.473519
21 69 0 8 -0.474105
43 73 0 8 -0.474329
16 77 0 8 -0.475102
18 40 0 8 -0.476190
30 85 0 8 -0.476378
3 91 0 8 -0.477352
15 87 0 8 -0.477447
13 69 0 8 -0.480458
40 92 0 8 -0.481872
7 30 0 8 -0.482211
23 76 0 8 -0.482623
2 28 0 8 -0.482852
6 41 0 8 -0.482989
65 78 0 8 -0.483134
10 40 0 8 -0.484598
53 76 0 8 -0.484642
22 76 0 8 -0.484797
31 49 0 8 -0.484894
56 82 0 8 -0.485033
58 94 0 8 -0.485342
65 80 0 8 -0.486301
5 46 0 8 -0.486314
4 11 0 8 -0.486346
55 66 0 8 -0.486835
53 69 0 8 -0.487297
69 89 0 8 -0.488329
8 14 0 8 -0.489160
30 89 0 8 -0.489503
17 91 0 8 -0.489678
61 75 0 8 -0.490683
40 59 0 8 -0.490923
34 87 0 8 -0.490936
37 47 0 8 -0.491012
19 74 0 8 -0.491509
40 76 0 8 -0.491531
20 74 0 8 -0.491697
51 62 0 8 -0.492071
15 41 0 8 -0.493490
2 39 0 8 -0.494158
34 46 0 8 -0.494370
44 88 0 8 -0.495632
76 87 0 8 -0.496565
68 94 0 8 -0.498575
47 87 0 8 -0.500241
78 86 0 8 -0.500456
9 44 0 8 -0.502213
66 89 0 8 -0.502699
66 85 0 8 -0.502848
7 56 0 8 -0.503330
17 69 0 8 -0.503386
39 56 0 8 -0.504144
29 85 0 8 -0.504707
9 21 0 8 -0.505062
23 90 0 8 -0.505184
20 61 0 8 -0.505241
79 94 0 8 -0.505458
34 59 0 8 -0.505677
4 94 0 8 -0.506809
17 87 0 8 -0.506810
32 93 0 8 -0.507055
52 69 0 8 -0.507126
23 86 0 8 -0.507274
22 73 0 8 -0.507638
12 82 0 8 -0.509062
47 71 0 8 -0.509103
50 59 0 8 -0.509505
60 87 0 8 -0.510409
8 32 0 8 -0.511233
19 83 0 8 -0.511244
23 36 0 8 -0.512677
16 28 0 8 -0.513126
45 71 0 8 -0.514955
53 60 0 8 -0.518190
24 50 0 8 -0.518396
3 22 0 8 -0.519172
3 54 0 8 -0.519708
2 87 0 8 -0.521499
56 61 0 8 -0.522189
6 66 0 8 -0.522467
70 84 0 8 -0.522799
6 20 0 8 -0.523224
3 47 0 8 -0.523269
60 94 0 8 -0.524569
48 88 0 8 -0.524618
30 55 0 8 -0.525679
54 75 0 8 -0.526030
17 55 0 8 -0.526392
69 83 0 8 -0.526578
27 42 0 8 -0.526767
36 68 0 8 -0.527326
59 75 0 8 -0.527540
31 56 0 8 -0.528091
9 66 0 8 -0.528666
49 60 0 8 -0.530861
31 93 0 8 -0.532353
61 79 0 8 -0.532939
51 92 0 8 -0.533280
36 78 0 8 -0.534108
4 39 0 8 -0.536933
5 24 0 8 -0.536995
40 66 0 8 -0.537955
4 19 0 8 -0.539685
21 89 0 8 -0.540186
9 52 0 8 -0.540759
58 90 0 8 -0.541367
3 44 0 8 -0.541382
12 94 0 8 -0.541612
21 84 0 8 -0.542348
5 27 0 8 -0.542431
18 70 0 8 -0.542918
43 76 0 8 -0.543071
9 85 0 8 -0.543915
18 33 0 8 -0.543964
5 17 0 8 -0.544101
37 93 0 8 -0.544852
9 65 0 8 -0.544956
43 69 0 8 -0.545391
14 90 0 8 -0.545620
25 67 0 8 -0.545670
25 72 0 8 -0.545893
14 74 0 8 -0.546701
18 35 0 8 -0.547593
52 58 0 8 -0.548038
18 93 0 8 -0.550436
65 84 0 8 -0.550569
27 41 0 8 -0.551531
12 36 0 8 -0.551943
46 64 0 8 -0.552038
64 94 0 8 -0.552392
55 85 0 8 -0.552870
7 53 0 8 -0.554091
4 36 0 8 -0.554675
41 52 0 8 -0.555119
47 62 0 8 -0.555590
34 64 0 8 -0.556226
2 84 0 8 -0.556607
29 50 0 8 -0.557556
16 74 0 8 -0.559582
46 59 0 8 -0.560104
41 67 0 8 -0.560219
26 75 0 8 -0.561081
57 78 0 8 -0.561230
6 12 0 8 -0.561549
15 29 0 8 -0.561554
47 58 0 8 -0.561639
19 91 0 8 -0.561654
16 58 0 8 -0.561760
10 80 0 8 -0.562043
22 39 0 8 -0.562094
2 69 0 8 -0.562234
56 91 0 8 -0.562487
19 34 0 8 -0.562554
50 66 0 8 -0.562610
7 26 0 8 -0.562874
13 54 0 8 -0.564227
27 90 0 8 -0.564384
6 30 0 8 -0.564882
19 42 0 8 -0.564964
50 85 0 8 -0.565371
37 91 0 8 -0.565899
45 92 0 8 -0.566323
27 70 0 8 -0.566662
14 67 0 8 -0.567156
9 53 0 8 -0.567169
10 27 0 8 -0.567213
18 37 0 8 -0.567257
44 90 0 8 -0.568178
3 73 0 8 -0.568287
52 78 0 8 -0.568310
22 85 0 8 -0.569316
20 58 0 8 -0.570163
24 80 0 8 -0.570603
65 74 0 8 -0.570673
10 45 0 8 -0.570843
19 81 0 8 -0.572024
41 55 0 8 -0.572433
43 52 0 8 -0.573010
5 68 0 8 -0.573196
23 53 0 8 -0.573605
12 39 0 8 -0.574394
68 87 0 8 -0.575885
34 93 0 8 -0.577046
19 25 0 8 -0.577277
27 71 0 8 -0.577491
19 37 0 8 -0.578125
23 78 0 8 -0.578402
45 85 0 8 -0.579277
57 62 0 8 -0.579309
5 18 0 8 -0.579781
3 13 0 8 -0.580063
82 90 0 8 -0.580248
17 85 0 8 -0.581332
42 55 0 8 -0.581477
20 68 0 8 -0.582931
29 58 0 8 -0.582975
36 90 0 8 -0.583228
10 87 0 8 -0.583702
27 54 0 8 -0.583823
67 73 0 8 -0.585882
34 45 0 8 -0.586893
61 66 0 8 -0.586975
37 94 0 8 -0.587654
32 37 0 8 -0.588925
2 15 0 8 -0.589148
23 64 0 8 -0.589507
23 50 0 8 -0.589935
7 15 0 8 -0.590039
46 55 0 8 -0.590210
31 51 0 8 -0.590320
43 89 0 8 -0.591291
2 30 0 8 -0.591690
44 64 0 8 -0.592159
19 51 0 8 -0.592660
47 85 0 8 -0.593253
26 41 0 8 -0.593980
22 64 0 8 -0.595235
8 13 0 8 -0.595315
9 84 0 8 -0.596546
57 93 0 8 -0.597638
13 68 0 8 -0.598010
38 49 0 8 -0.598214
26 87 0 8 -0.599358
26 94 0 8 -0.600122
36 51 0 8 -0.600446
48 67 0 8 -0.600860
74 89 0 8 -0.602700
15 45 0 8 -0.603455
34 90 0 8 -0.603680
18 74 0 8 -0.603955
18 52 0 8 -0.604262
10 23 0 8 -0.604440
75 88 0 8 -0.604933
16 60 0 8 -0.605676
7 13 0 8 -0.606462
4 27 0 8 -0.606868
25 47 0 8 -0.607839
27 82 0 8 -0.607978
10 61 0 8 -0.607987
19 55 0 8 -0.608598
17 93 0 8 -0.608822
29 52 0 8 -0.609329
23 85 0 8 -0.610111
31 36 0 8 -0.611419
7 32 0 8 -0.611505
23 70 0 8 -0.612099
2 29 0 8 -0.612144
36 89 0 8 -0.612432
50 83 0 8 -0.613309
19 88 0 8 -0.613463
8 24 0 8 -0.614602
40 84 0 8 -0.614661
35 67 0 8 -0.616856
18 77 0 8 -0.617635
7 76 0 8 -0.618646
10 60 0 8 -0.619648
23 91 0 8 -0.621183
73 94 0 8 -0.621508
64 72 0 8 -0.621543
25 94 0 8 -0.621736
49 72 0 8 -0.624783
28 89 0 8 -0.625971
12 90 0 8 -0.626306
22 92 0 8 -0.626737
21 67 0 8 -0.626761
57 76 0 8 -0.627765
13 79 0 8 -0.627800
61 92 0 8 -0.628292
38 55 0 8 -0.628692
64 75 0 8 -0.628742
16 85 0 8 -0.628901
77 83 0 8 -0.629436
20 93 0 8 -0.629836
21 94 0 8 -0.629871
8 23 0 8 -0.630679
51 58 0 8 -0.631353
63 90 0 8 -0.632356
2 80 0 8 -0.632896
53 86 0 8 -0.633212
55 90 0 8 -0.633516
37 90 0 8 -0.634098
2 34 0 8 -0.634515
31 65 0 8 -0.634613
38 86 0 8 -0.635414
19 62 0 8 -0.635448
2 71 0 8 -0.635624
28 62 0 8 -0.637477
74 88 0 8 -0.639368
24 55 0 8 -0.639637
47 88 0 8 -0.640031
67 91 0 8 -0.640091
37 45 0 8 -0.640681
26 71 0 8 -0.640821
5 45 0 8 -0.641070
5 91 0 8 -0.641941
35 72 0 8 -0.642624
21 66 0 8 -0.642649
34 82 0 8 -0.642693
11 16 0 8 -0.644332
57 67 0 8 -0.645022
8 75 0 8 -0.645288
15 30 0 8 -0.645731
54 94 0 8 -0.646400
33 63 0 8 -0.647007
42 75 0 8 -0.647231
32 94 0 8 -0.647657
55 93 0 8 -0.649253
15 72 0 8 -0.649280
27 43 0 8 -0.649316
69 75 0 8 -0.649582
26 53 0 8 -0.649759
12 24 0 8 -0.652218
7 67 0 8 -0.652740
35 51 0 8 -0.652894
76 93 0 8 -0.654202
15 83 0 8 -0.654783
45 80 0 8 -0.654929
33 75 0 8 -0.655426
7 35 0 8 -0.657313
19 33 0 8 -0.657935
6 92 0 8 -0.657987
14 71 0 8 -0.658027
33 89 0 8 -0.658366
36 64 0 8 -0.658857
11 58 0 8 -0.659436
9 28 0 8 -0.659669
4 51 0 8 -0.660176
12 64 0 8 -0.660458
23 42 0 8 -0.661007
84 93 0 8 -0.662122
56 68 0 8 -0.663473
41 54 0 8 -0.666002
30 54 0 8 -0.666357
25 37 0 8 -0.666614
11 75 0 8 -0.667060
36 52 0 8 -0.668913
63 77 0 8 -0.669004
57 69 0 8 -0.669145
12 21 0 8 -0.669558
18 64 0 8 -0.671195
6 57 0 8 -0.671675
75 89 0 8 -0.672022
15 34 0 8 -0.672484
28 50 0 8 -0.673163
17 56 0 8 -0.674141
79 93 0 8 -0.674466
9 92 0 8 -0.674541
10 92 0 8 -0.675175
6 71 0 8 -0.675378
18 89 0 8 -0.675828
25 62 0 8 -0.677100
6 37 0 8 -0.677860
52 61 0 8 -0.678982
28 54 0 8 -0.679310
6 28 0 8 -0.679556
13 18 0 8 -0.679721
35 80 0 8 -0.680040
37 84 0 8 -0.681537
49 64 0 8 -0.681735
19 24 0 8 -0.681804
38 57 0 8 -0.683287
49 94 0 8 -0.683662
63 75 0 8 -0.684094
17 60 0 8 -0.684249
16 26 0 8 -0.684539
2 67 0 8 -0.684992
33 60 0 8 -0.685401
5 66 0 8 -0.685846
8 84 0 8 -0.685889
10 73 0 8 -0.686470
15 31 0 8 -0.686873
16 32 0 8 -0.687115
22 61 0 8 -0.687397
9 19 0 8 -0.687398
49 81 0 8 -0.687749
8 51 0 8 -0.687821
3 77 0 8 -0.687956
14 33 0 8 -0.688994
9 20 0 8 -0.689566
56 65 0 8 -0.692023
41 81 0 8 -0.692400
35 85 0 8 -0.693005
83 92 0 8 -0.693794
32 65 0 8 -0.695082
15 76 0 8 -0.696265
30 87 0 8 -0.698439
16 88 0 8 -0.698498
44 66 0 8 -0.699142
45 87 0 8 -0.699446
40 56 0 8 -0.700990
4 93 0 8 -0.700994
13 60 0 8 -0.702062
13 91 0 8 -0.702697
30 71 0 8 -0.703223
37 70 0 8 -0.703276
14 35 0 8 -0.703840
2 52 0 8 -0.704776
48 82 0 8 -0.705151
28 39 0 8 -0.705155
63 88 0 8 -0.705573
52 63 0 8 -0.705972
6 53 0 8 -0.706146
2 21 0 8 -0.706523
30 68 0 8 -0.706642
81 90 0 8 -0.707138
30 76 0 8 -0.707349
53 61 0 8 -0.708188
45 64 0 8 -0.708254
3 12 0 8 -0.708451
41 87 0 8 -0.708875
56 66 0 8 -0.710719
6 89 0 8 -0.711063
33 77 0 8 -0.711495
3 15 0 8 -0.711761
41 48 0 8 -0.712559
63 92 0 8 -0.713412
17 86 0 8 -0.713721
59 87 0 8 -0.714328
74 87 0 8 -0.714361
9 76 0 8 -0.714821
5 59 0 8 -0.716226
28 93 0 8 -0.716325
57 88 0 8 -0.716338
8 44 0 8 -0.717545
4 14 0 8 -0.717951
17 54 0 8 -0.718189
39 94 0 8 -0.718341
49 69 0 8 -0.718662
28 46 0 8 -0.720107
6 45 0 8 -0.720160
70 94 0 8 -0.720237
9 72 0 8 -0.720256
71 86 0 8 -0.721215
5 40 0 8 -0.721809
54 90 0 8 -0.722230
66 72 0 8 -0.722291
23 92 0 8 -0.724086
14 30 0 8 -0.725705
18 45 0 8 -0.727882
30 90 0 8 -0.728338
8 73 0 8 -0.728360
54 65 0 8 -0.728878
8 89 0 8 -0.729242
67 72 0 8 -0.729332
10 43 0 8 -0.729480
62 82 0 8 -0.729721
66 91 0 8 -0.730222
25 33 0 8 -0.730244
43 71 0 8 -0.731245
10 93 0 8 -0.731439
55 77 0 8 -0.732526
7 58 0 8 -0.734158
6 88 0 8 -0.734343
17 24 0 8 -0.734350
12 89 0 8 -0.734638
32 72 0 8 -0.735109
67 92 0 8 -0.736369
20 26 0 8 -0.737378
32 52 0 8 -0.737847
40 85 0 8 -0.737959
51 68 0 8 -0.738421
3 59 0 8 -0.738466
56 67 0 8 -0.739230
14 85 0 8 -0.739868
21 77 0 8 -0.740617
33 43 0 8 -0.740844
57 83 0 8 -0.741371
18 38 0 8 -0.741840
9 30 0 8 -0.742184
19 84 0 8 -0.742324
20 78 0 8 -0.742540
13 32 0 8 -0.744199
79 89 0 8 -0.744604
24 88 0 8 -0.745136
68 90 0 8 -0.746242
69 90 0 8 -0.746899
7 60 0 8 -0.747131
27 93 0 8 -0.748020
52 90 0 8 -0.748319
17 53 0 8 -0.748441
37 61 0 8 -0.748714
58 92 0 8 -0.749315
32 47 0 8 -0.749931
4 77 0 8 -0.750530
50 62 0 8 -0.751493
76 88 0 8 -0.752190
67 90 0 8 -0.752766
8 80 0 8 -0.752789
13 19 0 8 -0.753337
49 89 0 8 -0.753483
53 59 0 8 -0.753777
53 58 0 8 -0.755803
16 36 0 8 -0.756779
6 43 0 8 -0.757955
2 46 0 8 -0.758668
34 68 0 8 -0.758765
62 67 0 8 -0.759643
73 93 0 8 -0.761127
24 46 0 8 -0.762035
40 68 0 8 -0.762089
31 94 0 8 -0.762220
3 9 0 8 -0.762332
28 47 0 8 -0.763058
5 90 0 8 -0.764624
27 61 0 8 -0.765399
33 84 0 8 -0.765558
31 61 0 8 -0.766010
31 92 0 8 -0.766186
36 86 0 8 -0.767062
33 44 0 8 -0.768440
47 84 0 8 -0.768638
59 69 0 8 -0.768871
72 82 0 8 -0.769870
21 81 0 8 -0.770050
25 41 0 8 -0.770936
26 92 0 8 -0.771048
40 51 0 8 -0.771190
25 64 0 8 -0.771978
17 28 0 8 -0.772137
14 84 0 8 -0.772334
5 34 0 8 -0.773405
62 85 0 8 -0.773573
27 53 0 8 -0.775038
65 86 0 8 -0.775581
59 83 0 8 -0.775755
30 62 0 8 -0.776140
27 83 0 8 -0.776175
32 38 0 8 -0.776326
8 82 0 8 -0.776441
29 72 0 8 -0.776695
19 59 0 8 -0.776765
18 48 0 8 -0.777012
19 78 0 8 -0.777725
14 68 0 8 -0.778193
38 48 0 8 -0.779887
64 80 0 8 -0.780576
22 35 0 8 -0.780663
39 58 0 8 -0.781352
19 54 0 8 -0.781735
11 50 0 8 -0.782841
27 81 0 8 -0.784464
80 89 0 8 -0.785250
9 38 0 8 -0.785923
44 70 0 8 -0.786356
29 92 0 8 -0.786802
16 94 0 8 -0.786963
47 63 0 8 -0.787001
2 91 0 8 -0.787343
61 90 0 8 -0.788316
27 77 0 8 -0.788402
5 55 0 8 -0.789239
44 84 0 8 -0.789487
25 73 0 8 -0.791172
48 81 0 8 -0.791472
53 90 0 8 -0.791998
33 56 0 8 -0.792129
60 80 0 8 -0.793074
41 70 0 8 -0.793080
10 83 0 8 -0.793308
6 77 0 8 -0.793672
2 86 0 8 -0.794132
53 83 0 8 -0.794256
33 80 0 8 -0.794295
4 82 0 8 -0.795672
12 88 0 8 -0.796487
12 78 0 8 -0.796682
47 89 0 8 -0.796838
22 29 0 8 -0.797626
14 62 0 8 -0.797923
42 88 0 8 -0.798311
63 85 0 8 -0.799489
42 68 0 8 -0.801161
16 62 0 8 -0.801256
52 64 0 8 -0.801608
46 74 0 8 -0.802116
19 63 0 8 -0.803037
62 83 0 8 -0.803270
61 93 0 8 -0.804070
34 56 0 8 -0.804237
7 88 0 8 -0.804872
24 91 0 8 -0.807315
62 87 0 8 -0.807566
75 92 0 8 -0.807922
64 91 0 8 -0.808404
55 86 0 8 -0.808469
32 81 0 8 -0.811178
6 23 0 8 -0.811733
32 75 0 8 -0.812112
35 91 0 8 -0.812456
4 17 0 8 -0.813068
58 78 0 8 -0.813213
33 70 0 8 -0.814653
72 89 0 8 -0.814906
6 84 0 8 -0.815013
49 91 0 8 -0.815015
65 77 0 8 -0.815780
61 87 0 8 -0.816461
6 86 0 8 -0.817795
25 65 0 8 -0.819021
4 26 0 8 -0.819120
40 90 0 8 -0.819484
14 27 0 8 -0.819524
25 74 0 8 -0.820548
4 12 0 8 -0.820681
7 38 0 8 -0.822286
59 77 0 8 -0.823010
50 58 0 8 -0.823725
27 88 0 8 -0.825427
25 43 0 8 -0.826508
3 61 0 8 -0.827638
11 92 0 8 -0.828360
76 84 0 8 -0.828635
16 29 0 8 -0.829004
35 93 0 8 -0.829023
18 63 0 8 -0.829428
57 75 0 8 -0.831824
6 52 0 8 -0.831958
30 84 0 8 -0.833744
8 54 0 8 -0.835879
12 54 0 8 -0.836859
9 94 0 8 -0.837120
7 54 0 8 -0.837184
31 53 0 8 -0.838435
66 75 0 8 -0.839698
9 64 0 8 -0.841006
3 30 0 8 -0.842039
20 57 0 8 -0.842055
32 88 0 8 -0.842249
4 88 0 8 -0.842742
61 70 0 8 -0.844462
36 59 0 8 -0.844625
68 80 0 8 -0.844850
10 72 0 8 -0.844941
14 50 0 8 -0.844960
9 50 0 8 -0.845523
6 39 0 8 -0.847721
52 71 0 8 -0.848213
6 38 0 8 -0.848245
18 73 0 8 -0.848303
61 83 0 8 -0.848436
16 68 0 8 -0.849076
69 84 0 8 -0.850025
15 74 0 8 -0.850673
2 13 0 8 -0.850871
34 53 0 8 -0.851360
4 31 0 8 -0.851684
40 81 0 8 -0.852918
34 58 0 8 -0.853061
43 83 0 8 -0.855000
35 44 0 8 -0.856662
31 88 0 8 -0.857149
51 70 0 8 -0.857965
81 93 0 8 -0.858011
43 84 0 8 -0.858110
14 61 0 8 -0.858342
8 64 0 8 -0.858361
29 55 0 8 -0.859343
14 89 0 8 -0.860789
32 92 0 8 -0.860822
25 56 0 8 -0.861577
34 84 0 8 -0.861775
64 92 0 8 -0.862104
57 71 0 8 -0.862544
22 86 0 8 -0.862964
75 91 0 8 -0.863282
38 77 0 8 -0.863699
64 90 0 8 -0.863967
12 27 0 8 -0.864702
40 88 0 8 -0.866737
5 49 0 8 -0.866780
7 37 0 8 -0.866786
27 66 0 8 -0.867298
29 35 0 8 -0.867531
54 86 0 8 -0.867854
17 44 0 8 -0.868014
14 23 0 8 -0.868137
12 28 0 8 -0.868233
68 86 0 8 -0.868246
11 44 0 8 -0.868305
4 38 0 8 -0.868581
48 75 0 8 -0.868723
72 90 0 8 -0.869371
67 84 0 8 -0.869514
35 82 0 8 -0.869598
39 67 0 8 -0.870442
15 49 0 8 -0.870978
27 60 0 8 -0.871620
31 63 0 8 -0.871653
8 74 0 8 -0.872746
30 35 0 8 -0.872827
65 90 0 8 -0.873196
16 70 0 8 -0.873546
26 49 0 8 -0.874422
27 85 0 8 -0.875196
10 22 0 8 -0.875530
5 36 0 8 -0.875812
5 21 0 8 -0.876176
31 78 0 8 -0.876956
33 38 0 8 -0.877666
6 82 0 8 -0.879314
29 36 0 8 -0.879461
34 40 0 8 -0.879760
15 32 0 8 -0.880034
35 86 0 8 -0.880592
11 72 0 8 -0.880749
55 70 0 8 -0.880993
66 86 0 8 -0.883096
22 58 0 8 -0.883206
6 83 0 8 -0.883412
28 85 0 8 -0.883442
17 46 0 8 -0.884460
33 55 0 8 -0.884568
55 79 0 8 -0.884629
19 29 0 8 -0.884799
3 11 0 8 -0.885017
33 78 0 8 -0.885083
33 61 0 8 -0.886140
24 64 0 8 -0.887159
10 85 0 8 -0.887205
68 73 0 8 -0.888432
9 75 0 8 -0.888462
17 58 0 8 -0.888471
37 46 0 8 -0.890040
13 34 0 8 -0.892689
35 42 0 8 -0.896120
42 54 0 8 -0.896734
36 92 0 8 -0.897048
18 53 0 8 -0.897826
23 40 0 8 -0.898086
58 73 0 8 -0.898846
69 88 0 8 -0.899626
2 20 0 8 -0.900631
2 81 0 8 -0.900727
63 89 0 8 -0.901051
71 77 0 8 -0.901806
11 77 0 8 -0.904935
50 87 0 8 -0.904951
14 91 0 8 -0.905537
66 80 0 8 -0.905929
2 68 0 8 -0.906052
69 87 0 8 -0.906120
21 29 0 8 -0.906896
44 94 0 8 -0.906908
23 49 0 8 -0.907561
58 70 0 8 -0.907890
13 77 0 8 -0.908879
12 19 0 8 -0.909304
23 73 0 8 -0.909506
3 83 0 8 -0.910456
47 75 0 8 -0.911054
12 67 0 8 -0.911141
29 75 0 8 -0.911262
42 83 0 8 -0.911435
60 74 0 8 -0.911764
36 76 0 8 -0.912383
29 46 0 8 -0.912476
24 60 0 8 -0.913625
47 66 0 8 -0.914656
5 79 0 8 -0.915374
50 76 0 8 -0.915951
49 80 0 8 -0.916971
55 60 0 8 -0.917371
46 79 0 8 -0.918475
23 56 0 8 -0.918804
49 87 0 8 -0.919105
35 89 0 8 -0.919508
2 74 0 8 -0.920730
28 70 0 8 -0.921461
67 86 0 8 -0.921829
3 42 0 8 -0.922962
51 83 0 8 -0.923439
17 23 0 8 -0.923975
70 91 0 8 -0.924136
35 69 0 8 -0.925093
11 48 0 8 -0.925786
22 81 0 8 -0.926039
14 57 0 8 -0.926305
22 88 0 8 -0.926310
27 86 0 8 -0.926350
52 92 0 8 -0.926937
34 86 0 8 -0.927342
46 83 0 8 -0.928184
45 78 0 8 -0.931448
27 92 0 8 -0.931657
4 55 0 8 -0.933726
27 89 0 8 -0.934674
63 94 0 8 -0.935231
82 89 0 8 -0.937125
6 69 0 8 -0.937446
9 90 0 8 -0.937721
3 55 0 8 -0.937786
8 21 0 8 -0.937957
17 84 0 8 -0.938062
59 94 0 8 -0.938296
66 88 0 8 -0.940336
13 29 0 8 -0.941114
67 85 0 8 -0.943496
25 31 0 8 -0.943545
34 88 0 8 -0.943723
49 83 0 8 -0.944996
3 50 0 8 -0.945105
17 68 0 8 -0.945802
37 85 0 8 -0.946003
35 63 0 8 -0.946147
50 57 0 8 -0.946583
34 62 0 8 -0.946971
17 73 0 8 -0.947565
55 83 0 8 -0.948364
43 82 0 8 -0.948441
12 53 0 8 -0.949136
29 90 0 8 -0.949297
19 77 0 8 -0.950136
68 92 0 8 -0.953597
45 75 0 8 -0.954835
14 45 0 8 -0.956059
47 74 0 8 -0.956913
25 83 0 8 -0.957555
11 49 0 8 -0.958740
63 93 0 8 -0.959037
4 90 0 8 -0.959498
71 89 0 8 -0.962146
4 54 0 8 -0.962309
20 90 0 8 -0.962677
20 89 0 8 -0.963286
26 90 0 8 -0.964560
46 60 0 8 -0.964963
5 87 0 8 -0.965950
29 73 0 8 -0.966618
31 80 0 8 -0.967671
35 64 0 8 -0.967896
16 54 0 8 -0.968409
50 92 0 8 -0.968447
18 56 0 8 -0.969539
4 85 0 8 -0.969764
41 53 0 8 -0.971594
30 60 0 8 -0.972027
64 82 0 8 -0.972063
57 64 0 8 -0.972692
11 35 0 8 -0.972820
31 47 0 8 -0.973174
7 80 0 8 -0.973362
25 60 0 8 -0.973465
10 91 0 8 -0.973604
22 67 0 8 -0.974335
55 89 0 8 -0.976110
60 90 0 8 -0.976165
60 70 0 8 -0.976494
34 47 0 8 -0.978538
42 60 0 8 -0.979368
43 55 0 8 -0.980756
54 91 0 8 -0.980799
59 81 0 8 -0.980801
30 83 0 8 -0.981120
15 50 0 8 -0.982533
24 35 0 8 -0.983074
9 31 0 8 -0.983229
40 62 0 8 -0.983425
39 48 0 8 -0.985066
9 70 0 8 -0.985322
3 45 0 8 -0.987450
65 83 0 8 -0.988553
6 42 0 8 -0.989316
12 33 0 8 -0.990510
24 89 0 8 -0.991283
70 80 0 8 -0.991651
29 86 0 8 -0.992135
48 91 0 8 -0.992843
22 28 0 8 -0.992975
16 46 0 8 -0.998037
10 15 0 8 -0.998108
31 44 0 8 -0.998370
40 77 0 8 -0.999939
22 53 0 8 -1.000032
52 80 0 8 -1.000400
45 65 0 8 -1.002153
41 49 0 8 -1.003895
24 79 0 8 -1.005081
3 48 0 8 -1.005327
10 49 0 8 -1.005473
71 84 0 8 -1.005795
71 91 0 8 -1.006164
66 79 0 8 -1.008040
18 28 0 8 -1.010675
23 81 0 8 -1.011088
38 91 0 8 -1.015861
20 39 0 8 -1.016198
29 91 0 8 -1.016670
45 60 0 8 -1.017547
29 68 0 8 -1.018008
20 63 0 8 -1.019082
8 79 0 8 -1.019454
38 62 0 8 -1.020487
42 63 0 8 -1.020959
5 89 0 8 -1.020975
4 78 0 8 -1.021629
58 67 0 8 -1.021914
11 40 0 8 -1.025141
14 31 0 8 -1.025604
62 90 0 8 -1.027043
9 46 0 8 -1.029547
10 69 0 8 -1.030237
21 53 0 8 -1.030329
56 88 0 8 -1.033024
23 30 0 8 -1.033288
6 44 0 8 -1.035642
49 92 0 8 -1.036325
37 44 0 8 -1.038696
17 38 0 8 -1.041917
55 63 0 8 -1.045565
10 66 0 8 -1.046128
27 63 0 8 -1.046429
51 81 0 8 -1.048537
48 69 0 8 -1.048838
54 88 0 8 -1.048946
15 27 0 8 -1.051151
11 51 0 8 -1.051241
8 59 0 8 -1.052657
45 55 0 8 -1.052977
45 63 0 8 -1.053050
10 16 0 8 -1.057184
23 77 0 8 -1.057192
9 93 0 8 -1.057243
4 92 0 8 -1.057703
60 81 0 8 -1.057979
8 67 0 8 -1.058290
38 75 0 8 -1.058648
17 76 0 8 -1.058821
16 87 0 8 -1.058933
39 93 0 8 -1.061358
44 63 0 8 -1.063073
45 74 0 8 -1.064253
58 68 0 8 -1.064907
6 81 0 8 -1.064977
60 72 0 8 -1.065400
4 66 0 8 -1.066453
39 87 0 8 -1.068301
21 28 0 8 -1.068352
34 91 0 8 -1.069162
11 79 0 8 -1.069771
78 83 0 8 -1.069789
15 79 0 8 -1.070724
6 64 0 8 -1.071126
3 25 0 8 -1.072020
10 47 0 8 -1.072773
36 85 0 8 -1.072958
8 81 0 8 -1.075070
39 61 0 8 -1.075720
43 75 0 8 -1.076347
61 73 0 8 -1.078613
53 87 0 8 -1.078876
41 72 0 8 -1.079686
6 62 0 8 -1.079813
21 60 0 8 -1.080522
20 52 0 8 -1.084849
30 50 0 8 -1.086743
6 65 0 8 -1.087642
35 47 0 8 -1.087731
9 86 0 8 -1.087845
56 62 0 8 -1.088799
12 17 0 8 -1.089383
14 51 0 8 -1.089719
38 53 0 8 -1.089954
55 72 0 8 -1.090009
56 78 0 8 -1.090521
28 52 0 8 -1.091014
41 92 0 8 -1.091296
44 75 0 8 -1.091599
11 64 0 8 -1.092115
29 38 0 8 -1.093843
8 68 0 8 -1.094802
44 56 0 8 -1.094914
39 52 0 8 -1.095753
17 65 0 8 -1.096947
63 87 0 8 -1.097581
21 93 0 8 -1.097799
33 54 0 8 -1.099329
24 81 0 8 -1.099801
10 90 0 8 -1.100311
26 78 0 8 -1.100571
26 56 0 8 -1.100668
9 42 0 8 -1.101204
15 93 0 8 -1.101529
21 56 0 8 -1.101805
10 81 0 8 -1.102494
38 61 0 8 -1.103048
5 14 0 8 -1.103122
27 45 0 8 -1.104628
68 74 0 8 -1.104902
22 50 0 8 -1.105894
64 79 0 8 -1.106432
22 90 0 8 -1.107623
13 76 0 8 -1.108033
59 86 0 8 -1.109658
69 78 0 8 -1.110891
27 91 0 8 -1.112176
61 69 0 8 -1.114236
12 69 0 8 -1.115694
15 65 0 8 -1.117507
10 44 0 8 -1.117597
53 82 0 8 -1.117808
64 76 0 8 -1.120926
81 86 0 8 -1.121295
14 39 0 8 -1.121320
17 88 0 8 -1.122456
30 67 0 8 -1.122507
16 76 0 8 -1.122810
24 62 0 8 -1.122979
13 63 0 8 -1.123291
57 91 0 8 -1.123298
6 74 0 8 -1.124450
35 84 0 8 -1.124513
27 64 0 8 -1.124731
36 61 0 8 -1.125290
42 90 0 8 -1.125665
72 92 0 8 -1.127786
29 80 0 8 -1.128769
46 52 0 8 -1.129101
9 40 0 8 -1.129572
48 86 0 8 -1.129853
20 55 0 8 -1.130076
47 68 0 8 -1.130111
33 81 0 8 -1.130891
77 92 0 8 -1.131115
7 40 0 8 -1.131336
56 73 0 8 -1.132954
3 78 0 8 -1.133559
24 70 0 8 -1.135185
13 59 0 8 -1.136306
59 84 0 8 -1.136898
4 89 0 8 -1.138329
61 76 0 8 -1.139319
7 24 0 8 -1.141124
39 57 0 8 -1.142150
4 44 0 8 -1.143440
33 42 0 8 -1.143477
41 74 0 8 -1.143563
33 48 0 8 -1.143832
15 21 0 8 -1.144545
41 85 0 8 -1.145157
33 79 0 8 -1.147830
13 24 0 8 -1.149778
66 76 0 8 -1.150250
4 73 0 8 -1.150875
61 85 0 8 -1.151049
35 92 0 8 -1.157328
74 90 0 8 -1.159094
13 88 0 8 -1.159947
67 80 0 8 -1.161544
12 85 0 8 -1.161928
6 47 0 8 -1.162500
33 72 0 8 -1.162605
5 60 0 8 -1.163156
26 34 0 8 -1.163200
5 30 0 8 -1.165160
39 51 0 8 -1.165553
14 70 0 8 -1.166561
36 79 0 8 -1.167491
68 88 0 8 -1.167759
43 87 0 8 -1.167858
24 49 0 8 -1.170439
31 66 0 8 -1.170873
37 81 0 8 -1.171212
46 68 0 8 -1.171980
23 55 0 8 -1.172781
12 79 0 8 -1.173353
42 51 0 8 -1.176613
40 75 0 8 -1.181680
43 91 0 8 -1.182003
26 43 0 8 -1.182221
62 70 0 8 -1.182790
5 82 0 8 -1.188492
24 69 0 8 -1.191107
33 40 0 8 -1.193463
9 51 0 8 -1.194804
11 43 0 8 -1.194993
22 63 0 8 -1.195616
46 75 0 8 -1.196763
55 75 0 8 -1.197553
22 89 0 8 -1.198305
28 64 0 8 -1.198767
52 74 0 8 -1.199131
27 55 0 8 -1.199913
20 29 0 8 -1.200041
53 70 0 8 -1.201044
17 50 0 8 -1.201122
46 66 0 8 -1.202053
3 87 0 8 -1.202155
8 52 0 8 -1.202379
9 62 0 8 -1.202906
49 57 0 8 -1.203178
30 52 0 8 -1.203769
38 83 0 8 -1.206934
63 68 0 8 -1.208358
26 93 0 8 -1.209833
59 90 0 8 -1.210796
41 90 0 8 -1.211846
10 24 0 8 -1.211904
14 53 0 8 -1.212089
55 91 0 8 -1.213467
17 39 0 8 -1.216366
35 88 0 8 -1.217676
31 41 0 8 -1.218158
10 51 0 8 -1.219428
68 82 0 8 -1.220235
64 89 0 8 -1.220270
13 45 0 8 -1.220299
45 81 0 8 -1.222310
32 50 0 8 -1.222819
43 66 0 8 -1.223337
23 44 0 8 -1.223824
47 61 0 8 -1.225594
7 25 0 8 -1.227031
63 84 0 8 -1.227330
64 84 0 8 -1.227803
14 49 0 8 -1.229839
37 87 0 8 -1.229961
36 63 0 8 -1.230644
30 74 0 8 -1.230856
27 62 0 8 -1.230995
37 78 0 8 -1.231463
44 72 0 8 -1.233042
52 76 0 8 -1.233466
38 80 0 8 -1.233551
22 83 0 8 -1.236239
70 87 0 8 -1.237711
16 71 0 8 -1.238251
53 78 0 8 -1.238364
13 27 0 8 -1.238732
52 83 0 8 -1.240531
34 83 0 8 -1.241328
20 65 0 8 -1.244673
59 78 0 8 -1.244971
28 61 0 8 -1.245050
13 38 0 8 -1.246314
11 32 0 8 -1.247972
29 78 0 8 -1.248645
3 69 0 8 -1.251316
50 84 0 8 -1.251762
31 67 0 8 -1.251830
54 60 0 8 -1.252659
18 87 0 8 -1.253031
16 48 0 8 -1.254953
21 57 0 8 -1.256379
42 93 0 8 -1.256648
18 54 0 8 -1.256809
50 70 0 8 -1.258975
45 59 0 8 -1.259074
33 50 0 8 -1.259490
13 46 0 8 -1.260114
44 83 0 8 -1.260696
22 41 0 8 -1.262790
16 40 0 8 -1.263452
7 85 0 8 -1.264406
3 81 0 8 -1.264496
21 68 0 8 -1.264796
39 49 0 8 -1.266840
7 14 0 8 -1.267149
57 79 0 8 -1.267583
12 86 0 8 -1.268929
25 55 0 8 -1.270049
36 71 0 8 -1.270259
10 75 0 8 -1.275868
17 80 0 8 -1.276657
38 56 0 8 -1.276980
52 77 0 8 -1.277370
6 16 0 8 -1.277548
28 38 0 8 -1.277756
42 76 0 8 -1.278311
14 26 0 8 -1.281614
25 85 0 8 -1.282298
59 80 0 8 -1.284638
62 79 0 8 -1.285208
50 71 0 8 -1.286724
61 91 0 8 -1.287735
45 70 0 8 -1.288461
21 46 0 8 -1.288834
52 88 0 8 -1.290568
34 48 0 8 -1.291288
22 56 0 8 -1.292400
28 86 0 8 -1.293086
7 92 0 8 -1.293426
38 85 0 8 -1.293892
12 31 0 8 -1.293974
40 64 0 8 -1.294195
61 86 0 8 -1.295200
15 35 0 8 -1.298597
51 77 0 8 -1.299727
47 77 0 8 -1.300110
48 63 0 8 -1.301507
63 86 0 8 -1.301865
12 37 0 8 -1.303507
10 76 0 8 -1.305083
3 46 0 8 -1.305336
33 47 0 8 -1.307767
23 48 0 8 -1.307808
23 82 0 8 -1.308036
62 88 0 8 -1.308148
43 77 0 8 -1.308850
16 30 0 8 -1.309762
24 36 0 8 -1.310344
8 87 0 8 -1.310444
53 62 0 8 -1.311679
18 55 0 8 -1.312122
3 20 0 8 -1.314033
39 45 0 8 -1.316655
38 47 0 8 -1.317620
20 27 0 8 -1.318953
31 84 0 8 -1.319057
33 82 0 8 -1.319856
4 69 0 8 -1.320817
21 45 0 8 -1.327438
49 68 0 8 -1.328436
56 70 0 8 -1.329483
40 74 0 8 -1.329694
24 41 0 8 -1.331612
6 46 0 8 -1.336865
17 71 0 8 -1.343666
16 93 0 8 -1.344411
37 74 0 8 -1.345399
30 42 0 8 -1.346014
17 82 0 8 -1.346466
65 88 0 8 -1.349130
18 71 0 8 -1.349226
79 92 0 8 -1.351297
22 34 0 8 -1.351976
26 59 0 8 -1.354246
37 76 0 8 -1.356104
24 48 0 8 -1.356111
4 33 0 8 -1.357065
7 65 0 8 -1.361413
3 51 0 8 -1.361542
30 53 0 8 -1.362570
10 33 0 8 -1.367040
23 46 0 8 -1.367689
61 84 0 8 -1.367991
46 86 0 8 -1.368361
7 91 0 8 -1.370569
31 89 0 8 -1.370816
31 54 0 8 -1.373804
15 69 0 8 -1.374003
43 50 0 8 -1.376293
71 82 0 8 -1.377194
27 32 0 8 -1.377945
9 79 0 8 -1.378742
40 80 0 8 -1.381511
21 82 0 8 -1.381516
15 58 0 8 -1.382414
30 38 0 8 -1.384200
26 81 0 8 -1.384529
16 56 0 8 -1.385816
24 74 0 8 -1.386755
15 28 0 8 -1.386770
25 78 0 8 -1.387207
22 45 0 8 -1.390534
48 73 0 8 -1.390564
42 47 0 8 -1.390847
11 84 0 8 -1.392897
41 57 0 8 -1.401939
28 35 0 8 -1.401982
22 65 0 8 -1.402399
13 30 0 8 -1.404199
30 59 0 8 -1.404917
41 78 0 8 -1.405211
9 81 0 8 -1.405956
4 91 0 8 -1.407189
42 79 0 8 -1.409253
37 82 0 8 -1.414121
18 60 0 8 -1.415041
6 63 0 8 -1.419604
15 80 0 8 -1.420588
54 84 0 8 -1.421443
4 80 0 8 -1.421713
4 45 0 8 -1.424403
7 48 0 8 -1.425326
21 52 0 8 -1.427095
13 80 0 8 -1.427850
77 91 0 8 -1.428662
5 73 0 8 -1.428941
10 41 0 8 -1.429397
51 84 0 8 -1.430917
25 40 0 8 -1.433423
48 58 0 8 -1.434179
36 91 0 8 -1.434530
53 72 0 8 -1.436403
48 85 0 8 -1.438212
40 54 0 8 -1.443064
8 57 0 8 -1.443082
16 27 0 8 -1.443283
39 89 0 8 -1.443471
16 21 0 8 -1.443766
51 78 0 8 -1.443854
46 65 0 8 -1.443896
64 85 0 8 -1.447201
45 76 0 8 -1.447919
31 57 0 8 -1.452234
7 73 0 8 -1.452892
13 82 0 8 -1.454123
30 46 0 8 -1.455125
38 72 0 8 -1.456188
11 59 0 8 -1.460761
33 91 0 8 -1.460931
66 87 0 8 -1.461968
15 92 0 8 -1.464048
49 77 0 8 -1.464151
12 75 0 8 -1.464544
55 88 0 8 -1.465068
11 36 0 8 -1.466473
41 80 0 8 -1.466821
27 73 0 8 -1.467971
63 91 0 8 -1.471961
53 73 0 8 -1.471988
17 83 0 8 -1.472799
42 49 0 8 -1.474356
13 72 0 8 -1.476103
38 65 0 8 -1.476415
12 58 0 8 -1.477345
48 61 0 8 -1.479712
51 76 0 8 -1.480613
41 88 0 8 -1.485079
55 92 0 8 -1.488050
15 23 0 8 -1.489187
56 83 0 8 -1.492797
16 43 0 8 -1.495543
31 83 0 8 -1.498316
40 82 0 8 -1.499485
40 86 0 8 -1.500462
52 84 0 8 -1.503431
34 92 0 8 -1.503675
76 89 0 8 -1.507894
58 72 0 8 -1.509304
7 62 0 8 -1.510599
7 77 0 8 -1.512042
12 66 0 8 -1.516244
21 62 0 8 -1.517936
27 69 0 8 -1.519211
49 85 0 8 -1.521896
8 69 0 8 -1.523480
22 69 0 8 -1.525383
11 18 0 8 -1.526508
50 79 0 8 -1.527174
15 84 0 8 -1.528623
9 71 0 8 -1.529694
16 42 0 8 -1.530712
46 87 0 8 -1.531529
13 42 0 8 -1.533758
5 43 0 8 -1.533827
31 43 0 8 -1.538804
7 50 0 8 -1.540396
15 47 0 8 -1.541020
28 81 0 8 -1.543425
22 87 0 8 -1.544400
7 21 0 8 -1.545272
26 54 0 8 -1.546844
52 66 0 8 -1.548315
13 85 0 8 -1.548426
9 78 0 8 -1.548723
15 24 0 8 -1.548738
36 58 0 8 -1.549921
74 86 0 8 -1.552038
3 80 0 8 -1.552315
16 91 0 8 -1.552974
38 88 0 8 -1.558739
39 78 0 8 -1.558935
31 68 0 8 -1.560190
5 13 0 8 -1.560282
45 79 0 8 -1.561450
44 53 0 8 -1.561481
8 26 0 8 -1.568893
51 59 0 8 -1.574919
71 87 0 8 -1.577561
38 52 0 8 -1.580539
34 73 0 8 -1.584175
37 63 0 8 -1.586428
65 79 0 8 -1.586570
44 60 0 8 -1.587656
37 79 0 8 -1.588753
26 80 0 8 -1.588909
42 81 0 8 -1.591322
31 52 0 8 -1.592248
3 72 0 8 -1.594442
7 27 0 8 -1.595829
27 47 0 8 -1.606661
25 87 0 8 -1.607710
9 25 0 8 -1.612223
10 88 0 8 -1.612600
46 56 0 8 -1.613916
58 84 0 8 -1.617350
4 83 0 8 -1.619054
18 31 0 8 -1.620121
10 74 0 8 -1.623235
31 62 0 8 -1.624579
9 87 0 8 -1.628430
48 65 0 8 -1.629107
43 72 0 8 -1.637065
21 71 0 8 -1.640092
11 86 0 8 -1.643498
47 72 0 8 -1.645255
71 76 0 8 -1.649597
41 47 0 8 -1.654938
14 81 0 8 -1.655955
31 70 0 8 -1.656872
59 88 0 8 -1.657122
9 27 0 8 -1.659408
13 25 0 8 -1.661203
59 73 0 8 -1.662125
49 61 0 8 -1.662903
20 85 0 8 -1.664419
31 77 0 8 -1.665869
37 67 0 8 -1.666676
12 92 0 8 -1.670342
58 85 0 8 -1.672318
14 21 0 8 -1.673370
23 39 0 8 -1.673619
35 78 0 8 -1.675216
27 72 0 8 -1.679333
18 79 0 8 -1.680215
7 64 0 8 -1.683199
39 86 0 8 -1.683353
24 44 0 8 -1.683821
73 88 0 8 -1.686146
31 74 0 8 -1.687552
13 36 0 8 -1.693762
31 73 0 8 -1.693945
3 16 0 8 -1.699322
18 58 0 8 -1.699652
30 80 0 8 -1.701019
49 88 0 8 -1.701471
36 83 0 8 -1.703785
42 80 0 8 -1.704460
55 76 0 8 -1.709663
58 71 0 8 -1.709967
8 62 0 8 -1.711068
5 42 0 8 -1.711655
78 91 0 8 -1.713452
38 76 0 8 -1.714103
57 74 0 8 -1.714600
7 82 0 8 -1.715456
26 62 0 8 -1.717014
62 80 0 8 -1.717386
33 73 0 8 -1.718492
29 83 0 8 -1.721311
39 72 0 8 -1.723743
18 47 0 8 -1.726032
13 40 0 8 -1.726322
37 86 0 8 -1.727169
9 54 0 8 -1.731764
15 78 0 8 -1.738607
77 84 0 8 -1.741350
30 45 0 8 -1.743007
47 59 0 8 -1.745299
13 81 0 8 -1.746077
31 48 0 8 -1.748407
37 57 0 8 -1.751671
32 53 0 8 -1.756747
8 66 0 8 -1.759492
20 36 0 8 -1.760121
31 69 0 8 -1.764453
11 85 0 8 -1.767405
4 59 0 8 -1.772892
13 78 0 8 -1.776974
54 80 0 8 -1.777045
4 15 0 8 -1.779203
25 66 0 8 -1.779462
43 67 0 8 -1.786065
35 83 0 8 -1.786397
11 70 0 8 -1.791431
30 73 0 8 -1.792811
48 84 0 8 -1.793946
77 87 0 8 -1.795216
51 74 0 8 -1.798811
39 44 0 8 -1.801820
49 74 0 8 -1.802947
33 59 0 8 -1.809666
41 86 0 8 -1.815063
30 49 0 8 -1.818191
30 41 0 8 -1.819818
11 46 0 8 -1.822685
13 87 0 8 -1.822957
46 84 0 8 -1.824115
70 86 0 8 -1.825948
29 82 0 8 -1.827385
34 77 0 8 -1.829997
21 51 0 8 -1.832310
20 44 0 8 -1.838509
29 48 0 8 -1.849661
32 91 0 8 -1.850344
20 47 0 8 -1.867202
46 80 0 8 -1.869085
31 76 0 8 -1.879164
35 81 0 8 -1.880116
43 85 0 8 -1.881374
20 28 0 8 -1.883313
26 85 0 8 -1.885188
5 25 0 8 -1.889091
48 66 0 8 -1.903039
26 89 0 8 -1.907770
5 29 0 8 -1.910072
16 79 0 8 -1.910149
28 37 0 8 -1.911521
21 70 0 8 -1.913266
12 77 0 8 -1.915122
46 67 0 8 -1.915481
57 81 0 8 -1.920823
15 37 0 8 -1.921825
39 50 0 8 -1.925880
14 32 0 8 -1.934223
8 83 0 8 -1.936663
21 74 0 8 -1.939855
33 88 0 8 -1.942550
40 47 0 8 -1.942862
54 71 0 8 -1.944140
11 31 0 8 -1.947603
11 76 0 8 -1.958496
24 78 0 8 -1.973973
25 51 0 8 -1.978038
67 74 0 8 -1.981776
43 64 0 8 -1.985068
20 81 0 8 -1.985206
49 82 0 8 -2.002409
49 84 0 8 -2.012249
32 71 0 8 -2.023570
16 51 0 8 -2.030664
22 44 0 8 -2.030796
9 23 0 8 -2.035681
8 41 0 8 -2.038938
24 45 0 8 -2.047605
10 58 0 8 -2.047908
31 64 0 8 -2.074317
7 42 0 8 -2.079463
53 63 0 8 -2.081866
12 22 0 8 -2.084890
64 78 0 8 -2.086916
32 83 0 8 -2.087224
20 84 0 8 -2.089926
20 86 0 8 -2.101889
49 54 0 8 -2.121115
11 26 0 8 -2.134775
18 84 0 8 -2.140282
7 20 0 8 -2.154242
71 81 0 8 -2.161472
8 70 0 8 -2.162025
24 29 0 8 -2.165719
29 84 0 8 -2.177912
44 50 0 8 -2.183090
8 47 0 8 -2.185297
43 70 0 8 -2.202846
13 31 0 8 -2.208149
34 85 0 8 -2.209682
28 71 0 8 -2.214730
48 78 0 8 -2.223687
21 65 0 8 -2.224861
21 78 0 8 -2.238416
12 83 0 8 -2.247623
26 40 0 8 -2.248584
15 40 0 8 -2.258312
55 65 0 8 -2.280017
50 74 0 8 -2.280482
64 86 0 8 -2.305200
7 47 0 8 -2.313493
72 79 0 8 -2.315714
21 26 0 8 -2.318581
49 66 0 8 -2.319286
16 47 0 8 -2.327341
58 79 0 8 -2.335882
13 74 0 8 -2.344668
25 82 0 8 -2.356790
29 88 0 8 -2.359366
45 57 0 8 -2.369396
26 86 0 8 -2.384384
12 46 0 8 -2.399290
34 49 0 8 -2.408935
20 66 0 8 -2.436896
20 38 0 8 -2.446254
24 43 0 8 -2.446738
57 72 0 8 -2.468626
20 40 0 8 -2.503745
28 55 0 8 -2.512050
20 82 0 8 -2.580020
45 66 0 8 -2.597894
40 63 0 8 -2.645418
7 71 0 8 -2.646497
42 52 0 8 -2.681933
48 76 0 8 -2.711505
22 37 0 8 -2.720854
9 58 0 8 -2.733755
31 55 0 8 -2.767710
29 71 0 8 -2.799270
39 74 0 8 -2.837471
20 46 0 8 -2.939331
20 69 0 8 -2.957309
58 65 0 8 -2.962435
46 72 0 8 -3.024921
12 43 0 8 -3.035186
