4 17 0 8 10.245839
51 78 0 8 9.216823
9 70 0 8 8.759485
36 54 0 8 7.431075
39 76 0 8 6.599072
52 61 0 8 6.573773
50 61 0 8 5.830214
53 60 0 8 5.824283
54 81 0 8 5.421403
8 76 0 8 5.406819
42 67 0 8 5.393306
5 20 0 8 5.012456
35 79 0 8 4.976174
16 31 0 8 4.963072
39 75 0 8 4.944817
8 39 0 8 4.710370
64 71 0 8 4.612790
34 48 0 8 4.609285
55 65 0 8 4.607090
7 37 0 8 4.544420
5 38 0 8 4.449059
50 63 0 8 4.115934
4 30 0 8 4.088875
50 62 0 8 4.011358
55 70 0 8 4.000087
35 54 0 8 3.944679
51 62 0 8 3.935819
9 19 0 8 3.879197
18 31 0 8 3.864141
44 65 0 8 3.861959
36 79 0 8 3.836451
19 24 0 8 3.790233
50 84 0 8 3.784642
36 53 0 8 3.687008
16 22 0 8 3.653136
14 37 0 8 3.644795
3 49 0 8 3.604968
47 67 0 8 3.586152
44 49 0 8 3.490555
6 58 0 8 3.483433
41 51 0 8 3.428891
39 79 0 8 3.416424
28 33 0 8 3.406699
19 77 0 8 3.404013
7 76 0 8 3.402709
54 79 0 8 3.373362
11 67 0 8 3.339047
5 54 0 8 3.266854
4 15 0 8 3.255970
17 72 0 8 3.237637
7 14 0 8 3.181598
18 32 0 8 3.176189
60 68 0 8 3.143195
48 84 0 8 3.085610
2 52 0 8 3.084900
14 19 0 8 3.076991
51 64 0 8 3.058735
35 71 0 8 3.043790
62 74 0 8 3.011137
16 23 0 8 2.990533
53 77 0 8 2.969650
48 63 0 8 2.967445
30 37 0 8 2.961566
61 66 0 8 2.928515
22 57 0 8 2.918127
7 39 0 8 2.887291
51 74 0 8 2.887084
68 74 0 8 2.881827
4 16 0 8 2.856316
23 28 0 8 2.842076
8 19 0 8 2.825274
21 51 0 8 2.821731
16 33 0 8 2.818117
20 47 0 8 2.814272
20 81 0 8 2.806549
11 68 0 8 2.806020
6 77 0 8 2.768720
51 82 0 8 2.736312
29 81 0 8 2.731535
31 83 0 8 2.698595
52 62 0 8 2.691103
5 51 0 8 2.687079
44 60 0 8 2.662840
9 45 0 8 2.662006
41 64 0 8 2.640191
38 61 0 8 2.639352
23 34 0 8 2.636917
28 37 0 8 2.625133
19 39 0 8 2.619646
27 78 0 8 2.584279
60 76 0 8 2.560767
29 73 0 8 2.549060
15 66 0 8 2.486720
4 46 0 8 2.464302
61 74 0 8 2.463855
63 68 0 8 2.417288
13 40 0 8 2.410337
50 82 0 8 2.375654
24 56 0 8 2.370760
47 66 0 8 2.339424
49 83 0 8 2.312800
66 74 0 8 2.312684
50 58 0 8 2.306218
42 83 0 8 2.295188
16 32 0 8 2.266382
2 17 0 8 2.260311
11 27 0 8 2.241541
12 22 0 8 2.229721
65 82 0 8 2.228367
22 82 0 8 2.217103
38 64 0 8 2.212015
61 71 0 8 2.204857
15 63 0 8 2.201737
62 69 0 8 2.199915
14 38 0 8 2.185425
37 70 0 8 2.175570
12 56 0 8 2.157012
49 63 0 8 2.124563
57 69 0 8 2.124398
67 73 0 8 2.115240
9 33 0 8 2.091874
9 24 0 8 2.074687
9 68 0 8 2.074019
18 23 0 8 2.050215
15 48 0 8 2.038217
58 63 0 8 2.036508
30 58 0 8 2.036284
60 81 0 8 2.018599
3 22 0 8 2.005754
72 79 0 8 2.004811
39 45 0 8 2.003449
10 38 0 8 1.998042
11 44 0 8 1.997258
3 20 0 8 1.990863
21 49 0 8 1.985909
27 52 0 8 1.985558
43 65 0 8 1.963063
17 46 0 8 1.959187
9 22 0 8 1.953069
49 57 0 8 1.949741
25 31 0 8 1.939087
8 30 0 8 1.924447
11 54 0 8 1.918126
33 72 0 8 1.904422
5 23 0 8 1.888711
49 65 0 8 1.874815
44 70 0 8 1.873632
38 45 0 8 1.871879
55 62 0 8 1.867340
39 77 0 8 1.867048
51 66 0 8 1.864292
6 22 0 8 1.862242
25 72 0 8 1.854615
62 68 0 8 1.847657
5 73 0 8 1.846915
17 47 0 8 1.845141
3 19 0 8 1.841995
44 57 0 8 1.839289
51 56 0 8 1.833199
41 60 0 8 1.832168
51 60 0 8 1.829486
51 65 0 8 1.828353
46 84 0 8 1.826844
14 45 0 8 1.825049
40 59 0 8 1.824726
25 53 0 8 1.814942
65 77 0 8 1.811672
16 67 0 8 1.810759
24 46 0 8 1.809746
19 47 0 8 1.808553
49 61 0 8 1.800019
24 38 0 8 1.799857
17 28 0 8 1.798979
48 70 0 8 1.795952
9 39 0 8 1.793176
27 33 0 8 1.788418
20 66 0 8 1.785028
53 67 0 8 1.784703
16 35 0 8 1.784317
2 47 0 8 1.783865
23 36 0 8 1.773327
26 56 0 8 1.769906
64 81 0 8 1.768880
41 78 0 8 1.764095
57 66 0 8 1.748417
7 16 0 8 1.747008
52 83 0 8 1.743186
65 70 0 8 1.734040
24 55 0 8 1.732220
32 46 0 8 1.729228
11 64 0 8 1.727600
15 61 0 8 1.723378
33 54 0 8 1.721520
10 16 0 8 1.717055
20 29 0 8 1.713135
40 46 0 8 1.706152
5 18 0 8 1.705531
5 83 0 8 1.704035
15 67 0 8 1.702227
62 71 0 8 1.692337
37 60 0 8 1.689676
38 63 0 8 1.682055
22 72 0 8 1.678524
48 67 0 8 1.674270
31 48 0 8 1.665745
20 58 0 8 1.661737
10 29 0 8 1.660027
11 26 0 8 1.658318
14 28 0 8 1.651766
17 73 0 8 1.651171
5 44 0 8 1.650464
56 77 0 8 1.647283
63 77 0 8 1.634317
45 71 0 8 1.624996
17 43 0 8 1.621139
9 47 0 8 1.610947
77 82 0 8 1.609682
2 65 0 8 1.605349
60 70 0 8 1.604261
60 72 0 8 1.602636
22 28 0 8 1.594144
32 51 0 8 1.591895
24 30 0 8 1.591829
37 69 0 8 1.586596
57 65 0 8 1.579469
41 50 0 8 1.579258
41 69 0 8 1.577856
5 16 0 8 1.577484
56 74 0 8 1.574541
11 73 0 8 1.569311
30 61 0 8 1.568972
28 34 0 8 1.568601
11 50 0 8 1.563908
27 62 0 8 1.563040
43 48 0 8 1.561322
45 78 0 8 1.556903
3 41 0 8 1.550570
33 46 0 8 1.548818
37 73 0 8 1.536432
72 81 0 8 1.535242
34 53 0 8 1.532353
12 30 0 8 1.531687
76 85 0 8 1.530630
37 62 0 8 1.528841
58 79 0 8 1.527855
20 25 0 8 1.524141
44 68 0 8 1.511709
41 54 0 8 1.509469
29 68 0 8 1.505385
43 57 0 8 1.501876
10 65 0 8 1.500216
10 82 0 8 1.495072
25 74 0 8 1.493214
43 49 0 8 1.484049
34 46 0 8 1.483989
12 55 0 8 1.483739
29 56 0 8 1.482767
23 78 0 8 1.478060
40 64 0 8 1.476583
24 49 0 8 1.469580
12 65 0 8 1.469034
40 80 0 8 1.466242
8 14 0 8 1.465952
12 37 0 8 1.464584
31 61 0 8 1.463876
23 47 0 8 1.457643
29 50 0 8 1.455638
28 71 0 8 1.453933
23 32 0 8 1.453708
34 77 0 8 1.451796
53 70 0 8 1.444048
18 81 0 8 1.443529
39 70 0 8 1.435375
29 57 0 8 1.433132
42 55 0 8 1.428878
47 69 0 8 1.425870
4 41 0 8 1.424855
12 48 0 8 1.411379
62 73 0 8 1.410867
20 57 0 8 1.410247
6 14 0 8 1.402139
6 21 0 8 1.401317
7 56 0 8 1.388892
2 18 0 8 1.383219
46 72 0 8 1.383138
3 24 0 8 1.382564
12 78 0 8 1.369843
46 64 0 8 1.365284
15 31 0 8 1.362282
20 69 0 8 1.360155
23 29 0 8 1.358050
19 34 0 8 1.350363
43 78 0 8 1.345135
5 12 0 8 1.339478
11 69 0 8 1.337174
13 59 0 8 1.331650
8 58 0 8 1.324974
69 86 0 8 1.323775
47 58 0 8 1.322459
3 46 0 8 1.319454
7 22 0 8 1.311957
10 63 0 8 1.310157
21 57 0 8 1.305596
58 73 0 8 1.304851
31 81 0 8 1.302739
30 62 0 8 1.297998
6 64 0 8 1.296401
58 69 0 8 1.290398
14 32 0 8 1.282517
9 36 0 8 1.270468
48 54 0 8 1.260847
73 79 0 8 1.259681
12 26 0 8 1.259445
32 41 0 8 1.257407
10 57 0 8 1.257370
15 34 0 8 1.249274
24 32 0 8 1.248158
14 20 0 8 1.247810
33 38 0 8 1.242120
14 66 0 8 1.239536
14 56 0 8 1.237255
60 79 0 8 1.233873
24 86 0 8 1.233636
18 68 0 8 1.229599
27 38 0 8 1.228892
46 71 0 8 1.228789
42 48 0 8 1.227952
27 45 0 8 1.226490
8 52 0 8 1.224729
23 31 0 8 1.222098
33 75 0 8 1.219376
16 25 0 8 1.219144
45 54 0 8 1.217054
53 58 0 8 1.216202
7 77 0 8 1.215763
29 41 0 8 1.203095
3 45 0 8 1.198835
51 63 0 8 1.197617
4 9 0 8 1.196298
9 73 0 8 1.195192
25 34 0 8 1.192171
46 56 0 8 1.191033
42 49 0 8 1.190071
28 81 0 8 1.189814
12 69 0 8 1.189122
15 23 0 8 1.184952
44 66 0 8 1.182282
18 38 0 8 1.180379
29 51 0 8 1.179559
5 60 0 8 1.178650
59 80 0 8 1.178378
22 27 0 8 1.177746
29 38 0 8 1.177729
53 63 0 8 1.176590
56 65 0 8 1.176018
38 56 0 8 1.174991
58 64 0 8 1.172528
10 67 0 8 1.170762
12 82 0 8 1.169668
3 52 0 8 1.168528
36 52 0 8 1.168230
10 84 0 8 1.167402
23 30 0 8 1.166505
3 23 0 8 1.165109
12 68 0 8 1.161890
27 34 0 8 1.158858
21 83 0 8 1.154926
10 28 0 8 1.153460
11 18 0 8 1.148364
6 57 0 8 1.146407
41 57 0 8 1.145902
10 62 0 8 1.145647
51 71 0 8 1.144958
10 54 0 8 1.142119
12 50 0 8 1.140948
47 71 0 8 1.139325
11 17 0 8 1.139068
19 31 0 8 1.138949
41 56 0 8 1.136522
63 72 0 8 1.133611
15 56 0 8 1.133412
14 57 0 8 1.133219
27 68 0 8 1.130329
16 83 0 8 1.130296
33 48 0 8 1.129074
47 86 0 8 1.127183
32 43 0 8 1.126830
19 58 0 8 1.123694
24 62 0 8 1.122463
9 28 0 8 1.121253
29 47 0 8 1.120947
19 67 0 8 1.116532
75 85 0 8 1.112787
44 61 0 8 1.106621
42 64 0 8 1.102486
59 78 0 8 1.100236
58 66 0 8 1.099311
73 84 0 8 1.098670
63 81 0 8 1.098505
42 82 0 8 1.089253
41 63 0 8 1.087611
63 84 0 8 1.083931
55 84 0 8 1.077471
43 71 0 8 1.075037
50 64 0 8 1.074539
55 69 0 8 1.072684
22 64 0 8 1.067480
26 33 0 8 1.063781
9 31 0 8 1.060860
31 60 0 8 1.058388
14 55 0 8 1.057686
26 36 0 8 1.056973
13 69 0 8 1.056458
41 67 0 8 1.049944
17 31 0 8 1.041005
10 26 0 8 1.037594
18 63 0 8 1.033839
9 48 0 8 1.031242
6 45 0 8 1.031116
2 66 0 8 1.028675
65 85 0 8 1.027770
10 75 0 8 1.026990
30 54 0 8 1.026911
49 58 0 8 1.025096
3 21 0 8 1.020355
53 64 0 8 1.018392
31 65 0 8 1.016613
35 64 0 8 1.010732
41 77 0 8 1.009650
63 83 0 8 1.009149
15 57 0 8 1.005545
24 51 0 8 1.005314
53 59 0 8 1.002932
2 41 0 8 1.002581
29 42 0 8 0.998858
19 41 0 8 0.996663
20 84 0 8 0.995641
9 55 0 8 0.995480
52 65 0 8 0.994553
60 66 0 8 0.992945
38 82 0 8 0.992148
26 55 0 8 0.990448
17 25 0 8 0.985379
25 37 0 8 0.982877
34 76 0 8 0.982474
61 73 0 8 0.981423
62 83 0 8 0.981312
30 69 0 8 0.978958
41 61 0 8 0.977802
29 72 0 8 0.974684
21 65 0 8 0.973371
30 53 0 8 0.970469
38 79 0 8 0.968395
5 14 0 8 0.967591
63 82 0 8 0.965535
11 56 0 8 0.965460
57 63 0 8 0.964278
56 69 0 8 0.962581
28 39 0 8 0.962564
66 77 0 8 0.958886
20 51 0 8 0.956070
35 55 0 8 0.953632
31 49 0 8 0.952636
20 50 0 8 0.946693
19 55 0 8 0.944793
39 71 0 8 0.941801
50 59 0 8 0.937590
20 74 0 8 0.936762
43 50 0 8 0.936338
25 46 0 8 0.935535
17 37 0 8 0.934844
25 40 0 8 0.934750
2 9 0 8 0.933850
14 33 0 8 0.933154
17 27 0 8 0.932149
33 80 0 8 0.931401
33 83 0 8 0.928983
70 82 0 8 0.926084
41 72 0 8 0.926055
34 55 0 8 0.925116
17 22 0 8 0.921724
4 11 0 8 0.921514
7 13 0 8 0.921053
19 79 0 8 0.918643
34 85 0 8 0.918524
5 33 0 8 0.915613
11 65 0 8 0.914516
42 62 0 8 0.913381
29 52 0 8 0.912772
18 42 0 8 0.908984
2 12 0 8 0.905833
63 69 0 8 0.905772
49 60 0 8 0.904677
55 82 0 8 0.904441
17 50 0 8 0.904026
49 64 0 8 0.902756
48 83 0 8 0.902214
24 43 0 8 0.901126
10 32 0 8 0.898753
12 74 0 8 0.898259
27 44 0 8 0.896112
6 39 0 8 0.894702
5 24 0 8 0.894643
57 83 0 8 0.893041
15 54 0 8 0.885824
5 85 0 8 0.884677
12 42 0 8 0.878605
77 86 0 8 0.878235
61 68 0 8 0.876008
37 82 0 8 0.875320
6 70 0 8 0.874288
15 26 0 8 0.871739
17 67 0 8 0.869657
14 53 0 8 0.869498
51 68 0 8 0.868317
71 81 0 8 0.868282
78 83 0 8 0.867261
3 44 0 8 0.865248
20 62 0 8 0.864619
73 78 0 8 0.862517
65 84 0 8 0.861338
8 23 0 8 0.860529
5 19 0 8 0.860487
8 13 0 8 0.856131
69 82 0 8 0.855207
16 69 0 8 0.852183
16 53 0 8 0.851724
5 50 0 8 0.850608
6 35 0 8 0.849094
27 73 0 8 0.848863
26 64 0 8 0.847259
13 74 0 8 0.844503
54 74 0 8 0.844050
72 84 0 8 0.843942
42 66 0 8 0.842311
6 20 0 8 0.841804
26 59 0 8 0.838467
52 66 0 8 0.834058
32 65 0 8 0.831020
41 47 0 8 0.830476
32 68 0 8 0.830231
56 70 0 8 0.829942
8 75 0 8 0.828132
7 19 0 8 0.824723
71 79 0 8 0.824047
68 83 0 8 0.823611
9 72 0 8 0.820515
15 32 0 8 0.818320
56 67 0 8 0.816199
33 79 0 8 0.813801
77 83 0 8 0.813252
38 78 0 8 0.810832
26 32 0 8 0.805069
71 84 0 8 0.804333
15 28 0 8 0.801295
11 82 0 8 0.800089
6 38 0 8 0.799111
30 63 0 8 0.798415
50 81 0 8 0.796907
13 26 0 8 0.796023
13 80 0 8 0.794834
21 48 0 8 0.793211
18 77 0 8 0.792476
19 57 0 8 0.791111
26 74 0 8 0.790085
61 77 0 8 0.789230
19 27 0 8 0.787361
17 33 0 8 0.784515
32 57 0 8 0.783882
55 79 0 8 0.783014
3 74 0 8 0.783009
24 66 0 8 0.782860
52 82 0 8 0.776869
21 42 0 8 0.774361
44 84 0 8 0.772434
12 45 0 8 0.772228
54 59 0 8 0.770610
15 62 0 8 0.769061
47 85 0 8 0.766394
27 77 0 8 0.765243
32 56 0 8 0.764628
46 74 0 8 0.757623
53 79 0 8 0.757543
34 73 0 8 0.754973
3 39 0 8 0.748915
2 84 0 8 0.745681
13 46 0 8 0.745250
34 71 0 8 0.744580
49 82 0 8 0.743010
73 82 0 8 0.740897
71 77 0 8 0.738758
5 17 0 8 0.735044
32 39 0 8 0.735017
10 20 0 8 0.733416
54 61 0 8 0.730625
22 30 0 8 0.729953
13 63 0 8 0.729384
5 34 0 8 0.728181
29 44 0 8 0.720197
28 49 0 8 0.719284
17 30 0 8 0.719056
64 77 0 8 0.718894
33 47 0 8 0.717301
22 58 0 8 0.712491
24 79 0 8 0.712274
45 56 0 8 0.710738
65 81 0 8 0.708104
54 82 0 8 0.707223
3 18 0 8 0.706238
11 62 0 8 0.705064
17 42 0 8 0.704964
23 57 0 8 0.704304
19 68 0 8 0.701980
24 67 0 8 0.701929
45 82 0 8 0.700708
45 53 0 8 0.700653
16 73 0 8 0.688114
59 83 0 8 0.686978
8 29 0 8 0.685957
4 10 0 8 0.685355
39 58 0 8 0.684631
55 77 0 8 0.683942
30 35 0 8 0.680817
40 85 0 8 0.678473
71 80 0 8 0.675967
10 74 0 8 0.671831
33 85 0 8 0.670931
15 44 0 8 0.670234
38 83 0 8 0.669060
7 15 0 8 0.667730
23 71 0 8 0.666263
29 60 0 8 0.663115
36 55 0 8 0.661184
14 58 0 8 0.659338
44 69 0 8 0.656910
58 81 0 8 0.656382
14 74 0 8 0.652860
38 62 0 8 0.651302
27 35 0 8 0.649949
27 81 0 8 0.649014
46 68 0 8 0.648988
33 59 0 8 0.648564
37 64 0 8 0.647973
35 62 0 8 0.646579
42 57 0 8 0.645976
63 78 0 8 0.645815
70 80 0 8 0.643632
52 69 0 8 0.642319
38 53 0 8 0.640549
56 71 0 8 0.636790
48 64 0 8 0.634593
15 74 0 8 0.632292
13 42 0 8 0.631275
14 71 0 8 0.630869
18 33 0 8 0.630647
24 78 0 8 0.629992
24 70 0 8 0.629707
37 43 0 8 0.629178
68 78 0 8 0.626922
62 81 0 8 0.626116
3 32 0 8 0.625477
70 81 0 8 0.624067
67 75 0 8 0.623663
14 73 0 8 0.620491
36 71 0 8 0.619336
37 72 0 8 0.619084
28 36 0 8 0.615743
42 65 0 8 0.615275
4 33 0 8 0.614177
16 28 0 8 0.613173
14 48 0 8 0.612823
58 72 0 8 0.610268
16 72 0 8 0.609554
17 58 0 8 0.609186
20 33 0 8 0.609122
2 14 0 8 0.609113
62 67 0 8 0.607587
18 69 0 8 0.607301
48 62 0 8 0.606417
20 38 0 8 0.605992
50 83 0 8 0.603071
22 75 0 8 0.602073
22 68 0 8 0.598678
43 51 0 8 0.597832
3 59 0 8 0.594268
33 41 0 8 0.592065
53 71 0 8 0.591615
25 75 0 8 0.590840
39 72 0 8 0.590384
4 44 0 8 0.590027
52 59 0 8 0.586419
35 40 0 8 0.584831
47 56 0 8 0.581435
12 32 0 8 0.578560
66 71 0 8 0.577281
38 73 0 8 0.576284
40 67 0 8 0.574754
11 37 0 8 0.573105
22 42 0 8 0.572567
47 63 0 8 0.571024
16 27 0 8 0.569566
7 49 0 8 0.569039
4 20 0 8 0.568461
22 45 0 8 0.568310
44 52 0 8 0.566272
29 64 0 8 0.565855
26 51 0 8 0.563338
3 60 0 8 0.563292
4 29 0 8 0.563082
48 60 0 8 0.561623
28 84 0 8 0.556050
75 84 0 8 0.556021
4 64 0 8 0.555469
55 60 0 8 0.555310
45 50 0 8 0.554630
11 40 0 8 0.552743
7 36 0 8 0.552460
30 59 0 8 0.551726
76 82 0 8 0.551552
36 74 0 8 0.551197
32 73 0 8 0.549870
55 81 0 8 0.548969
21 72 0 8 0.547459
3 51 0 8 0.546308
19 25 0 8 0.545092
22 74 0 8 0.544375
28 75 0 8 0.540462
10 80 0 8 0.540011
11 71 0 8 0.537270
27 42 0 8 0.536470
22 70 0 8 0.536190
40 84 0 8 0.534421
36 65 0 8 0.534406
36 60 0 8 0.532398
3 82 0 8 0.531564
7 45 0 8 0.531234
19 43 0 8 0.530994
66 81 0 8 0.530650
29 43 0 8 0.525452
61 85 0 8 0.523369
15 52 0 8 0.522621
3 14 0 8 0.517046
15 27 0 8 0.516516
18 34 0 8 0.516084
20 55 0 8 0.512856
60 71 0 8 0.509183
32 61 0 8 0.508531
6 28 0 8 0.508485
13 81 0 8 0.508289
26 68 0 8 0.506965
60 75 0 8 0.505933
35 76 0 8 0.504072
49 59 0 8 0.503734
43 58 0 8 0.503487
28 46 0 8 0.502620
6 73 0 8 0.498915
9 18 0 8 0.497132
51 73 0 8 0.494677
49 71 0 8 0.494406
69 75 0 8 0.494178
62 85 0 8 0.493599
18 55 0 8 0.492282
34 80 0 8 0.489566
11 85 0 8 0.489154
24 47 0 8 0.488812
7 26 0 8 0.488223
43 67 0 8 0.483786
17 70 0 8 0.482339
2 50 0 8 0.481377
13 18 0 8 0.479020
75 80 0 8 0.478281
30 56 0 8 0.476490
18 50 0 8 0.473499
12 39 0 8 0.470677
20 85 0 8 0.470577
6 13 0 8 0.469644
11 47 0 8 0.469553
3 38 0 8 0.468939
58 76 0 8 0.468937
22 33 0 8 0.463260
8 62 0 8 0.462478
4 23 0 8 0.461527
11 72 0 8 0.461389
11 75 0 8 0.459817
35 59 0 8 0.458264
52 76 0 8 0.456412
34 66 0 8 0.454477
4 21 0 8 0.453649
16 68 0 8 0.452818
36 42 0 8 0.451970
6 32 0 8 0.450304
8 65 0 8 0.448593
12 38 0 8 0.446116
16 24 0 8 0.445554
25 56 0 8 0.445141
37 63 0 8 0.444263
46 83 0 8 0.443976
9 17 0 8 0.441933
56 76 0 8 0.438854
6 40 0 8 0.434519
8 36 0 8 0.432667
28 64 0 8 0.428770
71 76 0 8 0.428282
30 46 0 8 0.426094
36 47 0 8 0.423907
3 17 0 8 0.422159
30 82 0 8 0.421898
38 49 0 8 0.419806
24 69 0 8 0.417908
10 55 0 8 0.415041
6 43 0 8 0.414553
46 78 0 8 0.412971
2 13 0 8 0.410514
70 86 0 8 0.409106
64 80 0 8 0.408004
34 43 0 8 0.404059
16 86 0 8 0.403039
20 61 0 8 0.402265
24 37 0 8 0.401311
45 74 0 8 0.401301
47 68 0 8 0.400823
22 56 0 8 0.400200
69 77 0 8 0.399550
16 21 0 8 0.398178
74 82 0 8 0.396563
31 55 0 8 0.394964
6 55 0 8 0.393753
17 63 0 8 0.393683
14 26 0 8 0.392006
62 79 0 8 0.389856
66 75 0 8 0.389838
33 52 0 8 0.389157
36 80 0 8 0.388707
15 84 0 8 0.388614
6 72 0 8 0.388496
6 41 0 8 0.388282
30 38 0 8 0.388013
7 29 0 8 0.387919
38 84 0 8 0.386257
53 84 0 8 0.385900
3 15 0 8 0.385248
53 80 0 8 0.384965
13 25 0 8 0.378556
10 31 0 8 0.377989
32 44 0 8 0.376101
19 33 0 8 0.375743
37 77 0 8 0.375109
27 40 0 8 0.374876
16 55 0 8 0.374715
10 69 0 8 0.372033
43 73 0 8 0.366896
3 70 0 8 0.365175
31 75 0 8 0.363720
27 58 0 8 0.362621
4 28 0 8 0.362420
31 73 0 8 0.360973
36 72 0 8 0.360655
31 80 0 8 0.360649
8 56 0 8 0.360015
57 80 0 8 0.359836
21 56 0 8 0.358697
47 73 0 8 0.355790
41 71 0 8 0.355733
17 85 0 8 0.355624
59 72 0 8 0.355416
25 48 0 8 0.354636
10 37 0 8 0.354596
35 80 0 8 0.353090
37 78 0 8 0.352945
33 42 0 8 0.352071
38 65 0 8 0.351127
26 41 0 8 0.349692
71 85 0 8 0.349587
26 47 0 8 0.344637
23 37 0 8 0.344129
11 84 0 8 0.342578
50 73 0 8 0.337547
31 58 0 8 0.336377
30 52 0 8 0.330714
52 80 0 8 0.330117
46 66 0 8 0.328200
37 84 0 8 0.326759
44 81 0 8 0.325704
30 43 0 8 0.325462
52 74 0 8 0.321368
35 66 0 8 0.321103
8 53 0 8 0.320148
7 42 0 8 0.319667
12 23 0 8 0.316417
50 55 0 8 0.314609
26 75 0 8 0.313832
17 86 0 8 0.313703
9 61 0 8 0.312664
20 32 0 8 0.311897
4 32 0 8 0.308961
62 84 0 8 0.308115
7 33 0 8 0.307960
4 85 0 8 0.307158
65 79 0 8 0.307145
39 44 0 8 0.306105
2 42 0 8 0.305850
17 24 0 8 0.305458
23 55 0 8 0.305451
46 53 0 8 0.303595
53 65 0 8 0.302030
6 36 0 8 0.301998
22 37 0 8 0.301514
56 73 0 8 0.301274
16 40 0 8 0.298625
2 32 0 8 0.298435
21 81 0 8 0.297215
39 86 0 8 0.295619
20 79 0 8 0.294101
2 61 0 8 0.293922
32 75 0 8 0.293521
40 82 0 8 0.292833
9 53 0 8 0.292362
35 51 0 8 0.291742
7 58 0 8 0.291321
2 81 0 8 0.291309
6 65 0 8 0.291288
29 45 0 8 0.289349
45 70 0 8 0.288721
47 59 0 8 0.288340
22 34 0 8 0.287481
4 37 0 8 0.287001
31 78 0 8 0.286942
47 76 0 8 0.284095
11 24 0 8 0.283559
11 51 0 8 0.282361
6 15 0 8 0.282338
49 76 0 8 0.281772
42 70 0 8 0.281399
3 25 0 8 0.280905
72 82 0 8 0.279244
2 86 0 8 0.279099
33 55 0 8 0.277990
66 85 0 8 0.276161
50 80 0 8 0.275526
27 50 0 8 0.275190
12 49 0 8 0.274779
9 58 0 8 0.274571
23 67 0 8 0.273068
41 59 0 8 0.273003
5 13 0 8 0.272453
44 73 0 8 0.272399
52 71 0 8 0.268549
31 52 0 8 0.266930
25 32 0 8 0.266134
25 47 0 8 0.265313
74 85 0 8 0.265170
17 36 0 8 0.263627
8 43 0 8 0.263594
52 77 0 8 0.262841
10 40 0 8 0.261644
43 69 0 8 0.260441
25 57 0 8 0.256663
32 40 0 8 0.256120
45 69 0 8 0.254677
38 77 0 8 0.253347
2 53 0 8 0.253062
8 49 0 8 0.251747
61 78 0 8 0.251147
13 55 0 8 0.249469
30 45 0 8 0.246300
15 43 0 8 0.246259
34 72 0 8 0.246246
10 34 0 8 0.245425
27 84 0 8 0.244739
13 36 0 8 0.243385
6 67 0 8 0.242660
8 15 0 8 0.242293
24 34 0 8 0.241420
55 74 0 8 0.239420
67 81 0 8 0.239127
13 75 0 8 0.237309
10 86 0 8 0.236889
20 28 0 8 0.236785
34 78 0 8 0.236446
78 84 0 8 0.233441
36 77 0 8 0.231514
31 56 0 8 0.231508
30 55 0 8 0.230574
58 85 0 8 0.229643
6 75 0 8 0.228915
8 59 0 8 0.228623
72 85 0 8 0.226327
18 41 0 8 0.225990
45 85 0 8 0.223641
7 74 0 8 0.223413
18 62 0 8 0.222034
33 71 0 8 0.221476
15 22 0 8 0.220436
31 42 0 8 0.220069
56 61 0 8 0.219147
30 84 0 8 0.215843
8 72 0 8 0.214207
47 70 0 8 0.213412
35 60 0 8 0.212492
17 45 0 8 0.212077
5 15 0 8 0.211200
5 28 0 8 0.207441
6 24 0 8 0.205591
57 68 0 8 0.203792
8 74 0 8 0.203051
37 52 0 8 0.202660
22 83 0 8 0.200270
34 47 0 8 0.199858
66 83 0 8 0.199771
23 50 0 8 0.199099
10 78 0 8 0.198085
21 59 0 8 0.197677
29 69 0 8 0.196564
30 36 0 8 0.196335
18 75 0 8 0.196206
3 85 0 8 0.194764
45 84 0 8 0.190422
58 65 0 8 0.189699
45 61 0 8 0.189344
42 81 0 8 0.189316
36 85 0 8 0.188900
11 21 0 8 0.188074
50 67 0 8 0.185671
21 32 0 8 0.185615
63 74 0 8 0.184975
3 86 0 8 0.183624
15 76 0 8 0.183220
30 77 0 8 0.182330
12 25 0 8 0.181237
34 40 0 8 0.180722
10 59 0 8 0.178982
3 40 0 8 0.178500
13 76 0 8 0.178377
10 24 0 8 0.177508
8 86 0 8 0.177158
57 64 0 8 0.176153
14 25 0 8 0.176095
18 56 0 8 0.175069
59 75 0 8 0.173098
2 22 0 8 0.172984
21 34 0 8 0.171497
55 86 0 8 0.170196
23 51 0 8 0.170023
4 72 0 8 0.169279
46 85 0 8 0.165560
40 57 0 8 0.164108
40 52 0 8 0.164093
29 62 0 8 0.162848
11 25 0 8 0.162483
21 28 0 8 0.161059
64 74 0 8 0.160536
21 70 0 8 0.160439
25 43 0 8 0.159736
32 38 0 8 0.159574
24 59 0 8 0.159326
36 76 0 8 0.158986
37 42 0 8 0.158494
10 43 0 8 0.157746
45 68 0 8 0.157744
42 56 0 8 0.156808
37 48 0 8 0.156286
74 79 0 8 0.155678
3 29 0 8 0.155194
4 53 0 8 0.153959
43 83 0 8 0.153364
68 84 0 8 0.151325
48 85 0 8 0.149389
8 54 0 8 0.149247
2 74 0 8 0.147927
4 18 0 8 0.142929
2 70 0 8 0.142307
21 27 0 8 0.142283
39 80 0 8 0.142060
40 56 0 8 0.138463
16 66 0 8 0.136042
46 55 0 8 0.135994
8 24 0 8 0.135853
61 83 0 8 0.135532
43 85 0 8 0.135235
5 31 0 8 0.134131
40 70 0 8 0.134067
78 86 0 8 0.133781
26 53 0 8 0.133753
26 37 0 8 0.133192
32 85 0 8 0.132083
12 18 0 8 0.131481
2 58 0 8 0.130640
4 31 0 8 0.126706
14 54 0 8 0.125127
3 71 0 8 0.124609
26 52 0 8 0.123969
34 65 0 8 0.123751
35 53 0 8 0.123585
60 77 0 8 0.123159
69 78 0 8 0.122835
23 83 0 8 0.121891
67 80 0 8 0.121681
17 79 0 8 0.121659
13 22 0 8 0.119892
9 74 0 8 0.119623
2 10 0 8 0.119323
43 80 0 8 0.118776
35 47 0 8 0.118436
42 59 0 8 0.118033
49 79 0 8 0.116574
28 77 0 8 0.116149
21 78 0 8 0.114963
19 38 0 8 0.114956
12 44 0 8 0.113625
13 79 0 8 0.113247
58 86 0 8 0.112433
47 65 0 8 0.111072
19 86 0 8 0.109991
6 12 0 8 0.107931
52 73 0 8 0.107893
21 47 0 8 0.106563
20 41 0 8 0.106380
38 66 0 8 0.105545
24 50 0 8 0.105133
44 74 0 8 0.102032
44 63 0 8 0.100369
8 83 0 8 0.100363
25 55 0 8 0.099035
68 79 0 8 0.097855
24 57 0 8 0.097180
23 63 0 8 0.096718
10 27 0 8 0.095224
79 85 0 8 0.094996
16 30 0 8 0.094345
27 41 0 8 0.094302
17 84 0 8 0.093216
30 75 0 8 0.092110
23 40 0 8 0.091233
74 86 0 8 0.091123
33 86 0 8 0.091106
26 82 0 8 0.090814
45 66 0 8 0.090728
70 79 0 8 0.088975
14 23 0 8 0.087406
24 74 0 8 0.085971
29 83 0 8 0.084667
17 40 0 8 0.083474
35 46 0 8 0.080233
10 50 0 8 0.079068
21 30 0 8 0.077622
11 59 0 8 0.077123
22 73 0 8 0.074319
40 73 0 8 0.072748
13 83 0 8 0.072089
10 73 0 8 0.070726
2 71 0 8 0.068053
29 37 0 8 0.067957
18 26 0 8 0.067719
45 72 0 8 0.067677
26 80 0 8 0.067237
25 82 0 8 0.066940
59 74 0 8 0.066932
57 71 0 8 0.065037
2 7 0 8 0.064889
7 32 0 8 0.064097
26 69 0 8 0.064067
51 59 0 8 0.063455
5 53 0 8 0.062499
21 64 0 8 0.062333
7 65 0 8 0.061993
7 82 0 8 0.061589
6 52 0 8 0.061442
8 27 0 8 0.060120
2 54 0 8 0.059369
59 67 0 8 0.059287
24 39 0 8 0.059107
70 77 0 8 0.059035
73 86 0 8 0.056116
4 25 0 8 0.056038
9 60 0 8 0.055931
6 44 0 8 0.055741
4 62 0 8 0.055230
51 72 0 8 0.055108
29 48 0 8 0.054640
34 42 0 8 0.054266
72 86 0 8 0.053413
57 67 0 8 0.051674
38 57 0 8 0.050216
35 85 0 8 0.050099
62 86 0 8 0.047836
13 54 0 8 0.047622
61 76 0 8 0.047283
49 86 0 8 0.045901
7 20 0 8 0.045840
22 47 0 8 0.045426
12 52 0 8 0.045077
6 56 0 8 0.044781
66 72 0 8 0.043851
38 52 0 8 0.043740
8 42 0 8 0.043702
26 46 0 8 0.043652
6 83 0 8 0.041438
43 63 0 8 0.041244
4 48 0 8 0.040367
35 67 0 8 0.040305
35 78 0 8 0.039779
3 48 0 8 0.039255
11 22 0 8 0.038948
18 59 0 8 0.036915
51 83 0 8 0.036618
30 68 0 8 0.036542
28 62 0 8 0.035932
2 51 0 8 0.035901
9 85 0 8 0.034397
7 31 0 8 0.034126
26 43 0 8 0.034007
13 35 0 8 0.032318
17 64 0 8 0.030942
3 16 0 8 0.030885
18 86 0 8 0.030363
22 76 0 8 0.029593
10 76 0 8 0.029235
36 75 0 8 0.027831
54 62 0 8 0.026877
44 82 0 8 0.026257
21 80 0 8 0.025610
42 75 0 8 0.025459
43 76 0 8 0.024891
11 80 0 8 0.022957
22 59 0 8 0.022079
26 38 0 8 0.021207
13 48 0 8 0.020526
57 86 0 8 0.020331
12 66 0 8 0.020203
39 85 0 8 0.020127
58 82 0 8 0.018679
65 86 0 8 0.017899
35 58 0 8 0.017274
2 78 0 8 0.017004
32 86 0 8 0.015954
43 68 0 8 0.014889
35 42 0 8 0.014188
11 83 0 8 0.013949
20 48 0 8 0.013532
33 50 0 8 0.012608
4 54 0 8 0.012268
6 49 0 8 0.011143
36 61 0 8 0.010477
18 84 0 8 0.010420
68 73 0 8 0.010259
40 45 0 8 0.008885
74 80 0 8 0.007188
74 84 0 8 0.003932
49 81 0 8 0.003050
34 59 0 8 0.003005
39 66 0 8 0.002845
13 53 0 8 0.001431
13 84 0 8 0.001366
6 62 0 8 0.000377
1 6 0 8 0.000000
1 7 0 8 0.000000
1 8 0 8 0.000000
1 9 0 8 0.000000
1 10 0 8 0.000000
1 11 0 8 0.000000
1 12 0 8 0.000000
1 13 0 8 0.000000
1 14 0 8 0.000000
1 15 0 8 0.000000
1 16 0 8 0.000000
1 17 0 8 0.000000
1 18 0 8 0.000000
1 19 0 8 0.000000
1 20 0 8 0.000000
1 21 0 8 0.000000
1 22 0 8 0.000000
1 23 0 8 0.000000
1 24 0 8 0.000000
1 25 0 8 0.000000
1 26 0 8 0.000000
1 27 0 8 0.000000
1 28 0 8 0.000000
1 29 0 8 0.000000
1 30 0 8 0.000000
1 31 0 8 0.000000
1 32 0 8 0.000000
1 33 0 8 0.000000
1 34 0 8 0.000000
1 35 0 8 0.000000
1 36 0 8 0.000000
1 37 0 8 0.000000
1 38 0 8 0.000000
1 39 0 8 0.000000
1 40 0 8 0.000000
1 41 0 8 0.000000
1 42 0 8 0.000000
1 43 0 8 0.000000
1 44 0 8 0.000000
1 45 0 8 0.000000
1 46 0 8 0.000000
1 47 0 8 0.000000
1 48 0 8 0.000000
1 49 0 8 0.000000
1 50 0 8 0.000000
1 51 0 8 0.000000
1 52 0 8 0.000000
1 53 0 8 0.000000
1 54 0 8 0.000000
1 55 0 8 0.000000
1 56 0 8 0.000000
1 57 0 8 0.000000
1 58 0 8 0.000000
1 59 0 8 0.000000
1 60 0 8 0.000000
1 61 0 8 0.000000
1 62 0 8 0.000000
1 63 0 8 0.000000
1 64 0 8 0.000000
1 65 0 8 0.000000
1 66 0 8 0.000000
1 67 0 8 0.000000
1 68 0 8 0.000000
1 69 0 8 0.000000
1 70 0 8 0.000000
1 71 0 8 0.000000
1 72 0 8 0.000000
1 73 0 8 0.000000
1 74 0 8 0.000000
1 75 0 8 0.000000
1 76 0 8 0.000000
1 77 0 8 0.000000
1 78 0 8 0.000000
1 79 0 8 0.000000
1 80 0 8 0.000000
1 81 0 8 0.000000
1 82 0 8 0.000000
1 83 0 8 0.000000
1 84 0 8 0.000000
1 85 0 8 0.000000
1 86 0 8 0.000000
1 87 0 8 0.000000
1 88 0 8 0.000000
2 87 0 8 0.000000
2 88 0 8 0.000000
3 87 0 8 0.000000
3 88 0 8 0.000000
4 87 0 8 0.000000
4 88 0 8 0.000000
5 87 0 8 0.000000
5 88 0 8 0.000000
6 87 0 8 0.000000
6 88 0 8 0.000000
7 87 0 8 0.000000
7 88 0 8 0.000000
8 87 0 8 0.000000
8 88 0 8 0.000000
9 87 0 8 0.000000
9 88 0 8 0.000000
10 87 0 8 0.000000
10 88 0 8 0.000000
11 87 0 8 0.000000
11 88 0 8 0.000000
12 87 0 8 0.000000
12 88 0 8 0.000000
13 87 0 8 0.000000
13 88 0 8 0.000000
14 87 0 8 0.000000
14 88 0 8 0.000000
15 87 0 8 0.000000
15 88 0 8 0.000000
16 87 0 8 0.000000
16 88 0 8 0.000000
17 87 0 8 0.000000
17 88 0 8 0.000000
18 87 0 8 0.000000
18 88 0 8 0.000000
19 87 0 8 0.000000
19 88 0 8 0.000000
20 87 0 8 0.000000
20 88 0 8 0.000000
21 87 0 8 0.000000
21 88 0 8 0.000000
22 87 0 8 0.000000
22 88 0 8 0.000000
23 87 0 8 0.000000
23 88 0 8 0.000000
24 87 0 8 0.000000
24 88 0 8 0.000000
25 87 0 8 0.000000
25 88 0 8 0.000000
26 87 0 8 0.000000
26 88 0 8 0.000000
27 87 0 8 0.000000
27 88 0 8 0.000000
28 87 0 8 0.000000
28 88 0 8 0.000000
29 87 0 8 0.000000
29 88 0 8 0.000000
30 87 0 8 0.000000
30 88 0 8 0.000000
31 87 0 8 0.000000
31 88 0 8 0.000000
32 87 0 8 0.000000
32 88 0 8 0.000000
33 87 0 8 0.000000
33 88 0 8 0.000000
34 87 0 8 0.000000
34 88 0 8 0.000000
35 87 0 8 0.000000
35 88 0 8 0.000000
36 87 0 8 0.000000
36 88 0 8 0.000000
37 87 0 8 0.000000
37 88 0 8 0.000000
38 87 0 8 0.000000
38 88 0 8 0.000000
39 87 0 8 0.000000
39 88 0 8 0.000000
40 87 0 8 0.000000
40 88 0 8 0.000000
41 87 0 8 0.000000
41 88 0 8 0.000000
42 87 0 8 0.000000
42 88 0 8 0.000000
43 87 0 8 0.000000
43 88 0 8 0.000000
44 87 0 8 0.000000
44 88 0 8 0.000000
45 87 0 8 0.000000
45 88 0 8 0.000000
46 87 0 8 0.000000
46 88 0 8 0.000000
47 87 0 8 0.000000
47 88 0 8 0.000000
48 87 0 8 0.000000
48 88 0 8 0.000000
49 87 0 8 0.000000
49 88 0 8 0.000000
50 87 0 8 0.000000
50 88 0 8 0.000000
51 87 0 8 0.000000
51 88 0 8 0.000000
52 87 0 8 0.000000
52 88 0 8 0.000000
53 87 0 8 0.000000
53 88 0 8 0.000000
54 87 0 8 0.000000
54 88 0 8 0.000000
55 87 0 8 0.000000
55 88 0 8 0.000000
56 87 0 8 0.000000
56 88 0 8 0.000000
57 87 0 8 0.000000
57 88 0 8 0.000000
58 87 0 8 0.000000
58 88 0 8 0.000000
59 87 0 8 0.000000
59 88 0 8 0.000000
60 87 0 8 0.000000
60 88 0 8 0.000000
61 87 0 8 0.000000
61 88 0 8 0.000000
62 87 0 8 0.000000
62 88 0 8 0.000000
63 87 0 8 0.000000
63 88 0 8 0.000000
64 87 0 8 0.000000
64 88 0 8 0.000000
65 87 0 8 0.000000
65 88 0 8 0.000000
66 87 0 8 0.000000
66 88 0 8 0.000000
67 87 0 8 0.000000
67 88 0 8 0.000000
68 87 0 8 0.000000
68 88 0 8 0.000000
69 87 0 8 0.000000
69 88 0 8 0.000000
70 87 0 8 0.000000
70 88 0 8 0.000000
71 87 0 8 0.000000
71 88 0 8 0.000000
72 87 0 8 0.000000
72 88 0 8 0.000000
73 87 0 8 0.000000
73 88 0 8 0.000000
74 87 0 8 0.000000
74 88 0 8 0.000000
75 87 0 8 0.000000
75 88 0 8 0.000000
76 87 0 8 0.000000
76 88 0 8 0.000000
77 87 0 8 0.000000
77 88 0 8 0.000000
78 87 0 8 0.000000
78 88 0 8 0.000000
79 87 0 8 0.000000
79 88 0 8 0.000000
80 87 0 8 0.000000
80 88 0 8 0.000000
81 87 0 8 0.000000
81 88 0 8 0.000000
82 87 0 8 0.000000
82 88 0 8 0.000000
83 88 0 8 0.000000
23 75 0 8 -0.001883
37 47 0 8 -0.002636
34 67 0 8 -0.003333
27 61 0 8 -0.003971
25 58 0 8 -0.003984
23 48 0 8 -0.005323
31 36 0 8 -0.005711
13 24 0 8 -0.005993
42 51 0 8 -0.006236
12 40 0 8 -0.006565
4 42 0 8 -0.006575
61 86 0 8 -0.006836
12 60 0 8 -0.007251
17 26 0 8 -0.007332
47 72 0 8 -0.008256
3 13 0 8 -0.008516
48 82 0 8 -0.008934
13 34 0 8 -0.009246
21 33 0 8 -0.009278
8 80 0 8 -0.011805
21 39 0 8 -0.011824
27 82 0 8 -0.011894
32 62 0 8 -0.012358
21 31 0 8 -0.012544
7 28 0 8 -0.012726
45 80 0 8 -0.013184
49 67 0 8 -0.013251
2 35 0 8 -0.013252
10 18 0 8 -0.013998
54 85 0 8 -0.015329
5 25 0 8 -0.017386
47 61 0 8 -0.018748
2 15 0 8 -0.019532
2 76 0 8 -0.020040
19 80 0 8 -0.020252
55 85 0 8 -0.020542
47 84 0 8 -0.021889
11 70 0 8 -0.022249
39 63 0 8 -0.022855
69 81 0 8 -0.023301
35 48 0 8 -0.024694
28 63 0 8 -0.025196
34 64 0 8 -0.025240
25 39 0 8 -0.026698
19 29 0 8 -0.026972
23 86 0 8 -0.027318
41 80 0 8 -0.027999
45 55 0 8 -0.030840
21 84 0 8 -0.030997
46 52 0 8 -0.031394
2 69 0 8 -0.031804
43 86 0 8 -0.033080
6 27 0 8 -0.033397
41 81 0 8 -0.035231
11 42 0 8 -0.035825
34 49 0 8 -0.036773
31 79 0 8 -0.037115
48 66 0 8 -0.037166
40 83 0 8 -0.037199
35 52 0 8 -0.037710
9 41 0 8 -0.039358
25 78 0 8 -0.039615
59 86 0 8 -0.040193
38 85 0 8 -0.041697
5 21 0 8 -0.041837
57 73 0 8 -0.042452
11 78 0 8 -0.042499
40 72 0 8 -0.042840
25 62 0 8 -0.044072
39 84 0 8 -0.044648
19 85 0 8 -0.044678
13 30 0 8 -0.044828
13 78 0 8 -0.045182
34 86 0 8 -0.046334
2 57 0 8 -0.047737
26 73 0 8 -0.049650
43 62 0 8 -0.051860
66 84 0 8 -0.053011
21 40 0 8 -0.053284
66 79 0 8 -0.053321
36 68 0 8 -0.054243
27 55 0 8 -0.054494
75 82 0 8 -0.054531
9 49 0 8 -0.054567
20 45 0 8 -0.055275
24 33 0 8 -0.057034
10 36 0 8 -0.057964
27 85 0 8 -0.058009
13 20 0 8 -0.058235
30 50 0 8 -0.058391
12 47 0 8 -0.060248
2 48 0 8 -0.061861
40 76 0 8 -0.062561
6 79 0 8 -0.062632
47 53 0 8 -0.062680
3 62 0 8 -0.062739
40 86 0 8 -0.063561
48 55 0 8 -0.063889
37 71 0 8 -0.064639
67 83 0 8 -0.065510
14 21 0 8 -0.066751
31 57 0 8 -0.067067
8 31 0 8 -0.067081
76 83 0 8 -0.067348
6 51 0 8 -0.067835
45 58 0 8 -0.068812
31 59 0 8 -0.069561
16 38 0 8 -0.070500
4 68 0 8 -0.070774
56 83 0 8 -0.071074
22 80 0 8 -0.071104
7 59 0 8 -0.071238
80 86 0 8 -0.071532
29 36 0 8 -0.071839
5 67 0 8 -0.072018
8 57 0 8 -0.072493
34 50 0 8 -0.072786
31 86 0 8 -0.072926
2 44 0 8 -0.073138
46 63 0 8 -0.073469
17 69 0 8 -0.073874
14 59 0 8 -0.073888
58 83 0 8 -0.074972
34 61 0 8 -0.075395
3 80 0 8 -0.076049
65 83 0 8 -0.078037
32 47 0 8 -0.078217
17 49 0 8 -0.078314
60 69 0 8 -0.078541
9 81 0 8 -0.079130
40 68 0 8 -0.079562
14 80 0 8 -0.080001
3 67 0 8 -0.080914
24 84 0 8 -0.081239
36 63 0 8 -0.081658
61 84 0 8 -0.081681
29 66 0 8 -0.081855
36 48 0 8 -0.082749
65 75 0 8 -0.082841
24 44 0 8 -0.083303
28 76 0 8 -0.084404
20 42 0 8 -0.087118
6 59 0 8 -0.088108
13 86 0 8 -0.088355
18 72 0 8 -0.089260
6 18 0 8 -0.089377
47 64 0 8 -0.089454
51 61 0 8 -0.090663
68 76 0 8 -0.092403
57 81 0 8 -0.092842
10 39 0 8 -0.095993
13 21 0 8 -0.096061
9 43 0 8 -0.096469
3 68 0 8 -0.097529
16 59 0 8 -0.097902
49 84 0 8 -0.098970
10 70 0 8 -0.099375
4 12 0 8 -0.104059
31 85 0 8 -0.104093
55 61 0 8 -0.104248
13 19 0 8 -0.104387
22 77 0 8 -0.104837
37 76 0 8 -0.105411
38 55 0 8 -0.105747
15 85 0 8 -0.106508
41 52 0 8 -0.106805
14 40 0 8 -0.106935
21 61 0 8 -0.107452
13 27 0 8 -0.107550
12 86 0 8 -0.108468
59 69 0 8 -0.108545
46 86 0 8 -0.108923
3 12 0 8 -0.109737
54 76 0 8 -0.110464
42 54 0 8 -0.110472
32 82 0 8 -0.110497
3 42 0 8 -0.111354
23 65 0 8 -0.112058
13 82 0 8 -0.112673
4 40 0 8 -0.112873
11 76 0 8 -0.114542
5 86 0 8 -0.114703
21 68 0 8 -0.114812
18 73 0 8 -0.114956
6 86 0 8 -0.115711
53 86 0 8 -0.116556
29 75 0 8 -0.117046
5 47 0 8 -0.117560
46 51 0 8 -0.117664
15 33 0 8 -0.118587
50 57 0 8 -0.119117
12 34 0 8 -0.122833
20 27 0 8 -0.122877
35 75 0 8 -0.123475
27 47 0 8 -0.123646
37 67 0 8 -0.126037
16 45 0 8 -0.126865
8 70 0 8 -0.127174
22 86 0 8 -0.127366
26 85 0 8 -0.127792
9 67 0 8 -0.128551
38 58 0 8 -0.130012
66 86 0 8 -0.130041
76 86 0 8 -0.131021
21 52 0 8 -0.132910
27 72 0 8 -0.134298
2 75 0 8 -0.135872
4 47 0 8 -0.136482
27 86 0 8 -0.138723
64 69 0 8 -0.138763
13 43 0 8 -0.138913
65 71 0 8 -0.140334
57 85 0 8 -0.140996
26 86 0 8 -0.141117
28 80 0 8 -0.141470
38 86 0 8 -0.141555
5 46 0 8 -0.142168
11 19 0 8 -0.142353
2 83 0 8 -0.142440
7 25 0 8 -0.142524
36 78 0 8 -0.143201
2 55 0 8 -0.144070
13 51 0 8 -0.144211
65 80 0 8 -0.144981
30 57 0 8 -0.145693
12 35 0 8 -0.146669
47 80 0 8 -0.149095
33 77 0 8 -0.150853
7 80 0 8 -0.151083
23 66 0 8 -0.151235
55 73 0 8 -0.151807
14 42 0 8 -0.151833
10 46 0 8 -0.153947
42 86 0 8 -0.155111
5 40 0 8 -0.155907
31 77 0 8 -0.156554
33 49 0 8 -0.156818
50 78 0 8 -0.156844
47 60 0 8 -0.157107
27 66 0 8 -0.157461
51 75 0 8 -0.158092
9 86 0 8 -0.158854
38 43 0 8 -0.159104
40 54 0 8 -0.161021
12 27 0 8 -0.161527
53 78 0 8 -0.161767
67 77 0 8 -0.161908
43 52 0 8 -0.162812
25 86 0 8 -0.163078
10 25 0 8 -0.163380
10 60 0 8 -0.163823
8 69 0 8 -0.164222
22 40 0 8 -0.164314
23 82 0 8 -0.164840
19 70 0 8 -0.165014
31 38 0 8 -0.165848
49 72 0 8 -0.167397
22 78 0 8 -0.169863
46 80 0 8 -0.170644
13 67 0 8 -0.171525
14 69 0 8 -0.172285
41 65 0 8 -0.174372
8 78 0 8 -0.174567
60 67 0 8 -0.175694
19 75 0 8 -0.176483
27 80 0 8 -0.177273
59 79 0 8 -0.177355
40 78 0 8 -0.178638
12 59 0 8 -0.179267
6 68 0 8 -0.179439
19 65 0 8 -0.179633
53 69 0 8 -0.179781
46 62 0 8 -0.181184
23 69 0 8 -0.181520
48 61 0 8 -0.183210
45 86 0 8 -0.183265
24 45 0 8 -0.183745
46 58 0 8 -0.184014
21 60 0 8 -0.184274
17 44 0 8 -0.184640
5 71 0 8 -0.186218
24 82 0 8 -0.187634
21 26 0 8 -0.189003
6 71 0 8 -0.190128
45 57 0 8 -0.190611
41 62 0 8 -0.192289
9 76 0 8 -0.193071
3 75 0 8 -0.193163
12 54 0 8 -0.194230
33 82 0 8 -0.194656
20 35 0 8 -0.198426
32 80 0 8 -0.198697
59 71 0 8 -0.199060
3 31 0 8 -0.199216
38 74 0 8 -0.199348
64 73 0 8 -0.199356
23 45 0 8 -0.200066
18 40 0 8 -0.200806
2 40 0 8 -0.201961
50 86 0 8 -0.202373
30 86 0 8 -0.202716
33 57 0 8 -0.203226
5 79 0 8 -0.203595
15 21 0 8 -0.204613
59 85 0 8 -0.204630
75 86 0 8 -0.204993
41 49 0 8 -0.205895
23 64 0 8 -0.206204
21 75 0 8 -0.207446
5 69 0 8 -0.207835
2 85 0 8 -0.208483
2 73 0 8 -0.209019
49 80 0 8 -0.210116
21 86 0 8 -0.212062
77 84 0 8 -0.212358
46 81 0 8 -0.213432
18 48 0 8 -0.213445
5 84 0 8 -0.214522
45 83 0 8 -0.216019
61 80 0 8 -0.216231
37 86 0 8 -0.216413
35 86 0 8 -0.217602
79 84 0 8 -0.217883
37 85 0 8 -0.217922
26 57 0 8 -0.218523
5 32 0 8 -0.219742
69 80 0 8 -0.220494
11 86 0 8 -0.221484
6 81 0 8 -0.223037
48 56 0 8 -0.223328
6 54 0 8 -0.223441
11 57 0 8 -0.224393
48 65 0 8 -0.225175
59 76 0 8 -0.226144
40 65 0 8 -0.226223
7 57 0 8 -0.226728
18 28 0 8 -0.227019
29 86 0 8 -0.227230
2 80 0 8 -0.227286
32 67 0 8 -0.227946
21 41 0 8 -0.228757
79 86 0 8 -0.228769
46 73 0 8 -0.228915
16 26 0 8 -0.231904
39 60 0 8 -0.232788
22 65 0 8 -0.233610
65 72 0 8 -0.235024
25 84 0 8 -0.235526
48 57 0 8 -0.235695
5 72 0 8 -0.235925
16 52 0 8 -0.236245
22 67 0 8 -0.236929
80 85 0 8 -0.237007
9 29 0 8 -0.237390
39 54 0 8 -0.237532
46 82 0 8 -0.238058
46 54 0 8 -0.238447
26 40 0 8 -0.238627
14 46 0 8 -0.240412
7 40 0 8 -0.241394
40 69 0 8 -0.241702
4 66 0 8 -0.242101
9 77 0 8 -0.242271
2 49 0 8 -0.242967
25 59 0 8 -0.243386
7 24 0 8 -0.243640
36 67 0 8 -0.243869
52 86 0 8 -0.243877
48 74 0 8 -0.244480
55 78 0 8 -0.244881
10 53 0 8 -0.246638
20 43 0 8 -0.248337
64 84 0 8 -0.249617
58 75 0 8 -0.250439
28 59 0 8 -0.250533
18 57 0 8 -0.252918
10 30 0 8 -0.253492
14 77 0 8 -0.253919
15 20 0 8 -0.253924
8 68 0 8 -0.255015
22 38 0 8 -0.255143
39 49 0 8 -0.255321
11 35 0 8 -0.256124
25 85 0 8 -0.256895
24 81 0 8 -0.257137
38 69 0 8 -0.257240
28 83 0 8 -0.257481
10 77 0 8 -0.258294
15 39 0 8 -0.258839
13 58 0 8 -0.258857
51 86 0 8 -0.260063
25 63 0 8 -0.260067
19 76 0 8 -0.262483
14 86 0 8 -0.263965
19 44 0 8 -0.264556
16 77 0 8 -0.264638
68 86 0 8 -0.265162
34 70 0 8 -0.265248
21 38 0 8 -0.266103
40 74 0 8 -0.266166
63 79 0 8 -0.267121
14 84 0 8 -0.267224
42 53 0 8 -0.267237
2 59 0 8 -0.267685
7 75 0 8 -0.269144
78 85 0 8 -0.270091
7 54 0 8 -0.270868
54 72 0 8 -0.271587
36 86 0 8 -0.273261
63 80 0 8 -0.273658
24 36 0 8 -0.274299
27 49 0 8 -0.275313
48 86 0 8 -0.277716
8 35 0 8 -0.277945
4 45 0 8 -0.278852
37 59 0 8 -0.279224
3 69 0 8 -0.279994
22 32 0 8 -0.280653
37 51 0 8 -0.280659
22 44 0 8 -0.280709
42 71 0 8 -0.280890
20 72 0 8 -0.282977
32 37 0 8 -0.283381
20 40 0 8 -0.283959
21 37 0 8 -0.284256
21 67 0 8 -0.284291
44 86 0 8 -0.286929
56 86 0 8 -0.287405
61 70 0 8 -0.287437
60 86 0 8 -0.287850
25 68 0 8 -0.287889
3 47 0 8 -0.289661
70 76 0 8 -0.291381
67 84 0 8 -0.292178
24 68 0 8 -0.292210
37 83 0 8 -0.292415
25 83 0 8 -0.294168
53 76 0 8 -0.294897
42 69 0 8 -0.295297
59 70 0 8 -0.295660
2 67 0 8 -0.296030
40 77 0 8 -0.297435
47 74 0 8 -0.297637
20 64 0 8 -0.297729
28 86 0 8 -0.298458
44 80 0 8 -0.298560
71 86 0 8 -0.298650
23 72 0 8 -0.300800
2 77 0 8 -0.301127
81 86 0 8 -0.301871
7 83 0 8 -0.302132
40 75 0 8 -0.302605
16 37 0 8 -0.303113
26 61 0 8 -0.303130
72 77 0 8 -0.303202
4 86 0 8 -0.304170
34 81 0 8 -0.304387
44 76 0 8 -0.304855
41 85 0 8 -0.305783
19 37 0 8 -0.306731
46 65 0 8 -0.306789
32 59 0 8 -0.306933
15 64 0 8 -0.307058
17 32 0 8 -0.308832
26 35 0 8 -0.308856
16 70 0 8 -0.309086
42 73 0 8 -0.309177
2 64 0 8 -0.309399
7 86 0 8 -0.309575
31 72 0 8 -0.309772
73 80 0 8 -0.309781
48 79 0 8 -0.309812
28 72 0 8 -0.309962
52 84 0 8 -0.310219
36 44 0 8 -0.311059
7 17 0 8 -0.312876
67 86 0 8 -0.313235
14 35 0 8 -0.313824
4 80 0 8 -0.314030
30 48 0 8 -0.314538
13 33 0 8 -0.314863
6 61 0 8 -0.314986
12 24 0 8 -0.315399
9 82 0 8 -0.315407
33 51 0 8 -0.315946
9 84 0 8 -0.316294
57 84 0 8 -0.316539
30 40 0 8 -0.317736
22 43 0 8 -0.318003
35 72 0 8 -0.319047
39 56 0 8 -0.319236
13 56 0 8 -0.319697
19 26 0 8 -0.320331
41 86 0 8 -0.320522
69 85 0 8 -0.322530
4 22 0 8 -0.323499
63 75 0 8 -0.323619
28 45 0 8 -0.323738
31 39 0 8 -0.324305
13 38 0 8 -0.324444
46 59 0 8 -0.325044
2 31 0 8 -0.325340
55 76 0 8 -0.325724
32 77 0 8 -0.326002
59 68 0 8 -0.326085
32 69 0 8 -0.326826
39 50 0 8 -0.328072
64 83 0 8 -0.328493
44 85 0 8 -0.328729
40 48 0 8 -0.329156
49 85 0 8 -0.330411
42 76 0 8 -0.331102
35 45 0 8 -0.331305
52 60 0 8 -0.333397
46 75 0 8 -0.333873
54 86 0 8 -0.334040
5 41 0 8 -0.334119
2 21 0 8 -0.334774
56 63 0 8 -0.335183
27 69 0 8 -0.335642
40 79 0 8 -0.335761
69 76 0 8 -0.336412
2 56 0 8 -0.336625
13 85 0 8 -0.336796
54 78 0 8 -0.341401
13 28 0 8 -0.342557
6 80 0 8 -0.343168
7 60 0 8 -0.343415
12 43 0 8 -0.343503
58 71 0 8 -0.343629
22 52 0 8 -0.344861
59 82 0 8 -0.345240
16 34 0 8 -0.345623
2 46 0 8 -0.345792
24 40 0 8 -0.347292
26 78 0 8 -0.347389
26 70 0 8 -0.347815
29 49 0 8 -0.348041
6 25 0 8 -0.348318
64 86 0 8 -0.348404
27 59 0 8 -0.350149
34 68 0 8 -0.350238
35 56 0 8 -0.350449
66 82 0 8 -0.352086
25 70 0 8 -0.352726
26 50 0 8 -0.354264
17 59 0 8 -0.354723
20 52 0 8 -0.355783
25 64 0 8 -0.356253
40 58 0 8 -0.357410
16 29 0 8 -0.357988
52 68 0 8 -0.359331
43 59 0 8 -0.360381
7 12 0 8 -0.361246
25 38 0 8 -0.361251
26 67 0 8 -0.362117
11 31 0 8 -0.362242
18 35 0 8 -0.362810
7 41 0 8 -0.362854
48 72 0 8 -0.362906
36 46 0 8 -0.363611
59 84 0 8 -0.363746
22 29 0 8 -0.364554
3 26 0 8 -0.364694
31 69 0 8 -0.365023
14 31 0 8 -0.365093
10 42 0 8 -0.365440
53 81 0 8 -0.365529
63 86 0 8 -0.365604
44 71 0 8 -0.365700
21 82 0 8 -0.365758
2 60 0 8 -0.367012
10 61 0 8 -0.368123
2 28 0 8 -0.368216
9 57 0 8 -0.368509
21 63 0 8 -0.369379
12 31 0 8 -0.369424
15 86 0 8 -0.369885
15 41 0 8 -0.371257
11 81 0 8 -0.371482
37 61 0 8 -0.373065
15 37 0 8 -0.373424
54 80 0 8 -0.373651
2 36 0 8 -0.374450
61 81 0 8 -0.375148
75 83 0 8 -0.375841
71 78 0 8 -0.376395
25 80 0 8 -0.376817
36 56 0 8 -0.376843
47 77 0 8 -0.377949
25 35 0 8 -0.378148
30 80 0 8 -0.379320
33 44 0 8 -0.379719
29 55 0 8 -0.379861
25 61 0 8 -0.381758
26 83 0 8 -0.382147
47 83 0 8 -0.382935
5 80 0 8 -0.383216
20 31 0 8 -0.384362
5 74 0 8 -0.384571
10 85 0 8 -0.385292
15 69 0 8 -0.386111
2 39 0 8 -0.386143
28 60 0 8 -0.388033
41 84 0 8 -0.388166
50 85 0 8 -0.388642
11 52 0 8 -0.389315
40 66 0 8 -0.389694
47 57 0 8 -0.389894
30 60 0 8 -0.391027
25 66 0 8 -0.391084
2 29 0 8 -0.391407
68 85 0 8 -0.393320
8 32 0 8 -0.393758
37 68 0 8 -0.393813
13 29 0 8 -0.395125
17 53 0 8 -0.395342
68 80 0 8 -0.395851
60 82 0 8 -0.396083
72 80 0 8 -0.397105
7 61 0 8 -0.397687
19 53 0 8 -0.398247
26 39 0 8 -0.398780
2 79 0 8 -0.400461
64 75 0 8 -0.401040
11 16 0 8 -0.402247
74 81 0 8 -0.402248
76 81 0 8 -0.403986
59 66 0 8 -0.404068
8 40 0 8 -0.404240
35 74 0 8 -0.404638
26 66 0 8 -0.405433
33 43 0 8 -0.407273
38 80 0 8 -0.407305
13 64 0 8 -0.407399
20 86 0 8 -0.410408
2 20 0 8 -0.410813
65 73 0 8 -0.411331
6 69 0 8 -0.412003
40 63 0 8 -0.412928
6 84 0 8 -0.413372
6 60 0 8 -0.414042
2 45 0 8 -0.414920
67 85 0 8 -0.415124
3 72 0 8 -0.415787
34 83 0 8 -0.418328
28 56 0 8 -0.420384
12 83 0 8 -0.420444
27 63 0 8 -0.420524
49 55 0 8 -0.421280
3 83 0 8 -0.421842
16 57 0 8 -0.422212
30 81 0 8 -0.422266
26 72 0 8 -0.423731
31 40 0 8 -0.423884
18 30 0 8 -0.425285
23 85 0 8 -0.427660
12 57 0 8 -0.431146
59 77 0 8 -0.431624
43 70 0 8 -0.432714
60 74 0 8 -0.432837
27 60 0 8 -0.432874
12 51 0 8 -0.434292
31 63 0 8 -0.434720
27 37 0 8 -0.434964
18 85 0 8 -0.435043
4 59 0 8 -0.435171
18 64 0 8 -0.435687
51 81 0 8 -0.435768
4 24 0 8 -0.436016
66 78 0 8 -0.436177
29 58 0 8 -0.437433
53 72 0 8 -0.438055
48 76 0 8 -0.438776
18 80 0 8 -0.440351
59 64 0 8 -0.440359
37 55 0 8 -0.440754
3 81 0 8 -0.440996
51 77 0 8 -0.441525
29 78 0 8 -0.441529
43 60 0 8 -0.442890
53 75 0 8 -0.443053
75 81 0 8 -0.443361
2 43 0 8 -0.443758
26 84 0 8 -0.444102
15 40 0 8 -0.447355
41 79 0 8 -0.447586
67 76 0 8 -0.447787
2 26 0 8 -0.448386
5 29 0 8 -0.448472
34 41 0 8 -0.449359
30 72 0 8 -0.449561
15 78 0 8 -0.449837
52 85 0 8 -0.450865
4 84 0 8 -0.451832
44 58 0 8 -0.451987
16 84 0 8 -0.451996
33 84 0 8 -0.453121
10 66 0 8 -0.453742
42 80 0 8 -0.456095
7 64 0 8 -0.457248
40 50 0 8 -0.457457
13 52 0 8 -0.458206
3 58 0 8 -0.458377
13 44 0 8 -0.458694
3 8 0 8 -0.459471
18 37 0 8 -0.459999
53 85 0 8 -0.460015
35 69 0 8 -0.460505
24 80 0 8 -0.461392
43 72 0 8 -0.461440
74 83 0 8 -0.461923
40 62 0 8 -0.462788
45 73 0 8 -0.462989
45 77 0 8 -0.464548
28 40 0 8 -0.464633
36 45 0 8 -0.466009
31 68 0 8 -0.466223
32 74 0 8 -0.466398
45 75 0 8 -0.466748
17 74 0 8 -0.466748
37 79 0 8 -0.467111
25 79 0 8 -0.467281
28 43 0 8 -0.469319
19 35 0 8 -0.470249
21 43 0 8 -0.470535
64 85 0 8 -0.470545
9 75 0 8 -0.470640
6 29 0 8 -0.471252
25 60 0 8 -0.471856
60 80 0 8 -0.472337
21 85 0 8 -0.473581
43 64 0 8 -0.473783
8 34 0 8 -0.474135
48 80 0 8 -0.475392
25 54 0 8 -0.475694
16 71 0 8 -0.475758
44 50 0 8 -0.477629
37 80 0 8 -0.478257
4 81 0 8 -0.478532
4 52 0 8 -0.478557
22 50 0 8 -0.479447
19 40 0 8 -0.480775
13 47 0 8 -0.481044
23 80 0 8 -0.481180
36 59 0 8 -0.482757
34 57 0 8 -0.483157
40 55 0 8 -0.483692
56 80 0 8 -0.484136
8 71 0 8 -0.484914
10 48 0 8 -0.485337
9 80 0 8 -0.485919
27 56 0 8 -0.486672
32 53 0 8 -0.487835
38 59 0 8 -0.488865
71 83 0 8 -0.490098
18 74 0 8 -0.490942
20 80 0 8 -0.491443
28 54 0 8 -0.492468
39 74 0 8 -0.492784
15 36 0 8 -0.494230
45 76 0 8 -0.494243
77 85 0 8 -0.494647
13 68 0 8 -0.494773
18 83 0 8 -0.496045
48 59 0 8 -0.496294
56 68 0 8 -0.496704
12 77 0 8 -0.497828
30 73 0 8 -0.498083
27 57 0 8 -0.498555
11 32 0 8 -0.498589
53 73 0 8 -0.499138
26 31 0 8 -0.499631
50 77 0 8 -0.501779
30 78 0 8 -0.502813
5 42 0 8 -0.503028
13 66 0 8 -0.504147
8 79 0 8 -0.504746
56 62 0 8 -0.506378
54 60 0 8 -0.507188
46 61 0 8 -0.508624
17 75 0 8 -0.509047
21 45 0 8 -0.509688
23 59 0 8 -0.511640
40 51 0 8 -0.512425
27 75 0 8 -0.512881
44 55 0 8 -0.515034
13 50 0 8 -0.515569
50 56 0 8 -0.515915
57 82 0 8 -0.516488
4 83 0 8 -0.516795
25 41 0 8 -0.519802
18 76 0 8 -0.520111
22 39 0 8 -0.520352
21 35 0 8 -0.520814
43 82 0 8 -0.521389
10 56 0 8 -0.522542
48 71 0 8 -0.523930
51 85 0 8 -0.525724
12 17 0 8 -0.525841
65 74 0 8 -0.525981
70 85 0 8 -0.526122
7 30 0 8 -0.526669
27 70 0 8 -0.527978
11 46 0 8 -0.528650
15 79 0 8 -0.529274
4 60 0 8 -0.529662
23 76 0 8 -0.530030
19 64 0 8 -0.530215
18 44 0 8 -0.530839
36 84 0 8 -0.531254
12 85 0 8 -0.531426
59 73 0 8 -0.533109
40 81 0 8 -0.533980
7 73 0 8 -0.534062
15 51 0 8 -0.534588
13 57 0 8 -0.535347
46 67 0 8 -0.535931
17 80 0 8 -0.536288
39 53 0 8 -0.538705
24 83 0 8 -0.540541
18 51 0 8 -0.540778
8 51 0 8 -0.541414
22 69 0 8 -0.542860
55 80 0 8 -0.543169
28 85 0 8 -0.543893
13 60 0 8 -0.544210
40 49 0 8 -0.544210
18 67 0 8 -0.544485
3 43 0 8 -0.545656
18 58 0 8 -0.546997
66 76 0 8 -0.548240
21 58 0 8 -0.548366
8 26 0 8 -0.548745
2 25 0 8 -0.549430
24 48 0 8 -0.550802
4 13 0 8 -0.551176
37 74 0 8 -0.551624
28 67 0 8 -0.551821
29 76 0 8 -0.552337
14 70 0 8 -0.552615
45 59 0 8 -0.552847
4 26 0 8 -0.553261
26 45 0 8 -0.553540
48 68 0 8 -0.553953
71 82 0 8 -0.554600
22 63 0 8 -0.554834
29 59 0 8 -0.555070
10 81 0 8 -0.556142
48 81 0 8 -0.556625
7 79 0 8 -0.556756
64 82 0 8 -0.558313
8 61 0 8 -0.558501
9 20 0 8 -0.558606
6 63 0 8 -0.558718
24 64 0 8 -0.561803
22 55 0 8 -0.561875
61 79 0 8 -0.561916
40 71 0 8 -0.563734
61 82 0 8 -0.563742
27 53 0 8 -0.564030
34 54 0 8 -0.564460
40 61 0 8 -0.565116
26 34 0 8 -0.565335
8 47 0 8 -0.565569
3 77 0 8 -0.567319
67 72 0 8 -0.567943
13 73 0 8 -0.568451
32 66 0 8 -0.568770
50 74 0 8 -0.570003
8 22 0 8 -0.572583
9 44 0 8 -0.575276
5 62 0 8 -0.577412
30 41 0 8 -0.577929
4 27 0 8 -0.578180
23 81 0 8 -0.580471
23 43 0 8 -0.581228
29 77 0 8 -0.582072
29 40 0 8 -0.582401
12 72 0 8 -0.582562
6 46 0 8 -0.582755
37 81 0 8 -0.584999
53 62 0 8 -0.585172
7 23 0 8 -0.585434
2 11 0 8 -0.585745
19 73 0 8 -0.587293
43 84 0 8 -0.588574
47 62 0 8 -0.590264
63 85 0 8 -0.590518
56 79 0 8 -0.590931
49 78 0 8 -0.591471
2 33 0 8 -0.592656
2 72 0 8 -0.594398
16 42 0 8 -0.595242
20 30 0 8 -0.597041
18 36 0 8 -0.599320
41 58 0 8 -0.600010
62 78 0 8 -0.600317
73 85 0 8 -0.600904
2 23 0 8 -0.602071
42 77 0 8 -0.602769
6 31 0 8 -0.602910
18 53 0 8 -0.603428
21 44 0 8 -0.603959
42 85 0 8 -0.606278
35 82 0 8 -0.606475
66 80 0 8 -0.606966
56 75 0 8 -0.608178
4 19 0 8 -0.609481
10 68 0 8 -0.610760
32 72 0 8 -0.611027
13 70 0 8 -0.611440
48 58 0 8 -0.611536
22 46 0 8 -0.612751
32 60 0 8 -0.612791
5 52 0 8 -0.613335
17 78 0 8 -0.614019
24 35 0 8 -0.614290
23 58 0 8 -0.617441
24 72 0 8 -0.619943
12 64 0 8 -0.620802
44 78 0 8 -0.623760
30 64 0 8 -0.624049
2 82 0 8 -0.625057
5 78 0 8 -0.626101
8 28 0 8 -0.627709
8 64 0 8 -0.629733
29 65 0 8 -0.630573
31 82 0 8 -0.631344
42 61 0 8 -0.633525
3 36 0 8 -0.634385
5 30 0 8 -0.634843
5 59 0 8 -0.634942
51 80 0 8 -0.635309
70 83 0 8 -0.635366
6 17 0 8 -0.635820
21 74 0 8 -0.637450
4 82 0 8 -0.637555
43 56 0 8 -0.637947
56 78 0 8 -0.639718
40 53 0 8 -0.639878
57 76 0 8 -0.640038
34 69 0 8 -0.640518
3 35 0 8 -0.640833
7 69 0 8 -0.641282
19 36 0 8 -0.642897
62 70 0 8 -0.643023
26 77 0 8 -0.643500
29 67 0 8 -0.645278
19 45 0 8 -0.647529
8 17 0 8 -0.648472
8 20 0 8 -0.649095
26 76 0 8 -0.649301
40 60 0 8 -0.649446
45 62 0 8 -0.649670
6 11 0 8 -0.656130
21 71 0 8 -0.656133
4 43 0 8 -0.656271
3 73 0 8 -0.657840
3 76 0 8 -0.658841
6 82 0 8 -0.659519
73 81 0 8 -0.660251
46 79 0 8 -0.660938
18 65 0 8 -0.664120
30 79 0 8 -0.664551
9 25 0 8 -0.664715
3 57 0 8 -0.665554
38 60 0 8 -0.666166
17 55 0 8 -0.667339
32 79 0 8 -0.667740
39 82 0 8 -0.668469
42 74 0 8 -0.668996
12 33 0 8 -0.669668
7 55 0 8 -0.669944
8 45 0 8 -0.670918
7 53 0 8 -0.671865
45 67 0 8 -0.672688
16 65 0 8 -0.675230
33 39 0 8 -0.675295
29 85 0 8 -0.675504
15 65 0 8 -0.676006
69 84 0 8 -0.676064
41 73 0 8 -0.677424
52 72 0 8 -0.678015
51 58 0 8 -0.678505
5 66 0 8 -0.680427
6 34 0 8 -0.681754
42 63 0 8 -0.682464
58 78 0 8 -0.682669
30 67 0 8 -0.683231
44 51 0 8 -0.683913
30 42 0 8 -0.684103
4 63 0 8 -0.686610
8 25 0 8 -0.686691
15 75 0 8 -0.687241
14 44 0 8 -0.689195
18 82 0 8 -0.689618
58 68 0 8 -0.689943
14 79 0 8 -0.690186
44 67 0 8 -0.690726
31 54 0 8 -0.690809
39 73 0 8 -0.691338
5 64 0 8 -0.691437
39 59 0 8 -0.692726
59 65 0 8 -0.693386
4 67 0 8 -0.694675
58 74 0 8 -0.696218
4 49 0 8 -0.696660
29 80 0 8 -0.696848
2 30 0 8 -0.698514
60 78 0 8 -0.700449
34 58 0 8 -0.701101
27 74 0 8 -0.701103
21 50 0 8 -0.702209
13 65 0 8 -0.703284
42 78 0 8 -0.703777
50 66 0 8 -0.704126
12 79 0 8 -0.704307
14 29 0 8 -0.705190
14 50 0 8 -0.708615
15 59 0 8 -0.708687
22 49 0 8 -0.709013
29 53 0 8 -0.710328
35 70 0 8 -0.710639
12 36 0 8 -0.711835
10 79 0 8 -0.712358
13 31 0 8 -0.712457
49 68 0 8 -0.713301
7 34 0 8 -0.713842
56 66 0 8 -0.714035
28 66 0 8 -0.714888
3 61 0 8 -0.715904
4 61 0 8 -0.716575
2 24 0 8 -0.718545
11 29 0 8 -0.718907
4 69 0 8 -0.719654
23 53 0 8 -0.719861
54 66 0 8 -0.720395
28 35 0 8 -0.720877
19 59 0 8 -0.720935
49 69 0 8 -0.725205
47 52 0 8 -0.725241
6 53 0 8 -0.725440
46 70 0 8 -0.725506
6 85 0 8 -0.727162
31 71 0 8 -0.727214
10 83 0 8 -0.728796
36 82 0 8 -0.729256
52 58 0 8 -0.731814
8 63 0 8 -0.732258
44 59 0 8 -0.732972
67 74 0 8 -0.733484
45 51 0 8 -0.733744
12 76 0 8 -0.733808
11 36 0 8 -0.734257
15 77 0 8 -0.734882
9 78 0 8 -0.735060
12 80 0 8 -0.735272
6 26 0 8 -0.735526
23 84 0 8 -0.735707
4 75 0 8 -0.735864
21 76 0 8 -0.736287
7 43 0 8 -0.737936
35 84 0 8 -0.738642
7 18 0 8 -0.739578
24 75 0 8 -0.740101
7 66 0 8 -0.740884
46 57 0 8 -0.741690
5 49 0 8 -0.742058
33 76 0 8 -0.742845
24 60 0 8 -0.744209
14 60 0 8 -0.745572
13 71 0 8 -0.746849
37 45 0 8 -0.747274
19 82 0 8 -0.748186
33 40 0 8 -0.750046
8 73 0 8 -0.750509
51 67 0 8 -0.750534
9 37 0 8 -0.750656
19 56 0 8 -0.750775
19 46 0 8 -0.752482
2 38 0 8 -0.753319
14 75 0 8 -0.753975
64 72 0 8 -0.754241
13 32 0 8 -0.756233
49 75 0 8 -0.756739
9 40 0 8 -0.757546
47 55 0 8 -0.758194
14 34 0 8 -0.758360
52 79 0 8 -0.758516
5 27 0 8 -0.758938
68 81 0 8 -0.759017
35 83 0 8 -0.759285
13 23 0 8 -0.760508
14 85 0 8 -0.760794
40 47 0 8 -0.762775
18 39 0 8 -0.766878
52 75 0 8 -0.767572
3 50 0 8 -0.767754
2 8 0 8 -0.768604
15 80 0 8 -0.769541
61 69 0 8 -0.769815
41 55 0 8 -0.769976
52 81 0 8 -0.770702
9 30 0 8 -0.770712
31 66 0 8 -0.772999
30 85 0 8 -0.774405
24 54 0 8 -0.774610
20 78 0 8 -0.774841
20 83 0 8 -0.775172
2 27 0 8 -0.775541
38 75 0 8 -0.775661
36 50 0 8 -0.778136
12 28 0 8 -0.778473
22 71 0 8 -0.779025
18 27 0 8 -0.779877
73 83 0 8 -0.780202
5 22 0 8 -0.780262
10 72 0 8 -0.781578
18 60 0 8 -0.781876
61 75 0 8 -0.782026
57 77 0 8 -0.782897
32 71 0 8 -0.784357
42 47 0 8 -0.784540
50 69 0 8 -0.784642
6 74 0 8 -0.787481
9 35 0 8 -0.787789
43 53 0 8 -0.788613
41 68 0 8 -0.789111
44 77 0 8 -0.790392
32 52 0 8 -0.790596
13 72 0 8 -0.790731
64 78 0 8 -0.790797
49 66 0 8 -0.790836
69 83 0 8 -0.791187
18 79 0 8 -0.791669
19 28 0 8 -0.792574
16 47 0 8 -0.792749
39 61 0 8 -0.792759
59 81 0 8 -0.792790
41 74 0 8 -0.793391
16 78 0 8 -0.795530
37 65 0 8 -0.797566
66 73 0 8 -0.800547
25 36 0 8 -0.801214
4 39 0 8 -0.801372
4 58 0 8 -0.801608
5 11 0 8 -0.802002
49 54 0 8 -0.802745
20 67 0 8 -0.803064
27 76 0 8 -0.803958
13 39 0 8 -0.804097
10 64 0 8 -0.805064
15 49 0 8 -0.805812
48 77 0 8 -0.806004
58 80 0 8 -0.809433
63 76 0 8 -0.809946
29 84 0 8 -0.810306
2 34 0 8 -0.811012
56 85 0 8 -0.811456
11 38 0 8 -0.812127
38 68 0 8 -0.812246
13 77 0 8 -0.812817
8 77 0 8 -0.814086
2 16 0 8 -0.814987
36 83 0 8 -0.815323
8 44 0 8 -0.815361
12 21 0 8 -0.815704
31 37 0 8 -0.818080
26 65 0 8 -0.818304
70 75 0 8 -0.819161
45 60 0 8 -0.821199
9 66 0 8 -0.823158
53 68 0 8 -0.823461
28 74 0 8 -0.824813
19 52 0 8 -0.828200
23 68 0 8 -0.828549
50 71 0 8 -0.828976
52 57 0 8 -0.829773
27 83 0 8 -0.830176
9 52 0 8 -0.830770
16 81 0 8 -0.830821
3 30 0 8 -0.831555
39 65 0 8 -0.831866
69 74 0 8 -0.834225
21 69 0 8 -0.835057
33 56 0 8 -0.835113
25 30 0 8 -0.835677
27 43 0 8 -0.836243
16 80 0 8 -0.836323
6 76 0 8 -0.836712
12 81 0 8 -0.836713
19 62 0 8 -0.837369
42 68 0 8 -0.838557
11 43 0 8 -0.839228
2 63 0 8 -0.841167
31 53 0 8 -0.843293
57 75 0 8 -0.844134
20 54 0 8 -0.844224
42 79 0 8 -0.849026
35 41 0 8 -0.849627
7 85 0 8 -0.850553
33 74 0 8 -0.853044
20 59 0 8 -0.853357
23 38 0 8 -0.853882
38 76 0 8 -0.855321
29 46 0 8 -0.855440
34 82 0 8 -0.855970
33 68 0 8 -0.856253
10 51 0 8 -0.856491
32 54 0 8 -0.857173
10 22 0 8 -0.857270
55 75 0 8 -0.857724
16 48 0 8 -0.859382
55 83 0 8 -0.859664
9 79 0 8 -0.861048
27 64 0 8 -0.862739
4 51 0 8 -0.862759
7 51 0 8 -0.863811
23 35 0 8 -0.865512
3 11 0 8 -0.866021
19 78 0 8 -0.866162
17 48 0 8 -0.866697
34 52 0 8 -0.867282
37 75 0 8 -0.867867
16 63 0 8 -0.867989
62 80 0 8 -0.869539
8 85 0 8 -0.869981
56 84 0 8 -0.870910
26 63 0 8 -0.872506
55 63 0 8 -0.872898
22 54 0 8 -0.876930
44 53 0 8 -0.877102
5 37 0 8 -0.878281
5 36 0 8 -0.878372
41 48 0 8 -0.879550
47 78 0 8 -0.879700
13 61 0 8 -0.880864
12 75 0 8 -0.882468
6 23 0 8 -0.883179
43 81 0 8 -0.883504
11 49 0 8 -0.883616
53 66 0 8 -0.884005
27 48 0 8 -0.886021
52 63 0 8 -0.886316
60 73 0 8 -0.886631
4 14 0 8 -0.886942
4 78 0 8 -0.888254
76 84 0 8 -0.888405
36 51 0 8 -0.890388
35 73 0 8 -0.890511
7 21 0 8 -0.891272
32 42 0 8 -0.891426
27 65 0 8 -0.891938
6 16 0 8 -0.893555
16 43 0 8 -0.894407
20 73 0 8 -0.894712
28 69 0 8 -0.895085
5 43 0 8 -0.895531
13 49 0 8 -0.896198
5 26 0 8 -0.896459
35 50 0 8 -0.896828
70 78 0 8 -0.896988
43 75 0 8 -0.897865
26 81 0 8 -0.898443
3 79 0 8 -0.898912
26 79 0 8 -0.900391
51 57 0 8 -0.901770
7 27 0 8 -0.902802
14 82 0 8 -0.903278
28 44 0 8 -0.903759
3 10 0 8 -0.904152
25 45 0 8 -0.904346
20 36 0 8 -0.904597
7 44 0 8 -0.908165
14 72 0 8 -0.908546
10 17 0 8 -0.908716
24 85 0 8 -0.908760
18 25 0 8 -0.909380
28 57 0 8 -0.909438
21 77 0 8 -0.910006
35 63 0 8 -0.910722
2 68 0 8 -0.910780
20 75 0 8 -0.911128
19 42 0 8 -0.912743
2 62 0 8 -0.912929
65 76 0 8 -0.913610
30 83 0 8 -0.914491
35 81 0 8 -0.916442
67 79 0 8 -0.916553
15 70 0 8 -0.918070
42 72 0 8 -0.918841
25 52 0 8 -0.919629
56 82 0 8 -0.922476
26 42 0 8 -0.922726
41 66 0 8 -0.922815
29 70 0 8 -0.922819
41 82 0 8 -0.925259
28 55 0 8 -0.925529
3 55 0 8 -0.926769
13 37 0 8 -0.929768
16 82 0 8 -0.930240
15 45 0 8 -0.930271
16 56 0 8 -0.930987
6 50 0 8 -0.931999
11 63 0 8 -0.933935
22 41 0 8 -0.934172
7 63 0 8 -0.934493
62 82 0 8 -0.935176
12 53 0 8 -0.936438
25 81 0 8 -0.937738
25 71 0 8 -0.939062
19 83 0 8 -0.939084
13 41 0 8 -0.939177
22 85 0 8 -0.939410
15 68 0 8 -0.942231
9 54 0 8 -0.943201
9 14 0 8 -0.945598
25 44 0 8 -0.946518
17 60 0 8 -0.947618
21 55 0 8 -0.948364
25 51 0 8 -0.949042
39 68 0 8 -0.949752
28 51 0 8 -0.949995
37 57 0 8 -0.951150
54 77 0 8 -0.953426
11 58 0 8 -0.954001
15 83 0 8 -0.954352
52 67 0 8 -0.954561
14 76 0 8 -0.955522
25 73 0 8 -0.955701
34 51 0 8 -0.956462
8 66 0 8 -0.956872
15 73 0 8 -0.958791
39 81 0 8 -0.958927
19 71 0 8 -0.959129
7 46 0 8 -0.959301
22 79 0 8 -0.960542
39 52 0 8 -0.960870
23 74 0 8 -0.961267
18 71 0 8 -0.961292
31 84 0 8 -0.962353
32 83 0 8 -0.966966
28 42 0 8 -0.967194
41 46 0 8 -0.967256
35 49 0 8 -0.968177
33 69 0 8 -0.969869
32 76 0 8 -0.971447
21 73 0 8 -0.971693
27 54 0 8 -0.972193
11 60 0 8 -0.973374
3 34 0 8 -0.973852
11 23 0 8 -0.975857
34 63 0 8 -0.976728
3 9 0 8 -0.978408
13 45 0 8 -0.980320
9 59 0 8 -0.980764
22 53 0 8 -0.983328
15 38 0 8 -0.983609
32 58 0 8 -0.984432
54 67 0 8 -0.985869
4 70 0 8 -0.985880
58 84 0 8 -0.987084
25 65 0 8 -0.989805
16 61 0 8 -0.990768
7 84 0 8 -0.991895
31 43 0 8 -0.992124
29 39 0 8 -0.992758
24 65 0 8 -0.992890
27 79 0 8 -0.994239
12 73 0 8 -0.995159
4 34 0 8 -0.995419
36 57 0 8 -0.996637
25 76 0 8 -0.996861
15 72 0 8 -0.997422
26 44 0 8 -0.998108
3 56 0 8 -0.998150
10 21 0 8 -1.000393
5 55 0 8 -1.002749
14 49 0 8 -1.005052
35 77 0 8 -1.005946
3 84 0 8 -1.008594
50 75 0 8 -1.009109
5 45 0 8 -1.009865
25 67 0 8 -1.010412
3 78 0 8 -1.012419
6 48 0 8 -1.015439
32 49 0 8 -1.015444
62 72 0 8 -1.015471
17 23 0 8 -1.015876
21 54 0 8 -1.016711
9 69 0 8 -1.017203
23 46 0 8 -1.017430
2 19 0 8 -1.017665
33 67 0 8 -1.018782
72 78 0 8 -1.019470
53 74 0 8 -1.020383
10 33 0 8 -1.020913
29 71 0 8 -1.021988
39 55 0 8 -1.024634
19 66 0 8 -1.025399
6 30 0 8 -1.027542
35 65 0 8 -1.028438
28 79 0 8 -1.029440
38 71 0 8 -1.029699
14 22 0 8 -1.031744
19 32 0 8 -1.034310
5 39 0 8 -1.036672
17 81 0 8 -1.036889
11 79 0 8 -1.037545
26 49 0 8 -1.038224
10 45 0 8 -1.038435
43 79 0 8 -1.039172
6 78 0 8 -1.039331
60 65 0 8 -1.042098
9 27 0 8 -1.043235
30 49 0 8 -1.043534
5 57 0 8 -1.044726
15 81 0 8 -1.045748
3 64 0 8 -1.047165
6 37 0 8 -1.048980
63 71 0 8 -1.049138
12 71 0 8 -1.049235
16 85 0 8 -1.051760
31 64 0 8 -1.058511
20 26 0 8 -1.058859
33 60 0 8 -1.060935
5 48 0 8 -1.063618
51 70 0 8 -1.064055
4 76 0 8 -1.068391
11 55 0 8 -1.069846
44 75 0 8 -1.070497
15 42 0 8 -1.071487
9 32 0 8 -1.071572
13 62 0 8 -1.074044
9 26 0 8 -1.074719
23 62 0 8 -1.076275
20 71 0 8 -1.076971
22 60 0 8 -1.077248
60 85 0 8 -1.077765
45 79 0 8 -1.078120
36 64 0 8 -1.079210
26 62 0 8 -1.080096
15 71 0 8 -1.080457
34 60 0 8 -1.081553
8 21 0 8 -1.082091
14 27 0 8 -1.082139
55 67 0 8 -1.083495
24 52 0 8 -1.084069
9 65 0 8 -1.084482
31 45 0 8 -1.084548
47 81 0 8 -1.084903
23 42 0 8 -1.087643
11 34 0 8 -1.087940
60 83 0 8 -1.089873
35 61 0 8 -1.091960
11 30 0 8 -1.092503
10 49 0 8 -1.097682
17 39 0 8 -1.098689
57 79 0 8 -1.100530
62 75 0 8 -1.100718
28 48 0 8 -1.104153
63 70 0 8 -1.104257
22 62 0 8 -1.104946
9 42 0 8 -1.106145
24 41 0 8 -1.107841
28 78 0 8 -1.108179
9 56 0 8 -1.110035
18 66 0 8 -1.110333
14 30 0 8 -1.110720
25 69 0 8 -1.111384
16 46 0 8 -1.112356
26 60 0 8 -1.114162
11 77 0 8 -1.114726
34 84 0 8 -1.114983
42 84 0 8 -1.115501
11 61 0 8 -1.115656
9 16 0 8 -1.116010
17 54 0 8 -1.116806
62 77 0 8 -1.117892
67 78 0 8 -1.118651
49 62 0 8 -1.118895
20 44 0 8 -1.120486
2 37 0 8 -1.120902
35 43 0 8 -1.121008
28 47 0 8 -1.122523
38 48 0 8 -1.126627
29 35 0 8 -1.127190
72 83 0 8 -1.128113
37 44 0 8 -1.128715
15 50 0 8 -1.129628
36 73 0 8 -1.130682
67 82 0 8 -1.131156
28 82 0 8 -1.131809
30 47 0 8 -1.132047
39 67 0 8 -1.132352
8 84 0 8 -1.132732
15 60 0 8 -1.133580
7 71 0 8 -1.134687
43 61 0 8 -1.134748
20 53 0 8 -1.135236
4 73 0 8 -1.135751
26 54 0 8 -1.135786
5 68 0 8 -1.137071
5 81 0 8 -1.137448
18 46 0 8 -1.139021
9 63 0 8 -1.140933
28 38 0 8 -1.142455
15 25 0 8 -1.143849
14 61 0 8 -1.146881
4 36 0 8 -1.147805
51 79 0 8 -1.148349
36 66 0 8 -1.148468
68 75 0 8 -1.149311
21 62 0 8 -1.149603
7 72 0 8 -1.151543
28 58 0 8 -1.151804
47 54 0 8 -1.152870
48 78 0 8 -1.153072
33 53 0 8 -1.155060
47 79 0 8 -1.155802
18 29 0 8 -1.155910
44 62 0 8 -1.156212
3 66 0 8 -1.157153
70 84 0 8 -1.157771
23 61 0 8 -1.158720
27 67 0 8 -1.160877
32 70 0 8 -1.164330
54 70 0 8 -1.164824
14 36 0 8 -1.166320
3 63 0 8 -1.166933
24 42 0 8 -1.169131
18 45 0 8 -1.170449
51 84 0 8 -1.171024
21 46 0 8 -1.171744
33 78 0 8 -1.172982
36 69 0 8 -1.176049
38 47 0 8 -1.176280
20 49 0 8 -1.176582
45 64 0 8 -1.177061
5 35 0 8 -1.177763
38 81 0 8 -1.181557
11 39 0 8 -1.184726
55 64 0 8 -1.188975
27 51 0 8 -1.190826
4 65 0 8 -1.191745
23 39 0 8 -1.195720
39 48 0 8 -1.196069
14 52 0 8 -1.198871
37 56 0 8 -1.199260
29 61 0 8 -1.199380
53 82 0 8 -1.200991
36 58 0 8 -1.205185
6 66 0 8 -1.205572
54 65 0 8 -1.209346
29 63 0 8 -1.211114
20 39 0 8 -1.213131
44 79 0 8 -1.217371
32 84 0 8 -1.219282
26 48 0 8 -1.221089
5 10 0 8 -1.221300
4 50 0 8 -1.223296
15 24 0 8 -1.223385
5 76 0 8 -1.223497
25 33 0 8 -1.225339
17 41 0 8 -1.225470
39 83 0 8 -1.226804
3 33 0 8 -1.226845
19 81 0 8 -1.227579
28 73 0 8 -1.229226
36 70 0 8 -1.229356
7 62 0 8 -1.230414
20 56 0 8 -1.230758
29 79 0 8 -1.231228
60 84 0 8 -1.231277
29 54 0 8 -1.232518
23 41 0 8 -1.234196
16 39 0 8 -1.236345
38 51 0 8 -1.236603
18 49 0 8 -1.238695
30 74 0 8 -1.238906
28 41 0 8 -1.242338
34 79 0 8 -1.243463
34 56 0 8 -1.243499
48 75 0 8 -1.244082
14 39 0 8 -1.247566
9 38 0 8 -1.247627
6 42 0 8 -1.247842
17 35 0 8 -1.248024
30 65 0 8 -1.248965
23 54 0 8 -1.251929
41 83 0 8 -1.254706
39 78 0 8 -1.258027
15 82 0 8 -1.259270
42 52 0 8 -1.259700
12 29 0 8 -1.259993
9 71 0 8 -1.262452
28 68 0 8 -1.266421
28 53 0 8 -1.266863
29 34 0 8 -1.268742
31 67 0 8 -1.275235
35 44 0 8 -1.275612
3 28 0 8 -1.277270
57 74 0 8 -1.277277
9 21 0 8 -1.277344
14 67 0 8 -1.278101
43 74 0 8 -1.278836
21 66 0 8 -1.279280
33 73 0 8 -1.279485
4 57 0 8 -1.280490
8 50 0 8 -1.281000
33 62 0 8 -1.281462
20 60 0 8 -1.282558
20 70 0 8 -1.283798
26 71 0 8 -1.283909
9 62 0 8 -1.287025
12 41 0 8 -1.287602
48 53 0 8 -1.288162
24 58 0 8 -1.288709
15 47 0 8 -1.289628
27 46 0 8 -1.291182
58 67 0 8 -1.293565
44 64 0 8 -1.294195
39 57 0 8 -1.294694
26 58 0 8 -1.297840
38 50 0 8 -1.299015
31 62 0 8 -1.301107
10 52 0 8 -1.302904
5 77 0 8 -1.303529
3 27 0 8 -1.312614
19 60 0 8 -1.313846
51 76 0 8 -1.314216
21 36 0 8 -1.314274
33 70 0 8 -1.316627
3 54 0 8 -1.317626
8 41 0 8 -1.319185
50 65 0 8 -1.320069
37 54 0 8 -1.322253
9 83 0 8 -1.323326
11 66 0 8 -1.327485
28 65 0 8 -1.333176
31 51 0 8 -1.333849
58 70 0 8 -1.334197
34 75 0 8 -1.335197
39 46 0 8 -1.337153
27 36 0 8 -1.337602
7 81 0 8 -1.337690
7 38 0 8 -1.338658
12 70 0 8 -1.340198
50 60 0 8 -1.340460
25 42 0 8 -1.342087
41 70 0 8 -1.348723
10 71 0 8 -1.352810
43 66 0 8 -1.357249
36 43 0 8 -1.359815
37 46 0 8 -1.360131
10 23 0 8 -1.362853
28 52 0 8 -1.363952
54 63 0 8 -1.364236
61 72 0 8 -1.367016
11 74 0 8 -1.367046
16 75 0 8 -1.369154
20 34 0 8 -1.369909
54 83 0 8 -1.371801
61 67 0 8 -1.375025
50 72 0 8 -1.376491
39 69 0 8 -1.377520
49 74 0 8 -1.380038
10 44 0 8 -1.380898
4 79 0 8 -1.382728
8 48 0 8 -1.385639
23 73 0 8 -1.386707
53 83 0 8 -1.388127
37 58 0 8 -1.388584
14 43 0 8 -1.392592
18 43 0 8 -1.395987
49 73 0 8 -1.397015
41 53 0 8 -1.398030
50 79 0 8 -1.399664
7 52 0 8 -1.400108
10 35 0 8 -1.401004
33 45 0 8 -1.401012
22 84 0 8 -1.402768
11 45 0 8 -1.403798
39 62 0 8 -1.404997
30 70 0 8 -1.405809
45 63 0 8 -1.406861
15 30 0 8 -1.408733
50 76 0 8 -1.413068
38 67 0 8 -1.415156
10 15 0 8 -1.415691
29 82 0 8 -1.419573
45 81 0 8 -1.424885
15 35 0 8 -1.426471
30 51 0 8 -1.428585
4 74 0 8 -1.429924
22 48 0 8 -1.430379
52 70 0 8 -1.436201
21 79 0 8 -1.436476
17 82 0 8 -1.439460
12 63 0 8 -1.439636
12 58 0 8 -1.441712
6 33 0 8 -1.446243
8 38 0 8 -1.453810
7 70 0 8 -1.453921
3 53 0 8 -1.456354
33 61 0 8 -1.457971
35 57 0 8 -1.458551
6 19 0 8 -1.458588
46 69 0 8 -1.459133
21 29 0 8 -1.464170
22 66 0 8 -1.465020
7 48 0 8 -1.468424
7 78 0 8 -1.468960
27 32 0 8 -1.469745
32 45 0 8 -1.472870
42 60 0 8 -1.479581
56 81 0 8 -1.479751
28 50 0 8 -1.481310
56 72 0 8 -1.482324
24 77 0 8 -1.483266
32 78 0 8 -1.486685
27 71 0 8 -1.486987
54 75 0 8 -1.491047
27 39 0 8 -1.491075
14 83 0 8 -1.492497
23 77 0 8 -1.494053
20 82 0 8 -1.496014
23 79 0 8 -1.496188
52 64 0 8 -1.501795
16 49 0 8 -1.503809
54 71 0 8 -1.504529
15 46 0 8 -1.505746
25 77 0 8 -1.516256
25 49 0 8 -1.517034
19 84 0 8 -1.518320
44 54 0 8 -1.518564
47 75 0 8 -1.520652
10 58 0 8 -1.520722
48 69 0 8 -1.521375
9 15 0 8 -1.523064
21 53 0 8 -1.523337
17 52 0 8 -1.525317
43 77 0 8 -1.528160
16 50 0 8 -1.528452
7 68 0 8 -1.528696
39 64 0 8 -1.530815
34 62 0 8 -1.531026
17 56 0 8 -1.532918
65 78 0 8 -1.533219
22 36 0 8 -1.540611
49 77 0 8 -1.541707
54 84 0 8 -1.542020
46 60 0 8 -1.544846
7 50 0 8 -1.549003
5 56 0 8 -1.550728
18 24 0 8 -1.553609
24 76 0 8 -1.555687
14 63 0 8 -1.556220
57 78 0 8 -1.558299
23 70 0 8 -1.563183
43 54 0 8 -1.563186
15 29 0 8 -1.563792
20 76 0 8 -1.565089
34 44 0 8 -1.568575
37 53 0 8 -1.571757
24 53 0 8 -1.572349
32 55 0 8 -1.573778
14 41 0 8 -1.576010
18 52 0 8 -1.576646
16 76 0 8 -1.577275
32 81 0 8 -1.578248
8 46 0 8 -1.578615
69 79 0 8 -1.578833
5 63 0 8 -1.583233
11 53 0 8 -1.584604
19 48 0 8 -1.585582
41 75 0 8 -1.588215
30 39 0 8 -1.589183
32 48 0 8 -1.590459
55 68 0 8 -1.591520
3 65 0 8 -1.591566
12 84 0 8 -1.601000
37 66 0 8 -1.603927
14 81 0 8 -1.610052
8 37 0 8 -1.613922
12 61 0 8 -1.613954
19 30 0 8 -1.615010
25 50 0 8 -1.617046
8 82 0 8 -1.617509
7 67 0 8 -1.617580
8 81 0 8 -1.621218
44 83 0 8 -1.622123
14 78 0 8 -1.622539
17 76 0 8 -1.624683
32 50 0 8 -1.625755
4 35 0 8 -1.625934
4 77 0 8 -1.626194
44 72 0 8 -1.626231
5 70 0 8 -1.627671
34 45 0 8 -1.633011
38 46 0 8 -1.633585
32 63 0 8 -1.634554
7 35 0 8 -1.640056
16 79 0 8 -1.644530
36 41 0 8 -1.648700
23 33 0 8 -1.651559
3 37 0 8 -1.653428
41 76 0 8 -1.653858
46 76 0 8 -1.655558
31 74 0 8 -1.655570
28 61 0 8 -1.662811
5 82 0 8 -1.668733
14 24 0 8 -1.670297
17 83 0 8 -1.672274
11 20 0 8 -1.673489
22 81 0 8 -1.679093
57 70 0 8 -1.679554
43 55 0 8 -1.682668
30 44 0 8 -1.689182
8 67 0 8 -1.699510
19 69 0 8 -1.701085
4 71 0 8 -1.703026
16 44 0 8 -1.709179
16 58 0 8 -1.711636
57 62 0 8 -1.713759
16 36 0 8 -1.714610
19 72 0 8 -1.721440
31 47 0 8 -1.722812
28 70 0 8 -1.724758
5 75 0 8 -1.725290
19 49 0 8 -1.725693
16 41 0 8 -1.727684
50 68 0 8 -1.729922
57 72 0 8 -1.738798
56 64 0 8 -1.739453
47 82 0 8 -1.739958
34 39 0 8 -1.743452
36 49 0 8 -1.743851
39 51 0 8 -1.747844
19 61 0 8 -1.749892
12 62 0 8 -1.752554
53 61 0 8 -1.758510
49 56 0 8 -1.762025
58 77 0 8 -1.765477
44 56 0 8 -1.771576
64 76 0 8 -1.772961
10 41 0 8 -1.775037
8 33 0 8 -1.776775
20 37 0 8 -1.779222
14 62 0 8 -1.784963
62 76 0 8 -1.785393
30 71 0 8 -1.791024
12 46 0 8 -1.804112
14 47 0 8 -1.810574
4 55 0 8 -1.819708
15 55 0 8 -1.821413
18 78 0 8 -1.823116
20 63 0 8 -1.832633
35 68 0 8 -1.835643
23 52 0 8 -1.840118
14 65 0 8 -1.842300
17 51 0 8 -1.852327
17 29 0 8 -1.853328
38 54 0 8 -1.862956
54 73 0 8 -1.866811
17 66 0 8 -1.874776
64 79 0 8 -1.877618
32 64 0 8 -1.882816
9 34 0 8 -1.900805
12 19 0 8 -1.903299
14 68 0 8 -1.906085
42 50 0 8 -1.906107
11 28 0 8 -1.906969
18 61 0 8 -1.907020
19 63 0 8 -1.912360
31 50 0 8 -1.914877
48 73 0 8 -1.919030
19 74 0 8 -1.919853
14 51 0 8 -1.923306
33 58 0 8 -1.925225
31 76 0 8 -1.925464
30 76 0 8 -1.926920
68 77 0 8 -1.928635
29 74 0 8 -1.930743
23 44 0 8 -1.933624
11 48 0 8 -1.944877
17 57 0 8 -1.954129
8 60 0 8 -1.956469
45 52 0 8 -1.959726
18 47 0 8 -1.960741
55 66 0 8 -1.961568
30 66 0 8 -1.964631
24 63 0 8 -1.972993
17 65 0 8 -1.978243
23 56 0 8 -1.980919
36 81 0 8 -1.981600
19 54 0 8 -1.984610
12 20 0 8 -1.986010
22 35 0 8 -1.986041
22 51 0 8 -1.991610
45 65 0 8 -1.997212
4 38 0 8 -1.997249
68 82 0 8 -2.002098
22 61 0 8 -2.021472
37 50 0 8 -2.029311
54 69 0 8 -2.029577
9 46 0 8 -2.032773
50 70 0 8 -2.037844
31 70 0 8 -2.047019
9 50 0 8 -2.055476
34 74 0 8 -2.055533
33 66 0 8 -2.057415
4 56 0 8 -2.063678
52 78 0 8 -2.064133
38 44 0 8 -2.078540
9 23 0 8 -2.080637
24 73 0 8 -2.081775
51 69 0 8 -2.084603
31 46 0 8 -2.086424
38 72 0 8 -2.093890
23 60 0 8 -2.095074
17 38 0 8 -2.095531
11 33 0 8 -2.095620
63 73 0 8 -2.101125
46 77 0 8 -2.103710
10 19 0 8 -2.104608
5 61 0 8 -2.107425
49 70 0 8 -2.123319
10 47 0 8 -2.124100
5 58 0 8 -2.131029
17 77 0 8 -2.131237
14 64 0 8 -2.131270
55 72 0 8 -2.133844
11 41 0 8 -2.138819
24 61 0 8 -2.139635
23 49 0 8 -2.149786
33 64 0 8 -2.162898
16 74 0 8 -2.166134
16 60 0 8 -2.172036
15 58 0 8 -2.186240
20 77 0 8 -2.198576
6 47 0 8 -2.200250
33 65 0 8 -2.219546
39 47 0 8 -2.256313
9 51 0 8 -2.264689
18 54 0 8 -2.264738
54 68 0 8 -2.274381
55 71 0 8 -2.285752
38 70 0 8 -2.294744
42 58 0 8 -2.307224
15 53 0 8 -2.336163
8 16 0 8 -2.338852
20 68 0 8 -2.340307
16 54 0 8 -2.346323
17 71 0 8 -2.349009
24 29 0 8 -2.355246
24 31 0 8 -2.363233
9 64 0 8 -2.368171
33 81 0 8 -2.368578
31 41 0 8 -2.369748
18 70 0 8 -2.380130
16 51 0 8 -2.393713
12 67 0 8 -2.413994
22 31 0 8 -2.416527
37 49 0 8 -2.429778
54 64 0 8 -2.484680
31 44 0 8 -2.485982
24 71 0 8 -2.497817
17 61 0 8 -2.515215
64 70 0 8 -2.529437
20 46 0 8 -2.532462
5 65 0 8 -2.605507
36 62 0 8 -2.623568
8 18 0 8 -2.666596
20 65 0 8 -2.697478
16 64 0 8 -2.708488
8 55 0 8 -2.734227
17 34 0 8 -2.757080
19 51 0 8 -2.759367
19 50 0 8 -2.811791
7 47 0 8 -2.830895
16 62 0 8 -2.905683
17 68 0 8 -3.018539
17 62 0 8 -3.241986
33 63 0 8 -3.377346
