44 57 0 8 9.812826
46 55 0 8 9.156049
8 35 0 8 8.325436
28 49 0 8 7.596435
45 58 0 8 7.123996
21 46 0 8 6.386109
33 80 0 8 6.328695
7 33 0 8 5.872862
35 41 0 8 5.742963
11 35 0 8 4.619280
73 83 0 8 4.571660
36 44 0 8 4.214641
24 30 0 8 4.088575
61 72 0 8 4.078772
35 42 0 8 4.065359
59 65 0 8 4.020023
28 50 0 8 3.854625
82 88 0 8 3.851299
47 56 0 8 3.803667
28 51 0 8 3.758433
9 20 0 8 3.544607
36 41 0 8 3.450072
56 83 0 8 3.431668
25 30 0 8 3.320659
37 57 0 8 3.255264
49 54 0 8 3.034669
42 60 0 8 3.009463
9 32 0 8 2.967971
7 76 0 8 2.896889
49 56 0 8 2.880141
14 55 0 8 2.839217
66 73 0 8 2.828414
71 83 0 8 2.794981
67 83 0 8 2.790473
28 52 0 8 2.728871
10 32 0 8 2.701732
56 91 0 8 2.690581
30 48 0 8 2.682242
53 73 0 8 2.619037
57 91 0 8 2.617468
54 84 0 8 2.613757
10 35 0 8 2.599571
49 98 0 8 2.569615
56 89 0 8 2.469955
30 36 0 8 2.447067
47 91 0 8 2.443241
33 81 0 8 2.436682
88 93 0 8 2.435511
36 42 0 8 2.433357
20 59 0 8 2.419428
31 84 0 8 2.389877
5 77 0 8 2.362376
43 77 0 8 2.347016
56 67 0 8 2.335801
56 70 0 8 2.334190
73 82 0 8 2.306828
23 48 0 8 2.291101
54 70 0 8 2.287823
58 64 0 8 2.253977
48 53 0 8 2.249100
9 35 0 8 2.233713
11 38 0 8 2.233039
11 42 0 8 2.213201
36 56 0 8 2.183127
33 77 0 8 2.168260
68 83 0 8 2.167226
42 57 0 8 2.152033
23 80 0 8 2.111494
43 65 0 8 2.111309
63 74 0 8 2.096099
56 71 0 8 2.089191
39 57 0 8 2.082330
58 73 0 8 2.076377
18 55 0 8 2.058736
56 90 0 8 2.056858
13 69 0 8 2.048029
91 96 0 8 2.044612
33 76 0 8 2.033480
47 53 0 8 2.005197
56 66 0 8 1.983638
31 80 0 8 1.979171
12 44 0 8 1.922825
55 86 0 8 1.908825
39 52 0 8 1.908773
43 60 0 8 1.900004
58 83 0 8 1.895478
39 58 0 8 1.895357
45 51 0 8 1.884470
38 71 0 8 1.882845
71 82 0 8 1.874653
92 97 0 8 1.874252
29 34 0 8 1.861564
37 70 0 8 1.860254
9 98 0 8 1.847425
42 82 0 8 1.843652
70 86 0 8 1.830829
22 48 0 8 1.826643
36 83 0 8 1.818908
62 70 0 8 1.812283
23 47 0 8 1.809197
68 73 0 8 1.800375
22 50 0 8 1.796371
69 80 0 8 1.785534
55 77 0 8 1.776598
7 43 0 8 1.770226
9 22 0 8 1.759344
61 69 0 8 1.738777
19 49 0 8 1.738478
71 91 0 8 1.735486
26 98 0 8 1.732497
8 56 0 8 1.718518
37 44 0 8 1.716414
72 81 0 8 1.715494
38 44 0 8 1.708524
54 88 0 8 1.706024
17 47 0 8 1.689730
75 82 0 8 1.689379
42 53 0 8 1.680221
15 77 0 8 1.675212
37 51 0 8 1.668395
83 88 0 8 1.659140
12 20 0 8 1.655569
15 52 0 8 1.652486
78 85 0 8 1.651862
11 17 0 8 1.637015
13 38 0 8 1.633980
7 31 0 8 1.627074
70 82 0 8 1.619241
14 43 0 8 1.615839
15 78 0 8 1.599398
12 65 0 8 1.596531
69 89 0 8 1.583331
24 48 0 8 1.579190
55 76 0 8 1.569106
8 49 0 8 1.566558
70 76 0 8 1.564198
32 66 0 8 1.558473
41 47 0 8 1.558123
8 42 0 8 1.554735
69 85 0 8 1.536863
56 73 0 8 1.530710
13 42 0 8 1.523012
27 85 0 8 1.520794
11 37 0 8 1.520477
44 70 0 8 1.519714
44 55 0 8 1.503755
56 88 0 8 1.503632
48 59 0 8 1.495233
27 46 0 8 1.477897
47 77 0 8 1.476047
48 63 0 8 1.474729
9 24 0 8 1.473521
22 82 0 8 1.469616
10 37 0 8 1.465722
8 40 0 8 1.462407
31 71 0 8 1.462028
13 61 0 8 1.458634
7 15 0 8 1.455776
63 72 0 8 1.454710
82 87 0 8 1.452698
17 64 0 8 1.443756
17 23 0 8 1.443106
52 70 0 8 1.439237
77 86 0 8 1.425155
43 64 0 8 1.422290
63 68 0 8 1.418090
18 89 0 8 1.414409
45 52 0 8 1.413388
27 96 0 8 1.412908
48 72 0 8 1.409663
8 76 0 8 1.400505
12 23 0 8 1.400128
61 70 0 8 1.398619
20 84 0 8 1.398579
14 47 0 8 1.394765
17 32 0 8 1.393948
47 89 0 8 1.381502
22 47 0 8 1.381115
59 70 0 8 1.380949
9 27 0 8 1.375450
69 81 0 8 1.375396
20 33 0 8 1.374231
63 76 0 8 1.373619
52 64 0 8 1.373361
58 79 0 8 1.372064
28 65 0 8 1.370118
33 58 0 8 1.366183
54 79 0 8 1.366061
39 46 0 8 1.363179
9 44 0 8 1.355015
30 37 0 8 1.345275
8 77 0 8 1.344481
13 30 0 8 1.343622
12 22 0 8 1.338273
19 53 0 8 1.334374
78 87 0 8 1.332228
69 77 0 8 1.326578
6 75 0 8 1.325990
35 40 0 8 1.320323
2 47 0 8 1.318084
39 54 0 8 1.314541
33 45 0 8 1.312662
63 69 0 8 1.310676
44 87 0 8 1.310122
59 82 0 8 1.297460
86 93 0 8 1.296821
28 48 0 8 1.291795
23 53 0 8 1.290109
11 62 0 8 1.285540
42 76 0 8 1.284292
20 62 0 8 1.280478
9 26 0 8 1.280157
67 78 0 8 1.279799
32 57 0 8 1.279196
27 48 0 8 1.278800
42 92 0 8 1.276546
36 79 0 8 1.274469
30 87 0 8 1.271066
22 53 0 8 1.266575
8 27 0 8 1.266464
54 92 0 8 1.265763
39 61 0 8 1.258517
24 38 0 8 1.255540
7 48 0 8 1.253446
27 81 0 8 1.252834
43 76 0 8 1.244779
54 83 0 8 1.243350
14 90 0 8 1.240435
14 89 0 8 1.240218
18 57 0 8 1.239988
69 84 0 8 1.238253
23 70 0 8 1.231944
23 83 0 8 1.229294
76 83 0 8 1.228657
80 88 0 8 1.228028
64 75 0 8 1.227423
41 73 0 8 1.227351
61 71 0 8 1.226611
54 77 0 8 1.225674
50 60 0 8 1.225417
76 81 0 8 1.223681
42 54 0 8 1.221151
30 44 0 8 1.215579
31 59 0 8 1.212177
20 26 0 8 1.211772
17 53 0 8 1.209125
65 71 0 8 1.208655
17 55 0 8 1.207160
10 42 0 8 1.204505
24 47 0 8 1.204455
91 98 0 8 1.202487
7 38 0 8 1.199815
46 70 0 8 1.197602
39 60 0 8 1.195148
66 75 0 8 1.193734
59 79 0 8 1.193642
28 58 0 8 1.193522
30 96 0 8 1.193363
56 77 0 8 1.191349
16 43 0 8 1.189849
82 89 0 8 1.188209
69 79 0 8 1.187243
70 88 0 8 1.185438
25 48 0 8 1.183643
57 92 0 8 1.180480
65 70 0 8 1.177641
20 49 0 8 1.174493
8 85 0 8 1.173005
36 57 0 8 1.167793
42 55 0 8 1.164841
52 77 0 8 1.164386
41 60 0 8 1.160832
13 23 0 8 1.154924
64 86 0 8 1.154360
26 46 0 8 1.153650
39 62 0 8 1.148468
66 87 0 8 1.145410
26 47 0 8 1.141163
46 86 0 8 1.138755
53 59 0 8 1.138114
16 70 0 8 1.136872
75 87 0 8 1.136200
79 86 0 8 1.136155
33 59 0 8 1.135446
50 74 0 8 1.134704
26 63 0 8 1.133424
39 44 0 8 1.124650
87 98 0 8 1.123234
39 77 0 8 1.120832
19 30 0 8 1.119828
78 86 0 8 1.115278
68 93 0 8 1.113489
11 20 0 8 1.109259
52 72 0 8 1.107157
47 71 0 8 1.104026
17 44 0 8 1.100850
30 89 0 8 1.100382
56 87 0 8 1.098546
32 67 0 8 1.092863
76 94 0 8 1.091910
69 91 0 8 1.089259
18 38 0 8 1.083014
38 57 0 8 1.080370
7 13 0 8 1.079628
73 79 0 8 1.072893
50 70 0 8 1.070412
48 85 0 8 1.062571
48 82 0 8 1.057933
33 51 0 8 1.056656
45 71 0 8 1.054403
58 76 0 8 1.049444
65 81 0 8 1.046608
12 59 0 8 1.046357
8 81 0 8 1.045834
27 59 0 8 1.044965
24 49 0 8 1.041179
67 90 0 8 1.038575
51 60 0 8 1.037801
9 28 0 8 1.036958
50 80 0 8 1.035098
47 52 0 8 1.030130
9 25 0 8 1.028372
46 65 0 8 1.026459
33 52 0 8 1.024882
6 52 0 8 1.024111
22 75 0 8 1.022789
49 78 0 8 1.020719
78 89 0 8 1.020173
19 48 0 8 1.019552
18 52 0 8 1.017518
74 82 0 8 1.013064
31 58 0 8 1.012309
52 61 0 8 1.011893
37 58 0 8 1.010915
28 54 0 8 1.009554
39 75 0 8 1.007308
67 79 0 8 1.004131
23 40 0 8 1.002799
7 36 0 8 1.001170
65 78 0 8 0.996640
39 74 0 8 0.994387
33 74 0 8 0.989980
25 60 0 8 0.987737
63 75 0 8 0.987322
11 72 0 8 0.983428
39 81 0 8 0.981151
14 34 0 8 0.980383
65 83 0 8 0.978427
22 76 0 8 0.975420
79 90 0 8 0.971605
24 43 0 8 0.966411
68 78 0 8 0.964189
43 72 0 8 0.958929
31 63 0 8 0.957268
18 75 0 8 0.957233
13 20 0 8 0.956924
73 86 0 8 0.956706
22 56 0 8 0.955676
32 48 0 8 0.954720
11 52 0 8 0.951180
9 68 0 8 0.945267
14 56 0 8 0.940620
25 65 0 8 0.940088
18 59 0 8 0.939663
12 37 0 8 0.938263
77 92 0 8 0.937020
48 57 0 8 0.931624
76 84 0 8 0.929997
84 90 0 8 0.929744
5 37 0 8 0.929677
16 38 0 8 0.929380
16 85 0 8 0.929314
27 45 0 8 0.929083
64 74 0 8 0.928638
16 71 0 8 0.927776
36 53 0 8 0.925159
23 72 0 8 0.916707
9 55 0 8 0.913674
33 72 0 8 0.913543
33 43 0 8 0.910761
15 65 0 8 0.907878
83 93 0 8 0.905704
47 90 0 8 0.905435
15 38 0 8 0.903694
14 46 0 8 0.902994
4 9 0 8 0.901100
46 51 0 8 0.900230
49 66 0 8 0.897934
52 75 0 8 0.896942
57 74 0 8 0.893941
83 90 0 8 0.890797
17 51 0 8 0.885798
39 51 0 8 0.885461
55 67 0 8 0.885252
16 21 0 8 0.884965
18 91 0 8 0.882598
50 75 0 8 0.882546
61 74 0 8 0.879277
25 37 0 8 0.879167
15 44 0 8 0.875687
37 47 0 8 0.870444
47 73 0 8 0.870171
22 51 0 8 0.870068
65 82 0 8 0.868050
13 18 0 8 0.867829
9 41 0 8 0.862688
30 49 0 8 0.862157
9 47 0 8 0.861874
51 59 0 8 0.858591
84 96 0 8 0.858409
5 55 0 8 0.857646
85 97 0 8 0.856685
38 48 0 8 0.855777
26 44 0 8 0.854983
61 77 0 8 0.854509
22 39 0 8 0.853640
14 54 0 8 0.853280
40 48 0 8 0.849425
65 74 0 8 0.849288
13 88 0 8 0.849031
38 43 0 8 0.848796
67 72 0 8 0.846997
17 22 0 8 0.844934
61 67 0 8 0.844257
41 58 0 8 0.843348
48 56 0 8 0.841784
36 55 0 8 0.840862
50 72 0 8 0.840307
15 22 0 8 0.839853
25 70 0 8 0.839587
22 70 0 8 0.838910
12 63 0 8 0.837758
66 81 0 8 0.836084
50 62 0 8 0.835412
21 34 0 8 0.833349
6 30 0 8 0.833059
22 93 0 8 0.829144
35 68 0 8 0.828626
18 85 0 8 0.828607
27 92 0 8 0.828253
16 80 0 8 0.827211
69 95 0 8 0.826681
57 73 0 8 0.825593
11 16 0 8 0.824547
13 36 0 8 0.824250
84 91 0 8 0.822320
11 36 0 8 0.820773
17 36 0 8 0.820480
14 60 0 8 0.820256
60 82 0 8 0.820027
56 92 0 8 0.816624
57 83 0 8 0.815885
52 85 0 8 0.814307
26 48 0 8 0.813790
45 90 0 8 0.812401
78 84 0 8 0.812156
17 30 0 8 0.812073
41 62 0 8 0.807379
64 77 0 8 0.806705
21 29 0 8 0.806031
50 66 0 8 0.804698
17 43 0 8 0.804049
20 40 0 8 0.803232
9 87 0 8 0.801447
59 88 0 8 0.800751
15 58 0 8 0.799382
35 75 0 8 0.797273
20 72 0 8 0.795607
29 79 0 8 0.794331
19 50 0 8 0.790323
22 62 0 8 0.782394
31 51 0 8 0.781414
15 30 0 8 0.775852
61 85 0 8 0.772115
5 67 0 8 0.772002
14 29 0 8 0.771487
20 39 0 8 0.770956
91 97 0 8 0.769737
57 67 0 8 0.768204
67 96 0 8 0.766966
36 90 0 8 0.765713
12 17 0 8 0.764298
37 96 0 8 0.760955
20 35 0 8 0.760777
6 63 0 8 0.759206
31 52 0 8 0.757681
89 94 0 8 0.757062
19 62 0 8 0.755482
69 75 0 8 0.754439
54 93 0 8 0.753803
31 54 0 8 0.752298
38 65 0 8 0.751423
19 80 0 8 0.749928
32 55 0 8 0.743651
29 45 0 8 0.743345
46 81 0 8 0.743094
32 69 0 8 0.742549
47 57 0 8 0.741697
24 51 0 8 0.741026
16 72 0 8 0.740342
16 84 0 8 0.734951
36 64 0 8 0.732201
8 79 0 8 0.730798
29 94 0 8 0.728385
79 93 0 8 0.728317
16 90 0 8 0.723262
8 73 0 8 0.723059
20 50 0 8 0.720104
15 50 0 8 0.719135
16 33 0 8 0.719083
43 48 0 8 0.713184
17 94 0 8 0.710202
49 58 0 8 0.707462
62 91 0 8 0.707029
61 66 0 8 0.703249
56 79 0 8 0.702628
50 58 0 8 0.698942
37 79 0 8 0.698197
16 45 0 8 0.696264
13 37 0 8 0.694973
35 53 0 8 0.693861
14 77 0 8 0.693347
86 92 0 8 0.689537
4 19 0 8 0.687565
53 95 0 8 0.685814
70 89 0 8 0.685710
50 87 0 8 0.684926
14 65 0 8 0.681309
32 97 0 8 0.680669
65 87 0 8 0.680296
15 53 0 8 0.679481
6 78 0 8 0.676967
9 57 0 8 0.676575
30 98 0 8 0.675180
5 13 0 8 0.672520
60 72 0 8 0.672506
72 78 0 8 0.672492
5 23 0 8 0.672383
16 61 0 8 0.670464
52 73 0 8 0.667767
67 81 0 8 0.667402
49 68 0 8 0.666575
22 60 0 8 0.663673
13 83 0 8 0.663491
5 68 0 8 0.659791
50 63 0 8 0.659450
80 86 0 8 0.657834
21 84 0 8 0.657746
7 58 0 8 0.657547
9 84 0 8 0.655770
63 70 0 8 0.653340
19 81 0 8 0.652726
55 88 0 8 0.652580
20 47 0 8 0.651950
32 89 0 8 0.651551
69 76 0 8 0.650153
67 82 0 8 0.649674
65 75 0 8 0.647969
6 80 0 8 0.647316
8 48 0 8 0.643529
40 53 0 8 0.643310
13 75 0 8 0.643167
71 79 0 8 0.642849
47 85 0 8 0.642270
57 64 0 8 0.641092
50 59 0 8 0.640912
71 89 0 8 0.639786
49 75 0 8 0.639531
40 62 0 8 0.639246
44 86 0 8 0.636792
90 95 0 8 0.635588
23 69 0 8 0.630854
40 60 0 8 0.630709
8 72 0 8 0.629560
13 74 0 8 0.628134
46 96 0 8 0.627428
10 63 0 8 0.627396
59 86 0 8 0.626285
10 34 0 8 0.625858
12 61 0 8 0.625751
24 58 0 8 0.624797
10 28 0 8 0.621348
31 83 0 8 0.621190
5 83 0 8 0.621127
15 66 0 8 0.620419
16 87 0 8 0.620088
12 21 0 8 0.620050
52 84 0 8 0.619559
11 45 0 8 0.619364
32 42 0 8 0.618356
30 79 0 8 0.617839
14 59 0 8 0.617022
9 30 0 8 0.612633
71 80 0 8 0.608497
15 60 0 8 0.608317
30 94 0 8 0.608020
27 84 0 8 0.607719
8 37 0 8 0.607717
20 98 0 8 0.607058
19 26 0 8 0.606979
30 43 0 8 0.606930
9 99 0 8 0.606567
14 92 0 8 0.606041
59 74 0 8 0.605663
56 81 0 8 0.604647
24 76 0 8 0.604548
27 63 0 8 0.604474
13 57 0 8 0.604270
57 89 0 8 0.604059
38 95 0 8 0.603869
19 57 0 8 0.603785
66 93 0 8 0.602075
50 84 0 8 0.601712
11 31 0 8 0.599397
27 37 0 8 0.598689
52 87 0 8 0.596798
34 94 0 8 0.596658
30 42 0 8 0.594904
49 71 0 8 0.594727
2 77 0 8 0.590588
12 46 0 8 0.589509
32 53 0 8 0.588428
57 97 0 8 0.588382
19 93 0 8 0.588018
4 62 0 8 0.584621
20 97 0 8 0.583156
52 74 0 8 0.580943
90 96 0 8 0.580637
16 39 0 8 0.579592
19 32 0 8 0.579399
62 77 0 8 0.578799
46 58 0 8 0.577532
20 45 0 8 0.577309
21 47 0 8 0.575871
19 43 0 8 0.574514
28 56 0 8 0.574383
54 86 0 8 0.574337
54 98 0 8 0.573226
25 47 0 8 0.572683
28 62 0 8 0.572667
16 97 0 8 0.571550
84 98 0 8 0.571514
80 92 0 8 0.569813
18 43 0 8 0.569423
20 30 0 8 0.567535
52 69 0 8 0.566287
37 53 0 8 0.566107
21 49 0 8 0.566030
5 24 0 8 0.564796
3 47 0 8 0.562754
17 46 0 8 0.562310
61 75 0 8 0.562196
26 79 0 8 0.562186
38 81 0 8 0.561676
53 69 0 8 0.560500
39 59 0 8 0.558754
16 51 0 8 0.558483
86 91 0 8 0.555176
40 88 0 8 0.554940
16 47 0 8 0.554903
15 23 0 8 0.552462
7 16 0 8 0.551154
60 76 0 8 0.550537
16 46 0 8 0.548798
19 86 0 8 0.544786
13 65 0 8 0.544066
11 43 0 8 0.542828
5 16 0 8 0.542174
68 74 0 8 0.541554
8 57 0 8 0.540487
7 60 0 8 0.539164
24 60 0 8 0.538173
20 51 0 8 0.537831
50 88 0 8 0.537208
13 25 0 8 0.535346
7 57 0 8 0.533844
24 31 0 8 0.532713
44 56 0 8 0.531534
18 27 0 8 0.528869
9 53 0 8 0.527701
16 37 0 8 0.525736
24 45 0 8 0.523884
41 69 0 8 0.523464
5 79 0 8 0.521227
34 55 0 8 0.520521
25 69 0 8 0.518158
67 73 0 8 0.517743
5 57 0 8 0.517130
46 87 0 8 0.516770
4 69 0 8 0.512206
68 91 0 8 0.511292
43 54 0 8 0.510794
22 43 0 8 0.510332
9 45 0 8 0.510257
50 85 0 8 0.510110
19 83 0 8 0.508952
42 74 0 8 0.508790
82 95 0 8 0.505853
16 31 0 8 0.505819
57 68 0 8 0.504463
2 83 0 8 0.504060
2 89 0 8 0.503843
64 73 0 8 0.503474
34 58 0 8 0.502216
22 57 0 8 0.501250
66 71 0 8 0.501149
11 53 0 8 0.500921
24 41 0 8 0.499642
13 31 0 8 0.498753
35 43 0 8 0.498521
45 67 0 8 0.498306
62 74 0 8 0.497836
19 77 0 8 0.496672
20 65 0 8 0.496376
8 86 0 8 0.495477
27 76 0 8 0.492773
4 89 0 8 0.491397
15 64 0 8 0.490409
14 98 0 8 0.490275
85 92 0 8 0.489146
37 97 0 8 0.486716
62 89 0 8 0.484295
62 69 0 8 0.484262
28 74 0 8 0.482980
4 93 0 8 0.482638
26 74 0 8 0.481839
32 84 0 8 0.481131
18 36 0 8 0.479910
6 20 0 8 0.479345
66 95 0 8 0.478919
18 80 0 8 0.478807
7 88 0 8 0.478793
39 84 0 8 0.477725
6 48 0 8 0.477652
63 81 0 8 0.476790
13 19 0 8 0.476338
53 87 0 8 0.475634
89 97 0 8 0.474999
14 25 0 8 0.471667
11 41 0 8 0.471114
33 96 0 8 0.470597
24 96 0 8 0.470453
24 52 0 8 0.470201
44 95 0 8 0.470143
19 39 0 8 0.468496
11 78 0 8 0.467213
8 36 0 8 0.467195
60 87 0 8 0.466127
51 99 0 8 0.466120
7 44 0 8 0.465678
18 33 0 8 0.465272
86 96 0 8 0.464971
25 85 0 8 0.464398
89 98 0 8 0.464097
41 64 0 8 0.463480
11 26 0 8 0.463097
4 17 0 8 0.463089
19 69 0 8 0.463062
30 99 0 8 0.461277
79 95 0 8 0.460938
47 67 0 8 0.460912
87 92 0 8 0.459585
10 74 0 8 0.456576
19 44 0 8 0.455960
6 15 0 8 0.454852
54 87 0 8 0.454807
23 42 0 8 0.454503
86 95 0 8 0.454377
13 78 0 8 0.453816
47 76 0 8 0.451900
39 64 0 8 0.450474
40 80 0 8 0.450254
44 80 0 8 0.449680
42 73 0 8 0.449657
60 71 0 8 0.449226
63 79 0 8 0.448339
3 13 0 8 0.446888
69 82 0 8 0.446759
2 74 0 8 0.446735
16 50 0 8 0.446074
16 28 0 8 0.445845
10 44 0 8 0.445126
35 44 0 8 0.442796
8 62 0 8 0.442605
23 38 0 8 0.441379
21 45 0 8 0.440553
48 54 0 8 0.439272
2 56 0 8 0.437323
32 93 0 8 0.434259
18 53 0 8 0.432705
71 77 0 8 0.432297
9 96 0 8 0.431976
10 18 0 8 0.431657
75 84 0 8 0.431637
54 91 0 8 0.430552
11 40 0 8 0.428664
4 47 0 8 0.428591
47 82 0 8 0.428463
14 53 0 8 0.428047
26 43 0 8 0.427760
54 90 0 8 0.424543
25 31 0 8 0.424231
2 39 0 8 0.423919
19 64 0 8 0.422967
47 54 0 8 0.422406
6 13 0 8 0.421601
39 53 0 8 0.419950
32 45 0 8 0.419110
25 63 0 8 0.417878
55 89 0 8 0.417751
30 60 0 8 0.414929
15 48 0 8 0.414814
34 45 0 8 0.414798
61 98 0 8 0.411176
23 79 0 8 0.410883
70 77 0 8 0.410247
14 41 0 8 0.409970
75 88 0 8 0.408535
15 45 0 8 0.407715
51 80 0 8 0.406812
72 80 0 8 0.406533
61 79 0 8 0.406139
33 62 0 8 0.405237
41 51 0 8 0.404298
25 96 0 8 0.403938
41 74 0 8 0.403750
43 80 0 8 0.402939
29 47 0 8 0.402570
51 93 0 8 0.402487
15 87 0 8 0.402327
5 18 0 8 0.402278
44 62 0 8 0.401944
6 25 0 8 0.401311
19 98 0 8 0.400710
23 33 0 8 0.400460
7 14 0 8 0.400353
7 17 0 8 0.400303
26 45 0 8 0.399915
80 98 0 8 0.399866
54 78 0 8 0.399085
70 83 0 8 0.398189
22 33 0 8 0.397437
15 81 0 8 0.397023
14 36 0 8 0.396927
55 98 0 8 0.396653
54 75 0 8 0.396318
5 41 0 8 0.395474
11 48 0 8 0.394503
57 75 0 8 0.394394
22 66 0 8 0.393037
2 28 0 8 0.391750
9 42 0 8 0.391457
71 86 0 8 0.391104
6 35 0 8 0.391015
85 90 0 8 0.389867
75 99 0 8 0.389731
38 84 0 8 0.389157
27 80 0 8 0.388570
69 93 0 8 0.388423
85 93 0 8 0.387057
45 89 0 8 0.386469
84 97 0 8 0.386370
19 51 0 8 0.386253
68 89 0 8 0.385031
79 87 0 8 0.384649
28 80 0 8 0.384320
46 53 0 8 0.384081
68 92 0 8 0.384050
19 28 0 8 0.383503
17 34 0 8 0.382487
8 32 0 8 0.381806
71 78 0 8 0.380865
21 53 0 8 0.379521
22 78 0 8 0.379182
20 78 0 8 0.377799
10 30 0 8 0.377325
25 88 0 8 0.376270
41 77 0 8 0.374390
5 59 0 8 0.371814
55 91 0 8 0.371042
49 99 0 8 0.370636
50 61 0 8 0.370029
35 50 0 8 0.369418
7 29 0 8 0.369070
28 45 0 8 0.368884
32 50 0 8 0.368347
9 91 0 8 0.368159
49 81 0 8 0.367284
56 94 0 8 0.367040
43 62 0 8 0.365579
88 94 0 8 0.364544
12 39 0 8 0.363440
40 97 0 8 0.362576
14 86 0 8 0.360552
34 46 0 8 0.359903
72 85 0 8 0.359356
19 92 0 8 0.359033
15 24 0 8 0.358192
17 29 0 8 0.358190
5 38 0 8 0.357956
51 87 0 8 0.356934
26 38 0 8 0.356037
52 82 0 8 0.355671
21 74 0 8 0.354747
24 82 0 8 0.353472
77 97 0 8 0.353279
21 36 0 8 0.352864
6 39 0 8 0.352776
68 90 0 8 0.352303
45 64 0 8 0.351238
48 65 0 8 0.350713
77 88 0 8 0.349587
2 8 0 8 0.348927
12 28 0 8 0.347706
5 69 0 8 0.347412
19 40 0 8 0.347041
21 26 0 8 0.346570
16 34 0 8 0.345443
17 74 0 8 0.344969
7 72 0 8 0.344175
27 98 0 8 0.343185
15 43 0 8 0.342717
27 70 0 8 0.341940
70 78 0 8 0.341816
51 75 0 8 0.341347
45 84 0 8 0.340988
52 78 0 8 0.339623
19 99 0 8 0.339348
25 33 0 8 0.338810
15 27 0 8 0.338467
4 30 0 8 0.337384
86 98 0 8 0.337214
28 72 0 8 0.336978
18 71 0 8 0.336248
51 58 0 8 0.335745
4 59 0 8 0.333108
35 78 0 8 0.332458
2 63 0 8 0.332168
41 71 0 8 0.332143
8 19 0 8 0.331357
63 80 0 8 0.330664
21 31 0 8 0.329881
23 62 0 8 0.329490
3 75 0 8 0.329364
20 37 0 8 0.327749
37 60 0 8 0.327526
4 90 0 8 0.327075
37 74 0 8 0.326677
82 93 0 8 0.326555
23 45 0 8 0.325193
24 84 0 8 0.324936
28 34 0 8 0.324621
27 35 0 8 0.323514
16 67 0 8 0.323157
15 68 0 8 0.322610
14 38 0 8 0.321214
76 86 0 8 0.320274
66 77 0 8 0.320256
67 84 0 8 0.320080
16 98 0 8 0.320028
17 87 0 8 0.318832
19 41 0 8 0.318782
6 62 0 8 0.318404
38 54 0 8 0.318346
55 65 0 8 0.315841
40 47 0 8 0.315636
18 87 0 8 0.314573
30 67 0 8 0.314194
65 73 0 8 0.312862
10 26 0 8 0.312434
4 37 0 8 0.312223
5 10 0 8 0.312116
18 25 0 8 0.311291
29 46 0 8 0.311087
15 26 0 8 0.310373
66 97 0 8 0.309758
10 98 0 8 0.308122
12 33 0 8 0.307498
17 37 0 8 0.306458
15 71 0 8 0.304737
77 95 0 8 0.303654
2 37 0 8 0.303497
8 23 0 8 0.303326
26 91 0 8 0.303297
7 21 0 8 0.302952
74 79 0 8 0.302935
17 92 0 8 0.302346
33 63 0 8 0.301915
35 58 0 8 0.301324
29 80 0 8 0.300458
83 95 0 8 0.300045
16 63 0 8 0.299987
10 81 0 8 0.299478
50 86 0 8 0.299435
21 97 0 8 0.299268
6 54 0 8 0.297772
16 62 0 8 0.296831
63 90 0 8 0.296471
38 79 0 8 0.296313
51 91 0 8 0.295969
34 73 0 8 0.295829
14 44 0 8 0.295745
88 96 0 8 0.293890
31 39 0 8 0.293649
81 92 0 8 0.293137
30 76 0 8 0.292194
26 95 0 8 0.291098
36 58 0 8 0.290900
11 73 0 8 0.290786
67 88 0 8 0.290566
39 78 0 8 0.290434
21 85 0 8 0.290032
58 93 0 8 0.289381
53 60 0 8 0.288902
41 53 0 8 0.288813
4 91 0 8 0.288195
14 42 0 8 0.287183
40 66 0 8 0.286907
53 90 0 8 0.285187
7 18 0 8 0.284705
8 16 0 8 0.284619
5 44 0 8 0.284477
32 72 0 8 0.284063
42 90 0 8 0.283340
9 49 0 8 0.283191
21 33 0 8 0.283125
66 72 0 8 0.282839
55 96 0 8 0.282752
21 32 0 8 0.281723
64 81 0 8 0.281626
50 78 0 8 0.281372
84 93 0 8 0.280964
34 97 0 8 0.280486
3 39 0 8 0.279628
15 72 0 8 0.279404
31 75 0 8 0.279263
44 72 0 8 0.279192
12 67 0 8 0.278772
23 46 0 8 0.277610
13 26 0 8 0.277474
45 78 0 8 0.276464
45 91 0 8 0.275455
49 76 0 8 0.275323
17 82 0 8 0.275239
6 51 0 8 0.274260
64 78 0 8 0.273255
35 89 0 8 0.273093
15 39 0 8 0.272083
3 24 0 8 0.271367
15 37 0 8 0.271314
21 35 0 8 0.270904
25 34 0 8 0.270894
4 96 0 8 0.270859
18 48 0 8 0.270500
21 93 0 8 0.269752
11 68 0 8 0.269751
40 77 0 8 0.268985
13 32 0 8 0.268901
19 24 0 8 0.268804
2 15 0 8 0.267973
20 68 0 8 0.267832
52 79 0 8 0.267457
8 93 0 8 0.267144
76 85 0 8 0.267053
64 72 0 8 0.265580
25 81 0 8 0.265568
4 82 0 8 0.265556
26 49 0 8 0.265272
8 54 0 8 0.264928
61 78 0 8 0.264659
5 39 0 8 0.263602
16 23 0 8 0.262908
6 22 0 8 0.262568
18 46 0 8 0.260417
43 74 0 8 0.260351
80 87 0 8 0.259960
35 91 0 8 0.259529
30 53 0 8 0.256258
46 98 0 8 0.255339
38 68 0 8 0.254989
10 95 0 8 0.254067
14 94 0 8 0.253893
3 36 0 8 0.253433
4 76 0 8 0.252582
4 97 0 8 0.252472
79 94 0 8 0.252198
31 38 0 8 0.251573
35 74 0 8 0.251486
22 27 0 8 0.250563
5 54 0 8 0.250160
15 29 0 8 0.249965
54 82 0 8 0.249835
60 69 0 8 0.249627
10 89 0 8 0.249232
12 24 0 8 0.248991
15 51 0 8 0.248285
26 80 0 8 0.247823
45 55 0 8 0.247167
45 56 0 8 0.245678
21 37 0 8 0.244967
54 85 0 8 0.244312
47 72 0 8 0.243381
21 68 0 8 0.243064
17 84 0 8 0.241774
2 31 0 8 0.241519
35 76 0 8 0.240896
32 71 0 8 0.239304
6 77 0 8 0.239164
8 88 0 8 0.239017
22 96 0 8 0.238827
12 49 0 8 0.237319
18 58 0 8 0.235819
53 97 0 8 0.235149
15 82 0 8 0.235036
47 96 0 8 0.234866
63 84 0 8 0.234154
28 71 0 8 0.232418
14 22 0 8 0.232232
44 91 0 8 0.230214
30 75 0 8 0.227209
59 72 0 8 0.226738
5 40 0 8 0.225075
7 68 0 8 0.224669
21 55 0 8 0.224096
6 24 0 8 0.223967
49 69 0 8 0.223466
22 59 0 8 0.222580
64 83 0 8 0.219646
37 54 0 8 0.219386
31 36 0 8 0.218675
16 92 0 8 0.218549
37 76 0 8 0.218365
10 84 0 8 0.217981
2 7 0 8 0.216709
37 71 0 8 0.216650
46 75 0 8 0.216608
19 78 0 8 0.215913
46 93 0 8 0.215847
3 35 0 8 0.215744
23 98 0 8 0.215290
28 93 0 8 0.215133
12 53 0 8 0.214908
23 92 0 8 0.214338
5 52 0 8 0.214084
7 94 0 8 0.214003
73 80 0 8 0.213584
18 32 0 8 0.212514
28 77 0 8 0.212148
24 62 0 8 0.209969
59 96 0 8 0.209430
33 69 0 8 0.209148
44 53 0 8 0.208057
9 15 0 8 0.207668
27 60 0 8 0.207455
44 51 0 8 0.207051
30 59 0 8 0.205371
14 63 0 8 0.204901
69 87 0 8 0.204639
12 85 0 8 0.204512
19 61 0 8 0.204225
8 65 0 8 0.204155
43 95 0 8 0.203359
8 17 0 8 0.203032
51 86 0 8 0.202800
38 53 0 8 0.202653
40 54 0 8 0.202503
59 95 0 8 0.202013
49 83 0 8 0.201858
50 83 0 8 0.201787
39 97 0 8 0.201649
19 70 0 8 0.201444
12 30 0 8 0.201215
27 61 0 8 0.200999
81 86 0 8 0.200454
81 90 0 8 0.199855
14 66 0 8 0.199773
44 69 0 8 0.198739
29 36 0 8 0.198503
40 65 0 8 0.198366
50 56 0 8 0.198313
32 56 0 8 0.197643
35 95 0 8 0.197395
24 74 0 8 0.196949
4 38 0 8 0.195886
32 40 0 8 0.195675
16 49 0 8 0.195049
12 32 0 8 0.195037
68 76 0 8 0.194197
7 80 0 8 0.193077
57 82 0 8 0.192276
8 30 0 8 0.191469
6 11 0 8 0.190803
67 94 0 8 0.190629
34 79 0 8 0.190259
15 33 0 8 0.189931
71 84 0 8 0.187814
27 83 0 8 0.187534
24 83 0 8 0.187532
2 24 0 8 0.185915
13 29 0 8 0.185016
69 78 0 8 0.184562
60 73 0 8 0.184409
63 82 0 8 0.184215
14 21 0 8 0.183542
47 87 0 8 0.183520
18 61 0 8 0.183164
35 98 0 8 0.181494
90 99 0 8 0.181232
44 99 0 8 0.180495
4 61 0 8 0.180296
18 26 0 8 0.179598
2 94 0 8 0.179006
44 84 0 8 0.178769
29 61 0 8 0.177896
31 94 0 8 0.176840
10 53 0 8 0.176336
6 14 0 8 0.175953
49 95 0 8 0.175733
2 86 0 8 0.175418
85 98 0 8 0.175392
25 95 0 8 0.175077
29 90 0 8 0.174469
34 40 0 8 0.174089
24 91 0 8 0.172554
26 99 0 8 0.172140
10 43 0 8 0.171425
12 60 0 8 0.171138
11 87 0 8 0.171109
24 73 0 8 0.170395
29 55 0 8 0.170202
28 64 0 8 0.170156
58 65 0 8 0.169383
44 71 0 8 0.169342
89 96 0 8 0.168558
2 16 0 8 0.167822
26 71 0 8 0.167741
3 14 0 8 0.167228
18 51 0 8 0.164564
32 43 0 8 0.164392
4 95 0 8 0.163913
8 60 0 8 0.163093
6 23 0 8 0.163073
16 59 0 8 0.162901
26 96 0 8 0.161742
81 95 0 8 0.161545
52 81 0 8 0.161061
40 64 0 8 0.160828
32 46 0 8 0.160630
28 92 0 8 0.160467
10 40 0 8 0.159008
19 46 0 8 0.158434
51 81 0 8 0.158431
34 44 0 8 0.157656
23 71 0 8 0.157614
45 94 0 8 0.157513
40 56 0 8 0.157220
6 82 0 8 0.156876
34 57 0 8 0.156421
21 98 0 8 0.156357
33 47 0 8 0.155803
37 46 0 8 0.155546
41 92 0 8 0.155507
79 88 0 8 0.154334
14 40 0 8 0.154261
6 19 0 8 0.153670
3 55 0 8 0.153453
59 64 0 8 0.152738
31 57 0 8 0.152021
43 61 0 8 0.151669
2 26 0 8 0.151276
32 60 0 8 0.150715
62 87 0 8 0.150018
37 75 0 8 0.149185
13 39 0 8 0.149109
29 73 0 8 0.148865
19 31 0 8 0.147995
5 72 0 8 0.147926
5 96 0 8 0.147524
28 99 0 8 0.147347
44 49 0 8 0.147097
74 80 0 8 0.146385
21 64 0 8 0.146269
90 98 0 8 0.146150
3 92 0 8 0.145819
16 29 0 8 0.145208
43 86 0 8 0.145200
2 36 0 8 0.145122
20 27 0 8 0.144843
38 92 0 8 0.144627
57 99 0 8 0.144525
67 98 0 8 0.143766
17 38 0 8 0.143064
25 79 0 8 0.142765
5 65 0 8 0.142168
46 97 0 8 0.141686
18 56 0 8 0.141674
24 71 0 8 0.141318
7 34 0 8 0.139785
42 81 0 8 0.139621
51 96 0 8 0.138505
18 42 0 8 0.137156
9 34 0 8 0.137148
40 98 0 8 0.136771
24 33 0 8 0.135467
3 51 0 8 0.134096
22 28 0 8 0.133845
45 96 0 8 0.133643
66 89 0 8 0.132812
33 60 0 8 0.132725
4 10 0 8 0.132077
20 55 0 8 0.131888
21 50 0 8 0.131193
29 89 0 8 0.130866
26 83 0 8 0.130735
45 99 0 8 0.128175
17 60 0 8 0.127859
38 73 0 8 0.127316
73 93 0 8 0.126680
49 61 0 8 0.126616
3 10 0 8 0.126473
35 54 0 8 0.125891
41 50 0 8 0.125858
52 62 0 8 0.124041
22 97 0 8 0.123760
30 97 0 8 0.122682
17 31 0 8 0.122606
76 98 0 8 0.120384
6 53 0 8 0.118756
10 61 0 8 0.118027
58 88 0 8 0.117213
18 40 0 8 0.117167
40 94 0 8 0.116903
28 60 0 8 0.116105
34 41 0 8 0.115450
36 82 0 8 0.114162
21 30 0 8 0.112977
18 78 0 8 0.112553
2 51 0 8 0.112113
13 72 0 8 0.111474
56 99 0 8 0.111290
8 66 0 8 0.111287
68 81 0 8 0.111165
4 43 0 8 0.110329
49 91 0 8 0.110271
19 59 0 8 0.109716
4 77 0 8 0.109679
73 90 0 8 0.109653
42 63 0 8 0.109181
30 83 0 8 0.109091
72 83 0 8 0.109041
6 34 0 8 0.108693
57 63 0 8 0.108674
43 84 0 8 0.107751
47 80 0 8 0.106504
43 99 0 8 0.105904
49 82 0 8 0.104777
37 90 0 8 0.104397
2 42 0 8 0.103611
71 88 0 8 0.103334
28 85 0 8 0.102993
81 93 0 8 0.102868
84 99 0 8 0.102323
8 24 0 8 0.102229
2 10 0 8 0.101609
6 97 0 8 0.101091
38 90 0 8 0.100718
12 35 0 8 0.100284
66 96 0 8 0.100210
5 46 0 8 0.099775
10 49 0 8 0.099497
35 80 0 8 0.098576
41 93 0 8 0.098481
3 30 0 8 0.098350
10 96 0 8 0.098070
20 91 0 8 0.097514
61 87 0 8 0.097201
41 63 0 8 0.097134
30 93 0 8 0.097031
46 88 0 8 0.096659
31 93 0 8 0.096355
30 95 0 8 0.094881
82 91 0 8 0.094874
5 95 0 8 0.094644
27 58 0 8 0.094613
70 90 0 8 0.093375
43 85 0 8 0.092951
15 85 0 8 0.092475
67 89 0 8 0.092367
4 60 0 8 0.092030
48 79 0 8 0.091493
27 87 0 8 0.090909
12 71 0 8 0.090213
85 99 0 8 0.089669
56 76 0 8 0.089003
10 78 0 8 0.088938
51 61 0 8 0.088793
2 81 0 8 0.088203
21 48 0 8 0.086105
6 61 0 8 0.085751
23 97 0 8 0.084407
2 78 0 8 0.084190
58 90 0 8 0.083702
17 49 0 8 0.083581
29 43 0 8 0.083532
3 93 0 8 0.083170
26 36 0 8 0.082370
4 73 0 8 0.082159
83 89 0 8 0.081590
28 33 0 8 0.080768
22 99 0 8 0.080404
18 72 0 8 0.079679
59 68 0 8 0.079061
21 44 0 8 0.078786
3 77 0 8 0.078539
32 52 0 8 0.078142
77 96 0 8 0.077464
3 28 0 8 0.077206
3 94 0 8 0.077188
12 76 0 8 0.076739
3 33 0 8 0.076730
5 87 0 8 0.076645
62 85 0 8 0.076618
60 77 0 8 0.076605
62 75 0 8 0.076440
37 65 0 8 0.075550
28 94 0 8 0.075044
47 99 0 8 0.074096
10 55 0 8 0.073478
48 93 0 8 0.072859
22 85 0 8 0.072827
67 76 0 8 0.072062
30 57 0 8 0.071567
46 72 0 8 0.071280
4 25 0 8 0.070689
57 96 0 8 0.070457
43 97 0 8 0.070312
21 78 0 8 0.070038
62 99 0 8 0.069809
14 79 0 8 0.068784
48 81 0 8 0.068775
6 70 0 8 0.067923
34 43 0 8 0.067512
17 63 0 8 0.067128
63 88 0 8 0.066860
45 74 0 8 0.065110
3 37 0 8 0.065053
25 43 0 8 0.065008
6 87 0 8 0.064976
23 43 0 8 0.064960
5 99 0 8 0.064819
75 91 0 8 0.064560
27 67 0 8 0.063782
29 76 0 8 0.063665
7 35 0 8 0.063009
23 30 0 8 0.062324
36 81 0 8 0.060914
42 99 0 8 0.060307
34 53 0 8 0.060271
9 85 0 8 0.059764
7 27 0 8 0.059143
19 52 0 8 0.058763
33 61 0 8 0.058677
9 21 0 8 0.058170
22 30 0 8 0.057264
46 69 0 8 0.056275
35 56 0 8 0.055223
3 8 0 8 0.055034
27 62 0 8 0.054892
68 84 0 8 0.054785
63 77 0 8 0.054630
31 45 0 8 0.053868
4 79 0 8 0.052583
43 81 0 8 0.052267
43 79 0 8 0.052192
23 49 0 8 0.052025
24 77 0 8 0.051155
85 95 0 8 0.050174
80 93 0 8 0.050053
47 95 0 8 0.049009
3 78 0 8 0.048918
55 60 0 8 0.048367
2 52 0 8 0.048308
88 95 0 8 0.048119
17 56 0 8 0.048118
4 57 0 8 0.047913
6 67 0 8 0.047329
3 41 0 8 0.047328
11 71 0 8 0.046554
41 66 0 8 0.045857
15 75 0 8 0.045619
48 87 0 8 0.044048
31 60 0 8 0.044047
32 64 0 8 0.043981
36 60 0 8 0.043245
4 81 0 8 0.043095
34 75 0 8 0.042809
25 42 0 8 0.042064
61 73 0 8 0.041415
45 98 0 8 0.041328
6 95 0 8 0.041219
2 96 0 8 0.040927
32 38 0 8 0.040759
31 37 0 8 0.040490
25 32 0 8 0.040401
10 67 0 8 0.040275
29 98 0 8 0.039278
22 73 0 8 0.039083
7 32 0 8 0.039063
16 79 0 8 0.039062
3 73 0 8 0.038839
7 19 0 8 0.037463
5 35 0 8 0.037167
41 95 0 8 0.036943
48 92 0 8 0.036879
19 75 0 8 0.036750
89 95 0 8 0.036439
3 11 0 8 0.036408
17 97 0 8 0.033953
76 93 0 8 0.033923
6 71 0 8 0.033667
2 95 0 8 0.032652
3 21 0 8 0.031752
3 40 0 8 0.030717
83 91 0 8 0.030684
9 65 0 8 0.028817
3 97 0 8 0.028386
71 85 0 8 0.026433
24 44 0 8 0.026291
42 93 0 8 0.025439
63 94 0 8 0.025376
39 66 0 8 0.025263
2 76 0 8 0.024945
5 80 0 8 0.024649
19 29 0 8 0.024378
14 99 0 8 0.023951
5 47 0 8 0.023888
23 60 0 8 0.023332
15 61 0 8 0.022547
20 99 0 8 0.021418
46 66 0 8 0.021395
46 82 0 8 0.019875
4 65 0 8 0.019767
14 69 0 8 0.019732
13 35 0 8 0.019200
13 40 0 8 0.019140
28 81 0 8 0.019116
75 96 0 8 0.018073
39 73 0 8 0.017796
51 62 0 8 0.017313
28 91 0 8 0.016489
67 87 0 8 0.016317
45 72 0 8 0.015901
4 86 0 8 0.015322
33 42 0 8 0.015025
78 92 0 8 0.014951
59 92 0 8 0.014137
14 51 0 8 0.013893
42 64 0 8 0.013421
8 90 0 8 0.013375
55 87 0 8 0.013330
30 46 0 8 0.012908
6 17 0 8 0.012289
26 58 0 8 0.012148
30 64 0 8 0.011730
18 45 0 8 0.011570
18 35 0 8 0.010489
25 98 0 8 0.010376
30 38 0 8 0.010151
19 66 0 8 0.009841
46 99 0 8 0.009578
18 39 0 8 0.009298
2 40 0 8 0.008931
47 55 0 8 0.008527
29 78 0 8 0.008257
72 98 0 8 0.007710
35 62 0 8 0.007669
34 95 0 8 0.007253
60 95 0 8 0.006665
7 22 0 8 0.006535
36 96 0 8 0.006344
38 61 0 8 0.006103
20 66 0 8 0.005266
39 63 0 8 0.004389
37 73 0 8 0.003878
35 90 0 8 0.003756
59 99 0 8 0.003709
3 96 0 8 0.002578
37 83 0 8 0.001959
10 75 0 8 0.001703
19 72 0 8 0.001594
84 89 0 8 0.001521
14 30 0 8 0.000872
8 34 0 8 0.000543
13 60 0 8 0.000431
8 29 0 8 0.000344
1 6 0 8 0.000000
1 7 0 8 0.000000
1 8 0 8 0.000000
1 9 0 8 0.000000
1 10 0 8 0.000000
1 11 0 8 0.000000
1 12 0 8 0.000000
1 13 0 8 0.000000
1 14 0 8 0.000000
1 15 0 8 0.000000
1 16 0 8 0.000000
1 17 0 8 0.000000
1 18 0 8 0.000000
1 19 0 8 0.000000
1 20 0 8 0.000000
1 21 0 8 0.000000
1 22 0 8 0.000000
1 23 0 8 0.000000
1 24 0 8 0.000000
1 25 0 8 0.000000
1 26 0 8 0.000000
1 27 0 8 0.000000
1 28 0 8 0.000000
1 29 0 8 0.000000
1 30 0 8 0.000000
1 31 0 8 0.000000
1 32 0 8 0.000000
1 33 0 8 0.000000
1 34 0 8 0.000000
1 35 0 8 0.000000
1 36 0 8 0.000000
1 37 0 8 0.000000
1 38 0 8 0.000000
1 39 0 8 0.000000
1 40 0 8 0.000000
1 41 0 8 0.000000
1 42 0 8 0.000000
1 43 0 8 0.000000
1 44 0 8 0.000000
1 45 0 8 0.000000
1 46 0 8 0.000000
1 47 0 8 0.000000
1 48 0 8 0.000000
1 49 0 8 0.000000
1 50 0 8 0.000000
1 51 0 8 0.000000
1 52 0 8 0.000000
1 53 0 8 0.000000
1 54 0 8 0.000000
1 55 0 8 0.000000
1 56 0 8 0.000000
1 57 0 8 0.000000
1 58 0 8 0.000000
1 59 0 8 0.000000
1 60 0 8 0.000000
1 61 0 8 0.000000
1 62 0 8 0.000000
1 63 0 8 0.000000
1 64 0 8 0.000000
1 65 0 8 0.000000
1 66 0 8 0.000000
1 67 0 8 0.000000
1 68 0 8 0.000000
1 69 0 8 0.000000
1 70 0 8 0.000000
1 71 0 8 0.000000
1 72 0 8 0.000000
1 73 0 8 0.000000
1 74 0 8 0.000000
1 75 0 8 0.000000
1 76 0 8 0.000000
1 77 0 8 0.000000
1 78 0 8 0.000000
1 79 0 8 0.000000
1 80 0 8 0.000000
1 81 0 8 0.000000
1 82 0 8 0.000000
1 83 0 8 0.000000
1 84 0 8 0.000000
1 85 0 8 0.000000
1 86 0 8 0.000000
1 87 0 8 0.000000
1 88 0 8 0.000000
1 89 0 8 0.000000
1 90 0 8 0.000000
1 91 0 8 0.000000
1 92 0 8 0.000000
1 93 0 8 0.000000
1 94 0 8 0.000000
1 95 0 8 0.000000
1 96 0 8 0.000000
1 97 0 8 0.000000
1 98 0 8 0.000000
1 99 0 8 0.000000
1 100 0 8 0.000000
2 100 0 8 0.000000
3 100 0 8 0.000000
4 100 0 8 0.000000
5 100 0 8 0.000000
6 100 0 8 0.000000
7 100 0 8 0.000000
8 100 0 8 0.000000
9 100 0 8 0.000000
10 100 0 8 0.000000
11 100 0 8 0.000000
12 100 0 8 0.000000
13 100 0 8 0.000000
14 100 0 8 0.000000
15 100 0 8 0.000000
16 100 0 8 0.000000
17 100 0 8 0.000000
18 100 0 8 0.000000
19 100 0 8 0.000000
20 100 0 8 0.000000
21 100 0 8 0.000000
22 100 0 8 0.000000
23 100 0 8 0.000000
24 100 0 8 0.000000
25 100 0 8 0.000000
26 100 0 8 0.000000
27 100 0 8 0.000000
28 100 0 8 0.000000
29 100 0 8 0.000000
30 100 0 8 0.000000
31 100 0 8 0.000000
32 100 0 8 0.000000
33 100 0 8 0.000000
34 100 0 8 0.000000
35 100 0 8 0.000000
36 100 0 8 0.000000
37 100 0 8 0.000000
38 100 0 8 0.000000
39 100 0 8 0.000000
40 100 0 8 0.000000
41 100 0 8 0.000000
42 100 0 8 0.000000
43 100 0 8 0.000000
44 100 0 8 0.000000
45 100 0 8 0.000000
46 100 0 8 0.000000
47 100 0 8 0.000000
48 100 0 8 0.000000
49 100 0 8 0.000000
50 100 0 8 0.000000
51 100 0 8 0.000000
52 100 0 8 0.000000
53 100 0 8 0.000000
54 100 0 8 0.000000
55 100 0 8 0.000000
56 100 0 8 0.000000
57 100 0 8 0.000000
58 100 0 8 0.000000
59 100 0 8 0.000000
60 100 0 8 0.000000
61 100 0 8 0.000000
62 100 0 8 0.000000
63 100 0 8 0.000000
64 100 0 8 0.000000
65 100 0 8 0.000000
66 100 0 8 0.000000
67 100 0 8 0.000000
68 100 0 8 0.000000
69 100 0 8 0.000000
70 100 0 8 0.000000
71 100 0 8 0.000000
72 100 0 8 0.000000
73 100 0 8 0.000000
74 100 0 8 0.000000
75 100 0 8 0.000000
76 100 0 8 0.000000
77 100 0 8 0.000000
78 100 0 8 0.000000
79 100 0 8 0.000000
80 100 0 8 0.000000
81 100 0 8 0.000000
82 100 0 8 0.000000
83 100 0 8 0.000000
84 100 0 8 0.000000
85 100 0 8 0.000000
86 100 0 8 0.000000
87 100 0 8 0.000000
88 100 0 8 0.000000
89 100 0 8 0.000000
90 100 0 8 0.000000
91 100 0 8 0.000000
92 100 0 8 0.000000
93 100 0 8 0.000000
94 100 0 8 0.000000
95 100 0 8 0.000000
75 95 0 8 -0.001283
3 45 0 8 -0.001738
23 76 0 8 -0.001752
31 64 0 8 -0.001818
10 99 0 8 -0.002341
76 99 0 8 -0.002620
30 70 0 8 -0.003246
58 99 0 8 -0.004003
11 44 0 8 -0.004106
81 99 0 8 -0.004727
7 87 0 8 -0.004731
32 65 0 8 -0.005512
33 94 0 8 -0.005535
33 97 0 8 -0.005767
13 98 0 8 -0.005821
2 9 0 8 -0.005828
6 44 0 8 -0.006789
6 36 0 8 -0.006943
10 16 0 8 -0.007333
58 69 0 8 -0.007347
6 21 0 8 -0.007796
12 98 0 8 -0.008031
49 94 0 8 -0.008424
42 94 0 8 -0.009110
76 90 0 8 -0.009169
12 87 0 8 -0.009453
32 95 0 8 -0.010308
12 40 0 8 -0.010506
18 74 0 8 -0.010709
27 99 0 8 -0.011209
19 34 0 8 -0.011523
15 86 0 8 -0.011796
21 58 0 8 -0.011917
60 65 0 8 -0.011937
60 84 0 8 -0.011957
29 51 0 8 -0.012079
10 90 0 8 -0.013150
4 28 0 8 -0.013211
2 93 0 8 -0.013684
20 79 0 8 -0.013909
45 53 0 8 -0.014204
79 97 0 8 -0.014466
3 99 0 8 -0.014535
29 48 0 8 -0.014888
5 45 0 8 -0.015038
15 99 0 8 -0.015219
20 36 0 8 -0.015388
74 99 0 8 -0.015444
3 44 0 8 -0.015526
80 91 0 8 -0.016947
12 95 0 8 -0.017399
12 34 0 8 -0.018013
29 65 0 8 -0.018297
53 62 0 8 -0.018477
62 95 0 8 -0.018809
61 80 0 8 -0.018884
66 94 0 8 -0.019102
54 63 0 8 -0.019136
61 97 0 8 -0.019533
72 82 0 8 -0.019792
51 77 0 8 -0.020022
51 94 0 8 -0.020026
26 78 0 8 -0.020058
5 93 0 8 -0.020140
40 99 0 8 -0.020256
37 78 0 8 -0.020470
43 87 0 8 -0.020487
3 56 0 8 -0.020649
12 43 0 8 -0.020755
6 66 0 8 -0.021896
4 24 0 8 -0.022117
29 99 0 8 -0.022190
34 99 0 8 -0.022267
12 25 0 8 -0.022925
71 92 0 8 -0.022953
94 99 0 8 -0.023044
49 79 0 8 -0.023309
59 80 0 8 -0.023488
3 29 0 8 -0.023526
3 34 0 8 -0.023607
75 97 0 8 -0.024137
41 94 0 8 -0.024527
88 99 0 8 -0.024735
65 77 0 8 -0.024896
52 88 0 8 -0.025564
68 87 0 8 -0.025824
6 27 0 8 -0.026501
67 92 0 8 -0.026675
16 27 0 8 -0.026991
59 89 0 8 -0.027047
69 97 0 8 -0.028119
7 99 0 8 -0.028456
11 99 0 8 -0.028615
10 29 0 8 -0.028940
64 93 0 8 -0.028977
2 99 0 8 -0.029124
91 99 0 8 -0.029295
71 94 0 8 -0.029585
92 99 0 8 -0.029777
50 79 0 8 -0.029986
3 9 0 8 -0.030135
2 69 0 8 -0.030472
37 55 0 8 -0.030552
25 73 0 8 -0.030732
78 95 0 8 -0.030888
72 86 0 8 -0.031052
52 93 0 8 -0.031193
14 45 0 8 -0.031357
18 34 0 8 -0.031423
26 76 0 8 -0.031446
9 74 0 8 -0.031562
87 97 0 8 -0.031741
42 96 0 8 -0.032514
72 87 0 8 -0.032695
39 50 0 8 -0.032984
51 98 0 8 -0.033717
15 32 0 8 -0.034328
30 80 0 8 -0.034379
25 92 0 8 -0.034751
26 81 0 8 -0.034977
65 72 0 8 -0.035080
63 91 0 8 -0.035767
12 45 0 8 -0.035837
53 76 0 8 -0.035988
44 67 0 8 -0.036068
71 76 0 8 -0.036439
24 98 0 8 -0.036499
18 73 0 8 -0.036649
15 94 0 8 -0.036783
59 87 0 8 -0.036941
73 99 0 8 -0.037030
20 64 0 8 -0.037423
7 85 0 8 -0.037551
2 53 0 8 -0.037613
36 74 0 8 -0.037812
16 35 0 8 -0.037917
3 53 0 8 -0.038376
4 70 0 8 -0.038761
11 76 0 8 -0.038857
3 15 0 8 -0.038982
12 70 0 8 -0.039160
6 16 0 8 -0.040535
25 94 0 8 -0.040607
3 95 0 8 -0.041413
6 59 0 8 -0.041543
59 73 0 8 -0.042044
45 50 0 8 -0.042289
41 80 0 8 -0.042418
28 70 0 8 -0.042468
10 72 0 8 -0.042564
58 72 0 8 -0.043109
19 36 0 8 -0.043126
20 74 0 8 -0.044228
4 21 0 8 -0.044555
40 68 0 8 -0.044736
4 71 0 8 -0.044826
93 99 0 8 -0.045134
60 70 0 8 -0.045294
9 46 0 8 -0.045839
20 69 0 8 -0.045946
69 74 0 8 -0.046159
34 62 0 8 -0.046200
3 17 0 8 -0.046599
4 33 0 8 -0.047096
2 29 0 8 -0.047139
63 99 0 8 -0.047209
2 34 0 8 -0.047302
4 99 0 8 -0.047716
15 84 0 8 -0.048210
23 81 0 8 -0.048990
2 82 0 8 -0.049712
45 66 0 8 -0.050032
4 12 0 8 -0.050094
27 86 0 8 -0.050325
58 80 0 8 -0.050325
6 89 0 8 -0.050439
37 68 0 8 -0.050733
7 82 0 8 -0.051611
3 61 0 8 -0.051822
24 79 0 8 -0.051962
2 75 0 8 -0.052136
74 95 0 8 -0.052153
5 11 0 8 -0.052435
36 67 0 8 -0.052628
28 38 0 8 -0.053333
3 19 0 8 -0.054097
6 64 0 8 -0.054280
4 53 0 8 -0.054550
3 23 0 8 -0.054712
21 99 0 8 -0.056340
20 29 0 8 -0.056889
3 60 0 8 -0.057066
55 79 0 8 -0.057297
2 58 0 8 -0.057416
22 72 0 8 -0.057466
6 57 0 8 -0.058076
42 85 0 8 -0.058393
4 40 0 8 -0.058681
5 91 0 8 -0.059036
32 76 0 8 -0.059271
6 99 0 8 -0.059976
34 74 0 8 -0.060523
38 62 0 8 -0.060660
2 32 0 8 -0.060856
3 48 0 8 -0.061238
49 70 0 8 -0.061701
2 17 0 8 -0.061982
40 74 0 8 -0.062167
25 86 0 8 -0.062415
31 99 0 8 -0.062415
9 43 0 8 -0.062823
61 84 0 8 -0.062917
15 97 0 8 -0.064583
14 35 0 8 -0.064834
4 13 0 8 -0.066177
9 95 0 8 -0.066308
17 45 0 8 -0.066836
10 41 0 8 -0.068051
3 90 0 8 -0.068275
25 77 0 8 -0.068630
2 71 0 8 -0.068654
4 63 0 8 -0.068829
4 11 0 8 -0.068933
28 40 0 8 -0.069201
8 95 0 8 -0.069305
78 99 0 8 -0.070593
34 80 0 8 -0.070784
18 29 0 8 -0.070936
2 59 0 8 -0.071111
3 83 0 8 -0.071197
31 62 0 8 -0.071760
31 76 0 8 -0.073224
14 32 0 8 -0.073735
5 21 0 8 -0.073859
6 85 0 8 -0.073951
2 90 0 8 -0.073997
36 94 0 8 -0.074066
6 81 0 8 -0.074342
48 99 0 8 -0.074379
25 99 0 8 -0.074506
14 75 0 8 -0.074856
4 84 0 8 -0.074981
4 44 0 8 -0.075032
13 21 0 8 -0.075152
12 38 0 8 -0.075491
3 26 0 8 -0.076164
80 85 0 8 -0.076256
11 84 0 8 -0.076644
11 61 0 8 -0.076858
4 29 0 8 -0.077230
4 34 0 8 -0.077498
11 97 0 8 -0.078163
57 85 0 8 -0.078472
42 58 0 8 -0.078637
74 94 0 8 -0.078956
75 89 0 8 -0.079051
72 77 0 8 -0.079281
4 56 0 8 -0.080006
21 94 0 8 -0.080193
68 85 0 8 -0.080279
29 57 0 8 -0.080605
18 65 0 8 -0.081599
82 97 0 8 -0.081876
48 73 0 8 -0.082624
5 30 0 8 -0.082721
20 77 0 8 -0.082761
13 62 0 8 -0.083084
55 69 0 8 -0.083404
41 99 0 8 -0.083447
29 82 0 8 -0.083584
6 29 0 8 -0.083941
33 40 0 8 -0.084130
93 98 0 8 -0.084229
43 67 0 8 -0.084264
36 43 0 8 -0.084632
28 96 0 8 -0.084681
23 68 0 8 -0.085050
25 83 0 8 -0.085717
3 88 0 8 -0.086420
3 89 0 8 -0.086522
3 98 0 8 -0.087746
3 25 0 8 -0.087770
70 99 0 8 -0.088403
29 66 0 8 -0.088471
3 31 0 8 -0.089195
47 69 0 8 -0.089569
24 50 0 8 -0.089785
21 95 0 8 -0.090062
29 97 0 8 -0.090084
3 84 0 8 -0.090980
16 32 0 8 -0.091032
29 40 0 8 -0.091713
58 92 0 8 -0.092017
20 71 0 8 -0.092154
31 49 0 8 -0.092250
36 49 0 8 -0.092349
62 97 0 8 -0.092907
2 72 0 8 -0.093247
2 88 0 8 -0.094008
50 64 0 8 -0.094521
19 73 0 8 -0.094695
5 36 0 8 -0.094910
25 84 0 8 -0.094927
24 78 0 8 -0.095154
28 89 0 8 -0.096010
29 41 0 8 -0.096203
32 99 0 8 -0.096356
63 93 0 8 -0.096514
22 40 0 8 -0.096824
24 97 0 8 -0.096876
67 86 0 8 -0.096937
60 99 0 8 -0.097040
72 95 0 8 -0.097126
17 99 0 8 -0.097282
14 57 0 8 -0.097854
14 85 0 8 -0.098226
42 68 0 8 -0.098657
2 48 0 8 -0.099904
78 96 0 8 -0.099912
43 78 0 8 -0.100300
58 75 0 8 -0.100958
4 14 0 8 -0.101032
82 98 0 8 -0.101448
3 32 0 8 -0.102155
50 57 0 8 -0.102524
3 43 0 8 -0.102603
11 75 0 8 -0.102864
10 31 0 8 -0.103060
31 97 0 8 -0.103082
14 97 0 8 -0.103473
21 82 0 8 -0.103798
61 81 0 8 -0.103850
14 37 0 8 -0.104099
69 96 0 8 -0.104279
11 19 0 8 -0.104370
29 42 0 8 -0.105050
42 79 0 8 -0.105053
34 78 0 8 -0.105256
29 58 0 8 -0.105766
29 96 0 8 -0.106598
79 99 0 8 -0.106880
34 96 0 8 -0.106968
14 96 0 8 -0.107884
8 15 0 8 -0.108118
4 22 0 8 -0.108582
54 69 0 8 -0.108806
8 38 0 8 -0.109186
40 61 0 8 -0.109394
84 92 0 8 -0.109767
60 75 0 8 -0.109979
12 54 0 8 -0.110306
36 99 0 8 -0.110736
18 63 0 8 -0.110897
13 99 0 8 -0.111085
3 59 0 8 -0.111497
21 96 0 8 -0.111590
2 55 0 8 -0.111682
15 57 0 8 -0.111749
68 94 0 8 -0.111832
12 56 0 8 -0.111892
72 90 0 8 -0.112123
56 93 0 8 -0.112150
39 56 0 8 -0.112426
5 66 0 8 -0.112629
46 94 0 8 -0.112737
29 95 0 8 -0.113106
58 67 0 8 -0.113304
3 79 0 8 -0.113312
43 90 0 8 -0.113338
11 79 0 8 -0.113524
26 92 0 8 -0.113525
65 94 0 8 -0.113628
20 95 0 8 -0.113668
69 92 0 8 -0.114103
15 95 0 8 -0.114194
55 99 0 8 -0.114223
43 89 0 8 -0.114598
14 61 0 8 -0.114831
31 96 0 8 -0.115071
13 45 0 8 -0.115221
16 99 0 8 -0.116199
21 54 0 8 -0.116442
52 99 0 8 -0.116565
26 34 0 8 -0.116680
29 92 0 8 -0.116888
58 97 0 8 -0.117318
40 79 0 8 -0.117768
3 91 0 8 -0.117959
2 97 0 8 -0.118232
66 84 0 8 -0.118892
27 53 0 8 -0.119005
57 84 0 8 -0.119561
2 21 0 8 -0.119683
3 58 0 8 -0.120217
64 80 0 8 -0.120579
29 44 0 8 -0.120869
60 74 0 8 -0.121153
2 14 0 8 -0.121842
10 87 0 8 -0.122040
58 94 0 8 -0.122224
73 94 0 8 -0.122370
68 88 0 8 -0.122615
37 77 0 8 -0.122638
37 59 0 8 -0.122831
31 50 0 8 -0.122904
12 36 0 8 -0.123186
35 85 0 8 -0.123294
48 95 0 8 -0.123571
62 94 0 8 -0.124080
34 91 0 8 -0.124175
17 96 0 8 -0.124220
16 22 0 8 -0.124237
10 20 0 8 -0.124257
28 98 0 8 -0.124662
9 40 0 8 -0.124722
26 61 0 8 -0.126217
41 81 0 8 -0.126562
32 78 0 8 -0.126801
23 35 0 8 -0.127191
40 69 0 8 -0.128061
23 55 0 8 -0.128647
2 27 0 8 -0.128939
21 28 0 8 -0.128974
2 85 0 8 -0.129446
43 88 0 8 -0.129448
5 26 0 8 -0.129887
29 75 0 8 -0.130008
3 74 0 8 -0.130116
26 41 0 8 -0.130351
15 41 0 8 -0.130461
26 40 0 8 -0.130495
38 47 0 8 -0.130590
45 76 0 8 -0.130713
3 49 0 8 -0.132935
3 52 0 8 -0.133030
23 94 0 8 -0.133102
14 93 0 8 -0.133170
3 63 0 8 -0.133305
89 99 0 8 -0.133324
26 73 0 8 -0.133418
5 88 0 8 -0.133426
25 45 0 8 -0.133603
12 29 0 8 -0.133665
22 86 0 8 -0.134071
5 27 0 8 -0.134082
18 99 0 8 -0.134138
6 46 0 8 -0.134396
34 98 0 8 -0.134422
11 18 0 8 -0.134993
57 65 0 8 -0.135441
44 65 0 8 -0.135757
30 63 0 8 -0.136134
2 65 0 8 -0.136381
8 64 0 8 -0.136574
59 84 0 8 -0.137141
38 55 0 8 -0.137305
29 64 0 8 -0.137493
10 92 0 8 -0.137899
11 77 0 8 -0.138888
47 81 0 8 -0.139340
36 80 0 8 -0.139559
35 71 0 8 -0.140160
43 92 0 8 -0.140445
80 99 0 8 -0.140520
20 34 0 8 -0.141790
3 18 0 8 -0.142210
28 68 0 8 -0.142304
63 83 0 8 -0.143088
2 68 0 8 -0.143120
62 98 0 8 -0.143174
4 83 0 8 -0.143252
45 95 0 8 -0.143661
13 24 0 8 -0.143780
11 94 0 8 -0.144697
31 48 0 8 -0.144997
33 99 0 8 -0.145238
3 81 0 8 -0.145395
20 52 0 8 -0.146153
27 64 0 8 -0.146577
75 83 0 8 -0.146596
7 23 0 8 -0.147594
59 78 0 8 -0.147743
52 60 0 8 -0.147833
69 99 0 8 -0.148423
63 96 0 8 -0.148425
27 97 0 8 -0.148615
22 64 0 8 -0.148960
3 80 0 8 -0.148977
3 62 0 8 -0.149954
26 82 0 8 -0.150116
82 99 0 8 -0.150822
60 78 0 8 -0.150930
8 99 0 8 -0.151116
12 66 0 8 -0.151285
19 95 0 8 -0.151609
14 88 0 8 -0.151875
39 93 0 8 -0.152200
54 99 0 8 -0.152801
86 97 0 8 -0.152832
13 34 0 8 -0.153308
25 50 0 8 -0.153406
38 60 0 8 -0.153563
30 68 0 8 -0.153897
20 85 0 8 -0.154096
25 97 0 8 -0.154301
17 72 0 8 -0.154904
66 85 0 8 -0.155120
2 73 0 8 -0.155476
45 80 0 8 -0.155624
29 93 0 8 -0.156004
18 92 0 8 -0.156394
58 74 0 8 -0.156477
34 93 0 8 -0.156544
80 97 0 8 -0.156620
13 22 0 8 -0.157267
13 92 0 8 -0.157440
22 65 0 8 -0.157816
64 89 0 8 -0.157879
21 52 0 8 -0.158025
83 99 0 8 -0.158129
3 46 0 8 -0.158335
4 98 0 8 -0.158966
61 94 0 8 -0.159741
3 82 0 8 -0.159899
9 29 0 8 -0.160713
52 92 0 8 -0.160904
60 80 0 8 -0.161180
5 50 0 8 -0.161391
43 91 0 8 -0.162237
52 86 0 8 -0.162264
12 99 0 8 -0.162529
28 63 0 8 -0.163770
73 81 0 8 -0.163800
32 94 0 8 -0.163963
24 42 0 8 -0.164198
29 91 0 8 -0.164302
23 84 0 8 -0.164322
53 99 0 8 -0.164688
27 65 0 8 -0.164835
5 31 0 8 -0.164892
14 49 0 8 -0.165079
3 42 0 8 -0.165084
14 95 0 8 -0.165349
26 85 0 8 -0.165720
59 66 0 8 -0.165721
4 26 0 8 -0.166072
87 99 0 8 -0.166118
25 41 0 8 -0.166259
76 87 0 8 -0.166363
61 82 0 8 -0.166539
29 63 0 8 -0.166694
20 56 0 8 -0.167223
34 92 0 8 -0.167328
64 92 0 8 -0.167624
3 27 0 8 -0.168680
33 46 0 8 -0.168730
20 82 0 8 -0.168823
13 33 0 8 -0.168904
6 50 0 8 -0.169065
82 92 0 8 -0.169244
73 97 0 8 -0.169605
20 25 0 8 -0.169744
54 97 0 8 -0.169749
50 99 0 8 -0.169866
24 66 0 8 -0.169921
40 95 0 8 -0.169989
49 92 0 8 -0.170125
4 54 0 8 -0.170788
4 94 0 8 -0.170933
52 71 0 8 -0.171072
22 29 0 8 -0.171118
18 96 0 8 -0.171120
86 99 0 8 -0.171159
41 65 0 8 -0.171232
23 61 0 8 -0.171720
3 12 0 8 -0.172311
32 77 0 8 -0.172492
4 50 0 8 -0.173291
27 57 0 8 -0.174061
3 20 0 8 -0.174262
78 97 0 8 -0.174787
12 19 0 8 -0.174954
3 85 0 8 -0.174962
40 59 0 8 -0.175105
24 99 0 8 -0.175181
3 16 0 8 -0.175321
64 97 0 8 -0.175471
33 87 0 8 -0.175660
2 98 0 8 -0.175816
2 25 0 8 -0.175864
3 76 0 8 -0.175989
3 87 0 8 -0.176115
90 97 0 8 -0.176770
39 99 0 8 -0.178934
9 14 0 8 -0.179401
26 97 0 8 -0.179671
5 29 0 8 -0.179676
6 37 0 8 -0.179681
22 79 0 8 -0.179715
3 50 0 8 -0.180089
8 21 0 8 -0.180100
18 31 0 8 -0.180197
5 34 0 8 -0.180298
3 64 0 8 -0.180373
29 83 0 8 -0.180865
42 78 0 8 -0.181305
55 90 0 8 -0.181456
2 91 0 8 -0.181994
6 18 0 8 -0.182196
87 94 0 8 -0.182345
81 94 0 8 -0.182677
57 90 0 8 -0.182738
45 88 0 8 -0.182788
3 22 0 8 -0.182800
35 70 0 8 -0.183083
2 84 0 8 -0.183477
10 38 0 8 -0.184649
19 91 0 8 -0.184919
23 41 0 8 -0.185895
3 71 0 8 -0.186058
10 15 0 8 -0.186183
62 81 0 8 -0.186280
82 96 0 8 -0.186305
5 86 0 8 -0.186316
5 82 0 8 -0.186385
29 53 0 8 -0.186512
19 58 0 8 -0.186735
2 33 0 8 -0.186765
23 99 0 8 -0.186810
73 96 0 8 -0.187016
45 85 0 8 -0.187263
45 81 0 8 -0.187706
12 73 0 8 -0.188059
3 86 0 8 -0.188267
49 97 0 8 -0.188501
46 57 0 8 -0.188643
29 50 0 8 -0.188686
7 41 0 8 -0.188754
67 85 0 8 -0.189273
34 90 0 8 -0.189810
50 95 0 8 -0.190234
61 99 0 8 -0.190296
14 83 0 8 -0.190851
68 99 0 8 -0.191175
68 96 0 8 -0.191593
44 92 0 8 -0.191706
62 82 0 8 -0.191831
20 61 0 8 -0.191987
22 49 0 8 -0.192144
72 99 0 8 -0.192233
31 87 0 8 -0.192555
23 29 0 8 -0.192817
7 97 0 8 -0.193511
34 54 0 8 -0.193735
8 91 0 8 -0.194360
38 99 0 8 -0.194642
3 72 0 8 -0.194703
49 62 0 8 -0.195015
29 84 0 8 -0.195178
4 74 0 8 -0.195214
13 59 0 8 -0.195597
58 84 0 8 -0.195727
3 66 0 8 -0.195891
54 74 0 8 -0.195932
46 95 0 8 -0.196164
53 74 0 8 -0.196440
19 96 0 8 -0.196697
11 58 0 8 -0.196760
72 92 0 8 -0.197087
41 76 0 8 -0.197287
39 83 0 8 -0.197830
13 48 0 8 -0.197935
39 65 0 8 -0.198149
23 34 0 8 -0.198435
64 99 0 8 -0.198613
2 92 0 8 -0.199041
11 70 0 8 -0.199764
65 88 0 8 -0.199798
20 38 0 8 -0.200521
49 74 0 8 -0.200737
56 97 0 8 -0.201927
29 88 0 8 -0.202323
44 68 0 8 -0.202382
9 80 0 8 -0.202548
3 68 0 8 -0.202680
2 66 0 8 -0.202752
66 99 0 8 -0.202788
29 54 0 8 -0.202863
2 23 0 8 -0.203109
29 39 0 8 -0.203383
76 95 0 8 -0.203457
44 63 0 8 -0.203899
71 99 0 8 -0.204784
4 51 0 8 -0.204786
2 54 0 8 -0.205611
35 55 0 8 -0.205616
14 62 0 8 -0.205657
6 58 0 8 -0.206184
4 31 0 8 -0.206346
3 38 0 8 -0.206356
8 26 0 8 -0.206646
44 59 0 8 -0.207734
20 81 0 8 -0.208136
59 94 0 8 -0.209519
79 84 0 8 -0.209549
81 88 0 8 -0.209858
67 75 0 8 -0.210120
25 93 0 8 -0.210494
54 80 0 8 -0.211016
34 88 0 8 -0.211119
34 76 0 8 -0.211204
8 69 0 8 -0.211446
21 70 0 8 -0.211725
6 79 0 8 -0.211786
67 99 0 8 -0.212211
35 99 0 8 -0.212524
54 62 0 8 -0.212691
26 94 0 8 -0.213469
33 79 0 8 -0.213566
18 84 0 8 -0.213637
59 85 0 8 -0.213760
2 61 0 8 -0.213829
36 50 0 8 -0.213901
6 43 0 8 -0.214039
26 77 0 8 -0.214533
46 77 0 8 -0.214814
48 70 0 8 -0.215033
18 93 0 8 -0.215262
17 93 0 8 -0.216312
66 74 0 8 -0.216803
80 95 0 8 -0.216915
37 81 0 8 -0.216972
25 89 0 8 -0.217337
46 78 0 8 -0.217644
77 99 0 8 -0.218476
31 41 0 8 -0.219319
62 67 0 8 -0.220056
45 61 0 8 -0.220118
4 15 0 8 -0.220849
10 93 0 8 -0.220946
88 97 0 8 -0.221537
37 99 0 8 -0.221598
34 89 0 8 -0.222606
13 79 0 8 -0.222628
24 68 0 8 -0.222692
2 62 0 8 -0.222702
27 32 0 8 -0.222768
15 35 0 8 -0.222865
43 51 0 8 -0.223785
65 99 0 8 -0.224247
3 67 0 8 -0.224982
3 54 0 8 -0.225193
27 34 0 8 -0.225218
39 45 0 8 -0.225339
13 93 0 8 -0.225815
21 60 0 8 -0.225899
45 69 0 8 -0.226120
7 81 0 8 -0.226210
34 85 0 8 -0.226520
7 55 0 8 -0.226719
45 82 0 8 -0.226770
2 79 0 8 -0.227043
7 28 0 8 -0.227449
18 94 0 8 -0.227583
40 78 0 8 -0.227779
6 28 0 8 -0.228609
5 25 0 8 -0.228737
17 78 0 8 -0.228992
34 51 0 8 -0.229129
5 19 0 8 -0.229178
92 98 0 8 -0.229280
83 94 0 8 -0.229368
10 48 0 8 -0.229456
34 50 0 8 -0.229482
14 31 0 8 -0.229603
2 45 0 8 -0.229677
3 70 0 8 -0.230637
29 70 0 8 -0.230734
6 60 0 8 -0.230781
8 25 0 8 -0.231103
32 92 0 8 -0.231310
76 88 0 8 -0.231796
26 68 0 8 -0.232011
27 77 0 8 -0.232364
19 68 0 8 -0.232544
53 91 0 8 -0.232692
7 37 0 8 -0.232987
60 85 0 8 -0.233995
78 93 0 8 -0.234104
63 92 0 8 -0.234138
60 94 0 8 -0.234230
42 61 0 8 -0.234762
80 96 0 8 -0.234811
5 12 0 8 -0.234989
34 67 0 8 -0.235564
55 93 0 8 -0.235594
55 72 0 8 -0.235987
21 80 0 8 -0.236205
34 70 0 8 -0.236455
75 85 0 8 -0.236476
8 92 0 8 -0.236552
62 96 0 8 -0.236922
5 60 0 8 -0.236982
82 94 0 8 -0.237704
3 65 0 8 -0.237742
27 52 0 8 -0.238318
39 90 0 8 -0.239500
37 91 0 8 -0.240659
34 83 0 8 -0.241080
33 84 0 8 -0.241278
20 76 0 8 -0.241794
2 49 0 8 -0.241805
33 55 0 8 -0.242910
51 71 0 8 -0.242947
4 20 0 8 -0.243089
22 98 0 8 -0.243371
2 64 0 8 -0.243871
5 32 0 8 -0.244389
4 16 0 8 -0.244573
34 82 0 8 -0.244958
12 81 0 8 -0.245023
57 79 0 8 -0.245475
12 68 0 8 -0.245746
10 82 0 8 -0.245904
31 46 0 8 -0.247160
4 23 0 8 -0.247519
48 89 0 8 -0.247543
21 79 0 8 -0.247554
23 63 0 8 -0.247755
4 35 0 8 -0.248598
34 60 0 8 -0.248618
11 80 0 8 -0.248674
65 98 0 8 -0.248859
22 92 0 8 -0.250184
8 51 0 8 -0.252111
4 85 0 8 -0.252290
10 21 0 8 -0.252296
8 75 0 8 -0.252455
31 66 0 8 -0.253411
43 52 0 8 -0.253530
4 58 0 8 -0.254300
9 76 0 8 -0.254549
83 97 0 8 -0.255477
34 84 0 8 -0.255715
5 73 0 8 -0.255993
2 19 0 8 -0.256130
34 56 0 8 -0.256157
6 26 0 8 -0.256605
29 74 0 8 -0.257153
6 86 0 8 -0.257816
22 74 0 8 -0.257870
34 47 0 8 -0.258185
7 96 0 8 -0.258252
62 68 0 8 -0.258675
15 34 0 8 -0.259406
27 94 0 8 -0.260094
21 62 0 8 -0.260100
3 69 0 8 -0.260155
11 27 0 8 -0.261090
18 83 0 8 -0.261483
12 88 0 8 -0.262505
33 95 0 8 -0.263244
21 87 0 8 -0.263337
30 41 0 8 -0.263427
51 74 0 8 -0.263482
2 30 0 8 -0.263497
65 80 0 8 -0.263556
19 79 0 8 -0.263822
22 32 0 8 -0.264216
34 68 0 8 -0.264342
21 38 0 8 -0.264370
29 37 0 8 -0.264609
54 67 0 8 -0.265070
29 62 0 8 -0.266276
29 85 0 8 -0.267109
14 58 0 8 -0.267752
10 73 0 8 -0.268074
40 70 0 8 -0.268090
29 81 0 8 -0.268287
4 75 0 8 -0.268628
29 87 0 8 -0.268869
29 60 0 8 -0.269190
34 81 0 8 -0.269217
20 96 0 8 -0.269455
17 39 0 8 -0.269499
18 77 0 8 -0.269646
34 87 0 8 -0.269800
9 60 0 8 -0.269969
17 42 0 8 -0.270442
45 65 0 8 -0.270614
24 88 0 8 -0.270854
26 54 0 8 -0.270878
17 80 0 8 -0.271074
55 97 0 8 -0.271243
82 90 0 8 -0.271268
24 29 0 8 -0.271678
7 77 0 8 -0.272157
4 55 0 8 -0.272339
46 91 0 8 -0.272366
25 40 0 8 -0.272954
2 43 0 8 -0.273598
29 59 0 8 -0.273777
4 41 0 8 -0.274042
45 63 0 8 -0.274053
5 89 0 8 -0.274077
56 65 0 8 -0.274575
53 71 0 8 -0.274594
23 85 0 8 -0.274603
80 94 0 8 -0.274704
26 33 0 8 -0.274793
34 52 0 8 -0.274978
42 52 0 8 -0.275140
77 87 0 8 -0.275276
21 92 0 8 -0.276188
7 51 0 8 -0.276686
73 98 0 8 -0.276914
21 51 0 8 -0.277051
18 23 0 8 -0.277394
5 15 0 8 -0.277562
29 49 0 8 -0.277637
22 55 0 8 -0.277679
33 56 0 8 -0.277796
55 94 0 8 -0.278013
5 33 0 8 -0.278066
29 35 0 8 -0.278115
4 49 0 8 -0.278354
51 97 0 8 -0.279204
52 63 0 8 -0.279302
7 67 0 8 -0.279537
68 98 0 8 -0.279608
7 26 0 8 -0.281099
6 68 0 8 -0.281444
21 66 0 8 -0.281547
9 81 0 8 -0.281584
4 88 0 8 -0.282246
32 85 0 8 -0.282602
15 40 0 8 -0.282607
11 64 0 8 -0.282660
32 49 0 8 -0.282692
21 83 0 8 -0.283330
50 90 0 8 -0.283365
57 88 0 8 -0.283624
50 65 0 8 -0.283831
84 94 0 8 -0.284379
24 34 0 8 -0.284521
7 71 0 8 -0.284716
36 86 0 8 -0.284760
2 18 0 8 -0.284946
11 57 0 8 -0.284955
16 68 0 8 -0.285416
20 67 0 8 -0.285549
22 34 0 8 -0.285683
2 35 0 8 -0.285729
4 64 0 8 -0.285886
21 76 0 8 -0.287150
29 86 0 8 -0.287420
54 95 0 8 -0.287484
34 86 0 8 -0.288416
51 95 0 8 -0.288990
32 62 0 8 -0.289187
2 41 0 8 -0.289426
77 84 0 8 -0.289637
81 87 0 8 -0.290537
34 39 0 8 -0.290617
38 78 0 8 -0.290744
85 94 0 8 -0.291560
45 92 0 8 -0.291924
28 76 0 8 -0.292380
29 52 0 8 -0.292780
31 79 0 8 -0.293256
68 77 0 8 -0.293538
34 66 0 8 -0.293695
81 91 0 8 -0.293839
3 57 0 8 -0.294331
14 24 0 8 -0.294520
21 90 0 8 -0.295930
80 89 0 8 -0.295977
34 63 0 8 -0.296022
8 97 0 8 -0.296512
45 70 0 8 -0.296752
27 93 0 8 -0.296883
42 84 0 8 -0.297060
45 77 0 8 -0.297353
25 53 0 8 -0.297967
5 71 0 8 -0.298014
46 63 0 8 -0.298083
2 80 0 8 -0.298504
14 87 0 8 -0.298921
21 91 0 8 -0.299186
37 67 0 8 -0.299420
66 83 0 8 -0.300125
16 58 0 8 -0.301260
43 53 0 8 -0.303555
41 97 0 8 -0.303703
74 86 0 8 -0.303777
14 26 0 8 -0.303965
15 42 0 8 -0.304339
30 40 0 8 -0.305385
32 74 0 8 -0.305978
68 80 0 8 -0.306335
64 85 0 8 -0.306453
2 12 0 8 -0.307020
54 71 0 8 -0.307105
36 97 0 8 -0.307312
22 95 0 8 -0.307316
81 97 0 8 -0.307365
8 41 0 8 -0.308083
46 52 0 8 -0.308260
6 32 0 8 -0.308671
41 89 0 8 -0.308971
34 61 0 8 -0.309070
10 91 0 8 -0.309186
29 68 0 8 -0.309425
30 74 0 8 -0.309621
34 48 0 8 -0.309889
34 65 0 8 -0.309986
49 90 0 8 -0.310230
5 98 0 8 -0.310356
17 69 0 8 -0.310389
27 47 0 8 -0.310496
38 75 0 8 -0.310553
4 42 0 8 -0.310817
75 98 0 8 -0.310837
29 72 0 8 -0.311137
21 43 0 8 -0.311419
37 80 0 8 -0.311620
11 30 0 8 -0.311664
17 25 0 8 -0.311861
34 72 0 8 -0.312215
36 47 0 8 -0.313069
20 32 0 8 -0.313533
64 95 0 8 -0.313748
18 97 0 8 -0.314276
52 80 0 8 -0.314283
64 87 0 8 -0.314458
29 38 0 8 -0.315037
26 37 0 8 -0.315046
18 44 0 8 -0.315381
36 73 0 8 -0.315690
27 69 0 8 -0.315907
7 59 0 8 -0.315969
13 64 0 8 -0.316163
60 96 0 8 -0.316490
15 91 0 8 -0.316500
13 43 0 8 -0.316899
9 59 0 8 -0.316965
2 46 0 8 -0.317256
12 94 0 8 -0.318392
33 75 0 8 -0.318569
33 98 0 8 -0.318707
5 85 0 8 -0.319080
4 87 0 8 -0.319975
24 75 0 8 -0.319996
17 70 0 8 -0.320056
42 97 0 8 -0.320252
21 75 0 8 -0.320473
40 90 0 8 -0.321132
56 84 0 8 -0.321266
9 94 0 8 -0.321603
37 48 0 8 -0.321812
10 85 0 8 -0.322463
34 64 0 8 -0.322578
19 25 0 8 -0.322711
31 89 0 8 -0.323386
79 89 0 8 -0.323615
11 29 0 8 -0.324306
15 20 0 8 -0.324906
31 72 0 8 -0.325114
40 50 0 8 -0.325194
17 35 0 8 -0.325488
53 79 0 8 -0.325776
5 61 0 8 -0.326156
47 97 0 8 -0.326698
31 91 0 8 -0.327462
55 95 0 8 -0.328205
60 97 0 8 -0.328511
48 74 0 8 -0.328607
11 34 0 8 -0.328667
12 47 0 8 -0.328798
7 45 0 8 -0.328918
17 54 0 8 -0.329062
45 68 0 8 -0.329509
32 59 0 8 -0.329607
62 78 0 8 -0.329685
21 40 0 8 -0.329688
4 32 0 8 -0.330931
47 92 0 8 -0.331032
23 87 0 8 -0.331233
2 87 0 8 -0.331502
46 89 0 8 -0.331598
43 93 0 8 -0.331640
50 92 0 8 -0.331888
42 95 0 8 -0.331983
53 93 0 8 -0.332011
11 63 0 8 -0.332182
53 89 0 8 -0.332336
2 50 0 8 -0.332721
45 97 0 8 -0.333132
5 17 0 8 -0.333585
40 45 0 8 -0.334254
41 87 0 8 -0.335413
2 57 0 8 -0.335431
29 56 0 8 -0.335471
43 70 0 8 -0.335513
4 46 0 8 -0.336021
19 85 0 8 -0.336277
15 62 0 8 -0.336573
64 70 0 8 -0.336935
13 28 0 8 -0.337482
41 96 0 8 -0.337891
34 59 0 8 -0.338334
26 93 0 8 -0.338738
73 92 0 8 -0.339117
22 52 0 8 -0.339577
2 60 0 8 -0.341932
29 67 0 8 -0.343473
15 25 0 8 -0.344196
37 61 0 8 -0.344417
26 65 0 8 -0.344638
22 63 0 8 -0.344846
71 93 0 8 -0.345523
18 28 0 8 -0.345581
72 91 0 8 -0.345910
24 86 0 8 -0.345972
5 28 0 8 -0.345983
27 51 0 8 -0.346384
16 81 0 8 -0.346402
11 93 0 8 -0.346868
86 94 0 8 -0.346907
7 40 0 8 -0.346940
35 92 0 8 -0.346968
4 27 0 8 -0.347097
78 98 0 8 -0.347375
73 95 0 8 -0.347473
74 97 0 8 -0.347486
25 46 0 8 -0.347983
46 74 0 8 -0.348150
5 97 0 8 -0.348742
2 20 0 8 -0.349167
42 86 0 8 -0.349857
77 90 0 8 -0.350228
2 67 0 8 -0.351563
14 28 0 8 -0.351724
31 67 0 8 -0.351833
37 66 0 8 -0.352088
28 46 0 8 -0.352436
16 73 0 8 -0.352675
23 95 0 8 -0.352919
33 68 0 8 -0.352921
18 24 0 8 -0.353063
4 45 0 8 -0.353170
22 41 0 8 -0.353584
29 77 0 8 -0.353613
24 53 0 8 -0.353663
6 84 0 8 -0.353875
72 84 0 8 -0.353985
42 83 0 8 -0.354797
62 79 0 8 -0.354802
34 77 0 8 -0.354838
27 71 0 8 -0.354854
7 62 0 8 -0.355359
6 55 0 8 -0.355744
17 89 0 8 -0.355949
51 65 0 8 -0.356032
5 75 0 8 -0.357668
25 90 0 8 -0.357877
9 93 0 8 -0.358301
12 18 0 8 -0.358366
9 18 0 8 -0.358557
34 49 0 8 -0.359298
72 94 0 8 -0.359698
2 38 0 8 -0.360530
2 11 0 8 -0.360546
27 41 0 8 -0.360581
21 27 0 8 -0.360664
7 25 0 8 -0.361694
77 94 0 8 -0.361907
33 83 0 8 -0.361945
25 39 0 8 -0.362754
76 96 0 8 -0.363387
40 55 0 8 -0.363875
6 94 0 8 -0.364975
15 74 0 8 -0.365534
44 94 0 8 -0.366072
19 55 0 8 -0.367057
25 58 0 8 -0.367074
54 73 0 8 -0.367489
62 86 0 8 -0.367596
17 90 0 8 -0.367652
7 46 0 8 -0.368070
48 86 0 8 -0.368214
71 96 0 8 -0.369432
20 89 0 8 -0.370988
29 71 0 8 -0.371371
43 94 0 8 -0.372051
26 89 0 8 -0.372102
6 31 0 8 -0.372112
34 71 0 8 -0.372658
4 92 0 8 -0.372731
10 25 0 8 -0.372763
27 95 0 8 -0.372989
2 22 0 8 -0.373655
52 95 0 8 -0.373857
46 59 0 8 -0.373986
28 41 0 8 -0.374042
4 80 0 8 -0.374152
47 98 0 8 -0.374333
46 68 0 8 -0.374419
15 93 0 8 -0.375255
35 77 0 8 -0.376376
12 96 0 8 -0.376389
16 74 0 8 -0.376543
5 53 0 8 -0.376558
60 91 0 8 -0.377330
61 96 0 8 -0.377467
17 26 0 8 -0.377508
51 63 0 8 -0.377648
11 98 0 8 -0.377783
5 14 0 8 -0.377858
40 86 0 8 -0.378307
46 56 0 8 -0.378818
8 13 0 8 -0.378949
6 90 0 8 -0.379289
20 92 0 8 -0.381012
4 67 0 8 -0.381068
23 31 0 8 -0.381916
42 65 0 8 -0.382146
11 47 0 8 -0.382342
26 59 0 8 -0.382745
47 94 0 8 -0.383003
7 92 0 8 -0.383071
7 24 0 8 -0.383602
5 81 0 8 -0.383975
75 81 0 8 -0.383982
13 47 0 8 -0.384398
43 63 0 8 -0.384450
2 13 0 8 -0.385035
26 51 0 8 -0.385187
7 75 0 8 -0.385478
52 83 0 8 -0.385550
19 27 0 8 -0.385828
48 97 0 8 -0.386470
10 23 0 8 -0.386863
49 86 0 8 -0.387154
74 87 0 8 -0.387531
6 73 0 8 -0.388532
17 86 0 8 -0.388949
5 63 0 8 -0.388973
53 96 0 8 -0.389111
58 81 0 8 -0.389150
63 89 0 8 -0.389389
40 87 0 8 -0.389556
45 79 0 8 -0.390025
32 63 0 8 -0.391260
39 82 0 8 -0.391439
41 70 0 8 -0.391632
39 86 0 8 -0.391790
60 88 0 8 -0.392496
6 96 0 8 -0.392592
20 87 0 8 -0.392678
36 72 0 8 -0.392887
60 83 0 8 -0.393358
17 85 0 8 -0.393376
33 53 0 8 -0.393552
81 98 0 8 -0.393695
50 69 0 8 -0.393772
24 89 0 8 -0.394294
13 97 0 8 -0.394572
21 57 0 8 -0.394909
31 70 0 8 -0.395202
47 86 0 8 -0.395267
68 79 0 8 -0.395274
23 50 0 8 -0.395596
19 94 0 8 -0.395935
40 96 0 8 -0.396006
65 93 0 8 -0.396006
58 98 0 8 -0.396152
40 73 0 8 -0.396387
12 42 0 8 -0.396860
11 33 0 8 -0.397081
74 89 0 8 -0.397165
29 69 0 8 -0.397169
76 82 0 8 -0.397281
74 93 0 8 -0.397359
22 89 0 8 -0.398518
34 69 0 8 -0.398546
48 77 0 8 -0.398936
65 95 0 8 -0.399341
26 84 0 8 -0.400212
6 41 0 8 -0.400317
5 94 0 8 -0.400770
79 96 0 8 -0.400915
34 42 0 8 -0.401549
48 78 0 8 -0.401870
74 98 0 8 -0.402348
14 82 0 8 -0.402468
35 51 0 8 -0.402559
8 18 0 8 -0.403263
19 33 0 8 -0.403334
44 54 0 8 -0.403494
33 71 0 8 -0.403535
20 58 0 8 -0.403810
41 59 0 8 -0.403974
25 52 0 8 -0.404534
52 96 0 8 -0.404667
4 39 0 8 -0.405081
40 76 0 8 -0.405143
40 91 0 8 -0.405258
32 96 0 8 -0.405346
14 52 0 8 -0.405388
25 87 0 8 -0.405561
12 48 0 8 -0.406541
8 33 0 8 -0.407222
6 42 0 8 -0.407657
20 41 0 8 -0.407857
46 83 0 8 -0.408046
24 95 0 8 -0.409235
22 38 0 8 -0.409369
6 74 0 8 -0.409653
52 94 0 8 -0.409664
70 79 0 8 -0.409669
13 54 0 8 -0.410139
38 80 0 8 -0.410357
32 81 0 8 -0.410868
23 93 0 8 -0.411031
9 89 0 8 -0.411254
40 52 0 8 -0.411389
52 66 0 8 -0.411630
73 78 0 8 -0.413207
37 42 0 8 -0.413609
31 47 0 8 -0.413625
5 43 0 8 -0.413953
27 44 0 8 -0.415219
12 93 0 8 -0.415464
26 75 0 8 -0.415887
5 84 0 8 -0.416366
13 96 0 8 -0.417481
2 70 0 8 -0.417948
40 82 0 8 -0.418447
60 98 0 8 -0.418595
79 92 0 8 -0.418716
28 84 0 8 -0.419250
17 41 0 8 -0.419418
25 55 0 8 -0.419995
47 60 0 8 -0.420359
26 31 0 8 -0.420594
13 94 0 8 -0.421091
6 98 0 8 -0.421508
16 75 0 8 -0.421778
36 77 0 8 -0.422244
31 73 0 8 -0.423298
28 97 0 8 -0.423681
64 94 0 8 -0.423815
26 32 0 8 -0.424236
22 91 0 8 -0.424917
28 43 0 8 -0.425032
44 74 0 8 -0.425650
18 62 0 8 -0.425884
75 94 0 8 -0.425964
6 93 0 8 -0.426386
88 98 0 8 -0.426471
58 85 0 8 -0.426555
27 72 0 8 -0.427319
21 89 0 8 -0.428082
4 18 0 8 -0.428533
9 56 0 8 -0.428726
22 54 0 8 -0.429225
63 85 0 8 -0.429893
33 86 0 8 -0.429938
17 27 0 8 -0.430187
16 96 0 8 -0.430769
42 87 0 8 -0.431117
25 62 0 8 -0.431318
13 95 0 8 -0.431330
7 95 0 8 -0.431427
27 42 0 8 -0.431655
21 63 0 8 -0.431701
15 73 0 8 -0.432346
13 89 0 8 -0.432908
10 64 0 8 -0.433582
35 45 0 8 -0.434083
58 86 0 8 -0.434280
53 84 0 8 -0.434283
67 95 0 8 -0.434484
62 93 0 8 -0.434637
24 72 0 8 -0.434822
6 12 0 8 -0.435714
18 50 0 8 -0.435774
65 96 0 8 -0.435851
16 95 0 8 -0.435865
19 54 0 8 -0.436099
77 85 0 8 -0.436108
10 19 0 8 -0.436209
44 78 0 8 -0.436249
25 72 0 8 -0.437233
48 88 0 8 -0.437473
19 97 0 8 -0.437899
83 98 0 8 -0.439622
6 56 0 8 -0.439690
24 94 0 8 -0.439873
16 93 0 8 -0.440587
81 96 0 8 -0.441222
31 95 0 8 -0.441432
4 36 0 8 -0.441931
33 41 0 8 -0.442075
7 98 0 8 -0.442140
31 61 0 8 -0.442746
10 94 0 8 -0.443089
21 39 0 8 -0.443301
61 90 0 8 -0.443616
65 86 0 8 -0.443837
20 86 0 8 -0.443946
79 91 0 8 -0.444095
4 68 0 8 -0.444975
68 97 0 8 -0.445031
21 59 0 8 -0.445523
22 83 0 8 -0.448013
14 20 0 8 -0.448296
35 52 0 8 -0.448410
57 86 0 8 -0.448675
14 39 0 8 -0.449455
49 87 0 8 -0.449541
21 72 0 8 -0.449741
4 66 0 8 -0.450326
53 94 0 8 -0.450711
53 64 0 8 -0.451179
65 76 0 8 -0.451232
16 26 0 8 -0.451631
6 45 0 8 -0.451767
40 84 0 8 -0.452592
18 70 0 8 -0.452906
4 48 0 8 -0.453310
40 46 0 8 -0.454245
6 40 0 8 -0.454254
32 82 0 8 -0.454388
25 49 0 8 -0.454565
45 60 0 8 -0.455120
46 80 0 8 -0.455336
44 93 0 8 -0.455511
39 48 0 8 -0.455601
26 55 0 8 -0.455892
43 96 0 8 -0.455898
19 60 0 8 -0.456280
23 74 0 8 -0.456772
37 43 0 8 -0.457519
48 68 0 8 -0.458027
12 74 0 8 -0.458275
26 50 0 8 -0.458773
21 81 0 8 -0.459052
69 83 0 8 -0.459079
16 42 0 8 -0.459455
74 96 0 8 -0.459712
6 88 0 8 -0.460650
40 85 0 8 -0.460851
48 91 0 8 -0.461237
8 70 0 8 -0.461434
44 85 0 8 -0.461544
17 40 0 8 -0.462888
32 79 0 8 -0.463408
49 96 0 8 -0.464021
57 95 0 8 -0.464245
18 41 0 8 -0.464412
57 62 0 8 -0.464693
44 61 0 8 -0.465534
5 70 0 8 -0.465667
27 79 0 8 -0.465877
51 92 0 8 -0.466122
12 92 0 8 -0.466453
26 66 0 8 -0.466760
27 55 0 8 -0.466784
50 81 0 8 -0.466979
21 86 0 8 -0.467124
42 59 0 8 -0.467180
22 45 0 8 -0.467866
10 76 0 8 -0.467978
31 98 0 8 -0.468182
42 50 0 8 -0.468199
59 81 0 8 -0.468208
10 60 0 8 -0.468361
14 80 0 8 -0.470772
10 59 0 8 -0.471379
31 55 0 8 -0.471391
40 75 0 8 -0.472277
76 92 0 8 -0.472782
23 64 0 8 -0.473131
31 53 0 8 -0.474560
28 61 0 8 -0.475535
19 35 0 8 -0.476215
26 52 0 8 -0.477098
18 76 0 8 -0.477568
6 47 0 8 -0.477644
17 79 0 8 -0.477708
24 81 0 8 -0.478000
87 93 0 8 -0.478292
39 88 0 8 -0.479097
26 87 0 8 -0.479097
14 84 0 8 -0.479138
37 69 0 8 -0.479907
17 33 0 8 -0.479962
12 83 0 8 -0.480081
62 71 0 8 -0.481495
28 47 0 8 -0.481752
67 97 0 8 -0.481990
9 97 0 8 -0.482790
72 97 0 8 -0.482899
28 53 0 8 -0.483336
70 93 0 8 -0.484524
10 24 0 8 -0.485386
14 68 0 8 -0.485411
41 90 0 8 -0.485688
15 21 0 8 -0.485998
56 78 0 8 -0.486786
80 90 0 8 -0.487142
77 93 0 8 -0.487475
8 39 0 8 -0.487481
32 58 0 8 -0.487868
58 82 0 8 -0.487984
55 73 0 8 -0.488767
58 95 0 8 -0.489834
33 38 0 8 -0.490068
8 22 0 8 -0.490075
62 84 0 8 -0.490271
8 83 0 8 -0.490508
30 85 0 8 -0.491154
17 62 0 8 -0.491523
57 94 0 8 -0.491636
36 93 0 8 -0.491711
44 82 0 8 -0.491996
47 88 0 8 -0.492257
22 94 0 8 -0.492451
40 58 0 8 -0.493554
26 70 0 8 -0.493875
51 84 0 8 -0.493971
61 83 0 8 -0.494541
25 51 0 8 -0.495134
49 60 0 8 -0.495323
64 98 0 8 -0.495596
83 92 0 8 -0.495962
23 67 0 8 -0.496174
27 39 0 8 -0.497162
7 39 0 8 -0.497248
13 44 0 8 -0.497555
18 90 0 8 -0.497649
12 26 0 8 -0.499082
50 97 0 8 -0.499406
16 78 0 8 -0.500802
20 80 0 8 -0.501290
53 77 0 8 -0.501784
10 39 0 8 -0.501855
8 31 0 8 -0.502595
44 64 0 8 -0.502617
51 78 0 8 -0.504467
73 89 0 8 -0.504780
61 88 0 8 -0.504878
75 80 0 8 -0.504925
74 84 0 8 -0.505206
10 97 0 8 -0.505509
10 58 0 8 -0.505798
5 92 0 8 -0.506049
31 40 0 8 -0.507677
5 62 0 8 -0.507684
13 77 0 8 -0.508001
52 67 0 8 -0.508823
63 98 0 8 -0.509364
43 50 0 8 -0.509973
6 38 0 8 -0.510053
60 66 0 8 -0.510168
21 73 0 8 -0.510343
17 95 0 8 -0.510427
13 58 0 8 -0.511098
16 94 0 8 -0.511314
40 92 0 8 -0.511466
38 67 0 8 -0.511917
42 62 0 8 -0.512623
32 68 0 8 -0.512880
66 92 0 8 -0.513730
35 46 0 8 -0.514190
48 94 0 8 -0.514519
37 82 0 8 -0.514700
17 76 0 8 -0.515090
31 90 0 8 -0.515265
51 56 0 8 -0.516256
53 83 0 8 -0.517205
58 87 0 8 -0.518536
12 72 0 8 -0.518643
16 40 0 8 -0.520264
26 67 0 8 -0.521245
6 69 0 8 -0.521322
24 80 0 8 -0.521500
24 85 0 8 -0.521571
55 92 0 8 -0.521590
65 90 0 8 -0.522461
48 76 0 8 -0.523130
6 65 0 8 -0.523259
14 72 0 8 -0.523581
51 67 0 8 -0.523694
37 85 0 8 -0.524006
45 62 0 8 -0.524345
11 22 0 8 -0.524401
54 96 0 8 -0.524476
37 98 0 8 -0.526182
55 80 0 8 -0.527543
16 41 0 8 -0.527877
40 93 0 8 -0.528132
18 68 0 8 -0.528359
20 31 0 8 -0.529158
18 81 0 8 -0.529189
24 54 0 8 -0.529257
36 95 0 8 -0.529597
26 39 0 8 -0.529821
9 48 0 8 -0.530426
5 20 0 8 -0.530619
28 59 0 8 -0.530866
87 96 0 8 -0.531544
14 81 0 8 -0.531575
69 90 0 8 -0.531706
9 36 0 8 -0.532168
26 90 0 8 -0.532491
6 92 0 8 -0.532547
17 71 0 8 -0.533555
24 67 0 8 -0.534010
48 58 0 8 -0.534087
55 78 0 8 -0.534665
31 82 0 8 -0.534800
10 52 0 8 -0.536360
48 55 0 8 -0.537690
8 68 0 8 -0.538110
50 96 0 8 -0.538131
37 62 0 8 -0.538667
49 89 0 8 -0.538808
61 93 0 8 -0.539159
25 91 0 8 -0.539534
37 56 0 8 -0.539760
15 31 0 8 -0.540048
7 66 0 8 -0.540312
44 96 0 8 -0.540362
58 96 0 8 -0.541239
56 95 0 8 -0.541672
27 74 0 8 -0.542245
15 92 0 8 -0.542751
25 66 0 8 -0.543235
26 62 0 8 -0.543401
85 96 0 8 -0.544001
15 28 0 8 -0.544021
2 44 0 8 -0.544600
22 87 0 8 -0.545272
10 66 0 8 -0.545596
19 74 0 8 -0.545654
17 61 0 8 -0.546349
21 61 0 8 -0.546877
10 54 0 8 -0.547617
14 73 0 8 -0.548742
48 66 0 8 -0.549191
46 54 0 8 -0.549359
9 31 0 8 -0.550091
48 83 0 8 -0.550392
35 66 0 8 -0.550746
40 89 0 8 -0.551547
25 36 0 8 -0.551911
74 90 0 8 -0.552016
17 98 0 8 -0.552076
18 98 0 8 -0.552158
53 85 0 8 -0.552159
16 64 0 8 -0.552251
53 92 0 8 -0.552468
50 94 0 8 -0.552616
23 75 0 8 -0.552792
14 50 0 8 -0.552812
64 84 0 8 -0.553205
4 52 0 8 -0.554728
12 31 0 8 -0.554730
9 70 0 8 -0.554889
11 32 0 8 -0.555386
36 75 0 8 -0.555831
42 88 0 8 -0.556550
37 52 0 8 -0.556857
21 41 0 8 -0.557777
50 91 0 8 -0.558221
6 83 0 8 -0.558252
32 75 0 8 -0.558258
53 80 0 8 -0.558337
32 54 0 8 -0.558822
66 98 0 8 -0.558861
50 73 0 8 -0.558889
32 73 0 8 -0.559114
59 76 0 8 -0.560055
32 90 0 8 -0.560148
11 85 0 8 -0.560960
18 95 0 8 -0.561171
5 48 0 8 -0.561207
27 89 0 8 -0.561590
37 50 0 8 -0.562269
8 94 0 8 -0.562271
13 86 0 8 -0.562609
8 96 0 8 -0.562937
41 61 0 8 -0.564325
38 97 0 8 -0.564726
63 78 0 8 -0.566129
45 73 0 8 -0.566619
23 51 0 8 -0.566642
20 94 0 8 -0.567216
71 98 0 8 -0.567599
38 91 0 8 -0.567747
55 70 0 8 -0.568622
11 21 0 8 -0.568672
38 45 0 8 -0.569232
11 51 0 8 -0.569415
58 68 0 8 -0.569439
54 59 0 8 -0.570938
32 98 0 8 -0.572201
7 12 0 8 -0.573004
67 80 0 8 -0.573463
7 61 0 8 -0.574094
17 24 0 8 -0.574273
46 67 0 8 -0.575752
25 71 0 8 -0.575906
30 88 0 8 -0.576205
43 69 0 8 -0.576523
39 94 0 8 -0.577016
7 69 0 8 -0.577042
9 66 0 8 -0.577087
31 81 0 8 -0.577717
23 77 0 8 -0.578288
50 55 0 8 -0.578466
15 96 0 8 -0.578496
7 89 0 8 -0.578814
23 36 0 8 -0.579143
15 59 0 8 -0.579551
40 51 0 8 -0.579592
62 72 0 8 -0.580576
11 96 0 8 -0.581089
10 56 0 8 -0.581421
69 98 0 8 -0.582085
25 35 0 8 -0.582286
9 90 0 8 -0.582394
49 55 0 8 -0.582488
24 92 0 8 -0.582895
20 42 0 8 -0.583090
14 19 0 8 -0.583316
79 98 0 8 -0.583535
44 76 0 8 -0.583566
15 80 0 8 -0.583640
28 57 0 8 -0.584343
35 96 0 8 -0.584923
6 49 0 8 -0.585863
87 95 0 8 -0.586027
7 93 0 8 -0.586096
36 51 0 8 -0.586273
12 51 0 8 -0.586299
76 97 0 8 -0.588281
5 56 0 8 -0.589296
32 88 0 8 -0.589482
20 88 0 8 -0.589685
8 52 0 8 -0.590254
78 94 0 8 -0.590372
26 53 0 8 -0.590596
25 38 0 8 -0.591361
67 91 0 8 -0.592439
35 82 0 8 -0.592667
11 49 0 8 -0.592957
39 98 0 8 -0.593250
10 77 0 8 -0.594115
18 86 0 8 -0.595299
44 52 0 8 -0.595842
21 67 0 8 -0.596466
27 75 0 8 -0.596909
79 85 0 8 -0.597017
7 64 0 8 -0.597559
39 70 0 8 -0.597870
7 50 0 8 -0.598475
58 78 0 8 -0.599021
10 80 0 8 -0.599373
83 96 0 8 -0.599407
84 95 0 8 -0.599940
27 50 0 8 -0.599951
55 64 0 8 -0.600444
62 80 0 8 -0.601659
41 79 0 8 -0.601935
45 54 0 8 -0.602367
21 71 0 8 -0.602419
47 84 0 8 -0.603617
66 76 0 8 -0.603963
30 66 0 8 -0.604132
11 74 0 8 -0.604170
11 39 0 8 -0.604698
35 57 0 8 -0.605244
42 69 0 8 -0.605255
43 98 0 8 -0.605594
41 68 0 8 -0.606508
13 63 0 8 -0.606640
9 86 0 8 -0.606955
8 28 0 8 -0.606959
60 67 0 8 -0.606979
66 79 0 8 -0.607568
67 93 0 8 -0.608462
10 33 0 8 -0.609091
26 69 0 8 -0.609634
5 22 0 8 -0.609973
33 93 0 8 -0.610073
9 63 0 8 -0.610098
38 93 0 8 -0.610487
46 62 0 8 -0.610616
75 92 0 8 -0.610668
25 67 0 8 -0.610705
23 91 0 8 -0.611315
5 51 0 8 -0.611482
36 88 0 8 -0.612069
5 76 0 8 -0.612106
31 56 0 8 -0.612115
12 97 0 8 -0.612247
23 82 0 8 -0.612570
44 90 0 8 -0.613101
20 46 0 8 -0.613386
12 82 0 8 -0.613631
74 91 0 8 -0.614599
6 91 0 8 -0.615285
35 59 0 8 -0.615832
22 77 0 8 -0.616200
65 84 0 8 -0.616207
25 64 0 8 -0.616471
4 78 0 8 -0.616913
31 92 0 8 -0.617423
51 79 0 8 -0.617514
24 55 0 8 -0.617682
20 60 0 8 -0.618150
71 90 0 8 -0.618499
7 90 0 8 -0.618560
47 74 0 8 -0.619210
12 86 0 8 -0.619565
40 81 0 8 -0.620340
33 64 0 8 -0.620663
25 59 0 8 -0.621029
30 73 0 8 -0.621071
10 68 0 8 -0.622423
22 36 0 8 -0.622480
31 74 0 8 -0.622753
40 57 0 8 -0.623455
64 71 0 8 -0.623881
60 86 0 8 -0.624194
31 78 0 8 -0.624754
23 54 0 8 -0.624945
14 78 0 8 -0.625626
23 56 0 8 -0.626425
17 59 0 8 -0.626713
78 83 0 8 -0.627026
65 91 0 8 -0.627798
27 40 0 8 -0.627877
19 76 0 8 -0.628047
22 35 0 8 -0.628099
73 87 0 8 -0.628323
32 39 0 8 -0.628481
26 64 0 8 -0.628848
53 82 0 8 -0.629190
23 96 0 8 -0.629196
56 61 0 8 -0.629378
9 23 0 8 -0.629983
22 90 0 8 -0.630033
70 91 0 8 -0.631121
26 86 0 8 -0.631138
38 94 0 8 -0.631659
36 69 0 8 -0.631824
38 64 0 8 -0.631900
43 49 0 8 -0.633392
61 68 0 8 -0.633614
17 52 0 8 -0.634143
73 91 0 8 -0.634320
31 44 0 8 -0.634510
10 27 0 8 -0.635221
59 90 0 8 -0.635532
11 95 0 8 -0.635838
44 50 0 8 -0.636215
25 80 0 8 -0.636644
62 90 0 8 -0.636803
18 37 0 8 -0.636927
68 86 0 8 -0.636974
60 92 0 8 -0.637150
52 59 0 8 -0.637766
23 78 0 8 -0.638072
71 81 0 8 -0.638541
59 71 0 8 -0.639368
21 69 0 8 -0.639946
17 91 0 8 -0.640496
19 56 0 8 -0.641313
10 50 0 8 -0.641913
22 84 0 8 -0.642249
13 85 0 8 -0.642335
17 65 0 8 -0.643398
25 76 0 8 -0.643469
27 73 0 8 -0.643919
46 79 0 8 -0.645214
38 63 0 8 -0.645265
25 78 0 8 -0.647186
22 69 0 8 -0.647507
14 33 0 8 -0.647996
32 83 0 8 -0.648260
54 60 0 8 -0.649344
7 79 0 8 -0.649910
36 87 0 8 -0.650035
64 88 0 8 -0.650953
28 66 0 8 -0.651044
21 88 0 8 -0.651051
52 58 0 8 -0.651150
47 59 0 8 -0.651394
35 94 0 8 -0.652115
19 84 0 8 -0.652638
18 60 0 8 -0.652978
7 73 0 8 -0.653352
69 94 0 8 -0.653505
5 49 0 8 -0.653667
12 57 0 8 -0.653952
35 88 0 8 -0.654334
70 81 0 8 -0.654371
8 59 0 8 -0.654870
4 72 0 8 -0.655278
24 40 0 8 -0.655399
15 67 0 8 -0.655796
23 89 0 8 -0.655912
58 77 0 8 -0.657976
10 45 0 8 -0.658925
41 85 0 8 -0.660088
8 46 0 8 -0.662077
10 36 0 8 -0.662201
50 76 0 8 -0.663524
47 75 0 8 -0.663964
43 58 0 8 -0.664103
9 92 0 8 -0.664381
15 88 0 8 -0.664506
18 49 0 8 -0.664538
75 93 0 8 -0.666037
47 93 0 8 -0.667133
41 49 0 8 -0.667963
41 67 0 8 -0.668174
37 95 0 8 -0.668578
40 67 0 8 -0.668814
24 63 0 8 -0.670245
10 51 0 8 -0.670528
51 85 0 8 -0.670822
57 70 0 8 -0.671195
25 54 0 8 -0.671268
70 97 0 8 -0.671763
63 97 0 8 -0.671916
21 42 0 8 -0.672007
58 91 0 8 -0.672520
62 92 0 8 -0.673288
47 66 0 8 -0.673934
7 52 0 8 -0.674286
57 93 0 8 -0.674447
25 74 0 8 -0.675867
28 73 0 8 -0.676975
9 17 0 8 -0.677219
30 77 0 8 -0.677582
70 84 0 8 -0.677633
54 66 0 8 -0.678223
55 74 0 8 -0.678459
20 93 0 8 -0.678647
12 62 0 8 -0.678756
22 81 0 8 -0.678910
78 90 0 8 -0.679161
10 57 0 8 -0.680777
38 76 0 8 -0.680916
20 54 0 8 -0.681266
38 86 0 8 -0.681732
33 49 0 8 -0.682094
52 76 0 8 -0.682292
10 86 0 8 -0.683011
32 61 0 8 -0.683139
16 25 0 8 -0.683443
35 60 0 8 -0.683818
38 82 0 8 -0.684798
56 69 0 8 -0.686352
17 77 0 8 -0.687679
16 55 0 8 -0.688826
41 91 0 8 -0.688905
12 27 0 8 -0.689844
5 58 0 8 -0.689948
39 96 0 8 -0.689975
13 68 0 8 -0.690389
63 95 0 8 -0.690713
53 63 0 8 -0.690851
39 55 0 8 -0.690866
50 89 0 8 -0.691550
50 67 0 8 -0.692048
19 67 0 8 -0.692191
46 76 0 8 -0.693780
45 59 0 8 -0.693989
38 96 0 8 -0.694132
10 69 0 8 -0.694507
50 71 0 8 -0.695017
64 90 0 8 -0.695355
11 55 0 8 -0.695400
45 93 0 8 -0.696317
9 37 0 8 -0.696443
62 76 0 8 -0.697218
63 86 0 8 -0.697308
11 54 0 8 -0.698540
12 55 0 8 -0.699744
57 69 0 8 -0.699762
14 27 0 8 -0.700725
54 94 0 8 -0.701522
76 89 0 8 -0.702271
52 97 0 8 -0.702469
25 75 0 8 -0.705575
66 80 0 8 -0.706013
36 84 0 8 -0.706023
25 82 0 8 -0.706026
30 81 0 8 -0.706677
70 96 0 8 -0.706712
22 31 0 8 -0.706971
13 46 0 8 -0.707255
52 89 0 8 -0.707406
38 70 0 8 -0.708771
11 89 0 8 -0.711173
41 46 0 8 -0.711821
38 88 0 8 -0.712358
37 72 0 8 -0.712759
12 41 0 8 -0.713041
53 98 0 8 -0.714775
31 85 0 8 -0.715357
61 95 0 8 -0.715602
10 62 0 8 -0.716045
70 85 0 8 -0.717400
20 53 0 8 -0.718291
71 95 0 8 -0.719195
32 80 0 8 -0.719380
7 63 0 8 -0.719439
85 91 0 8 -0.719633
24 35 0 8 -0.719929
21 65 0 8 -0.720523
6 76 0 8 -0.721368
7 78 0 8 -0.721672
60 93 0 8 -0.722804
8 55 0 8 -0.723254
37 89 0 8 -0.723332
43 73 0 8 -0.724126
22 61 0 8 -0.724476
28 95 0 8 -0.724722
50 68 0 8 -0.725465
53 75 0 8 -0.725673
33 92 0 8 -0.725725
6 72 0 8 -0.726015
15 70 0 8 -0.726524
59 83 0 8 -0.727223
17 48 0 8 -0.727339
7 86 0 8 -0.728188
27 49 0 8 -0.728253
59 77 0 8 -0.728484
49 93 0 8 -0.728788
5 74 0 8 -0.729042
72 93 0 8 -0.729966
41 98 0 8 -0.730729
16 53 0 8 -0.730938
71 97 0 8 -0.731776
35 86 0 8 -0.732205
13 27 0 8 -0.732315
12 77 0 8 -0.733347
46 85 0 8 -0.733826
41 54 0 8 -0.735718
26 56 0 8 -0.737524
59 97 0 8 -0.737577
70 75 0 8 -0.737879
39 89 0 8 -0.738154
28 36 0 8 -0.739185
28 37 0 8 -0.739612
54 89 0 8 -0.739641
13 50 0 8 -0.740262
68 95 0 8 -0.740788
65 85 0 8 -0.740900
13 87 0 8 -0.741837
12 78 0 8 -0.744161
68 82 0 8 -0.744327
16 89 0 8 -0.744591
33 67 0 8 -0.744804
7 70 0 8 -0.744993
72 79 0 8 -0.745812
11 88 0 8 -0.745857
8 50 0 8 -0.746175
58 66 0 8 -0.746327
30 58 0 8 -0.747123
70 94 0 8 -0.747446
26 60 0 8 -0.747909
47 79 0 8 -0.748283
42 67 0 8 -0.748837
19 63 0 8 -0.748862
41 56 0 8 -0.750887
36 46 0 8 -0.751886
48 98 0 8 -0.753816
53 72 0 8 -0.753862
59 93 0 8 -0.755347
9 72 0 8 -0.755649
40 49 0 8 -0.756092
38 87 0 8 -0.756497
66 91 0 8 -0.757260
9 64 0 8 -0.757380
23 88 0 8 -0.758504
63 87 0 8 -0.758508
41 57 0 8 -0.758822
16 36 0 8 -0.758839
24 61 0 8 -0.758991
37 64 0 8 -0.759208
30 62 0 8 -0.759315
17 73 0 8 -0.760156
9 51 0 8 -0.760806
11 24 0 8 -0.761768
49 84 0 8 -0.762963
17 83 0 8 -0.763623
25 57 0 8 -0.765038
15 56 0 8 -0.765828
22 71 0 8 -0.766220
39 80 0 8 -0.766697
32 37 0 8 -0.766763
72 96 0 8 -0.767029
16 30 0 8 -0.767181
19 65 0 8 -0.767290
15 46 0 8 -0.767638
17 68 0 8 -0.767760
30 47 0 8 -0.768687
9 75 0 8 -0.768881
7 20 0 8 -0.768918
8 74 0 8 -0.768969
17 88 0 8 -0.768989
35 73 0 8 -0.769024
9 82 0 8 -0.769266
38 50 0 8 -0.769315
69 86 0 8 -0.769855
73 88 0 8 -0.770382
77 89 0 8 -0.770899
11 83 0 8 -0.771047
24 32 0 8 -0.771184
56 82 0 8 -0.771305
53 68 0 8 -0.771388
33 82 0 8 -0.772359
40 83 0 8 -0.772543
48 69 0 8 -0.773230
14 64 0 8 -0.773616
51 70 0 8 -0.774224
51 72 0 8 -0.775019
49 72 0 8 -0.775605
54 72 0 8 -0.778561
60 90 0 8 -0.778864
63 73 0 8 -0.779040
11 23 0 8 -0.779300
77 98 0 8 -0.779357
56 68 0 8 -0.781298
33 48 0 8 -0.781901
36 45 0 8 -0.782422
9 77 0 8 -0.782689
11 81 0 8 -0.782842
19 38 0 8 -0.783359
39 87 0 8 -0.783484
16 65 0 8 -0.783513
9 54 0 8 -0.783833
48 96 0 8 -0.785148
17 28 0 8 -0.785322
44 98 0 8 -0.785577
27 90 0 8 -0.786570
35 83 0 8 -0.787032
27 66 0 8 -0.787111
27 82 0 8 -0.789060
60 89 0 8 -0.789518
52 98 0 8 -0.791158
41 72 0 8 -0.792214
16 76 0 8 -0.792280
10 17 0 8 -0.792412
33 39 0 8 -0.792858
75 90 0 8 -0.793635
33 88 0 8 -0.794772
35 97 0 8 -0.795319
15 98 0 8 -0.796169
31 69 0 8 -0.796501
17 75 0 8 -0.796516
28 86 0 8 -0.796591
31 43 0 8 -0.796607
12 79 0 8 -0.796726
57 80 0 8 -0.796843
53 81 0 8 -0.797168
58 89 0 8 -0.798368
10 83 0 8 -0.798594
37 94 0 8 -0.800010
57 72 0 8 -0.801396
14 91 0 8 -0.801665
30 50 0 8 -0.802420
7 53 0 8 -0.803674
26 57 0 8 -0.803925
17 58 0 8 -0.804589
32 41 0 8 -0.805811
23 39 0 8 -0.806363
10 79 0 8 -0.807219
55 81 0 8 -0.809363
59 98 0 8 -0.810113
35 84 0 8 -0.810462
38 98 0 8 -0.810731
42 51 0 8 -0.811199
9 78 0 8 -0.811793
46 90 0 8 -0.812048
23 90 0 8 -0.812094
50 98 0 8 -0.812398
55 66 0 8 -0.813593
30 72 0 8 -0.815229
68 75 0 8 -0.815288
32 86 0 8 -0.815928
25 61 0 8 -0.816334
55 75 0 8 -0.816559
39 85 0 8 -0.817825
38 66 0 8 -0.820694
26 72 0 8 -0.820825
28 78 0 8 -0.821252
14 71 0 8 -0.822032
64 96 0 8 -0.822041
31 77 0 8 -0.822598
27 78 0 8 -0.822683
28 90 0 8 -0.824902
13 70 0 8 -0.825812
33 66 0 8 -0.828165
64 82 0 8 -0.831178
5 90 0 8 -0.831538
65 97 0 8 -0.832266
43 55 0 8 -0.832737
50 77 0 8 -0.833526
70 98 0 8 -0.834359
40 71 0 8 -0.834414
38 49 0 8 -0.837500
37 93 0 8 -0.837599
66 90 0 8 -0.837887
69 88 0 8 -0.837933
55 63 0 8 -0.838076
21 56 0 8 -0.838951
73 85 0 8 -0.839304
30 35 0 8 -0.839326
59 91 0 8 -0.839771
55 61 0 8 -0.840439
5 78 0 8 -0.840709
9 50 0 8 -0.841482
24 56 0 8 -0.842226
7 47 0 8 -0.842227
38 56 0 8 -0.844310
32 47 0 8 -0.846347
36 89 0 8 -0.846493
8 98 0 8 -0.846660
10 46 0 8 -0.846850
48 62 0 8 -0.848563
72 88 0 8 -0.849730
44 83 0 8 -0.851431
51 88 0 8 -0.852488
78 91 0 8 -0.853959
27 43 0 8 -0.854537
17 67 0 8 -0.855384
77 82 0 8 -0.855478
20 44 0 8 -0.856341
11 25 0 8 -0.857041
24 39 0 8 -0.857816
8 87 0 8 -0.858386
19 47 0 8 -0.859985
58 71 0 8 -0.860691
18 66 0 8 -0.861076
21 77 0 8 -0.861410
61 91 0 8 -0.861694
17 66 0 8 -0.861845
57 98 0 8 -0.861864
16 54 0 8 -0.863684
27 68 0 8 -0.863743
24 36 0 8 -0.863970
13 51 0 8 -0.864609
53 78 0 8 -0.865867
8 80 0 8 -0.867011
39 95 0 8 -0.867548
44 75 0 8 -0.867805
59 69 0 8 -0.867825
59 75 0 8 -0.867837
55 82 0 8 -0.867866
39 72 0 8 -0.868391
61 89 0 8 -0.868561
58 70 0 8 -0.868723
10 71 0 8 -0.871819
22 58 0 8 -0.872051
14 74 0 8 -0.872105
46 92 0 8 -0.872286
11 28 0 8 -0.872887
64 69 0 8 -0.873851
18 79 0 8 -0.875630
8 53 0 8 -0.877529
7 91 0 8 -0.879661
36 59 0 8 -0.880073
48 80 0 8 -0.882894
20 75 0 8 -0.883168
47 62 0 8 -0.883241
36 92 0 8 -0.883271
15 83 0 8 -0.884975
41 88 0 8 -0.887143
7 83 0 8 -0.888232
26 88 0 8 -0.888874
9 33 0 8 -0.889959
38 85 0 8 -0.890728
24 59 0 8 -0.891738
8 47 0 8 -0.893467
14 76 0 8 -0.893679
6 33 0 8 -0.893867
37 84 0 8 -0.894618
18 64 0 8 -0.894682
42 91 0 8 -0.895697
50 93 0 8 -0.896953
70 87 0 8 -0.897591
49 77 0 8 -0.897793
39 76 0 8 -0.901646
38 58 0 8 -0.902649
18 82 0 8 -0.903867
38 69 0 8 -0.905747
49 85 0 8 -0.906348
33 73 0 8 -0.907269
22 37 0 8 -0.907272
23 32 0 8 -0.907689
12 91 0 8 -0.907975
8 58 0 8 -0.908364
32 91 0 8 -0.909426
51 69 0 8 -0.911681
13 80 0 8 -0.912053
26 35 0 8 -0.912056
7 42 0 8 -0.912885
41 75 0 8 -0.913546
53 61 0 8 -0.913988
36 98 0 8 -0.914038
44 60 0 8 -0.914704
7 30 0 8 -0.915477
16 82 0 8 -0.916695
54 68 0 8 -0.919009
51 83 0 8 -0.919596
26 42 0 8 -0.919748
30 54 0 8 -0.920153
33 50 0 8 -0.920947
44 97 0 8 -0.922095
20 43 0 8 -0.922209
23 86 0 8 -0.922562
53 88 0 8 -0.922841
19 90 0 8 -0.923764
8 43 0 8 -0.924845
24 65 0 8 -0.925077
16 86 0 8 -0.925160
23 58 0 8 -0.925897
13 73 0 8 -0.926163
32 51 0 8 -0.926858
25 44 0 8 -0.927049
60 79 0 8 -0.928153
30 56 0 8 -0.929051
13 84 0 8 -0.929308
64 79 0 8 -0.930691
14 48 0 8 -0.930954
13 91 0 8 -0.931038
61 86 0 8 -0.933352
9 19 0 8 -0.933651
55 62 0 8 -0.933677
75 86 0 8 -0.933955
24 64 0 8 -0.934278
31 68 0 8 -0.934777
25 68 0 8 -0.935979
8 14 0 8 -0.936380
33 57 0 8 -0.936465
13 81 0 8 -0.937386
23 73 0 8 -0.940395
40 72 0 8 -0.940774
28 55 0 8 -0.941407
24 93 0 8 -0.943348
54 65 0 8 -0.943709
12 80 0 8 -0.945300
24 70 0 8 -0.946393
28 75 0 8 -0.948377
12 58 0 8 -0.948461
30 84 0 8 -0.950328
12 84 0 8 -0.951150
14 23 0 8 -0.951504
45 57 0 8 -0.953344
27 88 0 8 -0.956166
9 69 0 8 -0.956933
41 55 0 8 -0.957592
37 92 0 8 -0.958562
30 52 0 8 -0.958988
9 71 0 8 -0.960092
39 49 0 8 -0.960865
47 83 0 8 -0.961887
74 88 0 8 -0.962659
41 83 0 8 -0.963341
20 70 0 8 -0.963964
39 79 0 8 -0.964717
38 72 0 8 -0.964950
49 80 0 8 -0.965567
66 78 0 8 -0.965667
13 53 0 8 -0.967299
43 75 0 8 -0.967560
47 63 0 8 -0.968485
35 93 0 8 -0.968650
30 90 0 8 -0.970134
77 83 0 8 -0.975082
24 90 0 8 -0.975766
81 89 0 8 -0.976671
35 81 0 8 -0.977090
31 86 0 8 -0.978191
48 60 0 8 -0.978667
47 58 0 8 -0.979578
38 59 0 8 -0.980308
12 75 0 8 -0.981975
11 91 0 8 -0.985674
51 89 0 8 -0.986441
32 87 0 8 -0.988716
15 79 0 8 -0.990086
57 71 0 8 -0.990586
33 85 0 8 -0.991659
30 69 0 8 -0.991922
5 64 0 8 -0.994066
70 95 0 8 -0.994568
27 38 0 8 -0.996161
62 83 0 8 -0.996935
35 87 0 8 -0.999229
8 89 0 8 -0.999319
17 57 0 8 -1.000637
17 50 0 8 -1.001538
15 90 0 8 -1.003058
74 85 0 8 -1.003084
42 98 0 8 -1.003929
11 69 0 8 -1.004981
55 68 0 8 -1.005004
13 71 0 8 -1.005827
9 58 0 8 -1.009011
27 33 0 8 -1.009678
40 63 0 8 -1.011059
15 76 0 8 -1.011966
66 82 0 8 -1.012060
19 82 0 8 -1.013191
7 84 0 8 -1.014185
24 46 0 8 -1.015415
74 83 0 8 -1.015453
67 77 0 8 -1.015562
36 68 0 8 -1.015745
51 90 0 8 -1.017516
45 83 0 8 -1.019753
9 52 0 8 -1.022255
45 86 0 8 -1.022729
19 45 0 8 -1.022760
44 89 0 8 -1.023169
24 69 0 8 -1.023899
42 66 0 8 -1.024022
65 92 0 8 -1.025116
31 88 0 8 -1.026813
7 74 0 8 -1.027782
28 39 0 8 -1.028819
35 67 0 8 -1.030613
54 61 0 8 -1.030658
19 37 0 8 -1.032407
61 76 0 8 -1.032826
8 63 0 8 -1.033826
42 72 0 8 -1.033829
61 92 0 8 -1.034105
50 82 0 8 -1.034536
73 84 0 8 -1.034959
17 81 0 8 -1.036201
43 59 0 8 -1.036607
16 52 0 8 -1.036896
43 57 0 8 -1.036927
13 55 0 8 -1.038525
32 44 0 8 -1.038644
41 86 0 8 -1.039505
28 67 0 8 -1.039550
67 74 0 8 -1.042433
38 51 0 8 -1.042490
18 88 0 8 -1.042571
47 70 0 8 -1.044338
42 75 0 8 -1.044793
47 78 0 8 -1.044888
48 75 0 8 -1.045272
39 68 0 8 -1.046658
38 52 0 8 -1.046663
25 56 0 8 -1.047358
48 71 0 8 -1.047546
16 44 0 8 -1.048643
19 87 0 8 -1.048777
10 88 0 8 -1.048881
55 84 0 8 -1.049436
46 64 0 8 -1.051062
16 24 0 8 -1.051076
35 47 0 8 -1.053640
60 68 0 8 -1.053858
56 74 0 8 -1.054111
16 91 0 8 -1.057651
13 49 0 8 -1.057879
33 70 0 8 -1.060643
38 74 0 8 -1.062655
20 57 0 8 -1.063205
56 86 0 8 -1.063640
52 68 0 8 -1.063965
46 60 0 8 -1.066687
18 30 0 8 -1.066889
33 65 0 8 -1.067212
28 79 0 8 -1.067943
13 41 0 8 -1.069833
41 52 0 8 -1.071768
53 70 0 8 -1.076918
23 37 0 8 -1.078544
39 71 0 8 -1.083364
16 60 0 8 -1.085432
15 49 0 8 -1.087212
48 64 0 8 -1.087275
27 91 0 8 -1.087697
36 70 0 8 -1.088251
55 85 0 8 -1.090252
24 57 0 8 -1.090323
51 66 0 8 -1.095371
52 57 0 8 -1.097057
56 62 0 8 -1.098877
42 47 0 8 -1.099544
33 91 0 8 -1.100843
56 96 0 8 -1.104839
27 54 0 8 -1.105826
33 89 0 8 -1.105904
30 91 0 8 -1.107356
30 61 0 8 -1.107499
11 90 0 8 -1.108163
19 88 0 8 -1.108419
36 61 0 8 -1.109864
42 56 0 8 -1.111086
53 58 0 8 -1.111173
11 86 0 8 -1.112411
12 89 0 8 -1.112803
39 92 0 8 -1.113528
63 71 0 8 -1.114236
11 92 0 8 -1.114291
74 92 0 8 -1.114548
70 80 0 8 -1.115035
10 22 0 8 -1.115596
35 64 0 8 -1.116432
15 47 0 8 -1.116951
31 65 0 8 -1.119499
46 61 0 8 -1.120548
33 90 0 8 -1.124068
65 89 0 8 -1.124475
11 66 0 8 -1.130349
35 49 0 8 -1.131154
43 71 0 8 -1.133516
11 60 0 8 -1.133543
13 90 0 8 -1.135704
28 87 0 8 -1.135737
18 54 0 8 -1.136641
65 79 0 8 -1.138949
14 70 0 8 -1.140292
30 71 0 8 -1.141112
13 82 0 8 -1.148048
36 66 0 8 -1.149498
12 64 0 8 -1.150434
31 42 0 8 -1.151094
11 82 0 8 -1.153101
42 71 0 8 -1.154776
28 69 0 8 -1.156722
54 76 0 8 -1.157684
57 78 0 8 -1.158156
35 79 0 8 -1.158454
45 75 0 8 -1.159243
60 81 0 8 -1.160066
41 78 0 8 -1.160828
28 88 0 8 -1.160922
9 61 0 8 -1.161167
10 70 0 8 -1.163145
36 78 0 8 -1.164023
39 67 0 8 -1.164144
23 28 0 8 -1.164779
53 67 0 8 -1.166324
45 87 0 8 -1.168962
51 76 0 8 -1.173035
8 20 0 8 -1.175422
78 88 0 8 -1.176296
22 80 0 8 -1.178991
52 65 0 8 -1.180889
19 89 0 8 -1.182324
30 92 0 8 -1.187994
22 42 0 8 -1.188188
74 81 0 8 -1.189381
20 28 0 8 -1.189445
23 52 0 8 -1.189916
8 78 0 8 -1.190421
8 61 0 8 -1.191629
9 73 0 8 -1.194799
64 91 0 8 -1.195946
36 91 0 8 -1.203416
7 65 0 8 -1.205015
18 69 0 8 -1.205885
28 35 0 8 -1.206195
37 87 0 8 -1.207677
52 90 0 8 -1.208792
46 73 0 8 -1.209252
41 84 0 8 -1.209329
36 76 0 8 -1.209386
51 68 0 8 -1.210846
16 57 0 8 -1.212763
10 65 0 8 -1.214278
53 66 0 8 -1.214572
44 79 0 8 -1.216368
20 73 0 8 -1.217339
39 91 0 8 -1.218107
36 63 0 8 -1.218141
15 55 0 8 -1.219352
28 42 0 8 -1.222856
23 65 0 8 -1.225117
18 67 0 8 -1.225165
49 63 0 8 -1.228460
62 73 0 8 -1.228736
57 81 0 8 -1.228926
57 87 0 8 -1.233968
36 52 0 8 -1.236715
54 81 0 8 -1.236751
38 89 0 8 -1.237187
8 44 0 8 -1.238377
57 76 0 8 -1.238512
44 66 0 8 -1.240038
15 36 0 8 -1.240693
12 50 0 8 -1.241758
42 49 0 8 -1.243510
59 67 0 8 -1.243810
11 46 0 8 -1.245098
47 64 0 8 -1.247633
47 65 0 8 -1.247924
36 54 0 8 -1.247939
24 37 0 8 -1.248109
7 56 0 8 -1.248133
20 90 0 8 -1.248554
58 63 0 8 -1.250764
33 78 0 8 -1.251123
20 63 0 8 -1.251738
43 82 0 8 -1.253017
71 87 0 8 -1.254482
56 98 0 8 -1.257919
51 73 0 8 -1.265262
16 77 0 8 -1.265411
53 65 0 8 -1.265425
5 42 0 8 -1.265769
42 77 0 8 -1.267399
22 68 0 8 -1.267452
12 90 0 8 -1.270499
47 61 0 8 -1.272348
28 83 0 8 -1.273322
8 45 0 8 -1.275279
12 52 0 8 -1.277192
76 91 0 8 -1.279532
39 47 0 8 -1.280162
62 88 0 8 -1.282515
22 46 0 8 -1.286109
23 66 0 8 -1.286857
52 91 0 8 -1.287237
15 63 0 8 -1.290797
41 48 0 8 -1.293677
13 56 0 8 -1.298559
9 16 0 8 -1.300553
48 67 0 8 -1.304733
44 73 0 8 -1.307180
51 82 0 8 -1.307532
41 82 0 8 -1.308803
13 52 0 8 -1.318062
38 46 0 8 -1.321318
36 62 0 8 -1.322024
48 84 0 8 -1.322298
51 64 0 8 -1.326012
72 89 0 8 -1.332452
20 48 0 8 -1.333123
15 69 0 8 -1.333283
66 88 0 8 -1.335565
9 79 0 8 -1.335812
55 83 0 8 -1.339732
49 65 0 8 -1.342532
9 38 0 8 -1.344725
30 55 0 8 -1.344896
11 50 0 8 -1.348843
15 54 0 8 -1.351981
16 66 0 8 -1.352740
15 89 0 8 -1.356164
48 90 0 8 -1.359838
66 86 0 8 -1.360430
7 54 0 8 -1.360475
24 87 0 8 -1.361213
30 82 0 8 -1.363588
14 67 0 8 -1.363647
7 49 0 8 -1.364679
55 71 0 8 -1.365993
56 72 0 8 -1.371195
49 59 0 8 -1.372428
27 56 0 8 -1.377426
9 39 0 8 -1.384248
11 59 0 8 -1.389434
64 76 0 8 -1.389975
44 58 0 8 -1.402833
70 92 0 8 -1.403047
36 85 0 8 -1.404945
11 65 0 8 -1.405058
32 70 0 8 -1.408027
35 63 0 8 -1.410633
30 86 0 8 -1.414926
39 69 0 8 -1.419828
44 81 0 8 -1.421366
49 88 0 8 -1.426126
19 71 0 8 -1.429672
20 83 0 8 -1.436459
57 66 0 8 -1.437230
16 48 0 8 -1.447858
30 51 0 8 -1.448116
13 76 0 8 -1.450262
10 47 0 8 -1.451130
49 64 0 8 -1.452402
8 84 0 8 -1.456496
36 65 0 8 -1.457711
51 57 0 8 -1.459356
35 72 0 8 -1.464309
9 62 0 8 -1.467459
37 49 0 8 -1.473088
49 73 0 8 -1.488965
37 88 0 8 -1.491875
37 86 0 8 -1.496293
48 61 0 8 -1.499806
16 88 0 8 -1.527718
23 57 0 8 -1.529753
8 71 0 8 -1.533837
37 45 0 8 -1.534077
22 44 0 8 -1.534175
30 45 0 8 -1.539373
19 42 0 8 -1.539391
36 71 0 8 -1.545828
30 78 0 8 -1.545967
18 47 0 8 -1.564885
8 82 0 8 -1.579591
27 36 0 8 -1.584509
22 67 0 8 -1.589072
77 91 0 8 -1.594329
16 83 0 8 -1.619833
37 63 0 8 -1.626157
57 77 0 8 -1.627292
47 68 0 8 -1.631893
28 82 0 8 -1.632586
56 64 0 8 -1.633074
30 39 0 8 -1.645285
28 44 0 8 -1.646361
53 86 0 8 -1.646787
35 61 0 8 -1.648654
33 44 0 8 -1.648689
43 68 0 8 -1.648898
43 83 0 8 -1.656074
23 59 0 8 -1.667628
46 84 0 8 -1.668010
44 88 0 8 -1.668811
42 89 0 8 -1.673797
43 66 0 8 -1.678423
35 65 0 8 -1.683500
13 67 0 8 -1.687078
46 71 0 8 -1.692151
11 56 0 8 -1.694423
54 64 0 8 -1.712080
36 48 0 8 -1.719388
22 88 0 8 -1.725573
42 80 0 8 -1.740549
8 67 0 8 -1.765155
11 67 0 8 -1.776688
16 69 0 8 -1.803199
49 57 0 8 -1.811027
44 77 0 8 -1.821447
12 69 0 8 -1.829690
30 65 0 8 -1.851447
35 48 0 8 -1.884143
49 67 0 8 -1.888857
33 54 0 8 -1.914341
56 63 0 8 -1.914617
23 44 0 8 -1.965273
9 67 0 8 -2.006398
56 75 0 8 -2.015017
42 48 0 8 -2.016955
38 83 0 8 -2.031101
56 85 0 8 -2.032264
16 56 0 8 -2.090997
9 88 0 8 -2.170239
35 69 0 8 -2.171283
13 66 0 8 -2.182333
43 56 0 8 -2.240727
38 77 0 8 -2.270051
42 70 0 8 -2.326159
9 83 0 8 -2.480471
56 80 0 8 -2.491812
