4 59 0 8 11.755765
64 73 0 8 11.565239
30 68 0 8 10.970810
21 76 0 8 10.171753
29 68 0 8 9.847404
36 58 0 8 9.523777
54 60 0 8 8.605924
35 40 0 8 8.189913
11 17 0 8 7.870434
33 40 0 8 7.642699
28 72 0 8 7.104494
29 67 0 8 6.932419
28 75 0 8 6.837666
22 46 0 8 6.590817
35 63 0 8 6.532158
30 64 0 8 6.497102
24 75 0 8 6.271012
5 77 0 8 6.079039
35 61 0 8 5.958519
2 63 0 8 5.891721
2 61 0 8 5.537817
13 21 0 8 5.469989
64 69 0 8 5.372349
42 47 0 8 5.247378
21 34 0 8 4.959049
4 61 0 8 4.862285
3 77 0 8 4.808050
30 44 0 8 4.746671
31 65 0 8 4.710760
25 72 0 8 4.707479
10 56 0 8 4.701176
41 52 0 8 4.537710
15 53 0 8 4.487543
34 49 0 8 4.375845
40 63 0 8 4.256833
21 43 0 8 4.167714
33 63 0 8 4.120380
31 42 0 8 3.987491
17 53 0 8 3.922181
25 32 0 8 3.878530
11 53 0 8 3.861038
5 13 0 8 3.784829
44 69 0 8 3.749250
17 51 0 8 3.726918
32 72 0 8 3.650098
25 76 0 8 3.647088
30 69 0 8 3.634291
15 52 0 8 3.623023
32 64 0 8 3.587071
51 85 0 8 3.550087
22 52 0 8 3.527435
26 46 0 8 3.516091
18 48 0 8 3.512457
35 41 0 8 3.473737
3 74 0 8 3.425468
28 44 0 8 3.404527
21 80 0 8 3.397156
22 48 0 8 3.365595
26 47 0 8 3.357315
7 17 0 8 3.292178
53 58 0 8 3.274348
62 76 0 8 3.263665
25 44 0 8 3.251508
6 59 0 8 3.247684
41 48 0 8 3.237211
22 49 0 8 3.213800
10 51 0 8 3.168823
36 54 0 8 3.164479
9 85 0 8 3.097642
24 79 0 8 3.096702
21 62 0 8 3.023707
8 69 0 8 2.987579
14 49 0 8 2.986645
41 47 0 8 2.902209
9 87 0 8 2.896975
8 17 0 8 2.870797
11 20 0 8 2.850742
5 62 0 8 2.795529
52 64 0 8 2.776677
79 85 0 8 2.750238
8 84 0 8 2.741485
30 65 0 8 2.740094
9 86 0 8 2.709733
3 45 0 8 2.688588
25 50 0 8 2.674416
48 55 0 8 2.654027
12 18 0 8 2.638715
3 9 0 8 2.630870
9 56 0 8 2.606183
15 76 0 8 2.603367
20 79 0 8 2.601010
11 50 0 8 2.593226
32 67 0 8 2.566983
80 85 0 8 2.547526
21 49 0 8 2.529262
7 54 0 8 2.523105
37 58 0 8 2.522350
4 35 0 8 2.491314
19 48 0 8 2.462862
23 33 0 8 2.462575
30 66 0 8 2.436372
5 84 0 8 2.416950
42 48 0 8 2.405940
5 21 0 8 2.351009
25 64 0 8 2.341782
26 55 0 8 2.339163
44 68 0 8 2.334677
5 19 0 8 2.311770
5 45 0 8 2.304210
28 38 0 8 2.280312
17 84 0 8 2.280261
26 45 0 8 2.222795
11 54 0 8 2.172037
19 50 0 8 2.158671
31 82 0 8 2.115874
25 52 0 8 2.112337
8 32 0 8 2.104474
27 70 0 8 2.102887
74 82 0 8 2.100582
73 80 0 8 2.075473
26 48 0 8 2.057391
32 43 0 8 2.048426
50 60 0 8 2.044508
23 43 0 8 2.044177
66 72 0 8 2.008538
46 53 0 8 2.000673
13 54 0 8 1.986835
29 44 0 8 1.980114
22 60 0 8 1.976184
3 41 0 8 1.975703
22 56 0 8 1.967024
41 51 0 8 1.961484
8 81 0 8 1.938369
15 46 0 8 1.910780
47 69 0 8 1.882276
11 19 0 8 1.875542
41 53 0 8 1.870362
23 50 0 8 1.852531
11 51 0 8 1.848290
15 64 0 8 1.818389
28 68 0 8 1.812410
34 54 0 8 1.770373
43 49 0 8 1.769077
31 44 0 8 1.767850
13 50 0 8 1.764643
9 79 0 8 1.760536
23 55 0 8 1.742393
10 26 0 8 1.741266
11 60 0 8 1.734539
46 54 0 8 1.733507
24 51 0 8 1.721069
25 62 0 8 1.718804
47 76 0 8 1.717381
22 42 0 8 1.713176
45 69 0 8 1.710967
19 45 0 8 1.704798
43 85 0 8 1.702524
43 58 0 8 1.700933
15 25 0 8 1.699723
9 40 0 8 1.687342
24 39 0 8 1.674132
11 62 0 8 1.673448
13 19 0 8 1.665641
36 41 0 8 1.664609
29 75 0 8 1.660909
20 53 0 8 1.660903
39 54 0 8 1.658274
21 45 0 8 1.656210
59 75 0 8 1.652839
62 77 0 8 1.639033
18 47 0 8 1.634779
22 36 0 8 1.622992
15 22 0 8 1.617984
41 49 0 8 1.616993
5 10 0 8 1.608743
33 42 0 8 1.603653
62 81 0 8 1.596724
11 76 0 8 1.595123
40 61 0 8 1.591691
9 43 0 8 1.591408
39 63 0 8 1.585050
18 49 0 8 1.574157
34 61 0 8 1.571648
43 79 0 8 1.563837
77 84 0 8 1.558874
28 66 0 8 1.558053
18 45 0 8 1.556894
10 46 0 8 1.551830
53 79 0 8 1.550474
7 61 0 8 1.545980
27 49 0 8 1.543689
55 60 0 8 1.530753
14 33 0 8 1.526548
34 81 0 8 1.525319
26 49 0 8 1.523664
21 39 0 8 1.518569
10 74 0 8 1.516942
8 58 0 8 1.515378
34 43 0 8 1.513540
5 43 0 8 1.513080
70 77 0 8 1.506906
9 21 0 8 1.506248
20 54 0 8 1.503022
7 80 0 8 1.497789
19 52 0 8 1.491365
46 55 0 8 1.482627
5 73 0 8 1.480757
4 55 0 8 1.479470
13 74 0 8 1.469264
38 51 0 8 1.452589
9 14 0 8 1.448783
18 33 0 8 1.443324
13 57 0 8 1.439039
27 39 0 8 1.437423
36 43 0 8 1.434775
15 47 0 8 1.431568
7 51 0 8 1.413764
32 57 0 8 1.411202
22 50 0 8 1.393560
27 32 0 8 1.380197
64 72 0 8 1.376838
5 58 0 8 1.368253
51 79 0 8 1.366707
8 77 0 8 1.364827
7 36 0 8 1.356426
49 77 0 8 1.354026
7 47 0 8 1.348938
77 82 0 8 1.341038
3 46 0 8 1.338001
18 26 0 8 1.323571
10 78 0 8 1.315713
11 42 0 8 1.314697
46 62 0 8 1.313018
8 82 0 8 1.312446
4 68 0 8 1.300410
24 32 0 8 1.299355
31 54 0 8 1.296889
79 87 0 8 1.295020
19 86 0 8 1.289054
26 83 0 8 1.287421
22 53 0 8 1.278860
24 78 0 8 1.276469
26 42 0 8 1.274311
69 77 0 8 1.270361
20 31 0 8 1.269469
29 62 0 8 1.263710
55 61 0 8 1.263136
25 47 0 8 1.262237
31 40 0 8 1.260690
9 50 0 8 1.256918
59 78 0 8 1.253724
57 79 0 8 1.244519
6 38 0 8 1.236637
43 73 0 8 1.232433
13 25 0 8 1.229553
62 73 0 8 1.227731
10 82 0 8 1.227160
17 56 0 8 1.226587
29 70 0 8 1.226069
22 64 0 8 1.223274
25 61 0 8 1.212397
30 73 0 8 1.210986
3 73 0 8 1.196488
40 69 0 8 1.195206
23 48 0 8 1.191672
35 42 0 8 1.190918
7 59 0 8 1.188931
32 68 0 8 1.187712
38 61 0 8 1.185129
55 70 0 8 1.183517
11 40 0 8 1.183361
26 50 0 8 1.179282
11 86 0 8 1.175671
22 34 0 8 1.171391
27 51 0 8 1.169248
79 84 0 8 1.166028
1 69 0 8 1.164727
39 48 0 8 1.163976
44 62 0 8 1.163771
52 60 0 8 1.159916
26 63 0 8 1.159724
10 80 0 8 1.158479
53 60 0 8 1.158196
9 31 0 8 1.149669
50 57 0 8 1.148315
19 39 0 8 1.144037
19 55 0 8 1.139052
40 48 0 8 1.129088
32 44 0 8 1.126869
8 44 0 8 1.124189
7 78 0 8 1.120191
11 49 0 8 1.119989
10 34 0 8 1.110679
4 69 0 8 1.110243
11 18 0 8 1.109469
13 45 0 8 1.108146
19 28 0 8 1.104306
28 65 0 8 1.103887
11 85 0 8 1.103231
7 32 0 8 1.102900
43 76 0 8 1.097203
50 83 0 8 1.095829
9 24 0 8 1.094441
8 34 0 8 1.093260
37 43 0 8 1.092952
56 85 0 8 1.090528
32 65 0 8 1.088292
78 83 0 8 1.081462
59 70 0 8 1.079551
72 79 0 8 1.072713
49 73 0 8 1.071814
22 44 0 8 1.068986
15 20 0 8 1.065063
61 70 0 8 1.062319
70 82 0 8 1.061133
6 32 0 8 1.054013
12 54 0 8 1.049896
24 72 0 8 1.040614
31 73 0 8 1.039006
42 67 0 8 1.037326
27 62 0 8 1.036080
67 81 0 8 1.025118
24 73 0 8 1.024245
59 67 0 8 1.023992
37 65 0 8 1.018383
13 26 0 8 1.013088
10 84 0 8 1.013052
20 55 0 8 1.012330
63 69 0 8 1.012056
20 52 0 8 1.010379
10 44 0 8 1.005415
8 56 0 8 1.004534
32 62 0 8 1.003576
26 38 0 8 1.002726
20 27 0 8 0.996880
49 65 0 8 0.993928
39 66 0 8 0.988179
61 78 0 8 0.980109
3 69 0 8 0.979470
19 47 0 8 0.978229
9 45 0 8 0.975850
10 32 0 8 0.975844
47 55 0 8 0.974990
44 53 0 8 0.972695
19 63 0 8 0.968555
49 55 0 8 0.965944
25 55 0 8 0.965213
26 59 0 8 0.964007
22 54 0 8 0.963477
55 75 0 8 0.962212
69 79 0 8 0.961410
23 61 0 8 0.959354
20 30 0 8 0.958025
6 22 0 8 0.956527
37 63 0 8 0.955662
2 49 0 8 0.953352
67 80 0 8 0.952707
14 79 0 8 0.951909
17 44 0 8 0.948742
48 63 0 8 0.944679
23 65 0 8 0.940230
70 78 0 8 0.933088
3 52 0 8 0.931752
21 36 0 8 0.931704
38 71 0 8 0.931651
26 51 0 8 0.926637
49 59 0 8 0.924048
21 26 0 8 0.921383
29 65 0 8 0.919632
26 39 0 8 0.919459
22 69 0 8 0.919412
24 71 0 8 0.919360
71 80 0 8 0.918550
18 51 0 8 0.907469
65 74 0 8 0.905096
69 76 0 8 0.904713
70 86 0 8 0.904276
74 81 0 8 0.897293
50 73 0 8 0.889212
10 66 0 8 0.888039
15 70 0 8 0.886646
14 27 0 8 0.886289
11 21 0 8 0.884282
22 58 0 8 0.880235
23 80 0 8 0.879730
52 75 0 8 0.878270
32 78 0 8 0.877580
60 80 0 8 0.874454
19 53 0 8 0.870446
8 86 0 8 0.863091
11 46 0 8 0.862547
47 60 0 8 0.858217
1 54 0 8 0.858071
6 56 0 8 0.855363
6 58 0 8 0.853237
10 31 0 8 0.851406
3 24 0 8 0.848460
39 56 0 8 0.845604
31 61 0 8 0.843934
1 11 0 8 0.843630
24 53 0 8 0.842876
10 53 0 8 0.837577
11 56 0 8 0.837202
9 80 0 8 0.835065
4 31 0 8 0.831944
29 64 0 8 0.829859
54 86 0 8 0.826169
65 70 0 8 0.821472
27 72 0 8 0.821047
43 62 0 8 0.809824
26 52 0 8 0.809633
43 60 0 8 0.807015
29 46 0 8 0.806220
51 63 0 8 0.802302
28 61 0 8 0.801566
27 65 0 8 0.800385
40 71 0 8 0.798115
26 68 0 8 0.797916
46 59 0 8 0.794668
30 49 0 8 0.794426
8 29 0 8 0.793072
61 74 0 8 0.792816
81 87 0 8 0.791710
81 86 0 8 0.791466
46 51 0 8 0.790520
49 70 0 8 0.790438
49 81 0 8 0.789990
40 50 0 8 0.789707
27 68 0 8 0.789499
26 82 0 8 0.787993
23 31 0 8 0.786217
34 55 0 8 0.784926
40 62 0 8 0.784659
64 80 0 8 0.783992
45 81 0 8 0.780484
75 85 0 8 0.780105
40 60 0 8 0.779178
56 65 0 8 0.777648
58 76 0 8 0.776221
8 70 0 8 0.774108
4 26 0 8 0.771504
37 56 0 8 0.771170
52 57 0 8 0.770365
24 29 0 8 0.770138
35 72 0 8 0.768816
37 73 0 8 0.766945
33 56 0 8 0.766682
42 50 0 8 0.765681
51 58 0 8 0.763779
7 81 0 8 0.763040
10 18 0 8 0.762333
20 34 0 8 0.760113
7 60 0 8 0.760099
44 49 0 8 0.759492
25 43 0 8 0.758617
3 56 0 8 0.755241
37 49 0 8 0.754597
50 55 0 8 0.753989
28 79 0 8 0.753729
50 81 0 8 0.752323
3 37 0 8 0.752075
54 83 0 8 0.750419
26 85 0 8 0.747239
40 45 0 8 0.746014
1 9 0 8 0.745973
7 12 0 8 0.744539
8 60 0 8 0.743306
10 81 0 8 0.740365
43 67 0 8 0.738437
22 27 0 8 0.737656
45 77 0 8 0.737038
9 81 0 8 0.736644
27 67 0 8 0.732215
16 87 0 8 0.728736
73 79 0 8 0.724211
18 71 0 8 0.720731
14 23 0 8 0.719873
15 71 0 8 0.719766
36 49 0 8 0.716800
12 66 0 8 0.716372
33 38 0 8 0.713991
24 68 0 8 0.713260
27 59 0 8 0.710466
5 80 0 8 0.703399
45 67 0 8 0.702263
37 59 0 8 0.701046
27 61 0 8 0.700084
40 47 0 8 0.699990
20 26 0 8 0.698227
56 69 0 8 0.697937
3 10 0 8 0.696776
36 56 0 8 0.696672
6 26 0 8 0.696365
63 76 0 8 0.694061
3 62 0 8 0.693215
15 48 0 8 0.691416
73 78 0 8 0.683308
19 24 0 8 0.680046
75 81 0 8 0.679576
34 52 0 8 0.678275
19 64 0 8 0.674782
34 62 0 8 0.672633
40 75 0 8 0.672439
70 80 0 8 0.669662
36 51 0 8 0.669024
23 39 0 8 0.668751
38 58 0 8 0.666712
12 17 0 8 0.665067
53 84 0 8 0.663805
74 83 0 8 0.661101
44 66 0 8 0.659830
17 85 0 8 0.659823
17 54 0 8 0.659161
56 63 0 8 0.658254
6 20 0 8 0.657710
47 84 0 8 0.656294
27 33 0 8 0.652278
45 51 0 8 0.650464
29 41 0 8 0.649330
10 55 0 8 0.648793
9 60 0 8 0.647603
76 83 0 8 0.647347
4 47 0 8 0.646242
23 82 0 8 0.645415
19 33 0 8 0.640518
34 71 0 8 0.637930
3 44 0 8 0.637076
18 34 0 8 0.631671
37 53 0 8 0.629815
28 36 0 8 0.629687
71 77 0 8 0.629463
49 67 0 8 0.629216
57 64 0 8 0.629200
60 78 0 8 0.625131
20 78 0 8 0.619359
3 84 0 8 0.616697
38 60 0 8 0.616267
24 49 0 8 0.611831
20 42 0 8 0.611447
46 76 0 8 0.611078
31 43 0 8 0.611027
10 48 0 8 0.608539
1 72 0 8 0.607454
4 34 0 8 0.604757
3 13 0 8 0.604565
7 21 0 8 0.602097
33 44 0 8 0.602033
25 71 0 8 0.600009
64 76 0 8 0.598714
20 29 0 8 0.597804
80 86 0 8 0.596522
1 68 0 8 0.596485
14 56 0 8 0.596096
23 46 0 8 0.595116
28 57 0 8 0.594490
23 85 0 8 0.593827
62 83 0 8 0.587916
2 18 0 8 0.585347
19 41 0 8 0.585220
36 46 0 8 0.584891
2 65 0 8 0.584381
13 82 0 8 0.583535
29 83 0 8 0.582693
58 85 0 8 0.580103
39 71 0 8 0.577117
11 84 0 8 0.576916
57 71 0 8 0.574046
36 55 0 8 0.573695
73 81 0 8 0.573332
51 57 0 8 0.573257
57 62 0 8 0.571926
6 41 0 8 0.570981
63 73 0 8 0.570178
20 50 0 8 0.569555
6 31 0 8 0.569357
35 62 0 8 0.569232
43 81 0 8 0.569185
50 65 0 8 0.569098
2 75 0 8 0.568995
63 78 0 8 0.565717
5 81 0 8 0.564154
52 69 0 8 0.563814
46 77 0 8 0.562567
6 54 0 8 0.561224
2 13 0 8 0.560139
20 83 0 8 0.560129
2 35 0 8 0.557778
48 85 0 8 0.557378
8 20 0 8 0.552710
4 23 0 8 0.552464
31 37 0 8 0.552354
14 87 0 8 0.550478
19 80 0 8 0.550059
10 75 0 8 0.549450
11 22 0 8 0.547644
36 61 0 8 0.547455
18 35 0 8 0.544646
26 80 0 8 0.540272
55 64 0 8 0.539059
18 60 0 8 0.538863
29 39 0 8 0.538746
16 79 0 8 0.538380
24 59 0 8 0.537163
8 63 0 8 0.536031
19 69 0 8 0.534753
45 71 0 8 0.534561
6 72 0 8 0.533316
16 57 0 8 0.533076
24 44 0 8 0.532193
35 59 0 8 0.532042
27 71 0 8 0.531207
4 52 0 8 0.530062
35 50 0 8 0.529774
69 83 0 8 0.528059
34 78 0 8 0.522035
5 60 0 8 0.521293
18 27 0 8 0.520896
34 77 0 8 0.520349
56 86 0 8 0.518763
4 71 0 8 0.516177
23 67 0 8 0.516132
48 86 0 8 0.513989
1 81 0 8 0.509861
20 80 0 8 0.509088
20 74 0 8 0.508721
58 63 0 8 0.507324
33 41 0 8 0.502422
6 55 0 8 0.499825
19 36 0 8 0.499296
20 58 0 8 0.498817
52 73 0 8 0.497992
3 33 0 8 0.496220
6 36 0 8 0.495255
10 17 0 8 0.494743
38 48 0 8 0.494699
36 53 0 8 0.493830
12 45 0 8 0.492728
8 45 0 8 0.491257
33 79 0 8 0.488736
6 43 0 8 0.486891
13 34 0 8 0.486183
13 33 0 8 0.486055
34 65 0 8 0.484619
3 80 0 8 0.483032
25 60 0 8 0.482073
17 60 0 8 0.481645
13 18 0 8 0.479918
33 78 0 8 0.477667
5 82 0 8 0.475962
33 39 0 8 0.473662
7 75 0 8 0.473492
2 78 0 8 0.466597
11 58 0 8 0.464413
59 87 0 8 0.464214
22 43 0 8 0.462886
25 36 0 8 0.462694
32 40 0 8 0.458069
57 81 0 8 0.457319
3 8 0 8 0.456936
33 53 0 8 0.456734
3 83 0 8 0.454178
21 32 0 8 0.453457
54 73 0 8 0.453292
12 49 0 8 0.452654
48 66 0 8 0.452096
9 33 0 8 0.451210
58 70 0 8 0.450470
55 86 0 8 0.446969
56 79 0 8 0.446079
27 85 0 8 0.444540
34 60 0 8 0.444346
49 54 0 8 0.442513
1 77 0 8 0.441269
27 47 0 8 0.440386
7 27 0 8 0.439706
20 47 0 8 0.437784
53 69 0 8 0.437025
58 66 0 8 0.436720
30 72 0 8 0.435980
23 49 0 8 0.435491
27 55 0 8 0.434804
19 42 0 8 0.434192
39 86 0 8 0.430569
46 57 0 8 0.430398
13 23 0 8 0.429340
13 87 0 8 0.428521
3 70 0 8 0.428398
38 70 0 8 0.427510
42 81 0 8 0.426485
65 79 0 8 0.424290
19 51 0 8 0.423377
25 53 0 8 0.422926
23 70 0 8 0.420768
70 81 0 8 0.420370
14 35 0 8 0.420248
66 80 0 8 0.420195
37 48 0 8 0.415203
37 80 0 8 0.414379
45 80 0 8 0.411199
13 53 0 8 0.410822
25 81 0 8 0.408311
36 62 0 8 0.407587
9 30 0 8 0.407132
60 81 0 8 0.406818
23 45 0 8 0.406804
4 33 0 8 0.405608
23 84 0 8 0.405518
22 37 0 8 0.404979
42 66 0 8 0.404968
9 47 0 8 0.401005
7 25 0 8 0.398160
56 74 0 8 0.396990
71 82 0 8 0.396238
38 79 0 8 0.394875
31 69 0 8 0.392542
16 38 0 8 0.391796
14 19 0 8 0.389691
49 68 0 8 0.389147
16 45 0 8 0.389037
35 48 0 8 0.388033
36 45 0 8 0.387173
31 68 0 8 0.386679
18 56 0 8 0.385940
35 83 0 8 0.384710
2 77 0 8 0.384248
80 87 0 8 0.384150
39 57 0 8 0.384102
19 27 0 8 0.378937
26 41 0 8 0.378688
14 66 0 8 0.377914
43 57 0 8 0.376400
6 78 0 8 0.375054
53 73 0 8 0.372648
30 67 0 8 0.371699
44 60 0 8 0.371503
7 46 0 8 0.369203
13 62 0 8 0.368256
31 60 0 8 0.367304
1 30 0 8 0.365922
73 87 0 8 0.365439
16 28 0 8 0.364939
45 56 0 8 0.364858
42 83 0 8 0.364459
61 82 0 8 0.363877
32 73 0 8 0.362945
4 38 0 8 0.362327
41 60 0 8 0.362298
2 20 0 8 0.360031
6 74 0 8 0.358976
28 47 0 8 0.357094
69 81 0 8 0.356343
65 78 0 8 0.355159
42 70 0 8 0.354211
18 41 0 8 0.354162
12 87 0 8 0.353974
57 83 0 8 0.353498
18 40 0 8 0.350812
67 79 0 8 0.349183
2 57 0 8 0.348214
39 61 0 8 0.348102
21 68 0 8 0.347650
33 49 0 8 0.346953
12 26 0 8 0.346568
76 81 0 8 0.346567
43 87 0 8 0.346069
39 70 0 8 0.345610
22 71 0 8 0.345442
42 58 0 8 0.343504
11 47 0 8 0.343187
59 74 0 8 0.342997
36 74 0 8 0.342444
2 11 0 8 0.341079
16 52 0 8 0.338761
42 56 0 8 0.338549
15 55 0 8 0.336945
6 12 0 8 0.336700
4 27 0 8 0.336573
36 50 0 8 0.335919
19 82 0 8 0.334328
6 70 0 8 0.333999
20 43 0 8 0.332837
28 39 0 8 0.330118
18 83 0 8 0.329332
32 82 0 8 0.327811
45 68 0 8 0.326819
73 82 0 8 0.326616
38 81 0 8 0.325932
7 26 0 8 0.323893
39 55 0 8 0.322343
6 18 0 8 0.320277
23 29 0 8 0.314036
61 76 0 8 0.313397
40 85 0 8 0.311300
21 57 0 8 0.310364
11 65 0 8 0.302926
47 65 0 8 0.302450
17 64 0 8 0.302420
78 86 0 8 0.301447
38 75 0 8 0.300590
13 69 0 8 0.299833
23 37 0 8 0.299831
30 86 0 8 0.299612
30 61 0 8 0.299338
35 64 0 8 0.298805
33 74 0 8 0.298304
25 37 0 8 0.298040
54 77 0 8 0.297455
72 87 0 8 0.297205
25 48 0 8 0.296947
52 63 0 8 0.296840
53 85 0 8 0.296577
8 39 0 8 0.296015
38 59 0 8 0.295707
12 52 0 8 0.293069
46 58 0 8 0.291270
82 87 0 8 0.290397
24 35 0 8 0.290376
6 34 0 8 0.289767
43 86 0 8 0.289003
5 44 0 8 0.288137
74 79 0 8 0.287804
72 80 0 8 0.286769
7 13 0 8 0.285949
26 74 0 8 0.285057
31 45 0 8 0.283815
13 46 0 8 0.283708
23 62 0 8 0.282741
33 73 0 8 0.282658
40 49 0 8 0.282631
8 26 0 8 0.282079
14 57 0 8 0.279473
5 41 0 8 0.277361
3 72 0 8 0.276697
36 59 0 8 0.276280
6 33 0 8 0.275853
46 83 0 8 0.275546
16 74 0 8 0.274986
41 54 0 8 0.274832
22 79 0 8 0.274796
52 61 0 8 0.274602
27 44 0 8 0.273304
46 64 0 8 0.268292
51 59 0 8 0.267579
76 86 0 8 0.266223
49 86 0 8 0.266109
38 49 0 8 0.265886
53 86 0 8 0.265699
38 83 0 8 0.263423
71 84 0 8 0.263184
34 57 0 8 0.261080
26 31 0 8 0.260846
32 76 0 8 0.260466
4 14 0 8 0.259934
38 76 0 8 0.259479
32 60 0 8 0.259054
51 84 0 8 0.257670
4 78 0 8 0.257606
3 75 0 8 0.255983
10 19 0 8 0.255243
33 65 0 8 0.254411
53 61 0 8 0.251346
4 74 0 8 0.250439
31 62 0 8 0.249565
4 19 0 8 0.249223
53 75 0 8 0.248349
13 35 0 8 0.244302
45 82 0 8 0.243767
6 67 0 8 0.243693
7 83 0 8 0.241898
40 56 0 8 0.240968
52 76 0 8 0.238821
23 42 0 8 0.236147
23 41 0 8 0.236117
2 62 0 8 0.235689
55 71 0 8 0.235202
19 59 0 8 0.234998
10 57 0 8 0.234617
26 37 0 8 0.234558
5 86 0 8 0.233948
5 79 0 8 0.233216
57 67 0 8 0.232305
6 39 0 8 0.231753
4 12 0 8 0.231464
45 75 0 8 0.229453
51 56 0 8 0.229162
7 33 0 8 0.228572
11 83 0 8 0.228401
37 62 0 8 0.228037
1 73 0 8 0.226793
43 64 0 8 0.225128
10 24 0 8 0.224950
39 80 0 8 0.224906
35 74 0 8 0.222816
21 84 0 8 0.222746
39 85 0 8 0.222615
9 41 0 8 0.220735
34 70 0 8 0.220454
51 86 0 8 0.219247
29 36 0 8 0.219024
23 71 0 8 0.218471
30 77 0 8 0.218218
1 57 0 8 0.216846
66 87 0 8 0.215024
7 23 0 8 0.214328
60 75 0 8 0.213089
8 59 0 8 0.213031
17 42 0 8 0.212174
4 70 0 8 0.210219
14 69 0 8 0.208609
41 63 0 8 0.208298
2 51 0 8 0.208102
21 41 0 8 0.207952
24 61 0 8 0.207578
15 59 0 8 0.206923
56 81 0 8 0.206606
7 38 0 8 0.206456
1 13 0 8 0.206375
10 20 0 8 0.206204
45 66 0 8 0.204825
46 74 0 8 0.204068
39 75 0 8 0.203769
77 83 0 8 0.202826
10 86 0 8 0.200491
39 82 0 8 0.200094
1 70 0 8 0.199976
51 61 0 8 0.199969
38 52 0 8 0.198664
45 73 0 8 0.197920
57 80 0 8 0.197891
17 50 0 8 0.195032
36 76 0 8 0.194439
15 51 0 8 0.193513
39 52 0 8 0.193435
3 48 0 8 0.193147
14 45 0 8 0.192621
12 50 0 8 0.191418
4 24 0 8 0.188082
6 40 0 8 0.187314
18 70 0 8 0.186041
23 47 0 8 0.183171
5 74 0 8 0.183074
14 86 0 8 0.181606
55 82 0 8 0.180919
22 41 0 8 0.180870
10 67 0 8 0.179951
22 35 0 8 0.179033
48 58 0 8 0.177261
7 52 0 8 0.176080
55 85 0 8 0.174052
16 34 0 8 0.173792
19 87 0 8 0.170189
71 87 0 8 0.169594
42 60 0 8 0.167299
38 74 0 8 0.165232
23 72 0 8 0.164597
10 35 0 8 0.163542
34 58 0 8 0.163272
49 66 0 8 0.163030
8 76 0 8 0.162526
20 28 0 8 0.162221
16 21 0 8 0.161428
34 48 0 8 0.161204
6 83 0 8 0.160619
7 35 0 8 0.160414
40 79 0 8 0.160395
53 64 0 8 0.160360
8 53 0 8 0.160315
16 66 0 8 0.156873
9 23 0 8 0.156702
15 73 0 8 0.156029
62 74 0 8 0.155859
31 67 0 8 0.154701
52 72 0 8 0.153997
55 83 0 8 0.153302
29 35 0 8 0.152547
12 41 0 8 0.151855
23 53 0 8 0.151543
27 73 0 8 0.151266
6 80 0 8 0.150004
43 74 0 8 0.149616
1 58 0 8 0.149274
14 40 0 8 0.149075
49 61 0 8 0.149027
6 53 0 8 0.148098
47 58 0 8 0.147642
29 48 0 8 0.146743
2 71 0 8 0.146530
14 47 0 8 0.144197
3 50 0 8 0.144196
54 64 0 8 0.143161
26 71 0 8 0.139297
55 84 0 8 0.139225
14 26 0 8 0.138596
38 85 0 8 0.138540
52 65 0 8 0.138342
53 76 0 8 0.137556
75 82 0 8 0.137164
60 82 0 8 0.136833
16 55 0 8 0.136515
1 24 0 8 0.136177
8 57 0 8 0.135018
31 36 0 8 0.132908
71 79 0 8 0.132200
8 80 0 8 0.132068
37 78 0 8 0.130733
9 63 0 8 0.130207
16 32 0 8 0.130139
38 73 0 8 0.129985
32 50 0 8 0.129907
5 50 0 8 0.129505
22 78 0 8 0.128836
5 66 0 8 0.127522
65 73 0 8 0.127243
2 45 0 8 0.127004
55 77 0 8 0.126071
30 47 0 8 0.125969
30 71 0 8 0.125630
6 84 0 8 0.125361
16 39 0 8 0.124754
33 84 0 8 0.123220
3 39 0 8 0.122261
43 83 0 8 0.121634
7 55 0 8 0.121592
31 57 0 8 0.121257
7 18 0 8 0.120907
59 69 0 8 0.120655
59 83 0 8 0.120460
30 76 0 8 0.120138
11 80 0 8 0.118136
48 67 0 8 0.117874
34 53 0 8 0.117818
31 38 0 8 0.116767
1 44 0 8 0.116614
72 78 0 8 0.116404
44 72 0 8 0.116313
43 78 0 8 0.114689
10 43 0 8 0.114550
38 54 0 8 0.112711
8 72 0 8 0.110549
7 31 0 8 0.109159
1 40 0 8 0.107977
1 17 0 8 0.107554
20 56 0 8 0.107445
48 53 0 8 0.107081
33 60 0 8 0.106551
21 38 0 8 0.106461
49 80 0 8 0.105636
62 70 0 8 0.105559
51 71 0 8 0.104254
31 78 0 8 0.103291
21 42 0 8 0.101834
27 38 0 8 0.097571
1 27 0 8 0.097481
27 78 0 8 0.094539
5 59 0 8 0.094333
1 6 0 8 0.094035
15 83 0 8 0.092891
72 77 0 8 0.091817
41 61 0 8 0.090971
13 81 0 8 0.089140
57 74 0 8 0.086775
66 75 0 8 0.086514
13 60 0 8 0.085952
6 77 0 8 0.085709
1 38 0 8 0.085265
14 83 0 8 0.084596
11 32 0 8 0.081678
13 55 0 8 0.080829
3 14 0 8 0.078665
21 81 0 8 0.077347
36 60 0 8 0.076735
19 76 0 8 0.073893
60 87 0 8 0.073765
69 87 0 8 0.073598
19 62 0 8 0.073381
54 85 0 8 0.072649
11 69 0 8 0.071500
4 42 0 8 0.070486
16 73 0 8 0.070070
1 45 0 8 0.069557
16 22 0 8 0.068842
35 47 0 8 0.068220
4 67 0 8 0.067549
3 47 0 8 0.067512
17 58 0 8 0.067466
57 82 0 8 0.067339
77 86 0 8 0.066947
17 23 0 8 0.065527
13 79 0 8 0.064870
5 33 0 8 0.064696
12 78 0 8 0.064580
34 41 0 8 0.064289
14 80 0 8 0.064264
18 72 0 8 0.060232
16 43 0 8 0.059844
67 74 0 8 0.059334
65 76 0 8 0.058300
38 78 0 8 0.057610
14 82 0 8 0.056308
2 79 0 8 0.056082
2 24 0 8 0.055509
74 86 0 8 0.055047
28 83 0 8 0.054897
57 66 0 8 0.054681
48 83 0 8 0.053027
20 38 0 8 0.051386
11 70 0 8 0.048237
54 62 0 8 0.047380
4 72 0 8 0.047092
42 86 0 8 0.046676
32 53 0 8 0.046498
20 66 0 8 0.045629
12 57 0 8 0.044473
29 71 0 8 0.043158
4 41 0 8 0.042984
17 43 0 8 0.042325
6 68 0 8 0.041814
48 54 0 8 0.041756
24 33 0 8 0.041613
8 47 0 8 0.040024
32 37 0 8 0.039779
52 66 0 8 0.038908
22 39 0 8 0.038048
63 82 0 8 0.037514
8 79 0 8 0.037447
14 84 0 8 0.036826
69 75 0 8 0.036624
45 83 0 8 0.035308
68 77 0 8 0.033425
39 65 0 8 0.032641
62 78 0 8 0.032321
44 65 0 8 0.031954
50 56 0 8 0.031798
37 71 0 8 0.031688
57 87 0 8 0.030061
24 45 0 8 0.027108
20 85 0 8 0.025344
27 77 0 8 0.025139
35 52 0 8 0.024481
8 27 0 8 0.022806
23 74 0 8 0.021612
12 21 0 8 0.019124
39 87 0 8 0.018836
48 79 0 8 0.018515
42 49 0 8 0.018168
59 71 0 8 0.017995
37 74 0 8 0.017858
59 72 0 8 0.017811
16 58 0 8 0.017755
1 83 0 8 0.017455
27 40 0 8 0.014591
30 82 0 8 0.014538
2 28 0 8 0.013301
21 46 0 8 0.012848
44 81 0 8 0.012643
20 86 0 8 0.012389
49 75 0 8 0.012312
39 53 0 8 0.010953
42 68 0 8 0.010140
60 77 0 8 0.010047
43 65 0 8 0.009783
1 8 0 8 0.009583
64 84 0 8 0.009545
20 77 0 8 0.007613
13 49 0 8 0.006128
15 80 0 8 0.004588
10 16 0 8 0.004537
2 41 0 8 0.004115
57 73 0 8 0.003645
56 87 0 8 0.003041
77 85 0 8 0.002872
10 59 0 8 0.002359
17 38 0 8 0.002293
12 76 0 8 0.002290
57 86 0 8 0.001323
38 63 0 8 0.000195
1 88 0 8 0.000000
2 88 0 8 0.000000
3 88 0 8 0.000000
4 88 0 8 0.000000
5 88 0 8 0.000000
6 88 0 8 0.000000
7 88 0 8 0.000000
8 88 0 8 0.000000
9 88 0 8 0.000000
10 88 0 8 0.000000
11 88 0 8 0.000000
12 88 0 8 0.000000
13 88 0 8 0.000000
14 88 0 8 0.000000
15 88 0 8 0.000000
16 88 0 8 0.000000
17 88 0 8 0.000000
18 88 0 8 0.000000
19 88 0 8 0.000000
20 88 0 8 0.000000
21 88 0 8 0.000000
22 88 0 8 0.000000
23 88 0 8 0.000000
24 88 0 8 0.000000
25 88 0 8 0.000000
26 88 0 8 0.000000
27 88 0 8 0.000000
28 88 0 8 0.000000
29 88 0 8 0.000000
30 88 0 8 0.000000
31 88 0 8 0.000000
32 88 0 8 0.000000
33 88 0 8 0.000000
34 88 0 8 0.000000
35 88 0 8 0.000000
36 88 0 8 0.000000
37 88 0 8 0.000000
38 88 0 8 0.000000
39 88 0 8 0.000000
40 88 0 8 0.000000
41 88 0 8 0.000000
42 88 0 8 0.000000
43 88 0 8 0.000000
44 88 0 8 0.000000
45 88 0 8 0.000000
46 88 0 8 0.000000
47 88 0 8 0.000000
48 88 0 8 0.000000
49 88 0 8 0.000000
50 88 0 8 0.000000
51 88 0 8 0.000000
52 88 0 8 0.000000
53 88 0 8 0.000000
54 88 0 8 0.000000
55 88 0 8 0.000000
56 88 0 8 0.000000
57 88 0 8 0.000000
58 88 0 8 0.000000
59 88 0 8 0.000000
60 88 0 8 0.000000
61 88 0 8 0.000000
62 88 0 8 0.000000
63 88 0 8 0.000000
64 88 0 8 0.000000
65 88 0 8 0.000000
66 88 0 8 0.000000
67 88 0 8 0.000000
68 88 0 8 0.000000
69 88 0 8 0.000000
70 88 0 8 0.000000
71 88 0 8 0.000000
72 88 0 8 0.000000
73 88 0 8 0.000000
74 88 0 8 0.000000
75 88 0 8 0.000000
76 88 0 8 0.000000
77 88 0 8 0.000000
78 88 0 8 0.000000
79 88 0 8 0.000000
80 88 0 8 0.000000
81 88 0 8 0.000000
82 88 0 8 0.000000
83 88 0 8 0.000000
35 49 0 8 -0.000773
9 18 0 8 -0.001484
39 62 0 8 -0.001892
44 71 0 8 -0.002119
2 56 0 8 -0.003364
25 65 0 8 -0.003412
1 21 0 8 -0.005325
6 69 0 8 -0.006416
21 66 0 8 -0.007422
58 78 0 8 -0.008110
9 84 0 8 -0.008229
34 56 0 8 -0.008456
28 70 0 8 -0.008728
1 20 0 8 -0.010093
40 53 0 8 -0.010166
43 70 0 8 -0.011248
1 60 0 8 -0.012671
58 64 0 8 -0.014376
68 75 0 8 -0.014921
1 55 0 8 -0.015941
36 70 0 8 -0.016651
24 60 0 8 -0.016675
1 35 0 8 -0.017158
57 72 0 8 -0.017170
6 28 0 8 -0.017623
2 54 0 8 -0.018996
33 76 0 8 -0.019438
30 41 0 8 -0.019681
22 59 0 8 -0.019740
12 65 0 8 -0.019817
59 79 0 8 -0.019879
39 78 0 8 -0.020065
25 74 0 8 -0.020810
18 82 0 8 -0.021461
10 87 0 8 -0.021522
13 63 0 8 -0.022126
60 74 0 8 -0.022196
14 21 0 8 -0.022345
67 83 0 8 -0.023346
27 35 0 8 -0.025047
20 70 0 8 -0.025228
3 51 0 8 -0.026911
2 15 0 8 -0.027408
16 77 0 8 -0.028050
39 45 0 8 -0.028104
7 20 0 8 -0.028278
41 57 0 8 -0.028813
50 71 0 8 -0.028946
27 83 0 8 -0.029263
16 26 0 8 -0.029972
32 66 0 8 -0.030723
45 87 0 8 -0.030815
3 81 0 8 -0.031674
7 67 0 8 -0.031902
1 32 0 8 -0.032368
40 57 0 8 -0.032527
1 62 0 8 -0.033996
37 46 0 8 -0.034512
4 75 0 8 -0.035668
6 85 0 8 -0.035799
5 87 0 8 -0.037642
63 87 0 8 -0.037994
60 73 0 8 -0.038224
29 66 0 8 -0.038455
39 51 0 8 -0.038490
16 71 0 8 -0.038904
16 61 0 8 -0.039131
16 70 0 8 -0.039206
24 80 0 8 -0.039783
46 68 0 8 -0.043207
33 67 0 8 -0.043233
47 64 0 8 -0.043573
1 65 0 8 -0.043609
32 74 0 8 -0.043714
29 60 0 8 -0.044452
45 72 0 8 -0.046548
11 82 0 8 -0.047121
38 82 0 8 -0.047159
37 67 0 8 -0.047328
74 84 0 8 -0.048206
12 36 0 8 -0.051526
71 81 0 8 -0.051655
20 87 0 8 -0.051729
49 78 0 8 -0.051909
75 87 0 8 -0.052844
16 83 0 8 -0.053351
2 76 0 8 -0.053646
24 87 0 8 -0.054248
38 87 0 8 -0.054398
66 85 0 8 -0.055078
10 21 0 8 -0.055261
1 28 0 8 -0.055472
6 16 0 8 -0.055923
2 84 0 8 -0.056329
36 75 0 8 -0.056708
62 86 0 8 -0.057276
13 65 0 8 -0.057318
15 50 0 8 -0.057873
7 34 0 8 -0.057944
68 76 0 8 -0.058030
1 53 0 8 -0.058354
16 85 0 8 -0.060109
1 12 0 8 -0.061467
37 55 0 8 -0.061731
65 86 0 8 -0.064170
1 71 0 8 -0.065464
5 78 0 8 -0.066112
49 82 0 8 -0.066355
60 67 0 8 -0.066554
56 67 0 8 -0.067272
27 43 0 8 -0.067949
6 35 0 8 -0.069330
18 28 0 8 -0.069676
30 57 0 8 -0.070603
1 66 0 8 -0.070910
2 48 0 8 -0.071563
16 75 0 8 -0.073153
23 32 0 8 -0.073224
38 67 0 8 -0.073363
6 37 0 8 -0.073676
4 45 0 8 -0.073915
17 79 0 8 -0.074432
41 65 0 8 -0.075045
12 33 0 8 -0.075290
6 19 0 8 -0.075611
63 71 0 8 -0.076298
7 85 0 8 -0.077392
8 35 0 8 -0.077616
7 14 0 8 -0.077691
1 87 0 8 -0.078003
9 75 0 8 -0.079112
6 44 0 8 -0.079511
19 67 0 8 -0.079949
15 87 0 8 -0.080110
76 85 0 8 -0.080579
14 85 0 8 -0.080790
8 62 0 8 -0.081655
20 84 0 8 -0.081668
42 59 0 8 -0.082353
28 55 0 8 -0.082617
3 61 0 8 -0.083099
5 26 0 8 -0.083317
30 42 0 8 -0.083320
12 38 0 8 -0.083656
32 61 0 8 -0.083714
46 66 0 8 -0.083891
18 79 0 8 -0.084165
8 23 0 8 -0.084970
1 16 0 8 -0.084976
21 28 0 8 -0.085117
30 39 0 8 -0.085408
8 13 0 8 -0.086146
64 79 0 8 -0.086215
19 26 0 8 -0.086407
40 67 0 8 -0.086860
54 59 0 8 -0.086866
18 25 0 8 -0.087484
20 63 0 8 -0.087724
53 63 0 8 -0.087964
62 87 0 8 -0.088250
8 43 0 8 -0.088352
29 72 0 8 -0.089347
66 77 0 8 -0.089604
33 71 0 8 -0.089875
24 56 0 8 -0.089988
43 66 0 8 -0.090382
58 87 0 8 -0.090442
48 74 0 8 -0.090801
66 79 0 8 -0.091031
25 75 0 8 -0.091269
45 79 0 8 -0.092431
41 46 0 8 -0.093747
1 79 0 8 -0.094132
2 67 0 8 -0.095231
44 76 0 8 -0.101587
9 36 0 8 -0.101688
12 34 0 8 -0.102828
25 84 0 8 -0.103085
25 34 0 8 -0.103511
18 84 0 8 -0.103687
12 44 0 8 -0.103858
29 34 0 8 -0.103863
3 18 0 8 -0.103955
22 28 0 8 -0.103958
24 40 0 8 -0.104824
27 36 0 8 -0.106584
4 43 0 8 -0.106756
5 17 0 8 -0.108038
7 48 0 8 -0.108190
16 41 0 8 -0.108729
6 65 0 8 -0.109698
16 23 0 8 -0.110407
25 80 0 8 -0.110605
48 56 0 8 -0.110847
68 87 0 8 -0.110851
28 71 0 8 -0.111309
6 57 0 8 -0.111770
28 46 0 8 -0.111872
71 78 0 8 -0.113403
39 69 0 8 -0.114112
2 16 0 8 -0.114284
2 37 0 8 -0.114900
17 55 0 8 -0.115101
57 78 0 8 -0.115559
5 67 0 8 -0.116673
29 63 0 8 -0.117148
1 34 0 8 -0.117308
50 62 0 8 -0.117531
15 61 0 8 -0.117967
3 78 0 8 -0.119636
27 76 0 8 -0.120323
20 61 0 8 -0.120397
12 43 0 8 -0.121933
1 52 0 8 -0.123437
54 66 0 8 -0.123667
18 42 0 8 -0.124020
17 66 0 8 -0.124217
38 57 0 8 -0.124261
4 37 0 8 -0.124288
46 65 0 8 -0.124369
27 41 0 8 -0.124524
18 29 0 8 -0.126931
21 87 0 8 -0.127066
53 78 0 8 -0.128384
58 80 0 8 -0.128609
1 14 0 8 -0.129426
20 51 0 8 -0.129886
27 74 0 8 -0.129936
61 84 0 8 -0.130270
1 59 0 8 -0.130710
25 70 0 8 -0.131424
70 87 0 8 -0.131827
12 53 0 8 -0.132200
24 55 0 8 -0.132941
5 70 0 8 -0.132976
10 58 0 8 -0.133132
67 72 0 8 -0.134460
60 66 0 8 -0.134617
8 66 0 8 -0.135096
6 51 0 8 -0.135221
2 32 0 8 -0.135348
2 81 0 8 -0.135452
47 57 0 8 -0.135612
17 77 0 8 -0.135763
1 67 0 8 -0.136185
42 69 0 8 -0.136965
56 72 0 8 -0.137269
49 63 0 8 -0.137774
16 48 0 8 -0.138738
46 63 0 8 -0.139178
46 56 0 8 -0.139205
32 79 0 8 -0.139839
14 51 0 8 -0.140823
1 31 0 8 -0.141081
38 44 0 8 -0.142408
12 27 0 8 -0.143252
10 52 0 8 -0.143637
14 64 0 8 -0.143921
13 38 0 8 -0.144319
11 57 0 8 -0.144446
16 62 0 8 -0.145105
66 71 0 8 -0.145440
6 13 0 8 -0.146572
25 67 0 8 -0.147048
25 39 0 8 -0.147204
1 42 0 8 -0.148196
16 44 0 8 -0.148212
16 24 0 8 -0.148537
1 29 0 8 -0.149638
76 84 0 8 -0.149745
1 64 0 8 -0.150499
23 63 0 8 -0.151194
19 79 0 8 -0.152656
17 47 0 8 -0.153309
12 58 0 8 -0.153373
63 74 0 8 -0.154164
1 47 0 8 -0.154413
2 73 0 8 -0.154543
20 41 0 8 -0.155064
9 82 0 8 -0.155769
45 50 0 8 -0.156193
13 86 0 8 -0.156319
34 42 0 8 -0.156519
65 72 0 8 -0.157066
40 77 0 8 -0.157302
2 8 0 8 -0.157543
25 77 0 8 -0.157760
20 67 0 8 -0.158347
67 87 0 8 -0.158443
65 87 0 8 -0.158826
2 39 0 8 -0.160217
58 68 0 8 -0.161008
1 86 0 8 -0.161241
17 87 0 8 -0.162162
8 74 0 8 -0.162607
1 82 0 8 -0.163312
19 58 0 8 -0.163748
61 75 0 8 -0.164756
11 72 0 8 -0.165465
7 57 0 8 -0.165609
43 63 0 8 -0.165816
1 36 0 8 -0.166044
1 18 0 8 -0.167115
16 46 0 8 -0.167623
27 56 0 8 -0.168827
1 33 0 8 -0.170156
75 83 0 8 -0.171069
35 75 0 8 -0.171193
12 84 0 8 -0.171714
7 68 0 8 -0.172716
17 45 0 8 -0.172730
68 83 0 8 -0.172971
8 51 0 8 -0.173171
67 78 0 8 -0.173388
72 82 0 8 -0.173604
5 85 0 8 -0.173960
4 15 0 8 -0.173967
1 76 0 8 -0.174694
15 86 0 8 -0.175510
21 47 0 8 -0.175577
57 68 0 8 -0.176082
37 79 0 8 -0.179044
18 30 0 8 -0.179307
9 15 0 8 -0.179969
23 52 0 8 -0.180192
48 61 0 8 -0.180269
55 67 0 8 -0.181041
1 25 0 8 -0.181322
1 84 0 8 -0.182801
61 87 0 8 -0.183516
31 49 0 8 -0.183944
17 26 0 8 -0.185818
22 66 0 8 -0.186902
12 79 0 8 -0.186927
18 44 0 8 -0.187639
11 78 0 8 -0.187764
34 67 0 8 -0.187891
47 80 0 8 -0.189633
41 66 0 8 -0.189715
23 28 0 8 -0.189891
50 61 0 8 -0.190028
58 71 0 8 -0.190030
12 72 0 8 -0.191240
33 69 0 8 -0.191846
12 28 0 8 -0.192051
10 50 0 8 -0.192388
37 82 0 8 -0.193566
33 57 0 8 -0.194387
12 75 0 8 -0.196187
14 39 0 8 -0.196431
48 59 0 8 -0.196733
43 55 0 8 -0.196848
42 57 0 8 -0.196927
66 83 0 8 -0.197306
13 80 0 8 -0.197491
23 35 0 8 -0.198062
1 85 0 8 -0.198101
30 70 0 8 -0.198381
12 46 0 8 -0.199218
13 37 0 8 -0.199236
2 12 0 8 -0.199310
40 78 0 8 -0.200086
31 81 0 8 -0.201377
32 81 0 8 -0.201691
38 65 0 8 -0.202045
13 32 0 8 -0.202168
16 29 0 8 -0.202246
47 71 0 8 -0.202384
31 85 0 8 -0.202816
1 26 0 8 -0.203121
2 14 0 8 -0.204381
42 74 0 8 -0.204947
1 15 0 8 -0.206178
2 87 0 8 -0.206364
55 62 0 8 -0.207420
13 20 0 8 -0.208204
71 86 0 8 -0.208205
24 67 0 8 -0.208260
16 51 0 8 -0.208266
3 87 0 8 -0.208955
15 41 0 8 -0.209128
26 61 0 8 -0.210065
6 87 0 8 -0.210078
7 16 0 8 -0.210082
10 85 0 8 -0.210178
14 36 0 8 -0.210478
57 85 0 8 -0.210596
3 28 0 8 -0.210753
50 58 0 8 -0.210760
12 85 0 8 -0.211680
18 38 0 8 -0.212022
21 79 0 8 -0.212193
12 70 0 8 -0.212484
63 83 0 8 -0.212872
16 86 0 8 -0.213240
1 39 0 8 -0.213346
7 58 0 8 -0.213740
48 60 0 8 -0.216185
18 36 0 8 -0.216224
26 33 0 8 -0.216783
15 57 0 8 -0.217765
39 67 0 8 -0.217913
14 38 0 8 -0.218166
18 46 0 8 -0.218554
2 74 0 8 -0.219878
30 74 0 8 -0.219953
65 75 0 8 -0.221391
4 13 0 8 -0.222595
31 66 0 8 -0.222893
39 81 0 8 -0.223047
12 71 0 8 -0.223442
22 55 0 8 -0.223842
47 82 0 8 -0.223843
12 86 0 8 -0.223856
33 43 0 8 -0.223863
13 52 0 8 -0.223984
13 41 0 8 -0.224898
37 42 0 8 -0.225771
62 82 0 8 -0.225929
27 82 0 8 -0.225960
62 68 0 8 -0.226322
69 74 0 8 -0.226451
43 80 0 8 -0.226759
24 62 0 8 -0.227414
72 84 0 8 -0.228942
8 49 0 8 -0.229302
74 87 0 8 -0.229968
64 70 0 8 -0.230475
40 59 0 8 -0.231161
34 87 0 8 -0.231687
16 35 0 8 -0.232610
49 79 0 8 -0.233346
14 29 0 8 -0.233804
15 32 0 8 -0.233863
30 78 0 8 -0.233892
30 84 0 8 -0.234412
5 55 0 8 -0.234749
4 44 0 8 -0.236838
38 84 0 8 -0.237415
24 82 0 8 -0.237488
39 59 0 8 -0.239209
10 83 0 8 -0.240152
2 66 0 8 -0.240631
2 19 0 8 -0.240786
16 82 0 8 -0.240928
5 12 0 8 -0.241023
46 84 0 8 -0.241985
15 42 0 8 -0.242366
12 32 0 8 -0.242625
57 70 0 8 -0.243241
1 80 0 8 -0.243287
18 63 0 8 -0.243864
35 51 0 8 -0.244033
4 87 0 8 -0.245318
6 76 0 8 -0.246179
1 43 0 8 -0.246351
47 83 0 8 -0.247020
35 78 0 8 -0.247158
31 39 0 8 -0.247186
3 16 0 8 -0.247254
32 84 0 8 -0.248998
13 58 0 8 -0.249745
8 31 0 8 -0.251390
76 87 0 8 -0.251798
50 77 0 8 -0.251973
23 59 0 8 -0.252734
16 49 0 8 -0.253069
46 52 0 8 -0.253275
9 16 0 8 -0.254528
42 85 0 8 -0.254547
41 64 0 8 -0.254917
15 44 0 8 -0.255225
1 61 0 8 -0.255647
30 87 0 8 -0.255857
9 57 0 8 -0.255911
58 65 0 8 -0.256198
25 58 0 8 -0.256210
14 81 0 8 -0.257018
30 56 0 8 -0.258835
18 57 0 8 -0.258846
37 77 0 8 -0.259653
15 63 0 8 -0.260359
2 22 0 8 -0.260761
60 83 0 8 -0.261403
45 54 0 8 -0.262243
15 56 0 8 -0.262436
40 87 0 8 -0.263044
34 75 0 8 -0.263177
1 74 0 8 -0.263556
16 64 0 8 -0.264499
66 82 0 8 -0.264861
26 66 0 8 -0.265544
5 46 0 8 -0.265703
34 59 0 8 -0.265749
12 22 0 8 -0.266513
19 57 0 8 -0.267947
12 20 0 8 -0.268857
12 30 0 8 -0.269077
13 77 0 8 -0.270234
62 75 0 8 -0.270642
22 87 0 8 -0.271342
37 84 0 8 -0.271343
67 86 0 8 -0.272138
5 24 0 8 -0.275220
2 53 0 8 -0.275362
40 72 0 8 -0.275816
42 72 0 8 -0.276392
11 33 0 8 -0.276559
30 37 0 8 -0.277009
42 63 0 8 -0.277467
1 10 0 8 -0.277662
1 78 0 8 -0.277814
4 11 0 8 -0.277815
1 37 0 8 -0.279499
12 68 0 8 -0.279732
5 11 0 8 -0.279948
51 60 0 8 -0.280719
50 68 0 8 -0.281788
12 25 0 8 -0.282991
12 80 0 8 -0.283273
14 48 0 8 -0.283865
27 75 0 8 -0.283950
78 85 0 8 -0.284288
16 40 0 8 -0.284432
56 66 0 8 -0.284982
7 56 0 8 -0.285383
1 7 0 8 -0.285589
1 75 0 8 -0.286211
25 73 0 8 -0.286438
8 46 0 8 -0.286644
3 65 0 8 -0.286765
12 82 0 8 -0.287514
51 81 0 8 -0.287608
67 76 0 8 -0.288114
65 71 0 8 -0.288395
52 67 0 8 -0.289388
73 86 0 8 -0.289467
21 50 0 8 -0.290747
30 52 0 8 -0.291640
43 75 0 8 -0.292914
29 78 0 8 -0.293009
45 70 0 8 -0.293553
78 84 0 8 -0.293622
56 73 0 8 -0.293893
8 78 0 8 -0.293922
37 57 0 8 -0.294339
54 80 0 8 -0.295423
28 58 0 8 -0.295637
11 16 0 8 -0.295771
13 78 0 8 -0.295869
37 54 0 8 -0.296074
13 70 0 8 -0.296093
21 35 0 8 -0.296373
20 32 0 8 -0.296672
11 36 0 8 -0.297585
24 57 0 8 -0.297920
76 82 0 8 -0.298851
42 65 0 8 -0.299435
28 41 0 8 -0.300395
28 81 0 8 -0.300584
41 69 0 8 -0.300709
12 64 0 8 -0.303626
77 87 0 8 -0.304465
1 56 0 8 -0.304501
19 85 0 8 -0.306208
2 43 0 8 -0.307833
4 36 0 8 -0.308454
48 87 0 8 -0.309059
2 27 0 8 -0.309212
41 81 0 8 -0.309231
18 87 0 8 -0.309276
1 41 0 8 -0.309911
16 72 0 8 -0.310369
16 78 0 8 -0.312082
14 73 0 8 -0.312088
52 82 0 8 -0.312884
22 70 0 8 -0.312939
37 75 0 8 -0.312980
33 66 0 8 -0.313024
6 66 0 8 -0.313062
6 75 0 8 -0.313332
3 12 0 8 -0.314616
78 87 0 8 -0.314721
13 66 0 8 -0.315128
37 44 0 8 -0.315487
67 75 0 8 -0.315792
43 68 0 8 -0.316061
10 27 0 8 -0.316814
14 34 0 8 -0.317338
12 40 0 8 -0.317441
66 86 0 8 -0.317552
18 68 0 8 -0.317816
7 74 0 8 -0.318282
12 59 0 8 -0.318680
14 75 0 8 -0.319512
63 77 0 8 -0.319997
58 82 0 8 -0.320579
16 33 0 8 -0.320654
1 23 0 8 -0.321016
66 74 0 8 -0.321795
28 42 0 8 -0.322281
2 58 0 8 -0.322298
66 81 0 8 -0.322659
4 22 0 8 -0.323292
16 25 0 8 -0.323526
38 55 0 8 -0.323656
1 19 0 8 -0.323735
37 61 0 8 -0.323995
15 34 0 8 -0.324078
34 68 0 8 -0.324511
70 79 0 8 -0.325432
68 86 0 8 -0.325521
3 34 0 8 -0.325829
57 63 0 8 -0.327217
12 39 0 8 -0.328589
73 83 0 8 -0.328797
8 19 0 8 -0.330937
12 83 0 8 -0.331088
10 73 0 8 -0.331362
50 87 0 8 -0.332101
52 78 0 8 -0.332401
17 36 0 8 -0.333625
7 66 0 8 -0.333759
26 78 0 8 -0.334862
16 56 0 8 -0.334960
12 60 0 8 -0.335906
17 59 0 8 -0.337407
54 71 0 8 -0.338833
16 36 0 8 -0.339860
27 86 0 8 -0.340136
13 76 0 8 -0.340636
20 59 0 8 -0.341364
1 49 0 8 -0.342584
12 56 0 8 -0.343020
31 76 0 8 -0.343046
5 39 0 8 -0.343269
8 85 0 8 -0.344979
36 57 0 8 -0.346017
31 46 0 8 -0.346529
4 29 0 8 -0.346953
58 72 0 8 -0.347741
58 77 0 8 -0.348678
51 73 0 8 -0.348731
42 75 0 8 -0.349076
5 68 0 8 -0.349394
11 55 0 8 -0.349860
6 24 0 8 -0.349883
6 79 0 8 -0.350017
35 43 0 8 -0.350127
34 80 0 8 -0.350324
31 74 0 8 -0.350348
53 87 0 8 -0.350641
54 87 0 8 -0.351072
41 82 0 8 -0.351151
5 15 0 8 -0.351308
1 50 0 8 -0.352527
1 22 0 8 -0.352531
21 67 0 8 -0.352647
27 34 0 8 -0.352708
52 87 0 8 -0.352903
15 26 0 8 -0.353452
2 83 0 8 -0.355079
7 87 0 8 -0.355214
14 63 0 8 -0.355311
30 45 0 8 -0.355865
39 79 0 8 -0.356141
12 48 0 8 -0.356216
12 73 0 8 -0.356547
4 16 0 8 -0.356954
40 83 0 8 -0.357799
3 60 0 8 -0.358153
17 28 0 8 -0.358730
38 66 0 8 -0.359010
1 63 0 8 -0.359181
6 25 0 8 -0.359340
75 86 0 8 -0.359402
3 79 0 8 -0.359613
31 63 0 8 -0.360376
56 82 0 8 -0.360549
12 61 0 8 -0.360565
10 65 0 8 -0.360920
5 71 0 8 -0.361343
17 52 0 8 -0.362067
22 84 0 8 -0.363904
52 84 0 8 -0.367078
46 71 0 8 -0.368124
40 86 0 8 -0.370484
6 50 0 8 -0.371514
58 74 0 8 -0.371723
45 62 0 8 -0.372080
53 66 0 8 -0.372278
35 71 0 8 -0.372958
12 62 0 8 -0.374564
15 35 0 8 -0.376425
59 65 0 8 -0.376657
18 54 0 8 -0.376672
29 69 0 8 -0.377087
25 85 0 8 -0.377429
18 76 0 8 -0.377578
12 67 0 8 -0.378343
19 46 0 8 -0.378506
43 61 0 8 -0.378884
7 53 0 8 -0.379760
16 31 0 8 -0.379828
25 66 0 8 -0.380487
11 67 0 8 -0.381170
33 87 0 8 -0.382167
42 55 0 8 -0.382441
16 69 0 8 -0.382493
57 75 0 8 -0.382529
29 82 0 8 -0.382675
25 46 0 8 -0.383162
1 46 0 8 -0.383305
36 48 0 8 -0.384104
26 58 0 8 -0.384822
8 16 0 8 -0.385256
54 78 0 8 -0.385318
29 61 0 8 -0.385425
55 65 0 8 -0.385917
60 70 0 8 -0.385984
9 66 0 8 -0.386161
70 75 0 8 -0.386291
31 48 0 8 -0.387474
47 86 0 8 -0.388070
32 38 0 8 -0.388195
16 81 0 8 -0.390418
28 67 0 8 -0.391700
16 68 0 8 -0.393039
15 69 0 8 -0.393161
27 84 0 8 -0.393330
13 28 0 8 -0.393389
3 23 0 8 -0.393404
41 72 0 8 -0.393541
79 86 0 8 -0.394466
34 74 0 8 -0.394793
15 43 0 8 -0.395694
16 30 0 8 -0.395769
14 58 0 8 -0.395985
6 71 0 8 -0.396494
20 73 0 8 -0.396611
22 51 0 8 -0.397035
12 81 0 8 -0.397241
4 60 0 8 -0.397513
23 36 0 8 -0.398933
8 65 0 8 -0.399009
40 82 0 8 -0.399210
26 62 0 8 -0.399549
28 76 0 8 -0.399666
53 70 0 8 -0.399699
38 50 0 8 -0.399790
62 72 0 8 -0.399847
17 49 0 8 -0.400253
33 82 0 8 -0.400364
12 69 0 8 -0.400500
31 77 0 8 -0.401097
16 50 0 8 -0.402577
20 68 0 8 -0.402607
34 83 0 8 -0.402793
12 74 0 8 -0.403456
42 64 0 8 -0.403675
14 42 0 8 -0.403677
16 84 0 8 -0.404572
63 80 0 8 -0.404697
15 68 0 8 -0.405432
16 76 0 8 -0.405855
15 66 0 8 -0.406052
66 78 0 8 -0.406371
14 41 0 8 -0.406440
59 66 0 8 -0.406533
17 68 0 8 -0.406759
16 60 0 8 -0.406961
10 70 0 8 -0.407524
14 65 0 8 -0.408363
17 57 0 8 -0.408717
50 69 0 8 -0.408900
3 66 0 8 -0.408909
18 66 0 8 -0.410002
28 78 0 8 -0.410066
66 84 0 8 -0.411504
65 82 0 8 -0.412177
2 30 0 8 -0.413132
18 43 0 8 -0.413420
31 75 0 8 -0.413519
32 83 0 8 -0.414256
50 66 0 8 -0.415032
23 78 0 8 -0.415293
12 42 0 8 -0.415301
12 47 0 8 -0.416851
7 50 0 8 -0.417398
24 41 0 8 -0.418030
49 57 0 8 -0.418137
5 29 0 8 -0.418232
58 84 0 8 -0.419414
47 68 0 8 -0.420269
74 80 0 8 -0.420386
1 51 0 8 -0.420914
48 71 0 8 -0.421048
17 48 0 8 -0.421188
50 84 0 8 -0.421843
20 39 0 8 -0.422248
49 87 0 8 -0.422713
2 38 0 8 -0.422756
9 71 0 8 -0.422903
11 26 0 8 -0.423098
35 56 0 8 -0.423242
57 65 0 8 -0.424302
59 82 0 8 -0.424432
74 85 0 8 -0.425383
26 86 0 8 -0.425777
21 48 0 8 -0.425811
7 84 0 8 -0.426055
53 74 0 8 -0.426080
29 74 0 8 -0.426545
26 40 0 8 -0.426996
66 76 0 8 -0.428759
14 67 0 8 -0.429843
44 74 0 8 -0.429869
27 79 0 8 -0.430258
45 64 0 8 -0.431677
20 72 0 8 -0.432147
16 65 0 8 -0.432436
13 31 0 8 -0.432838
3 19 0 8 -0.433150
47 66 0 8 -0.433400
14 71 0 8 -0.433536
47 54 0 8 -0.433757
12 63 0 8 -0.434292
15 30 0 8 -0.434907
9 19 0 8 -0.435148
12 29 0 8 -0.435182
5 23 0 8 -0.436279
4 32 0 8 -0.436296
21 54 0 8 -0.436345
46 86 0 8 -0.436408
33 59 0 8 -0.436705
14 28 0 8 -0.436809
18 37 0 8 -0.436810
3 43 0 8 -0.439412
69 86 0 8 -0.439949
29 87 0 8 -0.440436
46 79 0 8 -0.440556
36 84 0 8 -0.441034
20 69 0 8 -0.441612
4 18 0 8 -0.442023
35 67 0 8 -0.442083
2 36 0 8 -0.442273
37 87 0 8 -0.442682
62 84 0 8 -0.443609
15 54 0 8 -0.444022
39 73 0 8 -0.445967
32 87 0 8 -0.447022
40 66 0 8 -0.447455
37 70 0 8 -0.447878
12 37 0 8 -0.448611
41 74 0 8 -0.449715
34 50 0 8 -0.450234
7 69 0 8 -0.450272
36 66 0 8 -0.450275
33 58 0 8 -0.450313
51 62 0 8 -0.450720
15 62 0 8 -0.453143
48 82 0 8 -0.453316
20 76 0 8 -0.453717
17 33 0 8 -0.455432
6 17 0 8 -0.456259
68 74 0 8 -0.456399
61 66 0 8 -0.456459
16 59 0 8 -0.456678
12 19 0 8 -0.456864
6 52 0 8 -0.457339
45 84 0 8 -0.458070
27 52 0 8 -0.458083
63 68 0 8 -0.459478
12 24 0 8 -0.459862
58 86 0 8 -0.460109
57 69 0 8 -0.461721
10 36 0 8 -0.462084
35 82 0 8 -0.462130
51 87 0 8 -0.464081
58 67 0 8 -0.464437
64 87 0 8 -0.464467
7 70 0 8 -0.466795
14 62 0 8 -0.468004
42 71 0 8 -0.468106
19 74 0 8 -0.468323
68 85 0 8 -0.468603
54 70 0 8 -0.468832
28 87 0 8 -0.469547
27 66 0 8 -0.469899
29 49 0 8 -0.470706
40 65 0 8 -0.470788
4 21 0 8 -0.471419
14 72 0 8 -0.472717
16 27 0 8 -0.473259
32 70 0 8 -0.473875
6 61 0 8 -0.474560
43 56 0 8 -0.475301
66 73 0 8 -0.475438
72 81 0 8 -0.475685
54 63 0 8 -0.476112
11 79 0 8 -0.476567
69 82 0 8 -0.476696
54 67 0 8 -0.477386
18 77 0 8 -0.477451
6 82 0 8 -0.477665
42 61 0 8 -0.478126
2 72 0 8 -0.478348
2 29 0 8 -0.478616
41 83 0 8 -0.478910
9 42 0 8 -0.478973
13 59 0 8 -0.479048
45 53 0 8 -0.479110
3 35 0 8 -0.479676
12 23 0 8 -0.479680
52 83 0 8 -0.481301
57 76 0 8 -0.482518
30 75 0 8 -0.482873
15 38 0 8 -0.483539
7 76 0 8 -0.484016
45 59 0 8 -0.485182
28 49 0 8 -0.485888
2 10 0 8 -0.486125
19 81 0 8 -0.487218
12 31 0 8 -0.487262
50 82 0 8 -0.487312
1 48 0 8 -0.487397
55 87 0 8 -0.487572
28 52 0 8 -0.487600
67 77 0 8 -0.488126
5 47 0 8 -0.488721
8 73 0 8 -0.489125
5 64 0 8 -0.489460
12 77 0 8 -0.490308
37 83 0 8 -0.490646
31 47 0 8 -0.492080
58 83 0 8 -0.492626
15 82 0 8 -0.492872
31 84 0 8 -0.493295
43 72 0 8 -0.493899
14 70 0 8 -0.494634
34 51 0 8 -0.495474
25 87 0 8 -0.495768
39 77 0 8 -0.497048
10 79 0 8 -0.497243
6 81 0 8 -0.497360
9 51 0 8 -0.497829
65 83 0 8 -0.498698
2 9 0 8 -0.500343
75 80 0 8 -0.500848
28 60 0 8 -0.500868
61 72 0 8 -0.501009
9 67 0 8 -0.501796
33 64 0 8 -0.501907
34 86 0 8 -0.502169
28 62 0 8 -0.502266
26 44 0 8 -0.502457
48 73 0 8 -0.502463
15 74 0 8 -0.502882
56 77 0 8 -0.503155
60 86 0 8 -0.504700
14 52 0 8 -0.505908
56 71 0 8 -0.507027
23 83 0 8 -0.507170
2 46 0 8 -0.507328
61 68 0 8 -0.508257
23 75 0 8 -0.508767
12 55 0 8 -0.509094
14 37 0 8 -0.509691
30 36 0 8 -0.509729
10 76 0 8 -0.510177
67 84 0 8 -0.510821
34 82 0 8 -0.511599
21 60 0 8 -0.512123
57 84 0 8 -0.512289
56 78 0 8 -0.512666
6 47 0 8 -0.513428
14 32 0 8 -0.513878
18 53 0 8 -0.513926
41 87 0 8 -0.514265
2 64 0 8 -0.514616
34 66 0 8 -0.514860
46 87 0 8 -0.515955
8 14 0 8 -0.516158
58 73 0 8 -0.516355
61 81 0 8 -0.517163
10 41 0 8 -0.517836
23 58 0 8 -0.518289
42 80 0 8 -0.519676
61 80 0 8 -0.519690
54 84 0 8 -0.520438
13 29 0 8 -0.521999
4 20 0 8 -0.522311
48 70 0 8 -0.522597
42 87 0 8 -0.522970
13 83 0 8 -0.522996
16 67 0 8 -0.523052
7 45 0 8 -0.524942
70 76 0 8 -0.525784
23 87 0 8 -0.525937
41 71 0 8 -0.525955
29 77 0 8 -0.526194
33 46 0 8 -0.526443
4 66 0 8 -0.526652
3 40 0 8 -0.527303
20 71 0 8 -0.527870
28 64 0 8 -0.528720
25 57 0 8 -0.529321
29 86 0 8 -0.530147
14 59 0 8 -0.530192
39 74 0 8 -0.530727
31 79 0 8 -0.531443
5 16 0 8 -0.531470
44 87 0 8 -0.531690
24 74 0 8 -0.532816
44 86 0 8 -0.534379
14 50 0 8 -0.534792
16 63 0 8 -0.535945
28 35 0 8 -0.537349
64 83 0 8 -0.537803
6 60 0 8 -0.538200
35 80 0 8 -0.538727
24 30 0 8 -0.539000
7 73 0 8 -0.539040
31 87 0 8 -0.539767
3 64 0 8 -0.539786
14 54 0 8 -0.540491
71 83 0 8 -0.542000
35 44 0 8 -0.542916
15 72 0 8 -0.543861
3 68 0 8 -0.545376
16 42 0 8 -0.546128
29 37 0 8 -0.546536
8 75 0 8 -0.546546
18 67 0 8 -0.547435
56 76 0 8 -0.547525
15 75 0 8 -0.549448
17 83 0 8 -0.549710
61 77 0 8 -0.549936
2 85 0 8 -0.550717
6 86 0 8 -0.552165
16 53 0 8 -0.552479
68 84 0 8 -0.552769
37 76 0 8 -0.553248
11 38 0 8 -0.555303
39 49 0 8 -0.555894
71 76 0 8 -0.557210
64 82 0 8 -0.557445
46 78 0 8 -0.557514
20 75 0 8 -0.558603
68 82 0 8 -0.558670
33 81 0 8 -0.559683
19 43 0 8 -0.560186
36 87 0 8 -0.560580
25 63 0 8 -0.561155
13 64 0 8 -0.561493
4 57 0 8 -0.562329
28 45 0 8 -0.562620
37 72 0 8 -0.562622
8 71 0 8 -0.563401
51 64 0 8 -0.563920
16 54 0 8 -0.564930
34 44 0 8 -0.564953
4 86 0 8 -0.565019
27 87 0 8 -0.565453
26 64 0 8 -0.565544
18 52 0 8 -0.565935
44 77 0 8 -0.566183
65 85 0 8 -0.566349
44 59 0 8 -0.567456
54 69 0 8 -0.567762
17 74 0 8 -0.568088
2 34 0 8 -0.569125
21 86 0 8 -0.569486
34 84 0 8 -0.569617
11 52 0 8 -0.569634
21 82 0 8 -0.570078
68 81 0 8 -0.570140
46 67 0 8 -0.570335
4 10 0 8 -0.570544
41 56 0 8 -0.570557
61 71 0 8 -0.571190
71 85 0 8 -0.571269
2 86 0 8 -0.571321
38 86 0 8 -0.571346
36 65 0 8 -0.571364
44 83 0 8 -0.571445
17 86 0 8 -0.571576
56 64 0 8 -0.571847
47 87 0 8 -0.573132
19 72 0 8 -0.574784
53 82 0 8 -0.574896
17 71 0 8 -0.574957
19 66 0 8 -0.575466
12 35 0 8 -0.575815
18 86 0 8 -0.576148
21 30 0 8 -0.577454
7 65 0 8 -0.577699
19 83 0 8 -0.578615
28 59 0 8 -0.578915
12 51 0 8 -0.579615
16 37 0 8 -0.579714
2 60 0 8 -0.579982
5 72 0 8 -0.580092
14 76 0 8 -0.581018
9 68 0 8 -0.581073
16 47 0 8 -0.581249
30 50 0 8 -0.581910
44 85 0 8 -0.582486
2 44 0 8 -0.582503
28 69 0 8 -0.583246
50 85 0 8 -0.584072
46 70 0 8 -0.584692
4 79 0 8 -0.587669
45 74 0 8 -0.588309
72 86 0 8 -0.588919
2 70 0 8 -0.589372
41 84 0 8 -0.589376
43 69 0 8 -0.589732
2 82 0 8 -0.589940
18 50 0 8 -0.590011
37 66 0 8 -0.590308
10 40 0 8 -0.590791
9 49 0 8 -0.591028
48 64 0 8 -0.591657
47 70 0 8 -0.591940
41 68 0 8 -0.593254
4 39 0 8 -0.593854
47 63 0 8 -0.594222
21 51 0 8 -0.594449
21 75 0 8 -0.595094
4 25 0 8 -0.595317
29 52 0 8 -0.595459
8 36 0 8 -0.595471
51 76 0 8 -0.596187
24 34 0 8 -0.596378
21 29 0 8 -0.596662
17 72 0 8 -0.597598
14 68 0 8 -0.598629
16 80 0 8 -0.598880
2 80 0 8 -0.599636
2 52 0 8 -0.599809
7 72 0 8 -0.600703
3 21 0 8 -0.601084
25 33 0 8 -0.601113
45 85 0 8 -0.602134
24 84 0 8 -0.602182
2 7 0 8 -0.602244
45 78 0 8 -0.602507
9 22 0 8 -0.602661
68 78 0 8 -0.603731
13 22 0 8 -0.604652
44 67 0 8 -0.605231
6 48 0 8 -0.605369
14 31 0 8 -0.606811
29 47 0 8 -0.607796
47 77 0 8 -0.608376
10 37 0 8 -0.608616
4 28 0 8 -0.609731
18 39 0 8 -0.609919
41 75 0 8 -0.610781
34 76 0 8 -0.611215
31 80 0 8 -0.611282
56 61 0 8 -0.611617
27 60 0 8 -0.611801
52 85 0 8 -0.612617
40 51 0 8 -0.613181
6 15 0 8 -0.613959
3 15 0 8 -0.614908
14 77 0 8 -0.616243
7 41 0 8 -0.617080
53 71 0 8 -0.617404
72 83 0 8 -0.617680
17 67 0 8 -0.618161
28 37 0 8 -0.618654
2 50 0 8 -0.619185
6 14 0 8 -0.619407
41 50 0 8 -0.619605
3 11 0 8 -0.619789
22 32 0 8 -0.619832
13 75 0 8 -0.620965
48 80 0 8 -0.622580
7 15 0 8 -0.622593
8 24 0 8 -0.623138
5 56 0 8 -0.623654
55 72 0 8 -0.623982
51 66 0 8 -0.624777
28 50 0 8 -0.625586
67 73 0 8 -0.626430
29 50 0 8 -0.627399
55 80 0 8 -0.627985
15 39 0 8 -0.628402
26 84 0 8 -0.629453
3 85 0 8 -0.630679
24 48 0 8 -0.631163
5 83 0 8 -0.632484
17 32 0 8 -0.634029
68 80 0 8 -0.635059
11 43 0 8 -0.635489
63 70 0 8 -0.637958
20 33 0 8 -0.638668
45 86 0 8 -0.640108
49 76 0 8 -0.641281
59 68 0 8 -0.642963
36 78 0 8 -0.644761
5 61 0 8 -0.644816
53 83 0 8 -0.644826
68 73 0 8 -0.645089
24 66 0 8 -0.645981
3 17 0 8 -0.646303
26 35 0 8 -0.649004
52 80 0 8 -0.649596
14 20 0 8 -0.650256
4 65 0 8 -0.651238
7 40 0 8 -0.652321
72 85 0 8 -0.653430
10 28 0 8 -0.653652
65 81 0 8 -0.654310
56 75 0 8 -0.654814
14 44 0 8 -0.657661
13 84 0 8 -0.657732
46 73 0 8 -0.658176
23 81 0 8 -0.658976
69 78 0 8 -0.660876
6 64 0 8 -0.661297
39 68 0 8 -0.662922
40 58 0 8 -0.662972
18 75 0 8 -0.663893
18 23 0 8 -0.664137
31 50 0 8 -0.664349
24 58 0 8 -0.665023
41 59 0 8 -0.667013
7 39 0 8 -0.667984
44 61 0 8 -0.668328
20 37 0 8 -0.669344
62 69 0 8 -0.670729
38 80 0 8 -0.671637
7 42 0 8 -0.672138
31 86 0 8 -0.672507
33 48 0 8 -0.672684
25 59 0 8 -0.673657
62 67 0 8 -0.673945
59 76 0 8 -0.674629
8 61 0 8 -0.675938
5 65 0 8 -0.676157
15 84 0 8 -0.676620
23 38 0 8 -0.677068
40 68 0 8 -0.677118
18 80 0 8 -0.677378
60 72 0 8 -0.677481
44 73 0 8 -0.678217
59 77 0 8 -0.679326
24 86 0 8 -0.679537
35 58 0 8 -0.679767
21 65 0 8 -0.680346
28 85 0 8 -0.680862
13 47 0 8 -0.682836
49 56 0 8 -0.683799
10 68 0 8 -0.684398
34 39 0 8 -0.684848
7 49 0 8 -0.685568
64 71 0 8 -0.685697
6 29 0 8 -0.686352
45 76 0 8 -0.686512
29 45 0 8 -0.686695
57 77 0 8 -0.686842
22 75 0 8 -0.688366
32 42 0 8 -0.688544
8 22 0 8 -0.688795
4 56 0 8 -0.688933
56 84 0 8 -0.689229
44 70 0 8 -0.689273
29 57 0 8 -0.689333
19 68 0 8 -0.691545
44 64 0 8 -0.693677
13 71 0 8 -0.693781
35 65 0 8 -0.694115
43 51 0 8 -0.696986
55 76 0 8 -0.698090
7 24 0 8 -0.699404
23 66 0 8 -0.699537
52 86 0 8 -0.699742
59 84 0 8 -0.700343
46 72 0 8 -0.702558
61 67 0 8 -0.702840
3 86 0 8 -0.702936
32 52 0 8 -0.703318
69 80 0 8 -0.703693
21 33 0 8 -0.703900
64 78 0 8 -0.703904
35 87 0 8 -0.704150
53 65 0 8 -0.704654
15 58 0 8 -0.704793
17 73 0 8 -0.705248
51 75 0 8 -0.705406
32 80 0 8 -0.705541
15 67 0 8 -0.705855
45 65 0 8 -0.706639
19 40 0 8 -0.707495
13 27 0 8 -0.708880
3 42 0 8 -0.710102
2 33 0 8 -0.710592
49 72 0 8 -0.711509
47 81 0 8 -0.711580
14 22 0 8 -0.711883
19 70 0 8 -0.711960
10 49 0 8 -0.712019
46 81 0 8 -0.712673
22 47 0 8 -0.713453
26 87 0 8 -0.714146
25 86 0 8 -0.714532
62 79 0 8 -0.715218
19 34 0 8 -0.715294
37 64 0 8 -0.716060
33 61 0 8 -0.716279
3 29 0 8 -0.716723
13 43 0 8 -0.716899
48 77 0 8 -0.716905
6 45 0 8 -0.717288
64 77 0 8 -0.717855
28 86 0 8 -0.718904
5 75 0 8 -0.719126
18 61 0 8 -0.719465
37 50 0 8 -0.719675
47 85 0 8 -0.720198
52 71 0 8 -0.720859
14 43 0 8 -0.720927
32 63 0 8 -0.721658
20 65 0 8 -0.722705
67 82 0 8 -0.724643
25 54 0 8 -0.725042
14 60 0 8 -0.725923
4 46 0 8 -0.726560
37 51 0 8 -0.726985
38 77 0 8 -0.728515
39 84 0 8 -0.728745
9 77 0 8 -0.731639
33 75 0 8 -0.731666
48 57 0 8 -0.732792
34 64 0 8 -0.733096
34 73 0 8 -0.733150
30 40 0 8 -0.733610
22 31 0 8 -0.734580
7 82 0 8 -0.734922
9 73 0 8 -0.735348
8 87 0 8 -0.735385
2 59 0 8 -0.736048
17 31 0 8 -0.737554
4 53 0 8 -0.737997
40 80 0 8 -0.738097
25 68 0 8 -0.738371
9 28 0 8 -0.739007
39 72 0 8 -0.739892
65 84 0 8 -0.740558
7 29 0 8 -0.741073
14 74 0 8 -0.742828
23 57 0 8 -0.742941
15 77 0 8 -0.743016
17 82 0 8 -0.744643
19 56 0 8 -0.745177
11 44 0 8 -0.745559
3 54 0 8 -0.746268
32 56 0 8 -0.746401
14 30 0 8 -0.746854
24 81 0 8 -0.748234
24 37 0 8 -0.749515
41 55 0 8 -0.749691
10 77 0 8 -0.749857
8 42 0 8 -0.753432
13 73 0 8 -0.755899
30 58 0 8 -0.757669
18 81 0 8 -0.758182
41 67 0 8 -0.758355
24 46 0 8 -0.758910
10 33 0 8 -0.759042
22 29 0 8 -0.760158
18 85 0 8 -0.760221
4 63 0 8 -0.760242
3 59 0 8 -0.760479
5 76 0 8 -0.760653
17 40 0 8 -0.760680
28 77 0 8 -0.761251
11 34 0 8 -0.761491
17 80 0 8 -0.762485
4 83 0 8 -0.763732
64 75 0 8 -0.763889
48 72 0 8 -0.764428
38 72 0 8 -0.764472
54 72 0 8 -0.765212
10 29 0 8 -0.766262
14 78 0 8 -0.766600
9 53 0 8 -0.766802
39 44 0 8 -0.767726
21 83 0 8 -0.767927
14 25 0 8 -0.768211
26 65 0 8 -0.768561
6 30 0 8 -0.768613
41 86 0 8 -0.769297
31 70 0 8 -0.770666
18 59 0 8 -0.770720
23 40 0 8 -0.770999
63 86 0 8 -0.772234
10 25 0 8 -0.772337
11 87 0 8 -0.772663
36 42 0 8 -0.772733
17 37 0 8 -0.773642
44 58 0 8 -0.773981
4 9 0 8 -0.776606
5 14 0 8 -0.777423
38 69 0 8 -0.778313
2 31 0 8 -0.779287
70 83 0 8 -0.780172
15 78 0 8 -0.780263
54 76 0 8 -0.780809
30 81 0 8 -0.782578
53 67 0 8 -0.783784
9 83 0 8 -0.783802
11 63 0 8 -0.783991
28 73 0 8 -0.784061
2 23 0 8 -0.784382
18 32 0 8 -0.784576
70 85 0 8 -0.784718
47 72 0 8 -0.785038
21 52 0 8 -0.786112
15 85 0 8 -0.788792
17 81 0 8 -0.788865
35 60 0 8 -0.789643
42 62 0 8 -0.789968
73 84 0 8 -0.791246
42 52 0 8 -0.792790
19 38 0 8 -0.794102
31 59 0 8 -0.794603
26 67 0 8 -0.795075
37 52 0 8 -0.797580
31 56 0 8 -0.798911
23 44 0 8 -0.799847
30 51 0 8 -0.799896
49 84 0 8 -0.800157
33 52 0 8 -0.800980
15 28 0 8 -0.801312
50 59 0 8 -0.801981
19 49 0 8 -0.802020
41 79 0 8 -0.802310
25 40 0 8 -0.802669
18 31 0 8 -0.803664
34 72 0 8 -0.803958
3 55 0 8 -0.804626
33 72 0 8 -0.804750
21 72 0 8 -0.804801
35 55 0 8 -0.804869
61 86 0 8 -0.806025
34 69 0 8 -0.806885
13 68 0 8 -0.806917
20 44 0 8 -0.807290
42 82 0 8 -0.807512
21 77 0 8 -0.807741
59 85 0 8 -0.808121
13 24 0 8 -0.808707
49 71 0 8 -0.809609
44 56 0 8 -0.809634
32 86 0 8 -0.810103
22 67 0 8 -0.811146
4 80 0 8 -0.811999
5 38 0 8 -0.812324
11 25 0 8 -0.812984
31 71 0 8 -0.813004
39 76 0 8 -0.813009
60 68 0 8 -0.813013
53 81 0 8 -0.813092
27 57 0 8 -0.813677
3 76 0 8 -0.816017
30 83 0 8 -0.816743
28 33 0 8 -0.817461
59 73 0 8 -0.817465
36 72 0 8 -0.817708
18 64 0 8 -0.818444
5 48 0 8 -0.818788
50 76 0 8 -0.819280
28 54 0 8 -0.819419
53 77 0 8 -0.819499
8 83 0 8 -0.819934
50 86 0 8 -0.820769
2 68 0 8 -0.821796
25 83 0 8 -0.822210
45 57 0 8 -0.825850
19 73 0 8 -0.827942
15 65 0 8 -0.828052
38 56 0 8 -0.828873
35 68 0 8 -0.829169
41 85 0 8 -0.831645
4 81 0 8 -0.831717
53 68 0 8 -0.833196
44 82 0 8 -0.835064
23 86 0 8 -0.835128
44 84 0 8 -0.835332
10 23 0 8 -0.835916
4 84 0 8 -0.835918
15 21 0 8 -0.835931
23 54 0 8 -0.835988
60 65 0 8 -0.836433
18 62 0 8 -0.836753
11 66 0 8 -0.837039
41 70 0 8 -0.839327
29 76 0 8 -0.840040
4 77 0 8 -0.841054
14 55 0 8 -0.843434
48 62 0 8 -0.845277
56 83 0 8 -0.845765
17 65 0 8 -0.846877
29 80 0 8 -0.847010
14 53 0 8 -0.849273
6 49 0 8 -0.849625
10 63 0 8 -0.849889
21 85 0 8 -0.850348
36 86 0 8 -0.850450
36 82 0 8 -0.851729
17 39 0 8 -0.853789
67 85 0 8 -0.854013
9 25 0 8 -0.854282
2 55 0 8 -0.855267
35 66 0 8 -0.855307
59 86 0 8 -0.856669
29 43 0 8 -0.856750
31 52 0 8 -0.856871
25 79 0 8 -0.857643
17 22 0 8 -0.857982
34 63 0 8 -0.858497
29 42 0 8 -0.858626
13 72 0 8 -0.860270
8 18 0 8 -0.860721
23 73 0 8 -0.860760
41 73 0 8 -0.860906
22 82 0 8 -0.861070
2 69 0 8 -0.861201
4 58 0 8 -0.861348
55 66 0 8 -0.862719
59 81 0 8 -0.863466
15 49 0 8 -0.863907
63 85 0 8 -0.865099
25 49 0 8 -0.865608
44 78 0 8 -0.866444
48 65 0 8 -0.867679
63 79 0 8 -0.867945
30 46 0 8 -0.868261
70 84 0 8 -0.869758
27 69 0 8 -0.871911
2 17 0 8 -0.872171
52 58 0 8 -0.873488
5 53 0 8 -0.874553
31 83 0 8 -0.876222
39 46 0 8 -0.877727
5 63 0 8 -0.879411
27 53 0 8 -0.880521
45 60 0 8 -0.882164
24 76 0 8 -0.883365
37 86 0 8 -0.883870
62 85 0 8 -0.884134
61 79 0 8 -0.884315
32 69 0 8 -0.884624
3 31 0 8 -0.885034
10 72 0 8 -0.887709
65 77 0 8 -0.888604
15 36 0 8 -0.888919
31 41 0 8 -0.889956
33 47 0 8 -0.890082
26 81 0 8 -0.890962
64 74 0 8 -0.891204
46 75 0 8 -0.891890
17 24 0 8 -0.893575
22 85 0 8 -0.894359
60 76 0 8 -0.894489
45 55 0 8 -0.894789
75 84 0 8 -0.896294
42 84 0 8 -0.898491
11 48 0 8 -0.898597
17 46 0 8 -0.902321
8 67 0 8 -0.902789
23 30 0 8 -0.903200
59 64 0 8 -0.903890
45 52 0 8 -0.905800
25 41 0 8 -0.905821
35 69 0 8 -0.906427
19 84 0 8 -0.907768
22 77 0 8 -0.908930
9 37 0 8 -0.909480
19 75 0 8 -0.910048
23 76 0 8 -0.910275
13 44 0 8 -0.910615
9 76 0 8 -0.911115
19 54 0 8 -0.911772
15 81 0 8 -0.912804
6 46 0 8 -0.912831
38 62 0 8 -0.915039
18 65 0 8 -0.915298
63 81 0 8 -0.915849
38 46 0 8 -0.916498
18 74 0 8 -0.916508
15 33 0 8 -0.916540
47 67 0 8 -0.919514
31 72 0 8 -0.920334
9 29 0 8 -0.920527
32 59 0 8 -0.921015
11 71 0 8 -0.921285
14 24 0 8 -0.921622
9 34 0 8 -0.926171
11 68 0 8 -0.926296
41 78 0 8 -0.926359
54 75 0 8 -0.926501
3 67 0 8 -0.927107
49 83 0 8 -0.927332
22 57 0 8 -0.928546
26 77 0 8 -0.928928
51 72 0 8 -0.929029
14 46 0 8 -0.929233
60 84 0 8 -0.930462
20 36 0 8 -0.930897
36 52 0 8 -0.932005
28 56 0 8 -0.933505
15 37 0 8 -0.933692
52 68 0 8 -0.934300
10 71 0 8 -0.934519
14 61 0 8 -0.935407
20 48 0 8 -0.936845
3 57 0 8 -0.937175
28 40 0 8 -0.937222
34 47 0 8 -0.938785
39 60 0 8 -0.939255
52 62 0 8 -0.940702
25 56 0 8 -0.941291
19 71 0 8 -0.942216
17 25 0 8 -0.942326
55 73 0 8 -0.942461
58 81 0 8 -0.942767
58 75 0 8 -0.943026
3 36 0 8 -0.943177
24 31 0 8 -0.943552
25 30 0 8 -0.944458
50 72 0 8 -0.947584
7 86 0 8 -0.947809
19 77 0 8 -0.949273
39 64 0 8 -0.949875
6 63 0 8 -0.951516
8 21 0 8 -0.952939
9 74 0 8 -0.953107
44 57 0 8 -0.953339
61 83 0 8 -0.953363
9 72 0 8 -0.954380
24 43 0 8 -0.954463
51 82 0 8 -0.954894
21 55 0 8 -0.956110
32 45 0 8 -0.956693
11 23 0 8 -0.958045
40 81 0 8 -0.958143
43 53 0 8 -0.960307
32 39 0 8 -0.960637
9 78 0 8 -0.961628
15 45 0 8 -0.966441
20 57 0 8 -0.967253
31 55 0 8 -0.968433
7 77 0 8 -0.970783
5 36 0 8 -0.971435
27 42 0 8 -0.972049
27 37 0 8 -0.973989
61 85 0 8 -0.974328
45 61 0 8 -0.974846
51 70 0 8 -0.974891
11 73 0 8 -0.975111
21 64 0 8 -0.975802
20 35 0 8 -0.976327
43 54 0 8 -0.976846
32 85 0 8 -0.978202
49 74 0 8 -0.980308
21 37 0 8 -0.980401
8 30 0 8 -0.982792
24 83 0 8 -0.983758
5 32 0 8 -0.984031
36 64 0 8 -0.984048
37 68 0 8 -0.987428
32 58 0 8 -0.988975
54 68 0 8 -0.989910
28 82 0 8 -0.990610
23 77 0 8 -0.991353
21 56 0 8 -0.993314
69 85 0 8 -0.994220
17 35 0 8 -0.995052
38 53 0 8 -0.995283
5 69 0 8 -0.995317
4 30 0 8 -0.996316
48 69 0 8 -0.997114
9 69 0 8 -0.997162
52 74 0 8 -0.999145
5 35 0 8 -0.999218
22 45 0 8 -0.999474
52 70 0 8 -0.999847
19 29 0 8 -1.000156
36 79 0 8 -1.004011
2 42 0 8 -1.004515
47 74 0 8 -1.004720
42 51 0 8 -1.006707
26 54 0 8 -1.008516
24 77 0 8 -1.010433
28 74 0 8 -1.010959
48 78 0 8 -1.011355
32 41 0 8 -1.015292
55 81 0 8 -1.016638
2 26 0 8 -1.017905
26 79 0 8 -1.018217
55 69 0 8 -1.020656
21 71 0 8 -1.021797
2 40 0 8 -1.021834
20 81 0 8 -1.022526
5 22 0 8 -1.023766
24 36 0 8 -1.025113
62 71 0 8 -1.025520
52 59 0 8 -1.025801
5 34 0 8 -1.027710
22 72 0 8 -1.027727
18 78 0 8 -1.028237
28 63 0 8 -1.029212
10 39 0 8 -1.029941
55 78 0 8 -1.032916
22 38 0 8 -1.033516
73 85 0 8 -1.036843
22 65 0 8 -1.039003
21 74 0 8 -1.040859
4 64 0 8 -1.044565
41 77 0 8 -1.045132
30 48 0 8 -1.045426
22 33 0 8 -1.046695
20 82 0 8 -1.048250
5 57 0 8 -1.048260
43 77 0 8 -1.050033
37 85 0 8 -1.051102
3 58 0 8 -1.052430
4 73 0 8 -1.052611
4 62 0 8 -1.055299
13 56 0 8 -1.061337
46 85 0 8 -1.062113
2 21 0 8 -1.063733
33 62 0 8 -1.063974
6 27 0 8 -1.064743
18 73 0 8 -1.064780
36 67 0 8 -1.065365
44 52 0 8 -1.065787
7 30 0 8 -1.067045
33 83 0 8 -1.067438
9 17 0 8 -1.067524
30 59 0 8 -1.068796
17 70 0 8 -1.068847
10 64 0 8 -1.068951
51 74 0 8 -1.069342
3 30 0 8 -1.069574
44 50 0 8 -1.069782
49 62 0 8 -1.070755
4 85 0 8 -1.070874
13 85 0 8 -1.071353
43 52 0 8 -1.072290
15 27 0 8 -1.072561
7 22 0 8 -1.072622
56 70 0 8 -1.075943
10 38 0 8 -1.077060
9 46 0 8 -1.077282
26 32 0 8 -1.077999
13 40 0 8 -1.078164
9 62 0 8 -1.080850
43 71 0 8 -1.080862
26 57 0 8 -1.082063
31 64 0 8 -1.082101
42 78 0 8 -1.082413
54 79 0 8 -1.084215
5 31 0 8 -1.084701
17 30 0 8 -1.087416
17 75 0 8 -1.088279
32 71 0 8 -1.090064
15 24 0 8 -1.090188
36 85 0 8 -1.091411
9 48 0 8 -1.092676
60 69 0 8 -1.092964
8 68 0 8 -1.093477
40 74 0 8 -1.095411
9 52 0 8 -1.097358
3 71 0 8 -1.100342
19 32 0 8 -1.102262
31 58 0 8 -1.103842
7 71 0 8 -1.104102
4 40 0 8 -1.104131
40 64 0 8 -1.104577
23 68 0 8 -1.105247
21 31 0 8 -1.105304
15 23 0 8 -1.107579
15 40 0 8 -1.108996
50 63 0 8 -1.110981
24 64 0 8 -1.111374
5 27 0 8 -1.111897
50 74 0 8 -1.113173
64 85 0 8 -1.114599
43 82 0 8 -1.116704
29 79 0 8 -1.116798
54 74 0 8 -1.117049
30 62 0 8 -1.118407
32 51 0 8 -1.120820
27 80 0 8 -1.121036
33 45 0 8 -1.121494
41 58 0 8 -1.121526
41 80 0 8 -1.121552
5 30 0 8 -1.123305
28 84 0 8 -1.124228
26 69 0 8 -1.125031
22 68 0 8 -1.126245
6 42 0 8 -1.127593
23 56 0 8 -1.128011
6 11 0 8 -1.128028
60 71 0 8 -1.128843
15 31 0 8 -1.130056
23 51 0 8 -1.131726
2 47 0 8 -1.136611
10 62 0 8 -1.137318
19 31 0 8 -1.137866
9 27 0 8 -1.138290
27 50 0 8 -1.139321
24 38 0 8 -1.139715
63 84 0 8 -1.140190
8 52 0 8 -1.141024
35 45 0 8 -1.141871
2 25 0 8 -1.141974
25 42 0 8 -1.141984
19 60 0 8 -1.142920
44 75 0 8 -1.143199
10 15 0 8 -1.143440
11 37 0 8 -1.144173
10 61 0 8 -1.144203
48 84 0 8 -1.144780
53 62 0 8 -1.146293
19 35 0 8 -1.146610
10 42 0 8 -1.148965
7 62 0 8 -1.149352
26 60 0 8 -1.150011
7 63 0 8 -1.153138
49 85 0 8 -1.154129
51 83 0 8 -1.154505
4 82 0 8 -1.156489
65 80 0 8 -1.158115
17 61 0 8 -1.158582
9 70 0 8 -1.158595
63 72 0 8 -1.159311
23 34 0 8 -1.160837
58 69 0 8 -1.161560
3 82 0 8 -1.161731
25 51 0 8 -1.162608
29 59 0 8 -1.162656
8 55 0 8 -1.163952
33 85 0 8 -1.164969
42 77 0 8 -1.165064
11 39 0 8 -1.165794
60 85 0 8 -1.166506
43 84 0 8 -1.166776
30 85 0 8 -1.169685
48 81 0 8 -1.170069
64 86 0 8 -1.170641
27 46 0 8 -1.170726
33 86 0 8 -1.170730
5 37 0 8 -1.172083
21 69 0 8 -1.172228
8 64 0 8 -1.173770
6 62 0 8 -1.174250
37 45 0 8 -1.174472
28 43 0 8 -1.175506
29 85 0 8 -1.178001
32 47 0 8 -1.178875
19 37 0 8 -1.179280
34 40 0 8 -1.181788
38 68 0 8 -1.182160
58 79 0 8 -1.182292
22 86 0 8 -1.183703
32 46 0 8 -1.184153
35 77 0 8 -1.184616
62 80 0 8 -1.184932
3 38 0 8 -1.185714
22 81 0 8 -1.185876
5 54 0 8 -1.187691
13 67 0 8 -1.188802
5 25 0 8 -1.189600
9 55 0 8 -1.191326
49 69 0 8 -1.193528
10 60 0 8 -1.194222
37 69 0 8 -1.194582
24 85 0 8 -1.194808
36 63 0 8 -1.195822
43 48 0 8 -1.196083
3 25 0 8 -1.197807
47 62 0 8 -1.198086
19 25 0 8 -1.198943
29 54 0 8 -1.202719
23 64 0 8 -1.204176
54 65 0 8 -1.204621
40 73 0 8 -1.207603
8 38 0 8 -1.209060
56 62 0 8 -1.209380
56 68 0 8 -1.212393
51 69 0 8 -1.216424
19 65 0 8 -1.220187
38 43 0 8 -1.221216
50 75 0 8 -1.224970
44 63 0 8 -1.225956
6 73 0 8 -1.227637
9 26 0 8 -1.227931
33 70 0 8 -1.229142
29 55 0 8 -1.229570
13 61 0 8 -1.230778
19 78 0 8 -1.232549
22 73 0 8 -1.236095
51 78 0 8 -1.236857
25 82 0 8 -1.242320
50 78 0 8 -1.242923
18 69 0 8 -1.243354
68 79 0 8 -1.249490
15 60 0 8 -1.252542
4 49 0 8 -1.253652
45 58 0 8 -1.254479
60 79 0 8 -1.254910
18 55 0 8 -1.258409
40 46 0 8 -1.260265
47 56 0 8 -1.261037
27 64 0 8 -1.261822
32 75 0 8 -1.263256
7 19 0 8 -1.263294
35 57 0 8 -1.264817
11 59 0 8 -1.265632
28 34 0 8 -1.265900
47 79 0 8 -1.266070
47 78 0 8 -1.266205
5 40 0 8 -1.272051
35 84 0 8 -1.276758
9 64 0 8 -1.278354
69 84 0 8 -1.280515
29 51 0 8 -1.281047
36 81 0 8 -1.282884
17 34 0 8 -1.284381
15 79 0 8 -1.284584
17 41 0 8 -1.285359
4 76 0 8 -1.287643
36 44 0 8 -1.290762
42 76 0 8 -1.291522
56 80 0 8 -1.293919
29 40 0 8 -1.295228
48 75 0 8 -1.298337
9 54 0 8 -1.298740
44 51 0 8 -1.299648
35 76 0 8 -1.301021
8 54 0 8 -1.301166
50 80 0 8 -1.301406
26 72 0 8 -1.302075
29 73 0 8 -1.302769
37 81 0 8 -1.303851
10 54 0 8 -1.304628
35 79 0 8 -1.308259
30 38 0 8 -1.310996
39 83 0 8 -1.312574
9 44 0 8 -1.313634
11 31 0 8 -1.314731
17 27 0 8 -1.317114
22 74 0 8 -1.320634
25 78 0 8 -1.321017
47 59 0 8 -1.321513
7 44 0 8 -1.321810
13 36 0 8 -1.325414
7 64 0 8 -1.325676
54 81 0 8 -1.326290
42 53 0 8 -1.326922
22 76 0 8 -1.328024
40 84 0 8 -1.330802
34 85 0 8 -1.334853
49 58 0 8 -1.335883
8 40 0 8 -1.336259
28 51 0 8 -1.337225
24 52 0 8 -1.338013
17 62 0 8 -1.339105
15 29 0 8 -1.342358
13 42 0 8 -1.342364
13 30 0 8 -1.342761
28 80 0 8 -1.343319
24 42 0 8 -1.343875
39 50 0 8 -1.344109
36 68 0 8 -1.344142
13 39 0 8 -1.345282
17 63 0 8 -1.346134
20 62 0 8 -1.346506
18 58 0 8 -1.346901
64 81 0 8 -1.347299
7 28 0 8 -1.347546
46 60 0 8 -1.348774
43 50 0 8 -1.354500
26 75 0 8 -1.355159
26 76 0 8 -1.356539
39 47 0 8 -1.360413
47 75 0 8 -1.363401
27 81 0 8 -1.367725
54 82 0 8 -1.369329
22 63 0 8 -1.369352
36 77 0 8 -1.369838
63 75 0 8 -1.372517
46 82 0 8 -1.374853
26 70 0 8 -1.374903
29 81 0 8 -1.377272
4 17 0 8 -1.377458
25 45 0 8 -1.378075
9 59 0 8 -1.378187
3 63 0 8 -1.382853
55 79 0 8 -1.383088
42 79 0 8 -1.384236
53 72 0 8 -1.384944
35 86 0 8 -1.385883
9 38 0 8 -1.389839
52 77 0 8 -1.390777
22 61 0 8 -1.394779
33 68 0 8 -1.397879
17 76 0 8 -1.398458
17 78 0 8 -1.402707
36 71 0 8 -1.404669
17 69 0 8 -1.405720
31 53 0 8 -1.406422
20 40 0 8 -1.408560
59 80 0 8 -1.409064
51 68 0 8 -1.409858
29 56 0 8 -1.410999
20 60 0 8 -1.412724
26 43 0 8 -1.414111
30 55 0 8 -1.416639
27 45 0 8 -1.418192
35 85 0 8 -1.418862
61 69 0 8 -1.419748
25 69 0 8 -1.420318
6 21 0 8 -1.423086
22 30 0 8 -1.424672
6 23 0 8 -1.426755
29 38 0 8 -1.428354
45 63 0 8 -1.428541
29 84 0 8 -1.430551
34 45 0 8 -1.430603
21 63 0 8 -1.433557
40 76 0 8 -1.435707
11 75 0 8 -1.436146
22 83 0 8 -1.439631
32 77 0 8 -1.440343
32 55 0 8 -1.447827
37 47 0 8 -1.449530
46 61 0 8 -1.451110
27 48 0 8 -1.456601
36 80 0 8 -1.458411
20 25 0 8 -1.460424
4 48 0 8 -1.460680
55 68 0 8 -1.460883
47 52 0 8 -1.463036
21 70 0 8 -1.470896
32 54 0 8 -1.471466
3 32 0 8 -1.473186
40 55 0 8 -1.473427
27 58 0 8 -1.477337
21 61 0 8 -1.479318
40 52 0 8 -1.482168
36 83 0 8 -1.495204
29 58 0 8 -1.497836
9 65 0 8 -1.498992
25 31 0 8 -1.500379
50 64 0 8 -1.503574
19 30 0 8 -1.505721
39 58 0 8 -1.507770
8 15 0 8 -1.511521
36 47 0 8 -1.514902
3 49 0 8 -1.515306
55 63 0 8 -1.515880
30 54 0 8 -1.516734
38 45 0 8 -1.518097
51 65 0 8 -1.523146
21 40 0 8 -1.523364
4 51 0 8 -1.524832
3 27 0 8 -1.525123
47 73 0 8 -1.538902
20 49 0 8 -1.542324
26 73 0 8 -1.543859
46 80 0 8 -1.544539
11 74 0 8 -1.545106
30 43 0 8 -1.545861
36 73 0 8 -1.547780
19 44 0 8 -1.551769
52 81 0 8 -1.553725
20 45 0 8 -1.554730
7 37 0 8 -1.561791
4 50 0 8 -1.572262
33 50 0 8 -1.577320
9 32 0 8 -1.580202
28 53 0 8 -1.582139
26 36 0 8 -1.585255
46 69 0 8 -1.587517
47 61 0 8 -1.593206
35 70 0 8 -1.593412
8 25 0 8 -1.594068
5 28 0 8 -1.595016
3 26 0 8 -1.596444
25 38 0 8 -1.607118
8 28 0 8 -1.608689
30 35 0 8 -1.613895
5 52 0 8 -1.614888
24 70 0 8 -1.617862
38 47 0 8 -1.624921
32 48 0 8 -1.629683
49 60 0 8 -1.635885
37 60 0 8 -1.638682
30 80 0 8 -1.639830
5 49 0 8 -1.649160
24 65 0 8 -1.656671
3 20 0 8 -1.660529
27 54 0 8 -1.663330
8 50 0 8 -1.668173
23 79 0 8 -1.668280
35 73 0 8 -1.670006
61 73 0 8 -1.671337
21 59 0 8 -1.673828
11 45 0 8 -1.674544
53 80 0 8 -1.676649
41 76 0 8 -1.681911
18 24 0 8 -1.683527
21 78 0 8 -1.685899
42 73 0 8 -1.688405
5 18 0 8 -1.688947
10 22 0 8 -1.690417
44 80 0 8 -1.694991
33 51 0 8 -1.696548
50 70 0 8 -1.703199
11 61 0 8 -1.707076
51 80 0 8 -1.708794
40 70 0 8 -1.711362
9 58 0 8 -1.715100
30 53 0 8 -1.718941
50 67 0 8 -1.719126
22 40 0 8 -1.719229
33 55 0 8 -1.720582
9 35 0 8 -1.721262
11 41 0 8 -1.721467
34 46 0 8 -1.725063
32 49 0 8 -1.727392
48 68 0 8 -1.738809
7 43 0 8 -1.746060
3 53 0 8 -1.750433
21 27 0 8 -1.753452
52 79 0 8 -1.753629
7 79 0 8 -1.756313
21 73 0 8 -1.759115
29 53 0 8 -1.764183
30 79 0 8 -1.775107
50 79 0 8 -1.780479
35 54 0 8 -1.788387
20 46 0 8 -1.792028
19 61 0 8 -1.793225
23 69 0 8 -1.798130
38 64 0 8 -1.807679
40 54 0 8 -1.808322
44 79 0 8 -1.812119
10 45 0 8 -1.815927
11 77 0 8 -1.816011
22 80 0 8 -1.827248
26 56 0 8 -1.833537
10 69 0 8 -1.835574
22 62 0 8 -1.837240
21 44 0 8 -1.837524
44 54 0 8 -1.840812
8 33 0 8 -1.845456
35 81 0 8 -1.848657
33 77 0 8 -1.850775
11 81 0 8 -1.864691
34 79 0 8 -1.866842
27 63 0 8 -1.869721
24 69 0 8 -1.869869
47 53 0 8 -1.875939
41 62 0 8 -1.880713
35 53 0 8 -1.881993
30 63 0 8 -1.886862
21 53 0 8 -1.888694
43 59 0 8 -1.895169
3 22 0 8 -1.901331
13 48 0 8 -1.905643
8 37 0 8 -1.905787
10 30 0 8 -1.912422
33 80 0 8 -1.924514
35 46 0 8 -1.940190
9 61 0 8 -1.943464
28 48 0 8 -1.954943
9 20 0 8 -1.955050
11 24 0 8 -1.959494
26 34 0 8 -1.974639
17 29 0 8 -1.980815
53 59 0 8 -2.005273
4 54 0 8 -2.057206
30 60 0 8 -2.064036
5 51 0 8 -2.069224
36 69 0 8 -2.082499
13 51 0 8 -2.098836
11 27 0 8 -2.099267
11 30 0 8 -2.119972
54 61 0 8 -2.127266
33 54 0 8 -2.145369
49 64 0 8 -2.177865
5 20 0 8 -2.205243
26 53 0 8 -2.230923
51 67 0 8 -2.233267
24 54 0 8 -2.248222
51 77 0 8 -2.249750
11 28 0 8 -2.253270
23 60 0 8 -2.277221
24 63 0 8 -2.308043
11 29 0 8 -2.312904
11 64 0 8 -2.317007
9 39 0 8 -2.366640
11 35 0 8 -2.367395
25 35 0 8 -2.399434
8 48 0 8 -2.404246
8 41 0 8 -2.406686
44 55 0 8 -2.407551
31 51 0 8 -2.418954
55 74 0 8 -2.434466
5 42 0 8 -2.440345
20 64 0 8 -2.446207
21 58 0 8 -2.461838
24 50 0 8 -2.559931
10 47 0 8 -2.578022
48 76 0 8 -2.641670
42 54 0 8 -2.690143
24 47 0 8 -3.148882
