10 27 0 8 13.880483
28 78 0 8 12.981566
9 27 0 8 10.632864
70 76 0 8 10.330503
70 77 0 8 10.235273
9 21 0 8 10.091980
5 61 0 8 9.759369
23 75 0 8 7.636919
35 80 0 8 6.993857
71 77 0 8 6.872502
64 78 0 8 6.542580
31 85 0 8 6.360413
29 77 0 8 6.281194
31 77 0 8 6.218381
55 60 0 8 6.016864
5 63 0 8 5.872678
22 28 0 8 5.801448
55 70 0 8 5.509799
37 84 0 8 5.487733
32 50 0 8 5.439162
67 77 0 8 5.433043
28 34 0 8 5.108838
5 36 0 8 4.993127
15 28 0 8 4.821590
18 81 0 8 4.796904
16 33 0 8 4.743532
38 80 0 8 4.728310
17 29 0 8 4.547621
69 77 0 8 4.502206
6 78 0 8 4.309812
2 16 0 8 4.275554
12 27 0 8 4.224408
30 35 0 8 4.122478
18 85 0 8 4.103705
17 36 0 8 4.013452
14 56 0 8 3.910705
5 85 0 8 3.905348
15 30 0 8 3.789185
67 83 0 8 3.772532
24 76 0 8 3.766223
20 50 0 8 3.731346
65 79 0 8 3.631014
31 84 0 8 3.629901
30 80 0 8 3.580545
27 39 0 8 3.567841
57 69 0 8 3.549536
2 30 0 8 3.506966
7 21 0 8 3.428087
17 53 0 8 3.425906
32 49 0 8 3.399633
10 36 0 8 3.364054
14 85 0 8 3.356532
18 56 0 8 3.351539
24 78 0 8 3.340632
73 83 0 8 3.294908
24 34 0 8 3.285623
72 79 0 8 3.276784
30 67 0 8 3.242606
11 32 0 8 3.226194
6 22 0 8 3.192157
42 47 0 8 3.145257
53 83 0 8 3.139079
55 69 0 8 3.116086
65 74 0 8 3.111511
50 62 0 8 3.110868
39 62 0 8 3.081433
43 48 0 8 3.071968
23 28 0 8 3.070429
26 58 0 8 3.010623
6 59 0 8 2.988322
8 29 0 8 2.974917
60 84 0 8 2.970818
35 56 0 8 2.970591
11 18 0 8 2.950926
5 13 0 8 2.948557
37 53 0 8 2.945148
32 83 0 8 2.943535
50 63 0 8 2.929486
37 82 0 8 2.928072
7 55 0 8 2.911126
33 50 0 8 2.882482
34 73 0 8 2.873327
21 27 0 8 2.866533
7 58 0 8 2.841138
31 78 0 8 2.836775
2 43 0 8 2.836118
4 40 0 8 2.821043
73 84 0 8 2.801256
7 61 0 8 2.794667
17 56 0 8 2.784486
17 67 0 8 2.774879
25 70 0 8 2.752913
40 82 0 8 2.745225
25 54 0 8 2.715420
2 17 0 8 2.712063
9 83 0 8 2.708464
33 67 0 8 2.706418
7 73 0 8 2.705307
15 29 0 8 2.693274
41 46 0 8 2.682487
59 64 0 8 2.654610
39 51 0 8 2.636207
59 73 0 8 2.621868
34 70 0 8 2.620677
8 14 0 8 2.588085
49 62 0 8 2.574660
38 73 0 8 2.567729
67 79 0 8 2.561788
56 77 0 8 2.561083
12 80 0 8 2.555543
3 34 0 8 2.552494
35 49 0 8 2.535308
27 58 0 8 2.533153
6 32 0 8 2.531891
46 82 0 8 2.521812
33 79 0 8 2.519817
26 75 0 8 2.516769
17 37 0 8 2.499223
14 23 0 8 2.470463
49 55 0 8 2.462154
20 30 0 8 2.459735
52 79 0 8 2.452889
15 76 0 8 2.451606
37 62 0 8 2.444428
57 81 0 8 2.443979
2 59 0 8 2.439375
4 68 0 8 2.422679
12 22 0 8 2.413986
21 41 0 8 2.405763
8 43 0 8 2.401783
9 42 0 8 2.400642
42 82 0 8 2.400230
12 77 0 8 2.398236
38 43 0 8 2.391188
29 75 0 8 2.387630
15 72 0 8 2.376719
2 24 0 8 2.369849
8 56 0 8 2.347027
34 61 0 8 2.338554
44 62 0 8 2.334522
15 32 0 8 2.320669
9 17 0 8 2.318686
26 43 0 8 2.317080
40 49 0 8 2.316204
51 81 0 8 2.309745
37 54 0 8 2.303498
22 83 0 8 2.303340
6 25 0 8 2.293034
54 66 0 8 2.292108
16 71 0 8 2.268623
54 71 0 8 2.258954
2 60 0 8 2.255959
60 80 0 8 2.249214
20 44 0 8 2.243721
25 47 0 8 2.233840
32 40 0 8 2.232141
10 81 0 8 2.228876
72 80 0 8 2.228854
5 44 0 8 2.222711
3 17 0 8 2.219475
38 45 0 8 2.217738
52 68 0 8 2.185402
20 29 0 8 2.183907
11 24 0 8 2.183818
42 57 0 8 2.183122
14 60 0 8 2.182903
20 78 0 8 2.178814
36 54 0 8 2.177527
32 70 0 8 2.175048
47 62 0 8 2.174177
5 54 0 8 2.170841
36 66 0 8 2.168672
36 50 0 8 2.165503
9 37 0 8 2.163589
5 23 0 8 2.162878
16 73 0 8 2.146988
61 72 0 8 2.143012
12 29 0 8 2.128304
9 64 0 8 2.119931
13 30 0 8 2.116265
26 53 0 8 2.111823
27 36 0 8 2.106192
15 47 0 8 2.104094
69 86 0 8 2.102788
59 79 0 8 2.101534
29 72 0 8 2.091811
4 13 0 8 2.080559
22 35 0 8 2.078202
44 67 0 8 2.076935
52 72 0 8 2.076819
32 55 0 8 2.055925
70 75 0 8 2.049201
40 63 0 8 2.043447
26 76 0 8 2.043100
31 64 0 8 2.041491
7 44 0 8 2.038544
47 54 0 8 2.019342
9 85 0 8 2.013252
15 39 0 8 2.011745
23 30 0 8 2.008577
29 84 0 8 2.008115
52 75 0 8 2.007919
75 85 0 8 2.006491
10 38 0 8 2.004426
54 85 0 8 1.999514
15 77 0 8 1.998204
3 29 0 8 1.997887
21 35 0 8 1.996375
5 14 0 8 1.987657
10 86 0 8 1.987382
48 69 0 8 1.982136
23 59 0 8 1.981862
26 69 0 8 1.978461
16 34 0 8 1.977591
14 22 0 8 1.965406
31 70 0 8 1.960746
45 57 0 8 1.959383
59 70 0 8 1.947473
58 83 0 8 1.946145
37 83 0 8 1.943788
28 43 0 8 1.937580
8 25 0 8 1.937094
10 61 0 8 1.931733
31 36 0 8 1.930504
7 48 0 8 1.913354
14 25 0 8 1.912207
2 11 0 8 1.909873
28 38 0 8 1.909182
60 77 0 8 1.903023
13 75 0 8 1.886244
27 78 0 8 1.885218
9 44 0 8 1.885160
40 46 0 8 1.880633
23 57 0 8 1.878021
65 77 0 8 1.877967
33 73 0 8 1.876187
9 32 0 8 1.870932
27 68 0 8 1.863020
18 62 0 8 1.860131
9 33 0 8 1.857222
66 78 0 8 1.854380
53 78 0 8 1.853364
21 45 0 8 1.852093
13 36 0 8 1.849811
63 74 0 8 1.849506
10 58 0 8 1.843218
36 41 0 8 1.843191
39 57 0 8 1.840797
38 83 0 8 1.835497
67 80 0 8 1.832088
25 49 0 8 1.822701
2 33 0 8 1.821311
6 19 0 8 1.814806
38 47 0 8 1.812185
8 53 0 8 1.811375
7 54 0 8 1.800086
2 72 0 8 1.797927
12 31 0 8 1.796873
31 67 0 8 1.793537
33 45 0 8 1.793208
32 45 0 8 1.787015
20 58 0 8 1.785665
5 39 0 8 1.784870
14 30 0 8 1.783253
12 76 0 8 1.780846
59 66 0 8 1.779512
71 82 0 8 1.764489
49 70 0 8 1.763757
39 44 0 8 1.748592
58 68 0 8 1.746214
60 75 0 8 1.744823
24 60 0 8 1.744186
26 68 0 8 1.742339
40 45 0 8 1.737075
71 86 0 8 1.732094
33 51 0 8 1.731421
4 26 0 8 1.727924
22 34 0 8 1.724223
1 42 0 8 1.720313
33 55 0 8 1.714766
64 69 0 8 1.712037
48 84 0 8 1.711278
19 28 0 8 1.708475
76 83 0 8 1.703607
10 50 0 8 1.689385
15 81 0 8 1.687960
22 66 0 8 1.687015
10 45 0 8 1.682423
66 75 0 8 1.681885
14 82 0 8 1.680832
22 72 0 8 1.673922
21 26 0 8 1.671700
49 76 0 8 1.666274
64 74 0 8 1.660443
41 62 0 8 1.657856
13 26 0 8 1.650037
4 64 0 8 1.647469
33 48 0 8 1.640714
43 51 0 8 1.637038
74 79 0 8 1.634188
74 86 0 8 1.632862
52 63 0 8 1.628712
50 57 0 8 1.622310
53 60 0 8 1.618947
44 58 0 8 1.616538
10 85 0 8 1.615091
33 40 0 8 1.614813
18 73 0 8 1.613511
39 46 0 8 1.611767
39 71 0 8 1.611143
49 79 0 8 1.604939
58 63 0 8 1.601965
38 53 0 8 1.600466
21 75 0 8 1.588029
54 81 0 8 1.582211
52 65 0 8 1.572906
51 86 0 8 1.567633
72 82 0 8 1.565883
13 19 0 8 1.565752
31 69 0 8 1.556513
9 24 0 8 1.556326
57 84 0 8 1.555623
14 31 0 8 1.555528
49 63 0 8 1.549100
36 81 0 8 1.543212
7 31 0 8 1.542562
38 52 0 8 1.533213
16 53 0 8 1.531684
26 37 0 8 1.531315
57 62 0 8 1.520257
51 58 0 8 1.508474
25 39 0 8 1.506821
25 71 0 8 1.505687
17 46 0 8 1.501174
14 28 0 8 1.498181
13 31 0 8 1.496593
32 72 0 8 1.492290
32 37 0 8 1.484479
58 81 0 8 1.482325
41 68 0 8 1.479303
15 25 0 8 1.478363
23 39 0 8 1.475688
43 50 0 8 1.472121
36 67 0 8 1.470326
38 71 0 8 1.462012
24 37 0 8 1.461995
48 82 0 8 1.455132
49 72 0 8 1.450684
10 73 0 8 1.446346
58 67 0 8 1.446143
39 50 0 8 1.441590
34 44 0 8 1.433547
4 76 0 8 1.432848
27 85 0 8 1.421771
67 78 0 8 1.420563
26 55 0 8 1.420120
32 54 0 8 1.419226
29 34 0 8 1.418137
7 63 0 8 1.417357
26 86 0 8 1.415413
8 15 0 8 1.412189
68 74 0 8 1.411228
60 72 0 8 1.400711
66 76 0 8 1.398528
2 31 0 8 1.397832
51 82 0 8 1.397470
53 67 0 8 1.396425
30 85 0 8 1.392380
17 57 0 8 1.389934
41 61 0 8 1.385045
5 12 0 8 1.383696
4 65 0 8 1.383343
21 52 0 8 1.383159
61 80 0 8 1.379763
8 83 0 8 1.379457
4 20 0 8 1.374160
54 61 0 8 1.370415
48 81 0 8 1.366503
3 82 0 8 1.364070
42 73 0 8 1.363031
65 76 0 8 1.361626
12 58 0 8 1.361253
55 77 0 8 1.359107
58 73 0 8 1.358425
47 66 0 8 1.356531
31 52 0 8 1.351081
3 60 0 8 1.348364
61 84 0 8 1.347260
11 57 0 8 1.346395
6 20 0 8 1.345273
26 62 0 8 1.342829
7 49 0 8 1.336869
71 80 0 8 1.332450
7 46 0 8 1.323639
35 42 0 8 1.321785
24 64 0 8 1.311467
24 29 0 8 1.310201
34 55 0 8 1.309396
10 29 0 8 1.308653
56 66 0 8 1.299871
42 53 0 8 1.299358
61 77 0 8 1.297636
51 56 0 8 1.297589
36 69 0 8 1.289481
41 80 0 8 1.288669
29 37 0 8 1.287316
41 52 0 8 1.283388
13 20 0 8 1.280567
13 54 0 8 1.278114
32 43 0 8 1.277565
14 70 0 8 1.276813
3 63 0 8 1.275631
37 67 0 8 1.273647
33 69 0 8 1.269122
36 82 0 8 1.268107
40 61 0 8 1.268098
49 56 0 8 1.268002
23 72 0 8 1.267780
24 82 0 8 1.266047
26 66 0 8 1.265150
19 86 0 8 1.264075
9 35 0 8 1.263694
9 62 0 8 1.263490
20 45 0 8 1.263025
4 19 0 8 1.260261
18 32 0 8 1.258458
62 80 0 8 1.252782
58 85 0 8 1.249224
7 53 0 8 1.248080
17 84 0 8 1.245949
55 61 0 8 1.237767
16 57 0 8 1.234596
36 52 0 8 1.230522
27 75 0 8 1.228860
39 69 0 8 1.227708
37 44 0 8 1.227146
14 77 0 8 1.225629
11 56 0 8 1.221733
63 82 0 8 1.221067
65 86 0 8 1.217076
37 79 0 8 1.216725
70 86 0 8 1.215734
35 83 0 8 1.214635
29 82 0 8 1.211516
21 38 0 8 1.211405
62 84 0 8 1.210598
70 82 0 8 1.203510
51 78 0 8 1.194078
13 68 0 8 1.192385
60 79 0 8 1.191235
7 25 0 8 1.188075
53 63 0 8 1.186686
18 54 0 8 1.185945
12 30 0 8 1.182866
63 79 0 8 1.180567
37 48 0 8 1.179923
2 69 0 8 1.179278
63 81 0 8 1.179211
3 15 0 8 1.178120
4 69 0 8 1.177548
36 59 0 8 1.176704
28 80 0 8 1.175010
41 47 0 8 1.171855
45 84 0 8 1.161610
2 36 0 8 1.160213
1 51 0 8 1.157533
3 14 0 8 1.156024
36 84 0 8 1.152410
55 63 0 8 1.147781
22 68 0 8 1.144676
19 30 0 8 1.144392
50 67 0 8 1.144294
19 74 0 8 1.142241
32 78 0 8 1.141335
50 86 0 8 1.141205
25 43 0 8 1.138511
37 51 0 8 1.138417
57 71 0 8 1.130820
50 55 0 8 1.129388
16 85 0 8 1.119317
2 7 0 8 1.118469
23 42 0 8 1.117189
34 68 0 8 1.111901
35 79 0 8 1.109235
52 70 0 8 1.106015
3 19 0 8 1.104312
11 20 0 8 1.102988
22 42 0 8 1.102826
52 58 0 8 1.102730
33 86 0 8 1.102544
2 46 0 8 1.099359
23 85 0 8 1.093663
8 21 0 8 1.087842
42 48 0 8 1.087344
16 81 0 8 1.087326
24 32 0 8 1.086601
26 78 0 8 1.084471
6 42 0 8 1.084373
15 22 0 8 1.084204
38 49 0 8 1.083207
13 39 0 8 1.080427
33 46 0 8 1.077701
27 42 0 8 1.074676
6 18 0 8 1.074646
13 77 0 8 1.074219
14 59 0 8 1.068701
21 28 0 8 1.065881
16 78 0 8 1.064046
25 46 0 8 1.058127
11 67 0 8 1.056606
5 84 0 8 1.055807
47 73 0 8 1.053905
47 67 0 8 1.053865
53 79 0 8 1.052181
10 51 0 8 1.048737
16 54 0 8 1.047929
24 83 0 8 1.046697
31 65 0 8 1.042823
33 56 0 8 1.042792
45 51 0 8 1.041048
28 77 0 8 1.040364
8 19 0 8 1.035064
10 35 0 8 1.034943
27 52 0 8 1.032038
54 84 0 8 1.031199
15 37 0 8 1.026805
68 80 0 8 1.025603
12 40 0 8 1.022908
36 63 0 8 1.022347
16 48 0 8 1.020411
25 33 0 8 1.019701
68 82 0 8 1.017499
8 20 0 8 1.016935
40 53 0 8 1.015657
19 65 0 8 1.013332
17 61 0 8 1.012482
26 81 0 8 1.010229
7 77 0 8 1.007946
51 62 0 8 1.007476
11 26 0 8 1.006981
16 80 0 8 1.002761
4 9 0 8 1.000866
60 66 0 8 0.999903
17 27 0 8 0.999197
18 39 0 8 0.997051
4 16 0 8 0.996608
44 84 0 8 0.992302
3 48 0 8 0.991213
7 45 0 8 0.990049
75 84 0 8 0.988380
27 72 0 8 0.984261
11 62 0 8 0.983940
52 60 0 8 0.983454
12 66 0 8 0.979814
35 66 0 8 0.972263
39 45 0 8 0.970888
32 73 0 8 0.968350
17 74 0 8 0.966272
21 39 0 8 0.962701
21 43 0 8 0.961735
42 49 0 8 0.958271
20 82 0 8 0.956731
5 75 0 8 0.955772
13 58 0 8 0.953701
25 66 0 8 0.946788
2 15 0 8 0.946151
17 72 0 8 0.941851
16 63 0 8 0.941470
32 84 0 8 0.938209
42 59 0 8 0.935624
66 71 0 8 0.934857
20 80 0 8 0.933917
62 81 0 8 0.933495
11 49 0 8 0.932167
45 50 0 8 0.930980
61 85 0 8 0.929629
2 70 0 8 0.929238
25 61 0 8 0.925982
26 48 0 8 0.921522
57 64 0 8 0.920017
2 10 0 8 0.919197
55 75 0 8 0.918814
50 79 0 8 0.916770
45 73 0 8 0.916159
13 84 0 8 0.914471
5 18 0 8 0.910386
46 63 0 8 0.909501
9 76 0 8 0.907700
33 60 0 8 0.907592
16 29 0 8 0.906283
65 70 0 8 0.902343
34 62 0 8 0.901319
35 57 0 8 0.898791
45 62 0 8 0.896912
37 57 0 8 0.889001
22 70 0 8 0.886223
40 64 0 8 0.884667
58 82 0 8 0.884560
20 41 0 8 0.882746
12 28 0 8 0.882228
47 82 0 8 0.882114
18 25 0 8 0.881978
52 62 0 8 0.878428
21 36 0 8 0.876249
24 33 0 8 0.875948
29 60 0 8 0.872945
10 55 0 8 0.871242
3 74 0 8 0.870307
30 75 0 8 0.866605
65 75 0 8 0.865954
40 50 0 8 0.865880
55 79 0 8 0.860790
36 72 0 8 0.859412
14 75 0 8 0.858004
11 37 0 8 0.857823
2 81 0 8 0.856851
7 40 0 8 0.856468
3 40 0 8 0.856154
12 34 0 8 0.851732
67 84 0 8 0.851094
60 68 0 8 0.849645
10 78 0 8 0.848980
12 24 0 8 0.845301
26 41 0 8 0.845207
27 46 0 8 0.844157
69 80 0 8 0.843395
11 79 0 8 0.843054
17 85 0 8 0.842937
59 74 0 8 0.840385
76 81 0 8 0.838916
16 60 0 8 0.837098
67 75 0 8 0.834951
44 54 0 8 0.834846
69 74 0 8 0.833689
21 55 0 8 0.833547
18 55 0 8 0.833459
15 23 0 8 0.833294
22 27 0 8 0.829934
9 28 0 8 0.828211
7 68 0 8 0.827405
56 84 0 8 0.824207
28 57 0 8 0.822936
3 16 0 8 0.822900
56 83 0 8 0.820525
34 53 0 8 0.808716
4 56 0 8 0.806201
32 42 0 8 0.803163
38 58 0 8 0.802427
23 29 0 8 0.799838
10 39 0 8 0.799658
4 38 0 8 0.797975
61 83 0 8 0.797518
50 61 0 8 0.797486
42 62 0 8 0.796481
14 72 0 8 0.796127
5 72 0 8 0.795282
29 59 0 8 0.795170
10 63 0 8 0.792014
14 27 0 8 0.791801
13 72 0 8 0.791682
24 57 0 8 0.791083
52 82 0 8 0.790231
28 72 0 8 0.790006
18 60 0 8 0.789224
56 65 0 8 0.787492
39 47 0 8 0.785469
59 83 0 8 0.782663
34 65 0 8 0.782219
18 49 0 8 0.779732
36 83 0 8 0.779439
69 78 0 8 0.776152
9 22 0 8 0.774831
54 62 0 8 0.772737
7 13 0 8 0.770909
21 77 0 8 0.768672
25 38 0 8 0.767882
21 73 0 8 0.766808
25 65 0 8 0.765097
59 72 0 8 0.764763
30 65 0 8 0.764419
32 81 0 8 0.761357
29 73 0 8 0.755671
52 86 0 8 0.755486
11 53 0 8 0.755171
35 44 0 8 0.753807
24 35 0 8 0.751949
48 54 0 8 0.751679
11 75 0 8 0.750338
11 58 0 8 0.747337
14 52 0 8 0.746938
16 36 0 8 0.746675
8 33 0 8 0.746067
70 85 0 8 0.744145
69 76 0 8 0.742603
5 38 0 8 0.740836
25 50 0 8 0.739619
29 65 0 8 0.737839
14 38 0 8 0.735791
1 77 0 8 0.734999
32 71 0 8 0.733233
19 61 0 8 0.732965
63 72 0 8 0.731433
37 55 0 8 0.731249
20 42 0 8 0.729887
7 14 0 8 0.728778
10 53 0 8 0.727961
44 53 0 8 0.727373
61 71 0 8 0.726727
24 70 0 8 0.724452
66 74 0 8 0.724225
58 75 0 8 0.721835
61 86 0 8 0.719903
2 14 0 8 0.719809
2 28 0 8 0.718126
38 48 0 8 0.716966
3 11 0 8 0.714685
18 48 0 8 0.713643
41 48 0 8 0.711842
2 22 0 8 0.711330
3 46 0 8 0.711049
21 50 0 8 0.705973
61 69 0 8 0.705809
55 68 0 8 0.701000
11 81 0 8 0.700989
43 66 0 8 0.698542
35 62 0 8 0.692574
1 40 0 8 0.690370
33 44 0 8 0.688014
27 51 0 8 0.688014
2 26 0 8 0.687950
21 59 0 8 0.684116
20 56 0 8 0.678034
1 38 0 8 0.676463
6 63 0 8 0.673307
25 42 0 8 0.673156
10 80 0 8 0.672481
26 33 0 8 0.672377
49 54 0 8 0.671940
48 79 0 8 0.671245
72 84 0 8 0.668794
20 28 0 8 0.668406
41 78 0 8 0.666220
68 73 0 8 0.666125
3 39 0 8 0.665600
21 68 0 8 0.664265
8 17 0 8 0.663532
28 71 0 8 0.659507
30 52 0 8 0.657434
41 53 0 8 0.654898
33 63 0 8 0.654650
24 81 0 8 0.654180
1 24 0 8 0.651304
47 55 0 8 0.650736
22 48 0 8 0.649200
57 66 0 8 0.648588
35 82 0 8 0.642728
22 39 0 8 0.638813
30 72 0 8 0.638583
63 77 0 8 0.637189
19 47 0 8 0.636423
6 15 0 8 0.633686
11 17 0 8 0.631269
45 78 0 8 0.629110
51 57 0 8 0.626321
13 63 0 8 0.620130
29 69 0 8 0.618442
6 29 0 8 0.618119
17 73 0 8 0.617947
72 77 0 8 0.616584
42 58 0 8 0.610483
16 67 0 8 0.608497
11 55 0 8 0.606817
51 69 0 8 0.603349
62 67 0 8 0.600775
35 55 0 8 0.598098
41 66 0 8 0.597453
79 87 0 8 0.596466
6 24 0 8 0.593991
40 55 0 8 0.592665
16 74 0 8 0.591147
37 60 0 8 0.591071
58 66 0 8 0.590813
22 76 0 8 0.589676
31 79 0 8 0.589308
5 41 0 8 0.589136
26 38 0 8 0.588052
35 47 0 8 0.587133
2 32 0 8 0.585707
57 67 0 8 0.584936
8 31 0 8 0.583425
28 60 0 8 0.582221
40 86 0 8 0.577828
51 73 0 8 0.577346
7 57 0 8 0.576330
51 64 0 8 0.574048
4 85 0 8 0.571594
17 34 0 8 0.571407
43 56 0 8 0.570942
16 69 0 8 0.570720
67 76 0 8 0.568851
16 83 0 8 0.566088
54 77 0 8 0.564258
9 43 0 8 0.564101
13 18 0 8 0.563767
7 51 0 8 0.562226
48 56 0 8 0.560221
25 69 0 8 0.558461
25 83 0 8 0.554585
18 72 0 8 0.550561
40 66 0 8 0.550481
23 64 0 8 0.546520
47 84 0 8 0.545812
17 51 0 8 0.543921
31 44 0 8 0.543117
9 25 0 8 0.538848
9 50 0 8 0.537638
5 34 0 8 0.537539
5 20 0 8 0.536769
2 65 0 8 0.532105
5 64 0 8 0.529334
22 59 0 8 0.529130
49 73 0 8 0.528745
37 65 0 8 0.527474
4 79 0 8 0.526990
14 55 0 8 0.525873
10 60 0 8 0.519202
4 45 0 8 0.518578
11 28 0 8 0.517773
46 57 0 8 0.516973
36 48 0 8 0.514746
8 64 0 8 0.511631
10 18 0 8 0.511478
7 34 0 8 0.510466
57 63 0 8 0.509066
43 58 0 8 0.505049
22 78 0 8 0.504772
4 44 0 8 0.503008
62 73 0 8 0.502847
16 40 0 8 0.500810
10 79 0 8 0.497188
17 70 0 8 0.496990
7 56 0 8 0.496907
55 73 0 8 0.496055
74 82 0 8 0.495998
53 69 0 8 0.495703
68 75 0 8 0.494994
48 71 0 8 0.489492
68 76 0 8 0.489061
77 85 0 8 0.488130
23 40 0 8 0.486557
32 68 0 8 0.486323
12 81 0 8 0.483829
70 81 0 8 0.483591
66 79 0 8 0.480939
5 35 0 8 0.480497
3 13 0 8 0.480045
6 62 0 8 0.479922
21 51 0 8 0.478142
15 65 0 8 0.477816
66 85 0 8 0.477162
9 58 0 8 0.476819
5 27 0 8 0.476083
33 47 0 8 0.475578
37 56 0 8 0.473393
11 60 0 8 0.471077
27 67 0 8 0.470065
19 60 0 8 0.469561
41 83 0 8 0.469362
24 45 0 8 0.469205
36 51 0 8 0.468509
16 35 0 8 0.464306
35 53 0 8 0.463103
35 60 0 8 0.461421
46 55 0 8 0.457190
38 56 0 8 0.457121
50 59 0 8 0.456687
23 61 0 8 0.455722
26 32 0 8 0.452855
35 81 0 8 0.452724
77 87 0 8 0.451568
66 73 0 8 0.450068
31 43 0 8 0.449711
27 87 0 8 0.449173
20 39 0 8 0.448078
42 54 0 8 0.447554
33 53 0 8 0.446272
38 57 0 8 0.444139
10 16 0 8 0.442238
50 78 0 8 0.440814
44 72 0 8 0.439577
20 61 0 8 0.434124
8 34 0 8 0.433637
30 53 0 8 0.431399
54 78 0 8 0.430442
34 59 0 8 0.429962
4 33 0 8 0.429948
22 65 0 8 0.429775
54 64 0 8 0.429768
32 46 0 8 0.427638
45 54 0 8 0.424405
6 68 0 8 0.424120
51 66 0 8 0.422883
3 79 0 8 0.422247
16 82 0 8 0.421383
71 76 0 8 0.417635
30 45 0 8 0.415023
17 32 0 8 0.414913
4 17 0 8 0.414746
27 33 0 8 0.414554
17 44 0 8 0.413752
51 67 0 8 0.407998
12 82 0 8 0.406629
6 34 0 8 0.403261
56 67 0 8 0.403147
25 40 0 8 0.401890
21 33 0 8 0.401000
1 50 0 8 0.397783
31 83 0 8 0.395595
1 87 0 8 0.392957
43 81 0 8 0.391535
19 64 0 8 0.390786
30 64 0 8 0.390073
27 70 0 8 0.388070
16 24 0 8 0.387790
21 83 0 8 0.387670
53 87 0 8 0.387371
33 57 0 8 0.386791
67 82 0 8 0.386372
7 38 0 8 0.385267
39 49 0 8 0.385072
40 57 0 8 0.385008
27 71 0 8 0.381839
25 81 0 8 0.380869
6 48 0 8 0.377854
28 81 0 8 0.377246
39 53 0 8 0.376931
1 22 0 8 0.374410
5 58 0 8 0.373682
9 16 0 8 0.372082
6 11 0 8 0.369579
31 80 0 8 0.368750
22 31 0 8 0.365650
42 78 0 8 0.364596
35 50 0 8 0.364572
37 58 0 8 0.363583
39 85 0 8 0.361414
58 64 0 8 0.361038
56 70 0 8 0.360117
4 43 0 8 0.358843
13 81 0 8 0.357855
9 63 0 8 0.357789
71 84 0 8 0.357161
11 19 0 8 0.355709
33 65 0 8 0.354868
41 51 0 8 0.351587
40 52 0 8 0.351431
1 27 0 8 0.349876
60 74 0 8 0.344208
2 8 0 8 0.342819
30 86 0 8 0.341477
40 85 0 8 0.338901
15 31 0 8 0.336404
6 23 0 8 0.335850
38 84 0 8 0.335027
9 39 0 8 0.333937
9 66 0 8 0.333488
59 68 0 8 0.328201
56 79 0 8 0.327953
13 56 0 8 0.327873
75 86 0 8 0.325818
48 58 0 8 0.325433
2 63 0 8 0.324830
4 32 0 8 0.324605
32 69 0 8 0.323049
7 52 0 8 0.322456
47 57 0 8 0.322027
29 79 0 8 0.321184
11 33 0 8 0.320144
26 85 0 8 0.319559
28 85 0 8 0.317774
20 81 0 8 0.316490
1 39 0 8 0.315475
20 46 0 8 0.314759
61 79 0 8 0.313325
15 86 0 8 0.312051
34 49 0 8 0.307598
63 83 0 8 0.307381
63 75 0 8 0.306601
12 52 0 8 0.305255
5 10 0 8 0.304980
1 82 0 8 0.304004
39 68 0 8 0.302938
8 66 0 8 0.301905
74 80 0 8 0.300666
25 34 0 8 0.300190
56 87 0 8 0.298811
3 76 0 8 0.298742
8 26 0 8 0.298687
7 24 0 8 0.296629
46 84 0 8 0.296472
20 49 0 8 0.296253
17 65 0 8 0.294878
4 82 0 8 0.294252
11 87 0 8 0.291802
13 24 0 8 0.290820
50 82 0 8 0.290586
9 87 0 8 0.289634
58 86 0 8 0.289586
13 41 0 8 0.288508
45 61 0 8 0.284016
27 86 0 8 0.283680
16 51 0 8 0.283356
9 51 0 8 0.283290
25 35 0 8 0.282578
24 44 0 8 0.281139
26 65 0 8 0.280801
26 49 0 8 0.279592
36 43 0 8 0.279431
8 45 0 8 0.277009
41 85 0 8 0.274912
12 71 0 8 0.273182
34 40 0 8 0.271478
53 68 0 8 0.271342
10 42 0 8 0.270468
20 34 0 8 0.269472
3 24 0 8 0.268955
20 60 0 8 0.268839
24 63 0 8 0.268704
25 48 0 8 0.267976
1 62 0 8 0.267326
64 79 0 8 0.265424
10 19 0 8 0.265359
3 23 0 8 0.264281
64 86 0 8 0.264267
57 65 0 8 0.264089
32 47 0 8 0.264032
8 87 0 8 0.263689
23 60 0 8 0.263149
16 76 0 8 0.262244
8 77 0 8 0.260999
6 49 0 8 0.259533
19 35 0 8 0.258517
7 22 0 8 0.257005
57 80 0 8 0.256345
17 30 0 8 0.254202
18 52 0 8 0.252644
32 61 0 8 0.251738
7 84 0 8 0.249552
1 73 0 8 0.248225
32 79 0 8 0.243893
3 21 0 8 0.243887
25 44 0 8 0.242718
3 49 0 8 0.241614
2 62 0 8 0.240674
40 75 0 8 0.239685
29 61 0 8 0.238364
13 71 0 8 0.237957
8 62 0 8 0.237280
56 81 0 8 0.235910
4 11 0 8 0.235018
13 32 0 8 0.234499
18 44 0 8 0.233788
20 59 0 8 0.233014
1 41 0 8 0.232966
22 71 0 8 0.232931
44 83 0 8 0.232703
38 46 0 8 0.231386
47 71 0 8 0.230277
4 23 0 8 0.228792
9 61 0 8 0.226376
16 65 0 8 0.226333
51 80 0 8 0.225451
1 8 0 8 0.224675
38 85 0 8 0.223549
44 80 0 8 0.221600
66 77 0 8 0.221360
6 43 0 8 0.221149
49 66 0 8 0.220891
37 59 0 8 0.218865
8 84 0 8 0.218544
27 77 0 8 0.216899
10 15 0 8 0.216819
19 29 0 8 0.216796
3 22 0 8 0.216456
11 42 0 8 0.214488
3 32 0 8 0.214303
6 53 0 8 0.213122
4 37 0 8 0.211837
25 68 0 8 0.211674
53 80 0 8 0.210243
29 86 0 8 0.210231
14 45 0 8 0.210119
12 23 0 8 0.209764
13 73 0 8 0.207955
49 67 0 8 0.207779
35 68 0 8 0.207288
69 75 0 8 0.206247
3 81 0 8 0.205534
49 81 0 8 0.204319
20 54 0 8 0.203288
47 85 0 8 0.202962
15 84 0 8 0.200603
4 28 0 8 0.200472
58 65 0 8 0.198723
33 81 0 8 0.198299
5 30 0 8 0.197306
17 24 0 8 0.193787
11 47 0 8 0.192872
47 86 0 8 0.191766
17 62 0 8 0.190783
19 83 0 8 0.190653
56 71 0 8 0.190434
12 50 0 8 0.190397
74 84 0 8 0.189866
34 67 0 8 0.187676
11 29 0 8 0.187297
75 81 0 8 0.187225
51 63 0 8 0.187190
23 52 0 8 0.185817
63 86 0 8 0.185249
37 61 0 8 0.184805
49 60 0 8 0.184732
3 25 0 8 0.184345
38 62 0 8 0.183029
59 80 0 8 0.180659
57 75 0 8 0.180206
4 59 0 8 0.179984
8 40 0 8 0.178371
25 41 0 8 0.177302
19 59 0 8 0.175085
29 74 0 8 0.173350
20 85 0 8 0.172921
34 71 0 8 0.172163
37 63 0 8 0.171656
48 67 0 8 0.171610
43 61 0 8 0.170305
1 31 0 8 0.166843
10 25 0 8 0.164793
7 39 0 8 0.162737
29 87 0 8 0.162489
46 62 0 8 0.160798
40 72 0 8 0.160522
59 86 0 8 0.160082
58 84 0 8 0.159887
52 78 0 8 0.159842
4 74 0 8 0.156533
38 61 0 8 0.155351
24 75 0 8 0.148805
34 60 0 8 0.147775
70 87 0 8 0.147738
22 56 0 8 0.142559
56 74 0 8 0.142494
1 30 0 8 0.141580
28 42 0 8 0.141141
8 73 0 8 0.140596
6 60 0 8 0.136975
22 46 0 8 0.136864
33 76 0 8 0.136413
52 77 0 8 0.136302
36 80 0 8 0.135911
21 61 0 8 0.135312
4 35 0 8 0.134831
16 37 0 8 0.134710
1 16 0 8 0.134507
24 54 0 8 0.133701
13 47 0 8 0.133117
33 38 0 8 0.133015
28 46 0 8 0.132659
6 13 0 8 0.132509
9 86 0 8 0.132316
2 56 0 8 0.131755
13 60 0 8 0.131525
21 67 0 8 0.129257
46 78 0 8 0.128018
30 59 0 8 0.126745
12 75 0 8 0.125482
9 57 0 8 0.124554
41 75 0 8 0.124386
38 72 0 8 0.123122
8 13 0 8 0.122768
36 57 0 8 0.121935
22 74 0 8 0.120447
78 87 0 8 0.120215
47 83 0 8 0.119985
19 25 0 8 0.119824
40 68 0 8 0.119807
42 51 0 8 0.118354
18 34 0 8 0.118019
25 45 0 8 0.117717
40 47 0 8 0.117429
11 46 0 8 0.116872
3 73 0 8 0.116263
40 76 0 8 0.116023
73 87 0 8 0.115819
6 74 0 8 0.115607
39 63 0 8 0.115526
20 37 0 8 0.115303
23 41 0 8 0.115022
52 76 0 8 0.114711
52 64 0 8 0.113508
16 87 0 8 0.113288
18 78 0 8 0.111958
42 72 0 8 0.111023
57 85 0 8 0.110827
7 30 0 8 0.109709
45 79 0 8 0.109640
11 68 0 8 0.109087
34 75 0 8 0.108346
36 46 0 8 0.106722
5 65 0 8 0.105897
10 57 0 8 0.105187
6 21 0 8 0.102107
20 47 0 8 0.101786
20 66 0 8 0.101730
25 67 0 8 0.100591
1 71 0 8 0.100174
18 38 0 8 0.099278
44 73 0 8 0.099240
7 42 0 8 0.098168
25 78 0 8 0.097644
2 58 0 8 0.097287
29 35 0 8 0.096052
38 51 0 8 0.095614
55 80 0 8 0.094688
33 87 0 8 0.094109
38 81 0 8 0.093180
20 62 0 8 0.092310
77 82 0 8 0.091343
1 63 0 8 0.091147
60 69 0 8 0.091084
1 52 0 8 0.089720
34 87 0 8 0.089682
15 56 0 8 0.088962
46 58 0 8 0.088015
3 45 0 8 0.087650
10 76 0 8 0.086911
13 38 0 8 0.086771
12 74 0 8 0.085970
11 69 0 8 0.085892
29 64 0 8 0.085461
44 81 0 8 0.085341
20 73 0 8 0.085145
1 47 0 8 0.084728
5 24 0 8 0.084720
19 34 0 8 0.084463
40 69 0 8 0.080659
21 72 0 8 0.080536
12 33 0 8 0.080475
5 15 0 8 0.079873
63 73 0 8 0.078053
3 12 0 8 0.076970
2 73 0 8 0.072782
12 48 0 8 0.072715
24 41 0 8 0.072341
13 23 0 8 0.072033
3 72 0 8 0.070290
1 13 0 8 0.069067
58 87 0 8 0.066186
31 86 0 8 0.066092
13 87 0 8 0.065848
21 87 0 8 0.065162
42 80 0 8 0.064372
36 71 0 8 0.064347
55 84 0 8 0.062941
1 28 0 8 0.062433
67 87 0 8 0.062131
48 73 0 8 0.061128
28 65 0 8 0.060871
11 22 0 8 0.060834
3 8 0 8 0.060312
16 41 0 8 0.060144
1 43 0 8 0.060079
36 44 0 8 0.059751
28 55 0 8 0.059620
51 68 0 8 0.058274
24 62 0 8 0.058163
7 71 0 8 0.057018
66 87 0 8 0.056156
6 16 0 8 0.055258
2 37 0 8 0.054537
5 28 0 8 0.051792
80 87 0 8 0.049576
38 59 0 8 0.045435
36 58 0 8 0.042799
48 78 0 8 0.042354
8 39 0 8 0.042249
31 82 0 8 0.041066
9 69 0 8 0.041060
57 73 0 8 0.040101
24 68 0 8 0.038813
15 75 0 8 0.038798
21 47 0 8 0.038735
42 64 0 8 0.038034
34 56 0 8 0.037237
7 19 0 8 0.036785
30 70 0 8 0.036203
61 73 0 8 0.036054
52 87 0 8 0.034786
35 52 0 8 0.034554
1 26 0 8 0.034169
9 48 0 8 0.034052
5 69 0 8 0.033934
4 62 0 8 0.033732
73 82 0 8 0.032422
25 77 0 8 0.032210
1 14 0 8 0.031800
13 29 0 8 0.029472
1 81 0 8 0.027562
8 78 0 8 0.027542
22 87 0 8 0.027166
4 46 0 8 0.025544
78 86 0 8 0.024898
1 55 0 8 0.024879
10 30 0 8 0.024416
72 85 0 8 0.024204
4 86 0 8 0.022565
6 71 0 8 0.022552
5 29 0 8 0.022500
45 53 0 8 0.022029
27 49 0 8 0.021659
1 18 0 8 0.020181
79 86 0 8 0.020156
14 73 0 8 0.019876
13 66 0 8 0.019672
1 23 0 8 0.016964
13 61 0 8 0.016331
61 87 0 8 0.015962
17 52 0 8 0.014084
43 87 0 8 0.013471
2 27 0 8 0.010528
14 74 0 8 0.010394
15 50 0 8 0.010333
29 81 0 8 0.008674
29 40 0 8 0.008435
52 74 0 8 0.008074
54 69 0 8 0.007928
44 79 0 8 0.007513
16 72 0 8 0.006788
35 54 0 8 0.005291
59 67 0 8 0.004642
56 76 0 8 0.004121
63 71 0 8 0.003580
6 70 0 8 0.000411
64 83 0 8 -0.002735
71 87 0 8 -0.002834
29 71 0 8 -0.005778
50 81 0 8 -0.005835
81 87 0 8 -0.006058
53 58 0 8 -0.009011
32 39 0 8 -0.009959
43 79 0 8 -0.011149
3 30 0 8 -0.011353
41 50 0 8 -0.012874
55 81 0 8 -0.013232
5 76 0 8 -0.014808
49 71 0 8 -0.015151
30 79 0 8 -0.016300
19 27 0 8 -0.016428
3 67 0 8 -0.016763
74 87 0 8 -0.017863
36 61 0 8 -0.017903
6 65 0 8 -0.019781
19 87 0 8 -0.021425
37 71 0 8 -0.022515
5 79 0 8 -0.025404
35 69 0 8 -0.027828
30 77 0 8 -0.028828
65 87 0 8 -0.030811
8 38 0 8 -0.030905
56 69 0 8 -0.031534
19 66 0 8 -0.032870
57 86 0 8 -0.033107
25 30 0 8 -0.034879
37 85 0 8 -0.035073
16 64 0 8 -0.035960
39 82 0 8 -0.036015
64 87 0 8 -0.036922
59 65 0 8 -0.039029
6 14 0 8 -0.039270
4 34 0 8 -0.039276
6 87 0 8 -0.039481
10 26 0 8 -0.039543
25 74 0 8 -0.039810
51 87 0 8 -0.040138
3 87 0 8 -0.040487
20 57 0 8 -0.040695
23 37 0 8 -0.041361
11 82 0 8 -0.042118
5 59 0 8 -0.042559
4 41 0 8 -0.042946
7 79 0 8 -0.042993
4 18 0 8 -0.045153
1 74 0 8 -0.047935
8 65 0 8 -0.048260
3 20 0 8 -0.048978
7 83 0 8 -0.049561
4 87 0 8 -0.049634
27 44 0 8 -0.050259
43 49 0 8 -0.050753
36 60 0 8 -0.051445
50 56 0 8 -0.051453
59 87 0 8 -0.051600
54 68 0 8 -0.052174
48 86 0 8 -0.052385
38 65 0 8 -0.053054
55 86 0 8 -0.053179
13 78 0 8 -0.053852
1 70 0 8 -0.054483
40 73 0 8 -0.056683
3 31 0 8 -0.057411
1 19 0 8 -0.057493
43 69 0 8 -0.057643
18 87 0 8 -0.057714
42 61 0 8 -0.059430
68 87 0 8 -0.059466
21 40 0 8 -0.059532
20 87 0 8 -0.061031
47 63 0 8 -0.061469
63 80 0 8 -0.063044
23 87 0 8 -0.066482
14 87 0 8 -0.066642
29 68 0 8 -0.067937
41 87 0 8 -0.068457
1 36 0 8 -0.068586
10 87 0 8 -0.069275
40 51 0 8 -0.070957
39 86 0 8 -0.071915
28 39 0 8 -0.072427
33 61 0 8 -0.072672
1 17 0 8 -0.072830
6 86 0 8 -0.072930
30 87 0 8 -0.073827
75 87 0 8 -0.074316
44 50 0 8 -0.075464
18 31 0 8 -0.076518
46 87 0 8 -0.077755
9 80 0 8 -0.078007
36 68 0 8 -0.078168
6 75 0 8 -0.078183
56 64 0 8 -0.079262
47 87 0 8 -0.079457
1 68 0 8 -0.080219
35 71 0 8 -0.080862
82 87 0 8 -0.080979
62 87 0 8 -0.081109
41 64 0 8 -0.081232
45 87 0 8 -0.081411
1 21 0 8 -0.081528
57 83 0 8 -0.082392
44 87 0 8 -0.082445
62 77 0 8 -0.083267
75 82 0 8 -0.083852
2 87 0 8 -0.083898
17 87 0 8 -0.083978
17 64 0 8 -0.084108
17 63 0 8 -0.084293
41 63 0 8 -0.084454
32 64 0 8 -0.085978
76 87 0 8 -0.087438
28 87 0 8 -0.087513
3 51 0 8 -0.089210
66 81 0 8 -0.089292
59 69 0 8 -0.090534
48 87 0 8 -0.090944
9 67 0 8 -0.092820
1 54 0 8 -0.092831
25 75 0 8 -0.093130
1 86 0 8 -0.093197
36 76 0 8 -0.093492
69 87 0 8 -0.094592
38 44 0 8 -0.094683
53 70 0 8 -0.095408
29 55 0 8 -0.095483
42 87 0 8 -0.097328
61 74 0 8 -0.097954
60 87 0 8 -0.098296
19 80 0 8 -0.098349
1 64 0 8 -0.099079
54 76 0 8 -0.099087
64 76 0 8 -0.099793
15 87 0 8 -0.100007
31 87 0 8 -0.100241
18 76 0 8 -0.100328
45 86 0 8 -0.101808
22 77 0 8 -0.102162
63 87 0 8 -0.102297
15 74 0 8 -0.102481
49 87 0 8 -0.102941
33 49 0 8 -0.103745
72 87 0 8 -0.104096
17 59 0 8 -0.104381
1 65 0 8 -0.104720
1 6 0 8 -0.105947
32 41 0 8 -0.106281
12 19 0 8 -0.106360
8 76 0 8 -0.106413
17 66 0 8 -0.106534
14 54 0 8 -0.107301
1 67 0 8 -0.108051
11 27 0 8 -0.108068
4 25 0 8 -0.108214
15 80 0 8 -0.108580
40 87 0 8 -0.108685
6 40 0 8 -0.109465
61 76 0 8 -0.110163
7 87 0 8 -0.110394
26 87 0 8 -0.111957
50 87 0 8 -0.113913
12 87 0 8 -0.114125
8 82 0 8 -0.114551
17 86 0 8 -0.114943
46 64 0 8 -0.115232
2 57 0 8 -0.117039
40 62 0 8 -0.117736
39 87 0 8 -0.117787
6 35 0 8 -0.117882
25 87 0 8 -0.119284
5 87 0 8 -0.120902
3 68 0 8 -0.120961
47 79 0 8 -0.122984
54 87 0 8 -0.123083
6 46 0 8 -0.124420
48 83 0 8 -0.126542
74 83 0 8 -0.129485
13 33 0 8 -0.131172
4 53 0 8 -0.131368
20 74 0 8 -0.131688
66 80 0 8 -0.131950
68 86 0 8 -0.132576
19 26 0 8 -0.133174
29 36 0 8 -0.134552
22 81 0 8 -0.135741
64 80 0 8 -0.135953
76 84 0 8 -0.136925
57 87 0 8 -0.138305
1 59 0 8 -0.138466
1 79 0 8 -0.139501
35 87 0 8 -0.139747
1 85 0 8 -0.140046
55 83 0 8 -0.140068
5 80 0 8 -0.141311
54 80 0 8 -0.143906
31 63 0 8 -0.144082
55 87 0 8 -0.144411
4 22 0 8 -0.144449
2 85 0 8 -0.144678
14 39 0 8 -0.145839
38 87 0 8 -0.146872
20 67 0 8 -0.147178
1 66 0 8 -0.147282
48 76 0 8 -0.147813
43 74 0 8 -0.148449
18 30 0 8 -0.148604
18 74 0 8 -0.149292
33 84 0 8 -0.149587
24 87 0 8 -0.150301
42 50 0 8 -0.150351
8 74 0 8 -0.150730
65 84 0 8 -0.150834
17 58 0 8 -0.150963
39 54 0 8 -0.151041
37 87 0 8 -0.151475
58 69 0 8 -0.152155
1 72 0 8 -0.153183
2 52 0 8 -0.154760
19 79 0 8 -0.155009
10 37 0 8 -0.155199
6 30 0 8 -0.157359
27 65 0 8 -0.157438
19 46 0 8 -0.157994
12 36 0 8 -0.158201
32 87 0 8 -0.158425
52 67 0 8 -0.158591
61 81 0 8 -0.159876
1 12 0 8 -0.162614
45 85 0 8 -0.163093
20 31 0 8 -0.163544
1 20 0 8 -0.163774
3 86 0 8 -0.164759
1 56 0 8 -0.166131
51 71 0 8 -0.167163
14 48 0 8 -0.168351
26 36 0 8 -0.169346
20 53 0 8 -0.169399
41 82 0 8 -0.169432
13 21 0 8 -0.169723
6 84 0 8 -0.170045
19 54 0 8 -0.170142
36 87 0 8 -0.170784
21 42 0 8 -0.171308
71 79 0 8 -0.172597
23 35 0 8 -0.172999
39 79 0 8 -0.173768
22 49 0 8 -0.174287
38 78 0 8 -0.174861
1 45 0 8 -0.175679
68 77 0 8 -0.175770
4 63 0 8 -0.177234
7 16 0 8 -0.178432
57 79 0 8 -0.178735
18 67 0 8 -0.179284
5 60 0 8 -0.179439
11 41 0 8 -0.180231
48 62 0 8 -0.180343
45 58 0 8 -0.181732
32 52 0 8 -0.181746
23 43 0 8 -0.181890
42 76 0 8 -0.184891
42 52 0 8 -0.185602
16 79 0 8 -0.186926
1 11 0 8 -0.187792
38 66 0 8 -0.188155
33 71 0 8 -0.190396
8 86 0 8 -0.190412
1 57 0 8 -0.190974
6 28 0 8 -0.192311
34 47 0 8 -0.193375
53 62 0 8 -0.193821
64 75 0 8 -0.193824
48 55 0 8 -0.194155
23 65 0 8 -0.195464
3 58 0 8 -0.195536
43 83 0 8 -0.196294
15 34 0 8 -0.197957
20 64 0 8 -0.198222
76 86 0 8 -0.198582
46 81 0 8 -0.198647
1 75 0 8 -0.199424
19 52 0 8 -0.199426
1 80 0 8 -0.199686
22 85 0 8 -0.200003
57 70 0 8 -0.200416
50 65 0 8 -0.202743
62 74 0 8 -0.202870
42 66 0 8 -0.203100
77 86 0 8 -0.204078
7 64 0 8 -0.204566
19 69 0 8 -0.207948
1 46 0 8 -0.208652
3 52 0 8 -0.209173
11 35 0 8 -0.210555
24 31 0 8 -0.211177
8 24 0 8 -0.211806
3 62 0 8 -0.212359
19 31 0 8 -0.213174
4 81 0 8 -0.214731
13 45 0 8 -0.215092
7 59 0 8 -0.215369
14 86 0 8 -0.215740
27 63 0 8 -0.216466
50 60 0 8 -0.216984
33 77 0 8 -0.217426
28 36 0 8 -0.217880
1 34 0 8 -0.218167
53 81 0 8 -0.219314
17 75 0 8 -0.219578
1 44 0 8 -0.221238
40 80 0 8 -0.221495
47 61 0 8 -0.221595
1 84 0 8 -0.224032
43 73 0 8 -0.226854
7 17 0 8 -0.227300
38 69 0 8 -0.227908
11 76 0 8 -0.228575
23 33 0 8 -0.228965
81 86 0 8 -0.229503
69 79 0 8 -0.230411
18 70 0 8 -0.231114
62 75 0 8 -0.231154
46 56 0 8 -0.231509
11 78 0 8 -0.231812
1 29 0 8 -0.231996
7 50 0 8 -0.232280
1 61 0 8 -0.232481
23 31 0 8 -0.234236
1 76 0 8 -0.234637
1 9 0 8 -0.234813
3 26 0 8 -0.235469
1 33 0 8 -0.235566
34 86 0 8 -0.236232
1 78 0 8 -0.236568
15 40 0 8 -0.236757
8 68 0 8 -0.238524
41 56 0 8 -0.238792
34 66 0 8 -0.241127
24 47 0 8 -0.242444
40 56 0 8 -0.242912
1 48 0 8 -0.244046
1 10 0 8 -0.244148
26 35 0 8 -0.245217
12 17 0 8 -0.248274
12 70 0 8 -0.249991
16 32 0 8 -0.251999
13 85 0 8 -0.252237
26 34 0 8 -0.252474
62 69 0 8 -0.253538
13 22 0 8 -0.253787
1 69 0 8 -0.253835
19 32 0 8 -0.253915
1 25 0 8 -0.254698
23 83 0 8 -0.254753
24 84 0 8 -0.254917
26 64 0 8 -0.255782
23 74 0 8 -0.256195
2 55 0 8 -0.256270
42 79 0 8 -0.257254
51 79 0 8 -0.258827
54 63 0 8 -0.258904
2 12 0 8 -0.258966
38 50 0 8 -0.259685
8 44 0 8 -0.260190
45 65 0 8 -0.260905
18 58 0 8 -0.261636
1 83 0 8 -0.261902
31 76 0 8 -0.263295
19 76 0 8 -0.263772
1 60 0 8 -0.263772
23 34 0 8 -0.263918
64 84 0 8 -0.264224
6 12 0 8 -0.265731
3 80 0 8 -0.266935
1 15 0 8 -0.268366
56 63 0 8 -0.268860
47 69 0 8 -0.269115
44 64 0 8 -0.269727
15 33 0 8 -0.270981
12 25 0 8 -0.273618
57 68 0 8 -0.275331
68 83 0 8 -0.275907
23 86 0 8 -0.276188
1 49 0 8 -0.276239
4 29 0 8 -0.277581
48 63 0 8 -0.278232
15 48 0 8 -0.282780
25 52 0 8 -0.283931
7 75 0 8 -0.284659
74 85 0 8 -0.288172
62 86 0 8 -0.289138
43 80 0 8 -0.290753
48 72 0 8 -0.292197
28 64 0 8 -0.292358
29 52 0 8 -0.292693
2 74 0 8 -0.292847
6 52 0 8 -0.293104
11 54 0 8 -0.293430
6 47 0 8 -0.293497
36 79 0 8 -0.295118
11 80 0 8 -0.295363
9 34 0 8 -0.295443
30 40 0 8 -0.295854
1 7 0 8 -0.296238
41 74 0 8 -0.296604
54 67 0 8 -0.298710
51 74 0 8 -0.299355
21 31 0 8 -0.300737
34 48 0 8 -0.301885
30 82 0 8 -0.301948
21 49 0 8 -0.302447
17 28 0 8 -0.302804
8 18 0 8 -0.303920
24 85 0 8 -0.305885
68 79 0 8 -0.305895
46 51 0 8 -0.306461
19 82 0 8 -0.307815
29 66 0 8 -0.308124
14 65 0 8 -0.308379
34 83 0 8 -0.309507
31 37 0 8 -0.309853
19 39 0 8 -0.309980
64 71 0 8 -0.310279
27 32 0 8 -0.310325
67 86 0 8 -0.312708
15 70 0 8 -0.312820
3 65 0 8 -0.313349
8 52 0 8 -0.314486
15 61 0 8 -0.314882
4 12 0 8 -0.314923
31 54 0 8 -0.317029
46 59 0 8 -0.317895
1 58 0 8 -0.318539
30 76 0 8 -0.319045
11 74 0 8 -0.319369
7 74 0 8 -0.321139
3 56 0 8 -0.321795
11 34 0 8 -0.321947
78 83 0 8 -0.322215
19 48 0 8 -0.323079
32 53 0 8 -0.324687
12 61 0 8 -0.324910
65 72 0 8 -0.326156
30 37 0 8 -0.328569
49 69 0 8 -0.329949
3 66 0 8 -0.330028
11 25 0 8 -0.330342
16 22 0 8 -0.330419
59 82 0 8 -0.330453
28 86 0 8 -0.331242
60 73 0 8 -0.331245
19 51 0 8 -0.333060
19 68 0 8 -0.333183
60 65 0 8 -0.333317
65 73 0 8 -0.333647
37 42 0 8 -0.333932
20 86 0 8 -0.334326
20 75 0 8 -0.334485
21 74 0 8 -0.335215
22 40 0 8 -0.336868
19 55 0 8 -0.337054
1 37 0 8 -0.337491
9 79 0 8 -0.337949
26 79 0 8 -0.338213
18 66 0 8 -0.338928
55 62 0 8 -0.339135
4 51 0 8 -0.341490
21 80 0 8 -0.341872
72 86 0 8 -0.342148
5 17 0 8 -0.344673
19 44 0 8 -0.347465
48 66 0 8 -0.347465
13 55 0 8 -0.347591
14 24 0 8 -0.348657
37 43 0 8 -0.349621
24 72 0 8 -0.349677
59 75 0 8 -0.350389
23 78 0 8 -0.351086
52 71 0 8 -0.351362
43 85 0 8 -0.351535
8 42 0 8 -0.351571
37 72 0 8 -0.352269
64 85 0 8 -0.353986
46 52 0 8 -0.354520
1 53 0 8 -0.354531
18 75 0 8 -0.355175
56 68 0 8 -0.355956
16 52 0 8 -0.356970
34 84 0 8 -0.357202
23 63 0 8 -0.357633
73 86 0 8 -0.359418
70 80 0 8 -0.359977
47 70 0 8 -0.360794
23 54 0 8 -0.361529
42 67 0 8 -0.361845
42 86 0 8 -0.362420
6 67 0 8 -0.364049
8 36 0 8 -0.364598
16 59 0 8 -0.364884
29 80 0 8 -0.366729
44 82 0 8 -0.366813
2 86 0 8 -0.366879
3 44 0 8 -0.367238
7 62 0 8 -0.367523
11 52 0 8 -0.368427
49 86 0 8 -0.369673
60 76 0 8 -0.370639
9 18 0 8 -0.371307
54 65 0 8 -0.372236
17 45 0 8 -0.372288
26 74 0 8 -0.373741
3 41 0 8 -0.373939
1 35 0 8 -0.375006
24 66 0 8 -0.375184
33 85 0 8 -0.375625
9 60 0 8 -0.376049
18 47 0 8 -0.376513
6 64 0 8 -0.376712
71 81 0 8 -0.377004
5 40 0 8 -0.377459
54 83 0 8 -0.377674
17 40 0 8 -0.377916
1 32 0 8 -0.378106
4 48 0 8 -0.378901
41 86 0 8 -0.379644
66 82 0 8 -0.380817
13 46 0 8 -0.381163
17 76 0 8 -0.381684
3 47 0 8 -0.381714
27 62 0 8 -0.381737
52 66 0 8 -0.381808
6 33 0 8 -0.383359
3 61 0 8 -0.384222
46 53 0 8 -0.386158
10 82 0 8 -0.386916
42 85 0 8 -0.391148
59 76 0 8 -0.391873
19 45 0 8 -0.392316
32 80 0 8 -0.392764
39 78 0 8 -0.393150
30 56 0 8 -0.394461
24 39 0 8 -0.394726
15 68 0 8 -0.396554
28 66 0 8 -0.398356
22 60 0 8 -0.398601
16 43 0 8 -0.399779
19 41 0 8 -0.399849
79 85 0 8 -0.400098
12 73 0 8 -0.401958
16 21 0 8 -0.402568
44 63 0 8 -0.403195
8 35 0 8 -0.403669
59 71 0 8 -0.404340
23 68 0 8 -0.404597
8 27 0 8 -0.406876
6 66 0 8 -0.409099
30 74 0 8 -0.409177
43 53 0 8 -0.410338
18 28 0 8 -0.411958
4 42 0 8 -0.413333
5 68 0 8 -0.415280
35 73 0 8 -0.415779
62 78 0 8 -0.416590
64 72 0 8 -0.416729
28 82 0 8 -0.417713
21 53 0 8 -0.417941
8 32 0 8 -0.418353
18 45 0 8 -0.419150
60 70 0 8 -0.419523
34 74 0 8 -0.421041
76 82 0 8 -0.421326
70 79 0 8 -0.421415
19 73 0 8 -0.422026
4 66 0 8 -0.422410
35 74 0 8 -0.424034
8 16 0 8 -0.424964
19 62 0 8 -0.425159
5 66 0 8 -0.425496
14 83 0 8 -0.425794
43 64 0 8 -0.426110
65 82 0 8 -0.426572
48 59 0 8 -0.429092
68 81 0 8 -0.429680
43 67 0 8 -0.429782
47 74 0 8 -0.429876
11 43 0 8 -0.429897
28 84 0 8 -0.430327
46 74 0 8 -0.430946
10 47 0 8 -0.433692
26 56 0 8 -0.435260
15 27 0 8 -0.435686
34 64 0 8 -0.435887
19 84 0 8 -0.436498
44 51 0 8 -0.436975
3 64 0 8 -0.438562
18 82 0 8 -0.438956
33 83 0 8 -0.439745
38 68 0 8 -0.439768
66 86 0 8 -0.440623
21 62 0 8 -0.440743
22 50 0 8 -0.444773
34 43 0 8 -0.445417
39 84 0 8 -0.446295
41 57 0 8 -0.446677
5 74 0 8 -0.447228
15 51 0 8 -0.447304
16 86 0 8 -0.447331
45 71 0 8 -0.447885
37 47 0 8 -0.450307
9 56 0 8 -0.450448
21 44 0 8 -0.450715
4 10 0 8 -0.450854
45 74 0 8 -0.451210
13 74 0 8 -0.452414
26 47 0 8 -0.453102
20 79 0 8 -0.453543
11 23 0 8 -0.453815
3 18 0 8 -0.453937
61 78 0 8 -0.454143
40 77 0 8 -0.454482
24 74 0 8 -0.456760
44 74 0 8 -0.456942
11 85 0 8 -0.457089
30 62 0 8 -0.457416
16 70 0 8 -0.457689
49 82 0 8 -0.458277
37 73 0 8 -0.458470
60 67 0 8 -0.458537
56 86 0 8 -0.458608
20 26 0 8 -0.460272
6 37 0 8 -0.460813
23 71 0 8 -0.462974
27 66 0 8 -0.463126
12 44 0 8 -0.463388
2 19 0 8 -0.463498
30 73 0 8 -0.464282
18 86 0 8 -0.466822
5 52 0 8 -0.468814
13 59 0 8 -0.468905
17 71 0 8 -0.469352
6 17 0 8 -0.470272
26 59 0 8 -0.470744
12 55 0 8 -0.473719
7 67 0 8 -0.473998
67 81 0 8 -0.476213
44 56 0 8 -0.476595
28 52 0 8 -0.479015
35 78 0 8 -0.479394
5 21 0 8 -0.480713
64 77 0 8 -0.481567
43 78 0 8 -0.483336
5 48 0 8 -0.483923
20 65 0 8 -0.484131
53 84 0 8 -0.484777
10 46 0 8 -0.486743
38 75 0 8 -0.486919
56 61 0 8 -0.487017
2 75 0 8 -0.487317
38 54 0 8 -0.487549
15 36 0 8 -0.488352
37 66 0 8 -0.488734
3 84 0 8 -0.488955
13 53 0 8 -0.490620
51 59 0 8 -0.492377
19 72 0 8 -0.492767
36 53 0 8 -0.493111
19 75 0 8 -0.494013
64 82 0 8 -0.494625
30 61 0 8 -0.495052
58 72 0 8 -0.497473
7 23 0 8 -0.497820
10 71 0 8 -0.498019
18 33 0 8 -0.498073
21 64 0 8 -0.498406
6 54 0 8 -0.500256
13 34 0 8 -0.502717
57 78 0 8 -0.503065
48 74 0 8 -0.504048
16 66 0 8 -0.504593
49 74 0 8 -0.505145
40 78 0 8 -0.506335
60 83 0 8 -0.507251
29 58 0 8 -0.510745
18 27 0 8 -0.510916
18 37 0 8 -0.512497
21 86 0 8 -0.514018
7 80 0 8 -0.514018
34 76 0 8 -0.514155
11 65 0 8 -0.514911
21 46 0 8 -0.515520
26 72 0 8 -0.515593
42 68 0 8 -0.517130
28 74 0 8 -0.517813
67 74 0 8 -0.519064
31 58 0 8 -0.520270
16 61 0 8 -0.520946
44 69 0 8 -0.521189
58 80 0 8 -0.521288
3 43 0 8 -0.521311
4 70 0 8 -0.522165
55 66 0 8 -0.522492
3 42 0 8 -0.523794
42 71 0 8 -0.524574
73 80 0 8 -0.525984
23 82 0 8 -0.526376
14 51 0 8 -0.526470
26 39 0 8 -0.527539
55 67 0 8 -0.527995
60 71 0 8 -0.529040
23 56 0 8 -0.530077
4 39 0 8 -0.530224
57 74 0 8 -0.530312
8 23 0 8 -0.533006
9 72 0 8 -0.533020
16 38 0 8 -0.533038
21 34 0 8 -0.533441
77 83 0 8 -0.534266
3 10 0 8 -0.534421
9 84 0 8 -0.534958
7 20 0 8 -0.536033
8 46 0 8 -0.536607
34 77 0 8 -0.536819
25 86 0 8 -0.537310
3 75 0 8 -0.537603
3 83 0 8 -0.537746
43 63 0 8 -0.538434
61 75 0 8 -0.539066
42 74 0 8 -0.539427
26 67 0 8 -0.540360
42 83 0 8 -0.540864
36 55 0 8 -0.543117
20 38 0 8 -0.545057
50 64 0 8 -0.545360
3 35 0 8 -0.545632
9 68 0 8 -0.545988
25 72 0 8 -0.547471
5 19 0 8 -0.548443
31 66 0 8 -0.548654
3 28 0 8 -0.548975
37 49 0 8 -0.548990
27 41 0 8 -0.549137
32 75 0 8 -0.549497
8 85 0 8 -0.549599
19 70 0 8 -0.550992
19 40 0 8 -0.551502
4 52 0 8 -0.551600
23 76 0 8 -0.551740
16 47 0 8 -0.552645
13 86 0 8 -0.553563
22 53 0 8 -0.554060
8 60 0 8 -0.554943
16 50 0 8 -0.555727
16 55 0 8 -0.556063
31 47 0 8 -0.556244
75 83 0 8 -0.556445
39 64 0 8 -0.557576
44 68 0 8 -0.558842
20 52 0 8 -0.560685
49 64 0 8 -0.561317
5 78 0 8 -0.561320
8 69 0 8 -0.563042
20 69 0 8 -0.563114
35 64 0 8 -0.563796
18 50 0 8 -0.564488
6 58 0 8 -0.565732
45 83 0 8 -0.567086
33 58 0 8 -0.567687
22 38 0 8 -0.568681
13 62 0 8 -0.569034
11 86 0 8 -0.569647
20 40 0 8 -0.569649
14 33 0 8 -0.569661
36 64 0 8 -0.570130
9 19 0 8 -0.570777
13 70 0 8 -0.571305
9 78 0 8 -0.572414
15 64 0 8 -0.573129
13 83 0 8 -0.573168
11 59 0 8 -0.573641
31 45 0 8 -0.574149
18 26 0 8 -0.574372
31 51 0 8 -0.574992
6 79 0 8 -0.577052
8 59 0 8 -0.577579
59 78 0 8 -0.577729
46 86 0 8 -0.577770
46 85 0 8 -0.578433
41 54 0 8 -0.579902
19 57 0 8 -0.582065
51 84 0 8 -0.582194
27 48 0 8 -0.582205
33 52 0 8 -0.582827
55 71 0 8 -0.582884
54 79 0 8 -0.583073
74 81 0 8 -0.583207
20 32 0 8 -0.583633
24 71 0 8 -0.583758
28 45 0 8 -0.585320
15 67 0 8 -0.587209
19 78 0 8 -0.589507
7 65 0 8 -0.589765
22 29 0 8 -0.590553
19 43 0 8 -0.592492
58 79 0 8 -0.593384
46 80 0 8 -0.593790
28 53 0 8 -0.595550
58 77 0 8 -0.596382
45 69 0 8 -0.596946
2 77 0 8 -0.597066
8 50 0 8 -0.597564
7 27 0 8 -0.598607
22 67 0 8 -0.599230
33 68 0 8 -0.600732
40 74 0 8 -0.602375
32 48 0 8 -0.602456
54 82 0 8 -0.603855
20 63 0 8 -0.605834
37 69 0 8 -0.607110
17 80 0 8 -0.608341
39 74 0 8 -0.608597
12 59 0 8 -0.609682
19 71 0 8 -0.609728
37 45 0 8 -0.610013
29 76 0 8 -0.610672
35 40 0 8 -0.611304
58 71 0 8 -0.612339
18 23 0 8 -0.612734
5 82 0 8 -0.613831
54 74 0 8 -0.614005
9 82 0 8 -0.614299
50 74 0 8 -0.615300
22 36 0 8 -0.615981
28 73 0 8 -0.616021
62 72 0 8 -0.616970
35 86 0 8 -0.617752
28 47 0 8 -0.619124
19 85 0 8 -0.620588
14 76 0 8 -0.621844
24 38 0 8 -0.622048
80 86 0 8 -0.622728
14 19 0 8 -0.623269
16 31 0 8 -0.627897
44 71 0 8 -0.629489
4 15 0 8 -0.629497
12 26 0 8 -0.630168
18 64 0 8 -0.630234
23 66 0 8 -0.631521
21 57 0 8 -0.631736
31 56 0 8 -0.631962
33 64 0 8 -0.633474
16 68 0 8 -0.634118
19 53 0 8 -0.635004
5 55 0 8 -0.635160
64 73 0 8 -0.635406
15 71 0 8 -0.636148
53 76 0 8 -0.636407
13 52 0 8 -0.636696
13 80 0 8 -0.637052
37 52 0 8 -0.637245
2 47 0 8 -0.637259
19 77 0 8 -0.637448
10 74 0 8 -0.638586
18 68 0 8 -0.639283
15 54 0 8 -0.639790
29 51 0 8 -0.640664
47 76 0 8 -0.641378
4 14 0 8 -0.643398
28 59 0 8 -0.644138
26 46 0 8 -0.644363
30 46 0 8 -0.646155
44 49 0 8 -0.646638
43 59 0 8 -0.646770
19 42 0 8 -0.646983
22 33 0 8 -0.647215
30 60 0 8 -0.647706
19 56 0 8 -0.648144
3 59 0 8 -0.648187
12 38 0 8 -0.648199
14 84 0 8 -0.648752
41 59 0 8 -0.650132
40 71 0 8 -0.652418
46 68 0 8 -0.652971
12 47 0 8 -0.653728
43 62 0 8 -0.658016
30 68 0 8 -0.658164
6 27 0 8 -0.662559
19 37 0 8 -0.662979
45 56 0 8 -0.663668
42 69 0 8 -0.664323
3 78 0 8 -0.664628
10 69 0 8 -0.665635
76 85 0 8 -0.667588
19 63 0 8 -0.668153
41 71 0 8 -0.668492
6 45 0 8 -0.668702
5 31 0 8 -0.668940
22 79 0 8 -0.672874
38 67 0 8 -0.673212
19 49 0 8 -0.673593
12 63 0 8 -0.674004
31 48 0 8 -0.675299
41 67 0 8 -0.675405
9 75 0 8 -0.675867
2 34 0 8 -0.676771
73 78 0 8 -0.676993
12 62 0 8 -0.680074
5 53 0 8 -0.680080
49 83 0 8 -0.680651
35 46 0 8 -0.680881
23 77 0 8 -0.681050
24 55 0 8 -0.681872
27 59 0 8 -0.682815
45 55 0 8 -0.682877
47 81 0 8 -0.684790
44 86 0 8 -0.688093
37 74 0 8 -0.689342
35 41 0 8 -0.689843
22 32 0 8 -0.689962
47 72 0 8 -0.691037
52 57 0 8 -0.691255
58 74 0 8 -0.693631
13 65 0 8 -0.696329
10 22 0 8 -0.697499
61 68 0 8 -0.698788
38 82 0 8 -0.698789
18 65 0 8 -0.698795
15 60 0 8 -0.698867
61 67 0 8 -0.699521
44 59 0 8 -0.700221
46 73 0 8 -0.701109
36 45 0 8 -0.702748
67 85 0 8 -0.703891
2 20 0 8 -0.706093
52 59 0 8 -0.706264
50 72 0 8 -0.707743
14 61 0 8 -0.707752
19 81 0 8 -0.708455
27 79 0 8 -0.709900
46 76 0 8 -0.710408
14 79 0 8 -0.710805
20 68 0 8 -0.711051
29 46 0 8 -0.711761
38 64 0 8 -0.712052
18 29 0 8 -0.714537
7 35 0 8 -0.715112
44 52 0 8 -0.716989
32 74 0 8 -0.717071
9 54 0 8 -0.717395
24 40 0 8 -0.717573
20 72 0 8 -0.719322
27 80 0 8 -0.719335
6 83 0 8 -0.721579
17 33 0 8 -0.721685
65 83 0 8 -0.721975
5 43 0 8 -0.723251
43 86 0 8 -0.723652
13 64 0 8 -0.723985
18 43 0 8 -0.726750
6 69 0 8 -0.728217
10 56 0 8 -0.729796
14 81 0 8 -0.730202
24 77 0 8 -0.730442
40 48 0 8 -0.730835
6 56 0 8 -0.732037
6 31 0 8 -0.733001
45 63 0 8 -0.733268
44 60 0 8 -0.734626
47 56 0 8 -0.734766
7 70 0 8 -0.735591
34 85 0 8 -0.735827
6 85 0 8 -0.736731
31 53 0 8 -0.737268
9 31 0 8 -0.738158
55 76 0 8 -0.740222
7 18 0 8 -0.740244
48 61 0 8 -0.740813
59 81 0 8 -0.741386
60 85 0 8 -0.742231
23 62 0 8 -0.742858
30 66 0 8 -0.743165
12 60 0 8 -0.743663
31 61 0 8 -0.744772
22 84 0 8 -0.744908
39 52 0 8 -0.745937
44 65 0 8 -0.746171
35 43 0 8 -0.746205
3 50 0 8 -0.748588
10 83 0 8 -0.749877
2 64 0 8 -0.750015
12 35 0 8 -0.750543
10 21 0 8 -0.750958
42 84 0 8 -0.752272
41 69 0 8 -0.752630
6 50 0 8 -0.752951
68 78 0 8 -0.755013
54 70 0 8 -0.755145
13 44 0 8 -0.756248
19 50 0 8 -0.757234
11 30 0 8 -0.757273
29 85 0 8 -0.757310
45 72 0 8 -0.760093
39 76 0 8 -0.760914
49 57 0 8 -0.762905
24 65 0 8 -0.763846
47 59 0 8 -0.763903
73 79 0 8 -0.764235
45 76 0 8 -0.764558
30 48 0 8 -0.765132
2 13 0 8 -0.765904
22 45 0 8 -0.766124
21 65 0 8 -0.767045
9 71 0 8 -0.768954
15 59 0 8 -0.770669
7 60 0 8 -0.771643
28 35 0 8 -0.772036
22 80 0 8 -0.772801
27 57 0 8 -0.774144
57 72 0 8 -0.776398
9 74 0 8 -0.776422
43 57 0 8 -0.777024
30 81 0 8 -0.777456
48 70 0 8 -0.780830
6 44 0 8 -0.781672
8 37 0 8 -0.781737
10 77 0 8 -0.782846
8 58 0 8 -0.782871
11 66 0 8 -0.784306
2 76 0 8 -0.784426
15 42 0 8 -0.785199
65 78 0 8 -0.786760
19 58 0 8 -0.786883
65 71 0 8 -0.787244
32 85 0 8 -0.788824
27 40 0 8 -0.789985
28 67 0 8 -0.790827
35 65 0 8 -0.791295
25 84 0 8 -0.791823
31 72 0 8 -0.792425
45 68 0 8 -0.793619
8 71 0 8 -0.796591
10 40 0 8 -0.797575
31 74 0 8 -0.798733
40 58 0 8 -0.799960
63 78 0 8 -0.800332
39 73 0 8 -0.800367
55 74 0 8 -0.800383
29 47 0 8 -0.801146
5 62 0 8 -0.801993
23 69 0 8 -0.802404
49 59 0 8 -0.802512
53 64 0 8 -0.805425
52 83 0 8 -0.805930
28 40 0 8 -0.808334
39 55 0 8 -0.811680
30 41 0 8 -0.811802
52 84 0 8 -0.812523
29 56 0 8 -0.812635
20 33 0 8 -0.813309
38 74 0 8 -0.814022
35 48 0 8 -0.814478
14 35 0 8 -0.816578
10 62 0 8 -0.816979
6 82 0 8 -0.817103
10 54 0 8 -0.818634
69 84 0 8 -0.820240
7 72 0 8 -0.820948
60 82 0 8 -0.821529
18 59 0 8 -0.821587
11 64 0 8 -0.823027
15 26 0 8 -0.823092
11 45 0 8 -0.823180
58 70 0 8 -0.823367
12 72 0 8 -0.823512
13 67 0 8 -0.824808
30 69 0 8 -0.824972
47 60 0 8 -0.825877
18 53 0 8 -0.827023
50 58 0 8 -0.827404
18 46 0 8 -0.829873
8 79 0 8 -0.832046
20 48 0 8 -0.832473
6 61 0 8 -0.833869
53 65 0 8 -0.834637
22 86 0 8 -0.834649
3 33 0 8 -0.835292
63 68 0 8 -0.835918
41 60 0 8 -0.838386
54 60 0 8 -0.839010
41 72 0 8 -0.839418
39 66 0 8 -0.840081
53 59 0 8 -0.841535
36 86 0 8 -0.842155
13 48 0 8 -0.842932
39 70 0 8 -0.843454
32 44 0 8 -0.843870
37 46 0 8 -0.844227
45 70 0 8 -0.844546
14 26 0 8 -0.844758
10 65 0 8 -0.844857
43 55 0 8 -0.845358
33 74 0 8 -0.845632
45 66 0 8 -0.846015
2 66 0 8 -0.847400
17 68 0 8 -0.848739
4 24 0 8 -0.851265
5 25 0 8 -0.851783
41 73 0 8 -0.851846
53 74 0 8 -0.851878
66 84 0 8 -0.851929
54 86 0 8 -0.853101
80 85 0 8 -0.853905
36 74 0 8 -0.854108
14 37 0 8 -0.854112
40 79 0 8 -0.854309
34 42 0 8 -0.854743
32 82 0 8 -0.854950
18 42 0 8 -0.855284
53 86 0 8 -0.856016
3 69 0 8 -0.856568
55 64 0 8 -0.856809
18 35 0 8 -0.857133
22 64 0 8 -0.861358
29 63 0 8 -0.862733
43 75 0 8 -0.863966
70 84 0 8 -0.864258
11 44 0 8 -0.864652
24 86 0 8 -0.868568
34 79 0 8 -0.868607
46 66 0 8 -0.868615
15 24 0 8 -0.871026
16 45 0 8 -0.874763
44 78 0 8 -0.875501
6 41 0 8 -0.876027
25 64 0 8 -0.876931
10 24 0 8 -0.877960
9 59 0 8 -0.878322
8 80 0 8 -0.878929
16 58 0 8 -0.879107
27 73 0 8 -0.879332
73 85 0 8 -0.880414
30 49 0 8 -0.880612
21 32 0 8 -0.880640
47 52 0 8 -0.881649
37 70 0 8 -0.883067
10 41 0 8 -0.883499
50 70 0 8 -0.884130
42 63 0 8 -0.884549
2 78 0 8 -0.885832
43 82 0 8 -0.886988
21 85 0 8 -0.887528
23 50 0 8 -0.889714
14 62 0 8 -0.890044
13 79 0 8 -0.892050
4 83 0 8 -0.893565
13 25 0 8 -0.893829
65 81 0 8 -0.896602
15 66 0 8 -0.896646
23 79 0 8 -0.896942
16 62 0 8 -0.898289
12 64 0 8 -0.899519
34 46 0 8 -0.899602
6 76 0 8 -0.899659
30 47 0 8 -0.900682
23 45 0 8 -0.902039
8 75 0 8 -0.903090
8 47 0 8 -0.904562
8 48 0 8 -0.904681
14 67 0 8 -0.904977
18 83 0 8 -0.905101
62 79 0 8 -0.905468
54 75 0 8 -0.905899
4 77 0 8 -0.905909
5 22 0 8 -0.907210
47 64 0 8 -0.909748
50 68 0 8 -0.909993
12 86 0 8 -0.912631
41 76 0 8 -0.913725
27 56 0 8 -0.915554
43 65 0 8 -0.916119
4 47 0 8 -0.917813
27 35 0 8 -0.918162
14 44 0 8 -0.918292
10 34 0 8 -0.919670
14 66 0 8 -0.920450
14 34 0 8 -0.921464
12 20 0 8 -0.921942
33 54 0 8 -0.922262
29 45 0 8 -0.922988
27 74 0 8 -0.923418
13 43 0 8 -0.926033
7 86 0 8 -0.928780
2 50 0 8 -0.929467
54 73 0 8 -0.929722
11 48 0 8 -0.930218
7 12 0 8 -0.930821
18 79 0 8 -0.930887
62 85 0 8 -0.931086
16 75 0 8 -0.931168
12 51 0 8 -0.931248
12 37 0 8 -0.931910
45 64 0 8 -0.932617
19 24 0 8 -0.935791
22 75 0 8 -0.938174
5 86 0 8 -0.940548
46 65 0 8 -0.941448
4 73 0 8 -0.941913
46 83 0 8 -0.942409
22 69 0 8 -0.942608
9 38 0 8 -0.943312
36 62 0 8 -0.943801
18 77 0 8 -0.944642
50 71 0 8 -0.945033
15 57 0 8 -0.945422
57 76 0 8 -0.945697
4 61 0 8 -0.948099
67 73 0 8 -0.948913
11 21 0 8 -0.949986
11 72 0 8 -0.950271
26 42 0 8 -0.952159
25 56 0 8 -0.952175
15 49 0 8 -0.952194
68 85 0 8 -0.952576
4 84 0 8 -0.952636
33 59 0 8 -0.954900
56 80 0 8 -0.955429
62 76 0 8 -0.956971
34 52 0 8 -0.958031
44 55 0 8 -0.958045
36 65 0 8 -0.960926
47 65 0 8 -0.962059
15 78 0 8 -0.962100
19 67 0 8 -0.962100
21 79 0 8 -0.962316
3 85 0 8 -0.962425
43 60 0 8 -0.962551
63 70 0 8 -0.962957
19 33 0 8 -0.964147
7 41 0 8 -0.964643
48 65 0 8 -0.965007
5 50 0 8 -0.965509
24 58 0 8 -0.966272
60 86 0 8 -0.967987
17 82 0 8 -0.968976
10 44 0 8 -0.969119
43 70 0 8 -0.969646
54 59 0 8 -0.970344
39 48 0 8 -0.970418
4 21 0 8 -0.973441
50 80 0 8 -0.973774
20 27 0 8 -0.973967
33 42 0 8 -0.975014
65 85 0 8 -0.975082
19 38 0 8 -0.976329
27 83 0 8 -0.976521
26 84 0 8 -0.977019
75 80 0 8 -0.977634
17 79 0 8 -0.977898
4 55 0 8 -0.979129
46 79 0 8 -0.981155
61 66 0 8 -0.981740
79 84 0 8 -0.984027
12 69 0 8 -0.984273
25 63 0 8 -0.985230
7 47 0 8 -0.987020
3 53 0 8 -0.988219
22 30 0 8 -0.988473
3 57 0 8 -0.990689
23 55 0 8 -0.991138
43 72 0 8 -0.991432
4 72 0 8 -0.992048
23 47 0 8 -0.992540
37 68 0 8 -0.994000
26 77 0 8 -0.996564
3 54 0 8 -0.996760
46 61 0 8 -0.999903
45 52 0 8 -1.002747
2 21 0 8 -1.002752
66 72 0 8 -1.003294
69 82 0 8 -1.005195
13 69 0 8 -1.006507
18 41 0 8 -1.006892
6 38 0 8 -1.007151
9 20 0 8 -1.007476
12 65 0 8 -1.008274
41 79 0 8 -1.009414
41 65 0 8 -1.010511
55 65 0 8 -1.010717
46 72 0 8 -1.010968
59 85 0 8 -1.012098
44 61 0 8 -1.013091
24 73 0 8 -1.014163
8 49 0 8 -1.015449
23 48 0 8 -1.016446
31 68 0 8 -1.017257
10 64 0 8 -1.018411
15 35 0 8 -1.019509
29 42 0 8 -1.020424
8 51 0 8 -1.020452
14 21 0 8 -1.021106
15 58 0 8 -1.021428
2 80 0 8 -1.021569
4 75 0 8 -1.022087
46 75 0 8 -1.024670
2 18 0 8 -1.025787
5 83 0 8 -1.026166
39 59 0 8 -1.028588
22 82 0 8 -1.029285
50 76 0 8 -1.031774
5 56 0 8 -1.032449
10 43 0 8 -1.035214
23 81 0 8 -1.035546
8 30 0 8 -1.037260
16 44 0 8 -1.037864
46 71 0 8 -1.039238
52 80 0 8 -1.041196
48 64 0 8 -1.041829
12 49 0 8 -1.043415
33 70 0 8 -1.044721
24 42 0 8 -1.044900
9 14 0 8 -1.046587
22 37 0 8 -1.046604
31 75 0 8 -1.048929
58 76 0 8 -1.049224
18 69 0 8 -1.049511
39 65 0 8 -1.049845
69 85 0 8 -1.050474
20 51 0 8 -1.052650
38 76 0 8 -1.053899
22 41 0 8 -1.054602
30 58 0 8 -1.055120
7 81 0 8 -1.056126
34 41 0 8 -1.056331
51 85 0 8 -1.058421
20 43 0 8 -1.060719
25 76 0 8 -1.060998
8 70 0 8 -1.062288
25 62 0 8 -1.063421
18 51 0 8 -1.063967
2 23 0 8 -1.064039
7 78 0 8 -1.064728
23 53 0 8 -1.066344
17 50 0 8 -1.066749
52 73 0 8 -1.066783
29 62 0 8 -1.066823
22 43 0 8 -1.067052
2 83 0 8 -1.068463
2 9 0 8 -1.068638
2 48 0 8 -1.068768
4 30 0 8 -1.073810
18 71 0 8 -1.074109
57 82 0 8 -1.074708
22 62 0 8 -1.075670
51 77 0 8 -1.078094
5 16 0 8 -1.078627
49 65 0 8 -1.080141
4 67 0 8 -1.080341
7 43 0 8 -1.080347
43 54 0 8 -1.081497
59 84 0 8 -1.083371
7 82 0 8 -1.083426
39 83 0 8 -1.085981
37 64 0 8 -1.086111
17 43 0 8 -1.088280
22 44 0 8 -1.089349
23 44 0 8 -1.089921
26 70 0 8 -1.091494
3 38 0 8 -1.093543
50 69 0 8 -1.096484
13 28 0 8 -1.099046
10 49 0 8 -1.099788
11 16 0 8 -1.101428
24 69 0 8 -1.104030
23 46 0 8 -1.105250
9 49 0 8 -1.105558
41 81 0 8 -1.106020
30 38 0 8 -1.106429
10 66 0 8 -1.106778
7 36 0 8 -1.107257
26 45 0 8 -1.107848
68 84 0 8 -1.108417
32 66 0 8 -1.108823
34 39 0 8 -1.108995
25 58 0 8 -1.109272
12 53 0 8 -1.110034
3 70 0 8 -1.111019
51 83 0 8 -1.112969
13 82 0 8 -1.115299
42 60 0 8 -1.115537
34 78 0 8 -1.116529
23 38 0 8 -1.119378
20 70 0 8 -1.119801
73 81 0 8 -1.120771
14 64 0 8 -1.121114
12 18 0 8 -1.121172
39 60 0 8 -1.122534
31 38 0 8 -1.122727
9 52 0 8 -1.124514
9 26 0 8 -1.126646
43 68 0 8 -1.127438
30 57 0 8 -1.127454
3 71 0 8 -1.127675
4 49 0 8 -1.128006
8 57 0 8 -1.128208
21 37 0 8 -1.128484
37 80 0 8 -1.129852
22 51 0 8 -1.130060
28 75 0 8 -1.130604
10 67 0 8 -1.131431
30 63 0 8 -1.131443
24 30 0 8 -1.132097
13 51 0 8 -1.133664
44 57 0 8 -1.134979
19 36 0 8 -1.135281
44 77 0 8 -1.135379
44 85 0 8 -1.135599
46 54 0 8 -1.136099
6 72 0 8 -1.136640
21 54 0 8 -1.136693
51 65 0 8 -1.136894
12 79 0 8 -1.137470
39 58 0 8 -1.139118
8 61 0 8 -1.139892
72 78 0 8 -1.141090
27 45 0 8 -1.141262
45 59 0 8 -1.142007
56 75 0 8 -1.142373
13 35 0 8 -1.142550
10 48 0 8 -1.142555
52 85 0 8 -1.142894
14 69 0 8 -1.144836
9 46 0 8 -1.146321
12 39 0 8 -1.146979
69 81 0 8 -1.147526
16 42 0 8 -1.148087
47 78 0 8 -1.148188
63 84 0 8 -1.150040
17 69 0 8 -1.150385
50 73 0 8 -1.151619
27 50 0 8 -1.152534
49 85 0 8 -1.152578
38 86 0 8 -1.152602
4 78 0 8 -1.158350
34 72 0 8 -1.160821
39 80 0 8 -1.160896
34 58 0 8 -1.162334
52 61 0 8 -1.165767
17 42 0 8 -1.166372
16 27 0 8 -1.168556
27 64 0 8 -1.170110
2 35 0 8 -1.172900
62 68 0 8 -1.173018
41 84 0 8 -1.174275
49 78 0 8 -1.176086
5 81 0 8 -1.178150
42 65 0 8 -1.178438
8 55 0 8 -1.178711
38 70 0 8 -1.181323
53 61 0 8 -1.182657
7 29 0 8 -1.184240
14 58 0 8 -1.185253
17 26 0 8 -1.185353
43 76 0 8 -1.185665
26 83 0 8 -1.185693
23 70 0 8 -1.187292
29 70 0 8 -1.187988
17 60 0 8 -1.188654
62 82 0 8 -1.192506
35 76 0 8 -1.192871
18 80 0 8 -1.193217
30 51 0 8 -1.193504
6 26 0 8 -1.195392
71 83 0 8 -1.197179
24 56 0 8 -1.199107
11 63 0 8 -1.200269
8 67 0 8 -1.200422
24 59 0 8 -1.202238
25 36 0 8 -1.202350
20 76 0 8 -1.205075
2 68 0 8 -1.207852
71 85 0 8 -1.207961
67 72 0 8 -1.210201
25 59 0 8 -1.213560
45 67 0 8 -1.215398
65 80 0 8 -1.216582
2 41 0 8 -1.217667
6 51 0 8 -1.218965
28 41 0 8 -1.219793
11 77 0 8 -1.220857
54 72 0 8 -1.222688
33 41 0 8 -1.223086
39 72 0 8 -1.224769
53 82 0 8 -1.227251
22 52 0 8 -1.228766
44 70 0 8 -1.229509
2 25 0 8 -1.229608
17 78 0 8 -1.230620
40 84 0 8 -1.231222
44 66 0 8 -1.231393
35 84 0 8 -1.231666
26 73 0 8 -1.232076
12 41 0 8 -1.232984
53 72 0 8 -1.237998
21 30 0 8 -1.239401
13 76 0 8 -1.239691
26 44 0 8 -1.241330
26 52 0 8 -1.243938
32 65 0 8 -1.248626
45 60 0 8 -1.249223
4 57 0 8 -1.252490
6 81 0 8 -1.253059
26 63 0 8 -1.254289
30 71 0 8 -1.254359
43 77 0 8 -1.254566
3 37 0 8 -1.256386
21 84 0 8 -1.256917
2 42 0 8 -1.257317
60 78 0 8 -1.257557
25 82 0 8 -1.259980
6 73 0 8 -1.260448
38 79 0 8 -1.260660
24 48 0 8 -1.262175
28 68 0 8 -1.262326
41 55 0 8 -1.264020
4 50 0 8 -1.266476
18 84 0 8 -1.266927
28 37 0 8 -1.267454
36 49 0 8 -1.268721
2 61 0 8 -1.269726
11 73 0 8 -1.270043
4 71 0 8 -1.271622
30 78 0 8 -1.275090
40 54 0 8 -1.275380
40 70 0 8 -1.276460
10 52 0 8 -1.277009
2 49 0 8 -1.277104
20 83 0 8 -1.278778
56 82 0 8 -1.278941
8 22 0 8 -1.279956
12 68 0 8 -1.280941
14 20 0 8 -1.282644
56 73 0 8 -1.283049
2 79 0 8 -1.283112
40 67 0 8 -1.284400
27 76 0 8 -1.285747
36 73 0 8 -1.287056
15 41 0 8 -1.287820
4 36 0 8 -1.288369
40 65 0 8 -1.292397
27 47 0 8 -1.299403
14 40 0 8 -1.301890
17 31 0 8 -1.304559
11 83 0 8 -1.305501
49 58 0 8 -1.306849
12 46 0 8 -1.307832
10 59 0 8 -1.308912
29 41 0 8 -1.309748
17 23 0 8 -1.311023
78 84 0 8 -1.311511
21 66 0 8 -1.312578
14 41 0 8 -1.313806
49 80 0 8 -1.314853
16 28 0 8 -1.315352
4 31 0 8 -1.315890
6 77 0 8 -1.316320
5 57 0 8 -1.316578
41 49 0 8 -1.317717
25 53 0 8 -1.318196
36 78 0 8 -1.318412
17 49 0 8 -1.318773
64 70 0 8 -1.319884
10 33 0 8 -1.320772
8 72 0 8 -1.321897
41 77 0 8 -1.323839
11 71 0 8 -1.327740
17 22 0 8 -1.330393
32 60 0 8 -1.330759
34 45 0 8 -1.336018
31 40 0 8 -1.340307
16 23 0 8 -1.340498
15 79 0 8 -1.340757
16 26 0 8 -1.341525
4 58 0 8 -1.342489
62 83 0 8 -1.342798
37 77 0 8 -1.344640
33 72 0 8 -1.345626
45 75 0 8 -1.346724
28 44 0 8 -1.347322
15 52 0 8 -1.348421
21 63 0 8 -1.348875
9 45 0 8 -1.350409
31 73 0 8 -1.350745
2 71 0 8 -1.356557
21 71 0 8 -1.357936
12 32 0 8 -1.359042
14 43 0 8 -1.359436
64 81 0 8 -1.361901
11 51 0 8 -1.362647
7 76 0 8 -1.365530
2 44 0 8 -1.366278
30 43 0 8 -1.367309
70 83 0 8 -1.367783
23 84 0 8 -1.368828
5 32 0 8 -1.368912
29 83 0 8 -1.372445
18 61 0 8 -1.373107
21 82 0 8 -1.376594
28 79 0 8 -1.377451
32 63 0 8 -1.377991
3 55 0 8 -1.378512
35 51 0 8 -1.378831
49 84 0 8 -1.379295
2 82 0 8 -1.379348
11 40 0 8 -1.379824
58 78 0 8 -1.379974
15 44 0 8 -1.380754
17 25 0 8 -1.381243
32 67 0 8 -1.381923
13 57 0 8 -1.383440
4 60 0 8 -1.383981
28 56 0 8 -1.385922
28 63 0 8 -1.388511
2 39 0 8 -1.390257
50 66 0 8 -1.391721
2 67 0 8 -1.392387
21 60 0 8 -1.393350
7 66 0 8 -1.394912
28 48 0 8 -1.395006
15 46 0 8 -1.396994
43 71 0 8 -1.397590
35 72 0 8 -1.398794
20 84 0 8 -1.399538
48 68 0 8 -1.400484
35 61 0 8 -1.402152
12 85 0 8 -1.402310
4 27 0 8 -1.404285
30 44 0 8 -1.404926
25 73 0 8 -1.405139
25 79 0 8 -1.405529
25 80 0 8 -1.406534
28 61 0 8 -1.411691
17 47 0 8 -1.412098
8 28 0 8 -1.412464
32 51 0 8 -1.413440
78 85 0 8 -1.413981
48 80 0 8 -1.414361
12 84 0 8 -1.417161
11 31 0 8 -1.417734
14 46 0 8 -1.419942
6 80 0 8 -1.422208
3 9 0 8 -1.425783
32 76 0 8 -1.434445
40 59 0 8 -1.436725
30 39 0 8 -1.437331
5 49 0 8 -1.437451
25 31 0 8 -1.437811
20 55 0 8 -1.442743
6 39 0 8 -1.442858
48 85 0 8 -1.446689
5 51 0 8 -1.446947
11 61 0 8 -1.447626
46 60 0 8 -1.449867
53 85 0 8 -1.452464
6 36 0 8 -1.455253
13 49 0 8 -1.456549
21 70 0 8 -1.457903
37 86 0 8 -1.459091
46 77 0 8 -1.459277
16 30 0 8 -1.459985
35 75 0 8 -1.460046
18 63 0 8 -1.460667
3 27 0 8 -1.464726
47 68 0 8 -1.466007
21 78 0 8 -1.466044
6 55 0 8 -1.468843
5 47 0 8 -1.473240
28 69 0 8 -1.475187
6 57 0 8 -1.475551
10 23 0 8 -1.478561
53 71 0 8 -1.480252
46 69 0 8 -1.482151
25 37 0 8 -1.484910
3 77 0 8 -1.485477
53 77 0 8 -1.489093
34 82 0 8 -1.493157
35 70 0 8 -1.502117
13 27 0 8 -1.503516
32 59 0 8 -1.506491
18 57 0 8 -1.507666
70 78 0 8 -1.508944
50 84 0 8 -1.511174
59 77 0 8 -1.514112
42 77 0 8 -1.514311
9 30 0 8 -1.515828
66 83 0 8 -1.518482
30 54 0 8 -1.518847
2 40 0 8 -1.520839
5 73 0 8 -1.522963
22 55 0 8 -1.523714
9 65 0 8 -1.525541
15 20 0 8 -1.526806
48 57 0 8 -1.527895
9 40 0 8 -1.528006
39 61 0 8 -1.529200
12 21 0 8 -1.531297
13 40 0 8 -1.537498
23 58 0 8 -1.540947
2 38 0 8 -1.542007
4 80 0 8 -1.542548
32 86 0 8 -1.542693
15 85 0 8 -1.543068
15 53 0 8 -1.543471
34 81 0 8 -1.547446
14 71 0 8 -1.548375
34 57 0 8 -1.551138
31 50 0 8 -1.552801
51 60 0 8 -1.552940
39 75 0 8 -1.553077
61 82 0 8 -1.554420
39 67 0 8 -1.563898
31 81 0 8 -1.565371
9 29 0 8 -1.565609
45 81 0 8 -1.565752
50 85 0 8 -1.566274
53 66 0 8 -1.566694
62 71 0 8 -1.568125
16 25 0 8 -1.568684
5 46 0 8 -1.568941
7 26 0 8 -1.569794
35 45 0 8 -1.569830
26 51 0 8 -1.570908
14 49 0 8 -1.572833
5 37 0 8 -1.574051
10 84 0 8 -1.574844
63 69 0 8 -1.575675
5 42 0 8 -1.579564
23 49 0 8 -1.583391
39 77 0 8 -1.585283
28 50 0 8 -1.585349
26 54 0 8 -1.589207
31 46 0 8 -1.596032
15 38 0 8 -1.596321
40 81 0 8 -1.600032
17 55 0 8 -1.601447
51 75 0 8 -1.605653
23 32 0 8 -1.614821
71 78 0 8 -1.620939
26 60 0 8 -1.621864
10 17 0 8 -1.623904
42 75 0 8 -1.625671
28 54 0 8 -1.628209
42 56 0 8 -1.631954
29 49 0 8 -1.632750
28 83 0 8 -1.634211
9 53 0 8 -1.637015
15 63 0 8 -1.640106
12 56 0 8 -1.640668
13 42 0 8 -1.642678
22 47 0 8 -1.644226
8 63 0 8 -1.646037
41 70 0 8 -1.647499
34 80 0 8 -1.647780
49 68 0 8 -1.650251
43 84 0 8 -1.651146
20 35 0 8 -1.652846
8 41 0 8 -1.655920
30 83 0 8 -1.657783
24 79 0 8 -1.659179
17 54 0 8 -1.659783
29 78 0 8 -1.659956
30 55 0 8 -1.663088
53 75 0 8 -1.664791
12 45 0 8 -1.667019
24 46 0 8 -1.674102
30 84 0 8 -1.674932
17 35 0 8 -1.677061
2 45 0 8 -1.677094
23 73 0 8 -1.678633
40 60 0 8 -1.680282
18 24 0 8 -1.680415
29 50 0 8 -1.683148
60 81 0 8 -1.686804
10 31 0 8 -1.689531
21 48 0 8 -1.690027
10 72 0 8 -1.692142
16 46 0 8 -1.694403
14 32 0 8 -1.694766
28 76 0 8 -1.695685
32 56 0 8 -1.695807
31 57 0 8 -1.698422
39 56 0 8 -1.701002
5 70 0 8 -1.707362
15 21 0 8 -1.708018
31 49 0 8 -1.708660
45 82 0 8 -1.711813
14 68 0 8 -1.712357
27 43 0 8 -1.714953
47 53 0 8 -1.715813
28 33 0 8 -1.715900
47 75 0 8 -1.716041
63 85 0 8 -1.716233
10 20 0 8 -1.716269
4 54 0 8 -1.717208
55 85 0 8 -1.718634
27 81 0 8 -1.719741
2 84 0 8 -1.720626
25 51 0 8 -1.721065
7 85 0 8 -1.724212
41 58 0 8 -1.728134
8 54 0 8 -1.729600
47 80 0 8 -1.732148
26 80 0 8 -1.734461
27 53 0 8 -1.738765
49 61 0 8 -1.739995
11 50 0 8 -1.741218
47 58 0 8 -1.761327
15 83 0 8 -1.761377
22 63 0 8 -1.762834
31 62 0 8 -1.763034
32 58 0 8 -1.765747
34 51 0 8 -1.767277
38 63 0 8 -1.768584
26 57 0 8 -1.769333
34 63 0 8 -1.774469
17 83 0 8 -1.780509
27 61 0 8 -1.783410
5 11 0 8 -1.785085
72 81 0 8 -1.798931
28 70 0 8 -1.801678
17 48 0 8 -1.802289
36 77 0 8 -1.806588
16 56 0 8 -1.806895
23 80 0 8 -1.808699
24 43 0 8 -1.810822
33 75 0 8 -1.813637
37 78 0 8 -1.821231
18 40 0 8 -1.826552
35 67 0 8 -1.828066
10 75 0 8 -1.833051
5 26 0 8 -1.833094
53 73 0 8 -1.833119
35 63 0 8 -1.835954
52 81 0 8 -1.837567
37 81 0 8 -1.841757
31 59 0 8 -1.845991
27 84 0 8 -1.847328
30 36 0 8 -1.853670
15 82 0 8 -1.857594
34 54 0 8 -1.858779
43 52 0 8 -1.859949
11 38 0 8 -1.859987
49 77 0 8 -1.864984
29 67 0 8 -1.867224
20 25 0 8 -1.868045
55 78 0 8 -1.868784
36 70 0 8 -1.871579
2 29 0 8 -1.873333
38 55 0 8 -1.877945
29 43 0 8 -1.881559
3 36 0 8 -1.882579
29 54 0 8 -1.887739
37 50 0 8 -1.888441
15 55 0 8 -1.893233
25 85 0 8 -1.898929
27 34 0 8 -1.899491
44 75 0 8 -1.900995
48 53 0 8 -1.902757
21 76 0 8 -1.908605
9 41 0 8 -1.909602
27 69 0 8 -1.916178
10 68 0 8 -1.919428
20 36 0 8 -1.920920
10 32 0 8 -1.925161
8 81 0 8 -1.931645
30 50 0 8 -1.932755
33 66 0 8 -1.935479
9 47 0 8 -1.938832
33 39 0 8 -1.941643
14 29 0 8 -1.943501
23 51 0 8 -1.947253
17 39 0 8 -1.953362
11 84 0 8 -1.955647
12 54 0 8 -1.957956
18 36 0 8 -1.958259
33 82 0 8 -1.958981
27 60 0 8 -1.961693
9 15 0 8 -1.962041
56 62 0 8 -1.962245
17 38 0 8 -1.968648
29 39 0 8 -1.973703
77 84 0 8 -1.975998
29 57 0 8 -1.978024
42 70 0 8 -1.981948
11 70 0 8 -1.992882
38 60 0 8 -1.995407
15 45 0 8 -1.995588
20 71 0 8 -2.001217
25 57 0 8 -2.001974
35 59 0 8 -2.003745
33 78 0 8 -2.007845
31 41 0 8 -2.011550
51 76 0 8 -2.012080
55 82 0 8 -2.012741
22 54 0 8 -2.013062
56 78 0 8 -2.014332
31 60 0 8 -2.016597
34 69 0 8 -2.020857
12 43 0 8 -2.022735
44 76 0 8 -2.025537
69 83 0 8 -2.025831
14 63 0 8 -2.034401
17 41 0 8 -2.037546
14 57 0 8 -2.037642
63 76 0 8 -2.043545
20 77 0 8 -2.046201
14 47 0 8 -2.047650
47 77 0 8 -2.048571
50 83 0 8 -2.049274
24 50 0 8 -2.057884
36 42 0 8 -2.060665
36 47 0 8 -2.069482
31 42 0 8 -2.071734
10 70 0 8 -2.079323
29 38 0 8 -2.083844
16 49 0 8 -2.085031
35 85 0 8 -2.085941
36 75 0 8 -2.091245
30 42 0 8 -2.094289
48 75 0 8 -2.096970
17 81 0 8 -2.098321
32 77 0 8 -2.101759
11 36 0 8 -2.105199
29 48 0 8 -2.107988
28 49 0 8 -2.110200
7 32 0 8 -2.110730
39 81 0 8 -2.111384
52 69 0 8 -2.122716
12 67 0 8 -2.122734
29 44 0 8 -2.123129
21 81 0 8 -2.124549
26 82 0 8 -2.125226
23 36 0 8 -2.125575
45 77 0 8 -2.126803
5 45 0 8 -2.135990
34 50 0 8 -2.137895
17 77 0 8 -2.154019
46 67 0 8 -2.154781
22 73 0 8 -2.155439
15 69 0 8 -2.158693
62 70 0 8 -2.164722
24 61 0 8 -2.173781
28 62 0 8 -2.177690
26 40 0 8 -2.184122
21 29 0 8 -2.201019
72 83 0 8 -2.217356
40 83 0 8 -2.222034
21 69 0 8 -2.231945
56 72 0 8 -2.250890
5 33 0 8 -2.258152
22 57 0 8 -2.259350
35 58 0 8 -2.259999
22 61 0 8 -2.274732
24 51 0 8 -2.280879
14 80 0 8 -2.282770
48 77 0 8 -2.284726
24 52 0 8 -2.285014
24 80 0 8 -2.294308
16 77 0 8 -2.301814
35 77 0 8 -2.301834
37 76 0 8 -2.303465
31 71 0 8 -2.303895
49 75 0 8 -2.305936
33 43 0 8 -2.316022
42 55 0 8 -2.323988
15 62 0 8 -2.324822
24 36 0 8 -2.326730
14 78 0 8 -2.330346
9 36 0 8 -2.340695
12 57 0 8 -2.361035
57 77 0 8 -2.373496
2 54 0 8 -2.375329
25 60 0 8 -2.376610
7 33 0 8 -2.380211
14 42 0 8 -2.386037
13 50 0 8 -2.386366
7 69 0 8 -2.394189
28 51 0 8 -2.397409
50 75 0 8 -2.403636
15 43 0 8 -2.410920
21 56 0 8 -2.412308
46 70 0 8 -2.414447
11 39 0 8 -2.417462
56 85 0 8 -2.427594
24 49 0 8 -2.427800
9 23 0 8 -2.431406
15 73 0 8 -2.433362
9 73 0 8 -2.455663
26 50 0 8 -2.457207
51 70 0 8 -2.466925
7 37 0 8 -2.487496
12 83 0 8 -2.493502
12 42 0 8 -2.520229
48 60 0 8 -2.528639
14 50 0 8 -2.530575
14 53 0 8 -2.535429
25 55 0 8 -2.535511
27 54 0 8 -2.537824
16 39 0 8 -2.540131
13 37 0 8 -2.541599
51 61 0 8 -2.543454
22 58 0 8 -2.545363
2 53 0 8 -2.547597
32 38 0 8 -2.557602
7 15 0 8 -2.575025
29 53 0 8 -2.578496
26 61 0 8 -2.583182
51 72 0 8 -2.597383
45 80 0 8 -2.597519
33 80 0 8 -2.605063
12 78 0 8 -2.643389
27 82 0 8 -2.683232
32 62 0 8 -2.684415
23 67 0 8 -2.686794
28 58 0 8 -2.688264
7 28 0 8 -2.714050
61 70 0 8 -2.745570
10 28 0 8 -2.762777
27 37 0 8 -2.781953
2 51 0 8 -2.782207
9 77 0 8 -2.806194
33 62 0 8 -2.814108
16 84 0 8 -2.823060
5 71 0 8 -2.874561
14 36 0 8 -2.878795
5 77 0 8 -2.901398
36 56 0 8 -2.903123
21 58 0 8 -2.905982
27 55 0 8 -2.924591
31 39 0 8 -2.925507
9 81 0 8 -2.972815
9 70 0 8 -3.018952
26 31 0 8 -3.074295
50 77 0 8 -3.132352
37 75 0 8 -3.155417
42 81 0 8 -3.187074
25 32 0 8 -3.216397
24 67 0 8 -3.449575
36 85 0 8 -3.466451
55 72 0 8 -3.528431
5 67 0 8 -3.537661
26 71 0 8 -3.628074
32 57 0 8 -3.671327
31 55 0 8 -3.693020
9 55 0 8 -3.694522
24 53 0 8 -3.755401
38 77 0 8 -3.787465
27 38 0 8 -4.121521
