30 53 0 8 7.478182
6 35 0 8 6.601677
31 53 0 8 6.042903
27 44 0 8 5.618107
49 54 0 8 5.415544
43 61 0 8 5.248853
20 26 0 8 4.918108
40 75 0 8 4.904852
10 15 0 8 4.882070
54 75 0 8 4.881893
55 69 0 8 4.796128
30 48 0 8 4.658910
54 89 0 8 4.466773
32 57 0 8 4.329117
62 74 0 8 4.201572
18 28 0 8 4.078115
50 77 0 8 4.016550
13 51 0 8 3.947601
16 28 0 8 3.767823
38 56 0 8 3.698694
5 19 0 8 3.679133
19 48 0 8 3.662676
37 78 0 8 3.661501
32 45 0 8 3.634745
29 79 0 8 3.623331
40 86 0 8 3.474829
22 91 0 8 3.445893
26 33 0 8 3.420883
39 62 0 8 3.390019
52 64 0 8 3.368078
32 61 0 8 3.329256
21 33 0 8 3.295399
55 60 0 8 3.284441
65 70 0 8 3.230076
27 87 0 8 3.222156
11 64 0 8 3.220779
41 67 0 8 3.188027
39 72 0 8 3.156145
11 52 0 8 3.000086
41 61 0 8 2.995349
17 53 0 8 2.986611
62 69 0 8 2.955210
54 78 0 8 2.947547
29 47 0 8 2.936987
32 65 0 8 2.931939
63 75 0 8 2.919288
10 56 0 8 2.866545
22 36 0 8 2.857033
33 53 0 8 2.849863
43 89 0 8 2.842144
8 30 0 8 2.822515
10 30 0 8 2.811347
12 28 0 8 2.807177
17 28 0 8 2.806768
11 49 0 8 2.801728
53 71 0 8 2.794640
18 50 0 8 2.784950
7 53 0 8 2.774633
50 76 0 8 2.764127
39 82 0 8 2.762276
24 88 0 8 2.753334
10 36 0 8 2.735359
62 76 0 8 2.733701
31 50 0 8 2.730475
8 63 0 8 2.723072
9 20 0 8 2.701272
8 28 0 8 2.695889
34 60 0 8 2.690517
88 93 0 8 2.671182
7 19 0 8 2.640604
34 57 0 8 2.612194
22 64 0 8 2.608749
36 68 0 8 2.604016
7 21 0 8 2.592338
16 51 0 8 2.574918
23 52 0 8 2.550007
41 89 0 8 2.549419
34 51 0 8 2.535113
7 64 0 8 2.533646
27 83 0 8 2.524553
50 58 0 8 2.519226
39 71 0 8 2.492065
21 45 0 8 2.490392
26 68 0 8 2.487067
23 40 0 8 2.470319
15 24 0 8 2.449297
36 41 0 8 2.446101
3 62 0 8 2.436554
44 83 0 8 2.428922
14 19 0 8 2.426145
47 66 0 8 2.403165
19 53 0 8 2.388021
8 31 0 8 2.346597
7 43 0 8 2.345199
51 67 0 8 2.338787
43 72 0 8 2.332880
34 45 0 8 2.332576
79 84 0 8 2.319953
28 34 0 8 2.312144
8 15 0 8 2.309680
12 69 0 8 2.304941
19 52 0 8 2.277332
33 84 0 8 2.266104
26 56 0 8 2.264664
7 59 0 8 2.262971
51 73 0 8 2.252846
76 81 0 8 2.250844
38 66 0 8 2.236076
25 89 0 8 2.227632
3 89 0 8 2.224882
21 64 0 8 2.207550
55 62 0 8 2.203460
31 49 0 8 2.191735
26 35 0 8 2.176058
42 76 0 8 2.174526
82 90 0 8 2.172399
30 60 0 8 2.151944
14 48 0 8 2.143470
41 90 0 8 2.140955
63 85 0 8 2.137856
52 86 0 8 2.123778
43 90 0 8 2.121230
26 51 0 8 2.111327
4 37 0 8 2.100981
73 79 0 8 2.100317
10 16 0 8 2.089195
8 14 0 8 2.088590
12 37 0 8 2.086342
29 80 0 8 2.080124
41 65 0 8 2.075320
60 69 0 8 2.074605
34 58 0 8 2.055130
38 68 0 8 2.053788
58 66 0 8 2.048709
19 65 0 8 2.047264
42 86 0 8 2.041610
11 60 0 8 2.040457
45 56 0 8 2.038972
12 52 0 8 2.029557
19 50 0 8 2.021680
49 55 0 8 2.018600
17 30 0 8 2.011578
19 59 0 8 2.010108
7 14 0 8 2.009373
28 53 0 8 2.009101
7 31 0 8 2.008345
32 75 0 8 2.006483
36 64 0 8 2.004238
17 85 0 8 1.996696
29 69 0 8 1.991476
12 17 0 8 1.984871
12 29 0 8 1.979759
7 25 0 8 1.971197
15 58 0 8 1.965477
62 80 0 8 1.963255
27 81 0 8 1.951796
29 88 0 8 1.951246
57 63 0 8 1.945579
11 26 0 8 1.940718
32 62 0 8 1.938729
34 61 0 8 1.932033
45 54 0 8 1.931606
9 74 0 8 1.930934
55 80 0 8 1.927650
18 27 0 8 1.925494
7 48 0 8 1.924419
82 88 0 8 1.918613
66 95 0 8 1.914274
19 44 0 8 1.906832
90 96 0 8 1.903401
84 92 0 8 1.897255
24 66 0 8 1.887772
73 90 0 8 1.885677
63 82 0 8 1.885329
39 63 0 8 1.883802
7 83 0 8 1.865386
59 73 0 8 1.845793
19 41 0 8 1.840513
5 15 0 8 1.836935
34 76 0 8 1.834595
50 82 0 8 1.832926
27 36 0 8 1.829416
18 52 0 8 1.826186
18 29 0 8 1.818871
43 88 0 8 1.811899
10 53 0 8 1.810456
47 71 0 8 1.805626
16 52 0 8 1.805236
5 36 0 8 1.798817
5 16 0 8 1.795544
13 59 0 8 1.782885
26 64 0 8 1.782235
61 76 0 8 1.778284
10 29 0 8 1.778133
49 67 0 8 1.778033
87 92 0 8 1.776930
80 86 0 8 1.773157
9 32 0 8 1.771779
55 88 0 8 1.771753
21 62 0 8 1.771443
8 23 0 8 1.766520
19 55 0 8 1.758978
47 80 0 8 1.743751
6 91 0 8 1.743344
24 87 0 8 1.742712
22 85 0 8 1.731478
5 30 0 8 1.730743
38 53 0 8 1.729287
2 39 0 8 1.727685
65 72 0 8 1.727440
24 30 0 8 1.725131
32 56 0 8 1.715846
7 30 0 8 1.714234
9 26 0 8 1.695498
45 64 0 8 1.694876
4 48 0 8 1.690106
29 44 0 8 1.685003
29 50 0 8 1.684668
8 60 0 8 1.682018
43 49 0 8 1.679366
36 47 0 8 1.678058
43 58 0 8 1.664829
59 91 0 8 1.657254
75 84 0 8 1.654477
44 61 0 8 1.653304
2 49 0 8 1.653169
67 74 0 8 1.653107
45 76 0 8 1.650994
49 70 0 8 1.649942
71 77 0 8 1.645805
35 73 0 8 1.643294
75 86 0 8 1.641270
11 42 0 8 1.635121
63 68 0 8 1.635105
21 66 0 8 1.627175
75 82 0 8 1.616781
34 65 0 8 1.613382
22 48 0 8 1.610207
31 48 0 8 1.608218
22 35 0 8 1.601112
19 57 0 8 1.598916
16 66 0 8 1.595107
37 56 0 8 1.593169
27 48 0 8 1.592099
23 42 0 8 1.588963
5 68 0 8 1.588720
31 59 0 8 1.588481
8 16 0 8 1.588337
15 66 0 8 1.583745
59 65 0 8 1.573709
18 35 0 8 1.572753
13 70 0 8 1.571140
44 80 0 8 1.568663
57 85 0 8 1.561897
56 64 0 8 1.560023
21 49 0 8 1.558847
28 60 0 8 1.558496
13 63 0 8 1.557302
33 64 0 8 1.552054
13 50 0 8 1.548641
8 47 0 8 1.546771
21 63 0 8 1.545895
7 69 0 8 1.545832
21 48 0 8 1.545424
21 54 0 8 1.540155
62 90 0 8 1.539862
18 44 0 8 1.538389
69 82 0 8 1.536657
14 85 0 8 1.536087
30 36 0 8 1.535740
51 66 0 8 1.533175
9 15 0 8 1.532551
43 70 0 8 1.531743
37 91 0 8 1.530210
9 23 0 8 1.528662
60 84 0 8 1.528247
18 65 0 8 1.524196
61 96 0 8 1.521027
68 80 0 8 1.520888
50 73 0 8 1.520865
7 27 0 8 1.517438
21 95 0 8 1.512790
13 53 0 8 1.509462
3 11 0 8 1.507463
12 56 0 8 1.501384
9 86 0 8 1.497230
55 82 0 8 1.491956
27 33 0 8 1.489009
17 24 0 8 1.488295
24 67 0 8 1.475027
24 34 0 8 1.471940
39 77 0 8 1.465021
67 73 0 8 1.464224
25 83 0 8 1.458537
39 55 0 8 1.454672
60 88 0 8 1.454597
34 41 0 8 1.454223
4 9 0 8 1.453427
20 71 0 8 1.448661
21 61 0 8 1.448649
16 72 0 8 1.447291
14 42 0 8 1.444319
4 58 0 8 1.442518
26 71 0 8 1.441324
57 96 0 8 1.441159
14 61 0 8 1.437013
13 75 0 8 1.432527
43 57 0 8 1.431642
60 78 0 8 1.426710
75 80 0 8 1.424834
40 45 0 8 1.421429
52 80 0 8 1.421413
24 60 0 8 1.419892
30 52 0 8 1.419149
50 56 0 8 1.416911
44 81 0 8 1.412767
64 89 0 8 1.403898
18 39 0 8 1.403366
5 71 0 8 1.403139
12 47 0 8 1.401434
23 48 0 8 1.399945
8 42 0 8 1.399164
72 90 0 8 1.397575
70 78 0 8 1.396732
13 31 0 8 1.396140
42 59 0 8 1.387803
22 37 0 8 1.387566
19 67 0 8 1.386487
15 40 0 8 1.377487
10 95 0 8 1.377485
9 91 0 8 1.367871
20 27 0 8 1.367175
4 86 0 8 1.365558
7 18 0 8 1.363912
14 92 0 8 1.360698
48 79 0 8 1.359862
17 31 0 8 1.357836
29 77 0 8 1.356236
16 58 0 8 1.356187
71 80 0 8 1.355618
56 67 0 8 1.355290
78 94 0 8 1.345342
24 48 0 8 1.344909
66 97 0 8 1.344050
14 51 0 8 1.343125
23 72 0 8 1.343007
8 33 0 8 1.338298
48 97 0 8 1.337552
11 50 0 8 1.336006
42 84 0 8 1.324097
47 78 0 8 1.323257
3 18 0 8 1.322225
48 85 0 8 1.322215
35 72 0 8 1.321210
24 84 0 8 1.320575
18 30 0 8 1.320225
11 55 0 8 1.319396
23 56 0 8 1.318087
5 20 0 8 1.317397
13 64 0 8 1.316883
30 58 0 8 1.315930
66 73 0 8 1.314791
59 84 0 8 1.314407
56 97 0 8 1.306842
67 72 0 8 1.306699
31 78 0 8 1.299650
17 33 0 8 1.298678
57 68 0 8 1.298537
58 74 0 8 1.297685
20 67 0 8 1.296834
27 88 0 8 1.295645
14 25 0 8 1.292317
45 58 0 8 1.287651
13 32 0 8 1.283391
40 76 0 8 1.279612
68 78 0 8 1.278044
8 43 0 8 1.271623
36 94 0 8 1.270926
23 32 0 8 1.270078
36 48 0 8 1.266483
52 68 0 8 1.253989
25 48 0 8 1.252353
12 61 0 8 1.251916
25 39 0 8 1.251793
62 85 0 8 1.251529
23 58 0 8 1.247937
20 60 0 8 1.244802
3 74 0 8 1.244152
45 78 0 8 1.241290
15 21 0 8 1.236585
18 54 0 8 1.235598
41 60 0 8 1.230961
14 28 0 8 1.230857
71 91 0 8 1.224939
38 78 0 8 1.222647
9 24 0 8 1.220618
18 66 0 8 1.215357
37 61 0 8 1.214194
5 11 0 8 1.213128
56 66 0 8 1.210064
15 60 0 8 1.209518
77 84 0 8 1.209112
15 47 0 8 1.208583
40 60 0 8 1.204574
16 64 0 8 1.203199
33 91 0 8 1.202008
27 62 0 8 1.200806
9 59 0 8 1.197394
29 76 0 8 1.196111
19 69 0 8 1.195754
8 37 0 8 1.194263
8 73 0 8 1.193786
13 38 0 8 1.192282
8 51 0 8 1.191606
32 48 0 8 1.191384
1 41 0 8 1.190835
42 75 0 8 1.189626
63 77 0 8 1.188310
17 81 0 8 1.188263
25 91 0 8 1.187237
73 89 0 8 1.185034
9 16 0 8 1.181142
4 38 0 8 1.180623
57 71 0 8 1.180217
38 67 0 8 1.175664
16 35 0 8 1.175218
29 65 0 8 1.174626
40 84 0 8 1.173077
58 73 0 8 1.171458
77 91 0 8 1.170339
3 23 0 8 1.168588
41 82 0 8 1.165833
25 37 0 8 1.160223
9 66 0 8 1.158097
29 73 0 8 1.151917
35 93 0 8 1.147018
22 27 0 8 1.145955
89 95 0 8 1.143601
5 29 0 8 1.142403
40 82 0 8 1.140349
17 48 0 8 1.138184
16 60 0 8 1.137944
59 90 0 8 1.137653
94 99 0 8 1.135801
18 61 0 8 1.134828
9 17 0 8 1.134483
14 22 0 8 1.132770
49 90 0 8 1.132519
18 77 0 8 1.131835
19 47 0 8 1.130489
63 76 0 8 1.124079
7 45 0 8 1.122734
9 71 0 8 1.122413
24 36 0 8 1.116847
29 91 0 8 1.115821
33 68 0 8 1.115500
52 74 0 8 1.110783
15 31 0 8 1.110236
31 76 0 8 1.109396
17 40 0 8 1.105010
40 78 0 8 1.103920
58 72 0 8 1.102755
33 52 0 8 1.101759
37 42 0 8 1.100291
72 91 0 8 1.099705
38 96 0 8 1.097917
37 43 0 8 1.095226
26 88 0 8 1.094952
31 63 0 8 1.094185
29 41 0 8 1.093958
25 73 0 8 1.090934
21 75 0 8 1.089545
11 17 0 8 1.088025
81 95 0 8 1.087437
45 70 0 8 1.084795
55 91 0 8 1.078778
52 60 0 8 1.073184
4 77 0 8 1.072487
90 95 0 8 1.071130
24 33 0 8 1.064547
6 61 0 8 1.063802
2 11 0 8 1.058853
7 81 0 8 1.057515
23 62 0 8 1.055974
4 73 0 8 1.055664
63 73 0 8 1.053794
5 18 0 8 1.052996
58 89 0 8 1.052798
6 51 0 8 1.051597
17 79 0 8 1.049695
28 56 0 8 1.049241
44 97 0 8 1.043365
83 89 0 8 1.040255
77 82 0 8 1.038832
47 53 0 8 1.037710
21 78 0 8 1.036587
51 70 0 8 1.035685
43 98 0 8 1.034142
46 87 0 8 1.034039
65 79 0 8 1.033137
89 96 0 8 1.027990
49 57 0 8 1.026169
45 50 0 8 1.024090
45 98 0 8 1.023953
10 28 0 8 1.022420
52 77 0 8 1.016949
57 72 0 8 1.016393
81 87 0 8 1.016267
40 57 0 8 1.015715
18 63 0 8 1.014755
49 86 0 8 1.012499
85 90 0 8 1.008320
14 30 0 8 1.007738
68 74 0 8 1.005474
6 60 0 8 1.004689
54 79 0 8 1.001378
6 46 0 8 0.999969
35 66 0 8 0.998286
15 87 0 8 0.997677
1 66 0 8 0.990842
70 82 0 8 0.989873
8 48 0 8 0.985679
32 43 0 8 0.985653
51 96 0 8 0.983875
20 82 0 8 0.983364
39 47 0 8 0.983012
63 83 0 8 0.982448
27 32 0 8 0.980927
24 97 0 8 0.980134
6 38 0 8 0.975204
38 46 0 8 0.974331
80 87 0 8 0.972819
54 77 0 8 0.971760
40 73 0 8 0.966161
28 92 0 8 0.963133
34 59 0 8 0.962310
15 97 0 8 0.961985
5 42 0 8 0.961508
56 93 0 8 0.961500
23 54 0 8 0.960551
12 65 0 8 0.953382
17 97 0 8 0.951764
58 83 0 8 0.950622
15 28 0 8 0.947412
84 90 0 8 0.946190
37 75 0 8 0.946137
67 82 0 8 0.945731
18 47 0 8 0.944790
45 53 0 8 0.944447
13 57 0 8 0.942747
35 59 0 8 0.940081
15 32 0 8 0.937192
39 73 0 8 0.936755
44 84 0 8 0.935113
63 78 0 8 0.934635
68 73 0 8 0.933919
24 71 0 8 0.933739
52 82 0 8 0.932368
22 40 0 8 0.927238
20 81 0 8 0.924177
13 22 0 8 0.923589
24 93 0 8 0.918725
9 60 0 8 0.917771
9 55 0 8 0.917280
47 69 0 8 0.914755
39 67 0 8 0.909988
40 66 0 8 0.909903
13 65 0 8 0.909344
55 64 0 8 0.909108
30 47 0 8 0.905682
55 72 0 8 0.905585
72 79 0 8 0.903536
23 44 0 8 0.901822
49 77 0 8 0.897999
27 84 0 8 0.897695
13 94 0 8 0.897600
56 86 0 8 0.896431
68 82 0 8 0.895076
29 55 0 8 0.894417
41 73 0 8 0.893356
67 94 0 8 0.892817
8 36 0 8 0.892314
17 77 0 8 0.892051
62 78 0 8 0.890811
4 66 0 8 0.890499
14 56 0 8 0.890410
83 97 0 8 0.889341
44 51 0 8 0.889011
23 86 0 8 0.883614
30 65 0 8 0.882652
35 46 0 8 0.882378
20 69 0 8 0.881445
13 30 0 8 0.880811
20 73 0 8 0.880320
6 25 0 8 0.879876
6 37 0 8 0.879075
58 79 0 8 0.877703
48 57 0 8 0.875658
66 88 0 8 0.874772
62 75 0 8 0.874023
14 50 0 8 0.873206
84 96 0 8 0.873055
41 62 0 8 0.870407
55 65 0 8 0.869825
10 64 0 8 0.869219
32 67 0 8 0.868014
33 98 0 8 0.867379
44 52 0 8 0.866010
57 69 0 8 0.863475
60 96 0 8 0.862867
22 42 0 8 0.860893
17 41 0 8 0.860078
47 79 0 8 0.859757
13 54 0 8 0.858894
28 68 0 8 0.858855
64 69 0 8 0.858753
21 56 0 8 0.856101
39 68 0 8 0.852841
35 61 0 8 0.852592
82 87 0 8 0.851849
48 66 0 8 0.849977
37 45 0 8 0.849203
25 68 0 8 0.848531
38 74 0 8 0.847504
31 74 0 8 0.845056
45 79 0 8 0.843627
5 77 0 8 0.842525
51 59 0 8 0.840925
50 63 0 8 0.839138
8 21 0 8 0.839067
45 71 0 8 0.836289
24 92 0 8 0.835799
16 42 0 8 0.835762
42 47 0 8 0.833032
23 64 0 8 0.832733
24 63 0 8 0.829685
73 85 0 8 0.829547
75 89 0 8 0.828124
73 93 0 8 0.827783
12 60 0 8 0.827414
26 80 0 8 0.826000
32 73 0 8 0.823204
36 72 0 8 0.822732
27 77 0 8 0.818704
2 38 0 8 0.818470
9 89 0 8 0.818099
41 51 0 8 0.816495
61 77 0 8 0.814991
23 49 0 8 0.814604
71 78 0 8 0.814598
39 69 0 8 0.814423
61 74 0 8 0.814367
59 69 0 8 0.811440
10 31 0 8 0.808847
34 52 0 8 0.806741
39 86 0 8 0.806307
43 67 0 8 0.806090
28 47 0 8 0.805963
17 39 0 8 0.805201
91 97 0 8 0.804712
28 69 0 8 0.803604
27 61 0 8 0.803602
34 66 0 8 0.801555
47 81 0 8 0.797433
20 35 0 8 0.797280
10 52 0 8 0.796436
47 55 0 8 0.796257
76 94 0 8 0.794860
9 50 0 8 0.793623
49 81 0 8 0.789378
5 32 0 8 0.788986
6 20 0 8 0.788538
45 94 0 8 0.787763
44 60 0 8 0.787698
33 40 0 8 0.787142
32 76 0 8 0.785248
38 72 0 8 0.783657
25 88 0 8 0.782812
20 68 0 8 0.780910
4 88 0 8 0.779073
65 71 0 8 0.778984
18 31 0 8 0.778632
46 53 0 8 0.777691
45 89 0 8 0.777401
73 81 0 8 0.776299
21 89 0 8 0.775512
1 85 0 8 0.773501
22 94 0 8 0.772137
9 38 0 8 0.772091
18 36 0 8 0.772058
45 72 0 8 0.771891
22 32 0 8 0.771151
50 95 0 8 0.769860
71 79 0 8 0.768935
48 82 0 8 0.768846
38 58 0 8 0.765776
24 52 0 8 0.763496
36 67 0 8 0.762812
31 98 0 8 0.759834
2 42 0 8 0.757538
42 68 0 8 0.756408
23 90 0 8 0.756021
65 82 0 8 0.755944
26 78 0 8 0.753111
92 97 0 8 0.752248
15 36 0 8 0.752002
57 76 0 8 0.751835
27 80 0 8 0.751640
1 62 0 8 0.751591
57 79 0 8 0.750803
28 95 0 8 0.750326
9 61 0 8 0.749477
13 60 0 8 0.749060
20 56 0 8 0.749024
30 45 0 8 0.748750
20 32 0 8 0.747951
25 77 0 8 0.746222
62 70 0 8 0.745918
9 34 0 8 0.745655
41 71 0 8 0.745602
16 23 0 8 0.745255
14 38 0 8 0.744691
52 76 0 8 0.743949
30 97 0 8 0.742923
44 93 0 8 0.742911
9 19 0 8 0.742047
54 62 0 8 0.741060
30 63 0 8 0.739142
60 70 0 8 0.739007
5 37 0 8 0.737567
81 86 0 8 0.737319
4 49 0 8 0.735540
49 61 0 8 0.733737
3 63 0 8 0.732035
12 98 0 8 0.731755
54 73 0 8 0.730884
20 72 0 8 0.729999
81 91 0 8 0.727826
29 72 0 8 0.727605
1 39 0 8 0.727260
56 75 0 8 0.725695
74 92 0 8 0.724550
29 39 0 8 0.723420
87 93 0 8 0.721795
27 55 0 8 0.720629
42 85 0 8 0.720529
21 77 0 8 0.720049
26 73 0 8 0.719996
40 68 0 8 0.718997
46 93 0 8 0.718852
18 88 0 8 0.718194
51 99 0 8 0.718163
31 54 0 8 0.717128
22 96 0 8 0.715428
52 65 0 8 0.713709
22 99 0 8 0.711906
25 97 0 8 0.710274
4 94 0 8 0.709054
28 45 0 8 0.707287
9 39 0 8 0.706248
38 49 0 8 0.704791
49 68 0 8 0.701849
75 94 0 8 0.700087
30 56 0 8 0.699668
3 86 0 8 0.699406
22 83 0 8 0.698696
36 54 0 8 0.697833
86 96 0 8 0.697833
30 95 0 8 0.697081
10 22 0 8 0.694719
63 74 0 8 0.693711
25 32 0 8 0.692550
1 13 0 8 0.692179
78 85 0 8 0.689963
51 97 0 8 0.688815
3 60 0 8 0.688789
56 78 0 8 0.688277
38 75 0 8 0.687284
47 65 0 8 0.687017
27 86 0 8 0.686650
13 56 0 8 0.685920
25 59 0 8 0.685018
81 89 0 8 0.684302
80 85 0 8 0.683603
29 74 0 8 0.682193
19 36 0 8 0.681883
40 52 0 8 0.681847
2 12 0 8 0.680907
56 80 0 8 0.680658
6 32 0 8 0.679244
37 85 0 8 0.677200
87 96 0 8 0.675923
28 46 0 8 0.674973
18 97 0 8 0.674248
47 58 0 8 0.673555
21 57 0 8 0.673533
8 79 0 8 0.673096
17 44 0 8 0.671403
17 64 0 8 0.669914
10 92 0 8 0.668792
85 96 0 8 0.667569
3 39 0 8 0.667549
29 46 0 8 0.665897
30 98 0 8 0.664537
2 46 0 8 0.663849
20 70 0 8 0.663530
58 96 0 8 0.663295
20 49 0 8 0.663205
10 27 0 8 0.663045
79 89 0 8 0.662712
51 69 0 8 0.661213
6 24 0 8 0.660746
59 80 0 8 0.659855
22 97 0 8 0.659610
32 60 0 8 0.659303
25 35 0 8 0.659218
20 25 0 8 0.659092
27 95 0 8 0.658187
22 31 0 8 0.657955
39 94 0 8 0.657788
17 27 0 8 0.657618
35 69 0 8 0.656603
13 34 0 8 0.656266
74 86 0 8 0.654373
16 22 0 8 0.653975
10 97 0 8 0.653572
64 78 0 8 0.653348
26 84 0 8 0.652007
72 95 0 8 0.649928
76 89 0 8 0.649567
39 78 0 8 0.649289
33 55 0 8 0.649278
36 70 0 8 0.648391
29 87 0 8 0.647127
49 69 0 8 0.646219
19 68 0 8 0.645321
14 52 0 8 0.644828
16 76 0 8 0.644682
12 19 0 8 0.643707
24 85 0 8 0.643189
53 77 0 8 0.642648
65 74 0 8 0.642091
8 93 0 8 0.641493
22 92 0 8 0.640682
16 59 0 8 0.637706
17 38 0 8 0.637473
43 78 0 8 0.635652
5 44 0 8 0.635426
79 85 0 8 0.635103
7 66 0 8 0.634949
16 40 0 8 0.634814
19 42 0 8 0.634431
42 90 0 8 0.632765
15 71 0 8 0.632575
23 84 0 8 0.632065
2 61 0 8 0.631326
65 77 0 8 0.629847
57 90 0 8 0.629512
9 51 0 8 0.628929
9 57 0 8 0.626602
18 86 0 8 0.625499
3 34 0 8 0.625352
13 82 0 8 0.625235
5 14 0 8 0.625186
80 97 0 8 0.624464
34 82 0 8 0.624393
46 57 0 8 0.624357
22 68 0 8 0.624018
25 66 0 8 0.623447
85 93 0 8 0.621610
25 93 0 8 0.620038
9 52 0 8 0.619886
28 58 0 8 0.617553
72 77 0 8 0.617008
19 56 0 8 0.616363
70 75 0 8 0.615763
48 98 0 8 0.613298
77 83 0 8 0.612216
73 86 0 8 0.610660
42 89 0 8 0.610610
67 79 0 8 0.607281
9 33 0 8 0.607255
44 58 0 8 0.605134
77 85 0 8 0.604812
17 83 0 8 0.604559
59 85 0 8 0.604402
17 74 0 8 0.604176
60 67 0 8 0.602688
74 83 0 8 0.602357
3 51 0 8 0.601392
2 71 0 8 0.601202
24 29 0 8 0.599293
58 65 0 8 0.598956
10 78 0 8 0.598700
7 41 0 8 0.598663
17 71 0 8 0.596523
11 34 0 8 0.594351
5 55 0 8 0.594087
75 92 0 8 0.591270
41 96 0 8 0.588882
71 90 0 8 0.587008
12 39 0 8 0.586950
35 40 0 8 0.586068
14 54 0 8 0.585319
33 86 0 8 0.584904
25 63 0 8 0.583715
13 23 0 8 0.578759
7 13 0 8 0.578251
18 57 0 8 0.577822
30 91 0 8 0.577020
18 53 0 8 0.576628
2 78 0 8 0.576173
59 70 0 8 0.574667
6 73 0 8 0.571853
91 99 0 8 0.571286
55 63 0 8 0.569021
15 64 0 8 0.568436
2 82 0 8 0.568132
5 13 0 8 0.566004
43 79 0 8 0.565775
3 54 0 8 0.565612
19 95 0 8 0.564831
25 62 0 8 0.560669
56 61 0 8 0.559110
2 55 0 8 0.558443
51 75 0 8 0.557343
11 56 0 8 0.556892
83 93 0 8 0.556532
14 20 0 8 0.556342
19 58 0 8 0.556147
43 85 0 8 0.553905
21 69 0 8 0.553900
82 89 0 8 0.553102
20 46 0 8 0.553017
1 81 0 8 0.552434
33 71 0 8 0.552117
26 37 0 8 0.551696
7 76 0 8 0.551030
44 72 0 8 0.551009
29 67 0 8 0.549891
66 84 0 8 0.547183
15 22 0 8 0.546459
38 86 0 8 0.545510
22 34 0 8 0.545332
63 80 0 8 0.544963
56 65 0 8 0.544262
70 91 0 8 0.544201
75 81 0 8 0.542957
73 83 0 8 0.542096
4 14 0 8 0.540665
34 67 0 8 0.540150
24 64 0 8 0.539193
13 58 0 8 0.537709
67 80 0 8 0.537291
24 32 0 8 0.534909
6 52 0 8 0.533997
76 82 0 8 0.532918
10 81 0 8 0.532736
14 49 0 8 0.532503
29 43 0 8 0.531753
59 79 0 8 0.531663
37 84 0 8 0.530075
15 83 0 8 0.530062
55 90 0 8 0.530041
3 56 0 8 0.529788
14 74 0 8 0.528832
29 51 0 8 0.528585
16 62 0 8 0.526134
16 53 0 8 0.525905
23 45 0 8 0.525408
8 50 0 8 0.523928
2 36 0 8 0.523663
72 82 0 8 0.523360
60 90 0 8 0.521939
73 78 0 8 0.521573
15 45 0 8 0.520915
85 94 0 8 0.520257
10 71 0 8 0.520047
9 80 0 8 0.517987
2 73 0 8 0.516378
39 74 0 8 0.516085
1 43 0 8 0.515709
57 91 0 8 0.513495
12 70 0 8 0.513123
3 58 0 8 0.513027
26 43 0 8 0.512717
34 78 0 8 0.512396
54 65 0 8 0.512174
16 24 0 8 0.510170
19 35 0 8 0.508550
6 14 0 8 0.507286
31 56 0 8 0.505575
12 26 0 8 0.505215
85 95 0 8 0.504949
31 58 0 8 0.504694
33 67 0 8 0.502419
49 85 0 8 0.501769
66 90 0 8 0.501233
69 79 0 8 0.497594
59 72 0 8 0.497491
45 57 0 8 0.496533
11 80 0 8 0.496034
26 32 0 8 0.494350
56 73 0 8 0.494318
60 73 0 8 0.492678
48 80 0 8 0.492121
19 27 0 8 0.490389
20 92 0 8 0.489062
23 95 0 8 0.487204
11 41 0 8 0.485531
46 94 0 8 0.483579
31 64 0 8 0.481185
39 50 0 8 0.480470
34 74 0 8 0.479580
32 98 0 8 0.478610
31 89 0 8 0.478490
60 95 0 8 0.478458
29 94 0 8 0.475748
24 55 0 8 0.474807
20 59 0 8 0.474531
35 71 0 8 0.474107
18 91 0 8 0.473240
4 53 0 8 0.473108
71 81 0 8 0.472560
14 21 0 8 0.471258
34 98 0 8 0.470587
6 26 0 8 0.470532
17 56 0 8 0.469988
54 81 0 8 0.469988
23 43 0 8 0.469539
72 85 0 8 0.468970
28 39 0 8 0.468937
19 93 0 8 0.468180
31 62 0 8 0.467980
12 49 0 8 0.466427
1 40 0 8 0.464922
82 93 0 8 0.464747
1 24 0 8 0.462717
4 25 0 8 0.460656
19 33 0 8 0.459636
3 76 0 8 0.459519
2 26 0 8 0.459455
1 68 0 8 0.458891
78 83 0 8 0.458837
30 35 0 8 0.457689
61 94 0 8 0.457142
46 88 0 8 0.456583
16 74 0 8 0.456317
11 40 0 8 0.455842
45 85 0 8 0.454896
3 67 0 8 0.454351
2 18 0 8 0.454292
9 85 0 8 0.454202
34 93 0 8 0.451853
47 85 0 8 0.451810
51 83 0 8 0.450769
47 95 0 8 0.450221
60 85 0 8 0.450120
9 84 0 8 0.449492
10 32 0 8 0.449393
34 95 0 8 0.447170
16 36 0 8 0.443434
55 98 0 8 0.442386
17 60 0 8 0.442274
49 79 0 8 0.441873
70 94 0 8 0.441560
27 38 0 8 0.441111
26 39 0 8 0.439889
14 99 0 8 0.439822
11 88 0 8 0.439117
33 83 0 8 0.439105
69 75 0 8 0.438810
16 69 0 8 0.436262
1 14 0 8 0.432987
66 96 0 8 0.432619
21 53 0 8 0.431627
32 40 0 8 0.431288
4 41 0 8 0.431147
43 97 0 8 0.430507
71 88 0 8 0.429685
2 77 0 8 0.429672
2 67 0 8 0.429340
31 42 0 8 0.428830
50 62 0 8 0.428731
1 59 0 8 0.428407
27 50 0 8 0.424521
2 57 0 8 0.423554
2 13 0 8 0.423287
29 78 0 8 0.423081
59 67 0 8 0.422433
34 84 0 8 0.422000
74 80 0 8 0.419471
43 83 0 8 0.418593
21 86 0 8 0.416437
53 60 0 8 0.415929
56 71 0 8 0.415842
25 96 0 8 0.415225
80 90 0 8 0.414644
26 38 0 8 0.413151
74 89 0 8 0.412544
93 98 0 8 0.409883
22 87 0 8 0.408407
6 76 0 8 0.407910
16 99 0 8 0.407848
51 58 0 8 0.407754
83 91 0 8 0.406420
23 80 0 8 0.405141
24 44 0 8 0.404461
19 90 0 8 0.404055
27 68 0 8 0.403031
61 81 0 8 0.402483
10 39 0 8 0.402327
54 67 0 8 0.401242
10 34 0 8 0.399990
47 68 0 8 0.398809
37 90 0 8 0.397919
84 89 0 8 0.395256
46 83 0 8 0.395139
41 53 0 8 0.394130
25 67 0 8 0.394053
12 51 0 8 0.391391
2 68 0 8 0.390408
59 96 0 8 0.389553
32 37 0 8 0.389134
34 48 0 8 0.388499
58 76 0 8 0.388464
23 59 0 8 0.387069
35 75 0 8 0.386368
14 33 0 8 0.385444
64 70 0 8 0.384310
70 88 0 8 0.382926
40 95 0 8 0.382102
43 86 0 8 0.381304
48 77 0 8 0.380950
45 82 0 8 0.380706
46 60 0 8 0.380693
70 77 0 8 0.380241
33 88 0 8 0.379261
10 80 0 8 0.378516
42 81 0 8 0.378307
34 47 0 8 0.378234
37 96 0 8 0.375601
23 50 0 8 0.375504
2 66 0 8 0.375313
46 54 0 8 0.374946
64 92 0 8 0.374454
8 86 0 8 0.373711
7 17 0 8 0.373684
48 68 0 8 0.370893
8 98 0 8 0.370328
32 81 0 8 0.369846
3 75 0 8 0.369235
62 92 0 8 0.369103
9 37 0 8 0.366475
3 26 0 8 0.362814
34 99 0 8 0.362369
26 31 0 8 0.362038
36 99 0 8 0.360994
19 25 0 8 0.360507
33 61 0 8 0.357625
4 10 0 8 0.357184
41 97 0 8 0.356073
12 32 0 8 0.355506
6 41 0 8 0.355028
48 61 0 8 0.353879
32 47 0 8 0.351520
31 85 0 8 0.350849
35 76 0 8 0.348005
57 78 0 8 0.347688
15 81 0 8 0.347469
8 35 0 8 0.347065
4 54 0 8 0.346979
1 7 0 8 0.345410
31 70 0 8 0.345389
59 89 0 8 0.344200
30 40 0 8 0.343729
43 63 0 8 0.343432
62 94 0 8 0.341425
28 38 0 8 0.341285
52 96 0 8 0.340394
80 96 0 8 0.340024
30 92 0 8 0.339224
35 78 0 8 0.339209
74 85 0 8 0.338201
35 84 0 8 0.335966
18 95 0 8 0.332427
76 84 0 8 0.332396
29 42 0 8 0.331868
14 81 0 8 0.331736
46 81 0 8 0.330637
80 88 0 8 0.329163
18 90 0 8 0.329141
58 80 0 8 0.328958
40 48 0 8 0.328313
45 77 0 8 0.328101
5 65 0 8 0.326975
47 91 0 8 0.326439
12 93 0 8 0.324408
53 96 0 8 0.323350
35 52 0 8 0.323136
25 61 0 8 0.317624
35 63 0 8 0.317613
25 34 0 8 0.317434
3 17 0 8 0.316108
21 37 0 8 0.315912
2 20 0 8 0.315296
43 76 0 8 0.315187
4 76 0 8 0.315146
47 96 0 8 0.315126
45 81 0 8 0.314972
22 76 0 8 0.314782
2 27 0 8 0.314476
68 93 0 8 0.313778
6 17 0 8 0.313240
4 63 0 8 0.312681
50 66 0 8 0.312578
37 60 0 8 0.312506
7 50 0 8 0.310938
37 69 0 8 0.310091
8 59 0 8 0.305933
17 72 0 8 0.305126
69 78 0 8 0.304809
19 63 0 8 0.303929
35 79 0 8 0.301601
4 93 0 8 0.301239
26 85 0 8 0.300832
11 96 0 8 0.300272
9 79 0 8 0.299476
37 77 0 8 0.299053
2 80 0 8 0.298076
67 100 0 8 0.297690
19 99 0 8 0.297266
38 98 0 8 0.297248
36 43 0 8 0.295516
7 70 0 8 0.295052
16 92 0 8 0.294681
33 56 0 8 0.294635
43 56 0 8 0.294292
54 86 0 8 0.293333
2 43 0 8 0.293080
52 59 0 8 0.293022
8 19 0 8 0.292863
40 89 0 8 0.291429
42 87 0 8 0.291367
64 82 0 8 0.291118
3 52 0 8 0.289218
33 46 0 8 0.288527
25 70 0 8 0.288342
76 91 0 8 0.287751
54 95 0 8 0.287375
27 92 0 8 0.285831
23 88 0 8 0.284458
63 88 0 8 0.284383
14 82 0 8 0.284030
6 74 0 8 0.283569
24 35 0 8 0.283458
15 27 0 8 0.283046
40 72 0 8 0.282693
31 37 0 8 0.282654
1 9 0 8 0.282134
25 74 0 8 0.282015
54 83 0 8 0.281409
13 28 0 8 0.281037
85 100 0 8 0.280464
66 98 0 8 0.280124
62 73 0 8 0.280053
41 63 0 8 0.279729
31 47 0 8 0.279365
39 83 0 8 0.279256
48 99 0 8 0.279213
25 76 0 8 0.277799
28 93 0 8 0.277450
2 59 0 8 0.276350
10 38 0 8 0.275799
5 94 0 8 0.273931
88 96 0 8 0.273662
74 94 0 8 0.273282
6 70 0 8 0.273203
1 80 0 8 0.272422
37 71 0 8 0.272318
57 75 0 8 0.271339
47 67 0 8 0.271238
4 17 0 8 0.271069
1 69 0 8 0.270457
27 46 0 8 0.269932
5 38 0 8 0.269675
7 97 0 8 0.269075
10 33 0 8 0.268752
17 62 0 8 0.268645
32 54 0 8 0.268356
86 92 0 8 0.267728
64 74 0 8 0.267538
32 89 0 8 0.266931
24 95 0 8 0.266336
72 86 0 8 0.265944
20 48 0 8 0.265683
26 94 0 8 0.265031
51 98 0 8 0.264639
12 99 0 8 0.263030
5 46 0 8 0.262219
16 70 0 8 0.262054
4 19 0 8 0.261973
76 85 0 8 0.261598
56 83 0 8 0.261247
43 99 0 8 0.260730
37 72 0 8 0.259874
1 61 0 8 0.259026
30 41 0 8 0.257702
64 88 0 8 0.257389
73 87 0 8 0.257034
67 97 0 8 0.255830
56 70 0 8 0.255763
48 70 0 8 0.255379
29 63 0 8 0.255129
11 45 0 8 0.254824
57 80 0 8 0.254211
16 67 0 8 0.252489
42 65 0 8 0.252440
18 42 0 8 0.252293
42 82 0 8 0.252205
2 90 0 8 0.252104
4 83 0 8 0.249925
32 53 0 8 0.249861
41 46 0 8 0.249775
65 75 0 8 0.249277
27 93 0 8 0.248865
25 53 0 8 0.248181
14 53 0 8 0.246802
49 92 0 8 0.246201
27 90 0 8 0.245029
40 94 0 8 0.244861
36 46 0 8 0.244804
68 79 0 8 0.244545
24 99 0 8 0.243964
38 71 0 8 0.243852
11 19 0 8 0.241869
59 93 0 8 0.241788
5 98 0 8 0.241293
50 59 0 8 0.240732
64 95 0 8 0.240365
32 64 0 8 0.239758
42 66 0 8 0.239474
2 41 0 8 0.239469
15 65 0 8 0.239213
5 48 0 8 0.238982
9 49 0 8 0.238138
68 75 0 8 0.237518
42 79 0 8 0.237370
5 33 0 8 0.235559
11 53 0 8 0.234928
72 94 0 8 0.234893
49 87 0 8 0.234410
28 78 0 8 0.234154
32 90 0 8 0.234101
5 22 0 8 0.232939
14 43 0 8 0.232598
19 87 0 8 0.232487
6 92 0 8 0.231603
26 41 0 8 0.231364
79 88 0 8 0.231320
74 96 0 8 0.231048
78 84 0 8 0.230868
55 93 0 8 0.230093
43 92 0 8 0.229873
26 57 0 8 0.229793
49 96 0 8 0.229496
55 78 0 8 0.228834
2 29 0 8 0.228760
79 97 0 8 0.228012
77 86 0 8 0.227959
32 49 0 8 0.227500
91 96 0 8 0.226689
3 84 0 8 0.226333
10 46 0 8 0.226043
52 85 0 8 0.225620
60 82 0 8 0.224633
71 92 0 8 0.223723
34 53 0 8 0.223627
21 34 0 8 0.223181
12 50 0 8 0.223071
5 92 0 8 0.222217
7 98 0 8 0.221972
81 93 0 8 0.221677
70 76 0 8 0.221346
33 92 0 8 0.219117
19 54 0 8 0.218790
21 65 0 8 0.218745
48 84 0 8 0.218112
45 51 0 8 0.217997
50 71 0 8 0.217407
36 71 0 8 0.216409
23 35 0 8 0.215291
38 73 0 8 0.214869
25 30 0 8 0.214613
4 75 0 8 0.213495
1 49 0 8 0.212761
62 79 0 8 0.212664
16 38 0 8 0.212220
29 36 0 8 0.212056
90 98 0 8 0.210849
34 63 0 8 0.210397
4 21 0 8 0.210339
2 7 0 8 0.210201
57 82 0 8 0.209660
12 48 0 8 0.208698
59 88 0 8 0.208166
18 80 0 8 0.206644
66 79 0 8 0.205922
60 99 0 8 0.205029
39 95 0 8 0.202803
35 60 0 8 0.201998
50 81 0 8 0.200346
39 89 0 8 0.199526
40 59 0 8 0.196382
21 68 0 8 0.196280
3 21 0 8 0.196215
83 88 0 8 0.195379
38 55 0 8 0.195155
27 41 0 8 0.194653
58 71 0 8 0.194281
40 93 0 8 0.192025
25 72 0 8 0.191081
34 46 0 8 0.189347
8 56 0 8 0.188735
82 96 0 8 0.188179
3 70 0 8 0.187967
21 41 0 8 0.186928
46 77 0 8 0.185458
59 77 0 8 0.184659
55 97 0 8 0.184012
40 71 0 8 0.183768
35 82 0 8 0.183647
30 61 0 8 0.183157
79 92 0 8 0.182872
42 93 0 8 0.182335
63 92 0 8 0.182017
81 88 0 8 0.181843
52 84 0 8 0.181069
11 28 0 8 0.180097
66 76 0 8 0.179690
23 51 0 8 0.179452
14 72 0 8 0.179291
44 79 0 8 0.178278
10 84 0 8 0.177839
11 32 0 8 0.177597
8 57 0 8 0.176881
4 85 0 8 0.176787
53 64 0 8 0.176588
87 95 0 8 0.175733
7 71 0 8 0.175194
28 67 0 8 0.173670
12 96 0 8 0.173313
6 64 0 8 0.171974
48 78 0 8 0.171552
9 54 0 8 0.171361
17 45 0 8 0.171107
6 66 0 8 0.170625
2 37 0 8 0.169725
53 58 0 8 0.169629
17 49 0 8 0.169531
65 78 0 8 0.169296
36 65 0 8 0.168871
46 91 0 8 0.168731
3 29 0 8 0.168729
50 93 0 8 0.168067
29 97 0 8 0.167892
21 60 0 8 0.167077
2 79 0 8 0.166812
5 96 0 8 0.166039
29 81 0 8 0.165250
28 91 0 8 0.164857
59 81 0 8 0.163848
9 83 0 8 0.163449
41 70 0 8 0.163095
15 68 0 8 0.162787
16 31 0 8 0.162550
4 20 0 8 0.162541
54 99 0 8 0.162409
34 64 0 8 0.161259
21 88 0 8 0.160025
9 58 0 8 0.158993
38 43 0 8 0.158410
64 81 0 8 0.158156
17 66 0 8 0.158059
18 43 0 8 0.157972
63 89 0 8 0.157954
46 92 0 8 0.157833
47 86 0 8 0.157819
59 82 0 8 0.157713
25 33 0 8 0.156687
21 73 0 8 0.156301
68 88 0 8 0.155308
38 57 0 8 0.154873
7 65 0 8 0.154639
34 83 0 8 0.154634
38 69 0 8 0.153977
44 49 0 8 0.152846
53 69 0 8 0.152543
22 69 0 8 0.152334
1 92 0 8 0.151559
12 75 0 8 0.150903
40 62 0 8 0.150523
50 92 0 8 0.149989
41 69 0 8 0.148927
20 54 0 8 0.148244
19 45 0 8 0.147885
46 97 0 8 0.147758
62 72 0 8 0.147672
11 92 0 8 0.147275
18 34 0 8 0.147020
48 67 0 8 0.145688
8 80 0 8 0.145582
69 90 0 8 0.145207
45 93 0 8 0.144278
78 87 0 8 0.144061
3 32 0 8 0.142267
11 30 0 8 0.142163
16 41 0 8 0.142047
23 37 0 8 0.141581
41 75 0 8 0.140745
22 93 0 8 0.140505
36 42 0 8 0.140255
53 70 0 8 0.139668
15 41 0 8 0.139585
2 70 0 8 0.138593
5 23 0 8 0.136201
51 91 0 8 0.135606
8 18 0 8 0.134190
76 92 0 8 0.133002
71 83 0 8 0.132675
1 22 0 8 0.132291
45 95 0 8 0.131587
4 68 0 8 0.131239
9 99 0 8 0.130876
41 98 0 8 0.130747
40 96 0 8 0.130461
1 87 0 8 0.129336
63 95 0 8 0.128806
11 79 0 8 0.128053
88 95 0 8 0.125917
22 41 0 8 0.124862
81 92 0 8 0.124077
19 31 0 8 0.123817
15 54 0 8 0.123794
51 100 0 8 0.123033
57 65 0 8 0.122320
77 99 0 8 0.121150
1 6 0 8 0.121121
58 99 0 8 0.120352
36 44 0 8 0.119510
60 77 0 8 0.119074
43 77 0 8 0.118811
17 35 0 8 0.118726
45 73 0 8 0.118661
2 9 0 8 0.118275
89 99 0 8 0.118081
25 50 0 8 0.117573
7 12 0 8 0.115799
74 93 0 8 0.115455
50 64 0 8 0.114834
3 65 0 8 0.114356
5 61 0 8 0.113918
42 72 0 8 0.113878
2 8 0 8 0.113852
92 98 0 8 0.113775
1 78 0 8 0.112954
53 80 0 8 0.112733
52 98 0 8 0.112484
29 93 0 8 0.112072
26 96 0 8 0.111039
4 32 0 8 0.110785
60 94 0 8 0.110367
46 70 0 8 0.110281
48 100 0 8 0.109166
59 100 0 8 0.108727
13 27 0 8 0.108577
69 95 0 8 0.108557
15 95 0 8 0.107752
43 54 0 8 0.105884
20 37 0 8 0.104733
38 99 0 8 0.104323
61 93 0 8 0.104298
7 46 0 8 0.104053
10 83 0 8 0.103404
5 43 0 8 0.103123
50 55 0 8 0.102985
19 77 0 8 0.102334
19 74 0 8 0.102017
33 60 0 8 0.100322
25 49 0 8 0.099781
5 74 0 8 0.099559
9 64 0 8 0.099315
62 71 0 8 0.098755
9 76 0 8 0.097550
36 86 0 8 0.097225
41 81 0 8 0.096695
36 69 0 8 0.096495
50 83 0 8 0.095913
9 73 0 8 0.095484
35 96 0 8 0.095434
15 80 0 8 0.094332
3 81 0 8 0.093526
28 94 0 8 0.093377
16 56 0 8 0.092471
18 84 0 8 0.092465
12 31 0 8 0.092280
27 40 0 8 0.091823
50 70 0 8 0.091512
56 84 0 8 0.090673
25 75 0 8 0.089192
7 85 0 8 0.087533
8 65 0 8 0.085934
7 44 0 8 0.085781
9 36 0 8 0.085444
24 49 0 8 0.084648
1 36 0 8 0.083775
21 99 0 8 0.082869
28 49 0 8 0.081748
13 40 0 8 0.080257
53 97 0 8 0.079721
36 66 0 8 0.079680
65 88 0 8 0.077733
6 65 0 8 0.077015
33 69 0 8 0.076988
59 66 0 8 0.076975
66 72 0 8 0.076548
25 64 0 8 0.076312
16 71 0 8 0.075648
39 99 0 8 0.075338
16 49 0 8 0.075016
72 96 0 8 0.074693
18 83 0 8 0.074569
45 88 0 8 0.074472
89 100 0 8 0.074313
28 84 0 8 0.074238
5 24 0 8 0.073457
10 90 0 8 0.073102
33 51 0 8 0.072050
75 83 0 8 0.071977
26 48 0 8 0.071288
4 51 0 8 0.071027
8 99 0 8 0.070761
3 13 0 8 0.070584
18 55 0 8 0.070509
42 61 0 8 0.070108
6 54 0 8 0.069897
62 87 0 8 0.069598
47 89 0 8 0.068626
1 34 0 8 0.068597
17 22 0 8 0.067738
32 78 0 8 0.067727
49 94 0 8 0.067551
55 79 0 8 0.067205
39 97 0 8 0.065939
61 87 0 8 0.065420
60 71 0 8 0.065069
11 33 0 8 0.064883
18 99 0 8 0.064527
35 58 0 8 0.064155
7 88 0 8 0.063898
20 61 0 8 0.063086
6 42 0 8 0.061716
26 63 0 8 0.061661
22 72 0 8 0.060852
29 35 0 8 0.060476
52 99 0 8 0.060237
4 70 0 8 0.059520
87 94 0 8 0.058821
21 26 0 8 0.058646
8 87 0 8 0.058459
16 47 0 8 0.058358
4 56 0 8 0.058330
70 79 0 8 0.058137
41 99 0 8 0.057795
26 87 0 8 0.057594
49 66 0 8 0.057450
10 89 0 8 0.057079
58 85 0 8 0.056539
66 93 0 8 0.055532
44 91 0 8 0.055408
57 93 0 8 0.054071
1 27 0 8 0.053209
3 77 0 8 0.053024
32 91 0 8 0.052588
35 87 0 8 0.051640
11 71 0 8 0.051616
20 90 0 8 0.050397
17 23 0 8 0.049680
22 49 0 8 0.049026
20 77 0 8 0.048706
50 90 0 8 0.048388
44 82 0 8 0.047337
41 64 0 8 0.046396
74 99 0 8 0.046220
84 97 0 8 0.046184
65 92 0 8 0.045992
63 71 0 8 0.045813
3 25 0 8 0.045021
3 88 0 8 0.044254
23 96 0 8 0.043217
45 65 0 8 0.042379
46 76 0 8 0.041875
8 88 0 8 0.041461
47 74 0 8 0.041093
4 89 0 8 0.040989
23 60 0 8 0.040553
37 67 0 8 0.040498
76 98 0 8 0.040181
30 99 0 8 0.039938
31 86 0 8 0.038558
10 50 0 8 0.038511
1 16 0 8 0.037578
26 99 0 8 0.037310
1 79 0 8 0.036718
1 55 0 8 0.036517
19 91 0 8 0.036486
14 29 0 8 0.036290
44 96 0 8 0.036238
14 73 0 8 0.035953
58 100 0 8 0.035710
6 19 0 8 0.033558
42 54 0 8 0.033197
53 95 0 8 0.032025
53 63 0 8 0.031752
57 86 0 8 0.031739
5 51 0 8 0.030879
16 30 0 8 0.030324
28 65 0 8 0.029999
77 95 0 8 0.029155
1 58 0 8 0.029126
23 69 0 8 0.029099
4 39 0 8 0.028294
1 35 0 8 0.028191
21 44 0 8 0.027814
26 95 0 8 0.026970
32 66 0 8 0.026378
28 80 0 8 0.026368
13 74 0 8 0.025793
55 100 0 8 0.024850
41 74 0 8 0.024817
44 95 0 8 0.024475
30 51 0 8 0.024046
25 41 0 8 0.023234
8 20 0 8 0.022235
59 99 0 8 0.022143
22 57 0 8 0.020711
44 92 0 8 0.020031
12 30 0 8 0.019631
12 25 0 8 0.018957
1 77 0 8 0.017880
4 64 0 8 0.017643
72 84 0 8 0.017476
9 28 0 8 0.015987
42 96 0 8 0.015265
42 57 0 8 0.015207
6 48 0 8 0.013596
20 89 0 8 0.013434
77 87 0 8 0.012704
8 29 0 8 0.012548
1 25 0 8 0.012333
54 96 0 8 0.012317
82 94 0 8 0.012218
24 43 0 8 0.012128
86 95 0 8 0.011902
6 80 0 8 0.011174
42 64 0 8 0.011089
15 42 0 8 0.011010
49 75 0 8 0.010824
37 44 0 8 0.010711
32 52 0 8 0.010619
17 34 0 8 0.010002
35 74 0 8 0.008658
6 53 0 8 0.006996
66 99 0 8 0.006019
45 61 0 8 0.005952
78 100 0 8 0.005561
42 67 0 8 0.004910
36 50 0 8 0.004863
5 72 0 8 0.004585
77 96 0 8 0.004396
63 93 0 8 0.004231
29 56 0 8 0.004054
59 64 0 8 0.003860
23 33 0 8 0.003012
51 57 0 8 0.002636
48 53 0 8 0.002485
71 76 0 8 0.002182
36 74 0 8 0.002088
22 89 0 8 0.001931
16 45 0 8 0.001700
12 71 0 8 0.001630
4 98 0 8 0.001443
7 77 0 8 0.000535
1 101 0 8 0.000000
2 101 0 8 0.000000
3 101 0 8 0.000000
4 101 0 8 0.000000
5 101 0 8 0.000000
6 101 0 8 0.000000
7 101 0 8 0.000000
8 101 0 8 0.000000
9 101 0 8 0.000000
10 101 0 8 0.000000
11 101 0 8 0.000000
12 101 0 8 0.000000
13 101 0 8 0.000000
14 101 0 8 0.000000
15 101 0 8 0.000000
16 101 0 8 0.000000
17 101 0 8 0.000000
18 101 0 8 0.000000
19 101 0 8 0.000000
20 101 0 8 0.000000
21 101 0 8 0.000000
22 101 0 8 0.000000
23 101 0 8 0.000000
24 101 0 8 0.000000
25 101 0 8 0.000000
26 101 0 8 0.000000
27 101 0 8 0.000000
28 101 0 8 0.000000
29 101 0 8 0.000000
30 101 0 8 0.000000
31 101 0 8 0.000000
32 101 0 8 0.000000
33 101 0 8 0.000000
34 101 0 8 0.000000
35 101 0 8 0.000000
36 101 0 8 0.000000
37 101 0 8 0.000000
38 101 0 8 0.000000
39 101 0 8 0.000000
40 101 0 8 0.000000
41 101 0 8 0.000000
42 101 0 8 0.000000
43 101 0 8 0.000000
44 101 0 8 0.000000
45 101 0 8 0.000000
46 101 0 8 0.000000
47 101 0 8 0.000000
48 101 0 8 0.000000
49 101 0 8 0.000000
50 101 0 8 0.000000
51 101 0 8 0.000000
52 101 0 8 0.000000
53 101 0 8 0.000000
54 101 0 8 0.000000
55 101 0 8 0.000000
56 101 0 8 0.000000
57 101 0 8 0.000000
58 101 0 8 0.000000
59 101 0 8 0.000000
60 101 0 8 0.000000
61 101 0 8 0.000000
62 101 0 8 0.000000
63 101 0 8 0.000000
64 101 0 8 0.000000
65 101 0 8 0.000000
66 101 0 8 0.000000
67 101 0 8 0.000000
68 101 0 8 0.000000
69 101 0 8 0.000000
70 101 0 8 0.000000
71 101 0 8 0.000000
72 101 0 8 0.000000
73 101 0 8 0.000000
74 101 0 8 0.000000
75 101 0 8 0.000000
76 101 0 8 0.000000
77 101 0 8 0.000000
78 101 0 8 0.000000
79 101 0 8 0.000000
80 101 0 8 0.000000
81 101 0 8 0.000000
82 101 0 8 0.000000
83 101 0 8 0.000000
84 101 0 8 0.000000
85 101 0 8 0.000000
86 101 0 8 0.000000
87 101 0 8 0.000000
88 101 0 8 0.000000
89 101 0 8 0.000000
90 101 0 8 0.000000
91 101 0 8 0.000000
92 101 0 8 0.000000
93 101 0 8 0.000000
94 101 0 8 0.000000
95 101 0 8 0.000000
96 101 0 8 0.000000
20 87 0 8 -0.000289
22 66 0 8 -0.000872
44 62 0 8 -0.001962
21 51 0 8 -0.002143
66 77 0 8 -0.002553
53 100 0 8 -0.002568
24 86 0 8 -0.002756
28 90 0 8 -0.002879
48 54 0 8 -0.002974
1 100 0 8 -0.003690
46 100 0 8 -0.003711
94 100 0 8 -0.004519
14 40 0 8 -0.005525
22 81 0 8 -0.005555
18 78 0 8 -0.005864
17 47 0 8 -0.006465
58 94 0 8 -0.007092
35 94 0 8 -0.007770
14 65 0 8 -0.008080
52 61 0 8 -0.008292
87 100 0 8 -0.008423
93 100 0 8 -0.009013
2 100 0 8 -0.009209
2 17 0 8 -0.009273
32 99 0 8 -0.009316
35 92 0 8 -0.009825
13 67 0 8 -0.009845
92 100 0 8 -0.010252
41 66 0 8 -0.010276
44 99 0 8 -0.010287
23 98 0 8 -0.010360
36 45 0 8 -0.010421
2 93 0 8 -0.010702
44 100 0 8 -0.010786
6 100 0 8 -0.010788
28 70 0 8 -0.010881
1 94 0 8 -0.011457
3 100 0 8 -0.011746
39 76 0 8 -0.011930
50 99 0 8 -0.012026
81 97 0 8 -0.012095
75 91 0 8 -0.012727
27 52 0 8 -0.012816
62 82 0 8 -0.013123
61 82 0 8 -0.013244
95 100 0 8 -0.013388
29 100 0 8 -0.013810
51 92 0 8 -0.014316
38 90 0 8 -0.014424
2 24 0 8 -0.016042
20 96 0 8 -0.016202
46 79 0 8 -0.016544
91 100 0 8 -0.016604
88 100 0 8 -0.016699
27 100 0 8 -0.017405
79 100 0 8 -0.017444
74 98 0 8 -0.017612
65 84 0 8 -0.017908
20 100 0 8 -0.017952
42 48 0 8 -0.017977
56 94 0 8 -0.018329
35 100 0 8 -0.018744
42 74 0 8 -0.019184
5 100 0 8 -0.019633
4 100 0 8 -0.019796
57 100 0 8 -0.020018
61 100 0 8 -0.020355
72 89 0 8 -0.020356
83 100 0 8 -0.020736
13 43 0 8 -0.020788
36 76 0 8 -0.021169
90 100 0 8 -0.021228
42 100 0 8 -0.021310
31 95 0 8 -0.021668
81 100 0 8 -0.022177
77 100 0 8 -0.022441
84 94 0 8 -0.022701
86 100 0 8 -0.022902
34 100 0 8 -0.023128
59 92 0 8 -0.023261
33 100 0 8 -0.023428
11 100 0 8 -0.023687
70 100 0 8 -0.024048
49 100 0 8 -0.024401
5 91 0 8 -0.024759
54 100 0 8 -0.024959
62 77 0 8 -0.025756
44 94 0 8 -0.025846
39 57 0 8 -0.026033
64 99 0 8 -0.026147
74 100 0 8 -0.026252
68 100 0 8 -0.026396
22 100 0 8 -0.026459
7 100 0 8 -0.026492
80 100 0 8 -0.026565
26 100 0 8 -0.026617
4 46 0 8 -0.026704
9 100 0 8 -0.026705
24 98 0 8 -0.026925
28 63 0 8 -0.027131
84 100 0 8 -0.027270
65 98 0 8 -0.027424
38 100 0 8 -0.027439
84 99 0 8 -0.027877
44 90 0 8 -0.027898
76 100 0 8 -0.027910
10 98 0 8 -0.027998
41 100 0 8 -0.028034
8 100 0 8 -0.028205
25 100 0 8 -0.028233
82 100 0 8 -0.028276
10 100 0 8 -0.028482
50 100 0 8 -0.028584
71 100 0 8 -0.028839
24 78 0 8 -0.028843
43 100 0 8 -0.029267
23 100 0 8 -0.029320
3 72 0 8 -0.029447
36 100 0 8 -0.029531
72 100 0 8 -0.029755
69 91 0 8 -0.029778
22 45 0 8 -0.030035
69 100 0 8 -0.030115
11 24 0 8 -0.030150
47 100 0 8 -0.030286
56 98 0 8 -0.030632
31 100 0 8 -0.030633
28 100 0 8 -0.031198
21 100 0 8 -0.031385
82 92 0 8 -0.031414
13 72 0 8 -0.031854
30 73 0 8 -0.031974
15 100 0 8 -0.031983
13 100 0 8 -0.032120
8 78 0 8 -0.032262
19 100 0 8 -0.032288
18 98 0 8 -0.032306
14 100 0 8 -0.032310
67 89 0 8 -0.032339
73 100 0 8 -0.032465
12 100 0 8 -0.032489
32 100 0 8 -0.032847
75 100 0 8 -0.032895
1 91 0 8 -0.032964
17 100 0 8 -0.033548
2 83 0 8 -0.033601
66 100 0 8 -0.033635
63 100 0 8 -0.034064
65 100 0 8 -0.034330
62 100 0 8 -0.034609
20 93 0 8 -0.034864
64 100 0 8 -0.034883
16 100 0 8 -0.035081
39 100 0 8 -0.035145
37 100 0 8 -0.035367
37 79 0 8 -0.035693
56 100 0 8 -0.035759
40 100 0 8 -0.035812
60 100 0 8 -0.036264
37 66 0 8 -0.036706
71 87 0 8 -0.037084
8 68 0 8 -0.037133
30 100 0 8 -0.037302
45 100 0 8 -0.037347
18 100 0 8 -0.037743
24 100 0 8 -0.037857
62 97 0 8 -0.038076
31 61 0 8 -0.038277
4 33 0 8 -0.038533
57 98 0 8 -0.038776
11 57 0 8 -0.039043
67 91 0 8 -0.039185
16 84 0 8 -0.039476
7 20 0 8 -0.039785
14 47 0 8 -0.040158
12 87 0 8 -0.040343
52 100 0 8 -0.040535
5 99 0 8 -0.040566
9 72 0 8 -0.040658
4 99 0 8 -0.041248
5 84 0 8 -0.042488
3 87 0 8 -0.042876
66 92 0 8 -0.043788
40 67 0 8 -0.043938
3 80 0 8 -0.044548
3 12 0 8 -0.044620
41 54 0 8 -0.044739
39 98 0 8 -0.044816
18 81 0 8 -0.044990
12 92 0 8 -0.045036
2 54 0 8 -0.045853
1 99 0 8 -0.046357
46 99 0 8 -0.046620
9 46 0 8 -0.047365
11 54 0 8 -0.047921
7 99 0 8 -0.048049
45 74 0 8 -0.048404
78 92 0 8 -0.049160
37 81 0 8 -0.049239
26 91 0 8 -0.049749
33 76 0 8 -0.049851
21 40 0 8 -0.050218
1 46 0 8 -0.050377
51 84 0 8 -0.050967
1 42 0 8 -0.050992
15 75 0 8 -0.051168
4 81 0 8 -0.052151
29 85 0 8 -0.052512
1 74 0 8 -0.054550
17 86 0 8 -0.054805
37 47 0 8 -0.054858
21 79 0 8 -0.055103
9 42 0 8 -0.055958
53 59 0 8 -0.056787
73 88 0 8 -0.056927
15 98 0 8 -0.057303
76 95 0 8 -0.057708
46 69 0 8 -0.057990
18 25 0 8 -0.059086
17 26 0 8 -0.059135
27 57 0 8 -0.059211
37 65 0 8 -0.059240
17 37 0 8 -0.059783
27 97 0 8 -0.060539
17 29 0 8 -0.060567
6 18 0 8 -0.061270
10 65 0 8 -0.061472
46 64 0 8 -0.062003
93 99 0 8 -0.062013
6 78 0 8 -0.062779
13 98 0 8 -0.063808
3 22 0 8 -0.063992
47 94 0 8 -0.064269
20 95 0 8 -0.064795
51 79 0 8 -0.064858
15 30 0 8 -0.064958
22 43 0 8 -0.065141
87 97 0 8 -0.066593
86 99 0 8 -0.066698
46 52 0 8 -0.066804
22 82 0 8 -0.067362
43 94 0 8 -0.067416
68 95 0 8 -0.068188
38 65 0 8 -0.068793
61 89 0 8 -0.069448
53 61 0 8 -0.069710
56 87 0 8 -0.070112
15 49 0 8 -0.070659
57 94 0 8 -0.070675
36 95 0 8 -0.070889
35 55 0 8 -0.071190
78 97 0 8 -0.071485
36 96 0 8 -0.071637
3 50 0 8 -0.071733
23 63 0 8 -0.071811
65 73 0 8 -0.071811
33 79 0 8 -0.073348
21 90 0 8 -0.073494
46 90 0 8 -0.073526
1 98 0 8 -0.074837
35 99 0 8 -0.074856
46 98 0 8 -0.075262
21 42 0 8 -0.075515
47 93 0 8 -0.075609
5 70 0 8 -0.075812
3 24 0 8 -0.075844
27 99 0 8 -0.076092
33 89 0 8 -0.076159
20 63 0 8 -0.076730
1 17 0 8 -0.077007
3 94 0 8 -0.078600
85 99 0 8 -0.078666
68 77 0 8 -0.078668
25 31 0 8 -0.079001
9 75 0 8 -0.079151
81 99 0 8 -0.079241
37 76 0 8 -0.079310
58 68 0 8 -0.080371
25 60 0 8 -0.083109
66 85 0 8 -0.083119
1 20 0 8 -0.083406
1 57 0 8 -0.083769
43 50 0 8 -0.083944
6 50 0 8 -0.084312
26 72 0 8 -0.085589
70 87 0 8 -0.086242
55 73 0 8 -0.086448
8 72 0 8 -0.087099
41 48 0 8 -0.088292
26 46 0 8 -0.088332
1 88 0 8 -0.088602
77 90 0 8 -0.088999
61 75 0 8 -0.089113
33 45 0 8 -0.089195
53 67 0 8 -0.089231
21 30 0 8 -0.089632
55 99 0 8 -0.089686
36 98 0 8 -0.089926
22 51 0 8 -0.089974
53 85 0 8 -0.090360
31 87 0 8 -0.092885
35 42 0 8 -0.093086
56 90 0 8 -0.093157
71 82 0 8 -0.093395
4 69 0 8 -0.093895
16 61 0 8 -0.094161
16 94 0 8 -0.094693
6 11 0 8 -0.095247
48 74 0 8 -0.095322
11 74 0 8 -0.095395
3 48 0 8 -0.095899
21 93 0 8 -0.097221
63 94 0 8 -0.097901
23 66 0 8 -0.098050
22 28 0 8 -0.098310
2 10 0 8 -0.098517
21 47 0 8 -0.098662
3 46 0 8 -0.099771
9 98 0 8 -0.099935
67 78 0 8 -0.100173
15 92 0 8 -0.101829
51 68 0 8 -0.102741
28 59 0 8 -0.102894
57 95 0 8 -0.103964
47 61 0 8 -0.104570
29 95 0 8 -0.105704
68 81 0 8 -0.105756
87 99 0 8 -0.105810
72 78 0 8 -0.105881
29 70 0 8 -0.105990
15 25 0 8 -0.106332
7 79 0 8 -0.106803
7 51 0 8 -0.106942
64 96 0 8 -0.108024
6 86 0 8 -0.108076
18 24 0 8 -0.109718
23 91 0 8 -0.109946
6 99 0 8 -0.110091
52 87 0 8 -0.110362
63 70 0 8 -0.110433
51 82 0 8 -0.110477
20 43 0 8 -0.110787
52 94 0 8 -0.111052
54 85 0 8 -0.111533
49 82 0 8 -0.112980
42 97 0 8 -0.113290
30 75 0 8 -0.113437
61 98 0 8 -0.113794
34 94 0 8 -0.114685
2 99 0 8 -0.115682
14 31 0 8 -0.116101
29 99 0 8 -0.116698
5 63 0 8 -0.116910
74 88 0 8 -0.117044
1 64 0 8 -0.118072
1 97 0 8 -0.118989
60 93 0 8 -0.119730
1 23 0 8 -0.120014
59 95 0 8 -0.120065
18 45 0 8 -0.120244
20 52 0 8 -0.120976
3 90 0 8 -0.121336
64 93 0 8 -0.121639
20 99 0 8 -0.121686
34 91 0 8 -0.121980
22 84 0 8 -0.122234
1 93 0 8 -0.122349
1 37 0 8 -0.123029
88 94 0 8 -0.123910
12 97 0 8 -0.124076
5 59 0 8 -0.124151
23 41 0 8 -0.124763
4 61 0 8 -0.125003
37 52 0 8 -0.125230
46 61 0 8 -0.126020
4 12 0 8 -0.126081
7 74 0 8 -0.127503
6 39 0 8 -0.127958
31 52 0 8 -0.128596
1 52 0 8 -0.128646
92 99 0 8 -0.128794
9 40 0 8 -0.128891
9 77 0 8 -0.130152
89 98 0 8 -0.130472
6 83 0 8 -0.132286
5 57 0 8 -0.133049
44 70 0 8 -0.133583
37 98 0 8 -0.133975
43 82 0 8 -0.134152
38 92 0 8 -0.134228
19 29 0 8 -0.135276
29 61 0 8 -0.135387
2 81 0 8 -0.135671
15 48 0 8 -0.135684
69 86 0 8 -0.135926
23 36 0 8 -0.135968
3 66 0 8 -0.136211
23 46 0 8 -0.136520
10 25 0 8 -0.136855
6 27 0 8 -0.137010
3 42 0 8 -0.137146
88 99 0 8 -0.137385
24 54 0 8 -0.137812
41 79 0 8 -0.138114
6 44 0 8 -0.138172
12 62 0 8 -0.138818
29 57 0 8 -0.138875
37 70 0 8 -0.139065
9 70 0 8 -0.139447
54 94 0 8 -0.139550
47 84 0 8 -0.139603
5 69 0 8 -0.140171
39 93 0 8 -0.140931
14 98 0 8 -0.141019
4 23 0 8 -0.141148
80 99 0 8 -0.141394
13 44 0 8 -0.141467
17 87 0 8 -0.141743
4 52 0 8 -0.142356
57 77 0 8 -0.142759
1 73 0 8 -0.143703
14 84 0 8 -0.143848
21 29 0 8 -0.144607
28 55 0 8 -0.144656
37 53 0 8 -0.145844
78 91 0 8 -0.145994
1 44 0 8 -0.146423
30 74 0 8 -0.146705
15 38 0 8 -0.146900
39 51 0 8 -0.147009
17 89 0 8 -0.147439
3 99 0 8 -0.147555
69 74 0 8 -0.147782
7 61 0 8 -0.147914
82 98 0 8 -0.148412
69 88 0 8 -0.149172
29 40 0 8 -0.149332
15 70 0 8 -0.149418
28 98 0 8 -0.150168
36 53 0 8 -0.150313
74 91 0 8 -0.150611
41 50 0 8 -0.150835
10 82 0 8 -0.151469
12 64 0 8 -0.151524
25 54 0 8 -0.151557
36 97 0 8 -0.152523
20 91 0 8 -0.153615
33 93 0 8 -0.153724
1 96 0 8 -0.153728
3 36 0 8 -0.154584
46 96 0 8 -0.154601
77 94 0 8 -0.155249
32 87 0 8 -0.155857
3 83 0 8 -0.155976
13 42 0 8 -0.156235
15 26 0 8 -0.156677
14 95 0 8 -0.157641
32 46 0 8 -0.157924
30 76 0 8 -0.158066
51 81 0 8 -0.158423
13 95 0 8 -0.158896
32 97 0 8 -0.159686
19 34 0 8 -0.159724
8 38 0 8 -0.159889
18 67 0 8 -0.160295
5 17 0 8 -0.160851
62 96 0 8 -0.161536
19 97 0 8 -0.162103
29 86 0 8 -0.162290
31 75 0 8 -0.162317
38 62 0 8 -0.162593
64 85 0 8 -0.162594
16 34 0 8 -0.162819
55 66 0 8 -0.163046
23 74 0 8 -0.163273
85 98 0 8 -0.163463
48 76 0 8 -0.163733
2 69 0 8 -0.165893
29 98 0 8 -0.166000
8 17 0 8 -0.167029
22 95 0 8 -0.167772
86 98 0 8 -0.168352
13 93 0 8 -0.168364
22 33 0 8 -0.168478
58 77 0 8 -0.169103
58 64 0 8 -0.169741
4 28 0 8 -0.170678
87 98 0 8 -0.170815
52 97 0 8 -0.171182
23 39 0 8 -0.171341
3 95 0 8 -0.171836
41 59 0 8 -0.172258
32 51 0 8 -0.172970
80 92 0 8 -0.173401
49 62 0 8 -0.173610
44 88 0 8 -0.173747
4 24 0 8 -0.174326
26 69 0 8 -0.175131
6 79 0 8 -0.176247
4 92 0 8 -0.176563
11 95 0 8 -0.177218
4 67 0 8 -0.177279
1 10 0 8 -0.177626
36 88 0 8 -0.178750
74 87 0 8 -0.178833
36 90 0 8 -0.179504
11 46 0 8 -0.179520
11 91 0 8 -0.180061
25 87 0 8 -0.180329
45 59 0 8 -0.180696
75 97 0 8 -0.180696
69 98 0 8 -0.181194
69 92 0 8 -0.181631
35 98 0 8 -0.181643
1 95 0 8 -0.181734
2 96 0 8 -0.181998
52 69 0 8 -0.182234
36 61 0 8 -0.182684
46 95 0 8 -0.182766
58 90 0 8 -0.183418
10 99 0 8 -0.183804
75 96 0 8 -0.183963
75 88 0 8 -0.184015
18 87 0 8 -0.184142
4 97 0 8 -0.184458
11 47 0 8 -0.185728
1 65 0 8 -0.186354
45 99 0 8 -0.186739
2 98 0 8 -0.186751
82 91 0 8 -0.187059
9 69 0 8 -0.187898
25 92 0 8 -0.188593
1 33 0 8 -0.188797
61 66 0 8 -0.188930
3 61 0 8 -0.189068
79 87 0 8 -0.190238
32 63 0 8 -0.190260
52 78 0 8 -0.190650
1 38 0 8 -0.190714
3 14 0 8 -0.191592
9 78 0 8 -0.192284
33 95 0 8 -0.192690
4 96 0 8 -0.192695
44 85 0 8 -0.193240
16 85 0 8 -0.193510
33 38 0 8 -0.194207
53 87 0 8 -0.194367
58 75 0 8 -0.194797
3 93 0 8 -0.195007
39 52 0 8 -0.195572
2 45 0 8 -0.195690
77 97 0 8 -0.196004
51 60 0 8 -0.196071
31 45 0 8 -0.196331
20 55 0 8 -0.196728
4 15 0 8 -0.196819
1 53 0 8 -0.197097
42 92 0 8 -0.197420
2 88 0 8 -0.198390
45 75 0 8 -0.198497
57 81 0 8 -0.198629
17 43 0 8 -0.198869
31 38 0 8 -0.198961
28 54 0 8 -0.199100
17 58 0 8 -0.199398
27 85 0 8 -0.199470
28 40 0 8 -0.199471
63 86 0 8 -0.200625
75 98 0 8 -0.201375
6 98 0 8 -0.201761
26 93 0 8 -0.202683
16 50 0 8 -0.203559
25 85 0 8 -0.205208
88 97 0 8 -0.205547
10 93 0 8 -0.206175
46 71 0 8 -0.206475
23 34 0 8 -0.206988
26 79 0 8 -0.207143
15 94 0 8 -0.208220
51 86 0 8 -0.209247
45 55 0 8 -0.209563
91 98 0 8 -0.209614
49 99 0 8 -0.209897
54 92 0 8 -0.210474
28 76 0 8 -0.210568
44 74 0 8 -0.211242
19 80 0 8 -0.211334
9 94 0 8 -0.211598
24 39 0 8 -0.211777
1 60 0 8 -0.211909
6 87 0 8 -0.212039
37 89 0 8 -0.212093
17 84 0 8 -0.212218
32 92 0 8 -0.212406
16 98 0 8 -0.212452
11 69 0 8 -0.212718
61 86 0 8 -0.213664
6 45 0 8 -0.213928
1 90 0 8 -0.214000
70 81 0 8 -0.214144
35 77 0 8 -0.214148
86 94 0 8 -0.214186
12 57 0 8 -0.214489
22 75 0 8 -0.214691
60 92 0 8 -0.215242
25 81 0 8 -0.215535
11 78 0 8 -0.216006
70 99 0 8 -0.216641
49 74 0 8 -0.217736
70 92 0 8 -0.217748
57 89 0 8 -0.217942
51 76 0 8 -0.218056
63 90 0 8 -0.218188
61 83 0 8 -0.218333
43 64 0 8 -0.218375
5 50 0 8 -0.218513
44 98 0 8 -0.218750
4 65 0 8 -0.219074
79 99 0 8 -0.219137
64 77 0 8 -0.219358
73 91 0 8 -0.219604
56 99 0 8 -0.219904
15 67 0 8 -0.220200
60 87 0 8 -0.220221
2 97 0 8 -0.220869
58 95 0 8 -0.221248
7 37 0 8 -0.221324
3 98 0 8 -0.221342
1 29 0 8 -0.221653
6 21 0 8 -0.222397
11 87 0 8 -0.222654
28 51 0 8 -0.222747
21 81 0 8 -0.223079
13 99 0 8 -0.225134
6 97 0 8 -0.225534
5 97 0 8 -0.227016
32 77 0 8 -0.227085
20 44 0 8 -0.227128
11 99 0 8 -0.227211
13 88 0 8 -0.227338
35 89 0 8 -0.227377
46 84 0 8 -0.227875
76 99 0 8 -0.228767
46 66 0 8 -0.229377
5 80 0 8 -0.229857
72 98 0 8 -0.230191
14 76 0 8 -0.230324
45 96 0 8 -0.230474
5 10 0 8 -0.230552
5 95 0 8 -0.230677
6 93 0 8 -0.230796
69 93 0 8 -0.231047
54 87 0 8 -0.231148
8 62 0 8 -0.232669
7 67 0 8 -0.232756
24 96 0 8 -0.233452
6 95 0 8 -0.233898
16 97 0 8 -0.234124
11 36 0 8 -0.234283
30 85 0 8 -0.234570
15 93 0 8 -0.234632
4 60 0 8 -0.235428
67 99 0 8 -0.236403
90 99 0 8 -0.236793
7 26 0 8 -0.236849
34 70 0 8 -0.237194
14 80 0 8 -0.237326
56 69 0 8 -0.237382
5 90 0 8 -0.237528
35 91 0 8 -0.237833
25 40 0 8 -0.238730
34 50 0 8 -0.238989
2 94 0 8 -0.239040
21 55 0 8 -0.239338
64 71 0 8 -0.239435
38 63 0 8 -0.241377
73 98 0 8 -0.241933
33 43 0 8 -0.242405
24 90 0 8 -0.243060
83 98 0 8 -0.243412
55 87 0 8 -0.243791
17 36 0 8 -0.243957
55 67 0 8 -0.244857
43 84 0 8 -0.245336
66 82 0 8 -0.245517
61 99 0 8 -0.245559
14 70 0 8 -0.245630
39 49 0 8 -0.245679
64 91 0 8 -0.246229
40 83 0 8 -0.246310
29 53 0 8 -0.246614
72 93 0 8 -0.246699
1 54 0 8 -0.247012
24 79 0 8 -0.247437
1 31 0 8 -0.248183
49 88 0 8 -0.248295
23 30 0 8 -0.248399
40 55 0 8 -0.250911
2 95 0 8 -0.251342
57 99 0 8 -0.251477
66 71 0 8 -0.251502
51 93 0 8 -0.251595
26 98 0 8 -0.251827
26 70 0 8 -0.252208
2 35 0 8 -0.252293
40 46 0 8 -0.253332
11 85 0 8 -0.253711
53 90 0 8 -0.253725
73 96 0 8 -0.254864
88 98 0 8 -0.254890
76 93 0 8 -0.255961
27 66 0 8 -0.256409
8 96 0 8 -0.258277
55 71 0 8 -0.258565
43 73 0 8 -0.259436
72 88 0 8 -0.259722
10 17 0 8 -0.260333
83 99 0 8 -0.260489
80 94 0 8 -0.260606
1 82 0 8 -0.260886
6 40 0 8 -0.261312
54 97 0 8 -0.261625
79 93 0 8 -0.261902
9 92 0 8 -0.262009
4 82 0 8 -0.262263
34 89 0 8 -0.262336
51 90 0 8 -0.263067
16 90 0 8 -0.263085
76 87 0 8 -0.263233
85 92 0 8 -0.263241
44 87 0 8 -0.265310
80 98 0 8 -0.266017
18 58 0 8 -0.266391
13 90 0 8 -0.266490
20 30 0 8 -0.267703
42 99 0 8 -0.267707
6 34 0 8 -0.267947
4 13 0 8 -0.268138
38 52 0 8 -0.268610
64 94 0 8 -0.269052
33 81 0 8 -0.269294
46 58 0 8 -0.269352
5 87 0 8 -0.269637
45 68 0 8 -0.270006
67 93 0 8 -0.270156
28 42 0 8 -0.271347
3 57 0 8 -0.271849
27 35 0 8 -0.271849
90 97 0 8 -0.272501
14 36 0 8 -0.272946
1 83 0 8 -0.272965
58 67 0 8 -0.273020
17 93 0 8 -0.273261
14 32 0 8 -0.274498
62 99 0 8 -0.275031
5 41 0 8 -0.275241
48 71 0 8 -0.275399
68 98 0 8 -0.275652
28 86 0 8 -0.275660
74 81 0 8 -0.276433
38 48 0 8 -0.276481
32 58 0 8 -0.277475
17 99 0 8 -0.277954
15 96 0 8 -0.278284
2 50 0 8 -0.278291
25 46 0 8 -0.278314
55 76 0 8 -0.278365
45 66 0 8 -0.279075
11 65 0 8 -0.279231
6 96 0 8 -0.279610
42 83 0 8 -0.280500
26 34 0 8 -0.280697
4 95 0 8 -0.280766
49 98 0 8 -0.280951
13 76 0 8 -0.281249
31 46 0 8 -0.281481
28 89 0 8 -0.281982
21 98 0 8 -0.282540
43 62 0 8 -0.282568
27 76 0 8 -0.283277
47 87 0 8 -0.283291
42 78 0 8 -0.283507
37 93 0 8 -0.283520
8 95 0 8 -0.283938
6 94 0 8 -0.284102
2 87 0 8 -0.285320
64 98 0 8 -0.286000
1 76 0 8 -0.286061
30 79 0 8 -0.286141
21 28 0 8 -0.286835
13 92 0 8 -0.287086
8 90 0 8 -0.287260
77 92 0 8 -0.287551
37 87 0 8 -0.288323
3 79 0 8 -0.289014
46 78 0 8 -0.289159
38 81 0 8 -0.289784
41 94 0 8 -0.289835
34 55 0 8 -0.289928
28 35 0 8 -0.290025
69 99 0 8 -0.290173
59 98 0 8 -0.291631
2 53 0 8 -0.291743
3 49 0 8 -0.292191
9 93 0 8 -0.293002
33 99 0 8 -0.294315
12 42 0 8 -0.295911
30 46 0 8 -0.296267
52 75 0 8 -0.296269
1 67 0 8 -0.297288
72 99 0 8 -0.297842
27 98 0 8 -0.297924
8 92 0 8 -0.298365
12 67 0 8 -0.298426
15 99 0 8 -0.298538
8 27 0 8 -0.300103
15 50 0 8 -0.300971
49 65 0 8 -0.301199
41 76 0 8 -0.301503
58 63 0 8 -0.301776
16 55 0 8 -0.303061
79 98 0 8 -0.304025
56 74 0 8 -0.304957
8 74 0 8 -0.305281
23 29 0 8 -0.305535
5 58 0 8 -0.305571
66 87 0 8 -0.305780
13 96 0 8 -0.305793
12 38 0 8 -0.306084
39 59 0 8 -0.307017
46 72 0 8 -0.307530
24 68 0 8 -0.307818
69 81 0 8 -0.307983
3 92 0 8 -0.308762
2 75 0 8 -0.308796
39 58 0 8 -0.308907
35 81 0 8 -0.309278
20 94 0 8 -0.309974
15 52 0 8 -0.310065
44 73 0 8 -0.310276
1 48 0 8 -0.310568
1 86 0 8 -0.310889
5 34 0 8 -0.311193
22 67 0 8 -0.311986
46 86 0 8 -0.312027
46 80 0 8 -0.312388
80 89 0 8 -0.312429
40 50 0 8 -0.312594
4 11 0 8 -0.313473
29 38 0 8 -0.313714
37 46 0 8 -0.313751
35 68 0 8 -0.314257
83 90 0 8 -0.314594
24 94 0 8 -0.314906
10 94 0 8 -0.315867
46 68 0 8 -0.316169
11 81 0 8 -0.316244
30 94 0 8 -0.316661
10 57 0 8 -0.316932
25 42 0 8 -0.317219
82 99 0 8 -0.317513
54 66 0 8 -0.318431
25 99 0 8 -0.318643
12 23 0 8 -0.318853
1 26 0 8 -0.318923
6 77 0 8 -0.318986
47 99 0 8 -0.319394
4 71 0 8 -0.319454
77 98 0 8 -0.320610
6 43 0 8 -0.321415
53 99 0 8 -0.321455
1 11 0 8 -0.321550
74 82 0 8 -0.321956
6 68 0 8 -0.322378
27 58 0 8 -0.322621
35 85 0 8 -0.322627
28 99 0 8 -0.323900
39 96 0 8 -0.324034
36 87 0 8 -0.324140
40 74 0 8 -0.324228
67 90 0 8 -0.324352
50 97 0 8 -0.325270
23 99 0 8 -0.325712
80 91 0 8 -0.326190
4 87 0 8 -0.326303
1 70 0 8 -0.326439
83 94 0 8 -0.326468
70 85 0 8 -0.327369
40 51 0 8 -0.327532
3 27 0 8 -0.328286
56 62 0 8 -0.328848
38 95 0 8 -0.329141
78 96 0 8 -0.329688
40 54 0 8 -0.330043
58 88 0 8 -0.330788
42 88 0 8 -0.331060
69 85 0 8 -0.331313
68 99 0 8 -0.331591
35 80 0 8 -0.331613
62 84 0 8 -0.332229
49 95 0 8 -0.332509
39 84 0 8 -0.332593
1 89 0 8 -0.332660
4 29 0 8 -0.333413
46 89 0 8 -0.334548
30 44 0 8 -0.334711
55 96 0 8 -0.334808
70 84 0 8 -0.334992
7 73 0 8 -0.335216
66 74 0 8 -0.336106
4 78 0 8 -0.336315
71 98 0 8 -0.336462
81 90 0 8 -0.337481
55 94 0 8 -0.337669
24 53 0 8 -0.338129
44 63 0 8 -0.338321
72 81 0 8 -0.338469
40 64 0 8 -0.338668
59 75 0 8 -0.338709
18 33 0 8 -0.338710
8 40 0 8 -0.338840
8 41 0 8 -0.338964
48 62 0 8 -0.339376
37 94 0 8 -0.339390
65 94 0 8 -0.340785
65 76 0 8 -0.340996
47 60 0 8 -0.341063
33 97 0 8 -0.341752
4 74 0 8 -0.343480
6 16 0 8 -0.343751
13 46 0 8 -0.343772
65 99 0 8 -0.344582
2 44 0 8 -0.344706
32 59 0 8 -0.344982
86 93 0 8 -0.345128
46 73 0 8 -0.345609
8 46 0 8 -0.345873
37 83 0 8 -0.345984
57 62 0 8 -0.346765
2 92 0 8 -0.347295
1 8 0 8 -0.348533
17 91 0 8 -0.349079
43 55 0 8 -0.350438
23 61 0 8 -0.351230
31 99 0 8 -0.351262
2 21 0 8 -0.352243
23 97 0 8 -0.353010
78 88 0 8 -0.353716
59 78 0 8 -0.354368
58 87 0 8 -0.354510
21 97 0 8 -0.354842
34 75 0 8 -0.355811
51 94 0 8 -0.356208
31 44 0 8 -0.356742
61 92 0 8 -0.356752
78 99 0 8 -0.356886
31 66 0 8 -0.356971
58 98 0 8 -0.357372
46 74 0 8 -0.358388
21 92 0 8 -0.358788
12 66 0 8 -0.359040
21 84 0 8 -0.359388
37 73 0 8 -0.361647
71 99 0 8 -0.362291
18 41 0 8 -0.362631
7 23 0 8 -0.362879
18 93 0 8 -0.363437
20 98 0 8 -0.364062
47 70 0 8 -0.364232
14 60 0 8 -0.365626
2 23 0 8 -0.366060
19 46 0 8 -0.366444
1 15 0 8 -0.367023
19 94 0 8 -0.367524
69 96 0 8 -0.368264
26 92 0 8 -0.368623
1 12 0 8 -0.368936
42 60 0 8 -0.369333
1 84 0 8 -0.370188
85 91 0 8 -0.370469
25 58 0 8 -0.370471
46 85 0 8 -0.370722
17 88 0 8 -0.371547
36 89 0 8 -0.372515
4 26 0 8 -0.373345
19 49 0 8 -0.373981
26 83 0 8 -0.374040
54 82 0 8 -0.374154
73 95 0 8 -0.374651
5 35 0 8 -0.374697
21 46 0 8 -0.375003
4 27 0 8 -0.375072
38 87 0 8 -0.375517
16 87 0 8 -0.375563
23 70 0 8 -0.375646
28 79 0 8 -0.375812
1 50 0 8 -0.376918
32 95 0 8 -0.377885
3 97 0 8 -0.378742
24 31 0 8 -0.378871
24 46 0 8 -0.378931
37 55 0 8 -0.380315
2 51 0 8 -0.380552
51 87 0 8 -0.380872
1 18 0 8 -0.382199
47 73 0 8 -0.383031
4 44 0 8 -0.383358
20 28 0 8 -0.383675
23 94 0 8 -0.383704
14 27 0 8 -0.383788
79 94 0 8 -0.383880
14 75 0 8 -0.385580
65 81 0 8 -0.385641
42 73 0 8 -0.385758
46 82 0 8 -0.386011
2 89 0 8 -0.386162
14 78 0 8 -0.387091
6 67 0 8 -0.387224
47 98 0 8 -0.387455
20 76 0 8 -0.389429
20 57 0 8 -0.389738
71 93 0 8 -0.389925
11 70 0 8 -0.391196
18 48 0 8 -0.391252
1 71 0 8 -0.391485
75 90 0 8 -0.393475
14 37 0 8 -0.393809
14 57 0 8 -0.394786
52 92 0 8 -0.395043
27 54 0 8 -0.395249
50 69 0 8 -0.395629
20 83 0 8 -0.396328
57 97 0 8 -0.396380
63 99 0 8 -0.396475
4 45 0 8 -0.396492
47 57 0 8 -0.396508
36 57 0 8 -0.396792
27 79 0 8 -0.396825
14 66 0 8 -0.397313
4 55 0 8 -0.397642
21 74 0 8 -0.397652
3 45 0 8 -0.397770
48 93 0 8 -0.398943
54 72 0 8 -0.399319
17 32 0 8 -0.401142
84 95 0 8 -0.401550
53 88 0 8 -0.401644
56 89 0 8 -0.402064
3 96 0 8 -0.402406
34 87 0 8 -0.402646
13 35 0 8 -0.402780
41 83 0 8 -0.402869
20 88 0 8 -0.403006
1 28 0 8 -0.403302
26 55 0 8 -0.403517
15 79 0 8 -0.403654
46 51 0 8 -0.403804
1 72 0 8 -0.403919
27 43 0 8 -0.405040
8 44 0 8 -0.406253
16 93 0 8 -0.406287
41 95 0 8 -0.407013
76 97 0 8 -0.407425
16 54 0 8 -0.407528
73 99 0 8 -0.407836
2 40 0 8 -0.408117
17 52 0 8 -0.408226
8 69 0 8 -0.408360
21 96 0 8 -0.408693
12 84 0 8 -0.409329
10 37 0 8 -0.410242
1 47 0 8 -0.411118
1 56 0 8 -0.411317
11 86 0 8 -0.411939
46 67 0 8 -0.412000
37 68 0 8 -0.412576
75 99 0 8 -0.413243
44 56 0 8 -0.413584
36 80 0 8 -0.414971
34 85 0 8 -0.415108
7 93 0 8 -0.415370
35 41 0 8 -0.416461
76 83 0 8 -0.416644
49 73 0 8 -0.417120
1 32 0 8 -0.417271
12 46 0 8 -0.418168
42 98 0 8 -0.418282
62 88 0 8 -0.418990
54 98 0 8 -0.419098
16 95 0 8 -0.419314
31 94 0 8 -0.420185
16 89 0 8 -0.420189
33 87 0 8 -0.421399
19 28 0 8 -0.421637
70 98 0 8 -0.423183
42 71 0 8 -0.424143
53 98 0 8 -0.424288
12 35 0 8 -0.424436
28 87 0 8 -0.424994
1 21 0 8 -0.426038
5 76 0 8 -0.427288
43 60 0 8 -0.427392
13 87 0 8 -0.427996
10 96 0 8 -0.428248
18 46 0 8 -0.429642
60 98 0 8 -0.429723
3 15 0 8 -0.431012
38 47 0 8 -0.431621
40 87 0 8 -0.432129
29 71 0 8 -0.434249
12 54 0 8 -0.434392
22 54 0 8 -0.434482
6 13 0 8 -0.435032
31 60 0 8 -0.435083
2 65 0 8 -0.435622
41 86 0 8 -0.435698
7 16 0 8 -0.436064
15 46 0 8 -0.436624
63 69 0 8 -0.437362
1 19 0 8 -0.438297
85 97 0 8 -0.438321
35 97 0 8 -0.438375
45 90 0 8 -0.438651
20 31 0 8 -0.438843
9 97 0 8 -0.439223
47 82 0 8 -0.439706
10 69 0 8 -0.439894
35 57 0 8 -0.440554
17 46 0 8 -0.440586
23 87 0 8 -0.440978
14 46 0 8 -0.441089
21 27 0 8 -0.441133
52 91 0 8 -0.441475
29 34 0 8 -0.441985
28 48 0 8 -0.441990
67 77 0 8 -0.442999
46 55 0 8 -0.443864
55 84 0 8 -0.444011
37 99 0 8 -0.444298
4 35 0 8 -0.444342
12 59 0 8 -0.444376
14 34 0 8 -0.444423
14 96 0 8 -0.445341
39 85 0 8 -0.445880
18 70 0 8 -0.446133
10 91 0 8 -0.446232
1 75 0 8 -0.446543
10 20 0 8 -0.446709
61 91 0 8 -0.446837
37 64 0 8 -0.447102
6 28 0 8 -0.447385
7 40 0 8 -0.447503
7 87 0 8 -0.447980
5 12 0 8 -0.448474
47 64 0 8 -0.448496
26 42 0 8 -0.448756
66 91 0 8 -0.448937
46 75 0 8 -0.449077
8 24 0 8 -0.449619
78 98 0 8 -0.449656
81 98 0 8 -0.449759
40 99 0 8 -0.449891
79 86 0 8 -0.450589
23 77 0 8 -0.450683
22 38 0 8 -0.450810
43 48 0 8 -0.450969
58 91 0 8 -0.451632
7 89 0 8 -0.451673
19 88 0 8 -0.452079
50 96 0 8 -0.452259
2 86 0 8 -0.452352
23 68 0 8 -0.452670
78 95 0 8 -0.452825
15 53 0 8 -0.452949
7 24 0 8 -0.454013
6 57 0 8 -0.455262
5 88 0 8 -0.455355
17 69 0 8 -0.456156
49 89 0 8 -0.456622
3 53 0 8 -0.456809
59 94 0 8 -0.457416
5 75 0 8 -0.458583
8 76 0 8 -0.459017
6 90 0 8 -0.459296
15 33 0 8 -0.459715
69 97 0 8 -0.460582
47 90 0 8 -0.460851
44 77 0 8 -0.461253
15 57 0 8 -0.462288
1 63 0 8 -0.462410
35 44 0 8 -0.462912
40 61 0 8 -0.463561
16 25 0 8 -0.463786
7 15 0 8 -0.464024
46 63 0 8 -0.465035
3 44 0 8 -0.466062
55 70 0 8 -0.466130
40 85 0 8 -0.466503
39 75 0 8 -0.466879
38 84 0 8 -0.467225
22 98 0 8 -0.467467
10 73 0 8 -0.467550
40 53 0 8 -0.467774
64 97 0 8 -0.468208
6 59 0 8 -0.468302
46 65 0 8 -0.468668
46 62 0 8 -0.468999
11 22 0 8 -0.469207
41 91 0 8 -0.469247
9 82 0 8 -0.470272
52 63 0 8 -0.470652
35 67 0 8 -0.470915
20 79 0 8 -0.471348
27 94 0 8 -0.472071
25 71 0 8 -0.473530
33 73 0 8 -0.473722
57 87 0 8 -0.473967
34 69 0 8 -0.474055
42 94 0 8 -0.475064
3 37 0 8 -0.475331
41 78 0 8 -0.475425
36 58 0 8 -0.476065
7 34 0 8 -0.476127
57 88 0 8 -0.476269
6 23 0 8 -0.477397
27 96 0 8 -0.477690
39 48 0 8 -0.477984
37 57 0 8 -0.478301
16 46 0 8 -0.478362
19 70 0 8 -0.479241
8 97 0 8 -0.479277
44 86 0 8 -0.479613
39 46 0 8 -0.479793
42 95 0 8 -0.480174
11 98 0 8 -0.480382
77 93 0 8 -0.480493
23 81 0 8 -0.480695
3 78 0 8 -0.480811
5 93 0 8 -0.481137
19 73 0 8 -0.481217
70 90 0 8 -0.482403
33 90 0 8 -0.483159
5 83 0 8 -0.483343
21 72 0 8 -0.483566
53 94 0 8 -0.483882
6 88 0 8 -0.483883
44 59 0 8 -0.484149
22 46 0 8 -0.484544
39 81 0 8 -0.485949
56 82 0 8 -0.486455
25 78 0 8 -0.487069
55 81 0 8 -0.487314
30 88 0 8 -0.487431
6 49 0 8 -0.487839
22 58 0 8 -0.487987
46 56 0 8 -0.488168
19 64 0 8 -0.488838
45 86 0 8 -0.490248
84 98 0 8 -0.490639
41 77 0 8 -0.491774
10 23 0 8 -0.493522
68 87 0 8 -0.493770
33 94 0 8 -0.494754
4 42 0 8 -0.496350
81 94 0 8 -0.496415
15 39 0 8 -0.496480
70 93 0 8 -0.496662
38 82 0 8 -0.496713
32 93 0 8 -0.496921
7 84 0 8 -0.497430
35 45 0 8 -0.497884
35 83 0 8 -0.498297
33 47 0 8 -0.498477
44 65 0 8 -0.499122
1 45 0 8 -0.499645
56 63 0 8 -0.499669
5 62 0 8 -0.500495
17 98 0 8 -0.500584
24 72 0 8 -0.502011
9 88 0 8 -0.502185
64 86 0 8 -0.503342
16 29 0 8 -0.503408
35 49 0 8 -0.503705
22 90 0 8 -0.503992
47 77 0 8 -0.504449
15 51 0 8 -0.504925
36 75 0 8 -0.505549
9 25 0 8 -0.505549
22 29 0 8 -0.505553
63 72 0 8 -0.505849
11 43 0 8 -0.506008
11 97 0 8 -0.506119
1 30 0 8 -0.506369
11 72 0 8 -0.506758
4 18 0 8 -0.506805
6 82 0 8 -0.506998
34 90 0 8 -0.507076
56 92 0 8 -0.507320
33 41 0 8 -0.507535
19 61 0 8 -0.508422
84 93 0 8 -0.508525
46 59 0 8 -0.508695
23 76 0 8 -0.508822
12 89 0 8 -0.508995
76 96 0 8 -0.509455
42 52 0 8 -0.510905
9 47 0 8 -0.511044
60 75 0 8 -0.511051
40 90 0 8 -0.511172
41 72 0 8 -0.511347
44 68 0 8 -0.511797
3 20 0 8 -0.512161
4 79 0 8 -0.512183
9 27 0 8 -0.512381
16 33 0 8 -0.513074
6 22 0 8 -0.513608
57 92 0 8 -0.513771
13 91 0 8 -0.513988
14 41 0 8 -0.514216
2 63 0 8 -0.514501
41 88 0 8 -0.514537
21 94 0 8 -0.514865
56 95 0 8 -0.515060
4 16 0 8 -0.515759
71 85 0 8 -0.516178
35 56 0 8 -0.516857
69 80 0 8 -0.517116
24 61 0 8 -0.517772
7 54 0 8 -0.518465
16 65 0 8 -0.519876
6 29 0 8 -0.521019
1 51 0 8 -0.522094
54 74 0 8 -0.522459
22 86 0 8 -0.522557
26 77 0 8 -0.522977
54 90 0 8 -0.522998
23 31 0 8 -0.523182
33 54 0 8 -0.523726
13 97 0 8 -0.523940
48 81 0 8 -0.524049
39 65 0 8 -0.524128
61 97 0 8 -0.524497
47 72 0 8 -0.524772
42 77 0 8 -0.525384
12 22 0 8 -0.525773
3 30 0 8 -0.526409
35 70 0 8 -0.527576
2 33 0 8 -0.528311
39 54 0 8 -0.528477
33 82 0 8 -0.529026
30 96 0 8 -0.529130
20 45 0 8 -0.530127
67 85 0 8 -0.530488
67 98 0 8 -0.530514
52 66 0 8 -0.530545
44 54 0 8 -0.530788
15 91 0 8 -0.532245
10 55 0 8 -0.533543
26 97 0 8 -0.534044
24 37 0 8 -0.535134
53 86 0 8 -0.535646
70 96 0 8 -0.536363
24 57 0 8 -0.536663
38 94 0 8 -0.537462
15 34 0 8 -0.537747
59 71 0 8 -0.539158
13 61 0 8 -0.539421
18 92 0 8 -0.540352
3 91 0 8 -0.540679
42 70 0 8 -0.540942
37 97 0 8 -0.542320
3 31 0 8 -0.543034
50 87 0 8 -0.543039
58 97 0 8 -0.543139
14 97 0 8 -0.543568
32 39 0 8 -0.543881
61 67 0 8 -0.544388
12 79 0 8 -0.544645
73 84 0 8 -0.544915
63 98 0 8 -0.545228
35 88 0 8 -0.546140
60 80 0 8 -0.546888
42 55 0 8 -0.547451
41 68 0 8 -0.547482
54 61 0 8 -0.547755
30 89 0 8 -0.547906
68 92 0 8 -0.548097
6 89 0 8 -0.548256
50 98 0 8 -0.548565
86 91 0 8 -0.548662
3 35 0 8 -0.549130
19 75 0 8 -0.550033
27 72 0 8 -0.550430
47 62 0 8 -0.550777
2 31 0 8 -0.551421
59 86 0 8 -0.551709
13 68 0 8 -0.551927
9 81 0 8 -0.551993
36 93 0 8 -0.552150
43 87 0 8 -0.552333
67 87 0 8 -0.553011
49 97 0 8 -0.553081
28 72 0 8 -0.554309
70 97 0 8 -0.555245
6 15 0 8 -0.555554
13 83 0 8 -0.556708
11 67 0 8 -0.556742
56 88 0 8 -0.556923
72 80 0 8 -0.556944
41 93 0 8 -0.557190
42 53 0 8 -0.557717
13 73 0 8 -0.558124
20 42 0 8 -0.558562
34 44 0 8 -0.559839
3 59 0 8 -0.560678
65 87 0 8 -0.560809
53 62 0 8 -0.561346
40 56 0 8 -0.561703
2 58 0 8 -0.562356
81 96 0 8 -0.562399
2 91 0 8 -0.562474
37 95 0 8 -0.562529
64 79 0 8 -0.563226
6 69 0 8 -0.563322
79 95 0 8 -0.563544
48 65 0 8 -0.563870
66 83 0 8 -0.564437
19 98 0 8 -0.565192
60 97 0 8 -0.566113
15 73 0 8 -0.566644
80 93 0 8 -0.566719
6 30 0 8 -0.566944
39 56 0 8 -0.566959
4 91 0 8 -0.567999
30 50 0 8 -0.568403
20 34 0 8 -0.569835
21 67 0 8 -0.570436
82 95 0 8 -0.570666
34 92 0 8 -0.571056
39 91 0 8 -0.571451
36 60 0 8 -0.571898
13 66 0 8 -0.572327
25 98 0 8 -0.572572
49 64 0 8 -0.574619
2 28 0 8 -0.574687
8 71 0 8 -0.575849
71 97 0 8 -0.575993
48 96 0 8 -0.576277
69 76 0 8 -0.576332
9 67 0 8 -0.576482
10 18 0 8 -0.577137
31 93 0 8 -0.577482
65 83 0 8 -0.577561
20 97 0 8 -0.578853
2 52 0 8 -0.579224
2 34 0 8 -0.579516
56 77 0 8 -0.579800
32 44 0 8 -0.580346
3 55 0 8 -0.580806
25 84 0 8 -0.581160
24 80 0 8 -0.581342
29 92 0 8 -0.581444
57 66 0 8 -0.581844
50 80 0 8 -0.582676
19 51 0 8 -0.583082
36 78 0 8 -0.585245
62 98 0 8 -0.585318
19 37 0 8 -0.585588
66 94 0 8 -0.585623
61 80 0 8 -0.586463
60 83 0 8 -0.586766
30 49 0 8 -0.587188
84 91 0 8 -0.588423
22 79 0 8 -0.588483
5 89 0 8 -0.588581
20 74 0 8 -0.588715
52 95 0 8 -0.589116
38 51 0 8 -0.589117
76 88 0 8 -0.589195
59 87 0 8 -0.589651
40 58 0 8 -0.589671
9 22 0 8 -0.590400
22 77 0 8 -0.590673
33 57 0 8 -0.590872
73 80 0 8 -0.591844
2 74 0 8 -0.591875
86 97 0 8 -0.593111
13 49 0 8 -0.593293
61 69 0 8 -0.593426
48 56 0 8 -0.593520
75 93 0 8 -0.594229
47 75 0 8 -0.594895
31 92 0 8 -0.595048
5 52 0 8 -0.595956
34 81 0 8 -0.596107
26 47 0 8 -0.596186
47 76 0 8 -0.596382
38 60 0 8 -0.597812
10 58 0 8 -0.600667
51 74 0 8 -0.602027
69 77 0 8 -0.602345
7 38 0 8 -0.602446
43 75 0 8 -0.602687
10 87 0 8 -0.602722
59 68 0 8 -0.603247
59 74 0 8 -0.603343
19 81 0 8 -0.603403
45 97 0 8 -0.603874
15 20 0 8 -0.604649
4 34 0 8 -0.605022
62 93 0 8 -0.605306
41 92 0 8 -0.608280
22 65 0 8 -0.608329
60 68 0 8 -0.608333
9 95 0 8 -0.608729
5 81 0 8 -0.609374
40 70 0 8 -0.609601
40 98 0 8 -0.610007
77 88 0 8 -0.610063
33 62 0 8 -0.612364
53 68 0 8 -0.612587
2 62 0 8 -0.613039
19 71 0 8 -0.613788
50 94 0 8 -0.614131
25 95 0 8 -0.614201
2 84 0 8 -0.614444
36 55 0 8 -0.616537
31 67 0 8 -0.617222
28 44 0 8 -0.617432
22 74 0 8 -0.618517
20 86 0 8 -0.619305
26 58 0 8 -0.619594
16 39 0 8 -0.619625
6 55 0 8 -0.621473
32 80 0 8 -0.621954
42 58 0 8 -0.621960
6 56 0 8 -0.623843
22 60 0 8 -0.624459
25 69 0 8 -0.624780
59 97 0 8 -0.625048
11 94 0 8 -0.625159
71 89 0 8 -0.625346
64 84 0 8 -0.625378
30 86 0 8 -0.625742
2 14 0 8 -0.625817
61 72 0 8 -0.625903
23 28 0 8 -0.626902
29 45 0 8 -0.627148
52 57 0 8 -0.627641
33 96 0 8 -0.627669
44 57 0 8 -0.627780
74 90 0 8 -0.628161
63 97 0 8 -0.629779
21 70 0 8 -0.629915
2 85 0 8 -0.630071
13 41 0 8 -0.630346
27 89 0 8 -0.630427
11 44 0 8 -0.630607
30 54 0 8 -0.631002
55 89 0 8 -0.632518
21 35 0 8 -0.632573
10 26 0 8 -0.633370
38 79 0 8 -0.633471
24 42 0 8 -0.635020
18 72 0 8 -0.635361
2 16 0 8 -0.636290
39 90 0 8 -0.636572
76 90 0 8 -0.637581
44 71 0 8 -0.637612
27 56 0 8 -0.638245
35 51 0 8 -0.639813
50 61 0 8 -0.639875
68 86 0 8 -0.640148
58 92 0 8 -0.640225
47 92 0 8 -0.640385
52 62 0 8 -0.640425
11 39 0 8 -0.640442
40 77 0 8 -0.640769
42 91 0 8 -0.641787
9 56 0 8 -0.641995
49 72 0 8 -0.644974
74 97 0 8 -0.646032
6 84 0 8 -0.646179
83 95 0 8 -0.646588
77 89 0 8 -0.647878
44 69 0 8 -0.648468
67 81 0 8 -0.649324
45 92 0 8 -0.650005
74 95 0 8 -0.650421
70 95 0 8 -0.653648
9 48 0 8 -0.653717
55 95 0 8 -0.654695
8 94 0 8 -0.655145
29 84 0 8 -0.655610
5 67 0 8 -0.656178
11 89 0 8 -0.656298
53 92 0 8 -0.657148
62 83 0 8 -0.657232
34 97 0 8 -0.657256
13 24 0 8 -0.657326
10 44 0 8 -0.657933
69 87 0 8 -0.658017
40 92 0 8 -0.658389
16 48 0 8 -0.660187
2 32 0 8 -0.660378
61 95 0 8 -0.661594
4 90 0 8 -0.662028
28 57 0 8 -0.662438
20 41 0 8 -0.662603
29 37 0 8 -0.664680
54 68 0 8 -0.664814
50 75 0 8 -0.664851
13 55 0 8 -0.665089
21 87 0 8 -0.668135
11 25 0 8 -0.668681
29 54 0 8 -0.669734
11 93 0 8 -0.671554
34 96 0 8 -0.671688
3 19 0 8 -0.672592
25 90 0 8 -0.672851
8 67 0 8 -0.673090
28 97 0 8 -0.673330
74 79 0 8 -0.673409
15 76 0 8 -0.673698
7 47 0 8 -0.674492
58 93 0 8 -0.674800
17 25 0 8 -0.675289
56 91 0 8 -0.675819
32 94 0 8 -0.675871
30 43 0 8 -0.676158
63 91 0 8 -0.676489
79 96 0 8 -0.676751
26 75 0 8 -0.677054
5 64 0 8 -0.677964
12 86 0 8 -0.678197
10 51 0 8 -0.678511
68 91 0 8 -0.679657
44 55 0 8 -0.680172
23 55 0 8 -0.681026
19 66 0 8 -0.681112
6 81 0 8 -0.681119
4 59 0 8 -0.684029
8 91 0 8 -0.684071
60 79 0 8 -0.684966
9 44 0 8 -0.685100
8 34 0 8 -0.685417
13 33 0 8 -0.685913
20 47 0 8 -0.686635
73 82 0 8 -0.687196
63 84 0 8 -0.687297
61 84 0 8 -0.688255
17 51 0 8 -0.688323
83 92 0 8 -0.690210
51 89 0 8 -0.691482
12 20 0 8 -0.691894
13 81 0 8 -0.692506
8 26 0 8 -0.693058
17 90 0 8 -0.693309
34 71 0 8 -0.694230
65 90 0 8 -0.694344
11 68 0 8 -0.695474
10 24 0 8 -0.695792
12 34 0 8 -0.696219
31 39 0 8 -0.697670
34 56 0 8 -0.697936
35 86 0 8 -0.698102
33 49 0 8 -0.701347
4 22 0 8 -0.701459
3 10 0 8 -0.701712
6 72 0 8 -0.701993
7 33 0 8 -0.702276
55 92 0 8 -0.702287
25 55 0 8 -0.702777
33 65 0 8 -0.703081
39 92 0 8 -0.703725
24 59 0 8 -0.705958
25 52 0 8 -0.706005
24 69 0 8 -0.706674
57 67 0 8 -0.706762
7 92 0 8 -0.707489
21 82 0 8 -0.708068
82 97 0 8 -0.708084
49 80 0 8 -0.709146
25 94 0 8 -0.709500
62 86 0 8 -0.710528
25 79 0 8 -0.710871
65 95 0 8 -0.711348
26 44 0 8 -0.711874
6 33 0 8 -0.712699
20 40 0 8 -0.712746
36 85 0 8 -0.713442
21 58 0 8 -0.713555
89 94 0 8 -0.714063
67 92 0 8 -0.714215
17 96 0 8 -0.715784
14 67 0 8 -0.718702
17 78 0 8 -0.719201
38 97 0 8 -0.719714
33 85 0 8 -0.719754
60 72 0 8 -0.721170
3 16 0 8 -0.721781
57 83 0 8 -0.722179
58 82 0 8 -0.722748
4 50 0 8 -0.723429
10 88 0 8 -0.724738
65 96 0 8 -0.725113
47 97 0 8 -0.725793
43 93 0 8 -0.725927
16 96 0 8 -0.726314
6 58 0 8 -0.726923
2 25 0 8 -0.727626
17 59 0 8 -0.728302
41 55 0 8 -0.728878
62 81 0 8 -0.729071
17 67 0 8 -0.729786
71 86 0 8 -0.729893
51 63 0 8 -0.730694
20 75 0 8 -0.730751
11 73 0 8 -0.731005
68 84 0 8 -0.731313
61 71 0 8 -0.731581
73 97 0 8 -0.732813
42 62 0 8 -0.733513
8 64 0 8 -0.734337
21 59 0 8 -0.735469
55 74 0 8 -0.736022
56 81 0 8 -0.736260
19 96 0 8 -0.736350
18 40 0 8 -0.736820
7 42 0 8 -0.736920
25 47 0 8 -0.736924
37 63 0 8 -0.737736
35 62 0 8 -0.737746
3 9 0 8 -0.738011
70 86 0 8 -0.738405
50 65 0 8 -0.738454
8 25 0 8 -0.738728
14 39 0 8 -0.739455
29 59 0 8 -0.740274
9 30 0 8 -0.740641
55 77 0 8 -0.741948
13 52 0 8 -0.742176
68 76 0 8 -0.742265
26 50 0 8 -0.742460
5 73 0 8 -0.743523
23 89 0 8 -0.743876
21 71 0 8 -0.744934
19 79 0 8 -0.745571
6 63 0 8 -0.745775
13 86 0 8 -0.745838
67 95 0 8 -0.745843
9 63 0 8 -0.745959
52 93 0 8 -0.745979
8 52 0 8 -0.746249
26 62 0 8 -0.746267
56 96 0 8 -0.746508
70 80 0 8 -0.748055
5 47 0 8 -0.748474
65 97 0 8 -0.748711
34 79 0 8 -0.749152
32 69 0 8 -0.749272
41 56 0 8 -0.749729
55 83 0 8 -0.750712
38 44 0 8 -0.751134
32 83 0 8 -0.751164
21 50 0 8 -0.751467
13 45 0 8 -0.754248
13 85 0 8 -0.755023
11 18 0 8 -0.755501
33 39 0 8 -0.755795
20 78 0 8 -0.756022
6 36 0 8 -0.756072
17 70 0 8 -0.756960
32 38 0 8 -0.759660
72 87 0 8 -0.759752
44 64 0 8 -0.759764
20 29 0 8 -0.760299
13 36 0 8 -0.760488
45 62 0 8 -0.760526
66 86 0 8 -0.760699
24 58 0 8 -0.760828
18 26 0 8 -0.761537
51 80 0 8 -0.762541
20 85 0 8 -0.762938
27 42 0 8 -0.763385
42 51 0 8 -0.763443
38 93 0 8 -0.763958
51 62 0 8 -0.764692
8 89 0 8 -0.764917
5 39 0 8 -0.765267
35 95 0 8 -0.765614
12 94 0 8 -0.765667
12 74 0 8 -0.766671
75 87 0 8 -0.766685
44 76 0 8 -0.767301
37 82 0 8 -0.769839
16 91 0 8 -0.770246
20 38 0 8 -0.770414
25 36 0 8 -0.772616
12 88 0 8 -0.773091
38 70 0 8 -0.773882
48 89 0 8 -0.773937
43 96 0 8 -0.774520
41 87 0 8 -0.775127
11 20 0 8 -0.776739
17 57 0 8 -0.778362
11 38 0 8 -0.780790
31 57 0 8 -0.781115
17 61 0 8 -0.781200
17 80 0 8 -0.781609
38 76 0 8 -0.782042
43 69 0 8 -0.782437
20 50 0 8 -0.784672
53 76 0 8 -0.785058
16 81 0 8 -0.786630
79 91 0 8 -0.786807
3 41 0 8 -0.787937
3 68 0 8 -0.788138
45 67 0 8 -0.788901
23 82 0 8 -0.789019
53 82 0 8 -0.789366
49 93 0 8 -0.789422
68 90 0 8 -0.789712
31 90 0 8 -0.790000
50 72 0 8 -0.790025
89 97 0 8 -0.790192
23 93 0 8 -0.790466
25 86 0 8 -0.791528
5 56 0 8 -0.791880
22 62 0 8 -0.793173
53 79 0 8 -0.793921
2 47 0 8 -0.793936
58 69 0 8 -0.794234
54 93 0 8 -0.795078
6 71 0 8 -0.795202
18 94 0 8 -0.795415
7 68 0 8 -0.796288
15 69 0 8 -0.796394
47 52 0 8 -0.796537
28 62 0 8 -0.798030
7 96 0 8 -0.798094
14 79 0 8 -0.798482
58 86 0 8 -0.800008
57 74 0 8 -0.800638
38 80 0 8 -0.802081
2 15 0 8 -0.803105
3 28 0 8 -0.804476
3 38 0 8 -0.805773
61 88 0 8 -0.806021
39 61 0 8 -0.806878
44 78 0 8 -0.807749
17 68 0 8 -0.808097
25 44 0 8 -0.808687
67 88 0 8 -0.808937
4 30 0 8 -0.810026
26 45 0 8 -0.810866
54 63 0 8 -0.811540
3 43 0 8 -0.812030
64 73 0 8 -0.812976
23 75 0 8 -0.813316
19 40 0 8 -0.815150
64 87 0 8 -0.815193
20 33 0 8 -0.817515
12 43 0 8 -0.817658
15 78 0 8 -0.817914
83 96 0 8 -0.818004
39 88 0 8 -0.818904
14 87 0 8 -0.819189
5 60 0 8 -0.819754
54 88 0 8 -0.820024
42 49 0 8 -0.820202
78 93 0 8 -0.820300
2 56 0 8 -0.820410
19 62 0 8 -0.820870
18 79 0 8 -0.820893
28 71 0 8 -0.822032
6 12 0 8 -0.822235
23 83 0 8 -0.822674
59 76 0 8 -0.822676
9 87 0 8 -0.823450
23 67 0 8 -0.823902
3 69 0 8 -0.823952
14 44 0 8 -0.826473
78 86 0 8 -0.826524
41 84 0 8 -0.826763
16 88 0 8 -0.826889
4 47 0 8 -0.827637
9 18 0 8 -0.827952
7 86 0 8 -0.829553
38 85 0 8 -0.830190
2 72 0 8 -0.830522
31 83 0 8 -0.830815
34 88 0 8 -0.830846
38 45 0 8 -0.832050
45 52 0 8 -0.832646
10 40 0 8 -0.832785
12 78 0 8 -0.833300
10 63 0 8 -0.834328
24 74 0 8 -0.834360
24 50 0 8 -0.835253
19 24 0 8 -0.835271
31 84 0 8 -0.837143
48 72 0 8 -0.837180
31 81 0 8 -0.837519
51 65 0 8 -0.838278
39 87 0 8 -0.839263
65 93 0 8 -0.839557
40 91 0 8 -0.840122
7 29 0 8 -0.840960
9 41 0 8 -0.843187
2 60 0 8 -0.843393
12 90 0 8 -0.843609
33 80 0 8 -0.843740
50 60 0 8 -0.844867
16 68 0 8 -0.844998
20 64 0 8 -0.846420
27 37 0 8 -0.847165
53 75 0 8 -0.848287
53 93 0 8 -0.848403
15 35 0 8 -0.848506
76 86 0 8 -0.849024
33 44 0 8 -0.849324
2 76 0 8 -0.849609
27 65 0 8 -0.850030
52 67 0 8 -0.850400
60 76 0 8 -0.850487
68 97 0 8 -0.851125
11 27 0 8 -0.852466
48 90 0 8 -0.854334
8 55 0 8 -0.854407
3 40 0 8 -0.854576
57 70 0 8 -0.855194
20 36 0 8 -0.855726
75 95 0 8 -0.856557
24 91 0 8 -0.856725
32 79 0 8 -0.858041
4 40 0 8 -0.858471
48 59 0 8 -0.858523
26 36 0 8 -0.858558
17 50 0 8 -0.860945
52 89 0 8 -0.861391
55 85 0 8 -0.863666
39 80 0 8 -0.863735
5 53 0 8 -0.864113
51 77 0 8 -0.864505
15 43 0 8 -0.864819
69 89 0 8 -0.865486
23 92 0 8 -0.865540
7 95 0 8 -0.865701
61 70 0 8 -0.866343
12 44 0 8 -0.866447
49 58 0 8 -0.867615
27 70 0 8 -0.867646
7 91 0 8 -0.867706
32 74 0 8 -0.868784
44 67 0 8 -0.870243
7 94 0 8 -0.871690
39 64 0 8 -0.871692
24 47 0 8 -0.872125
3 47 0 8 -0.872551
48 87 0 8 -0.872578
28 66 0 8 -0.872827
2 48 0 8 -0.872946
30 67 0 8 -0.873101
71 96 0 8 -0.873443
19 83 0 8 -0.873460
68 96 0 8 -0.873527
50 74 0 8 -0.874736
63 87 0 8 -0.876351
16 79 0 8 -0.876409
57 84 0 8 -0.876674
11 58 0 8 -0.877641
43 68 0 8 -0.879331
22 39 0 8 -0.879426
54 84 0 8 -0.881816
8 58 0 8 -0.882015
6 47 0 8 -0.883651
52 79 0 8 -0.885261
8 75 0 8 -0.885263
68 94 0 8 -0.886073
36 92 0 8 -0.886783
28 36 0 8 -0.887456
80 95 0 8 -0.892009
13 20 0 8 -0.892398
33 70 0 8 -0.893291
41 47 0 8 -0.893844
19 86 0 8 -0.894375
14 62 0 8 -0.894490
49 91 0 8 -0.895882
7 58 0 8 -0.896281
61 79 0 8 -0.896430
32 96 0 8 -0.896773
20 65 0 8 -0.896867
9 53 0 8 -0.897106
36 63 0 8 -0.897762
54 91 0 8 -0.897768
43 74 0 8 -0.899044
54 76 0 8 -0.899548
43 65 0 8 -0.899680
26 65 0 8 -0.900459
64 80 0 8 -0.902139
34 77 0 8 -0.902295
50 57 0 8 -0.902802
44 89 0 8 -0.903136
28 77 0 8 -0.903309
19 82 0 8 -0.903488
29 68 0 8 -0.903588
40 49 0 8 -0.904031
33 75 0 8 -0.905670
27 63 0 8 -0.905791
41 57 0 8 -0.906389
27 69 0 8 -0.907103
52 88 0 8 -0.907667
23 79 0 8 -0.907842
79 90 0 8 -0.908626
27 91 0 8 -0.909863
56 85 0 8 -0.910352
34 39 0 8 -0.911510
30 87 0 8 -0.911621
22 88 0 8 -0.912609
69 83 0 8 -0.913657
18 64 0 8 -0.914384
39 70 0 8 -0.915434
13 77 0 8 -0.915823
10 75 0 8 -0.916940
3 33 0 8 -0.917578
52 90 0 8 -0.918115
25 65 0 8 -0.918143
4 36 0 8 -0.918233
47 54 0 8 -0.918775
33 72 0 8 -0.920557
37 59 0 8 -0.921650
48 63 0 8 -0.921734
4 43 0 8 -0.922470
2 22 0 8 -0.922863
18 74 0 8 -0.923269
21 91 0 8 -0.924131
71 94 0 8 -0.924939
39 66 0 8 -0.925022
22 50 0 8 -0.925152
18 96 0 8 -0.925579
29 52 0 8 -0.926995
16 44 0 8 -0.927013
21 31 0 8 -0.928207
2 64 0 8 -0.928339
11 77 0 8 -0.930735
19 78 0 8 -0.931951
42 80 0 8 -0.933101
15 44 0 8 -0.933125
3 71 0 8 -0.935574
53 84 0 8 -0.936017
31 65 0 8 -0.937965
36 51 0 8 -0.938159
7 57 0 8 -0.940824
17 92 0 8 -0.940863
7 60 0 8 -0.942015
31 55 0 8 -0.943382
72 92 0 8 -0.943747
35 65 0 8 -0.943933
28 96 0 8 -0.944345
31 97 0 8 -0.944431
29 90 0 8 -0.944624
16 86 0 8 -0.944848
43 52 0 8 -0.945238
48 94 0 8 -0.947368
43 66 0 8 -0.947833
22 70 0 8 -0.950291
33 66 0 8 -0.950587
21 36 0 8 -0.951767
23 71 0 8 -0.952063
38 50 0 8 -0.954625
39 44 0 8 -0.955159
23 78 0 8 -0.955174
55 68 0 8 -0.955237
16 82 0 8 -0.955851
16 57 0 8 -0.957156
31 96 0 8 -0.958574
44 53 0 8 -0.959402
72 97 0 8 -0.959459
54 59 0 8 -0.959478
68 85 0 8 -0.960773
50 78 0 8 -0.960931
5 54 0 8 -0.962230
24 40 0 8 -0.964679
36 62 0 8 -0.965367
26 82 0 8 -0.965881
58 78 0 8 -0.965935
34 86 0 8 -0.966680
50 79 0 8 -0.968115
15 74 0 8 -0.968775
10 60 0 8 -0.969237
27 71 0 8 -0.969697
5 85 0 8 -0.970467
16 83 0 8 -0.972413
13 89 0 8 -0.972708
3 8 0 8 -0.973893
36 91 0 8 -0.973938
31 79 0 8 -0.973941
52 70 0 8 -0.974228
28 61 0 8 -0.975729
11 82 0 8 -0.976777
6 62 0 8 -0.977470
50 86 0 8 -0.978544
7 22 0 8 -0.980169
30 59 0 8 -0.980293
45 87 0 8 -0.981085
27 34 0 8 -0.981393
5 21 0 8 -0.982913
66 80 0 8 -0.983273
5 78 0 8 -0.983394
38 61 0 8 -0.985783
11 51 0 8 -0.986427
12 83 0 8 -0.988799
3 64 0 8 -0.990098
34 73 0 8 -0.990358
37 48 0 8 -0.990497
31 41 0 8 -0.991544
44 66 0 8 -0.992947
2 19 0 8 -0.993429
9 14 0 8 -0.993721
48 91 0 8 -0.994295
37 88 0 8 -0.994338
40 65 0 8 -0.994895
31 68 0 8 -0.995082
26 40 0 8 -0.997272
34 49 0 8 -0.997854
28 83 0 8 -0.998435
6 31 0 8 -0.998542
43 59 0 8 -0.999485
45 83 0 8 -1.000584
14 55 0 8 -1.000861
20 62 0 8 -1.000902
24 38 0 8 -1.001213
39 45 0 8 -1.002631
41 58 0 8 -1.002954
52 73 0 8 -1.003489
63 96 0 8 -1.003529
22 61 0 8 -1.003907
13 69 0 8 -1.003938
67 86 0 8 -1.004390
12 82 0 8 -1.007160
11 35 0 8 -1.007387
27 74 0 8 -1.007943
78 89 0 8 -1.008097
9 96 0 8 -1.008188
24 89 0 8 -1.008332
65 86 0 8 -1.009947
61 68 0 8 -1.009980
56 72 0 8 -1.010401
26 86 0 8 -1.011657
5 25 0 8 -1.011879
60 89 0 8 -1.014166
9 68 0 8 -1.017086
8 61 0 8 -1.018746
34 62 0 8 -1.018908
34 54 0 8 -1.022750
60 74 0 8 -1.023886
30 93 0 8 -1.023891
48 95 0 8 -1.024951
35 90 0 8 -1.026221
31 88 0 8 -1.026533
5 79 0 8 -1.028745
73 94 0 8 -1.032113
34 40 0 8 -1.032339
33 74 0 8 -1.032872
19 32 0 8 -1.034458
17 73 0 8 -1.035303
14 45 0 8 -1.036065
15 77 0 8 -1.037068
10 41 0 8 -1.037294
18 85 0 8 -1.037854
11 83 0 8 -1.038641
33 78 0 8 -1.039817
38 91 0 8 -1.043189
37 92 0 8 -1.045803
49 71 0 8 -1.045863
29 60 0 8 -1.047705
53 83 0 8 -1.048418
7 32 0 8 -1.049741
5 27 0 8 -1.050289
67 96 0 8 -1.050739
27 53 0 8 -1.051480
28 52 0 8 -1.055491
18 62 0 8 -1.056612
14 93 0 8 -1.057028
47 56 0 8 -1.057214
34 72 0 8 -1.057558
8 84 0 8 -1.058309
27 75 0 8 -1.058833
47 59 0 8 -1.058920
32 85 0 8 -1.059176
12 76 0 8 -1.061317
35 43 0 8 -1.062903
21 39 0 8 -1.063110
40 47 0 8 -1.063285
43 53 0 8 -1.063334
19 92 0 8 -1.065521
28 88 0 8 -1.066303
37 49 0 8 -1.066546
13 39 0 8 -1.066724
10 35 0 8 -1.066870
3 85 0 8 -1.069207
44 50 0 8 -1.069863
5 26 0 8 -1.069902
7 72 0 8 -1.070198
51 61 0 8 -1.070618
72 83 0 8 -1.071615
26 59 0 8 -1.072805
6 85 0 8 -1.073014
3 73 0 8 -1.074188
78 90 0 8 -1.074484
13 25 0 8 -1.075691
40 80 0 8 -1.079838
32 41 0 8 -1.080224
18 69 0 8 -1.080456
61 85 0 8 -1.085099
55 86 0 8 -1.087787
58 81 0 8 -1.090561
21 43 0 8 -1.091980
17 75 0 8 -1.092028
11 61 0 8 -1.092159
24 75 0 8 -1.092212
69 94 0 8 -1.094110
14 77 0 8 -1.094387
11 29 0 8 -1.096287
38 89 0 8 -1.097747
28 85 0 8 -1.099298
56 76 0 8 -1.100060
50 67 0 8 -1.100257
50 91 0 8 -1.100851
26 54 0 8 -1.101369
20 80 0 8 -1.101509
10 66 0 8 -1.101979
30 62 0 8 -1.104001
12 27 0 8 -1.108222
38 77 0 8 -1.109726
62 95 0 8 -1.111403
52 81 0 8 -1.112660
15 62 0 8 -1.112820
32 84 0 8 -1.113260
43 95 0 8 -1.114795
38 88 0 8 -1.115068
73 92 0 8 -1.118592
31 36 0 8 -1.120047
12 53 0 8 -1.120100
7 90 0 8 -1.120690
8 82 0 8 -1.122157
12 18 0 8 -1.122514
15 90 0 8 -1.122635
71 95 0 8 -1.122987
55 75 0 8 -1.125325
70 89 0 8 -1.125532
13 21 0 8 -1.127030
11 62 0 8 -1.127795
10 21 0 8 -1.128033
35 50 0 8 -1.132119
54 80 0 8 -1.132160
4 57 0 8 -1.133141
66 89 0 8 -1.134066
9 43 0 8 -1.136094
12 81 0 8 -1.136557
18 56 0 8 -1.137373
8 81 0 8 -1.138083
29 48 0 8 -1.140413
49 78 0 8 -1.143590
10 86 0 8 -1.143671
14 94 0 8 -1.145411
4 84 0 8 -1.147686
43 91 0 8 -1.147934
26 90 0 8 -1.148662
18 89 0 8 -1.149287
43 71 0 8 -1.149800
27 64 0 8 -1.151393
7 39 0 8 -1.154028
19 38 0 8 -1.154503
40 97 0 8 -1.154774
23 47 0 8 -1.156247
32 68 0 8 -1.156410
31 71 0 8 -1.158466
56 79 0 8 -1.161757
17 94 0 8 -1.162228
25 45 0 8 -1.162892
24 65 0 8 -1.163535
64 72 0 8 -1.164366
47 88 0 8 -1.164815
13 37 0 8 -1.165024
25 80 0 8 -1.166322
16 77 0 8 -1.166588
63 81 0 8 -1.167219
51 56 0 8 -1.169356
25 38 0 8 -1.170638
38 64 0 8 -1.171639
31 72 0 8 -1.173566
21 80 0 8 -1.175550
61 90 0 8 -1.175557
51 78 0 8 -1.176159
14 83 0 8 -1.177067
20 84 0 8 -1.177642
16 73 0 8 -1.178388
12 58 0 8 -1.178952
53 91 0 8 -1.179355
58 70 0 8 -1.179696
10 59 0 8 -1.180988
15 63 0 8 -1.181342
20 39 0 8 -1.181611
18 76 0 8 -1.184889
24 77 0 8 -1.185015
16 63 0 8 -1.185352
27 78 0 8 -1.185795
49 59 0 8 -1.185804
32 55 0 8 -1.186004
17 95 0 8 -1.189936
8 45 0 8 -1.191352
25 82 0 8 -1.191896
26 81 0 8 -1.192055
11 31 0 8 -1.194460
22 30 0 8 -1.194902
67 83 0 8 -1.195347
58 84 0 8 -1.195425
2 30 0 8 -1.195731
12 95 0 8 -1.197119
24 83 0 8 -1.197384
68 89 0 8 -1.197984
5 86 0 8 -1.198112
30 80 0 8 -1.198356
6 75 0 8 -1.199015
30 71 0 8 -1.199536
15 29 0 8 -1.199575
13 18 0 8 -1.202750
10 48 0 8 -1.202800
29 83 0 8 -1.203151
34 68 0 8 -1.205511
3 82 0 8 -1.206992
28 33 0 8 -1.207656
63 79 0 8 -1.208759
21 52 0 8 -1.209472
31 80 0 8 -1.211401
26 49 0 8 -1.211778
49 76 0 8 -1.213256
50 89 0 8 -1.213836
47 83 0 8 -1.214265
29 66 0 8 -1.214845
61 73 0 8 -1.217760
7 80 0 8 -1.217968
22 44 0 8 -1.218912
28 43 0 8 -1.221811
10 54 0 8 -1.223142
32 86 0 8 -1.223221
12 80 0 8 -1.224396
14 90 0 8 -1.227185
18 71 0 8 -1.230574
74 84 0 8 -1.230826
10 79 0 8 -1.231355
11 16 0 8 -1.239111
23 85 0 8 -1.240833
20 51 0 8 -1.241979
42 50 0 8 -1.242370
29 96 0 8 -1.242963
14 26 0 8 -1.243536
30 69 0 8 -1.246288
30 77 0 8 -1.247746
21 38 0 8 -1.248563
20 58 0 8 -1.248863
5 45 0 8 -1.249383
54 71 0 8 -1.249728
55 61 0 8 -1.250054
26 89 0 8 -1.250922
22 80 0 8 -1.251269
10 61 0 8 -1.251991
36 79 0 8 -1.253317
14 91 0 8 -1.256819
12 91 0 8 -1.257272
26 76 0 8 -1.262631
12 41 0 8 -1.263083
65 89 0 8 -1.263907
52 71 0 8 -1.264241
5 49 0 8 -1.264502
52 72 0 8 -1.265293
7 28 0 8 -1.266322
64 75 0 8 -1.266860
57 73 0 8 -1.269248
65 91 0 8 -1.269691
17 76 0 8 -1.270004
32 71 0 8 -1.271239
8 83 0 8 -1.271504
48 92 0 8 -1.271968
41 85 0 8 -1.273704
20 53 0 8 -1.273940
27 67 0 8 -1.274110
12 77 0 8 -1.276316
24 56 0 8 -1.277179
40 79 0 8 -1.279938
25 56 0 8 -1.281156
62 91 0 8 -1.284823
10 72 0 8 -1.285423
66 81 0 8 -1.285426
9 35 0 8 -1.285801
36 77 0 8 -1.286756
40 81 0 8 -1.289486
12 73 0 8 -1.289858
11 90 0 8 -1.290136
14 35 0 8 -1.290991
36 81 0 8 -1.292806
54 70 0 8 -1.293018
48 69 0 8 -1.293031
9 21 0 8 -1.296173
10 77 0 8 -1.297082
37 50 0 8 -1.299014
51 95 0 8 -1.299484
29 62 0 8 -1.299911
34 80 0 8 -1.302213
22 52 0 8 -1.302797
27 45 0 8 -1.304071
32 50 0 8 -1.305084
44 75 0 8 -1.305256
27 49 0 8 -1.307060
8 77 0 8 -1.307194
8 49 0 8 -1.308508
10 85 0 8 -1.312633
62 68 0 8 -1.314010
14 64 0 8 -1.314303
49 84 0 8 -1.315565
36 52 0 8 -1.316760
12 85 0 8 -1.317693
18 60 0 8 -1.318181
62 67 0 8 -1.322360
15 89 0 8 -1.323048
10 74 0 8 -1.327263
7 52 0 8 -1.328042
29 49 0 8 -1.328264
30 83 0 8 -1.330615
12 21 0 8 -1.333054
33 58 0 8 -1.334273
12 24 0 8 -1.334704
4 80 0 8 -1.336215
75 85 0 8 -1.336335
8 22 0 8 -1.339786
50 68 0 8 -1.340227
51 88 0 8 -1.343625
26 66 0 8 -1.343912
5 66 0 8 -1.344045
14 71 0 8 -1.345962
38 83 0 8 -1.346613
48 58 0 8 -1.346716
29 58 0 8 -1.346880
37 80 0 8 -1.351851
7 63 0 8 -1.353788
12 36 0 8 -1.354630
31 43 0 8 -1.359164
33 48 0 8 -1.360179
13 26 0 8 -1.361010
52 83 0 8 -1.365360
22 63 0 8 -1.366007
12 55 0 8 -1.366028
15 61 0 8 -1.367198
15 84 0 8 -1.368019
35 54 0 8 -1.368632
8 53 0 8 -1.369050
61 78 0 8 -1.371118
15 23 0 8 -1.371271
38 54 0 8 -1.373079
47 63 0 8 -1.375786
53 74 0 8 -1.376534
27 60 0 8 -1.376712
43 80 0 8 -1.377845
10 49 0 8 -1.379629
18 82 0 8 -1.380750
67 76 0 8 -1.382456
33 63 0 8 -1.388991
12 40 0 8 -1.393356
30 70 0 8 -1.393438
48 73 0 8 -1.399626
32 70 0 8 -1.401429
22 71 0 8 -1.403848
8 13 0 8 -1.403973
15 88 0 8 -1.406431
68 83 0 8 -1.407099
27 82 0 8 -1.407141
36 84 0 8 -1.407716
50 84 0 8 -1.408679
56 68 0 8 -1.409339
30 38 0 8 -1.409463
5 28 0 8 -1.410796
15 86 0 8 -1.414020
14 63 0 8 -1.414050
32 88 0 8 -1.415262
26 74 0 8 -1.415552
27 73 0 8 -1.415806
48 75 0 8 -1.419688
30 78 0 8 -1.420806
4 62 0 8 -1.421189
25 51 0 8 -1.422992
66 78 0 8 -1.424339
15 72 0 8 -1.425222
43 51 0 8 -1.429493
50 88 0 8 -1.438734
4 31 0 8 -1.440358
28 41 0 8 -1.443016
13 47 0 8 -1.444541
28 50 0 8 -1.447454
20 66 0 8 -1.448371
7 75 0 8 -1.450286
10 45 0 8 -1.452734
69 84 0 8 -1.455036
36 56 0 8 -1.462013
27 39 0 8 -1.462081
54 60 0 8 -1.462417
39 79 0 8 -1.471890
4 72 0 8 -1.472425
21 85 0 8 -1.475382
29 75 0 8 -1.475508
14 86 0 8 -1.477609
36 73 0 8 -1.477982
11 59 0 8 -1.479427
15 55 0 8 -1.479810
45 63 0 8 -1.483973
22 78 0 8 -1.483996
62 89 0 8 -1.485572
45 60 0 8 -1.486169
33 42 0 8 -1.486813
53 73 0 8 -1.490107
37 51 0 8 -1.490916
7 49 0 8 -1.493078
42 63 0 8 -1.493414
15 59 0 8 -1.494250
60 65 0 8 -1.495083
45 91 0 8 -1.499504
16 78 0 8 -1.500606
10 19 0 8 -1.504077
35 48 0 8 -1.507769
32 72 0 8 -1.510013
30 84 0 8 -1.511804
12 63 0 8 -1.512535
13 71 0 8 -1.514740
9 90 0 8 -1.518212
40 69 0 8 -1.522460
60 66 0 8 -1.523894
30 57 0 8 -1.525094
67 84 0 8 -1.526840
18 37 0 8 -1.528890
24 51 0 8 -1.530686
21 83 0 8 -1.531450
30 90 0 8 -1.531523
16 21 0 8 -1.531601
31 77 0 8 -1.533173
21 76 0 8 -1.533220
7 82 0 8 -1.534274
42 56 0 8 -1.536915
19 89 0 8 -1.541625
15 37 0 8 -1.543184
31 40 0 8 -1.549556
14 89 0 8 -1.549898
10 62 0 8 -1.550070
53 65 0 8 -1.556367
29 82 0 8 -1.556504
16 75 0 8 -1.558299
34 42 0 8 -1.558335
11 76 0 8 -1.560275
50 85 0 8 -1.560912
30 42 0 8 -1.562332
37 86 0 8 -1.565222
42 69 0 8 -1.570669
19 85 0 8 -1.570783
19 76 0 8 -1.571208
8 70 0 8 -1.573754
49 63 0 8 -1.576614
31 69 0 8 -1.576649
11 21 0 8 -1.576774
53 72 0 8 -1.581151
10 70 0 8 -1.581531
60 86 0 8 -1.582448
8 54 0 8 -1.583044
26 61 0 8 -1.583629
60 81 0 8 -1.583849
38 59 0 8 -1.583985
27 51 0 8 -1.586128
57 64 0 8 -1.588429
51 72 0 8 -1.591168
33 59 0 8 -1.591900
36 83 0 8 -1.592472
15 85 0 8 -1.594160
24 41 0 8 -1.601151
53 81 0 8 -1.601449
19 26 0 8 -1.604491
22 56 0 8 -1.606225
17 82 0 8 -1.606798
12 68 0 8 -1.610437
19 60 0 8 -1.614480
24 45 0 8 -1.620465
8 85 0 8 -1.620572
31 73 0 8 -1.624608
11 84 0 8 -1.627747
59 83 0 8 -1.628339
10 42 0 8 -1.633081
18 32 0 8 -1.638016
11 63 0 8 -1.638070
29 89 0 8 -1.638226
25 43 0 8 -1.640994
5 82 0 8 -1.644309
35 64 0 8 -1.644363
15 82 0 8 -1.647129
7 35 0 8 -1.647810
23 57 0 8 -1.648713
14 24 0 8 -1.649072
23 53 0 8 -1.650277
8 66 0 8 -1.650314
16 80 0 8 -1.650367
27 59 0 8 -1.650592
22 55 0 8 -1.651498
25 57 0 8 -1.652424
22 47 0 8 -1.655519
51 71 0 8 -1.655519
70 83 0 8 -1.658143
16 37 0 8 -1.660101
16 27 0 8 -1.660764
30 55 0 8 -1.666587
43 81 0 8 -1.667515
41 80 0 8 -1.667538
26 60 0 8 -1.670547
60 91 0 8 -1.672891
27 47 0 8 -1.674483
65 85 0 8 -1.676325
51 64 0 8 -1.677410
11 48 0 8 -1.683686
9 29 0 8 -1.684009
40 88 0 8 -1.686711
35 53 0 8 -1.689233
12 33 0 8 -1.695097
28 73 0 8 -1.697148
48 88 0 8 -1.701249
33 77 0 8 -1.703236
35 47 0 8 -1.704609
30 37 0 8 -1.705973
9 31 0 8 -1.711900
39 60 0 8 -1.713162
41 49 0 8 -1.723791
13 80 0 8 -1.724713
13 29 0 8 -1.730949
13 62 0 8 -1.739033
37 54 0 8 -1.740505
32 82 0 8 -1.743569
31 91 0 8 -1.746005
53 78 0 8 -1.759930
17 65 0 8 -1.762757
53 89 0 8 -1.764179
49 83 0 8 -1.764496
28 74 0 8 -1.765568
14 59 0 8 -1.771115
18 68 0 8 -1.776097
53 66 0 8 -1.776241
66 75 0 8 -1.776431
13 84 0 8 -1.776466
19 43 0 8 -1.779272
26 53 0 8 -1.781564
48 64 0 8 -1.781673
36 49 0 8 -1.781800
49 60 0 8 -1.785480
32 42 0 8 -1.794115
14 88 0 8 -1.797509
22 53 0 8 -1.799953
14 58 0 8 -1.800334
65 80 0 8 -1.801035
64 90 0 8 -1.802699
7 78 0 8 -1.807576
5 40 0 8 -1.808103
51 85 0 8 -1.809165
19 30 0 8 -1.811412
17 54 0 8 -1.813023
23 73 0 8 -1.832112
36 59 0 8 -1.832576
64 76 0 8 -1.836302
49 56 0 8 -1.841707
14 69 0 8 -1.847751
33 50 0 8 -1.850941
21 32 0 8 -1.852280
64 83 0 8 -1.853253
30 64 0 8 -1.857467
14 68 0 8 -1.871105
71 84 0 8 -1.878796
28 81 0 8 -1.881165
67 75 0 8 -1.883096
18 49 0 8 -1.889659
37 62 0 8 -1.893345
17 63 0 8 -1.893363
17 42 0 8 -1.900687
19 84 0 8 -1.914327
7 36 0 8 -1.915995
41 52 0 8 -1.918371
15 56 0 8 -1.918526
26 67 0 8 -1.923253
36 82 0 8 -1.925107
11 75 0 8 -1.932145
48 86 0 8 -1.932917
24 81 0 8 -1.933365
11 37 0 8 -1.933855
31 82 0 8 -1.941689
19 39 0 8 -1.941816
11 23 0 8 -1.944192
30 82 0 8 -1.957141
16 32 0 8 -1.961940
48 83 0 8 -1.963477
23 38 0 8 -1.963587
28 37 0 8 -1.966937
17 55 0 8 -1.969645
34 43 0 8 -1.976627
24 70 0 8 -1.991358
30 68 0 8 -1.999708
10 76 0 8 -2.000136
7 55 0 8 -2.002162
26 52 0 8 -2.008964
13 78 0 8 -2.026334
13 79 0 8 -2.027206
28 64 0 8 -2.028581
45 80 0 8 -2.032360
45 69 0 8 -2.033865
30 81 0 8 -2.045264
40 63 0 8 -2.049415
10 68 0 8 -2.057514
28 82 0 8 -2.061201
14 23 0 8 -2.086363
11 66 0 8 -2.099921
30 39 0 8 -2.101714
31 51 0 8 -2.106622
48 60 0 8 -2.111564
18 38 0 8 -2.118031
13 48 0 8 -2.127824
37 74 0 8 -2.130172
19 72 0 8 -2.133043
10 47 0 8 -2.135866
5 31 0 8 -2.136339
16 43 0 8 -2.143648
48 55 0 8 -2.150670
54 69 0 8 -2.153367
18 59 0 8 -2.156082
54 64 0 8 -2.176547
28 75 0 8 -2.217739
24 76 0 8 -2.226339
9 45 0 8 -2.227777
24 73 0 8 -2.232920
22 59 0 8 -2.246221
24 62 0 8 -2.275273
13 19 0 8 -2.297916
30 66 0 8 -2.309020
8 39 0 8 -2.341516
16 26 0 8 -2.350091
37 58 0 8 -2.365046
18 23 0 8 -2.389541
7 56 0 8 -2.405336
9 65 0 8 -2.425391
39 53 0 8 -2.439978
30 72 0 8 -2.450000
8 32 0 8 -2.488562
23 65 0 8 -2.559293
24 82 0 8 -2.581340
12 45 0 8 -2.588045
9 62 0 8 -2.611341
10 43 0 8 -2.613655
7 62 0 8 -2.658476
18 73 0 8 -2.666094
29 64 0 8 -2.693815
18 75 0 8 -2.706641
45 84 0 8 -2.727842
22 73 0 8 -2.772491
12 72 0 8 -2.868178
10 67 0 8 -2.911944
52 58 0 8 -3.114430
18 51 0 8 -3.250778
