6 49 0 8 11.826543
11 34 0 8 9.871552
62 71 0 8 8.338478
15 34 0 8 7.676588
34 39 0 8 7.316102
24 66 0 8 6.766469
6 50 0 8 6.729739
4 24 0 8 5.989770
29 39 0 8 5.119347
12 19 0 8 5.063458
24 69 0 8 5.008310
28 34 0 8 4.973794
7 46 0 8 4.949585
39 44 0 8 4.382871
28 68 0 8 4.306565
10 42 0 8 4.145185
14 41 0 8 4.144481
47 53 0 8 4.121741
32 39 0 8 4.001090
29 34 0 8 3.920070
25 66 0 8 3.870979
47 52 0 8 3.821850
4 69 0 8 3.770579
9 19 0 8 3.642958
48 53 0 8 3.616052
38 44 0 8 3.551291
29 60 0 8 3.524110
47 56 0 8 3.515270
11 22 0 8 3.510855
38 43 0 8 3.501069
14 45 0 8 3.471476
13 45 0 8 3.425757
34 42 0 8 3.424440
35 56 0 8 3.232159
63 71 0 8 3.178794
8 19 0 8 3.157394
10 46 0 8 3.122114
3 73 0 8 3.063401
39 59 0 8 3.057689
7 69 0 8 3.029128
9 49 0 8 2.988953
11 35 0 8 2.985662
37 55 0 8 2.895733
11 42 0 8 2.785010
17 29 0 8 2.774036
62 68 0 8 2.766179
8 22 0 8 2.758588
26 32 0 8 2.748245
62 67 0 8 2.725208
31 39 0 8 2.713532
61 67 0 8 2.711049
21 26 0 8 2.706379
58 75 0 8 2.659757
57 62 0 8 2.656569
30 56 0 8 2.640013
42 60 0 8 2.616464
59 68 0 8 2.601226
4 34 0 8 2.596987
55 71 0 8 2.581498
15 33 0 8 2.567308
14 56 0 8 2.564046
23 66 0 8 2.559607
34 44 0 8 2.554844
16 33 0 8 2.554164
33 41 0 8 2.550812
22 65 0 8 2.544539
7 65 0 8 2.512349
8 24 0 8 2.454196
39 47 0 8 2.407623
37 56 0 8 2.364221
12 17 0 8 2.359114
13 72 0 8 2.312327
15 60 0 8 2.220853
40 59 0 8 2.165518
12 54 0 8 2.150467
14 44 0 8 2.138975
35 41 0 8 2.134838
37 44 0 8 2.121566
17 39 0 8 2.076116
44 67 0 8 2.069368
8 35 0 8 2.022975
16 60 0 8 2.011724
58 71 0 8 1.986357
43 50 0 8 1.971761
63 68 0 8 1.959305
61 68 0 8 1.947827
15 42 0 8 1.946761
14 42 0 8 1.942313
15 29 0 8 1.930189
24 65 0 8 1.923898
44 57 0 8 1.921506
27 57 0 8 1.857268
58 65 0 8 1.853391
31 64 0 8 1.850094
45 51 0 8 1.830498
16 32 0 8 1.814733
39 48 0 8 1.800362
37 47 0 8 1.783922
9 18 0 8 1.783035
27 32 0 8 1.782118
28 41 0 8 1.772254
8 15 0 8 1.766587
40 55 0 8 1.738757
38 48 0 8 1.718493
57 63 0 8 1.709208
20 72 0 8 1.706869
40 56 0 8 1.700554
9 70 0 8 1.686322
45 65 0 8 1.683807
10 50 0 8 1.681331
12 20 0 8 1.636869
39 60 0 8 1.636653
12 21 0 8 1.625426
5 59 0 8 1.617319
8 69 0 8 1.585482
32 57 0 8 1.580279
5 18 0 8 1.576149
41 56 0 8 1.571830
33 69 0 8 1.568127
18 71 0 8 1.563064
58 64 0 8 1.560604
4 11 0 8 1.556754
11 40 0 8 1.551812
33 44 0 8 1.529179
37 71 0 8 1.524886
14 35 0 8 1.518697
39 58 0 8 1.515222
10 45 0 8 1.514117
54 63 0 8 1.511147
12 22 0 8 1.499336
54 62 0 8 1.496427
5 21 0 8 1.492110
61 71 0 8 1.488723
28 62 0 8 1.486598
11 29 0 8 1.469021
3 50 0 8 1.462780
20 28 0 8 1.461281
8 31 0 8 1.459754
28 54 0 8 1.459619
34 64 0 8 1.457201
3 70 0 8 1.454831
41 59 0 8 1.441717
13 19 0 8 1.439243
42 47 0 8 1.429337
15 26 0 8 1.425523
14 68 0 8 1.423287
15 39 0 8 1.422177
46 68 0 8 1.416486
18 38 0 8 1.404997
35 57 0 8 1.394026
13 31 0 8 1.390835
19 63 0 8 1.370290
15 30 0 8 1.366974
17 32 0 8 1.363409
38 47 0 8 1.363326
11 26 0 8 1.358701
28 60 0 8 1.358248
47 60 0 8 1.354660
54 64 0 8 1.354312
23 69 0 8 1.350114
19 26 0 8 1.349243
31 70 0 8 1.346322
24 51 0 8 1.339967
8 41 0 8 1.336815
10 19 0 8 1.334443
50 60 0 8 1.322980
32 59 0 8 1.319232
22 45 0 8 1.313504
16 63 0 8 1.308440
44 62 0 8 1.297380
43 51 0 8 1.295490
43 55 0 8 1.284809
41 55 0 8 1.277292
31 69 0 8 1.275670
32 54 0 8 1.274120
49 61 0 8 1.266056
18 67 0 8 1.259116
13 21 0 8 1.251513
37 62 0 8 1.249764
27 66 0 8 1.246750
31 40 0 8 1.240929
21 51 0 8 1.238706
8 20 0 8 1.235403
16 21 0 8 1.232465
13 49 0 8 1.228730
47 59 0 8 1.227368
3 75 0 8 1.226955
40 64 0 8 1.221946
32 66 0 8 1.221565
29 59 0 8 1.212485
16 38 0 8 1.212476
38 53 0 8 1.210424
34 41 0 8 1.201703
56 61 0 8 1.200505
15 40 0 8 1.200020
6 30 0 8 1.196859
8 65 0 8 1.195869
12 18 0 8 1.193890
9 45 0 8 1.179412
18 70 0 8 1.178640
67 73 0 8 1.175261
28 39 0 8 1.170653
17 38 0 8 1.170104
9 54 0 8 1.159001
28 64 0 8 1.157796
10 75 0 8 1.152928
12 38 0 8 1.152305
40 47 0 8 1.147757
53 72 0 8 1.141750
44 52 0 8 1.140875
40 45 0 8 1.138136
38 57 0 8 1.129826
7 38 0 8 1.127411
32 37 0 8 1.118786
30 45 0 8 1.117093
27 45 0 8 1.116093
42 55 0 8 1.113687
4 23 0 8 1.112534
52 63 0 8 1.110307
32 38 0 8 1.108865
8 23 0 8 1.099198
58 74 0 8 1.098077
58 63 0 8 1.095593
40 63 0 8 1.085277
13 64 0 8 1.079424
21 38 0 8 1.068022
38 63 0 8 1.065148
16 64 0 8 1.065142
20 31 0 8 1.059488
58 67 0 8 1.052396
26 33 0 8 1.051775
50 72 0 8 1.045595
46 72 0 8 1.045414
14 34 0 8 1.044121
16 30 0 8 1.042639
12 30 0 8 1.036213
10 65 0 8 1.029301
12 56 0 8 1.027818
15 44 0 8 1.016052
13 52 0 8 1.010700
32 52 0 8 1.010639
25 40 0 8 1.005597
39 56 0 8 1.004939
19 70 0 8 0.984871
18 24 0 8 0.984121
44 51 0 8 0.983676
5 53 0 8 0.979273
42 56 0 8 0.977355
24 40 0 8 0.970241
3 9 0 8 0.958965
21 54 0 8 0.955345
10 66 0 8 0.953779
37 50 0 8 0.953762
52 71 0 8 0.949529
17 53 0 8 0.948625
35 62 0 8 0.948278
14 26 0 8 0.944816
37 52 0 8 0.939154
44 71 0 8 0.933329
16 47 0 8 0.933312
20 74 0 8 0.932725
62 69 0 8 0.932243
8 21 0 8 0.931308
15 69 0 8 0.931124
56 68 0 8 0.926336
42 57 0 8 0.923159
45 55 0 8 0.919014
66 74 0 8 0.917155
26 65 0 8 0.916598
32 58 0 8 0.914741
61 75 0 8 0.908959
41 62 0 8 0.907664
25 64 0 8 0.906620
6 73 0 8 0.906010
32 56 0 8 0.902390
14 73 0 8 0.901975
6 48 0 8 0.901922
12 26 0 8 0.899085
29 35 0 8 0.896274
47 54 0 8 0.894984
27 63 0 8 0.894267
48 60 0 8 0.893594
13 35 0 8 0.892686
19 25 0 8 0.890588
27 40 0 8 0.888295
23 62 0 8 0.887025
8 17 0 8 0.880184
50 56 0 8 0.876740
31 58 0 8 0.871744
11 41 0 8 0.871608
9 72 0 8 0.865623
44 60 0 8 0.865599
66 75 0 8 0.863493
28 67 0 8 0.861159
14 62 0 8 0.856390
21 42 0 8 0.850330
54 72 0 8 0.849367
14 43 0 8 0.848847
7 20 0 8 0.848834
20 68 0 8 0.839630
33 60 0 8 0.835656
10 63 0 8 0.834831
25 49 0 8 0.833834
30 60 0 8 0.833670
34 57 0 8 0.833498
65 74 0 8 0.824221
55 73 0 8 0.820780
5 12 0 8 0.819026
23 37 0 8 0.818309
61 66 0 8 0.805097
6 74 0 8 0.804341
26 66 0 8 0.801502
42 50 0 8 0.800151
23 32 0 8 0.794391
24 31 0 8 0.792577
38 60 0 8 0.792168
17 26 0 8 0.791149
2 12 0 8 0.790856
2 8 0 8 0.788574
45 53 0 8 0.787699
33 38 0 8 0.787584
27 43 0 8 0.783099
44 56 0 8 0.778818
34 65 0 8 0.776835
5 13 0 8 0.776168
23 56 0 8 0.770846
13 69 0 8 0.770330
22 54 0 8 0.769500
41 71 0 8 0.766824
54 60 0 8 0.764561
6 16 0 8 0.760012
38 51 0 8 0.759709
17 47 0 8 0.759076
48 58 0 8 0.757835
5 51 0 8 0.755076
33 67 0 8 0.751391
2 23 0 8 0.750464
10 43 0 8 0.748866
23 74 0 8 0.747266
26 69 0 8 0.746122
13 70 0 8 0.744985
45 59 0 8 0.742218
16 51 0 8 0.742135
30 72 0 8 0.741901
42 48 0 8 0.740427
31 65 0 8 0.739455
25 67 0 8 0.734209
4 9 0 8 0.733187
5 26 0 8 0.730521
43 63 0 8 0.721460
48 57 0 8 0.716345
7 67 0 8 0.710743
38 56 0 8 0.710192
37 59 0 8 0.708921
52 70 0 8 0.707137
20 53 0 8 0.706935
50 63 0 8 0.706407
4 33 0 8 0.699368
54 71 0 8 0.698560
10 58 0 8 0.697005
20 25 0 8 0.696403
55 69 0 8 0.692329
54 68 0 8 0.691765
7 14 0 8 0.689073
27 72 0 8 0.687934
47 55 0 8 0.686333
21 29 0 8 0.680240
56 62 0 8 0.680183
9 48 0 8 0.677367
9 51 0 8 0.677202
44 59 0 8 0.669669
19 55 0 8 0.669495
30 61 0 8 0.669264
19 61 0 8 0.663068
22 72 0 8 0.661498
42 65 0 8 0.660431
7 12 0 8 0.659540
33 59 0 8 0.658121
18 60 0 8 0.657477
22 62 0 8 0.656753
17 37 0 8 0.655620
16 61 0 8 0.655089
17 30 0 8 0.654356
46 52 0 8 0.653145
13 18 0 8 0.651578
13 28 0 8 0.651454
51 69 0 8 0.650700
20 62 0 8 0.650360
13 51 0 8 0.646000
58 69 0 8 0.645136
41 47 0 8 0.642778
57 74 0 8 0.641667
30 38 0 8 0.641195
18 73 0 8 0.633096
49 56 0 8 0.629980
7 59 0 8 0.628195
25 48 0 8 0.621971
9 59 0 8 0.621668
46 69 0 8 0.619601
20 39 0 8 0.618174
4 35 0 8 0.617839
19 64 0 8 0.617539
18 52 0 8 0.616706
3 72 0 8 0.611107
27 51 0 8 0.610554
12 42 0 8 0.610131
52 62 0 8 0.606538
40 53 0 8 0.606044
19 43 0 8 0.605186
28 65 0 8 0.602190
64 71 0 8 0.599223
3 59 0 8 0.594203
50 68 0 8 0.592705
55 75 0 8 0.592200
69 76 0 8 0.590521
43 49 0 8 0.589134
3 69 0 8 0.585507
7 17 0 8 0.584428
31 47 0 8 0.579700
55 61 0 8 0.579468
29 38 0 8 0.577753
28 38 0 8 0.576211
53 61 0 8 0.574461
3 22 0 8 0.572343
4 67 0 8 0.571126
7 24 0 8 0.569638
9 23 0 8 0.568271
15 21 0 8 0.568048
16 28 0 8 0.567975
45 66 0 8 0.564613
19 73 0 8 0.562790
9 52 0 8 0.561210
7 51 0 8 0.561149
21 39 0 8 0.559895
44 53 0 8 0.557137
37 42 0 8 0.557125
28 71 0 8 0.557114
43 59 0 8 0.556173
50 57 0 8 0.555939
5 61 0 8 0.553049
36 43 0 8 0.552945
56 64 0 8 0.551628
4 73 0 8 0.551260
26 44 0 8 0.550540
5 74 0 8 0.548688
12 53 0 8 0.543518
35 71 0 8 0.541383
7 33 0 8 0.540749
26 51 0 8 0.540675
49 60 0 8 0.540055
45 64 0 8 0.538915
41 60 0 8 0.537819
5 54 0 8 0.537680
53 59 0 8 0.534191
14 40 0 8 0.527025
7 72 0 8 0.526707
33 39 0 8 0.526626
2 73 0 8 0.525509
17 46 0 8 0.525412
8 25 0 8 0.524200
25 57 0 8 0.522063
42 52 0 8 0.519385
18 29 0 8 0.518952
45 75 0 8 0.517876
19 42 0 8 0.516078
44 54 0 8 0.513804
47 62 0 8 0.513499
22 66 0 8 0.513328
66 76 0 8 0.511839
20 66 0 8 0.508368
47 57 0 8 0.506862
66 72 0 8 0.504907
46 63 0 8 0.502595
10 76 0 8 0.501984
25 32 0 8 0.500933
19 54 0 8 0.499668
11 20 0 8 0.497620
2 10 0 8 0.497173
54 69 0 8 0.492317
40 60 0 8 0.491063
6 18 0 8 0.487543
46 70 0 8 0.487194
5 46 0 8 0.486862
40 57 0 8 0.486246
43 61 0 8 0.483755
31 53 0 8 0.483754
39 46 0 8 0.481953
13 75 0 8 0.481325
4 48 0 8 0.480709
7 70 0 8 0.475473
8 64 0 8 0.475103
22 69 0 8 0.474553
57 71 0 8 0.472800
14 53 0 8 0.469066
19 52 0 8 0.466304
58 76 0 8 0.465164
49 65 0 8 0.460996
51 65 0 8 0.458941
19 51 0 8 0.456216
19 59 0 8 0.456099
58 72 0 8 0.453758
40 51 0 8 0.450815
10 69 0 8 0.447560
2 43 0 8 0.447308
51 66 0 8 0.444888
18 46 0 8 0.442925
16 59 0 8 0.440325
7 61 0 8 0.432260
50 62 0 8 0.431535
18 51 0 8 0.429783
13 71 0 8 0.424552
51 73 0 8 0.423689
6 14 0 8 0.422975
17 65 0 8 0.422892
36 51 0 8 0.422829
13 33 0 8 0.422273
37 61 0 8 0.419505
25 36 0 8 0.419213
37 69 0 8 0.417194
16 65 0 8 0.411973
13 37 0 8 0.411135
35 51 0 8 0.409035
5 16 0 8 0.405762
22 56 0 8 0.403632
38 59 0 8 0.400661
18 26 0 8 0.400233
23 65 0 8 0.400041
14 38 0 8 0.397444
30 68 0 8 0.396571
39 50 0 8 0.396253
3 51 0 8 0.396253
29 68 0 8 0.394294
32 68 0 8 0.390235
46 66 0 8 0.389853
27 67 0 8 0.388056
40 65 0 8 0.387601
33 62 0 8 0.378789
21 75 0 8 0.377684
14 22 0 8 0.377082
16 58 0 8 0.376469
16 22 0 8 0.375119
38 67 0 8 0.373135
42 67 0 8 0.372476
52 60 0 8 0.371749
23 46 0 8 0.370712
16 48 0 8 0.367981
34 43 0 8 0.367908
22 75 0 8 0.366951
10 61 0 8 0.366272
43 60 0 8 0.365450
21 68 0 8 0.365347
37 45 0 8 0.365335
57 73 0 8 0.364561
15 37 0 8 0.362633
7 37 0 8 0.362499
8 73 0 8 0.362132
11 21 0 8 0.359988
16 54 0 8 0.358533
35 64 0 8 0.356541
52 65 0 8 0.354142
32 41 0 8 0.353743
13 40 0 8 0.350928
2 70 0 8 0.350059
24 62 0 8 0.349419
23 29 0 8 0.349164
12 55 0 8 0.346689
3 30 0 8 0.346247
28 36 0 8 0.342608
56 73 0 8 0.341901
3 68 0 8 0.339136
7 52 0 8 0.337716
35 75 0 8 0.336654
5 19 0 8 0.335572
7 15 0 8 0.335015
31 54 0 8 0.331905
14 66 0 8 0.331377
52 67 0 8 0.329939
25 55 0 8 0.328195
31 63 0 8 0.328176
63 76 0 8 0.325980
11 56 0 8 0.322964
67 74 0 8 0.322946
27 42 0 8 0.322097
21 64 0 8 0.315917
14 67 0 8 0.315915
22 40 0 8 0.315193
27 74 0 8 0.310388
11 16 0 8 0.309990
44 76 0 8 0.309504
6 25 0 8 0.307180
2 22 0 8 0.303858
55 60 0 8 0.302001
3 31 0 8 0.300284
10 70 0 8 0.298835
18 40 0 8 0.296727
22 58 0 8 0.295342
21 27 0 8 0.294451
25 74 0 8 0.294222
20 54 0 8 0.294015
15 22 0 8 0.293944
24 61 0 8 0.291168
20 49 0 8 0.288272
43 54 0 8 0.287457
22 63 0 8 0.287160
2 72 0 8 0.286854
20 48 0 8 0.286654
13 20 0 8 0.286492
7 25 0 8 0.286026
53 73 0 8 0.285965
60 71 0 8 0.285795
30 44 0 8 0.285747
37 53 0 8 0.285722
3 36 0 8 0.284482
25 30 0 8 0.284292
3 24 0 8 0.283882
48 55 0 8 0.282213
36 68 0 8 0.277987
42 51 0 8 0.277272
4 28 0 8 0.276205
46 64 0 8 0.276031
18 50 0 8 0.275858
4 41 0 8 0.274518
38 62 0 8 0.274467
11 28 0 8 0.273959
43 48 0 8 0.273363
22 73 0 8 0.272124
18 72 0 8 0.272022
15 41 0 8 0.271432
20 50 0 8 0.270910
23 49 0 8 0.269244
9 22 0 8 0.268100
55 74 0 8 0.266559
20 75 0 8 0.264275
28 35 0 8 0.261678
14 46 0 8 0.261387
36 60 0 8 0.259806
10 25 0 8 0.259221
33 54 0 8 0.258203
26 40 0 8 0.258172
27 52 0 8 0.258036
22 50 0 8 0.257140
2 16 0 8 0.256680
34 73 0 8 0.255157
25 56 0 8 0.254762
13 36 0 8 0.253008
35 63 0 8 0.247798
50 64 0 8 0.247187
7 48 0 8 0.246831
14 74 0 8 0.245143
61 72 0 8 0.244669
30 63 0 8 0.243359
30 53 0 8 0.241089
52 74 0 8 0.240912
7 73 0 8 0.238581
15 36 0 8 0.238563
17 68 0 8 0.238199
38 61 0 8 0.237369
17 28 0 8 0.236041
7 58 0 8 0.235328
46 60 0 8 0.232652
11 44 0 8 0.230288
51 61 0 8 0.227977
14 51 0 8 0.227062
31 36 0 8 0.226549
46 59 0 8 0.225200
37 72 0 8 0.224768
10 26 0 8 0.224348
22 64 0 8 0.223185
17 70 0 8 0.219295
5 64 0 8 0.219180
2 24 0 8 0.217821
6 71 0 8 0.217739
22 42 0 8 0.215965
22 76 0 8 0.215590
17 51 0 8 0.212719
10 20 0 8 0.210400
39 54 0 8 0.208101
24 45 0 8 0.207867
2 21 0 8 0.207530
29 45 0 8 0.207288
21 71 0 8 0.206992
16 72 0 8 0.206661
27 76 0 8 0.203312
36 73 0 8 0.202252
10 21 0 8 0.201692
36 52 0 8 0.200327
22 33 0 8 0.200192
48 63 0 8 0.200182
3 48 0 8 0.195929
4 65 0 8 0.195344
33 58 0 8 0.193986
33 63 0 8 0.193708
2 19 0 8 0.193139
68 73 0 8 0.189473
29 40 0 8 0.189140
6 57 0 8 0.188562
13 66 0 8 0.188149
18 33 0 8 0.186913
12 75 0 8 0.186304
48 74 0 8 0.186024
3 13 0 8 0.185411
48 70 0 8 0.185082
2 13 0 8 0.183457
63 69 0 8 0.182448
25 73 0 8 0.182193
15 32 0 8 0.182100
60 72 0 8 0.181339
42 53 0 8 0.180812
10 41 0 8 0.180477
19 62 0 8 0.179825
28 43 0 8 0.178679
13 74 0 8 0.177561
2 35 0 8 0.175316
23 57 0 8 0.174901
23 72 0 8 0.174280
35 46 0 8 0.174219
3 35 0 8 0.172862
17 43 0 8 0.170798
16 37 0 8 0.170314
17 72 0 8 0.170282
10 39 0 8 0.170129
4 26 0 8 0.169592
36 47 0 8 0.168232
51 72 0 8 0.167092
9 76 0 8 0.166627
29 76 0 8 0.165642
68 74 0 8 0.162978
31 67 0 8 0.161707
51 71 0 8 0.160796
7 36 0 8 0.160196
29 41 0 8 0.158546
36 42 0 8 0.157607
43 67 0 8 0.152995
20 46 0 8 0.151089
60 65 0 8 0.150845
29 47 0 8 0.147908
22 53 0 8 0.147287
37 73 0 8 0.146876
4 15 0 8 0.145580
12 70 0 8 0.145142
5 48 0 8 0.143537
41 57 0 8 0.143507
51 64 0 8 0.143275
22 60 0 8 0.142922
31 52 0 8 0.142539
57 69 0 8 0.142253
56 70 0 8 0.141351
2 48 0 8 0.141343
71 76 0 8 0.139097
55 72 0 8 0.138107
43 62 0 8 0.137779
48 64 0 8 0.137561
6 66 0 8 0.136955
26 46 0 8 0.136622
3 43 0 8 0.135664
27 64 0 8 0.135595
10 23 0 8 0.135331
46 75 0 8 0.133694
20 73 0 8 0.133103
4 76 0 8 0.132807
19 66 0 8 0.130969
30 48 0 8 0.129729
9 53 0 8 0.129704
11 45 0 8 0.128833
18 30 0 8 0.127904
35 72 0 8 0.127347
30 39 0 8 0.126957
24 39 0 8 0.123983
36 65 0 8 0.122603
53 70 0 8 0.122411
17 27 0 8 0.119676
16 24 0 8 0.119663
41 66 0 8 0.119370
22 49 0 8 0.117654
40 73 0 8 0.117645
31 66 0 8 0.116676
2 50 0 8 0.116157
41 65 0 8 0.116055
62 76 0 8 0.114381
17 52 0 8 0.113331
34 45 0 8 0.112187
51 63 0 8 0.108729
22 32 0 8 0.106811
37 74 0 8 0.105948
9 20 0 8 0.105653
43 57 0 8 0.105133
31 74 0 8 0.104863
25 65 0 8 0.103502
28 45 0 8 0.102457
2 36 0 8 0.102305
50 55 0 8 0.101483
55 63 0 8 0.097328
51 67 0 8 0.097191
7 45 0 8 0.094029
50 59 0 8 0.093722
67 76 0 8 0.093637
21 59 0 8 0.093572
51 76 0 8 0.092550
36 69 0 8 0.091652
10 72 0 8 0.091432
49 67 0 8 0.090354
18 49 0 8 0.090294
16 41 0 8 0.089866
2 27 0 8 0.088605
56 65 0 8 0.086526
46 74 0 8 0.085344
33 52 0 8 0.085267
2 11 0 8 0.084252
25 37 0 8 0.084216
7 55 0 8 0.083035
14 37 0 8 0.081447
59 69 0 8 0.080194
50 75 0 8 0.079295
8 72 0 8 0.078751
48 67 0 8 0.078399
46 67 0 8 0.077901
5 31 0 8 0.077839
5 25 0 8 0.076739
20 67 0 8 0.075598
35 47 0 8 0.075374
43 72 0 8 0.074198
12 72 0 8 0.072022
45 72 0 8 0.070292
21 36 0 8 0.068638
36 46 0 8 0.066687
2 9 0 8 0.066018
38 54 0 8 0.065152
26 62 0 8 0.064159
9 35 0 8 0.063931
12 33 0 8 0.063250
30 46 0 8 0.056748
12 58 0 8 0.056721
45 68 0 8 0.056420
60 69 0 8 0.053975
28 57 0 8 0.052303
27 55 0 8 0.051354
2 25 0 8 0.050199
3 76 0 8 0.050001
50 65 0 8 0.049905
34 56 0 8 0.049184
4 57 0 8 0.048713
10 55 0 8 0.048302
54 75 0 8 0.046692
5 75 0 8 0.046612
33 75 0 8 0.045656
5 17 0 8 0.045090
49 68 0 8 0.044994
20 45 0 8 0.044467
31 73 0 8 0.044330
32 60 0 8 0.044121
22 36 0 8 0.041061
5 41 0 8 0.039161
21 72 0 8 0.036025
38 52 0 8 0.035295
50 66 0 8 0.035201
61 76 0 8 0.035020
29 42 0 8 0.034549
35 48 0 8 0.033381
52 76 0 8 0.031876
17 75 0 8 0.029749
13 27 0 8 0.029082
14 59 0 8 0.028504
21 52 0 8 0.027561
3 74 0 8 0.026694
16 69 0 8 0.026270
15 55 0 8 0.024223
21 30 0 8 0.024170
46 56 0 8 0.023235
8 29 0 8 0.022955
5 73 0 8 0.022087
12 25 0 8 0.021806
40 50 0 8 0.021505
37 43 0 8 0.019734
10 67 0 8 0.019207
69 75 0 8 0.018888
36 67 0 8 0.018382
5 66 0 8 0.018032
12 36 0 8 0.017878
9 38 0 8 0.015107
28 66 0 8 0.013922
25 68 0 8 0.013457
51 70 0 8 0.012976
8 30 0 8 0.012572
27 50 0 8 0.011649
40 68 0 8 0.010403
5 55 0 8 0.010356
40 75 0 8 0.009746
8 48 0 8 0.008586
61 73 0 8 0.006950
23 36 0 8 0.003936
26 76 0 8 0.002880
65 76 0 8 0.002379
18 36 0 8 0.000276
1 6 0 8 0.000000
1 7 0 8 0.000000
1 8 0 8 0.000000
1 9 0 8 0.000000
1 10 0 8 0.000000
1 11 0 8 0.000000
1 12 0 8 0.000000
1 13 0 8 0.000000
1 14 0 8 0.000000
1 15 0 8 0.000000
1 16 0 8 0.000000
1 17 0 8 0.000000
1 18 0 8 0.000000
1 19 0 8 0.000000
1 20 0 8 0.000000
1 21 0 8 0.000000
1 22 0 8 0.000000
1 23 0 8 0.000000
1 24 0 8 0.000000
1 25 0 8 0.000000
1 26 0 8 0.000000
1 27 0 8 0.000000
1 28 0 8 0.000000
1 29 0 8 0.000000
1 30 0 8 0.000000
1 31 0 8 0.000000
1 32 0 8 0.000000
1 33 0 8 0.000000
1 34 0 8 0.000000
1 35 0 8 0.000000
1 36 0 8 0.000000
1 37 0 8 0.000000
1 38 0 8 0.000000
1 39 0 8 0.000000
1 40 0 8 0.000000
1 41 0 8 0.000000
1 42 0 8 0.000000
1 43 0 8 0.000000
1 44 0 8 0.000000
1 45 0 8 0.000000
1 46 0 8 0.000000
1 47 0 8 0.000000
1 48 0 8 0.000000
1 49 0 8 0.000000
1 50 0 8 0.000000
1 51 0 8 0.000000
1 52 0 8 0.000000
1 53 0 8 0.000000
1 54 0 8 0.000000
1 55 0 8 0.000000
1 56 0 8 0.000000
1 57 0 8 0.000000
1 58 0 8 0.000000
1 59 0 8 0.000000
1 60 0 8 0.000000
1 61 0 8 0.000000
1 62 0 8 0.000000
1 63 0 8 0.000000
1 64 0 8 0.000000
1 65 0 8 0.000000
1 66 0 8 0.000000
1 67 0 8 0.000000
1 68 0 8 0.000000
1 69 0 8 0.000000
1 70 0 8 0.000000
1 71 0 8 0.000000
1 72 0 8 0.000000
1 73 0 8 0.000000
1 74 0 8 0.000000
1 75 0 8 0.000000
1 76 0 8 0.000000
1 77 0 8 0.000000
2 77 0 8 0.000000
3 77 0 8 0.000000
4 77 0 8 0.000000
5 77 0 8 0.000000
6 77 0 8 0.000000
7 77 0 8 0.000000
8 77 0 8 0.000000
9 77 0 8 0.000000
10 77 0 8 0.000000
11 77 0 8 0.000000
12 77 0 8 0.000000
13 77 0 8 0.000000
14 77 0 8 0.000000
15 77 0 8 0.000000
16 77 0 8 0.000000
17 77 0 8 0.000000
18 77 0 8 0.000000
19 77 0 8 0.000000
20 77 0 8 0.000000
21 77 0 8 0.000000
22 77 0 8 0.000000
23 77 0 8 0.000000
24 77 0 8 0.000000
25 77 0 8 0.000000
26 77 0 8 0.000000
27 77 0 8 0.000000
28 77 0 8 0.000000
29 77 0 8 0.000000
30 77 0 8 0.000000
31 77 0 8 0.000000
32 77 0 8 0.000000
33 77 0 8 0.000000
34 77 0 8 0.000000
35 77 0 8 0.000000
36 77 0 8 0.000000
37 77 0 8 0.000000
38 77 0 8 0.000000
39 77 0 8 0.000000
40 77 0 8 0.000000
41 77 0 8 0.000000
42 77 0 8 0.000000
43 77 0 8 0.000000
44 77 0 8 0.000000
45 77 0 8 0.000000
46 77 0 8 0.000000
47 77 0 8 0.000000
48 77 0 8 0.000000
49 77 0 8 0.000000
50 77 0 8 0.000000
51 77 0 8 0.000000
52 77 0 8 0.000000
53 77 0 8 0.000000
54 77 0 8 0.000000
55 77 0 8 0.000000
56 77 0 8 0.000000
57 77 0 8 0.000000
58 77 0 8 0.000000
59 77 0 8 0.000000
60 77 0 8 0.000000
61 77 0 8 0.000000
62 77 0 8 0.000000
63 77 0 8 0.000000
64 77 0 8 0.000000
65 77 0 8 0.000000
66 77 0 8 0.000000
67 77 0 8 0.000000
68 77 0 8 0.000000
69 77 0 8 0.000000
70 77 0 8 0.000000
71 77 0 8 0.000000
72 77 0 8 0.000000
43 64 0 8 -0.000193
16 46 0 8 -0.000682
12 27 0 8 -0.001857
25 62 0 8 -0.002114
54 61 0 8 -0.002201
10 74 0 8 -0.004672
23 44 0 8 -0.005810
18 65 0 8 -0.005812
15 46 0 8 -0.006350
8 49 0 8 -0.007640
12 41 0 8 -0.007929
17 48 0 8 -0.008461
10 17 0 8 -0.008920
10 47 0 8 -0.009383
24 71 0 8 -0.011437
13 25 0 8 -0.011743
2 7 0 8 -0.011911
52 75 0 8 -0.012246
25 76 0 8 -0.012837
18 76 0 8 -0.013585
21 57 0 8 -0.014405
30 54 0 8 -0.014657
4 61 0 8 -0.016015
35 45 0 8 -0.016371
2 40 0 8 -0.017405
3 61 0 8 -0.018603
5 27 0 8 -0.019687
14 55 0 8 -0.019738
4 16 0 8 -0.020992
27 70 0 8 -0.022048
47 65 0 8 -0.022267
43 68 0 8 -0.024020
60 68 0 8 -0.024320
29 51 0 8 -0.025659
35 66 0 8 -0.025820
36 59 0 8 -0.026216
32 55 0 8 -0.028814
34 68 0 8 -0.030027
18 34 0 8 -0.030175
17 57 0 8 -0.030385
24 37 0 8 -0.030454
3 27 0 8 -0.030681
43 53 0 8 -0.030685
25 31 0 8 -0.032665
4 22 0 8 -0.032734
11 76 0 8 -0.032767
31 57 0 8 -0.033731
11 65 0 8 -0.034012
4 36 0 8 -0.034362
36 76 0 8 -0.035194
34 47 0 8 -0.035502
16 74 0 8 -0.035651
31 50 0 8 -0.035889
31 37 0 8 -0.035930
31 59 0 8 -0.036695
42 72 0 8 -0.038215
43 52 0 8 -0.040495
33 61 0 8 -0.041293
30 70 0 8 -0.041485
10 48 0 8 -0.041633
36 74 0 8 -0.042734
26 31 0 8 -0.042757
33 76 0 8 -0.042825
20 61 0 8 -0.043012
8 47 0 8 -0.043608
16 76 0 8 -0.043781
48 75 0 8 -0.044650
3 28 0 8 -0.045782
21 70 0 8 -0.045823
52 57 0 8 -0.045824
6 46 0 8 -0.047552
29 67 0 8 -0.049779
33 68 0 8 -0.050022
2 51 0 8 -0.051069
45 50 0 8 -0.053289
11 36 0 8 -0.053398
15 53 0 8 -0.053505
29 63 0 8 -0.056522
41 52 0 8 -0.058858
11 59 0 8 -0.058977
3 42 0 8 -0.060200
31 48 0 8 -0.060627
49 58 0 8 -0.060786
12 62 0 8 -0.060849
6 29 0 8 -0.062152
2 74 0 8 -0.062833
36 64 0 8 -0.063473
32 48 0 8 -0.064696
2 68 0 8 -0.064961
28 76 0 8 -0.067520
17 36 0 8 -0.068890
43 76 0 8 -0.069540
2 76 0 8 -0.069737
57 76 0 8 -0.070465
8 14 0 8 -0.071792
8 34 0 8 -0.072013
41 75 0 8 -0.072792
11 61 0 8 -0.073812
23 76 0 8 -0.074079
2 67 0 8 -0.075189
18 55 0 8 -0.075903
11 74 0 8 -0.076200
10 73 0 8 -0.076506
25 61 0 8 -0.077470
3 21 0 8 -0.078779
29 58 0 8 -0.078952
2 64 0 8 -0.079544
50 69 0 8 -0.079885
27 33 0 8 -0.081788
28 33 0 8 -0.082858
33 50 0 8 -0.084043
15 51 0 8 -0.085105
40 48 0 8 -0.086016
14 25 0 8 -0.086036
41 54 0 8 -0.087566
3 10 0 8 -0.088683
39 76 0 8 -0.088948
36 72 0 8 -0.089328
40 52 0 8 -0.089485
12 47 0 8 -0.091071
44 66 0 8 -0.091812
32 76 0 8 -0.094052
49 72 0 8 -0.094394
25 54 0 8 -0.094556
28 73 0 8 -0.095834
53 60 0 8 -0.096195
27 34 0 8 -0.096290
5 23 0 8 -0.099010
48 72 0 8 -0.099106
5 33 0 8 -0.099926
63 72 0 8 -0.100803
2 66 0 8 -0.101819
37 75 0 8 -0.104748
15 38 0 8 -0.105030
5 42 0 8 -0.107242
9 14 0 8 -0.107279
14 27 0 8 -0.108033
37 76 0 8 -0.108661
6 15 0 8 -0.109720
49 71 0 8 -0.111159
7 49 0 8 -0.111959
8 76 0 8 -0.112138
22 46 0 8 -0.113314
3 25 0 8 -0.113432
22 59 0 8 -0.113972
41 58 0 8 -0.114366
19 76 0 8 -0.115125
15 72 0 8 -0.117245
36 54 0 8 -0.117493
26 45 0 8 -0.117553
26 34 0 8 -0.117582
58 73 0 8 -0.118008
7 13 0 8 -0.118283
24 64 0 8 -0.118313
50 76 0 8 -0.119244
48 76 0 8 -0.119305
49 70 0 8 -0.119710
36 75 0 8 -0.120170
43 69 0 8 -0.120429
6 47 0 8 -0.120452
9 73 0 8 -0.121057
19 50 0 8 -0.123231
2 34 0 8 -0.123406
25 70 0 8 -0.123423
50 58 0 8 -0.124115
35 44 0 8 -0.124308
54 76 0 8 -0.124639
5 22 0 8 -0.124655
38 46 0 8 -0.124867
11 27 0 8 -0.124918
20 55 0 8 -0.125113
10 36 0 8 -0.126402
59 75 0 8 -0.127773
53 69 0 8 -0.127821
38 68 0 8 -0.128491
5 24 0 8 -0.130194
19 27 0 8 -0.132648
41 76 0 8 -0.132699
23 48 0 8 -0.134093
19 47 0 8 -0.134255
68 76 0 8 -0.135387
3 17 0 8 -0.137544
36 50 0 8 -0.138129
4 66 0 8 -0.138480
7 57 0 8 -0.139503
48 68 0 8 -0.139861
53 68 0 8 -0.140634
17 76 0 8 -0.142843
10 51 0 8 -0.142921
63 74 0 8 -0.142962
65 73 0 8 -0.143122
24 75 0 8 -0.143522
30 73 0 8 -0.143791
36 55 0 8 -0.145005
3 20 0 8 -0.147797
17 63 0 8 -0.148834
2 20 0 8 -0.149086
22 68 0 8 -0.149529
48 54 0 8 -0.149678
28 49 0 8 -0.150196
9 62 0 8 -0.151406
46 61 0 8 -0.151733
26 70 0 8 -0.151748
27 73 0 8 -0.156415
2 60 0 8 -0.156457
46 53 0 8 -0.157466
5 76 0 8 -0.157684
28 37 0 8 -0.157824
36 70 0 8 -0.158124
2 65 0 8 -0.158783
9 39 0 8 -0.159045
70 76 0 8 -0.160412
9 64 0 8 -0.160883
46 58 0 8 -0.161089
5 14 0 8 -0.161909
44 50 0 8 -0.161982
3 54 0 8 -0.162182
4 31 0 8 -0.162439
19 40 0 8 -0.165260
17 25 0 8 -0.166964
39 62 0 8 -0.167129
53 67 0 8 -0.167279
36 58 0 8 -0.167485
15 24 0 8 -0.167522
70 75 0 8 -0.168687
6 61 0 8 -0.169407
20 35 0 8 -0.170248
47 76 0 8 -0.170362
23 54 0 8 -0.171238
2 38 0 8 -0.172292
9 66 0 8 -0.172693
2 28 0 8 -0.173429
3 15 0 8 -0.174101
64 76 0 8 -0.175077
40 62 0 8 -0.175193
2 52 0 8 -0.175514
49 55 0 8 -0.176306
54 73 0 8 -0.176524
6 65 0 8 -0.177089
5 36 0 8 -0.177137
35 73 0 8 -0.178988
56 72 0 8 -0.180005
35 76 0 8 -0.180076
24 47 0 8 -0.180242
7 53 0 8 -0.180568
2 33 0 8 -0.180812
26 75 0 8 -0.181728
5 11 0 8 -0.182238
13 58 0 8 -0.182614
63 75 0 8 -0.182823
47 61 0 8 -0.183513
36 49 0 8 -0.183599
36 71 0 8 -0.183963
47 73 0 8 -0.184318
2 41 0 8 -0.184705
51 56 0 8 -0.185541
14 50 0 8 -0.186021
67 72 0 8 -0.186052
21 34 0 8 -0.186227
7 50 0 8 -0.187266
2 31 0 8 -0.188405
32 64 0 8 -0.190320
29 56 0 8 -0.190594
20 27 0 8 -0.191397
24 30 0 8 -0.191882
20 65 0 8 -0.192090
11 25 0 8 -0.193425
32 61 0 8 -0.194983
14 69 0 8 -0.197046
20 51 0 8 -0.197171
2 75 0 8 -0.198409
44 75 0 8 -0.202866
18 58 0 8 -0.202917
30 76 0 8 -0.203327
7 43 0 8 -0.203375
38 76 0 8 -0.203953
33 64 0 8 -0.204283
13 76 0 8 -0.204834
57 67 0 8 -0.205338
59 74 0 8 -0.206201
7 76 0 8 -0.206486
24 76 0 8 -0.206499
29 36 0 8 -0.207453
20 76 0 8 -0.208643
9 61 0 8 -0.208694
12 50 0 8 -0.209280
59 71 0 8 -0.209529
30 65 0 8 -0.210393
9 36 0 8 -0.211058
43 56 0 8 -0.211583
42 64 0 8 -0.211602
33 57 0 8 -0.212693
16 55 0 8 -0.212853
15 62 0 8 -0.213188
17 22 0 8 -0.213314
64 74 0 8 -0.213620
55 65 0 8 -0.214100
22 41 0 8 -0.214671
16 26 0 8 -0.215036
59 67 0 8 -0.216825
15 71 0 8 -0.217341
6 36 0 8 -0.217515
36 53 0 8 -0.217983
12 68 0 8 -0.218704
14 36 0 8 -0.218817
24 53 0 8 -0.219122
60 70 0 8 -0.219575
46 76 0 8 -0.219738
59 64 0 8 -0.220149
36 57 0 8 -0.222403
50 74 0 8 -0.223842
6 76 0 8 -0.224240
8 66 0 8 -0.225277
20 33 0 8 -0.226286
55 64 0 8 -0.228525
3 16 0 8 -0.229514
46 51 0 8 -0.230072
40 67 0 8 -0.230295
27 61 0 8 -0.230897
22 52 0 8 -0.231227
42 76 0 8 -0.233171
24 49 0 8 -0.233881
52 68 0 8 -0.237129
49 74 0 8 -0.238942
8 68 0 8 -0.239500
20 64 0 8 -0.239766
44 61 0 8 -0.240011
51 75 0 8 -0.240917
2 55 0 8 -0.241790
12 52 0 8 -0.242190
52 69 0 8 -0.243217
13 30 0 8 -0.243505
3 71 0 8 -0.245251
6 34 0 8 -0.245576
19 36 0 8 -0.245795
20 36 0 8 -0.246076
53 74 0 8 -0.247493
21 61 0 8 -0.247846
44 74 0 8 -0.248272
20 34 0 8 -0.248573
18 74 0 8 -0.249390
2 53 0 8 -0.250070
2 30 0 8 -0.251475
38 73 0 8 -0.252238
61 70 0 8 -0.252305
7 42 0 8 -0.252695
3 60 0 8 -0.253151
22 74 0 8 -0.253165
23 71 0 8 -0.253486
8 75 0 8 -0.253878
33 73 0 8 -0.253905
2 37 0 8 -0.254537
9 71 0 8 -0.255208
55 68 0 8 -0.256471
35 53 0 8 -0.257031
11 48 0 8 -0.257236
28 53 0 8 -0.259478
40 72 0 8 -0.259980
23 70 0 8 -0.261149
33 74 0 8 -0.261273
29 71 0 8 -0.261711
28 74 0 8 -0.262017
36 63 0 8 -0.263399
29 37 0 8 -0.263546
4 18 0 8 -0.264331
51 59 0 8 -0.265588
7 63 0 8 -0.266208
35 60 0 8 -0.266749
5 30 0 8 -0.267015
2 69 0 8 -0.267293
36 48 0 8 -0.267707
58 68 0 8 -0.268781
37 49 0 8 -0.270240
68 75 0 8 -0.270614
26 53 0 8 -0.271405
37 70 0 8 -0.272334
9 65 0 8 -0.272430
3 49 0 8 -0.272578
31 76 0 8 -0.273776
36 44 0 8 -0.274034
55 76 0 8 -0.274665
25 63 0 8 -0.275281
6 19 0 8 -0.276647
35 59 0 8 -0.277447
17 74 0 8 -0.277631
30 36 0 8 -0.279083
11 73 0 8 -0.279253
3 67 0 8 -0.282194
26 54 0 8 -0.282247
4 21 0 8 -0.283163
17 23 0 8 -0.283380
3 19 0 8 -0.283390
49 76 0 8 -0.283654
6 72 0 8 -0.284969
61 74 0 8 -0.285203
2 54 0 8 -0.286672
36 61 0 8 -0.286723
30 64 0 8 -0.289327
12 40 0 8 -0.289837
5 10 0 8 -0.290010
6 43 0 8 -0.290638
27 69 0 8 -0.291345
26 36 0 8 -0.291720
19 75 0 8 -0.292397
35 65 0 8 -0.293393
48 73 0 8 -0.293712
40 46 0 8 -0.295013
36 56 0 8 -0.295521
5 49 0 8 -0.295921
3 64 0 8 -0.296389
51 74 0 8 -0.297483
27 36 0 8 -0.297549
10 53 0 8 -0.298425
11 71 0 8 -0.299472
5 72 0 8 -0.299590
5 38 0 8 -0.299928
7 18 0 8 -0.300144
53 76 0 8 -0.300908
4 58 0 8 -0.301767
33 47 0 8 -0.303060
36 66 0 8 -0.303453
9 74 0 8 -0.304526
16 36 0 8 -0.305480
31 72 0 8 -0.306366
38 65 0 8 -0.306673
12 31 0 8 -0.306892
24 36 0 8 -0.306949
44 49 0 8 -0.310427
24 70 0 8 -0.310561
3 37 0 8 -0.310666
17 34 0 8 -0.311202
2 58 0 8 -0.312127
12 74 0 8 -0.312515
21 76 0 8 -0.313365
25 72 0 8 -0.313604
29 74 0 8 -0.315038
22 39 0 8 -0.315073
5 45 0 8 -0.316452
22 51 0 8 -0.316481
6 22 0 8 -0.316631
16 52 0 8 -0.317588
21 35 0 8 -0.318254
5 40 0 8 -0.319082
3 33 0 8 -0.319135
59 76 0 8 -0.319382
12 76 0 8 -0.320182
11 69 0 8 -0.320268
13 53 0 8 -0.320552
5 71 0 8 -0.321464
10 60 0 8 -0.322225
32 72 0 8 -0.323245
11 33 0 8 -0.325206
26 67 0 8 -0.326110
24 29 0 8 -0.327092
17 54 0 8 -0.329684
9 58 0 8 -0.330046
54 59 0 8 -0.330758
22 30 0 8 -0.330823
18 53 0 8 -0.331333
21 49 0 8 -0.332133
37 58 0 8 -0.332612
24 33 0 8 -0.333078
36 41 0 8 -0.333293
5 43 0 8 -0.333465
11 60 0 8 -0.333686
2 46 0 8 -0.334495
45 71 0 8 -0.334990
7 27 0 8 -0.335776
35 74 0 8 -0.337600
26 73 0 8 -0.338205
19 67 0 8 -0.338425
45 76 0 8 -0.339400
15 76 0 8 -0.340310
5 70 0 8 -0.340554
4 14 0 8 -0.341096
56 76 0 8 -0.341195
8 36 0 8 -0.341572
2 15 0 8 -0.343242
30 75 0 8 -0.343480
3 53 0 8 -0.344739
5 58 0 8 -0.344808
7 19 0 8 -0.346370
3 46 0 8 -0.347122
23 34 0 8 -0.347459
28 47 0 8 -0.348522
14 49 0 8 -0.349449
42 70 0 8 -0.349456
20 32 0 8 -0.349581
15 65 0 8 -0.350594
24 48 0 8 -0.350676
2 18 0 8 -0.350725
67 75 0 8 -0.351988
48 66 0 8 -0.352771
30 66 0 8 -0.353645
19 45 0 8 -0.353683
9 31 0 8 -0.354234
9 29 0 8 -0.354728
30 57 0 8 -0.354817
33 45 0 8 -0.356034
36 45 0 8 -0.357962
32 65 0 8 -0.358284
40 76 0 8 -0.359807
2 63 0 8 -0.359833
42 49 0 8 -0.361065
60 76 0 8 -0.361368
39 70 0 8 -0.361633
63 73 0 8 -0.362400
11 49 0 8 -0.363598
6 20 0 8 -0.363776
3 47 0 8 -0.364263
16 43 0 8 -0.364682
17 67 0 8 -0.364781
3 40 0 8 -0.365016
6 58 0 8 -0.365872
46 73 0 8 -0.366464
53 63 0 8 -0.369662
32 46 0 8 -0.370207
38 75 0 8 -0.371509
6 70 0 8 -0.371617
16 73 0 8 -0.371805
22 43 0 8 -0.372228
2 49 0 8 -0.372896
12 73 0 8 -0.373033
21 63 0 8 -0.373681
34 40 0 8 -0.375080
16 56 0 8 -0.376335
14 75 0 8 -0.377221
4 74 0 8 -0.377697
23 52 0 8 -0.378098
13 22 0 8 -0.378608
33 49 0 8 -0.378708
11 58 0 8 -0.379517
23 67 0 8 -0.380311
7 22 0 8 -0.380542
8 53 0 8 -0.382973
17 42 0 8 -0.382979
40 70 0 8 -0.384593
42 54 0 8 -0.384973
10 52 0 8 -0.386010
44 63 0 8 -0.386624
4 20 0 8 -0.386848
5 35 0 8 -0.387423
6 51 0 8 -0.387828
35 50 0 8 -0.388301
3 8 0 8 -0.388459
9 68 0 8 -0.389110
20 38 0 8 -0.389350
39 52 0 8 -0.389652
34 53 0 8 -0.389913
2 32 0 8 -0.390097
15 63 0 8 -0.392063
2 42 0 8 -0.392212
9 15 0 8 -0.392962
45 73 0 8 -0.393680
4 72 0 8 -0.393833
45 74 0 8 -0.396867
17 24 0 8 -0.397317
25 51 0 8 -0.400824
6 28 0 8 -0.402042
19 29 0 8 -0.402752
10 37 0 8 -0.405879
55 66 0 8 -0.406323
33 70 0 8 -0.407067
3 45 0 8 -0.408831
53 75 0 8 -0.410849
31 41 0 8 -0.412675
15 28 0 8 -0.412770
49 75 0 8 -0.413182
56 69 0 8 -0.414666
16 53 0 8 -0.415253
11 17 0 8 -0.415823
64 75 0 8 -0.416910
3 41 0 8 -0.417638
9 43 0 8 -0.418049
24 58 0 8 -0.418287
19 69 0 8 -0.421906
6 24 0 8 -0.422831
6 53 0 8 -0.424391
41 53 0 8 -0.425185
32 73 0 8 -0.427577
36 62 0 8 -0.428065
14 76 0 8 -0.431668
18 61 0 8 -0.431983
24 35 0 8 -0.432105
37 48 0 8 -0.432847
2 17 0 8 -0.434007
46 54 0 8 -0.434460
52 73 0 8 -0.434758
35 52 0 8 -0.437419
21 43 0 8 -0.438096
13 44 0 8 -0.438878
12 24 0 8 -0.439625
6 69 0 8 -0.441757
8 74 0 8 -0.442051
7 66 0 8 -0.442656
2 45 0 8 -0.443686
9 37 0 8 -0.444508
19 71 0 8 -0.445065
16 42 0 8 -0.446833
56 63 0 8 -0.447342
62 73 0 8 -0.448488
11 55 0 8 -0.448953
25 45 0 8 -0.449153
20 63 0 8 -0.449532
30 59 0 8 -0.450568
26 43 0 8 -0.450805
19 74 0 8 -0.451649
47 72 0 8 -0.451764
13 59 0 8 -0.452090
19 35 0 8 -0.452147
66 71 0 8 -0.452572
3 18 0 8 -0.453283
2 59 0 8 -0.455580
49 54 0 8 -0.455587
33 55 0 8 -0.455737
6 12 0 8 -0.456532
19 48 0 8 -0.457665
20 52 0 8 -0.457696
46 55 0 8 -0.458900
42 61 0 8 -0.461241
45 70 0 8 -0.461290
9 67 0 8 -0.461416
47 74 0 8 -0.462042
7 56 0 8 -0.462884
52 59 0 8 -0.463100
17 50 0 8 -0.466105
18 63 0 8 -0.466107
25 75 0 8 -0.468623
3 34 0 8 -0.470599
42 58 0 8 -0.471779
23 45 0 8 -0.472314
7 35 0 8 -0.472588
31 75 0 8 -0.472941
32 70 0 8 -0.473288
46 57 0 8 -0.473646
21 74 0 8 -0.475101
50 61 0 8 -0.475919
38 70 0 8 -0.476433
28 75 0 8 -0.476457
11 53 0 8 -0.476880
11 23 0 8 -0.478845
11 24 0 8 -0.478987
13 23 0 8 -0.479018
23 61 0 8 -0.479334
18 45 0 8 -0.479383
8 27 0 8 -0.479581
3 39 0 8 -0.479881
30 62 0 8 -0.483699
11 57 0 8 -0.486309
2 14 0 8 -0.487338
6 52 0 8 -0.488328
8 26 0 8 -0.488993
20 41 0 8 -0.489354
54 70 0 8 -0.490422
8 50 0 8 -0.490530
29 43 0 8 -0.490688
23 64 0 8 -0.490767
14 64 0 8 -0.491037
22 55 0 8 -0.494788
7 74 0 8 -0.497555
25 33 0 8 -0.498971
2 26 0 8 -0.499349
18 43 0 8 -0.499800
40 74 0 8 -0.501089
53 66 0 8 -0.501497
11 64 0 8 -0.501831
55 70 0 8 -0.503068
33 71 0 8 -0.504391
4 25 0 8 -0.504830
3 29 0 8 -0.506336
9 75 0 8 -0.508999
5 20 0 8 -0.509113
12 71 0 8 -0.510071
2 57 0 8 -0.511046
2 39 0 8 -0.511756
11 68 0 8 -0.511907
37 68 0 8 -0.512325
21 48 0 8 -0.514862
52 58 0 8 -0.514862
27 47 0 8 -0.515596
9 26 0 8 -0.516903
6 75 0 8 -0.517536
41 67 0 8 -0.517546
13 73 0 8 -0.519084
32 75 0 8 -0.521492
11 75 0 8 -0.523578
31 61 0 8 -0.523899
16 50 0 8 -0.526090
43 73 0 8 -0.526361
48 65 0 8 -0.527568
5 65 0 8 -0.529869
28 61 0 8 -0.531703
9 63 0 8 -0.532212
21 53 0 8 -0.533251
27 75 0 8 -0.534262
25 46 0 8 -0.534597
5 52 0 8 -0.535685
23 30 0 8 -0.536150
7 75 0 8 -0.536228
4 32 0 8 -0.536243
65 75 0 8 -0.536674
21 40 0 8 -0.536823
12 64 0 8 -0.537659
37 65 0 8 -0.538558
13 46 0 8 -0.539199
5 29 0 8 -0.539745
13 43 0 8 -0.540892
58 66 0 8 -0.542501
2 71 0 8 -0.543263
12 51 0 8 -0.544968
39 68 0 8 -0.545093
39 64 0 8 -0.545777
22 47 0 8 -0.546029
14 30 0 8 -0.546852
13 67 0 8 -0.546994
14 47 0 8 -0.547184
21 58 0 8 -0.549443
62 74 0 8 -0.550730
48 61 0 8 -0.551047
64 70 0 8 -0.551431
19 31 0 8 -0.554845
31 62 0 8 -0.554847
3 62 0 8 -0.555214
24 46 0 8 -0.557170
9 41 0 8 -0.557576
41 48 0 8 -0.557744
6 64 0 8 -0.559843
52 72 0 8 -0.560771
27 65 0 8 -0.562179
4 30 0 8 -0.563085
42 68 0 8 -0.563435
4 10 0 8 -0.564328
44 55 0 8 -0.564416
19 68 0 8 -0.564664
22 27 0 8 -0.564931
39 55 0 8 -0.565232
26 64 0 8 -0.565947
26 55 0 8 -0.566825
2 61 0 8 -0.568137
5 60 0 8 -0.568216
3 58 0 8 -0.568556
11 70 0 8 -0.569364
28 44 0 8 -0.570127
27 54 0 8 -0.574055
12 45 0 8 -0.575018
34 76 0 8 -0.576305
43 75 0 8 -0.580512
9 33 0 8 -0.580541
26 72 0 8 -0.581180
13 47 0 8 -0.588807
17 35 0 8 -0.589582
57 72 0 8 -0.589784
18 57 0 8 -0.591199
25 52 0 8 -0.593918
47 67 0 8 -0.593998
4 46 0 8 -0.595236
2 47 0 8 -0.595833
23 73 0 8 -0.596735
29 52 0 8 -0.597010
32 74 0 8 -0.597658
31 42 0 8 -0.597823
13 63 0 8 -0.598670
19 60 0 8 -0.598791
23 33 0 8 -0.599251
40 49 0 8 -0.599384
44 68 0 8 -0.600355
9 17 0 8 -0.600387
5 57 0 8 -0.601214
65 70 0 8 -0.601848
3 66 0 8 -0.601985
6 55 0 8 -0.602655
21 69 0 8 -0.603482
11 52 0 8 -0.603640
64 73 0 8 -0.606130
21 44 0 8 -0.607097
2 62 0 8 -0.607696
54 66 0 8 -0.607773
41 46 0 8 -0.608304
42 75 0 8 -0.611006
10 59 0 8 -0.611134
11 31 0 8 -0.612621
4 52 0 8 -0.612996
11 46 0 8 -0.619330
3 23 0 8 -0.621467
9 69 0 8 -0.621617
42 63 0 8 -0.622728
54 67 0 8 -0.622887
19 32 0 8 -0.625736
13 56 0 8 -0.626143
16 44 0 8 -0.626306
18 68 0 8 -0.628487
7 44 0 8 -0.628881
2 56 0 8 -0.628899
16 25 0 8 -0.629075
24 74 0 8 -0.632181
13 41 0 8 -0.633863
18 47 0 8 -0.635211
14 23 0 8 -0.636301
49 64 0 8 -0.636359
11 18 0 8 -0.638485
10 68 0 8 -0.638490
44 70 0 8 -0.639218
18 48 0 8 -0.639369
8 59 0 8 -0.640443
18 35 0 8 -0.640470
41 51 0 8 -0.642120
5 47 0 8 -0.642344
32 69 0 8 -0.644271
65 72 0 8 -0.644562
43 74 0 8 -0.644769
19 57 0 8 -0.645421
4 37 0 8 -0.646501
69 74 0 8 -0.646709
48 71 0 8 -0.646765
5 15 0 8 -0.649379
8 57 0 8 -0.650837
54 74 0 8 -0.651828
33 65 0 8 -0.652083
41 50 0 8 -0.652456
17 73 0 8 -0.653745
66 73 0 8 -0.654905
9 32 0 8 -0.656412
49 73 0 8 -0.656644
26 71 0 8 -0.656903
25 50 0 8 -0.658698
16 45 0 8 -0.658699
37 63 0 8 -0.659937
4 51 0 8 -0.661036
45 62 0 8 -0.661169
28 40 0 8 -0.661407
38 66 0 8 -0.663170
9 60 0 8 -0.663860
8 44 0 8 -0.663952
21 28 0 8 -0.664622
2 29 0 8 -0.667220
5 67 0 8 -0.667883
19 58 0 8 -0.670374
26 35 0 8 -0.670882
9 44 0 8 -0.671014
57 75 0 8 -0.671022
29 75 0 8 -0.671800
47 68 0 8 -0.672027
53 71 0 8 -0.673245
60 73 0 8 -0.674399
3 57 0 8 -0.674932
16 71 0 8 -0.674938
5 50 0 8 -0.675395
31 55 0 8 -0.675421
6 56 0 8 -0.675484
9 25 0 8 -0.677771
28 46 0 8 -0.679357
3 26 0 8 -0.681117
46 65 0 8 -0.681420
3 32 0 8 -0.682815
18 75 0 8 -0.682962
12 37 0 8 -0.683290
23 53 0 8 -0.683601
7 28 0 8 -0.684919
4 40 0 8 -0.685022
17 33 0 8 -0.686582
23 51 0 8 -0.687769
20 57 0 8 -0.689516
23 35 0 8 -0.690215
15 54 0 8 -0.690262
18 25 0 8 -0.692394
38 72 0 8 -0.692573
14 39 0 8 -0.695171
20 37 0 8 -0.695562
31 68 0 8 -0.695588
22 61 0 8 -0.695762
14 71 0 8 -0.695931
23 63 0 8 -0.696918
8 13 0 8 -0.696975
48 59 0 8 -0.698617
19 28 0 8 -0.699502
13 57 0 8 -0.699588
24 54 0 8 -0.702174
29 62 0 8 -0.702490
20 30 0 8 -0.702612
7 71 0 8 -0.703798
42 59 0 8 -0.707311
38 45 0 8 -0.710658
10 49 0 8 -0.711586
62 75 0 8 -0.711946
15 47 0 8 -0.712190
33 66 0 8 -0.712430
33 51 0 8 -0.712901
5 44 0 8 -0.712917
17 64 0 8 -0.714355
6 62 0 8 -0.714747
42 62 0 8 -0.715014
37 64 0 8 -0.715081
30 74 0 8 -0.715909
4 54 0 8 -0.716534
18 64 0 8 -0.717474
13 48 0 8 -0.718491
52 61 0 8 -0.718976
21 67 0 8 -0.720000
7 21 0 8 -0.721250
4 64 0 8 -0.722391
9 55 0 8 -0.724101
18 42 0 8 -0.724838
32 71 0 8 -0.725167
59 70 0 8 -0.725503
35 54 0 8 -0.726379
9 27 0 8 -0.726683
6 13 0 8 -0.728922
22 67 0 8 -0.730907
18 37 0 8 -0.731899
19 49 0 8 -0.732289
16 23 0 8 -0.732737
22 48 0 8 -0.732835
3 12 0 8 -0.733956
9 21 0 8 -0.735073
9 28 0 8 -0.737237
3 55 0 8 -0.742091
34 60 0 8 -0.742701
21 31 0 8 -0.742985
27 38 0 8 -0.743779
28 70 0 8 -0.743843
39 51 0 8 -0.743899
9 40 0 8 -0.744064
41 64 0 8 -0.744200
39 75 0 8 -0.744722
3 14 0 8 -0.745302
35 55 0 8 -0.745753
5 68 0 8 -0.746108
11 38 0 8 -0.746726
7 68 0 8 -0.746924
13 61 0 8 -0.746950
8 51 0 8 -0.748477
9 24 0 8 -0.748920
23 31 0 8 -0.749177
9 46 0 8 -0.749570
18 44 0 8 -0.750812
19 72 0 8 -0.752588
26 38 0 8 -0.752761
9 50 0 8 -0.753216
8 70 0 8 -0.753922
26 50 0 8 -0.756658
34 54 0 8 -0.760848
15 70 0 8 -0.760920
51 58 0 8 -0.763683
16 66 0 8 -0.763908
23 39 0 8 -0.764195
33 72 0 8 -0.766934
20 70 0 8 -0.769737
17 71 0 8 -0.770804
20 43 0 8 -0.771391
6 21 0 8 -0.773486
13 54 0 8 -0.775160
45 57 0 8 -0.775995
7 60 0 8 -0.776936
33 40 0 8 -0.777251
4 53 0 8 -0.777845
35 68 0 8 -0.778102
31 46 0 8 -0.778280
25 58 0 8 -0.778440
13 55 0 8 -0.778741
23 28 0 8 -0.779208
22 70 0 8 -0.779373
9 57 0 8 -0.781664
32 40 0 8 -0.782457
34 62 0 8 -0.784049
47 75 0 8 -0.785937
30 37 0 8 -0.785974
10 35 0 8 -0.786390
40 61 0 8 -0.786746
34 59 0 8 -0.787032
24 57 0 8 -0.788252
29 64 0 8 -0.789496
12 35 0 8 -0.792914
27 46 0 8 -0.792949
53 65 0 8 -0.793049
15 20 0 8 -0.793474
21 46 0 8 -0.796758
18 27 0 8 -0.800709
24 52 0 8 -0.801008
6 23 0 8 -0.801967
32 47 0 8 -0.802167
26 42 0 8 -0.802919
48 62 0 8 -0.804082
42 74 0 8 -0.804532
4 75 0 8 -0.805989
24 41 0 8 -0.806685
59 72 0 8 -0.806866
31 71 0 8 -0.807751
25 60 0 8 -0.807816
11 47 0 8 -0.807839
33 56 0 8 -0.808114
37 67 0 8 -0.812456
64 69 0 8 -0.813747
30 52 0 8 -0.815126
12 23 0 8 -0.815674
27 71 0 8 -0.816794
14 19 0 8 -0.817668
34 52 0 8 -0.818622
4 12 0 8 -0.818803
13 29 0 8 -0.819295
12 48 0 8 -0.822221
24 59 0 8 -0.823960
23 40 0 8 -0.824600
18 54 0 8 -0.827422
29 53 0 8 -0.827841
28 72 0 8 -0.830092
15 27 0 8 -0.830107
43 58 0 8 -0.830193
21 73 0 8 -0.831320
9 30 0 8 -0.831723
28 69 0 8 -0.832219
4 56 0 8 -0.832748
6 39 0 8 -0.833148
5 28 0 8 -0.833406
56 74 0 8 -0.833791
40 69 0 8 -0.835488
8 61 0 8 -0.835918
14 21 0 8 -0.836143
39 65 0 8 -0.836815
65 71 0 8 -0.840003
25 47 0 8 -0.841001
4 42 0 8 -0.842818
13 34 0 8 -0.844169
4 68 0 8 -0.844733
45 52 0 8 -0.845224
12 32 0 8 -0.845627
51 68 0 8 -0.845657
41 74 0 8 -0.845808
20 58 0 8 -0.846348
22 71 0 8 -0.846495
11 66 0 8 -0.846776
18 23 0 8 -0.846989
29 61 0 8 -0.847223
35 70 0 8 -0.847431
4 49 0 8 -0.847825
6 32 0 8 -0.848769
18 66 0 8 -0.850022
10 32 0 8 -0.851152
59 73 0 8 -0.851499
3 52 0 8 -0.852176
10 18 0 8 -0.852451
6 37 0 8 -0.852895
24 67 0 8 -0.853150
64 72 0 8 -0.854916
7 54 0 8 -0.856090
33 43 0 8 -0.857884
12 59 0 8 -0.858615
41 70 0 8 -0.861362
3 65 0 8 -0.861427
15 52 0 8 -0.861996
60 74 0 8 -0.862481
38 49 0 8 -0.864282
5 63 0 8 -0.866378
28 52 0 8 -0.866802
22 35 0 8 -0.867263
4 17 0 8 -0.872338
25 44 0 8 -0.872430
26 37 0 8 -0.874238
10 33 0 8 -0.874834
3 56 0 8 -0.875017
38 74 0 8 -0.876373
25 35 0 8 -0.876463
15 61 0 8 -0.877541
28 51 0 8 -0.877640
13 65 0 8 -0.880156
3 11 0 8 -0.881156
14 29 0 8 -0.881567
4 38 0 8 -0.882119
22 29 0 8 -0.882856
8 55 0 8 -0.886583
15 45 0 8 -0.886894
32 49 0 8 -0.887743
35 42 0 8 -0.888775
6 59 0 8 -0.889307
27 35 0 8 -0.890160
15 25 0 8 -0.893503
12 61 0 8 -0.894098
14 48 0 8 -0.894213
11 63 0 8 -0.894225
8 33 0 8 -0.898574
29 46 0 8 -0.899401
30 55 0 8 -0.902191
11 54 0 8 -0.904315
25 69 0 8 -0.905361
59 65 0 8 -0.905428
4 43 0 8 -0.905570
13 68 0 8 -0.906257
6 11 0 8 -0.907642
60 75 0 8 -0.907961
29 49 0 8 -0.909136
9 16 0 8 -0.909990
26 74 0 8 -0.911233
30 40 0 8 -0.913103
32 42 0 8 -0.913384
14 60 0 8 -0.914856
10 29 0 8 -0.916032
26 58 0 8 -0.917719
13 38 0 8 -0.918011
10 15 0 8 -0.918542
10 22 0 8 -0.919915
13 50 0 8 -0.921021
10 28 0 8 -0.921035
51 57 0 8 -0.921958
23 50 0 8 -0.923640
19 33 0 8 -0.923846
16 49 0 8 -0.924672
26 59 0 8 -0.925132
4 39 0 8 -0.926006
25 53 0 8 -0.926432
23 68 0 8 -0.928751
10 57 0 8 -0.929352
27 68 0 8 -0.929884
6 26 0 8 -0.930725
49 62 0 8 -0.936484
32 62 0 8 -0.937214
6 31 0 8 -0.937424
4 45 0 8 -0.937449
16 75 0 8 -0.938374
4 55 0 8 -0.941191
8 67 0 8 -0.942445
56 75 0 8 -0.943871
52 66 0 8 -0.945076
25 41 0 8 -0.945724
46 62 0 8 -0.946545
8 46 0 8 -0.946691
27 53 0 8 -0.947375
54 65 0 8 -0.951595
7 39 0 8 -0.953352
20 29 0 8 -0.953901
2 44 0 8 -0.953902
6 41 0 8 -0.955157
8 45 0 8 -0.956583
23 59 0 8 -0.958840
24 72 0 8 -0.960370
32 63 0 8 -0.960696
17 49 0 8 -0.961616
4 13 0 8 -0.962605
27 37 0 8 -0.962700
34 75 0 8 -0.962958
7 64 0 8 -0.964592
50 70 0 8 -0.965470
30 50 0 8 -0.968120
4 19 0 8 -0.971034
32 53 0 8 -0.979490
15 75 0 8 -0.979870
33 46 0 8 -0.980269
39 72 0 8 -0.981210
18 32 0 8 -0.982519
12 46 0 8 -0.983912
9 42 0 8 -0.984000
29 54 0 8 -0.984417
10 40 0 8 -0.985401
45 69 0 8 -0.985960
15 56 0 8 -0.986968
5 32 0 8 -0.987495
23 43 0 8 -0.988120
13 26 0 8 -0.988192
35 43 0 8 -0.989539
18 28 0 8 -0.990224
14 54 0 8 -0.990327
16 27 0 8 -0.991542
19 46 0 8 -0.992175
19 37 0 8 -0.992329
13 24 0 8 -0.992943
6 44 0 8 -0.993318
44 73 0 8 -0.994769
6 68 0 8 -0.995361
31 51 0 8 -0.995512
49 66 0 8 -0.996563
30 43 0 8 -0.998097
7 32 0 8 -0.999110
17 40 0 8 -0.999883
7 30 0 8 -1.000260
5 37 0 8 -1.001699
7 23 0 8 -1.003305
29 72 0 8 -1.003852
6 38 0 8 -1.005028
12 43 0 8 -1.006213
3 63 0 8 -1.006219
5 69 0 8 -1.007421
16 70 0 8 -1.008183
43 70 0 8 -1.009305
41 68 0 8 -1.010001
4 62 0 8 -1.011008
28 63 0 8 -1.011651
30 67 0 8 -1.012143
45 60 0 8 -1.012354
15 59 0 8 -1.014480
23 75 0 8 -1.020118
42 71 0 8 -1.020422
7 41 0 8 -1.020856
12 34 0 8 -1.025602
11 32 0 8 -1.026946
8 43 0 8 -1.028156
27 41 0 8 -1.028679
12 49 0 8 -1.031325
29 66 0 8 -1.032611
33 42 0 8 -1.034123
24 63 0 8 -1.038291
17 59 0 8 -1.038903
24 42 0 8 -1.039465
22 34 0 8 -1.041554
35 61 0 8 -1.043007
6 45 0 8 -1.044464
11 72 0 8 -1.044504
26 39 0 8 -1.046746
37 46 0 8 -1.047525
7 16 0 8 -1.047636
31 49 0 8 -1.048514
29 50 0 8 -1.052364
32 50 0 8 -1.052880
6 63 0 8 -1.053375
14 28 0 8 -1.053539
22 31 0 8 -1.056319
13 62 0 8 -1.056459
14 61 0 8 -1.057281
32 43 0 8 -1.057282
21 55 0 8 -1.058803
43 71 0 8 -1.058921
24 73 0 8 -1.060693
4 71 0 8 -1.061140
8 52 0 8 -1.062203
10 30 0 8 -1.062859
24 50 0 8 -1.064904
30 35 0 8 -1.065561
14 72 0 8 -1.065732
21 66 0 8 -1.066653
21 50 0 8 -1.067792
16 31 0 8 -1.068868
34 51 0 8 -1.070829
25 71 0 8 -1.071467
52 64 0 8 -1.071831
14 52 0 8 -1.074108
8 71 0 8 -1.074339
33 48 0 8 -1.074706
20 59 0 8 -1.074958
62 70 0 8 -1.076433
50 73 0 8 -1.077241
30 42 0 8 -1.077469
5 62 0 8 -1.077513
50 67 0 8 -1.077903
28 59 0 8 -1.079738
14 33 0 8 -1.081434
10 38 0 8 -1.082024
10 31 0 8 -1.082937
10 44 0 8 -1.085160
6 35 0 8 -1.087313
17 44 0 8 -1.087912
25 43 0 8 -1.088933
21 47 0 8 -1.089051
14 70 0 8 -1.090204
25 42 0 8 -1.090624
26 68 0 8 -1.092495
45 54 0 8 -1.093622
18 41 0 8 -1.094241
34 63 0 8 -1.094937
19 24 0 8 -1.096505
63 70 0 8 -1.097050
8 28 0 8 -1.098505
8 56 0 8 -1.100395
16 68 0 8 -1.101399
23 42 0 8 -1.102676
6 33 0 8 -1.103611
8 54 0 8 -1.105217
20 56 0 8 -1.106906
37 54 0 8 -1.109938
35 67 0 8 -1.110833
4 70 0 8 -1.113415
35 49 0 8 -1.114273
16 34 0 8 -1.114984
29 65 0 8 -1.117768
19 30 0 8 -1.124835
39 53 0 8 -1.127014
6 27 0 8 -1.128188
19 56 0 8 -1.128488
28 42 0 8 -1.129285
30 58 0 8 -1.130320
47 70 0 8 -1.131111
34 55 0 8 -1.131541
13 32 0 8 -1.132982
17 69 0 8 -1.133068
45 56 0 8 -1.133696
39 71 0 8 -1.133986
38 55 0 8 -1.134339
19 38 0 8 -1.136930
31 43 0 8 -1.138526
56 71 0 8 -1.139560
35 69 0 8 -1.140853
8 62 0 8 -1.141910
7 26 0 8 -1.146231
19 65 0 8 -1.147349
39 63 0 8 -1.147826
41 49 0 8 -1.148448
28 55 0 8 -1.150147
26 52 0 8 -1.151242
22 37 0 8 -1.152195
7 29 0 8 -1.153281
7 31 0 8 -1.153734
50 71 0 8 -1.155913
47 66 0 8 -1.157436
28 58 0 8 -1.158211
16 57 0 8 -1.161993
20 71 0 8 -1.162029
18 39 0 8 -1.162081
21 41 0 8 -1.162435
21 32 0 8 -1.162869
57 66 0 8 -1.163194
19 53 0 8 -1.163303
14 24 0 8 -1.163677
15 74 0 8 -1.164051
35 40 0 8 -1.168743
44 72 0 8 -1.169448
28 48 0 8 -1.169818
20 26 0 8 -1.170079
10 16 0 8 -1.171807
7 47 0 8 -1.172495
8 42 0 8 -1.173148
7 34 0 8 -1.174372
53 64 0 8 -1.175259
35 58 0 8 -1.176852
24 43 0 8 -1.177551
10 27 0 8 -1.184055
26 41 0 8 -1.185888
57 70 0 8 -1.188279
22 57 0 8 -1.188565
11 39 0 8 -1.191221
26 61 0 8 -1.193057
45 67 0 8 -1.193058
49 63 0 8 -1.193492
21 45 0 8 -1.194301
24 68 0 8 -1.199270
12 44 0 8 -1.203479
23 60 0 8 -1.207829
11 19 0 8 -1.208216
37 51 0 8 -1.208254
25 59 0 8 -1.208907
32 67 0 8 -1.212928
58 70 0 8 -1.213422
39 49 0 8 -1.216185
47 63 0 8 -1.218977
5 34 0 8 -1.219605
32 45 0 8 -1.219969
29 70 0 8 -1.220842
10 64 0 8 -1.221556
19 44 0 8 -1.221930
6 54 0 8 -1.224191
14 65 0 8 -1.225112
39 73 0 8 -1.227149
25 38 0 8 -1.228018
44 64 0 8 -1.228356
41 73 0 8 -1.230688
24 55 0 8 -1.230971
25 39 0 8 -1.231076
22 28 0 8 -1.233078
9 47 0 8 -1.233767
28 50 0 8 -1.236001
41 61 0 8 -1.237573
47 69 0 8 -1.239697
57 64 0 8 -1.243357
4 44 0 8 -1.245898
4 50 0 8 -1.246544
10 71 0 8 -1.246592
27 39 0 8 -1.253166
15 43 0 8 -1.256339
4 47 0 8 -1.259057
26 60 0 8 -1.260287
17 66 0 8 -1.260592
47 64 0 8 -1.260732
33 53 0 8 -1.272154
21 65 0 8 -1.272367
18 31 0 8 -1.279043
47 71 0 8 -1.279528
15 48 0 8 -1.279911
21 37 0 8 -1.281742
55 67 0 8 -1.283463
12 66 0 8 -1.286542
3 44 0 8 -1.288267
15 23 0 8 -1.292244
49 59 0 8 -1.292284
44 65 0 8 -1.292393
15 50 0 8 -1.292774
41 72 0 8 -1.293706
7 40 0 8 -1.293867
28 56 0 8 -1.296506
21 33 0 8 -1.296800
24 32 0 8 -1.300430
56 67 0 8 -1.301164
30 51 0 8 -1.307056
61 69 0 8 -1.308956
31 38 0 8 -1.311903
25 34 0 8 -1.313085
34 46 0 8 -1.317710
14 31 0 8 -1.324526
6 17 0 8 -1.324590
14 32 0 8 -1.325088
8 16 0 8 -1.325895
6 67 0 8 -1.332061
26 63 0 8 -1.332649
20 47 0 8 -1.332734
26 57 0 8 -1.337624
15 58 0 8 -1.342941
12 67 0 8 -1.345267
30 69 0 8 -1.347017
17 45 0 8 -1.351163
19 39 0 8 -1.351170
17 41 0 8 -1.352859
4 27 0 8 -1.353988
32 51 0 8 -1.356022
11 43 0 8 -1.358651
11 51 0 8 -1.362901
43 66 0 8 -1.363129
37 60 0 8 -1.364610
15 35 0 8 -1.364630
42 73 0 8 -1.368378
51 62 0 8 -1.369437
4 63 0 8 -1.371194
10 24 0 8 -1.377537
16 67 0 8 -1.378027
29 44 0 8 -1.390536
13 42 0 8 -1.391388
18 59 0 8 -1.391528
6 42 0 8 -1.393435
15 31 0 8 -1.396440
57 65 0 8 -1.398324
4 29 0 8 -1.399975
48 69 0 8 -1.400288
17 61 0 8 -1.407108
18 69 0 8 -1.410074
47 58 0 8 -1.410262
15 64 0 8 -1.421326
29 55 0 8 -1.422620
59 66 0 8 -1.422777
15 67 0 8 -1.423784
26 49 0 8 -1.425152
5 56 0 8 -1.425728
49 69 0 8 -1.426359
46 71 0 8 -1.426955
16 39 0 8 -1.428988
20 42 0 8 -1.429030
14 20 0 8 -1.434412
30 49 0 8 -1.436802
21 56 0 8 -1.438254
6 40 0 8 -1.438619
10 54 0 8 -1.441182
7 62 0 8 -1.443740
15 68 0 8 -1.445803
23 47 0 8 -1.445852
8 32 0 8 -1.446520
37 57 0 8 -1.447195
29 73 0 8 -1.458327
16 40 0 8 -1.459793
4 59 0 8 -1.461303
55 62 0 8 -1.463796
29 69 0 8 -1.463828
53 58 0 8 -1.465131
11 67 0 8 -1.465648
38 69 0 8 -1.466484
8 18 0 8 -1.470291
10 34 0 8 -1.471363
39 66 0 8 -1.475171
16 35 0 8 -1.480361
40 66 0 8 -1.482956
15 73 0 8 -1.484110
40 71 0 8 -1.487840
30 71 0 8 -1.487958
17 31 0 8 -1.488219
9 34 0 8 -1.491628
34 74 0 8 -1.492373
23 58 0 8 -1.499983
26 48 0 8 -1.506264
41 69 0 8 -1.510710
24 44 0 8 -1.513089
34 72 0 8 -1.513621
38 50 0 8 -1.517110
29 48 0 8 -1.524277
49 57 0 8 -1.526237
10 56 0 8 -1.526515
27 62 0 8 -1.527068
12 69 0 8 -1.528133
27 44 0 8 -1.533803
23 41 0 8 -1.533914
39 67 0 8 -1.537330
27 49 0 8 -1.542996
20 60 0 8 -1.544507
12 57 0 8 -1.549272
20 40 0 8 -1.549854
48 56 0 8 -1.553123
19 41 0 8 -1.562745
31 56 0 8 -1.569215
21 62 0 8 -1.572860
45 61 0 8 -1.580866
12 65 0 8 -1.586416
15 49 0 8 -1.586691
45 58 0 8 -1.587723
51 60 0 8 -1.589443
34 50 0 8 -1.589615
38 71 0 8 -1.590950
15 57 0 8 -1.591091
31 60 0 8 -1.602707
32 44 0 8 -1.615039
8 39 0 8 -1.618610
29 57 0 8 -1.640713
23 55 0 8 -1.657495
17 60 0 8 -1.658135
41 63 0 8 -1.658347
23 38 0 8 -1.658585
4 60 0 8 -1.670127
12 29 0 8 -1.677642
34 71 0 8 -1.682840
39 74 0 8 -1.685828
43 65 0 8 -1.688048
42 66 0 8 -1.689656
30 41 0 8 -1.690985
8 40 0 8 -1.697144
45 63 0 8 -1.700336
12 63 0 8 -1.703212
6 60 0 8 -1.710590
34 48 0 8 -1.712393
60 67 0 8 -1.715594
37 66 0 8 -1.727972
62 72 0 8 -1.728443
20 69 0 8 -1.731371
21 60 0 8 -1.736263
40 58 0 8 -1.740218
11 62 0 8 -1.744237
15 66 0 8 -1.745918
18 56 0 8 -1.748368
9 56 0 8 -1.754058
27 56 0 8 -1.773681
8 37 0 8 -1.775596
27 48 0 8 -1.781549
34 70 0 8 -1.803886
11 50 0 8 -1.804372
3 38 0 8 -1.806114
24 60 0 8 -1.807695
27 58 0 8 -1.811004
13 60 0 8 -1.824106
27 60 0 8 -1.840142
17 55 0 8 -1.853822
60 66 0 8 -1.854299
12 60 0 8 -1.864151
39 69 0 8 -1.872463
13 39 0 8 -1.873805
5 39 0 8 -1.874047
17 58 0 8 -1.874164
24 56 0 8 -1.875659
34 58 0 8 -1.880967
12 28 0 8 -1.882259
56 66 0 8 -1.884531
8 63 0 8 -1.885553
17 62 0 8 -1.889374
57 68 0 8 -1.890975
11 37 0 8 -1.907053
31 45 0 8 -1.908021
10 62 0 8 -1.914135
14 57 0 8 -1.914715
27 59 0 8 -1.923056
30 47 0 8 -1.923086
26 47 0 8 -1.923815
8 38 0 8 -1.926691
38 58 0 8 -1.944277
26 56 0 8 -1.949651
40 54 0 8 -1.952548
34 67 0 8 -1.960864
22 44 0 8 -1.962820
14 58 0 8 -1.977720
44 69 0 8 -1.980099
42 69 0 8 -1.995545
38 64 0 8 -1.999769
18 62 0 8 -2.045538
17 56 0 8 -2.051011
53 62 0 8 -2.061523
39 45 0 8 -2.064572
16 29 0 8 -2.097612
12 39 0 8 -2.128467
8 58 0 8 -2.163369
16 62 0 8 -2.168811
22 38 0 8 -2.171610
8 60 0 8 -2.189922
39 57 0 8 -2.210834
11 30 0 8 -2.219840
39 61 0 8 -2.233542
34 61 0 8 -2.253601
34 66 0 8 -2.384189
31 44 0 8 -2.387977
44 58 0 8 -2.404913
20 44 0 8 -2.419388
34 49 0 8 -2.497334
24 38 0 8 -2.529691
34 69 0 8 -2.558674
14 63 0 8 -2.778201
19 34 0 8 -2.824119
24 34 0 8 -2.844586
