4 45 0 8 14.358235
45 55 0 8 13.967633
16 27 0 8 13.271078
15 23 0 8 11.788288
19 39 0 8 10.491886
11 45 0 8 8.792200
18 39 0 8 7.001461
21 61 0 8 6.928163
36 42 0 8 6.703025
35 57 0 8 5.843176
41 57 0 8 5.761467
16 24 0 8 5.398558
44 58 0 8 5.376310
11 29 0 8 5.315107
15 52 0 8 5.144541
21 27 0 8 4.984611
3 63 0 8 4.967568
45 53 0 8 4.965249
48 54 0 8 4.732141
6 42 0 8 4.657291
4 11 0 8 4.605865
29 55 0 8 4.604571
15 26 0 8 4.498126
29 45 0 8 4.366608
43 53 0 8 4.211621
6 36 0 8 4.199551
35 67 0 8 4.194154
23 58 0 8 4.185094
47 68 0 8 4.105791
29 40 0 8 4.088129
42 59 0 8 4.075002
42 62 0 8 4.059698
13 50 0 8 3.969497
13 51 0 8 3.955457
23 61 0 8 3.952731
66 72 0 8 3.887203
14 29 0 8 3.873260
18 25 0 8 3.862173
69 75 0 8 3.845519
36 62 0 8 3.841592
27 39 0 8 3.840402
24 49 0 8 3.766704
16 44 0 8 3.734432
55 60 0 8 3.698375
17 61 0 8 3.675490
17 25 0 8 3.641477
14 55 0 8 3.596109
36 60 0 8 3.593708
46 64 0 8 3.590676
19 41 0 8 3.554543
14 28 0 8 3.522532
14 47 0 8 3.516040
11 50 0 8 3.436893
34 71 0 8 3.257681
60 65 0 8 3.254939
32 42 0 8 3.192773
29 35 0 8 3.160392
47 74 0 8 3.153929
64 73 0 8 3.148094
27 63 0 8 3.139843
27 74 0 8 3.130980
7 37 0 8 3.109566
30 51 0 8 3.062827
42 65 0 8 3.046829
33 40 0 8 3.040975
51 71 0 8 3.038895
56 67 0 8 3.033913
68 73 0 8 3.033180
27 35 0 8 3.026417
42 60 0 8 3.025174
22 34 0 8 2.969238
15 54 0 8 2.966937
62 69 0 8 2.928699
46 72 0 8 2.920876
4 12 0 8 2.892177
24 35 0 8 2.876915
39 67 0 8 2.870654
64 75 0 8 2.840730
58 68 0 8 2.828623
39 72 0 8 2.732774
42 55 0 8 2.723254
12 73 0 8 2.710019
8 37 0 8 2.681529
66 71 0 8 2.671077
67 74 0 8 2.647464
46 56 0 8 2.638765
23 56 0 8 2.570833
6 32 0 8 2.549141
21 74 0 8 2.542792
68 75 0 8 2.542658
14 32 0 8 2.540159
40 71 0 8 2.508410
39 57 0 8 2.487850
13 28 0 8 2.484156
19 65 0 8 2.467687
48 70 0 8 2.466788
12 20 0 8 2.459872
24 75 0 8 2.454009
25 60 0 8 2.451762
22 75 0 8 2.444376
15 60 0 8 2.442619
49 73 0 8 2.424519
40 73 0 8 2.422578
63 74 0 8 2.421440
31 69 0 8 2.416462
14 69 0 8 2.412754
18 24 0 8 2.401383
64 71 0 8 2.400161
47 61 0 8 2.385077
19 61 0 8 2.382646
28 46 0 8 2.382303
13 57 0 8 2.365813
46 51 0 8 2.343705
18 51 0 8 2.341316
12 29 0 8 2.336438
64 70 0 8 2.330034
49 72 0 8 2.317255
9 14 0 8 2.310766
4 10 0 8 2.310491
45 50 0 8 2.306455
37 46 0 8 2.272613
37 64 0 8 2.264064
57 62 0 8 2.250098
5 41 0 8 2.249755
31 37 0 8 2.245282
56 69 0 8 2.243790
30 39 0 8 2.236441
56 64 0 8 2.233309
40 64 0 8 2.214981
36 59 0 8 2.196275
53 63 0 8 2.195478
49 68 0 8 2.192835
30 35 0 8 2.179490
5 46 0 8 2.177330
68 76 0 8 2.170861
46 63 0 8 2.151966
18 58 0 8 2.136342
8 67 0 8 2.124829
17 46 0 8 2.119016
63 68 0 8 2.100763
5 29 0 8 2.095086
45 71 0 8 2.095055
16 57 0 8 2.090231
10 54 0 8 2.059704
22 73 0 8 2.056973
5 34 0 8 2.054532
17 23 0 8 2.040322
25 42 0 8 2.032033
45 68 0 8 2.028749
34 46 0 8 2.017808
42 69 0 8 2.009603
19 57 0 8 2.008834
23 50 0 8 1.990760
33 57 0 8 1.978091
28 64 0 8 1.964478
15 44 0 8 1.955968
5 44 0 8 1.947307
41 66 0 8 1.944256
25 52 0 8 1.929526
23 55 0 8 1.927899
65 72 0 8 1.924519
8 15 0 8 1.924399
20 50 0 8 1.922395
40 57 0 8 1.903654
22 38 0 8 1.900487
65 73 0 8 1.893054
25 62 0 8 1.883254
13 24 0 8 1.869180
25 31 0 8 1.864190
5 10 0 8 1.863307
48 63 0 8 1.856569
6 60 0 8 1.837998
64 72 0 8 1.837179
47 64 0 8 1.823307
39 61 0 8 1.819816
10 24 0 8 1.819040
30 73 0 8 1.799610
56 72 0 8 1.783177
55 62 0 8 1.774083
58 66 0 8 1.766195
3 10 0 8 1.761039
11 34 0 8 1.760673
20 54 0 8 1.755639
10 16 0 8 1.741297
18 76 0 8 1.738090
19 66 0 8 1.729370
44 71 0 8 1.729341
47 66 0 8 1.729330
14 43 0 8 1.727511
37 58 0 8 1.726929
17 56 0 8 1.712587
46 54 0 8 1.712541
15 68 0 8 1.708151
36 41 0 8 1.700823
34 47 0 8 1.700759
22 47 0 8 1.696845
12 51 0 8 1.696661
57 72 0 8 1.696078
35 64 0 8 1.690219
10 47 0 8 1.684745
59 65 0 8 1.675002
38 74 0 8 1.663749
49 67 0 8 1.659815
31 75 0 8 1.651361
11 30 0 8 1.650761
59 68 0 8 1.631265
17 74 0 8 1.628139
40 69 0 8 1.627972
3 58 0 8 1.627559
37 57 0 8 1.618805
13 22 0 8 1.617630
8 16 0 8 1.616328
30 64 0 8 1.614454
64 74 0 8 1.595718
6 62 0 8 1.582844
10 46 0 8 1.582424
47 56 0 8 1.568615
48 55 0 8 1.558132
40 65 0 8 1.549123
23 54 0 8 1.545194
39 49 0 8 1.543417
42 52 0 8 1.543364
27 58 0 8 1.536874
34 51 0 8 1.532791
56 68 0 8 1.531974
24 39 0 8 1.520009
57 71 0 8 1.515664
39 66 0 8 1.513998
40 54 0 8 1.498870
54 61 0 8 1.498453
28 59 0 8 1.498111
20 28 0 8 1.492329
10 48 0 8 1.482872
12 40 0 8 1.475168
56 76 0 8 1.473726
30 41 0 8 1.473411
61 74 0 8 1.462310
27 61 0 8 1.448495
25 44 0 8 1.437692
17 76 0 8 1.434357
11 38 0 8 1.430328
15 42 0 8 1.424778
7 28 0 8 1.422183
34 72 0 8 1.420099
17 54 0 8 1.413708
24 58 0 8 1.413632
22 71 0 8 1.408959
26 42 0 8 1.401520
6 13 0 8 1.393131
28 37 0 8 1.390723
19 24 0 8 1.390147
63 71 0 8 1.382126
30 38 0 8 1.375586
21 60 0 8 1.362697
32 70 0 8 1.354560
27 34 0 8 1.354165
47 63 0 8 1.354069
15 32 0 8 1.351365
38 70 0 8 1.345141
34 40 0 8 1.344901
6 55 0 8 1.343850
13 19 0 8 1.338480
63 73 0 8 1.333702
8 23 0 8 1.332879
21 46 0 8 1.331672
19 27 0 8 1.329433
12 53 0 8 1.317468
3 71 0 8 1.316764
16 56 0 8 1.316679
21 59 0 8 1.315368
10 45 0 8 1.312377
37 74 0 8 1.312069
22 31 0 8 1.311570
49 54 0 8 1.310330
15 46 0 8 1.292595
22 39 0 8 1.292528
35 65 0 8 1.292265
19 68 0 8 1.286629
9 43 0 8 1.283371
45 72 0 8 1.276751
5 56 0 8 1.270346
23 41 0 8 1.270098
26 36 0 8 1.264062
66 74 0 8 1.258790
47 73 0 8 1.256430
37 75 0 8 1.250761
2 12 0 8 1.250311
30 40 0 8 1.247346
3 74 0 8 1.233225
29 56 0 8 1.228797
26 44 0 8 1.228150
36 69 0 8 1.224121
40 52 0 8 1.221460
67 76 0 8 1.211292
8 68 0 8 1.208263
41 53 0 8 1.208090
37 69 0 8 1.206432
6 41 0 8 1.206267
7 38 0 8 1.201688
33 60 0 8 1.183833
37 49 0 8 1.179309
17 26 0 8 1.172944
9 53 0 8 1.171294
12 28 0 8 1.170038
50 56 0 8 1.167543
30 59 0 8 1.166702
40 72 0 8 1.166592
54 67 0 8 1.161096
15 65 0 8 1.155592
17 59 0 8 1.155422
5 62 0 8 1.152600
5 17 0 8 1.148340
33 75 0 8 1.146887
71 76 0 8 1.142463
15 36 0 8 1.133681
21 44 0 8 1.132932
5 16 0 8 1.130534
16 45 0 8 1.128194
17 67 0 8 1.127060
8 75 0 8 1.125542
43 55 0 8 1.124592
48 74 0 8 1.122582
12 49 0 8 1.121445
32 60 0 8 1.118988
25 36 0 8 1.116787
21 76 0 8 1.116731
45 60 0 8 1.115690
25 47 0 8 1.111224
58 76 0 8 1.105388
26 66 0 8 1.105080
48 65 0 8 1.099354
51 69 0 8 1.098622
5 31 0 8 1.095909
33 45 0 8 1.091384
33 46 0 8 1.091133
63 70 0 8 1.090374
8 48 0 8 1.089700
6 11 0 8 1.087854
27 70 0 8 1.086351
3 68 0 8 1.083254
67 75 0 8 1.081840
7 40 0 8 1.080133
2 66 0 8 1.078923
7 34 0 8 1.076289
5 20 0 8 1.075911
11 33 0 8 1.073377
37 60 0 8 1.071902
10 22 0 8 1.070337
50 74 0 8 1.066706
33 73 0 8 1.063943
18 63 0 8 1.058765
18 49 0 8 1.050068
5 22 0 8 1.049530
45 54 0 8 1.046794
40 76 0 8 1.041321
8 29 0 8 1.037596
32 43 0 8 1.036324
3 8 0 8 1.034907
7 27 0 8 1.030826
29 47 0 8 1.030365
7 33 0 8 1.029642
38 62 0 8 1.029593
18 23 0 8 1.027075
65 76 0 8 1.024117
48 53 0 8 1.017625
5 12 0 8 1.014732
5 58 0 8 1.012292
44 53 0 8 1.010639
31 51 0 8 1.010020
28 65 0 8 1.009444
5 39 0 8 1.007106
15 58 0 8 1.003391
7 44 0 8 1.000278
52 67 0 8 0.993947
17 41 0 8 0.992918
6 26 0 8 0.992467
48 56 0 8 0.988773
14 58 0 8 0.986672
39 70 0 8 0.985718
47 60 0 8 0.983219
35 63 0 8 0.974101
49 75 0 8 0.973216
30 60 0 8 0.972068
55 70 0 8 0.969247
25 61 0 8 0.966977
38 50 0 8 0.964897
58 75 0 8 0.962165
38 52 0 8 0.952697
33 38 0 8 0.951236
2 68 0 8 0.949729
43 66 0 8 0.945462
37 44 0 8 0.944336
20 66 0 8 0.944213
26 38 0 8 0.942523
11 24 0 8 0.940864
49 61 0 8 0.939652
20 34 0 8 0.928234
12 58 0 8 0.927441
13 18 0 8 0.927166
54 65 0 8 0.923995
7 45 0 8 0.919451
23 72 0 8 0.913365
35 49 0 8 0.904613
31 48 0 8 0.902080
5 37 0 8 0.898592
20 41 0 8 0.888319
42 61 0 8 0.883791
13 55 0 8 0.880530
17 70 0 8 0.878632
45 65 0 8 0.873296
16 39 0 8 0.872510
5 30 0 8 0.871666
5 67 0 8 0.871101
14 49 0 8 0.870403
20 58 0 8 0.868903
51 64 0 8 0.866610
51 65 0 8 0.865909
9 57 0 8 0.860039
36 43 0 8 0.860028
13 36 0 8 0.858716
37 50 0 8 0.857332
44 59 0 8 0.852546
2 10 0 8 0.851139
19 26 0 8 0.841643
59 64 0 8 0.838688
7 32 0 8 0.837349
5 51 0 8 0.835053
23 52 0 8 0.834946
9 52 0 8 0.833192
46 69 0 8 0.833039
39 51 0 8 0.831622
44 62 0 8 0.827079
61 69 0 8 0.824242
49 76 0 8 0.818677
3 23 0 8 0.818557
4 20 0 8 0.817290
12 43 0 8 0.816810
54 62 0 8 0.815685
19 70 0 8 0.814295
24 51 0 8 0.811469
18 26 0 8 0.810546
4 74 0 8 0.807571
23 62 0 8 0.806268
67 72 0 8 0.805417
11 65 0 8 0.803185
15 50 0 8 0.801998
29 68 0 8 0.800077
55 71 0 8 0.798766
11 28 0 8 0.797173
53 64 0 8 0.792023
43 54 0 8 0.791250
41 60 0 8 0.789163
17 49 0 8 0.782757
7 58 0 8 0.777152
3 44 0 8 0.771026
41 54 0 8 0.769636
30 55 0 8 0.766223
16 46 0 8 0.764710
40 66 0 8 0.764636
10 51 0 8 0.759775
36 65 0 8 0.756899
36 55 0 8 0.755768
10 33 0 8 0.752016
3 17 0 8 0.751199
12 54 0 8 0.746735
19 35 0 8 0.746178
31 67 0 8 0.745089
25 49 0 8 0.742166
34 59 0 8 0.742122
44 55 0 8 0.741386
11 18 0 8 0.733265
51 67 0 8 0.733082
27 43 0 8 0.732872
22 61 0 8 0.731867
25 69 0 8 0.729011
14 73 0 8 0.728060
17 38 0 8 0.726786
57 67 0 8 0.722385
53 65 0 8 0.722153
66 75 0 8 0.720731
27 47 0 8 0.720656
58 72 0 8 0.719314
13 25 0 8 0.718944
23 60 0 8 0.717861
9 31 0 8 0.716816
11 20 0 8 0.716355
21 47 0 8 0.715578
17 68 0 8 0.710386
11 35 0 8 0.707800
36 46 0 8 0.707326
5 68 0 8 0.704654
59 66 0 8 0.703614
59 72 0 8 0.700609
17 55 0 8 0.699662
13 20 0 8 0.699229
35 40 0 8 0.699142
16 26 0 8 0.699038
42 67 0 8 0.693045
14 39 0 8 0.689082
14 61 0 8 0.682867
32 44 0 8 0.678895
32 62 0 8 0.678611
66 73 0 8 0.666497
36 63 0 8 0.665495
3 64 0 8 0.664804
34 75 0 8 0.662428
9 21 0 8 0.661518
19 49 0 8 0.660710
61 67 0 8 0.660210
5 33 0 8 0.657821
13 54 0 8 0.652677
13 52 0 8 0.651637
28 43 0 8 0.650341
46 61 0 8 0.650132
9 33 0 8 0.646124
28 69 0 8 0.645679
7 13 0 8 0.639692
6 12 0 8 0.637917
59 73 0 8 0.636531
40 70 0 8 0.631878
22 48 0 8 0.631158
33 50 0 8 0.629927
32 46 0 8 0.627094
13 48 0 8 0.615070
32 56 0 8 0.613122
31 49 0 8 0.609887
3 60 0 8 0.609240
20 27 0 8 0.607414
7 20 0 8 0.605154
13 31 0 8 0.598506
48 71 0 8 0.597828
12 25 0 8 0.593416
15 62 0 8 0.592768
3 12 0 8 0.585594
15 51 0 8 0.585074
38 61 0 8 0.582871
2 26 0 8 0.578545
6 59 0 8 0.577499
32 54 0 8 0.575148
20 40 0 8 0.573054
7 12 0 8 0.572617
28 35 0 8 0.571352
35 55 0 8 0.568660
8 35 0 8 0.568497
43 57 0 8 0.567289
10 61 0 8 0.565118
9 62 0 8 0.564987
22 29 0 8 0.563160
4 19 0 8 0.558172
41 59 0 8 0.557279
10 15 0 8 0.556979
59 70 0 8 0.553155
33 70 0 8 0.549471
21 51 0 8 0.549154
16 75 0 8 0.540989
6 63 0 8 0.538046
30 70 0 8 0.536054
14 36 0 8 0.528944
30 47 0 8 0.528862
59 76 0 8 0.528834
47 58 0 8 0.527164
10 31 0 8 0.526636
36 52 0 8 0.524495
29 73 0 8 0.522815
33 43 0 8 0.518707
40 49 0 8 0.518358
13 42 0 8 0.518117
32 65 0 8 0.512860
30 52 0 8 0.511291
2 71 0 8 0.509226
31 47 0 8 0.508779
2 15 0 8 0.499245
9 37 0 8 0.498092
2 40 0 8 0.497979
20 38 0 8 0.497864
2 24 0 8 0.497379
54 71 0 8 0.496865
44 67 0 8 0.496001
29 57 0 8 0.494446
22 37 0 8 0.487998
14 52 0 8 0.487778
19 38 0 8 0.486622
11 32 0 8 0.486437
12 30 0 8 0.476599
16 40 0 8 0.475579
19 30 0 8 0.473181
4 54 0 8 0.468693
18 48 0 8 0.466688
42 72 0 8 0.462108
28 63 0 8 0.461851
9 32 0 8 0.460995
38 44 0 8 0.460800
29 38 0 8 0.460640
27 76 0 8 0.459549
27 66 0 8 0.458172
33 47 0 8 0.455826
58 67 0 8 0.445343
26 32 0 8 0.444006
26 52 0 8 0.443258
21 75 0 8 0.442939
21 49 0 8 0.440027
10 56 0 8 0.436418
61 75 0 8 0.435900
35 51 0 8 0.435883
27 46 0 8 0.435683
42 73 0 8 0.432921
28 38 0 8 0.430803
32 53 0 8 0.429477
26 48 0 8 0.428966
41 56 0 8 0.428311
42 50 0 8 0.426447
5 64 0 8 0.426374
24 30 0 8 0.425664
7 30 0 8 0.425512
17 24 0 8 0.424299
47 69 0 8 0.423769
19 72 0 8 0.422728
70 76 0 8 0.422173
27 38 0 8 0.421650
38 75 0 8 0.417677
21 26 0 8 0.417588
20 33 0 8 0.415006
4 38 0 8 0.414297
6 44 0 8 0.412354
25 65 0 8 0.412167
43 63 0 8 0.409405
20 37 0 8 0.402051
20 61 0 8 0.399103
18 41 0 8 0.396025
29 52 0 8 0.391858
15 67 0 8 0.391607
9 16 0 8 0.385771
14 45 0 8 0.381473
9 25 0 8 0.377400
8 61 0 8 0.376360
36 45 0 8 0.375888
6 25 0 8 0.374747
16 32 0 8 0.370185
35 60 0 8 0.368979
9 36 0 8 0.368573
34 68 0 8 0.365623
49 71 0 8 0.364772
62 68 0 8 0.364372
30 72 0 8 0.363849
7 23 0 8 0.361469
35 41 0 8 0.358887
24 66 0 8 0.354261
48 72 0 8 0.350514
13 26 0 8 0.350172
27 51 0 8 0.348285
32 63 0 8 0.346836
44 75 0 8 0.345737
27 68 0 8 0.344087
21 56 0 8 0.342009
41 58 0 8 0.339083
70 75 0 8 0.338150
41 76 0 8 0.337328
39 65 0 8 0.334098
53 70 0 8 0.330283
22 60 0 8 0.329718
3 16 0 8 0.327040
28 76 0 8 0.325248
27 71 0 8 0.324674
25 50 0 8 0.321660
53 62 0 8 0.320912
14 33 0 8 0.319921
47 75 0 8 0.319902
18 38 0 8 0.319690
51 76 0 8 0.314339
32 59 0 8 0.312937
18 44 0 8 0.311798
6 54 0 8 0.309896
17 51 0 8 0.307074
3 67 0 8 0.305836
2 27 0 8 0.305299
37 71 0 8 0.304590
44 76 0 8 0.302065
22 44 0 8 0.301899
43 52 0 8 0.301884
5 13 0 8 0.301671
8 70 0 8 0.292054
17 60 0 8 0.287354
2 67 0 8 0.286698
10 67 0 8 0.285600
54 70 0 8 0.284300
19 31 0 8 0.283563
9 45 0 8 0.281658
29 46 0 8 0.280314
15 53 0 8 0.279208
19 34 0 8 0.277028
26 40 0 8 0.276379
9 70 0 8 0.275356
8 19 0 8 0.274524
27 32 0 8 0.273929
2 8 0 8 0.273267
41 52 0 8 0.271564
16 66 0 8 0.269597
6 34 0 8 0.266055
4 26 0 8 0.265887
40 51 0 8 0.265247
30 37 0 8 0.263239
30 74 0 8 0.262731
3 66 0 8 0.261641
7 51 0 8 0.259226
27 48 0 8 0.256886
54 60 0 8 0.250627
3 14 0 8 0.246302
50 70 0 8 0.246188
4 29 0 8 0.244905
21 37 0 8 0.244774
21 40 0 8 0.243897
18 40 0 8 0.239680
13 53 0 8 0.236877
25 74 0 8 0.236739
55 72 0 8 0.236706
7 72 0 8 0.231472
2 58 0 8 0.230092
4 49 0 8 0.229534
21 43 0 8 0.229260
6 37 0 8 0.225714
9 39 0 8 0.223702
41 55 0 8 0.222792
28 33 0 8 0.222473
27 59 0 8 0.219251
20 31 0 8 0.218192
21 54 0 8 0.217556
29 43 0 8 0.215477
7 36 0 8 0.215112
8 69 0 8 0.215062
43 61 0 8 0.214992
32 55 0 8 0.212349
60 73 0 8 0.211906
11 26 0 8 0.210990
30 62 0 8 0.210740
46 74 0 8 0.208928
53 75 0 8 0.208510
17 58 0 8 0.206580
61 72 0 8 0.204526
12 32 0 8 0.203566
2 30 0 8 0.203250
2 46 0 8 0.203067
14 31 0 8 0.201925
12 52 0 8 0.201783
47 62 0 8 0.201672
3 40 0 8 0.200970
3 33 0 8 0.200776
21 33 0 8 0.199940
30 68 0 8 0.199176
23 44 0 8 0.199170
33 76 0 8 0.198789
19 28 0 8 0.198681
10 50 0 8 0.198469
2 76 0 8 0.197188
26 31 0 8 0.197164
8 49 0 8 0.196266
4 71 0 8 0.195788
16 53 0 8 0.192509
21 45 0 8 0.192159
26 69 0 8 0.191624
4 21 0 8 0.191534
9 44 0 8 0.189787
50 73 0 8 0.188681
7 50 0 8 0.187137
57 73 0 8 0.183869
6 23 0 8 0.183853
30 76 0 8 0.183814
59 74 0 8 0.183806
38 69 0 8 0.182930
23 69 0 8 0.181946
2 23 0 8 0.181122
10 17 0 8 0.180471
32 76 0 8 0.179306
25 53 0 8 0.176579
22 51 0 8 0.176053
51 56 0 8 0.173110
34 58 0 8 0.172531
2 7 0 8 0.172040
47 52 0 8 0.171805
24 57 0 8 0.166924
39 74 0 8 0.164168
6 24 0 8 0.160807
61 68 0 8 0.159838
22 74 0 8 0.159807
53 72 0 8 0.159514
22 46 0 8 0.158989
27 73 0 8 0.158657
36 64 0 8 0.156179
55 74 0 8 0.153913
11 48 0 8 0.153392
8 34 0 8 0.153001
2 49 0 8 0.152697
33 51 0 8 0.152282
25 51 0 8 0.149330
12 34 0 8 0.148917
51 74 0 8 0.148428
30 56 0 8 0.147626
4 67 0 8 0.147075
2 16 0 8 0.146622
5 69 0 8 0.144178
25 66 0 8 0.141914
34 56 0 8 0.141109
26 73 0 8 0.140068
32 52 0 8 0.138839
28 44 0 8 0.138125
17 43 0 8 0.137877
8 41 0 8 0.137788
33 66 0 8 0.137550
69 76 0 8 0.137264
34 39 0 8 0.134648
27 69 0 8 0.134410
9 15 0 8 0.134133
24 44 0 8 0.133020
57 65 0 8 0.129776
50 55 0 8 0.128661
22 67 0 8 0.128440
20 46 0 8 0.126732
62 72 0 8 0.122724
4 9 0 8 0.120349
28 49 0 8 0.119775
8 25 0 8 0.117990
51 57 0 8 0.117806
26 33 0 8 0.116839
3 15 0 8 0.115575
27 33 0 8 0.114484
10 26 0 8 0.111111
7 39 0 8 0.109991
5 75 0 8 0.109333
36 54 0 8 0.109214
15 55 0 8 0.109086
23 36 0 8 0.108656
45 56 0 8 0.108637
8 55 0 8 0.107913
3 56 0 8 0.107702
62 76 0 8 0.106746
49 69 0 8 0.106703
55 64 0 8 0.106002
13 47 0 8 0.105001
26 53 0 8 0.103866
38 67 0 8 0.103512
25 59 0 8 0.103311
61 66 0 8 0.102666
48 61 0 8 0.102650
23 37 0 8 0.100816
14 23 0 8 0.100203
28 34 0 8 0.099088
23 29 0 8 0.099059
7 62 0 8 0.096223
41 69 0 8 0.093039
13 46 0 8 0.092083
49 56 0 8 0.091130
41 70 0 8 0.090479
25 38 0 8 0.088817
31 38 0 8 0.087834
3 20 0 8 0.087433
12 31 0 8 0.085313
10 19 0 8 0.085216
28 36 0 8 0.082979
36 76 0 8 0.082209
30 63 0 8 0.080633
53 69 0 8 0.079247
29 36 0 8 0.077941
26 70 0 8 0.077194
3 28 0 8 0.076474
25 32 0 8 0.075269
9 72 0 8 0.074965
7 46 0 8 0.069485
38 58 0 8 0.068192
17 27 0 8 0.063948
2 20 0 8 0.061849
19 75 0 8 0.061162
40 67 0 8 0.060597
2 14 0 8 0.059432
66 76 0 8 0.057432
17 48 0 8 0.056446
26 50 0 8 0.055839
4 51 0 8 0.055380
56 66 0 8 0.053796
19 59 0 8 0.053029
8 57 0 8 0.052584
52 66 0 8 0.052523
18 46 0 8 0.052346
25 45 0 8 0.051609
10 29 0 8 0.051460
6 28 0 8 0.049711
29 64 0 8 0.049414
54 69 0 8 0.048916
3 46 0 8 0.043173
13 37 0 8 0.042897
41 65 0 8 0.041848
33 74 0 8 0.041422
12 75 0 8 0.041319
6 14 0 8 0.040856
20 74 0 8 0.040824
3 76 0 8 0.039899
6 69 0 8 0.039877
51 75 0 8 0.038930
28 66 0 8 0.036544
45 73 0 8 0.035699
15 40 0 8 0.035210
22 35 0 8 0.033867
31 57 0 8 0.032373
24 34 0 8 0.032235
53 61 0 8 0.030956
33 42 0 8 0.030696
44 52 0 8 0.028873
35 72 0 8 0.028082
21 68 0 8 0.019874
6 15 0 8 0.018861
23 49 0 8 0.017085
14 30 0 8 0.016587
4 16 0 8 0.014675
58 64 0 8 0.013368
46 66 0 8 0.013230
35 53 0 8 0.011714
14 53 0 8 0.009803
53 71 0 8 0.009225
50 66 0 8 0.007696
3 11 0 8 0.006705
54 59 0 8 0.000492
1 6 0 8 0.000000
1 7 0 8 0.000000
1 8 0 8 0.000000
1 9 0 8 0.000000
1 10 0 8 0.000000
1 11 0 8 0.000000
1 12 0 8 0.000000
1 13 0 8 0.000000
1 14 0 8 0.000000
1 15 0 8 0.000000
1 16 0 8 0.000000
1 17 0 8 0.000000
1 18 0 8 0.000000
1 19 0 8 0.000000
1 20 0 8 0.000000
1 21 0 8 0.000000
1 22 0 8 0.000000
1 23 0 8 0.000000
1 24 0 8 0.000000
1 25 0 8 0.000000
1 26 0 8 0.000000
1 27 0 8 0.000000
1 28 0 8 0.000000
1 29 0 8 0.000000
1 30 0 8 0.000000
1 31 0 8 0.000000
1 32 0 8 0.000000
1 33 0 8 0.000000
1 34 0 8 0.000000
1 35 0 8 0.000000
1 36 0 8 0.000000
1 37 0 8 0.000000
1 38 0 8 0.000000
1 39 0 8 0.000000
1 40 0 8 0.000000
1 41 0 8 0.000000
1 42 0 8 0.000000
1 43 0 8 0.000000
1 44 0 8 0.000000
1 45 0 8 0.000000
1 46 0 8 0.000000
1 47 0 8 0.000000
1 48 0 8 0.000000
1 49 0 8 0.000000
1 50 0 8 0.000000
1 51 0 8 0.000000
1 52 0 8 0.000000
1 53 0 8 0.000000
1 54 0 8 0.000000
1 55 0 8 0.000000
1 56 0 8 0.000000
1 57 0 8 0.000000
1 58 0 8 0.000000
1 59 0 8 0.000000
1 60 0 8 0.000000
1 61 0 8 0.000000
1 62 0 8 0.000000
1 63 0 8 0.000000
1 64 0 8 0.000000
1 65 0 8 0.000000
1 66 0 8 0.000000
1 67 0 8 0.000000
1 68 0 8 0.000000
1 69 0 8 0.000000
1 70 0 8 0.000000
1 71 0 8 0.000000
1 72 0 8 0.000000
1 73 0 8 0.000000
1 74 0 8 0.000000
1 75 0 8 0.000000
1 76 0 8 0.000000
7 60 0 8 -0.001276
31 40 0 8 -0.002784
31 56 0 8 -0.003780
8 32 0 8 -0.004534
2 64 0 8 -0.006272
6 65 0 8 -0.009845
36 53 0 8 -0.010808
25 41 0 8 -0.011643
56 62 0 8 -0.012874
18 70 0 8 -0.013479
32 41 0 8 -0.014265
15 24 0 8 -0.014547
55 68 0 8 -0.015360
31 76 0 8 -0.020125
51 73 0 8 -0.020490
32 61 0 8 -0.020948
46 59 0 8 -0.022366
14 70 0 8 -0.024351
18 57 0 8 -0.025945
50 62 0 8 -0.026744
36 61 0 8 -0.027212
44 66 0 8 -0.028016
23 59 0 8 -0.028740
52 58 0 8 -0.029146
37 76 0 8 -0.029464
33 62 0 8 -0.029713
49 57 0 8 -0.030139
3 21 0 8 -0.031494
10 65 0 8 -0.032594
46 57 0 8 -0.033328
3 9 0 8 -0.035737
19 74 0 8 -0.036109
11 43 0 8 -0.038108
34 48 0 8 -0.042046
19 40 0 8 -0.044422
3 39 0 8 -0.045552
17 36 0 8 -0.045775
22 66 0 8 -0.046378
2 34 0 8 -0.047322
31 61 0 8 -0.047676
13 75 0 8 -0.047854
21 35 0 8 -0.048284
2 75 0 8 -0.048615
2 25 0 8 -0.051342
8 31 0 8 -0.052116
2 61 0 8 -0.053288
24 67 0 8 -0.053617
17 30 0 8 -0.054188
14 38 0 8 -0.056136
28 53 0 8 -0.057897
9 41 0 8 -0.058971
51 63 0 8 -0.058975
28 52 0 8 -0.059236
15 66 0 8 -0.060772
30 44 0 8 -0.061777
22 58 0 8 -0.065464
26 49 0 8 -0.066284
22 43 0 8 -0.067302
12 44 0 8 -0.069823
57 69 0 8 -0.071669
12 66 0 8 -0.074769
41 73 0 8 -0.076648
43 62 0 8 -0.077898
49 70 0 8 -0.078617
28 71 0 8 -0.079128
30 50 0 8 -0.079715
2 11 0 8 -0.086729
24 56 0 8 -0.087882
43 69 0 8 -0.088361
7 57 0 8 -0.089415
13 69 0 8 -0.090859
3 47 0 8 -0.095513
46 62 0 8 -0.097305
14 37 0 8 -0.098167
7 67 0 8 -0.099020
62 75 0 8 -0.100414
25 57 0 8 -0.100657
26 34 0 8 -0.101133
18 69 0 8 -0.103869
41 67 0 8 -0.105737
17 50 0 8 -0.106785
13 29 0 8 -0.107298
26 56 0 8 -0.108098
7 71 0 8 -0.108518
12 65 0 8 -0.109976
53 58 0 8 -0.111459
2 59 0 8 -0.115651
9 50 0 8 -0.118937
6 17 0 8 -0.119144
33 53 0 8 -0.119203
3 59 0 8 -0.120903
4 48 0 8 -0.121042
54 74 0 8 -0.122457
60 72 0 8 -0.122536
12 57 0 8 -0.128123
41 68 0 8 -0.128582
42 71 0 8 -0.130037
23 48 0 8 -0.130177
8 46 0 8 -0.131994
18 56 0 8 -0.132004
8 56 0 8 -0.132598
50 72 0 8 -0.132653
65 70 0 8 -0.134204
59 69 0 8 -0.137059
38 60 0 8 -0.137084
20 76 0 8 -0.138520
14 40 0 8 -0.139378
5 24 0 8 -0.141446
8 45 0 8 -0.141508
14 20 0 8 -0.143287
58 74 0 8 -0.143565
41 49 0 8 -0.146243
63 76 0 8 -0.147068
19 51 0 8 -0.147409
31 55 0 8 -0.152857
24 47 0 8 -0.153146
13 66 0 8 -0.154686
16 64 0 8 -0.155076
12 64 0 8 -0.155117
43 74 0 8 -0.157997
37 59 0 8 -0.159145
4 18 0 8 -0.160177
11 21 0 8 -0.161493
11 56 0 8 -0.162710
10 37 0 8 -0.163363
2 9 0 8 -0.163598
8 71 0 8 -0.164866
2 50 0 8 -0.165013
24 69 0 8 -0.165041
9 22 0 8 -0.166463
20 51 0 8 -0.166663
2 70 0 8 -0.167844
2 43 0 8 -0.168568
3 18 0 8 -0.170699
18 34 0 8 -0.172317
8 39 0 8 -0.172871
8 13 0 8 -0.175348
9 17 0 8 -0.175449
39 75 0 8 -0.175556
8 43 0 8 -0.175658
2 73 0 8 -0.175853
7 59 0 8 -0.175868
4 64 0 8 -0.176047
8 26 0 8 -0.177135
24 65 0 8 -0.180104
9 54 0 8 -0.180644
29 34 0 8 -0.182190
44 64 0 8 -0.182364
10 35 0 8 -0.183019
22 63 0 8 -0.183547
48 67 0 8 -0.183650
46 75 0 8 -0.185107
7 31 0 8 -0.185869
8 63 0 8 -0.187301
18 36 0 8 -0.187591
25 70 0 8 -0.188798
26 55 0 8 -0.188852
61 73 0 8 -0.189221
9 19 0 8 -0.189750
15 45 0 8 -0.191538
24 54 0 8 -0.193587
12 21 0 8 -0.194308
2 53 0 8 -0.194328
38 45 0 8 -0.194352
43 68 0 8 -0.196306
8 20 0 8 -0.199640
2 56 0 8 -0.201574
44 69 0 8 -0.202582
47 59 0 8 -0.204033
35 74 0 8 -0.204155
10 28 0 8 -0.204612
13 33 0 8 -0.205338
23 31 0 8 -0.206849
10 55 0 8 -0.207639
15 22 0 8 -0.207974
7 55 0 8 -0.208866
64 76 0 8 -0.209674
16 28 0 8 -0.210108
46 73 0 8 -0.212621
15 43 0 8 -0.214805
35 75 0 8 -0.214908
43 56 0 8 -0.218092
65 71 0 8 -0.218148
37 68 0 8 -0.218462
5 43 0 8 -0.220667
26 41 0 8 -0.223191
13 65 0 8 -0.223524
2 54 0 8 -0.224636
4 56 0 8 -0.224798
36 56 0 8 -0.225432
44 70 0 8 -0.226792
10 63 0 8 -0.226916
33 44 0 8 -0.227322
49 74 0 8 -0.228476
26 60 0 8 -0.229269
37 61 0 8 -0.230145
4 43 0 8 -0.230802
7 24 0 8 -0.231257
16 43 0 8 -0.231511
4 41 0 8 -0.231690
12 22 0 8 -0.232020
2 39 0 8 -0.232027
48 66 0 8 -0.232184
50 76 0 8 -0.233860
18 73 0 8 -0.235562
60 76 0 8 -0.235938
3 37 0 8 -0.236937
20 44 0 8 -0.237593
2 32 0 8 -0.238998
6 43 0 8 -0.239190
52 59 0 8 -0.241501
30 49 0 8 -0.241638
38 66 0 8 -0.241718
11 61 0 8 -0.242267
2 52 0 8 -0.243988
16 70 0 8 -0.244465
43 75 0 8 -0.246963
45 69 0 8 -0.247401
2 69 0 8 -0.247462
27 41 0 8 -0.249211
41 50 0 8 -0.249691
24 41 0 8 -0.250301
14 26 0 8 -0.250750
58 70 0 8 -0.251238
7 14 0 8 -0.251577
21 50 0 8 -0.257055
33 39 0 8 -0.258616
29 62 0 8 -0.258834
17 32 0 8 -0.260083
9 30 0 8 -0.261292
3 65 0 8 -0.261830
6 66 0 8 -0.262646
36 50 0 8 -0.262677
35 43 0 8 -0.263919
38 68 0 8 -0.264502
10 25 0 8 -0.265040
6 57 0 8 -0.265161
6 76 0 8 -0.269485
43 58 0 8 -0.271858
9 63 0 8 -0.271884
13 30 0 8 -0.272976
20 72 0 8 -0.274132
2 35 0 8 -0.274424
2 18 0 8 -0.274518
24 29 0 8 -0.274813
4 72 0 8 -0.276239
42 56 0 8 -0.276301
35 50 0 8 -0.278844
13 73 0 8 -0.279557
2 19 0 8 -0.282920
36 44 0 8 -0.285666
7 66 0 8 -0.287236
9 56 0 8 -0.287701
2 48 0 8 -0.288224
18 52 0 8 -0.290742
43 76 0 8 -0.291203
43 60 0 8 -0.291212
4 24 0 8 -0.291443
11 74 0 8 -0.292026
28 67 0 8 -0.292185
2 21 0 8 -0.292790
20 69 0 8 -0.294437
19 47 0 8 -0.295244
10 34 0 8 -0.295407
29 53 0 8 -0.295534
7 22 0 8 -0.296339
32 69 0 8 -0.297486
4 52 0 8 -0.297923
3 70 0 8 -0.301344
20 56 0 8 -0.301703
8 22 0 8 -0.301848
22 40 0 8 -0.302167
2 44 0 8 -0.303401
2 33 0 8 -0.304136
57 70 0 8 -0.304218
20 47 0 8 -0.304763
44 73 0 8 -0.306493
3 49 0 8 -0.307753
8 59 0 8 -0.307901
40 63 0 8 -0.307954
15 61 0 8 -0.308289
42 53 0 8 -0.309441
53 66 0 8 -0.309477
41 71 0 8 -0.311507
53 76 0 8 -0.312269
21 53 0 8 -0.312624
41 74 0 8 -0.312853
31 43 0 8 -0.313045
14 41 0 8 -0.313356
8 66 0 8 -0.314845
9 65 0 8 -0.314974
6 18 0 8 -0.316808
9 27 0 8 -0.317286
44 56 0 8 -0.319002
3 31 0 8 -0.319301
2 37 0 8 -0.320974
11 39 0 8 -0.324498
28 55 0 8 -0.325642
4 30 0 8 -0.326059
7 52 0 8 -0.326216
5 63 0 8 -0.326433
43 72 0 8 -0.327197
6 70 0 8 -0.328411
45 51 0 8 -0.328681
25 75 0 8 -0.329638
39 76 0 8 -0.330845
9 26 0 8 -0.330945
26 54 0 8 -0.332668
7 47 0 8 -0.333240
31 39 0 8 -0.334306
9 60 0 8 -0.335157
15 56 0 8 -0.335439
23 32 0 8 -0.338400
23 35 0 8 -0.338599
54 63 0 8 -0.338750
28 58 0 8 -0.339891
18 42 0 8 -0.340694
9 69 0 8 -0.342034
26 62 0 8 -0.342202
7 26 0 8 -0.342293
7 18 0 8 -0.342420
12 68 0 8 -0.344193
9 75 0 8 -0.344317
26 47 0 8 -0.344683
23 46 0 8 -0.346726
23 42 0 8 -0.347175
41 46 0 8 -0.347346
7 74 0 8 -0.347464
4 14 0 8 -0.350650
60 69 0 8 -0.350844
30 75 0 8 -0.351581
9 42 0 8 -0.352512
10 76 0 8 -0.353588
50 67 0 8 -0.354416
54 76 0 8 -0.356308
43 70 0 8 -0.357596
28 42 0 8 -0.358215
52 75 0 8 -0.358352
2 74 0 8 -0.359777
36 57 0 8 -0.361114
25 46 0 8 -0.361972
3 35 0 8 -0.362411
42 76 0 8 -0.363455
2 22 0 8 -0.363635
9 76 0 8 -0.363830
6 75 0 8 -0.363949
2 36 0 8 -0.364842
30 46 0 8 -0.364847
24 36 0 8 -0.365755
37 48 0 8 -0.367670
16 41 0 8 -0.368508
21 32 0 8 -0.369000
4 55 0 8 -0.371124
33 49 0 8 -0.372543
26 63 0 8 -0.375220
32 51 0 8 -0.378724
7 64 0 8 -0.378743
9 59 0 8 -0.379290
38 71 0 8 -0.380294
48 57 0 8 -0.381018
10 62 0 8 -0.381105
23 71 0 8 -0.381967
42 57 0 8 -0.382048
43 51 0 8 -0.382566
8 21 0 8 -0.387487
2 51 0 8 -0.389271
6 33 0 8 -0.389391
34 57 0 8 -0.389573
10 58 0 8 -0.390959
42 63 0 8 -0.391116
50 57 0 8 -0.391324
9 18 0 8 -0.394614
22 30 0 8 -0.395279
15 63 0 8 -0.395605
39 52 0 8 -0.396054
11 16 0 8 -0.396392
40 59 0 8 -0.396976
7 16 0 8 -0.397193
2 17 0 8 -0.397552
26 45 0 8 -0.399463
61 76 0 8 -0.403605
10 59 0 8 -0.404447
46 71 0 8 -0.404464
14 22 0 8 -0.405816
21 29 0 8 -0.406160
50 75 0 8 -0.407482
2 63 0 8 -0.408079
8 76 0 8 -0.408451
3 43 0 8 -0.409671
26 76 0 8 -0.409766
20 32 0 8 -0.409893
12 76 0 8 -0.412366
19 58 0 8 -0.412755
31 71 0 8 -0.413310
39 46 0 8 -0.414178
55 66 0 8 -0.419477
15 57 0 8 -0.422555
15 38 0 8 -0.422556
2 72 0 8 -0.422589
9 74 0 8 -0.424565
20 43 0 8 -0.425160
12 19 0 8 -0.425252
10 69 0 8 -0.425822
19 52 0 8 -0.425884
2 42 0 8 -0.425887
38 59 0 8 -0.426336
40 48 0 8 -0.429405
53 59 0 8 -0.431093
32 47 0 8 -0.431253
3 72 0 8 -0.433608
57 76 0 8 -0.435319
16 71 0 8 -0.435852
22 32 0 8 -0.436742
16 52 0 8 -0.439554
43 73 0 8 -0.440023
19 33 0 8 -0.440982
42 70 0 8 -0.442286
9 35 0 8 -0.444423
51 60 0 8 -0.444951
7 19 0 8 -0.445750
10 43 0 8 -0.446106
14 66 0 8 -0.446961
9 64 0 8 -0.446964
26 43 0 8 -0.447196
7 49 0 8 -0.447527
4 65 0 8 -0.449508
15 48 0 8 -0.450436
67 73 0 8 -0.451285
17 63 0 8 -0.452339
7 54 0 8 -0.455876
6 29 0 8 -0.458035
16 73 0 8 -0.458248
40 53 0 8 -0.460705
14 71 0 8 -0.461426
16 22 0 8 -0.462776
16 51 0 8 -0.463592
32 38 0 8 -0.464226
6 52 0 8 -0.464867
2 62 0 8 -0.466784
2 38 0 8 -0.469989
13 62 0 8 -0.469996
3 34 0 8 -0.471249
12 59 0 8 -0.471706
33 56 0 8 -0.472054
32 64 0 8 -0.473379
4 76 0 8 -0.473597
42 75 0 8 -0.475890
15 70 0 8 -0.476494
8 72 0 8 -0.478213
37 43 0 8 -0.478934
17 31 0 8 -0.480285
24 38 0 8 -0.480859
27 52 0 8 -0.482798
35 70 0 8 -0.485493
31 42 0 8 -0.488907
2 29 0 8 -0.489061
10 23 0 8 -0.492161
12 56 0 8 -0.492256
11 42 0 8 -0.492260
35 73 0 8 -0.493349
45 52 0 8 -0.494655
2 60 0 8 -0.494748
41 61 0 8 -0.495237
21 52 0 8 -0.495265
14 72 0 8 -0.495340
7 63 0 8 -0.497889
34 76 0 8 -0.498796
9 23 0 8 -0.501150
27 75 0 8 -0.501639
16 60 0 8 -0.501949
13 56 0 8 -0.502225
7 75 0 8 -0.502280
36 47 0 8 -0.503474
4 35 0 8 -0.504239
2 41 0 8 -0.504256
10 27 0 8 -0.506787
3 13 0 8 -0.506876
57 64 0 8 -0.508194
43 64 0 8 -0.508280
28 73 0 8 -0.508339
24 31 0 8 -0.508597
10 20 0 8 -0.509482
15 25 0 8 -0.512767
5 71 0 8 -0.513227
20 25 0 8 -0.514591
25 64 0 8 -0.514906
68 74 0 8 -0.514950
17 42 0 8 -0.515034
15 59 0 8 -0.515150
20 35 0 8 -0.516160
16 38 0 8 -0.518052
3 75 0 8 -0.518318
23 43 0 8 -0.520021
2 57 0 8 -0.520117
26 59 0 8 -0.522802
10 57 0 8 -0.525343
51 66 0 8 -0.526706
6 56 0 8 -0.526777
40 74 0 8 -0.526995
5 65 0 8 -0.527358
14 44 0 8 -0.527386
3 73 0 8 -0.527763
37 62 0 8 -0.528317
2 31 0 8 -0.528720
21 55 0 8 -0.530257
34 61 0 8 -0.531312
3 32 0 8 -0.531346
12 35 0 8 -0.531703
8 30 0 8 -0.532798
55 67 0 8 -0.533602
25 73 0 8 -0.534544
2 47 0 8 -0.534777
14 25 0 8 -0.537670
2 65 0 8 -0.537945
20 29 0 8 -0.539411
4 61 0 8 -0.540567
38 47 0 8 -0.541303
5 11 0 8 -0.541492
6 73 0 8 -0.541958
52 73 0 8 -0.542332
7 70 0 8 -0.542368
55 73 0 8 -0.544114
3 26 0 8 -0.546733
7 61 0 8 -0.547067
6 21 0 8 -0.552155
35 61 0 8 -0.552507
27 57 0 8 -0.554653
26 71 0 8 -0.557851
21 73 0 8 -0.559375
8 51 0 8 -0.560859
19 56 0 8 -0.562399
4 13 0 8 -0.562698
9 61 0 8 -0.562766
3 27 0 8 -0.564456
31 73 0 8 -0.565118
21 67 0 8 -0.566641
28 39 0 8 -0.570725
17 75 0 8 -0.573377
13 76 0 8 -0.576795
2 55 0 8 -0.578157
11 62 0 8 -0.579314
50 59 0 8 -0.579390
9 34 0 8 -0.579903
7 43 0 8 -0.580118
52 63 0 8 -0.580723
26 67 0 8 -0.580842
22 76 0 8 -0.585215
6 39 0 8 -0.585979
5 14 0 8 -0.587282
8 64 0 8 -0.588407
25 56 0 8 -0.592239
5 21 0 8 -0.592449
32 75 0 8 -0.592505
38 43 0 8 -0.592789
6 16 0 8 -0.593149
51 62 0 8 -0.593591
63 75 0 8 -0.593734
28 62 0 8 -0.594032
54 66 0 8 -0.596595
23 66 0 8 -0.596782
53 73 0 8 -0.596968
64 69 0 8 -0.597253
9 29 0 8 -0.598507
6 30 0 8 -0.599351
31 65 0 8 -0.600323
8 50 0 8 -0.600353
25 43 0 8 -0.600565
13 63 0 8 -0.600693
63 69 0 8 -0.601847
5 72 0 8 -0.602630
26 68 0 8 -0.603996
36 70 0 8 -0.604817
43 59 0 8 -0.607121
31 64 0 8 -0.607191
35 71 0 8 -0.607266
20 70 0 8 -0.607931
21 58 0 8 -0.608672
24 76 0 8 -0.609322
13 23 0 8 -0.609573
51 70 0 8 -0.610071
29 41 0 8 -0.613031
34 43 0 8 -0.613035
48 62 0 8 -0.613899
3 22 0 8 -0.614425
40 75 0 8 -0.615358
16 65 0 8 -0.616940
3 53 0 8 -0.618032
12 62 0 8 -0.618442
18 75 0 8 -0.618535
15 28 0 8 -0.618897
60 74 0 8 -0.619501
9 20 0 8 -0.620753
43 48 0 8 -0.620880
9 55 0 8 -0.622189
45 70 0 8 -0.623235
43 50 0 8 -0.624196
29 37 0 8 -0.625208
24 52 0 8 -0.625936
24 33 0 8 -0.626075
14 76 0 8 -0.628368
42 47 0 8 -0.629636
2 13 0 8 -0.629880
10 49 0 8 -0.630548
50 58 0 8 -0.631005
25 34 0 8 -0.632784
34 65 0 8 -0.633452
10 18 0 8 -0.636000
5 28 0 8 -0.637409
32 73 0 8 -0.637941
5 60 0 8 -0.638035
25 67 0 8 -0.638738
4 46 0 8 -0.642481
31 53 0 8 -0.642618
9 46 0 8 -0.644907
52 76 0 8 -0.646780
61 70 0 8 -0.647449
20 71 0 8 -0.648657
24 40 0 8 -0.651114
8 62 0 8 -0.651311
2 45 0 8 -0.657278
33 72 0 8 -0.657315
16 69 0 8 -0.657637
12 26 0 8 -0.658715
22 57 0 8 -0.659341
52 62 0 8 -0.660168
35 56 0 8 -0.661961
24 37 0 8 -0.662402
13 44 0 8 -0.663806
34 63 0 8 -0.664052
3 24 0 8 -0.664059
17 33 0 8 -0.664668
60 67 0 8 -0.665507
27 65 0 8 -0.665558
12 24 0 8 -0.666172
15 69 0 8 -0.666525
17 62 0 8 -0.666634
42 64 0 8 -0.667741
18 33 0 8 -0.670183
36 66 0 8 -0.670457
57 75 0 8 -0.671090
5 48 0 8 -0.671292
38 53 0 8 -0.672141
38 63 0 8 -0.672560
12 74 0 8 -0.672792
11 76 0 8 -0.673117
3 29 0 8 -0.673202
3 69 0 8 -0.674397
9 73 0 8 -0.674502
12 71 0 8 -0.675786
27 64 0 8 -0.677071
43 49 0 8 -0.677865
7 69 0 8 -0.678053
16 62 0 8 -0.678499
17 47 0 8 -0.682786
35 42 0 8 -0.684402
34 66 0 8 -0.684928
9 38 0 8 -0.686224
17 22 0 8 -0.686633
9 47 0 8 -0.687008
4 53 0 8 -0.688013
10 32 0 8 -0.688134
11 58 0 8 -0.689058
12 27 0 8 -0.690633
33 64 0 8 -0.691953
32 71 0 8 -0.694673
21 31 0 8 -0.696829
6 46 0 8 -0.697490
7 21 0 8 -0.697648
2 28 0 8 -0.697906
41 62 0 8 -0.697962
6 38 0 8 -0.700260
13 41 0 8 -0.701281
8 44 0 8 -0.703940
31 36 0 8 -0.705056
5 19 0 8 -0.705830
17 29 0 8 -0.706407
48 76 0 8 -0.706552
48 69 0 8 -0.706552
56 70 0 8 -0.707501
6 40 0 8 -0.708299
4 32 0 8 -0.708389
3 52 0 8 -0.709614
23 70 0 8 -0.709628
33 65 0 8 -0.710735
54 73 0 8 -0.710811
51 72 0 8 -0.710964
14 42 0 8 -0.711224
53 60 0 8 -0.711710
11 68 0 8 -0.711836
52 57 0 8 -0.712268
6 53 0 8 -0.712536
7 35 0 8 -0.712577
11 40 0 8 -0.712783
4 66 0 8 -0.714012
23 76 0 8 -0.714260
7 15 0 8 -0.714502
29 44 0 8 -0.715139
30 36 0 8 -0.715590
5 76 0 8 -0.716073
22 55 0 8 -0.719036
9 28 0 8 -0.720960
17 52 0 8 -0.721352
32 57 0 8 -0.721796
7 53 0 8 -0.722675
16 33 0 8 -0.722934
28 47 0 8 -0.723119
17 72 0 8 -0.724075
53 68 0 8 -0.724832
6 45 0 8 -0.725623
4 60 0 8 -0.726691
4 62 0 8 -0.726832
5 27 0 8 -0.727159
60 70 0 8 -0.728176
16 48 0 8 -0.729826
28 57 0 8 -0.730868
16 49 0 8 -0.731257
7 42 0 8 -0.731612
45 67 0 8 -0.731884
46 60 0 8 -0.731979
24 61 0 8 -0.732234
21 36 0 8 -0.733448
37 66 0 8 -0.733512
7 76 0 8 -0.734865
12 67 0 8 -0.735983
9 58 0 8 -0.737935
69 74 0 8 -0.738302
37 45 0 8 -0.738545
9 67 0 8 -0.743359
16 23 0 8 -0.745252
19 37 0 8 -0.745487
21 41 0 8 -0.747013
55 63 0 8 -0.747695
24 42 0 8 -0.747891
44 65 0 8 -0.749546
5 73 0 8 -0.751532
16 36 0 8 -0.752520
14 50 0 8 -0.752767
13 32 0 8 -0.755769
38 76 0 8 -0.760248
6 22 0 8 -0.761977
60 68 0 8 -0.762758
25 54 0 8 -0.763117
44 54 0 8 -0.763601
5 32 0 8 -0.765242
18 74 0 8 -0.766332
8 58 0 8 -0.766983
4 31 0 8 -0.767961
10 73 0 8 -0.768761
4 22 0 8 -0.769046
3 61 0 8 -0.769291
8 65 0 8 -0.772859
8 73 0 8 -0.775468
47 65 0 8 -0.776365
9 66 0 8 -0.776437
11 53 0 8 -0.779056
43 65 0 8 -0.779161
16 50 0 8 -0.780704
20 49 0 8 -0.781159
4 36 0 8 -0.781995
3 25 0 8 -0.783925
29 74 0 8 -0.784196
44 68 0 8 -0.784270
4 44 0 8 -0.786181
22 72 0 8 -0.788023
28 70 0 8 -0.788417
15 21 0 8 -0.788745
18 65 0 8 -0.788812
37 42 0 8 -0.788958
30 43 0 8 -0.789403
36 73 0 8 -0.790445
26 57 0 8 -0.790574
36 58 0 8 -0.791572
56 75 0 8 -0.792500
12 38 0 8 -0.794065
20 75 0 8 -0.796250
40 58 0 8 -0.796310
25 63 0 8 -0.797884
26 37 0 8 -0.800243
4 27 0 8 -0.800645
59 71 0 8 -0.800905
51 58 0 8 -0.802204
8 74 0 8 -0.805156
9 51 0 8 -0.806482
15 72 0 8 -0.807335
31 70 0 8 -0.811493
5 15 0 8 -0.811504
32 58 0 8 -0.812669
49 63 0 8 -0.813309
55 65 0 8 -0.814028
5 54 0 8 -0.814320
39 58 0 8 -0.814552
4 68 0 8 -0.815104
16 35 0 8 -0.815662
23 68 0 8 -0.815956
17 53 0 8 -0.817015
21 65 0 8 -0.818254
9 40 0 8 -0.819566
11 25 0 8 -0.821675
41 72 0 8 -0.822514
7 41 0 8 -0.823681
3 54 0 8 -0.824360
49 65 0 8 -0.826671
29 51 0 8 -0.826807
19 43 0 8 -0.827091
4 33 0 8 -0.828308
10 44 0 8 -0.829154
34 55 0 8 -0.830515
10 64 0 8 -0.830735
34 62 0 8 -0.831162
50 64 0 8 -0.831525
33 63 0 8 -0.831693
22 53 0 8 -0.834631
47 70 0 8 -0.836457
42 54 0 8 -0.838319
14 21 0 8 -0.838966
39 45 0 8 -0.840606
31 62 0 8 -0.841719
5 55 0 8 -0.842714
33 55 0 8 -0.844003
59 67 0 8 -0.844348
27 55 0 8 -0.844728
10 75 0 8 -0.845682
6 47 0 8 -0.847735
5 40 0 8 -0.848005
37 53 0 8 -0.848975
8 33 0 8 -0.850230
50 69 0 8 -0.850832
52 60 0 8 -0.851095
3 38 0 8 -0.852714
27 53 0 8 -0.853887
55 76 0 8 -0.857178
33 59 0 8 -0.858172
9 24 0 8 -0.858866
44 61 0 8 -0.859525
18 68 0 8 -0.861213
9 48 0 8 -0.861216
4 59 0 8 -0.861535
10 53 0 8 -0.861793
16 76 0 8 -0.863027
12 60 0 8 -0.864550
23 73 0 8 -0.865003
29 60 0 8 -0.865687
16 58 0 8 -0.867356
33 71 0 8 -0.870250
38 49 0 8 -0.870764
25 76 0 8 -0.870966
5 53 0 8 -0.871018
41 75 0 8 -0.871636
18 53 0 8 -0.871790
18 66 0 8 -0.872487
3 48 0 8 -0.872587
44 60 0 8 -0.873480
22 52 0 8 -0.876479
8 54 0 8 -0.876817
53 74 0 8 -0.877344
52 74 0 8 -0.877906
7 56 0 8 -0.878254
13 61 0 8 -0.879582
44 51 0 8 -0.882101
49 55 0 8 -0.882599
3 50 0 8 -0.883789
18 43 0 8 -0.884047
34 41 0 8 -0.885479
39 71 0 8 -0.886601
3 36 0 8 -0.886672
14 34 0 8 -0.887370
31 63 0 8 -0.887628
4 28 0 8 -0.887918
50 71 0 8 -0.888691
47 53 0 8 -0.888954
56 71 0 8 -0.889916
11 23 0 8 -0.891235
40 62 0 8 -0.892467
27 44 0 8 -0.892799
4 15 0 8 -0.894540
37 47 0 8 -0.896499
31 41 0 8 -0.898934
28 60 0 8 -0.899356
12 45 0 8 -0.899572
7 25 0 8 -0.899793
20 53 0 8 -0.900075
38 72 0 8 -0.900157
33 52 0 8 -0.902390
14 46 0 8 -0.903447
4 58 0 8 -0.904502
32 49 0 8 -0.904968
57 63 0 8 -0.905576
33 69 0 8 -0.905825
14 57 0 8 -0.909487
16 21 0 8 -0.910155
24 43 0 8 -0.914109
18 32 0 8 -0.914639
48 68 0 8 -0.914962
32 68 0 8 -0.915282
6 31 0 8 -0.915596
37 65 0 8 -0.917029
15 76 0 8 -0.917931
13 43 0 8 -0.919135
46 52 0 8 -0.920766
33 68 0 8 -0.922146
37 70 0 8 -0.923611
25 58 0 8 -0.926153
48 59 0 8 -0.928256
11 36 0 8 -0.929554
15 49 0 8 -0.935955
13 67 0 8 -0.936700
33 54 0 8 -0.938645
14 74 0 8 -0.938682
6 64 0 8 -0.940746
47 54 0 8 -0.942825
39 53 0 8 -0.943274
8 47 0 8 -0.943306
6 50 0 8 -0.943392
5 26 0 8 -0.945863
4 75 0 8 -0.946286
4 69 0 8 -0.950133
17 69 0 8 -0.950962
4 39 0 8 -0.954715
5 23 0 8 -0.955365
7 68 0 8 -0.956097
21 63 0 8 -0.956435
11 71 0 8 -0.957168
13 21 0 8 -0.958118
16 55 0 8 -0.958321
24 59 0 8 -0.958340
23 75 0 8 -0.960687
40 68 0 8 -0.963266
48 60 0 8 -0.964653
45 62 0 8 -0.968522
39 47 0 8 -0.968721
32 74 0 8 -0.969769
10 38 0 8 -0.970486
20 52 0 8 -0.975635
37 51 0 8 -0.978695
12 48 0 8 -0.978978
14 65 0 8 -0.979181
28 40 0 8 -0.983756
26 39 0 8 -0.985327
16 30 0 8 -0.985363
19 67 0 8 -0.986648
34 69 0 8 -0.987163
22 33 0 8 -0.988205
11 44 0 8 -0.989960
7 73 0 8 -0.991014
14 75 0 8 -0.992008
6 48 0 8 -0.992049
32 67 0 8 -0.993660
24 68 0 8 -0.994988
9 49 0 8 -0.995001
6 58 0 8 -0.995826
44 63 0 8 -0.997984
33 58 0 8 -0.999062
65 75 0 8 -1.000362
22 41 0 8 -1.000771
10 52 0 8 -1.003143
44 57 0 8 -1.004333
3 41 0 8 -1.005057
33 67 0 8 -1.006734
42 68 0 8 -1.007323
31 60 0 8 -1.008331
23 65 0 8 -1.009329
32 66 0 8 -1.009725
35 76 0 8 -1.011151
52 70 0 8 -1.012449
56 61 0 8 -1.012993
65 74 0 8 -1.013319
14 62 0 8 -1.014470
36 49 0 8 -1.016951
16 54 0 8 -1.017687
57 74 0 8 -1.018854
38 56 0 8 -1.020318
6 35 0 8 -1.021957
22 64 0 8 -1.023031
4 23 0 8 -1.024938
13 34 0 8 -1.028651
18 35 0 8 -1.030256
22 36 0 8 -1.030285
12 63 0 8 -1.033750
8 14 0 8 -1.034989
3 42 0 8 -1.035032
41 48 0 8 -1.035083
8 52 0 8 -1.035143
4 37 0 8 -1.036089
35 47 0 8 -1.037253
31 52 0 8 -1.038124
5 52 0 8 -1.038201
9 68 0 8 -1.038208
43 67 0 8 -1.038862
45 59 0 8 -1.038896
13 49 0 8 -1.038928
23 67 0 8 -1.039391
20 63 0 8 -1.039845
20 26 0 8 -1.040394
14 24 0 8 -1.042255
37 52 0 8 -1.043013
36 68 0 8 -1.046701
29 42 0 8 -1.047706
8 40 0 8 -1.047725
52 69 0 8 -1.048294
40 50 0 8 -1.048632
23 40 0 8 -1.050562
27 40 0 8 -1.051246
19 76 0 8 -1.054217
46 65 0 8 -1.054774
33 41 0 8 -1.055079
39 56 0 8 -1.055194
29 67 0 8 -1.055382
4 70 0 8 -1.063062
11 69 0 8 -1.063433
4 57 0 8 -1.064075
39 50 0 8 -1.064440
25 48 0 8 -1.066804
38 65 0 8 -1.068733
21 34 0 8 -1.072528
5 38 0 8 -1.073275
17 44 0 8 -1.074157
45 63 0 8 -1.074608
15 74 0 8 -1.075973
4 42 0 8 -1.077239
3 30 0 8 -1.077966
15 64 0 8 -1.078537
21 70 0 8 -1.082150
5 49 0 8 -1.082351
21 38 0 8 -1.082546
37 72 0 8 -1.084033
11 72 0 8 -1.089812
27 49 0 8 -1.090651
29 54 0 8 -1.093459
16 37 0 8 -1.094761
14 59 0 8 -1.095231
12 37 0 8 -1.095836
62 70 0 8 -1.096039
52 61 0 8 -1.098463
20 39 0 8 -1.099914
19 71 0 8 -1.100278
55 75 0 8 -1.101416
52 71 0 8 -1.101727
25 33 0 8 -1.103578
16 31 0 8 -1.104011
9 71 0 8 -1.104041
5 66 0 8 -1.105433
29 69 0 8 -1.107868
10 21 0 8 -1.108601
29 70 0 8 -1.111300
4 73 0 8 -1.112123
42 74 0 8 -1.113918
32 40 0 8 -1.114106
43 71 0 8 -1.114121
10 71 0 8 -1.116808
38 73 0 8 -1.116883
15 75 0 8 -1.117371
40 61 0 8 -1.122474
55 69 0 8 -1.122831
28 68 0 8 -1.122955
26 58 0 8 -1.125634
35 59 0 8 -1.127245
54 75 0 8 -1.128487
32 37 0 8 -1.128662
21 30 0 8 -1.131730
5 18 0 8 -1.133544
21 57 0 8 -1.134100
3 62 0 8 -1.134421
23 53 0 8 -1.135081
17 57 0 8 -1.135120
20 60 0 8 -1.135211
15 33 0 8 -1.137270
14 19 0 8 -1.139207
32 50 0 8 -1.141055
25 71 0 8 -1.141248
48 58 0 8 -1.142745
19 53 0 8 -1.144800
26 75 0 8 -1.146098
31 66 0 8 -1.148477
31 50 0 8 -1.148750
26 46 0 8 -1.150891
48 75 0 8 -1.153664
24 63 0 8 -1.154961
29 59 0 8 -1.154966
11 57 0 8 -1.156774
11 51 0 8 -1.158721
14 56 0 8 -1.161214
6 74 0 8 -1.161381
14 67 0 8 -1.161424
12 46 0 8 -1.164679
11 46 0 8 -1.165903
10 39 0 8 -1.170260
22 68 0 8 -1.170502
4 47 0 8 -1.170723
47 76 0 8 -1.174861
3 55 0 8 -1.175199
37 63 0 8 -1.175744
16 25 0 8 -1.176454
35 62 0 8 -1.177427
3 57 0 8 -1.177671
4 17 0 8 -1.180753
45 74 0 8 -1.183048
14 35 0 8 -1.184552
34 53 0 8 -1.185474
42 58 0 8 -1.185500
35 66 0 8 -1.186398
23 57 0 8 -1.186794
50 68 0 8 -1.188692
56 63 0 8 -1.189232
52 64 0 8 -1.192472
27 67 0 8 -1.192472
39 62 0 8 -1.193157
11 73 0 8 -1.194719
24 32 0 8 -1.194960
21 48 0 8 -1.196682
54 68 0 8 -1.198938
56 74 0 8 -1.200578
54 64 0 8 -1.201872
10 41 0 8 -1.204870
11 52 0 8 -1.205601
20 65 0 8 -1.207425
52 65 0 8 -1.208064
44 74 0 8 -1.208075
6 61 0 8 -1.208086
39 44 0 8 -1.208107
24 60 0 8 -1.208637
23 47 0 8 -1.208721
30 67 0 8 -1.210330
25 35 0 8 -1.212224
13 27 0 8 -1.212351
36 67 0 8 -1.215314
59 75 0 8 -1.215964
46 53 0 8 -1.216581
58 71 0 8 -1.221311
4 63 0 8 -1.223540
4 25 0 8 -1.224943
36 75 0 8 -1.225792
14 68 0 8 -1.227266
4 40 0 8 -1.227693
21 69 0 8 -1.227771
25 39 0 8 -1.228248
40 60 0 8 -1.230775
19 32 0 8 -1.232523
18 59 0 8 -1.233026
23 30 0 8 -1.233827
5 45 0 8 -1.236088
29 76 0 8 -1.236807
11 59 0 8 -1.243046
6 27 0 8 -1.243092
28 51 0 8 -1.246095
26 72 0 8 -1.246572
12 17 0 8 -1.248680
37 73 0 8 -1.249037
24 64 0 8 -1.253641
39 48 0 8 -1.254477
32 48 0 8 -1.258137
8 53 0 8 -1.259740
56 65 0 8 -1.259917
6 20 0 8 -1.262961
24 53 0 8 -1.264013
3 51 0 8 -1.265418
4 34 0 8 -1.266374
46 76 0 8 -1.269250
21 64 0 8 -1.269827
19 73 0 8 -1.269951
62 67 0 8 -1.269973
25 55 0 8 -1.270698
15 73 0 8 -1.270814
10 42 0 8 -1.273250
15 34 0 8 -1.275108
10 36 0 8 -1.275491
31 44 0 8 -1.279430
8 24 0 8 -1.279446
5 74 0 8 -1.280169
6 49 0 8 -1.282200
20 30 0 8 -1.283821
17 66 0 8 -1.284294
56 73 0 8 -1.286378
16 59 0 8 -1.286423
37 54 0 8 -1.286755
13 45 0 8 -1.287259
20 64 0 8 -1.289719
50 65 0 8 -1.292189
18 50 0 8 -1.295363
14 54 0 8 -1.297232
12 50 0 8 -1.297472
15 41 0 8 -1.298010
60 75 0 8 -1.298226
12 42 0 8 -1.298806
50 63 0 8 -1.305208
12 70 0 8 -1.312687
34 60 0 8 -1.317426
10 70 0 8 -1.318447
20 57 0 8 -1.318530
45 66 0 8 -1.320715
16 68 0 8 -1.322890
17 45 0 8 -1.325537
31 45 0 8 -1.328410
27 60 0 8 -1.329140
31 54 0 8 -1.331754
18 30 0 8 -1.337172
53 67 0 8 -1.338161
25 72 0 8 -1.338742
19 44 0 8 -1.339115
22 56 0 8 -1.344747
29 39 0 8 -1.345688
30 66 0 8 -1.347523
32 72 0 8 -1.347630
17 65 0 8 -1.348504
4 50 0 8 -1.355502
12 23 0 8 -1.356353
16 42 0 8 -1.356848
23 63 0 8 -1.358059
32 45 0 8 -1.360875
26 74 0 8 -1.361791
35 45 0 8 -1.366122
29 65 0 8 -1.366786
31 68 0 8 -1.368887
27 56 0 8 -1.370120
30 53 0 8 -1.371557
41 64 0 8 -1.372398
11 70 0 8 -1.374822
38 51 0 8 -1.379037
20 59 0 8 -1.379384
28 75 0 8 -1.379604
49 62 0 8 -1.382524
15 71 0 8 -1.385300
20 48 0 8 -1.386231
40 55 0 8 -1.386863
38 54 0 8 -1.394674
6 72 0 8 -1.398657
35 69 0 8 -1.402466
41 63 0 8 -1.403544
21 28 0 8 -1.404185
18 71 0 8 -1.407599
58 69 0 8 -1.411212
31 59 0 8 -1.411457
3 45 0 8 -1.417263
10 74 0 8 -1.418297
24 73 0 8 -1.418431
34 52 0 8 -1.420281
19 50 0 8 -1.420408
36 48 0 8 -1.424884
38 48 0 8 -1.427591
62 73 0 8 -1.428042
16 34 0 8 -1.429025
34 74 0 8 -1.429088
20 36 0 8 -1.430053
18 54 0 8 -1.432662
11 66 0 8 -1.433865
35 54 0 8 -1.434212
30 45 0 8 -1.435115
18 47 0 8 -1.436786
16 61 0 8 -1.437512
60 66 0 8 -1.438119
17 73 0 8 -1.438282
16 47 0 8 -1.440219
16 74 0 8 -1.444016
11 41 0 8 -1.448619
36 72 0 8 -1.451170
54 72 0 8 -1.451216
30 65 0 8 -1.458727
5 47 0 8 -1.459670
11 37 0 8 -1.463428
38 57 0 8 -1.463917
34 42 0 8 -1.465955
21 42 0 8 -1.468251
23 33 0 8 -1.474242
21 66 0 8 -1.475258
16 72 0 8 -1.478124
40 45 0 8 -1.478587
14 64 0 8 -1.481410
18 31 0 8 -1.482280
8 38 0 8 -1.483839
12 36 0 8 -1.483992
26 61 0 8 -1.485138
34 44 0 8 -1.488598
18 64 0 8 -1.490922
34 50 0 8 -1.493410
35 44 0 8 -1.506599
52 68 0 8 -1.508903
39 54 0 8 -1.509305
12 41 0 8 -1.512140
25 40 0 8 -1.512705
5 36 0 8 -1.515222
6 19 0 8 -1.516126
39 73 0 8 -1.516814
25 68 0 8 -1.522419
47 71 0 8 -1.523459
26 35 0 8 -1.525546
34 67 0 8 -1.528006
11 75 0 8 -1.528112
13 59 0 8 -1.531095
18 60 0 8 -1.537060
30 48 0 8 -1.537453
44 72 0 8 -1.538017
50 60 0 8 -1.538730
5 50 0 8 -1.539016
24 46 0 8 -1.539958
12 69 0 8 -1.540874
19 48 0 8 -1.541047
34 64 0 8 -1.543070
10 40 0 8 -1.544484
50 61 0 8 -1.545706
28 48 0 8 -1.553375
35 68 0 8 -1.556494
30 42 0 8 -1.564217
10 66 0 8 -1.565466
19 60 0 8 -1.569131
58 65 0 8 -1.571072
35 46 0 8 -1.572693
28 41 0 8 -1.574157
13 58 0 8 -1.574684
7 17 0 8 -1.574973
11 60 0 8 -1.575285
8 36 0 8 -1.575431
33 48 0 8 -1.579785
30 58 0 8 -1.584860
14 63 0 8 -1.587179
12 47 0 8 -1.587677
35 58 0 8 -1.588184
44 50 0 8 -1.588395
31 74 0 8 -1.590688
25 30 0 8 -1.591954
10 60 0 8 -1.592746
22 69 0 8 -1.595106
39 69 0 8 -1.595909
19 29 0 8 -1.597471
6 71 0 8 -1.598021
19 46 0 8 -1.598207
24 55 0 8 -1.606732
5 70 0 8 -1.607103
45 64 0 8 -1.607226
42 66 0 8 -1.608747
20 73 0 8 -1.609443
31 58 0 8 -1.610378
24 72 0 8 -1.611362
21 72 0 8 -1.615201
24 62 0 8 -1.616788
20 68 0 8 -1.619451
17 37 0 8 -1.619848
13 60 0 8 -1.625637
28 50 0 8 -1.629993
10 30 0 8 -1.630354
17 40 0 8 -1.630884
11 54 0 8 -1.632739
49 60 0 8 -1.636968
19 64 0 8 -1.652283
22 42 0 8 -1.655773
8 17 0 8 -1.656507
45 76 0 8 -1.661105
36 71 0 8 -1.661636
13 40 0 8 -1.664163
15 31 0 8 -1.671017
57 66 0 8 -1.674234
12 55 0 8 -1.676005
5 57 0 8 -1.676635
13 70 0 8 -1.678824
33 61 0 8 -1.681664
24 74 0 8 -1.683044
28 74 0 8 -1.684517
31 72 0 8 -1.684993
26 65 0 8 -1.687979
23 39 0 8 -1.694008
19 36 0 8 -1.694228
18 62 0 8 -1.694742
32 39 0 8 -1.694742
16 67 0 8 -1.694805
8 42 0 8 -1.695620
34 45 0 8 -1.701247
13 39 0 8 -1.703502
27 36 0 8 -1.704625
22 49 0 8 -1.708305
48 73 0 8 -1.714059
19 25 0 8 -1.715593
21 62 0 8 -1.720235
47 67 0 8 -1.721346
49 59 0 8 -1.723483
55 61 0 8 -1.724961
14 60 0 8 -1.726904
11 17 0 8 -1.731236
5 25 0 8 -1.731925
22 54 0 8 -1.737088
17 71 0 8 -1.743412
23 34 0 8 -1.744190
20 42 0 8 -1.745500
20 62 0 8 -1.746169
7 65 0 8 -1.752353
24 70 0 8 -1.755068
22 70 0 8 -1.756122
3 19 0 8 -1.759624
60 71 0 8 -1.759797
47 55 0 8 -1.767233
29 58 0 8 -1.771475
36 74 0 8 -1.774087
42 48 0 8 -1.778180
49 64 0 8 -1.779398
10 72 0 8 -1.780390
29 49 0 8 -1.781045
18 27 0 8 -1.791631
31 46 0 8 -1.792775
46 58 0 8 -1.794097
63 72 0 8 -1.796963
8 60 0 8 -1.800503
29 50 0 8 -1.809277
5 42 0 8 -1.810512
34 70 0 8 -1.814562
47 57 0 8 -1.817374
58 73 0 8 -1.820272
19 69 0 8 -1.821963
23 38 0 8 -1.824466
11 67 0 8 -1.832173
13 74 0 8 -1.834358
46 70 0 8 -1.835088
57 68 0 8 -1.836784
58 63 0 8 -1.837449
21 39 0 8 -1.859774
29 63 0 8 -1.859927
6 68 0 8 -1.860824
22 62 0 8 -1.866773
8 27 0 8 -1.866972
34 73 0 8 -1.868037
15 37 0 8 -1.870070
52 72 0 8 -1.871643
37 56 0 8 -1.874956
18 72 0 8 -1.875045
27 50 0 8 -1.878385
15 27 0 8 -1.878559
39 68 0 8 -1.879280
17 34 0 8 -1.879414
13 35 0 8 -1.884499
18 37 0 8 -1.885386
6 67 0 8 -1.886155
24 48 0 8 -1.888673
28 54 0 8 -1.895280
8 28 0 8 -1.895797
46 55 0 8 -1.895872
61 71 0 8 -1.904627
16 63 0 8 -1.906147
16 29 0 8 -1.907262
22 45 0 8 -1.917453
34 49 0 8 -1.926172
30 54 0 8 -1.928195
40 56 0 8 -1.931750
35 52 0 8 -1.933756
26 64 0 8 -1.936799
27 54 0 8 -1.941539
26 51 0 8 -1.962821
12 33 0 8 -1.969259
41 51 0 8 -1.972152
5 59 0 8 -1.974140
34 54 0 8 -1.984280
22 65 0 8 -1.986631
17 28 0 8 -1.987100
28 72 0 8 -1.987529
14 48 0 8 -1.993323
36 51 0 8 -1.993993
21 71 0 8 -1.996167
45 75 0 8 -1.998065
42 51 0 8 -2.000604
5 61 0 8 -2.003842
24 71 0 8 -2.007308
19 54 0 8 -2.011831
29 72 0 8 -2.012524
44 49 0 8 -2.015433
39 64 0 8 -2.019642
29 48 0 8 -2.027087
22 28 0 8 -2.028196
27 72 0 8 -2.028849
7 48 0 8 -2.029022
6 51 0 8 -2.031903
23 74 0 8 -2.034111
11 19 0 8 -2.039321
38 46 0 8 -2.041102
11 64 0 8 -2.041453
11 22 0 8 -2.050668
39 55 0 8 -2.051541
62 74 0 8 -2.054289
20 55 0 8 -2.057836
25 37 0 8 -2.060603
19 63 0 8 -2.065056
12 18 0 8 -2.071604
27 62 0 8 -2.071875
18 61 0 8 -2.079232
24 50 0 8 -2.095042
12 72 0 8 -2.100166
30 57 0 8 -2.103707
13 72 0 8 -2.106573
46 68 0 8 -2.125637
37 67 0 8 -2.126544
15 20 0 8 -2.134136
22 50 0 8 -2.135442
23 28 0 8 -2.138149
20 45 0 8 -2.149227
5 35 0 8 -2.159817
11 31 0 8 -2.167298
49 66 0 8 -2.170518
24 45 0 8 -2.172386
47 72 0 8 -2.185462
51 59 0 8 -2.186982
23 45 0 8 -2.193446
35 48 0 8 -2.194599
30 71 0 8 -2.201198
11 27 0 8 -2.202053
13 38 0 8 -2.202128
11 47 0 8 -2.212190
22 27 0 8 -2.213926
29 75 0 8 -2.229201
19 42 0 8 -2.236410
28 56 0 8 -2.238145
17 35 0 8 -2.248991
15 29 0 8 -2.254457
17 39 0 8 -2.255435
42 49 0 8 -2.258094
38 64 0 8 -2.287967
28 45 0 8 -2.288601
27 42 0 8 -2.289480
45 58 0 8 -2.298625
49 58 0 8 -2.316577
28 61 0 8 -2.317847
14 51 0 8 -2.318591
46 67 0 8 -2.326165
41 47 0 8 -2.327054
18 28 0 8 -2.327379
7 29 0 8 -2.329510
15 39 0 8 -2.333382
19 62 0 8 -2.344029
30 69 0 8 -2.348086
39 60 0 8 -2.348464
37 55 0 8 -2.350907
8 18 0 8 -2.387380
20 67 0 8 -2.401415
40 47 0 8 -2.426383
10 68 0 8 -2.430137
22 59 0 8 -2.439196
51 61 0 8 -2.444847
29 61 0 8 -2.469035
30 61 0 8 -2.488790
13 64 0 8 -2.555479
11 49 0 8 -2.557991
13 71 0 8 -2.586924
11 63 0 8 -2.588297
29 71 0 8 -2.590430
12 61 0 8 -2.621039
51 68 0 8 -2.629546
39 63 0 8 -2.642242
15 30 0 8 -2.646589
18 55 0 8 -2.668028
40 46 0 8 -2.691870
18 29 0 8 -2.705004
15 35 0 8 -2.712072
48 64 0 8 -2.750241
11 55 0 8 -2.752061
12 39 0 8 -2.778491
62 71 0 8 -2.789742
45 57 0 8 -2.815315
38 55 0 8 -2.819070
39 59 0 8 -2.830445
14 27 0 8 -2.851339
17 64 0 8 -2.889741
18 67 0 8 -2.924147
23 64 0 8 -2.924716
23 51 0 8 -3.094886
19 55 0 8 -3.168017
27 37 0 8 -3.193835
29 66 0 8 -3.194287
18 45 0 8 -3.217525
15 47 0 8 -3.289893
27 45 0 8 -3.291231
19 45 0 8 -3.518116
45 61 0 8 -3.550140
13 68 0 8 -4.218066
