42 75 0 8 16.821762
13 51 0 8 11.508997
53 61 0 8 11.382163
49 65 0 8 10.477528
22 97 0 8 9.529767
17 44 0 8 8.943084
45 67 0 8 8.310457
46 68 0 8 7.311917
20 44 0 8 7.303045
65 94 0 8 7.294875
10 52 0 8 6.723310
42 72 0 8 6.580422
67 92 0 8 6.544123
67 89 0 8 6.501860
50 68 0 8 6.429893
22 90 0 8 6.424439
21 45 0 8 6.321809
73 78 0 8 6.203540
29 90 0 8 5.698279
52 65 0 8 5.543548
42 65 0 8 5.457140
45 64 0 8 5.412622
45 71 0 8 5.353382
24 40 0 8 5.057124
14 48 0 8 5.040235
22 51 0 8 5.022869
39 75 0 8 4.890700
26 90 0 8 4.845909
55 61 0 8 4.764103
24 44 0 8 4.593771
17 28 0 8 4.573512
6 51 0 8 4.522025
34 39 0 8 4.462846
70 85 0 8 4.382912
12 53 0 8 4.335599
65 72 0 8 4.301405
9 53 0 8 4.286336
66 71 0 8 4.280797
81 86 0 8 4.258869
9 54 0 8 4.191520
9 55 0 8 3.986899
63 95 0 8 3.907919
35 77 0 8 3.815779
61 72 0 8 3.765311
6 55 0 8 3.764025
43 49 0 8 3.763205
42 49 0 8 3.705769
64 96 0 8 3.650823
17 51 0 8 3.609313
17 47 0 8 3.560321
21 41 0 8 3.511283
6 95 0 8 3.453196
10 77 0 8 3.451026
17 65 0 8 3.429664
24 37 0 8 3.414007
54 64 0 8 3.410178
25 40 0 8 3.390556
39 65 0 8 3.342952
48 54 0 8 3.272742
39 76 0 8 3.214291
20 40 0 8 3.209064
11 51 0 8 3.206796
55 71 0 8 3.200915
45 55 0 8 3.141971
9 45 0 8 3.120855
9 48 0 8 3.091284
6 12 0 8 3.074439
35 74 0 8 3.064964
39 55 0 8 3.042694
45 54 0 8 3.021981
57 103 0 8 3.010625
6 48 0 8 3.002809
53 71 0 8 2.998075
24 45 0 8 2.976849
60 99 0 8 2.971740
73 82 0 8 2.952162
55 63 0 8 2.944855
73 91 0 8 2.919023
51 96 0 8 2.881038
21 71 0 8 2.877626
29 42 0 8 2.849236
31 37 0 8 2.844596
9 61 0 8 2.840181
33 80 0 8 2.824218
23 98 0 8 2.817600
14 51 0 8 2.788270
7 23 0 8 2.765065
67 96 0 8 2.758922
9 51 0 8 2.756213
15 22 0 8 2.755723
63 74 0 8 2.738154
65 90 0 8 2.736271
24 41 0 8 2.729696
19 97 0 8 2.712391
47 54 0 8 2.697372
56 61 0 8 2.691802
14 100 0 8 2.650858
67 93 0 8 2.646922
17 55 0 8 2.635570
52 61 0 8 2.625543
51 86 0 8 2.624504
77 96 0 8 2.621549
6 54 0 8 2.616489
26 38 0 8 2.609121
24 90 0 8 2.597143
71 93 0 8 2.565230
26 42 0 8 2.554425
11 67 0 8 2.526062
65 75 0 8 2.520001
70 79 0 8 2.519662
87 92 0 8 2.507451
40 83 0 8 2.500714
63 96 0 8 2.491466
41 86 0 8 2.488774
46 65 0 8 2.487237
26 65 0 8 2.481752
36 42 0 8 2.465761
26 97 0 8 2.464342
32 73 0 8 2.462996
7 55 0 8 2.434255
8 19 0 8 2.434191
25 89 0 8 2.433645
16 50 0 8 2.431428
23 58 0 8 2.430215
38 54 0 8 2.428734
42 94 0 8 2.427163
33 79 0 8 2.418545
8 70 0 8 2.413960
26 87 0 8 2.406049
44 51 0 8 2.396766
7 42 0 8 2.384472
4 87 0 8 2.372620
12 61 0 8 2.368311
26 52 0 8 2.365997
44 93 0 8 2.365149
54 61 0 8 2.360806
8 59 0 8 2.352876
39 90 0 8 2.344557
18 67 0 8 2.341361
49 68 0 8 2.333943
21 44 0 8 2.333181
41 60 0 8 2.310024
20 34 0 8 2.307911
16 61 0 8 2.241808
73 79 0 8 2.239903
69 80 0 8 2.220091
81 91 0 8 2.215249
78 83 0 8 2.203633
74 81 0 8 2.170306
9 17 0 8 2.168385
17 48 0 8 2.165794
19 26 0 8 2.153373
36 58 0 8 2.148874
6 34 0 8 2.148021
39 80 0 8 2.139586
17 96 0 8 2.129697
41 59 0 8 2.127301
61 95 0 8 2.127069
22 93 0 8 2.126115
39 45 0 8 2.116689
15 101 0 8 2.114324
42 55 0 8 2.104943
22 87 0 8 2.103963
38 66 0 8 2.103253
74 79 0 8 2.102638
30 35 0 8 2.097771
38 85 0 8 2.095918
91 98 0 8 2.093732
14 41 0 8 2.089879
34 91 0 8 2.089092
53 72 0 8 2.070339
19 30 0 8 2.069632
72 86 0 8 2.068398
16 65 0 8 2.066374
40 48 0 8 2.055001
39 70 0 8 2.051866
25 80 0 8 2.047006
7 103 0 8 2.045157
41 82 0 8 2.041274
12 88 0 8 2.038761
25 64 0 8 2.025824
41 54 0 8 2.024385
22 91 0 8 2.024320
15 48 0 8 2.017115
13 68 0 8 2.015979
16 73 0 8 2.005250
59 100 0 8 2.004748
77 99 0 8 1.995523
10 61 0 8 1.995434
80 98 0 8 1.991029
34 40 0 8 1.989189
19 39 0 8 1.980063
62 76 0 8 1.973585
49 54 0 8 1.967559
20 38 0 8 1.967285
64 69 0 8 1.954413
64 72 0 8 1.951469
8 100 0 8 1.948332
69 78 0 8 1.942097
29 86 0 8 1.941549
79 91 0 8 1.934859
39 78 0 8 1.927423
17 61 0 8 1.917739
17 72 0 8 1.912444
33 88 0 8 1.911082
26 56 0 8 1.905846
55 97 0 8 1.902737
59 84 0 8 1.902704
43 94 0 8 1.900242
60 78 0 8 1.898874
6 45 0 8 1.895639
23 35 0 8 1.890226
52 72 0 8 1.885944
52 67 0 8 1.883653
14 47 0 8 1.880483
54 98 0 8 1.879801
23 89 0 8 1.874300
28 63 0 8 1.874079
41 74 0 8 1.872820
31 66 0 8 1.870563
21 95 0 8 1.870361
36 44 0 8 1.870156
53 65 0 8 1.865245
53 86 0 8 1.858332
59 79 0 8 1.855605
13 50 0 8 1.854458
24 85 0 8 1.851518
47 76 0 8 1.834783
15 97 0 8 1.832315
29 87 0 8 1.831577
47 75 0 8 1.820595
64 92 0 8 1.816259
45 65 0 8 1.806711
20 33 0 8 1.806542
41 91 0 8 1.800998
51 95 0 8 1.798861
13 91 0 8 1.788334
48 64 0 8 1.785597
62 86 0 8 1.778650
5 47 0 8 1.777586
24 36 0 8 1.774572
24 38 0 8 1.772574
16 66 0 8 1.768503
7 25 0 8 1.767789
58 83 0 8 1.747077
73 80 0 8 1.744504
47 66 0 8 1.743928
55 72 0 8 1.742569
28 38 0 8 1.739553
57 97 0 8 1.738236
43 68 0 8 1.726683
39 53 0 8 1.724106
27 33 0 8 1.715803
71 90 0 8 1.705117
7 57 0 8 1.698745
41 92 0 8 1.679117
52 81 0 8 1.676619
35 63 0 8 1.671907
27 66 0 8 1.671208
18 35 0 8 1.665572
9 21 0 8 1.664598
11 23 0 8 1.664524
59 78 0 8 1.658597
70 78 0 8 1.656436
20 35 0 8 1.656436
59 69 0 8 1.655093
55 102 0 8 1.654462
26 94 0 8 1.653891
32 81 0 8 1.649850
24 47 0 8 1.649677
27 76 0 8 1.649203
31 42 0 8 1.647992
81 92 0 8 1.645615
76 87 0 8 1.643842
17 42 0 8 1.639009
19 24 0 8 1.636039
21 93 0 8 1.631910
15 98 0 8 1.619347
33 84 0 8 1.616824
11 60 0 8 1.615936
93 101 0 8 1.615930
73 97 0 8 1.611932
78 98 0 8 1.610451
85 95 0 8 1.608534
12 51 0 8 1.604606
60 67 0 8 1.602440
6 57 0 8 1.584491
12 54 0 8 1.581662
19 58 0 8 1.580051
15 104 0 8 1.573637
74 85 0 8 1.566484
87 94 0 8 1.561672
13 88 0 8 1.555510
65 70 0 8 1.551218
66 90 0 8 1.550113
60 98 0 8 1.543257
36 53 0 8 1.542211
27 35 0 8 1.541053
39 72 0 8 1.540248
74 88 0 8 1.534996
26 62 0 8 1.528257
24 74 0 8 1.524186
79 87 0 8 1.524077
35 62 0 8 1.518409
61 99 0 8 1.511814
20 71 0 8 1.508271
49 69 0 8 1.506362
31 69 0 8 1.504974
74 92 0 8 1.504410
84 95 0 8 1.502668
26 44 0 8 1.495969
12 94 0 8 1.493829
20 100 0 8 1.489026
95 102 0 8 1.483654
64 71 0 8 1.481010
25 97 0 8 1.477531
47 64 0 8 1.469015
6 93 0 8 1.466503
95 100 0 8 1.457812
10 49 0 8 1.456537
27 84 0 8 1.449955
18 69 0 8 1.449339
14 66 0 8 1.448350
51 57 0 8 1.442006
74 80 0 8 1.435529
16 52 0 8 1.428264
33 57 0 8 1.427803
10 57 0 8 1.422976
14 63 0 8 1.411101
6 11 0 8 1.410648
20 83 0 8 1.406490
48 90 0 8 1.404776
59 99 0 8 1.399294
28 37 0 8 1.392777
89 101 0 8 1.392092
25 90 0 8 1.391892
36 59 0 8 1.390700
13 40 0 8 1.389537
8 34 0 8 1.388721
60 83 0 8 1.387814
18 103 0 8 1.383366
4 98 0 8 1.379678
57 69 0 8 1.375641
83 88 0 8 1.373910
16 57 0 8 1.373566
89 97 0 8 1.373489
41 58 0 8 1.372623
12 76 0 8 1.368500
42 92 0 8 1.367168
26 57 0 8 1.363671
63 99 0 8 1.363405
56 81 0 8 1.360722
52 93 0 8 1.358327
28 89 0 8 1.357651
87 100 0 8 1.357237
52 60 0 8 1.356189
43 50 0 8 1.355250
27 96 0 8 1.354941
11 39 0 8 1.353760
32 58 0 8 1.348998
31 84 0 8 1.345082
17 52 0 8 1.343101
16 58 0 8 1.342517
81 95 0 8 1.342484
30 37 0 8 1.340791
28 75 0 8 1.338248
16 74 0 8 1.337507
39 100 0 8 1.337097
20 66 0 8 1.333347
58 76 0 8 1.327728
42 52 0 8 1.325926
36 93 0 8 1.324440
79 84 0 8 1.322824
4 82 0 8 1.321591
59 95 0 8 1.321434
38 73 0 8 1.316586
54 67 0 8 1.315204
22 94 0 8 1.313146
43 71 0 8 1.312924
39 89 0 8 1.312499
27 73 0 8 1.311462
66 73 0 8 1.309826
30 74 0 8 1.304391
16 44 0 8 1.299290
6 50 0 8 1.295524
37 78 0 8 1.294532
63 72 0 8 1.290770
29 57 0 8 1.290727
58 70 0 8 1.289589
26 70 0 8 1.288000
19 64 0 8 1.287951
15 95 0 8 1.287145
41 71 0 8 1.284945
7 19 0 8 1.283619
52 62 0 8 1.283175
86 92 0 8 1.281369
83 101 0 8 1.281313
6 90 0 8 1.280003
41 69 0 8 1.279241
29 37 0 8 1.278657
15 96 0 8 1.276853
8 16 0 8 1.275687
5 52 0 8 1.270724
69 88 0 8 1.267305
28 99 0 8 1.262809
60 95 0 8 1.261738
12 40 0 8 1.258847
37 99 0 8 1.257574
3 44 0 8 1.257194
21 37 0 8 1.256902
27 74 0 8 1.253019
3 9 0 8 1.252708
56 64 0 8 1.252437
5 49 0 8 1.250675
30 82 0 8 1.244612
12 29 0 8 1.243052
40 63 0 8 1.241654
6 37 0 8 1.238294
12 36 0 8 1.236076
8 27 0 8 1.235250
71 92 0 8 1.233710
18 91 0 8 1.230824
74 98 0 8 1.230545
26 98 0 8 1.230152
12 66 0 8 1.227703
62 80 0 8 1.225523
14 27 0 8 1.223967
37 47 0 8 1.221864
27 79 0 8 1.221489
7 36 0 8 1.220818
37 86 0 8 1.218925
33 78 0 8 1.218673
6 53 0 8 1.216340
7 87 0 8 1.215371
20 79 0 8 1.214964
57 99 0 8 1.211408
27 40 0 8 1.207413
41 56 0 8 1.200588
28 80 0 8 1.198657
42 51 0 8 1.198035
37 66 0 8 1.194668
21 70 0 8 1.193967
56 71 0 8 1.190157
9 60 0 8 1.189523
35 88 0 8 1.183895
5 58 0 8 1.179698
96 101 0 8 1.174453
12 95 0 8 1.174428
5 71 0 8 1.171819
4 29 0 8 1.170276
32 40 0 8 1.166356
63 92 0 8 1.165667
77 93 0 8 1.165086
72 94 0 8 1.160831
60 88 0 8 1.160654
81 98 0 8 1.158552
87 101 0 8 1.156768
19 96 0 8 1.156168
10 27 0 8 1.156044
56 93 0 8 1.153523
82 90 0 8 1.147729
30 96 0 8 1.147071
63 87 0 8 1.147018
18 82 0 8 1.146510
38 72 0 8 1.146337
57 73 0 8 1.141314
48 62 0 8 1.141304
4 101 0 8 1.139973
85 100 0 8 1.137475
16 85 0 8 1.137193
48 75 0 8 1.136724
30 87 0 8 1.135827
44 54 0 8 1.134734
19 80 0 8 1.133688
52 94 0 8 1.131410
9 73 0 8 1.129029
15 24 0 8 1.126628
9 93 0 8 1.125530
6 22 0 8 1.124149
10 73 0 8 1.122837
13 81 0 8 1.122064
60 92 0 8 1.121164
6 67 0 8 1.115389
45 83 0 8 1.112785
14 78 0 8 1.110711
70 102 0 8 1.106037
20 41 0 8 1.105381
69 97 0 8 1.102526
16 71 0 8 1.101067
38 74 0 8 1.100403
21 26 0 8 1.099823
40 97 0 8 1.099309
45 94 0 8 1.098345
23 81 0 8 1.096641
29 74 0 8 1.096548
7 33 0 8 1.092830
17 97 0 8 1.088449
78 86 0 8 1.087866
21 31 0 8 1.087084
96 102 0 8 1.084409
8 54 0 8 1.083792
11 37 0 8 1.082435
17 68 0 8 1.081416
25 38 0 8 1.080033
34 87 0 8 1.077771
31 40 0 8 1.077181
12 75 0 8 1.075785
5 92 0 8 1.071751
7 35 0 8 1.068195
51 84 0 8 1.066923
11 48 0 8 1.066334
23 47 0 8 1.064542
12 79 0 8 1.061407
81 89 0 8 1.061373
6 97 0 8 1.061112
54 60 0 8 1.059355
29 83 0 8 1.057289
66 93 0 8 1.057237
33 92 0 8 1.055990
84 91 0 8 1.052997
16 35 0 8 1.051505
8 26 0 8 1.049486
79 89 0 8 1.047745
6 61 0 8 1.045480
50 65 0 8 1.045295
76 89 0 8 1.044401
13 46 0 8 1.044280
6 21 0 8 1.043785
27 70 0 8 1.040899
20 47 0 8 1.040438
42 54 0 8 1.040007
33 38 0 8 1.037376
50 92 0 8 1.035192
48 93 0 8 1.034703
53 90 0 8 1.034344
19 70 0 8 1.032345
15 75 0 8 1.032146
48 71 0 8 1.030457
11 19 0 8 1.029966
16 32 0 8 1.028848
15 56 0 8 1.027718
28 97 0 8 1.024714
73 96 0 8 1.024092
12 19 0 8 1.022719
4 16 0 8 1.022614
24 57 0 8 1.019121
35 92 0 8 1.018994
39 81 0 8 1.017702
14 23 0 8 1.014322
9 69 0 8 1.013851
18 30 0 8 1.013152
53 75 0 8 1.011060
8 44 0 8 1.010984
67 88 0 8 1.010036
63 69 0 8 1.009095
74 96 0 8 1.008121
69 99 0 8 1.005664
31 82 0 8 1.005385
29 44 0 8 1.003968
85 96 0 8 0.999462
11 22 0 8 0.996102
41 100 0 8 0.994881
6 71 0 8 0.992860
11 21 0 8 0.992716
35 40 0 8 0.992691
15 35 0 8 0.991563
57 77 0 8 0.990031
15 66 0 8 0.989311
50 63 0 8 0.989025
64 84 0 8 0.988346
32 80 0 8 0.987981
30 86 0 8 0.985973
18 33 0 8 0.985094
88 102 0 8 0.984225
4 55 0 8 0.984126
8 57 0 8 0.983799
7 38 0 8 0.983420
47 100 0 8 0.982613
13 24 0 8 0.981589
54 97 0 8 0.980430
4 64 0 8 0.980265
29 66 0 8 0.978844
34 102 0 8 0.976928
64 70 0 8 0.976882
85 97 0 8 0.976616
31 101 0 8 0.976180
65 74 0 8 0.970031
39 44 0 8 0.965466
25 39 0 8 0.965018
31 90 0 8 0.961585
86 95 0 8 0.960051
13 55 0 8 0.959324
42 70 0 8 0.956402
55 66 0 8 0.956382
72 81 0 8 0.955575
54 90 0 8 0.955062
41 70 0 8 0.954837
24 69 0 8 0.952684
25 83 0 8 0.952269
38 88 0 8 0.952250
43 61 0 8 0.951827
22 47 0 8 0.951344
75 94 0 8 0.945101
12 48 0 8 0.941691
19 44 0 8 0.941044
80 91 0 8 0.939616
19 71 0 8 0.939350
55 64 0 8 0.939244
37 56 0 8 0.938116
11 29 0 8 0.936992
57 62 0 8 0.936769
58 64 0 8 0.936470
67 86 0 8 0.936469
59 80 0 8 0.934510
34 56 0 8 0.932608
58 88 0 8 0.932299
60 100 0 8 0.931017
16 99 0 8 0.928405
7 101 0 8 0.927108
69 79 0 8 0.925310
66 83 0 8 0.922778
75 90 0 8 0.920447
46 100 0 8 0.919138
33 77 0 8 0.919103
86 102 0 8 0.917067
45 99 0 8 0.915376
16 49 0 8 0.912878
5 11 0 8 0.912650
33 91 0 8 0.912497
70 87 0 8 0.910980
37 96 0 8 0.907859
18 85 0 8 0.907822
52 73 0 8 0.907792
79 96 0 8 0.905309
9 92 0 8 0.902484
22 57 0 8 0.901082
44 67 0 8 0.899314
26 102 0 8 0.899153
94 100 0 8 0.898700
18 53 0 8 0.898589
16 77 0 8 0.897201
86 100 0 8 0.895013
63 88 0 8 0.894493
21 67 0 8 0.891534
23 85 0 8 0.891309
11 54 0 8 0.891258
19 83 0 8 0.890243
55 74 0 8 0.889782
82 101 0 8 0.887761
22 103 0 8 0.887187
18 98 0 8 0.886277
37 45 0 8 0.885127
24 62 0 8 0.884878
38 94 0 8 0.883966
48 63 0 8 0.881903
30 81 0 8 0.880096
9 47 0 8 0.879085
55 103 0 8 0.877127
80 95 0 8 0.875820
11 74 0 8 0.875341
42 62 0 8 0.874887
76 84 0 8 0.874715
25 94 0 8 0.871546
17 25 0 8 0.866754
9 66 0 8 0.866481
52 92 0 8 0.866278
62 84 0 8 0.864169
38 53 0 8 0.863823
88 100 0 8 0.863366
45 69 0 8 0.862954
8 98 0 8 0.859072
70 92 0 8 0.855411
60 96 0 8 0.853922
60 77 0 8 0.851090
77 84 0 8 0.850835
15 28 0 8 0.850782
28 55 0 8 0.850442
28 34 0 8 0.848807
92 102 0 8 0.848640
35 82 0 8 0.848480
8 58 0 8 0.847355
78 96 0 8 0.846685
38 101 0 8 0.843770
19 93 0 8 0.841930
15 32 0 8 0.841710
57 79 0 8 0.840208
40 66 0 8 0.837623
13 20 0 8 0.837492
21 64 0 8 0.836150
63 77 0 8 0.835491
21 54 0 8 0.833230
4 18 0 8 0.832882
35 84 0 8 0.832542
40 45 0 8 0.831756
2 57 0 8 0.829367
48 55 0 8 0.828590
36 69 0 8 0.826847
27 78 0 8 0.826159
12 58 0 8 0.825860
15 23 0 8 0.824834
17 94 0 8 0.824769
69 76 0 8 0.820840
81 97 0 8 0.819148
32 93 0 8 0.817932
8 92 0 8 0.817898
9 62 0 8 0.816834
51 97 0 8 0.816403
47 103 0 8 0.814352
61 97 0 8 0.813990
42 87 0 8 0.812371
12 83 0 8 0.812218
31 70 0 8 0.810913
23 86 0 8 0.810587
8 102 0 8 0.810429
9 56 0 8 0.809876
80 85 0 8 0.808870
73 94 0 8 0.807918
64 102 0 8 0.807428
88 96 0 8 0.806825
36 72 0 8 0.806651
7 14 0 8 0.806456
13 28 0 8 0.805722
38 58 0 8 0.805646
17 34 0 8 0.805441
30 55 0 8 0.803788
40 82 0 8 0.803048
63 85 0 8 0.802725
38 83 0 8 0.802453
83 90 0 8 0.801050
35 48 0 8 0.800214
11 35 0 8 0.796386
80 92 0 8 0.795723
60 84 0 8 0.795532
25 61 0 8 0.794794
62 72 0 8 0.794776
61 75 0 8 0.792824
15 31 0 8 0.792229
62 82 0 8 0.790715
3 20 0 8 0.790564
82 103 0 8 0.790316
23 31 0 8 0.789793
65 77 0 8 0.787307
59 87 0 8 0.786456
64 80 0 8 0.786163
23 30 0 8 0.786063
19 100 0 8 0.784948
28 59 0 8 0.783119
44 75 0 8 0.781278
19 43 0 8 0.780890
52 97 0 8 0.780153
30 62 0 8 0.776267
74 99 0 8 0.775721
92 100 0 8 0.775604
52 57 0 8 0.773695
45 72 0 8 0.773164
4 67 0 8 0.771265
12 56 0 8 0.770993
27 34 0 8 0.770551
36 83 0 8 0.769072
23 91 0 8 0.768992
87 98 0 8 0.768294
11 16 0 8 0.768017
32 89 0 8 0.766251
60 76 0 8 0.765813
11 50 0 8 0.765758
28 44 0 8 0.765551
6 85 0 8 0.764572
7 70 0 8 0.763975
70 80 0 8 0.762265
55 73 0 8 0.761704
87 97 0 8 0.758871
3 69 0 8 0.757155
41 102 0 8 0.754873
77 91 0 8 0.751787
69 93 0 8 0.749585
33 52 0 8 0.748418
51 61 0 8 0.747843
56 96 0 8 0.747817
21 86 0 8 0.747457
39 60 0 8 0.747102
12 49 0 8 0.746038
29 103 0 8 0.744746
5 98 0 8 0.744551
2 29 0 8 0.744109
50 69 0 8 0.744044
10 102 0 8 0.741536
30 78 0 8 0.740919
31 59 0 8 0.740432
50 104 0 8 0.739800
10 21 0 8 0.739558
48 60 0 8 0.737997
8 101 0 8 0.737886
24 87 0 8 0.737681
22 54 0 8 0.737131
7 59 0 8 0.737055
44 58 0 8 0.735636
54 69 0 8 0.734824
5 43 0 8 0.734322
58 92 0 8 0.733800
70 89 0 8 0.733386
66 98 0 8 0.733221
85 91 0 8 0.732141
5 54 0 8 0.730304
34 72 0 8 0.727406
39 48 0 8 0.726297
37 97 0 8 0.724846
67 80 0 8 0.724057
62 73 0 8 0.723306
47 67 0 8 0.721293
28 48 0 8 0.715884
16 24 0 8 0.715450
32 38 0 8 0.714371
16 36 0 8 0.714150
91 97 0 8 0.713331
35 60 0 8 0.711413
40 71 0 8 0.710860
32 74 0 8 0.710399
17 50 0 8 0.709560
47 86 0 8 0.708770
32 59 0 8 0.708153
41 81 0 8 0.706140
41 103 0 8 0.705413
3 24 0 8 0.704068
95 104 0 8 0.703832
37 84 0 8 0.702822
62 99 0 8 0.702125
56 99 0 8 0.701755
20 70 0 8 0.701118
38 92 0 8 0.700957
9 14 0 8 0.700866
48 66 0 8 0.700791
5 64 0 8 0.700262
60 103 0 8 0.698755
59 74 0 8 0.697296
28 86 0 8 0.694016
81 101 0 8 0.693405
49 94 0 8 0.692458
13 43 0 8 0.690927
88 99 0 8 0.690203
3 74 0 8 0.688146
69 86 0 8 0.687335
3 15 0 8 0.686629
72 82 0 8 0.685749
57 75 0 8 0.685688
25 93 0 8 0.685483
27 72 0 8 0.684484
3 45 0 8 0.683106
34 82 0 8 0.683051
3 55 0 8 0.682675
74 83 0 8 0.682393
60 93 0 8 0.681155
40 61 0 8 0.680593
47 61 0 8 0.676688
20 97 0 8 0.674777
8 41 0 8 0.673481
47 62 0 8 0.673069
80 97 0 8 0.671962
51 82 0 8 0.671680
27 82 0 8 0.671564
25 88 0 8 0.670628
16 101 0 8 0.669790
24 72 0 8 0.668801
66 92 0 8 0.667857
10 90 0 8 0.667037
56 80 0 8 0.666881
39 61 0 8 0.665942
5 100 0 8 0.665459
76 86 0 8 0.665349
66 100 0 8 0.663645
63 89 0 8 0.660690
8 86 0 8 0.660445
21 55 0 8 0.660331
4 34 0 8 0.658609
31 80 0 8 0.657353
8 32 0 8 0.656641
57 98 0 8 0.654450
7 54 0 8 0.653528
14 95 0 8 0.651741
8 14 0 8 0.650393
56 103 0 8 0.650246
36 96 0 8 0.649842
27 98 0 8 0.647777
69 95 0 8 0.647410
64 75 0 8 0.645264
4 104 0 8 0.644413
14 54 0 8 0.643534
19 85 0 8 0.642498
11 71 0 8 0.641750
22 72 0 8 0.640724
9 40 0 8 0.639770
20 84 0 8 0.636134
15 36 0 8 0.635995
21 56 0 8 0.634379
79 97 0 8 0.634336
75 82 0 8 0.629367
3 100 0 8 0.628842
52 103 0 8 0.628775
40 84 0 8 0.628202
5 28 0 8 0.627730
54 75 0 8 0.627074
36 49 0 8 0.627029
4 57 0 8 0.625653
18 31 0 8 0.625622
66 101 0 8 0.623781
40 47 0 8 0.623615
35 76 0 8 0.621703
42 57 0 8 0.621649
18 60 0 8 0.621133
44 61 0 8 0.621041
35 98 0 8 0.620111
2 76 0 8 0.619555
84 103 0 8 0.618407
87 99 0 8 0.617215
56 92 0 8 0.614754
60 82 0 8 0.614416
22 48 0 8 0.614116
20 103 0 8 0.613850
3 50 0 8 0.612913
80 93 0 8 0.612846
28 57 0 8 0.612168
17 54 0 8 0.612072
93 104 0 8 0.610887
24 60 0 8 0.610555
6 68 0 8 0.607884
66 84 0 8 0.607874
57 74 0 8 0.606385
3 40 0 8 0.606236
50 84 0 8 0.605353
29 70 0 8 0.604854
45 60 0 8 0.604794
45 75 0 8 0.604688
44 83 0 8 0.604461
18 93 0 8 0.603990
42 97 0 8 0.602758
7 100 0 8 0.602237
28 53 0 8 0.600977
58 87 0 8 0.599252
59 93 0 8 0.598111
33 89 0 8 0.596152
9 82 0 8 0.595996
14 97 0 8 0.595752
25 100 0 8 0.593667
58 102 0 8 0.593389
78 101 0 8 0.590670
84 89 0 8 0.589999
74 102 0 8 0.589661
31 83 0 8 0.589039
15 77 0 8 0.587695
21 88 0 8 0.587157
83 92 0 8 0.587130
4 53 0 8 0.586149
8 52 0 8 0.586016
51 98 0 8 0.585924
13 103 0 8 0.585669
68 73 0 8 0.585473
57 72 0 8 0.584833
45 93 0 8 0.582966
45 89 0 8 0.582920
44 89 0 8 0.581956
49 67 0 8 0.580595
18 62 0 8 0.579757
20 59 0 8 0.579311
32 103 0 8 0.577780
29 94 0 8 0.577280
63 76 0 8 0.576698
16 88 0 8 0.576664
16 47 0 8 0.575560
44 66 0 8 0.573557
34 86 0 8 0.573507
32 37 0 8 0.573152
23 36 0 8 0.572724
7 49 0 8 0.570224
59 102 0 8 0.569225
40 79 0 8 0.567474
27 97 0 8 0.566298
14 99 0 8 0.564209
34 89 0 8 0.563659
14 24 0 8 0.563311
71 89 0 8 0.561019
12 65 0 8 0.560612
37 58 0 8 0.560339
88 97 0 8 0.560338
2 25 0 8 0.558934
7 44 0 8 0.558782
15 74 0 8 0.558248
85 102 0 8 0.558098
40 62 0 8 0.558011
14 35 0 8 0.557917
45 56 0 8 0.557194
16 56 0 8 0.556056
17 93 0 8 0.555612
22 35 0 8 0.555440
15 21 0 8 0.552558
23 77 0 8 0.552186
4 47 0 8 0.550238
71 104 0 8 0.549579
3 12 0 8 0.548228
27 44 0 8 0.547905
11 36 0 8 0.545676
7 81 0 8 0.543517
67 98 0 8 0.542780
38 93 0 8 0.542194
28 71 0 8 0.542088
19 34 0 8 0.541760
19 50 0 8 0.541410
41 57 0 8 0.540769
41 98 0 8 0.540554
56 86 0 8 0.540543
39 79 0 8 0.539894
15 103 0 8 0.539119
12 35 0 8 0.537795
22 86 0 8 0.537425
17 39 0 8 0.537382
11 99 0 8 0.536819
7 16 0 8 0.536595
17 36 0 8 0.535873
9 91 0 8 0.535650
38 96 0 8 0.535429
76 93 0 8 0.534684
88 95 0 8 0.534245
24 75 0 8 0.533452
14 96 0 8 0.532595
27 88 0 8 0.532189
41 52 0 8 0.531936
94 102 0 8 0.531390
33 98 0 8 0.531022
5 17 0 8 0.530849
73 89 0 8 0.529105
22 67 0 8 0.526554
7 47 0 8 0.525211
37 73 0 8 0.524614
45 86 0 8 0.524331
33 41 0 8 0.523720
82 98 0 8 0.522898
33 69 0 8 0.522753
29 59 0 8 0.522598
68 95 0 8 0.522440
15 41 0 8 0.521782
2 45 0 8 0.521406
40 70 0 8 0.521385
43 75 0 8 0.520472
9 99 0 8 0.520386
89 94 0 8 0.519940
35 53 0 8 0.518862
53 66 0 8 0.518769
6 99 0 8 0.518030
24 94 0 8 0.517837
25 44 0 8 0.517226
12 99 0 8 0.516189
16 28 0 8 0.515968
74 101 0 8 0.515432
10 78 0 8 0.515165
32 47 0 8 0.514484
4 74 0 8 0.514445
80 102 0 8 0.513178
5 83 0 8 0.513133
50 95 0 8 0.512353
17 99 0 8 0.512331
7 37 0 8 0.511959
9 31 0 8 0.511406
17 92 0 8 0.511265
54 88 0 8 0.509866
82 89 0 8 0.509425
73 83 0 8 0.506552
4 99 0 8 0.505895
59 70 0 8 0.504857
21 58 0 8 0.503165
73 92 0 8 0.501101
37 82 0 8 0.500094
21 50 0 8 0.499498
13 23 0 8 0.498634
35 78 0 8 0.498122
15 30 0 8 0.497479
62 93 0 8 0.497024
4 71 0 8 0.496786
27 32 0 8 0.495992
13 49 0 8 0.495769
38 44 0 8 0.495375
64 90 0 8 0.493433
24 99 0 8 0.491092
23 102 0 8 0.490442
52 99 0 8 0.488712
31 92 0 8 0.488539
25 67 0 8 0.488105
7 21 0 8 0.487456
15 40 0 8 0.486053
49 61 0 8 0.485498
18 81 0 8 0.485417
41 76 0 8 0.484782
14 89 0 8 0.484329
32 39 0 8 0.484018
57 101 0 8 0.482693
85 90 0 8 0.480147
68 94 0 8 0.479238
15 60 0 8 0.478641
6 56 0 8 0.477607
8 84 0 8 0.476497
60 69 0 8 0.476192
41 89 0 8 0.476105
41 87 0 8 0.476055
3 61 0 8 0.474255
21 92 0 8 0.474135
14 45 0 8 0.472761
38 65 0 8 0.469986
91 100 0 8 0.468929
64 85 0 8 0.468928
37 76 0 8 0.466681
31 62 0 8 0.465559
11 80 0 8 0.464944
14 55 0 8 0.464510
35 67 0 8 0.463836
82 102 0 8 0.463010
30 90 0 8 0.461180
11 28 0 8 0.458364
47 101 0 8 0.457981
63 70 0 8 0.457921
32 101 0 8 0.457807
53 62 0 8 0.457302
77 98 0 8 0.457262
78 91 0 8 0.456421
51 56 0 8 0.455550
7 77 0 8 0.455350
14 29 0 8 0.455345
9 19 0 8 0.455318
30 92 0 8 0.454014
25 84 0 8 0.454006
25 77 0 8 0.453652
58 80 0 8 0.453165
79 99 0 8 0.452192
51 69 0 8 0.451550
3 8 0 8 0.449957
12 28 0 8 0.447528
71 83 0 8 0.446802
17 32 0 8 0.446094
13 92 0 8 0.442550
19 104 0 8 0.442339
4 52 0 8 0.442089
42 56 0 8 0.440478
23 83 0 8 0.438493
8 82 0 8 0.438430
6 17 0 8 0.437604
78 102 0 8 0.435535
58 78 0 8 0.433772
13 37 0 8 0.433764
60 66 0 8 0.432488
30 83 0 8 0.432329
31 77 0 8 0.431355
11 53 0 8 0.431284
56 90 0 8 0.430432
55 78 0 8 0.430091
52 87 0 8 0.427568
20 80 0 8 0.427307
4 69 0 8 0.426502
69 90 0 8 0.426359
15 33 0 8 0.426340
42 59 0 8 0.425247
45 96 0 8 0.425223
25 33 0 8 0.424373
91 103 0 8 0.424310
7 40 0 8 0.424095
27 56 0 8 0.421312
8 33 0 8 0.420356
43 98 0 8 0.419969
36 43 0 8 0.419637
5 40 0 8 0.418767
20 36 0 8 0.418602
30 44 0 8 0.418241
69 87 0 8 0.416814
58 84 0 8 0.415993
28 47 0 8 0.415430
76 88 0 8 0.413743
53 68 0 8 0.413657
76 92 0 8 0.413196
58 82 0 8 0.412169
5 62 0 8 0.412103
33 87 0 8 0.411794
52 88 0 8 0.409299
40 92 0 8 0.405919
27 95 0 8 0.405779
8 88 0 8 0.405467
37 87 0 8 0.405447
35 80 0 8 0.404848
23 56 0 8 0.404358
23 103 0 8 0.404298
87 95 0 8 0.402299
70 96 0 8 0.401821
76 95 0 8 0.399382
4 78 0 8 0.399365
49 104 0 8 0.399084
5 97 0 8 0.398501
33 103 0 8 0.397195
5 81 0 8 0.397087
14 74 0 8 0.396903
24 95 0 8 0.396359
56 65 0 8 0.395646
13 41 0 8 0.395412
76 101 0 8 0.395240
56 78 0 8 0.395026
2 18 0 8 0.394417
19 48 0 8 0.393711
79 85 0 8 0.393649
59 75 0 8 0.391494
62 78 0 8 0.390388
71 101 0 8 0.390365
18 89 0 8 0.390177
44 71 0 8 0.390078
7 29 0 8 0.389532
24 56 0 8 0.389406
3 28 0 8 0.389173
12 59 0 8 0.388499
19 99 0 8 0.388493
7 62 0 8 0.387395
18 78 0 8 0.387351
15 72 0 8 0.387231
27 101 0 8 0.386442
30 48 0 8 0.385804
49 75 0 8 0.385356
48 67 0 8 0.385092
24 81 0 8 0.383939
24 32 0 8 0.383874
20 52 0 8 0.383286
50 77 0 8 0.382788
26 58 0 8 0.381946
34 88 0 8 0.381517
3 78 0 8 0.380962
4 56 0 8 0.380427
67 94 0 8 0.378216
14 43 0 8 0.378053
38 81 0 8 0.376434
25 102 0 8 0.375810
5 20 0 8 0.374041
50 85 0 8 0.373353
37 79 0 8 0.372368
12 18 0 8 0.371881
49 99 0 8 0.371408
53 58 0 8 0.370086
34 101 0 8 0.369541
18 48 0 8 0.369251
19 73 0 8 0.369231
62 85 0 8 0.369080
19 95 0 8 0.368754
22 28 0 8 0.368100
8 60 0 8 0.366798
70 83 0 8 0.366384
44 104 0 8 0.365687
88 103 0 8 0.364580
13 63 0 8 0.364244
55 67 0 8 0.363829
43 53 0 8 0.363208
37 53 0 8 0.362498
33 76 0 8 0.361775
27 58 0 8 0.361276
75 93 0 8 0.360805
29 64 0 8 0.360783
8 53 0 8 0.360750
10 43 0 8 0.360094
21 48 0 8 0.359377
28 43 0 8 0.358711
18 80 0 8 0.357682
6 87 0 8 0.356127
43 70 0 8 0.355112
10 58 0 8 0.354656
78 90 0 8 0.354047
16 100 0 8 0.353881
2 82 0 8 0.353331
34 81 0 8 0.352450
56 87 0 8 0.352035
8 55 0 8 0.350931
2 26 0 8 0.350895
5 85 0 8 0.350830
11 40 0 8 0.349963
83 98 0 8 0.349004
23 66 0 8 0.348634
60 79 0 8 0.348387
28 79 0 8 0.347958
33 70 0 8 0.347599
48 69 0 8 0.346693
9 77 0 8 0.344799
39 67 0 8 0.344772
81 94 0 8 0.344690
38 102 0 8 0.344674
50 87 0 8 0.344572
85 93 0 8 0.344146
44 80 0 8 0.343943
18 39 0 8 0.343823
5 16 0 8 0.343516
68 92 0 8 0.342835
5 60 0 8 0.341936
29 39 0 8 0.341640
15 79 0 8 0.341321
59 82 0 8 0.340640
28 74 0 8 0.338990
73 88 0 8 0.338576
24 77 0 8 0.337683
16 87 0 8 0.337091
42 90 0 8 0.336787
4 36 0 8 0.336292
59 76 0 8 0.335185
11 38 0 8 0.334964
27 80 0 8 0.334751
11 103 0 8 0.334689
12 70 0 8 0.333317
45 95 0 8 0.333155
31 85 0 8 0.332987
66 72 0 8 0.330866
10 59 0 8 0.330823
84 98 0 8 0.330816
24 73 0 8 0.330614
34 83 0 8 0.329994
10 72 0 8 0.329702
4 30 0 8 0.329597
27 87 0 8 0.329055
5 30 0 8 0.326556
7 34 0 8 0.325833
62 95 0 8 0.325235
66 82 0 8 0.324390
11 64 0 8 0.323855
32 71 0 8 0.320960
27 52 0 8 0.320928
69 94 0 8 0.320487
53 69 0 8 0.319903
75 103 0 8 0.319740
5 25 0 8 0.317763
57 91 0 8 0.317300
28 36 0 8 0.315813
21 99 0 8 0.315239
44 79 0 8 0.314593
13 47 0 8 0.314570
54 102 0 8 0.313638
2 75 0 8 0.313421
35 79 0 8 0.312607
31 47 0 8 0.312336
36 57 0 8 0.312318
10 31 0 8 0.311960
48 58 0 8 0.311598
53 79 0 8 0.311185
23 40 0 8 0.311071
68 74 0 8 0.310877
19 42 0 8 0.310446
17 67 0 8 0.309886
96 103 0 8 0.309527
11 24 0 8 0.309390
22 45 0 8 0.306955
7 75 0 8 0.305842
63 93 0 8 0.304852
92 97 0 8 0.304416
24 30 0 8 0.304200
84 93 0 8 0.304068
23 74 0 8 0.303314
72 103 0 8 0.302390
6 76 0 8 0.301466
8 83 0 8 0.298283
5 88 0 8 0.296982
29 75 0 8 0.295495
7 79 0 8 0.295101
18 41 0 8 0.292817
23 80 0 8 0.291876
53 93 0 8 0.290801
64 86 0 8 0.290436
53 92 0 8 0.289706
48 56 0 8 0.288976
44 86 0 8 0.287769
71 94 0 8 0.286746
53 104 0 8 0.285034
10 103 0 8 0.284588
15 63 0 8 0.284164
31 91 0 8 0.283679
14 20 0 8 0.283633
21 94 0 8 0.281977
21 98 0 8 0.276672
4 72 0 8 0.275944
18 84 0 8 0.274638
4 79 0 8 0.274505
4 63 0 8 0.274096
4 48 0 8 0.272663
5 91 0 8 0.271810
25 30 0 8 0.270328
26 55 0 8 0.269093
4 19 0 8 0.269059
15 68 0 8 0.268215
19 32 0 8 0.267961
27 75 0 8 0.266326
25 35 0 8 0.265999
46 73 0 8 0.265514
72 92 0 8 0.264862
61 100 0 8 0.264392
76 100 0 8 0.264171
31 38 0 8 0.263441
63 91 0 8 0.262234
35 58 0 8 0.261684
14 57 0 8 0.261302
19 27 0 8 0.261055
17 69 0 8 0.260145
14 59 0 8 0.259341
20 88 0 8 0.259335
79 101 0 8 0.258508
8 30 0 8 0.256516
5 10 0 8 0.256277
30 79 0 8 0.255804
3 23 0 8 0.255777
86 101 0 8 0.254014
10 29 0 8 0.253471
29 49 0 8 0.251028
46 104 0 8 0.250431
9 23 0 8 0.250319
91 102 0 8 0.249781
62 91 0 8 0.249699
18 86 0 8 0.248832
59 91 0 8 0.247330
90 102 0 8 0.246537
32 76 0 8 0.246410
14 50 0 8 0.245194
52 59 0 8 0.245162
2 68 0 8 0.244683
45 62 0 8 0.244249
33 83 0 8 0.244237
28 42 0 8 0.243231
13 84 0 8 0.242373
58 85 0 8 0.242280
11 27 0 8 0.240748
21 27 0 8 0.240358
73 81 0 8 0.239571
76 96 0 8 0.238983
18 68 0 8 0.238015
39 87 0 8 0.237904
70 97 0 8 0.237433
66 79 0 8 0.236706
7 89 0 8 0.236102
43 72 0 8 0.235118
30 36 0 8 0.234097
66 89 0 8 0.233986
89 104 0 8 0.233318
20 87 0 8 0.232880
21 100 0 8 0.232202
31 73 0 8 0.231798
97 104 0 8 0.231610
2 9 0 8 0.231435
22 44 0 8 0.230221
4 89 0 8 0.228105
78 84 0 8 0.228068
63 73 0 8 0.227939
56 76 0 8 0.227608
4 100 0 8 0.227284
28 93 0 8 0.225816
8 47 0 8 0.225589
4 15 0 8 0.225189
45 68 0 8 0.223563
15 50 0 8 0.222200
20 53 0 8 0.221552
80 89 0 8 0.220831
66 78 0 8 0.220551
11 18 0 8 0.220164
12 78 0 8 0.219408
67 76 0 8 0.218232
43 52 0 8 0.217727
23 76 0 8 0.217673
82 100 0 8 0.216964
5 15 0 8 0.216451
53 88 0 8 0.215120
13 70 0 8 0.214348
50 100 0 8 0.213804
30 98 0 8 0.213158
27 86 0 8 0.212387
13 25 0 8 0.210788
5 90 0 8 0.210503
15 62 0 8 0.210299
18 96 0 8 0.209462
5 46 0 8 0.209428
5 74 0 8 0.209080
2 33 0 8 0.208384
90 97 0 8 0.206983
38 87 0 8 0.206731
86 93 0 8 0.203639
46 92 0 8 0.201895
76 102 0 8 0.201834
24 34 0 8 0.200536
70 88 0 8 0.200337
56 85 0 8 0.199781
26 78 0 8 0.199553
37 77 0 8 0.198959
19 38 0 8 0.196876
31 39 0 8 0.196754
48 99 0 8 0.196663
46 84 0 8 0.196294
16 43 0 8 0.195401
34 55 0 8 0.194913
28 45 0 8 0.193670
58 79 0 8 0.193261
2 30 0 8 0.192906
10 79 0 8 0.192862
10 18 0 8 0.192196
24 71 0 8 0.191978
69 74 0 8 0.191783
16 21 0 8 0.191664
25 55 0 8 0.191320
83 97 0 8 0.191013
18 70 0 8 0.190047
8 22 0 8 0.189742
14 46 0 8 0.188641
49 74 0 8 0.187339
20 95 0 8 0.187205
47 99 0 8 0.186889
71 102 0 8 0.185957
10 51 0 8 0.185179
6 19 0 8 0.185110
22 98 0 8 0.184951
13 36 0 8 0.184444
38 60 0 8 0.183618
41 79 0 8 0.183469
2 8 0 8 0.183320
19 40 0 8 0.183004
40 95 0 8 0.182888
12 80 0 8 0.182044
5 18 0 8 0.181999
30 97 0 8 0.180968
33 104 0 8 0.180842
25 92 0 8 0.180646
3 43 0 8 0.180590
16 22 0 8 0.178529
41 83 0 8 0.177792
62 88 0 8 0.177339
63 83 0 8 0.176996
80 86 0 8 0.176877
50 80 0 8 0.176173
23 33 0 8 0.175987
23 61 0 8 0.174889
2 69 0 8 0.174695
68 101 0 8 0.174447
23 29 0 8 0.173994
3 102 0 8 0.173532
23 64 0 8 0.172957
51 60 0 8 0.172873
19 62 0 8 0.172471
4 61 0 8 0.171995
47 87 0 8 0.171507
43 88 0 8 0.171091
23 78 0 8 0.170744
45 52 0 8 0.170634
40 74 0 8 0.170023
57 64 0 8 0.169349
86 96 0 8 0.168132
58 97 0 8 0.168023
32 62 0 8 0.167330
61 86 0 8 0.167128
40 49 0 8 0.166854
6 13 0 8 0.166542
7 64 0 8 0.165832
49 66 0 8 0.163800
18 23 0 8 0.163136
6 25 0 8 0.163033
15 90 0 8 0.162522
16 102 0 8 0.162415
42 71 0 8 0.162207
28 33 0 8 0.160908
4 28 0 8 0.160871
78 94 0 8 0.160541
77 103 0 8 0.159403
88 101 0 8 0.157988
28 104 0 8 0.157639
37 49 0 8 0.157510
22 49 0 8 0.156768
14 88 0 8 0.156574
79 86 0 8 0.156372
33 81 0 8 0.156320
11 75 0 8 0.155030
48 104 0 8 0.154506
27 90 0 8 0.153978
14 22 0 8 0.153112
6 77 0 8 0.152971
7 80 0 8 0.152190
26 85 0 8 0.151727
11 93 0 8 0.151041
41 65 0 8 0.149795
36 92 0 8 0.149310
28 96 0 8 0.149151
2 39 0 8 0.148827
3 65 0 8 0.148728
22 37 0 8 0.148717
67 87 0 8 0.148336
9 78 0 8 0.146193
5 89 0 8 0.146026
51 75 0 8 0.145971
77 89 0 8 0.145794
27 37 0 8 0.144195
3 14 0 8 0.143715
23 84 0 8 0.143600
64 95 0 8 0.143208
32 63 0 8 0.142387
3 71 0 8 0.141889
10 37 0 8 0.141390
28 62 0 8 0.140832
29 78 0 8 0.140734
2 23 0 8 0.140116
62 81 0 8 0.139839
32 72 0 8 0.139803
7 41 0 8 0.138644
92 101 0 8 0.137824
4 66 0 8 0.137641
8 103 0 8 0.137405
32 85 0 8 0.137021
54 63 0 8 0.135855
71 82 0 8 0.135483
28 58 0 8 0.134200
36 101 0 8 0.133474
16 82 0 8 0.133217
81 99 0 8 0.131981
10 99 0 8 0.131771
13 65 0 8 0.131298
21 63 0 8 0.129721
94 101 0 8 0.128521
9 41 0 8 0.128343
33 90 0 8 0.128014
12 45 0 8 0.127893
84 96 0 8 0.127703
31 64 0 8 0.127644
6 49 0 8 0.126824
49 77 0 8 0.126574
40 98 0 8 0.126429
8 62 0 8 0.126358
77 101 0 8 0.125624
80 88 0 8 0.125221
10 66 0 8 0.125043
69 91 0 8 0.124671
29 46 0 8 0.124666
15 102 0 8 0.124466
4 39 0 8 0.124160
33 101 0 8 0.122941
25 104 0 8 0.121291
4 86 0 8 0.120185
79 94 0 8 0.120088
22 30 0 8 0.119335
31 36 0 8 0.118104
8 93 0 8 0.117871
50 97 0 8 0.117216
30 45 0 8 0.117160
3 49 0 8 0.117066
37 93 0 8 0.116055
12 62 0 8 0.115924
58 103 0 8 0.115493
44 56 0 8 0.114641
80 87 0 8 0.114314
2 83 0 8 0.112801
18 59 0 8 0.112193
55 99 0 8 0.111658
20 104 0 8 0.111108
2 77 0 8 0.110923
13 54 0 8 0.110257
46 101 0 8 0.110112
78 104 0 8 0.108733
52 75 0 8 0.108381
2 104 0 8 0.108099
5 77 0 8 0.108032
15 58 0 8 0.107904
28 91 0 8 0.107705
39 82 0 8 0.107683
37 104 0 8 0.107552
81 100 0 8 0.106841
16 83 0 8 0.105613
25 46 0 8 0.105358
5 36 0 8 0.105200
5 104 0 8 0.105065
59 88 0 8 0.104440
44 64 0 8 0.104259
33 62 0 8 0.103753
50 98 0 8 0.103389
29 34 0 8 0.102904
9 15 0 8 0.102770
28 68 0 8 0.102119
19 36 0 8 0.101976
32 104 0 8 0.101854
22 95 0 8 0.101489
3 39 0 8 0.100876
31 88 0 8 0.100767
3 33 0 8 0.100665
2 38 0 8 0.100556
2 42 0 8 0.098954
10 80 0 8 0.098392
77 102 0 8 0.098277
2 7 0 8 0.098169
52 91 0 8 0.097731
16 68 0 8 0.097626
6 46 0 8 0.096195
4 103 0 8 0.096080
10 25 0 8 0.095897
29 47 0 8 0.095753
3 83 0 8 0.094687
8 43 0 8 0.094433
27 99 0 8 0.093558
91 104 0 8 0.092351
26 71 0 8 0.089453
87 103 0 8 0.089415
50 56 0 8 0.089399
11 88 0 8 0.089186
26 32 0 8 0.088102
76 91 0 8 0.087248
13 21 0 8 0.086514
3 53 0 8 0.086231
11 63 0 8 0.085421
49 89 0 8 0.085322
5 12 0 8 0.084904
22 85 0 8 0.084828
15 99 0 8 0.083699
3 90 0 8 0.083373
41 77 0 8 0.082476
62 75 0 8 0.081924
64 89 0 8 0.081663
2 79 0 8 0.080696
10 86 0 8 0.080078
2 65 0 8 0.079697
20 63 0 8 0.079117
57 90 0 8 0.078529
2 28 0 8 0.078228
26 66 0 8 0.077489
14 83 0 8 0.077295
24 31 0 8 0.076083
3 36 0 8 0.075356
36 56 0 8 0.074660
6 33 0 8 0.074192
70 100 0 8 0.073470
25 87 0 8 0.072669
41 97 0 8 0.072470
13 39 0 8 0.071890
51 59 0 8 0.071507
8 35 0 8 0.071206
71 80 0 8 0.071113
51 76 0 8 0.070579
74 87 0 8 0.070177
34 85 0 8 0.069331
17 66 0 8 0.069158
10 34 0 8 0.068699
23 60 0 8 0.068484
21 104 0 8 0.068386
46 103 0 8 0.068155
10 28 0 8 0.067773
8 73 0 8 0.066994
54 104 0 8 0.066949
2 16 0 8 0.066605
63 68 0 8 0.066419
38 89 0 8 0.066413
10 82 0 8 0.065931
82 99 0 8 0.065088
21 29 0 8 0.063935
23 48 0 8 0.063893
53 84 0 8 0.063554
31 48 0 8 0.063492
27 89 0 8 0.062670
13 73 0 8 0.062588
34 97 0 8 0.062483
18 75 0 8 0.062174
71 81 0 8 0.060820
62 89 0 8 0.059538
13 18 0 8 0.059169
2 36 0 8 0.059005
7 63 0 8 0.056953
26 68 0 8 0.056175
60 85 0 8 0.055548
28 83 0 8 0.055208
77 87 0 8 0.055057
4 14 0 8 0.054860
35 44 0 8 0.054262
30 51 0 8 0.054047
16 92 0 8 0.054036
60 101 0 8 0.053958
3 93 0 8 0.053772
27 100 0 8 0.052768
8 66 0 8 0.052256
7 97 0 8 0.050797
39 73 0 8 0.050637
70 103 0 8 0.050454
3 63 0 8 0.048587
59 86 0 8 0.048281
60 102 0 8 0.047403
30 43 0 8 0.046828
8 40 0 8 0.046377
35 99 0 8 0.046267
29 81 0 8 0.046083
29 96 0 8 0.043257
10 48 0 8 0.042614
82 87 0 8 0.041233
9 38 0 8 0.040814
60 70 0 8 0.040006
51 62 0 8 0.039609
29 77 0 8 0.039332
13 30 0 8 0.038742
11 89 0 8 0.038657
40 93 0 8 0.037624
72 77 0 8 0.037621
15 93 0 8 0.037589
60 104 0 8 0.037452
12 71 0 8 0.035949
90 101 0 8 0.035939
26 49 0 8 0.035059
30 59 0 8 0.034819
22 104 0 8 0.034816
76 99 0 8 0.034511
38 68 0 8 0.034427
68 104 0 8 0.034255
11 31 0 8 0.034210
68 81 0 8 0.034088
31 96 0 8 0.034083
8 49 0 8 0.033608
43 104 0 8 0.033186
74 86 0 8 0.033075
38 84 0 8 0.032793
98 103 0 8 0.032498
86 94 0 8 0.032347
43 87 0 8 0.031598
37 50 0 8 0.031557
33 40 0 8 0.031557
19 78 0 8 0.031205
46 71 0 8 0.030591
34 94 0 8 0.030140
33 67 0 8 0.029577
50 67 0 8 0.029230
19 46 0 8 0.029075
61 93 0 8 0.028765
64 76 0 8 0.027522
36 103 0 8 0.026666
58 77 0 8 0.026584
33 94 0 8 0.026080
38 98 0 8 0.024886
33 58 0 8 0.024561
85 99 0 8 0.023932
38 104 0 8 0.023751
11 55 0 8 0.023050
67 102 0 8 0.023011
43 65 0 8 0.020245
40 80 0 8 0.019953
20 101 0 8 0.019706
35 91 0 8 0.019636
2 32 0 8 0.019630
43 100 0 8 0.018776
39 58 0 8 0.017579
2 80 0 8 0.015734
3 82 0 8 0.015639
48 65 0 8 0.015605
11 86 0 8 0.015406
65 87 0 8 0.015071
19 25 0 8 0.014341
94 103 0 8 0.014000
14 32 0 8 0.013014
11 59 0 8 0.012827
22 70 0 8 0.012016
3 41 0 8 0.011375
2 19 0 8 0.011085
3 99 0 8 0.010947
21 46 0 8 0.010931
7 45 0 8 0.010689
4 96 0 8 0.010123
84 101 0 8 0.009898
43 64 0 8 0.009802
8 87 0 8 0.007956
61 92 0 8 0.007800
82 104 0 8 0.007328
4 32 0 8 0.006955
46 81 0 8 0.005623
35 103 0 8 0.005429
9 79 0 8 0.005189
7 78 0 8 0.005121
9 29 0 8 0.004147
10 98 0 8 0.004001
11 68 0 8 0.003519
30 58 0 8 0.003038
15 46 0 8 0.002744
73 85 0 8 0.002008
52 104 0 8 0.001348
53 70 0 8 0.001171
4 59 0 8 0.000733
62 90 0 8 0.000489
79 104 0 8 0.000466
1 6 0 8 0.000000
1 7 0 8 0.000000
1 8 0 8 0.000000
1 9 0 8 0.000000
1 10 0 8 0.000000
1 11 0 8 0.000000
1 12 0 8 0.000000
1 13 0 8 0.000000
1 14 0 8 0.000000
1 15 0 8 0.000000
1 16 0 8 0.000000
1 17 0 8 0.000000
1 18 0 8 0.000000
1 19 0 8 0.000000
1 20 0 8 0.000000
1 21 0 8 0.000000
1 22 0 8 0.000000
1 23 0 8 0.000000
1 24 0 8 0.000000
1 25 0 8 0.000000
1 26 0 8 0.000000
1 27 0 8 0.000000
1 28 0 8 0.000000
1 29 0 8 0.000000
1 30 0 8 0.000000
1 31 0 8 0.000000
1 32 0 8 0.000000
1 33 0 8 0.000000
1 34 0 8 0.000000
1 35 0 8 0.000000
1 36 0 8 0.000000
1 37 0 8 0.000000
1 38 0 8 0.000000
1 39 0 8 0.000000
1 40 0 8 0.000000
1 41 0 8 0.000000
1 42 0 8 0.000000
1 43 0 8 0.000000
1 44 0 8 0.000000
1 45 0 8 0.000000
1 46 0 8 0.000000
1 47 0 8 0.000000
1 48 0 8 0.000000
1 49 0 8 0.000000
1 50 0 8 0.000000
1 51 0 8 0.000000
1 52 0 8 0.000000
1 53 0 8 0.000000
1 54 0 8 0.000000
1 55 0 8 0.000000
1 56 0 8 0.000000
1 57 0 8 0.000000
1 58 0 8 0.000000
1 59 0 8 0.000000
1 60 0 8 0.000000
1 61 0 8 0.000000
1 62 0 8 0.000000
1 63 0 8 0.000000
1 64 0 8 0.000000
1 65 0 8 0.000000
1 66 0 8 0.000000
1 67 0 8 0.000000
1 68 0 8 0.000000
1 69 0 8 0.000000
1 70 0 8 0.000000
1 71 0 8 0.000000
1 72 0 8 0.000000
1 73 0 8 0.000000
1 74 0 8 0.000000
1 75 0 8 0.000000
1 76 0 8 0.000000
1 77 0 8 0.000000
1 78 0 8 0.000000
1 79 0 8 0.000000
1 80 0 8 0.000000
1 81 0 8 0.000000
1 82 0 8 0.000000
1 83 0 8 0.000000
1 84 0 8 0.000000
1 85 0 8 0.000000
1 86 0 8 0.000000
1 87 0 8 0.000000
1 88 0 8 0.000000
1 89 0 8 0.000000
1 90 0 8 0.000000
1 91 0 8 0.000000
1 92 0 8 0.000000
1 93 0 8 0.000000
1 94 0 8 0.000000
1 95 0 8 0.000000
1 96 0 8 0.000000
1 97 0 8 0.000000
1 98 0 8 0.000000
1 99 0 8 0.000000
1 100 0 8 0.000000
1 101 0 8 0.000000
1 102 0 8 0.000000
1 103 0 8 0.000000
1 104 0 8 0.000000
1 105 0 8 0.000000
2 105 0 8 0.000000
3 105 0 8 0.000000
4 105 0 8 0.000000
5 105 0 8 0.000000
6 105 0 8 0.000000
7 105 0 8 0.000000
8 105 0 8 0.000000
9 105 0 8 0.000000
10 105 0 8 0.000000
11 105 0 8 0.000000
12 105 0 8 0.000000
13 105 0 8 0.000000
14 105 0 8 0.000000
15 105 0 8 0.000000
16 105 0 8 0.000000
17 105 0 8 0.000000
18 105 0 8 0.000000
19 105 0 8 0.000000
20 105 0 8 0.000000
21 105 0 8 0.000000
22 105 0 8 0.000000
23 105 0 8 0.000000
24 105 0 8 0.000000
25 105 0 8 0.000000
26 105 0 8 0.000000
27 105 0 8 0.000000
28 105 0 8 0.000000
29 105 0 8 0.000000
30 105 0 8 0.000000
31 105 0 8 0.000000
32 105 0 8 0.000000
33 105 0 8 0.000000
34 105 0 8 0.000000
35 105 0 8 0.000000
36 105 0 8 0.000000
37 105 0 8 0.000000
38 105 0 8 0.000000
39 105 0 8 0.000000
40 105 0 8 0.000000
41 105 0 8 0.000000
42 105 0 8 0.000000
43 105 0 8 0.000000
44 105 0 8 0.000000
45 105 0 8 0.000000
46 105 0 8 0.000000
47 105 0 8 0.000000
48 105 0 8 0.000000
49 105 0 8 0.000000
50 105 0 8 0.000000
51 105 0 8 0.000000
52 105 0 8 0.000000
53 105 0 8 0.000000
54 105 0 8 0.000000
55 105 0 8 0.000000
56 105 0 8 0.000000
57 105 0 8 0.000000
58 105 0 8 0.000000
59 105 0 8 0.000000
60 105 0 8 0.000000
61 105 0 8 0.000000
62 105 0 8 0.000000
63 105 0 8 0.000000
64 105 0 8 0.000000
65 105 0 8 0.000000
66 105 0 8 0.000000
67 105 0 8 0.000000
68 105 0 8 0.000000
69 105 0 8 0.000000
70 105 0 8 0.000000
71 105 0 8 0.000000
72 105 0 8 0.000000
73 105 0 8 0.000000
74 105 0 8 0.000000
75 105 0 8 0.000000
76 105 0 8 0.000000
77 105 0 8 0.000000
78 105 0 8 0.000000
79 105 0 8 0.000000
80 105 0 8 0.000000
81 105 0 8 0.000000
82 105 0 8 0.000000
83 105 0 8 0.000000
84 105 0 8 0.000000
85 105 0 8 0.000000
86 105 0 8 0.000000
87 105 0 8 0.000000
88 105 0 8 0.000000
89 105 0 8 0.000000
90 105 0 8 0.000000
91 105 0 8 0.000000
92 105 0 8 0.000000
93 105 0 8 0.000000
94 105 0 8 0.000000
95 105 0 8 0.000000
96 105 0 8 0.000000
97 105 0 8 0.000000
98 105 0 8 0.000000
99 105 0 8 0.000000
100 105 0 8 0.000000
67 78 0 8 -0.000434
43 84 0 8 -0.000581
10 70 0 8 -0.001724
69 102 0 8 -0.002265
86 103 0 8 -0.002273
19 63 0 8 -0.002816
15 85 0 8 -0.002871
18 43 0 8 -0.003137
89 102 0 8 -0.003179
52 89 0 8 -0.003256
49 58 0 8 -0.003570
32 77 0 8 -0.004467
21 51 0 8 -0.004469
47 56 0 8 -0.004763
75 97 0 8 -0.004854
37 43 0 8 -0.005336
40 104 0 8 -0.005671
20 82 0 8 -0.005713
3 91 0 8 -0.005885
32 50 0 8 -0.005893
26 74 0 8 -0.006514
34 78 0 8 -0.006561
4 83 0 8 -0.006823
48 85 0 8 -0.006898
52 78 0 8 -0.006926
85 98 0 8 -0.007674
72 93 0 8 -0.008589
9 88 0 8 -0.010024
4 85 0 8 -0.010063
50 79 0 8 -0.010510
31 81 0 8 -0.010565
84 104 0 8 -0.011053
18 63 0 8 -0.012053
30 101 0 8 -0.012090
46 89 0 8 -0.012453
2 40 0 8 -0.013524
32 97 0 8 -0.013606
22 83 0 8 -0.014344
39 85 0 8 -0.014353
53 98 0 8 -0.016372
50 73 0 8 -0.016375
19 89 0 8 -0.017294
67 97 0 8 -0.017540
18 25 0 8 -0.017825
3 51 0 8 -0.018386
32 87 0 8 -0.018396
38 49 0 8 -0.018689
42 67 0 8 -0.019615
81 93 0 8 -0.019840
7 88 0 8 -0.019899
63 104 0 8 -0.019965
2 10 0 8 -0.022236
2 53 0 8 -0.022720
2 66 0 8 -0.023096
11 91 0 8 -0.023176
46 75 0 8 -0.023895
58 91 0 8 -0.024352
43 99 0 8 -0.024381
15 37 0 8 -0.024485
8 36 0 8 -0.025024
5 101 0 8 -0.025240
2 43 0 8 -0.025599
56 88 0 8 -0.026155
31 94 0 8 -0.027082
43 66 0 8 -0.028029
20 30 0 8 -0.028045
15 34 0 8 -0.028100
21 85 0 8 -0.028139
26 60 0 8 -0.028334
22 82 0 8 -0.028503
24 54 0 8 -0.028963
49 73 0 8 -0.029147
12 72 0 8 -0.029336
32 43 0 8 -0.029687
73 100 0 8 -0.030589
46 51 0 8 -0.030681
61 83 0 8 -0.030703
69 82 0 8 -0.031197
2 97 0 8 -0.031289
30 77 0 8 -0.032291
59 71 0 8 -0.032606
27 59 0 8 -0.032623
16 76 0 8 -0.033146
33 60 0 8 -0.033797
48 95 0 8 -0.034018
51 90 0 8 -0.034061
28 87 0 8 -0.034183
39 94 0 8 -0.034185
26 59 0 8 -0.034572
46 56 0 8 -0.034603
71 96 0 8 -0.034664
35 75 0 8 -0.035402
66 86 0 8 -0.035756
29 93 0 8 -0.036578
26 36 0 8 -0.037316
53 83 0 8 -0.037419
33 85 0 8 -0.037987
37 80 0 8 -0.038297
18 29 0 8 -0.038920
4 70 0 8 -0.038995
32 100 0 8 -0.039132
59 64 0 8 -0.039652
2 46 0 8 -0.040466
40 90 0 8 -0.041146
36 64 0 8 -0.041256
61 84 0 8 -0.042101
26 100 0 8 -0.042103
54 72 0 8 -0.042248
11 52 0 8 -0.042543
10 68 0 8 -0.042554
51 71 0 8 -0.042571
42 64 0 8 -0.042918
21 43 0 8 -0.043186
42 86 0 8 -0.043458
35 90 0 8 -0.043835
6 36 0 8 -0.044367
61 68 0 8 -0.044408
35 102 0 8 -0.044460
50 88 0 8 -0.044479
29 88 0 8 -0.044840
93 103 0 8 -0.046043
79 102 0 8 -0.046987
47 79 0 8 -0.047647
19 49 0 8 -0.047856
4 35 0 8 -0.048137
47 95 0 8 -0.050181
5 59 0 8 -0.052610
2 99 0 8 -0.053022
48 68 0 8 -0.054135
2 27 0 8 -0.054195
38 75 0 8 -0.054712
7 69 0 8 -0.054842
12 23 0 8 -0.055076
2 94 0 8 -0.055147
13 53 0 8 -0.055183
13 104 0 8 -0.055497
81 87 0 8 -0.055498
2 13 0 8 -0.055590
25 101 0 8 -0.055990
25 76 0 8 -0.057053
31 102 0 8 -0.057457
56 63 0 8 -0.058185
2 44 0 8 -0.059048
70 104 0 8 -0.060291
14 68 0 8 -0.060385
15 54 0 8 -0.060494
72 85 0 8 -0.060669
55 68 0 8 -0.060787
43 93 0 8 -0.061062
42 104 0 8 -0.061414
5 45 0 8 -0.062268
47 83 0 8 -0.062572
66 85 0 8 -0.062623
58 71 0 8 -0.064396
6 64 0 8 -0.064474
62 92 0 8 -0.066050
24 104 0 8 -0.066143
73 86 0 8 -0.066249
41 88 0 8 -0.067489
3 37 0 8 -0.067874
20 92 0 8 -0.068892
23 34 0 8 -0.069036
10 24 0 8 -0.069335
10 104 0 8 -0.069523
89 100 0 8 -0.069677
2 50 0 8 -0.069770
5 72 0 8 -0.070363
16 29 0 8 -0.071265
12 81 0 8 -0.071993
3 62 0 8 -0.072059
2 59 0 8 -0.072211
26 82 0 8 -0.072540
13 67 0 8 -0.072977
25 32 0 8 -0.072996
2 58 0 8 -0.073160
87 93 0 8 -0.073195
20 39 0 8 -0.073873
99 104 0 8 -0.074331
73 93 0 8 -0.074340
57 78 0 8 -0.074369
90 95 0 8 -0.074825
34 62 0 8 -0.074954
18 76 0 8 -0.074963
67 85 0 8 -0.075013
2 85 0 8 -0.075297
50 71 0 8 -0.075555
49 84 0 8 -0.075613
22 36 0 8 -0.075687
18 44 0 8 -0.075747
23 92 0 8 -0.076419
10 17 0 8 -0.076632
17 30 0 8 -0.076640
3 25 0 8 -0.077231
40 58 0 8 -0.077509
14 67 0 8 -0.077653
27 77 0 8 -0.077786
2 41 0 8 -0.078166
89 99 0 8 -0.078885
22 31 0 8 -0.078927
34 103 0 8 -0.079348
70 86 0 8 -0.079859
2 78 0 8 -0.079927
25 86 0 8 -0.080153
23 62 0 8 -0.081135
70 84 0 8 -0.081547
57 81 0 8 -0.081553
29 104 0 8 -0.081580
2 20 0 8 -0.081645
35 104 0 8 -0.083814
47 104 0 8 -0.083875
90 103 0 8 -0.084498
31 104 0 8 -0.084642
19 29 0 8 -0.085978
57 89 0 8 -0.086049
2 49 0 8 -0.086698
13 26 0 8 -0.086864
18 46 0 8 -0.086970
56 84 0 8 -0.087393
41 47 0 8 -0.088044
15 20 0 8 -0.088290
49 91 0 8 -0.088891
33 65 0 8 -0.089192
7 50 0 8 -0.089359
33 64 0 8 -0.089407
2 48 0 8 -0.089660
56 75 0 8 -0.089873
80 104 0 8 -0.090029
24 48 0 8 -0.090789
56 100 0 8 -0.090799
36 78 0 8 -0.091693
38 48 0 8 -0.091997
43 54 0 8 -0.092436
50 74 0 8 -0.093262
2 12 0 8 -0.093791
48 96 0 8 -0.093838
48 61 0 8 -0.094109
2 103 0 8 -0.094314
22 32 0 8 -0.094338
3 104 0 8 -0.094492
27 63 0 8 -0.094515
30 102 0 8 -0.094736
10 96 0 8 -0.095331
59 103 0 8 -0.095395
90 98 0 8 -0.096707
13 98 0 8 -0.096824
12 31 0 8 -0.096861
52 101 0 8 -0.097000
34 98 0 8 -0.097035
23 38 0 8 -0.097593
16 89 0 8 -0.098922
2 71 0 8 -0.099004
13 56 0 8 -0.099709
2 96 0 8 -0.100125
2 100 0 8 -0.100316
24 88 0 8 -0.100564
52 63 0 8 -0.100808
65 96 0 8 -0.100876
84 102 0 8 -0.100918
2 31 0 8 -0.101563
15 44 0 8 -0.101730
29 76 0 8 -0.102367
70 95 0 8 -0.102392
9 52 0 8 -0.102451
4 77 0 8 -0.104360
22 81 0 8 -0.104688
15 84 0 8 -0.104929
2 102 0 8 -0.104993
3 56 0 8 -0.105640
9 70 0 8 -0.106006
70 76 0 8 -0.106551
74 89 0 8 -0.106684
17 100 0 8 -0.107700
34 79 0 8 -0.108167
42 95 0 8 -0.108572
19 69 0 8 -0.109695
74 100 0 8 -0.109849
61 69 0 8 -0.110717
15 26 0 8 -0.110798
26 89 0 8 -0.111425
74 93 0 8 -0.112412
59 96 0 8 -0.112485
4 10 0 8 -0.112775
3 26 0 8 -0.113642
38 78 0 8 -0.113886
3 80 0 8 -0.114445
4 11 0 8 -0.115616
8 79 0 8 -0.115753
46 80 0 8 -0.116035
31 79 0 8 -0.116522
8 96 0 8 -0.116741
18 97 0 8 -0.116856
9 33 0 8 -0.117321
3 95 0 8 -0.117417
38 91 0 8 -0.117939
20 62 0 8 -0.119665
14 101 0 8 -0.119962
74 91 0 8 -0.120057
46 93 0 8 -0.120404
23 46 0 8 -0.120809
40 60 0 8 -0.120890
5 44 0 8 -0.120906
25 73 0 8 -0.120920
17 37 0 8 -0.121848
25 42 0 8 -0.121853
37 48 0 8 -0.122089
2 101 0 8 -0.122344
41 85 0 8 -0.123245
76 81 0 8 -0.123298
68 98 0 8 -0.123722
9 89 0 8 -0.123972
31 54 0 8 -0.124309
27 67 0 8 -0.124692
38 43 0 8 -0.124769
5 102 0 8 -0.125927
30 99 0 8 -0.126101
63 75 0 8 -0.126119
4 46 0 8 -0.127558
26 77 0 8 -0.127773
2 87 0 8 -0.128199
28 103 0 8 -0.128212
42 77 0 8 -0.128557
37 69 0 8 -0.130029
33 47 0 8 -0.130271
29 55 0 8 -0.130474
61 74 0 8 -0.130568
66 104 0 8 -0.131602
36 76 0 8 -0.131636
23 53 0 8 -0.131757
2 88 0 8 -0.132129
8 17 0 8 -0.132917
55 62 0 8 -0.133817
7 73 0 8 -0.134809
90 96 0 8 -0.135188
54 96 0 8 -0.135531
12 25 0 8 -0.135760
54 100 0 8 -0.136038
10 26 0 8 -0.136584
2 56 0 8 -0.136781
16 46 0 8 -0.136811
23 49 0 8 -0.136852
54 73 0 8 -0.137240
34 99 0 8 -0.138232
58 89 0 8 -0.138479
29 68 0 8 -0.138908
5 94 0 8 -0.139041
44 72 0 8 -0.139376
30 76 0 8 -0.139524
22 69 0 8 -0.140498
25 60 0 8 -0.140831
22 27 0 8 -0.141379
55 91 0 8 -0.141572
73 104 0 8 -0.142375
6 72 0 8 -0.142483
2 47 0 8 -0.142619
11 17 0 8 -0.142634
29 72 0 8 -0.142984
6 58 0 8 -0.143032
70 82 0 8 -0.143125
63 84 0 8 -0.143151
42 61 0 8 -0.143369
55 65 0 8 -0.144713
3 59 0 8 -0.145092
26 64 0 8 -0.145139
64 104 0 8 -0.145148
46 99 0 8 -0.145186
13 31 0 8 -0.145524
2 24 0 8 -0.145581
3 92 0 8 -0.145729
7 85 0 8 -0.145871
62 77 0 8 -0.146456
23 99 0 8 -0.147764
5 31 0 8 -0.147932
34 93 0 8 -0.148602
2 34 0 8 -0.149638
98 104 0 8 -0.149700
18 95 0 8 -0.150574
27 57 0 8 -0.151255
2 89 0 8 -0.151308
75 104 0 8 -0.151924
92 98 0 8 -0.152086
7 104 0 8 -0.153985
68 99 0 8 -0.153987
8 37 0 8 -0.154078
9 24 0 8 -0.155015
2 11 0 8 -0.155609
3 38 0 8 -0.155864
77 86 0 8 -0.155982
12 98 0 8 -0.156248
48 91 0 8 -0.156765
2 84 0 8 -0.158182
30 88 0 8 -0.158378
5 51 0 8 -0.159303
79 95 0 8 -0.159939
3 29 0 8 -0.159947
12 34 0 8 -0.160215
38 80 0 8 -0.160462
10 41 0 8 -0.160874
2 98 0 8 -0.160928
5 65 0 8 -0.161049
47 85 0 8 -0.161250
37 52 0 8 -0.161466
8 42 0 8 -0.162295
56 68 0 8 -0.162424
2 52 0 8 -0.163792
2 74 0 8 -0.164012
39 102 0 8 -0.164054
84 92 0 8 -0.164846
45 78 0 8 -0.165113
21 73 0 8 -0.165711
47 89 0 8 -0.166374
53 60 0 8 -0.166657
71 76 0 8 -0.166666
73 98 0 8 -0.166683
10 35 0 8 -0.166845
9 72 0 8 -0.167207
66 91 0 8 -0.167390
3 87 0 8 -0.167406
2 91 0 8 -0.167501
69 84 0 8 -0.169541
81 102 0 8 -0.170381
30 40 0 8 -0.171357
3 46 0 8 -0.171899
76 82 0 8 -0.172051
27 62 0 8 -0.172247
41 72 0 8 -0.172353
21 57 0 8 -0.172907
3 68 0 8 -0.173072
35 94 0 8 -0.173375
14 104 0 8 -0.173980
67 74 0 8 -0.174736
41 75 0 8 -0.175062
44 63 0 8 -0.175374
72 79 0 8 -0.175774
78 88 0 8 -0.177490
2 67 0 8 -0.177656
36 52 0 8 -0.177880
3 42 0 8 -0.178211
52 74 0 8 -0.178441
41 104 0 8 -0.178561
19 37 0 8 -0.178742
84 100 0 8 -0.180062
3 48 0 8 -0.180236
2 22 0 8 -0.180525
19 28 0 8 -0.180593
18 100 0 8 -0.181343
68 76 0 8 -0.181669
2 17 0 8 -0.181757
46 76 0 8 -0.181876
89 96 0 8 -0.182784
25 31 0 8 -0.182785
2 60 0 8 -0.183017
28 49 0 8 -0.184103
32 90 0 8 -0.184320
39 51 0 8 -0.184505
6 91 0 8 -0.184568
68 103 0 8 -0.184823
10 33 0 8 -0.185068
10 95 0 8 -0.185138
16 93 0 8 -0.185296
7 30 0 8 -0.185939
20 69 0 8 -0.186086
65 73 0 8 -0.186342
55 95 0 8 -0.186624
13 71 0 8 -0.186921
43 97 0 8 -0.187095
38 61 0 8 -0.187141
4 95 0 8 -0.187174
18 83 0 8 -0.187815
2 90 0 8 -0.188006
18 38 0 8 -0.189547
2 14 0 8 -0.189558
75 95 0 8 -0.190089
4 60 0 8 -0.190096
2 70 0 8 -0.190364
15 39 0 8 -0.190735
50 103 0 8 -0.190894
2 35 0 8 -0.190992
75 98 0 8 -0.191060
40 94 0 8 -0.191132
44 94 0 8 -0.191198
2 81 0 8 -0.191432
13 35 0 8 -0.192103
81 104 0 8 -0.192824
3 52 0 8 -0.193626
34 64 0 8 -0.193812
2 63 0 8 -0.194212
4 37 0 8 -0.194333
63 102 0 8 -0.194558
23 104 0 8 -0.195368
68 80 0 8 -0.195482
6 16 0 8 -0.195667
10 23 0 8 -0.195697
2 64 0 8 -0.195750
32 95 0 8 -0.196024
77 104 0 8 -0.196027
2 37 0 8 -0.196441
77 95 0 8 -0.196576
36 50 0 8 -0.196706
14 30 0 8 -0.196814
83 100 0 8 -0.197003
27 45 0 8 -0.197174
43 56 0 8 -0.197387
17 63 0 8 -0.199567
8 104 0 8 -0.199860
51 81 0 8 -0.200809
2 21 0 8 -0.200924
3 94 0 8 -0.201009
44 65 0 8 -0.201180
35 45 0 8 -0.201259
7 66 0 8 -0.201392
18 104 0 8 -0.201770
2 62 0 8 -0.202437
46 61 0 8 -0.202643
55 80 0 8 -0.203020
47 77 0 8 -0.203111
23 97 0 8 -0.203435
3 30 0 8 -0.204190
11 57 0 8 -0.204264
2 86 0 8 -0.204542
36 98 0 8 -0.204986
94 104 0 8 -0.205532
33 102 0 8 -0.205953
11 104 0 8 -0.205992
30 104 0 8 -0.206177
2 92 0 8 -0.206534
51 104 0 8 -0.206622
81 103 0 8 -0.206777
49 103 0 8 -0.207089
18 72 0 8 -0.207117
6 70 0 8 -0.207681
14 58 0 8 -0.208046
27 36 0 8 -0.208061
2 73 0 8 -0.208122
70 99 0 8 -0.208298
48 94 0 8 -0.208930
21 53 0 8 -0.209314
2 15 0 8 -0.209762
21 62 0 8 -0.210239
32 78 0 8 -0.210305
40 77 0 8 -0.211531
8 80 0 8 -0.212620
75 88 0 8 -0.214160
30 41 0 8 -0.214213
34 80 0 8 -0.214932
96 104 0 8 -0.216481
34 70 0 8 -0.216594
13 78 0 8 -0.217582
74 95 0 8 -0.217992
12 20 0 8 -0.218138
43 90 0 8 -0.218831
23 79 0 8 -0.219118
2 95 0 8 -0.219246
41 94 0 8 -0.219368
65 79 0 8 -0.219405
46 52 0 8 -0.220344
47 90 0 8 -0.220595
83 104 0 8 -0.220996
17 95 0 8 -0.221808
23 94 0 8 -0.222257
3 57 0 8 -0.222439
4 68 0 8 -0.222591
2 93 0 8 -0.222811
31 60 0 8 -0.223566
85 104 0 8 -0.223582
42 60 0 8 -0.223937
33 54 0 8 -0.224895
29 35 0 8 -0.225080
10 38 0 8 -0.225139
52 68 0 8 -0.225159
48 79 0 8 -0.225576
3 18 0 8 -0.225689
31 97 0 8 -0.225978
79 103 0 8 -0.226008
21 60 0 8 -0.226254
69 101 0 8 -0.226271
68 102 0 8 -0.226434
46 67 0 8 -0.226539
6 103 0 8 -0.226789
6 18 0 8 -0.227499
50 81 0 8 -0.227508
71 95 0 8 -0.227531
10 45 0 8 -0.228071
46 66 0 8 -0.228343
67 103 0 8 -0.228343
49 71 0 8 -0.228438
12 43 0 8 -0.228726
34 96 0 8 -0.229143
34 66 0 8 -0.229713
38 82 0 8 -0.229855
25 37 0 8 -0.230217
5 76 0 8 -0.230666
70 101 0 8 -0.231266
30 100 0 8 -0.231917
10 46 0 8 -0.232243
2 72 0 8 -0.232487
15 100 0 8 -0.232531
45 70 0 8 -0.232705
3 32 0 8 -0.232908
5 84 0 8 -0.233715
47 68 0 8 -0.233745
29 50 0 8 -0.234250
3 75 0 8 -0.234374
43 101 0 8 -0.234852
32 84 0 8 -0.235563
31 46 0 8 -0.236491
16 80 0 8 -0.237512
35 100 0 8 -0.237677
68 78 0 8 -0.238043
25 68 0 8 -0.238658
18 74 0 8 -0.238712
14 98 0 8 -0.239126
34 60 0 8 -0.239465
8 81 0 8 -0.239626
84 97 0 8 -0.240043
46 87 0 8 -0.240176
30 53 0 8 -0.240594
56 104 0 8 -0.240715
4 26 0 8 -0.241190
12 26 0 8 -0.241561
40 54 0 8 -0.241708
3 66 0 8 -0.241853
40 103 0 8 -0.242383
24 83 0 8 -0.243871
32 61 0 8 -0.244607
21 59 0 8 -0.244831
19 102 0 8 -0.244889
25 62 0 8 -0.246205
36 99 0 8 -0.246566
64 81 0 8 -0.247561
78 103 0 8 -0.248157
8 71 0 8 -0.248751
79 88 0 8 -0.248990
27 46 0 8 -0.249122
6 104 0 8 -0.249349
7 90 0 8 -0.249403
52 95 0 8 -0.249702
13 79 0 8 -0.249951
88 104 0 8 -0.250059
30 67 0 8 -0.250266
43 103 0 8 -0.250792
11 66 0 8 -0.251238
16 104 0 8 -0.251292
75 92 0 8 -0.251811
2 54 0 8 -0.251933
37 81 0 8 -0.252641
28 73 0 8 -0.252769
8 46 0 8 -0.254103
37 75 0 8 -0.254440
63 78 0 8 -0.254467
19 72 0 8 -0.254812
25 91 0 8 -0.254887
57 84 0 8 -0.255394
27 103 0 8 -0.256035
56 73 0 8 -0.256392
36 94 0 8 -0.257248
14 60 0 8 -0.257747
19 35 0 8 -0.257854
3 103 0 8 -0.258961
21 66 0 8 -0.259350
85 101 0 8 -0.259466
3 22 0 8 -0.259657
33 59 0 8 -0.259788
42 73 0 8 -0.260286
78 89 0 8 -0.260943
37 89 0 8 -0.260979
7 39 0 8 -0.260982
30 75 0 8 -0.261708
18 73 0 8 -0.262002
26 88 0 8 -0.262079
88 94 0 8 -0.262099
39 62 0 8 -0.262318
13 95 0 8 -0.262844
76 97 0 8 -0.263073
34 104 0 8 -0.263341
46 96 0 8 -0.263410
21 33 0 8 -0.263562
36 84 0 8 -0.263741
27 43 0 8 -0.263754
83 96 0 8 -0.264527
4 17 0 8 -0.264616
92 104 0 8 -0.265016
91 96 0 8 -0.265465
25 49 0 8 -0.265545
51 100 0 8 -0.266636
23 43 0 8 -0.266997
38 64 0 8 -0.267339
10 32 0 8 -0.267460
69 77 0 8 -0.267593
42 96 0 8 -0.268109
17 88 0 8 -0.268116
36 104 0 8 -0.268683
29 101 0 8 -0.269279
48 97 0 8 -0.270221
65 104 0 8 -0.270437
29 69 0 8 -0.270488
18 64 0 8 -0.271089
2 61 0 8 -0.271129
10 50 0 8 -0.272360
29 85 0 8 -0.272625
7 52 0 8 -0.272707
49 85 0 8 -0.273046
19 66 0 8 -0.273362
28 78 0 8 -0.273570
39 104 0 8 -0.273670
65 86 0 8 -0.273764
72 84 0 8 -0.274549
36 91 0 8 -0.274711
57 66 0 8 -0.274742
3 31 0 8 -0.277453
76 94 0 8 -0.277640
5 50 0 8 -0.278483
2 55 0 8 -0.279833
15 43 0 8 -0.280215
7 56 0 8 -0.280309
5 39 0 8 -0.280437
20 81 0 8 -0.281174
43 48 0 8 -0.281498
18 90 0 8 -0.281740
37 46 0 8 -0.282388
8 15 0 8 -0.282770
22 64 0 8 -0.283183
41 68 0 8 -0.283924
49 70 0 8 -0.284334
69 104 0 8 -0.286968
39 71 0 8 -0.287685
2 51 0 8 -0.287704
62 79 0 8 -0.288439
19 103 0 8 -0.288669
7 32 0 8 -0.289333
57 70 0 8 -0.289433
33 48 0 8 -0.290096
29 79 0 8 -0.290159
46 94 0 8 -0.290944
38 63 0 8 -0.292773
4 102 0 8 -0.292779
10 16 0 8 -0.293099
12 33 0 8 -0.293115
18 36 0 8 -0.293566
71 100 0 8 -0.293670
64 100 0 8 -0.295009
5 93 0 8 -0.295486
33 97 0 8 -0.296312
12 21 0 8 -0.297107
20 57 0 8 -0.297355
6 26 0 8 -0.297512
25 79 0 8 -0.297794
31 98 0 8 -0.297988
87 104 0 8 -0.298408
31 52 0 8 -0.298617
3 84 0 8 -0.299357
55 89 0 8 -0.299952
40 89 0 8 -0.300237
40 91 0 8 -0.300936
6 52 0 8 -0.301148
57 104 0 8 -0.301603
10 22 0 8 -0.301715
25 103 0 8 -0.302580
53 94 0 8 -0.303051
33 82 0 8 -0.304428
27 83 0 8 -0.304813
54 71 0 8 -0.305231
81 90 0 8 -0.305865
68 84 0 8 -0.306284
30 56 0 8 -0.306954
52 100 0 8 -0.307382
10 63 0 8 -0.307542
3 10 0 8 -0.308151
19 91 0 8 -0.309738
78 87 0 8 -0.309895
46 98 0 8 -0.310024
28 40 0 8 -0.310686
46 53 0 8 -0.311042
3 85 0 8 -0.311111
44 96 0 8 -0.311543
44 68 0 8 -0.311696
86 104 0 8 -0.313536
33 71 0 8 -0.313558
6 32 0 8 -0.313709
45 76 0 8 -0.314055
17 98 0 8 -0.314194
3 70 0 8 -0.314212
5 82 0 8 -0.314512
28 84 0 8 -0.314627
44 95 0 8 -0.315009
3 21 0 8 -0.315047
51 91 0 8 -0.315570
14 81 0 8 -0.316031
85 103 0 8 -0.316354
3 79 0 8 -0.316422
9 43 0 8 -0.316776
62 104 0 8 -0.316850
9 76 0 8 -0.316911
17 46 0 8 -0.316979
10 76 0 8 -0.317298
35 59 0 8 -0.317536
37 101 0 8 -0.317685
18 28 0 8 -0.317919
8 23 0 8 -0.317924
64 94 0 8 -0.318163
97 102 0 8 -0.318292
38 79 0 8 -0.318694
36 87 0 8 -0.319234
82 96 0 8 -0.319285
10 84 0 8 -0.319336
32 60 0 8 -0.320282
83 94 0 8 -0.320431
10 15 0 8 -0.320494
15 82 0 8 -0.320548
50 61 0 8 -0.320778
11 41 0 8 -0.320959
48 78 0 8 -0.321587
33 44 0 8 -0.323201
27 104 0 8 -0.323890
7 67 0 8 -0.323916
45 63 0 8 -0.324412
39 103 0 8 -0.324834
82 88 0 8 -0.324952
44 62 0 8 -0.326616
60 80 0 8 -0.326652
18 52 0 8 -0.326818
74 103 0 8 -0.327118
16 27 0 8 -0.328250
60 91 0 8 -0.328318
88 93 0 8 -0.329581
16 95 0 8 -0.329963
36 63 0 8 -0.330075
90 104 0 8 -0.330863
60 81 0 8 -0.331225
68 91 0 8 -0.331397
40 102 0 8 -0.331709
23 101 0 8 -0.332088
36 75 0 8 -0.332372
68 96 0 8 -0.333060
10 91 0 8 -0.333244
34 50 0 8 -0.333991
4 43 0 8 -0.334023
14 84 0 8 -0.334434
22 55 0 8 -0.334984
25 70 0 8 -0.335016
97 103 0 8 -0.335847
45 66 0 8 -0.335918
63 98 0 8 -0.336346
4 93 0 8 -0.336805
46 102 0 8 -0.336953
74 104 0 8 -0.337168
49 90 0 8 -0.337244
33 43 0 8 -0.337326
25 59 0 8 -0.337392
20 89 0 8 -0.337660
3 16 0 8 -0.337670
55 69 0 8 -0.337928
76 104 0 8 -0.338894
18 87 0 8 -0.339966
72 91 0 8 -0.339984
23 50 0 8 -0.340289
57 80 0 8 -0.340588
5 27 0 8 -0.341265
35 68 0 8 -0.341409
51 102 0 8 -0.341739
18 40 0 8 -0.341870
26 96 0 8 -0.343120
7 28 0 8 -0.344631
41 96 0 8 -0.346343
62 83 0 8 -0.346511
5 78 0 8 -0.346653
11 30 0 8 -0.346811
25 43 0 8 -0.347312
15 89 0 8 -0.347875
24 96 0 8 -0.348267
17 26 0 8 -0.349113
25 98 0 8 -0.349990
3 72 0 8 -0.351119
7 82 0 8 -0.351595
31 41 0 8 -0.351654
18 61 0 8 -0.351686
8 74 0 8 -0.351864
38 59 0 8 -0.352358
89 95 0 8 -0.352598
12 104 0 8 -0.352792
14 103 0 8 -0.352946
50 90 0 8 -0.354882
11 101 0 8 -0.355152
18 34 0 8 -0.355532
66 96 0 8 -0.356218
4 81 0 8 -0.357137
4 90 0 8 -0.357149
16 69 0 8 -0.357230
23 59 0 8 -0.357383
31 56 0 8 -0.357627
66 76 0 8 -0.358070
46 85 0 8 -0.358084
71 85 0 8 -0.358904
21 68 0 8 -0.359619
49 101 0 8 -0.359628
39 46 0 8 -0.359969
6 43 0 8 -0.360395
8 45 0 8 -0.361204
43 102 0 8 -0.361439
4 80 0 8 -0.362316
65 99 0 8 -0.363609
41 49 0 8 -0.363935
50 83 0 8 -0.364297
61 104 0 8 -0.364567
61 66 0 8 -0.365105
5 57 0 8 -0.365362
17 59 0 8 -0.365572
58 104 0 8 -0.365813
60 68 0 8 -0.366346
36 66 0 8 -0.366392
39 50 0 8 -0.366497
10 87 0 8 -0.367246
50 66 0 8 -0.367923
57 82 0 8 -0.368245
54 91 0 8 -0.368529
21 83 0 8 -0.371057
46 60 0 8 -0.371109
29 43 0 8 -0.371229
40 96 0 8 -0.371604
44 85 0 8 -0.371744
18 27 0 8 -0.372066
16 42 0 8 -0.372341
42 89 0 8 -0.372734
56 67 0 8 -0.373435
11 72 0 8 -0.374088
81 96 0 8 -0.374118
32 56 0 8 -0.374925
28 81 0 8 -0.375294
19 59 0 8 -0.375575
51 103 0 8 -0.375581
33 74 0 8 -0.375658
32 86 0 8 -0.375908
17 104 0 8 -0.376124
20 77 0 8 -0.376605
49 100 0 8 -0.376792
26 34 0 8 -0.377144
60 73 0 8 -0.377349
14 25 0 8 -0.378064
5 68 0 8 -0.378103
5 33 0 8 -0.378139
33 68 0 8 -0.378214
26 104 0 8 -0.378294
16 37 0 8 -0.378712
30 94 0 8 -0.378778
69 83 0 8 -0.379128
7 76 0 8 -0.380612
39 68 0 8 -0.380763
4 54 0 8 -0.380928
36 100 0 8 -0.381072
68 82 0 8 -0.381343
28 46 0 8 -0.381461
34 59 0 8 -0.382668
82 95 0 8 -0.383862
59 104 0 8 -0.384316
33 99 0 8 -0.384326
3 101 0 8 -0.384563
27 91 0 8 -0.384792
12 101 0 8 -0.386104
12 68 0 8 -0.386243
16 59 0 8 -0.386312
36 62 0 8 -0.387033
18 71 0 8 -0.387398
4 22 0 8 -0.388059
28 66 0 8 -0.388478
22 41 0 8 -0.389028
7 13 0 8 -0.389172
74 84 0 8 -0.389503
46 74 0 8 -0.389576
50 93 0 8 -0.390530
85 92 0 8 -0.390712
40 85 0 8 -0.391008
69 98 0 8 -0.391176
16 70 0 8 -0.391375
20 31 0 8 -0.392578
54 103 0 8 -0.392774
63 71 0 8 -0.392804
10 30 0 8 -0.393660
3 81 0 8 -0.394968
38 45 0 8 -0.395417
47 55 0 8 -0.395461
22 84 0 8 -0.396424
3 13 0 8 -0.396514
14 38 0 8 -0.396642
12 89 0 8 -0.397021
43 95 0 8 -0.397124
3 17 0 8 -0.397500
35 43 0 8 -0.397618
14 77 0 8 -0.398148
47 92 0 8 -0.398693
36 46 0 8 -0.399159
54 81 0 8 -0.399342
32 91 0 8 -0.399500
56 98 0 8 -0.399515
20 76 0 8 -0.399687
59 68 0 8 -0.399804
8 99 0 8 -0.399995
67 95 0 8 -0.400184
13 86 0 8 -0.400229
31 78 0 8 -0.400463
48 101 0 8 -0.401240
8 68 0 8 -0.401844
75 91 0 8 -0.402377
49 79 0 8 -0.402849
26 31 0 8 -0.402909
44 99 0 8 -0.403177
50 72 0 8 -0.403390
49 88 0 8 -0.404099
43 69 0 8 -0.404187
52 70 0 8 -0.405820
4 84 0 8 -0.406909
46 77 0 8 -0.407194
35 51 0 8 -0.408470
56 89 0 8 -0.408846
19 98 0 8 -0.409811
43 89 0 8 -0.409887
63 103 0 8 -0.410330
28 82 0 8 -0.410739
67 99 0 8 -0.410784
20 102 0 8 -0.411167
21 32 0 8 -0.411575
11 77 0 8 -0.412971
9 104 0 8 -0.412996
35 95 0 8 -0.413256
22 88 0 8 -0.413593
5 19 0 8 -0.414135
70 75 0 8 -0.415786
47 59 0 8 -0.415901
42 48 0 8 -0.416515
26 103 0 8 -0.417456
68 100 0 8 -0.418055
34 49 0 8 -0.418198
6 39 0 8 -0.418226
10 19 0 8 -0.418337
3 97 0 8 -0.418568
59 97 0 8 -0.419103
78 100 0 8 -0.419107
20 94 0 8 -0.419340
23 90 0 8 -0.419435
68 77 0 8 -0.419745
13 77 0 8 -0.420112
67 104 0 8 -0.420589
22 46 0 8 -0.420634
41 80 0 8 -0.421182
35 41 0 8 -0.421664
36 79 0 8 -0.421941
50 82 0 8 -0.422512
20 73 0 8 -0.422574
4 75 0 8 -0.423364
14 91 0 8 -0.423447
25 75 0 8 -0.424730
8 21 0 8 -0.424803
25 56 0 8 -0.424885
18 24 0 8 -0.425390
64 79 0 8 -0.425810
22 80 0 8 -0.426063
29 65 0 8 -0.426381
50 76 0 8 -0.426541
20 43 0 8 -0.427298
43 57 0 8 -0.427300
93 99 0 8 -0.427890
58 100 0 8 -0.430000
11 85 0 8 -0.430181
30 93 0 8 -0.430578
32 83 0 8 -0.431327
11 81 0 8 -0.431710
9 25 0 8 -0.431911
65 97 0 8 -0.433350
24 63 0 8 -0.433967
45 102 0 8 -0.434062
60 97 0 8 -0.435182
15 38 0 8 -0.435409
72 83 0 8 -0.435687
14 75 0 8 -0.435769
50 99 0 8 -0.436039
52 102 0 8 -0.436058
68 83 0 8 -0.436280
36 67 0 8 -0.436475
43 79 0 8 -0.436847
15 53 0 8 -0.436854
10 54 0 8 -0.437063
56 83 0 8 -0.437506
5 22 0 8 -0.438509
3 47 0 8 -0.438604
34 57 0 8 -0.438837
27 68 0 8 -0.439176
19 41 0 8 -0.439243
43 91 0 8 -0.439351
9 67 0 8 -0.439409
17 57 0 8 -0.439415
3 88 0 8 -0.439516
14 34 0 8 -0.439985
35 73 0 8 -0.440234
51 64 0 8 -0.440235
60 75 0 8 -0.440306
9 35 0 8 -0.440587
74 82 0 8 -0.440800
62 67 0 8 -0.441210
46 95 0 8 -0.441258
11 82 0 8 -0.441388
49 87 0 8 -0.441454
49 56 0 8 -0.442350
10 93 0 8 -0.443269
37 71 0 8 -0.443558
71 77 0 8 -0.444218
7 51 0 8 -0.444562
38 57 0 8 -0.444733
15 52 0 8 -0.444974
28 70 0 8 -0.445219
56 91 0 8 -0.445767
14 102 0 8 -0.446018
9 98 0 8 -0.446071
56 69 0 8 -0.446170
35 83 0 8 -0.447643
18 92 0 8 -0.449218
61 70 0 8 -0.449221
61 67 0 8 -0.449550
77 83 0 8 -0.449931
76 103 0 8 -0.450118
46 57 0 8 -0.450375
21 103 0 8 -0.451850
12 57 0 8 -0.451905
44 55 0 8 -0.452252
31 43 0 8 -0.452393
11 33 0 8 -0.452550
3 58 0 8 -0.452900
3 89 0 8 -0.453199
7 22 0 8 -0.453335
44 100 0 8 -0.453338
48 86 0 8 -0.453525
13 87 0 8 -0.453693
15 45 0 8 -0.453792
4 97 0 8 -0.453864
51 92 0 8 -0.454000
25 65 0 8 -0.454375
31 63 0 8 -0.454528
6 30 0 8 -0.455057
20 60 0 8 -0.455508
3 96 0 8 -0.455685
70 98 0 8 -0.456324
32 46 0 8 -0.456660
14 56 0 8 -0.457036
23 68 0 8 -0.457301
68 89 0 8 -0.457448
56 101 0 8 -0.457795
21 102 0 8 -0.458105
64 99 0 8 -0.458344
26 67 0 8 -0.458600
20 58 0 8 -0.458663
6 38 0 8 -0.458668
13 29 0 8 -0.460897
6 29 0 8 -0.461450
67 84 0 8 -0.462089
36 74 0 8 -0.462512
32 68 0 8 -0.462537
19 31 0 8 -0.462781
91 99 0 8 -0.463838
30 39 0 8 -0.464013
16 38 0 8 -0.464310
52 79 0 8 -0.464976
7 94 0 8 -0.465120
28 76 0 8 -0.467071
37 44 0 8 -0.467646
18 26 0 8 -0.468741
46 69 0 8 -0.469340
43 77 0 8 -0.470259
93 100 0 8 -0.470876
64 88 0 8 -0.472016
6 41 0 8 -0.472392
48 53 0 8 -0.472600
62 102 0 8 -0.472650
35 52 0 8 -0.472723
4 40 0 8 -0.472731
16 33 0 8 -0.473868
29 102 0 8 -0.473937
23 87 0 8 -0.474792
45 104 0 8 -0.475006
5 75 0 8 -0.475224
10 60 0 8 -0.475255
43 60 0 8 -0.475358
16 31 0 8 -0.475505
26 79 0 8 -0.475674
16 91 0 8 -0.476006
72 104 0 8 -0.476653
47 91 0 8 -0.477089
57 95 0 8 -0.477806
11 47 0 8 -0.477842
46 88 0 8 -0.478290
13 52 0 8 -0.478345
20 50 0 8 -0.478753
26 37 0 8 -0.478772
34 46 0 8 -0.479071
13 102 0 8 -0.479839
20 45 0 8 -0.479950
37 100 0 8 -0.480383
36 77 0 8 -0.480677
64 77 0 8 -0.481234
43 55 0 8 -0.481454
14 19 0 8 -0.481777
78 97 0 8 -0.481856
4 20 0 8 -0.482364
6 83 0 8 -0.482504
75 101 0 8 -0.482977
5 34 0 8 -0.483025
34 43 0 8 -0.483866
9 26 0 8 -0.484259
53 100 0 8 -0.485037
34 68 0 8 -0.485236
43 73 0 8 -0.485767
10 40 0 8 -0.485816
29 58 0 8 -0.486076
43 80 0 8 -0.486223
37 85 0 8 -0.486515
5 48 0 8 -0.487157
27 60 0 8 -0.487375
55 104 0 8 -0.488187
45 53 0 8 -0.488193
40 101 0 8 -0.488638
7 18 0 8 -0.489295
19 56 0 8 -0.490026
50 91 0 8 -0.490141
16 98 0 8 -0.490768
39 92 0 8 -0.490872
46 83 0 8 -0.491784
32 88 0 8 -0.492375
7 43 0 8 -0.493454
46 62 0 8 -0.493576
50 102 0 8 -0.494012
46 54 0 8 -0.494174
12 84 0 8 -0.494755
36 68 0 8 -0.495078
13 57 0 8 -0.495800
4 88 0 8 -0.496505
26 45 0 8 -0.496798
19 77 0 8 -0.497646
25 54 0 8 -0.498253
64 74 0 8 -0.499616
11 83 0 8 -0.500009
68 88 0 8 -0.500029
13 64 0 8 -0.500652
19 67 0 8 -0.501183
20 48 0 8 -0.501683
16 23 0 8 -0.503188
91 101 0 8 -0.503333
58 99 0 8 -0.504064
23 44 0 8 -0.504224
25 34 0 8 -0.504331
66 94 0 8 -0.504550
39 84 0 8 -0.505761
54 83 0 8 -0.505851
14 71 0 8 -0.506384
17 22 0 8 -0.506424
22 53 0 8 -0.506438
44 103 0 8 -0.506582
31 100 0 8 -0.506791
13 69 0 8 -0.506871
16 48 0 8 -0.507554
48 80 0 8 -0.508480
58 63 0 8 -0.509100
24 58 0 8 -0.509721
21 42 0 8 -0.510080
4 27 0 8 -0.510140
53 96 0 8 -0.510390
92 99 0 8 -0.511162
17 78 0 8 -0.511388
27 69 0 8 -0.511422
61 79 0 8 -0.511449
10 62 0 8 -0.511586
7 46 0 8 -0.511722
43 63 0 8 -0.512179
5 53 0 8 -0.512621
10 81 0 8 -0.512710
43 96 0 8 -0.513097
78 85 0 8 -0.513171
51 94 0 8 -0.513430
68 85 0 8 -0.514044
6 100 0 8 -0.514315
37 95 0 8 -0.515098
58 81 0 8 -0.516646
8 72 0 8 -0.517874
34 74 0 8 -0.518551
9 85 0 8 -0.518898
13 96 0 8 -0.519135
41 46 0 8 -0.519454
23 82 0 8 -0.519497
41 64 0 8 -0.519525
50 89 0 8 -0.519816
54 76 0 8 -0.520157
11 79 0 8 -0.520938
17 70 0 8 -0.521570
80 103 0 8 -0.521700
3 19 0 8 -0.522259
46 90 0 8 -0.522441
3 76 0 8 -0.522893
28 56 0 8 -0.523041
58 101 0 8 -0.523081
9 44 0 8 -0.523391
11 46 0 8 -0.523592
50 94 0 8 -0.523900
5 42 0 8 -0.524018
43 74 0 8 -0.524026
25 41 0 8 -0.524807
84 94 0 8 -0.524909
46 79 0 8 -0.525312
46 82 0 8 -0.526177
83 95 0 8 -0.526967
32 102 0 8 -0.527806
46 91 0 8 -0.527997
3 77 0 8 -0.528260
31 68 0 8 -0.528690
10 56 0 8 -0.528759
12 96 0 8 -0.529429
25 81 0 8 -0.529538
4 91 0 8 -0.529883
40 68 0 8 -0.530334
21 61 0 8 -0.531106
43 82 0 8 -0.531443
11 84 0 8 -0.531457
43 83 0 8 -0.531770
22 58 0 8 -0.531913
68 79 0 8 -0.532071
72 99 0 8 -0.533768
9 63 0 8 -0.534110
11 78 0 8 -0.534236
48 74 0 8 -0.534264
68 87 0 8 -0.534429
8 64 0 8 -0.534622
22 43 0 8 -0.534689
12 86 0 8 -0.534918
38 46 0 8 -0.535008
39 86 0 8 -0.535229
5 69 0 8 -0.535671
29 67 0 8 -0.535737
10 71 0 8 -0.536055
33 46 0 8 -0.536111
68 97 0 8 -0.536310
35 56 0 8 -0.536920
13 94 0 8 -0.538164
4 50 0 8 -0.538263
44 88 0 8 -0.538329
6 94 0 8 -0.538730
77 85 0 8 -0.539106
78 99 0 8 -0.539164
9 87 0 8 -0.540415
16 34 0 8 -0.542163
29 63 0 8 -0.542256
5 79 0 8 -0.542501
36 88 0 8 -0.542572
22 60 0 8 -0.542704
10 75 0 8 -0.542778
8 31 0 8 -0.543003
64 87 0 8 -0.544480
43 67 0 8 -0.545167
7 68 0 8 -0.546930
21 69 0 8 -0.547186
12 100 0 8 -0.547294
21 38 0 8 -0.547643
14 52 0 8 -0.548110
66 99 0 8 -0.548678
5 29 0 8 -0.549045
53 82 0 8 -0.549288
11 32 0 8 -0.549988
24 51 0 8 -0.552429
34 95 0 8 -0.553072
31 89 0 8 -0.553332
44 53 0 8 -0.553381
49 102 0 8 -0.553709
5 32 0 8 -0.555425
26 54 0 8 -0.555765
11 58 0 8 -0.556418
3 98 0 8 -0.556481
33 56 0 8 -0.556540
11 76 0 8 -0.556913
80 101 0 8 -0.556971
5 24 0 8 -0.557066
77 94 0 8 -0.557899
20 25 0 8 -0.558222
13 27 0 8 -0.558356
48 84 0 8 -0.559266
3 54 0 8 -0.559349
61 88 0 8 -0.559402
26 43 0 8 -0.559893
35 50 0 8 -0.560369
68 90 0 8 -0.560437
23 88 0 8 -0.560681
11 95 0 8 -0.561000
82 93 0 8 -0.561080
62 68 0 8 -0.563064
40 86 0 8 -0.563265
25 50 0 8 -0.563604
31 50 0 8 -0.563621
21 49 0 8 -0.563680
46 70 0 8 -0.563751
5 103 0 8 -0.564559
24 68 0 8 -0.564565
3 67 0 8 -0.565195
46 72 0 8 -0.565502
47 73 0 8 -0.566015
52 98 0 8 -0.567104
36 54 0 8 -0.567367
34 42 0 8 -0.567912
11 73 0 8 -0.568153
14 31 0 8 -0.569198
82 91 0 8 -0.570065
62 103 0 8 -0.570380
80 99 0 8 -0.570763
13 62 0 8 -0.571869
26 39 0 8 -0.571985
30 65 0 8 -0.572015
23 72 0 8 -0.572097
19 75 0 8 -0.572714
54 85 0 8 -0.573093
13 93 0 8 -0.573869
15 25 0 8 -0.574408
32 41 0 8 -0.574968
16 25 0 8 -0.575053
34 61 0 8 -0.575962
44 60 0 8 -0.576285
9 102 0 8 -0.576379
56 74 0 8 -0.576539
17 45 0 8 -0.576679
49 80 0 8 -0.577680
62 100 0 8 -0.577798
77 100 0 8 -0.578132
32 94 0 8 -0.578508
9 84 0 8 -0.578811
49 57 0 8 -0.579003
50 101 0 8 -0.580331
18 49 0 8 -0.580368
3 35 0 8 -0.581399
10 74 0 8 -0.581665
51 74 0 8 -0.581746
8 25 0 8 -0.582872
16 26 0 8 -0.583360
42 63 0 8 -0.583504
31 86 0 8 -0.583558
37 51 0 8 -0.585392
36 51 0 8 -0.586342
46 97 0 8 -0.586728
27 102 0 8 -0.587212
4 49 0 8 -0.587224
86 91 0 8 -0.587718
3 73 0 8 -0.588216
33 72 0 8 -0.588596
8 61 0 8 -0.589010
30 64 0 8 -0.589028
40 46 0 8 -0.589201
24 52 0 8 -0.590153
46 86 0 8 -0.590167
43 51 0 8 -0.590292
18 56 0 8 -0.590407
21 101 0 8 -0.590683
20 56 0 8 -0.590717
4 25 0 8 -0.590794
12 69 0 8 -0.591007
10 94 0 8 -0.591042
34 45 0 8 -0.591370
40 56 0 8 -0.591370
42 50 0 8 -0.591529
62 98 0 8 -0.592548
5 63 0 8 -0.592584
24 100 0 8 -0.593305
22 63 0 8 -0.593541
35 66 0 8 -0.594785
10 101 0 8 -0.594865
20 78 0 8 -0.595057
22 40 0 8 -0.595558
18 50 0 8 -0.595898
8 20 0 8 -0.596598
37 42 0 8 -0.596807
51 101 0 8 -0.597015
57 68 0 8 -0.597731
8 18 0 8 -0.597855
24 103 0 8 -0.598103
24 80 0 8 -0.599122
9 103 0 8 -0.599279
10 64 0 8 -0.599844
46 64 0 8 -0.599965
30 46 0 8 -0.600353
29 40 0 8 -0.600410
61 87 0 8 -0.600992
30 80 0 8 -0.601355
42 53 0 8 -0.601407
13 33 0 8 -0.601626
58 94 0 8 -0.602628
46 63 0 8 -0.602727
43 78 0 8 -0.602832
38 100 0 8 -0.602945
22 100 0 8 -0.603137
25 66 0 8 -0.603562
43 76 0 8 -0.605911
30 68 0 8 -0.608078
17 40 0 8 -0.608144
79 98 0 8 -0.608281
10 39 0 8 -0.608322
10 85 0 8 -0.608852
68 75 0 8 -0.609017
25 53 0 8 -0.610480
10 100 0 8 -0.610849
42 101 0 8 -0.611312
7 17 0 8 -0.611316
35 46 0 8 -0.611466
58 68 0 8 -0.611473
34 69 0 8 -0.611528
76 83 0 8 -0.612613
12 87 0 8 -0.613833
61 91 0 8 -0.614224
30 57 0 8 -0.615224
15 73 0 8 -0.615264
37 59 0 8 -0.617098
47 65 0 8 -0.617099
45 51 0 8 -0.618219
57 102 0 8 -0.618832
43 81 0 8 -0.619010
89 98 0 8 -0.620624
36 47 0 8 -0.620691
53 73 0 8 -0.620748
40 52 0 8 -0.620757
8 50 0 8 -0.621228
5 14 0 8 -0.621603
51 68 0 8 -0.621887
47 81 0 8 -0.623436
47 58 0 8 -0.623517
79 100 0 8 -0.623554
30 49 0 8 -0.623608
41 90 0 8 -0.624734
32 67 0 8 -0.625111
7 102 0 8 -0.626566
24 89 0 8 -0.627611
43 85 0 8 -0.627934
21 81 0 8 -0.628425
11 43 0 8 -0.628558
25 78 0 8 -0.628859
31 49 0 8 -0.630045
27 49 0 8 -0.630979
5 55 0 8 -0.631747
14 62 0 8 -0.632140
37 57 0 8 -0.632194
12 102 0 8 -0.632327
36 95 0 8 -0.632486
16 63 0 8 -0.633333
80 94 0 8 -0.633467
76 98 0 8 -0.633472
13 80 0 8 -0.633725
18 51 0 8 -0.634098
14 37 0 8 -0.634513
58 86 0 8 -0.634745
20 75 0 8 -0.634865
3 34 0 8 -0.635656
16 81 0 8 -0.635764
19 60 0 8 -0.635939
54 93 0 8 -0.636004
13 100 0 8 -0.636302
37 68 0 8 -0.637006
16 84 0 8 -0.637080
73 90 0 8 -0.639629
47 69 0 8 -0.639914
24 35 0 8 -0.640569
56 77 0 8 -0.640906
56 102 0 8 -0.641571
4 9 0 8 -0.641684
26 92 0 8 -0.641742
5 35 0 8 -0.641900
20 46 0 8 -0.643255
26 84 0 8 -0.644382
50 64 0 8 -0.644972
41 99 0 8 -0.645030
35 101 0 8 -0.645611
10 47 0 8 -0.646052
20 85 0 8 -0.646081
23 100 0 8 -0.646220
58 74 0 8 -0.646501
19 68 0 8 -0.646619
22 68 0 8 -0.646660
34 73 0 8 -0.646962
32 92 0 8 -0.649007
64 101 0 8 -0.649222
26 81 0 8 -0.650059
16 45 0 8 -0.650586
5 26 0 8 -0.651504
12 46 0 8 -0.651620
30 85 0 8 -0.652454
28 61 0 8 -0.652611
46 78 0 8 -0.654230
8 69 0 8 -0.654526
43 62 0 8 -0.654596
37 64 0 8 -0.655275
28 77 0 8 -0.655512
32 48 0 8 -0.656017
32 82 0 8 -0.656580
44 50 0 8 -0.657481
47 57 0 8 -0.658047
69 96 0 8 -0.658115
37 67 0 8 -0.658414
48 70 0 8 -0.658708
94 99 0 8 -0.659212
13 82 0 8 -0.659968
15 71 0 8 -0.660221
3 27 0 8 -0.660285
15 86 0 8 -0.661178
13 58 0 8 -0.661972
54 68 0 8 -0.661994
18 47 0 8 -0.662954
47 82 0 8 -0.663446
44 81 0 8 -0.663847
38 70 0 8 -0.664213
10 53 0 8 -0.664401
26 86 0 8 -0.664881
19 61 0 8 -0.666177
9 71 0 8 -0.667301
43 92 0 8 -0.667843
59 89 0 8 -0.668470
9 50 0 8 -0.668563
24 61 0 8 -0.668782
36 71 0 8 -0.669288
29 36 0 8 -0.670280
83 103 0 8 -0.670748
46 58 0 8 -0.670945
30 60 0 8 -0.671111
23 96 0 8 -0.671764
44 76 0 8 -0.672591
6 78 0 8 -0.672942
9 46 0 8 -0.673014
15 94 0 8 -0.673518
27 50 0 8 -0.673660
77 82 0 8 -0.673801
79 93 0 8 -0.673958
6 79 0 8 -0.674484
65 103 0 8 -0.674582
43 86 0 8 -0.674639
14 49 0 8 -0.676078
12 82 0 8 -0.676356
68 86 0 8 -0.676549
26 73 0 8 -0.676730
84 90 0 8 -0.676784
35 57 0 8 -0.677600
43 58 0 8 -0.677661
21 89 0 8 -0.678004
10 83 0 8 -0.678357
10 65 0 8 -0.678728
32 49 0 8 -0.678854
77 88 0 8 -0.679116
16 94 0 8 -0.679181
83 99 0 8 -0.680036
66 88 0 8 -0.680216
29 48 0 8 -0.681441
75 81 0 8 -0.682068
24 49 0 8 -0.682668
65 91 0 8 -0.682901
70 77 0 8 -0.683643
13 83 0 8 -0.684192
5 66 0 8 -0.684927
30 89 0 8 -0.686578
36 82 0 8 -0.687386
59 101 0 8 -0.687666
83 91 0 8 -0.688145
62 69 0 8 -0.688152
26 46 0 8 -0.688193
7 99 0 8 -0.688685
21 47 0 8 -0.690005
19 45 0 8 -0.690144
30 103 0 8 -0.690540
5 56 0 8 -0.693115
69 89 0 8 -0.693644
25 96 0 8 -0.693994
7 26 0 8 -0.694454
23 41 0 8 -0.695020
18 102 0 8 -0.695538
25 36 0 8 -0.695571
20 55 0 8 -0.695915
11 45 0 8 -0.698063
59 67 0 8 -0.698131
67 83 0 8 -0.698419
39 91 0 8 -0.698906
46 59 0 8 -0.699149
67 82 0 8 -0.700226
30 52 0 8 -0.700281
21 35 0 8 -0.700618
73 103 0 8 -0.701781
18 54 0 8 -0.702227
63 81 0 8 -0.702766
25 85 0 8 -0.703780
81 88 0 8 -0.703894
50 62 0 8 -0.704145
4 58 0 8 -0.704223
72 88 0 8 -0.704588
34 100 0 8 -0.704603
22 73 0 8 -0.705011
20 68 0 8 -0.705515
12 22 0 8 -0.705728
17 29 0 8 -0.705777
40 65 0 8 -0.705777
43 59 0 8 -0.706146
36 80 0 8 -0.707464
50 96 0 8 -0.708199
5 13 0 8 -0.708328
12 85 0 8 -0.709870
39 64 0 8 -0.709881
38 95 0 8 -0.709941
27 65 0 8 -0.710307
59 65 0 8 -0.710336
73 102 0 8 -0.710841
21 28 0 8 -0.710917
30 61 0 8 -0.711165
24 53 0 8 -0.711634
70 91 0 8 -0.711637
10 42 0 8 -0.711729
47 102 0 8 -0.712114
27 38 0 8 -0.712738
40 81 0 8 -0.714347
95 103 0 8 -0.716109
37 94 0 8 -0.716231
87 102 0 8 -0.716428
38 55 0 8 -0.716544
49 62 0 8 -0.716801
5 70 0 8 -0.717406
95 101 0 8 -0.718820
49 83 0 8 -0.719887
16 60 0 8 -0.720187
15 59 0 8 -0.720865
68 93 0 8 -0.722516
40 76 0 8 -0.722983
34 65 0 8 -0.722985
40 57 0 8 -0.723117
28 69 0 8 -0.723122
61 81 0 8 -0.724012
7 84 0 8 -0.724402
42 47 0 8 -0.725850
5 23 0 8 -0.725929
29 95 0 8 -0.726236
67 101 0 8 -0.726767
20 98 0 8 -0.727309
15 88 0 8 -0.727348
3 60 0 8 -0.727943
27 47 0 8 -0.728123
36 85 0 8 -0.728296
31 72 0 8 -0.728435
30 50 0 8 -0.728446
53 74 0 8 -0.728928
23 65 0 8 -0.729533
7 83 0 8 -0.730402
6 73 0 8 -0.731279
62 87 0 8 -0.731505
34 77 0 8 -0.732261
30 54 0 8 -0.733043
5 80 0 8 -0.733999
44 59 0 8 -0.734483
70 90 0 8 -0.734566
75 102 0 8 -0.734596
41 50 0 8 -0.734600
11 98 0 8 -0.734898
14 36 0 8 -0.735226
14 90 0 8 -0.735343
24 43 0 8 -0.735438
19 51 0 8 -0.736712
49 64 0 8 -0.737227
13 74 0 8 -0.737396
37 83 0 8 -0.738048
49 96 0 8 -0.738303
6 23 0 8 -0.738557
63 100 0 8 -0.739013
23 70 0 8 -0.739214
27 64 0 8 -0.740131
14 33 0 8 -0.740178
39 74 0 8 -0.742475
8 76 0 8 -0.743910
92 103 0 8 -0.744496
11 62 0 8 -0.744751
52 83 0 8 -0.745373
12 30 0 8 -0.745968
42 68 0 8 -0.747383
34 90 0 8 -0.747789
6 92 0 8 -0.748006
18 45 0 8 -0.748524
34 48 0 8 -0.748892
9 59 0 8 -0.749713
28 50 0 8 -0.749729
59 92 0 8 -0.749766
11 94 0 8 -0.749824
13 48 0 8 -0.750154
10 55 0 8 -0.750486
57 93 0 8 -0.751227
22 59 0 8 -0.752693
6 44 0 8 -0.752911
38 50 0 8 -0.753473
48 89 0 8 -0.753658
47 70 0 8 -0.753928
19 87 0 8 -0.754436
15 49 0 8 -0.756214
36 73 0 8 -0.757275
4 44 0 8 -0.757629
31 51 0 8 -0.757851
67 90 0 8 -0.758423
36 81 0 8 -0.758527
83 89 0 8 -0.758651
83 102 0 8 -0.758933
57 94 0 8 -0.759185
29 56 0 8 -0.759984
24 101 0 8 -0.760474
9 68 0 8 -0.760992
23 32 0 8 -0.761228
4 13 0 8 -0.762843
67 91 0 8 -0.763044
13 38 0 8 -0.763198
90 100 0 8 -0.763289
25 48 0 8 -0.764061
6 24 0 8 -0.764900
9 39 0 8 -0.765417
5 99 0 8 -0.765987
9 101 0 8 -0.766235
75 89 0 8 -0.766940
4 94 0 8 -0.767498
54 84 0 8 -0.767536
54 101 0 8 -0.767706
31 103 0 8 -0.767800
10 88 0 8 -0.767915
52 58 0 8 -0.768235
34 44 0 8 -0.769261
4 41 0 8 -0.769556
33 95 0 8 -0.769588
8 94 0 8 -0.772801
30 84 0 8 -0.772960
63 94 0 8 -0.774606
27 92 0 8 -0.774678
42 81 0 8 -0.777210
35 96 0 8 -0.778459
49 95 0 8 -0.778788
22 34 0 8 -0.778881
6 59 0 8 -0.779316
9 16 0 8 -0.779930
4 12 0 8 -0.781403
58 93 0 8 -0.782177
36 89 0 8 -0.782225
56 72 0 8 -0.783451
13 75 0 8 -0.783723
4 23 0 8 -0.784001
48 57 0 8 -0.784048
4 51 0 8 -0.784313
47 96 0 8 -0.785072
54 78 0 8 -0.787000
48 82 0 8 -0.787683
48 100 0 8 -0.787693
20 72 0 8 -0.788023
70 81 0 8 -0.788899
20 27 0 8 -0.789129
3 64 0 8 -0.789306
55 101 0 8 -0.789707
13 32 0 8 -0.790232
4 62 0 8 -0.790802
10 97 0 8 -0.792298
54 86 0 8 -0.794491
33 42 0 8 -0.794737
39 63 0 8 -0.795362
39 88 0 8 -0.795437
7 86 0 8 -0.795993
4 33 0 8 -0.797046
8 91 0 8 -0.797232
27 94 0 8 -0.797547
29 91 0 8 -0.797919
41 101 0 8 -0.799299
14 26 0 8 -0.800538
37 54 0 8 -0.800819
36 97 0 8 -0.800821
9 20 0 8 -0.801490
52 84 0 8 -0.803408
37 102 0 8 -0.805145
20 93 0 8 -0.805173
3 11 0 8 -0.805186
24 46 0 8 -0.805220
18 77 0 8 -0.805358
56 94 0 8 -0.805436
88 98 0 8 -0.805500
41 63 0 8 -0.805575
13 34 0 8 -0.807502
51 65 0 8 -0.808021
38 77 0 8 -0.808898
6 74 0 8 -0.809466
44 101 0 8 -0.810169
14 39 0 8 -0.810382
55 94 0 8 -0.810416
9 28 0 8 -0.811982
32 55 0 8 -0.814988
35 70 0 8 -0.815722
32 42 0 8 -0.815923
23 75 0 8 -0.818707
74 97 0 8 -0.818780
17 77 0 8 -0.820204
53 89 0 8 -0.821791
13 44 0 8 -0.822492
12 27 0 8 -0.822828
41 78 0 8 -0.823076
59 98 0 8 -0.823211
52 66 0 8 -0.823364
13 101 0 8 -0.824460
50 70 0 8 -0.825157
55 88 0 8 -0.825551
4 21 0 8 -0.825830
60 89 0 8 -0.827470
61 89 0 8 -0.828066
50 78 0 8 -0.828556
10 44 0 8 -0.828753
37 98 0 8 -0.828796
8 48 0 8 -0.829030
64 103 0 8 -0.829063
25 99 0 8 -0.829958
10 36 0 8 -0.830074
45 77 0 8 -0.830208
25 57 0 8 -0.831277
49 81 0 8 -0.831322
22 29 0 8 -0.833788
22 76 0 8 -0.834677
45 88 0 8 -0.834943
19 79 0 8 -0.835363
48 77 0 8 -0.835811
71 88 0 8 -0.836147
18 94 0 8 -0.838009
26 63 0 8 -0.838114
75 80 0 8 -0.838211
53 97 0 8 -0.838628
48 102 0 8 -0.838875
21 91 0 8 -0.838958
30 95 0 8 -0.839107
41 48 0 8 -0.839136
5 87 0 8 -0.839195
30 70 0 8 -0.840508
34 76 0 8 -0.840892
9 30 0 8 -0.842836
42 91 0 8 -0.842894
18 88 0 8 -0.843395
41 62 0 8 -0.843745
29 84 0 8 -0.843817
17 43 0 8 -0.844442
23 57 0 8 -0.845340
28 98 0 8 -0.845645
18 101 0 8 -0.846532
64 98 0 8 -0.849267
63 101 0 8 -0.851272
13 89 0 8 -0.855519
23 37 0 8 -0.855805
22 96 0 8 -0.855948
13 61 0 8 -0.856164
31 74 0 8 -0.856353
38 47 0 8 -0.857943
32 69 0 8 -0.859127
38 71 0 8 -0.859214
49 92 0 8 -0.859464
50 59 0 8 -0.859468
10 92 0 8 -0.860256
14 44 0 8 -0.860293
10 20 0 8 -0.860725
53 64 0 8 -0.860759
19 76 0 8 -0.860769
38 52 0 8 -0.861501
71 99 0 8 -0.861767
50 60 0 8 -0.862233
15 78 0 8 -0.862574
9 32 0 8 -0.862602
7 92 0 8 -0.863813
59 83 0 8 -0.864518
36 102 0 8 -0.865261
42 102 0 8 -0.865601
38 76 0 8 -0.866637
48 103 0 8 -0.866789
10 89 0 8 -0.868381
57 85 0 8 -0.869088
23 51 0 8 -0.869334
33 50 0 8 -0.869415
18 58 0 8 -0.869670
25 95 0 8 -0.870258
33 100 0 8 -0.872190
47 78 0 8 -0.872903
44 74 0 8 -0.872971
66 77 0 8 -0.874450
16 30 0 8 -0.874519
6 66 0 8 -0.874673
11 92 0 8 -0.876332
3 86 0 8 -0.876353
14 70 0 8 -0.876790
31 58 0 8 -0.877273
5 96 0 8 -0.878742
30 91 0 8 -0.880521
59 77 0 8 -0.883163
6 60 0 8 -0.883181
5 21 0 8 -0.884129
14 76 0 8 -0.884453
16 53 0 8 -0.886617
62 101 0 8 -0.888031
42 103 0 8 -0.888854
17 49 0 8 -0.889378
40 75 0 8 -0.889622
32 79 0 8 -0.890508
28 41 0 8 -0.890705
15 27 0 8 -0.891584
39 101 0 8 -0.891662
51 88 0 8 -0.891912
12 93 0 8 -0.891950
45 81 0 8 -0.893020
27 39 0 8 -0.895470
46 55 0 8 -0.895895
8 13 0 8 -0.898627
15 81 0 8 -0.900080
7 15 0 8 -0.900875
24 39 0 8 -0.901432
57 67 0 8 -0.902543
28 101 0 8 -0.903687
39 95 0 8 -0.903999
19 90 0 8 -0.904550
50 86 0 8 -0.907141
19 101 0 8 -0.907855
82 92 0 8 -0.908307
56 79 0 8 -0.908920
47 88 0 8 -0.910166
63 82 0 8 -0.910741
19 81 0 8 -0.911261
74 94 0 8 -0.911393
17 73 0 8 -0.913639
77 92 0 8 -0.913846
20 99 0 8 -0.913960
45 92 0 8 -0.914806
69 100 0 8 -0.915945
6 31 0 8 -0.916175
61 96 0 8 -0.916462
18 99 0 8 -0.916660
61 90 0 8 -0.917071
36 41 0 8 -0.917875
87 96 0 8 -0.918068
39 66 0 8 -0.918137
13 45 0 8 -0.918328
9 18 0 8 -0.920729
17 75 0 8 -0.921147
29 98 0 8 -0.922423
37 103 0 8 -0.922845
4 31 0 8 -0.923066
28 102 0 8 -0.923903
47 94 0 8 -0.924931
52 64 0 8 -0.926007
7 27 0 8 -0.926621
37 62 0 8 -0.927028
50 55 0 8 -0.927401
27 51 0 8 -0.927470
25 52 0 8 -0.929291
13 19 0 8 -0.929357
30 71 0 8 -0.929794
56 66 0 8 -0.929884
15 70 0 8 -0.930578
16 72 0 8 -0.930639
44 70 0 8 -0.930913
59 72 0 8 -0.931514
40 69 0 8 -0.932169
29 82 0 8 -0.932258
54 65 0 8 -0.932495
31 87 0 8 -0.932780
13 90 0 8 -0.932813
42 76 0 8 -0.933443
47 60 0 8 -0.933846
6 47 0 8 -0.934521
77 97 0 8 -0.935023
39 98 0 8 -0.936175
35 71 0 8 -0.936424
71 103 0 8 -0.936683
11 70 0 8 -0.937668
51 58 0 8 -0.937800
40 50 0 8 -0.938191
61 101 0 8 -0.939907
49 98 0 8 -0.941471
34 47 0 8 -0.941895
12 44 0 8 -0.942195
5 38 0 8 -0.942998
80 100 0 8 -0.943818
20 96 0 8 -0.943841
42 93 0 8 -0.946019
38 56 0 8 -0.947197
20 28 0 8 -0.947837
8 65 0 8 -0.948007
34 92 0 8 -0.948025
16 79 0 8 -0.948687
38 67 0 8 -0.950060
23 73 0 8 -0.950101
45 91 0 8 -0.950575
55 93 0 8 -0.950756
33 86 0 8 -0.951598
4 73 0 8 -0.952082
7 31 0 8 -0.953389
11 102 0 8 -0.953721
17 76 0 8 -0.954818
9 100 0 8 -0.954919
28 90 0 8 -0.955107
17 85 0 8 -0.955405
47 71 0 8 -0.955819
21 79 0 8 -0.956203
24 84 0 8 -0.956917
12 38 0 8 -0.957471
19 33 0 8 -0.957508
86 98 0 8 -0.957652
8 63 0 8 -0.957708
62 71 0 8 -0.957852
6 63 0 8 -0.957983
58 96 0 8 -0.958138
49 59 0 8 -0.958554
82 94 0 8 -0.959103
8 95 0 8 -0.961795
73 95 0 8 -0.962219
67 72 0 8 -0.963251
6 35 0 8 -0.963550
22 102 0 8 -0.963991
49 60 0 8 -0.964938
12 92 0 8 -0.965786
8 38 0 8 -0.965844
73 99 0 8 -0.966556
66 80 0 8 -0.967638
65 102 0 8 -0.967993
44 97 0 8 -0.968370
40 64 0 8 -0.968715
16 67 0 8 -0.969220
25 69 0 8 -0.970429
21 36 0 8 -0.971796
13 42 0 8 -0.973666
34 41 0 8 -0.974929
32 45 0 8 -0.977395
39 56 0 8 -0.977764
57 65 0 8 -0.980024
14 61 0 8 -0.981096
15 69 0 8 -0.981136
7 58 0 8 -0.981705
32 44 0 8 -0.982194
65 81 0 8 -0.982417
72 96 0 8 -0.983672
37 91 0 8 -0.983965
30 69 0 8 -0.983980
40 99 0 8 -0.984947
64 78 0 8 -0.985968
72 87 0 8 -0.988895
20 29 0 8 -0.990383
66 102 0 8 -0.990763
14 93 0 8 -0.991065
28 85 0 8 -0.991415
25 74 0 8 -0.992414
67 77 0 8 -0.992428
22 101 0 8 -0.992534
12 67 0 8 -0.992580
50 75 0 8 -0.993504
75 96 0 8 -0.993795
79 92 0 8 -0.993890
49 63 0 8 -0.994708
64 82 0 8 -0.995301
25 63 0 8 -0.997657
30 72 0 8 -0.999037
22 61 0 8 -0.999434
62 96 0 8 -1.000050
25 82 0 8 -1.000340
42 69 0 8 -1.000949
60 72 0 8 -1.001120
9 80 0 8 -1.002361
30 38 0 8 -1.002475
14 94 0 8 -1.002911
22 79 0 8 -1.004616
70 93 0 8 -1.004749
15 64 0 8 -1.005438
48 88 0 8 -1.005656
22 39 0 8 -1.005769
33 49 0 8 -1.006136
73 87 0 8 -1.006210
69 103 0 8 -1.006987
72 100 0 8 -1.007698
51 66 0 8 -1.008933
48 98 0 8 -1.011481
8 51 0 8 -1.011527
5 73 0 8 -1.011778
72 89 0 8 -1.011874
12 47 0 8 -1.012286
55 76 0 8 -1.012575
11 49 0 8 -1.013146
41 67 0 8 -1.015466
12 41 0 8 -1.015649
15 55 0 8 -1.016093
9 94 0 8 -1.016331
20 54 0 8 -1.016475
66 81 0 8 -1.016495
56 82 0 8 -1.016614
45 87 0 8 -1.017836
25 58 0 8 -1.020270
27 42 0 8 -1.020676
16 103 0 8 -1.021537
30 42 0 8 -1.023274
49 86 0 8 -1.023632
77 90 0 8 -1.024992
56 97 0 8 -1.025101
4 76 0 8 -1.025185
12 60 0 8 -1.025430
30 73 0 8 -1.027374
5 95 0 8 -1.027583
12 50 0 8 -1.030288
32 57 0 8 -1.030400
10 67 0 8 -1.031502
12 91 0 8 -1.031794
47 63 0 8 -1.034126
54 82 0 8 -1.034209
35 49 0 8 -1.034467
47 98 0 8 -1.034478
41 51 0 8 -1.034624
19 74 0 8 -1.035200
14 73 0 8 -1.035459
12 103 0 8 -1.036621
18 32 0 8 -1.039037
30 63 0 8 -1.039172
17 33 0 8 -1.039734
42 82 0 8 -1.039837
15 57 0 8 -1.041279
56 95 0 8 -1.042120
18 37 0 8 -1.042120
72 101 0 8 -1.042333
76 90 0 8 -1.042808
61 73 0 8 -1.043073
35 64 0 8 -1.043822
27 93 0 8 -1.043891
37 88 0 8 -1.044255
89 103 0 8 -1.045571
59 81 0 8 -1.048351
85 94 0 8 -1.049063
50 57 0 8 -1.050224
11 100 0 8 -1.050760
12 37 0 8 -1.051637
38 90 0 8 -1.052513
37 60 0 8 -1.053387
71 78 0 8 -1.053819
7 96 0 8 -1.054030
6 101 0 8 -1.054050
35 86 0 8 -1.054243
13 76 0 8 -1.054551
67 73 0 8 -1.054737
48 76 0 8 -1.055673
75 84 0 8 -1.056305
63 79 0 8 -1.057511
44 49 0 8 -1.058016
75 87 0 8 -1.058157
21 82 0 8 -1.058940
65 84 0 8 -1.059174
64 93 0 8 -1.060108
67 79 0 8 -1.060159
6 102 0 8 -1.060334
23 55 0 8 -1.061462
35 85 0 8 -1.062578
64 91 0 8 -1.064299
17 82 0 8 -1.064692
32 54 0 8 -1.064716
80 90 0 8 -1.065057
24 50 0 8 -1.065248
32 66 0 8 -1.066051
30 47 0 8 -1.068688
82 97 0 8 -1.068856
29 100 0 8 -1.069516
49 78 0 8 -1.070502
24 33 0 8 -1.071125
44 82 0 8 -1.071324
71 84 0 8 -1.072897
13 85 0 8 -1.074136
29 53 0 8 -1.074757
28 35 0 8 -1.074928
12 24 0 8 -1.075245
52 96 0 8 -1.077492
34 52 0 8 -1.078907
27 41 0 8 -1.079025
55 82 0 8 -1.079468
49 76 0 8 -1.080577
28 72 0 8 -1.081864
8 89 0 8 -1.082639
12 32 0 8 -1.084508
54 94 0 8 -1.084963
35 81 0 8 -1.086149
16 39 0 8 -1.087474
24 55 0 8 -1.089616
9 22 0 8 -1.090241
24 102 0 8 -1.091054
50 58 0 8 -1.091142
5 37 0 8 -1.091867
28 51 0 8 -1.092345
48 92 0 8 -1.092507
8 97 0 8 -1.093178
7 98 0 8 -1.096715
6 42 0 8 -1.097172
57 100 0 8 -1.098479
25 72 0 8 -1.099102
70 94 0 8 -1.099280
53 78 0 8 -1.099928
33 93 0 8 -1.100226
7 60 0 8 -1.101094
20 67 0 8 -1.101987
17 91 0 8 -1.102014
42 58 0 8 -1.102347
15 67 0 8 -1.105211
26 35 0 8 -1.105572
7 93 0 8 -1.106423
19 92 0 8 -1.107466
52 77 0 8 -1.109387
37 61 0 8 -1.109601
20 49 0 8 -1.110427
14 86 0 8 -1.111006
26 93 0 8 -1.113429
61 102 0 8 -1.114021
51 72 0 8 -1.114475
71 91 0 8 -1.117084
16 64 0 8 -1.118408
29 92 0 8 -1.119318
71 87 0 8 -1.119507
49 55 0 8 -1.120105
48 87 0 8 -1.122118
32 98 0 8 -1.122433
21 76 0 8 -1.124907
45 103 0 8 -1.125957
49 82 0 8 -1.127315
84 99 0 8 -1.128732
39 49 0 8 -1.129028
12 77 0 8 -1.130460
14 79 0 8 -1.131291
34 67 0 8 -1.131480
22 99 0 8 -1.131594
12 63 0 8 -1.132074
17 38 0 8 -1.132135
15 87 0 8 -1.132307
58 95 0 8 -1.132325
47 84 0 8 -1.133003
60 71 0 8 -1.133791
75 99 0 8 -1.134599
37 63 0 8 -1.135519
5 41 0 8 -1.138650
53 77 0 8 -1.138811
14 92 0 8 -1.138879
19 57 0 8 -1.139297
53 101 0 8 -1.140449
31 99 0 8 -1.140568
17 53 0 8 -1.140939
11 65 0 8 -1.141812
40 100 0 8 -1.143013
9 37 0 8 -1.143308
61 94 0 8 -1.143662
21 78 0 8 -1.144134
6 88 0 8 -1.144923
11 42 0 8 -1.145093
21 84 0 8 -1.145574
63 90 0 8 -1.145859
17 101 0 8 -1.145903
44 77 0 8 -1.147118
57 96 0 8 -1.149676
53 63 0 8 -1.150007
6 84 0 8 -1.150436
22 33 0 8 -1.153629
31 95 0 8 -1.153847
28 60 0 8 -1.154497
4 65 0 8 -1.155302
47 52 0 8 -1.155396
93 102 0 8 -1.155614
15 42 0 8 -1.157357
51 89 0 8 -1.157529
29 99 0 8 -1.159700
60 94 0 8 -1.160262
34 84 0 8 -1.160674
57 88 0 8 -1.160828
59 94 0 8 -1.160967
40 59 0 8 -1.162100
9 65 0 8 -1.162853
52 86 0 8 -1.163875
45 50 0 8 -1.164067
26 50 0 8 -1.165411
62 74 0 8 -1.166834
54 80 0 8 -1.167094
17 83 0 8 -1.170047
48 73 0 8 -1.170108
11 56 0 8 -1.170625
63 80 0 8 -1.171279
21 80 0 8 -1.172062
22 50 0 8 -1.172103
11 69 0 8 -1.172612
19 94 0 8 -1.173856
31 76 0 8 -1.174603
45 74 0 8 -1.175359
4 45 0 8 -1.177417
16 96 0 8 -1.180382
7 20 0 8 -1.180440
63 86 0 8 -1.180818
12 90 0 8 -1.180912
13 59 0 8 -1.180962
11 34 0 8 -1.181624
17 41 0 8 -1.183600
21 77 0 8 -1.183791
26 80 0 8 -1.183984
72 78 0 8 -1.185037
52 71 0 8 -1.185254
8 28 0 8 -1.186336
20 37 0 8 -1.187261
16 90 0 8 -1.188172
32 96 0 8 -1.188939
51 93 0 8 -1.190295
47 74 0 8 -1.192123
71 97 0 8 -1.193585
19 84 0 8 -1.194304
21 65 0 8 -1.194455
66 75 0 8 -1.194642
55 75 0 8 -1.194775
14 82 0 8 -1.195582
16 62 0 8 -1.195949
40 72 0 8 -1.196751
33 39 0 8 -1.197642
62 70 0 8 -1.199612
61 80 0 8 -1.200595
9 58 0 8 -1.201460
35 42 0 8 -1.202570
52 80 0 8 -1.202663
6 62 0 8 -1.203474
16 86 0 8 -1.203882
19 53 0 8 -1.204356
44 98 0 8 -1.206654
65 82 0 8 -1.207190
62 94 0 8 -1.207253
28 88 0 8 -1.207545
33 96 0 8 -1.208324
37 92 0 8 -1.208873
26 69 0 8 -1.208946
49 72 0 8 -1.209392
38 97 0 8 -1.210506
25 47 0 8 -1.211928
9 36 0 8 -1.212113
38 69 0 8 -1.212179
11 44 0 8 -1.212931
72 102 0 8 -1.213715
53 103 0 8 -1.216155
24 66 0 8 -1.216838
7 48 0 8 -1.217104
72 98 0 8 -1.217461
53 80 0 8 -1.217727
5 67 0 8 -1.217792
22 62 0 8 -1.217964
25 71 0 8 -1.220885
58 98 0 8 -1.221756
28 65 0 8 -1.223278
61 98 0 8 -1.223305
34 75 0 8 -1.224067
65 80 0 8 -1.224900
4 38 0 8 -1.225614
16 40 0 8 -1.226014
18 66 0 8 -1.226420
14 80 0 8 -1.226609
65 71 0 8 -1.226777
75 100 0 8 -1.228532
55 90 0 8 -1.229336
26 83 0 8 -1.230958
42 99 0 8 -1.232344
53 102 0 8 -1.234427
20 64 0 8 -1.234675
32 75 0 8 -1.236294
29 45 0 8 -1.236568
11 20 0 8 -1.236764
4 92 0 8 -1.236835
32 99 0 8 -1.237088
5 86 0 8 -1.238845
37 74 0 8 -1.239119
53 76 0 8 -1.239945
14 64 0 8 -1.241231
57 76 0 8 -1.243662
15 65 0 8 -1.243855
13 22 0 8 -1.244239
23 54 0 8 -1.244517
58 66 0 8 -1.244618
33 73 0 8 -1.244913
29 60 0 8 -1.245028
22 89 0 8 -1.245317
55 86 0 8 -1.245556
38 103 0 8 -1.246937
51 63 0 8 -1.246961
45 57 0 8 -1.247459
52 90 0 8 -1.248027
37 72 0 8 -1.248040
7 74 0 8 -1.248278
52 85 0 8 -1.248354
69 81 0 8 -1.248497
26 47 0 8 -1.249968
18 79 0 8 -1.250034
26 76 0 8 -1.250085
69 85 0 8 -1.251282
28 100 0 8 -1.251658
15 76 0 8 -1.254225
34 58 0 8 -1.254519
17 103 0 8 -1.255271
7 91 0 8 -1.257568
18 42 0 8 -1.258052
22 42 0 8 -1.258798
78 92 0 8 -1.259638
7 53 0 8 -1.260836
51 87 0 8 -1.261631
65 92 0 8 -1.263016
59 73 0 8 -1.264656
29 38 0 8 -1.266402
44 92 0 8 -1.267218
28 94 0 8 -1.268194
31 93 0 8 -1.270010
39 59 0 8 -1.270508
17 60 0 8 -1.271103
59 66 0 8 -1.273043
11 87 0 8 -1.274398
12 55 0 8 -1.274699
33 75 0 8 -1.275139
17 80 0 8 -1.275634
36 70 0 8 -1.275850
12 73 0 8 -1.279600
86 97 0 8 -1.280317
21 34 0 8 -1.280982
53 95 0 8 -1.282446
39 83 0 8 -1.282952
22 77 0 8 -1.283236
44 87 0 8 -1.283244
19 86 0 8 -1.283255
6 82 0 8 -1.283344
78 95 0 8 -1.283741
22 38 0 8 -1.284263
35 87 0 8 -1.286829
29 62 0 8 -1.287167
12 42 0 8 -1.287308
13 66 0 8 -1.288569
4 24 0 8 -1.288583
22 52 0 8 -1.288974
75 85 0 8 -1.289247
18 55 0 8 -1.292144
24 97 0 8 -1.292253
52 82 0 8 -1.292370
10 69 0 8 -1.294014
60 87 0 8 -1.294078
44 69 0 8 -1.294769
47 72 0 8 -1.295502
60 65 0 8 -1.295914
35 47 0 8 -1.297211
8 77 0 8 -1.298167
63 97 0 8 -1.298384
20 90 0 8 -1.298749
7 61 0 8 -1.299530
64 97 0 8 -1.301045
13 60 0 8 -1.302473
24 86 0 8 -1.303098
33 53 0 8 -1.303805
29 89 0 8 -1.304389
29 80 0 8 -1.305359
61 103 0 8 -1.305766
17 86 0 8 -1.305986
73 101 0 8 -1.307691
28 95 0 8 -1.308341
65 76 0 8 -1.308566
14 28 0 8 -1.309645
42 84 0 8 -1.309947
56 62 0 8 -1.312075
47 80 0 8 -1.312454
41 95 0 8 -1.313076
24 29 0 8 -1.313399
33 63 0 8 -1.313553
23 93 0 8 -1.313565
40 55 0 8 -1.314072
24 67 0 8 -1.316207
37 90 0 8 -1.316334
9 86 0 8 -1.316336
22 78 0 8 -1.317669
76 85 0 8 -1.317697
6 96 0 8 -1.318364
35 72 0 8 -1.318370
20 51 0 8 -1.319711
13 99 0 8 -1.319893
6 98 0 8 -1.322238
9 83 0 8 -1.322728
6 15 0 8 -1.323627
20 86 0 8 -1.325666
45 58 0 8 -1.328556
36 86 0 8 -1.329262
42 88 0 8 -1.329831
20 26 0 8 -1.331554
26 33 0 8 -1.332589
51 77 0 8 -1.333226
7 12 0 8 -1.333552
31 57 0 8 -1.333818
6 27 0 8 -1.334390
16 75 0 8 -1.338078
55 98 0 8 -1.339023
27 85 0 8 -1.339845
41 84 0 8 -1.340469
36 65 0 8 -1.341573
21 87 0 8 -1.344487
32 52 0 8 -1.345711
56 70 0 8 -1.348428
38 99 0 8 -1.350082
8 75 0 8 -1.352086
58 75 0 8 -1.355977
52 76 0 8 -1.358651
17 27 0 8 -1.361566
27 54 0 8 -1.362140
6 14 0 8 -1.364236
24 82 0 8 -1.364478
55 79 0 8 -1.365659
21 74 0 8 -1.365838
8 90 0 8 -1.366738
34 63 0 8 -1.368467
17 89 0 8 -1.373880
26 101 0 8 -1.377206
37 65 0 8 -1.377976
8 24 0 8 -1.378805
45 101 0 8 -1.379139
72 97 0 8 -1.379642
18 57 0 8 -1.380327
75 86 0 8 -1.381299
20 32 0 8 -1.382266
58 90 0 8 -1.385847
11 25 0 8 -1.386786
15 80 0 8 -1.387266
31 71 0 8 -1.391052
15 83 0 8 -1.391468
53 87 0 8 -1.392925
14 69 0 8 -1.393518
66 74 0 8 -1.393616
23 52 0 8 -1.395098
59 90 0 8 -1.396238
22 71 0 8 -1.396650
49 97 0 8 -1.397259
28 39 0 8 -1.400013
69 75 0 8 -1.400368
67 100 0 8 -1.401236
41 61 0 8 -1.402197
16 41 0 8 -1.402786
27 71 0 8 -1.404869
17 102 0 8 -1.405703
54 59 0 8 -1.408211
64 83 0 8 -1.409421
35 55 0 8 -1.411555
11 96 0 8 -1.411937
29 61 0 8 -1.415836
9 42 0 8 -1.416533
72 80 0 8 -1.417244
23 67 0 8 -1.417281
14 53 0 8 -1.420985
39 57 0 8 -1.421156
9 49 0 8 -1.421938
12 17 0 8 -1.422330
93 98 0 8 -1.425654
61 78 0 8 -1.427258
32 70 0 8 -1.428951
45 61 0 8 -1.429532
40 73 0 8 -1.429775
33 61 0 8 -1.430581
60 90 0 8 -1.432396
20 74 0 8 -1.433043
26 72 0 8 -1.434189
45 82 0 8 -1.434237
54 77 0 8 -1.434614
75 83 0 8 -1.435811
21 75 0 8 -1.437454
41 66 0 8 -1.437997
28 54 0 8 -1.439403
9 64 0 8 -1.439575
24 65 0 8 -1.440499
86 99 0 8 -1.442098
4 42 0 8 -1.443128
35 97 0 8 -1.445788
40 51 0 8 -1.450328
26 61 0 8 -1.451165
6 75 0 8 -1.454877
41 73 0 8 -1.455561
65 100 0 8 -1.456370
22 56 0 8 -1.457608
21 90 0 8 -1.459080
71 98 0 8 -1.460827
17 74 0 8 -1.462121
14 40 0 8 -1.464749
65 85 0 8 -1.466034
36 48 0 8 -1.466999
5 61 0 8 -1.470510
23 71 0 8 -1.470722
19 88 0 8 -1.470854
54 79 0 8 -1.472363
65 88 0 8 -1.472821
53 81 0 8 -1.474608
71 79 0 8 -1.477438
57 83 0 8 -1.477669
11 90 0 8 -1.477947
47 93 0 8 -1.479159
6 80 0 8 -1.479223
26 48 0 8 -1.487578
41 93 0 8 -1.488265
21 30 0 8 -1.490433
66 95 0 8 -1.490802
28 92 0 8 -1.493509
44 84 0 8 -1.500519
22 75 0 8 -1.500526
39 93 0 8 -1.507807
8 29 0 8 -1.508592
8 56 0 8 -1.509733
55 77 0 8 -1.511036
6 89 0 8 -1.512120
36 60 0 8 -1.512813
24 70 0 8 -1.514627
73 84 0 8 -1.515113
34 51 0 8 -1.520469
66 103 0 8 -1.521758
51 79 0 8 -1.523948
65 101 0 8 -1.524233
65 89 0 8 -1.525939
49 93 0 8 -1.528300
80 96 0 8 -1.529048
42 66 0 8 -1.529255
24 93 0 8 -1.530283
27 53 0 8 -1.532387
23 42 0 8 -1.534492
29 41 0 8 -1.534683
20 91 0 8 -1.536299
34 71 0 8 -1.536874
23 39 0 8 -1.538389
39 96 0 8 -1.540279
17 64 0 8 -1.541052
44 102 0 8 -1.541643
35 93 0 8 -1.543154
51 78 0 8 -1.543233
9 75 0 8 -1.544068
29 71 0 8 -1.544428
27 48 0 8 -1.545443
26 53 0 8 -1.553221
79 90 0 8 -1.553301
14 72 0 8 -1.556071
6 81 0 8 -1.556572
18 65 0 8 -1.556695
53 85 0 8 -1.557826
53 91 0 8 -1.558241
31 44 0 8 -1.558513
27 81 0 8 -1.558829
38 86 0 8 -1.561040
45 97 0 8 -1.562524
15 92 0 8 -1.562709
21 97 0 8 -1.564381
15 29 0 8 -1.565904
9 74 0 8 -1.567907
51 83 0 8 -1.568802
24 78 0 8 -1.569278
38 62 0 8 -1.570209
25 45 0 8 -1.572094
61 82 0 8 -1.574052
8 85 0 8 -1.576334
40 88 0 8 -1.581952
32 65 0 8 -1.582632
13 97 0 8 -1.584685
33 66 0 8 -1.584888
48 81 0 8 -1.587970
20 65 0 8 -1.588470
42 78 0 8 -1.592723
54 99 0 8 -1.598277
55 85 0 8 -1.599591
53 67 0 8 -1.606565
45 85 0 8 -1.606601
60 86 0 8 -1.609505
39 77 0 8 -1.609556
27 61 0 8 -1.612016
32 64 0 8 -1.612163
7 95 0 8 -1.617246
17 62 0 8 -1.623335
51 67 0 8 -1.623860
11 26 0 8 -1.623975
53 59 0 8 -1.624426
31 75 0 8 -1.628204
14 87 0 8 -1.629448
39 52 0 8 -1.633072
58 73 0 8 -1.633636
17 24 0 8 -1.633670
90 99 0 8 -1.633988
21 96 0 8 -1.634330
65 78 0 8 -1.634462
8 67 0 8 -1.634765
57 92 0 8 -1.637652
40 87 0 8 -1.638130
48 83 0 8 -1.639407
31 53 0 8 -1.641127
26 75 0 8 -1.645356
12 39 0 8 -1.651292
26 41 0 8 -1.654857
24 91 0 8 -1.656361
32 51 0 8 -1.658083
14 21 0 8 -1.659477
48 59 0 8 -1.664946
9 27 0 8 -1.666030
17 31 0 8 -1.671985
62 97 0 8 -1.672662
34 54 0 8 -1.673713
12 74 0 8 -1.674129
45 100 0 8 -1.676491
66 87 0 8 -1.676549
21 39 0 8 -1.677639
37 70 0 8 -1.678494
66 97 0 8 -1.678985
26 40 0 8 -1.683045
32 53 0 8 -1.693520
35 61 0 8 -1.693693
29 97 0 8 -1.696975
58 69 0 8 -1.698888
36 45 0 8 -1.702061
45 59 0 8 -1.703099
12 64 0 8 -1.703148
61 77 0 8 -1.708988
53 99 0 8 -1.714435
36 90 0 8 -1.719731
58 67 0 8 -1.720079
60 74 0 8 -1.720316
44 57 0 8 -1.726514
37 55 0 8 -1.726705
42 83 0 8 -1.727158
83 93 0 8 -1.729059
23 95 0 8 -1.730782
24 59 0 8 -1.738099
29 73 0 8 -1.738474
14 65 0 8 -1.739104
59 85 0 8 -1.746569
35 89 0 8 -1.746951
15 91 0 8 -1.750999
7 71 0 8 -1.751048
31 61 0 8 -1.752601
28 64 0 8 -1.755878
7 65 0 8 -1.756377
44 78 0 8 -1.759409
48 72 0 8 -1.760283
44 91 0 8 -1.766701
74 90 0 8 -1.770715
64 73 0 8 -1.771044
14 42 0 8 -1.771467
9 90 0 8 -1.774662
29 52 0 8 -1.775879
47 97 0 8 -1.776255
35 65 0 8 -1.780358
7 72 0 8 -1.783194
15 51 0 8 -1.784706
54 66 0 8 -1.789213
40 53 0 8 -1.790248
16 97 0 8 -1.791935
24 79 0 8 -1.794065
29 51 0 8 -1.794589
57 86 0 8 -1.795716
17 71 0 8 -1.795968
9 34 0 8 -1.796476
16 78 0 8 -1.797100
58 72 0 8 -1.800902
33 51 0 8 -1.803804
11 61 0 8 -1.805684
17 81 0 8 -1.809981
55 70 0 8 -1.815472
9 95 0 8 -1.816188
39 47 0 8 -1.824012
55 87 0 8 -1.828848
26 91 0 8 -1.829227
6 86 0 8 -1.831230
42 98 0 8 -1.841660
51 99 0 8 -1.841679
17 87 0 8 -1.852100
61 85 0 8 -1.853571
30 66 0 8 -1.854075
33 55 0 8 -1.854087
6 28 0 8 -1.858442
55 83 0 8 -1.860059
45 79 0 8 -1.866508
25 51 0 8 -1.872682
45 84 0 8 -1.873341
55 81 0 8 -1.873455
67 75 0 8 -1.877277
7 24 0 8 -1.877722
36 55 0 8 -1.888914
65 83 0 8 -1.891022
72 95 0 8 -1.897912
55 84 0 8 -1.899607
6 69 0 8 -1.904367
45 80 0 8 -1.905152
45 98 0 8 -1.909273
31 55 0 8 -1.914294
78 93 0 8 -1.914426
19 47 0 8 -1.914487
23 28 0 8 -1.918161
54 89 0 8 -1.918628
17 58 0 8 -1.921682
69 92 0 8 -1.942643
57 87 0 8 -1.946538
54 87 0 8 -1.949981
33 45 0 8 -1.950250
15 47 0 8 -1.954052
55 100 0 8 -1.954231
13 72 0 8 -1.957519
23 45 0 8 -1.961300
19 65 0 8 -1.970118
57 71 0 8 -1.970147
40 67 0 8 -1.980137
42 74 0 8 -1.985971
17 23 0 8 -1.986314
39 99 0 8 -1.987282
65 98 0 8 -1.989699
22 92 0 8 -1.990691
45 73 0 8 -1.993782
27 55 0 8 -2.008391
19 54 0 8 -2.008905
35 54 0 8 -2.011440
9 81 0 8 -2.015944
23 63 0 8 -2.024800
65 93 0 8 -2.025820
22 65 0 8 -2.030555
51 85 0 8 -2.046038
34 53 0 8 -2.047630
39 69 0 8 -2.049293
9 57 0 8 -2.061118
26 95 0 8 -2.075484
71 86 0 8 -2.075730
42 100 0 8 -2.076255
24 98 0 8 -2.077143
23 69 0 8 -2.087927
58 65 0 8 -2.090447
24 92 0 8 -2.098317
42 79 0 8 -2.101692
72 90 0 8 -2.103684
24 64 0 8 -2.112782
47 53 0 8 -2.116658
19 82 0 8 -2.117718
26 99 0 8 -2.121879
44 73 0 8 -2.142081
54 74 0 8 -2.147916
17 79 0 8 -2.148522
31 65 0 8 -2.150035
44 52 0 8 -2.154700
67 81 0 8 -2.159411
19 52 0 8 -2.164401
28 52 0 8 -2.173278
44 90 0 8 -2.173486
6 40 0 8 -2.183813
31 67 0 8 -2.188185
15 61 0 8 -2.188942
8 78 0 8 -2.202448
17 84 0 8 -2.204065
21 72 0 8 -2.205608
54 95 0 8 -2.209585
35 69 0 8 -2.214936
6 65 0 8 -2.220264
12 97 0 8 -2.225248
61 71 0 8 -2.225308
9 96 0 8 -2.240394
41 53 0 8 -2.262914
19 55 0 8 -2.266940
21 40 0 8 -2.276570
14 85 0 8 -2.278520
42 80 0 8 -2.279091
52 69 0 8 -2.301800
20 61 0 8 -2.317828
40 78 0 8 -2.322339
51 80 0 8 -2.338767
11 97 0 8 -2.350437
24 76 0 8 -2.351202
36 61 0 8 -2.356022
38 51 0 8 -2.359135
22 66 0 8 -2.368137
16 51 0 8 -2.368526
65 95 0 8 -2.384391
16 55 0 8 -2.389428
22 74 0 8 -2.392148
16 54 0 8 -2.408268
57 63 0 8 -2.423862
26 51 0 8 -2.430023
6 20 0 8 -2.437934
8 39 0 8 -2.458059
54 62 0 8 -2.473564
55 96 0 8 -2.477387
21 52 0 8 -2.509944
51 70 0 8 -2.510189
55 60 0 8 -2.516960
41 55 0 8 -2.533722
12 52 0 8 -2.559402
17 56 0 8 -2.590256
9 97 0 8 -2.606424
28 67 0 8 -2.620996
29 54 0 8 -2.649738
45 90 0 8 -2.650371
39 54 0 8 -2.680155
20 42 0 8 -2.742678
24 42 0 8 -2.745077
42 85 0 8 -2.771309
31 45 0 8 -2.780739
17 90 0 8 -2.802785
51 73 0 8 -2.858484
54 70 0 8 -2.870207
54 92 0 8 -2.895455
55 92 0 8 -3.032622
39 97 0 8 -3.098408
61 76 0 8 -3.290808
17 35 0 8 -3.333692
