36 52 0 8 15.801614
10 31 0 8 12.437646
38 55 0 8 11.823206
9 29 0 8 10.470961
5 30 0 8 8.705587
31 36 0 8 8.472731
13 19 0 8 8.254891
23 28 0 8 7.766231
31 37 0 8 6.509811
10 56 0 8 6.474748
21 30 0 8 6.301492
20 25 0 8 5.540026
26 44 0 8 5.442516
42 49 0 8 5.285548
26 60 0 8 5.137565
5 29 0 8 4.950921
26 42 0 8 4.845076
25 52 0 8 4.746970
43 50 0 8 4.736534
13 34 0 8 4.644581
15 20 0 8 4.124817
26 53 0 8 4.046495
41 48 0 8 3.774467
26 39 0 8 3.772877
27 32 0 8 3.467139
18 26 0 8 3.460311
17 49 0 8 3.445297
5 21 0 8 3.425085
20 30 0 8 3.402958
10 38 0 8 3.394917
22 52 0 8 3.343164
7 16 0 8 3.312193
43 51 0 8 3.290596
7 14 0 8 3.258840
7 44 0 8 3.201537
5 45 0 8 3.186101
6 12 0 8 3.169113
30 47 0 8 3.159532
23 30 0 8 3.146433
2 21 0 8 3.051002
6 21 0 8 3.050719
42 50 0 8 3.019089
9 18 0 8 3.014889
38 58 0 8 3.003603
22 36 0 8 2.984113
10 29 0 8 2.771370
2 30 0 8 2.718918
11 32 0 8 2.678086
9 17 0 8 2.580502
7 40 0 8 2.573098
2 48 0 8 2.539985
30 45 0 8 2.530158
7 12 0 8 2.492689
41 55 0 8 2.487921
8 15 0 8 2.482466
11 27 0 8 2.481309
10 18 0 8 2.472680
4 49 0 8 2.472086
42 51 0 8 2.448776
53 61 0 8 2.443320
34 44 0 8 2.420982
33 52 0 8 2.419635
16 56 0 8 2.369811
19 33 0 8 2.304967
22 33 0 8 2.293613
41 50 0 8 2.284696
17 33 0 8 2.268498
24 32 0 8 2.248120
37 55 0 8 2.246165
10 34 0 8 2.236647
30 51 0 8 2.229521
53 58 0 8 2.217613
19 40 0 8 2.213820
11 24 0 8 2.188398
25 51 0 8 2.185480
3 16 0 8 2.161108
8 35 0 8 2.151211
30 35 0 8 2.149129
36 55 0 8 2.119587
52 57 0 8 2.118229
26 51 0 8 2.098093
12 26 0 8 2.085083
8 24 0 8 2.073216
42 47 0 8 2.068304
39 53 0 8 2.061864
14 33 0 8 1.989120
51 58 0 8 1.970591
11 35 0 8 1.959650
14 40 0 8 1.944122
15 22 0 8 1.910072
7 17 0 8 1.909903
19 30 0 8 1.895079
14 19 0 8 1.891746
9 31 0 8 1.885672
4 30 0 8 1.876882
34 56 0 8 1.870212
31 55 0 8 1.860811
6 37 0 8 1.836162
12 31 0 8 1.827805
49 59 0 8 1.805851
9 50 0 8 1.786077
12 38 0 8 1.785499
29 58 0 8 1.784573
35 48 0 8 1.781312
26 45 0 8 1.762994
9 51 0 8 1.756293
12 39 0 8 1.753939
13 56 0 8 1.750800
18 50 0 8 1.740828
26 58 0 8 1.735980
35 46 0 8 1.725677
27 54 0 8 1.720950
24 57 0 8 1.711445
18 46 0 8 1.693578
3 19 0 8 1.684287
19 53 0 8 1.677426
42 53 0 8 1.674387
35 44 0 8 1.673587
24 54 0 8 1.664265
28 51 0 8 1.662300
35 53 0 8 1.656221
13 47 0 8 1.651912
13 58 0 8 1.638782
12 40 0 8 1.623908
9 21 0 8 1.617923
16 48 0 8 1.614997
37 53 0 8 1.600502
42 56 0 8 1.584203
7 38 0 8 1.578835
43 48 0 8 1.575978
32 54 0 8 1.565068
5 47 0 8 1.559431
27 57 0 8 1.553702
10 55 0 8 1.543553
8 27 0 8 1.538696
28 61 0 8 1.537828
14 34 0 8 1.530831
29 60 0 8 1.526391
14 21 0 8 1.522479
37 59 0 8 1.512833
19 29 0 8 1.509543
9 26 0 8 1.478007
50 55 0 8 1.477080
27 35 0 8 1.469114
12 17 0 8 1.465141
6 38 0 8 1.446030
5 40 0 8 1.429107
30 46 0 8 1.420928
1 19 0 8 1.408319
17 42 0 8 1.407697
6 13 0 8 1.404767
18 49 0 8 1.392088
26 61 0 8 1.383743
9 42 0 8 1.379608
7 13 0 8 1.364170
16 44 0 8 1.363889
40 45 0 8 1.357213
11 54 0 8 1.354523
29 48 0 8 1.351824
8 32 0 8 1.348128
18 44 0 8 1.345285
49 56 0 8 1.318633
32 57 0 8 1.317763
2 35 0 8 1.311631
15 24 0 8 1.309958
48 59 0 8 1.295657
38 59 0 8 1.289335
26 43 0 8 1.285727
21 51 0 8 1.280066
36 43 0 8 1.276099
18 60 0 8 1.268638
26 36 0 8 1.267719
33 39 0 8 1.264458
41 51 0 8 1.245316
9 59 0 8 1.241732
3 50 0 8 1.232236
9 49 0 8 1.231931
56 61 0 8 1.211173
13 29 0 8 1.204446
6 48 0 8 1.200309
16 29 0 8 1.198578
13 40 0 8 1.193212
29 42 0 8 1.180585
7 56 0 8 1.175796
11 57 0 8 1.175323
4 21 0 8 1.166750
5 13 0 8 1.154860
10 50 0 8 1.150760
35 61 0 8 1.148423
46 56 0 8 1.148074
13 33 0 8 1.147741
50 58 0 8 1.135145
40 60 0 8 1.130530
12 59 0 8 1.117922
1 9 0 8 1.114481
19 31 0 8 1.110163
18 39 0 8 1.109015
16 50 0 8 1.107146
5 49 0 8 1.099668
52 61 0 8 1.091708
17 59 0 8 1.088994
2 45 0 8 1.075835
33 50 0 8 1.075505
31 53 0 8 1.048011
4 48 0 8 1.045440
8 57 0 8 1.036655
29 44 0 8 1.025156
8 54 0 8 1.023778
49 55 0 8 1.021193
38 49 0 8 1.018223
31 56 0 8 1.017462
24 35 0 8 1.013348
2 46 0 8 1.010008
26 40 0 8 1.000890
4 46 0 8 0.987931
17 43 0 8 0.982135
3 47 0 8 0.979804
2 12 0 8 0.976761
19 41 0 8 0.976404
36 56 0 8 0.975877
36 58 0 8 0.973636
14 49 0 8 0.972717
6 14 0 8 0.969756
41 61 0 8 0.962653
9 33 0 8 0.955765
25 61 0 8 0.955699
6 16 0 8 0.954105
14 41 0 8 0.952455
1 33 0 8 0.952187
3 12 0 8 0.940126
29 56 0 8 0.920372
15 27 0 8 0.907807
4 19 0 8 0.907792
35 42 0 8 0.907475
4 47 0 8 0.901886
20 35 0 8 0.894308
34 50 0 8 0.891713
21 45 0 8 0.872408
43 53 0 8 0.870365
34 41 0 8 0.869963
20 28 0 8 0.867554
9 14 0 8 0.858585
1 39 0 8 0.837083
14 45 0 8 0.834015
6 59 0 8 0.823504
4 18 0 8 0.822535
17 56 0 8 0.814595
29 46 0 8 0.806147
4 34 0 8 0.803795
38 62 0 8 0.796751
35 41 0 8 0.791795
25 36 0 8 0.787777
9 53 0 8 0.786240
20 39 0 8 0.780938
12 60 0 8 0.774829
1 60 0 8 0.764754
17 46 0 8 0.754781
33 45 0 8 0.754609
21 47 0 8 0.747730
6 17 0 8 0.744985
18 40 0 8 0.742559
35 51 0 8 0.730404
31 40 0 8 0.728943
9 30 0 8 0.728817
35 54 0 8 0.725256
34 53 0 8 0.722564
10 36 0 8 0.714370
15 32 0 8 0.712875
10 19 0 8 0.709348
47 61 0 8 0.705313
39 48 0 8 0.701136
18 42 0 8 0.694927
33 38 0 8 0.694911
26 47 0 8 0.692339
2 20 0 8 0.690574
44 60 0 8 0.690184
34 39 0 8 0.687767
48 55 0 8 0.687606
13 18 0 8 0.686965
4 9 0 8 0.681939
46 51 0 8 0.678060
6 42 0 8 0.673962
9 39 0 8 0.671462
12 45 0 8 0.660956
14 56 0 8 0.652896
2 47 0 8 0.649145
51 61 0 8 0.646418
3 42 0 8 0.642428
6 50 0 8 0.640777
8 20 0 8 0.639505
22 55 0 8 0.635463
15 35 0 8 0.633504
39 59 0 8 0.630050
31 60 0 8 0.619163
1 10 0 8 0.619025
20 33 0 8 0.616664
14 39 0 8 0.615736
7 34 0 8 0.614958
11 28 0 8 0.614102
28 36 0 8 0.611242
16 21 0 8 0.611069
16 45 0 8 0.609714
15 26 0 8 0.601975
15 25 0 8 0.600822
4 51 0 8 0.599592
26 41 0 8 0.598479
16 43 0 8 0.592385
34 45 0 8 0.588889
21 35 0 8 0.588761
40 61 0 8 0.587332
2 22 0 8 0.585556
23 61 0 8 0.585285
12 55 0 8 0.584851
44 50 0 8 0.584342
14 31 0 8 0.573532
11 20 0 8 0.570387
52 59 0 8 0.568878
16 34 0 8 0.565912
39 46 0 8 0.562457
8 16 0 8 0.561982
35 57 0 8 0.559599
12 62 0 8 0.556563
15 57 0 8 0.556315
22 50 0 8 0.554814
37 45 0 8 0.553914
20 45 0 8 0.543575
40 53 0 8 0.541224
8 22 0 8 0.505474
7 19 0 8 0.501343
30 42 0 8 0.498720
21 33 0 8 0.495166
3 14 0 8 0.491351
12 29 0 8 0.491210
28 54 0 8 0.489766
16 41 0 8 0.475832
18 55 0 8 0.470578
4 55 0 8 0.470481
6 40 0 8 0.469236
16 36 0 8 0.467995
23 58 0 8 0.461034
14 38 0 8 0.460637
4 33 0 8 0.455064
18 61 0 8 0.451854
49 63 0 8 0.451048
6 49 0 8 0.446673
19 43 0 8 0.445929
26 50 0 8 0.444937
53 63 0 8 0.441839
15 54 0 8 0.438678
50 62 0 8 0.431480
37 56 0 8 0.431460
9 41 0 8 0.425900
9 56 0 8 0.424442
28 53 0 8 0.424347
19 37 0 8 0.423960
29 34 0 8 0.419939
44 49 0 8 0.419293
43 60 0 8 0.416201
42 55 0 8 0.407879
22 27 0 8 0.406193
39 56 0 8 0.400206
1 46 0 8 0.399810
33 49 0 8 0.396198
3 46 0 8 0.394317
37 48 0 8 0.392811
28 57 0 8 0.392505
13 39 0 8 0.385385
29 49 0 8 0.382535
13 45 0 8 0.382452
1 61 0 8 0.379899
4 62 0 8 0.379751
8 17 0 8 0.371089
12 36 0 8 0.363647
16 62 0 8 0.361776
39 50 0 8 0.361167
31 39 0 8 0.360675
6 34 0 8 0.360131
15 58 0 8 0.355154
3 49 0 8 0.355092
29 55 0 8 0.354031
49 62 0 8 0.353289
43 56 0 8 0.351456
21 48 0 8 0.348105
16 35 0 8 0.346134
3 62 0 8 0.344678
44 63 0 8 0.342649
40 50 0 8 0.342220
45 60 0 8 0.340390
3 58 0 8 0.337649
26 59 0 8 0.327514
15 23 0 8 0.326445
48 58 0 8 0.322039
4 13 0 8 0.316136
18 33 0 8 0.308299
48 60 0 8 0.305802
35 43 0 8 0.304480
37 63 0 8 0.301054
46 59 0 8 0.300873
14 37 0 8 0.295696
15 62 0 8 0.289343
34 55 0 8 0.287365
14 60 0 8 0.286442
29 50 0 8 0.280867
7 33 0 8 0.279524
15 52 0 8 0.273210
37 51 0 8 0.271939
1 15 0 8 0.270375
19 38 0 8 0.267685
35 45 0 8 0.267409
8 21 0 8 0.265105
7 55 0 8 0.260561
25 32 0 8 0.258115
1 41 0 8 0.257257
15 21 0 8 0.255270
21 44 0 8 0.253254
34 47 0 8 0.249195
6 56 0 8 0.246915
18 56 0 8 0.246568
37 46 0 8 0.245853
39 55 0 8 0.240668
1 43 0 8 0.240008
22 59 0 8 0.235838
23 32 0 8 0.233989
16 60 0 8 0.226080
1 37 0 8 0.225452
12 20 0 8 0.224122
26 55 0 8 0.223661
50 57 0 8 0.223259
12 50 0 8 0.221846
10 20 0 8 0.219251
13 30 0 8 0.217333
23 53 0 8 0.214805
17 29 0 8 0.212421
33 59 0 8 0.210777
5 18 0 8 0.205374
13 46 0 8 0.202325
17 40 0 8 0.202320
14 62 0 8 0.198807
48 62 0 8 0.196944
37 52 0 8 0.196873
29 35 0 8 0.196362
46 63 0 8 0.195464
10 58 0 8 0.194564
15 28 0 8 0.190730
17 55 0 8 0.188582
20 47 0 8 0.187090
45 61 0 8 0.183722
15 38 0 8 0.179560
11 23 0 8 0.171034
39 63 0 8 0.170279
5 37 0 8 0.166555
2 11 0 8 0.162080
8 28 0 8 0.161446
37 60 0 8 0.160509
21 61 0 8 0.159552
44 56 0 8 0.159168
33 55 0 8 0.158685
30 39 0 8 0.154028
36 62 0 8 0.152636
32 52 0 8 0.150465
5 14 0 8 0.150364
22 32 0 8 0.150170
3 18 0 8 0.149038
28 58 0 8 0.143530
31 63 0 8 0.141892
13 35 0 8 0.141146
20 43 0 8 0.140281
16 40 0 8 0.140008
38 56 0 8 0.135730
24 52 0 8 0.135352
12 37 0 8 0.135056
17 44 0 8 0.131706
9 38 0 8 0.130572
17 34 0 8 0.128497
50 63 0 8 0.128145
6 58 0 8 0.127447
1 34 0 8 0.126195
14 55 0 8 0.116181
16 49 0 8 0.116106
23 42 0 8 0.114702
34 60 0 8 0.112794
2 54 0 8 0.110342
15 41 0 8 0.108369
53 60 0 8 0.108229
33 51 0 8 0.106449
34 59 0 8 0.105496
1 45 0 8 0.103774
7 37 0 8 0.102844
27 52 0 8 0.101544
43 63 0 8 0.099922
25 48 0 8 0.096534
40 62 0 8 0.094621
19 48 0 8 0.087719
52 62 0 8 0.087530
12 33 0 8 0.086679
26 56 0 8 0.083975
39 61 0 8 0.082711
41 46 0 8 0.082346
11 21 0 8 0.080418
52 63 0 8 0.079090
22 63 0 8 0.077814
15 39 0 8 0.070562
2 23 0 8 0.069693
36 63 0 8 0.067024
12 49 0 8 0.066476
21 60 0 8 0.065983
45 51 0 8 0.064343
6 28 0 8 0.063204
28 62 0 8 0.062033
8 25 0 8 0.061196
25 39 0 8 0.059555
40 48 0 8 0.056538
36 46 0 8 0.054413
44 61 0 8 0.053890
14 58 0 8 0.050441
14 53 0 8 0.049583
1 42 0 8 0.047213
39 62 0 8 0.045728
34 52 0 8 0.045231
41 49 0 8 0.037000
48 63 0 8 0.035883
58 63 0 8 0.035407
29 59 0 8 0.035363
41 63 0 8 0.030789
20 48 0 8 0.030784
1 7 0 8 0.030247
15 51 0 8 0.029796
28 48 0 8 0.023966
30 49 0 8 0.023275
55 63 0 8 0.023228
9 25 0 8 0.022994
17 38 0 8 0.019780
15 63 0 8 0.019139
1 56 0 8 0.016320
17 47 0 8 0.015475
28 35 0 8 0.014685
2 57 0 8 0.013245
30 60 0 8 0.012154
13 59 0 8 0.010807
2 8 0 8 0.007554
17 45 0 8 0.006990
2 63 0 8 0.006133
3 45 0 8 0.002878
18 36 0 8 0.002671
1 64 0 8 0.000000
1 65 0 8 0.000000
1 66 0 8 0.000000
1 67 0 8 0.000000
2 64 0 8 0.000000
2 65 0 8 0.000000
2 66 0 8 0.000000
2 67 0 8 0.000000
3 64 0 8 0.000000
3 65 0 8 0.000000
3 66 0 8 0.000000
3 67 0 8 0.000000
4 64 0 8 0.000000
4 65 0 8 0.000000
4 66 0 8 0.000000
4 67 0 8 0.000000
5 64 0 8 0.000000
5 65 0 8 0.000000
5 66 0 8 0.000000
5 67 0 8 0.000000
6 64 0 8 0.000000
6 65 0 8 0.000000
6 66 0 8 0.000000
6 67 0 8 0.000000
7 64 0 8 0.000000
7 65 0 8 0.000000
7 66 0 8 0.000000
7 67 0 8 0.000000
8 64 0 8 0.000000
8 65 0 8 0.000000
8 66 0 8 0.000000
8 67 0 8 0.000000
9 64 0 8 0.000000
9 65 0 8 0.000000
9 66 0 8 0.000000
9 67 0 8 0.000000
10 64 0 8 0.000000
10 65 0 8 0.000000
10 66 0 8 0.000000
10 67 0 8 0.000000
11 64 0 8 0.000000
11 65 0 8 0.000000
11 66 0 8 0.000000
11 67 0 8 0.000000
12 64 0 8 0.000000
12 65 0 8 0.000000
12 66 0 8 0.000000
12 67 0 8 0.000000
13 64 0 8 0.000000
13 65 0 8 0.000000
13 66 0 8 0.000000
13 67 0 8 0.000000
14 64 0 8 0.000000
14 65 0 8 0.000000
14 66 0 8 0.000000
14 67 0 8 0.000000
15 64 0 8 0.000000
15 65 0 8 0.000000
15 66 0 8 0.000000
15 67 0 8 0.000000
16 64 0 8 0.000000
16 65 0 8 0.000000
16 66 0 8 0.000000
16 67 0 8 0.000000
17 64 0 8 0.000000
17 65 0 8 0.000000
17 66 0 8 0.000000
17 67 0 8 0.000000
18 64 0 8 0.000000
18 65 0 8 0.000000
18 66 0 8 0.000000
18 67 0 8 0.000000
19 64 0 8 0.000000
19 65 0 8 0.000000
19 66 0 8 0.000000
19 67 0 8 0.000000
20 64 0 8 0.000000
20 65 0 8 0.000000
20 66 0 8 0.000000
20 67 0 8 0.000000
21 64 0 8 0.000000
21 65 0 8 0.000000
21 66 0 8 0.000000
21 67 0 8 0.000000
22 64 0 8 0.000000
22 65 0 8 0.000000
22 66 0 8 0.000000
22 67 0 8 0.000000
23 64 0 8 0.000000
23 65 0 8 0.000000
23 66 0 8 0.000000
23 67 0 8 0.000000
24 64 0 8 0.000000
24 65 0 8 0.000000
24 66 0 8 0.000000
24 67 0 8 0.000000
25 64 0 8 0.000000
25 65 0 8 0.000000
25 66 0 8 0.000000
25 67 0 8 0.000000
26 64 0 8 0.000000
26 65 0 8 0.000000
26 66 0 8 0.000000
26 67 0 8 0.000000
27 64 0 8 0.000000
27 65 0 8 0.000000
27 66 0 8 0.000000
27 67 0 8 0.000000
28 64 0 8 0.000000
28 65 0 8 0.000000
28 66 0 8 0.000000
28 67 0 8 0.000000
29 64 0 8 0.000000
29 65 0 8 0.000000
29 66 0 8 0.000000
29 67 0 8 0.000000
30 64 0 8 0.000000
30 65 0 8 0.000000
30 66 0 8 0.000000
30 67 0 8 0.000000
31 64 0 8 0.000000
31 65 0 8 0.000000
31 66 0 8 0.000000
31 67 0 8 0.000000
32 64 0 8 0.000000
32 65 0 8 0.000000
32 66 0 8 0.000000
32 67 0 8 0.000000
33 64 0 8 0.000000
33 65 0 8 0.000000
33 66 0 8 0.000000
33 67 0 8 0.000000
34 64 0 8 0.000000
34 65 0 8 0.000000
34 66 0 8 0.000000
34 67 0 8 0.000000
35 64 0 8 0.000000
35 65 0 8 0.000000
35 66 0 8 0.000000
35 67 0 8 0.000000
36 64 0 8 0.000000
36 65 0 8 0.000000
36 66 0 8 0.000000
36 67 0 8 0.000000
37 64 0 8 0.000000
37 65 0 8 0.000000
37 66 0 8 0.000000
37 67 0 8 0.000000
38 64 0 8 0.000000
38 65 0 8 0.000000
38 66 0 8 0.000000
38 67 0 8 0.000000
39 64 0 8 0.000000
39 65 0 8 0.000000
39 66 0 8 0.000000
39 67 0 8 0.000000
40 64 0 8 0.000000
40 65 0 8 0.000000
40 66 0 8 0.000000
40 67 0 8 0.000000
41 64 0 8 0.000000
41 65 0 8 0.000000
41 66 0 8 0.000000
41 67 0 8 0.000000
42 64 0 8 0.000000
42 65 0 8 0.000000
42 66 0 8 0.000000
42 67 0 8 0.000000
43 64 0 8 0.000000
43 65 0 8 0.000000
43 66 0 8 0.000000
43 67 0 8 0.000000
44 64 0 8 0.000000
44 65 0 8 0.000000
44 66 0 8 0.000000
44 67 0 8 0.000000
45 64 0 8 0.000000
45 65 0 8 0.000000
45 66 0 8 0.000000
45 67 0 8 0.000000
46 64 0 8 0.000000
46 65 0 8 0.000000
46 66 0 8 0.000000
46 67 0 8 0.000000
47 64 0 8 0.000000
47 65 0 8 0.000000
47 66 0 8 0.000000
47 67 0 8 0.000000
48 64 0 8 0.000000
48 65 0 8 0.000000
48 66 0 8 0.000000
48 67 0 8 0.000000
49 64 0 8 0.000000
49 65 0 8 0.000000
49 66 0 8 0.000000
49 67 0 8 0.000000
50 64 0 8 0.000000
50 65 0 8 0.000000
50 66 0 8 0.000000
50 67 0 8 0.000000
51 64 0 8 0.000000
51 65 0 8 0.000000
51 66 0 8 0.000000
51 67 0 8 0.000000
52 64 0 8 0.000000
52 65 0 8 0.000000
52 66 0 8 0.000000
52 67 0 8 0.000000
53 64 0 8 0.000000
53 65 0 8 0.000000
53 66 0 8 0.000000
53 67 0 8 0.000000
54 64 0 8 0.000000
54 65 0 8 0.000000
54 66 0 8 0.000000
54 67 0 8 0.000000
55 64 0 8 0.000000
55 65 0 8 0.000000
55 66 0 8 0.000000
55 67 0 8 0.000000
56 64 0 8 0.000000
56 65 0 8 0.000000
56 66 0 8 0.000000
56 67 0 8 0.000000
57 64 0 8 0.000000
57 65 0 8 0.000000
57 66 0 8 0.000000
57 67 0 8 0.000000
58 64 0 8 0.000000
58 65 0 8 0.000000
58 66 0 8 0.000000
58 67 0 8 0.000000
59 64 0 8 0.000000
59 65 0 8 0.000000
59 66 0 8 0.000000
59 67 0 8 0.000000
60 65 0 8 0.000000
60 66 0 8 0.000000
60 67 0 8 0.000000
61 66 0 8 0.000000
61 67 0 8 0.000000
62 67 0 8 0.000000
36 45 0 8 -0.004386
15 53 0 8 -0.007053
12 56 0 8 -0.009980
20 41 0 8 -0.012537
15 48 0 8 -0.014392
12 63 0 8 -0.016941
42 60 0 8 -0.021961
5 34 0 8 -0.023115
24 63 0 8 -0.024855
45 62 0 8 -0.025034
23 57 0 8 -0.025434
32 63 0 8 -0.025550
27 63 0 8 -0.025602
28 52 0 8 -0.026944
21 58 0 8 -0.026970
2 25 0 8 -0.028860
11 63 0 8 -0.029204
10 52 0 8 -0.029713
25 63 0 8 -0.030077
17 63 0 8 -0.031934
54 63 0 8 -0.032067
3 33 0 8 -0.032317
57 63 0 8 -0.032778
8 63 0 8 -0.034254
26 62 0 8 -0.037325
7 36 0 8 -0.037684
31 46 0 8 -0.038100
19 62 0 8 -0.040662
1 63 0 8 -0.041361
33 62 0 8 -0.042907
24 53 0 8 -0.043311
6 19 0 8 -0.043425
19 34 0 8 -0.044246
12 53 0 8 -0.045172
11 22 0 8 -0.048151
18 43 0 8 -0.048306
49 54 0 8 -0.050715
8 52 0 8 -0.051733
24 31 0 8 -0.054711
1 59 0 8 -0.054745
22 58 0 8 -0.055458
8 18 0 8 -0.057682
16 63 0 8 -0.058262
55 62 0 8 -0.058688
12 41 0 8 -0.059617
35 55 0 8 -0.060076
1 55 0 8 -0.063749
8 62 0 8 -0.067981
1 32 0 8 -0.068587
28 63 0 8 -0.071168
33 44 0 8 -0.074435
19 59 0 8 -0.075617
20 32 0 8 -0.075918
4 29 0 8 -0.076316
24 62 0 8 -0.076764
23 63 0 8 -0.076959
12 19 0 8 -0.077209
17 35 0 8 -0.077822
33 40 0 8 -0.078328
32 62 0 8 -0.078912
27 62 0 8 -0.079073
1 24 0 8 -0.080250
13 20 0 8 -0.081412
1 27 0 8 -0.082663
3 17 0 8 -0.084557
22 34 0 8 -0.085395
24 43 0 8 -0.086191
3 63 0 8 -0.088404
7 39 0 8 -0.088848
11 62 0 8 -0.090197
1 11 0 8 -0.094293
11 16 0 8 -0.094847
21 39 0 8 -0.095499
18 63 0 8 -0.096575
1 17 0 8 -0.097377
13 43 0 8 -0.097421
31 50 0 8 -0.098136
26 37 0 8 -0.098143
20 52 0 8 -0.098577
47 59 0 8 -0.099023
54 62 0 8 -0.099038
34 40 0 8 -0.099100
14 63 0 8 -0.099483
57 62 0 8 -0.101233
5 63 0 8 -0.102678
46 53 0 8 -0.103097
1 54 0 8 -0.103536
32 50 0 8 -0.103586
36 54 0 8 -0.104846
13 63 0 8 -0.105220
34 63 0 8 -0.105598
1 57 0 8 -0.105831
17 32 0 8 -0.107560
23 50 0 8 -0.108206
1 8 0 8 -0.110596
12 47 0 8 -0.110948
44 62 0 8 -0.112410
21 28 0 8 -0.113811
6 63 0 8 -0.115780
2 9 0 8 -0.117352
48 61 0 8 -0.117540
28 43 0 8 -0.118345
35 63 0 8 -0.120142
46 60 0 8 -0.121132
22 47 0 8 -0.122378
23 52 0 8 -0.122770
5 17 0 8 -0.126378
28 46 0 8 -0.127047
1 62 0 8 -0.127743
28 33 0 8 -0.127805
51 63 0 8 -0.128452
1 47 0 8 -0.130561
4 63 0 8 -0.130919
35 60 0 8 -0.131757
1 30 0 8 -0.133700
1 36 0 8 -0.134983
25 54 0 8 -0.135153
20 27 0 8 -0.140830
20 63 0 8 -0.141310
5 58 0 8 -0.148005
9 28 0 8 -0.148751
1 48 0 8 -0.151364
44 59 0 8 -0.152014
7 49 0 8 -0.152032
2 24 0 8 -0.155783
20 58 0 8 -0.157531
19 56 0 8 -0.158193
13 32 0 8 -0.159864
17 48 0 8 -0.159979
4 41 0 8 -0.160023
45 63 0 8 -0.160799
45 59 0 8 -0.161331
38 45 0 8 -0.163382
9 35 0 8 -0.165554
56 63 0 8 -0.167013
30 63 0 8 -0.168211
49 57 0 8 -0.169134
22 28 0 8 -0.169205
22 57 0 8 -0.170771
14 44 0 8 -0.171317
19 25 0 8 -0.171736
7 42 0 8 -0.171822
36 57 0 8 -0.172247
20 56 0 8 -0.173592
26 63 0 8 -0.175833
4 14 0 8 -0.176577
2 32 0 8 -0.176669
11 60 0 8 -0.178377
28 41 0 8 -0.178547
2 38 0 8 -0.179051
26 49 0 8 -0.180025
27 37 0 8 -0.180693
4 12 0 8 -0.180832
39 49 0 8 -0.181929
19 49 0 8 -0.184023
10 33 0 8 -0.184055
20 57 0 8 -0.184334
8 48 0 8 -0.186195
20 42 0 8 -0.188387
17 39 0 8 -0.188726
38 63 0 8 -0.191215
8 60 0 8 -0.191241
6 62 0 8 -0.193327
24 61 0 8 -0.195747
25 58 0 8 -0.195884
22 62 0 8 -0.197001
2 62 0 8 -0.197739
27 61 0 8 -0.198794
14 32 0 8 -0.199612
44 52 0 8 -0.200309
32 61 0 8 -0.201224
40 63 0 8 -0.202550
18 54 0 8 -0.203160
13 41 0 8 -0.206014
41 62 0 8 -0.207184
1 40 0 8 -0.207561
11 18 0 8 -0.213923
21 36 0 8 -0.215353
18 38 0 8 -0.216364
1 50 0 8 -0.219501
47 53 0 8 -0.219794
32 60 0 8 -0.221253
7 63 0 8 -0.221281
21 63 0 8 -0.221439
37 62 0 8 -0.223967
29 63 0 8 -0.224285
8 36 0 8 -0.225552
17 23 0 8 -0.225886
7 35 0 8 -0.226274
4 16 0 8 -0.229013
9 22 0 8 -0.229611
4 17 0 8 -0.229760
24 42 0 8 -0.229775
1 28 0 8 -0.229782
11 61 0 8 -0.230000
4 54 0 8 -0.231119
42 63 0 8 -0.232026
11 17 0 8 -0.232719
2 33 0 8 -0.233644
3 61 0 8 -0.234727
28 60 0 8 -0.234751
18 62 0 8 -0.234944
11 25 0 8 -0.236101
33 63 0 8 -0.236947
23 54 0 8 -0.236962
8 53 0 8 -0.238813
25 47 0 8 -0.239728
4 31 0 8 -0.239894
27 36 0 8 -0.239957
16 52 0 8 -0.240211
7 57 0 8 -0.242297
11 50 0 8 -0.244144
13 54 0 8 -0.244787
3 32 0 8 -0.246080
2 27 0 8 -0.246307
14 29 0 8 -0.250947
25 53 0 8 -0.251046
21 26 0 8 -0.251707
21 32 0 8 -0.252076
54 61 0 8 -0.252545
17 53 0 8 -0.253170
17 28 0 8 -0.255242
13 24 0 8 -0.255916
1 20 0 8 -0.256794
1 21 0 8 -0.258309
47 63 0 8 -0.259276
23 59 0 8 -0.259474
40 47 0 8 -0.259748
36 59 0 8 -0.260887
23 51 0 8 -0.261493
1 6 0 8 -0.261966
24 60 0 8 -0.263018
3 24 0 8 -0.263535
25 57 0 8 -0.266310
19 63 0 8 -0.267258
18 57 0 8 -0.268014
16 47 0 8 -0.268721
8 61 0 8 -0.269766
22 54 0 8 -0.270909
9 63 0 8 -0.270925
27 60 0 8 -0.270926
3 27 0 8 -0.271459
11 52 0 8 -0.271666
53 62 0 8 -0.273490
15 30 0 8 -0.273655
16 24 0 8 -0.274438
10 63 0 8 -0.274893
44 53 0 8 -0.277696
2 44 0 8 -0.278381
10 61 0 8 -0.278793
21 57 0 8 -0.280191
3 9 0 8 -0.281744
15 61 0 8 -0.284227
43 62 0 8 -0.285449
15 50 0 8 -0.287237
4 24 0 8 -0.287410
3 48 0 8 -0.288816
6 11 0 8 -0.289286
54 59 0 8 -0.289345
24 59 0 8 -0.289739
8 42 0 8 -0.290342
6 47 0 8 -0.290734
22 43 0 8 -0.292926
36 44 0 8 -0.295014
4 32 0 8 -0.295452
4 27 0 8 -0.296052
21 27 0 8 -0.297511
32 59 0 8 -0.297846
2 28 0 8 -0.298353
27 59 0 8 -0.298451
8 19 0 8 -0.299248
56 62 0 8 -0.299903
18 35 0 8 -0.301330
48 54 0 8 -0.303849
41 58 0 8 -0.305405
15 47 0 8 -0.306698
43 55 0 8 -0.308225
54 60 0 8 -0.308822
3 11 0 8 -0.309649
8 13 0 8 -0.312434
32 58 0 8 -0.312570
20 62 0 8 -0.312650
6 32 0 8 -0.313057
39 54 0 8 -0.313547
47 62 0 8 -0.313683
32 43 0 8 -0.314609
14 24 0 8 -0.315107
26 38 0 8 -0.316516
4 57 0 8 -0.318143
51 60 0 8 -0.318200
1 49 0 8 -0.318514
8 46 0 8 -0.320356
18 24 0 8 -0.320811
7 46 0 8 -0.321094
10 53 0 8 -0.321543
45 52 0 8 -0.321586
1 35 0 8 -0.321708
20 54 0 8 -0.322672
25 59 0 8 -0.323476
16 26 0 8 -0.324962
46 58 0 8 -0.326004
32 53 0 8 -0.326122
27 53 0 8 -0.326785
39 57 0 8 -0.329697
40 46 0 8 -0.329891
17 24 0 8 -0.330411
6 18 0 8 -0.330451
37 58 0 8 -0.330596
4 39 0 8 -0.331404
22 40 0 8 -0.331472
10 37 0 8 -0.333463
5 55 0 8 -0.334230
7 15 0 8 -0.334750
28 40 0 8 -0.335216
6 29 0 8 -0.336724
4 11 0 8 -0.337702
32 40 0 8 -0.337878
48 53 0 8 -0.339795
3 54 0 8 -0.340002
10 17 0 8 -0.340110
11 59 0 8 -0.340439
10 39 0 8 -0.340519
22 39 0 8 -0.340876
27 34 0 8 -0.341067
27 50 0 8 -0.342805
3 57 0 8 -0.347538
27 43 0 8 -0.348188
1 22 0 8 -0.349427
31 62 0 8 -0.349708
11 19 0 8 -0.350464
24 58 0 8 -0.350810
13 57 0 8 -0.351456
38 43 0 8 -0.352409
41 56 0 8 -0.357972
5 16 0 8 -0.358955
21 56 0 8 -0.358980
6 41 0 8 -0.359756
14 30 0 8 -0.360932
27 58 0 8 -0.361358
3 8 0 8 -0.363187
25 42 0 8 -0.364165
43 59 0 8 -0.364645
1 29 0 8 -0.366442
13 52 0 8 -0.367318
21 54 0 8 -0.368392
43 61 0 8 -0.370441
9 19 0 8 -0.370995
35 62 0 8 -0.371058
1 53 0 8 -0.372495
11 53 0 8 -0.372759
10 15 0 8 -0.374193
24 50 0 8 -0.374735
8 34 0 8 -0.378876
48 57 0 8 -0.379120
14 47 0 8 -0.379804
16 27 0 8 -0.382208
8 23 0 8 -0.382525
10 49 0 8 -0.382928
1 52 0 8 -0.384750
44 54 0 8 -0.386239
8 14 0 8 -0.387861
42 54 0 8 -0.389559
11 31 0 8 -0.390705
6 24 0 8 -0.392551
28 59 0 8 -0.393725
12 54 0 8 -0.394651
8 59 0 8 -0.395041
51 62 0 8 -0.395131
8 37 0 8 -0.395148
44 57 0 8 -0.397760
14 59 0 8 -0.399046
4 58 0 8 -0.402329
7 18 0 8 -0.402931
7 32 0 8 -0.403524
22 48 0 8 -0.403737
6 27 0 8 -0.404354
32 39 0 8 -0.404675
12 52 0 8 -0.405688
5 42 0 8 -0.406756
34 42 0 8 -0.407325
9 60 0 8 -0.407765
2 61 0 8 -0.410583
11 58 0 8 -0.412196
16 54 0 8 -0.412597
43 52 0 8 -0.413213
27 41 0 8 -0.416405
12 24 0 8 -0.416523
40 59 0 8 -0.420912
13 49 0 8 -0.421115
51 57 0 8 -0.421178
4 40 0 8 -0.421193
2 16 0 8 -0.422113
31 59 0 8 -0.422355
22 60 0 8 -0.422598
23 31 0 8 -0.422913
1 58 0 8 -0.423244
24 37 0 8 -0.423665
1 38 0 8 -0.424872
11 37 0 8 -0.425589
5 39 0 8 -0.425925
23 60 0 8 -0.427455
8 50 0 8 -0.428016
12 32 0 8 -0.428177
12 27 0 8 -0.429047
55 61 0 8 -0.429263
17 54 0 8 -0.429280
27 40 0 8 -0.429325
7 24 0 8 -0.429342
41 57 0 8 -0.430323
13 50 0 8 -0.430758
24 55 0 8 -0.430843
6 15 0 8 -0.430934
5 12 0 8 -0.431533
33 58 0 8 -0.431838
31 41 0 8 -0.433438
14 27 0 8 -0.433810
24 56 0 8 -0.433855
11 38 0 8 -0.435871
13 38 0 8 -0.436313
17 62 0 8 -0.441544
23 62 0 8 -0.441830
14 48 0 8 -0.442248
7 27 0 8 -0.442252
8 43 0 8 -0.442469
32 55 0 8 -0.442898
39 44 0 8 -0.443292
27 55 0 8 -0.443798
17 27 0 8 -0.444278
32 42 0 8 -0.444697
7 21 0 8 -0.445091
32 56 0 8 -0.445994
27 56 0 8 -0.446901
11 36 0 8 -0.449964
24 38 0 8 -0.451321
24 48 0 8 -0.451893
16 57 0 8 -0.452858
8 39 0 8 -0.455415
18 32 0 8 -0.456594
31 57 0 8 -0.457639
10 21 0 8 -0.458090
21 62 0 8 -0.458118
24 34 0 8 -0.458935
16 32 0 8 -0.459036
13 44 0 8 -0.459143
24 33 0 8 -0.459737
12 51 0 8 -0.460915
1 51 0 8 -0.461426
1 23 0 8 -0.461895
2 58 0 8 -0.462067
13 61 0 8 -0.463275
32 38 0 8 -0.463949
24 46 0 8 -0.464507
32 48 0 8 -0.464536
27 38 0 8 -0.464892
27 48 0 8 -0.465481
21 53 0 8 -0.465548
18 27 0 8 -0.465747
40 49 0 8 -0.467991
19 57 0 8 -0.469395
52 58 0 8 -0.469445
27 47 0 8 -0.469566
42 57 0 8 -0.470097
33 43 0 8 -0.470951
17 51 0 8 -0.471332
24 40 0 8 -0.472326
25 41 0 8 -0.472787
2 10 0 8 -0.473417
27 33 0 8 -0.473561
13 27 0 8 -0.473945
32 37 0 8 -0.476431
24 41 0 8 -0.477182
11 34 0 8 -0.477804
15 60 0 8 -0.477997
19 26 0 8 -0.479156
11 30 0 8 -0.481092
10 54 0 8 -0.481521
24 36 0 8 -0.482771
8 58 0 8 -0.483464
2 41 0 8 -0.484050
2 18 0 8 -0.484092
40 54 0 8 -0.484462
8 51 0 8 -0.485874
22 44 0 8 -0.485990
15 46 0 8 -0.487221
6 57 0 8 -0.487233
5 24 0 8 -0.487970
19 60 0 8 -0.490008
25 62 0 8 -0.490457
32 41 0 8 -0.490534
24 39 0 8 -0.491307
33 41 0 8 -0.492758
49 58 0 8 -0.493285
20 53 0 8 -0.493358
18 41 0 8 -0.493527
11 48 0 8 -0.496314
32 46 0 8 -0.497718
4 42 0 8 -0.498395
27 46 0 8 -0.498730
14 57 0 8 -0.501560
24 49 0 8 -0.501585
5 32 0 8 -0.501623
7 47 0 8 -0.501831
46 57 0 8 -0.502006
20 60 0 8 -0.502140
5 27 0 8 -0.502643
24 47 0 8 -0.503060
11 55 0 8 -0.503632
6 54 0 8 -0.504516
11 43 0 8 -0.504935
15 34 0 8 -0.505606
27 39 0 8 -0.506080
43 57 0 8 -0.506359
36 60 0 8 -0.507588
11 56 0 8 -0.509773
37 54 0 8 -0.509876
1 18 0 8 -0.510156
18 59 0 8 -0.512021
46 54 0 8 -0.512094
1 25 0 8 -0.512730
7 29 0 8 -0.514011
40 57 0 8 -0.515026
32 49 0 8 -0.515619
51 56 0 8 -0.515937
19 54 0 8 -0.516062
27 49 0 8 -0.516667
32 47 0 8 -0.517135
10 41 0 8 -0.517173
5 11 0 8 -0.518159
3 55 0 8 -0.518290
1 14 0 8 -0.518303
19 24 0 8 -0.518548
8 29 0 8 -0.519303
30 57 0 8 -0.519550
12 57 0 8 -0.519713
24 30 0 8 -0.521368
12 48 0 8 -0.521991
19 42 0 8 -0.523190
32 51 0 8 -0.523904
5 23 0 8 -0.524229
43 54 0 8 -0.526938
43 58 0 8 -0.528325
9 15 0 8 -0.530588
11 49 0 8 -0.532581
50 61 0 8 -0.532854
19 32 0 8 -0.533057
10 24 0 8 -0.533362
13 62 0 8 -0.533829
19 27 0 8 -0.534140
12 34 0 8 -0.534808
34 57 0 8 -0.534831
28 50 0 8 -0.536309
15 36 0 8 -0.537384
7 53 0 8 -0.538184
2 15 0 8 -0.539396
5 20 0 8 -0.540083
11 33 0 8 -0.540183
11 46 0 8 -0.542271
14 54 0 8 -0.543346
15 42 0 8 -0.543398
24 44 0 8 -0.547751
46 62 0 8 -0.548131
8 45 0 8 -0.548265
10 32 0 8 -0.548285
11 47 0 8 -0.548726
37 47 0 8 -0.548941
10 27 0 8 -0.549400
29 61 0 8 -0.549574
41 54 0 8 -0.551065
22 61 0 8 -0.551623
3 44 0 8 -0.552618
5 54 0 8 -0.553160
7 54 0 8 -0.553919
24 51 0 8 -0.554031
26 32 0 8 -0.554139
20 51 0 8 -0.554250
24 29 0 8 -0.554355
11 51 0 8 -0.554580
11 40 0 8 -0.554975
34 54 0 8 -0.555892
3 10 0 8 -0.556569
5 57 0 8 -0.556787
1 12 0 8 -0.557894
8 49 0 8 -0.558851
11 39 0 8 -0.559734
51 59 0 8 -0.560518
38 54 0 8 -0.560669
11 41 0 8 -0.560682
45 57 0 8 -0.561800
32 44 0 8 -0.563077
15 59 0 8 -0.563279
47 52 0 8 -0.564077
27 44 0 8 -0.564222
27 42 0 8 -0.566762
17 57 0 8 -0.568791
30 48 0 8 -0.569284
27 51 0 8 -0.570690
34 62 0 8 -0.573535
25 60 0 8 -0.574646
44 58 0 8 -0.576110
41 60 0 8 -0.577581
31 54 0 8 -0.583871
8 44 0 8 -0.584086
15 40 0 8 -0.586123
22 41 0 8 -0.587585
9 24 0 8 -0.588258
22 46 0 8 -0.589658
3 28 0 8 -0.590024
34 51 0 8 -0.592262
15 43 0 8 -0.592672
33 54 0 8 -0.593134
24 45 0 8 -0.593198
2 52 0 8 -0.593626
7 31 0 8 -0.593668
8 55 0 8 -0.593761
38 57 0 8 -0.595181
6 31 0 8 -0.596332
20 44 0 8 -0.596654
17 22 0 8 -0.596676
8 56 0 8 -0.597912
9 61 0 8 -0.600524
53 59 0 8 -0.601469
3 59 0 8 -0.602879
9 32 0 8 -0.604717
9 27 0 8 -0.605946
33 57 0 8 -0.606280
31 58 0 8 -0.607552
4 28 0 8 -0.608858
32 45 0 8 -0.609795
47 57 0 8 -0.610705
27 45 0 8 -0.611034
37 57 0 8 -0.611194
47 54 0 8 -0.612724
9 36 0 8 -0.612891
25 43 0 8 -0.615770
30 37 0 8 -0.616522
3 41 0 8 -0.619887
9 57 0 8 -0.621281
8 38 0 8 -0.621982
29 51 0 8 -0.623703
4 61 0 8 -0.623873
16 37 0 8 -0.625889
10 26 0 8 -0.626324
48 56 0 8 -0.626523
33 60 0 8 -0.627515
5 62 0 8 -0.627822
4 22 0 8 -0.628814
3 15 0 8 -0.629755
4 15 0 8 -0.631537
4 35 0 8 -0.632522
6 43 0 8 -0.632849
8 33 0 8 -0.633581
29 62 0 8 -0.633626
9 43 0 8 -0.633839
23 48 0 8 -0.634553
45 54 0 8 -0.638689
1 26 0 8 -0.639765
11 44 0 8 -0.643599
26 46 0 8 -0.644545
22 35 0 8 -0.647929
2 7 0 8 -0.648264
8 30 0 8 -0.650582
8 40 0 8 -0.650930
7 50 0 8 -0.651003
11 29 0 8 -0.651359
19 55 0 8 -0.653127
23 39 0 8 -0.654431
30 54 0 8 -0.655555
34 61 0 8 -0.656603
52 60 0 8 -0.656978
8 41 0 8 -0.657623
31 38 0 8 -0.660583
3 34 0 8 -0.661213
37 43 0 8 -0.661255
29 54 0 8 -0.661560
7 62 0 8 -0.663292
31 44 0 8 -0.666754
33 53 0 8 -0.672593
6 33 0 8 -0.674420
4 53 0 8 -0.674758
13 31 0 8 -0.678413
16 59 0 8 -0.679269
19 58 0 8 -0.680277
35 40 0 8 -0.681701
20 40 0 8 -0.687334
2 60 0 8 -0.687380
37 50 0 8 -0.689347
5 10 0 8 -0.690472
39 58 0 8 -0.691439
9 54 0 8 -0.691471
29 57 0 8 -0.692733
18 37 0 8 -0.692918
8 47 0 8 -0.693286
19 47 0 8 -0.693476
49 61 0 8 -0.694927
14 28 0 8 -0.695638
17 52 0 8 -0.695792
11 42 0 8 -0.696929
11 45 0 8 -0.696998
41 47 0 8 -0.697123
25 45 0 8 -0.698197
2 14 0 8 -0.700965
8 31 0 8 -0.701162
6 44 0 8 -0.701581
10 57 0 8 -0.703374
30 62 0 8 -0.708216
15 49 0 8 -0.712474
7 28 0 8 -0.714483
2 43 0 8 -0.715616
1 16 0 8 -0.716504
28 56 0 8 -0.717795
12 46 0 8 -0.718095
7 22 0 8 -0.718939
5 41 0 8 -0.721230
26 33 0 8 -0.721437
20 61 0 8 -0.721522
3 13 0 8 -0.722941
35 49 0 8 -0.724165
9 16 0 8 -0.730485
28 39 0 8 -0.731620
23 36 0 8 -0.733094
6 46 0 8 -0.733882
15 31 0 8 -0.734336
31 52 0 8 -0.736238
1 13 0 8 -0.739021
4 26 0 8 -0.742987
13 48 0 8 -0.743328
41 53 0 8 -0.745961
13 21 0 8 -0.749547
31 42 0 8 -0.753609
5 53 0 8 -0.757330
46 52 0 8 -0.761024
5 61 0 8 -0.761406
2 42 0 8 -0.761642
31 48 0 8 -0.764996
9 48 0 8 -0.767409
3 56 0 8 -0.769824
5 15 0 8 -0.770251
4 45 0 8 -0.771088
39 60 0 8 -0.772763
25 37 0 8 -0.773836
12 28 0 8 -0.774149
5 60 0 8 -0.774490
37 44 0 8 -0.776463
19 45 0 8 -0.787072
28 37 0 8 -0.790007
49 60 0 8 -0.791620
33 56 0 8 -0.793388
13 60 0 8 -0.794285
42 62 0 8 -0.795137
4 59 0 8 -0.796462
31 61 0 8 -0.799488
11 26 0 8 -0.802983
23 43 0 8 -0.806116
1 31 0 8 -0.812228
22 45 0 8 -0.816234
3 53 0 8 -0.816771
18 30 0 8 -0.817626
1 44 0 8 -0.817787
5 59 0 8 -0.820743
28 44 0 8 -0.823663
22 51 0 8 -0.823705
42 58 0 8 -0.824311
3 51 0 8 -0.828428
28 34 0 8 -0.834651
15 37 0 8 -0.837047
42 61 0 8 -0.840513
5 44 0 8 -0.840623
35 56 0 8 -0.841338
34 49 0 8 -0.842116
12 44 0 8 -0.842896
7 58 0 8 -0.844000
37 61 0 8 -0.846663
3 60 0 8 -0.848632
10 62 0 8 -0.849005
3 40 0 8 -0.849216
5 50 0 8 -0.851425
14 46 0 8 -0.856368
17 58 0 8 -0.857982
19 51 0 8 -0.861437
5 52 0 8 -0.863781
4 60 0 8 -0.864802
10 43 0 8 -0.868062
3 20 0 8 -0.868260
35 52 0 8 -0.869845
9 58 0 8 -0.870424
21 43 0 8 -0.872002
6 60 0 8 -0.881409
26 54 0 8 -0.881693
4 43 0 8 -0.882541
3 43 0 8 -0.882582
7 61 0 8 -0.883667
25 46 0 8 -0.884980
9 62 0 8 -0.886041
23 40 0 8 -0.886233
9 55 0 8 -0.886983
17 61 0 8 -0.891312
10 28 0 8 -0.895082
6 45 0 8 -0.899478
46 61 0 8 -0.901098
26 57 0 8 -0.901236
10 42 0 8 -0.903729
18 34 0 8 -0.906447
13 23 0 8 -0.916288
3 38 0 8 -0.921400
3 22 0 8 -0.923346
25 49 0 8 -0.937910
8 26 0 8 -0.941818
10 48 0 8 -0.944799
29 45 0 8 -0.948101
10 35 0 8 -0.951747
4 52 0 8 -0.951749
10 51 0 8 -0.951973
28 38 0 8 -0.952297
35 47 0 8 -0.952618
23 41 0 8 -0.953003
6 22 0 8 -0.958172
13 53 0 8 -0.959925
39 52 0 8 -0.963054
17 50 0 8 -0.963299
15 56 0 8 -0.967111
50 59 0 8 -0.973823
30 61 0 8 -0.976796
13 28 0 8 -0.982816
18 47 0 8 -0.982983
12 30 0 8 -0.983379
35 59 0 8 -0.984071
23 47 0 8 -0.985229
23 37 0 8 -0.987657
39 51 0 8 -0.990453
17 60 0 8 -0.993411
15 55 0 8 -0.994217
25 35 0 8 -0.995035
6 35 0 8 -0.995848
38 46 0 8 -0.996691
14 52 0 8 -0.996730
7 26 0 8 -0.997368
29 38 0 8 -0.998051
38 50 0 8 -0.998392
16 46 0 8 -0.998579
39 47 0 8 -1.000751
38 48 0 8 -1.002684
30 40 0 8 -1.002803
15 33 0 8 -1.008306
16 61 0 8 -1.008886
12 25 0 8 -1.009377
14 36 0 8 -1.009487
42 59 0 8 -1.009642
29 40 0 8 -1.009685
34 58 0 8 -1.010567
21 34 0 8 -1.011957
22 56 0 8 -1.012501
38 61 0 8 -1.013876
16 38 0 8 -1.014953
5 35 0 8 -1.018730
2 56 0 8 -1.028184
7 41 0 8 -1.029167
18 23 0 8 -1.035906
20 50 0 8 -1.038819
14 23 0 8 -1.040227
2 53 0 8 -1.042816
40 52 0 8 -1.044577
10 44 0 8 -1.044586
19 35 0 8 -1.046703
15 44 0 8 -1.047919
43 49 0 8 -1.049481
9 34 0 8 -1.052698
36 50 0 8 -1.056583
3 21 0 8 -1.061158
10 59 0 8 -1.063891
12 58 0 8 -1.064367
31 47 0 8 -1.074274
20 59 0 8 -1.074647
12 22 0 8 -1.076193
2 19 0 8 -1.078926
2 50 0 8 -1.079605
47 55 0 8 -1.079835
26 48 0 8 -1.080004
5 48 0 8 -1.082055
3 39 0 8 -1.082174
44 51 0 8 -1.084342
2 40 0 8 -1.097674
30 41 0 8 -1.099454
10 22 0 8 -1.100767
28 55 0 8 -1.101652
3 29 0 8 -1.104025
21 40 0 8 -1.105604
22 37 0 8 -1.107771
6 51 0 8 -1.112670
25 40 0 8 -1.112979
37 49 0 8 -1.113194
36 61 0 8 -1.116385
22 38 0 8 -1.117101
16 22 0 8 -1.118441
16 42 0 8 -1.118590
19 52 0 8 -1.119176
12 35 0 8 -1.122690
13 37 0 8 -1.125531
25 30 0 8 -1.130284
21 59 0 8 -1.130670
20 26 0 8 -1.131709
4 20 0 8 -1.132834
38 51 0 8 -1.132885
16 28 0 8 -1.137207
33 46 0 8 -1.137713
23 56 0 8 -1.137888
30 55 0 8 -1.140601
13 55 0 8 -1.141011
45 55 0 8 -1.145450
29 37 0 8 -1.146619
21 38 0 8 -1.148989
5 25 0 8 -1.149512
6 26 0 8 -1.152195
6 52 0 8 -1.152483
4 36 0 8 -1.152790
2 37 0 8 -1.154541
14 61 0 8 -1.155636
7 43 0 8 -1.155770
18 28 0 8 -1.157499
5 28 0 8 -1.159446
47 60 0 8 -1.166763
10 25 0 8 -1.167240
35 50 0 8 -1.168038
17 26 0 8 -1.169637
14 43 0 8 -1.169899
12 61 0 8 -1.172705
25 33 0 8 -1.173283
16 23 0 8 -1.173462
6 39 0 8 -1.174416
3 36 0 8 -1.177551
15 29 0 8 -1.179880
21 31 0 8 -1.180730
16 25 0 8 -1.186025
22 42 0 8 -1.186412
16 55 0 8 -1.187003
35 58 0 8 -1.190871
15 45 0 8 -1.195987
6 53 0 8 -1.204719
50 56 0 8 -1.204924
23 35 0 8 -1.208699
18 53 0 8 -1.209746
4 44 0 8 -1.215826
29 52 0 8 -1.225948
3 37 0 8 -1.232368
6 61 0 8 -1.234339
20 36 0 8 -1.235045
30 59 0 8 -1.239941
7 48 0 8 -1.244011
55 60 0 8 -1.247522
21 52 0 8 -1.249161
3 23 0 8 -1.249652
7 51 0 8 -1.249928
30 52 0 8 -1.253691
20 34 0 8 -1.256685
12 23 0 8 -1.257544
23 44 0 8 -1.258759
3 52 0 8 -1.263483
18 25 0 8 -1.263536
21 29 0 8 -1.265554
20 46 0 8 -1.267030
2 59 0 8 -1.267811
14 22 0 8 -1.270846
31 43 0 8 -1.272818
3 35 0 8 -1.273858
45 56 0 8 -1.277942
7 59 0 8 -1.284749
4 10 0 8 -1.292320
50 60 0 8 -1.294117
21 37 0 8 -1.298098
12 43 0 8 -1.302283
19 50 0 8 -1.308503
22 53 0 8 -1.311188
30 58 0 8 -1.311862
4 56 0 8 -1.312993
4 23 0 8 -1.317789
20 37 0 8 -1.325008
29 43 0 8 -1.327142
25 34 0 8 -1.346818
38 44 0 8 -1.346937
20 29 0 8 -1.347345
38 60 0 8 -1.348549
19 61 0 8 -1.351200
28 47 0 8 -1.360449
5 38 0 8 -1.364158
23 33 0 8 -1.364521
28 49 0 8 -1.373413
2 39 0 8 -1.374223
9 40 0 8 -1.376504
9 52 0 8 -1.379072
5 22 0 8 -1.380413
2 34 0 8 -1.381448
41 59 0 8 -1.383334
4 50 0 8 -1.396973
30 50 0 8 -1.404796
39 45 0 8 -1.407264
30 53 0 8 -1.409417
2 13 0 8 -1.410073
9 44 0 8 -1.410265
10 30 0 8 -1.411438
28 42 0 8 -1.413895
26 35 0 8 -1.427271
5 43 0 8 -1.427291
40 56 0 8 -1.432811
29 47 0 8 -1.433993
9 23 0 8 -1.442075
18 45 0 8 -1.443777
2 31 0 8 -1.445969
40 58 0 8 -1.449520
14 50 0 8 -1.450241
4 38 0 8 -1.456428
18 58 0 8 -1.459985
42 48 0 8 -1.462436
23 46 0 8 -1.463052
14 20 0 8 -1.469022
41 52 0 8 -1.471928
19 46 0 8 -1.473919
36 49 0 8 -1.473934
33 61 0 8 -1.478784
20 55 0 8 -1.481686
13 51 0 8 -1.482351
19 28 0 8 -1.484767
25 50 0 8 -1.487574
14 25 0 8 -1.493036
21 46 0 8 -1.494887
7 60 0 8 -1.495458
13 22 0 8 -1.495953
36 53 0 8 -1.498666
36 47 0 8 -1.500097
14 51 0 8 -1.503630
18 51 0 8 -1.513721
34 46 0 8 -1.516994
16 33 0 8 -1.519902
33 47 0 8 -1.525399
3 25 0 8 -1.525918
6 55 0 8 -1.532661
22 30 0 8 -1.540302
31 49 0 8 -1.543930
44 55 0 8 -1.545900
30 43 0 8 -1.554263
7 23 0 8 -1.555681
22 49 0 8 -1.556812
5 33 0 8 -1.559373
16 53 0 8 -1.561144
17 37 0 8 -1.565988
47 58 0 8 -1.573149
40 51 0 8 -1.585160
10 46 0 8 -1.592974
2 49 0 8 -1.597353
7 30 0 8 -1.608288
10 40 0 8 -1.615641
3 26 0 8 -1.629133
21 42 0 8 -1.631706
14 35 0 8 -1.631790
18 52 0 8 -1.642284
23 29 0 8 -1.657090
20 38 0 8 -1.658060
23 49 0 8 -1.660242
28 45 0 8 -1.661660
29 41 0 8 -1.663131
17 25 0 8 -1.664037
31 51 0 8 -1.674604
7 52 0 8 -1.682781
3 30 0 8 -1.683785
23 45 0 8 -1.690823
34 48 0 8 -1.692513
30 36 0 8 -1.693847
7 20 0 8 -1.703715
10 47 0 8 -1.705824
30 56 0 8 -1.711323
10 23 0 8 -1.713874
16 39 0 8 -1.718400
25 44 0 8 -1.728420
6 36 0 8 -1.729635
13 36 0 8 -1.732181
10 16 0 8 -1.746611
25 38 0 8 -1.793491
38 52 0 8 -1.800595
23 38 0 8 -1.803134
9 46 0 8 -1.806390
18 48 0 8 -1.806834
18 29 0 8 -1.810730
20 31 0 8 -1.820583
12 18 0 8 -1.824907
21 49 0 8 -1.830121
6 23 0 8 -1.835325
4 25 0 8 -1.836300
17 41 0 8 -1.851347
17 30 0 8 -1.851991
2 55 0 8 -1.853275
13 25 0 8 -1.863041
47 56 0 8 -1.875824
7 45 0 8 -1.886161
3 31 0 8 -1.887253
22 31 0 8 -1.887714
19 36 0 8 -1.895335
17 31 0 8 -1.896081
34 43 0 8 -1.897869
2 36 0 8 -1.905470
22 29 0 8 -1.910864
9 45 0 8 -1.918755
21 41 0 8 -1.926336
4 37 0 8 -1.929231
5 31 0 8 -1.938685
38 47 0 8 -1.940721
42 52 0 8 -1.945936
6 20 0 8 -1.946540
16 30 0 8 -1.950049
6 25 0 8 -1.961976
2 17 0 8 -1.965439
25 55 0 8 -1.966251
26 52 0 8 -1.967623
2 29 0 8 -1.971234
6 30 0 8 -1.974980
10 60 0 8 -1.975752
16 31 0 8 -1.984146
38 53 0 8 -1.984257
19 39 0 8 -1.991973
9 20 0 8 -2.002677
23 34 0 8 -2.016629
25 31 0 8 -2.016858
36 42 0 8 -2.033757
14 26 0 8 -2.052361
17 36 0 8 -2.073874
16 51 0 8 -2.078817
30 38 0 8 -2.101341
33 48 0 8 -2.124753
45 50 0 8 -2.147794
13 26 0 8 -2.183653
7 25 0 8 -2.186785
40 55 0 8 -2.194269
45 53 0 8 -2.201193
21 50 0 8 -2.209857
16 58 0 8 -2.226738
2 51 0 8 -2.268711
26 34 0 8 -2.294621
9 37 0 8 -2.315170
5 46 0 8 -2.322622
23 55 0 8 -2.324705
46 55 0 8 -2.340680
20 49 0 8 -2.353041
12 21 0 8 -2.384235
25 56 0 8 -2.391327
36 51 0 8 -2.459645
19 44 0 8 -2.472379
21 55 0 8 -2.490002
26 31 0 8 -2.505222
29 36 0 8 -2.529401
5 51 0 8 -2.578428
2 26 0 8 -2.612849
45 58 0 8 -2.630058
30 44 0 8 -2.684281
5 56 0 8 -2.711756
29 53 0 8 -2.713871
36 48 0 8 -2.768682
29 39 0 8 -2.769382
5 26 0 8 -2.779253
5 19 0 8 -2.790446
14 42 0 8 -2.795512
36 41 0 8 -2.807512
33 42 0 8 -2.871209
9 47 0 8 -2.881817
31 45 0 8 -3.000103
18 31 0 8 -3.028960
13 42 0 8 -3.126442
37 42 0 8 -3.196194
5 36 0 8 -3.222042
12 42 0 8 -3.235901
10 45 0 8 -3.764938
