8 21 0 8 20.695341
65 79 0 8 19.803436
9 82 0 8 10.565941
68 84 0 8 8.175555
63 68 0 8 8.159086
34 81 0 8 7.810373
66 80 0 8 7.513382
34 75 0 8 7.259923
62 83 0 8 6.581150
37 74 0 8 6.470283
5 20 0 8 5.926549
35 71 0 8 5.793566
5 22 0 8 5.752749
32 72 0 8 5.616642
10 84 0 8 5.496066
61 84 0 8 5.425101
4 78 0 8 5.412145
29 74 0 8 5.395295
8 16 0 8 5.353261
61 68 0 8 5.175849
35 83 0 8 5.076334
9 86 0 8 4.984908
3 24 0 8 4.951569
16 42 0 8 4.900883
64 81 0 8 4.583451
63 86 0 8 4.480876
8 18 0 8 4.158916
7 66 0 8 4.137921
16 45 0 8 3.954045
13 19 0 8 3.852782
28 37 0 8 3.821616
66 82 0 8 3.820980
63 82 0 8 3.742615
64 73 0 8 3.661904
39 46 0 8 3.601623
5 80 0 8 3.546295
21 42 0 8 3.515058
3 22 0 8 3.497944
12 60 0 8 3.496024
61 83 0 8 3.438985
14 86 0 8 3.426554
6 81 0 8 3.353819
31 62 0 8 3.347346
64 76 0 8 3.326258
11 84 0 8 3.315426
66 84 0 8 3.266728
9 63 0 8 3.257291
25 37 0 8 3.168970
27 37 0 8 3.164992
58 67 0 8 3.064330
7 63 0 8 3.049007
64 69 0 8 3.010374
60 84 0 8 2.998292
15 83 0 8 2.983733
59 68 0 8 2.965801
61 71 0 8 2.936755
3 77 0 8 2.919429
47 58 0 8 2.864316
39 44 0 8 2.844337
8 83 0 8 2.832267
39 45 0 8 2.807900
36 50 0 8 2.794176
18 42 0 8 2.756356
8 42 0 8 2.740405
39 58 0 8 2.689756
31 84 0 8 2.609962
10 63 0 8 2.609476
7 82 0 8 2.586363
15 63 0 8 2.540209
14 19 0 8 2.538691
35 58 0 8 2.489327
12 31 0 8 2.488638
40 74 0 8 2.466682
20 41 0 8 2.464807
67 84 0 8 2.450578
11 61 0 8 2.436904
46 76 0 8 2.433449
9 65 0 8 2.410167
29 37 0 8 2.406213
10 86 0 8 2.404924
24 36 0 8 2.404540
9 85 0 8 2.399321
46 59 0 8 2.398286
5 76 0 8 2.371107
12 59 0 8 2.345853
8 41 0 8 2.340013
23 73 0 8 2.338999
21 41 0 8 2.312246
62 69 0 8 2.263902
7 80 0 8 2.263791
62 71 0 8 2.260666
27 32 0 8 2.251920
35 44 0 8 2.250830
14 46 0 8 2.249665
29 75 0 8 2.239006
5 47 0 8 2.236377
27 76 0 8 2.200105
73 78 0 8 2.199194
12 84 0 8 2.177204
43 84 0 8 2.176256
22 74 0 8 2.159945
50 57 0 8 2.151448
68 83 0 8 2.146832
3 75 0 8 2.145395
28 75 0 8 2.139571
4 33 0 8 2.136601
12 62 0 8 2.134541
28 78 0 8 2.120515
6 75 0 8 2.103912
10 68 0 8 2.103714
12 68 0 8 2.093648
12 82 0 8 2.090343
4 32 0 8 2.053138
11 66 0 8 2.049080
11 60 0 8 2.047515
13 85 0 8 2.044134
9 61 0 8 2.033378
5 78 0 8 2.008657
22 36 0 8 2.000763
26 32 0 8 1.989705
59 64 0 8 1.987865
6 34 0 8 1.968192
71 82 0 8 1.960796
23 34 0 8 1.944631
65 77 0 8 1.923894
59 82 0 8 1.920680
14 30 0 8 1.919159
7 19 0 8 1.909948
15 26 0 8 1.875043
29 72 0 8 1.853829
63 80 0 8 1.841533
4 77 0 8 1.826917
6 16 0 8 1.798186
68 73 0 8 1.790596
14 82 0 8 1.781166
25 58 0 8 1.781011
22 40 0 8 1.778341
23 38 0 8 1.771392
41 74 0 8 1.754689
30 70 0 8 1.753866
32 71 0 8 1.749275
48 78 0 8 1.745345
31 69 0 8 1.743766
63 85 0 8 1.735748
15 59 0 8 1.729135
51 58 0 8 1.724961
37 64 0 8 1.714072
18 70 0 8 1.712732
19 46 0 8 1.709474
40 49 0 8 1.697472
46 81 0 8 1.694316
15 61 0 8 1.689240
44 62 0 8 1.685998
5 24 0 8 1.676736
7 26 0 8 1.676389
37 83 0 8 1.674961
30 41 0 8 1.674720
73 81 0 8 1.667200
8 36 0 8 1.666717
45 66 0 8 1.658364
27 41 0 8 1.653007
16 62 0 8 1.644947
31 73 0 8 1.623835
17 82 0 8 1.598872
39 48 0 8 1.586772
31 58 0 8 1.583806
51 57 0 8 1.582475
33 81 0 8 1.581095
2 77 0 8 1.573596
42 66 0 8 1.566151
49 59 0 8 1.556697
16 44 0 8 1.556277
16 41 0 8 1.550768
23 80 0 8 1.544353
11 48 0 8 1.542551
38 68 0 8 1.538558
32 74 0 8 1.534034
11 82 0 8 1.514972
12 19 0 8 1.501233
15 38 0 8 1.489795
6 47 0 8 1.487007
5 46 0 8 1.480545
42 84 0 8 1.478462
32 61 0 8 1.476983
35 66 0 8 1.473873
39 64 0 8 1.473572
13 67 0 8 1.473266
25 33 0 8 1.467166
50 83 0 8 1.467042
52 59 0 8 1.459116
21 44 0 8 1.456256
27 40 0 8 1.453675
12 69 0 8 1.449265
28 56 0 8 1.446317
7 34 0 8 1.430112
22 42 0 8 1.426150
2 12 0 8 1.414894
11 16 0 8 1.413522
6 59 0 8 1.410968
28 76 0 8 1.408434
59 86 0 8 1.406523
43 57 0 8 1.402157
33 55 0 8 1.400620
14 49 0 8 1.397377
6 19 0 8 1.392089
24 32 0 8 1.385449
56 82 0 8 1.379212
18 38 0 8 1.375157
5 83 0 8 1.372905
26 70 0 8 1.369371
69 74 0 8 1.368562
25 57 0 8 1.364809
59 67 0 8 1.359048
9 14 0 8 1.354144
19 36 0 8 1.354069
9 84 0 8 1.352029
25 70 0 8 1.343820
23 47 0 8 1.342083
38 72 0 8 1.341280
4 38 0 8 1.340300
43 83 0 8 1.331102
45 56 0 8 1.322026
5 77 0 8 1.319093
65 73 0 8 1.309877
13 50 0 8 1.309860
67 74 0 8 1.306340
35 68 0 8 1.305378
10 58 0 8 1.305298
36 73 0 8 1.305197
22 30 0 8 1.302745
20 45 0 8 1.302386
47 72 0 8 1.300885
49 68 0 8 1.292000
40 64 0 8 1.289374
41 80 0 8 1.280025
13 78 0 8 1.274685
75 81 0 8 1.273185
60 87 0 8 1.269806
7 60 0 8 1.269334
48 86 0 8 1.262883
30 74 0 8 1.249390
50 86 0 8 1.246931
23 45 0 8 1.245614
16 84 0 8 1.242861
7 44 0 8 1.242560
54 59 0 8 1.241239
44 80 0 8 1.226104
13 60 0 8 1.225888
33 66 0 8 1.225788
63 87 0 8 1.223932
12 83 0 8 1.223451
32 69 0 8 1.216540
3 13 0 8 1.216455
21 27 0 8 1.211721
52 57 0 8 1.210248
10 66 0 8 1.208107
29 57 0 8 1.207778
28 74 0 8 1.199006
31 64 0 8 1.198884
44 83 0 8 1.196584
13 18 0 8 1.195966
13 35 0 8 1.193368
35 75 0 8 1.189166
12 35 0 8 1.187023
65 76 0 8 1.186328
14 85 0 8 1.181856
41 63 0 8 1.177556
26 62 0 8 1.175586
23 58 0 8 1.174456
68 87 0 8 1.171523
8 61 0 8 1.168531
41 72 0 8 1.168231
44 74 0 8 1.167548
31 81 0 8 1.167232
7 30 0 8 1.163580
12 49 0 8 1.162932
7 20 0 8 1.159575
16 37 0 8 1.152928
4 25 0 8 1.150315
28 49 0 8 1.148860
67 78 0 8 1.144046
65 78 0 8 1.142715
21 46 0 8 1.138641
44 56 0 8 1.133303
22 70 0 8 1.129823
8 25 0 8 1.127646
4 16 0 8 1.125780
50 59 0 8 1.118966
23 31 0 8 1.112857
8 34 0 8 1.110998
18 58 0 8 1.109417
37 44 0 8 1.106829
5 17 0 8 1.105464
19 25 0 8 1.101473
31 53 0 8 1.099418
29 40 0 8 1.097244
53 85 0 8 1.094653
26 45 0 8 1.092320
24 70 0 8 1.091405
62 84 0 8 1.090618
34 67 0 8 1.088844
49 60 0 8 1.086956
26 80 0 8 1.083643
39 49 0 8 1.080241
15 46 0 8 1.077283
14 57 0 8 1.077157
30 48 0 8 1.077053
24 72 0 8 1.075774
80 85 0 8 1.073714
60 66 0 8 1.071766
24 33 0 8 1.070577
48 58 0 8 1.070136
10 18 0 8 1.069952
38 62 0 8 1.068912
61 75 0 8 1.066346
10 20 0 8 1.064887
6 46 0 8 1.061296
6 23 0 8 1.059997
11 63 0 8 1.050615
48 61 0 8 1.049921
13 84 0 8 1.047950
50 82 0 8 1.047242
47 55 0 8 1.042365
49 55 0 8 1.039713
28 39 0 8 1.036839
20 36 0 8 1.033696
54 69 0 8 1.032696
48 59 0 8 1.032005
70 82 0 8 1.029397
3 27 0 8 1.028261
22 47 0 8 1.026850
47 59 0 8 1.021662
30 38 0 8 1.019411
24 75 0 8 1.018038
33 46 0 8 1.017730
34 48 0 8 1.017607
14 63 0 8 1.015552
37 86 0 8 1.013738
14 64 0 8 1.011736
35 62 0 8 1.008974
22 41 0 8 1.008881
13 64 0 8 1.006953
54 60 0 8 1.002644
35 40 0 8 1.002339
33 76 0 8 0.994487
48 84 0 8 0.994271
17 39 0 8 0.994053
39 81 0 8 0.989820
27 56 0 8 0.986850
39 74 0 8 0.980793
19 61 0 8 0.976746
22 77 0 8 0.975566
20 62 0 8 0.975334
32 40 0 8 0.965538
10 60 0 8 0.965172
68 80 0 8 0.965068
30 56 0 8 0.964327
39 50 0 8 0.962676
9 59 0 8 0.958966
32 76 0 8 0.957976
41 56 0 8 0.957341
47 76 0 8 0.955262
21 78 0 8 0.955243
50 56 0 8 0.951765
11 35 0 8 0.951652
29 67 0 8 0.948779
11 80 0 8 0.948399
7 27 0 8 0.942993
61 85 0 8 0.942587
70 81 0 8 0.940655
22 76 0 8 0.936431
73 79 0 8 0.931150
70 76 0 8 0.929675
41 46 0 8 0.926260
33 74 0 8 0.924103
16 43 0 8 0.923621
27 74 0 8 0.920634
57 71 0 8 0.920478
60 80 0 8 0.918380
24 77 0 8 0.916446
47 70 0 8 0.914702
2 24 0 8 0.913892
43 82 0 8 0.912569
40 69 0 8 0.909182
50 60 0 8 0.906500
28 67 0 8 0.906386
44 76 0 8 0.905451
17 35 0 8 0.903327
2 62 0 8 0.902372
61 70 0 8 0.900573
47 56 0 8 0.900516
35 46 0 8 0.898999
24 74 0 8 0.897565
17 40 0 8 0.894845
4 83 0 8 0.893789
23 76 0 8 0.889746
31 42 0 8 0.888455
48 65 0 8 0.886925
28 33 0 8 0.882470
36 76 0 8 0.881954
27 77 0 8 0.879412
15 60 0 8 0.878817
9 18 0 8 0.877764
33 50 0 8 0.877085
5 29 0 8 0.876613
18 45 0 8 0.876070
43 49 0 8 0.872277
19 62 0 8 0.868410
3 36 0 8 0.867765
49 64 0 8 0.866749
2 27 0 8 0.866215
20 27 0 8 0.865435
47 52 0 8 0.864255
4 76 0 8 0.862285
9 68 0 8 0.861457
6 36 0 8 0.859804
54 87 0 8 0.855593
5 71 0 8 0.854064
20 31 0 8 0.852791
44 50 0 8 0.852627
29 81 0 8 0.852381
13 38 0 8 0.852330
15 42 0 8 0.852096
36 46 0 8 0.851521
39 71 0 8 0.849982
20 71 0 8 0.849111
43 80 0 8 0.848989
7 84 0 8 0.847444
16 72 0 8 0.847344
3 56 0 8 0.845626
3 40 0 8 0.842115
18 24 0 8 0.837697
22 67 0 8 0.835444
31 75 0 8 0.831830
36 66 0 8 0.830019
45 80 0 8 0.829865
60 82 0 8 0.828660
4 29 0 8 0.828154
25 75 0 8 0.826801
2 29 0 8 0.825317
62 67 0 8 0.823163
55 78 0 8 0.817682
34 39 0 8 0.813702
17 86 0 8 0.806638
32 59 0 8 0.806533
54 75 0 8 0.805295
59 75 0 8 0.800509
8 86 0 8 0.798408
41 55 0 8 0.793798
16 23 0 8 0.790745
53 86 0 8 0.790226
68 86 0 8 0.788091
31 49 0 8 0.786813
4 43 0 8 0.783269
42 60 0 8 0.782896
16 58 0 8 0.782660
45 69 0 8 0.777350
11 49 0 8 0.776463
11 62 0 8 0.776377
19 69 0 8 0.773800
22 37 0 8 0.772711
23 37 0 8 0.770885
7 57 0 8 0.766311
24 76 0 8 0.764870
13 75 0 8 0.762837
30 72 0 8 0.759580
15 82 0 8 0.758816
14 62 0 8 0.758118
9 67 0 8 0.757867
40 46 0 8 0.757678
19 73 0 8 0.756087
3 47 0 8 0.755958
17 27 0 8 0.755396
14 28 0 8 0.753625
54 62 0 8 0.751196
29 62 0 8 0.749282
34 70 0 8 0.737132
2 20 0 8 0.734784
9 78 0 8 0.733930
7 61 0 8 0.731120
17 52 0 8 0.729782
52 77 0 8 0.727916
27 69 0 8 0.725617
6 42 0 8 0.724039
31 38 0 8 0.722190
56 83 0 8 0.721106
28 35 0 8 0.720326
12 56 0 8 0.719352
55 60 0 8 0.717963
3 70 0 8 0.717954
4 23 0 8 0.716977
49 54 0 8 0.709920
61 82 0 8 0.708408
3 33 0 8 0.707721
19 57 0 8 0.707356
19 58 0 8 0.706654
54 65 0 8 0.706009
4 87 0 8 0.705625
20 29 0 8 0.700869
40 67 0 8 0.699342
67 76 0 8 0.697009
42 73 0 8 0.696941
52 62 0 8 0.694656
57 68 0 8 0.693222
50 77 0 8 0.691170
21 26 0 8 0.688806
34 85 0 8 0.688772
39 57 0 8 0.688387
2 87 0 8 0.688313
16 38 0 8 0.687748
12 87 0 8 0.687057
7 15 0 8 0.684386
24 59 0 8 0.682147
22 32 0 8 0.681895
81 87 0 8 0.681593
32 78 0 8 0.681435
21 35 0 8 0.676786
34 72 0 8 0.676474
26 71 0 8 0.676363
59 85 0 8 0.675278
39 51 0 8 0.672188
14 26 0 8 0.671640
42 61 0 8 0.670813
58 76 0 8 0.669230
29 71 0 8 0.668670
26 33 0 8 0.667000
2 36 0 8 0.666094
32 70 0 8 0.664896
51 82 0 8 0.664100
53 59 0 8 0.663911
25 43 0 8 0.661008
17 28 0 8 0.655809
18 86 0 8 0.652611
24 47 0 8 0.651813
16 80 0 8 0.650682
73 80 0 8 0.650413
27 72 0 8 0.648071
21 28 0 8 0.647279
46 67 0 8 0.646771
19 83 0 8 0.646342
32 65 0 8 0.646271
32 81 0 8 0.644786
8 45 0 8 0.643605
20 80 0 8 0.642439
25 46 0 8 0.641246
12 51 0 8 0.640597
43 48 0 8 0.638758
16 74 0 8 0.634651
59 83 0 8 0.634411
9 48 0 8 0.633404
20 28 0 8 0.630764
15 86 0 8 0.629971
27 46 0 8 0.628601
24 39 0 8 0.621392
17 72 0 8 0.620218
43 50 0 8 0.619942
14 59 0 8 0.616968
34 57 0 8 0.616437
57 86 0 8 0.615372
8 15 0 8 0.611371
64 77 0 8 0.608875
33 64 0 8 0.607741
20 69 0 8 0.605721
24 29 0 8 0.605273
16 48 0 8 0.604797
9 64 0 8 0.603937
5 56 0 8 0.601878
12 18 0 8 0.595627
20 34 0 8 0.595391
2 74 0 8 0.593357
22 46 0 8 0.592867
46 57 0 8 0.591948
10 59 0 8 0.591320
42 77 0 8 0.590361
12 61 0 8 0.588487
43 73 0 8 0.582378
69 87 0 8 0.581420
6 66 0 8 0.580653
13 22 0 8 0.579548
2 33 0 8 0.575413
19 39 0 8 0.573390
31 72 0 8 0.568799
10 87 0 8 0.568627
64 75 0 8 0.565552
27 79 0 8 0.565127
54 70 0 8 0.564592
61 87 0 8 0.563647
63 83 0 8 0.563093
50 72 0 8 0.563048
17 45 0 8 0.562937
82 87 0 8 0.562738
37 51 0 8 0.560364
17 80 0 8 0.558150
20 40 0 8 0.557203
25 30 0 8 0.557004
13 69 0 8 0.556769
26 73 0 8 0.552866
42 85 0 8 0.549484
4 81 0 8 0.548723
14 51 0 8 0.545730
26 36 0 8 0.545538
7 50 0 8 0.545496
20 55 0 8 0.543395
10 83 0 8 0.543071
25 71 0 8 0.542952
7 46 0 8 0.540246
6 58 0 8 0.540167
19 78 0 8 0.539641
65 82 0 8 0.537965
26 72 0 8 0.535018
38 49 0 8 0.533231
13 34 0 8 0.529786
38 71 0 8 0.528069
48 87 0 8 0.527579
5 87 0 8 0.524826
17 59 0 8 0.523190
7 31 0 8 0.521460
10 77 0 8 0.520922
25 53 0 8 0.520078
23 65 0 8 0.519933
12 65 0 8 0.519211
31 37 0 8 0.517182
56 61 0 8 0.516033
59 69 0 8 0.515284
16 66 0 8 0.514311
31 79 0 8 0.514182
23 57 0 8 0.512449
39 47 0 8 0.511712
32 42 0 8 0.508424
43 61 0 8 0.508403
25 47 0 8 0.508066
3 8 0 8 0.507563
27 36 0 8 0.506797
51 78 0 8 0.504312
28 62 0 8 0.501430
26 38 0 8 0.500448
3 35 0 8 0.499796
23 33 0 8 0.498648
52 67 0 8 0.498519
2 7 0 8 0.498432
32 75 0 8 0.493300
42 58 0 8 0.493016
6 41 0 8 0.490902
35 55 0 8 0.490358
36 60 0 8 0.486560
25 40 0 8 0.483109
28 36 0 8 0.477141
46 83 0 8 0.476581
15 53 0 8 0.475680
36 81 0 8 0.474645
27 87 0 8 0.474314
35 63 0 8 0.472481
56 71 0 8 0.472322
32 44 0 8 0.471201
4 52 0 8 0.470699
30 80 0 8 0.468949
12 75 0 8 0.468011
71 76 0 8 0.466185
23 53 0 8 0.464729
56 63 0 8 0.463875
28 57 0 8 0.463063
12 23 0 8 0.461754
11 68 0 8 0.460378
36 74 0 8 0.458581
42 48 0 8 0.457975
6 32 0 8 0.457577
15 47 0 8 0.456589
23 30 0 8 0.456551
15 39 0 8 0.456146
32 46 0 8 0.455986
15 87 0 8 0.454473
57 65 0 8 0.452842
13 73 0 8 0.451780
3 19 0 8 0.451377
10 85 0 8 0.451269
9 58 0 8 0.450994
44 70 0 8 0.450641
30 36 0 8 0.450084
39 80 0 8 0.447903
39 55 0 8 0.447278
13 87 0 8 0.446049
19 45 0 8 0.445198
37 65 0 8 0.444384
8 81 0 8 0.444287
3 81 0 8 0.442011
61 79 0 8 0.440127
66 83 0 8 0.438315
69 83 0 8 0.437215
47 69 0 8 0.436201
3 41 0 8 0.434370
54 63 0 8 0.434244
26 37 0 8 0.434075
51 64 0 8 0.433484
27 73 0 8 0.432976
6 61 0 8 0.432829
48 55 0 8 0.432712
26 81 0 8 0.432613
4 20 0 8 0.431944
21 31 0 8 0.430963
40 77 0 8 0.430540
18 23 0 8 0.429881
12 67 0 8 0.429305
46 74 0 8 0.425689
7 40 0 8 0.425354
20 39 0 8 0.422522
15 72 0 8 0.419557
47 74 0 8 0.419024
4 65 0 8 0.417342
26 75 0 8 0.417046
18 49 0 8 0.416513
4 13 0 8 0.415851
74 87 0 8 0.415226
37 80 0 8 0.414687
2 75 0 8 0.413441
38 43 0 8 0.413131
19 43 0 8 0.411994
32 55 0 8 0.408736
60 67 0 8 0.405613
53 63 0 8 0.404710
25 34 0 8 0.404393
15 62 0 8 0.403479
5 38 0 8 0.402653
24 43 0 8 0.402506
17 22 0 8 0.402140
43 77 0 8 0.399777
57 85 0 8 0.398706
18 47 0 8 0.397604
41 49 0 8 0.396771
6 38 0 8 0.396640
29 34 0 8 0.396626
23 42 0 8 0.395560
48 68 0 8 0.395273
52 86 0 8 0.394347
6 24 0 8 0.393716
43 72 0 8 0.387830
43 71 0 8 0.386111
53 81 0 8 0.384581
43 52 0 8 0.384521
45 73 0 8 0.382720
39 52 0 8 0.381191
29 44 0 8 0.380448
4 17 0 8 0.379313
11 29 0 8 0.379256
2 28 0 8 0.378802
23 60 0 8 0.374991
45 83 0 8 0.373504
15 68 0 8 0.370576
37 66 0 8 0.368050
22 33 0 8 0.367221
16 71 0 8 0.367113
67 86 0 8 0.367074
50 58 0 8 0.365497
6 21 0 8 0.364867
78 85 0 8 0.364739
12 86 0 8 0.363206
5 55 0 8 0.362749
19 87 0 8 0.360757
57 84 0 8 0.359146
58 73 0 8 0.355688
49 57 0 8 0.355644
28 41 0 8 0.354391
5 50 0 8 0.353931
41 87 0 8 0.351615
35 72 0 8 0.350781
40 59 0 8 0.350613
32 37 0 8 0.349020
8 17 0 8 0.348496
38 52 0 8 0.343391
68 81 0 8 0.342540
38 48 0 8 0.340489
38 70 0 8 0.339956
30 57 0 8 0.339931
7 14 0 8 0.337737
14 55 0 8 0.336093
38 77 0 8 0.334740
28 34 0 8 0.333991
19 24 0 8 0.333828
4 37 0 8 0.333719
31 68 0 8 0.333080
29 77 0 8 0.332809
14 61 0 8 0.332277
62 78 0 8 0.331735
3 76 0 8 0.330110
36 84 0 8 0.327759
70 84 0 8 0.323418
10 16 0 8 0.323261
73 84 0 8 0.323132
32 77 0 8 0.322013
23 41 0 8 0.321912
25 67 0 8 0.321871
2 39 0 8 0.321545
16 67 0 8 0.321050
12 39 0 8 0.318883
58 80 0 8 0.317873
8 37 0 8 0.316864
25 51 0 8 0.315691
70 87 0 8 0.315453
55 85 0 8 0.307190
39 60 0 8 0.306662
48 53 0 8 0.306263
2 44 0 8 0.305637
39 67 0 8 0.303536
34 47 0 8 0.303489
9 83 0 8 0.301873
50 63 0 8 0.301302
41 81 0 8 0.300797
46 73 0 8 0.299452
33 52 0 8 0.299326
31 55 0 8 0.298714
9 70 0 8 0.298422
10 38 0 8 0.296126
16 86 0 8 0.293963
50 79 0 8 0.293632
33 42 0 8 0.292992
2 59 0 8 0.289853
16 26 0 8 0.289618
71 83 0 8 0.288598
41 52 0 8 0.287495
72 83 0 8 0.285217
3 25 0 8 0.284630
43 78 0 8 0.284242
35 59 0 8 0.282758
24 51 0 8 0.282218
5 15 0 8 0.282063
2 18 0 8 0.281801
33 67 0 8 0.281756
21 87 0 8 0.281464
2 71 0 8 0.280696
24 30 0 8 0.279600
44 66 0 8 0.278735
7 21 0 8 0.277762
60 68 0 8 0.277714
27 34 0 8 0.275197
38 78 0 8 0.274616
55 69 0 8 0.273520
62 81 0 8 0.271753
46 60 0 8 0.271627
4 56 0 8 0.271460
57 77 0 8 0.270920
15 32 0 8 0.270291
36 51 0 8 0.268912
13 24 0 8 0.266654
52 80 0 8 0.266115
62 75 0 8 0.266042
59 87 0 8 0.263590
9 55 0 8 0.262971
53 60 0 8 0.262949
27 75 0 8 0.262358
27 49 0 8 0.260794
69 79 0 8 0.260318
2 56 0 8 0.259101
30 53 0 8 0.258833
10 24 0 8 0.256836
8 56 0 8 0.256345
11 44 0 8 0.256201
19 44 0 8 0.254917
23 46 0 8 0.251355
6 20 0 8 0.249859
30 49 0 8 0.249850
17 67 0 8 0.249094
7 78 0 8 0.248495
45 86 0 8 0.247540
18 67 0 8 0.245648
31 74 0 8 0.244706
46 86 0 8 0.243518
27 64 0 8 0.241998
33 77 0 8 0.241698
22 44 0 8 0.241150
11 28 0 8 0.239961
12 17 0 8 0.239666
44 77 0 8 0.239639
47 83 0 8 0.239068
32 54 0 8 0.237876
77 83 0 8 0.236820
11 17 0 8 0.235814
23 39 0 8 0.235747
52 87 0 8 0.235393
19 67 0 8 0.233656
5 75 0 8 0.233025
15 31 0 8 0.231900
30 78 0 8 0.231738
15 29 0 8 0.230810
13 59 0 8 0.229073
17 50 0 8 0.226731
11 86 0 8 0.226477
44 71 0 8 0.226189
5 34 0 8 0.226111
15 65 0 8 0.225485
14 52 0 8 0.225393
19 34 0 8 0.225215
48 70 0 8 0.222327
56 76 0 8 0.222306
38 54 0 8 0.221478
5 37 0 8 0.221443
5 68 0 8 0.220690
9 38 0 8 0.220255
24 81 0 8 0.219634
2 70 0 8 0.217368
17 73 0 8 0.216348
9 51 0 8 0.216238
8 14 0 8 0.215387
28 45 0 8 0.215143
67 75 0 8 0.214470
35 81 0 8 0.213077
72 80 0 8 0.211417
50 65 0 8 0.211003
79 87 0 8 0.208989
13 26 0 8 0.208838
14 80 0 8 0.207649
34 80 0 8 0.206241
42 78 0 8 0.206120
13 83 0 8 0.205854
30 86 0 8 0.205480
29 36 0 8 0.205174
30 65 0 8 0.204513
56 67 0 8 0.203832
47 57 0 8 0.203569
5 67 0 8 0.203265
6 70 0 8 0.202980
16 60 0 8 0.202871
6 30 0 8 0.202636
26 64 0 8 0.198312
34 78 0 8 0.197836
51 86 0 8 0.197672
23 70 0 8 0.196010
8 43 0 8 0.195870
30 76 0 8 0.194219
22 87 0 8 0.193451
14 31 0 8 0.192586
10 55 0 8 0.192570
27 70 0 8 0.191909
19 56 0 8 0.191829
48 81 0 8 0.189110
17 31 0 8 0.188942
57 87 0 8 0.188874
6 12 0 8 0.188260
6 49 0 8 0.187584
69 77 0 8 0.187311
20 53 0 8 0.186931
18 53 0 8 0.183565
15 41 0 8 0.182942
37 77 0 8 0.182209
51 72 0 8 0.181316
58 69 0 8 0.180984
10 82 0 8 0.180477
54 73 0 8 0.180052
2 85 0 8 0.179948
52 76 0 8 0.179712
35 70 0 8 0.179464
24 35 0 8 0.177951
26 49 0 8 0.177698
26 66 0 8 0.177260
30 82 0 8 0.175542
18 57 0 8 0.174992
26 47 0 8 0.174592
78 83 0 8 0.174017
70 86 0 8 0.173646
5 51 0 8 0.173335
43 51 0 8 0.172282
41 79 0 8 0.172189
13 33 0 8 0.172040
30 43 0 8 0.171725
6 31 0 8 0.170503
11 56 0 8 0.169650
23 72 0 8 0.167888
19 42 0 8 0.167267
47 85 0 8 0.166301
2 40 0 8 0.165387
10 70 0 8 0.164932
38 60 0 8 0.164601
64 87 0 8 0.162661
3 60 0 8 0.162659
47 67 0 8 0.161436
14 41 0 8 0.161374
29 51 0 8 0.160968
7 85 0 8 0.160036
62 73 0 8 0.158292
36 77 0 8 0.157343
33 41 0 8 0.154337
56 64 0 8 0.153553
4 64 0 8 0.152001
28 51 0 8 0.151454
6 27 0 8 0.151385
7 22 0 8 0.151107
37 87 0 8 0.150682
2 83 0 8 0.149716
33 70 0 8 0.149229
4 45 0 8 0.149065
48 75 0 8 0.147950
28 73 0 8 0.147519
4 61 0 8 0.146051
25 49 0 8 0.145989
6 28 0 8 0.145906
53 69 0 8 0.144766
24 42 0 8 0.143576
4 21 0 8 0.142195
19 85 0 8 0.141597
52 81 0 8 0.141005
45 68 0 8 0.140531
18 28 0 8 0.138815
58 85 0 8 0.138583
26 83 0 8 0.138169
4 53 0 8 0.137318
18 32 0 8 0.136706
23 77 0 8 0.136132
40 78 0 8 0.135796
30 42 0 8 0.135359
15 28 0 8 0.135242
4 26 0 8 0.134617
28 71 0 8 0.134035
67 87 0 8 0.133827
35 60 0 8 0.132934
68 85 0 8 0.131815
49 70 0 8 0.131690
26 69 0 8 0.131341
39 62 0 8 0.130324
45 53 0 8 0.130110
49 87 0 8 0.128769
58 75 0 8 0.128740
39 72 0 8 0.128615
33 49 0 8 0.128067
44 49 0 8 0.127889
18 72 0 8 0.127713
20 77 0 8 0.124337
5 64 0 8 0.124313
3 9 0 8 0.124128
38 81 0 8 0.123408
20 25 0 8 0.123385
51 65 0 8 0.122803
14 53 0 8 0.122375
13 74 0 8 0.121329
7 48 0 8 0.121242
8 50 0 8 0.120688
33 44 0 8 0.118265
7 76 0 8 0.117239
45 70 0 8 0.115299
57 62 0 8 0.114903
44 85 0 8 0.114839
71 84 0 8 0.113502
51 68 0 8 0.112067
44 65 0 8 0.111552
34 43 0 8 0.111436
35 87 0 8 0.111002
30 73 0 8 0.110865
54 72 0 8 0.110566
57 69 0 8 0.109959
46 51 0 8 0.109698
34 86 0 8 0.109523
6 74 0 8 0.108932
48 74 0 8 0.108670
26 87 0 8 0.106846
36 53 0 8 0.106817
39 87 0 8 0.106108
72 81 0 8 0.105802
16 39 0 8 0.105772
36 59 0 8 0.104828
42 69 0 8 0.104224
24 34 0 8 0.103859
61 67 0 8 0.103284
53 64 0 8 0.102579
40 55 0 8 0.102200
10 23 0 8 0.101578
21 86 0 8 0.099712
48 67 0 8 0.099414
15 49 0 8 0.099061
36 83 0 8 0.098572
12 57 0 8 0.098264
35 77 0 8 0.097800
24 80 0 8 0.096584
51 56 0 8 0.096022
28 58 0 8 0.095392
38 85 0 8 0.094932
36 43 0 8 0.093838
31 46 0 8 0.093662
29 73 0 8 0.092607
7 69 0 8 0.089720
62 76 0 8 0.089368
47 87 0 8 0.088501
17 68 0 8 0.088358
27 43 0 8 0.088271
9 49 0 8 0.087795
10 47 0 8 0.087537
33 85 0 8 0.086962
34 41 0 8 0.086950
38 56 0 8 0.085522
16 69 0 8 0.085445
21 62 0 8 0.085232
27 44 0 8 0.085079
22 58 0 8 0.083951
11 52 0 8 0.083240
4 22 0 8 0.082933
10 73 0 8 0.082571
25 38 0 8 0.082270
36 62 0 8 0.081877
47 81 0 8 0.081336
26 50 0 8 0.079766
14 23 0 8 0.078259
52 71 0 8 0.078154
37 69 0 8 0.077558
20 64 0 8 0.076478
6 33 0 8 0.076396
2 67 0 8 0.074888
4 36 0 8 0.074789
2 72 0 8 0.073578
56 69 0 8 0.073336
44 57 0 8 0.072428
13 40 0 8 0.072007
37 75 0 8 0.071835
25 55 0 8 0.068646
39 56 0 8 0.067846
23 55 0 8 0.067779
24 41 0 8 0.066919
53 79 0 8 0.065528
25 77 0 8 0.065186
56 84 0 8 0.064873
23 86 0 8 0.064332
40 87 0 8 0.064246
33 82 0 8 0.063780
22 52 0 8 0.063742
23 40 0 8 0.061943
3 46 0 8 0.061800
6 25 0 8 0.060464
7 47 0 8 0.060385
17 38 0 8 0.058372
33 72 0 8 0.057791
60 83 0 8 0.056796
55 83 0 8 0.056535
60 72 0 8 0.055235
72 84 0 8 0.054588
33 75 0 8 0.054394
34 73 0 8 0.051661
2 66 0 8 0.049146
10 22 0 8 0.048184
15 51 0 8 0.047367
40 75 0 8 0.046632
56 87 0 8 0.046630
55 66 0 8 0.046500
36 54 0 8 0.046259
29 55 0 8 0.046015
72 87 0 8 0.045934
6 55 0 8 0.045649
37 78 0 8 0.042248
48 73 0 8 0.041671
15 21 0 8 0.041656
31 85 0 8 0.041573
17 79 0 8 0.041415
14 58 0 8 0.039852
54 83 0 8 0.039286
46 62 0 8 0.037958
24 52 0 8 0.035000
40 50 0 8 0.034993
16 21 0 8 0.033255
40 70 0 8 0.032962
20 33 0 8 0.032851
77 82 0 8 0.031076
51 60 0 8 0.030711
31 80 0 8 0.030606
50 64 0 8 0.030053
32 51 0 8 0.029903
17 51 0 8 0.029751
29 52 0 8 0.029648
16 68 0 8 0.028897
53 71 0 8 0.028660
31 52 0 8 0.027363
31 54 0 8 0.027005
22 80 0 8 0.024679
52 64 0 8 0.024497
24 61 0 8 0.023523
22 64 0 8 0.023482
53 75 0 8 0.023063
20 43 0 8 0.022597
32 62 0 8 0.021924
14 56 0 8 0.021563
54 61 0 8 0.020940
11 30 0 8 0.019106
26 42 0 8 0.018788
36 61 0 8 0.018713
5 30 0 8 0.018027
50 85 0 8 0.016891
28 50 0 8 0.016812
23 81 0 8 0.016749
55 61 0 8 0.016467
12 54 0 8 0.016301
70 75 0 8 0.015795
18 60 0 8 0.014888
50 78 0 8 0.014799
74 81 0 8 0.014475
37 85 0 8 0.014093
18 39 0 8 0.013777
52 68 0 8 0.013566
51 63 0 8 0.013421
48 77 0 8 0.012904
31 45 0 8 0.012544
5 32 0 8 0.012065
45 60 0 8 0.011312
38 55 0 8 0.011074
22 51 0 8 0.010650
79 85 0 8 0.009218
35 41 0 8 0.008817
43 53 0 8 0.008731
24 82 0 8 0.008443
12 79 0 8 0.006324
58 70 0 8 0.005667
43 58 0 8 0.003620
31 50 0 8 0.001909
30 69 0 8 0.001531
1 6 0 8 0.000000
1 7 0 8 0.000000
1 8 0 8 0.000000
1 9 0 8 0.000000
1 10 0 8 0.000000
1 11 0 8 0.000000
1 12 0 8 0.000000
1 13 0 8 0.000000
1 14 0 8 0.000000
1 15 0 8 0.000000
1 16 0 8 0.000000
1 17 0 8 0.000000
1 18 0 8 0.000000
1 19 0 8 0.000000
1 20 0 8 0.000000
1 21 0 8 0.000000
1 22 0 8 0.000000
1 23 0 8 0.000000
1 24 0 8 0.000000
1 25 0 8 0.000000
1 26 0 8 0.000000
1 27 0 8 0.000000
1 28 0 8 0.000000
1 29 0 8 0.000000
1 30 0 8 0.000000
1 31 0 8 0.000000
1 32 0 8 0.000000
1 33 0 8 0.000000
1 34 0 8 0.000000
1 35 0 8 0.000000
1 36 0 8 0.000000
1 37 0 8 0.000000
1 38 0 8 0.000000
1 39 0 8 0.000000
1 40 0 8 0.000000
1 41 0 8 0.000000
1 42 0 8 0.000000
1 43 0 8 0.000000
1 44 0 8 0.000000
1 45 0 8 0.000000
1 46 0 8 0.000000
1 47 0 8 0.000000
1 48 0 8 0.000000
1 49 0 8 0.000000
1 50 0 8 0.000000
1 51 0 8 0.000000
1 52 0 8 0.000000
1 53 0 8 0.000000
1 54 0 8 0.000000
1 55 0 8 0.000000
1 56 0 8 0.000000
1 57 0 8 0.000000
1 58 0 8 0.000000
1 59 0 8 0.000000
1 60 0 8 0.000000
1 61 0 8 0.000000
1 62 0 8 0.000000
1 63 0 8 0.000000
1 64 0 8 0.000000
1 65 0 8 0.000000
1 66 0 8 0.000000
1 67 0 8 0.000000
1 68 0 8 0.000000
1 69 0 8 0.000000
1 70 0 8 0.000000
1 71 0 8 0.000000
1 72 0 8 0.000000
1 73 0 8 0.000000
1 74 0 8 0.000000
1 75 0 8 0.000000
1 76 0 8 0.000000
1 77 0 8 0.000000
1 78 0 8 0.000000
1 79 0 8 0.000000
1 80 0 8 0.000000
1 81 0 8 0.000000
1 82 0 8 0.000000
1 83 0 8 0.000000
1 84 0 8 0.000000
1 85 0 8 0.000000
1 86 0 8 0.000000
1 87 0 8 0.000000
16 47 0 8 -0.001328
17 57 0 8 -0.001769
53 58 0 8 -0.002389
21 56 0 8 -0.003423
58 78 0 8 -0.004449
25 44 0 8 -0.004546
11 55 0 8 -0.005175
37 49 0 8 -0.006660
70 85 0 8 -0.006766
17 83 0 8 -0.007223
18 63 0 8 -0.007299
30 55 0 8 -0.007596
29 70 0 8 -0.008012
3 21 0 8 -0.008849
18 40 0 8 -0.011458
55 86 0 8 -0.011648
17 75 0 8 -0.011771
49 78 0 8 -0.011895
29 69 0 8 -0.012353
2 64 0 8 -0.012659
30 77 0 8 -0.012912
66 73 0 8 -0.013548
71 85 0 8 -0.015334
30 51 0 8 -0.015821
63 73 0 8 -0.016077
38 76 0 8 -0.016367
60 85 0 8 -0.016576
59 81 0 8 -0.017811
8 66 0 8 -0.018173
62 85 0 8 -0.018272
53 82 0 8 -0.019311
26 41 0 8 -0.021619
23 50 0 8 -0.023824
18 79 0 8 -0.023831
9 50 0 8 -0.025438
65 81 0 8 -0.025772
21 32 0 8 -0.025965
20 46 0 8 -0.026084
11 57 0 8 -0.026896
14 60 0 8 -0.026933
21 83 0 8 -0.027127
49 80 0 8 -0.027329
8 30 0 8 -0.027820
23 29 0 8 -0.027834
36 48 0 8 -0.028087
13 31 0 8 -0.031335
23 43 0 8 -0.033304
65 85 0 8 -0.033868
7 52 0 8 -0.034493
14 48 0 8 -0.034999
7 70 0 8 -0.035647
2 53 0 8 -0.035764
17 85 0 8 -0.037017
25 76 0 8 -0.037051
34 60 0 8 -0.037229
25 81 0 8 -0.040351
55 64 0 8 -0.041755
17 44 0 8 -0.041851
8 55 0 8 -0.042229
30 47 0 8 -0.042476
58 86 0 8 -0.042639
8 84 0 8 -0.042765
26 77 0 8 -0.043880
50 76 0 8 -0.045528
17 53 0 8 -0.045679
7 64 0 8 -0.049111
6 35 0 8 -0.049623
14 22 0 8 -0.050342
4 14 0 8 -0.050612
4 67 0 8 -0.052071
48 72 0 8 -0.052158
2 78 0 8 -0.052341
27 62 0 8 -0.052450
14 87 0 8 -0.053088
24 66 0 8 -0.053107
62 77 0 8 -0.053833
42 47 0 8 -0.055024
5 84 0 8 -0.055402
2 26 0 8 -0.055640
3 71 0 8 -0.055794
52 58 0 8 -0.056188
45 57 0 8 -0.056210
9 54 0 8 -0.056274
25 52 0 8 -0.056480
2 51 0 8 -0.056561
28 38 0 8 -0.058022
34 56 0 8 -0.058669
10 37 0 8 -0.058856
41 84 0 8 -0.060135
16 61 0 8 -0.061554
48 83 0 8 -0.062194
15 22 0 8 -0.063313
14 20 0 8 -0.063552
25 69 0 8 -0.063959
66 85 0 8 -0.064367
22 65 0 8 -0.065322
18 77 0 8 -0.066950
6 39 0 8 -0.067004
65 70 0 8 -0.068062
18 25 0 8 -0.068701
36 78 0 8 -0.069206
6 29 0 8 -0.070132
24 78 0 8 -0.070244
38 69 0 8 -0.070640
51 59 0 8 -0.072328
52 69 0 8 -0.074029
39 73 0 8 -0.076028
8 58 0 8 -0.076405
56 77 0 8 -0.076639
9 19 0 8 -0.076893
51 76 0 8 -0.077111
29 38 0 8 -0.077826
14 35 0 8 -0.077883
17 24 0 8 -0.078216
34 74 0 8 -0.078786
32 41 0 8 -0.079200
31 77 0 8 -0.079475
15 24 0 8 -0.079585
10 72 0 8 -0.079829
10 15 0 8 -0.079882
34 55 0 8 -0.080189
2 47 0 8 -0.080438
19 51 0 8 -0.080693
13 45 0 8 -0.083031
46 77 0 8 -0.083270
33 87 0 8 -0.083687
2 54 0 8 -0.083710
20 54 0 8 -0.083773
41 65 0 8 -0.083966
14 40 0 8 -0.084395
46 56 0 8 -0.084475
54 67 0 8 -0.085870
11 74 0 8 -0.086593
25 87 0 8 -0.087829
38 83 0 8 -0.088411
18 34 0 8 -0.088499
26 74 0 8 -0.088550
18 85 0 8 -0.090764
47 62 0 8 -0.091718
5 43 0 8 -0.091994
20 57 0 8 -0.092285
23 52 0 8 -0.094072
47 61 0 8 -0.094531
54 80 0 8 -0.094652
40 47 0 8 -0.094916
21 76 0 8 -0.095076
17 87 0 8 -0.095631
13 56 0 8 -0.095651
31 87 0 8 -0.095678
20 67 0 8 -0.096037
38 67 0 8 -0.096660
39 54 0 8 -0.096674
34 44 0 8 -0.096853
9 52 0 8 -0.097377
6 40 0 8 -0.097810
51 62 0 8 -0.098583
62 70 0 8 -0.099644
46 87 0 8 -0.100633
40 62 0 8 -0.101869
48 71 0 8 -0.102165
14 65 0 8 -0.102206
3 26 0 8 -0.102569
5 72 0 8 -0.103015
2 76 0 8 -0.103469
3 23 0 8 -0.104227
9 45 0 8 -0.105967
48 85 0 8 -0.106302
14 27 0 8 -0.107497
72 78 0 8 -0.107695
36 49 0 8 -0.107908
38 46 0 8 -0.108165
54 86 0 8 -0.108168
6 15 0 8 -0.109215
8 57 0 8 -0.109574
22 35 0 8 -0.109765
7 45 0 8 -0.110186
18 66 0 8 -0.110278
17 70 0 8 -0.110332
22 31 0 8 -0.112222
13 76 0 8 -0.112903
4 51 0 8 -0.114861
44 78 0 8 -0.116112
28 55 0 8 -0.116688
31 47 0 8 -0.117929
27 38 0 8 -0.118545
3 12 0 8 -0.118693
56 80 0 8 -0.119737
29 39 0 8 -0.121777
18 73 0 8 -0.121987
13 49 0 8 -0.122126
34 69 0 8 -0.122163
20 52 0 8 -0.122553
28 44 0 8 -0.123066
54 85 0 8 -0.124863
21 79 0 8 -0.125264
44 52 0 8 -0.125338
15 67 0 8 -0.126287
7 72 0 8 -0.127172
47 80 0 8 -0.128281
67 81 0 8 -0.129637
10 50 0 8 -0.129983
44 58 0 8 -0.130070
15 73 0 8 -0.130753
41 77 0 8 -0.131305
16 81 0 8 -0.131823
21 49 0 8 -0.132526
48 80 0 8 -0.133902
62 72 0 8 -0.134803
3 31 0 8 -0.135184
5 52 0 8 -0.135636
55 70 0 8 -0.135843
23 68 0 8 -0.135985
6 69 0 8 -0.136071
24 73 0 8 -0.137620
16 53 0 8 -0.137805
8 27 0 8 -0.138263
2 32 0 8 -0.138750
26 86 0 8 -0.141518
11 41 0 8 -0.141720
32 87 0 8 -0.144076
3 18 0 8 -0.144269
64 72 0 8 -0.145289
3 10 0 8 -0.146075
26 61 0 8 -0.148243
56 68 0 8 -0.149128
53 72 0 8 -0.149341
15 64 0 8 -0.149799
66 76 0 8 -0.150739
3 29 0 8 -0.151627
25 82 0 8 -0.151643
48 54 0 8 -0.152396
32 47 0 8 -0.154083
3 39 0 8 -0.154456
20 47 0 8 -0.154577
8 19 0 8 -0.154755
3 74 0 8 -0.154879
47 66 0 8 -0.155719
4 70 0 8 -0.156831
18 36 0 8 -0.157678
30 35 0 8 -0.157840
46 70 0 8 -0.158177
45 79 0 8 -0.158486
19 49 0 8 -0.159186
80 87 0 8 -0.159630
52 73 0 8 -0.160109
15 43 0 8 -0.161044
9 80 0 8 -0.161302
5 12 0 8 -0.162672
50 67 0 8 -0.163517
42 53 0 8 -0.163634
3 82 0 8 -0.164623
7 51 0 8 -0.165535
26 57 0 8 -0.165722
17 30 0 8 -0.166168
3 51 0 8 -0.166471
5 74 0 8 -0.166559
44 64 0 8 -0.168572
49 71 0 8 -0.168977
20 49 0 8 -0.169112
14 81 0 8 -0.169475
17 41 0 8 -0.169668
4 59 0 8 -0.169672
10 69 0 8 -0.171246
12 36 0 8 -0.171391
19 63 0 8 -0.172241
38 64 0 8 -0.173352
3 44 0 8 -0.173408
25 31 0 8 -0.174779
57 82 0 8 -0.175283
35 57 0 8 -0.175449
28 54 0 8 -0.175525
31 78 0 8 -0.175559
40 84 0 8 -0.177659
34 54 0 8 -0.177727
47 53 0 8 -0.181671
15 52 0 8 -0.182078
9 33 0 8 -0.182766
66 75 0 8 -0.182817
19 65 0 8 -0.184140
44 55 0 8 -0.184309
2 31 0 8 -0.184965
31 56 0 8 -0.185445
2 22 0 8 -0.185698
36 70 0 8 -0.186851
9 30 0 8 -0.189066
43 56 0 8 -0.189774
45 74 0 8 -0.189852
17 54 0 8 -0.190954
21 72 0 8 -0.191376
47 86 0 8 -0.192642
37 63 0 8 -0.193001
2 23 0 8 -0.193724
66 71 0 8 -0.194208
47 79 0 8 -0.194410
7 86 0 8 -0.195139
51 85 0 8 -0.195533
44 72 0 8 -0.196401
2 38 0 8 -0.197612
65 80 0 8 -0.197703
33 39 0 8 -0.199645
5 39 0 8 -0.199984
11 42 0 8 -0.200156
13 29 0 8 -0.202260
24 69 0 8 -0.202754
25 54 0 8 -0.203129
48 60 0 8 -0.203286
6 37 0 8 -0.203415
30 81 0 8 -0.203543
37 73 0 8 -0.203871
13 71 0 8 -0.203872
33 53 0 8 -0.205146
67 85 0 8 -0.205267
21 77 0 8 -0.205700
3 79 0 8 -0.208129
2 79 0 8 -0.208754
6 60 0 8 -0.209151
60 70 0 8 -0.209746
45 78 0 8 -0.209931
66 72 0 8 -0.210055
19 27 0 8 -0.210587
3 28 0 8 -0.210731
23 85 0 8 -0.212818
65 71 0 8 -0.213795
71 77 0 8 -0.214834
4 41 0 8 -0.215432
22 72 0 8 -0.215445
2 35 0 8 -0.215486
37 71 0 8 -0.215712
11 73 0 8 -0.215824
51 74 0 8 -0.215930
13 52 0 8 -0.216028
31 51 0 8 -0.216185
2 69 0 8 -0.216486
7 79 0 8 -0.216966
22 27 0 8 -0.217121
26 40 0 8 -0.218117
3 54 0 8 -0.218135
4 58 0 8 -0.218277
22 57 0 8 -0.218752
12 26 0 8 -0.220069
19 35 0 8 -0.220163
4 28 0 8 -0.221382
8 87 0 8 -0.222044
35 85 0 8 -0.222263
26 78 0 8 -0.223411
16 46 0 8 -0.223556
67 73 0 8 -0.224258
56 66 0 8 -0.225543
30 39 0 8 -0.226113
56 85 0 8 -0.226230
38 45 0 8 -0.227289
8 82 0 8 -0.228031
42 83 0 8 -0.228768
2 30 0 8 -0.228949
74 85 0 8 -0.229588
70 78 0 8 -0.231351
55 87 0 8 -0.231751
63 84 0 8 -0.232179
11 79 0 8 -0.232793
64 79 0 8 -0.234404
34 45 0 8 -0.234528
15 27 0 8 -0.234635
52 85 0 8 -0.235971
29 83 0 8 -0.236584
28 82 0 8 -0.237823
17 49 0 8 -0.237843
40 52 0 8 -0.238400
15 55 0 8 -0.238475
64 85 0 8 -0.239480
19 54 0 8 -0.239564
4 71 0 8 -0.239751
32 58 0 8 -0.240493
29 84 0 8 -0.241395
30 37 0 8 -0.241862
22 29 0 8 -0.242334
71 86 0 8 -0.242480
20 78 0 8 -0.242540
9 17 0 8 -0.242830
10 25 0 8 -0.243123
49 65 0 8 -0.243389
75 85 0 8 -0.243607
20 85 0 8 -0.243841
61 86 0 8 -0.243956
24 85 0 8 -0.244401
41 85 0 8 -0.244431
6 48 0 8 -0.245461
6 76 0 8 -0.245479
13 32 0 8 -0.245823
56 70 0 8 -0.246799
8 77 0 8 -0.246850
43 85 0 8 -0.246918
19 80 0 8 -0.251828
18 33 0 8 -0.252122
4 30 0 8 -0.252975
18 56 0 8 -0.253082
55 81 0 8 -0.253487
5 58 0 8 -0.253498
23 32 0 8 -0.253684
10 17 0 8 -0.255305
2 84 0 8 -0.256082
10 19 0 8 -0.256156
29 63 0 8 -0.258059
13 46 0 8 -0.258407
21 38 0 8 -0.258878
11 22 0 8 -0.259572
2 48 0 8 -0.260809
8 23 0 8 -0.263270
11 83 0 8 -0.263394
9 31 0 8 -0.264536
15 44 0 8 -0.265092
33 73 0 8 -0.265239
76 83 0 8 -0.265614
32 57 0 8 -0.265870
6 87 0 8 -0.266132
14 54 0 8 -0.266299
39 61 0 8 -0.266728
3 30 0 8 -0.266916
50 69 0 8 -0.267681
21 43 0 8 -0.268454
27 60 0 8 -0.268845
8 54 0 8 -0.269254
22 49 0 8 -0.270318
24 44 0 8 -0.271281
28 79 0 8 -0.272128
24 31 0 8 -0.272162
49 82 0 8 -0.272985
58 81 0 8 -0.273497
40 72 0 8 -0.273673
70 77 0 8 -0.273915
36 42 0 8 -0.273922
10 44 0 8 -0.275517
48 79 0 8 -0.276200
58 72 0 8 -0.278364
3 38 0 8 -0.278664
52 63 0 8 -0.279844
23 84 0 8 -0.280344
20 87 0 8 -0.280692
23 67 0 8 -0.281124
34 52 0 8 -0.281543
53 83 0 8 -0.282210
27 33 0 8 -0.282535
38 51 0 8 -0.282835
55 80 0 8 -0.283342
5 13 0 8 -0.283430
2 17 0 8 -0.283633
29 48 0 8 -0.283755
54 74 0 8 -0.284062
4 39 0 8 -0.284441
35 82 0 8 -0.284658
16 55 0 8 -0.285466
3 85 0 8 -0.285648
25 65 0 8 -0.286315
11 34 0 8 -0.287915
53 77 0 8 -0.288462
43 69 0 8 -0.288787
52 83 0 8 -0.289804
34 71 0 8 -0.290049
13 42 0 8 -0.290615
24 71 0 8 -0.291110
19 50 0 8 -0.291696
22 39 0 8 -0.292801
18 78 0 8 -0.293505
27 61 0 8 -0.293755
22 69 0 8 -0.294287
3 11 0 8 -0.295386
26 76 0 8 -0.295662
35 51 0 8 -0.296187
14 33 0 8 -0.296752
31 82 0 8 -0.298110
4 85 0 8 -0.299539
25 84 0 8 -0.299581
20 75 0 8 -0.299777
29 87 0 8 -0.299954
36 80 0 8 -0.299990
25 74 0 8 -0.300139
26 53 0 8 -0.300677
2 86 0 8 -0.301440
58 63 0 8 -0.301699
19 86 0 8 -0.303621
58 77 0 8 -0.304764
72 85 0 8 -0.305570
16 49 0 8 -0.305624
17 56 0 8 -0.306344
29 42 0 8 -0.307159
5 44 0 8 -0.307774
12 52 0 8 -0.308458
65 86 0 8 -0.308543
6 43 0 8 -0.308555
7 28 0 8 -0.308980
42 68 0 8 -0.309267
36 71 0 8 -0.310352
4 72 0 8 -0.311401
66 79 0 8 -0.311429
12 30 0 8 -0.311577
54 68 0 8 -0.312583
14 36 0 8 -0.312675
43 65 0 8 -0.313304
30 59 0 8 -0.313393
40 81 0 8 -0.314253
52 70 0 8 -0.314337
45 54 0 8 -0.314345
39 75 0 8 -0.314729
27 52 0 8 -0.316128
7 59 0 8 -0.316947
42 75 0 8 -0.317169
13 28 0 8 -0.317924
55 74 0 8 -0.318448
15 30 0 8 -0.318529
11 76 0 8 -0.319278
12 27 0 8 -0.319518
44 79 0 8 -0.319658
33 62 0 8 -0.319840
26 39 0 8 -0.320819
16 78 0 8 -0.321247
25 60 0 8 -0.321251
35 74 0 8 -0.321592
42 80 0 8 -0.322048
2 52 0 8 -0.322311
11 75 0 8 -0.322464
30 60 0 8 -0.322683
44 86 0 8 -0.324796
13 23 0 8 -0.325369
30 83 0 8 -0.326195
4 79 0 8 -0.326288
23 44 0 8 -0.326618
33 47 0 8 -0.327245
24 87 0 8 -0.327677
61 69 0 8 -0.327875
64 74 0 8 -0.329052
47 71 0 8 -0.329880
40 80 0 8 -0.329881
12 41 0 8 -0.330650
2 15 0 8 -0.330693
16 25 0 8 -0.330791
22 62 0 8 -0.331062
25 36 0 8 -0.331446
38 75 0 8 -0.331729
17 36 0 8 -0.332002
58 82 0 8 -0.332384
45 81 0 8 -0.332898
27 58 0 8 -0.333296
42 70 0 8 -0.333970
2 73 0 8 -0.334661
79 84 0 8 -0.334931
28 70 0 8 -0.335037
59 77 0 8 -0.335042
17 37 0 8 -0.335640
43 75 0 8 -0.335930
17 81 0 8 -0.335947
53 78 0 8 -0.336224
4 18 0 8 -0.336533
68 82 0 8 -0.336788
35 65 0 8 -0.337156
77 87 0 8 -0.337198
30 64 0 8 -0.337546
21 74 0 8 -0.337655
54 81 0 8 -0.339313
40 79 0 8 -0.339639
19 76 0 8 -0.339692
3 86 0 8 -0.340186
57 79 0 8 -0.340592
18 27 0 8 -0.340633
42 55 0 8 -0.340751
17 48 0 8 -0.340970
13 20 0 8 -0.341650
6 11 0 8 -0.341738
64 71 0 8 -0.341749
3 45 0 8 -0.341932
16 85 0 8 -0.342504
2 10 0 8 -0.342567
10 56 0 8 -0.344418
23 64 0 8 -0.344469
6 18 0 8 -0.344615
25 72 0 8 -0.344766
9 20 0 8 -0.345838
4 60 0 8 -0.345889
41 69 0 8 -0.347394
35 73 0 8 -0.347462
20 83 0 8 -0.347619
60 71 0 8 -0.348109
4 54 0 8 -0.348281
17 64 0 8 -0.348294
34 42 0 8 -0.348507
8 44 0 8 -0.349039
37 45 0 8 -0.350488
6 72 0 8 -0.352327
42 63 0 8 -0.352628
19 47 0 8 -0.353695
2 19 0 8 -0.353935
27 53 0 8 -0.354200
4 73 0 8 -0.354604
19 55 0 8 -0.354706
49 56 0 8 -0.355289
21 73 0 8 -0.355469
45 76 0 8 -0.355754
17 63 0 8 -0.356823
11 24 0 8 -0.357182
58 87 0 8 -0.357254
19 77 0 8 -0.359752
19 68 0 8 -0.360885
22 48 0 8 -0.360955
32 85 0 8 -0.361049
7 74 0 8 -0.361115
22 71 0 8 -0.361474
2 65 0 8 -0.361763
25 42 0 8 -0.362084
35 69 0 8 -0.362670
58 68 0 8 -0.362743
13 36 0 8 -0.363080
14 34 0 8 -0.363508
20 56 0 8 -0.363759
46 71 0 8 -0.363986
12 85 0 8 -0.364158
51 69 0 8 -0.364777
4 49 0 8 -0.365642
57 64 0 8 -0.365905
25 85 0 8 -0.366413
13 68 0 8 -0.366898
30 85 0 8 -0.367784
74 80 0 8 -0.367876
6 52 0 8 -0.367919
15 58 0 8 -0.368988
26 52 0 8 -0.369931
7 58 0 8 -0.370527
39 77 0 8 -0.370742
41 57 0 8 -0.371100
50 55 0 8 -0.371255
30 87 0 8 -0.371302
17 46 0 8 -0.371328
11 70 0 8 -0.371333
55 72 0 8 -0.371612
7 68 0 8 -0.371825
36 44 0 8 -0.372095
44 63 0 8 -0.372107
35 61 0 8 -0.372743
35 52 0 8 -0.372874
5 28 0 8 -0.372971
11 33 0 8 -0.373527
2 55 0 8 -0.373743
20 50 0 8 -0.373928
29 65 0 8 -0.374411
11 21 0 8 -0.375359
17 23 0 8 -0.375564
60 78 0 8 -0.376313
22 28 0 8 -0.376799
29 64 0 8 -0.376931
2 25 0 8 -0.377394
34 87 0 8 -0.377681
9 87 0 8 -0.379001
30 54 0 8 -0.379477
7 67 0 8 -0.379775
17 43 0 8 -0.380550
27 65 0 8 -0.380946
11 65 0 8 -0.382252
40 56 0 8 -0.382455
48 57 0 8 -0.382621
35 79 0 8 -0.383213
27 78 0 8 -0.383929
5 18 0 8 -0.385354
49 76 0 8 -0.385583
33 56 0 8 -0.385884
26 35 0 8 -0.385960
35 49 0 8 -0.386167
14 77 0 8 -0.386613
51 67 0 8 -0.386763
10 30 0 8 -0.387888
55 71 0 8 -0.388061
21 30 0 8 -0.388697
20 72 0 8 -0.389055
49 86 0 8 -0.390162
33 69 0 8 -0.390985
25 68 0 8 -0.391125
19 40 0 8 -0.391166
11 26 0 8 -0.391357
48 56 0 8 -0.392587
40 63 0 8 -0.392654
56 73 0 8 -0.392791
28 65 0 8 -0.393139
16 40 0 8 -0.394341
46 55 0 8 -0.394588
26 67 0 8 -0.396232
5 33 0 8 -0.396372
6 78 0 8 -0.397683
46 54 0 8 -0.398513
18 41 0 8 -0.398517
18 30 0 8 -0.398524
27 85 0 8 -0.398670
28 77 0 8 -0.398713
25 32 0 8 -0.400373
55 77 0 8 -0.401296
10 67 0 8 -0.401394
7 65 0 8 -0.402754
35 78 0 8 -0.403582
8 13 0 8 -0.404800
47 54 0 8 -0.405026
33 80 0 8 -0.405078
49 85 0 8 -0.405450
6 79 0 8 -0.405914
7 55 0 8 -0.405956
21 85 0 8 -0.406832
34 40 0 8 -0.407125
58 79 0 8 -0.407223
38 87 0 8 -0.407484
29 41 0 8 -0.407594
28 60 0 8 -0.407827
4 47 0 8 -0.407855
24 56 0 8 -0.408364
24 63 0 8 -0.408428
51 71 0 8 -0.408746
2 13 0 8 -0.410735
27 83 0 8 -0.411076
51 80 0 8 -0.411241
39 69 0 8 -0.411405
32 84 0 8 -0.411846
36 41 0 8 -0.413242
7 87 0 8 -0.414075
37 55 0 8 -0.414270
31 71 0 8 -0.414661
11 67 0 8 -0.415013
65 74 0 8 -0.415125
30 44 0 8 -0.415319
8 63 0 8 -0.416219
23 74 0 8 -0.416276
18 62 0 8 -0.416965
34 64 0 8 -0.417388
7 12 0 8 -0.417662
15 57 0 8 -0.418439
29 50 0 8 -0.419219
25 78 0 8 -0.419866
2 82 0 8 -0.420062
13 86 0 8 -0.421586
18 81 0 8 -0.422188
25 63 0 8 -0.424586
45 50 0 8 -0.424991
73 85 0 8 -0.425517
35 56 0 8 -0.426143
70 80 0 8 -0.426211
16 52 0 8 -0.426253
17 65 0 8 -0.427088
11 39 0 8 -0.427134
20 86 0 8 -0.427194
75 80 0 8 -0.427635
29 49 0 8 -0.427988
3 64 0 8 -0.428160
32 82 0 8 -0.428570
20 58 0 8 -0.429013
2 16 0 8 -0.430799
59 65 0 8 -0.432499
7 18 0 8 -0.432601
39 83 0 8 -0.433444
19 32 0 8 -0.433844
53 80 0 8 -0.434199
37 50 0 8 -0.434636
46 72 0 8 -0.435190
52 79 0 8 -0.435663
29 79 0 8 -0.435872
14 45 0 8 -0.436497
3 58 0 8 -0.436581
2 11 0 8 -0.436731
31 65 0 8 -0.436763
38 86 0 8 -0.436887
6 54 0 8 -0.439395
14 25 0 8 -0.439438
28 52 0 8 -0.441036
18 31 0 8 -0.441442
6 85 0 8 -0.442083
15 48 0 8 -0.442392
60 75 0 8 -0.442800
29 45 0 8 -0.443438
3 20 0 8 -0.443474
6 45 0 8 -0.444443
20 81 0 8 -0.445759
11 18 0 8 -0.445988
22 54 0 8 -0.447528
52 60 0 8 -0.447859
21 29 0 8 -0.448999
45 84 0 8 -0.449424
43 59 0 8 -0.451162
34 51 0 8 -0.452720
19 53 0 8 -0.453085
37 48 0 8 -0.453189
8 26 0 8 -0.453550
31 48 0 8 -0.453728
52 61 0 8 -0.454676
12 29 0 8 -0.455590
36 52 0 8 -0.456203
2 43 0 8 -0.456423
36 63 0 8 -0.456988
57 67 0 8 -0.457037
6 64 0 8 -0.457650
52 74 0 8 -0.457671
51 77 0 8 -0.457904
5 59 0 8 -0.460153
24 45 0 8 -0.460241
26 51 0 8 -0.460465
12 38 0 8 -0.460640
6 77 0 8 -0.461678
20 84 0 8 -0.461991
24 62 0 8 -0.462982
13 51 0 8 -0.463101
51 66 0 8 -0.463208
36 75 0 8 -0.463718
55 76 0 8 -0.465181
56 78 0 8 -0.465473
13 61 0 8 -0.465635
54 84 0 8 -0.466350
32 52 0 8 -0.466417
23 56 0 8 -0.466433
15 34 0 8 -0.467063
11 72 0 8 -0.468258
5 14 0 8 -0.468293
36 64 0 8 -0.468713
54 71 0 8 -0.468797
27 48 0 8 -0.469322
42 87 0 8 -0.471926
14 37 0 8 -0.472188
2 41 0 8 -0.473246
17 76 0 8 -0.473337
13 44 0 8 -0.473839
41 75 0 8 -0.474100
6 51 0 8 -0.474283
49 75 0 8 -0.475003
42 52 0 8 -0.475040
23 79 0 8 -0.475140
64 70 0 8 -0.476323
58 71 0 8 -0.476503
52 72 0 8 -0.476597
21 70 0 8 -0.476683
59 84 0 8 -0.476897
4 24 0 8 -0.477171
36 85 0 8 -0.477236
7 54 0 8 -0.478049
15 84 0 8 -0.479681
46 85 0 8 -0.479712
55 65 0 8 -0.480013
18 44 0 8 -0.480082
21 51 0 8 -0.480134
26 56 0 8 -0.480137
4 27 0 8 -0.481199
23 54 0 8 -0.481224
28 43 0 8 -0.482391
35 48 0 8 -0.483168
25 59 0 8 -0.483338
4 75 0 8 -0.483350
26 48 0 8 -0.483489
29 76 0 8 -0.483822
36 56 0 8 -0.484087
29 53 0 8 -0.484464
52 75 0 8 -0.484593
61 66 0 8 -0.484711
21 59 0 8 -0.485298
7 49 0 8 -0.485340
10 49 0 8 -0.486202
30 52 0 8 -0.486339
22 55 0 8 -0.487580
9 73 0 8 -0.487582
33 54 0 8 -0.487781
9 34 0 8 -0.488057
5 79 0 8 -0.488212
24 53 0 8 -0.488552
3 50 0 8 -0.489643
32 38 0 8 -0.489856
6 62 0 8 -0.490294
15 45 0 8 -0.491400
57 72 0 8 -0.492106
10 43 0 8 -0.492521
44 54 0 8 -0.492626
41 67 0 8 -0.493465
54 66 0 8 -0.493609
13 39 0 8 -0.493915
75 86 0 8 -0.494381
15 54 0 8 -0.496177
9 66 0 8 -0.496229
14 43 0 8 -0.497205
13 81 0 8 -0.497267
26 79 0 8 -0.497721
11 38 0 8 -0.497803
47 73 0 8 -0.499041
35 84 0 8 -0.499123
14 67 0 8 -0.499860
47 63 0 8 -0.500579
49 83 0 8 -0.500611
3 68 0 8 -0.500778
40 45 0 8 -0.501084
44 84 0 8 -0.501497
4 57 0 8 -0.501824
28 81 0 8 -0.502839
69 80 0 8 -0.503313
37 70 0 8 -0.503365
17 77 0 8 -0.503988
69 86 0 8 -0.504224
41 50 0 8 -0.504569
51 84 0 8 -0.504688
15 33 0 8 -0.505014
23 51 0 8 -0.505671
71 78 0 8 -0.505712
27 67 0 8 -0.506267
12 37 0 8 -0.506826
43 87 0 8 -0.506993
44 87 0 8 -0.507529
18 54 0 8 -0.507619
17 60 0 8 -0.507781
60 86 0 8 -0.509195
60 69 0 8 -0.509627
13 54 0 8 -0.509822
14 66 0 8 -0.510297
24 54 0 8 -0.510552
22 85 0 8 -0.510634
25 79 0 8 -0.510913
60 79 0 8 -0.511746
36 55 0 8 -0.512405
28 86 0 8 -0.512424
17 78 0 8 -0.512595
2 9 0 8 -0.512756
17 55 0 8 -0.512929
2 49 0 8 -0.513130
13 57 0 8 -0.513624
37 58 0 8 -0.513690
8 71 0 8 -0.515127
46 63 0 8 -0.516320
36 58 0 8 -0.517303
18 35 0 8 -0.518587
54 79 0 8 -0.518645
40 73 0 8 -0.521118
2 61 0 8 -0.521218
17 29 0 8 -0.521679
26 85 0 8 -0.523007
67 83 0 8 -0.523514
25 41 0 8 -0.524447
42 74 0 8 -0.525110
13 25 0 8 -0.525467
18 50 0 8 -0.526209
23 49 0 8 -0.527721
20 26 0 8 -0.527794
57 80 0 8 -0.527859
3 62 0 8 -0.528085
21 53 0 8 -0.528554
5 31 0 8 -0.529084
15 81 0 8 -0.529225
12 20 0 8 -0.530308
22 60 0 8 -0.530582
23 48 0 8 -0.531009
25 73 0 8 -0.531234
13 53 0 8 -0.532131
27 35 0 8 -0.532577
33 60 0 8 -0.532698
48 62 0 8 -0.532807
41 54 0 8 -0.533951
60 77 0 8 -0.534127
77 85 0 8 -0.534756
4 44 0 8 -0.534842
5 49 0 8 -0.535754
36 47 0 8 -0.535841
3 55 0 8 -0.536385
54 76 0 8 -0.536654
48 63 0 8 -0.536679
43 55 0 8 -0.536794
23 87 0 8 -0.537288
28 46 0 8 -0.537327
51 79 0 8 -0.537610
31 44 0 8 -0.537987
13 55 0 8 -0.538468
4 55 0 8 -0.538479
22 73 0 8 -0.538520
53 66 0 8 -0.539305
57 73 0 8 -0.539583
55 62 0 8 -0.539876
49 79 0 8 -0.540390
37 52 0 8 -0.540597
11 45 0 8 -0.540923
33 38 0 8 -0.540944
27 84 0 8 -0.541438
34 49 0 8 -0.541645
9 75 0 8 -0.542339
67 80 0 8 -0.542366
53 73 0 8 -0.542492
37 76 0 8 -0.543238
8 59 0 8 -0.543477
62 79 0 8 -0.544134
24 86 0 8 -0.544377
46 58 0 8 -0.544432
17 74 0 8 -0.544543
13 70 0 8 -0.544591
46 53 0 8 -0.545099
20 38 0 8 -0.545746
13 27 0 8 -0.546406
5 26 0 8 -0.547768
45 77 0 8 -0.549156
31 41 0 8 -0.549256
17 58 0 8 -0.550476
55 75 0 8 -0.551239
74 83 0 8 -0.551647
2 8 0 8 -0.552703
30 61 0 8 -0.552874
7 38 0 8 -0.554605
30 66 0 8 -0.554784
5 19 0 8 -0.556123
25 50 0 8 -0.556266
28 85 0 8 -0.556580
29 54 0 8 -0.556893
76 81 0 8 -0.557428
8 76 0 8 -0.559272
18 59 0 8 -0.559611
49 69 0 8 -0.560827
34 77 0 8 -0.561298
51 87 0 8 -0.561801
10 57 0 8 -0.562683
55 79 0 8 -0.563457
41 60 0 8 -0.564451
42 50 0 8 -0.564840
31 40 0 8 -0.565648
20 65 0 8 -0.566339
48 76 0 8 -0.567502
30 50 0 8 -0.568416
23 83 0 8 -0.568631
2 34 0 8 -0.568849
10 26 0 8 -0.569914
7 56 0 8 -0.570082
22 86 0 8 -0.571200
3 53 0 8 -0.571643
57 63 0 8 -0.572400
39 79 0 8 -0.572687
63 70 0 8 -0.573988
13 65 0 8 -0.574624
37 60 0 8 -0.575564
43 79 0 8 -0.576594
13 77 0 8 -0.576891
2 14 0 8 -0.577095
33 40 0 8 -0.577935
38 65 0 8 -0.578632
29 85 0 8 -0.578640
79 86 0 8 -0.578988
33 58 0 8 -0.579239
38 63 0 8 -0.579407
34 79 0 8 -0.579789
3 52 0 8 -0.580623
46 82 0 8 -0.580851
20 51 0 8 -0.580891
29 58 0 8 -0.581039
12 53 0 8 -0.581414
3 14 0 8 -0.581467
3 15 0 8 -0.582205
5 57 0 8 -0.582301
24 49 0 8 -0.582468
17 47 0 8 -0.582860
12 73 0 8 -0.584780
53 74 0 8 -0.585028
28 59 0 8 -0.585708
2 81 0 8 -0.586529
7 32 0 8 -0.586584
49 72 0 8 -0.587349
12 47 0 8 -0.588158
53 67 0 8 -0.588307
16 76 0 8 -0.588310
33 71 0 8 -0.588438
36 57 0 8 -0.588709
29 47 0 8 -0.588742
57 66 0 8 -0.589449
71 79 0 8 -0.590470
21 82 0 8 -0.591477
63 75 0 8 -0.591733
38 47 0 8 -0.592844
12 70 0 8 -0.592919
22 81 0 8 -0.593135
42 56 0 8 -0.593550
52 65 0 8 -0.593965
41 73 0 8 -0.595453
13 30 0 8 -0.597069
12 24 0 8 -0.597789
72 86 0 8 -0.597961
47 77 0 8 -0.598186
21 54 0 8 -0.598366
32 45 0 8 -0.598626
44 51 0 8 -0.598693
11 77 0 8 -0.598743
9 71 0 8 -0.599862
28 87 0 8 -0.600273
12 22 0 8 -0.600691
19 75 0 8 -0.600948
26 43 0 8 -0.600998
24 58 0 8 -0.601935
22 56 0 8 -0.602376
14 21 0 8 -0.602469
7 13 0 8 -0.602705
2 45 0 8 -0.602808
16 35 0 8 -0.602865
12 63 0 8 -0.604151
19 72 0 8 -0.604181
53 87 0 8 -0.605602
35 76 0 8 -0.605842
9 81 0 8 -0.606022
42 54 0 8 -0.606481
6 22 0 8 -0.606986
24 50 0 8 -0.607069
8 35 0 8 -0.608928
12 81 0 8 -0.609278
2 50 0 8 -0.609591
52 78 0 8 -0.609609
50 87 0 8 -0.610124
25 86 0 8 -0.610757
17 71 0 8 -0.611360
39 85 0 8 -0.612189
14 72 0 8 -0.612421
40 58 0 8 -0.612592
26 54 0 8 -0.613516
7 77 0 8 -0.613534
2 21 0 8 -0.615231
24 57 0 8 -0.615249
2 68 0 8 -0.615918
12 50 0 8 -0.615950
39 53 0 8 -0.615989
44 81 0 8 -0.616331
78 86 0 8 -0.617477
35 43 0 8 -0.617991
20 73 0 8 -0.618424
3 34 0 8 -0.618490
3 17 0 8 -0.619102
13 47 0 8 -0.619678
18 74 0 8 -0.620458
65 72 0 8 -0.622140
78 87 0 8 -0.622187
3 43 0 8 -0.623912
46 64 0 8 -0.625432
21 64 0 8 -0.625830
13 82 0 8 -0.626467
16 70 0 8 -0.626645
21 81 0 8 -0.627151
56 62 0 8 -0.627779
21 69 0 8 -0.629408
11 78 0 8 -0.629545
4 48 0 8 -0.630266
21 61 0 8 -0.630690
62 82 0 8 -0.631276
10 51 0 8 -0.631386
35 47 0 8 -0.631435
50 70 0 8 -0.632767
16 54 0 8 -0.632834
14 70 0 8 -0.633473
43 66 0 8 -0.633707
46 84 0 8 -0.633891
37 54 0 8 -0.633978
17 33 0 8 -0.634593
8 22 0 8 -0.635399
64 84 0 8 -0.635847
69 85 0 8 -0.635950
44 53 0 8 -0.636600
32 64 0 8 -0.637215
32 66 0 8 -0.637715
73 82 0 8 -0.639167
27 81 0 8 -0.640756
64 78 0 8 -0.641483
19 48 0 8 -0.642913
13 58 0 8 -0.642925
32 86 0 8 -0.643024
76 87 0 8 -0.643757
39 70 0 8 -0.644557
11 47 0 8 -0.645594
26 55 0 8 -0.646231
30 79 0 8 -0.646489
21 75 0 8 -0.649084
22 45 0 8 -0.651908
61 72 0 8 -0.652781
31 67 0 8 -0.653018
51 73 0 8 -0.655113
62 86 0 8 -0.655306
69 78 0 8 -0.657155
32 53 0 8 -0.658269
31 60 0 8 -0.659135
42 67 0 8 -0.660000
37 81 0 8 -0.660115
18 37 0 8 -0.660764
17 26 0 8 -0.662074
19 79 0 8 -0.662338
6 53 0 8 -0.662548
2 57 0 8 -0.662694
69 84 0 8 -0.663050
54 64 0 8 -0.664472
9 32 0 8 -0.666447
33 51 0 8 -0.666492
10 53 0 8 -0.667817
38 58 0 8 -0.668248
3 32 0 8 -0.668458
36 79 0 8 -0.672552
4 50 0 8 -0.672632
32 39 0 8 -0.673670
24 55 0 8 -0.673866
30 40 0 8 -0.675049
10 41 0 8 -0.676492
69 82 0 8 -0.679460
17 34 0 8 -0.679750
5 85 0 8 -0.679890
5 25 0 8 -0.680895
10 64 0 8 -0.682712
28 40 0 8 -0.683096
6 17 0 8 -0.685946
56 86 0 8 -0.686219
74 79 0 8 -0.686787
71 80 0 8 -0.687094
49 62 0 8 -0.687970
34 82 0 8 -0.688762
18 87 0 8 -0.689254
33 86 0 8 -0.690094
3 87 0 8 -0.690854
7 24 0 8 -0.691769
12 78 0 8 -0.693774
8 53 0 8 -0.694877
41 53 0 8 -0.694943
42 57 0 8 -0.695629
54 78 0 8 -0.696037
40 53 0 8 -0.697902
17 66 0 8 -0.698107
10 65 0 8 -0.698558
69 81 0 8 -0.700535
20 48 0 8 -0.700678
34 53 0 8 -0.702732
37 57 0 8 -0.702974
29 43 0 8 -0.703093
46 52 0 8 -0.704253
10 32 0 8 -0.704410
12 64 0 8 -0.704483
4 69 0 8 -0.706074
27 51 0 8 -0.706507
47 75 0 8 -0.707651
36 72 0 8 -0.709176
45 58 0 8 -0.709220
45 65 0 8 -0.709290
4 80 0 8 -0.709513
9 79 0 8 -0.709915
11 43 0 8 -0.710533
53 62 0 8 -0.711137
71 81 0 8 -0.711385
6 26 0 8 -0.712165
30 75 0 8 -0.712707
62 68 0 8 -0.712949
3 66 0 8 -0.713290
19 70 0 8 -0.713758
23 35 0 8 -0.714177
3 61 0 8 -0.714592
21 34 0 8 -0.715005
50 75 0 8 -0.715611
45 52 0 8 -0.716358
49 81 0 8 -0.716872
9 35 0 8 -0.718246
54 77 0 8 -0.718534
24 60 0 8 -0.718910
9 23 0 8 -0.719198
8 85 0 8 -0.719460
24 64 0 8 -0.719611
50 71 0 8 -0.719632
58 66 0 8 -0.719915
15 69 0 8 -0.722234
41 64 0 8 -0.722521
24 37 0 8 -0.722867
10 48 0 8 -0.723210
4 11 0 8 -0.723313
43 62 0 8 -0.724005
19 29 0 8 -0.724957
24 84 0 8 -0.725500
56 81 0 8 -0.726607
16 83 0 8 -0.726998
12 71 0 8 -0.727745
26 68 0 8 -0.728094
6 13 0 8 -0.728332
8 72 0 8 -0.728431
5 27 0 8 -0.729012
50 74 0 8 -0.729206
51 75 0 8 -0.730370
39 59 0 8 -0.730615
9 60 0 8 -0.731237
33 79 0 8 -0.732202
6 65 0 8 -0.732291
56 74 0 8 -0.732807
21 55 0 8 -0.732900
3 72 0 8 -0.733037
55 68 0 8 -0.733451
61 80 0 8 -0.735090
5 23 0 8 -0.739189
45 71 0 8 -0.739293
15 85 0 8 -0.740619
25 64 0 8 -0.740977
43 54 0 8 -0.741322
19 26 0 8 -0.742611
16 32 0 8 -0.742624
10 71 0 8 -0.742651
70 83 0 8 -0.742827
40 57 0 8 -0.743075
43 68 0 8 -0.744011
15 40 0 8 -0.744432
20 30 0 8 -0.744616
36 45 0 8 -0.744667
27 86 0 8 -0.744937
42 71 0 8 -0.745591
15 25 0 8 -0.745958
54 82 0 8 -0.747022
8 33 0 8 -0.747445
63 79 0 8 -0.747859
6 44 0 8 -0.748290
62 87 0 8 -0.748598
22 66 0 8 -0.748912
41 70 0 8 -0.749381
6 50 0 8 -0.749834
6 86 0 8 -0.749981
19 31 0 8 -0.751144
8 69 0 8 -0.751625
55 63 0 8 -0.751715
49 77 0 8 -0.752446
14 83 0 8 -0.752490
10 52 0 8 -0.753282
2 42 0 8 -0.753519
30 67 0 8 -0.753531
6 67 0 8 -0.754108
51 81 0 8 -0.755600
27 47 0 8 -0.755669
18 55 0 8 -0.756326
18 69 0 8 -0.757148
9 21 0 8 -0.758083
24 38 0 8 -0.759224
38 61 0 8 -0.759335
34 50 0 8 -0.759528
17 25 0 8 -0.760327
38 59 0 8 -0.760342
41 78 0 8 -0.760876
26 31 0 8 -0.762667
41 51 0 8 -0.762872
60 65 0 8 -0.762943
68 76 0 8 -0.763338
14 79 0 8 -0.763560
75 87 0 8 -0.763654
10 61 0 8 -0.763769
15 56 0 8 -0.764727
65 75 0 8 -0.765690
53 61 0 8 -0.765709
29 80 0 8 -0.766962
32 60 0 8 -0.770135
18 68 0 8 -0.770254
23 69 0 8 -0.771747
20 44 0 8 -0.771875
42 72 0 8 -0.772064
20 37 0 8 -0.773761
4 66 0 8 -0.773889
76 85 0 8 -0.774276
29 56 0 8 -0.774429
57 74 0 8 -0.774776
38 80 0 8 -0.776171
4 82 0 8 -0.776720
29 82 0 8 -0.778518
16 77 0 8 -0.778756
20 79 0 8 -0.778842
39 76 0 8 -0.779079
38 79 0 8 -0.779260
51 70 0 8 -0.779384
28 80 0 8 -0.779611
4 86 0 8 -0.779825
2 58 0 8 -0.780526
18 48 0 8 -0.781409
30 58 0 8 -0.781520
3 69 0 8 -0.781588
15 80 0 8 -0.783406
3 65 0 8 -0.783506
38 84 0 8 -0.784449
66 81 0 8 -0.784898
27 66 0 8 -0.785996
36 69 0 8 -0.786194
30 46 0 8 -0.787320
18 80 0 8 -0.787476
44 73 0 8 -0.787970
11 31 0 8 -0.787998
4 12 0 8 -0.789023
35 54 0 8 -0.789473
21 52 0 8 -0.790057
2 46 0 8 -0.791686
58 74 0 8 -0.792174
20 60 0 8 -0.793600
7 33 0 8 -0.794577
65 84 0 8 -0.796522
5 48 0 8 -0.796858
20 35 0 8 -0.797238
51 61 0 8 -0.798174
9 76 0 8 -0.798461
34 58 0 8 -0.798729
57 76 0 8 -0.799211
25 35 0 8 -0.799315
3 48 0 8 -0.800371
53 65 0 8 -0.800673
43 63 0 8 -0.800869
15 77 0 8 -0.802009
28 64 0 8 -0.802861
33 78 0 8 -0.803260
72 79 0 8 -0.803452
46 61 0 8 -0.803996
2 37 0 8 -0.804028
45 61 0 8 -0.804110
21 57 0 8 -0.804115
61 77 0 8 -0.804466
8 48 0 8 -0.805929
2 60 0 8 -0.806522
38 82 0 8 -0.806658
18 51 0 8 -0.807378
43 74 0 8 -0.810217
22 78 0 8 -0.811787
9 53 0 8 -0.811828
21 48 0 8 -0.812344
57 83 0 8 -0.812393
2 80 0 8 -0.812908
65 87 0 8 -0.813974
73 86 0 8 -0.814832
27 50 0 8 -0.815010
22 43 0 8 -0.816535
76 86 0 8 -0.816727
55 67 0 8 -0.817736
5 66 0 8 -0.817857
19 52 0 8 -0.819066
9 26 0 8 -0.820009
16 28 0 8 -0.820548
44 61 0 8 -0.821736
11 81 0 8 -0.822215
45 87 0 8 -0.822958
46 78 0 8 -0.823399
46 65 0 8 -0.823477
55 73 0 8 -0.823493
6 82 0 8 -0.823790
32 50 0 8 -0.823984
16 36 0 8 -0.824309
65 83 0 8 -0.825170
52 66 0 8 -0.825514
6 71 0 8 -0.826413
50 84 0 8 -0.826570
74 84 0 8 -0.827546
39 65 0 8 -0.828435
40 76 0 8 -0.828644
16 79 0 8 -0.829024
42 49 0 8 -0.829352
4 62 0 8 -0.829596
12 32 0 8 -0.830515
16 57 0 8 -0.830605
28 72 0 8 -0.830862
25 45 0 8 -0.831784
11 19 0 8 -0.832630
28 48 0 8 -0.834827
20 66 0 8 -0.834835
5 53 0 8 -0.835004
29 78 0 8 -0.836409
27 71 0 8 -0.836495
66 87 0 8 -0.836786
38 50 0 8 -0.837921
33 57 0 8 -0.838425
44 75 0 8 -0.838796
5 35 0 8 -0.838892
7 53 0 8 -0.841700
53 68 0 8 -0.842495
46 80 0 8 -0.842705
3 42 0 8 -0.843345
17 62 0 8 -0.843588
60 81 0 8 -0.844088
31 61 0 8 -0.845229
37 72 0 8 -0.846330
62 80 0 8 -0.846562
33 43 0 8 -0.847350
12 33 0 8 -0.847418
40 85 0 8 -0.851161
7 36 0 8 -0.851859
43 67 0 8 -0.853354
5 36 0 8 -0.853458
3 73 0 8 -0.854564
16 56 0 8 -0.854700
23 75 0 8 -0.856971
43 64 0 8 -0.857419
29 60 0 8 -0.857946
55 84 0 8 -0.858475
41 58 0 8 -0.860015
40 66 0 8 -0.860103
19 28 0 8 -0.860298
48 69 0 8 -0.860634
58 64 0 8 -0.860799
38 53 0 8 -0.861690
19 71 0 8 -0.863968
67 77 0 8 -0.864225
21 37 0 8 -0.865039
49 67 0 8 -0.866147
11 53 0 8 -0.868297
10 28 0 8 -0.870417
18 52 0 8 -0.870744
12 58 0 8 -0.871256
3 49 0 8 -0.872889
37 56 0 8 -0.873413
5 54 0 8 -0.874482
64 86 0 8 -0.875116
18 26 0 8 -0.875642
2 63 0 8 -0.876263
40 54 0 8 -0.876352
45 72 0 8 -0.877013
34 83 0 8 -0.877726
14 32 0 8 -0.878228
23 62 0 8 -0.878420
57 70 0 8 -0.878499
19 38 0 8 -0.878950
11 50 0 8 -0.878967
15 75 0 8 -0.879218
34 66 0 8 -0.881524
17 69 0 8 -0.884371
11 85 0 8 -0.884401
27 39 0 8 -0.887413
9 36 0 8 -0.887822
52 82 0 8 -0.887990
9 69 0 8 -0.888469
11 64 0 8 -0.888745
21 71 0 8 -0.891290
24 65 0 8 -0.892349
37 47 0 8 -0.893388
57 78 0 8 -0.895724
57 81 0 8 -0.895795
19 81 0 8 -0.898074
12 25 0 8 -0.898664
5 41 0 8 -0.899237
43 76 0 8 -0.899473
5 21 0 8 -0.899720
14 24 0 8 -0.900238
3 78 0 8 -0.900904
5 61 0 8 -0.901823
9 57 0 8 -0.903761
44 60 0 8 -0.903937
9 24 0 8 -0.904498
27 54 0 8 -0.905801
21 45 0 8 -0.905829
36 87 0 8 -0.905879
22 50 0 8 -0.907303
47 65 0 8 -0.908815
5 86 0 8 -0.913578
9 72 0 8 -0.914591
34 65 0 8 -0.914973
11 54 0 8 -0.915293
14 71 0 8 -0.915834
5 81 0 8 -0.915958
32 48 0 8 -0.916237
35 45 0 8 -0.918667
56 75 0 8 -0.918808
12 45 0 8 -0.920524
72 77 0 8 -0.921779
20 76 0 8 -0.922351
11 20 0 8 -0.923247
8 64 0 8 -0.924855
41 47 0 8 -0.925639
45 64 0 8 -0.926270
14 38 0 8 -0.933300
15 23 0 8 -0.933365
37 53 0 8 -0.933543
13 79 0 8 -0.934605
41 48 0 8 -0.934858
25 56 0 8 -0.936255
37 79 0 8 -0.936417
11 36 0 8 -0.937012
59 80 0 8 -0.937021
16 51 0 8 -0.937606
71 87 0 8 -0.938131
7 29 0 8 -0.938392
10 79 0 8 -0.938607
3 59 0 8 -0.938963
27 57 0 8 -0.939489
6 56 0 8 -0.939621
29 35 0 8 -0.939748
34 76 0 8 -0.939973
6 63 0 8 -0.941321
23 36 0 8 -0.941715
12 66 0 8 -0.942965
15 36 0 8 -0.944257
80 86 0 8 -0.944872
13 72 0 8 -0.944945
18 64 0 8 -0.945158
12 28 0 8 -0.945235
19 64 0 8 -0.945837
5 62 0 8 -0.945897
42 65 0 8 -0.946552
15 20 0 8 -0.948423
10 21 0 8 -0.949264
4 31 0 8 -0.950406
77 86 0 8 -0.950942
9 16 0 8 -0.952191
47 64 0 8 -0.952569
24 83 0 8 -0.953490
19 84 0 8 -0.953922
24 79 0 8 -0.954542
28 61 0 8 -0.956374
37 67 0 8 -0.957021
63 78 0 8 -0.957203
21 33 0 8 -0.957458
34 84 0 8 -0.959133
45 55 0 8 -0.959179
52 84 0 8 -0.959381
59 74 0 8 -0.960407
19 33 0 8 -0.961173
12 21 0 8 -0.962135
56 79 0 8 -0.963347
10 54 0 8 -0.964152
11 40 0 8 -0.965606
4 74 0 8 -0.968527
27 55 0 8 -0.968572
37 82 0 8 -0.968753
9 46 0 8 -0.969135
35 80 0 8 -0.969155
27 45 0 8 -0.970114
8 79 0 8 -0.970275
32 79 0 8 -0.970414
32 80 0 8 -0.971320
56 72 0 8 -0.972166
59 76 0 8 -0.973443
9 15 0 8 -0.973630
38 44 0 8 -0.975139
11 59 0 8 -0.978964
26 34 0 8 -0.980706
35 86 0 8 -0.981171
45 85 0 8 -0.981676
26 44 0 8 -0.982290
40 60 0 8 -0.983885
27 59 0 8 -0.987978
22 34 0 8 -0.989076
26 46 0 8 -0.989384
81 86 0 8 -0.990065
16 75 0 8 -0.996979
13 63 0 8 -0.998209
50 62 0 8 -0.998545
68 75 0 8 -0.998758
37 43 0 8 -1.000317
7 42 0 8 -1.001500
40 48 0 8 -1.001665
32 73 0 8 -1.002102
28 47 0 8 -1.004264
4 40 0 8 -1.007740
5 65 0 8 -1.007851
13 48 0 8 -1.008270
8 80 0 8 -1.008823
51 83 0 8 -1.009421
11 87 0 8 -1.010017
74 86 0 8 -1.010580
7 37 0 8 -1.011217
59 79 0 8 -1.012521
70 79 0 8 -1.012948
56 65 0 8 -1.013897
7 83 0 8 -1.015141
40 51 0 8 -1.016088
5 60 0 8 -1.016363
10 39 0 8 -1.017586
40 86 0 8 -1.019540
14 74 0 8 -1.020499
73 87 0 8 -1.021970
10 31 0 8 -1.022128
33 84 0 8 -1.022202
48 64 0 8 -1.023534
59 71 0 8 -1.024237
38 66 0 8 -1.025472
10 36 0 8 -1.027026
33 45 0 8 -1.028623
53 76 0 8 -1.028810
8 20 0 8 -1.029715
49 73 0 8 -1.030463
7 41 0 8 -1.032166
41 76 0 8 -1.032256
31 86 0 8 -1.033324
69 75 0 8 -1.035522
23 63 0 8 -1.036327
16 30 0 8 -1.036656
39 84 0 8 -1.039147
6 80 0 8 -1.039402
14 75 0 8 -1.040040
31 57 0 8 -1.042349
21 58 0 8 -1.043696
7 17 0 8 -1.044568
34 62 0 8 -1.047805
24 46 0 8 -1.048873
19 59 0 8 -1.049149
20 74 0 8 -1.050542
6 73 0 8 -1.051805
67 82 0 8 -1.052245
31 36 0 8 -1.056654
4 34 0 8 -1.057933
16 59 0 8 -1.058471
22 38 0 8 -1.059961
14 39 0 8 -1.061616
26 65 0 8 -1.064557
55 82 0 8 -1.065830
63 74 0 8 -1.066741
16 34 0 8 -1.067014
23 28 0 8 -1.067034
25 80 0 8 -1.068093
30 71 0 8 -1.068720
12 55 0 8 -1.069004
13 80 0 8 -1.069585
22 53 0 8 -1.070858
40 82 0 8 -1.071894
28 42 0 8 -1.073568
23 66 0 8 -1.073615
43 70 0 8 -1.074346
13 66 0 8 -1.075215
49 66 0 8 -1.075225
64 83 0 8 -1.075490
19 60 0 8 -1.075923
4 42 0 8 -1.076294
33 63 0 8 -1.076464
10 76 0 8 -1.077863
9 77 0 8 -1.077901
14 29 0 8 -1.079652
32 43 0 8 -1.082622
17 32 0 8 -1.083776
47 78 0 8 -1.084012
22 79 0 8 -1.084595
30 62 0 8 -1.084728
4 19 0 8 -1.088979
13 21 0 8 -1.090277
69 76 0 8 -1.091012
53 70 0 8 -1.091773
16 33 0 8 -1.092614
40 61 0 8 -1.093417
50 68 0 8 -1.095539
8 51 0 8 -1.096297
58 65 0 8 -1.096508
21 39 0 8 -1.097244
11 23 0 8 -1.098362
64 80 0 8 -1.099406
17 84 0 8 -1.101168
5 40 0 8 -1.101424
27 68 0 8 -1.101444
48 66 0 8 -1.101567
16 31 0 8 -1.101827
45 67 0 8 -1.101991
29 86 0 8 -1.103847
21 65 0 8 -1.104089
5 42 0 8 -1.105254
40 65 0 8 -1.106143
32 49 0 8 -1.106144
14 78 0 8 -1.106387
23 78 0 8 -1.108469
4 9 0 8 -1.111735
12 43 0 8 -1.114237
32 63 0 8 -1.114770
41 62 0 8 -1.115296
20 59 0 8 -1.115972
16 50 0 8 -1.117302
31 76 0 8 -1.118436
66 78 0 8 -1.120299
4 10 0 8 -1.121169
49 84 0 8 -1.121741
30 63 0 8 -1.122476
19 30 0 8 -1.125108
9 56 0 8 -1.125750
12 77 0 8 -1.126852
13 62 0 8 -1.127213
15 66 0 8 -1.127449
36 82 0 8 -1.129158
31 63 0 8 -1.129429
42 51 0 8 -1.131886
27 42 0 8 -1.132105
39 63 0 8 -1.133368
46 66 0 8 -1.133490
26 58 0 8 -1.133966
49 74 0 8 -1.135623
78 84 0 8 -1.135817
23 59 0 8 -1.136497
24 48 0 8 -1.140015
21 40 0 8 -1.141072
7 75 0 8 -1.141647
10 81 0 8 -1.141786
34 59 0 8 -1.143965
37 61 0 8 -1.144926
63 69 0 8 -1.148379
46 79 0 8 -1.148456
10 78 0 8 -1.148695
36 86 0 8 -1.149079
44 69 0 8 -1.149974
12 46 0 8 -1.152260
5 45 0 8 -1.152792
39 86 0 8 -1.152990
38 57 0 8 -1.153139
21 80 0 8 -1.156511
25 48 0 8 -1.157156
34 46 0 8 -1.158132
8 52 0 8 -1.159912
31 43 0 8 -1.160011
22 75 0 8 -1.160801
68 74 0 8 -1.162889
3 84 0 8 -1.164747
36 65 0 8 -1.165838
33 68 0 8 -1.167144
9 44 0 8 -1.170021
50 81 0 8 -1.173756
18 46 0 8 -1.174088
27 63 0 8 -1.176167
21 50 0 8 -1.177913
29 59 0 8 -1.178645
44 59 0 8 -1.179635
23 61 0 8 -1.180419
5 73 0 8 -1.181182
9 43 0 8 -1.182656
18 29 0 8 -1.187238
14 42 0 8 -1.187497
20 68 0 8 -1.187673
12 44 0 8 -1.189168
10 75 0 8 -1.190068
12 76 0 8 -1.190379
20 61 0 8 -1.191321
10 46 0 8 -1.191663
22 61 0 8 -1.193668
23 71 0 8 -1.193975
29 46 0 8 -1.195277
19 37 0 8 -1.196146
5 70 0 8 -1.196173
20 32 0 8 -1.196325
46 69 0 8 -1.196496
31 66 0 8 -1.199673
42 64 0 8 -1.200019
15 76 0 8 -1.200218
50 80 0 8 -1.201577
38 74 0 8 -1.203935
40 71 0 8 -1.204699
50 66 0 8 -1.205431
42 81 0 8 -1.207301
49 63 0 8 -1.208251
18 83 0 8 -1.211296
23 82 0 8 -1.212363
21 60 0 8 -1.214227
10 45 0 8 -1.219004
8 40 0 8 -1.219402
6 14 0 8 -1.221750
35 64 0 8 -1.221938
8 65 0 8 -1.223583
33 61 0 8 -1.223891
41 61 0 8 -1.226695
10 27 0 8 -1.228126
26 84 0 8 -1.233585
35 67 0 8 -1.233911
13 43 0 8 -1.234014
9 22 0 8 -1.234336
20 70 0 8 -1.234949
3 37 0 8 -1.239280
4 68 0 8 -1.240017
32 67 0 8 -1.241257
10 33 0 8 -1.241370
64 82 0 8 -1.242343
9 25 0 8 -1.245052
8 49 0 8 -1.245956
20 82 0 8 -1.247661
20 42 0 8 -1.249701
31 39 0 8 -1.251690
46 75 0 8 -1.251712
11 25 0 8 -1.251923
8 74 0 8 -1.251967
4 63 0 8 -1.254570
33 59 0 8 -1.254716
37 68 0 8 -1.254762
15 78 0 8 -1.255195
45 51 0 8 -1.256086
33 65 0 8 -1.256269
22 82 0 8 -1.256401
59 78 0 8 -1.257568
3 63 0 8 -1.257631
16 87 0 8 -1.258453
28 53 0 8 -1.260683
28 63 0 8 -1.261591
3 57 0 8 -1.261749
21 84 0 8 -1.265112
17 42 0 8 -1.270661
4 15 0 8 -1.273960
27 80 0 8 -1.276905
26 82 0 8 -1.277321
25 61 0 8 -1.277956
3 80 0 8 -1.278533
3 83 0 8 -1.280437
5 11 0 8 -1.281098
4 46 0 8 -1.282523
22 68 0 8 -1.282882
43 86 0 8 -1.283163
6 57 0 8 -1.285705
7 71 0 8 -1.285722
14 69 0 8 -1.287910
37 62 0 8 -1.290292
20 63 0 8 -1.293455
18 65 0 8 -1.294676
68 79 0 8 -1.294767
37 42 0 8 -1.296698
75 83 0 8 -1.297150
14 76 0 8 -1.301382
8 47 0 8 -1.302201
67 72 0 8 -1.304322
18 61 0 8 -1.304651
15 79 0 8 -1.316105
60 76 0 8 -1.316609
43 81 0 8 -1.318124
22 83 0 8 -1.319209
33 48 0 8 -1.319290
35 50 0 8 -1.321582
18 75 0 8 -1.322604
14 84 0 8 -1.322688
44 82 0 8 -1.325257
7 62 0 8 -1.325553
12 42 0 8 -1.327158
60 74 0 8 -1.331407
61 76 0 8 -1.333144
28 68 0 8 -1.337135
8 73 0 8 -1.340717
14 73 0 8 -1.343332
35 53 0 8 -1.344055
9 41 0 8 -1.345053
24 68 0 8 -1.345867
30 68 0 8 -1.348406
7 16 0 8 -1.358860
13 37 0 8 -1.359004
3 16 0 8 -1.360276
25 62 0 8 -1.363534
19 74 0 8 -1.367576
9 28 0 8 -1.368016
50 73 0 8 -1.369448
12 40 0 8 -1.370052
74 82 0 8 -1.374494
16 65 0 8 -1.374550
8 60 0 8 -1.375404
47 82 0 8 -1.376007
38 73 0 8 -1.376413
32 56 0 8 -1.378904
14 47 0 8 -1.384587
18 43 0 8 -1.384669
5 69 0 8 -1.384786
24 67 0 8 -1.384878
53 84 0 8 -1.386508
9 47 0 8 -1.388739
28 66 0 8 -1.390911
21 67 0 8 -1.393854
16 22 0 8 -1.399332
45 75 0 8 -1.399713
4 35 0 8 -1.399829
9 29 0 8 -1.401353
7 25 0 8 -1.404456
6 68 0 8 -1.408086
37 46 0 8 -1.411685
11 27 0 8 -1.412592
10 29 0 8 -1.414696
57 75 0 8 -1.415054
26 60 0 8 -1.415680
28 69 0 8 -1.417327
3 67 0 8 -1.418642
49 61 0 8 -1.419234
21 68 0 8 -1.423774
75 84 0 8 -1.424590
9 37 0 8 -1.426721
10 62 0 8 -1.434067
10 40 0 8 -1.435858
42 86 0 8 -1.443067
47 60 0 8 -1.443989
29 61 0 8 -1.445036
30 45 0 8 -1.446202
41 83 0 8 -1.448440
61 78 0 8 -1.449374
5 82 0 8 -1.457872
11 32 0 8 -1.461897
16 24 0 8 -1.462091
16 82 0 8 -1.462516
9 40 0 8 -1.463369
68 78 0 8 -1.465950
5 10 0 8 -1.466784
30 84 0 8 -1.469113
12 80 0 8 -1.477458
48 82 0 8 -1.482167
10 34 0 8 -1.482937
4 84 0 8 -1.490389
7 43 0 8 -1.496225
75 82 0 8 -1.497943
39 78 0 8 -1.503044
42 76 0 8 -1.504397
15 74 0 8 -1.507151
21 47 0 8 -1.510232
10 74 0 8 -1.511047
26 59 0 8 -1.512433
68 77 0 8 -1.514300
16 73 0 8 -1.515092
66 86 0 8 -1.516174
29 66 0 8 -1.516281
9 39 0 8 -1.519235
10 80 0 8 -1.520451
8 75 0 8 -1.526035
9 27 0 8 -1.526474
41 86 0 8 -1.529391
29 68 0 8 -1.533620
63 72 0 8 -1.535960
12 34 0 8 -1.543492
41 82 0 8 -1.550777
47 84 0 8 -1.551901
25 39 0 8 -1.552413
25 66 0 8 -1.555059
43 60 0 8 -1.557201
60 73 0 8 -1.557898
49 58 0 8 -1.560274
37 59 0 8 -1.561816
8 31 0 8 -1.564664
41 68 0 8 -1.577576
8 28 0 8 -1.578825
41 59 0 8 -1.581782
45 59 0 8 -1.593620
40 68 0 8 -1.595161
32 68 0 8 -1.596433
14 50 0 8 -1.602562
21 63 0 8 -1.605828
13 41 0 8 -1.610037
16 63 0 8 -1.610801
15 37 0 8 -1.613024
33 83 0 8 -1.616442
11 51 0 8 -1.619299
35 42 0 8 -1.620369
61 81 0 8 -1.626070
11 37 0 8 -1.626610
18 84 0 8 -1.628844
76 82 0 8 -1.631640
22 84 0 8 -1.637096
8 39 0 8 -1.643061
12 48 0 8 -1.646069
39 66 0 8 -1.647588
19 41 0 8 -1.648807
45 62 0 8 -1.650239
26 63 0 8 -1.652947
45 63 0 8 -1.653816
42 82 0 8 -1.654288
9 74 0 8 -1.657586
67 79 0 8 -1.660310
42 79 0 8 -1.666510
59 70 0 8 -1.680954
59 72 0 8 -1.682214
19 66 0 8 -1.682857
8 24 0 8 -1.684247
66 74 0 8 -1.685378
32 83 0 8 -1.689480
8 78 0 8 -1.693407
28 84 0 8 -1.699867
28 83 0 8 -1.701568
21 66 0 8 -1.709058
62 74 0 8 -1.711565
41 66 0 8 -1.712334
21 36 0 8 -1.712609
44 67 0 8 -1.713476
58 83 0 8 -1.714459
22 63 0 8 -1.714993
45 82 0 8 -1.727718
7 81 0 8 -1.745460
16 29 0 8 -1.745860
63 76 0 8 -1.749606
17 61 0 8 -1.757142
25 83 0 8 -1.763972
12 72 0 8 -1.764432
5 16 0 8 -1.769841
50 61 0 8 -1.778990
40 83 0 8 -1.780175
31 83 0 8 -1.785001
36 68 0 8 -1.785092
36 67 0 8 -1.785344
19 82 0 8 -1.786463
24 40 0 8 -1.792331
14 44 0 8 -1.800610
18 71 0 8 -1.803331
16 64 0 8 -1.813177
22 59 0 8 -1.820412
27 82 0 8 -1.824222
44 68 0 8 -1.825812
37 84 0 8 -1.828184
7 73 0 8 -1.831762
10 42 0 8 -1.840025
6 84 0 8 -1.857953
15 35 0 8 -1.858865
31 70 0 8 -1.860481
8 38 0 8 -1.861267
7 23 0 8 -1.864906
18 82 0 8 -1.869756
72 82 0 8 -1.872671
8 67 0 8 -1.878230
6 83 0 8 -1.879474
11 69 0 8 -1.882553
8 46 0 8 -1.882740
34 63 0 8 -1.896801
61 74 0 8 -1.896834
11 46 0 8 -1.900194
34 61 0 8 -1.903338
77 84 0 8 -1.914712
18 76 0 8 -1.936746
66 77 0 8 -1.941627
34 68 0 8 -1.945909
14 68 0 8 -1.947777
12 74 0 8 -1.951296
39 68 0 8 -1.961599
10 35 0 8 -1.964883
7 39 0 8 -1.965253
9 42 0 8 -1.969146
63 71 0 8 -1.969287
59 66 0 8 -1.980865
58 84 0 8 -2.014330
8 29 0 8 -2.016142
46 68 0 8 -2.031027
7 35 0 8 -2.032352
63 77 0 8 -2.038906
41 71 0 8 -2.040903
9 62 0 8 -2.040933
63 81 0 8 -2.057151
8 32 0 8 -2.084171
15 50 0 8 -2.090373
15 70 0 8 -2.090375
47 68 0 8 -2.093730
42 62 0 8 -2.095968
16 27 0 8 -2.140640
8 62 0 8 -2.161156
31 59 0 8 -2.191777
15 71 0 8 -2.195043
61 73 0 8 -2.213333
11 58 0 8 -2.228623
73 83 0 8 -2.240287
59 73 0 8 -2.316072
11 71 0 8 -2.401516
76 84 0 8 -2.613355
8 70 0 8 -2.616875
42 59 0 8 -2.713547
5 63 0 8 -2.968455
8 68 0 8 -3.052209
39 82 0 8 -3.180329
