32 47 0 8 12.307954
54 82 0 8 9.445468
30 88 0 8 9.204453
36 77 0 8 7.882525
20 36 0 8 7.812421
20 35 0 8 7.397724
16 63 0 8 7.362970
13 33 0 8 7.359107
24 90 0 8 6.974195
61 72 0 8 6.289962
20 33 0 8 6.189426
10 82 0 8 6.073842
73 89 0 8 5.992817
35 57 0 8 5.935183
71 93 0 8 5.811430
13 85 0 8 5.599999
32 54 0 8 5.260349
46 55 0 8 5.112334
48 82 0 8 5.043534
12 19 0 8 4.946237
30 38 0 8 4.814597
69 89 0 8 4.781778
63 74 0 8 4.685626
10 54 0 8 4.584255
73 90 0 8 4.506289
15 20 0 8 4.480134
22 85 0 8 4.408149
11 20 0 8 4.308663
54 90 0 8 4.253448
64 89 0 8 4.233127
10 84 0 8 4.163545
20 85 0 8 4.106679
50 58 0 8 3.964658
36 57 0 8 3.874009
20 37 0 8 3.873671
66 95 0 8 3.852962
80 85 0 8 3.851668
23 29 0 8 3.850085
38 59 0 8 3.769854
71 89 0 8 3.706522
34 40 0 8 3.670736
15 85 0 8 3.604427
63 71 0 8 3.576578
71 92 0 8 3.571376
14 19 0 8 3.555722
32 82 0 8 3.475753
54 84 0 8 3.435777
48 74 0 8 3.423467
84 90 0 8 3.402743
24 29 0 8 3.390643
41 69 0 8 3.311807
22 47 0 8 3.298969
22 31 0 8 3.275076
31 56 0 8 3.187780
30 59 0 8 3.141066
58 89 0 8 3.136363
36 41 0 8 3.104683
49 87 0 8 3.063502
39 72 0 8 3.047385
81 87 0 8 3.035727
28 49 0 8 3.021860
42 56 0 8 3.003553
32 58 0 8 3.002891
48 78 0 8 2.984091
70 91 0 8 2.921723
49 58 0 8 2.905538
63 90 0 8 2.900040
47 54 0 8 2.897176
31 44 0 8 2.875324
67 75 0 8 2.864577
63 72 0 8 2.843911
48 54 0 8 2.843764
34 48 0 8 2.774107
42 85 0 8 2.769898
64 71 0 8 2.751833
46 84 0 8 2.727855
15 77 0 8 2.712710
22 66 0 8 2.695400
38 43 0 8 2.668666
62 71 0 8 2.668041
29 87 0 8 2.664776
18 26 0 8 2.649242
78 88 0 8 2.626516
63 69 0 8 2.581998
33 77 0 8 2.559080
13 89 0 8 2.557954
11 32 0 8 2.535763
42 75 0 8 2.531821
52 76 0 8 2.519165
56 75 0 8 2.518724
22 38 0 8 2.517046
30 78 0 8 2.513168
47 76 0 8 2.496920
40 52 0 8 2.494389
31 40 0 8 2.417477
51 78 0 8 2.415957
39 92 0 8 2.414007
62 90 0 8 2.408054
31 45 0 8 2.396607
22 39 0 8 2.395687
49 90 0 8 2.394745
13 22 0 8 2.370509
47 52 0 8 2.370219
16 91 0 8 2.368233
75 88 0 8 2.365299
64 69 0 8 2.363347
75 96 0 8 2.359652
42 87 0 8 2.345950
30 44 0 8 2.344262
11 71 0 8 2.330341
50 84 0 8 2.316992
47 58 0 8 2.313103
56 66 0 8 2.311398
62 67 0 8 2.311065
32 43 0 8 2.307637
46 76 0 8 2.307103
59 83 0 8 2.306344
29 97 0 8 2.276462
48 83 0 8 2.266714
25 51 0 8 2.251980
53 64 0 8 2.251770
47 53 0 8 2.247061
78 83 0 8 2.240715
84 97 0 8 2.223878
14 65 0 8 2.214268
65 70 0 8 2.211313
66 75 0 8 2.205677
22 84 0 8 2.199131
67 72 0 8 2.169503
34 76 0 8 2.163401
33 82 0 8 2.142600
29 51 0 8 2.135698
48 53 0 8 2.126292
54 71 0 8 2.123448
7 22 0 8 2.113178
55 82 0 8 2.106866
16 40 0 8 2.103372
24 38 0 8 2.097868
43 62 0 8 2.083376
59 78 0 8 2.077938
24 67 0 8 2.071229
45 83 0 8 2.071192
14 41 0 8 2.060033
91 99 0 8 2.033009
51 60 0 8 2.020818
48 81 0 8 2.019319
37 83 0 8 2.016752
47 66 0 8 2.013978
18 60 0 8 2.011803
4 69 0 8 2.007537
39 61 0 8 2.003783
79 93 0 8 1.996007
16 39 0 8 1.993485
34 67 0 8 1.986498
42 47 0 8 1.984312
51 62 0 8 1.981998
44 80 0 8 1.977009
44 88 0 8 1.969008
66 76 0 8 1.965994
41 61 0 8 1.964806
53 82 0 8 1.959731
82 93 0 8 1.957059
11 66 0 8 1.933998
45 88 0 8 1.932151
83 98 0 8 1.925574
18 52 0 8 1.920966
24 55 0 8 1.919596
24 82 0 8 1.913741
59 64 0 8 1.913465
11 73 0 8 1.911911
31 66 0 8 1.907666
49 81 0 8 1.881695
84 91 0 8 1.877039
43 58 0 8 1.864975
42 81 0 8 1.858495
70 94 0 8 1.857599
23 76 0 8 1.856730
18 38 0 8 1.854953
24 54 0 8 1.833438
33 55 0 8 1.830520
42 50 0 8 1.820624
15 33 0 8 1.815172
11 16 0 8 1.810596
30 35 0 8 1.802710
58 75 0 8 1.797082
73 79 0 8 1.795247
36 69 0 8 1.793027
34 43 0 8 1.791942
62 72 0 8 1.790719
31 75 0 8 1.790128
32 50 0 8 1.790087
10 16 0 8 1.789400
73 92 0 8 1.788749
39 58 0 8 1.784151
19 53 0 8 1.782865
67 77 0 8 1.776399
45 50 0 8 1.773201
7 67 0 8 1.765902
30 48 0 8 1.764581
61 67 0 8 1.762314
78 94 0 8 1.761053
33 54 0 8 1.756245
30 40 0 8 1.754967
72 93 0 8 1.754292
85 92 0 8 1.747587
40 79 0 8 1.741812
23 87 0 8 1.741132
8 38 0 8 1.738495
87 93 0 8 1.737171
30 45 0 8 1.733916
42 58 0 8 1.733381
52 87 0 8 1.732558
23 28 0 8 1.732253
53 90 0 8 1.723964
85 93 0 8 1.722444
18 74 0 8 1.722357
23 56 0 8 1.712136
67 92 0 8 1.709443
74 82 0 8 1.706719
45 57 0 8 1.704342
49 78 0 8 1.703352
11 89 0 8 1.701112
59 80 0 8 1.701035
54 69 0 8 1.688568
2 7 0 8 1.687954
39 75 0 8 1.687311
30 58 0 8 1.683338
29 49 0 8 1.683322
63 73 0 8 1.680833
51 58 0 8 1.675789
52 94 0 8 1.663705
33 62 0 8 1.661631
85 95 0 8 1.659961
38 83 0 8 1.656553
68 91 0 8 1.656334
34 81 0 8 1.654102
41 65 0 8 1.653348
65 90 0 8 1.650917
51 73 0 8 1.649601
50 81 0 8 1.641850
67 95 0 8 1.635063
22 42 0 8 1.631790
66 92 0 8 1.628721
57 70 0 8 1.625009
69 84 0 8 1.618615
21 91 0 8 1.617324
19 35 0 8 1.607781
31 42 0 8 1.606989
7 39 0 8 1.606624
76 83 0 8 1.604831
8 24 0 8 1.600157
37 94 0 8 1.600060
44 56 0 8 1.591011
16 41 0 8 1.589160
42 51 0 8 1.588097
60 97 0 8 1.581173
59 85 0 8 1.573619
46 53 0 8 1.569044
17 44 0 8 1.568766
45 61 0 8 1.568650
37 70 0 8 1.557922
77 84 0 8 1.557697
43 72 0 8 1.556299
51 59 0 8 1.556214
29 42 0 8 1.556109
8 29 0 8 1.555131
46 54 0 8 1.552281
34 93 0 8 1.551078
13 84 0 8 1.544995
7 18 0 8 1.543345
40 60 0 8 1.540652
14 69 0 8 1.536322
18 39 0 8 1.532579
44 54 0 8 1.528618
22 80 0 8 1.526495
21 65 0 8 1.525400
34 39 0 8 1.525254
13 20 0 8 1.518476
34 96 0 8 1.515887
53 93 0 8 1.514497
24 42 0 8 1.512643
10 61 0 8 1.510370
9 26 0 8 1.504464
24 97 0 8 1.501427
58 63 0 8 1.500619
31 73 0 8 1.498369
59 87 0 8 1.497802
24 46 0 8 1.497448
20 54 0 8 1.492852
91 97 0 8 1.489712
33 43 0 8 1.489101
22 91 0 8 1.487764
31 37 0 8 1.482926
14 95 0 8 1.481243
17 80 0 8 1.479688
33 74 0 8 1.479367
10 46 0 8 1.476962
55 91 0 8 1.472441
16 21 0 8 1.469482
60 65 0 8 1.435144
12 45 0 8 1.430033
44 59 0 8 1.422097
14 21 0 8 1.422083
26 98 0 8 1.421092
32 49 0 8 1.421029
12 21 0 8 1.415506
45 55 0 8 1.413624
59 98 0 8 1.407636
30 74 0 8 1.405437
72 89 0 8 1.404052
10 20 0 8 1.399762
46 64 0 8 1.395844
34 62 0 8 1.388165
41 89 0 8 1.388069
11 54 0 8 1.386925
44 75 0 8 1.375724
20 90 0 8 1.372444
38 92 0 8 1.365572
13 69 0 8 1.360772
68 75 0 8 1.351588
39 67 0 8 1.343901
20 74 0 8 1.343759
38 78 0 8 1.341648
25 30 0 8 1.341372
73 88 0 8 1.333636
42 49 0 8 1.333120
25 41 0 8 1.330237
34 53 0 8 1.329475
25 49 0 8 1.328229
29 39 0 8 1.327343
16 82 0 8 1.326008
23 33 0 8 1.320805
57 76 0 8 1.319400
53 95 0 8 1.319345
14 70 0 8 1.315017
65 77 0 8 1.311416
50 95 0 8 1.310855
30 36 0 8 1.309610
79 85 0 8 1.309195
60 67 0 8 1.306171
72 78 0 8 1.305073
15 22 0 8 1.303525
69 93 0 8 1.302447
44 68 0 8 1.300300
20 39 0 8 1.299100
10 33 0 8 1.295908
7 14 0 8 1.294671
20 89 0 8 1.293269
79 94 0 8 1.292693
76 84 0 8 1.292356
10 15 0 8 1.286960
73 78 0 8 1.285762
57 62 0 8 1.284470
7 41 0 8 1.282691
11 84 0 8 1.276087
47 59 0 8 1.273532
52 59 0 8 1.270115
35 79 0 8 1.267804
35 48 0 8 1.266320
81 94 0 8 1.266032
43 82 0 8 1.258962
25 86 0 8 1.255771
4 19 0 8 1.254437
18 37 0 8 1.252000
60 95 0 8 1.251164
20 46 0 8 1.250894
18 46 0 8 1.250862
19 65 0 8 1.249287
9 87 0 8 1.245083
11 68 0 8 1.244801
22 73 0 8 1.243972
21 28 0 8 1.240755
13 18 0 8 1.239415
57 80 0 8 1.236172
36 62 0 8 1.235212
19 33 0 8 1.232065
37 63 0 8 1.228629
54 62 0 8 1.228240
18 75 0 8 1.224613
43 93 0 8 1.218343
42 79 0 8 1.215662
24 85 0 8 1.212108
31 57 0 8 1.205293
10 90 0 8 1.205250
22 59 0 8 1.201650
75 80 0 8 1.201515
39 87 0 8 1.197496
18 85 0 8 1.195485
57 78 0 8 1.193913
55 70 0 8 1.193820
80 97 0 8 1.187077
40 81 0 8 1.186705
9 16 0 8 1.186355
83 92 0 8 1.186224
57 84 0 8 1.185299
41 70 0 8 1.184250
15 63 0 8 1.183963
63 89 0 8 1.178931
21 68 0 8 1.177967
22 70 0 8 1.175369
46 74 0 8 1.169884
33 75 0 8 1.168389
51 87 0 8 1.167724
60 66 0 8 1.167549
44 74 0 8 1.167049
52 78 0 8 1.163159
38 88 0 8 1.160898
67 78 0 8 1.160151
31 67 0 8 1.160085
16 61 0 8 1.160023
15 36 0 8 1.154051
18 33 0 8 1.151724
14 46 0 8 1.146463
38 48 0 8 1.145041
30 92 0 8 1.143282
45 58 0 8 1.141962
7 96 0 8 1.137008
15 61 0 8 1.135085
4 41 0 8 1.130844
59 76 0 8 1.126621
8 34 0 8 1.125996
63 85 0 8 1.124055
13 21 0 8 1.121783
32 46 0 8 1.120860
9 49 0 8 1.116924
6 44 0 8 1.116103
24 89 0 8 1.115210
8 94 0 8 1.114228
52 80 0 8 1.110321
4 20 0 8 1.106892
65 79 0 8 1.106365
31 92 0 8 1.105065
3 37 0 8 1.103850
12 94 0 8 1.103221
26 44 0 8 1.102243
5 17 0 8 1.098884
75 97 0 8 1.098018
16 42 0 8 1.094092
69 95 0 8 1.093202
37 77 0 8 1.093005
22 53 0 8 1.091558
56 96 0 8 1.091524
34 95 0 8 1.088393
38 84 0 8 1.087208
44 58 0 8 1.086769
43 65 0 8 1.081938
11 21 0 8 1.079973
23 37 0 8 1.077514
61 68 0 8 1.072359
31 39 0 8 1.070756
21 48 0 8 1.069509
12 68 0 8 1.068990
49 89 0 8 1.065062
64 74 0 8 1.063933
21 34 0 8 1.063448
90 95 0 8 1.063401
50 56 0 8 1.062227
29 37 0 8 1.056639
8 17 0 8 1.053425
13 57 0 8 1.050256
11 33 0 8 1.046038
10 19 0 8 1.043224
54 74 0 8 1.037926
81 89 0 8 1.037699
12 26 0 8 1.037209
62 69 0 8 1.036714
8 42 0 8 1.035791
35 45 0 8 1.035018
23 45 0 8 1.033786
42 76 0 8 1.031760
9 23 0 8 1.031367
16 62 0 8 1.031285
27 86 0 8 1.031232
75 85 0 8 1.029997
46 73 0 8 1.029739
15 43 0 8 1.028778
17 27 0 8 1.023787
11 52 0 8 1.022759
2 99 0 8 1.019177
22 43 0 8 1.017743
63 99 0 8 1.016819
66 80 0 8 1.016025
88 97 0 8 1.014364
34 47 0 8 1.010912
7 19 0 8 1.010076
66 84 0 8 1.008688
79 91 0 8 1.008428
4 70 0 8 1.005655
44 97 0 8 1.005481
55 66 0 8 1.004917
26 87 0 8 1.003212
88 98 0 8 1.001144
68 96 0 8 1.001057
56 83 0 8 0.996422
66 93 0 8 0.995578
36 48 0 8 0.995265
67 73 0 8 0.995239
38 53 0 8 0.994241
15 89 0 8 0.993916
37 61 0 8 0.993812
80 88 0 8 0.993345
48 94 0 8 0.990058
17 28 0 8 0.989606
33 58 0 8 0.988311
38 45 0 8 0.985925
70 93 0 8 0.981410
20 64 0 8 0.978868
32 52 0 8 0.976763
8 80 0 8 0.971139
92 97 0 8 0.970790
52 79 0 8 0.969551
29 44 0 8 0.967471
44 78 0 8 0.964882
29 59 0 8 0.964484
80 94 0 8 0.962385
41 84 0 8 0.961495
54 96 0 8 0.952447
31 41 0 8 0.952148
51 94 0 8 0.950939
51 86 0 8 0.949887
87 92 0 8 0.940452
6 30 0 8 0.940036
11 67 0 8 0.939950
21 78 0 8 0.939062
14 68 0 8 0.936680
45 53 0 8 0.935952
13 45 0 8 0.935568
73 80 0 8 0.935407
25 62 0 8 0.931791
24 88 0 8 0.930587
32 41 0 8 0.929451
40 95 0 8 0.928536
37 90 0 8 0.928151
9 28 0 8 0.927072
74 81 0 8 0.926473
43 59 0 8 0.925569
21 60 0 8 0.925268
47 85 0 8 0.922229
4 92 0 8 0.918381
27 49 0 8 0.917397
64 85 0 8 0.917367
12 93 0 8 0.912536
4 65 0 8 0.911897
46 69 0 8 0.910372
70 92 0 8 0.909880
63 82 0 8 0.908231
65 93 0 8 0.907539
58 83 0 8 0.904245
9 27 0 8 0.903952
13 23 0 8 0.903662
31 62 0 8 0.903040
12 67 0 8 0.901061
50 91 0 8 0.899112
30 43 0 8 0.898679
36 88 0 8 0.897355
11 24 0 8 0.896402
20 63 0 8 0.896383
22 29 0 8 0.895792
57 64 0 8 0.895693
62 75 0 8 0.891597
46 58 0 8 0.890434
40 50 0 8 0.890095
13 31 0 8 0.888661
87 98 0 8 0.888125
93 99 0 8 0.883668
52 97 0 8 0.881956
64 73 0 8 0.881912
40 51 0 8 0.881691
71 80 0 8 0.880464
76 85 0 8 0.879768
52 71 0 8 0.876372
51 97 0 8 0.875495
23 89 0 8 0.875191
75 83 0 8 0.871532
23 49 0 8 0.870625
17 42 0 8 0.869041
23 41 0 8 0.868075
21 94 0 8 0.865133
65 80 0 8 0.864020
35 88 0 8 0.862167
32 77 0 8 0.861682
11 35 0 8 0.860901
16 57 0 8 0.859039
8 44 0 8 0.853105
35 54 0 8 0.852858
42 97 0 8 0.852803
43 54 0 8 0.852741
37 57 0 8 0.852115
44 55 0 8 0.850572
5 13 0 8 0.845002
26 92 0 8 0.841560
55 76 0 8 0.840727
6 38 0 8 0.840688
69 80 0 8 0.840188
56 76 0 8 0.836625
25 88 0 8 0.835733
10 58 0 8 0.834985
31 89 0 8 0.834913
6 80 0 8 0.833717
55 83 0 8 0.832450
16 46 0 8 0.830897
53 66 0 8 0.828860
32 83 0 8 0.823939
66 79 0 8 0.820368
10 62 0 8 0.819888
74 89 0 8 0.819775
60 82 0 8 0.814981
64 76 0 8 0.813082
61 69 0 8 0.812668
5 48 0 8 0.811998
31 51 0 8 0.810068
86 94 0 8 0.807679
6 12 0 8 0.806374
52 60 0 8 0.806328
87 97 0 8 0.806215
59 66 0 8 0.804596
4 54 0 8 0.804040
13 19 0 8 0.802195
39 62 0 8 0.801055
45 59 0 8 0.799061
26 55 0 8 0.798190
41 63 0 8 0.797413
9 22 0 8 0.796928
22 93 0 8 0.796153
50 93 0 8 0.793022
39 90 0 8 0.792412
38 60 0 8 0.791175
29 98 0 8 0.790218
4 14 0 8 0.790039
36 80 0 8 0.788429
50 82 0 8 0.788416
5 23 0 8 0.788384
6 21 0 8 0.787916
93 98 0 8 0.786749
48 56 0 8 0.784408
64 80 0 8 0.781315
48 79 0 8 0.778403
8 83 0 8 0.776503
26 93 0 8 0.775910
76 81 0 8 0.775295
68 81 0 8 0.772517
45 70 0 8 0.770930
8 48 0 8 0.768071
56 78 0 8 0.767636
4 95 0 8 0.767300
73 93 0 8 0.765679
77 92 0 8 0.765239
42 59 0 8 0.764607
59 75 0 8 0.763858
37 69 0 8 0.759772
7 55 0 8 0.759127
6 45 0 8 0.758795
3 55 0 8 0.756085
10 45 0 8 0.755790
31 80 0 8 0.755018
37 46 0 8 0.754847
34 59 0 8 0.753918
8 21 0 8 0.753790
39 77 0 8 0.753563
88 94 0 8 0.753489
35 46 0 8 0.753017
60 74 0 8 0.748161
74 79 0 8 0.747865
32 87 0 8 0.746035
31 63 0 8 0.744392
40 94 0 8 0.740246
8 97 0 8 0.739522
22 64 0 8 0.737642
18 44 0 8 0.737251
40 85 0 8 0.736958
37 60 0 8 0.736579
87 94 0 8 0.735292
31 77 0 8 0.734828
5 47 0 8 0.732972
7 66 0 8 0.732474
50 74 0 8 0.730777
48 80 0 8 0.730153
66 91 0 8 0.725327
14 20 0 8 0.725319
19 71 0 8 0.725007
18 70 0 8 0.724585
6 18 0 8 0.723532
36 76 0 8 0.722761
89 97 0 8 0.722615
18 53 0 8 0.720963
54 77 0 8 0.720873
8 16 0 8 0.720772
7 95 0 8 0.716837
21 56 0 8 0.714769
69 92 0 8 0.714450
50 71 0 8 0.711740
6 53 0 8 0.710233
68 94 0 8 0.708295
47 87 0 8 0.705925
22 35 0 8 0.703910
60 70 0 8 0.702884
62 89 0 8 0.702516
28 52 0 8 0.702042
42 96 0 8 0.701117
12 33 0 8 0.699945
46 80 0 8 0.699535
71 82 0 8 0.698297
14 45 0 8 0.697723
24 87 0 8 0.697399
11 34 0 8 0.696973
55 75 0 8 0.694641
19 67 0 8 0.693375
58 82 0 8 0.692349
17 45 0 8 0.691492
10 24 0 8 0.691226
69 88 0 8 0.688485
81 88 0 8 0.687412
44 98 0 8 0.686530
38 76 0 8 0.686403
1 6 0 8 0.684522
28 91 0 8 0.683734
7 12 0 8 0.683645
85 99 0 8 0.682305
27 77 0 8 0.681811
23 50 0 8 0.678290
33 76 0 8 0.677457
72 92 0 8 0.675734
9 81 0 8 0.673840
63 81 0 8 0.672207
8 59 0 8 0.671879
18 23 0 8 0.670696
30 80 0 8 0.670212
10 25 0 8 0.668860
21 67 0 8 0.666094
78 91 0 8 0.665664
57 66 0 8 0.664158
13 93 0 8 0.662403
8 31 0 8 0.661207
10 21 0 8 0.658593
40 45 0 8 0.658475
61 91 0 8 0.657322
9 67 0 8 0.657025
75 99 0 8 0.650579
35 78 0 8 0.648435
38 75 0 8 0.648048
37 85 0 8 0.647145
6 23 0 8 0.642857
11 43 0 8 0.641712
31 94 0 8 0.640152
4 39 0 8 0.638579
10 77 0 8 0.638075
17 84 0 8 0.637406
50 60 0 8 0.636603
60 93 0 8 0.634982
40 97 0 8 0.634580
12 54 0 8 0.632610
10 71 0 8 0.631804
11 27 0 8 0.631481
4 10 0 8 0.631087
32 51 0 8 0.630558
4 55 0 8 0.628609
37 45 0 8 0.628435
9 62 0 8 0.628360
20 82 0 8 0.627158
35 61 0 8 0.626720
72 88 0 8 0.626524
9 51 0 8 0.624393
49 62 0 8 0.623953
43 92 0 8 0.623725
56 85 0 8 0.623548
58 78 0 8 0.623383
20 70 0 8 0.622457
30 83 0 8 0.622261
17 26 0 8 0.621737
11 19 0 8 0.621301
29 74 0 8 0.619947
43 98 0 8 0.619723
51 98 0 8 0.618698
71 90 0 8 0.617354
11 53 0 8 0.616557
9 79 0 8 0.616497
4 16 0 8 0.615163
34 73 0 8 0.614556
45 56 0 8 0.611937
53 98 0 8 0.611763
19 91 0 8 0.611201
40 96 0 8 0.610615
42 83 0 8 0.608464
16 84 0 8 0.608108
48 58 0 8 0.608011
43 60 0 8 0.607351
21 52 0 8 0.606180
74 88 0 8 0.604456
21 70 0 8 0.604391
9 52 0 8 0.603293
9 89 0 8 0.599906
23 58 0 8 0.599324
40 83 0 8 0.599184
72 85 0 8 0.598451
66 74 0 8 0.597831
26 77 0 8 0.595673
3 31 0 8 0.594308
56 88 0 8 0.593976
4 33 0 8 0.593021
29 95 0 8 0.591898
71 95 0 8 0.591014
13 66 0 8 0.588549
67 89 0 8 0.586994
15 71 0 8 0.586189
49 60 0 8 0.585433
15 41 0 8 0.585404
18 98 0 8 0.583867
49 86 0 8 0.583846
22 83 0 8 0.583731
4 93 0 8 0.583424
62 83 0 8 0.582170
8 30 0 8 0.582116
75 95 0 8 0.581211
43 55 0 8 0.579978
78 98 0 8 0.578984
22 40 0 8 0.578769
27 90 0 8 0.577262
51 68 0 8 0.576886
46 63 0 8 0.576360
48 59 0 8 0.575878
34 60 0 8 0.575554
66 78 0 8 0.574651
80 91 0 8 0.573007
38 68 0 8 0.571963
83 95 0 8 0.570258
56 80 0 8 0.569023
58 68 0 8 0.568300
11 18 0 8 0.566679
29 83 0 8 0.565421
55 65 0 8 0.561547
34 51 0 8 0.560568
4 99 0 8 0.559732
17 24 0 8 0.559074
82 95 0 8 0.558068
94 99 0 8 0.557067
4 15 0 8 0.556951
51 99 0 8 0.555063
4 88 0 8 0.554988
2 25 0 8 0.554713
21 50 0 8 0.553158
47 71 0 8 0.551033
19 74 0 8 0.549934
63 70 0 8 0.548678
4 12 0 8 0.547612
36 78 0 8 0.547307
21 99 0 8 0.546991
6 15 0 8 0.546347
22 71 0 8 0.545368
24 83 0 8 0.544478
42 92 0 8 0.542396
5 20 0 8 0.542225
82 94 0 8 0.540962
56 94 0 8 0.539626
8 19 0 8 0.539517
25 31 0 8 0.537851
8 56 0 8 0.537545
28 51 0 8 0.535763
54 63 0 8 0.534974
33 71 0 8 0.534541
53 74 0 8 0.534383
14 43 0 8 0.531380
74 94 0 8 0.531001
70 80 0 8 0.530529
39 59 0 8 0.529436
12 96 0 8 0.529424
55 95 0 8 0.528303
39 68 0 8 0.528294
62 73 0 8 0.527922
26 91 0 8 0.527810
14 34 0 8 0.527076
71 99 0 8 0.526353
60 87 0 8 0.523548
43 61 0 8 0.522752
35 97 0 8 0.522541
24 68 0 8 0.521061
17 56 0 8 0.519825
2 21 0 8 0.518803
39 70 0 8 0.518127
6 11 0 8 0.516797
15 73 0 8 0.516040
24 30 0 8 0.513659
21 89 0 8 0.513049
26 64 0 8 0.511485
26 47 0 8 0.510894
36 79 0 8 0.510812
64 96 0 8 0.510664
88 96 0 8 0.510381
36 46 0 8 0.509996
60 79 0 8 0.509975
47 77 0 8 0.509310
6 19 0 8 0.507967
28 58 0 8 0.507387
29 47 0 8 0.506895
21 41 0 8 0.506858
52 93 0 8 0.506207
45 69 0 8 0.506094
67 76 0 8 0.505141
65 87 0 8 0.502672
6 98 0 8 0.501913
26 31 0 8 0.499952
40 56 0 8 0.498775
14 89 0 8 0.497674
12 55 0 8 0.497571
12 23 0 8 0.497088
81 86 0 8 0.496739
78 84 0 8 0.496329
33 84 0 8 0.495597
58 96 0 8 0.495237
24 35 0 8 0.494714
34 41 0 8 0.494679
44 76 0 8 0.491345
58 72 0 8 0.491002
10 81 0 8 0.488044
7 38 0 8 0.487611
53 79 0 8 0.487462
23 52 0 8 0.486969
22 27 0 8 0.486520
28 38 0 8 0.486489
3 99 0 8 0.486344
23 78 0 8 0.485949
21 53 0 8 0.484871
5 61 0 8 0.484822
17 23 0 8 0.483617
26 45 0 8 0.483122
62 68 0 8 0.482704
10 55 0 8 0.481709
65 85 0 8 0.479012
25 65 0 8 0.478511
3 42 0 8 0.477928
1 99 0 8 0.476553
47 64 0 8 0.475991
38 57 0 8 0.475929
24 65 0 8 0.473146
44 94 0 8 0.472576
50 57 0 8 0.472039
86 97 0 8 0.471074
29 81 0 8 0.468591
68 86 0 8 0.468489
56 62 0 8 0.468441
19 30 0 8 0.467912
76 87 0 8 0.467838
9 25 0 8 0.466451
31 90 0 8 0.466406
53 75 0 8 0.466390
83 88 0 8 0.460789
27 32 0 8 0.459418
14 79 0 8 0.457651
19 64 0 8 0.456854
14 92 0 8 0.456225
92 99 0 8 0.455240
57 77 0 8 0.454205
16 34 0 8 0.454081
47 81 0 8 0.452836
45 98 0 8 0.452323
12 41 0 8 0.451057
52 81 0 8 0.447417
40 59 0 8 0.446754
22 50 0 8 0.446655
1 13 0 8 0.445276
41 48 0 8 0.444587
37 79 0 8 0.441581
19 41 0 8 0.441543
36 89 0 8 0.440586
17 38 0 8 0.439864
12 72 0 8 0.439717
45 74 0 8 0.439626
34 56 0 8 0.439003
14 77 0 8 0.437848
80 96 0 8 0.437369
35 50 0 8 0.436722
70 79 0 8 0.435826
34 72 0 8 0.434067
37 65 0 8 0.432705
7 21 0 8 0.432389
6 31 0 8 0.432377
7 34 0 8 0.431724
31 85 0 8 0.431705
68 95 0 8 0.431321
3 66 0 8 0.430165
14 51 0 8 0.430134
12 53 0 8 0.428511
64 93 0 8 0.428244
28 87 0 8 0.427583
24 98 0 8 0.426859
17 95 0 8 0.426777
90 97 0 8 0.426657
47 93 0 8 0.426092
50 78 0 8 0.424390
19 79 0 8 0.424360
71 79 0 8 0.424162
57 65 0 8 0.424017
49 64 0 8 0.423452
83 96 0 8 0.422577
23 72 0 8 0.421893
79 84 0 8 0.421806
28 37 0 8 0.421737
33 40 0 8 0.419469
16 36 0 8 0.416384
16 72 0 8 0.415800
25 87 0 8 0.412829
36 83 0 8 0.412561
49 94 0 8 0.412545
17 25 0 8 0.411982
35 77 0 8 0.411360
86 91 0 8 0.410341
26 97 0 8 0.410261
54 68 0 8 0.409535
40 65 0 8 0.407297
23 55 0 8 0.407224
34 91 0 8 0.407102
52 63 0 8 0.405769
20 57 0 8 0.405716
35 89 0 8 0.404232
15 72 0 8 0.404222
21 79 0 8 0.403816
61 92 0 8 0.402233
11 72 0 8 0.399728
30 75 0 8 0.398822
12 91 0 8 0.398409
62 86 0 8 0.398367
18 96 0 8 0.395947
13 91 0 8 0.395426
49 74 0 8 0.394264
54 99 0 8 0.393537
2 17 0 8 0.392837
17 83 0 8 0.392763
47 57 0 8 0.391313
50 94 0 8 0.390904
29 38 0 8 0.390137
23 90 0 8 0.389565
52 84 0 8 0.388447
41 81 0 8 0.388000
26 82 0 8 0.386784
29 40 0 8 0.384814
34 77 0 8 0.384042
5 46 0 8 0.382457
77 86 0 8 0.381729
5 59 0 8 0.381718
56 89 0 8 0.380850
28 71 0 8 0.379866
36 64 0 8 0.379657
2 89 0 8 0.379428
21 93 0 8 0.378473
82 91 0 8 0.378129
30 84 0 8 0.377427
68 99 0 8 0.377241
76 95 0 8 0.376613
39 69 0 8 0.376156
50 61 0 8 0.375345
26 86 0 8 0.375178
71 86 0 8 0.374584
4 34 0 8 0.373154
24 59 0 8 0.372656
46 56 0 8 0.371534
38 98 0 8 0.371234
9 83 0 8 0.369597
40 58 0 8 0.369471
57 95 0 8 0.369153
51 70 0 8 0.369131
89 99 0 8 0.369112
53 81 0 8 0.368488
28 86 0 8 0.366143
78 96 0 8 0.366063
7 20 0 8 0.365800
30 56 0 8 0.364618
16 50 0 8 0.362354
34 79 0 8 0.361555
34 83 0 8 0.361481
52 64 0 8 0.361236
75 84 0 8 0.360566
21 29 0 8 0.360469
46 90 0 8 0.359264
19 28 0 8 0.358290
41 83 0 8 0.356779
32 64 0 8 0.356249
11 77 0 8 0.356013
6 59 0 8 0.353102
51 56 0 8 0.351993
18 92 0 8 0.351897
50 70 0 8 0.351466
2 71 0 8 0.350327
46 60 0 8 0.347854
12 47 0 8 0.347662
25 32 0 8 0.346735
3 17 0 8 0.344612
22 44 0 8 0.343389
56 87 0 8 0.342781
30 79 0 8 0.342769
25 71 0 8 0.342657
30 52 0 8 0.342341
2 95 0 8 0.340634
28 85 0 8 0.340520
42 77 0 8 0.340500
49 88 0 8 0.340072
3 39 0 8 0.339295
29 70 0 8 0.337107
45 62 0 8 0.336920
40 84 0 8 0.335816
66 89 0 8 0.335575
40 76 0 8 0.333286
28 76 0 8 0.331215
55 72 0 8 0.328933
12 98 0 8 0.328756
8 67 0 8 0.328421
43 71 0 8 0.328012
11 56 0 8 0.326265
38 46 0 8 0.325530
39 63 0 8 0.324971
2 11 0 8 0.324854
14 99 0 8 0.323910
33 83 0 8 0.323054
9 86 0 8 0.321281
54 91 0 8 0.321263
5 29 0 8 0.320984
39 49 0 8 0.317686
19 96 0 8 0.315839
87 95 0 8 0.314930
38 47 0 8 0.314627
15 25 0 8 0.313973
60 94 0 8 0.313971
14 48 0 8 0.313835
36 50 0 8 0.313474
5 32 0 8 0.312779
40 68 0 8 0.311420
24 44 0 8 0.311117
8 55 0 8 0.310893
23 34 0 8 0.309825
36 74 0 8 0.309817
1 24 0 8 0.307442
41 55 0 8 0.304960
3 16 0 8 0.304661
47 60 0 8 0.302774
27 88 0 8 0.302304
72 77 0 8 0.301763
77 95 0 8 0.300969
1 90 0 8 0.300746
12 63 0 8 0.300215
30 76 0 8 0.298267
22 89 0 8 0.298191
53 78 0 8 0.297847
7 17 0 8 0.297418
13 64 0 8 0.295482
41 75 0 8 0.294486
83 91 0 8 0.294449
73 98 0 8 0.294250
50 97 0 8 0.293517
29 94 0 8 0.291952
69 97 0 8 0.289651
78 86 0 8 0.288844
4 22 0 8 0.288286
52 69 0 8 0.287490
14 64 0 8 0.285865
13 36 0 8 0.285735
61 82 0 8 0.285170
4 72 0 8 0.285033
14 72 0 8 0.284080
23 60 0 8 0.283509
38 71 0 8 0.282937
10 30 0 8 0.282745
20 53 0 8 0.281818
47 89 0 8 0.281490
43 87 0 8 0.279093
29 73 0 8 0.277378
20 93 0 8 0.276918
8 23 0 8 0.275250
45 65 0 8 0.273116
44 57 0 8 0.272944
5 22 0 8 0.272355
13 77 0 8 0.271594
18 34 0 8 0.271234
43 79 0 8 0.270958
16 23 0 8 0.270456
43 53 0 8 0.269926
10 88 0 8 0.267287
33 51 0 8 0.267167
6 28 0 8 0.267104
2 66 0 8 0.265576
15 27 0 8 0.265413
5 38 0 8 0.264639
57 67 0 8 0.264442
26 39 0 8 0.261052
59 79 0 8 0.260199
15 79 0 8 0.260168
58 88 0 8 0.258435
9 17 0 8 0.257854
14 31 0 8 0.256677
11 45 0 8 0.256556
33 85 0 8 0.255944
89 95 0 8 0.255654
75 81 0 8 0.255044
46 82 0 8 0.254273
34 63 0 8 0.254011
5 80 0 8 0.252981
1 27 0 8 0.251884
9 31 0 8 0.251569
2 27 0 8 0.249011
25 54 0 8 0.248694
5 25 0 8 0.248256
42 67 0 8 0.246316
38 87 0 8 0.246264
6 52 0 8 0.245317
42 53 0 8 0.245027
12 62 0 8 0.244835
47 70 0 8 0.244443
11 91 0 8 0.243593
4 98 0 8 0.243010
15 37 0 8 0.242758
24 61 0 8 0.242471
81 96 0 8 0.241574
37 82 0 8 0.240605
16 99 0 8 0.240312
17 39 0 8 0.240185
12 35 0 8 0.239700
53 83 0 8 0.239642
65 74 0 8 0.239462
7 69 0 8 0.238648
3 90 0 8 0.238626
3 86 0 8 0.238534
72 99 0 8 0.237438
74 80 0 8 0.237069
10 69 0 8 0.236328
64 81 0 8 0.235700
13 65 0 8 0.235380
59 96 0 8 0.234902
9 15 0 8 0.234477
65 81 0 8 0.233469
9 55 0 8 0.232602
2 61 0 8 0.230791
10 32 0 8 0.230636
30 42 0 8 0.230106
1 44 0 8 0.230003
29 43 0 8 0.229716
3 27 0 8 0.229399
44 67 0 8 0.228398
14 83 0 8 0.228361
7 68 0 8 0.227728
30 51 0 8 0.227702
62 74 0 8 0.227569
41 96 0 8 0.227407
70 96 0 8 0.226607
86 98 0 8 0.225334
21 27 0 8 0.225096
68 97 0 8 0.224345
18 43 0 8 0.222723
13 53 0 8 0.221785
26 57 0 8 0.221267
1 8 0 8 0.220969
4 9 0 8 0.219724
33 42 0 8 0.217803
1 9 0 8 0.217578
17 61 0 8 0.217469
1 98 0 8 0.217166
61 77 0 8 0.217116
3 35 0 8 0.215795
68 74 0 8 0.214952
19 72 0 8 0.214049
5 50 0 8 0.212795
34 66 0 8 0.212522
50 72 0 8 0.211808
57 91 0 8 0.211132
26 60 0 8 0.208395
44 73 0 8 0.208331
28 59 0 8 0.208057
57 83 0 8 0.207704
5 78 0 8 0.207130
3 19 0 8 0.206520
21 33 0 8 0.206360
46 51 0 8 0.205854
55 67 0 8 0.205534
12 37 0 8 0.203507
35 41 0 8 0.203133
44 85 0 8 0.202405
44 91 0 8 0.200964
6 91 0 8 0.200564
2 37 0 8 0.200550
7 70 0 8 0.200370
42 89 0 8 0.200116
58 66 0 8 0.199668
83 94 0 8 0.199507
6 16 0 8 0.198382
47 78 0 8 0.197720
32 42 0 8 0.197403
68 76 0 8 0.197245
46 65 0 8 0.197022
52 86 0 8 0.194483
50 80 0 8 0.193916
1 37 0 8 0.193679
16 90 0 8 0.193421
31 88 0 8 0.193262
28 50 0 8 0.192556
52 57 0 8 0.192280
22 75 0 8 0.189737
63 93 0 8 0.187777
2 8 0 8 0.187022
38 61 0 8 0.186854
17 68 0 8 0.186264
59 70 0 8 0.186242
50 79 0 8 0.185671
3 69 0 8 0.183891
1 69 0 8 0.183556
1 36 0 8 0.183030
34 54 0 8 0.182297
17 92 0 8 0.182199
15 67 0 8 0.181454
4 91 0 8 0.181377
64 90 0 8 0.181348
57 87 0 8 0.179611
24 56 0 8 0.179193
53 65 0 8 0.177488
3 65 0 8 0.176991
56 99 0 8 0.176330
28 74 0 8 0.176278
16 38 0 8 0.176081
86 92 0 8 0.174392
9 43 0 8 0.173201
15 48 0 8 0.172969
17 70 0 8 0.172844
74 84 0 8 0.172169
16 83 0 8 0.170249
43 52 0 8 0.170146
67 82 0 8 0.168293
60 68 0 8 0.166438
12 40 0 8 0.165804
68 73 0 8 0.164897
46 91 0 8 0.164657
60 72 0 8 0.164097
2 39 0 8 0.163765
90 99 0 8 0.162246
14 80 0 8 0.162218
13 76 0 8 0.162134
24 80 0 8 0.162077
22 56 0 8 0.161186
1 28 0 8 0.159963
10 79 0 8 0.159451
28 78 0 8 0.159387
88 95 0 8 0.158351
13 71 0 8 0.155415
29 68 0 8 0.155051
25 64 0 8 0.154820
40 98 0 8 0.154133
18 81 0 8 0.153748
73 99 0 8 0.153632
21 40 0 8 0.153076
17 67 0 8 0.153030
17 81 0 8 0.152927
12 95 0 8 0.151856
70 95 0 8 0.151745
86 99 0 8 0.151168
20 86 0 8 0.151026
60 78 0 8 0.150513
20 73 0 8 0.150100
51 96 0 8 0.149536
37 71 0 8 0.147551
36 44 0 8 0.147195
3 26 0 8 0.146949
5 88 0 8 0.146709
17 57 0 8 0.145525
55 96 0 8 0.145434
6 43 0 8 0.145262
35 73 0 8 0.144434
6 70 0 8 0.143884
1 25 0 8 0.142844
21 37 0 8 0.142627
6 78 0 8 0.141175
38 94 0 8 0.140805
5 15 0 8 0.140365
24 57 0 8 0.140275
30 53 0 8 0.139860
44 83 0 8 0.139542
12 61 0 8 0.137898
63 94 0 8 0.137012
17 99 0 8 0.135885
57 97 0 8 0.135211
77 89 0 8 0.134904
32 61 0 8 0.134611
25 33 0 8 0.133697
53 88 0 8 0.131993
13 27 0 8 0.131834
37 86 0 8 0.130332
60 98 0 8 0.130170
52 62 0 8 0.129603
9 60 0 8 0.129562
39 60 0 8 0.129396
78 97 0 8 0.129264
40 55 0 8 0.128809
27 37 0 8 0.127417
42 80 0 8 0.126630
2 91 0 8 0.125728
48 90 0 8 0.125723
72 82 0 8 0.124527
7 89 0 8 0.124119
14 73 0 8 0.123654
38 58 0 8 0.123633
23 30 0 8 0.122959
14 96 0 8 0.122641
26 88 0 8 0.122482
17 72 0 8 0.121415
12 99 0 8 0.121135
49 97 0 8 0.120630
84 92 0 8 0.120083
16 86 0 8 0.119891
19 31 0 8 0.118099
7 99 0 8 0.117745
10 98 0 8 0.116904
40 73 0 8 0.116186
86 96 0 8 0.115003
85 90 0 8 0.114613
6 20 0 8 0.113046
14 27 0 8 0.112800
9 34 0 8 0.112225
57 89 0 8 0.112187
56 69 0 8 0.112082
80 98 0 8 0.111616
33 61 0 8 0.111585
5 28 0 8 0.111154
36 54 0 8 0.110479
56 97 0 8 0.109611
53 68 0 8 0.109223
13 25 0 8 0.109123
77 96 0 8 0.108082
61 85 0 8 0.106809
16 27 0 8 0.106206
10 99 0 8 0.106170
79 87 0 8 0.106153
41 58 0 8 0.105453
34 82 0 8 0.104113
17 33 0 8 0.104052
24 64 0 8 0.104045
24 92 0 8 0.103044
56 73 0 8 0.102977
3 41 0 8 0.102764
26 81 0 8 0.102473
23 93 0 8 0.101452
57 99 0 8 0.100616
43 99 0 8 0.099798
55 73 0 8 0.099080
50 68 0 8 0.098132
27 33 0 8 0.097874
70 78 0 8 0.097664
17 52 0 8 0.097502
7 35 0 8 0.096974
46 97 0 8 0.096646
39 47 0 8 0.095923
46 66 0 8 0.095796
16 70 0 8 0.095713
8 91 0 8 0.095604
60 92 0 8 0.094936
39 66 0 8 0.094389
9 21 0 8 0.094129
25 74 0 8 0.093779
5 97 0 8 0.093413
7 65 0 8 0.092463
21 26 0 8 0.092459
10 86 0 8 0.092266
43 84 0 8 0.091746
15 64 0 8 0.091734
45 68 0 8 0.091622
12 70 0 8 0.090714
35 82 0 8 0.086759
10 22 0 8 0.086260
18 95 0 8 0.086067
37 43 0 8 0.085628
44 49 0 8 0.083409
19 44 0 8 0.083057
29 50 0 8 0.083043
36 45 0 8 0.081021
18 91 0 8 0.080835
49 76 0 8 0.080373
16 30 0 8 0.080155
25 85 0 8 0.078754
9 14 0 8 0.078119
12 31 0 8 0.077710
86 93 0 8 0.075957
23 84 0 8 0.075878
17 86 0 8 0.075741
3 72 0 8 0.075359
51 57 0 8 0.075191
8 73 0 8 0.074913
4 73 0 8 0.074501
41 90 0 8 0.074380
11 17 0 8 0.074012
38 52 0 8 0.073815
72 84 0 8 0.073517
62 98 0 8 0.072519
71 77 0 8 0.071690
23 61 0 8 0.071467
70 84 0 8 0.071133
23 57 0 8 0.071058
20 25 0 8 0.070967
3 13 0 8 0.070464
1 51 0 8 0.070396
22 28 0 8 0.070327
8 51 0 8 0.069733
44 96 0 8 0.069661
2 28 0 8 0.069328
9 76 0 8 0.069296
29 90 0 8 0.069235
40 66 0 8 0.069214
49 71 0 8 0.067421
67 85 0 8 0.066677
21 55 0 8 0.066403
1 10 0 8 0.066345
5 62 0 8 0.066257
53 84 0 8 0.066113
10 47 0 8 0.065478
89 96 0 8 0.065423
6 17 0 8 0.064945
39 79 0 8 0.064830
1 17 0 8 0.064767
53 96 0 8 0.063670
4 17 0 8 0.063516
22 33 0 8 0.063447
21 46 0 8 0.063446
2 13 0 8 0.061582
17 98 0 8 0.061206
22 49 0 8 0.061051
53 99 0 8 0.061016
21 45 0 8 0.060106
10 92 0 8 0.059524
43 91 0 8 0.059333
55 60 0 8 0.059233
17 55 0 8 0.058760
62 87 0 8 0.058012
27 68 0 8 0.057814
26 96 0 8 0.057429
3 28 0 8 0.054930
36 98 0 8 0.054605
15 74 0 8 0.054016
40 61 0 8 0.053194
5 18 0 8 0.052878
37 72 0 8 0.052725
39 76 0 8 0.052323
58 87 0 8 0.051317
12 97 0 8 0.050677
7 61 0 8 0.049952
14 35 0 8 0.048905
42 48 0 8 0.048520
11 37 0 8 0.047958
55 80 0 8 0.047737
28 97 0 8 0.047025
1 86 0 8 0.046679
5 19 0 8 0.045912
26 89 0 8 0.045519
52 65 0 8 0.045470
27 97 0 8 0.045220
2 10 0 8 0.045133
6 22 0 8 0.044438
45 67 0 8 0.044027
4 25 0 8 0.044005
2 47 0 8 0.042988
29 41 0 8 0.042614
68 82 0 8 0.042542
54 94 0 8 0.041898
14 47 0 8 0.041255
67 91 0 8 0.041103
35 62 0 8 0.040376
2 19 0 8 0.040035
27 39 0 8 0.039755
27 75 0 8 0.039290
12 24 0 8 0.038901
5 16 0 8 0.038621
65 91 0 8 0.037824
14 39 0 8 0.037676
66 85 0 8 0.037453
37 81 0 8 0.036294
11 30 0 8 0.036251
19 55 0 8 0.035942
4 82 0 8 0.035922
76 86 0 8 0.034718
50 73 0 8 0.034670
8 89 0 8 0.034567
13 41 0 8 0.034502
43 69 0 8 0.034249
27 35 0 8 0.034215
1 16 0 8 0.033929
5 52 0 8 0.033900
8 32 0 8 0.033599
61 98 0 8 0.033264
2 67 0 8 0.030835
69 77 0 8 0.030593
39 89 0 8 0.030592
3 9 0 8 0.030296
26 56 0 8 0.030251
76 91 0 8 0.029870
7 60 0 8 0.029126
3 50 0 8 0.029027
17 88 0 8 0.028571
26 95 0 8 0.028010
3 70 0 8 0.027413
70 81 0 8 0.025747
15 24 0 8 0.025602
80 95 0 8 0.025540
59 67 0 8 0.025529
30 62 0 8 0.025125
15 28 0 8 0.024656
17 97 0 8 0.023426
52 75 0 8 0.023304
51 77 0 8 0.022689
81 99 0 8 0.022538
2 36 0 8 0.022019
32 89 0 8 0.021771
18 66 0 8 0.020498
28 81 0 8 0.018604
37 97 0 8 0.017247
19 69 0 8 0.017134
43 48 0 8 0.016183
35 53 0 8 0.016066
34 44 0 8 0.015080
28 47 0 8 0.014154
15 86 0 8 0.014144
12 30 0 8 0.013672
1 26 0 8 0.013180
64 86 0 8 0.013171
70 75 0 8 0.013091
6 40 0 8 0.011880
39 54 0 8 0.011789
13 58 0 8 0.011043
2 65 0 8 0.009642
40 49 0 8 0.009177
7 63 0 8 0.008604
63 91 0 8 0.008418
87 99 0 8 0.008016
11 79 0 8 0.007926
66 98 0 8 0.007749
55 63 0 8 0.006030
81 93 0 8 0.005625
1 71 0 8 0.004997
17 66 0 8 0.004901
33 67 0 8 0.004667
60 81 0 8 0.004533
20 66 0 8 0.004402
29 65 0 8 0.004216
64 98 0 8 0.003744
21 43 0 8 0.003202
43 64 0 8 0.002849
32 65 0 8 0.002615
8 27 0 8 0.001526
6 72 0 8 0.001287
3 46 0 8 0.000992
36 59 0 8 0.000788
22 60 0 8 0.000735
33 70 0 8 0.000454
92 98 0 8 -0.001211
31 83 0 8 -0.001298
13 86 0 8 -0.001676
6 83 0 8 -0.002216
58 86 0 8 -0.002475
37 59 0 8 -0.003672
18 40 0 8 -0.004377
16 35 0 8 -0.004753
4 68 0 8 -0.004762
41 73 0 8 -0.005249
38 44 0 8 -0.005600
21 98 0 8 -0.005698
1 74 0 8 -0.006617
9 90 0 8 -0.007332
55 90 0 8 -0.007748
15 83 0 8 -0.008259
27 98 0 8 -0.009490
18 68 0 8 -0.010402
56 92 0 8 -0.010653
28 39 0 8 -0.011073
13 99 0 8 -0.011431
37 64 0 8 -0.011725
16 31 0 8 -0.012393
78 99 0 8 -0.013156
75 86 0 8 -0.013690
25 84 0 8 -0.014235
65 96 0 8 -0.014397
1 12 0 8 -0.014747
9 29 0 8 -0.015046
5 65 0 8 -0.015330
80 93 0 8 -0.015345
51 65 0 8 -0.017441
12 32 0 8 -0.019348
3 25 0 8 -0.019579
50 89 0 8 -0.019732
61 76 0 8 -0.020063
27 84 0 8 -0.020085
3 10 0 8 -0.021093
6 96 0 8 -0.021728
84 98 0 8 -0.021745
9 37 0 8 -0.023481
10 26 0 8 -0.023641
60 85 0 8 -0.024014
12 81 0 8 -0.024336
72 90 0 8 -0.024654
21 95 0 8 -0.024930
14 25 0 8 -0.025206
16 65 0 8 -0.025457
79 92 0 8 -0.025662
18 76 0 8 -0.025845
30 60 0 8 -0.027371
37 93 0 8 -0.028271
58 74 0 8 -0.028284
24 86 0 8 -0.029369
23 47 0 8 -0.030726
24 62 0 8 -0.033405
27 58 0 8 -0.033862
32 62 0 8 -0.033929
20 92 0 8 -0.034439
27 63 0 8 -0.035114
56 70 0 8 -0.035335
67 99 0 8 -0.036920
5 57 0 8 -0.037197
54 81 0 8 -0.037806
16 56 0 8 -0.037897
54 86 0 8 -0.040215
74 96 0 8 -0.040359
29 57 0 8 -0.040462
45 71 0 8 -0.041055
37 54 0 8 -0.041664
18 69 0 8 -0.041934
35 40 0 8 -0.042849
38 79 0 8 -0.043499
63 77 0 8 -0.043748
67 97 0 8 -0.043988
20 65 0 8 -0.044176
88 99 0 8 -0.045498
1 47 0 8 -0.045681
35 81 0 8 -0.045762
15 90 0 8 -0.046515
41 86 0 8 -0.046515
17 49 0 8 -0.046701
20 32 0 8 -0.046721
25 47 0 8 -0.046752
61 87 0 8 -0.046896
70 89 0 8 -0.046913
18 78 0 8 -0.046982
19 54 0 8 -0.049287
81 91 0 8 -0.050764
26 84 0 8 -0.050790
23 62 0 8 -0.053173
26 61 0 8 -0.053274
61 66 0 8 -0.053345
12 44 0 8 -0.054436
17 89 0 8 -0.055927
66 99 0 8 -0.056621
5 26 0 8 -0.056780
9 94 0 8 -0.057106
14 91 0 8 -0.057135
27 51 0 8 -0.058041
8 95 0 8 -0.058470
55 94 0 8 -0.058882
19 24 0 8 -0.059199
69 82 0 8 -0.060236
6 95 0 8 -0.061855
32 71 0 8 -0.062092
47 98 0 8 -0.063156
5 30 0 8 -0.063940
4 30 0 8 -0.064571
22 76 0 8 -0.064579
54 66 0 8 -0.064647
49 93 0 8 -0.065481
22 51 0 8 -0.065973
7 28 0 8 -0.067073
4 21 0 8 -0.067973
4 46 0 8 -0.069916
12 43 0 8 -0.070432
18 73 0 8 -0.070541
15 88 0 8 -0.070849
13 46 0 8 -0.071475
25 53 0 8 -0.072254
33 68 0 8 -0.072361
2 38 0 8 -0.072931
29 80 0 8 -0.073416
58 69 0 8 -0.073658
1 61 0 8 -0.074112
49 79 0 8 -0.074151
17 78 0 8 -0.074154
31 48 0 8 -0.074212
1 85 0 8 -0.074607
8 37 0 8 -0.075856
28 88 0 8 -0.076323
35 42 0 8 -0.076594
2 88 0 8 -0.078063
44 81 0 8 -0.078118
56 64 0 8 -0.078281
1 97 0 8 -0.079653
28 89 0 8 -0.079802
19 59 0 8 -0.080149
40 87 0 8 -0.080218
32 72 0 8 -0.080375
11 86 0 8 -0.080729
24 84 0 8 -0.081218
10 17 0 8 -0.081819
23 81 0 8 -0.081961
79 99 0 8 -0.082185
15 97 0 8 -0.082433
3 14 0 8 -0.084394
16 87 0 8 -0.084498
66 71 0 8 -0.085321
60 73 0 8 -0.085459
61 70 0 8 -0.085889
22 92 0 8 -0.086604
63 92 0 8 -0.087484
33 53 0 8 -0.087507
11 70 0 8 -0.087585
2 92 0 8 -0.087838
2 26 0 8 -0.088796
19 94 0 8 -0.089530
70 82 0 8 -0.089731
2 86 0 8 -0.090183
19 97 0 8 -0.090272
38 97 0 8 -0.090381
73 81 0 8 -0.090472
32 86 0 8 -0.091312
5 10 0 8 -0.091569
40 90 0 8 -0.091776
54 87 0 8 -0.092527
2 33 0 8 -0.092778
28 82 0 8 -0.092933
1 21 0 8 -0.093183
66 83 0 8 -0.093446
23 98 0 8 -0.093626
67 79 0 8 -0.094489
18 25 0 8 -0.094896
21 96 0 8 -0.095216
2 22 0 8 -0.095434
6 48 0 8 -0.096721
27 62 0 8 -0.097146
26 99 0 8 -0.097228
49 92 0 8 -0.097973
8 58 0 8 -0.098882
4 60 0 8 -0.099280
77 94 0 8 -0.099416
11 82 0 8 -0.099837
4 18 0 8 -0.100049
50 55 0 8 -0.100469
19 95 0 8 -0.100982
51 88 0 8 -0.101112
16 32 0 8 -0.101496
48 70 0 8 -0.102720
6 13 0 8 -0.102879
16 53 0 8 -0.103054
19 85 0 8 -0.103367
27 52 0 8 -0.103887
45 99 0 8 -0.104029
47 96 0 8 -0.104153
20 83 0 8 -0.104346
8 18 0 8 -0.104703
12 52 0 8 -0.105470
34 70 0 8 -0.105660
4 24 0 8 -0.106333
45 94 0 8 -0.106568
36 96 0 8 -0.106570
61 74 0 8 -0.106824
67 80 0 8 -0.106853
22 87 0 8 -0.107283
1 95 0 8 -0.107490
1 55 0 8 -0.107771
16 44 0 8 -0.108443
2 12 0 8 -0.109311
12 20 0 8 -0.109464
13 96 0 8 -0.109483
3 45 0 8 -0.109530
34 65 0 8 -0.109819
73 83 0 8 -0.109926
2 20 0 8 -0.110072
28 33 0 8 -0.110124
27 71 0 8 -0.112099
7 31 0 8 -0.112178
11 94 0 8 -0.112544
4 31 0 8 -0.113696
14 97 0 8 -0.114129
51 89 0 8 -0.114529
8 40 0 8 -0.115471
1 15 0 8 -0.115493
77 93 0 8 -0.115830
27 99 0 8 -0.116185
7 42 0 8 -0.116333
69 87 0 8 -0.116359
70 99 0 8 -0.116618
28 40 0 8 -0.116900
20 27 0 8 -0.117081
68 90 0 8 -0.117627
18 72 0 8 -0.117837
24 72 0 8 -0.118480
14 82 0 8 -0.118935
15 91 0 8 -0.118962
61 89 0 8 -0.119398
26 35 0 8 -0.120222
19 86 0 8 -0.121709
4 11 0 8 -0.122308
17 65 0 8 -0.123009
11 98 0 8 -0.123382
6 71 0 8 -0.123819
34 99 0 8 -0.124626
56 74 0 8 -0.124824
65 84 0 8 -0.125331
8 45 0 8 -0.125647
14 74 0 8 -0.126246
6 99 0 8 -0.126304
76 92 0 8 -0.126617
5 27 0 8 -0.126662
24 74 0 8 -0.127230
19 68 0 8 -0.127635
3 77 0 8 -0.128575
29 99 0 8 -0.128706
40 88 0 8 -0.129331
1 94 0 8 -0.129408
45 66 0 8 -0.129895
9 72 0 8 -0.130253
5 44 0 8 -0.130475
3 98 0 8 -0.131551
41 99 0 8 -0.131777
2 9 0 8 -0.131784
53 86 0 8 -0.132101
41 71 0 8 -0.132488
27 67 0 8 -0.132852
33 86 0 8 -0.133076
3 96 0 8 -0.133086
34 52 0 8 -0.133092
53 62 0 8 -0.133563
3 75 0 8 -0.134130
11 85 0 8 -0.134684
39 98 0 8 -0.135479
5 12 0 8 -0.135499
4 84 0 8 -0.135633
8 96 0 8 -0.135960
5 86 0 8 -0.136565
91 98 0 8 -0.137360
17 69 0 8 -0.137374
49 57 0 8 -0.138022
8 13 0 8 -0.139104
71 87 0 8 -0.139378
14 50 0 8 -0.140041
55 92 0 8 -0.140427
25 34 0 8 -0.140493
52 96 0 8 -0.140585
46 59 0 8 -0.140640
31 95 0 8 -0.140794
52 85 0 8 -0.141068
39 81 0 8 -0.141741
25 50 0 8 -0.142175
17 36 0 8 -0.142324
20 45 0 8 -0.142459
3 18 0 8 -0.142656
2 44 0 8 -0.142819
18 86 0 8 -0.143128
30 46 0 8 -0.143654
65 94 0 8 -0.143780
31 60 0 8 -0.144207
24 75 0 8 -0.144407
10 31 0 8 -0.144640
5 14 0 8 -0.144647
83 99 0 8 -0.144687
23 88 0 8 -0.144827
12 28 0 8 -0.145303
79 98 0 8 -0.145475
38 56 0 8 -0.146195
35 80 0 8 -0.146277
11 40 0 8 -0.146492
37 48 0 8 -0.146865
48 68 0 8 -0.147642
25 98 0 8 -0.147675
1 65 0 8 -0.147820
25 92 0 8 -0.147996
34 68 0 8 -0.148195
19 29 0 8 -0.148446
14 61 0 8 -0.148877
2 77 0 8 -0.148973
75 92 0 8 -0.149426
8 36 0 8 -0.149791
37 56 0 8 -0.149811
31 86 0 8 -0.150201
68 77 0 8 -0.150541
35 96 0 8 -0.150752
5 98 0 8 -0.151667
73 97 0 8 -0.152925
21 63 0 8 -0.153099
14 98 0 8 -0.153267
11 31 0 8 -0.153312
11 25 0 8 -0.153327
50 62 0 8 -0.153889
1 70 0 8 -0.154241
9 68 0 8 -0.154467
18 84 0 8 -0.154996
3 84 0 8 -0.155055
72 96 0 8 -0.155169
51 66 0 8 -0.155554
1 72 0 8 -0.156130
9 47 0 8 -0.156151
31 59 0 8 -0.156579
25 97 0 8 -0.157026
21 74 0 8 -0.157411
9 46 0 8 -0.157860
16 26 0 8 -0.158140
27 38 0 8 -0.158175
62 92 0 8 -0.158580
1 19 0 8 -0.158787
46 61 0 8 -0.159064
1 91 0 8 -0.159609
10 43 0 8 -0.159888
3 92 0 8 -0.160162
37 55 0 8 -0.160228
5 63 0 8 -0.160750
47 94 0 8 -0.160893
70 83 0 8 -0.161179
50 69 0 8 -0.161216
17 93 0 8 -0.161378
14 36 0 8 -0.161764
12 59 0 8 -0.162772
45 54 0 8 -0.162776
32 99 0 8 -0.163644
20 71 0 8 -0.164602
50 83 0 8 -0.164722
7 16 0 8 -0.164873
59 73 0 8 -0.165324
26 51 0 8 -0.166691
28 90 0 8 -0.167321
61 99 0 8 -0.167551
59 68 0 8 -0.168221
47 88 0 8 -0.168351
81 97 0 8 -0.168903
3 76 0 8 -0.169081
32 40 0 8 -0.169094
48 57 0 8 -0.169923
41 66 0 8 -0.170082
28 65 0 8 -0.170366
41 93 0 8 -0.171027
15 69 0 8 -0.171509
56 81 0 8 -0.171944
59 94 0 8 -0.172232
13 38 0 8 -0.173156
75 98 0 8 -0.173159
2 82 0 8 -0.174817
2 46 0 8 -0.175759
3 8 0 8 -0.177129
14 40 0 8 -0.177479
23 94 0 8 -0.177590
34 42 0 8 -0.177846
1 7 0 8 -0.178391
6 47 0 8 -0.179452
62 99 0 8 -0.179476
9 42 0 8 -0.180046
90 96 0 8 -0.180815
3 11 0 8 -0.181286
14 28 0 8 -0.181549
50 85 0 8 -0.181562
4 96 0 8 -0.182176
1 59 0 8 -0.182187
23 32 0 8 -0.182274
4 37 0 8 -0.182583
12 29 0 8 -0.182621
19 70 0 8 -0.183372
15 55 0 8 -0.183817
42 66 0 8 -0.183831
27 74 0 8 -0.183973
12 69 0 8 -0.184060
73 86 0 8 -0.184155
7 94 0 8 -0.185279
2 96 0 8 -0.185383
15 95 0 8 -0.186055
55 84 0 8 -0.186698
2 24 0 8 -0.186721
27 45 0 8 -0.187006
16 25 0 8 -0.187079
5 11 0 8 -0.187352
26 50 0 8 -0.188566
4 27 0 8 -0.188681
7 77 0 8 -0.189017
80 86 0 8 -0.189214
3 63 0 8 -0.189322
9 88 0 8 -0.189393
50 66 0 8 -0.189876
6 27 0 8 -0.189949
11 60 0 8 -0.190598
38 81 0 8 -0.190662
3 87 0 8 -0.190788
19 42 0 8 -0.191044
5 33 0 8 -0.191815
1 49 0 8 -0.191977
25 99 0 8 -0.192972
6 25 0 8 -0.193231
2 34 0 8 -0.193889
21 44 0 8 -0.194259
7 53 0 8 -0.194348
28 43 0 8 -0.196451
14 86 0 8 -0.196665
25 67 0 8 -0.196915
37 74 0 8 -0.197468
6 55 0 8 -0.197871
5 66 0 8 -0.198801
48 84 0 8 -0.198869
9 32 0 8 -0.199187
12 46 0 8 -0.199346
5 94 0 8 -0.199384
6 93 0 8 -0.199728
66 86 0 8 -0.200345
31 99 0 8 -0.200796
5 82 0 8 -0.201314
1 35 0 8 -0.202048
6 36 0 8 -0.202302
60 77 0 8 -0.202568
1 11 0 8 -0.202958
43 56 0 8 -0.203138
4 86 0 8 -0.203432
3 49 0 8 -0.204230
47 91 0 8 -0.204362
1 30 0 8 -0.204661
17 46 0 8 -0.205686
2 14 0 8 -0.208158
48 77 0 8 -0.208827
25 78 0 8 -0.209004
34 46 0 8 -0.210523
21 86 0 8 -0.210831
28 99 0 8 -0.211693
19 62 0 8 -0.212190
8 85 0 8 -0.212495
39 97 0 8 -0.213158
65 98 0 8 -0.213563
85 97 0 8 -0.214199
48 61 0 8 -0.214381
50 99 0 8 -0.214529
57 92 0 8 -0.214889
36 86 0 8 -0.214897
15 50 0 8 -0.215181
27 64 0 8 -0.215311
46 77 0 8 -0.216399
6 86 0 8 -0.217011
54 61 0 8 -0.217156
7 54 0 8 -0.217551
32 68 0 8 -0.217680
53 60 0 8 -0.218670
6 67 0 8 -0.219363
5 99 0 8 -0.220247
5 31 0 8 -0.220607
3 29 0 8 -0.221249
40 70 0 8 -0.221384
2 73 0 8 -0.221441
17 30 0 8 -0.222942
2 15 0 8 -0.223162
25 90 0 8 -0.223675
64 72 0 8 -0.223701
5 76 0 8 -0.223844
37 73 0 8 -0.224788
44 50 0 8 -0.225402
10 87 0 8 -0.227183
10 27 0 8 -0.227818
1 62 0 8 -0.228000
6 64 0 8 -0.228273
17 53 0 8 -0.228563
19 37 0 8 -0.228570
37 68 0 8 -0.228621
27 40 0 8 -0.228723
17 31 0 8 -0.229323
60 99 0 8 -0.229778
1 81 0 8 -0.229941
5 55 0 8 -0.230590
45 75 0 8 -0.231091
32 55 0 8 -0.231424
16 54 0 8 -0.231666
30 94 0 8 -0.231675
29 48 0 8 -0.233088
28 70 0 8 -0.233441
12 18 0 8 -0.233561
3 56 0 8 -0.233587
83 90 0 8 -0.233902
1 77 0 8 -0.233926
69 85 0 8 -0.234422
8 52 0 8 -0.234712
14 24 0 8 -0.235209
4 77 0 8 -0.235316
29 75 0 8 -0.235578
26 52 0 8 -0.235666
18 58 0 8 -0.236104
9 99 0 8 -0.236286
70 86 0 8 -0.236611
36 81 0 8 -0.236645
27 87 0 8 -0.236702
35 74 0 8 -0.236824
38 86 0 8 -0.237267
3 22 0 8 -0.238111
65 88 0 8 -0.238549
26 43 0 8 -0.238999
32 67 0 8 -0.239036
52 74 0 8 -0.239087
66 90 0 8 -0.239246
23 40 0 8 -0.239733
6 14 0 8 -0.239973
39 44 0 8 -0.240029
2 76 0 8 -0.240498
23 70 0 8 -0.240636
19 46 0 8 -0.241175
1 18 0 8 -0.241244
2 41 0 8 -0.242037
37 98 0 8 -0.242240
1 46 0 8 -0.242346
25 91 0 8 -0.243017
55 69 0 8 -0.243216
2 98 0 8 -0.243282
1 68 0 8 -0.243475
25 38 0 8 -0.243975
79 86 0 8 -0.244121
8 46 0 8 -0.244262
48 91 0 8 -0.245100
1 73 0 8 -0.245541
8 62 0 8 -0.245684
6 76 0 8 -0.245731
73 84 0 8 -0.245792
3 54 0 8 -0.246470
27 94 0 8 -0.246577
9 41 0 8 -0.246889
59 81 0 8 -0.247120
17 35 0 8 -0.247915
51 71 0 8 -0.249078
5 49 0 8 -0.249216
38 66 0 8 -0.249597
36 68 0 8 -0.250334
1 52 0 8 -0.250442
58 64 0 8 -0.251289
27 36 0 8 -0.251327
18 63 0 8 -0.251977
53 67 0 8 -0.252027
30 49 0 8 -0.252759
50 90 0 8 -0.252876
5 56 0 8 -0.253084
39 83 0 8 -0.253218
1 92 0 8 -0.253315
8 93 0 8 -0.253621
18 27 0 8 -0.253863
56 67 0 8 -0.253961
9 58 0 8 -0.254027
29 60 0 8 -0.254638
63 95 0 8 -0.254664
44 99 0 8 -0.254734
1 39 0 8 -0.255302
1 14 0 8 -0.256159
23 44 0 8 -0.256464
4 28 0 8 -0.257158
49 75 0 8 -0.257787
76 96 0 8 -0.258386
5 37 0 8 -0.258387
1 64 0 8 -0.259101
2 68 0 8 -0.259175
1 88 0 8 -0.260093
9 33 0 8 -0.260888
34 69 0 8 -0.260957
32 81 0 8 -0.261498
8 66 0 8 -0.263424
27 47 0 8 -0.263842
29 58 0 8 -0.264074
17 90 0 8 -0.264578
11 96 0 8 -0.264760
24 60 0 8 -0.265331
87 96 0 8 -0.265717
8 25 0 8 -0.265937
45 90 0 8 -0.266015
12 17 0 8 -0.266230
63 68 0 8 -0.266278
23 43 0 8 -0.266414
1 23 0 8 -0.266534
30 57 0 8 -0.266695
5 81 0 8 -0.266853
14 66 0 8 -0.267122
27 96 0 8 -0.267154
50 86 0 8 -0.267480
34 80 0 8 -0.267555
19 99 0 8 -0.267777
45 80 0 8 -0.267781
27 81 0 8 -0.267891
79 96 0 8 -0.268509
1 87 0 8 -0.268706
1 58 0 8 -0.269034
19 25 0 8 -0.269352
65 72 0 8 -0.269371
20 77 0 8 -0.270269
3 12 0 8 -0.270743
41 57 0 8 -0.270976
1 56 0 8 -0.272305
15 30 0 8 -0.273178
23 63 0 8 -0.273715
2 85 0 8 -0.274391
3 34 0 8 -0.274583
58 81 0 8 -0.275152
10 66 0 8 -0.275293
2 64 0 8 -0.275463
24 53 0 8 -0.275705
32 63 0 8 -0.275803
8 86 0 8 -0.276014
37 87 0 8 -0.276412
15 80 0 8 -0.276665
1 29 0 8 -0.276930
58 99 0 8 -0.277278
66 77 0 8 -0.278691
33 94 0 8 -0.278840
18 30 0 8 -0.278900
11 99 0 8 -0.279049
26 33 0 8 -0.279463
2 49 0 8 -0.279988
14 26 0 8 -0.280296
50 59 0 8 -0.280614
1 41 0 8 -0.281124
17 59 0 8 -0.281125
23 66 0 8 -0.282054
12 22 0 8 -0.282178
8 84 0 8 -0.282237
10 53 0 8 -0.282304
74 86 0 8 -0.282481
57 88 0 8 -0.282791
65 73 0 8 -0.282800
5 87 0 8 -0.283535
45 76 0 8 -0.283677
1 96 0 8 -0.283809
2 51 0 8 -0.284334
56 98 0 8 -0.285105
52 58 0 8 -0.285237
3 36 0 8 -0.286285
42 86 0 8 -0.286681
5 74 0 8 -0.286734
3 91 0 8 -0.287133
55 89 0 8 -0.287190
17 29 0 8 -0.287402
59 97 0 8 -0.287407
3 61 0 8 -0.287927
1 79 0 8 -0.288021
15 68 0 8 -0.288464
11 59 0 8 -0.288477
63 86 0 8 -0.288659
47 92 0 8 -0.288719
31 68 0 8 -0.288777
58 67 0 8 -0.288873
75 87 0 8 -0.289172
50 87 0 8 -0.291005
57 72 0 8 -0.291597
49 61 0 8 -0.291799
48 87 0 8 -0.291821
10 51 0 8 -0.291906
47 80 0 8 -0.291906
6 97 0 8 -0.294004
5 90 0 8 -0.294075
18 28 0 8 -0.295625
24 40 0 8 -0.295737
3 48 0 8 -0.296109
7 90 0 8 -0.296578
8 43 0 8 -0.296611
9 96 0 8 -0.297000
48 98 0 8 -0.297104
17 22 0 8 -0.297426
1 31 0 8 -0.298491
35 94 0 8 -0.298541
2 53 0 8 -0.298729
28 94 0 8 -0.298781
3 68 0 8 -0.299596
1 48 0 8 -0.300848
7 27 0 8 -0.301698
83 97 0 8 -0.301938
24 93 0 8 -0.302056
27 70 0 8 -0.302526
28 72 0 8 -0.302684
54 88 0 8 -0.303210
40 62 0 8 -0.303691
53 59 0 8 -0.303743
11 44 0 8 -0.304257
8 76 0 8 -0.304915
33 95 0 8 -0.305142
7 80 0 8 -0.305397
4 50 0 8 -0.305726
11 22 0 8 -0.305860
58 98 0 8 -0.305874
26 66 0 8 -0.305894
51 80 0 8 -0.306518
68 78 0 8 -0.306537
8 75 0 8 -0.306774
25 82 0 8 -0.307323
19 36 0 8 -0.307623
1 54 0 8 -0.307937
3 38 0 8 -0.307937
37 49 0 8 -0.310408
1 33 0 8 -0.310531
20 55 0 8 -0.310667
15 60 0 8 -0.310711
25 77 0 8 -0.312385
1 60 0 8 -0.312614
25 55 0 8 -0.312753
7 25 0 8 -0.313170
27 65 0 8 -0.313181
41 53 0 8 -0.313305
10 18 0 8 -0.313358
7 79 0 8 -0.313445
5 68 0 8 -0.313647
2 90 0 8 -0.313812
69 81 0 8 -0.313970
32 56 0 8 -0.314475
7 84 0 8 -0.314606
2 70 0 8 -0.314606
22 67 0 8 -0.315057
35 75 0 8 -0.315356
59 69 0 8 -0.315430
29 77 0 8 -0.315662
27 85 0 8 -0.315861
9 54 0 8 -0.316210
28 80 0 8 -0.316405
48 97 0 8 -0.316516
11 93 0 8 -0.317062
25 36 0 8 -0.317164
57 96 0 8 -0.317514
12 79 0 8 -0.318039
18 55 0 8 -0.318162
19 56 0 8 -0.318593
14 76 0 8 -0.318970
9 56 0 8 -0.318979
82 99 0 8 -0.319269
14 42 0 8 -0.319286
56 71 0 8 -0.320375
2 18 0 8 -0.320528
41 74 0 8 -0.320566
1 83 0 8 -0.320903
65 86 0 8 -0.320905
62 78 0 8 -0.320983
13 88 0 8 -0.321706
1 89 0 8 -0.322826
1 22 0 8 -0.322918
52 72 0 8 -0.323094
3 20 0 8 -0.323411
34 86 0 8 -0.323418
13 60 0 8 -0.323795
12 86 0 8 -0.324849
24 71 0 8 -0.325105
7 86 0 8 -0.325285
28 35 0 8 -0.325467
86 95 0 8 -0.325694
6 41 0 8 -0.325729
47 79 0 8 -0.326351
28 98 0 8 -0.326689
9 92 0 8 -0.326711
10 80 0 8 -0.326867
9 69 0 8 -0.326945
4 43 0 8 -0.327443
12 27 0 8 -0.328149
11 28 0 8 -0.328219
13 26 0 8 -0.328365
3 21 0 8 -0.328652
1 40 0 8 -0.328800
82 92 0 8 -0.328808
43 51 0 8 -0.329976
30 68 0 8 -0.330042
59 88 0 8 -0.330215
52 68 0 8 -0.330301
55 87 0 8 -0.330924
2 97 0 8 -0.331069
17 48 0 8 -0.331427
1 66 0 8 -0.332780
2 54 0 8 -0.332995
27 50 0 8 -0.333153
51 83 0 8 -0.333349
25 79 0 8 -0.333667
45 87 0 8 -0.333681
34 64 0 8 -0.333752
3 33 0 8 -0.334737
23 86 0 8 -0.334802
19 27 0 8 -0.335038
2 81 0 8 -0.335357
25 89 0 8 -0.336836
6 63 0 8 -0.337074
30 50 0 8 -0.337217
8 15 0 8 -0.337347
17 91 0 8 -0.337826
14 33 0 8 -0.337981
53 94 0 8 -0.339164
45 72 0 8 -0.339471
45 92 0 8 -0.339748
15 75 0 8 -0.339754
33 41 0 8 -0.339766
42 68 0 8 -0.340074
66 72 0 8 -0.340352
52 99 0 8 -0.340404
15 26 0 8 -0.340477
1 82 0 8 -0.341149
1 84 0 8 -0.341327
1 53 0 8 -0.342111
21 42 0 8 -0.342141
31 87 0 8 -0.343049
78 90 0 8 -0.343216
2 42 0 8 -0.343247
16 43 0 8 -0.343608
35 59 0 8 -0.343768
27 34 0 8 -0.344192
3 81 0 8 -0.344304
18 97 0 8 -0.344746
3 15 0 8 -0.344788
64 99 0 8 -0.344931
3 95 0 8 -0.345467
3 51 0 8 -0.345691
26 78 0 8 -0.346022
19 77 0 8 -0.346093
1 20 0 8 -0.346169
13 61 0 8 -0.346873
29 86 0 8 -0.347859
58 97 0 8 -0.348239
1 43 0 8 -0.349624
65 99 0 8 -0.349712
39 99 0 8 -0.349722
7 30 0 8 -0.349873
15 35 0 8 -0.349920
48 76 0 8 -0.350945
41 98 0 8 -0.351583
15 65 0 8 -0.352293
8 14 0 8 -0.352423
68 98 0 8 -0.353091
1 76 0 8 -0.353331
15 70 0 8 -0.353560
33 60 0 8 -0.353781
1 32 0 8 -0.354176
32 79 0 8 -0.354534
56 72 0 8 -0.354984
15 99 0 8 -0.355055
27 79 0 8 -0.355221
7 43 0 8 -0.355494
7 98 0 8 -0.356186
20 34 0 8 -0.356355
46 86 0 8 -0.356488
58 70 0 8 -0.356554
2 94 0 8 -0.356585
47 61 0 8 -0.356710
6 32 0 8 -0.356803
42 78 0 8 -0.357267
45 64 0 8 -0.357314
61 75 0 8 -0.357504
71 85 0 8 -0.358235
51 72 0 8 -0.358818
27 41 0 8 -0.359177
26 40 0 8 -0.359471
26 49 0 8 -0.359642
48 88 0 8 -0.359941
37 53 0 8 -0.360165
67 90 0 8 -0.360336
31 74 0 8 -0.360911
5 64 0 8 -0.361037
13 56 0 8 -0.361144
39 91 0 8 -0.361211
3 32 0 8 -0.361370
24 36 0 8 -0.361710
8 20 0 8 -0.362098
39 55 0 8 -0.362153
2 31 0 8 -0.363159
5 54 0 8 -0.363350
25 35 0 8 -0.363518
75 94 0 8 -0.363630
2 69 0 8 -0.364116
17 71 0 8 -0.364287
27 82 0 8 -0.364682
59 91 0 8 -0.365461
24 91 0 8 -0.365507
29 91 0 8 -0.366170
14 57 0 8 -0.366466
3 24 0 8 -0.367080
5 70 0 8 -0.367211
62 70 0 8 -0.367307
27 66 0 8 -0.367720
9 45 0 8 -0.367896
18 49 0 8 -0.368057
15 38 0 8 -0.368604
12 71 0 8 -0.368623
1 67 0 8 -0.368967
27 78 0 8 -0.369331
10 49 0 8 -0.369366
69 96 0 8 -0.369508
28 36 0 8 -0.369996
1 50 0 8 -0.370277
58 94 0 8 -0.371373
26 48 0 8 -0.371499
62 96 0 8 -0.371952
64 91 0 8 -0.372783
89 98 0 8 -0.373944
9 70 0 8 -0.374140
54 95 0 8 -0.374360
32 90 0 8 -0.375067
25 81 0 8 -0.376484
24 76 0 8 -0.376965
3 88 0 8 -0.377041
31 53 0 8 -0.377180
27 83 0 8 -0.377795
27 48 0 8 -0.378137
63 75 0 8 -0.378264
1 63 0 8 -0.378447
9 39 0 8 -0.379458
27 92 0 8 -0.379961
23 64 0 8 -0.380591
3 53 0 8 -0.380989
38 80 0 8 -0.381264
42 62 0 8 -0.381427
21 47 0 8 -0.381583
5 95 0 8 -0.381768
77 99 0 8 -0.382293
2 48 0 8 -0.382530
31 93 0 8 -0.382586
81 98 0 8 -0.383073
27 76 0 8 -0.383480
38 64 0 8 -0.383684
3 40 0 8 -0.383751
71 97 0 8 -0.383969
60 76 0 8 -0.384165
28 64 0 8 -0.384529
2 83 0 8 -0.384668
2 16 0 8 -0.384924
36 43 0 8 -0.385587
49 95 0 8 -0.385600
5 24 0 8 -0.385645
49 65 0 8 -0.385793
17 96 0 8 -0.386619
19 38 0 8 -0.386865
77 82 0 8 -0.386883
72 94 0 8 -0.386922
18 59 0 8 -0.387032
14 87 0 8 -0.387237
2 23 0 8 -0.387638
10 74 0 8 -0.387726
74 91 0 8 -0.388582
8 81 0 8 -0.388758
49 99 0 8 -0.388915
58 92 0 8 -0.388932
15 96 0 8 -0.389152
27 72 0 8 -0.389217
2 84 0 8 -0.389653
70 85 0 8 -0.389956
2 58 0 8 -0.390172
55 97 0 8 -0.390603
25 58 0 8 -0.390857
50 98 0 8 -0.391022
27 53 0 8 -0.391041
41 49 0 8 -0.391049
1 78 0 8 -0.391620
72 86 0 8 -0.391791
2 87 0 8 -0.391893
48 75 0 8 -0.392107
26 71 0 8 -0.392163
15 81 0 8 -0.392360
16 33 0 8 -0.392977
10 42 0 8 -0.393231
25 73 0 8 -0.393238
39 86 0 8 -0.393364
17 58 0 8 -0.393866
34 61 0 8 -0.394137
17 79 0 8 -0.394971
29 55 0 8 -0.396618
39 65 0 8 -0.396827
41 68 0 8 -0.396831
9 57 0 8 -0.396878
28 84 0 8 -0.396972
27 61 0 8 -0.398243
2 50 0 8 -0.398459
25 52 0 8 -0.398904
45 93 0 8 -0.398942
5 96 0 8 -0.399637
35 43 0 8 -0.399809
16 60 0 8 -0.400235
23 99 0 8 -0.400650
89 94 0 8 -0.400755
21 69 0 8 -0.401271
19 51 0 8 -0.401362
40 48 0 8 -0.401522
35 98 0 8 -0.401606
3 97 0 8 -0.402510
18 65 0 8 -0.402859
73 91 0 8 -0.403068
45 52 0 8 -0.403447
1 93 0 8 -0.403773
2 29 0 8 -0.403888
32 70 0 8 -0.404458
1 42 0 8 -0.405907
41 46 0 8 -0.406061
48 96 0 8 -0.406156
41 64 0 8 -0.406393
3 83 0 8 -0.407384
6 74 0 8 -0.407453
39 57 0 8 -0.407504
28 66 0 8 -0.407560
26 70 0 8 -0.408295
27 91 0 8 -0.408342
38 77 0 8 -0.408741
10 41 0 8 -0.408746
8 28 0 8 -0.409791
16 89 0 8 -0.409929
37 42 0 8 -0.410323
7 76 0 8 -0.410746
70 97 0 8 -0.411600
57 74 0 8 -0.411772
60 91 0 8 -0.412050
18 29 0 8 -0.413288
26 76 0 8 -0.413471
67 98 0 8 -0.414345
37 99 0 8 -0.414357
8 99 0 8 -0.414705
25 42 0 8 -0.414992
49 73 0 8 -0.415128
12 39 0 8 -0.415847
48 60 0 8 -0.415870
25 72 0 8 -0.416431
34 97 0 8 -0.416946
5 51 0 8 -0.417446
27 43 0 8 -0.417735
74 90 0 8 -0.417872
26 79 0 8 -0.418032
2 32 0 8 -0.418296
90 98 0 8 -0.418503
25 37 0 8 -0.418722
33 99 0 8 -0.418979
69 94 0 8 -0.420035
38 74 0 8 -0.420086
27 56 0 8 -0.420432
67 86 0 8 -0.420613
26 34 0 8 -0.421330
61 79 0 8 -0.421724
5 71 0 8 -0.422561
5 85 0 8 -0.422702
7 13 0 8 -0.422815
3 93 0 8 -0.423459
9 65 0 8 -0.423525
9 98 0 8 -0.423904
1 45 0 8 -0.424292
20 28 0 8 -0.424333
66 96 0 8 -0.424484
26 83 0 8 -0.424553
26 41 0 8 -0.424947
7 72 0 8 -0.425072
6 49 0 8 -0.425506
23 38 0 8 -0.425890
2 78 0 8 -0.426621
15 78 0 8 -0.426800
34 87 0 8 -0.427176
28 34 0 8 -0.428032
8 35 0 8 -0.428501
3 79 0 8 -0.428669
25 61 0 8 -0.428671
82 88 0 8 -0.428774
61 86 0 8 -0.429379
33 50 0 8 -0.429877
39 71 0 8 -0.429959
8 65 0 8 -0.430128
55 99 0 8 -0.430331
22 41 0 8 -0.430487
22 30 0 8 -0.430632
56 77 0 8 -0.430772
57 93 0 8 -0.430949
27 80 0 8 -0.431250
43 80 0 8 -0.431900
9 95 0 8 -0.432713
38 85 0 8 -0.432762
63 79 0 8 -0.432918
5 58 0 8 -0.433253
3 94 0 8 -0.433533
57 94 0 8 -0.433586
9 74 0 8 -0.433658
2 80 0 8 -0.433783
16 67 0 8 -0.433875
68 79 0 8 -0.434973
36 65 0 8 -0.435252
2 52 0 8 -0.435282
62 97 0 8 -0.435376
3 85 0 8 -0.436063
28 60 0 8 -0.436302
51 81 0 8 -0.436917
51 74 0 8 -0.437162
14 81 0 8 -0.437218
17 60 0 8 -0.437446
7 92 0 8 -0.437448
5 79 0 8 -0.437945
79 97 0 8 -0.438759
7 85 0 8 -0.439072
6 37 0 8 -0.439075
17 74 0 8 -0.439227
12 92 0 8 -0.439306
2 35 0 8 -0.439834
1 80 0 8 -0.441065
7 93 0 8 -0.441132
1 38 0 8 -0.441643
28 42 0 8 -0.441677
25 83 0 8 -0.442111
1 75 0 8 -0.442309
33 46 0 8 -0.442459
51 84 0 8 -0.442613
15 94 0 8 -0.443461
3 71 0 8 -0.444407
29 93 0 8 -0.444784
13 52 0 8 -0.445993
11 61 0 8 -0.446176
64 75 0 8 -0.446191
59 93 0 8 -0.446796
7 59 0 8 -0.446814
2 59 0 8 -0.446942
8 57 0 8 -0.447227
27 93 0 8 -0.447467
76 89 0 8 -0.447896
26 72 0 8 -0.448170
62 81 0 8 -0.448625
1 57 0 8 -0.448988
2 79 0 8 -0.449063
6 29 0 8 -0.450629
9 71 0 8 -0.450805
12 74 0 8 -0.451046
2 62 0 8 -0.451427
22 32 0 8 -0.451465
11 65 0 8 -0.451468
23 91 0 8 -0.451797
45 82 0 8 -0.452496
15 87 0 8 -0.452682
13 28 0 8 -0.454147
9 44 0 8 -0.454324
11 64 0 8 -0.454857
15 98 0 8 -0.455481
24 96 0 8 -0.455482
9 73 0 8 -0.455842
17 75 0 8 -0.456026
23 74 0 8 -0.456499
55 98 0 8 -0.456529
64 88 0 8 -0.457124
6 58 0 8 -0.457174
1 34 0 8 -0.458014
2 55 0 8 -0.458340
50 76 0 8 -0.458436
41 77 0 8 -0.459166
63 96 0 8 -0.459211
40 86 0 8 -0.459489
17 40 0 8 -0.460306
7 15 0 8 -0.460400
19 43 0 8 -0.460433
5 75 0 8 -0.460462
5 43 0 8 -0.460739
3 67 0 8 -0.460773
17 51 0 8 -0.461089
14 23 0 8 -0.462327
17 43 0 8 -0.462813
45 89 0 8 -0.462930
23 77 0 8 -0.463101
14 29 0 8 -0.463222
18 87 0 8 -0.463445
35 86 0 8 -0.463664
27 95 0 8 -0.464149
6 85 0 8 -0.464306
6 60 0 8 -0.464608
27 57 0 8 -0.465080
9 63 0 8 -0.465682
30 65 0 8 -0.466158
42 94 0 8 -0.466474
44 95 0 8 -0.466945
38 49 0 8 -0.467203
7 88 0 8 -0.467646
6 77 0 8 -0.468667
10 89 0 8 -0.468901
11 38 0 8 -0.469053
18 79 0 8 -0.469385
21 82 0 8 -0.469399
53 85 0 8 -0.469943
7 46 0 8 -0.470253
10 48 0 8 -0.470511
69 98 0 8 -0.470763
2 72 0 8 -0.470967
62 79 0 8 -0.471211
51 92 0 8 -0.471905
70 98 0 8 -0.471974
3 23 0 8 -0.472610
27 42 0 8 -0.472900
30 81 0 8 -0.472996
25 94 0 8 -0.473108
27 69 0 8 -0.473229
10 36 0 8 -0.473549
81 92 0 8 -0.473830
23 97 0 8 -0.474142
6 81 0 8 -0.474774
10 28 0 8 -0.475351
3 64 0 8 -0.475846
12 77 0 8 -0.475867
31 64 0 8 -0.476377
69 86 0 8 -0.477267
12 56 0 8 -0.477605
2 57 0 8 -0.478132
35 67 0 8 -0.478381
7 91 0 8 -0.478554
4 53 0 8 -0.478614
30 99 0 8 -0.478861
64 77 0 8 -0.479241
21 81 0 8 -0.479287
16 88 0 8 -0.480507
67 94 0 8 -0.480548
7 26 0 8 -0.480646
13 74 0 8 -0.480723
9 19 0 8 -0.482081
45 60 0 8 -0.482636
40 75 0 8 -0.482672
50 92 0 8 -0.482960
27 60 0 8 -0.483147
25 68 0 8 -0.483223
27 44 0 8 -0.483346
4 76 0 8 -0.483508
9 97 0 8 -0.483715
39 85 0 8 -0.484661
48 86 0 8 -0.484664
8 78 0 8 -0.485258
28 62 0 8 -0.486396
2 56 0 8 -0.486638
69 78 0 8 -0.486664
18 36 0 8 -0.486864
62 94 0 8 -0.487640
5 77 0 8 -0.487655
4 13 0 8 -0.487837
49 83 0 8 -0.488474
12 78 0 8 -0.488836
36 93 0 8 -0.489152
52 61 0 8 -0.489313
45 86 0 8 -0.489546
25 46 0 8 -0.489737
29 56 0 8 -0.490412
49 77 0 8 -0.490522
18 61 0 8 -0.491154
61 73 0 8 -0.491726
16 81 0 8 -0.491867
22 74 0 8 -0.492340
19 73 0 8 -0.494085
13 97 0 8 -0.494356
4 40 0 8 -0.494510
14 55 0 8 -0.495061
3 43 0 8 -0.495357
26 65 0 8 -0.495580
8 79 0 8 -0.495873
43 86 0 8 -0.496069
2 93 0 8 -0.496155
22 52 0 8 -0.496536
9 38 0 8 -0.497369
60 84 0 8 -0.497669
17 94 0 8 -0.497723
13 62 0 8 -0.498051
49 54 0 8 -0.498085
2 74 0 8 -0.498478
44 52 0 8 -0.498831
63 80 0 8 -0.499435
53 76 0 8 -0.499728
14 37 0 8 -0.499896
12 34 0 8 -0.500392
54 73 0 8 -0.501172
26 94 0 8 -0.501345
3 73 0 8 -0.501790
27 55 0 8 -0.501995
28 77 0 8 -0.504420
31 61 0 8 -0.504628
9 93 0 8 -0.505653
10 83 0 8 -0.506533
40 99 0 8 -0.506681
5 42 0 8 -0.507523
69 99 0 8 -0.507669
9 24 0 8 -0.508053
28 79 0 8 -0.508344
6 65 0 8 -0.508966
26 38 0 8 -0.509820
7 40 0 8 -0.509858
57 86 0 8 -0.510410
15 82 0 8 -0.510603
4 26 0 8 -0.511443
48 92 0 8 -0.511512
6 56 0 8 -0.511969
38 99 0 8 -0.512291
26 90 0 8 -0.512426
13 30 0 8 -0.512771
31 81 0 8 -0.512844
27 46 0 8 -0.513261
40 67 0 8 -0.515406
14 67 0 8 -0.516331
79 95 0 8 -0.516950
3 58 0 8 -0.517194
55 61 0 8 -0.517469
2 45 0 8 -0.517717
25 40 0 8 -0.518075
3 78 0 8 -0.518175
18 99 0 8 -0.518565
10 52 0 8 -0.518990
54 97 0 8 -0.519277
25 66 0 8 -0.519507
33 52 0 8 -0.519677
16 51 0 8 -0.520528
60 86 0 8 -0.520920
44 86 0 8 -0.521134
13 70 0 8 -0.521229
12 25 0 8 -0.522140
15 92 0 8 -0.522411
27 59 0 8 -0.522587
45 63 0 8 -0.522756
43 95 0 8 -0.523144
15 62 0 8 -0.523234
3 62 0 8 -0.523329
28 56 0 8 -0.523371
5 72 0 8 -0.523790
18 54 0 8 -0.523927
59 99 0 8 -0.524240
39 96 0 8 -0.525294
5 41 0 8 -0.525771
43 70 0 8 -0.526232
54 92 0 8 -0.527030
18 35 0 8 -0.527451
74 83 0 8 -0.527641
15 51 0 8 -0.527745
32 93 0 8 -0.528288
45 77 0 8 -0.528362
72 79 0 8 -0.528576
3 52 0 8 -0.529212
50 96 0 8 -0.529507
5 83 0 8 -0.529831
65 83 0 8 -0.529970
20 99 0 8 -0.530245
29 69 0 8 -0.530462
17 77 0 8 -0.530764
16 80 0 8 -0.531286
35 84 0 8 -0.531663
25 70 0 8 -0.531916
7 64 0 8 -0.532009
18 64 0 8 -0.532082
51 95 0 8 -0.532179
42 55 0 8 -0.532351
21 85 0 8 -0.533662
25 56 0 8 -0.533672
72 91 0 8 -0.533769
43 49 0 8 -0.534191
37 58 0 8 -0.534543
53 72 0 8 -0.534574
33 92 0 8 -0.535277
6 26 0 8 -0.535578
66 82 0 8 -0.536432
23 80 0 8 -0.536774
44 66 0 8 -0.538012
5 35 0 8 -0.539210
50 64 0 8 -0.540328
8 47 0 8 -0.540858
55 86 0 8 -0.541241
4 81 0 8 -0.541243
27 73 0 8 -0.541255
73 85 0 8 -0.541381
16 64 0 8 -0.541987
9 85 0 8 -0.542876
8 33 0 8 -0.543616
29 88 0 8 -0.544133
51 64 0 8 -0.544648
14 60 0 8 -0.545069
49 66 0 8 -0.545427
2 63 0 8 -0.546141
29 72 0 8 -0.546210
71 98 0 8 -0.546318
82 98 0 8 -0.546415
28 92 0 8 -0.546712
27 89 0 8 -0.546780
30 86 0 8 -0.547451
22 86 0 8 -0.547554
15 23 0 8 -0.547571
37 52 0 8 -0.548413
19 39 0 8 -0.548541
21 72 0 8 -0.548713
41 78 0 8 -0.548992
2 60 0 8 -0.549110
25 96 0 8 -0.549181
9 80 0 8 -0.549616
41 62 0 8 -0.549956
27 54 0 8 -0.550010
56 95 0 8 -0.550211
2 40 0 8 -0.550261
47 55 0 8 -0.550929
26 32 0 8 -0.551117
57 68 0 8 -0.551533
14 22 0 8 -0.552253
23 79 0 8 -0.552880
21 90 0 8 -0.553014
41 60 0 8 -0.553053
3 57 0 8 -0.553206
29 96 0 8 -0.553282
32 53 0 8 -0.553984
72 97 0 8 -0.553985
53 58 0 8 -0.554231
28 44 0 8 -0.554368
39 73 0 8 -0.554716
18 88 0 8 -0.555443
4 67 0 8 -0.555538
26 54 0 8 -0.557668
59 86 0 8 -0.557736
9 77 0 8 -0.558577
43 81 0 8 -0.559626
64 95 0 8 -0.559740
46 99 0 8 -0.560097
64 79 0 8 -0.561426
74 85 0 8 -0.561989
15 44 0 8 -0.562231
40 69 0 8 -0.562469
28 57 0 8 -0.562480
58 76 0 8 -0.563101
10 72 0 8 -0.563602
4 49 0 8 -0.564856
54 72 0 8 -0.565024
69 83 0 8 -0.565409
39 50 0 8 -0.565482
8 64 0 8 -0.566348
21 73 0 8 -0.566875
45 91 0 8 -0.566944
3 60 0 8 -0.567192
25 39 0 8 -0.568057
56 86 0 8 -0.568080
43 67 0 8 -0.568606
68 84 0 8 -0.569313
28 45 0 8 -0.569319
69 79 0 8 -0.569326
13 44 0 8 -0.570307
80 92 0 8 -0.570861
28 68 0 8 -0.571473
44 62 0 8 -0.571512
9 40 0 8 -0.571996
68 87 0 8 -0.572052
35 70 0 8 -0.572097
25 63 0 8 -0.572536
47 97 0 8 -0.572577
12 64 0 8 -0.573150
16 66 0 8 -0.573151
9 84 0 8 -0.573189
13 32 0 8 -0.575417
44 53 0 8 -0.575602
2 43 0 8 -0.575969
72 80 0 8 -0.575989
6 46 0 8 -0.576763
59 74 0 8 -0.576850
34 98 0 8 -0.577454
4 78 0 8 -0.577537
91 96 0 8 -0.577600
14 94 0 8 -0.578077
36 53 0 8 -0.578340
71 84 0 8 -0.578634
45 95 0 8 -0.579864
58 73 0 8 -0.579967
26 85 0 8 -0.580341
24 33 0 8 -0.580372
23 92 0 8 -0.580487
45 51 0 8 -0.580673
25 75 0 8 -0.580675
23 96 0 8 -0.581031
77 90 0 8 -0.581137
48 64 0 8 -0.581712
28 48 0 8 -0.582933
76 99 0 8 -0.583312
17 54 0 8 -0.583599
78 87 0 8 -0.584413
21 51 0 8 -0.585349
14 90 0 8 -0.585614
4 51 0 8 -0.586082
41 47 0 8 -0.586236
4 71 0 8 -0.586311
74 99 0 8 -0.586379
21 77 0 8 -0.587980
21 80 0 8 -0.589106
6 89 0 8 -0.589721
81 90 0 8 -0.590961
33 38 0 8 -0.592146
50 75 0 8 -0.592156
6 61 0 8 -0.592668
9 18 0 8 -0.593657
9 91 0 8 -0.594474
61 83 0 8 -0.594645
18 71 0 8 -0.594669
12 65 0 8 -0.594818
39 80 0 8 -0.595537
36 52 0 8 -0.595995
32 37 0 8 -0.596384
26 68 0 8 -0.597038
10 65 0 8 -0.597222
47 86 0 8 -0.597225
24 79 0 8 -0.597448
6 69 0 8 -0.597486
28 83 0 8 -0.597593
9 78 0 8 -0.597806
24 99 0 8 -0.598112
5 92 0 8 -0.598410
19 50 0 8 -0.599310
78 85 0 8 -0.599554
49 68 0 8 -0.600192
42 98 0 8 -0.600819
3 74 0 8 -0.600947
29 54 0 8 -0.601210
15 29 0 8 -0.602652
10 68 0 8 -0.603051
23 83 0 8 -0.603143
53 97 0 8 -0.603198
25 48 0 8 -0.603515
62 76 0 8 -0.603637
41 72 0 8 -0.603809
35 76 0 8 -0.603873
22 99 0 8 -0.604347
2 30 0 8 -0.604608
4 38 0 8 -0.605441
5 60 0 8 -0.607282
4 83 0 8 -0.608118
31 58 0 8 -0.608473
65 71 0 8 -0.609364
19 26 0 8 -0.609394
5 53 0 8 -0.609675
14 62 0 8 -0.609997
46 79 0 8 -0.610495
69 90 0 8 -0.611573
29 45 0 8 -0.612422
12 60 0 8 -0.614019
2 75 0 8 -0.614280
52 98 0 8 -0.615959
51 79 0 8 -0.617214
13 83 0 8 -0.617361
43 77 0 8 -0.617632
51 90 0 8 -0.617643
61 71 0 8 -0.617683
16 48 0 8 -0.618433
13 54 0 8 -0.619185
14 93 0 8 -0.619335
8 98 0 8 -0.619426
12 87 0 8 -0.619431
63 84 0 8 -0.619608
7 78 0 8 -0.619775
59 92 0 8 -0.619965
40 46 0 8 -0.620870
5 21 0 8 -0.621536
25 57 0 8 -0.622086
8 72 0 8 -0.623343
39 93 0 8 -0.623512
13 75 0 8 -0.624055
44 93 0 8 -0.624207
23 53 0 8 -0.624655
20 79 0 8 -0.624747
29 67 0 8 -0.625813
19 78 0 8 -0.626069
38 62 0 8 -0.626122
56 65 0 8 -0.626186
46 72 0 8 -0.627558
43 75 0 8 -0.629878
66 73 0 8 -0.629961
28 95 0 8 -0.630055
42 99 0 8 -0.630114
54 70 0 8 -0.630450
38 93 0 8 -0.631165
8 77 0 8 -0.631640
44 69 0 8 -0.631752
35 65 0 8 -0.632411
52 77 0 8 -0.632726
16 68 0 8 -0.633554
36 56 0 8 -0.633560
61 81 0 8 -0.633936
3 47 0 8 -0.636384
11 62 0 8 -0.636394
57 63 0 8 -0.636752
24 32 0 8 -0.636989
23 42 0 8 -0.637374
4 66 0 8 -0.638471
44 70 0 8 -0.638591
3 44 0 8 -0.638916
20 48 0 8 -0.639457
30 73 0 8 -0.639959
71 91 0 8 -0.640101
16 94 0 8 -0.640355
44 82 0 8 -0.640580
7 52 0 8 -0.641428
48 99 0 8 -0.642166
37 76 0 8 -0.642417
40 57 0 8 -0.642481
47 56 0 8 -0.643328
45 73 0 8 -0.643394
35 69 0 8 -0.644032
12 89 0 8 -0.644433
16 52 0 8 -0.644644
52 91 0 8 -0.644678
10 91 0 8 -0.647338
48 65 0 8 -0.647396
31 78 0 8 -0.648229
13 87 0 8 -0.648561
33 73 0 8 -0.649041
21 61 0 8 -0.649071
73 95 0 8 -0.649277
36 99 0 8 -0.649421
28 96 0 8 -0.649477
58 91 0 8 -0.650061
57 98 0 8 -0.650148
9 61 0 8 -0.650509
13 24 0 8 -0.650514
35 92 0 8 -0.650561
6 94 0 8 -0.651520
43 74 0 8 -0.651654
72 87 0 8 -0.652819
43 66 0 8 -0.653631
26 59 0 8 -0.653754
7 82 0 8 -0.653963
16 28 0 8 -0.654169
46 67 0 8 -0.654430
19 87 0 8 -0.654509
29 61 0 8 -0.654710
52 73 0 8 -0.654910
41 54 0 8 -0.656035
33 72 0 8 -0.657050
42 52 0 8 -0.658418
13 98 0 8 -0.658478
41 94 0 8 -0.659148
28 61 0 8 -0.659214
40 77 0 8 -0.659630
19 89 0 8 -0.660106
60 96 0 8 -0.661512
55 77 0 8 -0.663550
10 85 0 8 -0.663955
68 92 0 8 -0.664737
24 39 0 8 -0.666797
76 94 0 8 -0.668002
6 51 0 8 -0.668365
35 52 0 8 -0.668452
19 34 0 8 -0.668568
23 46 0 8 -0.668608
46 81 0 8 -0.668988
22 90 0 8 -0.669444
5 93 0 8 -0.670300
5 36 0 8 -0.671036
82 96 0 8 -0.671456
23 51 0 8 -0.672315
25 76 0 8 -0.673247
11 29 0 8 -0.673422
62 88 0 8 -0.674380
32 66 0 8 -0.674506
16 92 0 8 -0.675174
8 41 0 8 -0.675565
9 64 0 8 -0.675585
15 40 0 8 -0.675881
52 66 0 8 -0.675923
28 93 0 8 -0.676451
35 56 0 8 -0.676700
32 91 0 8 -0.678178
43 85 0 8 -0.679407
8 74 0 8 -0.679657
11 36 0 8 -0.679811
30 66 0 8 -0.680515
6 24 0 8 -0.681072
35 99 0 8 -0.681106
31 98 0 8 -0.681253
3 80 0 8 -0.681787
6 79 0 8 -0.681837
26 37 0 8 -0.682070
23 68 0 8 -0.682831
9 50 0 8 -0.683930
4 23 0 8 -0.684163
41 52 0 8 -0.684414
4 64 0 8 -0.685051
30 64 0 8 -0.685062
30 98 0 8 -0.685365
10 76 0 8 -0.685618
81 95 0 8 -0.685631
19 40 0 8 -0.686230
3 59 0 8 -0.686592
50 88 0 8 -0.687225
9 48 0 8 -0.687236
26 53 0 8 -0.687617
58 77 0 8 -0.688025
52 88 0 8 -0.688371
61 88 0 8 -0.688523
3 89 0 8 -0.688571
17 64 0 8 -0.688818
14 85 0 8 -0.688990
65 75 0 8 -0.689193
8 68 0 8 -0.689313
25 93 0 8 -0.689321
14 63 0 8 -0.690183
37 95 0 8 -0.690319
6 35 0 8 -0.690981
77 88 0 8 -0.691421
11 41 0 8 -0.693477
8 26 0 8 -0.693920
13 49 0 8 -0.694174
13 63 0 8 -0.694925
28 63 0 8 -0.695270
18 83 0 8 -0.695336
85 98 0 8 -0.695356
7 24 0 8 -0.695424
4 97 0 8 -0.695676
49 98 0 8 -0.697724
9 53 0 8 -0.697929
8 70 0 8 -0.698723
18 94 0 8 -0.699050
54 60 0 8 -0.700737
10 75 0 8 -0.701171
54 89 0 8 -0.702245
34 88 0 8 -0.702430
4 62 0 8 -0.702596
73 87 0 8 -0.703129
84 99 0 8 -0.703787
58 79 0 8 -0.704675
36 97 0 8 -0.704946
17 32 0 8 -0.706448
21 87 0 8 -0.706549
29 36 0 8 -0.709908
44 61 0 8 -0.710685
37 47 0 8 -0.711007
8 92 0 8 -0.711895
40 72 0 8 -0.712163
60 90 0 8 -0.712344
23 69 0 8 -0.712925
72 83 0 8 -0.715546
35 49 0 8 -0.717149
7 23 0 8 -0.718366
67 96 0 8 -0.718391
5 45 0 8 -0.718425
19 90 0 8 -0.719652
32 92 0 8 -0.719985
25 69 0 8 -0.720305
33 64 0 8 -0.721125
4 36 0 8 -0.721187
16 55 0 8 -0.722948
5 39 0 8 -0.723984
33 79 0 8 -0.725138
64 97 0 8 -0.725164
6 92 0 8 -0.725378
72 98 0 8 -0.725904
9 30 0 8 -0.726230
31 47 0 8 -0.726248
17 85 0 8 -0.726853
33 91 0 8 -0.728413
13 68 0 8 -0.729566
74 87 0 8 -0.730631
28 54 0 8 -0.730659
84 93 0 8 -0.730682
28 55 0 8 -0.730791
24 94 0 8 -0.730824
9 66 0 8 -0.731090
80 99 0 8 -0.731949
6 68 0 8 -0.732107
10 96 0 8 -0.732394
14 32 0 8 -0.733066
7 81 0 8 -0.733891
75 91 0 8 -0.734278
64 92 0 8 -0.734762
41 82 0 8 -0.735377
31 70 0 8 -0.735680
26 46 0 8 -0.736277
25 95 0 8 -0.737756
40 92 0 8 -0.738998
15 39 0 8 -0.739013
79 90 0 8 -0.739228
49 63 0 8 -0.739611
42 72 0 8 -0.739937
3 30 0 8 -0.740430
29 78 0 8 -0.741488
9 75 0 8 -0.741887
17 87 0 8 -0.742366
85 96 0 8 -0.742651
83 89 0 8 -0.743250
6 82 0 8 -0.743338
71 88 0 8 -0.743931
15 56 0 8 -0.744304
31 49 0 8 -0.744962
32 78 0 8 -0.745206
45 78 0 8 -0.745259
36 72 0 8 -0.745511
12 36 0 8 -0.745580
47 83 0 8 -0.746077
23 65 0 8 -0.746110
62 85 0 8 -0.746865
18 67 0 8 -0.748181
56 79 0 8 -0.750238
11 55 0 8 -0.750466
55 81 0 8 -0.750474
38 95 0 8 -0.751013
29 62 0 8 -0.751846
18 47 0 8 -0.752079
51 93 0 8 -0.752732
6 88 0 8 -0.756459
52 92 0 8 -0.757912
19 48 0 8 -0.758340
19 45 0 8 -0.758422
37 67 0 8 -0.758733
11 23 0 8 -0.762103
25 60 0 8 -0.763117
42 90 0 8 -0.763212
13 35 0 8 -0.763243
17 82 0 8 -0.763441
25 43 0 8 -0.764182
7 37 0 8 -0.764196
43 88 0 8 -0.764905
7 57 0 8 -0.765194
8 87 0 8 -0.765894
14 53 0 8 -0.765939
9 59 0 8 -0.766161
28 73 0 8 -0.768071
77 85 0 8 -0.768593
36 94 0 8 -0.768827
55 78 0 8 -0.768868
21 32 0 8 -0.769577
42 88 0 8 -0.770544
18 57 0 8 -0.773012
5 34 0 8 -0.773319
8 90 0 8 -0.775060
5 73 0 8 -0.775319
6 75 0 8 -0.775871
68 88 0 8 -0.777371
26 63 0 8 -0.778895
35 68 0 8 -0.779113
57 73 0 8 -0.779139
4 35 0 8 -0.780327
11 81 0 8 -0.781020
29 46 0 8 -0.781409
30 47 0 8 -0.781797
29 66 0 8 -0.781861
4 61 0 8 -0.783284
38 96 0 8 -0.783846
26 36 0 8 -0.786080
3 82 0 8 -0.786196
5 40 0 8 -0.787394
4 94 0 8 -0.787710
45 84 0 8 -0.788759
51 91 0 8 -0.789121
8 69 0 8 -0.789809
38 72 0 8 -0.789839
46 85 0 8 -0.791703
14 88 0 8 -0.791775
35 51 0 8 -0.792141
69 91 0 8 -0.792882
24 70 0 8 -0.793260
48 69 0 8 -0.793763
64 84 0 8 -0.793848
28 67 0 8 -0.794179
31 36 0 8 -0.794373
13 39 0 8 -0.794809
71 76 0 8 -0.795041
26 74 0 8 -0.795815
64 94 0 8 -0.796608
6 34 0 8 -0.796836
51 85 0 8 -0.796899
44 92 0 8 -0.797224
28 53 0 8 -0.797365
39 88 0 8 -0.797675
49 72 0 8 -0.798172
64 78 0 8 -0.798280
7 33 0 8 -0.798340
47 73 0 8 -0.799159
17 76 0 8 -0.799377
21 97 0 8 -0.799663
5 91 0 8 -0.799688
64 83 0 8 -0.800038
72 95 0 8 -0.800709
25 44 0 8 -0.802794
10 23 0 8 -0.803055
28 75 0 8 -0.803118
21 71 0 8 -0.804115
6 62 0 8 -0.804596
38 73 0 8 -0.804655
11 74 0 8 -0.804808
21 49 0 8 -0.806951
24 77 0 8 -0.807835
12 76 0 8 -0.808427
76 98 0 8 -0.810062
59 65 0 8 -0.810064
26 58 0 8 -0.810072
69 74 0 8 -0.810145
6 39 0 8 -0.811309
15 49 0 8 -0.811956
59 71 0 8 -0.812744
10 78 0 8 -0.813031
15 59 0 8 -0.813103
11 26 0 8 -0.814087
65 97 0 8 -0.814598
77 98 0 8 -0.816623
14 78 0 8 -0.817308
11 39 0 8 -0.817313
21 64 0 8 -0.818388
28 69 0 8 -0.818458
32 39 0 8 -0.819585
4 87 0 8 -0.819824
10 29 0 8 -0.819861
53 71 0 8 -0.820239
59 72 0 8 -0.821151
18 62 0 8 -0.821454
49 56 0 8 -0.821472
39 53 0 8 -0.821877
8 22 0 8 -0.825346
58 93 0 8 -0.826447
32 74 0 8 -0.829005
33 66 0 8 -0.829217
11 42 0 8 -0.829331
20 97 0 8 -0.830231
25 59 0 8 -0.830591
12 90 0 8 -0.830891
18 93 0 8 -0.831613
14 30 0 8 -0.831672
36 51 0 8 -0.833018
16 59 0 8 -0.833351
59 77 0 8 -0.833480
6 84 0 8 -0.833903
17 41 0 8 -0.834907
68 85 0 8 -0.835598
37 75 0 8 -0.835632
22 81 0 8 -0.836859
65 92 0 8 -0.836984
67 81 0 8 -0.837143
32 80 0 8 -0.837441
15 93 0 8 -0.837676
20 47 0 8 -0.838070
20 67 0 8 -0.838374
67 83 0 8 -0.839907
67 84 0 8 -0.840362
21 38 0 8 -0.840708
7 32 0 8 -0.841844
40 64 0 8 -0.842842
65 78 0 8 -0.842976
41 92 0 8 -0.843478
21 30 0 8 -0.844123
16 79 0 8 -0.844792
11 97 0 8 -0.845536
18 80 0 8 -0.845965
14 49 0 8 -0.846502
73 96 0 8 -0.846867
70 87 0 8 -0.847462
61 96 0 8 -0.848936
61 78 0 8 -0.849321
21 75 0 8 -0.849714
15 84 0 8 -0.850243
49 67 0 8 -0.850391
12 51 0 8 -0.850590
19 61 0 8 -0.851218
5 84 0 8 -0.851758
4 90 0 8 -0.852045
49 69 0 8 -0.852383
5 69 0 8 -0.852624
7 97 0 8 -0.853323
25 80 0 8 -0.853476
70 77 0 8 -0.853938
44 65 0 8 -0.854263
24 43 0 8 -0.854619
51 75 0 8 -0.856262
8 49 0 8 -0.856932
41 87 0 8 -0.857450
12 57 0 8 -0.858502
16 96 0 8 -0.858914
18 48 0 8 -0.861978
15 31 0 8 -0.863051
58 90 0 8 -0.863142
20 69 0 8 -0.863339
30 77 0 8 -0.863792
17 37 0 8 -0.863914
44 89 0 8 -0.864411
30 97 0 8 -0.864421
49 59 0 8 -0.864691
25 45 0 8 -0.864906
46 57 0 8 -0.865895
29 79 0 8 -0.866261
49 82 0 8 -0.866839
33 39 0 8 -0.867012
26 75 0 8 -0.867299
24 51 0 8 -0.867477
6 87 0 8 -0.868050
7 56 0 8 -0.869543
18 51 0 8 -0.869557
23 48 0 8 -0.870615
70 88 0 8 -0.871628
74 95 0 8 -0.872135
45 96 0 8 -0.872811
18 45 0 8 -0.872910
4 48 0 8 -0.874232
9 35 0 8 -0.874583
21 36 0 8 -0.874944
30 82 0 8 -0.875967
22 94 0 8 -0.876411
6 50 0 8 -0.876441
10 37 0 8 -0.876909
74 98 0 8 -0.877351
13 51 0 8 -0.878181
8 39 0 8 -0.879045
53 70 0 8 -0.879163
23 95 0 8 -0.879252
21 58 0 8 -0.880557
13 40 0 8 -0.881929
47 63 0 8 -0.882177
32 69 0 8 -0.882231
55 64 0 8 -0.882674
42 57 0 8 -0.882997
41 79 0 8 -0.884080
54 83 0 8 -0.884315
29 85 0 8 -0.884560
33 90 0 8 -0.884582
77 87 0 8 -0.885418
32 96 0 8 -0.885568
37 96 0 8 -0.886089
24 52 0 8 -0.886554
6 66 0 8 -0.887176
59 84 0 8 -0.887492
26 69 0 8 -0.888905
53 61 0 8 -0.889133
26 62 0 8 -0.889594
20 58 0 8 -0.890315
51 67 0 8 -0.890592
4 29 0 8 -0.893094
13 47 0 8 -0.893455
46 68 0 8 -0.895582
17 62 0 8 -0.895742
26 67 0 8 -0.898269
13 94 0 8 -0.899788
6 90 0 8 -0.899954
24 45 0 8 -0.901849
70 90 0 8 -0.903962
41 91 0 8 -0.905275
13 95 0 8 -0.905382
76 93 0 8 -0.905964
18 50 0 8 -0.906939
4 80 0 8 -0.907711
46 88 0 8 -0.910757
64 70 0 8 -0.910872
38 55 0 8 -0.911120
29 35 0 8 -0.913524
18 77 0 8 -0.913812
57 90 0 8 -0.914649
10 56 0 8 -0.914694
39 51 0 8 -0.915245
24 49 0 8 -0.915279
48 63 0 8 -0.915448
43 83 0 8 -0.916848
48 55 0 8 -0.919133
36 85 0 8 -0.921079
36 75 0 8 -0.921242
19 47 0 8 -0.921489
35 55 0 8 -0.922141
9 82 0 8 -0.923013
52 70 0 8 -0.923473
30 96 0 8 -0.923833
19 92 0 8 -0.924050
8 71 0 8 -0.925365
49 96 0 8 -0.925461
45 81 0 8 -0.926268
52 82 0 8 -0.926603
59 90 0 8 -0.927090
71 94 0 8 -0.927159
5 89 0 8 -0.928832
46 94 0 8 -0.930021
51 63 0 8 -0.932448
6 57 0 8 -0.932874
13 81 0 8 -0.934670
16 93 0 8 -0.934762
14 54 0 8 -0.934864
76 88 0 8 -0.934905
9 36 0 8 -0.935489
10 95 0 8 -0.936136
8 88 0 8 -0.938451
31 97 0 8 -0.939556
4 59 0 8 -0.940104
23 39 0 8 -0.940194
15 76 0 8 -0.941512
28 41 0 8 -0.942214
60 80 0 8 -0.942433
53 80 0 8 -0.942988
19 75 0 8 -0.943096
4 42 0 8 -0.943767
73 94 0 8 -0.946331
33 56 0 8 -0.947198
29 34 0 8 -0.947383
39 56 0 8 -0.948584
46 71 0 8 -0.949844
49 91 0 8 -0.950107
61 93 0 8 -0.950456
6 33 0 8 -0.950597
13 34 0 8 -0.953506
7 48 0 8 -0.955200
17 63 0 8 -0.955668
21 35 0 8 -0.956130
35 64 0 8 -0.957017
71 96 0 8 -0.958259
50 65 0 8 -0.958579
22 36 0 8 -0.961600
11 48 0 8 -0.962023
38 89 0 8 -0.962026
47 99 0 8 -0.963184
7 44 0 8 -0.963639
33 57 0 8 -0.965426
32 85 0 8 -0.966441
17 50 0 8 -0.966785
29 92 0 8 -0.970003
69 75 0 8 -0.970053
42 64 0 8 -0.971301
15 52 0 8 -0.971463
13 37 0 8 -0.972022
4 74 0 8 -0.972037
22 98 0 8 -0.973308
77 97 0 8 -0.973552
4 79 0 8 -0.974260
43 96 0 8 -0.975090
30 55 0 8 -0.975790
35 72 0 8 -0.975910
13 79 0 8 -0.976182
19 52 0 8 -0.976941
67 88 0 8 -0.978698
29 82 0 8 -0.979471
34 89 0 8 -0.979952
20 61 0 8 -0.980251
4 52 0 8 -0.981896
47 95 0 8 -0.982535
31 55 0 8 -0.983495
74 97 0 8 -0.983886
4 32 0 8 -0.984604
20 29 0 8 -0.984625
67 93 0 8 -0.984901
28 46 0 8 -0.985857
15 53 0 8 -0.986319
31 52 0 8 -0.986707
7 45 0 8 -0.987533
36 70 0 8 -0.988166
5 67 0 8 -0.990377
48 62 0 8 -0.990899
7 36 0 8 -0.990902
35 83 0 8 -0.991308
20 52 0 8 -0.991748
20 98 0 8 -0.991816
40 82 0 8 -0.991833
30 90 0 8 -0.994020
52 90 0 8 -0.995186
22 57 0 8 -0.996414
62 80 0 8 -0.998511
4 45 0 8 -0.998559
12 38 0 8 -0.998651
24 47 0 8 -0.999089
7 29 0 8 -0.999183
62 77 0 8 -1.000544
20 91 0 8 -1.001616
62 95 0 8 -1.001724
7 49 0 8 -1.002322
33 81 0 8 -1.003101
32 45 0 8 -1.004108
12 42 0 8 -1.004876
14 52 0 8 -1.005329
52 67 0 8 -1.006273
9 20 0 8 -1.006910
14 59 0 8 -1.007185
26 80 0 8 -1.008741
82 87 0 8 -1.010085
24 69 0 8 -1.010954
37 51 0 8 -1.010990
41 97 0 8 -1.011065
13 92 0 8 -1.012892
35 87 0 8 -1.013062
16 49 0 8 -1.016418
31 82 0 8 -1.017260
32 98 0 8 -1.017897
18 41 0 8 -1.018401
21 66 0 8 -1.019799
42 84 0 8 -1.022457
20 94 0 8 -1.023006
7 51 0 8 -1.023231
35 60 0 8 -1.023233
33 96 0 8 -1.023736
7 83 0 8 -1.023993
18 32 0 8 -1.024199
54 75 0 8 -1.024969
15 66 0 8 -1.025089
40 80 0 8 -1.025285
46 95 0 8 -1.025711
16 37 0 8 -1.025841
47 68 0 8 -1.026686
32 73 0 8 -1.027596
12 50 0 8 -1.027925
31 54 0 8 -1.029001
13 43 0 8 -1.029225
57 82 0 8 -1.029727
29 89 0 8 -1.029866
17 73 0 8 -1.031129
51 61 0 8 -1.032151
4 58 0 8 -1.033345
34 75 0 8 -1.034331
36 42 0 8 -1.034426
76 82 0 8 -1.035619
29 63 0 8 -1.036031
21 83 0 8 -1.036438
45 97 0 8 -1.037621
4 85 0 8 -1.037686
6 42 0 8 -1.038579
46 98 0 8 -1.040748
46 83 0 8 -1.041281
6 54 0 8 -1.041931
17 34 0 8 -1.042302
51 69 0 8 -1.042335
4 57 0 8 -1.043319
31 65 0 8 -1.044224
56 61 0 8 -1.044395
15 54 0 8 -1.044509
57 81 0 8 -1.046023
41 95 0 8 -1.046512
23 75 0 8 -1.047646
19 98 0 8 -1.048530
45 79 0 8 -1.048548
73 82 0 8 -1.050595
43 76 0 8 -1.050674
38 51 0 8 -1.050680
56 82 0 8 -1.051681
12 48 0 8 -1.051855
50 63 0 8 -1.053382
19 60 0 8 -1.054821
63 76 0 8 -1.055392
41 88 0 8 -1.057373
24 41 0 8 -1.057531
4 75 0 8 -1.058519
61 95 0 8 -1.059741
42 91 0 8 -1.060167
54 98 0 8 -1.060494
16 73 0 8 -1.062982
13 29 0 8 -1.063138
10 97 0 8 -1.063462
23 59 0 8 -1.065323
51 76 0 8 -1.065379
20 43 0 8 -1.066324
16 24 0 8 -1.067246
57 71 0 8 -1.067626
12 85 0 8 -1.068058
6 73 0 8 -1.069293
4 44 0 8 -1.069554
8 50 0 8 -1.069883
60 75 0 8 -1.070145
10 63 0 8 -1.073462
23 85 0 8 -1.074615
75 93 0 8 -1.074652
29 64 0 8 -1.077264
19 84 0 8 -1.078183
11 80 0 8 -1.080267
21 84 0 8 -1.080750
47 90 0 8 -1.082721
34 57 0 8 -1.083095
49 80 0 8 -1.083678
36 66 0 8 -1.085984
50 77 0 8 -1.086027
23 54 0 8 -1.086636
61 94 0 8 -1.087011
35 93 0 8 -1.088061
59 95 0 8 -1.088581
31 91 0 8 -1.088629
10 40 0 8 -1.088799
74 92 0 8 -1.090090
20 96 0 8 -1.090503
36 73 0 8 -1.090863
21 39 0 8 -1.091583
36 49 0 8 -1.092484
20 40 0 8 -1.093269
74 93 0 8 -1.093625
8 63 0 8 -1.094187
40 53 0 8 -1.095788
40 71 0 8 -1.097017
12 49 0 8 -1.098442
32 95 0 8 -1.100631
15 45 0 8 -1.102632
10 94 0 8 -1.105268
83 93 0 8 -1.105438
21 92 0 8 -1.106428
40 54 0 8 -1.107037
62 93 0 8 -1.107470
36 55 0 8 -1.108568
58 71 0 8 -1.110519
13 90 0 8 -1.113187
49 70 0 8 -1.116986
23 73 0 8 -1.120259
77 91 0 8 -1.122154
10 70 0 8 -1.123656
48 67 0 8 -1.124672
4 63 0 8 -1.125281
63 97 0 8 -1.127299
34 50 0 8 -1.128133
84 89 0 8 -1.128469
11 47 0 8 -1.129694
34 74 0 8 -1.129905
30 87 0 8 -1.130265
13 72 0 8 -1.130307
26 42 0 8 -1.130993
63 98 0 8 -1.131205
29 76 0 8 -1.133249
40 74 0 8 -1.133408
35 85 0 8 -1.135119
18 82 0 8 -1.135718
34 78 0 8 -1.136315
13 55 0 8 -1.136687
57 79 0 8 -1.137058
11 87 0 8 -1.140445
33 63 0 8 -1.141520
36 87 0 8 -1.142403
33 98 0 8 -1.142961
41 51 0 8 -1.144096
14 38 0 8 -1.144555
13 50 0 8 -1.146668
84 95 0 8 -1.146814
34 92 0 8 -1.146933
37 62 0 8 -1.146939
66 94 0 8 -1.147535
41 59 0 8 -1.147653
11 51 0 8 -1.147987
61 84 0 8 -1.148404
13 48 0 8 -1.148824
80 89 0 8 -1.151088
71 81 0 8 -1.152132
10 73 0 8 -1.152413
12 80 0 8 -1.152520
22 34 0 8 -1.153472
20 26 0 8 -1.153484
58 65 0 8 -1.154154
12 83 0 8 -1.154245
22 69 0 8 -1.155504
30 67 0 8 -1.161144
58 95 0 8 -1.161152
46 52 0 8 -1.161291
14 44 0 8 -1.162848
8 61 0 8 -1.164186
11 88 0 8 -1.164698
42 73 0 8 -1.165039
50 67 0 8 -1.165582
39 94 0 8 -1.165704
71 83 0 8 -1.165811
36 92 0 8 -1.166671
54 59 0 8 -1.166888
34 71 0 8 -1.166954
43 63 0 8 -1.167807
66 88 0 8 -1.167856
37 91 0 8 -1.168191
37 78 0 8 -1.168411
76 97 0 8 -1.168522
42 60 0 8 -1.168702
84 96 0 8 -1.169106
15 21 0 8 -1.170362
60 89 0 8 -1.170735
63 83 0 8 -1.170803
55 79 0 8 -1.171455
11 49 0 8 -1.171921
53 77 0 8 -1.172064
53 63 0 8 -1.173294
43 68 0 8 -1.174972
31 96 0 8 -1.177674
53 92 0 8 -1.179522
20 60 0 8 -1.181789
7 62 0 8 -1.183200
19 82 0 8 -1.184253
84 94 0 8 -1.185430
16 98 0 8 -1.186677
48 66 0 8 -1.187481
65 95 0 8 -1.188055
36 90 0 8 -1.188059
19 63 0 8 -1.189047
80 87 0 8 -1.191005
41 80 0 8 -1.192381
55 93 0 8 -1.193941
55 74 0 8 -1.194113
51 82 0 8 -1.196233
53 91 0 8 -1.196361
49 85 0 8 -1.196402
63 87 0 8 -1.197862
7 73 0 8 -1.198229
72 81 0 8 -1.198827
19 81 0 8 -1.199512
12 88 0 8 -1.200954
29 52 0 8 -1.201800
56 90 0 8 -1.202193
22 45 0 8 -1.203290
15 32 0 8 -1.203566
20 56 0 8 -1.204021
78 92 0 8 -1.204036
22 48 0 8 -1.204509
68 83 0 8 -1.205885
7 74 0 8 -1.206630
53 69 0 8 -1.207112
14 84 0 8 -1.208031
31 84 0 8 -1.208330
22 58 0 8 -1.210608
29 71 0 8 -1.210733
7 87 0 8 -1.212672
12 58 0 8 -1.219160
55 71 0 8 -1.221475
85 91 0 8 -1.222068
21 57 0 8 -1.222820
78 89 0 8 -1.224557
30 91 0 8 -1.224826
54 85 0 8 -1.225391
22 77 0 8 -1.225396
24 37 0 8 -1.227353
42 93 0 8 -1.228165
11 95 0 8 -1.228703
32 59 0 8 -1.230426
35 66 0 8 -1.231829
54 80 0 8 -1.231877
19 88 0 8 -1.232006
40 91 0 8 -1.234716
44 87 0 8 -1.235204
10 35 0 8 -1.237160
44 51 0 8 -1.237866
54 93 0 8 -1.238755
47 82 0 8 -1.239544
44 90 0 8 -1.239836
13 67 0 8 -1.245124
4 56 0 8 -1.245414
18 24 0 8 -1.248300
31 72 0 8 -1.248801
64 87 0 8 -1.250985
43 97 0 8 -1.251816
43 73 0 8 -1.252096
68 93 0 8 -1.252508
53 73 0 8 -1.252934
33 88 0 8 -1.253023
24 81 0 8 -1.253962
19 32 0 8 -1.255566
76 90 0 8 -1.258499
37 84 0 8 -1.260141
26 73 0 8 -1.261818
79 88 0 8 -1.262173
36 82 0 8 -1.263809
24 95 0 8 -1.264802
32 60 0 8 -1.269360
43 94 0 8 -1.269759
8 60 0 8 -1.270681
24 48 0 8 -1.271827
36 61 0 8 -1.273627
88 93 0 8 -1.274460
46 78 0 8 -1.276169
42 71 0 8 -1.278174
61 97 0 8 -1.278602
60 88 0 8 -1.278781
48 89 0 8 -1.279308
44 77 0 8 -1.280205
39 45 0 8 -1.280222
33 87 0 8 -1.281903
24 31 0 8 -1.282766
56 93 0 8 -1.282845
44 84 0 8 -1.283262
7 47 0 8 -1.284369
41 76 0 8 -1.286144
35 58 0 8 -1.286384
33 49 0 8 -1.287588
10 50 0 8 -1.288534
56 63 0 8 -1.289558
61 80 0 8 -1.289941
10 34 0 8 -1.297775
55 68 0 8 -1.298332
20 95 0 8 -1.298687
30 72 0 8 -1.299132
19 80 0 8 -1.299849
68 80 0 8 -1.306682
77 83 0 8 -1.307339
10 59 0 8 -1.308726
47 65 0 8 -1.309270
43 90 0 8 -1.309454
37 89 0 8 -1.311186
39 64 0 8 -1.311354
37 88 0 8 -1.314304
11 90 0 8 -1.315289
18 42 0 8 -1.315563
38 70 0 8 -1.316112
21 62 0 8 -1.318400
22 88 0 8 -1.318490
19 49 0 8 -1.318904
62 91 0 8 -1.320436
35 91 0 8 -1.320659
33 45 0 8 -1.320822
31 76 0 8 -1.321700
15 46 0 8 -1.322393
36 67 0 8 -1.323823
35 63 0 8 -1.325150
39 52 0 8 -1.326379
20 84 0 8 -1.326468
32 94 0 8 -1.328470
36 84 0 8 -1.329619
63 78 0 8 -1.330955
42 95 0 8 -1.333351
24 78 0 8 -1.334004
82 97 0 8 -1.334184
66 97 0 8 -1.336945
47 69 0 8 -1.338096
11 50 0 8 -1.338561
40 93 0 8 -1.340868
32 76 0 8 -1.342315
23 71 0 8 -1.343397
68 89 0 8 -1.344466
33 69 0 8 -1.345923
4 89 0 8 -1.346002
71 78 0 8 -1.349450
32 84 0 8 -1.351650
23 31 0 8 -1.352003
35 95 0 8 -1.352306
41 50 0 8 -1.352925
23 36 0 8 -1.354674
23 35 0 8 -1.356535
22 96 0 8 -1.357569
56 91 0 8 -1.358689
23 67 0 8 -1.363147
8 53 0 8 -1.363436
15 57 0 8 -1.365052
42 74 0 8 -1.366699
39 82 0 8 -1.369052
18 56 0 8 -1.371796
17 47 0 8 -1.377599
49 55 0 8 -1.381738
16 77 0 8 -1.381961
48 72 0 8 -1.383396
32 57 0 8 -1.384271
20 44 0 8 -1.385538
20 41 0 8 -1.386011
46 87 0 8 -1.386906
38 67 0 8 -1.387083
16 85 0 8 -1.387348
7 50 0 8 -1.388956
7 71 0 8 -1.389564
13 73 0 8 -1.390603
22 62 0 8 -1.395576
34 49 0 8 -1.396908
20 38 0 8 -1.397805
22 72 0 8 -1.401814
31 71 0 8 -1.404454
32 97 0 8 -1.404556
20 80 0 8 -1.407082
43 78 0 8 -1.407328
19 66 0 8 -1.408251
46 62 0 8 -1.408623
11 76 0 8 -1.408662
8 54 0 8 -1.410143
22 61 0 8 -1.412947
8 82 0 8 -1.414307
20 88 0 8 -1.416354
40 78 0 8 -1.417083
15 34 0 8 -1.417674
18 31 0 8 -1.421762
12 84 0 8 -1.421973
16 76 0 8 -1.423782
13 78 0 8 -1.423789
58 85 0 8 -1.427927
75 90 0 8 -1.428033
24 66 0 8 -1.429129
32 44 0 8 -1.430655
16 74 0 8 -1.432510
10 93 0 8 -1.434692
55 62 0 8 -1.434744
21 88 0 8 -1.435810
66 81 0 8 -1.436405
33 89 0 8 -1.436661
16 95 0 8 -1.437778
78 93 0 8 -1.437967
55 88 0 8 -1.439667
70 76 0 8 -1.440910
30 41 0 8 -1.442451
46 70 0 8 -1.443188
39 46 0 8 -1.445443
38 65 0 8 -1.446346
48 95 0 8 -1.447147
20 75 0 8 -1.447452
75 82 0 8 -1.447675
38 91 0 8 -1.448591
33 97 0 8 -1.448743
12 66 0 8 -1.449031
37 66 0 8 -1.449130
42 61 0 8 -1.450439
31 38 0 8 -1.451479
4 47 0 8 -1.451799
11 83 0 8 -1.453635
23 82 0 8 -1.454960
44 64 0 8 -1.458670
19 57 0 8 -1.460117
16 69 0 8 -1.460895
30 70 0 8 -1.462932
47 72 0 8 -1.466462
31 46 0 8 -1.466955
16 71 0 8 -1.467121
37 50 0 8 -1.469257
66 87 0 8 -1.470455
11 92 0 8 -1.472983
14 71 0 8 -1.473222
37 80 0 8 -1.474955
47 74 0 8 -1.475246
30 95 0 8 -1.476736
7 75 0 8 -1.479058
16 47 0 8 -1.479984
52 95 0 8 -1.488799
60 71 0 8 -1.491815
44 79 0 8 -1.493601
53 87 0 8 -1.493679
21 76 0 8 -1.495194
15 42 0 8 -1.495728
20 81 0 8 -1.498188
18 90 0 8 -1.500426
38 69 0 8 -1.509217
10 60 0 8 -1.509767
33 80 0 8 -1.510032
57 75 0 8 -1.510860
42 65 0 8 -1.512417
49 84 0 8 -1.514861
56 68 0 8 -1.519414
14 75 0 8 -1.525535
52 83 0 8 -1.527725
30 39 0 8 -1.528070
29 53 0 8 -1.529973
65 82 0 8 -1.533079
13 42 0 8 -1.540121
16 29 0 8 -1.542129
48 93 0 8 -1.542464
20 72 0 8 -1.544072
58 84 0 8 -1.545439
34 94 0 8 -1.545446
22 95 0 8 -1.548804
80 90 0 8 -1.550558
11 78 0 8 -1.550952
40 47 0 8 -1.551868
61 90 0 8 -1.556654
37 44 0 8 -1.557681
32 88 0 8 -1.558513
42 63 0 8 -1.565469
78 95 0 8 -1.568929
35 44 0 8 -1.569040
21 31 0 8 -1.570902
30 85 0 8 -1.571099
16 97 0 8 -1.576860
20 31 0 8 -1.577955
31 50 0 8 -1.579123
10 38 0 8 -1.579385
14 56 0 8 -1.580282
69 76 0 8 -1.580339
22 63 0 8 -1.581907
19 58 0 8 -1.582716
52 89 0 8 -1.590768
39 95 0 8 -1.596980
65 89 0 8 -1.597592
43 50 0 8 -1.601286
30 69 0 8 -1.603624
30 37 0 8 -1.607159
41 67 0 8 -1.608631
11 57 0 8 -1.609049
46 89 0 8 -1.612136
36 95 0 8 -1.615117
46 96 0 8 -1.618210
15 58 0 8 -1.625597
13 82 0 8 -1.628748
54 65 0 8 -1.630618
39 78 0 8 -1.631652
16 78 0 8 -1.631664
7 58 0 8 -1.631945
20 68 0 8 -1.631983
10 44 0 8 -1.635456
20 76 0 8 -1.636671
36 91 0 8 -1.639180
38 50 0 8 -1.639245
11 69 0 8 -1.640087
38 90 0 8 -1.642504
34 55 0 8 -1.645084
37 92 0 8 -1.650136
21 59 0 8 -1.650984
54 76 0 8 -1.651023
20 49 0 8 -1.653655
16 58 0 8 -1.654073
82 90 0 8 -1.656568
11 75 0 8 -1.662761
22 37 0 8 -1.666845
20 62 0 8 -1.670504
41 85 0 8 -1.674687
43 57 0 8 -1.674992
30 89 0 8 -1.694991
32 48 0 8 -1.696577
65 76 0 8 -1.696599
12 82 0 8 -1.697316
59 82 0 8 -1.698936
48 71 0 8 -1.703435
79 89 0 8 -1.706419
46 92 0 8 -1.717824
48 73 0 8 -1.719893
24 58 0 8 -1.723769
54 79 0 8 -1.727086
31 79 0 8 -1.727844
11 58 0 8 -1.731994
12 75 0 8 -1.732951
22 55 0 8 -1.735146
33 47 0 8 -1.736348
39 74 0 8 -1.741422
34 85 0 8 -1.742727
10 64 0 8 -1.748074
33 93 0 8 -1.753365
20 51 0 8 -1.763356
11 46 0 8 -1.766786
11 63 0 8 -1.776284
41 56 0 8 -1.778914
33 78 0 8 -1.780058
20 87 0 8 -1.781109
42 70 0 8 -1.781278
29 84 0 8 -1.789774
30 71 0 8 -1.790290
30 63 0 8 -1.793278
22 54 0 8 -1.793879
42 69 0 8 -1.795806
24 50 0 8 -1.802978
12 73 0 8 -1.803787
46 75 0 8 -1.804026
24 34 0 8 -1.811437
10 39 0 8 -1.816329
47 62 0 8 -1.817033
35 71 0 8 -1.818750
21 54 0 8 -1.820347
19 76 0 8 -1.820940
22 68 0 8 -1.822072
34 90 0 8 -1.823707
58 80 0 8 -1.831661
85 94 0 8 -1.834172
34 84 0 8 -1.837251
60 83 0 8 -1.849929
33 59 0 8 -1.854688
63 88 0 8 -1.856228
36 47 0 8 -1.858576
19 93 0 8 -1.860980
22 78 0 8 -1.862488
62 82 0 8 -1.864715
33 44 0 8 -1.875475
34 45 0 8 -1.885805
57 69 0 8 -1.887681
67 74 0 8 -1.888285
44 60 0 8 -1.888891
34 58 0 8 -1.891044
22 97 0 8 -1.912846
20 42 0 8 -1.921866
54 64 0 8 -1.923098
64 82 0 8 -1.923475
24 73 0 8 -1.929932
15 47 0 8 -1.933422
13 80 0 8 -1.933705
39 84 0 8 -1.937540
14 58 0 8 -1.937871
35 90 0 8 -1.945701
32 75 0 8 -1.947892
39 48 0 8 -1.949342
82 89 0 8 -1.951584
30 54 0 8 -1.956737
40 63 0 8 -1.959289
55 85 0 8 -1.982616
54 78 0 8 -1.989793
47 67 0 8 -1.991172
30 61 0 8 -1.991635
19 83 0 8 -1.994015
13 59 0 8 -1.995107
31 43 0 8 -2.003045
16 45 0 8 -2.014262
22 46 0 8 -2.024505
44 63 0 8 -2.027408
53 89 0 8 -2.031192
36 58 0 8 -2.034941
38 63 0 8 -2.038445
57 85 0 8 -2.044413
46 93 0 8 -2.061170
31 69 0 8 -2.063505
43 89 0 8 -2.064269
35 47 0 8 -2.083385
36 60 0 8 -2.100639
30 93 0 8 -2.109647
10 57 0 8 -2.112286
42 82 0 8 -2.122700
22 79 0 8 -2.128039
10 67 0 8 -2.128199
24 63 0 8 -2.141535
75 89 0 8 -2.170206
44 72 0 8 -2.174141
62 84 0 8 -2.198382
47 75 0 8 -2.208599
16 75 0 8 -2.234708
44 71 0 8 -2.247562
48 85 0 8 -2.280861
67 87 0 8 -2.281968
20 78 0 8 -2.282707
20 50 0 8 -2.287137
33 65 0 8 -2.318742
22 65 0 8 -2.330970
54 67 0 8 -2.350011
16 22 0 8 -2.366910
42 54 0 8 -2.375274
45 85 0 8 -2.377075
56 84 0 8 -2.395572
59 89 0 8 -2.399901
20 59 0 8 -2.439444
40 89 0 8 -2.453196
32 38 0 8 -2.472705
47 84 0 8 -2.474405
22 82 0 8 -2.481030
60 69 0 8 -2.551824
36 71 0 8 -2.587852
38 82 0 8 -2.641524
18 89 0 8 -2.647639
33 48 0 8 -2.718735
20 30 0 8 -2.776674
36 63 0 8 -2.884816
38 54 0 8 -3.218106
